11:25:21 [ultranest] [DEBUG] ReactiveNestedSampler: dims=3+0, resume=True, log_dir=/home/orion51/Desktop/Research/spectral_fitting/FGL_spectral_fitting/Individual_sources/2CXOJ102557.9+124109/powerlaw_out_, backend=hdf5, vectorized=False, nbootstraps=30, ndraw=128..65536
11:25:21 [ultranest] [INFO] Sampling 400 live points from prior ...
11:25:21 [ultranest] [DEBUG] run_iter dlogz=0.5, dKL=0.5, frac_remain=0.01, Lepsilon=0.1000, min_ess=400
11:25:21 [ultranest] [DEBUG] max_iters=-1, max_ncalls=-1, max_num_improvement_loops=-1, min_num_live_points=400, cluster_num_live_points=40
11:25:21 [ultranest] [DEBUG] minimal_widths_sequence: [(-inf, 400.0), (inf, 400.0)]
11:25:21 [ultranest] [DEBUG] iteration=0, ncalls=401, regioncalls=40, ndraw=40, logz=-inf, remainder_fraction=100.0000%, Lmin=-47425592034.94, Lmax=-32.77
11:25:21 [ultranest] [DEBUG] iteration=28, ncalls=430, regioncalls=1200, ndraw=40, logz=-125905730.01, remainder_fraction=100.0000%, Lmin=-116488509.00, Lmax=-32.77
11:25:21 [ultranest] [DEBUG] iteration=40, ncalls=443, regioncalls=1720, ndraw=40, logz=-32667003.43, remainder_fraction=100.0000%, Lmin=-31184857.41, Lmax=-32.77
11:25:22 [ultranest] [DEBUG] iteration=72, ncalls=479, regioncalls=3160, ndraw=40, logz=-2254273.53, remainder_fraction=100.0000%, Lmin=-1738175.98, Lmax=-32.77
11:25:22 [ultranest] [DEBUG] iteration=80, ncalls=487, regioncalls=3480, ndraw=40, logz=-1134640.81, remainder_fraction=100.0000%, Lmin=-1112897.99, Lmax=-32.77
11:25:22 [ultranest] [DEBUG] iteration=90, ncalls=497, regioncalls=3880, ndraw=40, logz=-523262.58, remainder_fraction=100.0000%, Lmin=-513804.65, Lmax=-32.77
11:25:22 [ultranest] [DEBUG] iteration=120, ncalls=531, regioncalls=5240, ndraw=40, logz=-107713.55, remainder_fraction=100.0000%, Lmin=-106922.04, Lmax=-32.77
11:25:22 [ultranest] [DEBUG] iteration=146, ncalls=564, regioncalls=6560, ndraw=40, logz=-16930.82, remainder_fraction=100.0000%, Lmin=-15345.89, Lmax=-32.77
11:25:22 [ultranest] [DEBUG] iteration=160, ncalls=580, regioncalls=7200, ndraw=40, logz=-6666.69, remainder_fraction=100.0000%, Lmin=-6057.82, Lmax=-32.77
11:25:22 [ultranest] [DEBUG] iteration=188, ncalls=613, regioncalls=8520, ndraw=40, logz=-1796.14, remainder_fraction=100.0000%, Lmin=-1760.53, Lmax=-32.77
11:25:22 [ultranest] [DEBUG] iteration=200, ncalls=632, regioncalls=9280, ndraw=40, logz=-1182.28, remainder_fraction=100.0000%, Lmin=-1059.09, Lmax=-32.77
11:25:22 [ultranest] [DEBUG] iteration=227, ncalls=668, regioncalls=10720, ndraw=40, logz=-350.67, remainder_fraction=100.0000%, Lmin=-337.63, Lmax=-32.77
11:25:22 [ultranest] [DEBUG] iteration=240, ncalls=690, regioncalls=11600, ndraw=40, logz=-218.43, remainder_fraction=100.0000%, Lmin=-206.76, Lmax=-32.77
11:25:22 [ultranest] [DEBUG] Plateau detected at L=-1.531673e+02, not replacing live point.
11:25:22 [ultranest] [DEBUG] Plateau detected at L=-1.531673e+02, not replacing live point.
11:25:22 [ultranest] [DEBUG] iteration=264, ncalls=722, regioncalls=12880, ndraw=40, logz=-158.45, remainder_fraction=100.0000%, Lmin=-153.17, Lmax=-32.77
11:25:22 [ultranest] [DEBUG] Plateau detected at L=-1.531673e+02, not replacing live point.
11:25:22 [ultranest] [DEBUG] Plateau detected at L=-1.531673e+02, not replacing live point.
11:25:22 [ultranest] [DEBUG] Plateau detected at L=-1.531673e+02, not replacing live point.
11:25:22 [ultranest] [DEBUG] Plateau detected at L=-1.531673e+02, not replacing live point.
11:25:22 [ultranest] [DEBUG] Plateau detected at L=-1.531673e+02, not replacing live point.
11:25:22 [ultranest] [DEBUG] Plateau detected at L=-1.531673e+02, not replacing live point.
11:25:22 [ultranest] [DEBUG] Plateau detected at L=-1.531673e+02, not replacing live point.
11:25:22 [ultranest] [DEBUG] Plateau detected at L=-1.531673e+02, not replacing live point.
11:25:22 [ultranest] [DEBUG] Plateau detected at L=-1.531673e+02, not replacing live point.
11:25:22 [ultranest] [DEBUG] Plateau detected at L=-1.531673e+02, not replacing live point.
11:25:22 [ultranest] [DEBUG] Plateau detected at L=-1.531673e+02, not replacing live point.
11:25:22 [ultranest] [DEBUG] Plateau detected at L=-1.531673e+02, not replacing live point.
11:25:22 [ultranest] [DEBUG] Plateau detected at L=-1.531673e+02, not replacing live point.
11:25:22 [ultranest] [DEBUG] Plateau detected at L=-1.531673e+02, not replacing live point.
11:25:22 [ultranest] [DEBUG] Plateau detected at L=-1.531673e+02, not replacing live point.
11:25:22 [ultranest] [DEBUG] Plateau detected at L=-1.531673e+02, not replacing live point.
11:25:22 [ultranest] [DEBUG] Plateau detected at L=-1.531673e+02, not replacing live point.
11:25:22 [ultranest] [DEBUG] Plateau detected at L=-1.531673e+02, not replacing live point.
11:25:22 [ultranest] [DEBUG] Plateau detected at L=-1.531673e+02, not replacing live point.
11:25:22 [ultranest] [DEBUG] Plateau detected at L=-1.531673e+02, not replacing live point.
11:25:22 [ultranest] [DEBUG] Plateau detected at L=-1.531673e+02, not replacing live point.
11:25:22 [ultranest] [DEBUG] Plateau detected at L=-1.531673e+02, not replacing live point.
11:25:22 [ultranest] [DEBUG] Plateau detected at L=-1.531673e+02, not replacing live point.
11:25:22 [ultranest] [DEBUG] Plateau detected at L=-1.531673e+02, not replacing live point.
11:25:22 [ultranest] [DEBUG] Plateau detected at L=-1.531673e+02, not replacing live point.
11:25:22 [ultranest] [DEBUG] Plateau detected at L=-1.531673e+02, not replacing live point.
11:25:22 [ultranest] [DEBUG] Plateau detected at L=-1.531673e+02, not replacing live point.
11:25:22 [ultranest] [DEBUG] Plateau detected at L=-1.531673e+02, not replacing live point.
11:25:22 [ultranest] [DEBUG] Plateau detected at L=-1.531673e+02, not replacing live point.
11:25:22 [ultranest] [DEBUG] Plateau detected at L=-1.531673e+02, not replacing live point.
11:25:22 [ultranest] [DEBUG] Plateau detected at L=-1.531673e+02, not replacing live point.
11:25:22 [ultranest] [DEBUG] Plateau detected at L=-1.531673e+02, not replacing live point.
11:25:22 [ultranest] [DEBUG] Plateau detected at L=-1.531673e+02, not replacing live point.
11:25:22 [ultranest] [DEBUG] Plateau detected at L=-1.531673e+02, not replacing live point.
11:25:22 [ultranest] [DEBUG] Plateau detected at L=-1.531673e+02, not replacing live point.
11:25:22 [ultranest] [DEBUG] Plateau detected at L=-1.531673e+02, not replacing live point.
11:25:22 [ultranest] [DEBUG] Plateau detected at L=-1.531673e+02, not replacing live point.
11:25:22 [ultranest] [DEBUG] Plateau detected at L=-1.531673e+02, not replacing live point.
11:25:22 [ultranest] [DEBUG] Plateau detected at L=-1.531673e+02, not replacing live point.
11:25:22 [ultranest] [DEBUG] Plateau detected at L=-1.531673e+02, not replacing live point.
11:25:22 [ultranest] [DEBUG] Plateau detected at L=-1.531673e+02, not replacing live point.
11:25:22 [ultranest] [DEBUG] Plateau detected at L=-1.531673e+02, not replacing live point.
11:25:22 [ultranest] [DEBUG] Plateau detected at L=-1.531673e+02, not replacing live point.
11:25:22 [ultranest] [DEBUG] Plateau detected at L=-1.531673e+02, not replacing live point.
11:25:22 [ultranest] [DEBUG] Plateau detected at L=-1.531673e+02, not replacing live point.
11:25:22 [ultranest] [DEBUG] Plateau detected at L=-1.531673e+02, not replacing live point.
11:25:22 [ultranest] [DEBUG] Plateau detected at L=-1.531673e+02, not replacing live point.
11:25:22 [ultranest] [DEBUG] Plateau detected at L=-1.531673e+02, not replacing live point.
11:25:22 [ultranest] [DEBUG] Plateau detected at L=-1.531673e+02, not replacing live point.
11:25:22 [ultranest] [DEBUG] Plateau detected at L=-1.531673e+02, not replacing live point.
11:25:22 [ultranest] [DEBUG] Plateau detected at L=-1.531673e+02, not replacing live point.
11:25:22 [ultranest] [DEBUG] Plateau detected at L=-1.531673e+02, not replacing live point.
11:25:22 [ultranest] [DEBUG] Plateau detected at L=-1.531673e+02, not replacing live point.
11:25:22 [ultranest] [DEBUG] Plateau detected at L=-1.531673e+02, not replacing live point.
11:25:22 [ultranest] [DEBUG] Plateau detected at L=-1.531673e+02, not replacing live point.
11:25:22 [ultranest] [DEBUG] Plateau detected at L=-1.531673e+02, not replacing live point.
11:25:22 [ultranest] [DEBUG] Plateau detected at L=-1.531673e+02, not replacing live point.
11:25:22 [ultranest] [DEBUG] Plateau detected at L=-1.531673e+02, not replacing live point.
11:25:22 [ultranest] [DEBUG] Plateau detected at L=-1.531673e+02, not replacing live point.
11:25:22 [ultranest] [DEBUG] Plateau detected at L=-1.531673e+02, not replacing live point.
11:25:22 [ultranest] [DEBUG] Plateau detected at L=-1.531673e+02, not replacing live point.
11:25:22 [ultranest] [DEBUG] Plateau detected at L=-1.531673e+02, not replacing live point.
11:25:22 [ultranest] [DEBUG] iteration=327, ncalls=723, regioncalls=12920, ndraw=40, logz=-155.61, remainder_fraction=100.0000%, Lmin=-153.17, Lmax=-32.77
11:25:22 [ultranest] [DEBUG] iteration=348, ncalls=763, regioncalls=14520, ndraw=40, logz=-155.35, remainder_fraction=100.0000%, Lmin=-153.17, Lmax=-32.77
11:25:22 [ultranest] [DEBUG] iteration=360, ncalls=787, regioncalls=15480, ndraw=40, logz=-155.23, remainder_fraction=100.0000%, Lmin=-153.17, Lmax=-32.77
11:25:23 [ultranest] [DEBUG] iteration=381, ncalls=832, regioncalls=17280, ndraw=40, logz=-155.06, remainder_fraction=100.0000%, Lmin=-153.17, Lmax=-32.77
11:25:23 [ultranest] [DEBUG] iteration=400, ncalls=874, regioncalls=18960, ndraw=40, logz=-154.93, remainder_fraction=100.0000%, Lmin=-153.17, Lmax=-32.77
11:25:23 [ultranest] [DEBUG] iteration=419, ncalls=913, regioncalls=20520, ndraw=40, logz=-154.82, remainder_fraction=100.0000%, Lmin=-153.17, Lmax=-32.77
11:25:23 [ultranest] [DEBUG] iteration=438, ncalls=956, regioncalls=22240, ndraw=40, logz=-154.73, remainder_fraction=100.0000%, Lmin=-153.17, Lmax=-27.00
11:25:23 [ultranest] [DEBUG] iteration=440, ncalls=964, regioncalls=22560, ndraw=40, logz=-154.72, remainder_fraction=100.0000%, Lmin=-153.17, Lmax=-27.00
11:25:23 [ultranest] [DEBUG] iteration=460, ncalls=1010, regioncalls=24400, ndraw=40, logz=-154.64, remainder_fraction=100.0000%, Lmin=-153.16, Lmax=-27.00
11:25:23 [ultranest] [DEBUG] iteration=477, ncalls=1057, regioncalls=26280, ndraw=40, logz=-154.58, remainder_fraction=100.0000%, Lmin=-153.14, Lmax=-27.00
11:25:23 [ultranest] [DEBUG] iteration=480, ncalls=1066, regioncalls=26640, ndraw=40, logz=-154.57, remainder_fraction=100.0000%, Lmin=-153.14, Lmax=-27.00
11:25:23 [ultranest] [DEBUG] iteration=503, ncalls=1106, regioncalls=28240, ndraw=40, logz=-154.49, remainder_fraction=100.0000%, Lmin=-153.11, Lmax=-27.00
11:25:23 [ultranest] [DEBUG] iteration=520, ncalls=1148, regioncalls=29920, ndraw=40, logz=-154.44, remainder_fraction=100.0000%, Lmin=-153.09, Lmax=-27.00
11:25:23 [ultranest] [DEBUG] iteration=533, ncalls=1199, regioncalls=31960, ndraw=40, logz=-154.41, remainder_fraction=100.0000%, Lmin=-153.06, Lmax=-27.00
11:25:24 [ultranest] [DEBUG] iteration=552, ncalls=1246, regioncalls=33840, ndraw=40, logz=-154.36, remainder_fraction=100.0000%, Lmin=-153.00, Lmax=-27.00
11:25:24 [ultranest] [DEBUG] iteration=560, ncalls=1259, regioncalls=34360, ndraw=40, logz=-154.34, remainder_fraction=100.0000%, Lmin=-152.99, Lmax=-27.00
11:25:24 [ultranest] [DEBUG] iteration=574, ncalls=1305, regioncalls=36200, ndraw=40, logz=-154.30, remainder_fraction=100.0000%, Lmin=-152.94, Lmax=-27.00
11:25:24 [ultranest] [DEBUG] iteration=588, ncalls=1350, regioncalls=38000, ndraw=40, logz=-154.27, remainder_fraction=100.0000%, Lmin=-152.88, Lmax=-27.00
11:25:24 [ultranest] [DEBUG] iteration=600, ncalls=1378, regioncalls=39120, ndraw=40, logz=-154.24, remainder_fraction=100.0000%, Lmin=-152.83, Lmax=-27.00
11:25:24 [ultranest] [DEBUG] iteration=616, ncalls=1437, regioncalls=41480, ndraw=40, logz=-154.20, remainder_fraction=100.0000%, Lmin=-152.73, Lmax=-27.00
11:25:24 [ultranest] [DEBUG] iteration=627, ncalls=1458, regioncalls=42320, ndraw=40, logz=-154.18, remainder_fraction=100.0000%, Lmin=-152.68, Lmax=-27.00
11:25:24 [ultranest] [DEBUG] iteration=640, ncalls=1476, regioncalls=43040, ndraw=40, logz=-154.15, remainder_fraction=100.0000%, Lmin=-152.59, Lmax=-27.00
11:25:24 [ultranest] [DEBUG] iteration=656, ncalls=1519, regioncalls=44760, ndraw=40, logz=-154.11, remainder_fraction=100.0000%, Lmin=-152.46, Lmax=-27.00
11:25:24 [ultranest] [DEBUG] iteration=675, ncalls=1567, regioncalls=46680, ndraw=40, logz=-154.06, remainder_fraction=100.0000%, Lmin=-152.18, Lmax=-27.00
11:25:24 [ultranest] [DEBUG] iteration=680, ncalls=1574, regioncalls=46960, ndraw=40, logz=-154.04, remainder_fraction=100.0000%, Lmin=-152.13, Lmax=-27.00
11:25:24 [ultranest] [DEBUG] iteration=702, ncalls=1621, regioncalls=48840, ndraw=40, logz=-153.97, remainder_fraction=100.0000%, Lmin=-151.72, Lmax=-23.87
11:25:24 [ultranest] [DEBUG] iteration=718, ncalls=1665, regioncalls=50600, ndraw=40, logz=-153.90, remainder_fraction=100.0000%, Lmin=-151.39, Lmax=-23.87
11:25:25 [ultranest] [DEBUG] iteration=720, ncalls=1679, regioncalls=51160, ndraw=40, logz=-153.89, remainder_fraction=100.0000%, Lmin=-151.35, Lmax=-23.87
11:25:25 [ultranest] [DEBUG] iteration=736, ncalls=1731, regioncalls=53240, ndraw=40, logz=-153.80, remainder_fraction=100.0000%, Lmin=-151.15, Lmax=-23.87
11:25:25 [ultranest] [DEBUG] iteration=757, ncalls=1781, regioncalls=55240, ndraw=40, logz=-153.66, remainder_fraction=100.0000%, Lmin=-150.47, Lmax=-23.87
11:25:25 [ultranest] [DEBUG] iteration=760, ncalls=1788, regioncalls=55520, ndraw=40, logz=-153.63, remainder_fraction=100.0000%, Lmin=-150.42, Lmax=-23.87
11:25:25 [ultranest] [DEBUG] iteration=780, ncalls=1830, regioncalls=57200, ndraw=40, logz=-153.43, remainder_fraction=100.0000%, Lmin=-149.81, Lmax=-23.87
11:25:25 [ultranest] [DEBUG] iteration=800, ncalls=1870, regioncalls=58800, ndraw=40, logz=-153.13, remainder_fraction=100.0000%, Lmin=-149.15, Lmax=-23.87
11:25:25 [ultranest] [DEBUG] iteration=817, ncalls=1919, regioncalls=60760, ndraw=40, logz=-152.83, remainder_fraction=100.0000%, Lmin=-148.73, Lmax=-23.87
11:25:25 [ultranest] [DEBUG] iteration=837, ncalls=1964, regioncalls=62560, ndraw=40, logz=-152.47, remainder_fraction=100.0000%, Lmin=-148.25, Lmax=-23.87
11:25:25 [ultranest] [DEBUG] iteration=840, ncalls=1971, regioncalls=62840, ndraw=40, logz=-152.41, remainder_fraction=100.0000%, Lmin=-148.15, Lmax=-23.87
11:25:25 [ultranest] [DEBUG] iteration=851, ncalls=2023, regioncalls=64920, ndraw=40, logz=-152.16, remainder_fraction=100.0000%, Lmin=-147.57, Lmax=-23.87
11:25:25 [ultranest] [DEBUG] iteration=868, ncalls=2062, regioncalls=66480, ndraw=40, logz=-151.67, remainder_fraction=100.0000%, Lmin=-147.00, Lmax=-23.87
11:25:25 [ultranest] [DEBUG] iteration=880, ncalls=2100, regioncalls=68000, ndraw=40, logz=-151.34, remainder_fraction=100.0000%, Lmin=-146.63, Lmax=-23.87
11:25:26 [ultranest] [DEBUG] iteration=891, ncalls=2154, regioncalls=70160, ndraw=40, logz=-151.05, remainder_fraction=100.0000%, Lmin=-146.28, Lmax=-23.87
11:25:26 [ultranest] [DEBUG] iteration=904, ncalls=2208, regioncalls=72320, ndraw=40, logz=-150.67, remainder_fraction=100.0000%, Lmin=-145.74, Lmax=-23.87
11:25:26 [ultranest] [DEBUG] iteration=920, ncalls=2266, regioncalls=74640, ndraw=40, logz=-150.18, remainder_fraction=100.0000%, Lmin=-145.16, Lmax=-23.87
11:25:26 [ultranest] [DEBUG] iteration=927, ncalls=2286, regioncalls=75440, ndraw=40, logz=-149.94, remainder_fraction=100.0000%, Lmin=-144.82, Lmax=-23.87
11:25:26 [ultranest] [DEBUG] iteration=940, ncalls=2326, regioncalls=77040, ndraw=40, logz=-149.45, remainder_fraction=100.0000%, Lmin=-143.96, Lmax=-23.87
11:25:26 [ultranest] [DEBUG] iteration=957, ncalls=2380, regioncalls=79200, ndraw=40, logz=-148.67, remainder_fraction=100.0000%, Lmin=-143.14, Lmax=-23.87
11:25:26 [ultranest] [DEBUG] iteration=960, ncalls=2402, regioncalls=80080, ndraw=40, logz=-148.53, remainder_fraction=100.0000%, Lmin=-143.03, Lmax=-23.87
11:25:26 [ultranest] [DEBUG] iteration=977, ncalls=2452, regioncalls=82080, ndraw=40, logz=-147.45, remainder_fraction=100.0000%, Lmin=-141.37, Lmax=-23.87
11:25:26 [ultranest] [DEBUG] iteration=990, ncalls=2506, regioncalls=84240, ndraw=40, logz=-146.48, remainder_fraction=100.0000%, Lmin=-140.31, Lmax=-23.87
11:25:26 [ultranest] [DEBUG] iteration=1000, ncalls=2531, regioncalls=85240, ndraw=40, logz=-145.61, remainder_fraction=100.0000%, Lmin=-139.09, Lmax=-23.87
11:25:26 [ultranest] [DEBUG] iteration=1010, ncalls=2578, regioncalls=87120, ndraw=40, logz=-144.45, remainder_fraction=100.0000%, Lmin=-138.13, Lmax=-23.87
11:25:27 [ultranest] [DEBUG] iteration=1023, ncalls=2630, regioncalls=89200, ndraw=40, logz=-143.42, remainder_fraction=100.0000%, Lmin=-137.36, Lmax=-23.87
11:25:27 [ultranest] [DEBUG] iteration=1040, ncalls=2670, regioncalls=90800, ndraw=40, logz=-142.35, remainder_fraction=100.0000%, Lmin=-136.28, Lmax=-23.87
11:25:27 [ultranest] [DEBUG] iteration=1053, ncalls=2724, regioncalls=92960, ndraw=40, logz=-141.50, remainder_fraction=100.0000%, Lmin=-134.80, Lmax=-23.87
11:25:27 [ultranest] [DEBUG] iteration=1066, ncalls=2778, regioncalls=95120, ndraw=40, logz=-139.55, remainder_fraction=100.0000%, Lmin=-132.76, Lmax=-23.87
11:25:27 [ultranest] [DEBUG] iteration=1077, ncalls=2830, regioncalls=97200, ndraw=40, logz=-138.22, remainder_fraction=100.0000%, Lmin=-131.40, Lmax=-23.87
11:25:27 [ultranest] [DEBUG] iteration=1080, ncalls=2842, regioncalls=97680, ndraw=40, logz=-137.89, remainder_fraction=100.0000%, Lmin=-131.15, Lmax=-23.87
11:25:27 [ultranest] [DEBUG] iteration=1093, ncalls=2896, regioncalls=99840, ndraw=40, logz=-135.99, remainder_fraction=100.0000%, Lmin=-129.04, Lmax=-23.87
11:25:27 [ultranest] [DEBUG] iteration=1109, ncalls=2944, regioncalls=101800, ndraw=40, logz=-134.24, remainder_fraction=100.0000%, Lmin=-127.62, Lmax=-23.87
11:25:27 [ultranest] [DEBUG] iteration=1120, ncalls=2991, regioncalls=103680, ndraw=40, logz=-133.23, remainder_fraction=100.0000%, Lmin=-126.49, Lmax=-22.56
11:25:27 [ultranest] [DEBUG] iteration=1136, ncalls=3043, regioncalls=105760, ndraw=40, logz=-131.75, remainder_fraction=100.0000%, Lmin=-125.20, Lmax=-22.56
11:25:28 [ultranest] [DEBUG] iteration=1152, ncalls=3096, regioncalls=107880, ndraw=40, logz=-130.44, remainder_fraction=100.0000%, Lmin=-123.50, Lmax=-22.56
11:25:28 [ultranest] [DEBUG] iteration=1160, ncalls=3106, regioncalls=108280, ndraw=40, logz=-129.33, remainder_fraction=100.0000%, Lmin=-122.17, Lmax=-22.56
11:25:28 [ultranest] [DEBUG] iteration=1174, ncalls=3161, regioncalls=110480, ndraw=40, logz=-127.82, remainder_fraction=100.0000%, Lmin=-120.84, Lmax=-22.56
11:25:28 [ultranest] [DEBUG] iteration=1178, ncalls=3175, regioncalls=111040, ndraw=40, logz=-127.42, remainder_fraction=100.0000%, Lmin=-120.49, Lmax=-22.56
11:25:28 [ultranest] [DEBUG] iteration=1180, ncalls=3184, regioncalls=111400, ndraw=40, logz=-127.22, remainder_fraction=100.0000%, Lmin=-120.45, Lmax=-22.56
11:25:28 [ultranest] [DEBUG] iteration=1183, ncalls=3191, regioncalls=111680, ndraw=40, logz=-126.98, remainder_fraction=100.0000%, Lmin=-120.18, Lmax=-22.56
11:25:28 [ultranest] [DEBUG] iteration=1185, ncalls=3198, regioncalls=111960, ndraw=40, logz=-126.80, remainder_fraction=100.0000%, Lmin=-119.90, Lmax=-22.56
11:25:28 [ultranest] [DEBUG] iteration=1187, ncalls=3205, regioncalls=112240, ndraw=40, logz=-126.59, remainder_fraction=100.0000%, Lmin=-119.62, Lmax=-22.56
11:25:28 [ultranest] [DEBUG] iteration=1189, ncalls=3212, regioncalls=112520, ndraw=40, logz=-126.39, remainder_fraction=100.0000%, Lmin=-119.29, Lmax=-22.39
11:25:29 [ultranest] [DEBUG] iteration=1190, ncalls=3220, regioncalls=112840, ndraw=40, logz=-126.27, remainder_fraction=100.0000%, Lmin=-119.25, Lmax=-22.39
11:25:29 [ultranest] [DEBUG] iteration=1193, ncalls=3235, regioncalls=113440, ndraw=40, logz=-125.95, remainder_fraction=100.0000%, Lmin=-118.58, Lmax=-22.39
11:25:29 [ultranest] [DEBUG] iteration=1196, ncalls=3242, regioncalls=113720, ndraw=40, logz=-125.49, remainder_fraction=100.0000%, Lmin=-118.09, Lmax=-22.39
11:25:29 [ultranest] [DEBUG] iteration=1198, ncalls=3251, regioncalls=114080, ndraw=40, logz=-125.21, remainder_fraction=100.0000%, Lmin=-117.84, Lmax=-22.39
11:25:29 [ultranest] [DEBUG] iteration=1200, ncalls=3256, regioncalls=114280, ndraw=40, logz=-124.92, remainder_fraction=100.0000%, Lmin=-117.57, Lmax=-22.39
11:25:29 [ultranest] [DEBUG] iteration=1202, ncalls=3262, regioncalls=114520, ndraw=40, logz=-124.66, remainder_fraction=100.0000%, Lmin=-117.51, Lmax=-22.39
11:25:29 [ultranest] [DEBUG] iteration=1203, ncalls=3269, regioncalls=114800, ndraw=40, logz=-124.55, remainder_fraction=100.0000%, Lmin=-117.48, Lmax=-21.35
11:25:29 [ultranest] [DEBUG] iteration=1205, ncalls=3276, regioncalls=115080, ndraw=40, logz=-124.33, remainder_fraction=100.0000%, Lmin=-116.87, Lmax=-21.35
11:25:30 [ultranest] [DEBUG] iteration=1206, ncalls=3284, regioncalls=115400, ndraw=40, logz=-124.18, remainder_fraction=100.0000%, Lmin=-116.84, Lmax=-21.35
11:25:30 [ultranest] [DEBUG] iteration=1209, ncalls=3296, regioncalls=115880, ndraw=40, logz=-123.73, remainder_fraction=100.0000%, Lmin=-116.09, Lmax=-21.35
11:25:30 [ultranest] [DEBUG] iteration=1211, ncalls=3304, regioncalls=116200, ndraw=40, logz=-123.35, remainder_fraction=100.0000%, Lmin=-115.76, Lmax=-21.35
11:25:30 [ultranest] [DEBUG] iteration=1214, ncalls=3310, regioncalls=116440, ndraw=40, logz=-122.88, remainder_fraction=100.0000%, Lmin=-115.36, Lmax=-21.35
11:25:30 [ultranest] [DEBUG] iteration=1215, ncalls=3319, regioncalls=116800, ndraw=40, logz=-122.72, remainder_fraction=100.0000%, Lmin=-115.33, Lmax=-21.35
11:25:30 [ultranest] [DEBUG] iteration=1219, ncalls=3325, regioncalls=117040, ndraw=40, logz=-122.15, remainder_fraction=100.0000%, Lmin=-114.43, Lmax=-21.35
11:25:30 [ultranest] [DEBUG] iteration=1221, ncalls=3332, regioncalls=117320, ndraw=40, logz=-121.80, remainder_fraction=100.0000%, Lmin=-114.32, Lmax=-21.35
11:25:31 [ultranest] [DEBUG] iteration=1223, ncalls=3345, regioncalls=117840, ndraw=40, logz=-121.51, remainder_fraction=100.0000%, Lmin=-114.12, Lmax=-21.35
11:25:31 [ultranest] [DEBUG] iteration=1225, ncalls=3356, regioncalls=118280, ndraw=40, logz=-121.25, remainder_fraction=100.0000%, Lmin=-113.90, Lmax=-21.35
11:25:31 [ultranest] [DEBUG] iteration=1227, ncalls=3359, regioncalls=118400, ndraw=40, logz=-121.00, remainder_fraction=100.0000%, Lmin=-113.71, Lmax=-21.35
11:25:31 [ultranest] [DEBUG] iteration=1231, ncalls=3365, regioncalls=118640, ndraw=40, logz=-120.48, remainder_fraction=100.0000%, Lmin=-112.75, Lmax=-21.35
11:25:31 [ultranest] [DEBUG] iteration=1233, ncalls=3383, regioncalls=119360, ndraw=40, logz=-120.14, remainder_fraction=100.0000%, Lmin=-112.67, Lmax=-21.35
11:25:31 [ultranest] [DEBUG] iteration=1236, ncalls=3390, regioncalls=119640, ndraw=40, logz=-119.69, remainder_fraction=100.0000%, Lmin=-112.11, Lmax=-21.35
11:25:32 [ultranest] [DEBUG] iteration=1239, ncalls=3402, regioncalls=120120, ndraw=40, logz=-119.22, remainder_fraction=100.0000%, Lmin=-111.76, Lmax=-21.35
11:25:32 [ultranest] [DEBUG] iteration=1240, ncalls=3404, regioncalls=120200, ndraw=40, logz=-119.08, remainder_fraction=100.0000%, Lmin=-111.71, Lmax=-21.35
11:25:32 [ultranest] [DEBUG] iteration=1243, ncalls=3413, regioncalls=120560, ndraw=40, logz=-118.62, remainder_fraction=100.0000%, Lmin=-111.12, Lmax=-21.35
11:25:32 [ultranest] [DEBUG] iteration=1246, ncalls=3419, regioncalls=120800, ndraw=40, logz=-118.16, remainder_fraction=100.0000%, Lmin=-110.72, Lmax=-21.35
11:25:32 [ultranest] [DEBUG] iteration=1247, ncalls=3427, regioncalls=121120, ndraw=40, logz=-118.03, remainder_fraction=100.0000%, Lmin=-110.55, Lmax=-21.35
11:25:32 [ultranest] [DEBUG] iteration=1249, ncalls=3433, regioncalls=121360, ndraw=40, logz=-117.76, remainder_fraction=100.0000%, Lmin=-110.35, Lmax=-21.35
11:25:32 [ultranest] [DEBUG] iteration=1251, ncalls=3444, regioncalls=121800, ndraw=40, logz=-117.49, remainder_fraction=100.0000%, Lmin=-109.95, Lmax=-21.35
11:25:32 [ultranest] [DEBUG] iteration=1263, ncalls=3502, regioncalls=124160, ndraw=40, logz=-115.82, remainder_fraction=100.0000%, Lmin=-108.41, Lmax=-21.35
11:25:32 [ultranest] [DEBUG] iteration=1276, ncalls=3561, regioncalls=126520, ndraw=40, logz=-113.89, remainder_fraction=100.0000%, Lmin=-106.24, Lmax=-21.35
11:25:33 [ultranest] [DEBUG] iteration=1280, ncalls=3575, regioncalls=127080, ndraw=40, logz=-113.30, remainder_fraction=100.0000%, Lmin=-105.73, Lmax=-21.35
11:25:33 [ultranest] [DEBUG] iteration=1294, ncalls=3633, regioncalls=129400, ndraw=40, logz=-111.72, remainder_fraction=100.0000%, Lmin=-104.37, Lmax=-21.35
11:25:33 [ultranest] [DEBUG] iteration=1303, ncalls=3674, regioncalls=131040, ndraw=40, logz=-110.73, remainder_fraction=100.0000%, Lmin=-103.40, Lmax=-21.35
11:25:33 [ultranest] [DEBUG] iteration=1311, ncalls=3726, regioncalls=133120, ndraw=40, logz=-109.95, remainder_fraction=100.0000%, Lmin=-102.41, Lmax=-21.35
11:25:33 [ultranest] [DEBUG] iteration=1320, ncalls=3749, regioncalls=134040, ndraw=40, logz=-108.81, remainder_fraction=100.0000%, Lmin=-101.19, Lmax=-21.35
11:25:33 [ultranest] [DEBUG] iteration=1329, ncalls=3805, regioncalls=136280, ndraw=40, logz=-107.83, remainder_fraction=100.0000%, Lmin=-100.51, Lmax=-21.35
11:25:33 [ultranest] [DEBUG] iteration=1345, ncalls=3857, regioncalls=138360, ndraw=40, logz=-106.05, remainder_fraction=100.0000%, Lmin=-98.06, Lmax=-21.35
11:25:33 [ultranest] [DEBUG] iteration=1357, ncalls=3914, regioncalls=140640, ndraw=40, logz=-104.15, remainder_fraction=100.0000%, Lmin=-96.55, Lmax=-21.35
11:25:33 [ultranest] [DEBUG] iteration=1360, ncalls=3928, regioncalls=141200, ndraw=40, logz=-103.81, remainder_fraction=100.0000%, Lmin=-96.30, Lmax=-21.35
11:25:33 [ultranest] [DEBUG] iteration=1374, ncalls=3982, regioncalls=143360, ndraw=40, logz=-102.29, remainder_fraction=100.0000%, Lmin=-94.37, Lmax=-21.35
11:25:33 [ultranest] [DEBUG] iteration=1386, ncalls=4022, regioncalls=144960, ndraw=40, logz=-100.56, remainder_fraction=100.0000%, Lmin=-93.00, Lmax=-21.35
11:25:34 [ultranest] [DEBUG] iteration=1398, ncalls=4078, regioncalls=147200, ndraw=40, logz=-99.50, remainder_fraction=100.0000%, Lmin=-92.10, Lmax=-21.35
11:25:34 [ultranest] [DEBUG] iteration=1400, ncalls=4087, regioncalls=147560, ndraw=40, logz=-99.33, remainder_fraction=100.0000%, Lmin=-91.96, Lmax=-21.35
11:25:34 [ultranest] [DEBUG] iteration=1409, ncalls=4149, regioncalls=150040, ndraw=40, logz=-98.58, remainder_fraction=100.0000%, Lmin=-91.03, Lmax=-21.35
11:25:34 [ultranest] [DEBUG] iteration=1417, ncalls=4211, regioncalls=152520, ndraw=40, logz=-97.87, remainder_fraction=100.0000%, Lmin=-90.50, Lmax=-21.35
11:25:34 [ultranest] [DEBUG] iteration=1428, ncalls=4265, regioncalls=154680, ndraw=40, logz=-96.81, remainder_fraction=100.0000%, Lmin=-89.24, Lmax=-21.35
11:25:34 [ultranest] [DEBUG] iteration=1438, ncalls=4323, regioncalls=157000, ndraw=40, logz=-95.84, remainder_fraction=100.0000%, Lmin=-88.01, Lmax=-21.35
11:25:34 [ultranest] [DEBUG] iteration=1440, ncalls=4338, regioncalls=157600, ndraw=40, logz=-95.62, remainder_fraction=100.0000%, Lmin=-87.93, Lmax=-21.35
11:25:34 [ultranest] [DEBUG] iteration=1451, ncalls=4391, regioncalls=159720, ndraw=40, logz=-94.50, remainder_fraction=100.0000%, Lmin=-86.76, Lmax=-21.35
11:25:34 [ultranest] [DEBUG] iteration=1458, ncalls=4440, regioncalls=161680, ndraw=40, logz=-93.62, remainder_fraction=100.0000%, Lmin=-85.51, Lmax=-21.35
11:25:34 [ultranest] [DEBUG] iteration=1469, ncalls=4497, regioncalls=163960, ndraw=40, logz=-92.20, remainder_fraction=100.0000%, Lmin=-84.28, Lmax=-21.35
11:25:35 [ultranest] [DEBUG] iteration=1479, ncalls=4553, regioncalls=166200, ndraw=40, logz=-91.13, remainder_fraction=100.0000%, Lmin=-83.24, Lmax=-21.35
11:25:35 [ultranest] [DEBUG] iteration=1480, ncalls=4565, regioncalls=166680, ndraw=40, logz=-91.02, remainder_fraction=100.0000%, Lmin=-83.21, Lmax=-21.35
11:25:35 [ultranest] [DEBUG] iteration=1491, ncalls=4620, regioncalls=168880, ndraw=40, logz=-89.94, remainder_fraction=100.0000%, Lmin=-82.14, Lmax=-21.35
11:25:35 [ultranest] [DEBUG] iteration=1496, ncalls=4681, regioncalls=171320, ndraw=40, logz=-89.34, remainder_fraction=100.0000%, Lmin=-81.41, Lmax=-21.35
11:25:35 [ultranest] [DEBUG] iteration=1503, ncalls=4738, regioncalls=173600, ndraw=40, logz=-88.66, remainder_fraction=100.0000%, Lmin=-80.77, Lmax=-21.35
11:25:35 [ultranest] [DEBUG] iteration=1516, ncalls=4789, regioncalls=175640, ndraw=40, logz=-87.38, remainder_fraction=100.0000%, Lmin=-79.41, Lmax=-21.11
11:25:35 [ultranest] [DEBUG] iteration=1520, ncalls=4813, regioncalls=176600, ndraw=40, logz=-87.00, remainder_fraction=100.0000%, Lmin=-79.21, Lmax=-21.11
11:25:35 [ultranest] [DEBUG] iteration=1529, ncalls=4872, regioncalls=178960, ndraw=40, logz=-86.13, remainder_fraction=100.0000%, Lmin=-78.14, Lmax=-21.11
11:25:35 [ultranest] [DEBUG] iteration=1537, ncalls=4922, regioncalls=180960, ndraw=40, logz=-85.42, remainder_fraction=100.0000%, Lmin=-77.47, Lmax=-19.93
11:25:35 [ultranest] [DEBUG] iteration=1545, ncalls=4987, regioncalls=183600, ndraw=40, logz=-84.61, remainder_fraction=100.0000%, Lmin=-76.64, Lmax=-19.93
11:25:35 [ultranest] [DEBUG] iteration=1555, ncalls=5040, regioncalls=185720, ndraw=40, logz=-83.32, remainder_fraction=100.0000%, Lmin=-75.08, Lmax=-19.93
11:25:36 [ultranest] [DEBUG] iteration=1560, ncalls=5098, regioncalls=188040, ndraw=40, logz=-82.78, remainder_fraction=100.0000%, Lmin=-74.72, Lmax=-19.93
11:25:36 [ultranest] [DEBUG] iteration=1568, ncalls=5152, regioncalls=190200, ndraw=40, logz=-82.05, remainder_fraction=100.0000%, Lmin=-74.05, Lmax=-19.93
11:25:36 [ultranest] [DEBUG] iteration=1578, ncalls=5205, regioncalls=192320, ndraw=40, logz=-81.04, remainder_fraction=100.0000%, Lmin=-72.83, Lmax=-19.93
11:25:36 [ultranest] [DEBUG] iteration=1588, ncalls=5261, regioncalls=194560, ndraw=40, logz=-80.08, remainder_fraction=100.0000%, Lmin=-72.09, Lmax=-19.93
11:25:36 [ultranest] [DEBUG] iteration=1595, ncalls=5325, regioncalls=197120, ndraw=40, logz=-79.41, remainder_fraction=100.0000%, Lmin=-70.93, Lmax=-19.93
11:25:36 [ultranest] [DEBUG] iteration=1600, ncalls=5351, regioncalls=198160, ndraw=40, logz=-78.70, remainder_fraction=100.0000%, Lmin=-69.81, Lmax=-19.93
11:25:36 [ultranest] [DEBUG] iteration=1602, ncalls=5359, regioncalls=198520, ndraw=40, logz=-78.32, remainder_fraction=100.0000%, Lmin=-69.58, Lmax=-19.93
11:25:36 [ultranest] [DEBUG] iteration=1610, ncalls=5412, regioncalls=200760, ndraw=40, logz=-77.18, remainder_fraction=100.0000%, Lmin=-68.69, Lmax=-19.93
11:25:36 [ultranest] [DEBUG] iteration=1619, ncalls=5467, regioncalls=202960, ndraw=40, logz=-76.09, remainder_fraction=100.0000%, Lmin=-67.78, Lmax=-19.91
11:25:36 [ultranest] [DEBUG] iteration=1624, ncalls=5540, regioncalls=205880, ndraw=40, logz=-75.58, remainder_fraction=100.0000%, Lmin=-67.33, Lmax=-19.91
11:25:37 [ultranest] [DEBUG] iteration=1636, ncalls=5623, regioncalls=209200, ndraw=40, logz=-74.37, remainder_fraction=100.0000%, Lmin=-66.00, Lmax=-19.91
11:25:37 [ultranest] [DEBUG] iteration=1640, ncalls=5652, regioncalls=210360, ndraw=40, logz=-73.95, remainder_fraction=100.0000%, Lmin=-65.64, Lmax=-19.91
11:25:37 [ultranest] [DEBUG] iteration=1652, ncalls=5706, regioncalls=212520, ndraw=40, logz=-72.76, remainder_fraction=100.0000%, Lmin=-64.46, Lmax=-19.91
11:25:37 [ultranest] [DEBUG] iteration=1662, ncalls=5765, regioncalls=214880, ndraw=40, logz=-71.83, remainder_fraction=100.0000%, Lmin=-63.47, Lmax=-19.91
11:25:37 [ultranest] [DEBUG] iteration=1671, ncalls=5819, regioncalls=217040, ndraw=40, logz=-70.99, remainder_fraction=100.0000%, Lmin=-62.43, Lmax=-19.91
11:25:37 [ultranest] [DEBUG] iteration=1680, ncalls=5873, regioncalls=219200, ndraw=40, logz=-69.94, remainder_fraction=100.0000%, Lmin=-61.28, Lmax=-19.91
11:25:37 [ultranest] [DEBUG] iteration=1685, ncalls=5928, regioncalls=221400, ndraw=40, logz=-69.33, remainder_fraction=100.0000%, Lmin=-60.82, Lmax=-19.91
11:25:37 [ultranest] [DEBUG] iteration=1694, ncalls=5991, regioncalls=223920, ndraw=40, logz=-68.25, remainder_fraction=100.0000%, Lmin=-59.58, Lmax=-19.91
11:25:37 [ultranest] [DEBUG] iteration=1699, ncalls=6057, regioncalls=226560, ndraw=40, logz=-67.74, remainder_fraction=100.0000%, Lmin=-59.47, Lmax=-19.91
11:25:37 [ultranest] [DEBUG] iteration=1706, ncalls=6113, regioncalls=228800, ndraw=40, logz=-67.09, remainder_fraction=100.0000%, Lmin=-58.71, Lmax=-19.91
11:25:38 [ultranest] [DEBUG] iteration=1715, ncalls=6172, regioncalls=231160, ndraw=40, logz=-66.18, remainder_fraction=100.0000%, Lmin=-57.66, Lmax=-19.91
11:25:38 [ultranest] [DEBUG] iteration=1720, ncalls=6198, regioncalls=232200, ndraw=40, logz=-65.73, remainder_fraction=100.0000%, Lmin=-57.35, Lmax=-19.91
11:25:38 [ultranest] [DEBUG] iteration=1730, ncalls=6264, regioncalls=234840, ndraw=40, logz=-64.95, remainder_fraction=100.0000%, Lmin=-56.55, Lmax=-19.91
11:25:38 [ultranest] [DEBUG] iteration=1736, ncalls=6322, regioncalls=237160, ndraw=40, logz=-64.43, remainder_fraction=100.0000%, Lmin=-56.02, Lmax=-19.91
11:25:38 [ultranest] [DEBUG] iteration=1743, ncalls=6377, regioncalls=239360, ndraw=40, logz=-63.86, remainder_fraction=100.0000%, Lmin=-55.39, Lmax=-19.91
11:25:38 [ultranest] [DEBUG] iteration=1752, ncalls=6429, regioncalls=241480, ndraw=40, logz=-63.10, remainder_fraction=100.0000%, Lmin=-54.57, Lmax=-19.91
11:25:38 [ultranest] [DEBUG] iteration=1760, ncalls=6489, regioncalls=243960, ndraw=40, logz=-62.39, remainder_fraction=100.0000%, Lmin=-54.01, Lmax=-19.91
11:25:38 [ultranest] [DEBUG] iteration=1772, ncalls=6554, regioncalls=246560, ndraw=40, logz=-61.49, remainder_fraction=100.0000%, Lmin=-53.06, Lmax=-19.91
11:25:38 [ultranest] [DEBUG] iteration=1778, ncalls=6609, regioncalls=248760, ndraw=40, logz=-61.03, remainder_fraction=100.0000%, Lmin=-52.74, Lmax=-19.91
11:25:39 [ultranest] [DEBUG] iteration=1791, ncalls=6669, regioncalls=251160, ndraw=40, logz=-60.26, remainder_fraction=100.0000%, Lmin=-52.20, Lmax=-19.91
11:25:39 [ultranest] [DEBUG] iteration=1800, ncalls=6725, regioncalls=253400, ndraw=40, logz=-59.80, remainder_fraction=100.0000%, Lmin=-51.54, Lmax=-19.91
11:25:39 [ultranest] [DEBUG] iteration=1809, ncalls=6782, regioncalls=255680, ndraw=40, logz=-59.26, remainder_fraction=100.0000%, Lmin=-51.07, Lmax=-19.91
11:25:39 [ultranest] [DEBUG] iteration=1818, ncalls=6835, regioncalls=257800, ndraw=40, logz=-58.75, remainder_fraction=100.0000%, Lmin=-50.52, Lmax=-19.91
11:25:39 [ultranest] [DEBUG] iteration=1826, ncalls=6889, regioncalls=259960, ndraw=40, logz=-58.27, remainder_fraction=100.0000%, Lmin=-49.90, Lmax=-19.91
11:25:39 [ultranest] [DEBUG] iteration=1832, ncalls=6939, regioncalls=261960, ndraw=40, logz=-57.91, remainder_fraction=100.0000%, Lmin=-49.62, Lmax=-19.91
11:25:39 [ultranest] [DEBUG] iteration=1839, ncalls=7011, regioncalls=264840, ndraw=40, logz=-57.52, remainder_fraction=100.0000%, Lmin=-49.13, Lmax=-19.91
11:25:39 [ultranest] [DEBUG] iteration=1840, ncalls=7013, regioncalls=264920, ndraw=40, logz=-57.46, remainder_fraction=100.0000%, Lmin=-49.08, Lmax=-19.91
11:25:39 [ultranest] [DEBUG] iteration=1850, ncalls=7071, regioncalls=267240, ndraw=40, logz=-56.85, remainder_fraction=100.0000%, Lmin=-48.56, Lmax=-19.91
11:25:39 [ultranest] [DEBUG] iteration=1857, ncalls=7134, regioncalls=269760, ndraw=40, logz=-56.44, remainder_fraction=100.0000%, Lmin=-47.80, Lmax=-19.91
11:25:40 [ultranest] [DEBUG] iteration=1867, ncalls=7191, regioncalls=272040, ndraw=40, logz=-55.69, remainder_fraction=100.0000%, Lmin=-46.99, Lmax=-19.91
11:25:40 [ultranest] [DEBUG] iteration=1873, ncalls=7257, regioncalls=274680, ndraw=40, logz=-55.26, remainder_fraction=100.0000%, Lmin=-46.67, Lmax=-19.91
11:25:40 [ultranest] [DEBUG] iteration=1879, ncalls=7321, regioncalls=277240, ndraw=40, logz=-54.88, remainder_fraction=100.0000%, Lmin=-46.44, Lmax=-19.91
11:25:40 [ultranest] [DEBUG] iteration=1880, ncalls=7335, regioncalls=277800, ndraw=40, logz=-54.83, remainder_fraction=100.0000%, Lmin=-46.34, Lmax=-19.91
11:25:40 [ultranest] [DEBUG] iteration=1888, ncalls=7388, regioncalls=279920, ndraw=40, logz=-54.37, remainder_fraction=100.0000%, Lmin=-45.95, Lmax=-19.91
11:25:40 [ultranest] [DEBUG] iteration=1893, ncalls=7444, regioncalls=282160, ndraw=40, logz=-54.12, remainder_fraction=100.0000%, Lmin=-45.86, Lmax=-19.91
11:25:40 [ultranest] [DEBUG] iteration=1897, ncalls=7500, regioncalls=284400, ndraw=40, logz=-53.94, remainder_fraction=100.0000%, Lmin=-45.62, Lmax=-19.91
11:25:40 [ultranest] [DEBUG] iteration=1902, ncalls=7543, regioncalls=286160, ndraw=40, logz=-53.69, remainder_fraction=100.0000%, Lmin=-45.07, Lmax=-19.91
11:25:40 [ultranest] [DEBUG] iteration=1908, ncalls=7594, regioncalls=288240, ndraw=40, logz=-53.29, remainder_fraction=100.0000%, Lmin=-44.71, Lmax=-19.91
11:25:40 [ultranest] [DEBUG] iteration=1919, ncalls=7645, regioncalls=290280, ndraw=40, logz=-52.67, remainder_fraction=100.0000%, Lmin=-43.94, Lmax=-19.91
11:25:40 [ultranest] [DEBUG] iteration=1920, ncalls=7647, regioncalls=290360, ndraw=40, logz=-52.61, remainder_fraction=100.0000%, Lmin=-43.90, Lmax=-19.91
11:25:41 [ultranest] [DEBUG] iteration=1929, ncalls=7700, regioncalls=292480, ndraw=40, logz=-52.08, remainder_fraction=100.0000%, Lmin=-43.55, Lmax=-19.91
11:25:41 [ultranest] [DEBUG] iteration=1941, ncalls=7753, regioncalls=294600, ndraw=40, logz=-51.38, remainder_fraction=100.0000%, Lmin=-42.89, Lmax=-19.91
11:25:41 [ultranest] [DEBUG] iteration=1950, ncalls=7821, regioncalls=297320, ndraw=40, logz=-50.86, remainder_fraction=100.0000%, Lmin=-42.29, Lmax=-19.90
11:25:41 [ultranest] [DEBUG] iteration=1958, ncalls=7878, regioncalls=299600, ndraw=40, logz=-50.47, remainder_fraction=100.0000%, Lmin=-42.12, Lmax=-19.90
11:25:41 [ultranest] [DEBUG] iteration=1960, ncalls=7884, regioncalls=299840, ndraw=40, logz=-50.39, remainder_fraction=100.0000%, Lmin=-42.02, Lmax=-19.90
11:25:41 [ultranest] [DEBUG] iteration=1969, ncalls=7947, regioncalls=302360, ndraw=40, logz=-49.98, remainder_fraction=100.0000%, Lmin=-41.50, Lmax=-19.90
11:25:41 [ultranest] [DEBUG] iteration=1977, ncalls=7996, regioncalls=304320, ndraw=40, logz=-49.62, remainder_fraction=100.0000%, Lmin=-41.15, Lmax=-19.90
11:25:41 [ultranest] [DEBUG] iteration=1982, ncalls=8048, regioncalls=306400, ndraw=40, logz=-49.39, remainder_fraction=100.0000%, Lmin=-40.88, Lmax=-19.90
11:25:41 [ultranest] [DEBUG] iteration=1991, ncalls=8103, regioncalls=308600, ndraw=40, logz=-49.00, remainder_fraction=100.0000%, Lmin=-40.49, Lmax=-19.90
11:25:41 [ultranest] [DEBUG] iteration=2000, ncalls=8160, regioncalls=310880, ndraw=40, logz=-48.62, remainder_fraction=100.0000%, Lmin=-40.19, Lmax=-19.90
11:25:42 [ultranest] [DEBUG] iteration=2009, ncalls=8215, regioncalls=313080, ndraw=40, logz=-48.26, remainder_fraction=100.0000%, Lmin=-39.85, Lmax=-19.90
11:25:42 [ultranest] [DEBUG] iteration=2016, ncalls=8270, regioncalls=315280, ndraw=40, logz=-48.00, remainder_fraction=100.0000%, Lmin=-39.58, Lmax=-19.90
11:25:42 [ultranest] [DEBUG] iteration=2024, ncalls=8328, regioncalls=317600, ndraw=40, logz=-47.70, remainder_fraction=100.0000%, Lmin=-39.30, Lmax=-19.90
11:25:42 [ultranest] [DEBUG] iteration=2030, ncalls=8389, regioncalls=320040, ndraw=40, logz=-47.48, remainder_fraction=100.0000%, Lmin=-38.96, Lmax=-19.90
11:25:42 [ultranest] [DEBUG] iteration=2036, ncalls=8452, regioncalls=322560, ndraw=40, logz=-47.23, remainder_fraction=100.0000%, Lmin=-38.47, Lmax=-19.90
11:25:42 [ultranest] [DEBUG] iteration=2040, ncalls=8469, regioncalls=323240, ndraw=40, logz=-47.03, remainder_fraction=100.0000%, Lmin=-38.35, Lmax=-19.90
11:25:42 [ultranest] [DEBUG] iteration=2046, ncalls=8523, regioncalls=325400, ndraw=40, logz=-46.76, remainder_fraction=100.0000%, Lmin=-38.12, Lmax=-19.90
11:25:42 [ultranest] [DEBUG] iteration=2052, ncalls=8546, regioncalls=326360, ndraw=40, logz=-46.51, remainder_fraction=100.0000%, Lmin=-37.86, Lmax=-19.90
11:25:42 [ultranest] [DEBUG] iteration=2058, ncalls=8598, regioncalls=328440, ndraw=40, logz=-46.26, remainder_fraction=100.0000%, Lmin=-37.67, Lmax=-19.90
11:25:42 [ultranest] [DEBUG] iteration=2066, ncalls=8653, regioncalls=330640, ndraw=40, logz=-45.94, remainder_fraction=100.0000%, Lmin=-37.37, Lmax=-19.90
11:25:42 [ultranest] [DEBUG] iteration=2078, ncalls=8704, regioncalls=332680, ndraw=40, logz=-45.47, remainder_fraction=100.0000%, Lmin=-36.82, Lmax=-19.90
11:25:43 [ultranest] [DEBUG] iteration=2080, ncalls=8716, regioncalls=333160, ndraw=40, logz=-45.39, remainder_fraction=100.0000%, Lmin=-36.70, Lmax=-19.90
11:25:43 [ultranest] [DEBUG] iteration=2090, ncalls=8769, regioncalls=335280, ndraw=40, logz=-45.01, remainder_fraction=100.0000%, Lmin=-36.47, Lmax=-19.90
11:25:43 [ultranest] [DEBUG] iteration=2095, ncalls=8828, regioncalls=337640, ndraw=40, logz=-44.84, remainder_fraction=100.0000%, Lmin=-36.26, Lmax=-19.90
11:25:43 [ultranest] [DEBUG] iteration=2107, ncalls=8893, regioncalls=340240, ndraw=40, logz=-44.42, remainder_fraction=100.0000%, Lmin=-35.80, Lmax=-19.90
11:25:43 [ultranest] [DEBUG] iteration=2118, ncalls=8951, regioncalls=342560, ndraw=40, logz=-44.05, remainder_fraction=99.9999%, Lmin=-35.40, Lmax=-19.90
11:25:43 [ultranest] [DEBUG] iteration=2120, ncalls=8965, regioncalls=343120, ndraw=40, logz=-43.98, remainder_fraction=99.9999%, Lmin=-35.31, Lmax=-19.90
11:25:43 [ultranest] [DEBUG] iteration=2127, ncalls=9001, regioncalls=344560, ndraw=40, logz=-43.74, remainder_fraction=99.9999%, Lmin=-35.10, Lmax=-19.90
11:25:43 [ultranest] [DEBUG] iteration=2135, ncalls=9051, regioncalls=346720, ndraw=40, logz=-43.47, remainder_fraction=99.9999%, Lmin=-34.88, Lmax=-19.90
11:25:43 [ultranest] [DEBUG] iteration=2149, ncalls=9100, regioncalls=348680, ndraw=40, logz=-43.05, remainder_fraction=99.9999%, Lmin=-34.41, Lmax=-19.90
11:25:43 [ultranest] [DEBUG] iteration=2160, ncalls=9151, regioncalls=350720, ndraw=40, logz=-42.69, remainder_fraction=99.9998%, Lmin=-33.88, Lmax=-19.90
11:25:43 [ultranest] [DEBUG] iteration=2169, ncalls=9205, regioncalls=352880, ndraw=40, logz=-42.37, remainder_fraction=99.9997%, Lmin=-33.57, Lmax=-19.90
11:25:44 [ultranest] [DEBUG] iteration=2178, ncalls=9262, regioncalls=355160, ndraw=40, logz=-42.07, remainder_fraction=99.9996%, Lmin=-33.37, Lmax=-19.90
11:25:44 [ultranest] [DEBUG] iteration=2189, ncalls=9316, regioncalls=357320, ndraw=40, logz=-41.69, remainder_fraction=99.9994%, Lmin=-32.87, Lmax=-19.90
11:25:44 [ultranest] [DEBUG] iteration=2195, ncalls=9383, regioncalls=360000, ndraw=40, logz=-41.49, remainder_fraction=99.9993%, Lmin=-32.73, Lmax=-19.90
11:25:44 [ultranest] [DEBUG] iteration=2200, ncalls=9418, regioncalls=361400, ndraw=40, logz=-41.34, remainder_fraction=99.9992%, Lmin=-32.59, Lmax=-19.90
11:25:44 [ultranest] [DEBUG] iteration=2210, ncalls=9462, regioncalls=363160, ndraw=40, logz=-41.06, remainder_fraction=99.9989%, Lmin=-32.45, Lmax=-19.90
11:25:44 [ultranest] [DEBUG] iteration=2219, ncalls=9516, regioncalls=365320, ndraw=40, logz=-40.83, remainder_fraction=99.9986%, Lmin=-32.24, Lmax=-19.90
11:25:44 [ultranest] [DEBUG] iteration=2228, ncalls=9570, regioncalls=367480, ndraw=40, logz=-40.62, remainder_fraction=99.9983%, Lmin=-31.92, Lmax=-19.90
11:25:44 [ultranest] [DEBUG] iteration=2240, ncalls=9611, regioncalls=369120, ndraw=40, logz=-40.27, remainder_fraction=99.9975%, Lmin=-31.47, Lmax=-19.90
11:25:44 [ultranest] [DEBUG] iteration=2252, ncalls=9673, regioncalls=371600, ndraw=40, logz=-39.95, remainder_fraction=99.9965%, Lmin=-31.24, Lmax=-19.90
11:25:44 [ultranest] [DEBUG] iteration=2265, ncalls=9728, regioncalls=373800, ndraw=40, logz=-39.63, remainder_fraction=99.9951%, Lmin=-30.91, Lmax=-19.90
11:25:45 [ultranest] [DEBUG] iteration=2275, ncalls=9782, regioncalls=375960, ndraw=40, logz=-39.40, remainder_fraction=99.9937%, Lmin=-30.74, Lmax=-19.90
11:25:45 [ultranest] [DEBUG] iteration=2277, ncalls=9789, regioncalls=376320, ndraw=40, logz=-39.36, remainder_fraction=99.9934%, Lmin=-30.69, Lmax=-19.62
11:25:45 [ultranest] [DEBUG] iteration=2280, ncalls=9808, regioncalls=377080, ndraw=40, logz=-39.29, remainder_fraction=99.9935%, Lmin=-30.62, Lmax=-19.62
11:25:45 [ultranest] [DEBUG] iteration=2293, ncalls=9857, regioncalls=379040, ndraw=40, logz=-39.01, remainder_fraction=99.9911%, Lmin=-30.39, Lmax=-19.62
11:25:45 [ultranest] [DEBUG] iteration=2308, ncalls=9912, regioncalls=381240, ndraw=40, logz=-38.70, remainder_fraction=99.9879%, Lmin=-30.03, Lmax=-19.62
11:25:45 [ultranest] [DEBUG] iteration=2320, ncalls=9956, regioncalls=383000, ndraw=40, logz=-38.43, remainder_fraction=99.9837%, Lmin=-29.64, Lmax=-19.62
11:25:45 [ultranest] [DEBUG] iteration=2331, ncalls=10012, regioncalls=385240, ndraw=40, logz=-38.18, remainder_fraction=99.9793%, Lmin=-29.36, Lmax=-19.62
11:25:45 [ultranest] [DEBUG] iteration=2346, ncalls=10063, regioncalls=387280, ndraw=40, logz=-37.87, remainder_fraction=99.9720%, Lmin=-29.16, Lmax=-19.62
11:25:45 [ultranest] [DEBUG] iteration=2352, ncalls=10077, regioncalls=387880, ndraw=40, logz=-37.75, remainder_fraction=99.9679%, Lmin=-28.93, Lmax=-19.62
11:25:45 [ultranest] [DEBUG] iteration=2360, ncalls=10118, regioncalls=389520, ndraw=40, logz=-37.58, remainder_fraction=99.9620%, Lmin=-28.77, Lmax=-19.62
11:25:45 [ultranest] [DEBUG] iteration=2374, ncalls=10167, regioncalls=391480, ndraw=40, logz=-37.31, remainder_fraction=99.9487%, Lmin=-28.50, Lmax=-19.62
11:25:46 [ultranest] [DEBUG] iteration=2387, ncalls=10221, regioncalls=393640, ndraw=40, logz=-37.06, remainder_fraction=99.9346%, Lmin=-28.25, Lmax=-19.62
11:25:46 [ultranest] [DEBUG] iteration=2399, ncalls=10273, regioncalls=395720, ndraw=40, logz=-36.85, remainder_fraction=99.9181%, Lmin=-28.07, Lmax=-19.62
11:25:46 [ultranest] [DEBUG] iteration=2400, ncalls=10277, regioncalls=395880, ndraw=40, logz=-36.83, remainder_fraction=99.9164%, Lmin=-28.06, Lmax=-19.62
11:25:46 [ultranest] [DEBUG] iteration=2416, ncalls=10329, regioncalls=397960, ndraw=40, logz=-36.55, remainder_fraction=99.8859%, Lmin=-27.63, Lmax=-19.62
11:25:46 [ultranest] [DEBUG] iteration=2427, ncalls=10376, regioncalls=399840, ndraw=40, logz=-36.34, remainder_fraction=99.8553%, Lmin=-27.37, Lmax=-19.62
11:25:46 [ultranest] [DEBUG] iteration=2440, ncalls=10418, regioncalls=401520, ndraw=40, logz=-36.08, remainder_fraction=99.8160%, Lmin=-27.01, Lmax=-19.62
11:25:46 [ultranest] [DEBUG] iteration=2451, ncalls=10470, regioncalls=403600, ndraw=40, logz=-35.86, remainder_fraction=99.7731%, Lmin=-26.91, Lmax=-19.62
11:25:46 [ultranest] [DEBUG] iteration=2463, ncalls=10527, regioncalls=405880, ndraw=40, logz=-35.66, remainder_fraction=99.7201%, Lmin=-26.75, Lmax=-19.62
11:25:46 [ultranest] [DEBUG] iteration=2474, ncalls=10584, regioncalls=408160, ndraw=40, logz=-35.48, remainder_fraction=99.6576%, Lmin=-26.53, Lmax=-19.62
11:25:46 [ultranest] [DEBUG] iteration=2480, ncalls=10615, regioncalls=409400, ndraw=40, logz=-35.38, remainder_fraction=99.6229%, Lmin=-26.48, Lmax=-19.62
11:25:46 [ultranest] [DEBUG] iteration=2495, ncalls=10665, regioncalls=411400, ndraw=40, logz=-35.15, remainder_fraction=99.5140%, Lmin=-26.24, Lmax=-19.62
11:25:46 [ultranest] [DEBUG] iteration=2502, ncalls=10688, regioncalls=412400, ndraw=40, logz=-35.05, remainder_fraction=99.4695%, Lmin=-26.16, Lmax=-19.62
11:25:47 [ultranest] [DEBUG] iteration=2511, ncalls=10738, regioncalls=414400, ndraw=40, logz=-34.92, remainder_fraction=99.4195%, Lmin=-26.09, Lmax=-19.62
11:25:47 [ultranest] [DEBUG] iteration=2520, ncalls=10790, regioncalls=416480, ndraw=40, logz=-34.80, remainder_fraction=99.3399%, Lmin=-25.96, Lmax=-19.62
11:25:47 [ultranest] [DEBUG] iteration=2530, ncalls=10844, regioncalls=418640, ndraw=40, logz=-34.67, remainder_fraction=99.2366%, Lmin=-25.85, Lmax=-19.62
11:25:47 [ultranest] [DEBUG] iteration=2540, ncalls=10898, regioncalls=420800, ndraw=40, logz=-34.55, remainder_fraction=99.1516%, Lmin=-25.75, Lmax=-19.62
11:25:47 [ultranest] [DEBUG] iteration=2549, ncalls=10952, regioncalls=422960, ndraw=40, logz=-34.45, remainder_fraction=99.0335%, Lmin=-25.62, Lmax=-19.62
11:25:47 [ultranest] [DEBUG] iteration=2560, ncalls=10999, regioncalls=424840, ndraw=40, logz=-34.32, remainder_fraction=98.9017%, Lmin=-25.53, Lmax=-19.62
11:25:47 [ultranest] [DEBUG] iteration=2570, ncalls=11051, regioncalls=426920, ndraw=40, logz=-34.21, remainder_fraction=98.7534%, Lmin=-25.41, Lmax=-19.62
11:25:47 [ultranest] [DEBUG] iteration=2577, ncalls=11080, regioncalls=428120, ndraw=40, logz=-34.14, remainder_fraction=98.6554%, Lmin=-25.32, Lmax=-19.62
11:25:47 [ultranest] [DEBUG] iteration=2586, ncalls=11132, regioncalls=430200, ndraw=40, logz=-34.04, remainder_fraction=98.5177%, Lmin=-25.21, Lmax=-19.62
11:25:47 [ultranest] [DEBUG] iteration=2599, ncalls=11182, regioncalls=432200, ndraw=40, logz=-33.90, remainder_fraction=98.2769%, Lmin=-25.04, Lmax=-19.62
11:25:47 [ultranest] [DEBUG] iteration=2600, ncalls=11184, regioncalls=432280, ndraw=40, logz=-33.89, remainder_fraction=98.2560%, Lmin=-25.03, Lmax=-19.62
11:25:48 [ultranest] [DEBUG] iteration=2615, ncalls=11233, regioncalls=434240, ndraw=40, logz=-33.74, remainder_fraction=97.9638%, Lmin=-24.87, Lmax=-19.62
11:25:48 [ultranest] [DEBUG] iteration=2627, ncalls=11283, regioncalls=436240, ndraw=40, logz=-33.62, remainder_fraction=97.7638%, Lmin=-24.67, Lmax=-19.62
11:25:48 [ultranest] [DEBUG] iteration=2639, ncalls=11339, regioncalls=438480, ndraw=40, logz=-33.49, remainder_fraction=97.4731%, Lmin=-24.52, Lmax=-19.62
11:25:48 [ultranest] [DEBUG] iteration=2640, ncalls=11344, regioncalls=438680, ndraw=40, logz=-33.48, remainder_fraction=97.4445%, Lmin=-24.52, Lmax=-19.62
11:25:48 [ultranest] [DEBUG] iteration=2652, ncalls=11392, regioncalls=440600, ndraw=40, logz=-33.36, remainder_fraction=97.1447%, Lmin=-24.41, Lmax=-19.62
11:25:48 [ultranest] [DEBUG] iteration=2663, ncalls=11441, regioncalls=442560, ndraw=40, logz=-33.26, remainder_fraction=96.9452%, Lmin=-24.30, Lmax=-19.62
11:25:48 [ultranest] [DEBUG] iteration=2670, ncalls=11498, regioncalls=444840, ndraw=40, logz=-33.19, remainder_fraction=96.7168%, Lmin=-24.21, Lmax=-19.62
11:25:48 [ultranest] [DEBUG] iteration=2680, ncalls=11542, regioncalls=446600, ndraw=40, logz=-33.09, remainder_fraction=96.4566%, Lmin=-24.06, Lmax=-19.62
11:25:48 [ultranest] [DEBUG] iteration=2690, ncalls=11596, regioncalls=448760, ndraw=40, logz=-33.00, remainder_fraction=96.1334%, Lmin=-23.97, Lmax=-19.62
11:25:48 [ultranest] [DEBUG] iteration=2702, ncalls=11662, regioncalls=451400, ndraw=40, logz=-32.89, remainder_fraction=95.7051%, Lmin=-23.91, Lmax=-19.62
11:25:49 [ultranest] [DEBUG] iteration=2712, ncalls=11732, regioncalls=454200, ndraw=40, logz=-32.80, remainder_fraction=95.3323%, Lmin=-23.82, Lmax=-19.62
11:25:49 [ultranest] [DEBUG] iteration=2720, ncalls=11777, regioncalls=456000, ndraw=40, logz=-32.74, remainder_fraction=94.9535%, Lmin=-23.78, Lmax=-19.62
11:25:49 [ultranest] [DEBUG] iteration=2727, ncalls=11834, regioncalls=458320, ndraw=40, logz=-32.68, remainder_fraction=94.8404%, Lmin=-23.73, Lmax=-19.62
11:25:49 [ultranest] [DEBUG] iteration=2735, ncalls=11884, regioncalls=460400, ndraw=40, logz=-32.61, remainder_fraction=94.4274%, Lmin=-23.59, Lmax=-19.62
11:25:49 [ultranest] [DEBUG] iteration=2747, ncalls=11940, regioncalls=462640, ndraw=40, logz=-32.52, remainder_fraction=93.8525%, Lmin=-23.53, Lmax=-19.62
11:25:49 [ultranest] [DEBUG] iteration=2758, ncalls=12003, regioncalls=465160, ndraw=40, logz=-32.44, remainder_fraction=93.4441%, Lmin=-23.47, Lmax=-19.46
11:25:49 [ultranest] [DEBUG] iteration=2760, ncalls=12006, regioncalls=465280, ndraw=40, logz=-32.42, remainder_fraction=93.3205%, Lmin=-23.46, Lmax=-19.46
11:25:49 [ultranest] [DEBUG] iteration=2770, ncalls=12066, regioncalls=467680, ndraw=40, logz=-32.35, remainder_fraction=92.8286%, Lmin=-23.40, Lmax=-19.46
11:25:49 [ultranest] [DEBUG] iteration=2784, ncalls=12119, regioncalls=469800, ndraw=40, logz=-32.26, remainder_fraction=92.0880%, Lmin=-23.32, Lmax=-19.46
11:25:49 [ultranest] [DEBUG] iteration=2792, ncalls=12179, regioncalls=472200, ndraw=40, logz=-32.21, remainder_fraction=91.5599%, Lmin=-23.28, Lmax=-19.46
11:25:49 [ultranest] [DEBUG] iteration=2800, ncalls=12198, regioncalls=472960, ndraw=40, logz=-32.16, remainder_fraction=91.3292%, Lmin=-23.24, Lmax=-19.46
11:25:50 [ultranest] [DEBUG] iteration=2810, ncalls=12244, regioncalls=474800, ndraw=40, logz=-32.10, remainder_fraction=90.9248%, Lmin=-23.20, Lmax=-19.46
11:25:50 [ultranest] [DEBUG] iteration=2819, ncalls=12297, regioncalls=476920, ndraw=40, logz=-32.04, remainder_fraction=90.3562%, Lmin=-23.14, Lmax=-19.46
11:25:50 [ultranest] [DEBUG] iteration=2825, ncalls=12353, regioncalls=479160, ndraw=40, logz=-32.01, remainder_fraction=90.0778%, Lmin=-23.10, Lmax=-19.46
11:25:50 [ultranest] [DEBUG] iteration=2833, ncalls=12411, regioncalls=481480, ndraw=40, logz=-31.97, remainder_fraction=89.7880%, Lmin=-23.05, Lmax=-19.46
11:25:50 [ultranest] [DEBUG] iteration=2839, ncalls=12488, regioncalls=484560, ndraw=40, logz=-31.93, remainder_fraction=89.3771%, Lmin=-23.01, Lmax=-19.46
11:25:50 [ultranest] [DEBUG] iteration=2840, ncalls=12493, regioncalls=484760, ndraw=40, logz=-31.93, remainder_fraction=89.3037%, Lmin=-23.01, Lmax=-19.46
11:25:50 [ultranest] [DEBUG] iteration=2849, ncalls=12554, regioncalls=487200, ndraw=40, logz=-31.88, remainder_fraction=88.9737%, Lmin=-22.97, Lmax=-19.46
11:25:50 [ultranest] [DEBUG] iteration=2858, ncalls=12611, regioncalls=489480, ndraw=40, logz=-31.83, remainder_fraction=88.4394%, Lmin=-22.94, Lmax=-19.46
11:25:50 [ultranest] [DEBUG] iteration=2864, ncalls=12663, regioncalls=491560, ndraw=40, logz=-31.80, remainder_fraction=88.1021%, Lmin=-22.92, Lmax=-19.46
11:25:50 [ultranest] [DEBUG] iteration=2875, ncalls=12720, regioncalls=493840, ndraw=40, logz=-31.75, remainder_fraction=87.2623%, Lmin=-22.87, Lmax=-19.46
11:25:50 [ultranest] [DEBUG] iteration=2877, ncalls=12729, regioncalls=494240, ndraw=40, logz=-31.74, remainder_fraction=87.1642%, Lmin=-22.86, Lmax=-19.46
11:25:50 [ultranest] [DEBUG] iteration=2880, ncalls=12734, regioncalls=494440, ndraw=40, logz=-31.73, remainder_fraction=86.9600%, Lmin=-22.85, Lmax=-19.46
11:25:51 [ultranest] [DEBUG] iteration=2890, ncalls=12787, regioncalls=496560, ndraw=40, logz=-31.68, remainder_fraction=86.3377%, Lmin=-22.82, Lmax=-19.46
11:25:51 [ultranest] [DEBUG] iteration=2901, ncalls=12848, regioncalls=499000, ndraw=40, logz=-31.63, remainder_fraction=85.7577%, Lmin=-22.77, Lmax=-19.46
11:25:51 [ultranest] [DEBUG] iteration=2909, ncalls=12905, regioncalls=501280, ndraw=40, logz=-31.60, remainder_fraction=85.4895%, Lmin=-22.74, Lmax=-19.46
11:25:51 [ultranest] [DEBUG] iteration=2919, ncalls=12972, regioncalls=503960, ndraw=40, logz=-31.56, remainder_fraction=84.7377%, Lmin=-22.72, Lmax=-19.46
11:25:51 [ultranest] [DEBUG] iteration=2920, ncalls=12980, regioncalls=504280, ndraw=40, logz=-31.56, remainder_fraction=84.6497%, Lmin=-22.72, Lmax=-19.46
11:25:51 [ultranest] [DEBUG] iteration=2929, ncalls=13034, regioncalls=506440, ndraw=40, logz=-31.52, remainder_fraction=84.1054%, Lmin=-22.68, Lmax=-19.46
11:25:51 [ultranest] [DEBUG] iteration=2938, ncalls=13091, regioncalls=508720, ndraw=40, logz=-31.49, remainder_fraction=83.7327%, Lmin=-22.65, Lmax=-19.46
11:25:51 [ultranest] [DEBUG] iteration=2949, ncalls=13151, regioncalls=511120, ndraw=40, logz=-31.44, remainder_fraction=83.1074%, Lmin=-22.58, Lmax=-19.46
11:25:51 [ultranest] [DEBUG] iteration=2952, ncalls=13158, regioncalls=511520, ndraw=40, logz=-31.43, remainder_fraction=82.8778%, Lmin=-22.58, Lmax=-19.46
11:25:51 [ultranest] [DEBUG] iteration=2960, ncalls=13189, regioncalls=512760, ndraw=40, logz=-31.40, remainder_fraction=82.2797%, Lmin=-22.56, Lmax=-19.46
11:25:51 [ultranest] [DEBUG] iteration=2970, ncalls=13237, regioncalls=514680, ndraw=40, logz=-31.37, remainder_fraction=81.4660%, Lmin=-22.52, Lmax=-19.46
11:25:52 [ultranest] [DEBUG] iteration=2982, ncalls=13287, regioncalls=516680, ndraw=40, logz=-31.33, remainder_fraction=80.6950%, Lmin=-22.49, Lmax=-19.46
11:25:52 [ultranest] [DEBUG] iteration=2994, ncalls=13335, regioncalls=518600, ndraw=40, logz=-31.29, remainder_fraction=80.1250%, Lmin=-22.46, Lmax=-19.46
11:25:52 [ultranest] [DEBUG] iteration=3000, ncalls=13360, regioncalls=519600, ndraw=40, logz=-31.27, remainder_fraction=79.9232%, Lmin=-22.45, Lmax=-19.46
11:25:52 [ultranest] [DEBUG] iteration=3008, ncalls=13412, regioncalls=521680, ndraw=40, logz=-31.25, remainder_fraction=79.5641%, Lmin=-22.42, Lmax=-19.46
11:25:52 [ultranest] [DEBUG] iteration=3021, ncalls=13463, regioncalls=523720, ndraw=40, logz=-31.21, remainder_fraction=78.9321%, Lmin=-22.36, Lmax=-19.46
11:25:52 [ultranest] [DEBUG] iteration=3027, ncalls=13476, regioncalls=524360, ndraw=40, logz=-31.19, remainder_fraction=78.8145%, Lmin=-22.33, Lmax=-19.46
11:25:52 [ultranest] [DEBUG] iteration=3040, ncalls=13504, regioncalls=525520, ndraw=40, logz=-31.15, remainder_fraction=78.0686%, Lmin=-22.25, Lmax=-19.46
11:25:52 [ultranest] [DEBUG] iteration=3053, ncalls=13550, regioncalls=527360, ndraw=40, logz=-31.11, remainder_fraction=77.3555%, Lmin=-22.22, Lmax=-19.46
11:25:52 [ultranest] [DEBUG] iteration=3066, ncalls=13601, regioncalls=529400, ndraw=40, logz=-31.08, remainder_fraction=76.5010%, Lmin=-22.19, Lmax=-19.46
11:25:52 [ultranest] [DEBUG] iteration=3075, ncalls=13656, regioncalls=531600, ndraw=40, logz=-31.05, remainder_fraction=75.9201%, Lmin=-22.16, Lmax=-19.46
11:25:52 [ultranest] [DEBUG] iteration=3080, ncalls=13668, regioncalls=532080, ndraw=40, logz=-31.04, remainder_fraction=75.5013%, Lmin=-22.14, Lmax=-19.46
11:25:52 [ultranest] [DEBUG] iteration=3096, ncalls=13715, regioncalls=533960, ndraw=40, logz=-31.00, remainder_fraction=74.2463%, Lmin=-22.09, Lmax=-19.46
11:25:53 [ultranest] [DEBUG] iteration=3102, ncalls=13738, regioncalls=534920, ndraw=40, logz=-30.99, remainder_fraction=73.7829%, Lmin=-22.04, Lmax=-19.46
11:25:53 [ultranest] [DEBUG] iteration=3119, ncalls=13782, regioncalls=536680, ndraw=40, logz=-30.94, remainder_fraction=72.4206%, Lmin=-21.97, Lmax=-19.46
11:25:53 [ultranest] [DEBUG] iteration=3120, ncalls=13783, regioncalls=536720, ndraw=40, logz=-30.94, remainder_fraction=72.3914%, Lmin=-21.97, Lmax=-19.46
11:25:53 [ultranest] [DEBUG] iteration=3136, ncalls=13830, regioncalls=538600, ndraw=40, logz=-30.90, remainder_fraction=71.0942%, Lmin=-21.90, Lmax=-19.46
11:25:53 [ultranest] [DEBUG] iteration=3152, ncalls=13884, regioncalls=540760, ndraw=40, logz=-30.86, remainder_fraction=69.9065%, Lmin=-21.82, Lmax=-19.46
11:25:53 [ultranest] [DEBUG] iteration=3160, ncalls=13911, regioncalls=541840, ndraw=40, logz=-30.84, remainder_fraction=69.1496%, Lmin=-21.80, Lmax=-19.46
11:25:53 [ultranest] [DEBUG] iteration=3177, ncalls=13957, regioncalls=543720, ndraw=40, logz=-30.80, remainder_fraction=67.7647%, Lmin=-21.72, Lmax=-19.46
11:25:53 [ultranest] [DEBUG] iteration=3193, ncalls=14000, regioncalls=545440, ndraw=40, logz=-30.76, remainder_fraction=66.8203%, Lmin=-21.67, Lmax=-19.46
11:25:53 [ultranest] [DEBUG] iteration=3200, ncalls=14008, regioncalls=545760, ndraw=40, logz=-30.75, remainder_fraction=66.3341%, Lmin=-21.64, Lmax=-19.46
11:25:53 [ultranest] [DEBUG] iteration=3217, ncalls=14060, regioncalls=547840, ndraw=40, logz=-30.71, remainder_fraction=64.8576%, Lmin=-21.57, Lmax=-19.46
11:25:53 [ultranest] [DEBUG] iteration=3234, ncalls=14112, regioncalls=549920, ndraw=40, logz=-30.67, remainder_fraction=63.6391%, Lmin=-21.52, Lmax=-19.46
11:25:53 [ultranest] [DEBUG] iteration=3240, ncalls=14125, regioncalls=550440, ndraw=40, logz=-30.66, remainder_fraction=63.2347%, Lmin=-21.51, Lmax=-19.46
11:25:54 [ultranest] [DEBUG] iteration=3256, ncalls=14167, regioncalls=552120, ndraw=40, logz=-30.63, remainder_fraction=61.8710%, Lmin=-21.46, Lmax=-19.46
11:25:54 [ultranest] [DEBUG] iteration=3272, ncalls=14209, regioncalls=553800, ndraw=40, logz=-30.60, remainder_fraction=60.7458%, Lmin=-21.42, Lmax=-19.46
11:25:54 [ultranest] [DEBUG] iteration=3280, ncalls=14225, regioncalls=554440, ndraw=40, logz=-30.58, remainder_fraction=60.0568%, Lmin=-21.39, Lmax=-19.46
11:25:54 [ultranest] [DEBUG] iteration=3296, ncalls=14271, regioncalls=556280, ndraw=40, logz=-30.55, remainder_fraction=58.7231%, Lmin=-21.34, Lmax=-19.46
11:25:54 [ultranest] [DEBUG] iteration=3307, ncalls=14322, regioncalls=558320, ndraw=40, logz=-30.53, remainder_fraction=58.0467%, Lmin=-21.32, Lmax=-19.46
11:25:54 [ultranest] [DEBUG] iteration=3320, ncalls=14372, regioncalls=560320, ndraw=40, logz=-30.51, remainder_fraction=57.1453%, Lmin=-21.29, Lmax=-19.46
11:25:54 [ultranest] [DEBUG] iteration=3329, ncalls=14416, regioncalls=562080, ndraw=40, logz=-30.49, remainder_fraction=56.3136%, Lmin=-21.26, Lmax=-19.46
11:25:54 [ultranest] [DEBUG] iteration=3344, ncalls=14464, regioncalls=564000, ndraw=40, logz=-30.46, remainder_fraction=54.9232%, Lmin=-21.21, Lmax=-19.46
11:25:54 [ultranest] [DEBUG] iteration=3360, ncalls=14494, regioncalls=565200, ndraw=40, logz=-30.44, remainder_fraction=53.7553%, Lmin=-21.18, Lmax=-19.46
11:25:54 [ultranest] [DEBUG] iteration=3375, ncalls=14542, regioncalls=567120, ndraw=40, logz=-30.41, remainder_fraction=52.2459%, Lmin=-21.12, Lmax=-19.46
11:25:54 [ultranest] [DEBUG] iteration=3395, ncalls=14585, regioncalls=568840, ndraw=40, logz=-30.38, remainder_fraction=50.7518%, Lmin=-21.06, Lmax=-19.46
11:25:55 [ultranest] [DEBUG] iteration=3400, ncalls=14599, regioncalls=569400, ndraw=40, logz=-30.37, remainder_fraction=50.3858%, Lmin=-21.04, Lmax=-19.46
11:25:55 [ultranest] [DEBUG] iteration=3402, ncalls=14602, regioncalls=569560, ndraw=40, logz=-30.37, remainder_fraction=50.3058%, Lmin=-21.04, Lmax=-19.46
11:25:55 [ultranest] [DEBUG] iteration=3419, ncalls=14644, regioncalls=571240, ndraw=40, logz=-30.35, remainder_fraction=48.9086%, Lmin=-21.00, Lmax=-19.46
11:25:55 [ultranest] [DEBUG] iteration=3436, ncalls=14688, regioncalls=573000, ndraw=40, logz=-30.32, remainder_fraction=47.9306%, Lmin=-20.94, Lmax=-19.46
11:25:55 [ultranest] [DEBUG] iteration=3440, ncalls=14696, regioncalls=573320, ndraw=40, logz=-30.31, remainder_fraction=47.6196%, Lmin=-20.92, Lmax=-19.46
11:25:55 [ultranest] [DEBUG] iteration=3463, ncalls=14733, regioncalls=574800, ndraw=40, logz=-30.28, remainder_fraction=45.9632%, Lmin=-20.89, Lmax=-19.46
11:25:55 [ultranest] [DEBUG] iteration=3477, ncalls=14760, regioncalls=575920, ndraw=40, logz=-30.26, remainder_fraction=44.9251%, Lmin=-20.85, Lmax=-19.46
11:25:55 [ultranest] [DEBUG] iteration=3480, ncalls=14767, regioncalls=576240, ndraw=40, logz=-30.26, remainder_fraction=44.7874%, Lmin=-20.84, Lmax=-19.46
11:25:55 [ultranest] [DEBUG] iteration=3504, ncalls=14804, regioncalls=577720, ndraw=40, logz=-30.23, remainder_fraction=42.8115%, Lmin=-20.79, Lmax=-19.46
11:25:55 [ultranest] [DEBUG] iteration=3520, ncalls=14835, regioncalls=578960, ndraw=40, logz=-30.21, remainder_fraction=41.6595%, Lmin=-20.76, Lmax=-19.46
11:25:55 [ultranest] [DEBUG] iteration=3542, ncalls=14877, regioncalls=580640, ndraw=40, logz=-30.18, remainder_fraction=40.2065%, Lmin=-20.71, Lmax=-19.46
11:25:55 [ultranest] [DEBUG] iteration=3552, ncalls=14898, regioncalls=581560, ndraw=40, logz=-30.17, remainder_fraction=39.4669%, Lmin=-20.70, Lmax=-19.46
11:25:55 [ultranest] [DEBUG] iteration=3560, ncalls=14917, regioncalls=582320, ndraw=40, logz=-30.16, remainder_fraction=38.8957%, Lmin=-20.68, Lmax=-19.46
11:25:55 [ultranest] [DEBUG] iteration=3576, ncalls=14964, regioncalls=584200, ndraw=40, logz=-30.14, remainder_fraction=37.8437%, Lmin=-20.65, Lmax=-19.43
11:25:56 [ultranest] [DEBUG] iteration=3593, ncalls=15011, regioncalls=586080, ndraw=40, logz=-30.12, remainder_fraction=36.4868%, Lmin=-20.61, Lmax=-19.43
11:25:56 [ultranest] [DEBUG] iteration=3600, ncalls=15025, regioncalls=586640, ndraw=40, logz=-30.12, remainder_fraction=35.9880%, Lmin=-20.59, Lmax=-19.43
11:25:56 [ultranest] [DEBUG] iteration=3621, ncalls=15066, regioncalls=588280, ndraw=40, logz=-30.10, remainder_fraction=34.6193%, Lmin=-20.56, Lmax=-19.43
11:25:56 [ultranest] [DEBUG] iteration=3636, ncalls=15106, regioncalls=589880, ndraw=40, logz=-30.08, remainder_fraction=33.6831%, Lmin=-20.51, Lmax=-19.43
11:25:56 [ultranest] [DEBUG] iteration=3640, ncalls=15110, regioncalls=590040, ndraw=40, logz=-30.08, remainder_fraction=33.3867%, Lmin=-20.51, Lmax=-19.43
11:25:56 [ultranest] [DEBUG] iteration=3658, ncalls=15153, regioncalls=591760, ndraw=40, logz=-30.06, remainder_fraction=32.1669%, Lmin=-20.48, Lmax=-19.43
11:25:56 [ultranest] [DEBUG] iteration=3676, ncalls=15199, regioncalls=593600, ndraw=40, logz=-30.04, remainder_fraction=31.0792%, Lmin=-20.46, Lmax=-19.43
11:25:56 [ultranest] [DEBUG] iteration=3680, ncalls=15217, regioncalls=594320, ndraw=40, logz=-30.04, remainder_fraction=30.8307%, Lmin=-20.46, Lmax=-19.43
11:25:56 [ultranest] [DEBUG] iteration=3697, ncalls=15263, regioncalls=596160, ndraw=40, logz=-30.03, remainder_fraction=29.7835%, Lmin=-20.43, Lmax=-19.43
11:25:56 [ultranest] [DEBUG] iteration=3702, ncalls=15272, regioncalls=596560, ndraw=40, logz=-30.02, remainder_fraction=29.4402%, Lmin=-20.42, Lmax=-19.43
11:25:56 [ultranest] [DEBUG] iteration=3720, ncalls=15302, regioncalls=597760, ndraw=40, logz=-30.01, remainder_fraction=28.4650%, Lmin=-20.40, Lmax=-19.43
11:25:56 [ultranest] [DEBUG] iteration=3743, ncalls=15342, regioncalls=599360, ndraw=40, logz=-29.99, remainder_fraction=27.2645%, Lmin=-20.35, Lmax=-19.43
11:25:56 [ultranest] [DEBUG] iteration=3760, ncalls=15385, regioncalls=601080, ndraw=40, logz=-29.98, remainder_fraction=26.3377%, Lmin=-20.32, Lmax=-19.43
11:25:57 [ultranest] [DEBUG] iteration=3778, ncalls=15426, regioncalls=602720, ndraw=40, logz=-29.96, remainder_fraction=25.4386%, Lmin=-20.29, Lmax=-19.43
11:25:57 [ultranest] [DEBUG] iteration=3793, ncalls=15468, regioncalls=604400, ndraw=40, logz=-29.95, remainder_fraction=24.6803%, Lmin=-20.27, Lmax=-19.43
11:25:57 [ultranest] [DEBUG] iteration=3800, ncalls=15477, regioncalls=604760, ndraw=40, logz=-29.95, remainder_fraction=24.3186%, Lmin=-20.25, Lmax=-19.43
11:25:57 [ultranest] [DEBUG] iteration=3810, ncalls=15524, regioncalls=606640, ndraw=40, logz=-29.94, remainder_fraction=23.8793%, Lmin=-20.24, Lmax=-19.43
11:25:57 [ultranest] [DEBUG] iteration=3833, ncalls=15568, regioncalls=608400, ndraw=40, logz=-29.93, remainder_fraction=22.6649%, Lmin=-20.20, Lmax=-19.43
11:25:57 [ultranest] [DEBUG] iteration=3840, ncalls=15592, regioncalls=609360, ndraw=40, logz=-29.92, remainder_fraction=22.3110%, Lmin=-20.19, Lmax=-19.43
11:25:57 [ultranest] [DEBUG] iteration=3852, ncalls=15617, regioncalls=610400, ndraw=40, logz=-29.91, remainder_fraction=21.7882%, Lmin=-20.17, Lmax=-19.43
11:25:57 [ultranest] [DEBUG] iteration=3870, ncalls=15653, regioncalls=611840, ndraw=40, logz=-29.90, remainder_fraction=20.9553%, Lmin=-20.15, Lmax=-19.43
11:25:57 [ultranest] [DEBUG] iteration=3880, ncalls=15668, regioncalls=612440, ndraw=40, logz=-29.90, remainder_fraction=20.5088%, Lmin=-20.14, Lmax=-19.43
11:25:57 [ultranest] [DEBUG] iteration=3906, ncalls=15708, regioncalls=614040, ndraw=40, logz=-29.88, remainder_fraction=19.3872%, Lmin=-20.11, Lmax=-19.43
11:25:57 [ultranest] [DEBUG] iteration=3920, ncalls=15738, regioncalls=615240, ndraw=40, logz=-29.88, remainder_fraction=18.8130%, Lmin=-20.09, Lmax=-19.43
11:25:57 [ultranest] [DEBUG] iteration=3927, ncalls=15751, regioncalls=615800, ndraw=40, logz=-29.87, remainder_fraction=18.5413%, Lmin=-20.08, Lmax=-19.43
11:25:57 [ultranest] [DEBUG] iteration=3947, ncalls=15794, regioncalls=617520, ndraw=40, logz=-29.86, remainder_fraction=17.6640%, Lmin=-20.06, Lmax=-19.43
11:25:58 [ultranest] [DEBUG] iteration=3960, ncalls=15822, regioncalls=618640, ndraw=40, logz=-29.86, remainder_fraction=17.1625%, Lmin=-20.04, Lmax=-19.43
11:25:58 [ultranest] [DEBUG] iteration=3978, ncalls=15868, regioncalls=620480, ndraw=40, logz=-29.85, remainder_fraction=16.4968%, Lmin=-20.02, Lmax=-19.43
11:25:58 [ultranest] [DEBUG] iteration=4000, ncalls=15902, regioncalls=621840, ndraw=40, logz=-29.84, remainder_fraction=15.6371%, Lmin=-19.99, Lmax=-19.43
11:25:58 [ultranest] [DEBUG] iteration=4002, ncalls=15911, regioncalls=622240, ndraw=40, logz=-29.84, remainder_fraction=15.5561%, Lmin=-19.99, Lmax=-19.43
11:25:58 [ultranest] [DEBUG] iteration=4024, ncalls=15951, regioncalls=623840, ndraw=40, logz=-29.83, remainder_fraction=14.7492%, Lmin=-19.97, Lmax=-19.43
11:25:58 [ultranest] [DEBUG] iteration=4040, ncalls=15979, regioncalls=624960, ndraw=40, logz=-29.82, remainder_fraction=14.1662%, Lmin=-19.95, Lmax=-19.43
11:25:58 [ultranest] [DEBUG] iteration=4061, ncalls=16022, regioncalls=626680, ndraw=40, logz=-29.81, remainder_fraction=13.4487%, Lmin=-19.94, Lmax=-19.43
11:25:58 [ultranest] [DEBUG] iteration=4080, ncalls=16054, regioncalls=627960, ndraw=40, logz=-29.81, remainder_fraction=12.8533%, Lmin=-19.92, Lmax=-19.43
11:25:58 [ultranest] [DEBUG] iteration=4099, ncalls=16096, regioncalls=629640, ndraw=40, logz=-29.80, remainder_fraction=12.2730%, Lmin=-19.90, Lmax=-19.43
11:25:58 [ultranest] [DEBUG] iteration=4118, ncalls=16143, regioncalls=631520, ndraw=40, logz=-29.79, remainder_fraction=11.7100%, Lmin=-19.89, Lmax=-19.43
11:25:58 [ultranest] [DEBUG] iteration=4120, ncalls=16147, regioncalls=631680, ndraw=40, logz=-29.79, remainder_fraction=11.6597%, Lmin=-19.88, Lmax=-19.43
11:25:58 [ultranest] [DEBUG] iteration=4140, ncalls=16190, regioncalls=633400, ndraw=40, logz=-29.79, remainder_fraction=11.1080%, Lmin=-19.87, Lmax=-19.43
11:25:59 [ultranest] [DEBUG] iteration=4152, ncalls=16214, regioncalls=634400, ndraw=40, logz=-29.78, remainder_fraction=10.7932%, Lmin=-19.85, Lmax=-19.43
11:25:59 [ultranest] [DEBUG] iteration=4160, ncalls=16224, regioncalls=634840, ndraw=40, logz=-29.78, remainder_fraction=10.5752%, Lmin=-19.85, Lmax=-19.43
11:25:59 [ultranest] [DEBUG] iteration=4184, ncalls=16262, regioncalls=636360, ndraw=40, logz=-29.77, remainder_fraction=9.9570%, Lmin=-19.83, Lmax=-19.43
11:25:59 [ultranest] [DEBUG] iteration=4200, ncalls=16300, regioncalls=637880, ndraw=40, logz=-29.77, remainder_fraction=9.5486%, Lmin=-19.82, Lmax=-19.43
11:25:59 [ultranest] [DEBUG] iteration=4219, ncalls=16338, regioncalls=639400, ndraw=40, logz=-29.76, remainder_fraction=9.0916%, Lmin=-19.80, Lmax=-19.43
11:25:59 [ultranest] [DEBUG] iteration=4227, ncalls=16357, regioncalls=640200, ndraw=40, logz=-29.76, remainder_fraction=8.9038%, Lmin=-19.80, Lmax=-19.43
11:25:59 [ultranest] [DEBUG] iteration=4240, ncalls=16377, regioncalls=641000, ndraw=40, logz=-29.76, remainder_fraction=8.6140%, Lmin=-19.79, Lmax=-19.43
11:25:59 [ultranest] [DEBUG] iteration=4262, ncalls=16418, regioncalls=642640, ndraw=40, logz=-29.75, remainder_fraction=8.1542%, Lmin=-19.77, Lmax=-19.43
11:25:59 [ultranest] [DEBUG] iteration=4280, ncalls=16439, regioncalls=643480, ndraw=40, logz=-29.75, remainder_fraction=7.7881%, Lmin=-19.76, Lmax=-19.43
11:25:59 [ultranest] [DEBUG] iteration=4302, ncalls=16474, regioncalls=644920, ndraw=40, logz=-29.74, remainder_fraction=7.3608%, Lmin=-19.75, Lmax=-19.43
11:25:59 [ultranest] [DEBUG] iteration=4320, ncalls=16511, regioncalls=646400, ndraw=40, logz=-29.74, remainder_fraction=7.0244%, Lmin=-19.74, Lmax=-19.43
11:25:59 [ultranest] [DEBUG] iteration=4342, ncalls=16553, regioncalls=648080, ndraw=40, logz=-29.74, remainder_fraction=6.6369%, Lmin=-19.73, Lmax=-19.43
11:25:59 [ultranest] [DEBUG] iteration=4360, ncalls=16581, regioncalls=649200, ndraw=40, logz=-29.73, remainder_fraction=6.3284%, Lmin=-19.72, Lmax=-19.43
11:26:00 [ultranest] [DEBUG] iteration=4377, ncalls=16623, regioncalls=650880, ndraw=40, logz=-29.73, remainder_fraction=6.0489%, Lmin=-19.71, Lmax=-19.43
11:26:00 [ultranest] [DEBUG] iteration=4387, ncalls=16646, regioncalls=651800, ndraw=40, logz=-29.73, remainder_fraction=5.8925%, Lmin=-19.70, Lmax=-19.43
11:26:00 [ultranest] [DEBUG] iteration=4391, ncalls=16651, regioncalls=652000, ndraw=40, logz=-29.73, remainder_fraction=5.8313%, Lmin=-19.70, Lmax=-19.43
11:26:00 [ultranest] [DEBUG] iteration=4394, ncalls=16657, regioncalls=652240, ndraw=40, logz=-29.73, remainder_fraction=5.7844%, Lmin=-19.70, Lmax=-19.43
11:26:00 [ultranest] [DEBUG] iteration=4397, ncalls=16662, regioncalls=652440, ndraw=40, logz=-29.73, remainder_fraction=5.7357%, Lmin=-19.70, Lmax=-19.43
11:26:00 [ultranest] [DEBUG] iteration=4400, ncalls=16669, regioncalls=652720, ndraw=40, logz=-29.73, remainder_fraction=5.6895%, Lmin=-19.70, Lmax=-19.43
11:26:00 [ultranest] [DEBUG] iteration=4403, ncalls=16675, regioncalls=652960, ndraw=40, logz=-29.73, remainder_fraction=5.6419%, Lmin=-19.70, Lmax=-19.43
11:26:00 [ultranest] [DEBUG] iteration=4407, ncalls=16681, regioncalls=653200, ndraw=40, logz=-29.73, remainder_fraction=5.5848%, Lmin=-19.70, Lmax=-19.43
11:26:01 [ultranest] [DEBUG] iteration=4411, ncalls=16690, regioncalls=653560, ndraw=40, logz=-29.73, remainder_fraction=5.5266%, Lmin=-19.70, Lmax=-19.43
11:26:01 [ultranest] [DEBUG] iteration=4414, ncalls=16696, regioncalls=653800, ndraw=40, logz=-29.72, remainder_fraction=5.4835%, Lmin=-19.69, Lmax=-19.43
11:26:01 [ultranest] [DEBUG] iteration=4418, ncalls=16701, regioncalls=654000, ndraw=40, logz=-29.72, remainder_fraction=5.4267%, Lmin=-19.69, Lmax=-19.43
11:26:01 [ultranest] [DEBUG] iteration=4422, ncalls=16706, regioncalls=654200, ndraw=40, logz=-29.72, remainder_fraction=5.3690%, Lmin=-19.69, Lmax=-19.43
11:26:01 [ultranest] [DEBUG] iteration=4426, ncalls=16712, regioncalls=654440, ndraw=40, logz=-29.72, remainder_fraction=5.3114%, Lmin=-19.69, Lmax=-19.43
11:26:01 [ultranest] [DEBUG] iteration=4427, ncalls=16719, regioncalls=654720, ndraw=40, logz=-29.72, remainder_fraction=5.2972%, Lmin=-19.69, Lmax=-19.43
11:26:01 [ultranest] [DEBUG] iteration=4431, ncalls=16724, regioncalls=654920, ndraw=40, logz=-29.72, remainder_fraction=5.2412%, Lmin=-19.68, Lmax=-19.43
11:26:01 [ultranest] [DEBUG] iteration=4433, ncalls=16730, regioncalls=655160, ndraw=40, logz=-29.72, remainder_fraction=5.2128%, Lmin=-19.68, Lmax=-19.43
11:26:02 [ultranest] [DEBUG] iteration=4438, ncalls=16738, regioncalls=655480, ndraw=40, logz=-29.72, remainder_fraction=5.1435%, Lmin=-19.68, Lmax=-19.43
11:26:02 [ultranest] [DEBUG] iteration=4440, ncalls=16743, regioncalls=655680, ndraw=40, logz=-29.72, remainder_fraction=5.1153%, Lmin=-19.67, Lmax=-19.43
11:26:02 [ultranest] [DEBUG] iteration=4443, ncalls=16749, regioncalls=655920, ndraw=40, logz=-29.72, remainder_fraction=5.0730%, Lmin=-19.67, Lmax=-19.43
11:26:02 [ultranest] [DEBUG] iteration=4444, ncalls=16756, regioncalls=656200, ndraw=40, logz=-29.72, remainder_fraction=5.0605%, Lmin=-19.67, Lmax=-19.43
11:26:02 [ultranest] [DEBUG] iteration=4446, ncalls=16762, regioncalls=656440, ndraw=40, logz=-29.72, remainder_fraction=5.0331%, Lmin=-19.67, Lmax=-19.43
11:26:02 [ultranest] [DEBUG] iteration=4448, ncalls=16771, regioncalls=656800, ndraw=40, logz=-29.72, remainder_fraction=5.0081%, Lmin=-19.67, Lmax=-19.43
11:26:02 [ultranest] [DEBUG] iteration=4450, ncalls=16778, regioncalls=657080, ndraw=40, logz=-29.72, remainder_fraction=4.9822%, Lmin=-19.67, Lmax=-19.43
11:26:02 [ultranest] [DEBUG] iteration=4452, ncalls=16781, regioncalls=657240, ndraw=40, logz=-29.72, remainder_fraction=4.9571%, Lmin=-19.67, Lmax=-19.43
11:26:02 [ultranest] [DEBUG] iteration=4455, ncalls=16786, regioncalls=657440, ndraw=40, logz=-29.72, remainder_fraction=4.9173%, Lmin=-19.67, Lmax=-19.43
11:26:03 [ultranest] [DEBUG] iteration=4458, ncalls=16791, regioncalls=657640, ndraw=40, logz=-29.72, remainder_fraction=4.8745%, Lmin=-19.66, Lmax=-19.42
11:26:03 [ultranest] [DEBUG] iteration=4462, ncalls=16796, regioncalls=657840, ndraw=40, logz=-29.72, remainder_fraction=4.8224%, Lmin=-19.66, Lmax=-19.42
11:26:03 [ultranest] [DEBUG] iteration=4465, ncalls=16801, regioncalls=658040, ndraw=40, logz=-29.72, remainder_fraction=4.7816%, Lmin=-19.66, Lmax=-19.42
11:26:03 [ultranest] [DEBUG] iteration=4469, ncalls=16806, regioncalls=658240, ndraw=40, logz=-29.72, remainder_fraction=4.7321%, Lmin=-19.66, Lmax=-19.42
11:26:03 [ultranest] [DEBUG] iteration=4472, ncalls=16812, regioncalls=658480, ndraw=40, logz=-29.72, remainder_fraction=4.6931%, Lmin=-19.66, Lmax=-19.42
11:26:03 [ultranest] [DEBUG] iteration=4475, ncalls=16818, regioncalls=658720, ndraw=40, logz=-29.72, remainder_fraction=4.6548%, Lmin=-19.66, Lmax=-19.42
11:26:03 [ultranest] [DEBUG] iteration=4478, ncalls=16826, regioncalls=659040, ndraw=40, logz=-29.72, remainder_fraction=4.6149%, Lmin=-19.66, Lmax=-19.42
11:26:03 [ultranest] [DEBUG] iteration=4480, ncalls=16830, regioncalls=659200, ndraw=40, logz=-29.72, remainder_fraction=4.5887%, Lmin=-19.65, Lmax=-19.42
11:26:03 [ultranest] [DEBUG] iteration=4484, ncalls=16836, regioncalls=659440, ndraw=40, logz=-29.71, remainder_fraction=4.5403%, Lmin=-19.65, Lmax=-19.42
11:26:04 [ultranest] [DEBUG] iteration=4488, ncalls=16842, regioncalls=659680, ndraw=40, logz=-29.71, remainder_fraction=4.4946%, Lmin=-19.65, Lmax=-19.42
11:26:04 [ultranest] [DEBUG] iteration=4491, ncalls=16849, regioncalls=659960, ndraw=40, logz=-29.71, remainder_fraction=4.4603%, Lmin=-19.65, Lmax=-19.42
11:26:04 [ultranest] [DEBUG] iteration=4493, ncalls=16856, regioncalls=660240, ndraw=40, logz=-29.71, remainder_fraction=4.4341%, Lmin=-19.65, Lmax=-19.42
11:26:04 [ultranest] [DEBUG] iteration=4495, ncalls=16864, regioncalls=660560, ndraw=40, logz=-29.71, remainder_fraction=4.4105%, Lmin=-19.65, Lmax=-19.42
11:26:04 [ultranest] [DEBUG] iteration=4499, ncalls=16869, regioncalls=660760, ndraw=40, logz=-29.71, remainder_fraction=4.3656%, Lmin=-19.65, Lmax=-19.42
11:26:04 [ultranest] [DEBUG] iteration=4502, ncalls=16874, regioncalls=660960, ndraw=40, logz=-29.71, remainder_fraction=4.3300%, Lmin=-19.65, Lmax=-19.42
11:26:04 [ultranest] [DEBUG] iteration=4506, ncalls=16880, regioncalls=661200, ndraw=40, logz=-29.71, remainder_fraction=4.2819%, Lmin=-19.64, Lmax=-19.42
11:26:04 [ultranest] [DEBUG] iteration=4509, ncalls=16885, regioncalls=661400, ndraw=40, logz=-29.71, remainder_fraction=4.2470%, Lmin=-19.64, Lmax=-19.42
11:26:05 [ultranest] [DEBUG] iteration=4512, ncalls=16892, regioncalls=661680, ndraw=40, logz=-29.71, remainder_fraction=4.2142%, Lmin=-19.64, Lmax=-19.42
11:26:05 [ultranest] [DEBUG] iteration=4515, ncalls=16901, regioncalls=662040, ndraw=40, logz=-29.71, remainder_fraction=4.1811%, Lmin=-19.64, Lmax=-19.42
11:26:05 [ultranest] [DEBUG] iteration=4517, ncalls=16907, regioncalls=662280, ndraw=40, logz=-29.71, remainder_fraction=4.1580%, Lmin=-19.64, Lmax=-19.42
11:26:05 [ultranest] [DEBUG] iteration=4520, ncalls=16912, regioncalls=662480, ndraw=40, logz=-29.71, remainder_fraction=4.1232%, Lmin=-19.64, Lmax=-19.42
11:26:05 [ultranest] [DEBUG] iteration=4522, ncalls=16919, regioncalls=662760, ndraw=40, logz=-29.71, remainder_fraction=4.1026%, Lmin=-19.64, Lmax=-19.42
11:26:05 [ultranest] [DEBUG] iteration=4525, ncalls=16928, regioncalls=663120, ndraw=40, logz=-29.71, remainder_fraction=4.0679%, Lmin=-19.64, Lmax=-19.42
11:26:05 [ultranest] [DEBUG] iteration=4527, ncalls=16930, regioncalls=663240, ndraw=40, logz=-29.71, remainder_fraction=4.0456%, Lmin=-19.64, Lmax=-19.42
11:26:06 [ultranest] [DEBUG] iteration=4530, ncalls=16940, regioncalls=663640, ndraw=40, logz=-29.71, remainder_fraction=4.0146%, Lmin=-19.64, Lmax=-19.42
11:26:06 [ultranest] [DEBUG] iteration=4532, ncalls=16944, regioncalls=663800, ndraw=40, logz=-29.71, remainder_fraction=3.9942%, Lmin=-19.63, Lmax=-19.42
11:26:06 [ultranest] [DEBUG] iteration=4549, ncalls=16979, regioncalls=665200, ndraw=40, logz=-29.71, remainder_fraction=3.8163%, Lmin=-19.63, Lmax=-19.42
11:26:06 [ultranest] [DEBUG] iteration=4560, ncalls=16998, regioncalls=665960, ndraw=40, logz=-29.71, remainder_fraction=3.7030%, Lmin=-19.62, Lmax=-19.42
11:26:06 [ultranest] [DEBUG] iteration=4576, ncalls=17040, regioncalls=667640, ndraw=40, logz=-29.70, remainder_fraction=3.5447%, Lmin=-19.61, Lmax=-19.42
11:26:06 [ultranest] [DEBUG] iteration=4592, ncalls=17078, regioncalls=669160, ndraw=40, logz=-29.70, remainder_fraction=3.3905%, Lmin=-19.61, Lmax=-19.42
11:26:06 [ultranest] [DEBUG] iteration=4600, ncalls=17090, regioncalls=669640, ndraw=40, logz=-29.70, remainder_fraction=3.3175%, Lmin=-19.60, Lmax=-19.42
11:26:06 [ultranest] [DEBUG] iteration=4602, ncalls=17092, regioncalls=669760, ndraw=40, logz=-29.70, remainder_fraction=3.2996%, Lmin=-19.60, Lmax=-19.42
11:26:06 [ultranest] [DEBUG] iteration=4624, ncalls=17129, regioncalls=671320, ndraw=40, logz=-29.70, remainder_fraction=3.1065%, Lmin=-19.59, Lmax=-19.42
11:26:06 [ultranest] [DEBUG] iteration=4640, ncalls=17154, regioncalls=672320, ndraw=40, logz=-29.70, remainder_fraction=2.9735%, Lmin=-19.59, Lmax=-19.42
11:26:06 [ultranest] [DEBUG] iteration=4660, ncalls=17194, regioncalls=673920, ndraw=40, logz=-29.70, remainder_fraction=2.8119%, Lmin=-19.58, Lmax=-19.42
11:26:07 [ultranest] [DEBUG] iteration=4677, ncalls=17230, regioncalls=675400, ndraw=40, logz=-29.70, remainder_fraction=2.6812%, Lmin=-19.58, Lmax=-19.42
11:26:07 [ultranest] [DEBUG] iteration=4680, ncalls=17236, regioncalls=675640, ndraw=40, logz=-29.70, remainder_fraction=2.6589%, Lmin=-19.57, Lmax=-19.42
11:26:07 [ultranest] [DEBUG] iteration=4700, ncalls=17267, regioncalls=676880, ndraw=40, logz=-29.69, remainder_fraction=2.5148%, Lmin=-19.56, Lmax=-19.42
11:26:07 [ultranest] [DEBUG] iteration=4720, ncalls=17297, regioncalls=678080, ndraw=40, logz=-29.69, remainder_fraction=2.3764%, Lmin=-19.56, Lmax=-19.42
11:26:07 [ultranest] [DEBUG] iteration=4741, ncalls=17332, regioncalls=679480, ndraw=40, logz=-29.69, remainder_fraction=2.2400%, Lmin=-19.55, Lmax=-19.42
11:26:07 [ultranest] [DEBUG] iteration=4752, ncalls=17351, regioncalls=680280, ndraw=40, logz=-29.69, remainder_fraction=2.1721%, Lmin=-19.55, Lmax=-19.42
11:26:07 [ultranest] [DEBUG] iteration=4760, ncalls=17360, regioncalls=680640, ndraw=40, logz=-29.69, remainder_fraction=2.1231%, Lmin=-19.55, Lmax=-19.42
11:26:07 [ultranest] [DEBUG] iteration=4781, ncalls=17393, regioncalls=681960, ndraw=40, logz=-29.69, remainder_fraction=2.0019%, Lmin=-19.54, Lmax=-19.42
11:26:07 [ultranest] [DEBUG] iteration=4800, ncalls=17421, regioncalls=683080, ndraw=40, logz=-29.69, remainder_fraction=1.8977%, Lmin=-19.54, Lmax=-19.42
11:26:07 [ultranest] [DEBUG] iteration=4823, ncalls=17458, regioncalls=684560, ndraw=40, logz=-29.69, remainder_fraction=1.7781%, Lmin=-19.53, Lmax=-19.42
11:26:07 [ultranest] [DEBUG] iteration=4827, ncalls=17465, regioncalls=684960, ndraw=40, logz=-29.69, remainder_fraction=1.7588%, Lmin=-19.53, Lmax=-19.42
11:26:07 [ultranest] [DEBUG] iteration=4840, ncalls=17488, regioncalls=685880, ndraw=40, logz=-29.69, remainder_fraction=1.6952%, Lmin=-19.53, Lmax=-19.42
11:26:07 [ultranest] [DEBUG] iteration=4861, ncalls=17521, regioncalls=687200, ndraw=40, logz=-29.68, remainder_fraction=1.5963%, Lmin=-19.52, Lmax=-19.42
11:26:08 [ultranest] [INFO] Explored until L=-2e+01  
11:26:08 [ultranest] [INFO] Likelihood function evaluations: 17547
11:26:09 [ultranest] [INFO] Writing samples and results to disk ...
11:26:09 [ultranest] [INFO] Writing samples and results to disk ... done
11:26:09 [ultranest] [DEBUG] did a run_iter pass!
11:26:09 [ultranest] [INFO]   logZ = -29.7 +- 0.1043
11:26:09 [ultranest] [INFO] Effective samples strategy satisfied (ESS = 1797.8, need >400)
11:26:09 [ultranest] [INFO] Posterior uncertainty strategy is satisfied (KL: 0.45+-0.07 nat, need <0.50 nat)
11:26:09 [ultranest] [INFO] Evidency uncertainty strategy is satisfied (dlogz=0.11, need <0.5)
11:26:09 [ultranest] [INFO]   logZ error budget: single: 0.16 bs:0.10 tail:0.02 total:0.11 required:<0.50
11:26:09 [ultranest] [INFO] done iterating.
11:26:09 [ultranest] [DEBUG] Making corner plot ...
11:26:11 [ultranest] [DEBUG] Making corner plot ... done
11:26:11 [ultranest] [DEBUG] Making run plot ... 
11:26:11 [ultranest] [DEBUG] Making run plot ... done
11:26:11 [ultranest] [DEBUG] Making trace plot ... 
11:26:13 [ultranest] [DEBUG] Making trace plot ... done
