09:34:41 [ultranest] [DEBUG] ReactiveNestedSampler: dims=3+0, resume=True, log_dir=/home/orion51/Desktop/Research/spectral_fitting/FGL_spectral_fitting/Individual_sources/2CXOJ085903.6-473040/powerlaw_out_, backend=hdf5, vectorized=False, nbootstraps=30, ndraw=128..65536
09:34:41 [ultranest] [INFO] Sampling 400 live points from prior ...
09:34:42 [ultranest] [DEBUG] run_iter dlogz=0.5, dKL=0.5, frac_remain=0.01, Lepsilon=0.1000, min_ess=400
09:34:42 [ultranest] [DEBUG] max_iters=-1, max_ncalls=-1, max_num_improvement_loops=-1, min_num_live_points=400, cluster_num_live_points=40
09:34:42 [ultranest] [DEBUG] minimal_widths_sequence: [(-inf, 400.0), (inf, 400.0)]
09:34:42 [ultranest] [DEBUG] iteration=0, ncalls=401, regioncalls=40, ndraw=40, logz=-inf, remainder_fraction=100.0000%, Lmin=-362718337158.86, Lmax=-148.84
09:34:42 [ultranest] [DEBUG] iteration=30, ncalls=432, regioncalls=1280, ndraw=40, logz=-308521116.63, remainder_fraction=100.0000%, Lmin=-204172562.28, Lmax=-148.84
09:34:42 [ultranest] [DEBUG] iteration=40, ncalls=447, regioncalls=1880, ndraw=40, logz=-110377760.76, remainder_fraction=100.0000%, Lmin=-94182143.49, Lmax=-148.84
09:34:42 [ultranest] [DEBUG] iteration=72, ncalls=481, regioncalls=3240, ndraw=40, logz=-7887706.36, remainder_fraction=100.0000%, Lmin=-6830399.00, Lmax=-148.84
09:34:42 [ultranest] [DEBUG] iteration=80, ncalls=491, regioncalls=3640, ndraw=40, logz=-5890683.90, remainder_fraction=100.0000%, Lmin=-4913753.85, Lmax=-148.84
09:34:43 [ultranest] [DEBUG] iteration=90, ncalls=504, regioncalls=4160, ndraw=40, logz=-2171238.10, remainder_fraction=100.0000%, Lmin=-2078699.17, Lmax=-148.84
09:34:43 [ultranest] [DEBUG] iteration=116, ncalls=535, regioncalls=5400, ndraw=40, logz=-682433.93, remainder_fraction=100.0000%, Lmin=-670515.04, Lmax=-148.84
09:34:43 [ultranest] [DEBUG] iteration=120, ncalls=539, regioncalls=5560, ndraw=40, logz=-590749.96, remainder_fraction=100.0000%, Lmin=-558050.46, Lmax=-148.84
09:34:43 [ultranest] [DEBUG] iteration=146, ncalls=574, regioncalls=6960, ndraw=40, logz=-271221.19, remainder_fraction=100.0000%, Lmin=-234314.72, Lmax=-148.84
09:34:43 [ultranest] [DEBUG] iteration=160, ncalls=590, regioncalls=7600, ndraw=40, logz=-122273.74, remainder_fraction=100.0000%, Lmin=-118981.23, Lmax=-148.84
09:34:43 [ultranest] [DEBUG] iteration=180, ncalls=616, regioncalls=8640, ndraw=40, logz=-46026.26, remainder_fraction=100.0000%, Lmin=-45847.19, Lmax=-148.84
09:34:43 [ultranest] [DEBUG] iteration=200, ncalls=643, regioncalls=9720, ndraw=40, logz=-13419.48, remainder_fraction=100.0000%, Lmin=-12556.38, Lmax=-148.84
09:34:43 [ultranest] [DEBUG] iteration=225, ncalls=677, regioncalls=11080, ndraw=40, logz=-3490.50, remainder_fraction=100.0000%, Lmin=-3391.84, Lmax=-148.84
09:34:43 [ultranest] [DEBUG] iteration=240, ncalls=699, regioncalls=11960, ndraw=40, logz=-1775.20, remainder_fraction=100.0000%, Lmin=-1692.42, Lmax=-148.84
09:34:43 [ultranest] [DEBUG] iteration=267, ncalls=735, regioncalls=13400, ndraw=40, logz=-1152.03, remainder_fraction=100.0000%, Lmin=-1144.44, Lmax=-133.18
09:34:43 [ultranest] [DEBUG] iteration=270, ncalls=738, regioncalls=13520, ndraw=40, logz=-1132.78, remainder_fraction=100.0000%, Lmin=-1117.41, Lmax=-133.18
09:34:43 [ultranest] [DEBUG] Plateau detected at L=-1.070274e+03, not replacing live point.
09:34:43 [ultranest] [DEBUG] Plateau detected at L=-1.070274e+03, not replacing live point.
09:34:43 [ultranest] [DEBUG] Plateau detected at L=-1.070274e+03, not replacing live point.
09:34:43 [ultranest] [DEBUG] Plateau detected at L=-1.070274e+03, not replacing live point.
09:34:43 [ultranest] [DEBUG] Plateau detected at L=-1.070274e+03, not replacing live point.
09:34:43 [ultranest] [DEBUG] Plateau detected at L=-1.070274e+03, not replacing live point.
09:34:43 [ultranest] [DEBUG] Plateau detected at L=-1.070274e+03, not replacing live point.
09:34:43 [ultranest] [DEBUG] Plateau detected at L=-1.070274e+03, not replacing live point.
09:34:43 [ultranest] [DEBUG] Plateau detected at L=-1.070274e+03, not replacing live point.
09:34:43 [ultranest] [DEBUG] Plateau detected at L=-1.070274e+03, not replacing live point.
09:34:43 [ultranest] [DEBUG] Plateau detected at L=-1.070274e+03, not replacing live point.
09:34:43 [ultranest] [DEBUG] Plateau detected at L=-1.070274e+03, not replacing live point.
09:34:43 [ultranest] [DEBUG] Plateau detected at L=-1.070274e+03, not replacing live point.
09:34:43 [ultranest] [DEBUG] Plateau detected at L=-1.070274e+03, not replacing live point.
09:34:43 [ultranest] [DEBUG] Plateau detected at L=-1.070274e+03, not replacing live point.
09:34:43 [ultranest] [DEBUG] Plateau detected at L=-1.070274e+03, not replacing live point.
09:34:43 [ultranest] [DEBUG] Plateau detected at L=-1.070274e+03, not replacing live point.
09:34:43 [ultranest] [DEBUG] Plateau detected at L=-1.070274e+03, not replacing live point.
09:34:43 [ultranest] [DEBUG] Plateau detected at L=-1.070274e+03, not replacing live point.
09:34:43 [ultranest] [DEBUG] Plateau detected at L=-1.070274e+03, not replacing live point.
09:34:43 [ultranest] [DEBUG] Plateau detected at L=-1.070274e+03, not replacing live point.
09:34:43 [ultranest] [DEBUG] Plateau detected at L=-1.070274e+03, not replacing live point.
09:34:43 [ultranest] [DEBUG] Plateau detected at L=-1.070274e+03, not replacing live point.
09:34:43 [ultranest] [DEBUG] Plateau detected at L=-1.070274e+03, not replacing live point.
09:34:43 [ultranest] [DEBUG] Plateau detected at L=-1.070274e+03, not replacing live point.
09:34:43 [ultranest] [DEBUG] Plateau detected at L=-1.070274e+03, not replacing live point.
09:34:43 [ultranest] [DEBUG] Plateau detected at L=-1.070274e+03, not replacing live point.
09:34:43 [ultranest] [DEBUG] Plateau detected at L=-1.070274e+03, not replacing live point.
09:34:43 [ultranest] [DEBUG] Plateau detected at L=-1.070274e+03, not replacing live point.
09:34:43 [ultranest] [DEBUG] Plateau detected at L=-1.070274e+03, not replacing live point.
09:34:43 [ultranest] [DEBUG] Plateau detected at L=-1.070274e+03, not replacing live point.
09:34:43 [ultranest] [DEBUG] Plateau detected at L=-1.070274e+03, not replacing live point.
09:34:43 [ultranest] [DEBUG] Plateau detected at L=-1.070274e+03, not replacing live point.
09:34:43 [ultranest] [DEBUG] Plateau detected at L=-1.070274e+03, not replacing live point.
09:34:43 [ultranest] [DEBUG] Plateau detected at L=-1.070274e+03, not replacing live point.
09:34:43 [ultranest] [DEBUG] Plateau detected at L=-1.070274e+03, not replacing live point.
09:34:43 [ultranest] [DEBUG] Plateau detected at L=-1.070274e+03, not replacing live point.
09:34:43 [ultranest] [DEBUG] Plateau detected at L=-1.070274e+03, not replacing live point.
09:34:43 [ultranest] [DEBUG] Plateau detected at L=-1.070274e+03, not replacing live point.
09:34:43 [ultranest] [DEBUG] Plateau detected at L=-1.070274e+03, not replacing live point.
09:34:43 [ultranest] [DEBUG] Plateau detected at L=-1.070274e+03, not replacing live point.
09:34:43 [ultranest] [DEBUG] Plateau detected at L=-1.070274e+03, not replacing live point.
09:34:43 [ultranest] [DEBUG] Plateau detected at L=-1.070274e+03, not replacing live point.
09:34:43 [ultranest] [DEBUG] Plateau detected at L=-1.070274e+03, not replacing live point.
09:34:43 [ultranest] [DEBUG] Plateau detected at L=-1.070274e+03, not replacing live point.
09:34:43 [ultranest] [DEBUG] Plateau detected at L=-1.070274e+03, not replacing live point.
09:34:43 [ultranest] [DEBUG] Plateau detected at L=-1.070274e+03, not replacing live point.
09:34:43 [ultranest] [DEBUG] Plateau detected at L=-1.070274e+03, not replacing live point.
09:34:43 [ultranest] [DEBUG] Plateau detected at L=-1.070274e+03, not replacing live point.
09:34:43 [ultranest] [DEBUG] Plateau detected at L=-1.070274e+03, not replacing live point.
09:34:43 [ultranest] [DEBUG] Plateau detected at L=-1.070274e+03, not replacing live point.
09:34:43 [ultranest] [DEBUG] iteration=325, ncalls=744, regioncalls=13760, ndraw=40, logz=-1073.02, remainder_fraction=100.0000%, Lmin=-1070.27, Lmax=-133.18
09:34:43 [ultranest] [DEBUG] Plateau detected at L=-1.070274e+03, not replacing live point.
09:34:43 [ultranest] [DEBUG] iteration=327, ncalls=748, regioncalls=13920, ndraw=40, logz=-1072.98, remainder_fraction=100.0000%, Lmin=-1070.27, Lmax=-133.18
09:34:43 [ultranest] [DEBUG] Plateau detected at L=-1.070274e+03, not replacing live point.
09:34:43 [ultranest] [DEBUG] iteration=333, ncalls=757, regioncalls=14280, ndraw=40, logz=-1072.87, remainder_fraction=100.0000%, Lmin=-1070.27, Lmax=-133.18
09:34:43 [ultranest] [DEBUG] Plateau detected at L=-1.070274e+03, not replacing live point.
09:34:43 [ultranest] [DEBUG] iteration=335, ncalls=760, regioncalls=14400, ndraw=40, logz=-1072.84, remainder_fraction=100.0000%, Lmin=-1070.27, Lmax=-133.18
09:34:43 [ultranest] [DEBUG] iteration=359, ncalls=794, regioncalls=15760, ndraw=40, logz=-1072.52, remainder_fraction=100.0000%, Lmin=-1070.27, Lmax=-133.18
09:34:43 [ultranest] [DEBUG] iteration=360, ncalls=795, regioncalls=15800, ndraw=40, logz=-1072.51, remainder_fraction=100.0000%, Lmin=-1070.27, Lmax=-133.18
09:34:44 [ultranest] [DEBUG] iteration=381, ncalls=837, regioncalls=17480, ndraw=40, logz=-1072.32, remainder_fraction=100.0000%, Lmin=-1070.27, Lmax=-133.18
09:34:44 [ultranest] [DEBUG] iteration=400, ncalls=873, regioncalls=18920, ndraw=40, logz=-1072.17, remainder_fraction=100.0000%, Lmin=-1070.27, Lmax=-133.18
09:34:44 [ultranest] [DEBUG] iteration=413, ncalls=890, regioncalls=19600, ndraw=40, logz=-1072.09, remainder_fraction=100.0000%, Lmin=-1070.27, Lmax=-133.18
09:34:44 [ultranest] [DEBUG] iteration=434, ncalls=926, regioncalls=21040, ndraw=40, logz=-1071.97, remainder_fraction=100.0000%, Lmin=-1070.27, Lmax=-133.18
09:34:44 [ultranest] [DEBUG] iteration=440, ncalls=935, regioncalls=21400, ndraw=40, logz=-1071.94, remainder_fraction=100.0000%, Lmin=-1070.26, Lmax=-69.35
09:34:44 [ultranest] [DEBUG] iteration=457, ncalls=979, regioncalls=23160, ndraw=40, logz=-1071.86, remainder_fraction=100.0000%, Lmin=-1070.18, Lmax=-69.35
09:34:44 [ultranest] [DEBUG] iteration=478, ncalls=1021, regioncalls=24840, ndraw=40, logz=-1071.75, remainder_fraction=100.0000%, Lmin=-1069.84, Lmax=-69.35
09:34:44 [ultranest] [DEBUG] iteration=480, ncalls=1025, regioncalls=25000, ndraw=40, logz=-1071.74, remainder_fraction=100.0000%, Lmin=-1069.81, Lmax=-69.35
09:34:44 [ultranest] [DEBUG] iteration=496, ncalls=1063, regioncalls=26520, ndraw=40, logz=-1071.64, remainder_fraction=100.0000%, Lmin=-1069.40, Lmax=-69.35
09:34:44 [ultranest] [DEBUG] iteration=513, ncalls=1102, regioncalls=28080, ndraw=40, logz=-1071.46, remainder_fraction=100.0000%, Lmin=-1068.46, Lmax=-69.35
09:34:44 [ultranest] [DEBUG] iteration=520, ncalls=1116, regioncalls=28640, ndraw=40, logz=-1071.33, remainder_fraction=100.0000%, Lmin=-1067.87, Lmax=-69.35
09:34:44 [ultranest] [DEBUG] iteration=541, ncalls=1159, regioncalls=30360, ndraw=40, logz=-1070.78, remainder_fraction=100.0000%, Lmin=-1066.98, Lmax=-69.35
09:34:45 [ultranest] [DEBUG] iteration=560, ncalls=1199, regioncalls=31960, ndraw=40, logz=-1070.04, remainder_fraction=100.0000%, Lmin=-1065.55, Lmax=-69.35
09:34:45 [ultranest] [DEBUG] iteration=577, ncalls=1236, regioncalls=33440, ndraw=40, logz=-1069.04, remainder_fraction=100.0000%, Lmin=-1064.48, Lmax=-69.35
09:34:45 [ultranest] [DEBUG] iteration=594, ncalls=1278, regioncalls=35120, ndraw=40, logz=-1068.07, remainder_fraction=100.0000%, Lmin=-1063.23, Lmax=-69.35
09:34:45 [ultranest] [DEBUG] iteration=600, ncalls=1300, regioncalls=36000, ndraw=40, logz=-1067.64, remainder_fraction=100.0000%, Lmin=-1062.57, Lmax=-69.35
09:34:45 [ultranest] [DEBUG] iteration=617, ncalls=1348, regioncalls=37920, ndraw=40, logz=-1065.70, remainder_fraction=100.0000%, Lmin=-1060.20, Lmax=-69.35
09:34:45 [ultranest] [DEBUG] iteration=636, ncalls=1395, regioncalls=39800, ndraw=40, logz=-1062.64, remainder_fraction=100.0000%, Lmin=-1056.41, Lmax=-69.35
09:34:45 [ultranest] [DEBUG] iteration=640, ncalls=1411, regioncalls=40440, ndraw=40, logz=-1061.70, remainder_fraction=100.0000%, Lmin=-1055.71, Lmax=-69.35
09:34:45 [ultranest] [DEBUG] iteration=651, ncalls=1451, regioncalls=42040, ndraw=40, logz=-1059.47, remainder_fraction=100.0000%, Lmin=-1053.21, Lmax=-69.35
09:34:45 [ultranest] [DEBUG] iteration=664, ncalls=1493, regioncalls=43720, ndraw=40, logz=-1056.42, remainder_fraction=100.0000%, Lmin=-1050.27, Lmax=-69.35
09:34:45 [ultranest] [DEBUG] iteration=679, ncalls=1540, regioncalls=45600, ndraw=40, logz=-1053.33, remainder_fraction=100.0000%, Lmin=-1047.06, Lmax=-69.35
09:34:45 [ultranest] [DEBUG] iteration=680, ncalls=1548, regioncalls=45920, ndraw=40, logz=-1053.11, remainder_fraction=100.0000%, Lmin=-1046.81, Lmax=-69.35
09:34:45 [ultranest] [DEBUG] iteration=694, ncalls=1593, regioncalls=47720, ndraw=40, logz=-1047.98, remainder_fraction=100.0000%, Lmin=-1041.44, Lmax=-69.35
09:34:46 [ultranest] [DEBUG] iteration=707, ncalls=1642, regioncalls=49680, ndraw=40, logz=-1043.42, remainder_fraction=100.0000%, Lmin=-1036.12, Lmax=-69.35
09:34:46 [ultranest] [DEBUG] iteration=717, ncalls=1691, regioncalls=51640, ndraw=40, logz=-1040.04, remainder_fraction=100.0000%, Lmin=-1033.16, Lmax=-69.35
09:34:46 [ultranest] [DEBUG] iteration=720, ncalls=1707, regioncalls=52280, ndraw=40, logz=-1038.93, remainder_fraction=100.0000%, Lmin=-1032.24, Lmax=-69.35
09:34:46 [ultranest] [DEBUG] iteration=734, ncalls=1748, regioncalls=53920, ndraw=40, logz=-1033.90, remainder_fraction=100.0000%, Lmin=-1027.72, Lmax=-69.35
09:34:46 [ultranest] [DEBUG] iteration=747, ncalls=1792, regioncalls=55680, ndraw=40, logz=-1028.70, remainder_fraction=100.0000%, Lmin=-1021.49, Lmax=-69.35
09:34:46 [ultranest] [DEBUG] iteration=760, ncalls=1843, regioncalls=57720, ndraw=40, logz=-1022.43, remainder_fraction=100.0000%, Lmin=-1015.00, Lmax=-69.35
09:34:46 [ultranest] [DEBUG] iteration=772, ncalls=1891, regioncalls=59640, ndraw=40, logz=-1012.29, remainder_fraction=100.0000%, Lmin=-1003.40, Lmax=-69.35
09:34:46 [ultranest] [DEBUG] iteration=785, ncalls=1940, regioncalls=61600, ndraw=40, logz=-1002.50, remainder_fraction=100.0000%, Lmin=-993.79, Lmax=-69.35
09:34:46 [ultranest] [DEBUG] iteration=797, ncalls=1987, regioncalls=63480, ndraw=40, logz=-993.90, remainder_fraction=100.0000%, Lmin=-986.13, Lmax=-69.35
09:34:46 [ultranest] [DEBUG] iteration=800, ncalls=2006, regioncalls=64240, ndraw=40, logz=-991.69, remainder_fraction=100.0000%, Lmin=-983.63, Lmax=-69.35
09:34:46 [ultranest] [DEBUG] iteration=803, ncalls=2017, regioncalls=64680, ndraw=40, logz=-990.16, remainder_fraction=100.0000%, Lmin=-983.16, Lmax=-69.35
09:34:46 [ultranest] [DEBUG] iteration=819, ncalls=2059, regioncalls=66360, ndraw=40, logz=-979.82, remainder_fraction=100.0000%, Lmin=-971.80, Lmax=-69.35
09:34:47 [ultranest] [DEBUG] iteration=837, ncalls=2102, regioncalls=68080, ndraw=40, logz=-969.88, remainder_fraction=100.0000%, Lmin=-961.13, Lmax=-69.35
09:34:47 [ultranest] [DEBUG] iteration=840, ncalls=2107, regioncalls=68280, ndraw=40, logz=-967.27, remainder_fraction=100.0000%, Lmin=-957.65, Lmax=-69.35
09:34:47 [ultranest] [DEBUG] iteration=859, ncalls=2151, regioncalls=70040, ndraw=40, logz=-950.82, remainder_fraction=100.0000%, Lmin=-941.62, Lmax=-69.35
09:34:47 [ultranest] [DEBUG] iteration=877, ncalls=2194, regioncalls=71760, ndraw=40, logz=-932.73, remainder_fraction=100.0000%, Lmin=-924.18, Lmax=-69.35
09:34:47 [ultranest] [DEBUG] iteration=880, ncalls=2199, regioncalls=71960, ndraw=40, logz=-929.58, remainder_fraction=100.0000%, Lmin=-920.01, Lmax=-69.35
09:34:47 [ultranest] [DEBUG] iteration=896, ncalls=2236, regioncalls=73440, ndraw=40, logz=-913.91, remainder_fraction=100.0000%, Lmin=-905.10, Lmax=-69.35
09:34:47 [ultranest] [DEBUG] iteration=912, ncalls=2280, regioncalls=75200, ndraw=40, logz=-889.61, remainder_fraction=100.0000%, Lmin=-880.72, Lmax=-69.35
09:34:47 [ultranest] [DEBUG] iteration=920, ncalls=2295, regioncalls=75800, ndraw=40, logz=-884.86, remainder_fraction=100.0000%, Lmin=-877.29, Lmax=-69.35
09:34:47 [ultranest] [DEBUG] iteration=939, ncalls=2337, regioncalls=77480, ndraw=40, logz=-864.83, remainder_fraction=100.0000%, Lmin=-855.40, Lmax=-69.35
09:34:47 [ultranest] [DEBUG] iteration=960, ncalls=2373, regioncalls=78920, ndraw=40, logz=-845.39, remainder_fraction=100.0000%, Lmin=-836.77, Lmax=-69.35
09:34:47 [ultranest] [DEBUG] iteration=975, ncalls=2414, regioncalls=80560, ndraw=40, logz=-826.38, remainder_fraction=100.0000%, Lmin=-816.98, Lmax=-56.04
09:34:47 [ultranest] [DEBUG] iteration=991, ncalls=2458, regioncalls=82320, ndraw=40, logz=-800.79, remainder_fraction=100.0000%, Lmin=-791.91, Lmax=-56.04
09:34:48 [ultranest] [DEBUG] iteration=1000, ncalls=2475, regioncalls=83000, ndraw=40, logz=-789.77, remainder_fraction=100.0000%, Lmin=-781.10, Lmax=-56.04
09:34:48 [ultranest] [DEBUG] iteration=1020, ncalls=2522, regioncalls=84880, ndraw=40, logz=-767.71, remainder_fraction=100.0000%, Lmin=-758.88, Lmax=-56.04
09:34:48 [ultranest] [DEBUG] iteration=1037, ncalls=2566, regioncalls=86640, ndraw=40, logz=-738.74, remainder_fraction=100.0000%, Lmin=-729.27, Lmax=-56.04
09:34:48 [ultranest] [DEBUG] iteration=1040, ncalls=2574, regioncalls=86960, ndraw=40, logz=-733.52, remainder_fraction=100.0000%, Lmin=-723.21, Lmax=-56.04
09:34:48 [ultranest] [DEBUG] iteration=1052, ncalls=2615, regioncalls=88600, ndraw=40, logz=-715.65, remainder_fraction=100.0000%, Lmin=-707.14, Lmax=-56.04
09:34:48 [ultranest] [DEBUG] iteration=1066, ncalls=2660, regioncalls=90400, ndraw=40, logz=-696.49, remainder_fraction=100.0000%, Lmin=-688.38, Lmax=-56.04
09:34:48 [ultranest] [DEBUG] iteration=1080, ncalls=2701, regioncalls=92040, ndraw=40, logz=-679.15, remainder_fraction=100.0000%, Lmin=-669.31, Lmax=-56.04
09:34:48 [ultranest] [DEBUG] iteration=1093, ncalls=2750, regioncalls=94000, ndraw=40, logz=-667.88, remainder_fraction=100.0000%, Lmin=-655.56, Lmax=-56.04
09:34:48 [ultranest] [DEBUG] iteration=1108, ncalls=2806, regioncalls=96360, ndraw=40, logz=-650.55, remainder_fraction=100.0000%, Lmin=-641.37, Lmax=-56.04
09:34:48 [ultranest] [DEBUG] iteration=1120, ncalls=2848, regioncalls=98040, ndraw=40, logz=-634.12, remainder_fraction=100.0000%, Lmin=-623.77, Lmax=-56.04
09:34:49 [ultranest] [DEBUG] iteration=1135, ncalls=2888, regioncalls=99640, ndraw=40, logz=-619.82, remainder_fraction=100.0000%, Lmin=-606.19, Lmax=-56.04
09:34:49 [ultranest] [DEBUG] iteration=1150, ncalls=2935, regioncalls=101560, ndraw=40, logz=-602.36, remainder_fraction=100.0000%, Lmin=-593.84, Lmax=-56.04
09:34:49 [ultranest] [DEBUG] iteration=1160, ncalls=2975, regioncalls=103160, ndraw=40, logz=-588.54, remainder_fraction=100.0000%, Lmin=-579.90, Lmax=-56.04
09:34:49 [ultranest] [DEBUG] iteration=1169, ncalls=3032, regioncalls=105480, ndraw=40, logz=-582.50, remainder_fraction=100.0000%, Lmin=-573.46, Lmax=-56.04
09:34:49 [ultranest] [DEBUG] iteration=1182, ncalls=3087, regioncalls=107680, ndraw=40, logz=-574.69, remainder_fraction=100.0000%, Lmin=-566.10, Lmax=-56.04
09:34:49 [ultranest] [DEBUG] iteration=1197, ncalls=3131, regioncalls=109440, ndraw=40, logz=-558.64, remainder_fraction=100.0000%, Lmin=-548.92, Lmax=-56.04
09:34:49 [ultranest] [DEBUG] iteration=1200, ncalls=3140, regioncalls=109800, ndraw=40, logz=-555.73, remainder_fraction=100.0000%, Lmin=-545.02, Lmax=-56.04
09:34:49 [ultranest] [DEBUG] iteration=1217, ncalls=3181, regioncalls=111440, ndraw=40, logz=-537.00, remainder_fraction=100.0000%, Lmin=-527.79, Lmax=-56.04
09:34:49 [ultranest] [DEBUG] iteration=1229, ncalls=3233, regioncalls=113520, ndraw=40, logz=-515.10, remainder_fraction=100.0000%, Lmin=-505.74, Lmax=-56.04
09:34:49 [ultranest] [DEBUG] iteration=1240, ncalls=3279, regioncalls=115360, ndraw=40, logz=-506.48, remainder_fraction=100.0000%, Lmin=-497.45, Lmax=-56.04
09:34:49 [ultranest] [DEBUG] iteration=1257, ncalls=3334, regioncalls=117560, ndraw=40, logz=-497.47, remainder_fraction=100.0000%, Lmin=-488.56, Lmax=-56.04
09:34:50 [ultranest] [DEBUG] iteration=1269, ncalls=3381, regioncalls=119480, ndraw=40, logz=-481.90, remainder_fraction=100.0000%, Lmin=-472.59, Lmax=-56.04
09:34:50 [ultranest] [DEBUG] iteration=1276, ncalls=3427, regioncalls=121320, ndraw=40, logz=-475.33, remainder_fraction=100.0000%, Lmin=-465.13, Lmax=-56.04
09:34:50 [ultranest] [DEBUG] iteration=1280, ncalls=3449, regioncalls=122200, ndraw=40, logz=-471.92, remainder_fraction=100.0000%, Lmin=-462.99, Lmax=-56.04
09:34:50 [ultranest] [DEBUG] iteration=1291, ncalls=3497, regioncalls=124120, ndraw=40, logz=-462.98, remainder_fraction=100.0000%, Lmin=-452.22, Lmax=-56.04
09:34:50 [ultranest] [DEBUG] iteration=1303, ncalls=3541, regioncalls=125880, ndraw=40, logz=-450.47, remainder_fraction=100.0000%, Lmin=-441.03, Lmax=-56.04
09:34:50 [ultranest] [DEBUG] iteration=1316, ncalls=3593, regioncalls=127960, ndraw=40, logz=-437.24, remainder_fraction=100.0000%, Lmin=-426.85, Lmax=-56.04
09:34:50 [ultranest] [DEBUG] iteration=1320, ncalls=3610, regioncalls=128640, ndraw=40, logz=-432.72, remainder_fraction=100.0000%, Lmin=-422.91, Lmax=-56.04
09:34:50 [ultranest] [DEBUG] iteration=1331, ncalls=3657, regioncalls=130520, ndraw=40, logz=-426.82, remainder_fraction=100.0000%, Lmin=-418.00, Lmax=-56.04
09:34:50 [ultranest] [DEBUG] iteration=1343, ncalls=3704, regioncalls=132400, ndraw=40, logz=-417.81, remainder_fraction=100.0000%, Lmin=-408.36, Lmax=-56.04
09:34:50 [ultranest] [DEBUG] iteration=1350, ncalls=3749, regioncalls=134200, ndraw=40, logz=-415.05, remainder_fraction=100.0000%, Lmin=-406.68, Lmax=-56.04
09:34:51 [ultranest] [DEBUG] iteration=1360, ncalls=3792, regioncalls=136040, ndraw=40, logz=-407.80, remainder_fraction=100.0000%, Lmin=-398.47, Lmax=-56.04
09:34:51 [ultranest] [DEBUG] iteration=1370, ncalls=3841, regioncalls=138000, ndraw=40, logz=-398.43, remainder_fraction=100.0000%, Lmin=-389.27, Lmax=-56.04
09:34:51 [ultranest] [DEBUG] iteration=1380, ncalls=3897, regioncalls=140240, ndraw=40, logz=-393.36, remainder_fraction=100.0000%, Lmin=-384.28, Lmax=-56.04
09:34:51 [ultranest] [DEBUG] iteration=1390, ncalls=3944, regioncalls=142120, ndraw=40, logz=-388.32, remainder_fraction=100.0000%, Lmin=-379.27, Lmax=-56.04
09:34:51 [ultranest] [DEBUG] iteration=1400, ncalls=3988, regioncalls=143880, ndraw=40, logz=-379.90, remainder_fraction=100.0000%, Lmin=-370.74, Lmax=-56.04
09:34:51 [ultranest] [DEBUG] iteration=1410, ncalls=4040, regioncalls=145960, ndraw=40, logz=-372.24, remainder_fraction=100.0000%, Lmin=-362.93, Lmax=-56.04
09:34:51 [ultranest] [DEBUG] iteration=1421, ncalls=4095, regioncalls=148160, ndraw=40, logz=-367.58, remainder_fraction=100.0000%, Lmin=-357.36, Lmax=-56.04
09:34:51 [ultranest] [DEBUG] iteration=1427, ncalls=4138, regioncalls=149880, ndraw=40, logz=-362.98, remainder_fraction=100.0000%, Lmin=-352.60, Lmax=-56.04
09:34:51 [ultranest] [DEBUG] iteration=1437, ncalls=4186, regioncalls=151800, ndraw=40, logz=-357.21, remainder_fraction=100.0000%, Lmin=-347.47, Lmax=-56.04
09:34:51 [ultranest] [DEBUG] iteration=1440, ncalls=4204, regioncalls=152520, ndraw=40, logz=-355.83, remainder_fraction=100.0000%, Lmin=-346.23, Lmax=-56.04
09:34:52 [ultranest] [DEBUG] iteration=1451, ncalls=4261, regioncalls=154840, ndraw=40, logz=-350.70, remainder_fraction=100.0000%, Lmin=-341.67, Lmax=-56.04
09:34:52 [ultranest] [DEBUG] iteration=1461, ncalls=4310, regioncalls=156800, ndraw=40, logz=-347.42, remainder_fraction=100.0000%, Lmin=-339.02, Lmax=-56.04
09:34:52 [ultranest] [DEBUG] iteration=1467, ncalls=4368, regioncalls=159120, ndraw=40, logz=-344.67, remainder_fraction=100.0000%, Lmin=-335.19, Lmax=-56.04
09:34:52 [ultranest] [DEBUG] iteration=1477, ncalls=4421, regioncalls=161240, ndraw=40, logz=-340.50, remainder_fraction=100.0000%, Lmin=-330.48, Lmax=-56.04
09:34:52 [ultranest] [DEBUG] iteration=1480, ncalls=4428, regioncalls=161520, ndraw=40, logz=-338.86, remainder_fraction=100.0000%, Lmin=-329.71, Lmax=-56.04
09:34:52 [ultranest] [DEBUG] iteration=1491, ncalls=4475, regioncalls=163400, ndraw=40, logz=-333.80, remainder_fraction=100.0000%, Lmin=-324.79, Lmax=-56.04
09:34:52 [ultranest] [DEBUG] iteration=1502, ncalls=4528, regioncalls=165520, ndraw=40, logz=-329.49, remainder_fraction=100.0000%, Lmin=-318.66, Lmax=-56.04
09:34:52 [ultranest] [DEBUG] iteration=1509, ncalls=4575, regioncalls=167400, ndraw=40, logz=-323.79, remainder_fraction=100.0000%, Lmin=-313.78, Lmax=-56.04
09:34:52 [ultranest] [DEBUG] iteration=1520, ncalls=4618, regioncalls=169120, ndraw=40, logz=-317.64, remainder_fraction=100.0000%, Lmin=-308.07, Lmax=-56.04
09:34:52 [ultranest] [DEBUG] iteration=1529, ncalls=4668, regioncalls=171120, ndraw=40, logz=-311.63, remainder_fraction=100.0000%, Lmin=-302.62, Lmax=-56.04
09:34:52 [ultranest] [DEBUG] iteration=1534, ncalls=4720, regioncalls=173200, ndraw=40, logz=-310.12, remainder_fraction=100.0000%, Lmin=-300.86, Lmax=-56.04
09:34:53 [ultranest] [DEBUG] iteration=1539, ncalls=4776, regioncalls=175440, ndraw=40, logz=-306.40, remainder_fraction=100.0000%, Lmin=-296.55, Lmax=-56.04
09:34:53 [ultranest] [DEBUG] iteration=1548, ncalls=4828, regioncalls=177520, ndraw=40, logz=-300.61, remainder_fraction=100.0000%, Lmin=-290.68, Lmax=-56.04
09:34:53 [ultranest] [DEBUG] iteration=1554, ncalls=4879, regioncalls=179560, ndraw=40, logz=-297.73, remainder_fraction=100.0000%, Lmin=-287.84, Lmax=-56.04
09:34:53 [ultranest] [DEBUG] iteration=1560, ncalls=4915, regioncalls=181000, ndraw=40, logz=-294.07, remainder_fraction=100.0000%, Lmin=-284.10, Lmax=-56.04
09:34:53 [ultranest] [DEBUG] iteration=1565, ncalls=4968, regioncalls=183120, ndraw=40, logz=-291.98, remainder_fraction=100.0000%, Lmin=-282.69, Lmax=-56.04
09:34:53 [ultranest] [DEBUG] iteration=1576, ncalls=5015, regioncalls=185000, ndraw=40, logz=-287.40, remainder_fraction=100.0000%, Lmin=-277.07, Lmax=-56.04
09:34:53 [ultranest] [DEBUG] iteration=1582, ncalls=5076, regioncalls=187440, ndraw=40, logz=-284.65, remainder_fraction=100.0000%, Lmin=-274.73, Lmax=-56.04
09:34:53 [ultranest] [DEBUG] iteration=1592, ncalls=5116, regioncalls=189040, ndraw=40, logz=-279.52, remainder_fraction=100.0000%, Lmin=-269.65, Lmax=-56.04
09:34:53 [ultranest] [DEBUG] iteration=1599, ncalls=5164, regioncalls=190960, ndraw=40, logz=-275.50, remainder_fraction=100.0000%, Lmin=-265.88, Lmax=-56.04
09:34:53 [ultranest] [DEBUG] iteration=1600, ncalls=5172, regioncalls=191280, ndraw=40, logz=-275.11, remainder_fraction=100.0000%, Lmin=-265.27, Lmax=-56.04
09:34:54 [ultranest] [DEBUG] iteration=1605, ncalls=5230, regioncalls=193600, ndraw=40, logz=-273.17, remainder_fraction=100.0000%, Lmin=-263.65, Lmax=-56.04
09:34:54 [ultranest] [DEBUG] iteration=1613, ncalls=5289, regioncalls=195960, ndraw=40, logz=-270.25, remainder_fraction=100.0000%, Lmin=-259.98, Lmax=-56.04
09:34:54 [ultranest] [DEBUG] iteration=1619, ncalls=5340, regioncalls=198000, ndraw=40, logz=-266.73, remainder_fraction=100.0000%, Lmin=-257.30, Lmax=-56.04
09:34:54 [ultranest] [DEBUG] iteration=1630, ncalls=5391, regioncalls=200040, ndraw=40, logz=-262.42, remainder_fraction=100.0000%, Lmin=-251.94, Lmax=-56.04
09:34:54 [ultranest] [DEBUG] iteration=1639, ncalls=5445, regioncalls=202200, ndraw=40, logz=-257.13, remainder_fraction=100.0000%, Lmin=-247.55, Lmax=-56.04
09:34:54 [ultranest] [DEBUG] iteration=1640, ncalls=5446, regioncalls=202240, ndraw=40, logz=-256.78, remainder_fraction=100.0000%, Lmin=-247.45, Lmax=-56.04
09:34:54 [ultranest] [DEBUG] iteration=1647, ncalls=5514, regioncalls=204960, ndraw=40, logz=-254.52, remainder_fraction=100.0000%, Lmin=-245.12, Lmax=-56.04
09:34:54 [ultranest] [DEBUG] iteration=1655, ncalls=5572, regioncalls=207280, ndraw=40, logz=-251.67, remainder_fraction=100.0000%, Lmin=-242.26, Lmax=-56.04
09:34:54 [ultranest] [DEBUG] iteration=1661, ncalls=5623, regioncalls=209360, ndraw=40, logz=-247.78, remainder_fraction=100.0000%, Lmin=-237.83, Lmax=-56.04
09:34:54 [ultranest] [DEBUG] iteration=1668, ncalls=5669, regioncalls=211240, ndraw=40, logz=-245.65, remainder_fraction=100.0000%, Lmin=-236.24, Lmax=-56.04
09:34:55 [ultranest] [DEBUG] iteration=1675, ncalls=5755, regioncalls=214680, ndraw=40, logz=-242.50, remainder_fraction=100.0000%, Lmin=-232.88, Lmax=-56.04
09:34:55 [ultranest] [DEBUG] iteration=1680, ncalls=5789, regioncalls=216040, ndraw=40, logz=-240.89, remainder_fraction=100.0000%, Lmin=-231.49, Lmax=-56.04
09:34:55 [ultranest] [DEBUG] iteration=1691, ncalls=5839, regioncalls=218040, ndraw=40, logz=-236.82, remainder_fraction=100.0000%, Lmin=-227.04, Lmax=-56.04
09:34:55 [ultranest] [DEBUG] iteration=1695, ncalls=5893, regioncalls=220200, ndraw=40, logz=-235.61, remainder_fraction=100.0000%, Lmin=-226.39, Lmax=-56.04
09:34:55 [ultranest] [DEBUG] iteration=1702, ncalls=5947, regioncalls=222360, ndraw=40, logz=-233.54, remainder_fraction=100.0000%, Lmin=-223.84, Lmax=-56.04
09:34:55 [ultranest] [DEBUG] iteration=1715, ncalls=6004, regioncalls=224640, ndraw=40, logz=-230.60, remainder_fraction=100.0000%, Lmin=-221.56, Lmax=-56.04
09:34:55 [ultranest] [DEBUG] iteration=1720, ncalls=6043, regioncalls=226200, ndraw=40, logz=-229.67, remainder_fraction=100.0000%, Lmin=-220.28, Lmax=-56.04
09:34:55 [ultranest] [DEBUG] iteration=1728, ncalls=6105, regioncalls=228680, ndraw=40, logz=-227.36, remainder_fraction=100.0000%, Lmin=-217.79, Lmax=-56.04
09:34:55 [ultranest] [DEBUG] iteration=1736, ncalls=6158, regioncalls=230800, ndraw=40, logz=-224.69, remainder_fraction=100.0000%, Lmin=-215.12, Lmax=-56.04
09:34:56 [ultranest] [DEBUG] iteration=1744, ncalls=6211, regioncalls=232920, ndraw=40, logz=-222.16, remainder_fraction=100.0000%, Lmin=-211.78, Lmax=-56.04
09:34:56 [ultranest] [DEBUG] iteration=1751, ncalls=6264, regioncalls=235040, ndraw=40, logz=-219.22, remainder_fraction=100.0000%, Lmin=-209.63, Lmax=-56.04
09:34:56 [ultranest] [DEBUG] iteration=1755, ncalls=6319, regioncalls=237240, ndraw=40, logz=-217.95, remainder_fraction=100.0000%, Lmin=-208.21, Lmax=-56.04
09:34:56 [ultranest] [DEBUG] iteration=1760, ncalls=6351, regioncalls=238520, ndraw=40, logz=-216.71, remainder_fraction=100.0000%, Lmin=-207.43, Lmax=-56.04
09:34:56 [ultranest] [DEBUG] iteration=1765, ncalls=6409, regioncalls=240840, ndraw=40, logz=-215.85, remainder_fraction=100.0000%, Lmin=-206.45, Lmax=-56.04
09:34:56 [ultranest] [DEBUG] iteration=1772, ncalls=6460, regioncalls=242880, ndraw=40, logz=-214.23, remainder_fraction=100.0000%, Lmin=-204.87, Lmax=-56.04
09:34:56 [ultranest] [DEBUG] iteration=1778, ncalls=6516, regioncalls=245120, ndraw=40, logz=-212.32, remainder_fraction=100.0000%, Lmin=-202.48, Lmax=-56.04
09:34:56 [ultranest] [DEBUG] iteration=1789, ncalls=6569, regioncalls=247240, ndraw=40, logz=-209.43, remainder_fraction=100.0000%, Lmin=-199.91, Lmax=-56.04
09:34:56 [ultranest] [DEBUG] iteration=1796, ncalls=6622, regioncalls=249360, ndraw=40, logz=-207.97, remainder_fraction=100.0000%, Lmin=-198.41, Lmax=-56.04
09:34:56 [ultranest] [DEBUG] iteration=1800, ncalls=6631, regioncalls=249720, ndraw=40, logz=-206.92, remainder_fraction=100.0000%, Lmin=-197.27, Lmax=-56.04
09:34:57 [ultranest] [DEBUG] iteration=1806, ncalls=6682, regioncalls=251760, ndraw=40, logz=-205.53, remainder_fraction=100.0000%, Lmin=-195.16, Lmax=-56.04
09:34:57 [ultranest] [DEBUG] iteration=1815, ncalls=6733, regioncalls=253800, ndraw=40, logz=-202.12, remainder_fraction=100.0000%, Lmin=-192.32, Lmax=-56.04
09:34:57 [ultranest] [DEBUG] iteration=1817, ncalls=6742, regioncalls=254200, ndraw=40, logz=-201.54, remainder_fraction=100.0000%, Lmin=-191.72, Lmax=-56.04
09:34:57 [ultranest] [DEBUG] iteration=1826, ncalls=6789, regioncalls=256080, ndraw=40, logz=-199.28, remainder_fraction=100.0000%, Lmin=-189.26, Lmax=-56.04
09:34:57 [ultranest] [DEBUG] iteration=1833, ncalls=6842, regioncalls=258200, ndraw=40, logz=-197.59, remainder_fraction=100.0000%, Lmin=-188.26, Lmax=-56.04
09:34:57 [ultranest] [DEBUG] iteration=1840, ncalls=6874, regioncalls=259480, ndraw=40, logz=-196.41, remainder_fraction=100.0000%, Lmin=-187.12, Lmax=-56.04
09:34:57 [ultranest] [DEBUG] iteration=1849, ncalls=6923, regioncalls=261440, ndraw=40, logz=-193.38, remainder_fraction=100.0000%, Lmin=-183.30, Lmax=-56.04
09:34:57 [ultranest] [DEBUG] iteration=1859, ncalls=6973, regioncalls=263440, ndraw=40, logz=-190.54, remainder_fraction=100.0000%, Lmin=-180.67, Lmax=-56.04
09:34:57 [ultranest] [DEBUG] iteration=1867, ncalls=7025, regioncalls=265520, ndraw=40, logz=-188.47, remainder_fraction=100.0000%, Lmin=-178.52, Lmax=-56.04
09:34:57 [ultranest] [DEBUG] iteration=1878, ncalls=7071, regioncalls=267360, ndraw=40, logz=-185.73, remainder_fraction=100.0000%, Lmin=-176.09, Lmax=-54.54
09:34:57 [ultranest] [DEBUG] iteration=1880, ncalls=7085, regioncalls=267920, ndraw=40, logz=-185.36, remainder_fraction=100.0000%, Lmin=-175.95, Lmax=-54.54
09:34:58 [ultranest] [DEBUG] iteration=1894, ncalls=7134, regioncalls=269880, ndraw=40, logz=-182.00, remainder_fraction=100.0000%, Lmin=-171.75, Lmax=-54.54
09:34:58 [ultranest] [DEBUG] iteration=1900, ncalls=7176, regioncalls=271560, ndraw=40, logz=-180.02, remainder_fraction=100.0000%, Lmin=-169.81, Lmax=-54.54
09:34:58 [ultranest] [DEBUG] iteration=1911, ncalls=7222, regioncalls=273400, ndraw=40, logz=-178.06, remainder_fraction=100.0000%, Lmin=-168.87, Lmax=-54.54
09:34:58 [ultranest] [DEBUG] iteration=1920, ncalls=7271, regioncalls=275360, ndraw=40, logz=-176.50, remainder_fraction=100.0000%, Lmin=-167.00, Lmax=-54.54
09:34:58 [ultranest] [DEBUG] iteration=1923, ncalls=7326, regioncalls=277560, ndraw=40, logz=-175.99, remainder_fraction=100.0000%, Lmin=-166.49, Lmax=-54.54
09:34:58 [ultranest] [DEBUG] iteration=1932, ncalls=7401, regioncalls=280560, ndraw=40, logz=-174.64, remainder_fraction=100.0000%, Lmin=-165.27, Lmax=-54.54
09:34:58 [ultranest] [DEBUG] iteration=1943, ncalls=7449, regioncalls=282480, ndraw=40, logz=-173.28, remainder_fraction=100.0000%, Lmin=-164.03, Lmax=-54.54
09:34:58 [ultranest] [DEBUG] iteration=1948, ncalls=7502, regioncalls=284600, ndraw=40, logz=-172.71, remainder_fraction=100.0000%, Lmin=-163.45, Lmax=-54.54
09:34:58 [ultranest] [DEBUG] iteration=1954, ncalls=7556, regioncalls=286760, ndraw=40, logz=-171.96, remainder_fraction=100.0000%, Lmin=-162.75, Lmax=-54.54
09:34:58 [ultranest] [DEBUG] iteration=1960, ncalls=7583, regioncalls=287840, ndraw=40, logz=-171.16, remainder_fraction=100.0000%, Lmin=-161.83, Lmax=-54.54
09:34:59 [ultranest] [DEBUG] iteration=1966, ncalls=7634, regioncalls=289880, ndraw=40, logz=-169.75, remainder_fraction=100.0000%, Lmin=-159.66, Lmax=-54.54
09:34:59 [ultranest] [DEBUG] iteration=1973, ncalls=7665, regioncalls=291120, ndraw=40, logz=-168.54, remainder_fraction=100.0000%, Lmin=-159.04, Lmax=-54.54
09:34:59 [ultranest] [DEBUG] iteration=1979, ncalls=7715, regioncalls=293160, ndraw=40, logz=-167.53, remainder_fraction=100.0000%, Lmin=-157.81, Lmax=-54.54
09:34:59 [ultranest] [DEBUG] iteration=1991, ncalls=7762, regioncalls=295040, ndraw=40, logz=-165.45, remainder_fraction=100.0000%, Lmin=-155.68, Lmax=-54.54
09:34:59 [ultranest] [DEBUG] iteration=2000, ncalls=7788, regioncalls=296080, ndraw=40, logz=-164.00, remainder_fraction=100.0000%, Lmin=-154.22, Lmax=-54.54
09:34:59 [ultranest] [DEBUG] iteration=2007, ncalls=7846, regioncalls=298400, ndraw=40, logz=-162.10, remainder_fraction=100.0000%, Lmin=-152.09, Lmax=-54.54
09:34:59 [ultranest] [DEBUG] iteration=2014, ncalls=7897, regioncalls=300440, ndraw=40, logz=-160.60, remainder_fraction=100.0000%, Lmin=-150.16, Lmax=-51.13
09:34:59 [ultranest] [DEBUG] iteration=2019, ncalls=7956, regioncalls=302800, ndraw=40, logz=-159.29, remainder_fraction=100.0000%, Lmin=-149.29, Lmax=-51.13
09:34:59 [ultranest] [DEBUG] iteration=2027, ncalls=8011, regioncalls=305000, ndraw=40, logz=-157.93, remainder_fraction=100.0000%, Lmin=-148.10, Lmax=-51.13
09:34:59 [ultranest] [DEBUG] iteration=2033, ncalls=8063, regioncalls=307080, ndraw=40, logz=-157.16, remainder_fraction=100.0000%, Lmin=-147.77, Lmax=-51.13
09:35:00 [ultranest] [DEBUG] iteration=2040, ncalls=8094, regioncalls=308320, ndraw=40, logz=-156.43, remainder_fraction=100.0000%, Lmin=-146.96, Lmax=-51.13
09:35:00 [ultranest] [DEBUG] iteration=2047, ncalls=8147, regioncalls=310440, ndraw=40, logz=-155.71, remainder_fraction=100.0000%, Lmin=-146.27, Lmax=-51.13
09:35:00 [ultranest] [DEBUG] iteration=2057, ncalls=8187, regioncalls=312040, ndraw=40, logz=-154.43, remainder_fraction=100.0000%, Lmin=-144.60, Lmax=-51.13
09:35:00 [ultranest] [DEBUG] iteration=2063, ncalls=8238, regioncalls=314080, ndraw=40, logz=-153.51, remainder_fraction=100.0000%, Lmin=-143.63, Lmax=-51.13
09:35:00 [ultranest] [DEBUG] iteration=2067, ncalls=8290, regioncalls=316160, ndraw=40, logz=-152.93, remainder_fraction=100.0000%, Lmin=-143.25, Lmax=-51.13
09:35:00 [ultranest] [DEBUG] iteration=2075, ncalls=8343, regioncalls=318280, ndraw=40, logz=-151.79, remainder_fraction=100.0000%, Lmin=-142.00, Lmax=-51.13
09:35:00 [ultranest] [DEBUG] iteration=2080, ncalls=8391, regioncalls=320200, ndraw=40, logz=-151.14, remainder_fraction=100.0000%, Lmin=-141.33, Lmax=-51.13
09:35:00 [ultranest] [DEBUG] iteration=2088, ncalls=8451, regioncalls=322600, ndraw=40, logz=-149.85, remainder_fraction=100.0000%, Lmin=-140.09, Lmax=-51.13
09:35:00 [ultranest] [DEBUG] iteration=2094, ncalls=8516, regioncalls=325200, ndraw=40, logz=-149.14, remainder_fraction=100.0000%, Lmin=-139.42, Lmax=-51.13
09:35:01 [ultranest] [DEBUG] iteration=2101, ncalls=8567, regioncalls=327240, ndraw=40, logz=-148.27, remainder_fraction=100.0000%, Lmin=-138.46, Lmax=-51.13
09:35:01 [ultranest] [DEBUG] iteration=2110, ncalls=8619, regioncalls=329320, ndraw=40, logz=-147.24, remainder_fraction=100.0000%, Lmin=-137.49, Lmax=-51.13
09:35:01 [ultranest] [DEBUG] iteration=2117, ncalls=8677, regioncalls=331640, ndraw=40, logz=-146.46, remainder_fraction=100.0000%, Lmin=-136.55, Lmax=-51.13
09:35:01 [ultranest] [DEBUG] iteration=2120, ncalls=8693, regioncalls=332280, ndraw=40, logz=-146.08, remainder_fraction=100.0000%, Lmin=-136.09, Lmax=-51.13
09:35:01 [ultranest] [DEBUG] iteration=2124, ncalls=8765, regioncalls=335160, ndraw=40, logz=-145.55, remainder_fraction=100.0000%, Lmin=-135.86, Lmax=-51.13
09:35:01 [ultranest] [DEBUG] iteration=2129, ncalls=8788, regioncalls=336160, ndraw=40, logz=-144.98, remainder_fraction=100.0000%, Lmin=-135.06, Lmax=-51.13
09:35:01 [ultranest] [DEBUG] iteration=2134, ncalls=8838, regioncalls=338280, ndraw=40, logz=-144.34, remainder_fraction=100.0000%, Lmin=-134.05, Lmax=-51.13
09:35:01 [ultranest] [DEBUG] iteration=2141, ncalls=8892, regioncalls=340440, ndraw=40, logz=-143.15, remainder_fraction=100.0000%, Lmin=-133.18, Lmax=-51.13
09:35:01 [ultranest] [DEBUG] iteration=2150, ncalls=8940, regioncalls=342360, ndraw=40, logz=-141.96, remainder_fraction=100.0000%, Lmin=-132.10, Lmax=-51.13
09:35:01 [ultranest] [DEBUG] iteration=2158, ncalls=9001, regioncalls=344800, ndraw=40, logz=-141.04, remainder_fraction=100.0000%, Lmin=-131.13, Lmax=-51.13
09:35:01 [ultranest] [DEBUG] iteration=2160, ncalls=9008, regioncalls=345080, ndraw=40, logz=-140.80, remainder_fraction=100.0000%, Lmin=-130.95, Lmax=-51.13
09:35:02 [ultranest] [DEBUG] iteration=2166, ncalls=9057, regioncalls=347040, ndraw=40, logz=-140.15, remainder_fraction=100.0000%, Lmin=-130.32, Lmax=-51.13
09:35:02 [ultranest] [DEBUG] iteration=2172, ncalls=9135, regioncalls=350160, ndraw=40, logz=-139.49, remainder_fraction=100.0000%, Lmin=-129.62, Lmax=-51.13
09:35:02 [ultranest] [DEBUG] iteration=2177, ncalls=9188, regioncalls=352280, ndraw=40, logz=-138.92, remainder_fraction=100.0000%, Lmin=-129.16, Lmax=-51.13
09:35:02 [ultranest] [DEBUG] iteration=2186, ncalls=9243, regioncalls=354480, ndraw=40, logz=-138.06, remainder_fraction=100.0000%, Lmin=-128.51, Lmax=-49.51
09:35:02 [ultranest] [DEBUG] iteration=2192, ncalls=9335, regioncalls=358160, ndraw=40, logz=-137.50, remainder_fraction=100.0000%, Lmin=-127.51, Lmax=-49.51
09:35:02 [ultranest] [DEBUG] iteration=2196, ncalls=9390, regioncalls=360360, ndraw=40, logz=-137.05, remainder_fraction=100.0000%, Lmin=-127.13, Lmax=-49.51
09:35:02 [ultranest] [DEBUG] iteration=2200, ncalls=9420, regioncalls=361560, ndraw=40, logz=-136.62, remainder_fraction=100.0000%, Lmin=-126.66, Lmax=-49.51
09:35:02 [ultranest] [DEBUG] iteration=2203, ncalls=9494, regioncalls=364520, ndraw=40, logz=-136.31, remainder_fraction=100.0000%, Lmin=-126.60, Lmax=-49.51
09:35:02 [ultranest] [DEBUG] iteration=2207, ncalls=9518, regioncalls=365520, ndraw=40, logz=-135.96, remainder_fraction=100.0000%, Lmin=-126.27, Lmax=-49.51
09:35:03 [ultranest] [DEBUG] iteration=2216, ncalls=9569, regioncalls=367640, ndraw=40, logz=-135.10, remainder_fraction=100.0000%, Lmin=-125.10, Lmax=-49.51
09:35:03 [ultranest] [DEBUG] iteration=2223, ncalls=9620, regioncalls=369680, ndraw=40, logz=-134.45, remainder_fraction=100.0000%, Lmin=-124.87, Lmax=-49.51
09:35:03 [ultranest] [DEBUG] iteration=2233, ncalls=9672, regioncalls=371760, ndraw=40, logz=-133.57, remainder_fraction=100.0000%, Lmin=-123.84, Lmax=-49.51
09:35:03 [ultranest] [DEBUG] iteration=2237, ncalls=9725, regioncalls=373880, ndraw=40, logz=-133.23, remainder_fraction=100.0000%, Lmin=-123.50, Lmax=-49.51
09:35:03 [ultranest] [DEBUG] iteration=2240, ncalls=9735, regioncalls=374280, ndraw=40, logz=-133.00, remainder_fraction=100.0000%, Lmin=-123.33, Lmax=-49.51
09:35:03 [ultranest] [DEBUG] iteration=2246, ncalls=9791, regioncalls=376520, ndraw=40, logz=-132.52, remainder_fraction=100.0000%, Lmin=-122.96, Lmax=-49.51
09:35:03 [ultranest] [DEBUG] iteration=2258, ncalls=9850, regioncalls=378880, ndraw=40, logz=-131.58, remainder_fraction=100.0000%, Lmin=-121.80, Lmax=-49.51
09:35:03 [ultranest] [DEBUG] iteration=2266, ncalls=9917, regioncalls=381560, ndraw=40, logz=-130.92, remainder_fraction=100.0000%, Lmin=-121.03, Lmax=-49.51
09:35:03 [ultranest] [DEBUG] iteration=2274, ncalls=9965, regioncalls=383480, ndraw=40, logz=-130.17, remainder_fraction=100.0000%, Lmin=-120.29, Lmax=-49.51
09:35:03 [ultranest] [DEBUG] iteration=2280, ncalls=9991, regioncalls=384520, ndraw=40, logz=-129.68, remainder_fraction=100.0000%, Lmin=-119.92, Lmax=-49.51
09:35:03 [ultranest] [DEBUG] iteration=2285, ncalls=10008, regioncalls=385240, ndraw=40, logz=-129.26, remainder_fraction=100.0000%, Lmin=-119.34, Lmax=-49.51
09:35:04 [ultranest] [DEBUG] iteration=2294, ncalls=10066, regioncalls=387760, ndraw=40, logz=-128.41, remainder_fraction=100.0000%, Lmin=-118.43, Lmax=-49.51
09:35:04 [ultranest] [DEBUG] iteration=2305, ncalls=10118, regioncalls=389840, ndraw=40, logz=-127.53, remainder_fraction=100.0000%, Lmin=-117.77, Lmax=-49.51
09:35:04 [ultranest] [DEBUG] iteration=2315, ncalls=10171, regioncalls=391960, ndraw=40, logz=-126.83, remainder_fraction=100.0000%, Lmin=-117.03, Lmax=-49.51
09:35:04 [ultranest] [DEBUG] iteration=2320, ncalls=10191, regioncalls=392760, ndraw=40, logz=-126.48, remainder_fraction=100.0000%, Lmin=-116.62, Lmax=-49.51
09:35:04 [ultranest] [DEBUG] iteration=2333, ncalls=10248, regioncalls=395040, ndraw=40, logz=-125.48, remainder_fraction=100.0000%, Lmin=-115.57, Lmax=-49.51
09:35:04 [ultranest] [DEBUG] iteration=2342, ncalls=10293, regioncalls=396840, ndraw=40, logz=-124.84, remainder_fraction=100.0000%, Lmin=-115.01, Lmax=-49.51
09:35:04 [ultranest] [DEBUG] iteration=2349, ncalls=10354, regioncalls=399280, ndraw=40, logz=-124.38, remainder_fraction=100.0000%, Lmin=-114.35, Lmax=-49.51
09:35:04 [ultranest] [DEBUG] iteration=2359, ncalls=10404, regioncalls=401280, ndraw=40, logz=-123.58, remainder_fraction=100.0000%, Lmin=-113.44, Lmax=-49.51
09:35:04 [ultranest] [DEBUG] iteration=2360, ncalls=10406, regioncalls=401360, ndraw=40, logz=-123.50, remainder_fraction=100.0000%, Lmin=-113.34, Lmax=-49.51
09:35:04 [ultranest] [DEBUG] iteration=2366, ncalls=10454, regioncalls=403280, ndraw=40, logz=-123.01, remainder_fraction=100.0000%, Lmin=-113.01, Lmax=-49.51
09:35:05 [ultranest] [DEBUG] iteration=2372, ncalls=10505, regioncalls=405320, ndraw=40, logz=-122.61, remainder_fraction=100.0000%, Lmin=-112.73, Lmax=-49.51
09:35:05 [ultranest] [DEBUG] iteration=2381, ncalls=10556, regioncalls=407360, ndraw=40, logz=-122.05, remainder_fraction=100.0000%, Lmin=-112.11, Lmax=-49.51
09:35:05 [ultranest] [DEBUG] iteration=2394, ncalls=10602, regioncalls=409200, ndraw=40, logz=-120.96, remainder_fraction=100.0000%, Lmin=-110.60, Lmax=-49.51
09:35:05 [ultranest] [DEBUG] iteration=2400, ncalls=10626, regioncalls=410160, ndraw=40, logz=-120.39, remainder_fraction=100.0000%, Lmin=-110.00, Lmax=-49.51
09:35:05 [ultranest] [DEBUG] iteration=2410, ncalls=10674, regioncalls=412080, ndraw=40, logz=-119.24, remainder_fraction=100.0000%, Lmin=-108.63, Lmax=-49.51
09:35:05 [ultranest] [DEBUG] iteration=2416, ncalls=10725, regioncalls=414120, ndraw=40, logz=-118.54, remainder_fraction=100.0000%, Lmin=-107.97, Lmax=-49.51
09:35:05 [ultranest] [DEBUG] iteration=2426, ncalls=10773, regioncalls=416040, ndraw=40, logz=-117.39, remainder_fraction=100.0000%, Lmin=-106.89, Lmax=-49.51
09:35:05 [ultranest] [DEBUG] iteration=2433, ncalls=10834, regioncalls=418480, ndraw=40, logz=-116.72, remainder_fraction=100.0000%, Lmin=-106.36, Lmax=-49.51
09:35:05 [ultranest] [DEBUG] iteration=2440, ncalls=10877, regioncalls=420200, ndraw=40, logz=-116.08, remainder_fraction=100.0000%, Lmin=-105.65, Lmax=-49.51
09:35:05 [ultranest] [DEBUG] iteration=2441, ncalls=10887, regioncalls=420640, ndraw=40, logz=-115.99, remainder_fraction=100.0000%, Lmin=-105.60, Lmax=-49.51
09:35:05 [ultranest] [DEBUG] iteration=2453, ncalls=10929, regioncalls=422320, ndraw=40, logz=-115.14, remainder_fraction=100.0000%, Lmin=-104.86, Lmax=-49.51
09:35:06 [ultranest] [DEBUG] iteration=2463, ncalls=10975, regioncalls=424160, ndraw=40, logz=-114.41, remainder_fraction=100.0000%, Lmin=-104.33, Lmax=-49.51
09:35:06 [ultranest] [DEBUG] iteration=2480, ncalls=11014, regioncalls=425800, ndraw=40, logz=-113.28, remainder_fraction=100.0000%, Lmin=-103.02, Lmax=-49.51
09:35:06 [ultranest] [DEBUG] iteration=2502, ncalls=11057, regioncalls=427520, ndraw=40, logz=-111.84, remainder_fraction=100.0000%, Lmin=-101.73, Lmax=-49.51
09:35:06 [ultranest] [DEBUG] iteration=2519, ncalls=11096, regioncalls=429080, ndraw=40, logz=-110.79, remainder_fraction=100.0000%, Lmin=-100.45, Lmax=-49.51
09:35:06 [ultranest] [DEBUG] iteration=2520, ncalls=11097, regioncalls=429120, ndraw=40, logz=-110.72, remainder_fraction=100.0000%, Lmin=-100.45, Lmax=-49.51
09:35:06 [ultranest] [DEBUG] iteration=2536, ncalls=11137, regioncalls=430720, ndraw=40, logz=-109.77, remainder_fraction=100.0000%, Lmin=-99.68, Lmax=-49.51
09:35:06 [ultranest] [DEBUG] iteration=2552, ncalls=11182, regioncalls=432520, ndraw=40, logz=-108.72, remainder_fraction=100.0000%, Lmin=-98.14, Lmax=-49.51
09:35:06 [ultranest] [DEBUG] iteration=2560, ncalls=11206, regioncalls=433480, ndraw=40, logz=-108.11, remainder_fraction=100.0000%, Lmin=-97.51, Lmax=-49.51
09:35:06 [ultranest] [DEBUG] iteration=2573, ncalls=11252, regioncalls=435320, ndraw=40, logz=-107.25, remainder_fraction=100.0000%, Lmin=-96.96, Lmax=-49.51
09:35:06 [ultranest] [DEBUG] iteration=2594, ncalls=11293, regioncalls=436960, ndraw=40, logz=-105.69, remainder_fraction=100.0000%, Lmin=-95.02, Lmax=-49.51
09:35:06 [ultranest] [DEBUG] iteration=2600, ncalls=11313, regioncalls=437760, ndraw=40, logz=-105.23, remainder_fraction=100.0000%, Lmin=-94.49, Lmax=-49.51
09:35:06 [ultranest] [DEBUG] iteration=2610, ncalls=11356, regioncalls=439480, ndraw=40, logz=-104.49, remainder_fraction=100.0000%, Lmin=-93.94, Lmax=-49.34
09:35:07 [ultranest] [DEBUG] iteration=2628, ncalls=11400, regioncalls=441240, ndraw=40, logz=-103.18, remainder_fraction=100.0000%, Lmin=-92.52, Lmax=-49.34
09:35:07 [ultranest] [DEBUG] iteration=2640, ncalls=11430, regioncalls=442440, ndraw=40, logz=-102.45, remainder_fraction=100.0000%, Lmin=-91.60, Lmax=-49.34
09:35:07 [ultranest] [DEBUG] iteration=2658, ncalls=11472, regioncalls=444120, ndraw=40, logz=-101.02, remainder_fraction=100.0000%, Lmin=-89.81, Lmax=-49.34
09:35:07 [ultranest] [DEBUG] iteration=2669, ncalls=11521, regioncalls=446080, ndraw=40, logz=-99.99, remainder_fraction=100.0000%, Lmin=-88.81, Lmax=-49.34
09:35:07 [ultranest] [DEBUG] iteration=2675, ncalls=11534, regioncalls=446640, ndraw=40, logz=-99.44, remainder_fraction=100.0000%, Lmin=-88.53, Lmax=-49.34
09:35:07 [ultranest] [DEBUG] iteration=2680, ncalls=11551, regioncalls=447320, ndraw=40, logz=-99.05, remainder_fraction=100.0000%, Lmin=-87.95, Lmax=-49.34
09:35:07 [ultranest] [DEBUG] iteration=2694, ncalls=11594, regioncalls=449040, ndraw=40, logz=-98.05, remainder_fraction=100.0000%, Lmin=-87.37, Lmax=-49.34
09:35:07 [ultranest] [DEBUG] iteration=2709, ncalls=11643, regioncalls=451000, ndraw=40, logz=-97.19, remainder_fraction=100.0000%, Lmin=-86.55, Lmax=-49.34
09:35:07 [ultranest] [DEBUG] iteration=2720, ncalls=11675, regioncalls=452280, ndraw=40, logz=-96.60, remainder_fraction=100.0000%, Lmin=-85.93, Lmax=-49.34
09:35:07 [ultranest] [DEBUG] iteration=2739, ncalls=11721, regioncalls=454120, ndraw=40, logz=-95.41, remainder_fraction=100.0000%, Lmin=-84.38, Lmax=-49.34
09:35:07 [ultranest] [DEBUG] iteration=2750, ncalls=11769, regioncalls=456040, ndraw=40, logz=-94.72, remainder_fraction=100.0000%, Lmin=-83.95, Lmax=-49.34
09:35:07 [ultranest] [DEBUG] iteration=2753, ncalls=11777, regioncalls=456400, ndraw=40, logz=-94.54, remainder_fraction=100.0000%, Lmin=-83.59, Lmax=-49.34
09:35:08 [ultranest] [DEBUG] iteration=2760, ncalls=11807, regioncalls=457600, ndraw=40, logz=-94.13, remainder_fraction=100.0000%, Lmin=-83.19, Lmax=-49.34
09:35:08 [ultranest] [DEBUG] iteration=2779, ncalls=11851, regioncalls=459360, ndraw=40, logz=-93.03, remainder_fraction=100.0000%, Lmin=-81.81, Lmax=-49.34
09:35:08 [ultranest] [DEBUG] iteration=2794, ncalls=11896, regioncalls=461160, ndraw=40, logz=-92.04, remainder_fraction=100.0000%, Lmin=-80.73, Lmax=-49.34
09:35:08 [ultranest] [DEBUG] iteration=2800, ncalls=11909, regioncalls=461680, ndraw=40, logz=-91.58, remainder_fraction=100.0000%, Lmin=-80.24, Lmax=-49.34
09:35:08 [ultranest] [DEBUG] iteration=2815, ncalls=11954, regioncalls=463480, ndraw=40, logz=-90.48, remainder_fraction=100.0000%, Lmin=-79.31, Lmax=-49.34
09:35:08 [ultranest] [DEBUG] iteration=2829, ncalls=11997, regioncalls=465200, ndraw=40, logz=-89.57, remainder_fraction=100.0000%, Lmin=-78.44, Lmax=-49.34
09:35:08 [ultranest] [DEBUG] iteration=2831, ncalls=11999, regioncalls=465360, ndraw=40, logz=-89.45, remainder_fraction=100.0000%, Lmin=-78.41, Lmax=-49.34
09:35:08 [ultranest] [DEBUG] iteration=2840, ncalls=12017, regioncalls=466080, ndraw=40, logz=-88.99, remainder_fraction=100.0000%, Lmin=-78.06, Lmax=-49.34
09:35:08 [ultranest] [DEBUG] iteration=2859, ncalls=12056, regioncalls=467640, ndraw=40, logz=-88.07, remainder_fraction=100.0000%, Lmin=-76.99, Lmax=-49.34
09:35:08 [ultranest] [DEBUG] iteration=2880, ncalls=12092, regioncalls=469080, ndraw=40, logz=-86.95, remainder_fraction=100.0000%, Lmin=-75.95, Lmax=-49.34
09:35:08 [ultranest] [DEBUG] iteration=2899, ncalls=12135, regioncalls=470800, ndraw=40, logz=-85.93, remainder_fraction=100.0000%, Lmin=-74.72, Lmax=-49.34
09:35:08 [ultranest] [DEBUG] iteration=2909, ncalls=12156, regioncalls=471680, ndraw=40, logz=-85.41, remainder_fraction=100.0000%, Lmin=-74.33, Lmax=-49.34
09:35:08 [ultranest] [DEBUG] iteration=2920, ncalls=12181, regioncalls=472680, ndraw=40, logz=-84.86, remainder_fraction=100.0000%, Lmin=-73.66, Lmax=-49.34
09:35:09 [ultranest] [DEBUG] iteration=2935, ncalls=12226, regioncalls=474480, ndraw=40, logz=-84.19, remainder_fraction=100.0000%, Lmin=-73.17, Lmax=-49.34
09:35:09 [ultranest] [DEBUG] iteration=2951, ncalls=12269, regioncalls=476200, ndraw=40, logz=-83.59, remainder_fraction=100.0000%, Lmin=-72.59, Lmax=-49.07
09:35:09 [ultranest] [DEBUG] iteration=2960, ncalls=12286, regioncalls=476880, ndraw=40, logz=-83.28, remainder_fraction=100.0000%, Lmin=-72.38, Lmax=-49.07
09:35:09 [ultranest] [DEBUG] iteration=2978, ncalls=12331, regioncalls=478680, ndraw=40, logz=-82.72, remainder_fraction=100.0000%, Lmin=-71.88, Lmax=-49.07
09:35:09 [ultranest] [DEBUG] iteration=2987, ncalls=12354, regioncalls=479720, ndraw=40, logz=-82.42, remainder_fraction=100.0000%, Lmin=-71.15, Lmax=-49.07
09:35:09 [ultranest] [DEBUG] iteration=3000, ncalls=12391, regioncalls=481200, ndraw=40, logz=-81.93, remainder_fraction=100.0000%, Lmin=-70.82, Lmax=-49.07
09:35:09 [ultranest] [DEBUG] iteration=3017, ncalls=12431, regioncalls=482800, ndraw=40, logz=-81.25, remainder_fraction=100.0000%, Lmin=-69.94, Lmax=-48.88
09:35:09 [ultranest] [DEBUG] iteration=3028, ncalls=12477, regioncalls=484640, ndraw=40, logz=-80.82, remainder_fraction=100.0000%, Lmin=-69.67, Lmax=-48.88
09:35:09 [ultranest] [DEBUG] iteration=3040, ncalls=12502, regioncalls=485640, ndraw=40, logz=-80.41, remainder_fraction=100.0000%, Lmin=-69.31, Lmax=-48.88
09:35:09 [ultranest] [DEBUG] iteration=3053, ncalls=12549, regioncalls=487520, ndraw=40, logz=-80.01, remainder_fraction=100.0000%, Lmin=-68.80, Lmax=-48.88
09:35:09 [ultranest] [DEBUG] iteration=3065, ncalls=12573, regioncalls=488560, ndraw=40, logz=-79.61, remainder_fraction=100.0000%, Lmin=-68.42, Lmax=-48.88
09:35:10 [ultranest] [DEBUG] iteration=3080, ncalls=12600, regioncalls=489640, ndraw=40, logz=-79.12, remainder_fraction=100.0000%, Lmin=-67.88, Lmax=-48.88
09:35:10 [ultranest] [DEBUG] iteration=3100, ncalls=12639, regioncalls=491200, ndraw=40, logz=-78.37, remainder_fraction=100.0000%, Lmin=-67.07, Lmax=-48.88
09:35:10 [ultranest] [DEBUG] iteration=3118, ncalls=12682, regioncalls=492920, ndraw=40, logz=-77.80, remainder_fraction=100.0000%, Lmin=-66.51, Lmax=-48.88
09:35:10 [ultranest] [DEBUG] iteration=3120, ncalls=12686, regioncalls=493080, ndraw=40, logz=-77.74, remainder_fraction=100.0000%, Lmin=-66.45, Lmax=-48.88
09:35:10 [ultranest] [DEBUG] iteration=3136, ncalls=12730, regioncalls=494840, ndraw=40, logz=-77.25, remainder_fraction=100.0000%, Lmin=-65.93, Lmax=-48.47
09:35:10 [ultranest] [DEBUG] iteration=3143, ncalls=12744, regioncalls=495440, ndraw=40, logz=-77.03, remainder_fraction=100.0000%, Lmin=-65.71, Lmax=-48.47
09:35:10 [ultranest] [DEBUG] iteration=3160, ncalls=12778, regioncalls=496800, ndraw=40, logz=-76.56, remainder_fraction=100.0000%, Lmin=-65.28, Lmax=-48.47
09:35:10 [ultranest] [DEBUG] iteration=3179, ncalls=12817, regioncalls=498360, ndraw=40, logz=-75.96, remainder_fraction=100.0000%, Lmin=-64.51, Lmax=-48.47
09:35:10 [ultranest] [DEBUG] iteration=3195, ncalls=12861, regioncalls=500120, ndraw=40, logz=-75.48, remainder_fraction=99.9999%, Lmin=-64.03, Lmax=-48.47
09:35:10 [ultranest] [DEBUG] iteration=3200, ncalls=12874, regioncalls=500640, ndraw=40, logz=-75.33, remainder_fraction=99.9999%, Lmin=-63.90, Lmax=-48.47
09:35:10 [ultranest] [DEBUG] iteration=3221, ncalls=12910, regioncalls=502120, ndraw=40, logz=-74.73, remainder_fraction=99.9999%, Lmin=-63.24, Lmax=-48.47
09:35:10 [ultranest] [DEBUG] iteration=3239, ncalls=12950, regioncalls=503720, ndraw=40, logz=-74.27, remainder_fraction=99.9998%, Lmin=-62.97, Lmax=-48.47
09:35:10 [ultranest] [DEBUG] iteration=3240, ncalls=12951, regioncalls=503760, ndraw=40, logz=-74.25, remainder_fraction=99.9998%, Lmin=-62.97, Lmax=-48.47
09:35:11 [ultranest] [DEBUG] iteration=3260, ncalls=12993, regioncalls=505440, ndraw=40, logz=-73.81, remainder_fraction=99.9996%, Lmin=-62.42, Lmax=-48.47
09:35:11 [ultranest] [DEBUG] iteration=3278, ncalls=13040, regioncalls=507320, ndraw=40, logz=-73.40, remainder_fraction=99.9994%, Lmin=-61.87, Lmax=-48.47
09:35:11 [ultranest] [DEBUG] iteration=3280, ncalls=13045, regioncalls=507520, ndraw=40, logz=-73.35, remainder_fraction=99.9994%, Lmin=-61.87, Lmax=-48.47
09:35:11 [ultranest] [DEBUG] iteration=3299, ncalls=13079, regioncalls=508920, ndraw=40, logz=-72.94, remainder_fraction=99.9991%, Lmin=-61.57, Lmax=-48.47
09:35:11 [ultranest] [DEBUG] iteration=3315, ncalls=13117, regioncalls=510440, ndraw=40, logz=-72.61, remainder_fraction=99.9987%, Lmin=-61.14, Lmax=-48.47
09:35:11 [ultranest] [DEBUG] iteration=3320, ncalls=13130, regioncalls=510960, ndraw=40, logz=-72.50, remainder_fraction=99.9986%, Lmin=-60.91, Lmax=-48.47
09:35:11 [ultranest] [DEBUG] iteration=3336, ncalls=13174, regioncalls=512720, ndraw=40, logz=-72.12, remainder_fraction=99.9979%, Lmin=-60.52, Lmax=-48.47
09:35:11 [ultranest] [DEBUG] iteration=3360, ncalls=13210, regioncalls=514160, ndraw=40, logz=-71.63, remainder_fraction=99.9966%, Lmin=-60.12, Lmax=-48.47
09:35:11 [ultranest] [DEBUG] iteration=3377, ncalls=13242, regioncalls=515480, ndraw=40, logz=-71.30, remainder_fraction=99.9951%, Lmin=-59.76, Lmax=-48.47
09:35:11 [ultranest] [DEBUG] iteration=3398, ncalls=13276, regioncalls=516840, ndraw=40, logz=-70.90, remainder_fraction=99.9929%, Lmin=-59.30, Lmax=-48.47
09:35:11 [ultranest] [DEBUG] iteration=3400, ncalls=13279, regioncalls=516960, ndraw=40, logz=-70.86, remainder_fraction=99.9926%, Lmin=-59.27, Lmax=-48.47
09:35:11 [ultranest] [DEBUG] iteration=3418, ncalls=13317, regioncalls=518560, ndraw=40, logz=-70.53, remainder_fraction=99.9895%, Lmin=-58.96, Lmax=-48.47
09:35:12 [ultranest] [DEBUG] iteration=3438, ncalls=13358, regioncalls=520200, ndraw=40, logz=-70.18, remainder_fraction=99.9853%, Lmin=-58.57, Lmax=-48.47
09:35:12 [ultranest] [DEBUG] iteration=3440, ncalls=13363, regioncalls=520400, ndraw=40, logz=-70.15, remainder_fraction=99.9848%, Lmin=-58.54, Lmax=-48.47
09:35:12 [ultranest] [DEBUG] iteration=3457, ncalls=13402, regioncalls=521960, ndraw=40, logz=-69.87, remainder_fraction=99.9799%, Lmin=-58.30, Lmax=-48.47
09:35:12 [ultranest] [DEBUG] iteration=3479, ncalls=13438, regioncalls=523400, ndraw=40, logz=-69.51, remainder_fraction=99.9705%, Lmin=-57.78, Lmax=-48.47
09:35:12 [ultranest] [DEBUG] iteration=3480, ncalls=13439, regioncalls=523440, ndraw=40, logz=-69.49, remainder_fraction=99.9699%, Lmin=-57.78, Lmax=-48.47
09:35:12 [ultranest] [DEBUG] iteration=3501, ncalls=13478, regioncalls=525000, ndraw=40, logz=-69.14, remainder_fraction=99.9559%, Lmin=-57.35, Lmax=-48.47
09:35:12 [ultranest] [DEBUG] iteration=3519, ncalls=13523, regioncalls=526800, ndraw=40, logz=-68.85, remainder_fraction=99.9423%, Lmin=-57.08, Lmax=-48.47
09:35:12 [ultranest] [DEBUG] iteration=3520, ncalls=13531, regioncalls=527120, ndraw=40, logz=-68.84, remainder_fraction=99.9412%, Lmin=-57.08, Lmax=-48.47
09:35:12 [ultranest] [DEBUG] iteration=3533, ncalls=13557, regioncalls=528200, ndraw=40, logz=-68.62, remainder_fraction=99.9326%, Lmin=-56.77, Lmax=-48.47
09:35:12 [ultranest] [DEBUG] iteration=3555, ncalls=13594, regioncalls=529680, ndraw=40, logz=-68.26, remainder_fraction=99.9003%, Lmin=-56.37, Lmax=-48.47
09:35:12 [ultranest] [DEBUG] iteration=3560, ncalls=13602, regioncalls=530000, ndraw=40, logz=-68.18, remainder_fraction=99.8910%, Lmin=-56.32, Lmax=-48.47
09:35:12 [ultranest] [DEBUG] iteration=3578, ncalls=13643, regioncalls=531640, ndraw=40, logz=-67.92, remainder_fraction=99.8668%, Lmin=-56.08, Lmax=-48.47
09:35:12 [ultranest] [DEBUG] iteration=3595, ncalls=13688, regioncalls=533440, ndraw=40, logz=-67.68, remainder_fraction=99.8339%, Lmin=-55.87, Lmax=-48.47
09:35:12 [ultranest] [DEBUG] iteration=3600, ncalls=13697, regioncalls=533800, ndraw=40, logz=-67.61, remainder_fraction=99.8201%, Lmin=-55.81, Lmax=-48.47
09:35:12 [ultranest] [DEBUG] iteration=3611, ncalls=13719, regioncalls=534720, ndraw=40, logz=-67.47, remainder_fraction=99.7946%, Lmin=-55.64, Lmax=-48.47
09:35:13 [ultranest] [DEBUG] iteration=3633, ncalls=13755, regioncalls=536160, ndraw=40, logz=-67.16, remainder_fraction=99.7309%, Lmin=-55.24, Lmax=-48.36
09:35:13 [ultranest] [DEBUG] iteration=3640, ncalls=13766, regioncalls=536600, ndraw=40, logz=-67.07, remainder_fraction=99.7039%, Lmin=-55.18, Lmax=-48.36
09:35:13 [ultranest] [DEBUG] iteration=3659, ncalls=13808, regioncalls=538280, ndraw=40, logz=-66.84, remainder_fraction=99.6265%, Lmin=-54.92, Lmax=-48.36
09:35:13 [ultranest] [DEBUG] iteration=3680, ncalls=13841, regioncalls=539600, ndraw=40, logz=-66.58, remainder_fraction=99.5172%, Lmin=-54.62, Lmax=-48.36
09:35:13 [ultranest] [DEBUG] iteration=3689, ncalls=13861, regioncalls=540440, ndraw=40, logz=-66.47, remainder_fraction=99.4525%, Lmin=-54.56, Lmax=-48.36
09:35:13 [ultranest] [DEBUG] iteration=3714, ncalls=13894, regioncalls=541760, ndraw=40, logz=-66.20, remainder_fraction=99.3035%, Lmin=-54.27, Lmax=-48.36
09:35:13 [ultranest] [DEBUG] iteration=3720, ncalls=13901, regioncalls=542040, ndraw=40, logz=-66.13, remainder_fraction=99.2499%, Lmin=-54.22, Lmax=-48.36
09:35:13 [ultranest] [DEBUG] iteration=3738, ncalls=13944, regioncalls=543760, ndraw=40, logz=-65.95, remainder_fraction=99.1130%, Lmin=-54.02, Lmax=-48.36
09:35:13 [ultranest] [DEBUG] iteration=3758, ncalls=13983, regioncalls=545320, ndraw=40, logz=-65.75, remainder_fraction=98.9743%, Lmin=-53.68, Lmax=-48.36
09:35:13 [ultranest] [DEBUG] iteration=3760, ncalls=13985, regioncalls=545400, ndraw=40, logz=-65.73, remainder_fraction=98.9556%, Lmin=-53.65, Lmax=-48.36
09:35:13 [ultranest] [DEBUG] iteration=3778, ncalls=14021, regioncalls=546840, ndraw=40, logz=-65.54, remainder_fraction=98.7413%, Lmin=-53.46, Lmax=-48.36
09:35:13 [ultranest] [DEBUG] iteration=3795, ncalls=14061, regioncalls=548440, ndraw=40, logz=-65.37, remainder_fraction=98.4923%, Lmin=-53.31, Lmax=-48.36
09:35:13 [ultranest] [DEBUG] iteration=3800, ncalls=14066, regioncalls=548640, ndraw=40, logz=-65.32, remainder_fraction=98.4238%, Lmin=-53.26, Lmax=-48.36
09:35:14 [ultranest] [DEBUG] iteration=3821, ncalls=14105, regioncalls=550200, ndraw=40, logz=-65.13, remainder_fraction=98.0745%, Lmin=-53.11, Lmax=-48.36
09:35:14 [ultranest] [DEBUG] iteration=3840, ncalls=14143, regioncalls=551720, ndraw=40, logz=-64.98, remainder_fraction=97.7139%, Lmin=-52.98, Lmax=-48.36
09:35:14 [ultranest] [DEBUG] iteration=3845, ncalls=14155, regioncalls=552280, ndraw=40, logz=-64.94, remainder_fraction=97.6119%, Lmin=-52.97, Lmax=-48.36
09:35:14 [ultranest] [DEBUG] iteration=3868, ncalls=14190, regioncalls=553680, ndraw=40, logz=-64.77, remainder_fraction=97.2007%, Lmin=-52.76, Lmax=-48.36
09:35:14 [ultranest] [DEBUG] iteration=3880, ncalls=14211, regioncalls=554520, ndraw=40, logz=-64.68, remainder_fraction=96.9659%, Lmin=-52.63, Lmax=-48.36
09:35:14 [ultranest] [DEBUG] iteration=3899, ncalls=14252, regioncalls=556160, ndraw=40, logz=-64.54, remainder_fraction=96.5278%, Lmin=-52.48, Lmax=-48.36
09:35:14 [ultranest] [DEBUG] iteration=3918, ncalls=14295, regioncalls=557880, ndraw=40, logz=-64.40, remainder_fraction=95.9276%, Lmin=-52.28, Lmax=-48.36
09:35:14 [ultranest] [DEBUG] iteration=3920, ncalls=14299, regioncalls=558040, ndraw=40, logz=-64.39, remainder_fraction=95.8544%, Lmin=-52.27, Lmax=-48.36
09:35:14 [ultranest] [DEBUG] iteration=3923, ncalls=14307, regioncalls=558400, ndraw=40, logz=-64.37, remainder_fraction=95.7612%, Lmin=-52.26, Lmax=-48.36
09:35:14 [ultranest] [DEBUG] iteration=3947, ncalls=14341, regioncalls=559800, ndraw=40, logz=-64.21, remainder_fraction=94.9021%, Lmin=-52.09, Lmax=-48.36
09:35:14 [ultranest] [DEBUG] iteration=3960, ncalls=14362, regioncalls=560640, ndraw=40, logz=-64.12, remainder_fraction=94.4719%, Lmin=-52.01, Lmax=-48.36
09:35:14 [ultranest] [DEBUG] iteration=3981, ncalls=14402, regioncalls=562240, ndraw=40, logz=-63.99, remainder_fraction=93.6337%, Lmin=-51.86, Lmax=-48.36
09:35:14 [ultranest] [DEBUG] iteration=4000, ncalls=14439, regioncalls=563720, ndraw=40, logz=-63.88, remainder_fraction=93.0788%, Lmin=-51.73, Lmax=-48.36
09:35:14 [ultranest] [DEBUG] iteration=4001, ncalls=14441, regioncalls=563840, ndraw=40, logz=-63.87, remainder_fraction=93.0249%, Lmin=-51.73, Lmax=-48.36
09:35:15 [ultranest] [DEBUG] iteration=4023, ncalls=14476, regioncalls=565240, ndraw=40, logz=-63.75, remainder_fraction=91.9014%, Lmin=-51.54, Lmax=-48.36
09:35:15 [ultranest] [DEBUG] iteration=4040, ncalls=14504, regioncalls=566360, ndraw=40, logz=-63.65, remainder_fraction=90.9995%, Lmin=-51.46, Lmax=-48.36
09:35:15 [ultranest] [DEBUG] iteration=4063, ncalls=14544, regioncalls=567960, ndraw=40, logz=-63.53, remainder_fraction=89.7955%, Lmin=-51.31, Lmax=-48.36
09:35:15 [ultranest] [DEBUG] iteration=4079, ncalls=14573, regioncalls=569160, ndraw=40, logz=-63.44, remainder_fraction=88.8703%, Lmin=-51.17, Lmax=-48.36
09:35:15 [ultranest] [DEBUG] iteration=4080, ncalls=14575, regioncalls=569280, ndraw=40, logz=-63.44, remainder_fraction=88.8029%, Lmin=-51.16, Lmax=-48.36
09:35:15 [ultranest] [DEBUG] iteration=4101, ncalls=14613, regioncalls=570800, ndraw=40, logz=-63.33, remainder_fraction=87.4834%, Lmin=-51.06, Lmax=-48.36
09:35:15 [ultranest] [DEBUG] iteration=4120, ncalls=14647, regioncalls=572160, ndraw=40, logz=-63.24, remainder_fraction=86.2985%, Lmin=-50.99, Lmax=-48.36
09:35:15 [ultranest] [DEBUG] iteration=4143, ncalls=14688, regioncalls=573800, ndraw=40, logz=-63.14, remainder_fraction=84.6231%, Lmin=-50.84, Lmax=-48.36
09:35:15 [ultranest] [DEBUG] iteration=4157, ncalls=14711, regioncalls=574880, ndraw=40, logz=-63.07, remainder_fraction=83.5703%, Lmin=-50.76, Lmax=-48.36
09:35:15 [ultranest] [DEBUG] iteration=4160, ncalls=14714, regioncalls=575000, ndraw=40, logz=-63.06, remainder_fraction=83.3525%, Lmin=-50.75, Lmax=-48.36
09:35:15 [ultranest] [DEBUG] iteration=4182, ncalls=14747, regioncalls=576400, ndraw=40, logz=-62.97, remainder_fraction=81.6588%, Lmin=-50.64, Lmax=-48.36
09:35:15 [ultranest] [DEBUG] iteration=4200, ncalls=14776, regioncalls=577560, ndraw=40, logz=-62.90, remainder_fraction=80.1360%, Lmin=-50.56, Lmax=-48.36
09:35:15 [ultranest] [DEBUG] iteration=4221, ncalls=14815, regioncalls=579120, ndraw=40, logz=-62.81, remainder_fraction=78.6533%, Lmin=-50.45, Lmax=-48.36
09:35:16 [ultranest] [DEBUG] iteration=4240, ncalls=14839, regioncalls=580080, ndraw=40, logz=-62.74, remainder_fraction=76.9605%, Lmin=-50.39, Lmax=-48.36
09:35:16 [ultranest] [DEBUG] iteration=4259, ncalls=14877, regioncalls=581600, ndraw=40, logz=-62.68, remainder_fraction=75.1554%, Lmin=-50.30, Lmax=-48.36
09:35:16 [ultranest] [DEBUG] iteration=4277, ncalls=14919, regioncalls=583280, ndraw=40, logz=-62.62, remainder_fraction=73.5660%, Lmin=-50.25, Lmax=-48.36
09:35:16 [ultranest] [DEBUG] iteration=4280, ncalls=14924, regioncalls=583480, ndraw=40, logz=-62.61, remainder_fraction=73.3125%, Lmin=-50.24, Lmax=-48.36
09:35:16 [ultranest] [DEBUG] iteration=4298, ncalls=14966, regioncalls=585160, ndraw=40, logz=-62.55, remainder_fraction=71.8687%, Lmin=-50.16, Lmax=-48.36
09:35:16 [ultranest] [DEBUG] iteration=4313, ncalls=15007, regioncalls=586800, ndraw=40, logz=-62.50, remainder_fraction=70.6826%, Lmin=-50.11, Lmax=-48.36
09:35:16 [ultranest] [DEBUG] iteration=4320, ncalls=15018, regioncalls=587240, ndraw=40, logz=-62.48, remainder_fraction=70.0285%, Lmin=-50.08, Lmax=-48.36
09:35:16 [ultranest] [DEBUG] iteration=4337, ncalls=15060, regioncalls=588920, ndraw=40, logz=-62.43, remainder_fraction=68.4173%, Lmin=-50.01, Lmax=-48.33
09:35:16 [ultranest] [DEBUG] iteration=4358, ncalls=15099, regioncalls=590480, ndraw=40, logz=-62.37, remainder_fraction=66.5476%, Lmin=-49.95, Lmax=-48.33
09:35:16 [ultranest] [DEBUG] iteration=4360, ncalls=15102, regioncalls=590600, ndraw=40, logz=-62.37, remainder_fraction=66.4021%, Lmin=-49.94, Lmax=-48.33
09:35:16 [ultranest] [DEBUG] iteration=4376, ncalls=15145, regioncalls=592320, ndraw=40, logz=-62.33, remainder_fraction=64.9647%, Lmin=-49.90, Lmax=-48.33
09:35:16 [ultranest] [DEBUG] iteration=4391, ncalls=15182, regioncalls=593840, ndraw=40, logz=-62.29, remainder_fraction=63.4143%, Lmin=-49.85, Lmax=-48.33
09:35:16 [ultranest] [DEBUG] iteration=4400, ncalls=15196, regioncalls=594440, ndraw=40, logz=-62.26, remainder_fraction=62.6044%, Lmin=-49.83, Lmax=-48.33
09:35:17 [ultranest] [DEBUG] iteration=4422, ncalls=15231, regioncalls=595840, ndraw=40, logz=-62.21, remainder_fraction=60.4511%, Lmin=-49.78, Lmax=-48.33
09:35:17 [ultranest] [DEBUG] iteration=4440, ncalls=15262, regioncalls=597080, ndraw=40, logz=-62.17, remainder_fraction=58.6342%, Lmin=-49.73, Lmax=-48.33
09:35:17 [ultranest] [DEBUG] iteration=4460, ncalls=15301, regioncalls=598640, ndraw=40, logz=-62.13, remainder_fraction=56.8240%, Lmin=-49.68, Lmax=-48.33
09:35:17 [ultranest] [DEBUG] iteration=4469, ncalls=15318, regioncalls=599360, ndraw=40, logz=-62.11, remainder_fraction=56.1339%, Lmin=-49.66, Lmax=-48.33
09:35:17 [ultranest] [DEBUG] iteration=4480, ncalls=15334, regioncalls=600000, ndraw=40, logz=-62.09, remainder_fraction=55.1857%, Lmin=-49.63, Lmax=-48.33
09:35:17 [ultranest] [DEBUG] iteration=4496, ncalls=15376, regioncalls=601680, ndraw=40, logz=-62.06, remainder_fraction=53.6610%, Lmin=-49.60, Lmax=-48.33
09:35:17 [ultranest] [DEBUG] iteration=4515, ncalls=15419, regioncalls=603400, ndraw=40, logz=-62.02, remainder_fraction=52.0780%, Lmin=-49.54, Lmax=-48.33
09:35:17 [ultranest] [DEBUG] iteration=4520, ncalls=15431, regioncalls=603880, ndraw=40, logz=-62.01, remainder_fraction=51.6066%, Lmin=-49.52, Lmax=-48.33
09:35:17 [ultranest] [DEBUG] iteration=4539, ncalls=15473, regioncalls=605560, ndraw=40, logz=-61.98, remainder_fraction=50.0592%, Lmin=-49.49, Lmax=-48.33
09:35:17 [ultranest] [DEBUG] iteration=4556, ncalls=15508, regioncalls=606960, ndraw=40, logz=-61.95, remainder_fraction=48.5926%, Lmin=-49.45, Lmax=-48.33
09:35:17 [ultranest] [DEBUG] iteration=4560, ncalls=15518, regioncalls=607360, ndraw=40, logz=-61.94, remainder_fraction=48.2236%, Lmin=-49.44, Lmax=-48.33
09:35:17 [ultranest] [DEBUG] iteration=4580, ncalls=15555, regioncalls=608840, ndraw=40, logz=-61.91, remainder_fraction=46.5981%, Lmin=-49.41, Lmax=-48.33
09:35:18 [ultranest] [DEBUG] iteration=4599, ncalls=15595, regioncalls=610440, ndraw=40, logz=-61.88, remainder_fraction=45.0015%, Lmin=-49.38, Lmax=-48.33
09:35:18 [ultranest] [DEBUG] iteration=4600, ncalls=15606, regioncalls=610880, ndraw=40, logz=-61.88, remainder_fraction=44.9318%, Lmin=-49.38, Lmax=-48.33
09:35:18 [ultranest] [DEBUG] iteration=4620, ncalls=15649, regioncalls=612600, ndraw=40, logz=-61.85, remainder_fraction=43.2791%, Lmin=-49.33, Lmax=-48.33
09:35:18 [ultranest] [DEBUG] iteration=4625, ncalls=15663, regioncalls=613200, ndraw=40, logz=-61.84, remainder_fraction=42.8937%, Lmin=-49.33, Lmax=-48.33
09:35:18 [ultranest] [DEBUG] iteration=4640, ncalls=15688, regioncalls=614200, ndraw=40, logz=-61.82, remainder_fraction=41.7623%, Lmin=-49.29, Lmax=-48.33
09:35:18 [ultranest] [DEBUG] iteration=4660, ncalls=15726, regioncalls=615720, ndraw=40, logz=-61.80, remainder_fraction=40.1678%, Lmin=-49.24, Lmax=-48.33
09:35:18 [ultranest] [DEBUG] iteration=4679, ncalls=15767, regioncalls=617360, ndraw=40, logz=-61.77, remainder_fraction=38.6519%, Lmin=-49.21, Lmax=-48.33
09:35:18 [ultranest] [DEBUG] iteration=4680, ncalls=15768, regioncalls=617400, ndraw=40, logz=-61.77, remainder_fraction=38.5862%, Lmin=-49.21, Lmax=-48.33
09:35:18 [ultranest] [DEBUG] iteration=4703, ncalls=15807, regioncalls=619040, ndraw=40, logz=-61.74, remainder_fraction=36.5760%, Lmin=-49.18, Lmax=-48.33
09:35:18 [ultranest] [DEBUG] iteration=4720, ncalls=15844, regioncalls=620520, ndraw=40, logz=-61.72, remainder_fraction=35.3181%, Lmin=-49.15, Lmax=-48.33
09:35:18 [ultranest] [DEBUG] iteration=4743, ncalls=15880, regioncalls=621960, ndraw=40, logz=-61.70, remainder_fraction=33.7234%, Lmin=-49.12, Lmax=-48.33
09:35:18 [ultranest] [DEBUG] iteration=4760, ncalls=15912, regioncalls=623240, ndraw=40, logz=-61.68, remainder_fraction=32.5388%, Lmin=-49.08, Lmax=-48.33
09:35:18 [ultranest] [DEBUG] iteration=4777, ncalls=15954, regioncalls=624920, ndraw=40, logz=-61.67, remainder_fraction=31.4073%, Lmin=-49.06, Lmax=-48.33
09:35:19 [ultranest] [DEBUG] iteration=4781, ncalls=15959, regioncalls=625200, ndraw=40, logz=-61.66, remainder_fraction=31.1660%, Lmin=-49.06, Lmax=-48.33
09:35:19 [ultranest] [DEBUG] iteration=4799, ncalls=15997, regioncalls=626720, ndraw=40, logz=-61.64, remainder_fraction=30.0648%, Lmin=-49.05, Lmax=-48.33
09:35:19 [ultranest] [DEBUG] iteration=4800, ncalls=15998, regioncalls=626760, ndraw=40, logz=-61.64, remainder_fraction=30.0262%, Lmin=-49.04, Lmax=-48.33
09:35:19 [ultranest] [DEBUG] iteration=4824, ncalls=16036, regioncalls=628280, ndraw=40, logz=-61.62, remainder_fraction=28.5979%, Lmin=-49.01, Lmax=-48.33
09:35:19 [ultranest] [DEBUG] iteration=4840, ncalls=16060, regioncalls=629240, ndraw=40, logz=-61.61, remainder_fraction=27.6736%, Lmin=-48.99, Lmax=-48.33
09:35:19 [ultranest] [DEBUG] iteration=4863, ncalls=16093, regioncalls=630560, ndraw=40, logz=-61.59, remainder_fraction=26.3318%, Lmin=-48.97, Lmax=-48.33
09:35:19 [ultranest] [DEBUG] iteration=4880, ncalls=16127, regioncalls=631920, ndraw=40, logz=-61.58, remainder_fraction=25.3715%, Lmin=-48.94, Lmax=-48.33
09:35:19 [ultranest] [DEBUG] iteration=4903, ncalls=16164, regioncalls=633400, ndraw=40, logz=-61.56, remainder_fraction=24.2235%, Lmin=-48.91, Lmax=-48.31
09:35:19 [ultranest] [DEBUG] iteration=4920, ncalls=16199, regioncalls=634800, ndraw=40, logz=-61.55, remainder_fraction=23.3858%, Lmin=-48.89, Lmax=-48.31
09:35:19 [ultranest] [DEBUG] iteration=4939, ncalls=16233, regioncalls=636160, ndraw=40, logz=-61.54, remainder_fraction=22.3828%, Lmin=-48.87, Lmax=-48.31
09:35:19 [ultranest] [DEBUG] iteration=4956, ncalls=16274, regioncalls=637800, ndraw=40, logz=-61.53, remainder_fraction=21.5247%, Lmin=-48.85, Lmax=-48.31
09:35:19 [ultranest] [DEBUG] iteration=4960, ncalls=16285, regioncalls=638240, ndraw=40, logz=-61.52, remainder_fraction=21.3147%, Lmin=-48.85, Lmax=-48.31
09:35:20 [ultranest] [DEBUG] iteration=4978, ncalls=16328, regioncalls=639960, ndraw=40, logz=-61.51, remainder_fraction=20.4590%, Lmin=-48.83, Lmax=-48.31
09:35:20 [ultranest] [DEBUG] iteration=4997, ncalls=16369, regioncalls=641600, ndraw=40, logz=-61.50, remainder_fraction=19.5630%, Lmin=-48.81, Lmax=-48.31
09:35:20 [ultranest] [DEBUG] iteration=5000, ncalls=16376, regioncalls=641880, ndraw=40, logz=-61.50, remainder_fraction=19.4296%, Lmin=-48.81, Lmax=-48.31
09:35:20 [ultranest] [DEBUG] iteration=5015, ncalls=16417, regioncalls=643560, ndraw=40, logz=-61.49, remainder_fraction=18.7291%, Lmin=-48.79, Lmax=-48.31
09:35:20 [ultranest] [DEBUG] iteration=5036, ncalls=16452, regioncalls=644960, ndraw=40, logz=-61.48, remainder_fraction=17.8030%, Lmin=-48.77, Lmax=-48.31
09:35:20 [ultranest] [DEBUG] iteration=5040, ncalls=16460, regioncalls=645320, ndraw=40, logz=-61.48, remainder_fraction=17.6207%, Lmin=-48.76, Lmax=-48.31
09:35:20 [ultranest] [DEBUG] iteration=5064, ncalls=16498, regioncalls=646840, ndraw=40, logz=-61.47, remainder_fraction=16.6381%, Lmin=-48.74, Lmax=-48.31
09:35:20 [ultranest] [DEBUG] iteration=5080, ncalls=16522, regioncalls=647800, ndraw=40, logz=-61.46, remainder_fraction=16.0384%, Lmin=-48.73, Lmax=-48.31
09:35:20 [ultranest] [DEBUG] iteration=5093, ncalls=16555, regioncalls=649160, ndraw=40, logz=-61.45, remainder_fraction=15.5812%, Lmin=-48.72, Lmax=-48.30
09:35:20 [ultranest] [DEBUG] iteration=5117, ncalls=16588, regioncalls=650480, ndraw=40, logz=-61.44, remainder_fraction=14.6652%, Lmin=-48.70, Lmax=-48.30
09:35:20 [ultranest] [DEBUG] iteration=5120, ncalls=16591, regioncalls=650600, ndraw=40, logz=-61.44, remainder_fraction=14.5483%, Lmin=-48.70, Lmax=-48.30
09:35:20 [ultranest] [DEBUG] iteration=5142, ncalls=16630, regioncalls=652160, ndraw=40, logz=-61.43, remainder_fraction=13.7914%, Lmin=-48.68, Lmax=-48.30
09:35:20 [ultranest] [DEBUG] iteration=5160, ncalls=16662, regioncalls=653440, ndraw=40, logz=-61.43, remainder_fraction=13.1985%, Lmin=-48.67, Lmax=-48.30
09:35:21 [ultranest] [DEBUG] iteration=5171, ncalls=16683, regioncalls=654360, ndraw=40, logz=-61.42, remainder_fraction=12.8269%, Lmin=-48.66, Lmax=-48.30
09:35:21 [ultranest] [DEBUG] iteration=5193, ncalls=16717, regioncalls=655720, ndraw=40, logz=-61.41, remainder_fraction=12.1372%, Lmin=-48.64, Lmax=-48.30
09:35:21 [ultranest] [DEBUG] iteration=5200, ncalls=16724, regioncalls=656000, ndraw=40, logz=-61.41, remainder_fraction=11.9159%, Lmin=-48.64, Lmax=-48.30
09:35:21 [ultranest] [DEBUG] iteration=5227, ncalls=16760, regioncalls=657440, ndraw=40, logz=-61.40, remainder_fraction=11.1380%, Lmin=-48.63, Lmax=-48.30
09:35:21 [ultranest] [DEBUG] iteration=5240, ncalls=16779, regioncalls=658200, ndraw=40, logz=-61.40, remainder_fraction=10.7997%, Lmin=-48.62, Lmax=-48.30
09:35:21 [ultranest] [DEBUG] iteration=5262, ncalls=16811, regioncalls=659480, ndraw=40, logz=-61.39, remainder_fraction=10.2184%, Lmin=-48.60, Lmax=-48.30
09:35:21 [ultranest] [DEBUG] iteration=5280, ncalls=16839, regioncalls=660600, ndraw=40, logz=-61.39, remainder_fraction=9.7491%, Lmin=-48.59, Lmax=-48.30
09:35:21 [ultranest] [DEBUG] iteration=5301, ncalls=16879, regioncalls=662200, ndraw=40, logz=-61.38, remainder_fraction=9.2471%, Lmin=-48.58, Lmax=-48.30
09:35:21 [ultranest] [DEBUG] iteration=5320, ncalls=16917, regioncalls=663720, ndraw=40, logz=-61.38, remainder_fraction=8.8105%, Lmin=-48.57, Lmax=-48.30
09:35:21 [ultranest] [DEBUG] iteration=5327, ncalls=16929, regioncalls=664240, ndraw=40, logz=-61.37, remainder_fraction=8.6475%, Lmin=-48.56, Lmax=-48.30
09:35:21 [ultranest] [DEBUG] iteration=5348, ncalls=16968, regioncalls=665800, ndraw=40, logz=-61.37, remainder_fraction=8.1895%, Lmin=-48.55, Lmax=-48.30
09:35:21 [ultranest] [DEBUG] iteration=5360, ncalls=17002, regioncalls=667160, ndraw=40, logz=-61.37, remainder_fraction=7.9331%, Lmin=-48.55, Lmax=-48.30
09:35:22 [ultranest] [DEBUG] iteration=5378, ncalls=17053, regioncalls=669200, ndraw=40, logz=-61.36, remainder_fraction=7.5737%, Lmin=-48.54, Lmax=-48.30
09:35:22 [ultranest] [DEBUG] iteration=5398, ncalls=17098, regioncalls=671000, ndraw=40, logz=-61.36, remainder_fraction=7.1875%, Lmin=-48.53, Lmax=-48.30
09:35:22 [ultranest] [DEBUG] iteration=5400, ncalls=17103, regioncalls=671200, ndraw=40, logz=-61.36, remainder_fraction=7.1513%, Lmin=-48.53, Lmax=-48.30
09:35:22 [ultranest] [DEBUG] iteration=5405, ncalls=17113, regioncalls=671640, ndraw=40, logz=-61.36, remainder_fraction=7.0574%, Lmin=-48.53, Lmax=-48.30
09:35:22 [ultranest] [DEBUG] iteration=5431, ncalls=17147, regioncalls=673000, ndraw=40, logz=-61.35, remainder_fraction=6.5866%, Lmin=-48.52, Lmax=-48.30
09:35:22 [ultranest] [DEBUG] iteration=5440, ncalls=17165, regioncalls=673720, ndraw=40, logz=-61.35, remainder_fraction=6.4345%, Lmin=-48.51, Lmax=-48.30
09:35:22 [ultranest] [DEBUG] iteration=5463, ncalls=17204, regioncalls=675280, ndraw=40, logz=-61.35, remainder_fraction=6.0580%, Lmin=-48.50, Lmax=-48.30
09:35:22 [ultranest] [DEBUG] iteration=5480, ncalls=17235, regioncalls=676520, ndraw=40, logz=-61.34, remainder_fraction=5.7982%, Lmin=-48.49, Lmax=-48.30
09:35:22 [ultranest] [DEBUG] iteration=5483, ncalls=17240, regioncalls=676800, ndraw=40, logz=-61.34, remainder_fraction=5.7525%, Lmin=-48.49, Lmax=-48.30
09:35:22 [ultranest] [DEBUG] iteration=5507, ncalls=17275, regioncalls=678240, ndraw=40, logz=-61.34, remainder_fraction=5.3991%, Lmin=-48.48, Lmax=-48.30
09:35:22 [ultranest] [DEBUG] iteration=5520, ncalls=17295, regioncalls=679040, ndraw=40, logz=-61.34, remainder_fraction=5.2154%, Lmin=-48.48, Lmax=-48.30
09:35:22 [ultranest] [DEBUG] iteration=5543, ncalls=17332, regioncalls=680520, ndraw=40, logz=-61.33, remainder_fraction=4.9110%, Lmin=-48.47, Lmax=-48.30
09:35:22 [ultranest] [DEBUG] iteration=5560, ncalls=17357, regioncalls=681520, ndraw=40, logz=-61.33, remainder_fraction=4.6917%, Lmin=-48.47, Lmax=-48.30
09:35:22 [ultranest] [DEBUG] iteration=5561, ncalls=17358, regioncalls=681600, ndraw=40, logz=-61.33, remainder_fraction=4.6803%, Lmin=-48.47, Lmax=-48.30
09:35:22 [ultranest] [DEBUG] iteration=5588, ncalls=17391, regioncalls=682920, ndraw=40, logz=-61.33, remainder_fraction=4.3489%, Lmin=-48.46, Lmax=-48.30
09:35:23 [ultranest] [DEBUG] iteration=5600, ncalls=17411, regioncalls=683720, ndraw=40, logz=-61.33, remainder_fraction=4.2076%, Lmin=-48.45, Lmax=-48.30
09:35:23 [ultranest] [DEBUG] iteration=5622, ncalls=17450, regioncalls=685280, ndraw=40, logz=-61.32, remainder_fraction=3.9598%, Lmin=-48.44, Lmax=-48.30
09:35:23 [ultranest] [DEBUG] iteration=5639, ncalls=17482, regioncalls=686640, ndraw=40, logz=-61.32, remainder_fraction=3.7830%, Lmin=-48.44, Lmax=-48.30
09:35:23 [ultranest] [DEBUG] iteration=5640, ncalls=17487, regioncalls=686840, ndraw=40, logz=-61.32, remainder_fraction=3.7724%, Lmin=-48.44, Lmax=-48.30
09:35:23 [ultranest] [DEBUG] iteration=5665, ncalls=17519, regioncalls=688120, ndraw=40, logz=-61.32, remainder_fraction=3.5221%, Lmin=-48.43, Lmax=-48.30
09:35:23 [ultranest] [DEBUG] iteration=5680, ncalls=17541, regioncalls=689000, ndraw=40, logz=-61.32, remainder_fraction=3.3825%, Lmin=-48.43, Lmax=-48.30
09:35:23 [ultranest] [DEBUG] iteration=5702, ncalls=17579, regioncalls=690520, ndraw=40, logz=-61.32, remainder_fraction=3.1835%, Lmin=-48.42, Lmax=-48.30
09:35:23 [ultranest] [DEBUG] iteration=5717, ncalls=17601, regioncalls=691440, ndraw=40, logz=-61.31, remainder_fraction=3.0535%, Lmin=-48.42, Lmax=-48.30
09:35:23 [ultranest] [DEBUG] iteration=5720, ncalls=17605, regioncalls=691600, ndraw=40, logz=-61.31, remainder_fraction=3.0286%, Lmin=-48.42, Lmax=-48.30
09:35:23 [ultranest] [DEBUG] iteration=5742, ncalls=17639, regioncalls=692960, ndraw=40, logz=-61.31, remainder_fraction=2.8491%, Lmin=-48.41, Lmax=-48.30
09:35:23 [ultranest] [DEBUG] iteration=5760, ncalls=17664, regioncalls=693960, ndraw=40, logz=-61.31, remainder_fraction=2.7109%, Lmin=-48.41, Lmax=-48.30
09:35:23 [ultranest] [DEBUG] iteration=5784, ncalls=17701, regioncalls=695440, ndraw=40, logz=-61.31, remainder_fraction=2.5380%, Lmin=-48.40, Lmax=-48.29
09:35:23 [ultranest] [DEBUG] iteration=5795, ncalls=17723, regioncalls=696400, ndraw=40, logz=-61.31, remainder_fraction=2.4620%, Lmin=-48.40, Lmax=-48.29
09:35:23 [ultranest] [DEBUG] iteration=5800, ncalls=17728, regioncalls=696600, ndraw=40, logz=-61.31, remainder_fraction=2.4286%, Lmin=-48.40, Lmax=-48.29
09:35:24 [ultranest] [DEBUG] iteration=5821, ncalls=17763, regioncalls=698000, ndraw=40, logz=-61.31, remainder_fraction=2.2907%, Lmin=-48.39, Lmax=-48.29
09:35:24 [ultranest] [INFO] Explored until L=-5e+01  
09:35:24 [ultranest] [INFO] Likelihood function evaluations: 17771
09:35:25 [ultranest] [INFO] Writing samples and results to disk ...
09:35:25 [ultranest] [INFO] Writing samples and results to disk ... done
09:35:25 [ultranest] [DEBUG] did a run_iter pass!
09:35:25 [ultranest] [INFO]   logZ = -61.3 +- 0.1415
09:35:25 [ultranest] [INFO] Effective samples strategy satisfied (ESS = 1604.8, need >400)
09:35:25 [ultranest] [INFO] Posterior uncertainty strategy is satisfied (KL: 0.46+-0.08 nat, need <0.50 nat)
09:35:25 [ultranest] [INFO] Evidency uncertainty strategy is satisfied (dlogz=0.14, need <0.5)
09:35:25 [ultranest] [INFO]   logZ error budget: single: 0.18 bs:0.14 tail:0.02 total:0.14 required:<0.50
09:35:25 [ultranest] [INFO] done iterating.
09:35:25 [ultranest] [DEBUG] Making corner plot ...
09:35:27 [ultranest] [DEBUG] Making corner plot ... done
09:35:27 [ultranest] [DEBUG] Making run plot ... 
09:35:28 [ultranest] [DEBUG] Making run plot ... done
09:35:28 [ultranest] [DEBUG] Making trace plot ... 
09:35:29 [ultranest] [DEBUG] Making trace plot ... done
