15:13:59 [ultranest] [DEBUG] ReactiveNestedSampler: dims=3+0, resume=True, log_dir=/home/orion51/Desktop/Research/spectral_fitting/FGL_spectral_fitting/Individual_sources/2CXOJ085932.2-434602/powerlaw_out_, backend=hdf5, vectorized=False, nbootstraps=30, ndraw=128..65536
15:13:59 [ultranest] [INFO] Sampling 400 live points from prior ...
15:14:00 [ultranest] [DEBUG] run_iter dlogz=0.5, dKL=0.5, frac_remain=0.01, Lepsilon=0.1000, min_ess=400
15:14:00 [ultranest] [DEBUG] max_iters=-1, max_ncalls=-1, max_num_improvement_loops=-1, min_num_live_points=400, cluster_num_live_points=40
15:14:00 [ultranest] [DEBUG] minimal_widths_sequence: [(-inf, 400.0), (inf, 400.0)]
15:14:00 [ultranest] [DEBUG] iteration=0, ncalls=401, regioncalls=40, ndraw=40, logz=-inf, remainder_fraction=100.0000%, Lmin=-352034478583.94, Lmax=-342.24
15:14:00 [ultranest] [DEBUG] iteration=30, ncalls=432, regioncalls=1280, ndraw=40, logz=-805883897.84, remainder_fraction=100.0000%, Lmin=-801848155.26, Lmax=-342.24
15:14:00 [ultranest] [DEBUG] iteration=40, ncalls=442, regioncalls=1680, ndraw=40, logz=-217714363.59, remainder_fraction=100.0000%, Lmin=-201851194.15, Lmax=-342.24
15:14:00 [ultranest] [DEBUG] iteration=70, ncalls=477, regioncalls=3080, ndraw=40, logz=-21418159.47, remainder_fraction=100.0000%, Lmin=-18483005.94, Lmax=-342.24
15:14:00 [ultranest] [DEBUG] iteration=80, ncalls=487, regioncalls=3480, ndraw=40, logz=-7474100.61, remainder_fraction=100.0000%, Lmin=-7198493.53, Lmax=-342.24
15:14:00 [ultranest] [DEBUG] iteration=90, ncalls=500, regioncalls=4000, ndraw=40, logz=-3543600.66, remainder_fraction=100.0000%, Lmin=-2880415.96, Lmax=-342.24
15:14:00 [ultranest] [DEBUG] iteration=117, ncalls=532, regioncalls=5280, ndraw=40, logz=-803897.04, remainder_fraction=100.0000%, Lmin=-776433.11, Lmax=-342.24
15:14:00 [ultranest] [DEBUG] iteration=120, ncalls=535, regioncalls=5400, ndraw=40, logz=-688982.74, remainder_fraction=100.0000%, Lmin=-665599.66, Lmax=-342.24
15:14:00 [ultranest] [DEBUG] iteration=150, ncalls=570, regioncalls=6800, ndraw=40, logz=-79542.00, remainder_fraction=100.0000%, Lmin=-77843.84, Lmax=-342.24
15:14:00 [ultranest] [DEBUG] iteration=160, ncalls=581, regioncalls=7240, ndraw=40, logz=-54019.85, remainder_fraction=100.0000%, Lmin=-46716.06, Lmax=-342.24
15:14:00 [ultranest] [DEBUG] iteration=180, ncalls=606, regioncalls=8240, ndraw=40, logz=-18999.00, remainder_fraction=100.0000%, Lmin=-18935.31, Lmax=-342.24
15:14:00 [ultranest] [DEBUG] iteration=200, ncalls=633, regioncalls=9320, ndraw=40, logz=-9530.76, remainder_fraction=100.0000%, Lmin=-7977.01, Lmax=-342.24
15:14:01 [ultranest] [DEBUG] Plateau detected at L=-4.731425e+03, not replacing live point.
15:14:01 [ultranest] [DEBUG] Plateau detected at L=-4.731425e+03, not replacing live point.
15:14:01 [ultranest] [DEBUG] Plateau detected at L=-4.731425e+03, not replacing live point.
15:14:01 [ultranest] [DEBUG] Plateau detected at L=-4.731425e+03, not replacing live point.
15:14:01 [ultranest] [DEBUG] Plateau detected at L=-4.731425e+03, not replacing live point.
15:14:01 [ultranest] [DEBUG] Plateau detected at L=-4.731425e+03, not replacing live point.
15:14:01 [ultranest] [DEBUG] Plateau detected at L=-4.731425e+03, not replacing live point.
15:14:01 [ultranest] [DEBUG] Plateau detected at L=-4.731425e+03, not replacing live point.
15:14:01 [ultranest] [DEBUG] Plateau detected at L=-4.731425e+03, not replacing live point.
15:14:01 [ultranest] [DEBUG] Plateau detected at L=-4.731425e+03, not replacing live point.
15:14:01 [ultranest] [DEBUG] Plateau detected at L=-4.731425e+03, not replacing live point.
15:14:01 [ultranest] [DEBUG] Plateau detected at L=-4.731425e+03, not replacing live point.
15:14:01 [ultranest] [DEBUG] Plateau detected at L=-4.731425e+03, not replacing live point.
15:14:01 [ultranest] [DEBUG] Plateau detected at L=-4.731425e+03, not replacing live point.
15:14:01 [ultranest] [DEBUG] Plateau detected at L=-4.731425e+03, not replacing live point.
15:14:01 [ultranest] [DEBUG] Plateau detected at L=-4.731425e+03, not replacing live point.
15:14:01 [ultranest] [DEBUG] Plateau detected at L=-4.731425e+03, not replacing live point.
15:14:01 [ultranest] [DEBUG] Plateau detected at L=-4.731425e+03, not replacing live point.
15:14:01 [ultranest] [DEBUG] Plateau detected at L=-4.731425e+03, not replacing live point.
15:14:01 [ultranest] [DEBUG] Plateau detected at L=-4.731425e+03, not replacing live point.
15:14:01 [ultranest] [DEBUG] Plateau detected at L=-4.731425e+03, not replacing live point.
15:14:01 [ultranest] [DEBUG] Plateau detected at L=-4.731425e+03, not replacing live point.
15:14:01 [ultranest] [DEBUG] Plateau detected at L=-4.731425e+03, not replacing live point.
15:14:01 [ultranest] [DEBUG] Plateau detected at L=-4.731425e+03, not replacing live point.
15:14:01 [ultranest] [DEBUG] Plateau detected at L=-4.731425e+03, not replacing live point.
15:14:01 [ultranest] [DEBUG] Plateau detected at L=-4.731425e+03, not replacing live point.
15:14:01 [ultranest] [DEBUG] Plateau detected at L=-4.731425e+03, not replacing live point.
15:14:01 [ultranest] [DEBUG] Plateau detected at L=-4.731425e+03, not replacing live point.
15:14:01 [ultranest] [DEBUG] Plateau detected at L=-4.731425e+03, not replacing live point.
15:14:01 [ultranest] [DEBUG] Plateau detected at L=-4.731425e+03, not replacing live point.
15:14:01 [ultranest] [DEBUG] Plateau detected at L=-4.731425e+03, not replacing live point.
15:14:01 [ultranest] [DEBUG] Plateau detected at L=-4.731425e+03, not replacing live point.
15:14:01 [ultranest] [DEBUG] Plateau detected at L=-4.731425e+03, not replacing live point.
15:14:01 [ultranest] [DEBUG] Plateau detected at L=-4.731425e+03, not replacing live point.
15:14:01 [ultranest] [DEBUG] Plateau detected at L=-4.731425e+03, not replacing live point.
15:14:01 [ultranest] [DEBUG] Plateau detected at L=-4.731425e+03, not replacing live point.
15:14:01 [ultranest] [DEBUG] Plateau detected at L=-4.731425e+03, not replacing live point.
15:14:01 [ultranest] [DEBUG] Plateau detected at L=-4.731425e+03, not replacing live point.
15:14:01 [ultranest] [DEBUG] Plateau detected at L=-4.731425e+03, not replacing live point.
15:14:01 [ultranest] [DEBUG] Plateau detected at L=-4.731425e+03, not replacing live point.
15:14:01 [ultranest] [DEBUG] Plateau detected at L=-4.731425e+03, not replacing live point.
15:14:01 [ultranest] [DEBUG] Plateau detected at L=-4.731425e+03, not replacing live point.
15:14:01 [ultranest] [DEBUG] Plateau detected at L=-4.731425e+03, not replacing live point.
15:14:01 [ultranest] [DEBUG] Plateau detected at L=-4.731425e+03, not replacing live point.
15:14:01 [ultranest] [DEBUG] Plateau detected at L=-4.731425e+03, not replacing live point.
15:14:01 [ultranest] [DEBUG] Plateau detected at L=-4.731425e+03, not replacing live point.
15:14:01 [ultranest] [DEBUG] Plateau detected at L=-4.731425e+03, not replacing live point.
15:14:01 [ultranest] [DEBUG] Plateau detected at L=-4.731425e+03, not replacing live point.
15:14:01 [ultranest] [DEBUG] Plateau detected at L=-4.731425e+03, not replacing live point.
15:14:01 [ultranest] [DEBUG] Plateau detected at L=-4.731425e+03, not replacing live point.
15:14:01 [ultranest] [DEBUG] Plateau detected at L=-4.731425e+03, not replacing live point.
15:14:01 [ultranest] [DEBUG] Plateau detected at L=-4.731425e+03, not replacing live point.
15:14:01 [ultranest] [DEBUG] Plateau detected at L=-4.731425e+03, not replacing live point.
15:14:01 [ultranest] [DEBUG] iteration=282, ncalls=669, regioncalls=10760, ndraw=40, logz=-4734.02, remainder_fraction=100.0000%, Lmin=-4731.42, Lmax=-342.24
15:14:01 [ultranest] [DEBUG] iteration=304, ncalls=707, regioncalls=12280, ndraw=40, logz=-4733.68, remainder_fraction=100.0000%, Lmin=-4731.42, Lmax=-342.24
15:14:01 [ultranest] [DEBUG] iteration=320, ncalls=733, regioncalls=13320, ndraw=40, logz=-4733.50, remainder_fraction=100.0000%, Lmin=-4731.42, Lmax=-342.24
15:14:01 [ultranest] [DEBUG] iteration=344, ncalls=773, regioncalls=14920, ndraw=40, logz=-4733.29, remainder_fraction=100.0000%, Lmin=-4731.42, Lmax=-342.24
15:14:01 [ultranest] [DEBUG] iteration=360, ncalls=808, regioncalls=16320, ndraw=40, logz=-4733.18, remainder_fraction=100.0000%, Lmin=-4731.40, Lmax=-342.24
15:14:01 [ultranest] [DEBUG] iteration=379, ncalls=849, regioncalls=17960, ndraw=40, logz=-4733.05, remainder_fraction=100.0000%, Lmin=-4731.30, Lmax=-342.24
15:14:01 [ultranest] [DEBUG] iteration=400, ncalls=889, regioncalls=19560, ndraw=40, logz=-4732.92, remainder_fraction=100.0000%, Lmin=-4730.76, Lmax=-342.24
15:14:01 [ultranest] [DEBUG] iteration=417, ncalls=936, regioncalls=21440, ndraw=40, logz=-4732.60, remainder_fraction=100.0000%, Lmin=-4729.03, Lmax=-342.24
15:14:01 [ultranest] [DEBUG] iteration=438, ncalls=975, regioncalls=23000, ndraw=40, logz=-4730.63, remainder_fraction=100.0000%, Lmin=-4725.31, Lmax=-342.24
15:14:01 [ultranest] [DEBUG] iteration=440, ncalls=987, regioncalls=23480, ndraw=40, logz=-4730.31, remainder_fraction=100.0000%, Lmin=-4725.13, Lmax=-342.24
15:14:02 [ultranest] [DEBUG] iteration=452, ncalls=1037, regioncalls=25480, ndraw=40, logz=-4728.42, remainder_fraction=100.0000%, Lmin=-4722.86, Lmax=-342.24
15:14:02 [ultranest] [DEBUG] iteration=473, ncalls=1082, regioncalls=27280, ndraw=40, logz=-4725.27, remainder_fraction=100.0000%, Lmin=-4720.13, Lmax=-342.24
15:14:02 [ultranest] [DEBUG] iteration=480, ncalls=1097, regioncalls=27880, ndraw=40, logz=-4724.27, remainder_fraction=100.0000%, Lmin=-4719.03, Lmax=-342.24
15:14:02 [ultranest] [DEBUG] iteration=500, ncalls=1138, regioncalls=29520, ndraw=40, logz=-4721.37, remainder_fraction=100.0000%, Lmin=-4715.79, Lmax=-342.24
15:14:02 [ultranest] [DEBUG] iteration=516, ncalls=1172, regioncalls=30880, ndraw=40, logz=-4718.54, remainder_fraction=100.0000%, Lmin=-4712.83, Lmax=-342.24
15:14:02 [ultranest] [DEBUG] iteration=520, ncalls=1178, regioncalls=31120, ndraw=40, logz=-4717.56, remainder_fraction=100.0000%, Lmin=-4711.35, Lmax=-342.24
15:14:02 [ultranest] [DEBUG] iteration=539, ncalls=1218, regioncalls=32720, ndraw=40, logz=-4710.12, remainder_fraction=100.0000%, Lmin=-4704.17, Lmax=-342.24
15:14:02 [ultranest] [DEBUG] iteration=558, ncalls=1263, regioncalls=34520, ndraw=40, logz=-4699.85, remainder_fraction=100.0000%, Lmin=-4691.61, Lmax=-342.24
15:14:02 [ultranest] [DEBUG] iteration=560, ncalls=1266, regioncalls=34640, ndraw=40, logz=-4697.67, remainder_fraction=100.0000%, Lmin=-4689.97, Lmax=-342.24
15:14:02 [ultranest] [DEBUG] iteration=584, ncalls=1308, regioncalls=36320, ndraw=40, logz=-4681.07, remainder_fraction=100.0000%, Lmin=-4674.22, Lmax=-342.24
15:14:02 [ultranest] [DEBUG] clustering found some stray points [need_accept=False] (array([1, 2]), array([346,   1]))
15:14:02 [ultranest] [DEBUG] iteration=600, ncalls=1339, regioncalls=37560, ndraw=40, logz=-4666.27, remainder_fraction=100.0000%, Lmin=-4658.62, Lmax=-342.24
15:14:02 [ultranest] [DEBUG] iteration=620, ncalls=1376, regioncalls=39040, ndraw=40, logz=-4640.51, remainder_fraction=100.0000%, Lmin=-4630.35, Lmax=-342.24
15:14:03 [ultranest] [DEBUG] iteration=636, ncalls=1421, regioncalls=40840, ndraw=40, logz=-4615.13, remainder_fraction=100.0000%, Lmin=-4606.08, Lmax=-342.24
15:14:03 [ultranest] [DEBUG] iteration=640, ncalls=1431, regioncalls=41240, ndraw=40, logz=-4607.60, remainder_fraction=100.0000%, Lmin=-4599.57, Lmax=-342.24
15:14:03 [ultranest] [DEBUG] iteration=657, ncalls=1474, regioncalls=42960, ndraw=40, logz=-4566.02, remainder_fraction=100.0000%, Lmin=-4556.93, Lmax=-342.24
15:14:03 [ultranest] [DEBUG] iteration=677, ncalls=1509, regioncalls=44360, ndraw=40, logz=-4524.87, remainder_fraction=100.0000%, Lmin=-4515.76, Lmax=-283.57
15:14:03 [ultranest] [DEBUG] iteration=680, ncalls=1514, regioncalls=44560, ndraw=40, logz=-4517.71, remainder_fraction=100.0000%, Lmin=-4509.14, Lmax=-283.57
15:14:03 [ultranest] [DEBUG] iteration=699, ncalls=1558, regioncalls=46320, ndraw=40, logz=-4478.93, remainder_fraction=100.0000%, Lmin=-4470.99, Lmax=-271.72
15:14:03 [ultranest] [DEBUG] iteration=716, ncalls=1603, regioncalls=48120, ndraw=40, logz=-4436.73, remainder_fraction=100.0000%, Lmin=-4426.81, Lmax=-271.72
15:14:03 [ultranest] [DEBUG] iteration=720, ncalls=1615, regioncalls=48600, ndraw=40, logz=-4424.36, remainder_fraction=100.0000%, Lmin=-4412.73, Lmax=-271.72
15:14:03 [ultranest] [DEBUG] iteration=735, ncalls=1661, regioncalls=50440, ndraw=40, logz=-4382.34, remainder_fraction=100.0000%, Lmin=-4368.65, Lmax=-271.72
15:14:03 [ultranest] [DEBUG] iteration=750, ncalls=1705, regioncalls=52200, ndraw=40, logz=-4306.21, remainder_fraction=100.0000%, Lmin=-4296.97, Lmax=-271.72
15:14:03 [ultranest] [DEBUG] iteration=760, ncalls=1739, regioncalls=53560, ndraw=40, logz=-4256.02, remainder_fraction=100.0000%, Lmin=-4247.27, Lmax=-271.72
15:14:03 [ultranest] [DEBUG] iteration=775, ncalls=1788, regioncalls=55520, ndraw=40, logz=-4193.14, remainder_fraction=100.0000%, Lmin=-4183.99, Lmax=-271.72
15:14:04 [ultranest] [DEBUG] iteration=788, ncalls=1833, regioncalls=57320, ndraw=40, logz=-4141.85, remainder_fraction=100.0000%, Lmin=-4134.00, Lmax=-271.72
15:14:04 [ultranest] [DEBUG] iteration=800, ncalls=1870, regioncalls=58800, ndraw=40, logz=-4098.35, remainder_fraction=100.0000%, Lmin=-4089.27, Lmax=-271.72
15:14:04 [ultranest] [DEBUG] iteration=818, ncalls=1913, regioncalls=60520, ndraw=40, logz=-3998.50, remainder_fraction=100.0000%, Lmin=-3989.91, Lmax=-271.72
15:14:04 [ultranest] [DEBUG] iteration=828, ncalls=1939, regioncalls=61560, ndraw=40, logz=-3926.72, remainder_fraction=100.0000%, Lmin=-3913.34, Lmax=-271.72
15:14:04 [ultranest] [DEBUG] iteration=840, ncalls=1963, regioncalls=62520, ndraw=40, logz=-3867.15, remainder_fraction=100.0000%, Lmin=-3857.03, Lmax=-271.72
15:14:04 [ultranest] [DEBUG] iteration=853, ncalls=2005, regioncalls=64200, ndraw=40, logz=-3807.91, remainder_fraction=100.0000%, Lmin=-3796.10, Lmax=-271.72
15:14:04 [ultranest] [DEBUG] iteration=872, ncalls=2047, regioncalls=65880, ndraw=40, logz=-3718.58, remainder_fraction=100.0000%, Lmin=-3701.92, Lmax=-271.72
15:14:04 [ultranest] [DEBUG] iteration=880, ncalls=2066, regioncalls=66640, ndraw=40, logz=-3678.06, remainder_fraction=100.0000%, Lmin=-3664.89, Lmax=-271.72
15:14:04 [ultranest] [DEBUG] iteration=896, ncalls=2111, regioncalls=68440, ndraw=40, logz=-3598.34, remainder_fraction=100.0000%, Lmin=-3580.90, Lmax=-146.76
15:14:04 [ultranest] [DEBUG] iteration=912, ncalls=2148, regioncalls=69920, ndraw=40, logz=-3481.39, remainder_fraction=100.0000%, Lmin=-3472.95, Lmax=-146.76
15:14:04 [ultranest] [DEBUG] iteration=920, ncalls=2172, regioncalls=70880, ndraw=40, logz=-3430.41, remainder_fraction=100.0000%, Lmin=-3419.77, Lmax=-146.76
15:14:04 [ultranest] [DEBUG] iteration=932, ncalls=2222, regioncalls=72880, ndraw=40, logz=-3371.04, remainder_fraction=100.0000%, Lmin=-3350.05, Lmax=-146.76
15:14:05 [ultranest] [DEBUG] iteration=945, ncalls=2271, regioncalls=74840, ndraw=40, logz=-3282.06, remainder_fraction=100.0000%, Lmin=-3272.85, Lmax=-146.76
15:14:05 [ultranest] [DEBUG] iteration=957, ncalls=2316, regioncalls=76640, ndraw=40, logz=-3234.09, remainder_fraction=100.0000%, Lmin=-3224.41, Lmax=-146.76
15:14:05 [ultranest] [DEBUG] iteration=960, ncalls=2325, regioncalls=77000, ndraw=40, logz=-3222.25, remainder_fraction=100.0000%, Lmin=-3213.71, Lmax=-146.76
15:14:05 [ultranest] [DEBUG] iteration=980, ncalls=2366, regioncalls=78640, ndraw=40, logz=-3092.43, remainder_fraction=100.0000%, Lmin=-3080.13, Lmax=-146.76
15:14:05 [ultranest] [DEBUG] clustering found some stray points [need_accept=False] (array([1, 2]), array([346,   1]))
15:14:05 [ultranest] [DEBUG] iteration=994, ncalls=2403, regioncalls=80120, ndraw=40, logz=-3011.19, remainder_fraction=100.0000%, Lmin=-3001.40, Lmax=-146.76
15:14:05 [ultranest] [DEBUG] iteration=1000, ncalls=2425, regioncalls=81000, ndraw=40, logz=-2998.37, remainder_fraction=100.0000%, Lmin=-2975.78, Lmax=-146.76
15:14:05 [ultranest] [DEBUG] iteration=1019, ncalls=2468, regioncalls=82720, ndraw=40, logz=-2885.02, remainder_fraction=100.0000%, Lmin=-2874.54, Lmax=-132.92
15:14:05 [ultranest] [DEBUG] iteration=1036, ncalls=2510, regioncalls=84400, ndraw=40, logz=-2787.20, remainder_fraction=100.0000%, Lmin=-2771.98, Lmax=-132.92
15:14:05 [ultranest] [DEBUG] iteration=1040, ncalls=2532, regioncalls=85280, ndraw=40, logz=-2763.33, remainder_fraction=100.0000%, Lmin=-2747.65, Lmax=-132.92
15:14:05 [ultranest] [DEBUG] iteration=1052, ncalls=2578, regioncalls=87120, ndraw=40, logz=-2672.08, remainder_fraction=100.0000%, Lmin=-2635.06, Lmax=-132.92
15:14:05 [ultranest] [DEBUG] iteration=1062, ncalls=2619, regioncalls=88760, ndraw=40, logz=-2621.87, remainder_fraction=100.0000%, Lmin=-2608.27, Lmax=-132.92
15:14:06 [ultranest] [DEBUG] iteration=1074, ncalls=2667, regioncalls=90680, ndraw=40, logz=-2582.11, remainder_fraction=100.0000%, Lmin=-2571.68, Lmax=-132.92
15:14:06 [ultranest] [DEBUG] iteration=1080, ncalls=2680, regioncalls=91200, ndraw=40, logz=-2564.54, remainder_fraction=100.0000%, Lmin=-2553.23, Lmax=-132.92
15:14:06 [ultranest] [DEBUG] iteration=1092, ncalls=2729, regioncalls=93160, ndraw=40, logz=-2493.65, remainder_fraction=100.0000%, Lmin=-2481.21, Lmax=-132.92
15:14:06 [ultranest] [DEBUG] iteration=1103, ncalls=2780, regioncalls=95200, ndraw=40, logz=-2428.72, remainder_fraction=100.0000%, Lmin=-2405.94, Lmax=-132.92
15:14:06 [ultranest] [DEBUG] iteration=1117, ncalls=2828, regioncalls=97120, ndraw=40, logz=-2363.36, remainder_fraction=100.0000%, Lmin=-2349.04, Lmax=-132.92
15:14:06 [ultranest] [DEBUG] iteration=1120, ncalls=2832, regioncalls=97280, ndraw=40, logz=-2353.04, remainder_fraction=100.0000%, Lmin=-2336.31, Lmax=-132.92
15:14:06 [ultranest] [DEBUG] iteration=1129, ncalls=2881, regioncalls=99240, ndraw=40, logz=-2320.93, remainder_fraction=100.0000%, Lmin=-2301.03, Lmax=-132.92
15:14:06 [ultranest] [DEBUG] iteration=1141, ncalls=2922, regioncalls=100880, ndraw=40, logz=-2242.33, remainder_fraction=100.0000%, Lmin=-2226.37, Lmax=-132.92
15:14:06 [ultranest] [DEBUG] iteration=1150, ncalls=2976, regioncalls=103040, ndraw=40, logz=-2202.66, remainder_fraction=100.0000%, Lmin=-2193.06, Lmax=-132.92
15:14:06 [ultranest] [DEBUG] iteration=1160, ncalls=3015, regioncalls=104600, ndraw=40, logz=-2172.24, remainder_fraction=100.0000%, Lmin=-2162.29, Lmax=-132.92
15:14:06 [ultranest] [DEBUG] iteration=1169, ncalls=3068, regioncalls=106720, ndraw=40, logz=-2117.17, remainder_fraction=100.0000%, Lmin=-2103.87, Lmax=-132.92
15:14:07 [ultranest] [DEBUG] iteration=1181, ncalls=3129, regioncalls=109160, ndraw=40, logz=-2073.96, remainder_fraction=100.0000%, Lmin=-2060.44, Lmax=-132.92
15:14:07 [ultranest] [DEBUG] iteration=1198, ncalls=3173, regioncalls=110920, ndraw=40, logz=-2013.15, remainder_fraction=100.0000%, Lmin=-1992.29, Lmax=-132.92
15:14:07 [ultranest] [DEBUG] iteration=1200, ncalls=3180, regioncalls=111200, ndraw=40, logz=-1998.41, remainder_fraction=100.0000%, Lmin=-1982.38, Lmax=-132.92
15:14:07 [ultranest] [DEBUG] iteration=1209, ncalls=3228, regioncalls=113120, ndraw=40, logz=-1949.33, remainder_fraction=100.0000%, Lmin=-1939.12, Lmax=-132.92
15:14:07 [ultranest] [DEBUG] iteration=1218, ncalls=3243, regioncalls=113720, ndraw=40, logz=-1925.47, remainder_fraction=100.0000%, Lmin=-1913.20, Lmax=-132.92
15:14:07 [ultranest] [DEBUG] iteration=1227, ncalls=3290, regioncalls=115600, ndraw=40, logz=-1906.44, remainder_fraction=100.0000%, Lmin=-1895.24, Lmax=-132.92
15:14:07 [ultranest] [DEBUG] iteration=1238, ncalls=3338, regioncalls=117520, ndraw=40, logz=-1876.20, remainder_fraction=100.0000%, Lmin=-1864.28, Lmax=-132.92
15:14:07 [ultranest] [DEBUG] iteration=1240, ncalls=3353, regioncalls=118120, ndraw=40, logz=-1866.96, remainder_fraction=100.0000%, Lmin=-1857.57, Lmax=-132.92
15:14:07 [ultranest] [DEBUG] iteration=1251, ncalls=3398, regioncalls=120000, ndraw=40, logz=-1815.42, remainder_fraction=100.0000%, Lmin=-1805.55, Lmax=-132.92
15:14:07 [ultranest] [DEBUG] iteration=1262, ncalls=3445, regioncalls=121880, ndraw=40, logz=-1794.52, remainder_fraction=100.0000%, Lmin=-1775.57, Lmax=-132.92
15:14:07 [ultranest] [DEBUG] iteration=1274, ncalls=3492, regioncalls=123760, ndraw=40, logz=-1748.33, remainder_fraction=100.0000%, Lmin=-1736.35, Lmax=-132.92
15:14:07 [ultranest] [DEBUG] iteration=1280, ncalls=3503, regioncalls=124200, ndraw=40, logz=-1726.83, remainder_fraction=100.0000%, Lmin=-1711.86, Lmax=-132.92
15:14:07 [ultranest] [DEBUG] iteration=1292, ncalls=3548, regioncalls=126000, ndraw=40, logz=-1689.26, remainder_fraction=100.0000%, Lmin=-1679.54, Lmax=-132.92
15:14:08 [ultranest] [DEBUG] iteration=1302, ncalls=3584, regioncalls=127440, ndraw=40, logz=-1669.19, remainder_fraction=100.0000%, Lmin=-1658.89, Lmax=-132.92
15:14:08 [ultranest] [DEBUG] iteration=1313, ncalls=3630, regioncalls=129280, ndraw=40, logz=-1630.56, remainder_fraction=100.0000%, Lmin=-1620.28, Lmax=-132.92
15:14:08 [ultranest] [DEBUG] iteration=1320, ncalls=3650, regioncalls=130080, ndraw=40, logz=-1607.68, remainder_fraction=100.0000%, Lmin=-1596.51, Lmax=-132.92
15:14:08 [ultranest] [DEBUG] iteration=1332, ncalls=3708, regioncalls=132400, ndraw=40, logz=-1563.93, remainder_fraction=100.0000%, Lmin=-1552.13, Lmax=-132.92
15:14:08 [ultranest] [DEBUG] iteration=1342, ncalls=3762, regioncalls=134560, ndraw=40, logz=-1540.90, remainder_fraction=100.0000%, Lmin=-1526.74, Lmax=-132.92
15:14:08 [ultranest] [DEBUG] iteration=1357, ncalls=3808, regioncalls=136400, ndraw=40, logz=-1491.13, remainder_fraction=100.0000%, Lmin=-1470.00, Lmax=-132.92
15:14:08 [ultranest] [DEBUG] iteration=1360, ncalls=3816, regioncalls=136720, ndraw=40, logz=-1475.86, remainder_fraction=100.0000%, Lmin=-1466.01, Lmax=-132.92
15:14:08 [ultranest] [DEBUG] iteration=1374, ncalls=3863, regioncalls=138600, ndraw=40, logz=-1438.04, remainder_fraction=100.0000%, Lmin=-1427.45, Lmax=-132.92
15:14:08 [ultranest] [DEBUG] iteration=1382, ncalls=3909, regioncalls=140440, ndraw=40, logz=-1415.36, remainder_fraction=100.0000%, Lmin=-1399.46, Lmax=-132.92
15:14:08 [ultranest] [DEBUG] iteration=1394, ncalls=3955, regioncalls=142280, ndraw=40, logz=-1380.80, remainder_fraction=100.0000%, Lmin=-1362.41, Lmax=-132.92
15:14:08 [ultranest] [DEBUG] iteration=1400, ncalls=3972, regioncalls=142960, ndraw=40, logz=-1349.47, remainder_fraction=100.0000%, Lmin=-1339.22, Lmax=-132.92
15:14:09 [ultranest] [DEBUG] iteration=1411, ncalls=4030, regioncalls=145320, ndraw=40, logz=-1326.04, remainder_fraction=100.0000%, Lmin=-1314.60, Lmax=-132.92
15:14:09 [ultranest] [DEBUG] iteration=1420, ncalls=4081, regioncalls=147360, ndraw=40, logz=-1309.22, remainder_fraction=100.0000%, Lmin=-1298.56, Lmax=-132.92
15:14:09 [ultranest] [DEBUG] iteration=1432, ncalls=4128, regioncalls=149240, ndraw=40, logz=-1284.44, remainder_fraction=100.0000%, Lmin=-1273.90, Lmax=-132.92
15:14:09 [ultranest] [DEBUG] iteration=1440, ncalls=4167, regioncalls=150800, ndraw=40, logz=-1271.98, remainder_fraction=100.0000%, Lmin=-1261.39, Lmax=-132.92
15:14:09 [ultranest] [DEBUG] iteration=1450, ncalls=4221, regioncalls=152960, ndraw=40, logz=-1249.41, remainder_fraction=100.0000%, Lmin=-1238.83, Lmax=-132.92
15:14:09 [ultranest] [DEBUG] iteration=1457, ncalls=4267, regioncalls=154960, ndraw=40, logz=-1233.32, remainder_fraction=100.0000%, Lmin=-1223.81, Lmax=-132.92
15:14:09 [ultranest] [DEBUG] iteration=1466, ncalls=4315, regioncalls=156880, ndraw=40, logz=-1220.01, remainder_fraction=100.0000%, Lmin=-1206.96, Lmax=-132.92
15:14:09 [ultranest] [DEBUG] iteration=1479, ncalls=4372, regioncalls=159160, ndraw=40, logz=-1190.07, remainder_fraction=100.0000%, Lmin=-1175.90, Lmax=-132.92
15:14:09 [ultranest] [DEBUG] iteration=1480, ncalls=4377, regioncalls=159360, ndraw=40, logz=-1185.90, remainder_fraction=100.0000%, Lmin=-1173.55, Lmax=-132.92
15:14:09 [ultranest] [DEBUG] iteration=1489, ncalls=4428, regioncalls=161400, ndraw=40, logz=-1163.64, remainder_fraction=100.0000%, Lmin=-1148.58, Lmax=-132.92
15:14:09 [ultranest] [DEBUG] iteration=1501, ncalls=4475, regioncalls=163280, ndraw=40, logz=-1133.40, remainder_fraction=100.0000%, Lmin=-1122.22, Lmax=-132.92
15:14:10 [ultranest] [DEBUG] iteration=1509, ncalls=4527, regioncalls=165360, ndraw=40, logz=-1114.86, remainder_fraction=100.0000%, Lmin=-1100.26, Lmax=-132.92
15:14:10 [ultranest] [DEBUG] iteration=1516, ncalls=4578, regioncalls=167400, ndraw=40, logz=-1084.20, remainder_fraction=100.0000%, Lmin=-1071.81, Lmax=-132.92
15:14:10 [ultranest] [DEBUG] iteration=1520, ncalls=4592, regioncalls=167960, ndraw=40, logz=-1073.01, remainder_fraction=100.0000%, Lmin=-1060.42, Lmax=-132.92
15:14:10 [ultranest] [DEBUG] iteration=1527, ncalls=4645, regioncalls=170080, ndraw=40, logz=-1066.23, remainder_fraction=100.0000%, Lmin=-1055.17, Lmax=-132.92
15:14:10 [ultranest] [DEBUG] iteration=1530, ncalls=4655, regioncalls=170480, ndraw=40, logz=-1062.56, remainder_fraction=100.0000%, Lmin=-1050.52, Lmax=-132.92
15:14:10 [ultranest] [DEBUG] iteration=1541, ncalls=4701, regioncalls=172360, ndraw=40, logz=-1040.34, remainder_fraction=100.0000%, Lmin=-1030.00, Lmax=-132.92
15:14:10 [ultranest] [DEBUG] iteration=1553, ncalls=4747, regioncalls=174200, ndraw=40, logz=-1023.35, remainder_fraction=100.0000%, Lmin=-1012.31, Lmax=-132.92
15:14:10 [ultranest] [DEBUG] iteration=1560, ncalls=4770, regioncalls=175120, ndraw=40, logz=-1010.49, remainder_fraction=100.0000%, Lmin=-1000.01, Lmax=-132.92
15:14:10 [ultranest] [DEBUG] iteration=1570, ncalls=4819, regioncalls=177080, ndraw=40, logz=-993.92, remainder_fraction=100.0000%, Lmin=-983.25, Lmax=-132.92
15:14:10 [ultranest] [DEBUG] iteration=1579, ncalls=4874, regioncalls=179280, ndraw=40, logz=-977.76, remainder_fraction=100.0000%, Lmin=-967.35, Lmax=-132.92
15:14:10 [ultranest] [DEBUG] iteration=1587, ncalls=4922, regioncalls=181200, ndraw=40, logz=-969.36, remainder_fraction=100.0000%, Lmin=-959.41, Lmax=-132.92
15:14:11 [ultranest] [DEBUG] iteration=1593, ncalls=4977, regioncalls=183400, ndraw=40, logz=-961.73, remainder_fraction=100.0000%, Lmin=-952.26, Lmax=-132.92
15:14:11 [ultranest] [DEBUG] iteration=1600, ncalls=5011, regioncalls=184760, ndraw=40, logz=-943.42, remainder_fraction=100.0000%, Lmin=-932.12, Lmax=-132.92
15:14:11 [ultranest] [DEBUG] iteration=1610, ncalls=5054, regioncalls=186480, ndraw=40, logz=-932.35, remainder_fraction=100.0000%, Lmin=-921.83, Lmax=-132.92
15:14:11 [ultranest] [DEBUG] iteration=1616, ncalls=5103, regioncalls=188440, ndraw=40, logz=-927.74, remainder_fraction=100.0000%, Lmin=-916.78, Lmax=-132.92
15:14:11 [ultranest] [DEBUG] iteration=1623, ncalls=5154, regioncalls=190480, ndraw=40, logz=-916.36, remainder_fraction=100.0000%, Lmin=-903.95, Lmax=-132.92
15:14:11 [ultranest] [DEBUG] iteration=1634, ncalls=5202, regioncalls=192400, ndraw=40, logz=-895.27, remainder_fraction=100.0000%, Lmin=-883.25, Lmax=-132.92
15:14:11 [ultranest] [DEBUG] iteration=1640, ncalls=5219, regioncalls=193080, ndraw=40, logz=-883.10, remainder_fraction=100.0000%, Lmin=-871.93, Lmax=-132.92
15:14:11 [ultranest] [DEBUG] iteration=1649, ncalls=5288, regioncalls=195840, ndraw=40, logz=-871.42, remainder_fraction=100.0000%, Lmin=-855.37, Lmax=-132.92
15:14:11 [ultranest] [DEBUG] iteration=1661, ncalls=5341, regioncalls=197960, ndraw=40, logz=-846.19, remainder_fraction=100.0000%, Lmin=-835.04, Lmax=-132.92
15:14:11 [ultranest] [DEBUG] iteration=1673, ncalls=5388, regioncalls=199840, ndraw=40, logz=-836.96, remainder_fraction=100.0000%, Lmin=-825.94, Lmax=-132.92
15:14:12 [ultranest] [DEBUG] iteration=1680, ncalls=5410, regioncalls=200720, ndraw=40, logz=-830.48, remainder_fraction=100.0000%, Lmin=-819.49, Lmax=-132.92
15:14:12 [ultranest] [DEBUG] iteration=1686, ncalls=5443, regioncalls=202080, ndraw=40, logz=-824.04, remainder_fraction=100.0000%, Lmin=-813.53, Lmax=-132.92
15:14:12 [ultranest] [DEBUG] iteration=1696, ncalls=5495, regioncalls=204160, ndraw=40, logz=-815.93, remainder_fraction=100.0000%, Lmin=-804.32, Lmax=-132.92
15:14:12 [ultranest] [DEBUG] iteration=1707, ncalls=5548, regioncalls=206280, ndraw=40, logz=-794.47, remainder_fraction=100.0000%, Lmin=-783.78, Lmax=-132.92
15:14:12 [ultranest] [DEBUG] iteration=1717, ncalls=5603, regioncalls=208480, ndraw=40, logz=-776.81, remainder_fraction=100.0000%, Lmin=-765.49, Lmax=-132.92
15:14:12 [ultranest] [DEBUG] iteration=1720, ncalls=5619, regioncalls=209120, ndraw=40, logz=-770.08, remainder_fraction=100.0000%, Lmin=-759.34, Lmax=-132.92
15:14:12 [ultranest] [DEBUG] iteration=1728, ncalls=5674, regioncalls=211320, ndraw=40, logz=-754.17, remainder_fraction=100.0000%, Lmin=-741.86, Lmax=-132.92
15:14:12 [ultranest] [DEBUG] iteration=1741, ncalls=5724, regioncalls=213320, ndraw=40, logz=-735.67, remainder_fraction=100.0000%, Lmin=-722.79, Lmax=-132.92
15:14:12 [ultranest] [DEBUG] iteration=1749, ncalls=5779, regioncalls=215520, ndraw=40, logz=-724.88, remainder_fraction=100.0000%, Lmin=-714.14, Lmax=-132.92
15:14:12 [ultranest] [DEBUG] iteration=1760, ncalls=5828, regioncalls=217480, ndraw=40, logz=-714.20, remainder_fraction=100.0000%, Lmin=-702.52, Lmax=-125.07
15:14:13 [ultranest] [DEBUG] iteration=1768, ncalls=5872, regioncalls=219240, ndraw=40, logz=-700.60, remainder_fraction=100.0000%, Lmin=-689.60, Lmax=-125.07
15:14:13 [ultranest] [DEBUG] iteration=1777, ncalls=5935, regioncalls=221760, ndraw=40, logz=-695.28, remainder_fraction=100.0000%, Lmin=-683.90, Lmax=-125.07
15:14:13 [ultranest] [DEBUG] iteration=1788, ncalls=5985, regioncalls=223760, ndraw=40, logz=-683.33, remainder_fraction=100.0000%, Lmin=-672.70, Lmax=-125.07
15:14:13 [ultranest] [DEBUG] iteration=1800, ncalls=6024, regioncalls=225320, ndraw=40, logz=-669.18, remainder_fraction=100.0000%, Lmin=-658.28, Lmax=-125.07
15:14:13 [ultranest] [DEBUG] iteration=1807, ncalls=6077, regioncalls=227440, ndraw=40, logz=-664.18, remainder_fraction=100.0000%, Lmin=-650.87, Lmax=-125.07
15:14:13 [ultranest] [DEBUG] iteration=1812, ncalls=6128, regioncalls=229480, ndraw=40, logz=-657.72, remainder_fraction=100.0000%, Lmin=-647.12, Lmax=-125.07
15:14:13 [ultranest] [DEBUG] iteration=1820, ncalls=6181, regioncalls=231600, ndraw=40, logz=-649.74, remainder_fraction=100.0000%, Lmin=-639.40, Lmax=-125.07
15:14:13 [ultranest] [DEBUG] iteration=1830, ncalls=6234, regioncalls=233720, ndraw=40, logz=-637.16, remainder_fraction=100.0000%, Lmin=-626.12, Lmax=-125.07
15:14:13 [ultranest] [DEBUG] iteration=1839, ncalls=6284, regioncalls=235720, ndraw=40, logz=-628.68, remainder_fraction=100.0000%, Lmin=-617.97, Lmax=-125.07
15:14:13 [ultranest] [DEBUG] iteration=1840, ncalls=6288, regioncalls=235880, ndraw=40, logz=-628.14, remainder_fraction=100.0000%, Lmin=-617.35, Lmax=-125.07
15:14:13 [ultranest] [DEBUG] iteration=1848, ncalls=6333, regioncalls=237680, ndraw=40, logz=-619.45, remainder_fraction=100.0000%, Lmin=-609.18, Lmax=-125.07
15:14:14 [ultranest] [DEBUG] iteration=1856, ncalls=6383, regioncalls=239680, ndraw=40, logz=-616.13, remainder_fraction=100.0000%, Lmin=-605.39, Lmax=-125.07
15:14:14 [ultranest] [DEBUG] iteration=1868, ncalls=6432, regioncalls=241640, ndraw=40, logz=-603.88, remainder_fraction=100.0000%, Lmin=-592.85, Lmax=-125.07
15:14:14 [ultranest] [DEBUG] iteration=1876, ncalls=6482, regioncalls=243640, ndraw=40, logz=-594.97, remainder_fraction=100.0000%, Lmin=-583.58, Lmax=-125.07
15:14:14 [ultranest] [DEBUG] iteration=1880, ncalls=6515, regioncalls=244960, ndraw=40, logz=-592.13, remainder_fraction=100.0000%, Lmin=-579.27, Lmax=-125.07
15:14:14 [ultranest] [DEBUG] iteration=1893, ncalls=6566, regioncalls=247000, ndraw=40, logz=-578.49, remainder_fraction=100.0000%, Lmin=-567.23, Lmax=-125.07
15:14:14 [ultranest] [DEBUG] iteration=1898, ncalls=6618, regioncalls=249080, ndraw=40, logz=-572.73, remainder_fraction=100.0000%, Lmin=-560.56, Lmax=-125.07
15:14:14 [ultranest] [DEBUG] iteration=1905, ncalls=6681, regioncalls=251600, ndraw=40, logz=-564.93, remainder_fraction=100.0000%, Lmin=-554.34, Lmax=-125.07
15:14:14 [ultranest] [DEBUG] iteration=1914, ncalls=6730, regioncalls=253560, ndraw=40, logz=-554.50, remainder_fraction=100.0000%, Lmin=-543.58, Lmax=-125.07
15:14:14 [ultranest] [DEBUG] iteration=1920, ncalls=6766, regioncalls=255080, ndraw=40, logz=-550.42, remainder_fraction=100.0000%, Lmin=-539.73, Lmax=-125.07
15:14:15 [ultranest] [DEBUG] iteration=1927, ncalls=6822, regioncalls=257320, ndraw=40, logz=-542.68, remainder_fraction=100.0000%, Lmin=-531.32, Lmax=-125.07
15:14:15 [ultranest] [DEBUG] iteration=1940, ncalls=6870, regioncalls=259240, ndraw=40, logz=-533.33, remainder_fraction=100.0000%, Lmin=-522.33, Lmax=-125.07
15:14:15 [ultranest] [DEBUG] iteration=1952, ncalls=6916, regioncalls=261080, ndraw=40, logz=-525.62, remainder_fraction=100.0000%, Lmin=-514.56, Lmax=-125.07
15:14:15 [ultranest] [DEBUG] iteration=1960, ncalls=6946, regioncalls=262280, ndraw=40, logz=-518.18, remainder_fraction=100.0000%, Lmin=-507.70, Lmax=-125.07
15:14:15 [ultranest] [DEBUG] iteration=1969, ncalls=6997, regioncalls=264320, ndraw=40, logz=-514.05, remainder_fraction=100.0000%, Lmin=-502.80, Lmax=-125.07
15:14:15 [ultranest] [DEBUG] iteration=1982, ncalls=7046, regioncalls=266280, ndraw=40, logz=-506.29, remainder_fraction=100.0000%, Lmin=-495.27, Lmax=-125.07
15:14:15 [ultranest] [DEBUG] iteration=1995, ncalls=7094, regioncalls=268200, ndraw=40, logz=-501.59, remainder_fraction=100.0000%, Lmin=-490.68, Lmax=-125.07
15:14:15 [ultranest] [DEBUG] iteration=2000, ncalls=7105, regioncalls=268640, ndraw=40, logz=-496.24, remainder_fraction=100.0000%, Lmin=-484.49, Lmax=-125.07
15:14:15 [ultranest] [DEBUG] iteration=2009, ncalls=7154, regioncalls=270600, ndraw=40, logz=-490.49, remainder_fraction=100.0000%, Lmin=-479.21, Lmax=-125.07
15:14:15 [ultranest] [DEBUG] iteration=2020, ncalls=7201, regioncalls=272480, ndraw=40, logz=-482.61, remainder_fraction=100.0000%, Lmin=-470.98, Lmax=-125.07
15:14:15 [ultranest] [DEBUG] iteration=2028, ncalls=7253, regioncalls=274560, ndraw=40, logz=-476.64, remainder_fraction=100.0000%, Lmin=-464.46, Lmax=-125.07
15:14:16 [ultranest] [DEBUG] iteration=2038, ncalls=7302, regioncalls=276520, ndraw=40, logz=-471.49, remainder_fraction=100.0000%, Lmin=-460.91, Lmax=-125.07
15:14:16 [ultranest] [DEBUG] iteration=2040, ncalls=7322, regioncalls=277320, ndraw=40, logz=-470.69, remainder_fraction=100.0000%, Lmin=-459.83, Lmax=-125.07
15:14:16 [ultranest] [DEBUG] iteration=2049, ncalls=7371, regioncalls=279280, ndraw=40, logz=-466.17, remainder_fraction=100.0000%, Lmin=-454.65, Lmax=-125.07
15:14:16 [ultranest] [DEBUG] iteration=2060, ncalls=7421, regioncalls=281280, ndraw=40, logz=-461.57, remainder_fraction=100.0000%, Lmin=-450.48, Lmax=-125.07
15:14:16 [ultranest] [DEBUG] iteration=2068, ncalls=7473, regioncalls=283360, ndraw=40, logz=-458.10, remainder_fraction=100.0000%, Lmin=-446.67, Lmax=-125.07
15:14:16 [ultranest] [DEBUG] iteration=2076, ncalls=7513, regioncalls=284960, ndraw=40, logz=-455.04, remainder_fraction=100.0000%, Lmin=-444.40, Lmax=-125.07
15:14:16 [ultranest] [DEBUG] iteration=2080, ncalls=7537, regioncalls=286040, ndraw=40, logz=-453.83, remainder_fraction=100.0000%, Lmin=-441.51, Lmax=-125.07
15:14:16 [ultranest] [DEBUG] iteration=2087, ncalls=7585, regioncalls=287960, ndraw=40, logz=-447.56, remainder_fraction=100.0000%, Lmin=-435.55, Lmax=-125.07
15:14:16 [ultranest] [DEBUG] iteration=2094, ncalls=7639, regioncalls=290120, ndraw=40, logz=-443.18, remainder_fraction=100.0000%, Lmin=-431.86, Lmax=-125.07
15:14:16 [ultranest] [DEBUG] iteration=2104, ncalls=7689, regioncalls=292120, ndraw=40, logz=-436.91, remainder_fraction=100.0000%, Lmin=-424.11, Lmax=-125.07
15:14:16 [ultranest] [DEBUG] iteration=2111, ncalls=7739, regioncalls=294120, ndraw=40, logz=-431.64, remainder_fraction=100.0000%, Lmin=-419.53, Lmax=-125.07
15:14:17 [ultranest] [DEBUG] iteration=2118, ncalls=7796, regioncalls=296400, ndraw=40, logz=-427.85, remainder_fraction=100.0000%, Lmin=-415.90, Lmax=-125.07
15:14:17 [ultranest] [DEBUG] iteration=2120, ncalls=7802, regioncalls=296640, ndraw=40, logz=-426.11, remainder_fraction=100.0000%, Lmin=-413.91, Lmax=-125.07
15:14:17 [ultranest] [DEBUG] iteration=2126, ncalls=7854, regioncalls=298720, ndraw=40, logz=-422.49, remainder_fraction=100.0000%, Lmin=-411.29, Lmax=-125.07
15:14:17 [ultranest] [DEBUG] iteration=2136, ncalls=7903, regioncalls=300680, ndraw=40, logz=-417.56, remainder_fraction=100.0000%, Lmin=-406.53, Lmax=-125.07
15:14:17 [ultranest] [DEBUG] iteration=2145, ncalls=7967, regioncalls=303240, ndraw=40, logz=-412.71, remainder_fraction=100.0000%, Lmin=-399.72, Lmax=-125.07
15:14:17 [ultranest] [DEBUG] iteration=2153, ncalls=8016, regioncalls=305200, ndraw=40, logz=-404.17, remainder_fraction=100.0000%, Lmin=-392.84, Lmax=-125.07
15:14:17 [ultranest] [DEBUG] iteration=2154, ncalls=8017, regioncalls=305240, ndraw=40, logz=-403.74, remainder_fraction=100.0000%, Lmin=-392.44, Lmax=-125.07
15:14:17 [ultranest] [DEBUG] iteration=2160, ncalls=8046, regioncalls=306560, ndraw=40, logz=-399.80, remainder_fraction=100.0000%, Lmin=-388.04, Lmax=-125.07
15:14:17 [ultranest] [DEBUG] iteration=2167, ncalls=8097, regioncalls=308600, ndraw=40, logz=-396.60, remainder_fraction=100.0000%, Lmin=-384.47, Lmax=-125.07
15:14:17 [ultranest] [DEBUG] iteration=2175, ncalls=8147, regioncalls=310600, ndraw=40, logz=-391.57, remainder_fraction=100.0000%, Lmin=-380.78, Lmax=-125.07
15:14:17 [ultranest] [DEBUG] iteration=2184, ncalls=8197, regioncalls=312600, ndraw=40, logz=-388.28, remainder_fraction=100.0000%, Lmin=-377.48, Lmax=-125.07
15:14:18 [ultranest] [DEBUG] iteration=2192, ncalls=8246, regioncalls=314560, ndraw=40, logz=-386.03, remainder_fraction=100.0000%, Lmin=-375.13, Lmax=-125.07
15:14:18 [ultranest] [DEBUG] iteration=2198, ncalls=8301, regioncalls=316760, ndraw=40, logz=-384.21, remainder_fraction=100.0000%, Lmin=-372.54, Lmax=-125.07
15:14:18 [ultranest] [DEBUG] iteration=2200, ncalls=8316, regioncalls=317360, ndraw=40, logz=-383.26, remainder_fraction=100.0000%, Lmin=-370.91, Lmax=-125.07
15:14:18 [ultranest] [DEBUG] iteration=2206, ncalls=8375, regioncalls=319720, ndraw=40, logz=-380.39, remainder_fraction=100.0000%, Lmin=-369.05, Lmax=-118.09
15:14:18 [ultranest] [DEBUG] iteration=2218, ncalls=8430, regioncalls=321920, ndraw=40, logz=-374.68, remainder_fraction=100.0000%, Lmin=-361.78, Lmax=-118.09
15:14:18 [ultranest] [DEBUG] iteration=2226, ncalls=8479, regioncalls=323880, ndraw=40, logz=-369.55, remainder_fraction=100.0000%, Lmin=-358.02, Lmax=-118.09
15:14:18 [ultranest] [DEBUG] iteration=2231, ncalls=8550, regioncalls=326720, ndraw=40, logz=-366.79, remainder_fraction=100.0000%, Lmin=-355.04, Lmax=-118.09
15:14:18 [ultranest] [DEBUG] iteration=2232, ncalls=8559, regioncalls=327120, ndraw=40, logz=-366.29, remainder_fraction=100.0000%, Lmin=-353.91, Lmax=-118.09
15:14:18 [ultranest] [DEBUG] iteration=2240, ncalls=8610, regioncalls=329160, ndraw=40, logz=-362.20, remainder_fraction=100.0000%, Lmin=-350.80, Lmax=-118.09
15:14:18 [ultranest] [DEBUG] iteration=2248, ncalls=8663, regioncalls=331280, ndraw=40, logz=-359.45, remainder_fraction=100.0000%, Lmin=-348.53, Lmax=-118.09
15:14:19 [ultranest] [DEBUG] iteration=2254, ncalls=8715, regioncalls=333360, ndraw=40, logz=-356.79, remainder_fraction=100.0000%, Lmin=-345.91, Lmax=-118.09
15:14:19 [ultranest] [DEBUG] iteration=2263, ncalls=8770, regioncalls=335560, ndraw=40, logz=-352.73, remainder_fraction=100.0000%, Lmin=-341.29, Lmax=-118.09
15:14:19 [ultranest] [DEBUG] iteration=2269, ncalls=8823, regioncalls=337680, ndraw=40, logz=-350.71, remainder_fraction=100.0000%, Lmin=-339.43, Lmax=-118.09
15:14:19 [ultranest] [DEBUG] iteration=2278, ncalls=8873, regioncalls=339680, ndraw=40, logz=-348.56, remainder_fraction=100.0000%, Lmin=-337.59, Lmax=-118.09
15:14:19 [ultranest] [DEBUG] iteration=2280, ncalls=8883, regioncalls=340080, ndraw=40, logz=-347.89, remainder_fraction=100.0000%, Lmin=-336.30, Lmax=-118.09
15:14:19 [ultranest] [DEBUG] iteration=2287, ncalls=8936, regioncalls=342200, ndraw=40, logz=-345.46, remainder_fraction=100.0000%, Lmin=-333.81, Lmax=-118.09
15:14:19 [ultranest] [DEBUG] iteration=2295, ncalls=8987, regioncalls=344240, ndraw=40, logz=-342.94, remainder_fraction=100.0000%, Lmin=-331.33, Lmax=-118.09
15:14:19 [ultranest] [DEBUG] iteration=2308, ncalls=9042, regioncalls=346440, ndraw=40, logz=-339.34, remainder_fraction=100.0000%, Lmin=-328.30, Lmax=-118.09
15:14:19 [ultranest] [DEBUG] iteration=2310, ncalls=9055, regioncalls=347000, ndraw=40, logz=-338.79, remainder_fraction=100.0000%, Lmin=-327.60, Lmax=-118.09
15:14:19 [ultranest] [DEBUG] iteration=2320, ncalls=9090, regioncalls=348400, ndraw=40, logz=-336.52, remainder_fraction=100.0000%, Lmin=-324.71, Lmax=-118.09
15:14:19 [ultranest] [DEBUG] iteration=2329, ncalls=9138, regioncalls=350320, ndraw=40, logz=-333.81, remainder_fraction=100.0000%, Lmin=-322.56, Lmax=-118.09
15:14:20 [ultranest] [DEBUG] iteration=2338, ncalls=9204, regioncalls=352960, ndraw=40, logz=-330.51, remainder_fraction=100.0000%, Lmin=-319.03, Lmax=-118.09
15:14:20 [ultranest] [DEBUG] iteration=2346, ncalls=9255, regioncalls=355000, ndraw=40, logz=-328.21, remainder_fraction=100.0000%, Lmin=-316.72, Lmax=-118.09
15:14:20 [ultranest] [DEBUG] iteration=2357, ncalls=9303, regioncalls=356920, ndraw=40, logz=-325.43, remainder_fraction=100.0000%, Lmin=-313.42, Lmax=-118.09
15:14:20 [ultranest] [DEBUG] iteration=2360, ncalls=9322, regioncalls=357680, ndraw=40, logz=-324.35, remainder_fraction=100.0000%, Lmin=-313.08, Lmax=-118.09
15:14:20 [ultranest] [DEBUG] iteration=2368, ncalls=9368, regioncalls=359520, ndraw=40, logz=-322.53, remainder_fraction=100.0000%, Lmin=-311.33, Lmax=-118.09
15:14:20 [ultranest] [DEBUG] iteration=2378, ncalls=9418, regioncalls=361520, ndraw=40, logz=-320.13, remainder_fraction=100.0000%, Lmin=-309.24, Lmax=-118.09
15:14:20 [ultranest] [DEBUG] iteration=2386, ncalls=9470, regioncalls=363600, ndraw=40, logz=-317.42, remainder_fraction=100.0000%, Lmin=-305.44, Lmax=-118.09
15:14:20 [ultranest] [DEBUG] iteration=2392, ncalls=9513, regioncalls=365320, ndraw=40, logz=-315.38, remainder_fraction=100.0000%, Lmin=-304.06, Lmax=-118.09
15:14:20 [ultranest] [DEBUG] iteration=2400, ncalls=9554, regioncalls=366960, ndraw=40, logz=-313.15, remainder_fraction=100.0000%, Lmin=-301.29, Lmax=-118.09
15:14:20 [ultranest] [DEBUG] iteration=2409, ncalls=9607, regioncalls=369080, ndraw=40, logz=-309.55, remainder_fraction=100.0000%, Lmin=-297.85, Lmax=-118.09
15:14:21 [ultranest] [DEBUG] iteration=2416, ncalls=9665, regioncalls=371400, ndraw=40, logz=-307.92, remainder_fraction=100.0000%, Lmin=-297.01, Lmax=-118.09
15:14:21 [ultranest] [DEBUG] iteration=2426, ncalls=9713, regioncalls=373320, ndraw=40, logz=-306.14, remainder_fraction=100.0000%, Lmin=-295.01, Lmax=-118.09
15:14:21 [ultranest] [DEBUG] iteration=2437, ncalls=9766, regioncalls=375440, ndraw=40, logz=-303.73, remainder_fraction=100.0000%, Lmin=-292.38, Lmax=-118.09
15:14:21 [ultranest] [DEBUG] iteration=2440, ncalls=9780, regioncalls=376000, ndraw=40, logz=-303.06, remainder_fraction=100.0000%, Lmin=-291.69, Lmax=-118.09
15:14:21 [ultranest] [DEBUG] iteration=2448, ncalls=9835, regioncalls=378200, ndraw=40, logz=-300.10, remainder_fraction=100.0000%, Lmin=-288.39, Lmax=-118.09
15:14:21 [ultranest] [DEBUG] iteration=2454, ncalls=9889, regioncalls=380360, ndraw=40, logz=-298.54, remainder_fraction=100.0000%, Lmin=-287.39, Lmax=-117.67
15:14:21 [ultranest] [DEBUG] iteration=2461, ncalls=9942, regioncalls=382480, ndraw=40, logz=-297.40, remainder_fraction=100.0000%, Lmin=-286.07, Lmax=-117.67
15:14:21 [ultranest] [DEBUG] iteration=2466, ncalls=9969, regioncalls=383600, ndraw=40, logz=-295.98, remainder_fraction=100.0000%, Lmin=-284.37, Lmax=-117.67
15:14:21 [ultranest] [DEBUG] iteration=2480, ncalls=10011, regioncalls=385280, ndraw=40, logz=-292.89, remainder_fraction=100.0000%, Lmin=-281.33, Lmax=-117.67
15:14:21 [ultranest] [DEBUG] iteration=2491, ncalls=10071, regioncalls=387680, ndraw=40, logz=-290.57, remainder_fraction=100.0000%, Lmin=-279.36, Lmax=-117.67
15:14:21 [ultranest] [DEBUG] iteration=2505, ncalls=10116, regioncalls=389480, ndraw=40, logz=-287.75, remainder_fraction=100.0000%, Lmin=-276.12, Lmax=-117.67
15:14:22 [ultranest] [DEBUG] iteration=2519, ncalls=10165, regioncalls=391440, ndraw=40, logz=-284.77, remainder_fraction=100.0000%, Lmin=-273.02, Lmax=-114.15
15:14:22 [ultranest] [DEBUG] iteration=2520, ncalls=10169, regioncalls=391600, ndraw=40, logz=-284.52, remainder_fraction=100.0000%, Lmin=-272.94, Lmax=-114.15
15:14:22 [ultranest] [DEBUG] iteration=2534, ncalls=10222, regioncalls=393720, ndraw=40, logz=-281.36, remainder_fraction=100.0000%, Lmin=-269.87, Lmax=-114.15
15:14:22 [ultranest] [DEBUG] iteration=2544, ncalls=10258, regioncalls=395280, ndraw=40, logz=-278.74, remainder_fraction=100.0000%, Lmin=-267.57, Lmax=-114.15
15:14:22 [ultranest] [DEBUG] iteration=2559, ncalls=10299, regioncalls=396920, ndraw=40, logz=-276.79, remainder_fraction=100.0000%, Lmin=-265.31, Lmax=-114.15
15:14:22 [ultranest] [DEBUG] iteration=2560, ncalls=10301, regioncalls=397000, ndraw=40, logz=-276.62, remainder_fraction=100.0000%, Lmin=-265.24, Lmax=-114.15
15:14:22 [ultranest] [DEBUG] iteration=2571, ncalls=10347, regioncalls=398840, ndraw=40, logz=-274.37, remainder_fraction=100.0000%, Lmin=-262.79, Lmax=-114.15
15:14:22 [ultranest] [DEBUG] iteration=2586, ncalls=10391, regioncalls=400600, ndraw=40, logz=-272.15, remainder_fraction=100.0000%, Lmin=-260.73, Lmax=-114.15
15:14:22 [ultranest] [DEBUG] iteration=2597, ncalls=10440, regioncalls=402560, ndraw=40, logz=-270.10, remainder_fraction=100.0000%, Lmin=-258.69, Lmax=-114.15
15:14:22 [ultranest] [DEBUG] iteration=2600, ncalls=10458, regioncalls=403280, ndraw=40, logz=-269.69, remainder_fraction=100.0000%, Lmin=-258.30, Lmax=-114.15
15:14:22 [ultranest] [DEBUG] iteration=2614, ncalls=10503, regioncalls=405080, ndraw=40, logz=-267.94, remainder_fraction=100.0000%, Lmin=-256.64, Lmax=-114.15
15:14:22 [ultranest] [DEBUG] iteration=2622, ncalls=10532, regioncalls=406320, ndraw=40, logz=-266.96, remainder_fraction=100.0000%, Lmin=-255.85, Lmax=-114.15
15:14:23 [ultranest] [DEBUG] iteration=2629, ncalls=10580, regioncalls=408360, ndraw=40, logz=-266.13, remainder_fraction=100.0000%, Lmin=-254.90, Lmax=-114.15
15:14:23 [ultranest] [DEBUG] iteration=2640, ncalls=10632, regioncalls=410440, ndraw=40, logz=-264.78, remainder_fraction=100.0000%, Lmin=-253.03, Lmax=-114.15
15:14:23 [ultranest] [DEBUG] iteration=2650, ncalls=10684, regioncalls=412520, ndraw=40, logz=-263.13, remainder_fraction=100.0000%, Lmin=-251.38, Lmax=-114.15
15:14:23 [ultranest] [DEBUG] iteration=2665, ncalls=10730, regioncalls=414360, ndraw=40, logz=-260.73, remainder_fraction=100.0000%, Lmin=-249.04, Lmax=-114.15
15:14:23 [ultranest] [DEBUG] iteration=2679, ncalls=10778, regioncalls=416280, ndraw=40, logz=-258.62, remainder_fraction=100.0000%, Lmin=-247.22, Lmax=-114.15
15:14:23 [ultranest] [DEBUG] iteration=2680, ncalls=10786, regioncalls=416600, ndraw=40, logz=-258.50, remainder_fraction=100.0000%, Lmin=-247.20, Lmax=-114.15
15:14:23 [ultranest] [DEBUG] iteration=2689, ncalls=10839, regioncalls=418720, ndraw=40, logz=-257.27, remainder_fraction=100.0000%, Lmin=-245.75, Lmax=-114.15
15:14:23 [ultranest] [DEBUG] iteration=2700, ncalls=10868, regioncalls=419920, ndraw=40, logz=-255.55, remainder_fraction=100.0000%, Lmin=-243.40, Lmax=-114.15
15:14:23 [ultranest] [DEBUG] iteration=2709, ncalls=10910, regioncalls=421600, ndraw=40, logz=-253.82, remainder_fraction=100.0000%, Lmin=-242.08, Lmax=-114.15
15:14:23 [ultranest] [DEBUG] iteration=2720, ncalls=10928, regioncalls=422320, ndraw=40, logz=-251.56, remainder_fraction=100.0000%, Lmin=-239.43, Lmax=-114.15
15:14:23 [ultranest] [DEBUG] iteration=2734, ncalls=10975, regioncalls=424200, ndraw=40, logz=-247.89, remainder_fraction=100.0000%, Lmin=-235.17, Lmax=-114.15
15:14:24 [ultranest] [DEBUG] iteration=2747, ncalls=11017, regioncalls=425880, ndraw=40, logz=-244.87, remainder_fraction=100.0000%, Lmin=-232.21, Lmax=-114.15
15:14:24 [ultranest] [DEBUG] iteration=2760, ncalls=11052, regioncalls=427280, ndraw=40, logz=-242.42, remainder_fraction=100.0000%, Lmin=-230.63, Lmax=-114.15
15:14:24 [ultranest] [DEBUG] iteration=2776, ncalls=11103, regioncalls=429320, ndraw=40, logz=-240.19, remainder_fraction=100.0000%, Lmin=-228.42, Lmax=-114.15
15:14:24 [ultranest] [DEBUG] iteration=2778, ncalls=11106, regioncalls=429480, ndraw=40, logz=-239.94, remainder_fraction=100.0000%, Lmin=-228.21, Lmax=-114.15
15:14:24 [ultranest] [DEBUG] iteration=2795, ncalls=11144, regioncalls=431000, ndraw=40, logz=-237.85, remainder_fraction=100.0000%, Lmin=-226.00, Lmax=-114.15
15:14:24 [ultranest] [DEBUG] iteration=2800, ncalls=11162, regioncalls=431720, ndraw=40, logz=-237.26, remainder_fraction=100.0000%, Lmin=-225.28, Lmax=-114.15
15:14:24 [ultranest] [DEBUG] iteration=2816, ncalls=11207, regioncalls=433520, ndraw=40, logz=-234.17, remainder_fraction=100.0000%, Lmin=-221.85, Lmax=-114.15
15:14:24 [ultranest] [DEBUG] iteration=2833, ncalls=11251, regioncalls=435280, ndraw=40, logz=-231.70, remainder_fraction=100.0000%, Lmin=-219.50, Lmax=-114.15
15:14:24 [ultranest] [DEBUG] iteration=2840, ncalls=11268, regioncalls=435960, ndraw=40, logz=-230.53, remainder_fraction=100.0000%, Lmin=-218.20, Lmax=-114.15
15:14:24 [ultranest] [DEBUG] iteration=2855, ncalls=11312, regioncalls=437720, ndraw=40, logz=-227.50, remainder_fraction=100.0000%, Lmin=-215.29, Lmax=-114.15
15:14:24 [ultranest] [DEBUG] iteration=2856, ncalls=11317, regioncalls=437960, ndraw=40, logz=-227.35, remainder_fraction=100.0000%, Lmin=-215.12, Lmax=-114.15
15:14:24 [ultranest] [DEBUG] iteration=2871, ncalls=11360, regioncalls=439680, ndraw=40, logz=-225.31, remainder_fraction=100.0000%, Lmin=-213.17, Lmax=-114.15
15:14:24 [ultranest] [DEBUG] iteration=2880, ncalls=11386, regioncalls=440720, ndraw=40, logz=-223.77, remainder_fraction=100.0000%, Lmin=-211.27, Lmax=-114.15
15:14:25 [ultranest] [DEBUG] iteration=2900, ncalls=11428, regioncalls=442400, ndraw=40, logz=-220.90, remainder_fraction=100.0000%, Lmin=-209.03, Lmax=-114.15
15:14:25 [ultranest] [DEBUG] iteration=2920, ncalls=11470, regioncalls=444080, ndraw=40, logz=-218.81, remainder_fraction=100.0000%, Lmin=-206.96, Lmax=-114.15
15:14:25 [ultranest] [DEBUG] iteration=2938, ncalls=11510, regioncalls=445680, ndraw=40, logz=-214.31, remainder_fraction=100.0000%, Lmin=-201.01, Lmax=-114.15
15:14:25 [ultranest] [DEBUG] iteration=2953, ncalls=11549, regioncalls=447240, ndraw=40, logz=-211.03, remainder_fraction=100.0000%, Lmin=-198.56, Lmax=-114.11
15:14:25 [ultranest] [DEBUG] iteration=2960, ncalls=11569, regioncalls=448040, ndraw=40, logz=-210.03, remainder_fraction=100.0000%, Lmin=-197.82, Lmax=-114.11
15:14:25 [ultranest] [DEBUG] iteration=2975, ncalls=11614, regioncalls=449840, ndraw=40, logz=-208.40, remainder_fraction=100.0000%, Lmin=-195.99, Lmax=-114.11
15:14:25 [ultranest] [DEBUG] iteration=2993, ncalls=11657, regioncalls=451560, ndraw=40, logz=-206.00, remainder_fraction=100.0000%, Lmin=-193.26, Lmax=-114.11
15:14:25 [ultranest] [DEBUG] iteration=3000, ncalls=11680, regioncalls=452480, ndraw=40, logz=-205.06, remainder_fraction=100.0000%, Lmin=-192.57, Lmax=-114.11
15:14:25 [ultranest] [DEBUG] iteration=3012, ncalls=11715, regioncalls=453960, ndraw=40, logz=-203.10, remainder_fraction=100.0000%, Lmin=-189.55, Lmax=-114.11
15:14:25 [ultranest] [DEBUG] iteration=3032, ncalls=11752, regioncalls=455440, ndraw=40, logz=-199.12, remainder_fraction=100.0000%, Lmin=-186.83, Lmax=-114.11
15:14:25 [ultranest] [DEBUG] iteration=3040, ncalls=11771, regioncalls=456200, ndraw=40, logz=-198.12, remainder_fraction=100.0000%, Lmin=-185.40, Lmax=-114.11
15:14:25 [ultranest] [DEBUG] iteration=3055, ncalls=11817, regioncalls=458040, ndraw=40, logz=-196.28, remainder_fraction=100.0000%, Lmin=-183.95, Lmax=-114.11
15:14:26 [ultranest] [DEBUG] iteration=3071, ncalls=11862, regioncalls=459840, ndraw=40, logz=-194.17, remainder_fraction=100.0000%, Lmin=-181.37, Lmax=-114.11
15:14:26 [ultranest] [DEBUG] iteration=3080, ncalls=11889, regioncalls=460920, ndraw=40, logz=-193.10, remainder_fraction=100.0000%, Lmin=-180.67, Lmax=-114.11
15:14:26 [ultranest] [DEBUG] iteration=3090, ncalls=11911, regioncalls=461840, ndraw=40, logz=-191.75, remainder_fraction=100.0000%, Lmin=-178.82, Lmax=-114.11
15:14:26 [ultranest] [DEBUG] iteration=3109, ncalls=11950, regioncalls=463400, ndraw=40, logz=-189.42, remainder_fraction=100.0000%, Lmin=-176.76, Lmax=-114.11
15:14:26 [ultranest] [DEBUG] iteration=3120, ncalls=11992, regioncalls=465080, ndraw=40, logz=-188.30, remainder_fraction=100.0000%, Lmin=-175.83, Lmax=-114.11
15:14:26 [ultranest] [DEBUG] iteration=3134, ncalls=12044, regioncalls=467160, ndraw=40, logz=-186.56, remainder_fraction=100.0000%, Lmin=-173.74, Lmax=-114.11
15:14:26 [ultranest] [DEBUG] iteration=3150, ncalls=12090, regioncalls=469000, ndraw=40, logz=-184.37, remainder_fraction=100.0000%, Lmin=-171.41, Lmax=-114.11
15:14:26 [ultranest] [DEBUG] iteration=3160, ncalls=12110, regioncalls=469800, ndraw=40, logz=-183.26, remainder_fraction=100.0000%, Lmin=-170.82, Lmax=-114.11
15:14:26 [ultranest] [DEBUG] iteration=3168, ncalls=12128, regioncalls=470560, ndraw=40, logz=-182.60, remainder_fraction=100.0000%, Lmin=-170.30, Lmax=-114.11
15:14:26 [ultranest] [DEBUG] iteration=3188, ncalls=12163, regioncalls=471960, ndraw=40, logz=-180.52, remainder_fraction=100.0000%, Lmin=-167.44, Lmax=-114.11
15:14:26 [ultranest] [DEBUG] iteration=3200, ncalls=12191, regioncalls=473080, ndraw=40, logz=-179.14, remainder_fraction=100.0000%, Lmin=-166.58, Lmax=-114.11
15:14:27 [ultranest] [DEBUG] iteration=3217, ncalls=12233, regioncalls=474760, ndraw=40, logz=-177.69, remainder_fraction=100.0000%, Lmin=-165.25, Lmax=-114.11
15:14:27 [ultranest] [DEBUG] iteration=3239, ncalls=12275, regioncalls=476480, ndraw=40, logz=-175.60, remainder_fraction=100.0000%, Lmin=-162.49, Lmax=-114.11
15:14:27 [ultranest] [DEBUG] iteration=3240, ncalls=12276, regioncalls=476520, ndraw=40, logz=-175.47, remainder_fraction=100.0000%, Lmin=-162.42, Lmax=-114.11
15:14:27 [ultranest] [DEBUG] iteration=3246, ncalls=12293, regioncalls=477280, ndraw=40, logz=-174.65, remainder_fraction=100.0000%, Lmin=-161.37, Lmax=-114.11
15:14:27 [ultranest] [DEBUG] iteration=3269, ncalls=12328, regioncalls=478680, ndraw=40, logz=-172.31, remainder_fraction=100.0000%, Lmin=-159.58, Lmax=-114.11
15:14:27 [ultranest] [DEBUG] iteration=3280, ncalls=12360, regioncalls=479960, ndraw=40, logz=-171.46, remainder_fraction=100.0000%, Lmin=-158.86, Lmax=-114.11
15:14:27 [ultranest] [DEBUG] iteration=3301, ncalls=12406, regioncalls=481800, ndraw=40, logz=-169.88, remainder_fraction=100.0000%, Lmin=-157.04, Lmax=-114.11
15:14:27 [ultranest] [DEBUG] iteration=3320, ncalls=12441, regioncalls=483200, ndraw=40, logz=-168.48, remainder_fraction=100.0000%, Lmin=-155.59, Lmax=-114.11
15:14:27 [ultranest] [DEBUG] iteration=3324, ncalls=12448, regioncalls=483520, ndraw=40, logz=-168.15, remainder_fraction=100.0000%, Lmin=-155.29, Lmax=-114.11
15:14:27 [ultranest] [DEBUG] iteration=3348, ncalls=12481, regioncalls=484840, ndraw=40, logz=-166.14, remainder_fraction=100.0000%, Lmin=-153.20, Lmax=-114.11
15:14:27 [ultranest] [DEBUG] iteration=3360, ncalls=12501, regioncalls=485640, ndraw=40, logz=-165.20, remainder_fraction=100.0000%, Lmin=-152.26, Lmax=-114.11
15:14:27 [ultranest] [DEBUG] iteration=3380, ncalls=12542, regioncalls=487280, ndraw=40, logz=-163.70, remainder_fraction=100.0000%, Lmin=-150.84, Lmax=-114.11
15:14:27 [ultranest] [DEBUG] iteration=3400, ncalls=12575, regioncalls=488600, ndraw=40, logz=-162.29, remainder_fraction=100.0000%, Lmin=-149.55, Lmax=-114.11
15:14:27 [ultranest] [DEBUG] iteration=3402, ncalls=12577, regioncalls=488720, ndraw=40, logz=-162.18, remainder_fraction=100.0000%, Lmin=-149.51, Lmax=-114.11
15:14:28 [ultranest] [DEBUG] iteration=3419, ncalls=12615, regioncalls=490240, ndraw=40, logz=-161.22, remainder_fraction=100.0000%, Lmin=-148.45, Lmax=-114.11
15:14:28 [ultranest] [DEBUG] iteration=3435, ncalls=12660, regioncalls=492120, ndraw=40, logz=-160.18, remainder_fraction=100.0000%, Lmin=-147.26, Lmax=-112.76
15:14:28 [ultranest] [DEBUG] iteration=3440, ncalls=12667, regioncalls=492400, ndraw=40, logz=-159.87, remainder_fraction=100.0000%, Lmin=-147.02, Lmax=-112.76
15:14:28 [ultranest] [DEBUG] iteration=3460, ncalls=12709, regioncalls=494080, ndraw=40, logz=-158.71, remainder_fraction=100.0000%, Lmin=-145.82, Lmax=-112.76
15:14:28 [ultranest] [DEBUG] iteration=3480, ncalls=12744, regioncalls=495480, ndraw=40, logz=-157.60, remainder_fraction=100.0000%, Lmin=-144.77, Lmax=-112.76
15:14:28 [ultranest] [DEBUG] iteration=3493, ncalls=12786, regioncalls=497160, ndraw=40, logz=-156.84, remainder_fraction=100.0000%, Lmin=-143.97, Lmax=-112.76
15:14:28 [ultranest] [DEBUG] iteration=3512, ncalls=12826, regioncalls=498760, ndraw=40, logz=-155.82, remainder_fraction=100.0000%, Lmin=-142.96, Lmax=-112.76
15:14:28 [ultranest] [DEBUG] iteration=3520, ncalls=12839, regioncalls=499280, ndraw=40, logz=-155.44, remainder_fraction=100.0000%, Lmin=-142.60, Lmax=-112.76
15:14:28 [ultranest] [DEBUG] iteration=3537, ncalls=12883, regioncalls=501040, ndraw=40, logz=-154.51, remainder_fraction=100.0000%, Lmin=-141.36, Lmax=-112.76
15:14:28 [ultranest] [DEBUG] iteration=3556, ncalls=12926, regioncalls=502760, ndraw=40, logz=-153.45, remainder_fraction=100.0000%, Lmin=-140.45, Lmax=-112.76
15:14:28 [ultranest] [DEBUG] iteration=3558, ncalls=12929, regioncalls=502920, ndraw=40, logz=-153.36, remainder_fraction=100.0000%, Lmin=-140.38, Lmax=-112.76
15:14:28 [ultranest] [DEBUG] iteration=3560, ncalls=12932, regioncalls=503040, ndraw=40, logz=-153.26, remainder_fraction=100.0000%, Lmin=-140.31, Lmax=-112.76
15:14:28 [ultranest] [DEBUG] iteration=3577, ncalls=12973, regioncalls=504680, ndraw=40, logz=-152.48, remainder_fraction=100.0000%, Lmin=-139.46, Lmax=-112.76
15:14:29 [ultranest] [DEBUG] iteration=3596, ncalls=13022, regioncalls=506640, ndraw=40, logz=-151.56, remainder_fraction=100.0000%, Lmin=-138.62, Lmax=-112.76
15:14:29 [ultranest] [DEBUG] iteration=3600, ncalls=13031, regioncalls=507000, ndraw=40, logz=-151.40, remainder_fraction=100.0000%, Lmin=-138.44, Lmax=-112.76
15:14:29 [ultranest] [DEBUG] iteration=3610, ncalls=13050, regioncalls=507760, ndraw=40, logz=-150.97, remainder_fraction=100.0000%, Lmin=-137.99, Lmax=-112.76
15:14:29 [ultranest] [DEBUG] iteration=3613, ncalls=13058, regioncalls=508080, ndraw=40, logz=-150.85, remainder_fraction=100.0000%, Lmin=-137.96, Lmax=-112.76
15:14:29 [ultranest] [DEBUG] iteration=3617, ncalls=13063, regioncalls=508280, ndraw=40, logz=-150.70, remainder_fraction=100.0000%, Lmin=-137.79, Lmax=-112.76
15:14:29 [ultranest] [DEBUG] iteration=3622, ncalls=13068, regioncalls=508480, ndraw=40, logz=-150.51, remainder_fraction=100.0000%, Lmin=-137.60, Lmax=-112.76
15:14:29 [ultranest] [DEBUG] iteration=3626, ncalls=13073, regioncalls=508680, ndraw=40, logz=-150.36, remainder_fraction=100.0000%, Lmin=-137.46, Lmax=-112.76
15:14:29 [ultranest] [DEBUG] iteration=3630, ncalls=13079, regioncalls=508920, ndraw=40, logz=-150.22, remainder_fraction=100.0000%, Lmin=-137.30, Lmax=-112.76
15:14:29 [ultranest] [DEBUG] iteration=3633, ncalls=13088, regioncalls=509280, ndraw=40, logz=-150.11, remainder_fraction=100.0000%, Lmin=-137.22, Lmax=-112.76
15:14:30 [ultranest] [DEBUG] iteration=3634, ncalls=13095, regioncalls=509560, ndraw=40, logz=-150.08, remainder_fraction=100.0000%, Lmin=-137.21, Lmax=-112.76
15:14:30 [ultranest] [DEBUG] iteration=3636, ncalls=13098, regioncalls=509720, ndraw=40, logz=-150.01, remainder_fraction=100.0000%, Lmin=-137.12, Lmax=-112.76
15:14:30 [ultranest] [DEBUG] iteration=3639, ncalls=13104, regioncalls=509960, ndraw=40, logz=-149.91, remainder_fraction=100.0000%, Lmin=-137.05, Lmax=-112.76
15:14:30 [ultranest] [DEBUG] iteration=3640, ncalls=13105, regioncalls=510000, ndraw=40, logz=-149.87, remainder_fraction=100.0000%, Lmin=-137.04, Lmax=-112.76
15:14:30 [ultranest] [DEBUG] iteration=3642, ncalls=13110, regioncalls=510200, ndraw=40, logz=-149.81, remainder_fraction=100.0000%, Lmin=-137.01, Lmax=-112.76
15:14:30 [ultranest] [DEBUG] iteration=3645, ncalls=13115, regioncalls=510480, ndraw=40, logz=-149.71, remainder_fraction=100.0000%, Lmin=-136.78, Lmax=-112.76
15:14:30 [ultranest] [DEBUG] iteration=3648, ncalls=13120, regioncalls=510680, ndraw=40, logz=-149.60, remainder_fraction=100.0000%, Lmin=-136.70, Lmax=-112.76
15:14:30 [ultranest] [DEBUG] iteration=3649, ncalls=13126, regioncalls=510920, ndraw=40, logz=-149.57, remainder_fraction=100.0000%, Lmin=-136.68, Lmax=-112.76
15:14:30 [ultranest] [DEBUG] iteration=3653, ncalls=13132, regioncalls=511160, ndraw=40, logz=-149.44, remainder_fraction=100.0000%, Lmin=-136.59, Lmax=-112.76
15:14:31 [ultranest] [DEBUG] iteration=3656, ncalls=13138, regioncalls=511400, ndraw=40, logz=-149.34, remainder_fraction=100.0000%, Lmin=-136.51, Lmax=-112.76
15:14:31 [ultranest] [DEBUG] iteration=3659, ncalls=13145, regioncalls=511680, ndraw=40, logz=-149.25, remainder_fraction=100.0000%, Lmin=-136.35, Lmax=-112.76
15:14:31 [ultranest] [DEBUG] iteration=3662, ncalls=13152, regioncalls=511960, ndraw=40, logz=-149.14, remainder_fraction=100.0000%, Lmin=-136.20, Lmax=-112.76
15:14:31 [ultranest] [DEBUG] iteration=3665, ncalls=13158, regioncalls=512200, ndraw=40, logz=-149.04, remainder_fraction=100.0000%, Lmin=-135.91, Lmax=-112.76
15:14:31 [ultranest] [DEBUG] iteration=3668, ncalls=13163, regioncalls=512400, ndraw=40, logz=-148.92, remainder_fraction=100.0000%, Lmin=-135.84, Lmax=-112.76
15:14:31 [ultranest] [DEBUG] iteration=3671, ncalls=13168, regioncalls=512600, ndraw=40, logz=-148.80, remainder_fraction=100.0000%, Lmin=-135.63, Lmax=-112.76
15:14:31 [ultranest] [DEBUG] iteration=3676, ncalls=13174, regioncalls=512840, ndraw=40, logz=-148.59, remainder_fraction=100.0000%, Lmin=-135.43, Lmax=-112.76
15:14:31 [ultranest] [DEBUG] iteration=3677, ncalls=13180, regioncalls=513080, ndraw=40, logz=-148.55, remainder_fraction=100.0000%, Lmin=-135.30, Lmax=-112.76
15:14:32 [ultranest] [DEBUG] iteration=3680, ncalls=13187, regioncalls=513360, ndraw=40, logz=-148.42, remainder_fraction=100.0000%, Lmin=-135.06, Lmax=-112.76
15:14:32 [ultranest] [DEBUG] iteration=3681, ncalls=13194, regioncalls=513640, ndraw=40, logz=-148.37, remainder_fraction=100.0000%, Lmin=-134.98, Lmax=-112.76
15:14:32 [ultranest] [DEBUG] iteration=3683, ncalls=13201, regioncalls=513920, ndraw=40, logz=-148.27, remainder_fraction=100.0000%, Lmin=-134.93, Lmax=-112.76
15:14:32 [ultranest] [DEBUG] iteration=3686, ncalls=13206, regioncalls=514120, ndraw=40, logz=-148.13, remainder_fraction=100.0000%, Lmin=-134.82, Lmax=-112.76
15:14:32 [ultranest] [DEBUG] iteration=3690, ncalls=13211, regioncalls=514320, ndraw=40, logz=-147.95, remainder_fraction=100.0000%, Lmin=-134.56, Lmax=-112.76
15:14:32 [ultranest] [DEBUG] iteration=3693, ncalls=13216, regioncalls=514520, ndraw=40, logz=-147.80, remainder_fraction=100.0000%, Lmin=-134.40, Lmax=-112.76
15:14:32 [ultranest] [DEBUG] iteration=3696, ncalls=13224, regioncalls=514840, ndraw=40, logz=-147.64, remainder_fraction=100.0000%, Lmin=-134.12, Lmax=-112.76
15:14:32 [ultranest] [DEBUG] iteration=3698, ncalls=13232, regioncalls=515160, ndraw=40, logz=-147.54, remainder_fraction=100.0000%, Lmin=-134.08, Lmax=-112.76
15:14:33 [ultranest] [DEBUG] iteration=3699, ncalls=13240, regioncalls=515480, ndraw=40, logz=-147.49, remainder_fraction=100.0000%, Lmin=-134.02, Lmax=-112.76
15:14:33 [ultranest] [DEBUG] iteration=3702, ncalls=13245, regioncalls=515680, ndraw=40, logz=-147.34, remainder_fraction=100.0000%, Lmin=-133.90, Lmax=-112.76
15:14:33 [ultranest] [DEBUG] iteration=3705, ncalls=13250, regioncalls=515880, ndraw=40, logz=-147.19, remainder_fraction=100.0000%, Lmin=-133.81, Lmax=-112.76
15:14:33 [ultranest] [DEBUG] iteration=3708, ncalls=13255, regioncalls=516080, ndraw=40, logz=-147.06, remainder_fraction=100.0000%, Lmin=-133.71, Lmax=-112.76
15:14:33 [ultranest] [DEBUG] iteration=3711, ncalls=13264, regioncalls=516440, ndraw=40, logz=-146.93, remainder_fraction=100.0000%, Lmin=-133.56, Lmax=-112.76
15:14:33 [ultranest] [DEBUG] iteration=3714, ncalls=13268, regioncalls=516680, ndraw=40, logz=-146.80, remainder_fraction=100.0000%, Lmin=-133.51, Lmax=-112.76
15:14:33 [ultranest] [DEBUG] iteration=3720, ncalls=13287, regioncalls=517440, ndraw=40, logz=-146.55, remainder_fraction=100.0000%, Lmin=-133.33, Lmax=-112.76
15:14:33 [ultranest] [DEBUG] iteration=3745, ncalls=13323, regioncalls=518880, ndraw=40, logz=-145.57, remainder_fraction=100.0000%, Lmin=-132.19, Lmax=-112.76
15:14:33 [ultranest] [DEBUG] iteration=3760, ncalls=13358, regioncalls=520280, ndraw=40, logz=-144.92, remainder_fraction=100.0000%, Lmin=-131.55, Lmax=-112.76
15:14:34 [ultranest] [DEBUG] iteration=3780, ncalls=13402, regioncalls=522040, ndraw=40, logz=-144.07, remainder_fraction=100.0000%, Lmin=-130.66, Lmax=-112.76
15:14:34 [ultranest] [DEBUG] iteration=3792, ncalls=13423, regioncalls=522920, ndraw=40, logz=-143.63, remainder_fraction=100.0000%, Lmin=-130.30, Lmax=-112.76
15:14:34 [ultranest] [DEBUG] iteration=3800, ncalls=13434, regioncalls=523360, ndraw=40, logz=-143.37, remainder_fraction=100.0000%, Lmin=-130.13, Lmax=-112.76
15:14:34 [ultranest] [DEBUG] iteration=3820, ncalls=13470, regioncalls=524800, ndraw=40, logz=-142.69, remainder_fraction=100.0000%, Lmin=-129.26, Lmax=-112.76
15:14:34 [ultranest] [DEBUG] iteration=3840, ncalls=13501, regioncalls=526040, ndraw=40, logz=-142.03, remainder_fraction=100.0000%, Lmin=-128.66, Lmax=-112.76
15:14:34 [ultranest] [DEBUG] iteration=3859, ncalls=13543, regioncalls=527720, ndraw=40, logz=-141.51, remainder_fraction=99.9999%, Lmin=-128.30, Lmax=-112.76
15:14:34 [ultranest] [DEBUG] iteration=3878, ncalls=13578, regioncalls=529120, ndraw=40, logz=-141.01, remainder_fraction=99.9999%, Lmin=-127.71, Lmax=-112.76
15:14:34 [ultranest] [DEBUG] iteration=3880, ncalls=13580, regioncalls=529200, ndraw=40, logz=-140.95, remainder_fraction=99.9999%, Lmin=-127.67, Lmax=-112.76
15:14:34 [ultranest] [DEBUG] iteration=3895, ncalls=13620, regioncalls=530800, ndraw=40, logz=-140.54, remainder_fraction=99.9998%, Lmin=-127.11, Lmax=-112.76
15:14:34 [ultranest] [DEBUG] iteration=3918, ncalls=13661, regioncalls=532440, ndraw=40, logz=-139.86, remainder_fraction=99.9996%, Lmin=-126.34, Lmax=-112.76
15:14:34 [ultranest] [DEBUG] iteration=3920, ncalls=13667, regioncalls=532680, ndraw=40, logz=-139.80, remainder_fraction=99.9996%, Lmin=-126.34, Lmax=-112.76
15:14:34 [ultranest] [DEBUG] iteration=3937, ncalls=13709, regioncalls=534360, ndraw=40, logz=-139.33, remainder_fraction=99.9994%, Lmin=-125.84, Lmax=-112.76
15:14:34 [ultranest] [DEBUG] iteration=3948, ncalls=13742, regioncalls=535720, ndraw=40, logz=-139.03, remainder_fraction=99.9991%, Lmin=-125.46, Lmax=-112.76
15:14:34 [ultranest] [DEBUG] iteration=3960, ncalls=13757, regioncalls=536360, ndraw=40, logz=-138.70, remainder_fraction=99.9989%, Lmin=-125.23, Lmax=-112.76
15:14:35 [ultranest] [DEBUG] iteration=3981, ncalls=13794, regioncalls=537840, ndraw=40, logz=-138.22, remainder_fraction=99.9981%, Lmin=-124.82, Lmax=-112.76
15:14:35 [ultranest] [DEBUG] iteration=4000, ncalls=13837, regioncalls=539560, ndraw=40, logz=-137.77, remainder_fraction=99.9970%, Lmin=-124.32, Lmax=-112.76
15:14:35 [ultranest] [DEBUG] iteration=4025, ncalls=13877, regioncalls=541160, ndraw=40, logz=-137.25, remainder_fraction=99.9955%, Lmin=-123.68, Lmax=-112.46
15:14:35 [ultranest] [DEBUG] iteration=4040, ncalls=13900, regioncalls=542080, ndraw=40, logz=-136.94, remainder_fraction=99.9937%, Lmin=-123.40, Lmax=-112.46
15:14:35 [ultranest] [DEBUG] iteration=4065, ncalls=13935, regioncalls=543480, ndraw=40, logz=-136.44, remainder_fraction=99.9896%, Lmin=-122.94, Lmax=-112.46
15:14:35 [ultranest] [DEBUG] iteration=4080, ncalls=13981, regioncalls=545320, ndraw=40, logz=-136.17, remainder_fraction=99.9860%, Lmin=-122.69, Lmax=-112.46
15:14:35 [ultranest] [DEBUG] iteration=4094, ncalls=14022, regioncalls=546960, ndraw=40, logz=-135.91, remainder_fraction=99.9823%, Lmin=-122.40, Lmax=-112.46
15:14:35 [ultranest] [DEBUG] iteration=4104, ncalls=14047, regioncalls=548000, ndraw=40, logz=-135.74, remainder_fraction=99.9787%, Lmin=-122.22, Lmax=-112.46
15:14:35 [ultranest] [DEBUG] iteration=4120, ncalls=14072, regioncalls=549000, ndraw=40, logz=-135.47, remainder_fraction=99.9730%, Lmin=-121.87, Lmax=-112.46
15:14:35 [ultranest] [DEBUG] iteration=4145, ncalls=14108, regioncalls=550440, ndraw=40, logz=-135.06, remainder_fraction=99.9631%, Lmin=-121.51, Lmax=-112.32
15:14:35 [ultranest] [DEBUG] iteration=4160, ncalls=14138, regioncalls=551640, ndraw=40, logz=-134.81, remainder_fraction=99.9524%, Lmin=-121.14, Lmax=-112.32
15:14:36 [ultranest] [DEBUG] iteration=4182, ncalls=14175, regioncalls=553240, ndraw=40, logz=-134.44, remainder_fraction=99.9310%, Lmin=-120.72, Lmax=-112.32
15:14:36 [ultranest] [DEBUG] iteration=4200, ncalls=14204, regioncalls=554400, ndraw=40, logz=-134.15, remainder_fraction=99.9122%, Lmin=-120.50, Lmax=-112.32
15:14:36 [ultranest] [DEBUG] iteration=4223, ncalls=14240, regioncalls=555840, ndraw=40, logz=-133.81, remainder_fraction=99.8702%, Lmin=-120.03, Lmax=-112.32
15:14:36 [ultranest] [DEBUG] iteration=4240, ncalls=14279, regioncalls=557400, ndraw=40, logz=-133.54, remainder_fraction=99.8340%, Lmin=-119.78, Lmax=-112.31
15:14:36 [ultranest] [DEBUG] iteration=4260, ncalls=14320, regioncalls=559040, ndraw=40, logz=-133.26, remainder_fraction=99.7864%, Lmin=-119.58, Lmax=-112.31
15:14:36 [ultranest] [DEBUG] iteration=4278, ncalls=14359, regioncalls=560600, ndraw=40, logz=-133.04, remainder_fraction=99.7212%, Lmin=-119.37, Lmax=-112.31
15:14:36 [ultranest] [DEBUG] iteration=4280, ncalls=14361, regioncalls=560680, ndraw=40, logz=-133.01, remainder_fraction=99.7154%, Lmin=-119.35, Lmax=-112.31
15:14:36 [ultranest] [DEBUG] iteration=4296, ncalls=14405, regioncalls=562440, ndraw=40, logz=-132.83, remainder_fraction=99.6556%, Lmin=-119.14, Lmax=-112.31
15:14:36 [ultranest] [DEBUG] iteration=4316, ncalls=14447, regioncalls=564120, ndraw=40, logz=-132.60, remainder_fraction=99.5772%, Lmin=-118.88, Lmax=-112.31
15:14:36 [ultranest] [DEBUG] iteration=4320, ncalls=14453, regioncalls=564360, ndraw=40, logz=-132.55, remainder_fraction=99.5569%, Lmin=-118.82, Lmax=-112.31
15:14:36 [ultranest] [DEBUG] iteration=4338, ncalls=14494, regioncalls=566080, ndraw=40, logz=-132.35, remainder_fraction=99.4622%, Lmin=-118.58, Lmax=-112.31
15:14:36 [ultranest] [DEBUG] iteration=4360, ncalls=14526, regioncalls=567360, ndraw=40, logz=-132.11, remainder_fraction=99.2976%, Lmin=-118.34, Lmax=-112.31
15:14:37 [ultranest] [DEBUG] iteration=4385, ncalls=14562, regioncalls=568800, ndraw=40, logz=-131.85, remainder_fraction=99.1484%, Lmin=-118.07, Lmax=-112.26
15:14:37 [ultranest] [DEBUG] iteration=4400, ncalls=14584, regioncalls=569680, ndraw=40, logz=-131.71, remainder_fraction=98.9971%, Lmin=-117.96, Lmax=-112.26
15:14:37 [ultranest] [DEBUG] iteration=4416, ncalls=14608, regioncalls=570680, ndraw=40, logz=-131.56, remainder_fraction=98.8383%, Lmin=-117.77, Lmax=-112.26
15:14:37 [ultranest] [DEBUG] iteration=4437, ncalls=14642, regioncalls=572040, ndraw=40, logz=-131.38, remainder_fraction=98.5910%, Lmin=-117.63, Lmax=-112.26
15:14:37 [ultranest] [DEBUG] iteration=4440, ncalls=14647, regioncalls=572240, ndraw=40, logz=-131.35, remainder_fraction=98.5740%, Lmin=-117.61, Lmax=-112.26
15:14:37 [ultranest] [DEBUG] iteration=4466, ncalls=14683, regioncalls=573680, ndraw=40, logz=-131.14, remainder_fraction=98.2903%, Lmin=-117.39, Lmax=-112.26
15:14:37 [ultranest] [DEBUG] iteration=4480, ncalls=14705, regioncalls=574560, ndraw=40, logz=-131.04, remainder_fraction=98.1150%, Lmin=-117.24, Lmax=-112.26
15:14:37 [ultranest] [DEBUG] iteration=4499, ncalls=14741, regioncalls=576000, ndraw=40, logz=-130.89, remainder_fraction=97.7939%, Lmin=-117.08, Lmax=-112.26
15:14:37 [ultranest] [DEBUG] iteration=4520, ncalls=14777, regioncalls=577440, ndraw=40, logz=-130.74, remainder_fraction=97.3901%, Lmin=-116.91, Lmax=-112.26
15:14:37 [ultranest] [DEBUG] iteration=4536, ncalls=14821, regioncalls=579200, ndraw=40, logz=-130.63, remainder_fraction=97.0295%, Lmin=-116.75, Lmax=-112.26
15:14:37 [ultranest] [DEBUG] iteration=4556, ncalls=14863, regioncalls=580880, ndraw=40, logz=-130.50, remainder_fraction=96.4817%, Lmin=-116.64, Lmax=-112.26
15:14:37 [ultranest] [DEBUG] iteration=4560, ncalls=14871, regioncalls=581200, ndraw=40, logz=-130.47, remainder_fraction=96.3682%, Lmin=-116.62, Lmax=-112.26
15:14:38 [ultranest] [DEBUG] iteration=4572, ncalls=14889, regioncalls=582040, ndraw=40, logz=-130.39, remainder_fraction=96.0558%, Lmin=-116.55, Lmax=-112.26
15:14:38 [ultranest] [DEBUG] iteration=4593, ncalls=14924, regioncalls=583520, ndraw=40, logz=-130.26, remainder_fraction=95.4503%, Lmin=-116.35, Lmax=-112.26
15:14:38 [ultranest] [DEBUG] iteration=4600, ncalls=14936, regioncalls=584000, ndraw=40, logz=-130.22, remainder_fraction=95.2540%, Lmin=-116.32, Lmax=-112.26
15:14:38 [ultranest] [DEBUG] iteration=4626, ncalls=14975, regioncalls=585560, ndraw=40, logz=-130.06, remainder_fraction=94.4778%, Lmin=-116.08, Lmax=-112.26
15:14:38 [ultranest] [DEBUG] iteration=4640, ncalls=15003, regioncalls=586680, ndraw=40, logz=-129.98, remainder_fraction=94.0069%, Lmin=-115.98, Lmax=-112.26
15:14:38 [ultranest] [DEBUG] iteration=4650, ncalls=15024, regioncalls=587560, ndraw=40, logz=-129.92, remainder_fraction=93.6392%, Lmin=-115.88, Lmax=-112.26
15:14:38 [ultranest] [DEBUG] iteration=4671, ncalls=15056, regioncalls=588840, ndraw=40, logz=-129.80, remainder_fraction=92.6944%, Lmin=-115.74, Lmax=-112.26
15:14:38 [ultranest] [DEBUG] iteration=4680, ncalls=15073, regioncalls=589520, ndraw=40, logz=-129.74, remainder_fraction=92.3242%, Lmin=-115.68, Lmax=-112.26
15:14:38 [ultranest] [DEBUG] iteration=4707, ncalls=15108, regioncalls=590920, ndraw=40, logz=-129.59, remainder_fraction=90.8758%, Lmin=-115.49, Lmax=-112.26
15:14:38 [ultranest] [DEBUG] iteration=4720, ncalls=15127, regioncalls=591680, ndraw=40, logz=-129.52, remainder_fraction=90.2411%, Lmin=-115.40, Lmax=-112.26
15:14:38 [ultranest] [DEBUG] iteration=4728, ncalls=15139, regioncalls=592200, ndraw=40, logz=-129.48, remainder_fraction=89.9557%, Lmin=-115.37, Lmax=-112.26
15:14:38 [ultranest] [DEBUG] iteration=4751, ncalls=15173, regioncalls=593560, ndraw=40, logz=-129.36, remainder_fraction=88.7218%, Lmin=-115.20, Lmax=-112.26
15:14:38 [ultranest] [DEBUG] iteration=4760, ncalls=15194, regioncalls=594400, ndraw=40, logz=-129.32, remainder_fraction=88.1064%, Lmin=-115.15, Lmax=-112.26
15:14:38 [ultranest] [DEBUG] iteration=4785, ncalls=15234, regioncalls=596000, ndraw=40, logz=-129.19, remainder_fraction=86.4052%, Lmin=-114.99, Lmax=-112.26
15:14:39 [ultranest] [DEBUG] iteration=4800, ncalls=15257, regioncalls=596920, ndraw=40, logz=-129.12, remainder_fraction=85.3845%, Lmin=-114.93, Lmax=-112.26
15:14:39 [ultranest] [DEBUG] iteration=4806, ncalls=15270, regioncalls=597480, ndraw=40, logz=-129.09, remainder_fraction=85.0091%, Lmin=-114.90, Lmax=-112.26
15:14:39 [ultranest] [DEBUG] iteration=4827, ncalls=15305, regioncalls=598880, ndraw=40, logz=-129.00, remainder_fraction=83.3906%, Lmin=-114.78, Lmax=-112.26
15:14:39 [ultranest] [DEBUG] iteration=4840, ncalls=15326, regioncalls=599720, ndraw=40, logz=-128.95, remainder_fraction=82.6317%, Lmin=-114.71, Lmax=-112.26
15:14:39 [ultranest] [DEBUG] iteration=4866, ncalls=15361, regioncalls=601120, ndraw=40, logz=-128.84, remainder_fraction=80.8654%, Lmin=-114.61, Lmax=-112.26
15:14:39 [ultranest] [DEBUG] iteration=4880, ncalls=15385, regioncalls=602080, ndraw=40, logz=-128.79, remainder_fraction=79.7321%, Lmin=-114.52, Lmax=-112.26
15:14:39 [ultranest] [DEBUG] iteration=4884, ncalls=15392, regioncalls=602400, ndraw=40, logz=-128.77, remainder_fraction=79.3687%, Lmin=-114.52, Lmax=-112.26
15:14:39 [ultranest] [DEBUG] iteration=4905, ncalls=15427, regioncalls=603800, ndraw=40, logz=-128.69, remainder_fraction=77.8367%, Lmin=-114.40, Lmax=-112.26
15:14:39 [ultranest] [DEBUG] iteration=4920, ncalls=15454, regioncalls=604880, ndraw=40, logz=-128.64, remainder_fraction=76.5117%, Lmin=-114.36, Lmax=-112.26
15:14:39 [ultranest] [DEBUG] iteration=4940, ncalls=15493, regioncalls=606440, ndraw=40, logz=-128.57, remainder_fraction=74.9515%, Lmin=-114.26, Lmax=-112.26
15:14:39 [ultranest] [DEBUG] iteration=4960, ncalls=15530, regioncalls=607920, ndraw=40, logz=-128.50, remainder_fraction=73.1195%, Lmin=-114.19, Lmax=-112.26
15:14:39 [ultranest] [DEBUG] iteration=4979, ncalls=15562, regioncalls=609200, ndraw=40, logz=-128.44, remainder_fraction=71.2799%, Lmin=-114.14, Lmax=-112.26
15:14:40 [ultranest] [DEBUG] iteration=5000, ncalls=15600, regioncalls=610720, ndraw=40, logz=-128.38, remainder_fraction=69.4678%, Lmin=-114.06, Lmax=-112.26
15:14:40 [ultranest] [DEBUG] iteration=5018, ncalls=15640, regioncalls=612320, ndraw=40, logz=-128.33, remainder_fraction=68.0237%, Lmin=-114.00, Lmax=-112.26
15:14:40 [ultranest] [DEBUG] iteration=5037, ncalls=15683, regioncalls=614040, ndraw=40, logz=-128.28, remainder_fraction=66.6961%, Lmin=-113.95, Lmax=-112.26
15:14:40 [ultranest] [DEBUG] iteration=5040, ncalls=15688, regioncalls=614280, ndraw=40, logz=-128.27, remainder_fraction=66.4978%, Lmin=-113.94, Lmax=-112.26
15:14:40 [ultranest] [DEBUG] iteration=5065, ncalls=15723, regioncalls=615680, ndraw=40, logz=-128.21, remainder_fraction=64.2654%, Lmin=-113.84, Lmax=-112.24
15:14:40 [ultranest] [DEBUG] iteration=5080, ncalls=15747, regioncalls=616640, ndraw=40, logz=-128.17, remainder_fraction=63.1328%, Lmin=-113.81, Lmax=-112.24
15:14:40 [ultranest] [DEBUG] iteration=5105, ncalls=15783, regioncalls=618080, ndraw=40, logz=-128.11, remainder_fraction=60.7625%, Lmin=-113.71, Lmax=-112.24
15:14:40 [ultranest] [DEBUG] iteration=5118, ncalls=15806, regioncalls=619080, ndraw=40, logz=-128.08, remainder_fraction=59.5254%, Lmin=-113.68, Lmax=-112.24
15:14:40 [ultranest] [DEBUG] iteration=5120, ncalls=15809, regioncalls=619200, ndraw=40, logz=-128.08, remainder_fraction=59.3439%, Lmin=-113.68, Lmax=-112.24
15:14:40 [ultranest] [DEBUG] iteration=5143, ncalls=15844, regioncalls=620600, ndraw=40, logz=-128.03, remainder_fraction=57.4790%, Lmin=-113.63, Lmax=-112.24
15:14:40 [ultranest] [DEBUG] iteration=5160, ncalls=15877, regioncalls=621920, ndraw=40, logz=-127.99, remainder_fraction=56.1728%, Lmin=-113.57, Lmax=-112.21
15:14:40 [ultranest] [DEBUG] iteration=5186, ncalls=15914, regioncalls=623400, ndraw=40, logz=-127.94, remainder_fraction=53.8715%, Lmin=-113.52, Lmax=-112.21
15:14:40 [ultranest] [DEBUG] iteration=5196, ncalls=15935, regioncalls=624280, ndraw=40, logz=-127.92, remainder_fraction=53.1394%, Lmin=-113.49, Lmax=-112.21
15:14:40 [ultranest] [DEBUG] iteration=5200, ncalls=15940, regioncalls=624480, ndraw=40, logz=-127.92, remainder_fraction=52.8005%, Lmin=-113.48, Lmax=-112.21
15:14:41 [ultranest] [DEBUG] iteration=5218, ncalls=15977, regioncalls=625960, ndraw=40, logz=-127.88, remainder_fraction=51.3479%, Lmin=-113.44, Lmax=-112.21
15:14:41 [ultranest] [DEBUG] iteration=5240, ncalls=16004, regioncalls=627040, ndraw=40, logz=-127.85, remainder_fraction=49.2351%, Lmin=-113.40, Lmax=-112.21
15:14:41 [ultranest] [DEBUG] iteration=5262, ncalls=16045, regioncalls=628680, ndraw=40, logz=-127.81, remainder_fraction=47.3620%, Lmin=-113.34, Lmax=-112.21
15:14:41 [ultranest] [DEBUG] iteration=5274, ncalls=16067, regioncalls=629600, ndraw=40, logz=-127.79, remainder_fraction=46.3744%, Lmin=-113.31, Lmax=-112.21
15:14:41 [ultranest] [DEBUG] iteration=5280, ncalls=16076, regioncalls=629960, ndraw=40, logz=-127.78, remainder_fraction=45.8947%, Lmin=-113.30, Lmax=-112.21
15:14:41 [ultranest] [DEBUG] iteration=5299, ncalls=16112, regioncalls=631440, ndraw=40, logz=-127.75, remainder_fraction=44.3355%, Lmin=-113.25, Lmax=-112.21
15:14:41 [ultranest] [DEBUG] iteration=5317, ncalls=16158, regioncalls=633280, ndraw=40, logz=-127.73, remainder_fraction=42.9855%, Lmin=-113.22, Lmax=-112.21
15:14:41 [ultranest] [DEBUG] iteration=5320, ncalls=16167, regioncalls=633640, ndraw=40, logz=-127.72, remainder_fraction=42.6934%, Lmin=-113.22, Lmax=-112.21
15:14:41 [ultranest] [DEBUG] iteration=5338, ncalls=16212, regioncalls=635440, ndraw=40, logz=-127.70, remainder_fraction=41.3289%, Lmin=-113.18, Lmax=-112.21
15:14:41 [ultranest] [DEBUG] iteration=5352, ncalls=16236, regioncalls=636440, ndraw=40, logz=-127.68, remainder_fraction=40.2945%, Lmin=-113.17, Lmax=-112.21
15:14:41 [ultranest] [DEBUG] iteration=5360, ncalls=16248, regioncalls=636960, ndraw=40, logz=-127.67, remainder_fraction=39.6485%, Lmin=-113.16, Lmax=-112.21
15:14:41 [ultranest] [DEBUG] iteration=5383, ncalls=16281, regioncalls=638280, ndraw=40, logz=-127.64, remainder_fraction=37.8888%, Lmin=-113.11, Lmax=-112.21
15:14:41 [ultranest] [DEBUG] iteration=5400, ncalls=16306, regioncalls=639280, ndraw=40, logz=-127.62, remainder_fraction=36.5817%, Lmin=-113.09, Lmax=-112.21
15:14:42 [ultranest] [DEBUG] iteration=5424, ncalls=16345, regioncalls=640840, ndraw=40, logz=-127.60, remainder_fraction=34.7514%, Lmin=-113.06, Lmax=-112.21
15:14:42 [ultranest] [DEBUG] iteration=5430, ncalls=16358, regioncalls=641400, ndraw=40, logz=-127.59, remainder_fraction=34.2760%, Lmin=-113.04, Lmax=-112.21
15:14:42 [ultranest] [DEBUG] iteration=5440, ncalls=16373, regioncalls=642040, ndraw=40, logz=-127.58, remainder_fraction=33.5367%, Lmin=-113.03, Lmax=-112.21
15:14:42 [ultranest] [DEBUG] iteration=5464, ncalls=16405, regioncalls=643400, ndraw=40, logz=-127.56, remainder_fraction=31.8981%, Lmin=-113.00, Lmax=-112.21
15:14:42 [ultranest] [DEBUG] iteration=5480, ncalls=16431, regioncalls=644440, ndraw=40, logz=-127.54, remainder_fraction=30.8141%, Lmin=-112.98, Lmax=-112.21
15:14:42 [ultranest] [DEBUG] iteration=5499, ncalls=16472, regioncalls=646080, ndraw=40, logz=-127.52, remainder_fraction=29.5895%, Lmin=-112.96, Lmax=-112.21
15:14:42 [ultranest] [DEBUG] iteration=5508, ncalls=16489, regioncalls=646800, ndraw=40, logz=-127.52, remainder_fraction=29.0639%, Lmin=-112.94, Lmax=-112.21
15:14:42 [ultranest] [DEBUG] iteration=5520, ncalls=16503, regioncalls=647360, ndraw=40, logz=-127.51, remainder_fraction=28.4008%, Lmin=-112.93, Lmax=-112.21
15:14:42 [ultranest] [DEBUG] iteration=5544, ncalls=16537, regioncalls=648720, ndraw=40, logz=-127.49, remainder_fraction=26.9640%, Lmin=-112.89, Lmax=-112.20
15:14:42 [ultranest] [DEBUG] iteration=5560, ncalls=16570, regioncalls=650040, ndraw=40, logz=-127.47, remainder_fraction=26.0413%, Lmin=-112.87, Lmax=-112.20
15:14:42 [ultranest] [DEBUG] iteration=5583, ncalls=16608, regioncalls=651560, ndraw=40, logz=-127.46, remainder_fraction=24.7210%, Lmin=-112.84, Lmax=-112.20
15:14:42 [ultranest] [DEBUG] iteration=5586, ncalls=16614, regioncalls=651880, ndraw=40, logz=-127.45, remainder_fraction=24.5821%, Lmin=-112.84, Lmax=-112.20
15:14:42 [ultranest] [DEBUG] iteration=5600, ncalls=16636, regioncalls=652760, ndraw=40, logz=-127.44, remainder_fraction=23.8748%, Lmin=-112.83, Lmax=-112.20
15:14:43 [ultranest] [DEBUG] iteration=5620, ncalls=16673, regioncalls=654240, ndraw=40, logz=-127.43, remainder_fraction=22.8915%, Lmin=-112.80, Lmax=-112.20
15:14:43 [ultranest] [DEBUG] iteration=5640, ncalls=16705, regioncalls=655520, ndraw=40, logz=-127.42, remainder_fraction=21.8389%, Lmin=-112.78, Lmax=-112.20
15:14:43 [ultranest] [DEBUG] iteration=5664, ncalls=16738, regioncalls=656880, ndraw=40, logz=-127.40, remainder_fraction=20.7265%, Lmin=-112.76, Lmax=-112.20
15:14:43 [ultranest] [DEBUG] iteration=5680, ncalls=16763, regioncalls=657880, ndraw=40, logz=-127.39, remainder_fraction=19.9755%, Lmin=-112.75, Lmax=-112.20
15:14:43 [ultranest] [DEBUG] iteration=5705, ncalls=16796, regioncalls=659200, ndraw=40, logz=-127.38, remainder_fraction=18.8261%, Lmin=-112.72, Lmax=-112.20
15:14:43 [ultranest] [DEBUG] iteration=5720, ncalls=16819, regioncalls=660120, ndraw=40, logz=-127.37, remainder_fraction=18.1880%, Lmin=-112.70, Lmax=-112.20
15:14:43 [ultranest] [DEBUG] iteration=5742, ncalls=16852, regioncalls=661440, ndraw=40, logz=-127.36, remainder_fraction=17.2886%, Lmin=-112.68, Lmax=-112.20
15:14:43 [ultranest] [DEBUG] iteration=5760, ncalls=16880, regioncalls=662560, ndraw=40, logz=-127.35, remainder_fraction=16.5934%, Lmin=-112.66, Lmax=-112.20
15:14:43 [ultranest] [DEBUG] iteration=5784, ncalls=16918, regioncalls=664080, ndraw=40, logz=-127.34, remainder_fraction=15.6848%, Lmin=-112.65, Lmax=-112.20
15:14:43 [ultranest] [DEBUG] iteration=5800, ncalls=16950, regioncalls=665360, ndraw=40, logz=-127.33, remainder_fraction=15.0769%, Lmin=-112.63, Lmax=-112.20
15:14:43 [ultranest] [DEBUG] iteration=5815, ncalls=16994, regioncalls=667120, ndraw=40, logz=-127.33, remainder_fraction=14.5672%, Lmin=-112.61, Lmax=-112.20
15:14:43 [ultranest] [DEBUG] iteration=5820, ncalls=17000, regioncalls=667520, ndraw=40, logz=-127.33, remainder_fraction=14.3969%, Lmin=-112.60, Lmax=-112.20
15:14:44 [ultranest] [DEBUG] iteration=5840, ncalls=17026, regioncalls=668560, ndraw=40, logz=-127.32, remainder_fraction=13.7425%, Lmin=-112.59, Lmax=-112.20
15:14:44 [ultranest] [DEBUG] iteration=5860, ncalls=17064, regioncalls=670080, ndraw=40, logz=-127.31, remainder_fraction=13.0824%, Lmin=-112.57, Lmax=-112.20
15:14:44 [ultranest] [DEBUG] iteration=5880, ncalls=17099, regioncalls=671480, ndraw=40, logz=-127.30, remainder_fraction=12.4474%, Lmin=-112.56, Lmax=-112.20
15:14:44 [ultranest] [DEBUG] iteration=5898, ncalls=17130, regioncalls=672760, ndraw=40, logz=-127.30, remainder_fraction=11.9046%, Lmin=-112.54, Lmax=-112.20
15:14:44 [ultranest] [DEBUG] iteration=5920, ncalls=17157, regioncalls=673840, ndraw=40, logz=-127.29, remainder_fraction=11.2400%, Lmin=-112.53, Lmax=-112.20
15:14:44 [ultranest] [DEBUG] iteration=5943, ncalls=17193, regioncalls=675360, ndraw=40, logz=-127.28, remainder_fraction=10.6048%, Lmin=-112.52, Lmax=-112.20
15:14:44 [ultranest] [DEBUG] iteration=5960, ncalls=17225, regioncalls=676640, ndraw=40, logz=-127.28, remainder_fraction=10.1659%, Lmin=-112.51, Lmax=-112.20
15:14:44 [ultranest] [DEBUG] iteration=5976, ncalls=17258, regioncalls=678000, ndraw=40, logz=-127.27, remainder_fraction=9.7450%, Lmin=-112.50, Lmax=-112.20
15:14:44 [ultranest] [DEBUG] iteration=6000, ncalls=17291, regioncalls=679320, ndraw=40, logz=-127.27, remainder_fraction=9.1668%, Lmin=-112.48, Lmax=-112.20
15:14:44 [ultranest] [DEBUG] iteration=6023, ncalls=17327, regioncalls=680760, ndraw=40, logz=-127.26, remainder_fraction=8.6467%, Lmin=-112.47, Lmax=-112.20
15:14:44 [ultranest] [DEBUG] iteration=6040, ncalls=17358, regioncalls=682000, ndraw=40, logz=-127.26, remainder_fraction=8.2775%, Lmin=-112.46, Lmax=-112.20
15:14:45 [ultranest] [DEBUG] iteration=6054, ncalls=17378, regioncalls=682840, ndraw=40, logz=-127.25, remainder_fraction=7.9846%, Lmin=-112.45, Lmax=-112.20
15:14:45 [ultranest] [DEBUG] iteration=6071, ncalls=17416, regioncalls=684360, ndraw=40, logz=-127.25, remainder_fraction=7.6471%, Lmin=-112.44, Lmax=-112.20
15:14:45 [ultranest] [DEBUG] iteration=6080, ncalls=17428, regioncalls=684840, ndraw=40, logz=-127.25, remainder_fraction=7.4675%, Lmin=-112.44, Lmax=-112.20
15:14:45 [ultranest] [DEBUG] iteration=6103, ncalls=17466, regioncalls=686360, ndraw=40, logz=-127.24, remainder_fraction=7.0374%, Lmin=-112.43, Lmax=-112.20
15:14:45 [ultranest] [DEBUG] iteration=6120, ncalls=17500, regioncalls=687720, ndraw=40, logz=-127.24, remainder_fraction=6.7314%, Lmin=-112.42, Lmax=-112.20
15:14:45 [ultranest] [DEBUG] iteration=6135, ncalls=17537, regioncalls=689200, ndraw=40, logz=-127.24, remainder_fraction=6.4761%, Lmin=-112.42, Lmax=-112.20
15:14:45 [ultranest] [DEBUG] iteration=6150, ncalls=17578, regioncalls=690840, ndraw=40, logz=-127.23, remainder_fraction=6.2245%, Lmin=-112.41, Lmax=-112.20
15:14:45 [ultranest] [DEBUG] iteration=6160, ncalls=17591, regioncalls=691360, ndraw=40, logz=-127.23, remainder_fraction=6.0602%, Lmin=-112.41, Lmax=-112.20
15:14:45 [ultranest] [DEBUG] iteration=6181, ncalls=17631, regioncalls=692960, ndraw=40, logz=-127.23, remainder_fraction=5.7294%, Lmin=-112.40, Lmax=-112.20
15:14:45 [ultranest] [DEBUG] iteration=6200, ncalls=17673, regioncalls=694640, ndraw=40, logz=-127.23, remainder_fraction=5.4516%, Lmin=-112.39, Lmax=-112.20
15:14:45 [ultranest] [DEBUG] iteration=6210, ncalls=17699, regioncalls=695720, ndraw=40, logz=-127.22, remainder_fraction=5.3112%, Lmin=-112.39, Lmax=-112.20
15:14:45 [ultranest] [DEBUG] iteration=6230, ncalls=17734, regioncalls=697120, ndraw=40, logz=-127.22, remainder_fraction=5.0343%, Lmin=-112.38, Lmax=-112.20
15:14:46 [ultranest] [DEBUG] iteration=6240, ncalls=17749, regioncalls=697720, ndraw=40, logz=-127.22, remainder_fraction=4.9017%, Lmin=-112.38, Lmax=-112.20
15:14:46 [ultranest] [DEBUG] iteration=6263, ncalls=17788, regioncalls=699280, ndraw=40, logz=-127.22, remainder_fraction=4.6050%, Lmin=-112.37, Lmax=-112.20
15:14:46 [ultranest] [DEBUG] iteration=6280, ncalls=17811, regioncalls=700200, ndraw=40, logz=-127.22, remainder_fraction=4.3994%, Lmin=-112.36, Lmax=-112.20
15:14:46 [ultranest] [DEBUG] iteration=6288, ncalls=17831, regioncalls=701040, ndraw=40, logz=-127.21, remainder_fraction=4.3066%, Lmin=-112.36, Lmax=-112.20
15:14:46 [ultranest] [DEBUG] iteration=6312, ncalls=17862, regioncalls=702320, ndraw=40, logz=-127.21, remainder_fraction=4.0393%, Lmin=-112.35, Lmax=-112.20
15:14:46 [ultranest] [DEBUG] iteration=6320, ncalls=17875, regioncalls=702840, ndraw=40, logz=-127.21, remainder_fraction=3.9513%, Lmin=-112.35, Lmax=-112.20
15:14:46 [ultranest] [DEBUG] iteration=6346, ncalls=17911, regioncalls=704280, ndraw=40, logz=-127.21, remainder_fraction=3.6798%, Lmin=-112.34, Lmax=-112.20
15:14:46 [ultranest] [DEBUG] iteration=6360, ncalls=17935, regioncalls=705240, ndraw=40, logz=-127.21, remainder_fraction=3.5439%, Lmin=-112.34, Lmax=-112.20
15:14:46 [ultranest] [DEBUG] iteration=6366, ncalls=17941, regioncalls=705520, ndraw=40, logz=-127.21, remainder_fraction=3.4851%, Lmin=-112.34, Lmax=-112.20
15:14:46 [ultranest] [DEBUG] iteration=6389, ncalls=17975, regioncalls=706880, ndraw=40, logz=-127.20, remainder_fraction=3.2730%, Lmin=-112.33, Lmax=-112.20
15:14:46 [ultranest] [DEBUG] iteration=6400, ncalls=17991, regioncalls=707520, ndraw=40, logz=-127.20, remainder_fraction=3.1748%, Lmin=-112.33, Lmax=-112.20
15:14:46 [ultranest] [DEBUG] iteration=6426, ncalls=18029, regioncalls=709040, ndraw=40, logz=-127.20, remainder_fraction=2.9569%, Lmin=-112.32, Lmax=-112.20
15:14:46 [ultranest] [DEBUG] iteration=6440, ncalls=18051, regioncalls=709920, ndraw=40, logz=-127.20, remainder_fraction=2.8456%, Lmin=-112.32, Lmax=-112.20
15:14:46 [ultranest] [DEBUG] iteration=6444, ncalls=18070, regioncalls=710720, ndraw=40, logz=-127.20, remainder_fraction=2.8147%, Lmin=-112.31, Lmax=-112.20
15:14:47 [ultranest] [DEBUG] iteration=6465, ncalls=18105, regioncalls=712120, ndraw=40, logz=-127.20, remainder_fraction=2.6569%, Lmin=-112.31, Lmax=-112.20
15:14:47 [ultranest] [DEBUG] iteration=6480, ncalls=18124, regioncalls=712880, ndraw=40, logz=-127.20, remainder_fraction=2.5496%, Lmin=-112.31, Lmax=-112.20
15:14:47 [ultranest] [DEBUG] iteration=6501, ncalls=18166, regioncalls=714560, ndraw=40, logz=-127.19, remainder_fraction=2.4065%, Lmin=-112.30, Lmax=-112.20
15:14:47 [ultranest] [DEBUG] iteration=6520, ncalls=18197, regioncalls=715800, ndraw=40, logz=-127.19, remainder_fraction=2.2827%, Lmin=-112.30, Lmax=-112.20
15:14:47 [ultranest] [DEBUG] iteration=6522, ncalls=18199, regioncalls=715920, ndraw=40, logz=-127.19, remainder_fraction=2.2701%, Lmin=-112.30, Lmax=-112.20
15:14:47 [ultranest] [INFO] Explored until L=-1e+02  
15:14:47 [ultranest] [INFO] Likelihood function evaluations: 18201
15:14:52 [ultranest] [INFO] Writing samples and results to disk ...
15:14:53 [ultranest] [INFO] Writing samples and results to disk ... done
15:14:53 [ultranest] [DEBUG] did a run_iter pass!
15:14:53 [ultranest] [INFO]   logZ = -127.2 +- 0.1445
15:14:53 [ultranest] [INFO] Effective samples strategy satisfied (ESS = 1635.1, need >400)
15:14:53 [ultranest] [INFO] Posterior uncertainty strategy is satisfied (KL: 0.46+-0.07 nat, need <0.50 nat)
15:14:53 [ultranest] [INFO] Evidency uncertainty strategy is satisfied (dlogz=0.15, need <0.5)
15:14:53 [ultranest] [INFO]   logZ error budget: single: 0.20 bs:0.14 tail:0.02 total:0.15 required:<0.50
15:14:53 [ultranest] [INFO] done iterating.
15:14:53 [ultranest] [DEBUG] Making corner plot ...
15:14:54 [ultranest] [DEBUG] Making corner plot ... done
15:14:54 [ultranest] [DEBUG] Making run plot ... 
15:14:59 [ultranest] [DEBUG] Making run plot ... done
15:14:59 [ultranest] [DEBUG] Making trace plot ... 
15:15:00 [ultranest] [DEBUG] Making trace plot ... done
