09:29:59 [ultranest] [DEBUG] ReactiveNestedSampler: dims=3+0, resume=True, log_dir=/home/orion51/Desktop/Research/spectral_fitting/FGL_spectral_fitting/Individual_sources/2CXOJ181908.5-204037/powerlaw_out_, backend=hdf5, vectorized=False, nbootstraps=30, ndraw=128..65536
09:29:59 [ultranest] [INFO] Sampling 400 live points from prior ...
09:29:59 [ultranest] [DEBUG] run_iter dlogz=0.5, dKL=0.5, frac_remain=0.01, Lepsilon=0.1000, min_ess=400
09:29:59 [ultranest] [DEBUG] max_iters=-1, max_ncalls=-1, max_num_improvement_loops=-1, min_num_live_points=400, cluster_num_live_points=40
09:29:59 [ultranest] [DEBUG] minimal_widths_sequence: [(-inf, 400.0), (inf, 400.0)]
09:29:59 [ultranest] [DEBUG] iteration=0, ncalls=401, regioncalls=40, ndraw=40, logz=-inf, remainder_fraction=100.0000%, Lmin=-267013295276.78, Lmax=-4.51
09:29:59 [ultranest] [DEBUG] iteration=29, ncalls=433, regioncalls=1320, ndraw=40, logz=-260909374.97, remainder_fraction=100.0000%, Lmin=-245304064.38, Lmax=-4.51
09:29:59 [ultranest] [DEBUG] iteration=40, ncalls=444, regioncalls=1760, ndraw=40, logz=-138605529.55, remainder_fraction=100.0000%, Lmin=-126608358.56, Lmax=-4.51
09:30:00 [ultranest] [DEBUG] iteration=72, ncalls=478, regioncalls=3120, ndraw=40, logz=-4118779.74, remainder_fraction=100.0000%, Lmin=-4006153.24, Lmax=-4.51
09:30:00 [ultranest] [DEBUG] iteration=80, ncalls=487, regioncalls=3480, ndraw=40, logz=-2445473.17, remainder_fraction=100.0000%, Lmin=-1849514.76, Lmax=-4.51
09:30:00 [ultranest] [DEBUG] iteration=90, ncalls=501, regioncalls=4040, ndraw=40, logz=-933486.09, remainder_fraction=100.0000%, Lmin=-932644.49, Lmax=-4.51
09:30:00 [ultranest] [DEBUG] iteration=115, ncalls=533, regioncalls=5320, ndraw=40, logz=-173263.52, remainder_fraction=100.0000%, Lmin=-159452.22, Lmax=-4.51
09:30:00 [ultranest] [DEBUG] iteration=120, ncalls=539, regioncalls=5560, ndraw=40, logz=-114463.68, remainder_fraction=100.0000%, Lmin=-114164.24, Lmax=-4.51
09:30:00 [ultranest] [DEBUG] iteration=148, ncalls=577, regioncalls=7080, ndraw=40, logz=-34754.42, remainder_fraction=100.0000%, Lmin=-30547.72, Lmax=-4.51
09:30:00 [ultranest] [DEBUG] iteration=160, ncalls=590, regioncalls=7600, ndraw=40, logz=-18918.28, remainder_fraction=100.0000%, Lmin=-18373.23, Lmax=-4.51
09:30:00 [ultranest] [DEBUG] iteration=180, ncalls=620, regioncalls=8800, ndraw=40, logz=-4963.11, remainder_fraction=100.0000%, Lmin=-4896.54, Lmax=-4.51
09:30:00 [ultranest] [DEBUG] iteration=200, ncalls=648, regioncalls=9920, ndraw=40, logz=-1769.73, remainder_fraction=100.0000%, Lmin=-1754.01, Lmax=-4.51
09:30:00 [ultranest] [DEBUG] iteration=228, ncalls=682, regioncalls=11280, ndraw=40, logz=-565.51, remainder_fraction=100.0000%, Lmin=-539.69, Lmax=-4.51
09:30:00 [ultranest] [DEBUG] iteration=240, ncalls=698, regioncalls=11920, ndraw=40, logz=-381.19, remainder_fraction=100.0000%, Lmin=-360.20, Lmax=-4.51
09:30:00 [ultranest] [DEBUG] iteration=270, ncalls=734, regioncalls=13360, ndraw=40, logz=-167.82, remainder_fraction=100.0000%, Lmin=-155.39, Lmax=-4.51
09:30:00 [ultranest] [DEBUG] iteration=280, ncalls=746, regioncalls=13840, ndraw=40, logz=-138.10, remainder_fraction=100.0000%, Lmin=-127.52, Lmax=-4.51
09:30:00 [ultranest] [DEBUG] iteration=303, ncalls=782, regioncalls=15280, ndraw=40, logz=-99.70, remainder_fraction=100.0000%, Lmin=-92.62, Lmax=-4.51
09:30:00 [ultranest] [DEBUG] Plateau detected at L=-8.897744e+01, not replacing live point.
09:30:00 [ultranest] [DEBUG] Plateau detected at L=-8.897744e+01, not replacing live point.
09:30:00 [ultranest] [DEBUG] Plateau detected at L=-8.897744e+01, not replacing live point.
09:30:00 [ultranest] [DEBUG] Plateau detected at L=-8.897744e+01, not replacing live point.
09:30:00 [ultranest] [DEBUG] Plateau detected at L=-8.897744e+01, not replacing live point.
09:30:00 [ultranest] [DEBUG] Plateau detected at L=-8.897744e+01, not replacing live point.
09:30:00 [ultranest] [DEBUG] Plateau detected at L=-8.897744e+01, not replacing live point.
09:30:00 [ultranest] [DEBUG] Plateau detected at L=-8.897744e+01, not replacing live point.
09:30:00 [ultranest] [DEBUG] Plateau detected at L=-8.897744e+01, not replacing live point.
09:30:00 [ultranest] [DEBUG] Plateau detected at L=-8.897744e+01, not replacing live point.
09:30:00 [ultranest] [DEBUG] Plateau detected at L=-8.897744e+01, not replacing live point.
09:30:00 [ultranest] [DEBUG] Plateau detected at L=-8.897744e+01, not replacing live point.
09:30:00 [ultranest] [DEBUG] Plateau detected at L=-8.897744e+01, not replacing live point.
09:30:00 [ultranest] [DEBUG] Plateau detected at L=-8.897744e+01, not replacing live point.
09:30:00 [ultranest] [DEBUG] Plateau detected at L=-8.897744e+01, not replacing live point.
09:30:00 [ultranest] [DEBUG] Plateau detected at L=-8.897744e+01, not replacing live point.
09:30:00 [ultranest] [DEBUG] Plateau detected at L=-8.897744e+01, not replacing live point.
09:30:00 [ultranest] [DEBUG] Plateau detected at L=-8.897744e+01, not replacing live point.
09:30:00 [ultranest] [DEBUG] Plateau detected at L=-8.897744e+01, not replacing live point.
09:30:00 [ultranest] [DEBUG] Plateau detected at L=-8.897744e+01, not replacing live point.
09:30:00 [ultranest] [DEBUG] Plateau detected at L=-8.897744e+01, not replacing live point.
09:30:00 [ultranest] [DEBUG] Plateau detected at L=-8.897744e+01, not replacing live point.
09:30:01 [ultranest] [DEBUG] Plateau detected at L=-8.897744e+01, not replacing live point.
09:30:01 [ultranest] [DEBUG] Plateau detected at L=-8.897744e+01, not replacing live point.
09:30:01 [ultranest] [DEBUG] Plateau detected at L=-8.897744e+01, not replacing live point.
09:30:01 [ultranest] [DEBUG] Plateau detected at L=-8.897744e+01, not replacing live point.
09:30:01 [ultranest] [DEBUG] Plateau detected at L=-8.897744e+01, not replacing live point.
09:30:01 [ultranest] [DEBUG] Plateau detected at L=-8.897744e+01, not replacing live point.
09:30:01 [ultranest] [DEBUG] Plateau detected at L=-8.897744e+01, not replacing live point.
09:30:01 [ultranest] [DEBUG] Plateau detected at L=-8.897744e+01, not replacing live point.
09:30:01 [ultranest] [DEBUG] Plateau detected at L=-8.897744e+01, not replacing live point.
09:30:01 [ultranest] [DEBUG] Plateau detected at L=-8.897744e+01, not replacing live point.
09:30:01 [ultranest] [DEBUG] Plateau detected at L=-8.897744e+01, not replacing live point.
09:30:01 [ultranest] [DEBUG] Plateau detected at L=-8.897744e+01, not replacing live point.
09:30:01 [ultranest] [DEBUG] Plateau detected at L=-8.897744e+01, not replacing live point.
09:30:01 [ultranest] [DEBUG] Plateau detected at L=-8.897744e+01, not replacing live point.
09:30:01 [ultranest] [DEBUG] Plateau detected at L=-8.897744e+01, not replacing live point.
09:30:01 [ultranest] [DEBUG] Plateau detected at L=-8.897744e+01, not replacing live point.
09:30:01 [ultranest] [DEBUG] Plateau detected at L=-8.897744e+01, not replacing live point.
09:30:01 [ultranest] [DEBUG] Plateau detected at L=-8.897744e+01, not replacing live point.
09:30:01 [ultranest] [DEBUG] Plateau detected at L=-8.897744e+01, not replacing live point.
09:30:01 [ultranest] [DEBUG] Plateau detected at L=-8.897744e+01, not replacing live point.
09:30:01 [ultranest] [DEBUG] Plateau detected at L=-8.897744e+01, not replacing live point.
09:30:01 [ultranest] [DEBUG] Plateau detected at L=-8.897744e+01, not replacing live point.
09:30:01 [ultranest] [DEBUG] Plateau detected at L=-8.897744e+01, not replacing live point.
09:30:01 [ultranest] [DEBUG] Plateau detected at L=-8.897744e+01, not replacing live point.
09:30:01 [ultranest] [DEBUG] Plateau detected at L=-8.897744e+01, not replacing live point.
09:30:01 [ultranest] [DEBUG] Plateau detected at L=-8.897744e+01, not replacing live point.
09:30:01 [ultranest] [DEBUG] Plateau detected at L=-8.897744e+01, not replacing live point.
09:30:01 [ultranest] [DEBUG] Plateau detected at L=-8.897744e+01, not replacing live point.
09:30:01 [ultranest] [DEBUG] Plateau detected at L=-8.897744e+01, not replacing live point.
09:30:01 [ultranest] [DEBUG] Plateau detected at L=-8.897744e+01, not replacing live point.
09:30:01 [ultranest] [DEBUG] Plateau detected at L=-8.897744e+01, not replacing live point.
09:30:01 [ultranest] [DEBUG] Plateau detected at L=-8.897744e+01, not replacing live point.
09:30:01 [ultranest] [DEBUG] Plateau detected at L=-8.897744e+01, not replacing live point.
09:30:01 [ultranest] [DEBUG] Plateau detected at L=-8.897744e+01, not replacing live point.
09:30:01 [ultranest] [DEBUG] Plateau detected at L=-8.897744e+01, not replacing live point.
09:30:01 [ultranest] [DEBUG] Plateau detected at L=-8.897744e+01, not replacing live point.
09:30:01 [ultranest] [DEBUG] Plateau detected at L=-8.897744e+01, not replacing live point.
09:30:01 [ultranest] [DEBUG] Plateau detected at L=-8.897744e+01, not replacing live point.
09:30:01 [ultranest] [DEBUG] Plateau detected at L=-8.897744e+01, not replacing live point.
09:30:01 [ultranest] [DEBUG] iteration=373, ncalls=796, regioncalls=15840, ndraw=40, logz=-91.57, remainder_fraction=100.0000%, Lmin=-88.98, Lmax=-4.51
09:30:01 [ultranest] [DEBUG] Plateau detected at L=-8.897744e+01, not replacing live point.
09:30:01 [ultranest] [DEBUG] Plateau detected at L=-8.897744e+01, not replacing live point.
09:30:01 [ultranest] [DEBUG] Plateau detected at L=-8.897744e+01, not replacing live point.
09:30:01 [ultranest] [DEBUG] Plateau detected at L=-8.897744e+01, not replacing live point.
09:30:01 [ultranest] [DEBUG] iteration=378, ncalls=801, regioncalls=16040, ndraw=40, logz=-91.50, remainder_fraction=100.0000%, Lmin=-88.98, Lmax=-4.51
09:30:01 [ultranest] [DEBUG] Plateau detected at L=-8.897744e+01, not replacing live point.
09:30:01 [ultranest] [DEBUG] Plateau detected at L=-8.897744e+01, not replacing live point.
09:30:01 [ultranest] [DEBUG] Plateau detected at L=-8.897744e+01, not replacing live point.
09:30:01 [ultranest] [DEBUG] iteration=382, ncalls=802, regioncalls=16080, ndraw=40, logz=-91.44, remainder_fraction=100.0000%, Lmin=-88.98, Lmax=-4.51
09:30:01 [ultranest] [DEBUG] iteration=399, ncalls=845, regioncalls=17800, ndraw=40, logz=-91.24, remainder_fraction=100.0000%, Lmin=-88.98, Lmax=-4.51
09:30:01 [ultranest] [DEBUG] iteration=400, ncalls=849, regioncalls=17960, ndraw=40, logz=-91.23, remainder_fraction=100.0000%, Lmin=-88.98, Lmax=-4.51
09:30:01 [ultranest] [DEBUG] iteration=420, ncalls=894, regioncalls=19760, ndraw=40, logz=-91.05, remainder_fraction=100.0000%, Lmin=-88.98, Lmax=-4.51
09:30:01 [ultranest] [DEBUG] iteration=440, ncalls=931, regioncalls=21240, ndraw=40, logz=-90.91, remainder_fraction=100.0000%, Lmin=-88.98, Lmax=-4.51
09:30:01 [ultranest] [DEBUG] iteration=457, ncalls=971, regioncalls=22840, ndraw=40, logz=-90.80, remainder_fraction=100.0000%, Lmin=-88.98, Lmax=-4.51
09:30:01 [ultranest] [DEBUG] iteration=475, ncalls=1007, regioncalls=24280, ndraw=40, logz=-90.71, remainder_fraction=100.0000%, Lmin=-88.98, Lmax=-4.51
09:30:01 [ultranest] [DEBUG] iteration=480, ncalls=1023, regioncalls=24920, ndraw=40, logz=-90.68, remainder_fraction=100.0000%, Lmin=-88.98, Lmax=-4.51
09:30:01 [ultranest] [DEBUG] iteration=496, ncalls=1066, regioncalls=26640, ndraw=40, logz=-90.61, remainder_fraction=100.0000%, Lmin=-88.98, Lmax=-4.51
09:30:01 [ultranest] [DEBUG] iteration=519, ncalls=1108, regioncalls=28320, ndraw=40, logz=-90.53, remainder_fraction=100.0000%, Lmin=-88.97, Lmax=-4.51
09:30:01 [ultranest] [DEBUG] iteration=520, ncalls=1110, regioncalls=28400, ndraw=40, logz=-90.52, remainder_fraction=100.0000%, Lmin=-88.97, Lmax=-4.51
09:30:01 [ultranest] [DEBUG] iteration=534, ncalls=1150, regioncalls=30000, ndraw=40, logz=-90.47, remainder_fraction=100.0000%, Lmin=-88.97, Lmax=-4.51
09:30:02 [ultranest] [DEBUG] iteration=546, ncalls=1192, regioncalls=31680, ndraw=40, logz=-90.44, remainder_fraction=100.0000%, Lmin=-88.96, Lmax=-4.51
09:30:02 [ultranest] [DEBUG] iteration=559, ncalls=1243, regioncalls=33720, ndraw=40, logz=-90.40, remainder_fraction=100.0000%, Lmin=-88.96, Lmax=-4.51
09:30:02 [ultranest] [DEBUG] iteration=560, ncalls=1244, regioncalls=33760, ndraw=40, logz=-90.40, remainder_fraction=100.0000%, Lmin=-88.95, Lmax=-4.51
09:30:02 [ultranest] [DEBUG] iteration=570, ncalls=1293, regioncalls=35720, ndraw=40, logz=-90.37, remainder_fraction=100.0000%, Lmin=-88.95, Lmax=-4.51
09:30:02 [ultranest] [DEBUG] iteration=584, ncalls=1340, regioncalls=37600, ndraw=40, logz=-90.33, remainder_fraction=100.0000%, Lmin=-88.93, Lmax=-4.51
09:30:02 [ultranest] [DEBUG] iteration=600, ncalls=1382, regioncalls=39280, ndraw=40, logz=-90.29, remainder_fraction=100.0000%, Lmin=-88.90, Lmax=-4.51
09:30:02 [ultranest] [DEBUG] iteration=609, ncalls=1432, regioncalls=41280, ndraw=40, logz=-90.27, remainder_fraction=100.0000%, Lmin=-88.87, Lmax=-4.51
09:30:02 [ultranest] [DEBUG] iteration=619, ncalls=1477, regioncalls=43080, ndraw=40, logz=-90.25, remainder_fraction=100.0000%, Lmin=-88.84, Lmax=-4.51
09:30:02 [ultranest] [DEBUG] iteration=633, ncalls=1527, regioncalls=45080, ndraw=40, logz=-90.22, remainder_fraction=100.0000%, Lmin=-88.80, Lmax=-4.51
09:30:02 [ultranest] [DEBUG] iteration=640, ncalls=1557, regioncalls=46280, ndraw=40, logz=-90.20, remainder_fraction=100.0000%, Lmin=-88.77, Lmax=-4.51
09:30:02 [ultranest] [DEBUG] iteration=655, ncalls=1606, regioncalls=48240, ndraw=40, logz=-90.17, remainder_fraction=100.0000%, Lmin=-88.72, Lmax=-4.51
09:30:03 [ultranest] [DEBUG] iteration=672, ncalls=1679, regioncalls=51160, ndraw=40, logz=-90.13, remainder_fraction=100.0000%, Lmin=-88.56, Lmax=-4.51
09:30:03 [ultranest] [DEBUG] iteration=680, ncalls=1700, regioncalls=52000, ndraw=40, logz=-90.11, remainder_fraction=100.0000%, Lmin=-88.50, Lmax=-4.51
09:30:03 [ultranest] [DEBUG] iteration=682, ncalls=1721, regioncalls=52840, ndraw=40, logz=-90.11, remainder_fraction=100.0000%, Lmin=-88.46, Lmax=-4.51
09:30:03 [ultranest] [DEBUG] iteration=697, ncalls=1764, regioncalls=54560, ndraw=40, logz=-90.07, remainder_fraction=100.0000%, Lmin=-88.21, Lmax=-4.51
09:30:03 [ultranest] [DEBUG] iteration=709, ncalls=1814, regioncalls=56560, ndraw=40, logz=-90.03, remainder_fraction=100.0000%, Lmin=-88.00, Lmax=-4.51
09:30:03 [ultranest] [DEBUG] iteration=720, ncalls=1850, regioncalls=58000, ndraw=40, logz=-90.00, remainder_fraction=100.0000%, Lmin=-87.80, Lmax=-4.51
09:30:03 [ultranest] [DEBUG] iteration=731, ncalls=1906, regioncalls=60240, ndraw=40, logz=-89.96, remainder_fraction=100.0000%, Lmin=-87.64, Lmax=-4.51
09:30:03 [ultranest] [DEBUG] iteration=747, ncalls=1955, regioncalls=62200, ndraw=40, logz=-89.89, remainder_fraction=100.0000%, Lmin=-87.40, Lmax=-4.51
09:30:03 [ultranest] [DEBUG] iteration=756, ncalls=2014, regioncalls=64560, ndraw=40, logz=-89.84, remainder_fraction=100.0000%, Lmin=-87.10, Lmax=-4.51
09:30:03 [ultranest] [DEBUG] iteration=757, ncalls=2017, regioncalls=64680, ndraw=40, logz=-89.84, remainder_fraction=100.0000%, Lmin=-87.09, Lmax=-4.51
09:30:03 [ultranest] [DEBUG] iteration=760, ncalls=2031, regioncalls=65240, ndraw=40, logz=-89.82, remainder_fraction=100.0000%, Lmin=-87.04, Lmax=-4.51
09:30:03 [ultranest] [DEBUG] iteration=774, ncalls=2080, regioncalls=67200, ndraw=40, logz=-89.72, remainder_fraction=100.0000%, Lmin=-86.59, Lmax=-4.51
09:30:04 [ultranest] [DEBUG] iteration=788, ncalls=2130, regioncalls=69200, ndraw=40, logz=-89.59, remainder_fraction=100.0000%, Lmin=-86.01, Lmax=-4.51
09:30:04 [ultranest] [DEBUG] iteration=798, ncalls=2183, regioncalls=71320, ndraw=40, logz=-89.45, remainder_fraction=100.0000%, Lmin=-85.50, Lmax=-4.51
09:30:04 [ultranest] [DEBUG] iteration=800, ncalls=2192, regioncalls=71680, ndraw=40, logz=-89.42, remainder_fraction=100.0000%, Lmin=-85.48, Lmax=-4.51
09:30:04 [ultranest] [DEBUG] iteration=814, ncalls=2235, regioncalls=73400, ndraw=40, logz=-89.15, remainder_fraction=100.0000%, Lmin=-84.90, Lmax=-4.51
09:30:04 [ultranest] [DEBUG] iteration=828, ncalls=2283, regioncalls=75320, ndraw=40, logz=-88.83, remainder_fraction=100.0000%, Lmin=-84.45, Lmax=-4.51
09:30:04 [ultranest] [DEBUG] iteration=832, ncalls=2291, regioncalls=75640, ndraw=40, logz=-88.73, remainder_fraction=100.0000%, Lmin=-84.20, Lmax=-4.51
09:30:04 [ultranest] [DEBUG] iteration=840, ncalls=2320, regioncalls=76800, ndraw=40, logz=-88.51, remainder_fraction=100.0000%, Lmin=-83.82, Lmax=-4.51
09:30:04 [ultranest] [DEBUG] iteration=856, ncalls=2355, regioncalls=78200, ndraw=40, logz=-87.91, remainder_fraction=100.0000%, Lmin=-82.81, Lmax=-4.51
09:30:04 [ultranest] [DEBUG] iteration=874, ncalls=2400, regioncalls=80000, ndraw=40, logz=-87.18, remainder_fraction=100.0000%, Lmin=-82.16, Lmax=-4.51
09:30:04 [ultranest] [DEBUG] iteration=880, ncalls=2418, regioncalls=80720, ndraw=40, logz=-86.95, remainder_fraction=100.0000%, Lmin=-81.92, Lmax=-4.51
09:30:04 [ultranest] [DEBUG] iteration=897, ncalls=2464, regioncalls=82560, ndraw=40, logz=-86.18, remainder_fraction=100.0000%, Lmin=-80.87, Lmax=-4.51
09:30:04 [ultranest] [DEBUG] iteration=907, ncalls=2489, regioncalls=83560, ndraw=40, logz=-85.71, remainder_fraction=100.0000%, Lmin=-80.31, Lmax=-4.51
09:30:05 [ultranest] [DEBUG] iteration=920, ncalls=2528, regioncalls=85120, ndraw=40, logz=-84.95, remainder_fraction=100.0000%, Lmin=-79.07, Lmax=-4.51
09:30:05 [ultranest] [DEBUG] iteration=938, ncalls=2578, regioncalls=87120, ndraw=40, logz=-83.53, remainder_fraction=100.0000%, Lmin=-77.69, Lmax=-4.51
09:30:05 [ultranest] [DEBUG] iteration=952, ncalls=2628, regioncalls=89120, ndraw=40, logz=-82.31, remainder_fraction=100.0000%, Lmin=-76.23, Lmax=-4.51
09:30:05 [ultranest] [DEBUG] iteration=960, ncalls=2646, regioncalls=89840, ndraw=40, logz=-81.65, remainder_fraction=100.0000%, Lmin=-75.69, Lmax=-4.51
09:30:05 [ultranest] [DEBUG] iteration=979, ncalls=2691, regioncalls=91640, ndraw=40, logz=-80.04, remainder_fraction=100.0000%, Lmin=-73.38, Lmax=-4.51
09:30:05 [ultranest] [DEBUG] iteration=986, ncalls=2739, regioncalls=93560, ndraw=40, logz=-79.25, remainder_fraction=100.0000%, Lmin=-72.99, Lmax=-4.51
09:30:05 [ultranest] [DEBUG] iteration=998, ncalls=2787, regioncalls=95480, ndraw=40, logz=-78.08, remainder_fraction=100.0000%, Lmin=-71.68, Lmax=-4.51
09:30:05 [ultranest] [DEBUG] iteration=1000, ncalls=2797, regioncalls=95880, ndraw=40, logz=-77.88, remainder_fraction=100.0000%, Lmin=-71.56, Lmax=-4.48
09:30:05 [ultranest] [DEBUG] iteration=1016, ncalls=2845, regioncalls=97800, ndraw=40, logz=-76.16, remainder_fraction=100.0000%, Lmin=-69.68, Lmax=-4.29
09:30:05 [ultranest] [DEBUG] iteration=1033, ncalls=2892, regioncalls=99680, ndraw=40, logz=-74.23, remainder_fraction=100.0000%, Lmin=-67.64, Lmax=-4.29
09:30:05 [ultranest] [DEBUG] iteration=1040, ncalls=2907, regioncalls=100280, ndraw=40, logz=-73.54, remainder_fraction=100.0000%, Lmin=-67.22, Lmax=-4.29
09:30:06 [ultranest] [DEBUG] iteration=1054, ncalls=2965, regioncalls=102600, ndraw=40, logz=-72.26, remainder_fraction=100.0000%, Lmin=-65.77, Lmax=-4.29
09:30:06 [ultranest] [DEBUG] iteration=1065, ncalls=3001, regioncalls=104040, ndraw=40, logz=-71.15, remainder_fraction=100.0000%, Lmin=-64.45, Lmax=-4.29
09:30:06 [ultranest] [DEBUG] iteration=1080, ncalls=3038, regioncalls=105520, ndraw=40, logz=-69.60, remainder_fraction=100.0000%, Lmin=-63.06, Lmax=-4.29
09:30:06 [ultranest] [DEBUG] iteration=1094, ncalls=3090, regioncalls=107600, ndraw=40, logz=-67.57, remainder_fraction=100.0000%, Lmin=-60.54, Lmax=-4.29
09:30:06 [ultranest] [DEBUG] iteration=1111, ncalls=3140, regioncalls=109600, ndraw=40, logz=-65.59, remainder_fraction=100.0000%, Lmin=-58.95, Lmax=-4.17
09:30:06 [ultranest] [DEBUG] iteration=1120, ncalls=3169, regioncalls=110760, ndraw=40, logz=-64.70, remainder_fraction=100.0000%, Lmin=-57.84, Lmax=-4.17
09:30:06 [ultranest] [DEBUG] iteration=1132, ncalls=3211, regioncalls=112440, ndraw=40, logz=-63.61, remainder_fraction=100.0000%, Lmin=-57.13, Lmax=-4.17
09:30:06 [ultranest] [DEBUG] iteration=1145, ncalls=3253, regioncalls=114120, ndraw=40, logz=-62.02, remainder_fraction=100.0000%, Lmin=-54.73, Lmax=-4.17
09:30:06 [ultranest] [DEBUG] iteration=1157, ncalls=3311, regioncalls=116440, ndraw=40, logz=-60.51, remainder_fraction=100.0000%, Lmin=-53.64, Lmax=-4.17
09:30:06 [ultranest] [DEBUG] iteration=1160, ncalls=3325, regioncalls=117000, ndraw=40, logz=-60.18, remainder_fraction=100.0000%, Lmin=-53.18, Lmax=-4.17
09:30:06 [ultranest] [DEBUG] iteration=1174, ncalls=3382, regioncalls=119280, ndraw=40, logz=-57.87, remainder_fraction=100.0000%, Lmin=-50.61, Lmax=-4.17
09:30:07 [ultranest] [DEBUG] iteration=1190, ncalls=3443, regioncalls=121760, ndraw=40, logz=-56.08, remainder_fraction=100.0000%, Lmin=-48.38, Lmax=-2.76
09:30:07 [ultranest] [DEBUG] iteration=1200, ncalls=3463, regioncalls=122560, ndraw=40, logz=-54.68, remainder_fraction=100.0000%, Lmin=-47.58, Lmax=-2.76
09:30:07 [ultranest] [DEBUG] iteration=1214, ncalls=3501, regioncalls=124080, ndraw=40, logz=-52.99, remainder_fraction=100.0000%, Lmin=-45.68, Lmax=-2.76
09:30:07 [ultranest] [DEBUG] iteration=1227, ncalls=3545, regioncalls=125840, ndraw=40, logz=-51.02, remainder_fraction=100.0000%, Lmin=-43.55, Lmax=-2.76
09:30:07 [ultranest] [DEBUG] iteration=1240, ncalls=3591, regioncalls=127680, ndraw=40, logz=-49.42, remainder_fraction=100.0000%, Lmin=-42.30, Lmax=-2.76
09:30:07 [ultranest] [DEBUG] iteration=1259, ncalls=3638, regioncalls=129560, ndraw=40, logz=-47.19, remainder_fraction=100.0000%, Lmin=-40.05, Lmax=-2.76
09:30:07 [ultranest] [DEBUG] iteration=1273, ncalls=3684, regioncalls=131400, ndraw=40, logz=-45.70, remainder_fraction=100.0000%, Lmin=-38.38, Lmax=-2.76
09:30:07 [ultranest] [DEBUG] iteration=1280, ncalls=3704, regioncalls=132200, ndraw=40, logz=-44.98, remainder_fraction=100.0000%, Lmin=-37.81, Lmax=-2.76
09:30:07 [ultranest] [DEBUG] iteration=1290, ncalls=3751, regioncalls=134080, ndraw=40, logz=-43.93, remainder_fraction=100.0000%, Lmin=-36.55, Lmax=-2.76
09:30:07 [ultranest] [DEBUG] iteration=1303, ncalls=3798, regioncalls=135960, ndraw=40, logz=-42.76, remainder_fraction=100.0000%, Lmin=-35.70, Lmax=-2.76
09:30:08 [ultranest] [DEBUG] iteration=1312, ncalls=3851, regioncalls=138080, ndraw=40, logz=-41.84, remainder_fraction=100.0000%, Lmin=-34.59, Lmax=-2.76
09:30:08 [ultranest] [DEBUG] iteration=1320, ncalls=3890, regioncalls=139640, ndraw=40, logz=-41.11, remainder_fraction=100.0000%, Lmin=-33.81, Lmax=-2.76
09:30:08 [ultranest] [DEBUG] iteration=1329, ncalls=3925, regioncalls=141040, ndraw=40, logz=-40.20, remainder_fraction=100.0000%, Lmin=-32.93, Lmax=-2.76
09:30:08 [ultranest] [DEBUG] iteration=1337, ncalls=3966, regioncalls=142680, ndraw=40, logz=-39.57, remainder_fraction=100.0000%, Lmin=-32.57, Lmax=-2.76
09:30:08 [ultranest] [DEBUG] iteration=1346, ncalls=4001, regioncalls=144080, ndraw=40, logz=-38.97, remainder_fraction=100.0000%, Lmin=-32.02, Lmax=-2.76
09:30:08 [ultranest] [DEBUG] iteration=1360, ncalls=4027, regioncalls=145120, ndraw=40, logz=-38.15, remainder_fraction=100.0000%, Lmin=-31.10, Lmax=-2.76
09:30:08 [ultranest] [DEBUG] iteration=1368, ncalls=4061, regioncalls=146480, ndraw=40, logz=-37.61, remainder_fraction=100.0000%, Lmin=-30.63, Lmax=-2.76
09:30:08 [ultranest] [DEBUG] iteration=1375, ncalls=4104, regioncalls=148200, ndraw=40, logz=-37.14, remainder_fraction=100.0000%, Lmin=-29.95, Lmax=-2.76
09:30:08 [ultranest] [DEBUG] iteration=1387, ncalls=4140, regioncalls=149640, ndraw=40, logz=-36.29, remainder_fraction=100.0000%, Lmin=-29.32, Lmax=-2.76
09:30:08 [ultranest] [DEBUG] iteration=1395, ncalls=4184, regioncalls=151400, ndraw=40, logz=-35.86, remainder_fraction=100.0000%, Lmin=-28.88, Lmax=-2.76
09:30:09 [ultranest] [DEBUG] iteration=1400, ncalls=4197, regioncalls=151920, ndraw=40, logz=-35.59, remainder_fraction=100.0000%, Lmin=-28.74, Lmax=-2.76
09:30:09 [ultranest] [DEBUG] iteration=1411, ncalls=4246, regioncalls=153880, ndraw=40, logz=-35.03, remainder_fraction=100.0000%, Lmin=-28.11, Lmax=-2.76
09:30:09 [ultranest] [DEBUG] iteration=1418, ncalls=4304, regioncalls=156200, ndraw=40, logz=-34.68, remainder_fraction=100.0000%, Lmin=-27.78, Lmax=-2.76
09:30:09 [ultranest] [DEBUG] iteration=1431, ncalls=4378, regioncalls=159160, ndraw=40, logz=-33.97, remainder_fraction=100.0000%, Lmin=-26.71, Lmax=-2.76
09:30:09 [ultranest] [DEBUG] iteration=1440, ncalls=4406, regioncalls=160280, ndraw=40, logz=-33.43, remainder_fraction=100.0000%, Lmin=-26.45, Lmax=-2.76
09:30:09 [ultranest] [DEBUG] iteration=1451, ncalls=4453, regioncalls=162160, ndraw=40, logz=-32.84, remainder_fraction=100.0000%, Lmin=-25.92, Lmax=-2.76
09:30:09 [ultranest] [DEBUG] iteration=1461, ncalls=4497, regioncalls=163920, ndraw=40, logz=-32.38, remainder_fraction=100.0000%, Lmin=-25.28, Lmax=-2.76
09:30:09 [ultranest] [DEBUG] iteration=1467, ncalls=4542, regioncalls=165720, ndraw=40, logz=-32.08, remainder_fraction=100.0000%, Lmin=-24.95, Lmax=-2.76
09:30:09 [ultranest] [DEBUG] iteration=1472, ncalls=4583, regioncalls=167360, ndraw=40, logz=-31.82, remainder_fraction=100.0000%, Lmin=-24.78, Lmax=-2.76
09:30:10 [ultranest] [DEBUG] iteration=1480, ncalls=4619, regioncalls=168800, ndraw=40, logz=-31.43, remainder_fraction=100.0000%, Lmin=-24.34, Lmax=-2.76
09:30:10 [ultranest] [DEBUG] iteration=1491, ncalls=4678, regioncalls=171160, ndraw=40, logz=-30.89, remainder_fraction=100.0000%, Lmin=-23.69, Lmax=-2.76
09:30:10 [ultranest] [DEBUG] iteration=1498, ncalls=4730, regioncalls=173320, ndraw=40, logz=-30.50, remainder_fraction=100.0000%, Lmin=-23.18, Lmax=-2.76
09:30:10 [ultranest] [DEBUG] iteration=1507, ncalls=4762, regioncalls=174640, ndraw=40, logz=-30.03, remainder_fraction=100.0000%, Lmin=-22.82, Lmax=-2.76
09:30:10 [ultranest] [DEBUG] iteration=1517, ncalls=4813, regioncalls=176720, ndraw=40, logz=-29.56, remainder_fraction=100.0000%, Lmin=-22.48, Lmax=-2.76
09:30:10 [ultranest] [DEBUG] iteration=1520, ncalls=4821, regioncalls=177040, ndraw=40, logz=-29.43, remainder_fraction=100.0000%, Lmin=-22.34, Lmax=-2.76
09:30:10 [ultranest] [DEBUG] iteration=1529, ncalls=4867, regioncalls=178880, ndraw=40, logz=-29.08, remainder_fraction=100.0000%, Lmin=-22.10, Lmax=-2.76
09:30:10 [ultranest] [DEBUG] iteration=1536, ncalls=4912, regioncalls=180680, ndraw=40, logz=-28.83, remainder_fraction=100.0000%, Lmin=-21.97, Lmax=-2.76
09:30:10 [ultranest] [DEBUG] iteration=1551, ncalls=4958, regioncalls=182520, ndraw=40, logz=-28.33, remainder_fraction=100.0000%, Lmin=-21.48, Lmax=-2.76
09:30:10 [ultranest] [DEBUG] iteration=1558, ncalls=5014, regioncalls=184760, ndraw=40, logz=-28.11, remainder_fraction=100.0000%, Lmin=-21.22, Lmax=-2.76
09:30:10 [ultranest] [DEBUG] iteration=1560, ncalls=5020, regioncalls=185000, ndraw=40, logz=-28.04, remainder_fraction=100.0000%, Lmin=-21.06, Lmax=-2.76
09:30:10 [ultranest] [DEBUG] iteration=1570, ncalls=5072, regioncalls=187080, ndraw=40, logz=-27.71, remainder_fraction=100.0000%, Lmin=-20.85, Lmax=-2.76
09:30:11 [ultranest] [DEBUG] iteration=1579, ncalls=5124, regioncalls=189160, ndraw=40, logz=-27.43, remainder_fraction=100.0000%, Lmin=-20.51, Lmax=-2.76
09:30:11 [ultranest] [DEBUG] iteration=1588, ncalls=5174, regioncalls=191160, ndraw=40, logz=-27.14, remainder_fraction=100.0000%, Lmin=-20.10, Lmax=-2.76
09:30:11 [ultranest] [DEBUG] iteration=1599, ncalls=5224, regioncalls=193160, ndraw=40, logz=-26.77, remainder_fraction=100.0000%, Lmin=-19.69, Lmax=-2.76
09:30:11 [ultranest] [DEBUG] iteration=1600, ncalls=5225, regioncalls=193200, ndraw=40, logz=-26.74, remainder_fraction=100.0000%, Lmin=-19.60, Lmax=-2.76
09:30:11 [ultranest] [DEBUG] iteration=1609, ncalls=5295, regioncalls=196000, ndraw=40, logz=-26.43, remainder_fraction=100.0000%, Lmin=-19.34, Lmax=-2.76
09:30:11 [ultranest] [DEBUG] iteration=1615, ncalls=5347, regioncalls=198080, ndraw=40, logz=-26.22, remainder_fraction=100.0000%, Lmin=-19.10, Lmax=-2.76
09:30:11 [ultranest] [DEBUG] iteration=1622, ncalls=5400, regioncalls=200200, ndraw=40, logz=-25.97, remainder_fraction=99.9999%, Lmin=-18.85, Lmax=-2.76
09:30:11 [ultranest] [DEBUG] iteration=1633, ncalls=5454, regioncalls=202360, ndraw=40, logz=-25.56, remainder_fraction=99.9999%, Lmin=-18.21, Lmax=-2.76
09:30:11 [ultranest] [DEBUG] iteration=1640, ncalls=5495, regioncalls=204000, ndraw=40, logz=-25.29, remainder_fraction=99.9999%, Lmin=-18.03, Lmax=-2.76
09:30:12 [ultranest] [DEBUG] iteration=1655, ncalls=5572, regioncalls=207080, ndraw=40, logz=-24.81, remainder_fraction=99.9998%, Lmin=-17.73, Lmax=-2.76
09:30:12 [ultranest] [DEBUG] iteration=1659, ncalls=5623, regioncalls=209120, ndraw=40, logz=-24.69, remainder_fraction=99.9998%, Lmin=-17.58, Lmax=-2.76
09:30:12 [ultranest] [DEBUG] iteration=1667, ncalls=5675, regioncalls=211200, ndraw=40, logz=-24.47, remainder_fraction=99.9998%, Lmin=-17.48, Lmax=-2.76
09:30:12 [ultranest] [DEBUG] iteration=1675, ncalls=5732, regioncalls=213480, ndraw=40, logz=-24.28, remainder_fraction=99.9997%, Lmin=-17.38, Lmax=-2.76
09:30:12 [ultranest] [DEBUG] iteration=1680, ncalls=5755, regioncalls=214400, ndraw=40, logz=-24.17, remainder_fraction=99.9997%, Lmin=-17.33, Lmax=-2.76
09:30:12 [ultranest] [DEBUG] iteration=1689, ncalls=5811, regioncalls=216640, ndraw=40, logz=-23.96, remainder_fraction=99.9996%, Lmin=-16.96, Lmax=-2.76
09:30:12 [ultranest] [DEBUG] iteration=1696, ncalls=5868, regioncalls=218920, ndraw=40, logz=-23.79, remainder_fraction=99.9995%, Lmin=-16.83, Lmax=-2.76
09:30:12 [ultranest] [DEBUG] iteration=1703, ncalls=5926, regioncalls=221240, ndraw=40, logz=-23.64, remainder_fraction=99.9994%, Lmin=-16.66, Lmax=-2.76
09:30:12 [ultranest] [DEBUG] iteration=1711, ncalls=5979, regioncalls=223360, ndraw=40, logz=-23.45, remainder_fraction=99.9993%, Lmin=-16.48, Lmax=-2.76
09:30:12 [ultranest] [DEBUG] iteration=1720, ncalls=6034, regioncalls=225560, ndraw=40, logz=-23.25, remainder_fraction=99.9991%, Lmin=-16.22, Lmax=-2.76
09:30:13 [ultranest] [DEBUG] iteration=1730, ncalls=6089, regioncalls=227760, ndraw=40, logz=-23.01, remainder_fraction=99.9988%, Lmin=-15.90, Lmax=-2.76
09:30:13 [ultranest] [DEBUG] iteration=1736, ncalls=6130, regioncalls=229400, ndraw=40, logz=-22.87, remainder_fraction=99.9987%, Lmin=-15.76, Lmax=-2.76
09:30:13 [ultranest] [DEBUG] iteration=1741, ncalls=6174, regioncalls=231160, ndraw=40, logz=-22.74, remainder_fraction=99.9985%, Lmin=-15.51, Lmax=-2.76
09:30:13 [ultranest] [DEBUG] iteration=1750, ncalls=6222, regioncalls=233080, ndraw=40, logz=-22.51, remainder_fraction=99.9982%, Lmin=-15.29, Lmax=-2.76
09:30:13 [ultranest] [DEBUG] iteration=1760, ncalls=6270, regioncalls=235000, ndraw=40, logz=-22.27, remainder_fraction=99.9976%, Lmin=-15.08, Lmax=-2.76
09:30:13 [ultranest] [DEBUG] iteration=1763, ncalls=6328, regioncalls=237320, ndraw=40, logz=-22.20, remainder_fraction=99.9974%, Lmin=-15.05, Lmax=-2.76
09:30:13 [ultranest] [DEBUG] iteration=1776, ncalls=6385, regioncalls=239600, ndraw=40, logz=-21.92, remainder_fraction=99.9964%, Lmin=-14.76, Lmax=-2.76
09:30:13 [ultranest] [DEBUG] iteration=1786, ncalls=6437, regioncalls=241680, ndraw=40, logz=-21.71, remainder_fraction=99.9955%, Lmin=-14.56, Lmax=-2.76
09:30:13 [ultranest] [DEBUG] iteration=1795, ncalls=6504, regioncalls=244360, ndraw=40, logz=-21.52, remainder_fraction=99.9945%, Lmin=-14.34, Lmax=-2.76
09:30:14 [ultranest] [DEBUG] iteration=1800, ncalls=6546, regioncalls=246120, ndraw=40, logz=-21.42, remainder_fraction=99.9939%, Lmin=-14.28, Lmax=-2.76
09:30:14 [ultranest] [DEBUG] iteration=1810, ncalls=6589, regioncalls=247840, ndraw=40, logz=-21.22, remainder_fraction=99.9924%, Lmin=-14.04, Lmax=-2.76
09:30:14 [ultranest] [DEBUG] iteration=1820, ncalls=6647, regioncalls=250160, ndraw=40, logz=-21.02, remainder_fraction=99.9914%, Lmin=-13.85, Lmax=-2.76
09:30:14 [ultranest] [DEBUG] iteration=1828, ncalls=6701, regioncalls=252320, ndraw=40, logz=-20.87, remainder_fraction=99.9898%, Lmin=-13.74, Lmax=-2.76
09:30:14 [ultranest] [DEBUG] iteration=1832, ncalls=6765, regioncalls=254880, ndraw=40, logz=-20.80, remainder_fraction=99.9889%, Lmin=-13.56, Lmax=-2.76
09:30:14 [ultranest] [DEBUG] iteration=1840, ncalls=6796, regioncalls=256120, ndraw=40, logz=-20.65, remainder_fraction=99.9882%, Lmin=-13.48, Lmax=-2.76
09:30:14 [ultranest] [DEBUG] iteration=1845, ncalls=6855, regioncalls=258560, ndraw=40, logz=-20.55, remainder_fraction=99.9870%, Lmin=-13.24, Lmax=-2.76
09:30:14 [ultranest] [DEBUG] iteration=1857, ncalls=6905, regioncalls=260560, ndraw=40, logz=-20.30, remainder_fraction=99.9829%, Lmin=-12.93, Lmax=-2.76
09:30:14 [ultranest] [DEBUG] iteration=1864, ncalls=6961, regioncalls=262800, ndraw=40, logz=-20.15, remainder_fraction=99.9802%, Lmin=-12.82, Lmax=-2.76
09:30:14 [ultranest] [DEBUG] iteration=1871, ncalls=7014, regioncalls=264920, ndraw=40, logz=-20.01, remainder_fraction=99.9770%, Lmin=-12.65, Lmax=-2.76
09:30:15 [ultranest] [DEBUG] iteration=1880, ncalls=7077, regioncalls=267440, ndraw=40, logz=-19.84, remainder_fraction=99.9719%, Lmin=-12.52, Lmax=-2.76
09:30:15 [ultranest] [DEBUG] iteration=1890, ncalls=7118, regioncalls=269080, ndraw=40, logz=-19.66, remainder_fraction=99.9658%, Lmin=-12.37, Lmax=-2.76
09:30:15 [ultranest] [DEBUG] iteration=1895, ncalls=7177, regioncalls=271440, ndraw=40, logz=-19.57, remainder_fraction=99.9621%, Lmin=-12.21, Lmax=-2.76
09:30:15 [ultranest] [DEBUG] iteration=1903, ncalls=7231, regioncalls=273600, ndraw=40, logz=-19.42, remainder_fraction=99.9584%, Lmin=-12.01, Lmax=-2.76
09:30:15 [ultranest] [DEBUG] iteration=1911, ncalls=7287, regioncalls=275840, ndraw=40, logz=-19.27, remainder_fraction=99.9511%, Lmin=-11.89, Lmax=-2.76
09:30:15 [ultranest] [DEBUG] iteration=1915, ncalls=7344, regioncalls=278120, ndraw=40, logz=-19.20, remainder_fraction=99.9469%, Lmin=-11.78, Lmax=-2.76
09:30:15 [ultranest] [DEBUG] iteration=1919, ncalls=7402, regioncalls=280440, ndraw=40, logz=-19.13, remainder_fraction=99.9431%, Lmin=-11.73, Lmax=-2.76
09:30:15 [ultranest] [DEBUG] iteration=1920, ncalls=7414, regioncalls=280920, ndraw=40, logz=-19.11, remainder_fraction=99.9419%, Lmin=-11.70, Lmax=-2.76
09:30:15 [ultranest] [DEBUG] iteration=1925, ncalls=7472, regioncalls=283240, ndraw=40, logz=-19.02, remainder_fraction=99.9363%, Lmin=-11.66, Lmax=-2.76
09:30:16 [ultranest] [DEBUG] iteration=1931, ncalls=7545, regioncalls=286160, ndraw=40, logz=-18.92, remainder_fraction=99.9294%, Lmin=-11.60, Lmax=-2.76
09:30:16 [ultranest] [DEBUG] iteration=1940, ncalls=7600, regioncalls=288360, ndraw=40, logz=-18.78, remainder_fraction=99.9166%, Lmin=-11.47, Lmax=-2.76
09:30:16 [ultranest] [DEBUG] iteration=1945, ncalls=7659, regioncalls=290720, ndraw=40, logz=-18.70, remainder_fraction=99.9129%, Lmin=-11.41, Lmax=-2.76
09:30:16 [ultranest] [DEBUG] iteration=1954, ncalls=7711, regioncalls=292800, ndraw=40, logz=-18.56, remainder_fraction=99.8982%, Lmin=-11.21, Lmax=-2.76
09:30:16 [ultranest] [DEBUG] iteration=1957, ncalls=7743, regioncalls=294120, ndraw=40, logz=-18.52, remainder_fraction=99.8927%, Lmin=-11.14, Lmax=-2.76
09:30:16 [ultranest] [DEBUG] iteration=1960, ncalls=7753, regioncalls=294600, ndraw=40, logz=-18.47, remainder_fraction=99.8870%, Lmin=-11.11, Lmax=-2.76
09:30:16 [ultranest] [DEBUG] iteration=1965, ncalls=7800, regioncalls=296480, ndraw=40, logz=-18.40, remainder_fraction=99.8820%, Lmin=-11.06, Lmax=-2.76
09:30:16 [ultranest] [DEBUG] iteration=1973, ncalls=7857, regioncalls=298760, ndraw=40, logz=-18.28, remainder_fraction=99.8650%, Lmin=-10.91, Lmax=-2.76
09:30:16 [ultranest] [DEBUG] iteration=1981, ncalls=7912, regioncalls=300960, ndraw=40, logz=-18.16, remainder_fraction=99.8577%, Lmin=-10.82, Lmax=-2.76
09:30:16 [ultranest] [DEBUG] iteration=1990, ncalls=7980, regioncalls=303680, ndraw=40, logz=-18.04, remainder_fraction=99.8413%, Lmin=-10.73, Lmax=-2.76
09:30:17 [ultranest] [DEBUG] iteration=1994, ncalls=8066, regioncalls=307120, ndraw=40, logz=-17.98, remainder_fraction=99.8311%, Lmin=-10.72, Lmax=-2.76
09:30:17 [ultranest] [DEBUG] iteration=2000, ncalls=8118, regioncalls=309200, ndraw=40, logz=-17.91, remainder_fraction=99.8174%, Lmin=-10.61, Lmax=-2.76
09:30:17 [ultranest] [DEBUG] iteration=2007, ncalls=8179, regioncalls=311640, ndraw=40, logz=-17.82, remainder_fraction=99.7992%, Lmin=-10.51, Lmax=-2.76
09:30:17 [ultranest] [DEBUG] iteration=2017, ncalls=8236, regioncalls=313920, ndraw=40, logz=-17.70, remainder_fraction=99.7816%, Lmin=-10.40, Lmax=-2.76
09:30:17 [ultranest] [DEBUG] iteration=2026, ncalls=8294, regioncalls=316240, ndraw=40, logz=-17.59, remainder_fraction=99.7714%, Lmin=-10.34, Lmax=-2.76
09:30:17 [ultranest] [DEBUG] iteration=2034, ncalls=8346, regioncalls=318320, ndraw=40, logz=-17.50, remainder_fraction=99.7547%, Lmin=-10.28, Lmax=-2.76
09:30:17 [ultranest] [DEBUG] iteration=2040, ncalls=8379, regioncalls=319640, ndraw=40, logz=-17.44, remainder_fraction=99.7350%, Lmin=-10.25, Lmax=-2.76
09:30:17 [ultranest] [DEBUG] iteration=2049, ncalls=8426, regioncalls=321520, ndraw=40, logz=-17.35, remainder_fraction=99.7039%, Lmin=-10.14, Lmax=-2.76
09:30:17 [ultranest] [DEBUG] iteration=2059, ncalls=8482, regioncalls=323760, ndraw=40, logz=-17.25, remainder_fraction=99.6679%, Lmin=-10.03, Lmax=-2.76
09:30:17 [ultranest] [DEBUG] iteration=2067, ncalls=8536, regioncalls=325920, ndraw=40, logz=-17.17, remainder_fraction=99.6433%, Lmin=-9.94, Lmax=-2.76
09:30:18 [ultranest] [DEBUG] iteration=2075, ncalls=8600, regioncalls=328480, ndraw=40, logz=-17.09, remainder_fraction=99.6157%, Lmin=-9.83, Lmax=-2.76
09:30:18 [ultranest] [DEBUG] iteration=2080, ncalls=8637, regioncalls=329960, ndraw=40, logz=-17.04, remainder_fraction=99.6002%, Lmin=-9.78, Lmax=-2.76
09:30:18 [ultranest] [DEBUG] iteration=2089, ncalls=8671, regioncalls=331320, ndraw=40, logz=-16.96, remainder_fraction=99.5541%, Lmin=-9.69, Lmax=-2.76
09:30:18 [ultranest] [DEBUG] iteration=2093, ncalls=8715, regioncalls=333080, ndraw=40, logz=-16.92, remainder_fraction=99.5328%, Lmin=-9.67, Lmax=-2.76
09:30:18 [ultranest] [DEBUG] iteration=2102, ncalls=8766, regioncalls=335120, ndraw=40, logz=-16.84, remainder_fraction=99.4843%, Lmin=-9.62, Lmax=-2.76
09:30:18 [ultranest] [DEBUG] iteration=2110, ncalls=8810, regioncalls=336880, ndraw=40, logz=-16.77, remainder_fraction=99.4383%, Lmin=-9.55, Lmax=-2.76
09:30:18 [ultranest] [DEBUG] iteration=2115, ncalls=8859, regioncalls=338840, ndraw=40, logz=-16.73, remainder_fraction=99.4112%, Lmin=-9.52, Lmax=-2.76
09:30:18 [ultranest] [DEBUG] iteration=2120, ncalls=8894, regioncalls=340240, ndraw=40, logz=-16.69, remainder_fraction=99.3792%, Lmin=-9.51, Lmax=-2.76
09:30:18 [ultranest] [DEBUG] iteration=2126, ncalls=8950, regioncalls=342480, ndraw=40, logz=-16.64, remainder_fraction=99.3432%, Lmin=-9.47, Lmax=-2.76
09:30:19 [ultranest] [DEBUG] iteration=2133, ncalls=9015, regioncalls=345080, ndraw=40, logz=-16.59, remainder_fraction=99.2941%, Lmin=-9.38, Lmax=-2.76
09:30:19 [ultranest] [DEBUG] iteration=2135, ncalls=9067, regioncalls=347160, ndraw=40, logz=-16.57, remainder_fraction=99.2790%, Lmin=-9.38, Lmax=-2.76
09:30:19 [ultranest] [DEBUG] iteration=2140, ncalls=9112, regioncalls=348960, ndraw=40, logz=-16.53, remainder_fraction=99.2580%, Lmin=-9.35, Lmax=-2.76
09:30:19 [ultranest] [DEBUG] iteration=2148, ncalls=9166, regioncalls=351120, ndraw=40, logz=-16.47, remainder_fraction=99.2200%, Lmin=-9.26, Lmax=-2.76
09:30:19 [ultranest] [DEBUG] iteration=2154, ncalls=9232, regioncalls=353760, ndraw=40, logz=-16.43, remainder_fraction=99.1853%, Lmin=-9.23, Lmax=-2.76
09:30:19 [ultranest] [DEBUG] iteration=2158, ncalls=9292, regioncalls=356160, ndraw=40, logz=-16.40, remainder_fraction=99.1543%, Lmin=-9.21, Lmax=-2.76
09:30:19 [ultranest] [DEBUG] iteration=2160, ncalls=9303, regioncalls=356600, ndraw=40, logz=-16.38, remainder_fraction=99.1522%, Lmin=-9.17, Lmax=-2.76
09:30:19 [ultranest] [DEBUG] iteration=2167, ncalls=9356, regioncalls=358720, ndraw=40, logz=-16.33, remainder_fraction=99.1022%, Lmin=-9.10, Lmax=-2.76
09:30:19 [ultranest] [DEBUG] iteration=2175, ncalls=9414, regioncalls=361040, ndraw=40, logz=-16.28, remainder_fraction=99.0511%, Lmin=-9.05, Lmax=-2.76
09:30:20 [ultranest] [DEBUG] iteration=2181, ncalls=9486, regioncalls=363920, ndraw=40, logz=-16.23, remainder_fraction=98.9955%, Lmin=-9.01, Lmax=-2.76
09:30:20 [ultranest] [DEBUG] iteration=2189, ncalls=9529, regioncalls=365640, ndraw=40, logz=-16.18, remainder_fraction=98.9302%, Lmin=-8.95, Lmax=-2.76
09:30:20 [ultranest] [DEBUG] iteration=2193, ncalls=9618, regioncalls=369200, ndraw=40, logz=-16.15, remainder_fraction=98.9011%, Lmin=-8.94, Lmax=-2.76
09:30:20 [ultranest] [DEBUG] iteration=2198, ncalls=9673, regioncalls=371400, ndraw=40, logz=-16.12, remainder_fraction=98.8623%, Lmin=-8.92, Lmax=-2.76
09:30:20 [ultranest] [DEBUG] iteration=2200, ncalls=9690, regioncalls=372080, ndraw=40, logz=-16.11, remainder_fraction=98.8418%, Lmin=-8.91, Lmax=-2.76
09:30:20 [ultranest] [DEBUG] iteration=2208, ncalls=9744, regioncalls=374240, ndraw=40, logz=-16.06, remainder_fraction=98.7715%, Lmin=-8.87, Lmax=-2.76
09:30:20 [ultranest] [DEBUG] iteration=2213, ncalls=9805, regioncalls=376680, ndraw=40, logz=-16.03, remainder_fraction=98.7294%, Lmin=-8.85, Lmax=-2.76
09:30:20 [ultranest] [DEBUG] iteration=2223, ncalls=9858, regioncalls=378800, ndraw=40, logz=-15.97, remainder_fraction=98.6623%, Lmin=-8.75, Lmax=-2.76
09:30:20 [ultranest] [DEBUG] iteration=2230, ncalls=9929, regioncalls=381640, ndraw=40, logz=-15.92, remainder_fraction=98.5947%, Lmin=-8.66, Lmax=-2.76
09:30:20 [ultranest] [DEBUG] iteration=2233, ncalls=9984, regioncalls=383840, ndraw=40, logz=-15.91, remainder_fraction=98.5999%, Lmin=-8.61, Lmax=-2.76
09:30:21 [ultranest] [DEBUG] iteration=2240, ncalls=10023, regioncalls=385400, ndraw=40, logz=-15.86, remainder_fraction=98.5174%, Lmin=-8.55, Lmax=-2.76
09:30:21 [ultranest] [DEBUG] iteration=2250, ncalls=10076, regioncalls=387520, ndraw=40, logz=-15.80, remainder_fraction=98.4032%, Lmin=-8.47, Lmax=-2.76
09:30:21 [ultranest] [DEBUG] iteration=2255, ncalls=10129, regioncalls=389640, ndraw=40, logz=-15.77, remainder_fraction=98.3441%, Lmin=-8.43, Lmax=-2.76
09:30:21 [ultranest] [DEBUG] iteration=2257, ncalls=10138, regioncalls=390120, ndraw=40, logz=-15.76, remainder_fraction=98.3154%, Lmin=-8.42, Lmax=-2.76
09:30:21 [ultranest] [DEBUG] iteration=2265, ncalls=10182, regioncalls=391920, ndraw=40, logz=-15.71, remainder_fraction=98.2057%, Lmin=-8.31, Lmax=-2.76
09:30:21 [ultranest] [DEBUG] iteration=2276, ncalls=10232, regioncalls=393920, ndraw=40, logz=-15.64, remainder_fraction=98.1322%, Lmin=-8.26, Lmax=-2.76
09:30:21 [ultranest] [DEBUG] iteration=2280, ncalls=10258, regioncalls=394960, ndraw=40, logz=-15.61, remainder_fraction=98.1092%, Lmin=-8.22, Lmax=-2.76
09:30:21 [ultranest] [DEBUG] iteration=2288, ncalls=10304, regioncalls=396800, ndraw=40, logz=-15.57, remainder_fraction=97.9912%, Lmin=-8.18, Lmax=-2.76
09:30:21 [ultranest] [DEBUG] iteration=2296, ncalls=10354, regioncalls=398800, ndraw=40, logz=-15.52, remainder_fraction=97.8667%, Lmin=-8.07, Lmax=-2.76
09:30:21 [ultranest] [DEBUG] iteration=2311, ncalls=10408, regioncalls=400960, ndraw=40, logz=-15.43, remainder_fraction=97.6692%, Lmin=-7.96, Lmax=-2.73
09:30:21 [ultranest] [DEBUG] iteration=2320, ncalls=10444, regioncalls=402400, ndraw=40, logz=-15.37, remainder_fraction=97.6181%, Lmin=-7.86, Lmax=-2.73
09:30:22 [ultranest] [DEBUG] iteration=2328, ncalls=10502, regioncalls=404720, ndraw=40, logz=-15.33, remainder_fraction=97.5055%, Lmin=-7.81, Lmax=-2.73
09:30:22 [ultranest] [DEBUG] iteration=2335, ncalls=10563, regioncalls=407160, ndraw=40, logz=-15.28, remainder_fraction=97.4120%, Lmin=-7.76, Lmax=-2.73
09:30:22 [ultranest] [DEBUG] iteration=2345, ncalls=10617, regioncalls=409320, ndraw=40, logz=-15.22, remainder_fraction=97.2129%, Lmin=-7.63, Lmax=-2.73
09:30:22 [ultranest] [DEBUG] iteration=2352, ncalls=10676, regioncalls=411680, ndraw=40, logz=-15.18, remainder_fraction=97.1015%, Lmin=-7.57, Lmax=-2.73
09:30:22 [ultranest] [DEBUG] iteration=2360, ncalls=10727, regioncalls=413720, ndraw=40, logz=-15.13, remainder_fraction=96.9189%, Lmin=-7.55, Lmax=-2.73
09:30:22 [ultranest] [DEBUG] iteration=2371, ncalls=10778, regioncalls=415760, ndraw=40, logz=-15.07, remainder_fraction=96.7089%, Lmin=-7.47, Lmax=-2.73
09:30:22 [ultranest] [DEBUG] iteration=2382, ncalls=10829, regioncalls=417800, ndraw=40, logz=-15.01, remainder_fraction=96.4857%, Lmin=-7.37, Lmax=-2.73
09:30:22 [ultranest] [DEBUG] iteration=2393, ncalls=10881, regioncalls=419880, ndraw=40, logz=-14.95, remainder_fraction=96.1969%, Lmin=-7.26, Lmax=-2.73
09:30:22 [ultranest] [DEBUG] iteration=2400, ncalls=10945, regioncalls=422440, ndraw=40, logz=-14.91, remainder_fraction=96.0499%, Lmin=-7.20, Lmax=-2.73
09:30:23 [ultranest] [DEBUG] iteration=2404, ncalls=11003, regioncalls=424760, ndraw=40, logz=-14.88, remainder_fraction=95.9420%, Lmin=-7.17, Lmax=-2.73
09:30:23 [ultranest] [DEBUG] iteration=2407, ncalls=11017, regioncalls=425400, ndraw=40, logz=-14.87, remainder_fraction=95.8417%, Lmin=-7.17, Lmax=-2.73
09:30:23 [ultranest] [DEBUG] iteration=2420, ncalls=11068, regioncalls=427560, ndraw=40, logz=-14.79, remainder_fraction=95.6462%, Lmin=-7.04, Lmax=-2.67
09:30:23 [ultranest] [DEBUG] iteration=2432, ncalls=11128, regioncalls=429960, ndraw=40, logz=-14.72, remainder_fraction=95.2704%, Lmin=-6.87, Lmax=-2.67
09:30:23 [ultranest] [DEBUG] iteration=2438, ncalls=11188, regioncalls=432360, ndraw=40, logz=-14.68, remainder_fraction=95.0899%, Lmin=-6.74, Lmax=-2.67
09:30:23 [ultranest] [DEBUG] iteration=2440, ncalls=11195, regioncalls=432640, ndraw=40, logz=-14.67, remainder_fraction=95.0281%, Lmin=-6.72, Lmax=-2.67
09:30:23 [ultranest] [DEBUG] iteration=2455, ncalls=11243, regioncalls=434560, ndraw=40, logz=-14.57, remainder_fraction=94.5090%, Lmin=-6.62, Lmax=-2.67
09:30:23 [ultranest] [DEBUG] iteration=2460, ncalls=11296, regioncalls=436680, ndraw=40, logz=-14.54, remainder_fraction=94.2838%, Lmin=-6.56, Lmax=-2.67
09:30:23 [ultranest] [DEBUG] iteration=2468, ncalls=11344, regioncalls=438600, ndraw=40, logz=-14.49, remainder_fraction=93.9313%, Lmin=-6.50, Lmax=-2.67
09:30:23 [ultranest] [DEBUG] iteration=2478, ncalls=11396, regioncalls=440680, ndraw=40, logz=-14.43, remainder_fraction=93.6641%, Lmin=-6.42, Lmax=-2.67
09:30:23 [ultranest] [DEBUG] iteration=2480, ncalls=11409, regioncalls=441200, ndraw=40, logz=-14.42, remainder_fraction=93.5794%, Lmin=-6.41, Lmax=-2.67
09:30:23 [ultranest] [DEBUG] iteration=2482, ncalls=11417, regioncalls=441600, ndraw=40, logz=-14.41, remainder_fraction=93.5065%, Lmin=-6.40, Lmax=-2.67
09:30:24 [ultranest] [DEBUG] iteration=2495, ncalls=11462, regioncalls=443400, ndraw=40, logz=-14.33, remainder_fraction=92.9491%, Lmin=-6.32, Lmax=-2.67
09:30:24 [ultranest] [DEBUG] iteration=2506, ncalls=11511, regioncalls=445360, ndraw=40, logz=-14.26, remainder_fraction=92.4085%, Lmin=-6.27, Lmax=-2.67
09:30:24 [ultranest] [DEBUG] iteration=2515, ncalls=11553, regioncalls=447040, ndraw=40, logz=-14.21, remainder_fraction=92.1592%, Lmin=-6.20, Lmax=-2.67
09:30:24 [ultranest] [DEBUG] iteration=2520, ncalls=11574, regioncalls=447880, ndraw=40, logz=-14.19, remainder_fraction=91.9109%, Lmin=-6.18, Lmax=-2.67
09:30:24 [ultranest] [DEBUG] iteration=2532, ncalls=11621, regioncalls=449760, ndraw=40, logz=-14.12, remainder_fraction=91.3203%, Lmin=-6.11, Lmax=-2.67
09:30:24 [ultranest] [DEBUG] iteration=2544, ncalls=11671, regioncalls=451760, ndraw=40, logz=-14.06, remainder_fraction=90.8917%, Lmin=-6.03, Lmax=-2.67
09:30:24 [ultranest] [DEBUG] iteration=2557, ncalls=11716, regioncalls=453560, ndraw=40, logz=-13.99, remainder_fraction=90.2211%, Lmin=-5.95, Lmax=-2.67
09:30:24 [ultranest] [DEBUG] iteration=2560, ncalls=11720, regioncalls=453760, ndraw=40, logz=-13.98, remainder_fraction=90.1394%, Lmin=-5.93, Lmax=-2.67
09:30:24 [ultranest] [DEBUG] iteration=2575, ncalls=11752, regioncalls=455040, ndraw=40, logz=-13.90, remainder_fraction=89.3760%, Lmin=-5.86, Lmax=-2.67
09:30:24 [ultranest] [DEBUG] iteration=2592, ncalls=11789, regioncalls=456520, ndraw=40, logz=-13.82, remainder_fraction=88.4971%, Lmin=-5.75, Lmax=-2.67
09:30:24 [ultranest] [DEBUG] iteration=2600, ncalls=11812, regioncalls=457440, ndraw=40, logz=-13.79, remainder_fraction=88.1740%, Lmin=-5.72, Lmax=-2.67
09:30:25 [ultranest] [DEBUG] iteration=2621, ncalls=11853, regioncalls=459080, ndraw=40, logz=-13.69, remainder_fraction=86.6886%, Lmin=-5.62, Lmax=-2.67
09:30:25 [ultranest] [DEBUG] iteration=2632, ncalls=11894, regioncalls=460760, ndraw=40, logz=-13.65, remainder_fraction=86.1934%, Lmin=-5.58, Lmax=-2.67
09:30:25 [ultranest] [DEBUG] iteration=2640, ncalls=11917, regioncalls=461680, ndraw=40, logz=-13.61, remainder_fraction=85.6917%, Lmin=-5.54, Lmax=-2.67
09:30:25 [ultranest] [DEBUG] iteration=2655, ncalls=11957, regioncalls=463280, ndraw=40, logz=-13.55, remainder_fraction=84.8659%, Lmin=-5.46, Lmax=-2.67
09:30:25 [ultranest] [DEBUG] iteration=2668, ncalls=11999, regioncalls=464960, ndraw=40, logz=-13.50, remainder_fraction=83.8399%, Lmin=-5.40, Lmax=-2.67
09:30:25 [ultranest] [DEBUG] iteration=2680, ncalls=12027, regioncalls=466080, ndraw=40, logz=-13.46, remainder_fraction=83.0624%, Lmin=-5.31, Lmax=-2.67
09:30:25 [ultranest] [DEBUG] iteration=2699, ncalls=12065, regioncalls=467600, ndraw=40, logz=-13.38, remainder_fraction=81.7043%, Lmin=-5.22, Lmax=-2.67
09:30:25 [ultranest] [DEBUG] iteration=2707, ncalls=12085, regioncalls=468440, ndraw=40, logz=-13.36, remainder_fraction=81.1814%, Lmin=-5.19, Lmax=-2.67
09:30:25 [ultranest] [DEBUG] iteration=2720, ncalls=12119, regioncalls=469800, ndraw=40, logz=-13.31, remainder_fraction=80.2132%, Lmin=-5.11, Lmax=-2.67
09:30:25 [ultranest] [DEBUG] iteration=2735, ncalls=12158, regioncalls=471360, ndraw=40, logz=-13.26, remainder_fraction=79.0012%, Lmin=-5.07, Lmax=-2.67
09:30:25 [ultranest] [DEBUG] iteration=2752, ncalls=12199, regioncalls=473000, ndraw=40, logz=-13.20, remainder_fraction=77.5885%, Lmin=-4.98, Lmax=-2.67
09:30:26 [ultranest] [DEBUG] iteration=2760, ncalls=12216, regioncalls=473680, ndraw=40, logz=-13.17, remainder_fraction=76.9722%, Lmin=-4.94, Lmax=-2.67
09:30:26 [ultranest] [DEBUG] iteration=2776, ncalls=12263, regioncalls=475560, ndraw=40, logz=-13.12, remainder_fraction=75.6490%, Lmin=-4.86, Lmax=-2.67
09:30:26 [ultranest] [DEBUG] iteration=2787, ncalls=12302, regioncalls=477120, ndraw=40, logz=-13.08, remainder_fraction=74.6377%, Lmin=-4.83, Lmax=-2.67
09:30:26 [ultranest] [DEBUG] iteration=2800, ncalls=12346, regioncalls=478880, ndraw=40, logz=-13.04, remainder_fraction=73.6122%, Lmin=-4.77, Lmax=-2.60
09:30:26 [ultranest] [DEBUG] iteration=2812, ncalls=12392, regioncalls=480720, ndraw=40, logz=-13.01, remainder_fraction=72.7265%, Lmin=-4.69, Lmax=-2.60
09:30:26 [ultranest] [DEBUG] iteration=2827, ncalls=12444, regioncalls=482800, ndraw=40, logz=-12.96, remainder_fraction=71.5175%, Lmin=-4.64, Lmax=-2.60
09:30:26 [ultranest] [DEBUG] iteration=2840, ncalls=12484, regioncalls=484400, ndraw=40, logz=-12.92, remainder_fraction=70.2040%, Lmin=-4.58, Lmax=-2.60
09:30:26 [ultranest] [DEBUG] iteration=2857, ncalls=12519, regioncalls=485840, ndraw=40, logz=-12.88, remainder_fraction=68.9884%, Lmin=-4.53, Lmax=-2.60
09:30:26 [ultranest] [DEBUG] iteration=2867, ncalls=12560, regioncalls=487480, ndraw=40, logz=-12.85, remainder_fraction=67.9952%, Lmin=-4.51, Lmax=-2.60
09:30:26 [ultranest] [DEBUG] iteration=2880, ncalls=12584, regioncalls=488480, ndraw=40, logz=-12.81, remainder_fraction=66.6994%, Lmin=-4.47, Lmax=-2.60
09:30:27 [ultranest] [DEBUG] iteration=2897, ncalls=12635, regioncalls=490520, ndraw=40, logz=-12.77, remainder_fraction=65.3925%, Lmin=-4.43, Lmax=-2.60
09:30:27 [ultranest] [DEBUG] iteration=2916, ncalls=12678, regioncalls=492240, ndraw=40, logz=-12.73, remainder_fraction=63.6023%, Lmin=-4.37, Lmax=-2.60
09:30:27 [ultranest] [DEBUG] iteration=2920, ncalls=12690, regioncalls=492720, ndraw=40, logz=-12.72, remainder_fraction=63.1844%, Lmin=-4.35, Lmax=-2.60
09:30:27 [ultranest] [DEBUG] iteration=2932, ncalls=12725, regioncalls=494160, ndraw=40, logz=-12.69, remainder_fraction=62.2426%, Lmin=-4.31, Lmax=-2.60
09:30:27 [ultranest] [DEBUG] iteration=2952, ncalls=12758, regioncalls=495480, ndraw=40, logz=-12.64, remainder_fraction=60.2915%, Lmin=-4.26, Lmax=-2.60
09:30:27 [ultranest] [DEBUG] iteration=2960, ncalls=12786, regioncalls=496600, ndraw=40, logz=-12.63, remainder_fraction=59.6030%, Lmin=-4.24, Lmax=-2.60
09:30:27 [ultranest] [DEBUG] iteration=2982, ncalls=12827, regioncalls=498240, ndraw=40, logz=-12.58, remainder_fraction=57.5100%, Lmin=-4.14, Lmax=-2.60
09:30:27 [ultranest] [DEBUG] iteration=3000, ncalls=12870, regioncalls=500000, ndraw=40, logz=-12.54, remainder_fraction=55.9920%, Lmin=-4.06, Lmax=-2.60
09:30:27 [ultranest] [DEBUG] iteration=3007, ncalls=12887, regioncalls=500720, ndraw=40, logz=-12.53, remainder_fraction=55.3316%, Lmin=-4.05, Lmax=-2.60
09:30:27 [ultranest] [DEBUG] iteration=3021, ncalls=12923, regioncalls=502160, ndraw=40, logz=-12.50, remainder_fraction=54.3102%, Lmin=-4.02, Lmax=-2.57
09:30:27 [ultranest] [DEBUG] iteration=3040, ncalls=12959, regioncalls=503600, ndraw=40, logz=-12.47, remainder_fraction=52.6453%, Lmin=-4.00, Lmax=-2.57
09:30:27 [ultranest] [DEBUG] iteration=3057, ncalls=13003, regioncalls=505440, ndraw=40, logz=-12.44, remainder_fraction=51.1979%, Lmin=-3.96, Lmax=-2.57
09:30:28 [ultranest] [DEBUG] iteration=3070, ncalls=13050, regioncalls=507360, ndraw=40, logz=-12.41, remainder_fraction=50.1945%, Lmin=-3.90, Lmax=-2.57
09:30:28 [ultranest] [DEBUG] iteration=3080, ncalls=13072, regioncalls=508240, ndraw=40, logz=-12.40, remainder_fraction=49.3331%, Lmin=-3.89, Lmax=-2.57
09:30:28 [ultranest] [DEBUG] iteration=3082, ncalls=13079, regioncalls=508560, ndraw=40, logz=-12.39, remainder_fraction=49.2120%, Lmin=-3.89, Lmax=-2.57
09:30:28 [ultranest] [DEBUG] iteration=3102, ncalls=13119, regioncalls=510160, ndraw=40, logz=-12.36, remainder_fraction=47.5468%, Lmin=-3.86, Lmax=-2.57
09:30:28 [ultranest] [DEBUG] iteration=3119, ncalls=13159, regioncalls=511760, ndraw=40, logz=-12.34, remainder_fraction=46.1397%, Lmin=-3.81, Lmax=-2.57
09:30:28 [ultranest] [DEBUG] iteration=3120, ncalls=13160, regioncalls=511800, ndraw=40, logz=-12.33, remainder_fraction=46.0589%, Lmin=-3.81, Lmax=-2.57
09:30:28 [ultranest] [DEBUG] iteration=3135, ncalls=13204, regioncalls=513560, ndraw=40, logz=-12.31, remainder_fraction=44.7666%, Lmin=-3.77, Lmax=-2.57
09:30:28 [ultranest] [DEBUG] iteration=3154, ncalls=13241, regioncalls=515040, ndraw=40, logz=-12.28, remainder_fraction=43.1574%, Lmin=-3.72, Lmax=-2.57
09:30:28 [ultranest] [DEBUG] iteration=3157, ncalls=13244, regioncalls=515200, ndraw=40, logz=-12.28, remainder_fraction=43.0266%, Lmin=-3.72, Lmax=-2.57
09:30:28 [ultranest] [DEBUG] iteration=3160, ncalls=13252, regioncalls=515520, ndraw=40, logz=-12.28, remainder_fraction=42.7478%, Lmin=-3.71, Lmax=-2.57
09:30:28 [ultranest] [DEBUG] iteration=3177, ncalls=13289, regioncalls=517000, ndraw=40, logz=-12.25, remainder_fraction=41.4094%, Lmin=-3.67, Lmax=-2.57
09:30:28 [ultranest] [DEBUG] iteration=3189, ncalls=13331, regioncalls=518680, ndraw=40, logz=-12.24, remainder_fraction=40.4543%, Lmin=-3.65, Lmax=-2.57
09:30:28 [ultranest] [DEBUG] iteration=3200, ncalls=13369, regioncalls=520200, ndraw=40, logz=-12.22, remainder_fraction=39.5983%, Lmin=-3.63, Lmax=-2.57
09:30:29 [ultranest] [DEBUG] iteration=3216, ncalls=13409, regioncalls=521800, ndraw=40, logz=-12.20, remainder_fraction=38.4331%, Lmin=-3.60, Lmax=-2.57
09:30:29 [ultranest] [DEBUG] iteration=3232, ncalls=13445, regioncalls=523280, ndraw=40, logz=-12.18, remainder_fraction=37.3054%, Lmin=-3.56, Lmax=-2.57
09:30:29 [ultranest] [DEBUG] iteration=3240, ncalls=13459, regioncalls=523840, ndraw=40, logz=-12.17, remainder_fraction=36.7234%, Lmin=-3.56, Lmax=-2.57
09:30:29 [ultranest] [DEBUG] iteration=3257, ncalls=13497, regioncalls=525360, ndraw=40, logz=-12.16, remainder_fraction=35.5318%, Lmin=-3.51, Lmax=-2.57
09:30:29 [ultranest] [DEBUG] iteration=3276, ncalls=13538, regioncalls=527000, ndraw=40, logz=-12.13, remainder_fraction=34.2239%, Lmin=-3.49, Lmax=-2.55
09:30:29 [ultranest] [DEBUG] iteration=3280, ncalls=13548, regioncalls=527400, ndraw=40, logz=-12.13, remainder_fraction=33.9499%, Lmin=-3.48, Lmax=-2.55
09:30:29 [ultranest] [DEBUG] iteration=3299, ncalls=13594, regioncalls=529240, ndraw=40, logz=-12.11, remainder_fraction=32.5699%, Lmin=-3.46, Lmax=-2.55
09:30:29 [ultranest] [DEBUG] iteration=3307, ncalls=13609, regioncalls=529880, ndraw=40, logz=-12.10, remainder_fraction=32.0080%, Lmin=-3.45, Lmax=-2.55
09:30:29 [ultranest] [DEBUG] iteration=3320, ncalls=13639, regioncalls=531120, ndraw=40, logz=-12.09, remainder_fraction=31.0945%, Lmin=-3.42, Lmax=-2.55
09:30:29 [ultranest] [DEBUG] iteration=3340, ncalls=13677, regioncalls=532640, ndraw=40, logz=-12.07, remainder_fraction=29.7953%, Lmin=-3.40, Lmax=-2.55
09:30:29 [ultranest] [DEBUG] iteration=3356, ncalls=13720, regioncalls=534360, ndraw=40, logz=-12.06, remainder_fraction=28.8123%, Lmin=-3.38, Lmax=-2.55
09:30:29 [ultranest] [DEBUG] iteration=3360, ncalls=13730, regioncalls=534760, ndraw=40, logz=-12.05, remainder_fraction=28.5252%, Lmin=-3.37, Lmax=-2.55
09:30:30 [ultranest] [DEBUG] iteration=3378, ncalls=13768, regioncalls=536280, ndraw=40, logz=-12.04, remainder_fraction=27.4582%, Lmin=-3.35, Lmax=-2.55
09:30:30 [ultranest] [DEBUG] iteration=3382, ncalls=13773, regioncalls=536520, ndraw=40, logz=-12.04, remainder_fraction=27.2183%, Lmin=-3.34, Lmax=-2.55
09:30:30 [ultranest] [DEBUG] iteration=3400, ncalls=13801, regioncalls=537640, ndraw=40, logz=-12.02, remainder_fraction=26.1616%, Lmin=-3.32, Lmax=-2.55
09:30:30 [ultranest] [DEBUG] iteration=3418, ncalls=13838, regioncalls=539120, ndraw=40, logz=-12.01, remainder_fraction=25.0924%, Lmin=-3.30, Lmax=-2.55
09:30:30 [ultranest] [DEBUG] iteration=3431, ncalls=13880, regioncalls=540800, ndraw=40, logz=-12.00, remainder_fraction=24.4146%, Lmin=-3.29, Lmax=-2.55
09:30:30 [ultranest] [DEBUG] iteration=3440, ncalls=13897, regioncalls=541480, ndraw=40, logz=-11.99, remainder_fraction=23.9445%, Lmin=-3.28, Lmax=-2.55
09:30:30 [ultranest] [DEBUG] iteration=3455, ncalls=13932, regioncalls=542880, ndraw=40, logz=-11.98, remainder_fraction=23.1403%, Lmin=-3.25, Lmax=-2.55
09:30:30 [ultranest] [DEBUG] iteration=3457, ncalls=13938, regioncalls=543160, ndraw=40, logz=-11.98, remainder_fraction=23.0469%, Lmin=-3.25, Lmax=-2.55
09:30:30 [ultranest] [DEBUG] iteration=3479, ncalls=13969, regioncalls=544400, ndraw=40, logz=-11.97, remainder_fraction=21.9780%, Lmin=-3.23, Lmax=-2.55
09:30:30 [ultranest] [DEBUG] iteration=3480, ncalls=13974, regioncalls=544600, ndraw=40, logz=-11.97, remainder_fraction=21.9382%, Lmin=-3.22, Lmax=-2.55
09:30:30 [ultranest] [DEBUG] iteration=3496, ncalls=14026, regioncalls=546680, ndraw=40, logz=-11.96, remainder_fraction=21.0831%, Lmin=-3.19, Lmax=-2.55
09:30:30 [ultranest] [DEBUG] iteration=3515, ncalls=14070, regioncalls=548440, ndraw=40, logz=-11.95, remainder_fraction=20.1071%, Lmin=-3.17, Lmax=-2.55
09:30:30 [ultranest] [DEBUG] iteration=3520, ncalls=14084, regioncalls=549000, ndraw=40, logz=-11.94, remainder_fraction=19.8793%, Lmin=-3.16, Lmax=-2.55
09:30:30 [ultranest] [DEBUG] iteration=3532, ncalls=14107, regioncalls=549960, ndraw=40, logz=-11.94, remainder_fraction=19.3506%, Lmin=-3.15, Lmax=-2.55
09:30:31 [ultranest] [DEBUG] iteration=3551, ncalls=14143, regioncalls=551440, ndraw=40, logz=-11.92, remainder_fraction=18.5079%, Lmin=-3.12, Lmax=-2.55
09:30:31 [ultranest] [DEBUG] iteration=3560, ncalls=14159, regioncalls=552080, ndraw=40, logz=-11.92, remainder_fraction=18.1349%, Lmin=-3.10, Lmax=-2.55
09:30:31 [ultranest] [DEBUG] iteration=3579, ncalls=14205, regioncalls=553920, ndraw=40, logz=-11.91, remainder_fraction=17.3313%, Lmin=-3.08, Lmax=-2.55
09:30:31 [ultranest] [DEBUG] iteration=3598, ncalls=14251, regioncalls=555760, ndraw=40, logz=-11.90, remainder_fraction=16.5332%, Lmin=-3.06, Lmax=-2.55
09:30:31 [ultranest] [DEBUG] iteration=3600, ncalls=14254, regioncalls=555880, ndraw=40, logz=-11.90, remainder_fraction=16.4579%, Lmin=-3.06, Lmax=-2.55
09:30:31 [ultranest] [DEBUG] iteration=3607, ncalls=14272, regioncalls=556640, ndraw=40, logz=-11.90, remainder_fraction=16.1803%, Lmin=-3.05, Lmax=-2.55
09:30:31 [ultranest] [DEBUG] iteration=3625, ncalls=14310, regioncalls=558160, ndraw=40, logz=-11.89, remainder_fraction=15.4668%, Lmin=-3.05, Lmax=-2.55
09:30:31 [ultranest] [DEBUG] iteration=3640, ncalls=14330, regioncalls=558960, ndraw=40, logz=-11.88, remainder_fraction=14.9007%, Lmin=-3.03, Lmax=-2.55
09:30:31 [ultranest] [DEBUG] iteration=3656, ncalls=14370, regioncalls=560560, ndraw=40, logz=-11.87, remainder_fraction=14.3295%, Lmin=-3.01, Lmax=-2.55
09:30:31 [ultranest] [DEBUG] iteration=3673, ncalls=14416, regioncalls=562400, ndraw=40, logz=-11.87, remainder_fraction=13.7447%, Lmin=-3.00, Lmax=-2.55
09:30:31 [ultranest] [DEBUG] iteration=3680, ncalls=14429, regioncalls=562920, ndraw=40, logz=-11.86, remainder_fraction=13.5036%, Lmin=-2.99, Lmax=-2.55
09:30:31 [ultranest] [DEBUG] iteration=3682, ncalls=14432, regioncalls=563120, ndraw=40, logz=-11.86, remainder_fraction=13.4381%, Lmin=-2.99, Lmax=-2.55
09:30:31 [ultranest] [DEBUG] iteration=3698, ncalls=14470, regioncalls=564640, ndraw=40, logz=-11.86, remainder_fraction=12.9178%, Lmin=-2.98, Lmax=-2.55
09:30:32 [ultranest] [DEBUG] iteration=3720, ncalls=14507, regioncalls=566160, ndraw=40, logz=-11.85, remainder_fraction=12.2192%, Lmin=-2.96, Lmax=-2.55
09:30:32 [ultranest] [DEBUG] iteration=3737, ncalls=14552, regioncalls=567960, ndraw=40, logz=-11.84, remainder_fraction=11.7307%, Lmin=-2.95, Lmax=-2.55
09:30:32 [ultranest] [DEBUG] iteration=3757, ncalls=14592, regioncalls=569600, ndraw=40, logz=-11.84, remainder_fraction=11.1410%, Lmin=-2.93, Lmax=-2.55
09:30:32 [ultranest] [DEBUG] iteration=3760, ncalls=14602, regioncalls=570080, ndraw=40, logz=-11.84, remainder_fraction=11.0549%, Lmin=-2.93, Lmax=-2.55
09:30:32 [ultranest] [DEBUG] iteration=3781, ncalls=14638, regioncalls=571520, ndraw=40, logz=-11.83, remainder_fraction=10.4762%, Lmin=-2.92, Lmax=-2.55
09:30:32 [ultranest] [DEBUG] iteration=3800, ncalls=14669, regioncalls=572760, ndraw=40, logz=-11.82, remainder_fraction=9.9774%, Lmin=-2.90, Lmax=-2.55
09:30:32 [ultranest] [DEBUG] iteration=3820, ncalls=14710, regioncalls=574400, ndraw=40, logz=-11.82, remainder_fraction=9.4707%, Lmin=-2.88, Lmax=-2.55
09:30:32 [ultranest] [DEBUG] iteration=3832, ncalls=14738, regioncalls=575560, ndraw=40, logz=-11.82, remainder_fraction=9.1783%, Lmin=-2.87, Lmax=-2.54
09:30:32 [ultranest] [DEBUG] iteration=3840, ncalls=14756, regioncalls=576280, ndraw=40, logz=-11.81, remainder_fraction=8.9885%, Lmin=-2.87, Lmax=-2.54
09:30:32 [ultranest] [DEBUG] iteration=3858, ncalls=14792, regioncalls=577720, ndraw=40, logz=-11.81, remainder_fraction=8.5691%, Lmin=-2.85, Lmax=-2.54
09:30:32 [ultranest] [DEBUG] iteration=3874, ncalls=14833, regioncalls=579360, ndraw=40, logz=-11.80, remainder_fraction=8.2258%, Lmin=-2.85, Lmax=-2.54
09:30:32 [ultranest] [DEBUG] iteration=3880, ncalls=14844, regioncalls=579800, ndraw=40, logz=-11.80, remainder_fraction=8.0991%, Lmin=-2.84, Lmax=-2.54
09:30:33 [ultranest] [DEBUG] iteration=3894, ncalls=14888, regioncalls=581560, ndraw=40, logz=-11.80, remainder_fraction=7.8024%, Lmin=-2.83, Lmax=-2.54
09:30:33 [ultranest] [DEBUG] iteration=3906, ncalls=14929, regioncalls=583200, ndraw=40, logz=-11.80, remainder_fraction=7.5587%, Lmin=-2.82, Lmax=-2.54
09:30:33 [ultranest] [DEBUG] iteration=3907, ncalls=14931, regioncalls=583440, ndraw=40, logz=-11.80, remainder_fraction=7.5375%, Lmin=-2.82, Lmax=-2.54
09:30:33 [ultranest] [DEBUG] iteration=3920, ncalls=14954, regioncalls=584360, ndraw=40, logz=-11.79, remainder_fraction=7.2791%, Lmin=-2.82, Lmax=-2.54
09:30:33 [ultranest] [DEBUG] iteration=3944, ncalls=14987, regioncalls=585680, ndraw=40, logz=-11.79, remainder_fraction=6.8210%, Lmin=-2.81, Lmax=-2.54
09:30:33 [ultranest] [DEBUG] iteration=3960, ncalls=15024, regioncalls=587160, ndraw=40, logz=-11.79, remainder_fraction=6.5354%, Lmin=-2.80, Lmax=-2.54
09:30:33 [ultranest] [DEBUG] iteration=3980, ncalls=15064, regioncalls=588760, ndraw=40, logz=-11.78, remainder_fraction=6.1975%, Lmin=-2.79, Lmax=-2.54
09:30:33 [ultranest] [DEBUG] iteration=3982, ncalls=15066, regioncalls=588920, ndraw=40, logz=-11.78, remainder_fraction=6.1630%, Lmin=-2.79, Lmax=-2.54
09:30:33 [ultranest] [DEBUG] iteration=4000, ncalls=15099, regioncalls=590240, ndraw=40, logz=-11.78, remainder_fraction=5.8634%, Lmin=-2.78, Lmax=-2.54
09:30:33 [ultranest] [DEBUG] iteration=4023, ncalls=15137, regioncalls=591760, ndraw=40, logz=-11.78, remainder_fraction=5.5015%, Lmin=-2.77, Lmax=-2.54
09:30:33 [ultranest] [DEBUG] iteration=4040, ncalls=15167, regioncalls=592960, ndraw=40, logz=-11.77, remainder_fraction=5.2443%, Lmin=-2.76, Lmax=-2.54
09:30:33 [ultranest] [DEBUG] iteration=4059, ncalls=15201, regioncalls=594320, ndraw=40, logz=-11.77, remainder_fraction=4.9827%, Lmin=-2.76, Lmax=-2.54
09:30:34 [ultranest] [DEBUG] iteration=4079, ncalls=15241, regioncalls=595920, ndraw=40, logz=-11.77, remainder_fraction=4.7206%, Lmin=-2.75, Lmax=-2.54
09:30:34 [ultranest] [DEBUG] iteration=4080, ncalls=15242, regioncalls=595960, ndraw=40, logz=-11.77, remainder_fraction=4.7071%, Lmin=-2.75, Lmax=-2.54
09:30:34 [ultranest] [DEBUG] iteration=4098, ncalls=15287, regioncalls=597760, ndraw=40, logz=-11.76, remainder_fraction=4.4773%, Lmin=-2.74, Lmax=-2.54
09:30:34 [ultranest] [DEBUG] iteration=4117, ncalls=15332, regioncalls=599560, ndraw=40, logz=-11.76, remainder_fraction=4.2467%, Lmin=-2.73, Lmax=-2.54
09:30:34 [ultranest] [DEBUG] iteration=4120, ncalls=15338, regioncalls=599800, ndraw=40, logz=-11.76, remainder_fraction=4.2105%, Lmin=-2.73, Lmax=-2.54
09:30:34 [ultranest] [DEBUG] iteration=4132, ncalls=15368, regioncalls=601040, ndraw=40, logz=-11.76, remainder_fraction=4.0730%, Lmin=-2.72, Lmax=-2.54
09:30:34 [ultranest] [DEBUG] iteration=4152, ncalls=15402, regioncalls=602400, ndraw=40, logz=-11.76, remainder_fraction=3.8526%, Lmin=-2.72, Lmax=-2.54
09:30:34 [ultranest] [DEBUG] iteration=4160, ncalls=15415, regioncalls=602920, ndraw=40, logz=-11.76, remainder_fraction=3.7654%, Lmin=-2.71, Lmax=-2.54
09:30:34 [ultranest] [DEBUG] iteration=4185, ncalls=15448, regioncalls=604240, ndraw=40, logz=-11.75, remainder_fraction=3.5073%, Lmin=-2.71, Lmax=-2.54
09:30:34 [ultranest] [DEBUG] iteration=4200, ncalls=15484, regioncalls=605680, ndraw=40, logz=-11.75, remainder_fraction=3.3646%, Lmin=-2.70, Lmax=-2.54
09:30:34 [ultranest] [DEBUG] iteration=4207, ncalls=15498, regioncalls=606320, ndraw=40, logz=-11.75, remainder_fraction=3.2990%, Lmin=-2.70, Lmax=-2.54
09:30:34 [ultranest] [DEBUG] iteration=4231, ncalls=15530, regioncalls=607600, ndraw=40, logz=-11.75, remainder_fraction=3.0820%, Lmin=-2.69, Lmax=-2.54
09:30:34 [ultranest] [DEBUG] iteration=4240, ncalls=15541, regioncalls=608040, ndraw=40, logz=-11.75, remainder_fraction=3.0043%, Lmin=-2.69, Lmax=-2.54
09:30:34 [ultranest] [DEBUG] iteration=4262, ncalls=15578, regioncalls=609520, ndraw=40, logz=-11.75, remainder_fraction=2.8234%, Lmin=-2.68, Lmax=-2.54
09:30:35 [ultranest] [DEBUG] iteration=4280, ncalls=15614, regioncalls=610960, ndraw=40, logz=-11.75, remainder_fraction=2.6825%, Lmin=-2.68, Lmax=-2.54
09:30:35 [ultranest] [DEBUG] iteration=4297, ncalls=15645, regioncalls=612200, ndraw=40, logz=-11.74, remainder_fraction=2.5538%, Lmin=-2.67, Lmax=-2.54
09:30:35 [ultranest] [DEBUG] iteration=4317, ncalls=15683, regioncalls=613720, ndraw=40, logz=-11.74, remainder_fraction=2.4121%, Lmin=-2.67, Lmax=-2.54
09:30:35 [ultranest] [DEBUG] iteration=4320, ncalls=15689, regioncalls=613960, ndraw=40, logz=-11.74, remainder_fraction=2.3910%, Lmin=-2.67, Lmax=-2.54
09:30:35 [ultranest] [DEBUG] iteration=4335, ncalls=15734, regioncalls=615760, ndraw=40, logz=-11.74, remainder_fraction=2.2915%, Lmin=-2.66, Lmax=-2.54
09:30:35 [ultranest] [DEBUG] iteration=4356, ncalls=15775, regioncalls=617400, ndraw=40, logz=-11.74, remainder_fraction=2.1570%, Lmin=-2.66, Lmax=-2.54
09:30:35 [ultranest] [DEBUG] iteration=4357, ncalls=15776, regioncalls=617480, ndraw=40, logz=-11.74, remainder_fraction=2.1508%, Lmin=-2.66, Lmax=-2.54
09:30:35 [ultranest] [DEBUG] iteration=4360, ncalls=15780, regioncalls=617640, ndraw=40, logz=-11.74, remainder_fraction=2.1319%, Lmin=-2.66, Lmax=-2.54
09:30:35 [ultranest] [DEBUG] iteration=4378, ncalls=15810, regioncalls=618840, ndraw=40, logz=-11.74, remainder_fraction=2.0253%, Lmin=-2.65, Lmax=-2.54
09:30:35 [ultranest] [DEBUG] iteration=4394, ncalls=15848, regioncalls=620360, ndraw=40, logz=-11.74, remainder_fraction=1.9335%, Lmin=-2.65, Lmax=-2.54
09:30:35 [ultranest] [DEBUG] iteration=4400, ncalls=15860, regioncalls=620840, ndraw=40, logz=-11.74, remainder_fraction=1.9002%, Lmin=-2.65, Lmax=-2.54
09:30:35 [ultranest] [DEBUG] iteration=4415, ncalls=15896, regioncalls=622280, ndraw=40, logz=-11.74, remainder_fraction=1.8191%, Lmin=-2.64, Lmax=-2.54
09:30:35 [ultranest] [INFO] Explored until L=-3  
09:30:35 [ultranest] [INFO] Likelihood function evaluations: 15906
09:30:37 [ultranest] [INFO] Writing samples and results to disk ...
09:30:37 [ultranest] [INFO] Writing samples and results to disk ... done
09:30:37 [ultranest] [DEBUG] did a run_iter pass!
09:30:37 [ultranest] [INFO]   logZ = -11.69 +- 0.1167
09:30:37 [ultranest] [INFO] Effective samples strategy satisfied (ESS = 1663.9, need >400)
09:30:37 [ultranest] [INFO] Posterior uncertainty strategy is satisfied (KL: 0.46+-0.07 nat, need <0.50 nat)
09:30:37 [ultranest] [INFO] Evidency uncertainty strategy is satisfied (dlogz=0.12, need <0.5)
09:30:37 [ultranest] [INFO]   logZ error budget: single: 0.15 bs:0.12 tail:0.02 total:0.12 required:<0.50
09:30:37 [ultranest] [INFO] done iterating.
09:30:37 [ultranest] [DEBUG] Making corner plot ...
09:30:38 [ultranest] [DEBUG] Making corner plot ... done
09:30:38 [ultranest] [DEBUG] Making run plot ... 
09:30:39 [ultranest] [DEBUG] Making run plot ... done
09:30:39 [ultranest] [DEBUG] Making trace plot ... 
09:30:40 [ultranest] [DEBUG] Making trace plot ... done
22:02:34 [ultranest] [DEBUG] ReactiveNestedSampler: dims=3+0, resume=True, log_dir=/home/orion51/Desktop/Research/spectral_fitting/FGL_spectral_fitting/Individual_sources/2CXOJ181908.5-204037/powerlaw_out_, backend=hdf5, vectorized=False, nbootstraps=30, ndraw=128..65536
22:02:34 [ultranest] [DEBUG] Testing resume consistency: [-2.64200766 -2.64117329  0.          0.33805178  0.41577643  0.55651788
 -4.6194822   2.40509358 22.89562519]: u=[0.33805178 0.41577643 0.55651788] -> p=[-4.6194822   2.40509358 22.89562519] -> L=-2.641173293488723 
22:02:34 [ultranest] [INFO] Resuming from 4753 stored points
22:02:34 [ultranest] [DEBUG] run_iter dlogz=0.5, dKL=0.5, frac_remain=0.01, Lepsilon=0.1000, min_ess=400
22:02:34 [ultranest] [DEBUG] max_iters=-1, max_ncalls=-1, max_num_improvement_loops=-1, min_num_live_points=400, cluster_num_live_points=40
22:02:34 [ultranest] [DEBUG] minimal_widths_sequence: [(-inf, 400.0), (inf, 400.0)]
22:02:34 [ultranest] [DEBUG] iteration=0, ncalls=15906, regioncalls=0, ndraw=40, logz=-inf, remainder_fraction=100.0000%, Lmin=-267013295276.78, Lmax=-4.51
22:02:34 [ultranest] [DEBUG] iteration=40, ncalls=15906, regioncalls=0, ndraw=40, logz=-138605529.55, remainder_fraction=100.0000%, Lmin=-126608358.56, Lmax=-4.51
22:02:34 [ultranest] [DEBUG] iteration=80, ncalls=15906, regioncalls=0, ndraw=40, logz=-2445473.17, remainder_fraction=100.0000%, Lmin=-1849514.76, Lmax=-4.51
22:02:34 [ultranest] [DEBUG] iteration=90, ncalls=15906, regioncalls=0, ndraw=40, logz=-933486.09, remainder_fraction=100.0000%, Lmin=-932644.49, Lmax=-4.51
22:02:34 [ultranest] [DEBUG] iteration=120, ncalls=15906, regioncalls=0, ndraw=40, logz=-114463.68, remainder_fraction=100.0000%, Lmin=-114164.24, Lmax=-4.51
22:02:34 [ultranest] [DEBUG] iteration=160, ncalls=15906, regioncalls=0, ndraw=40, logz=-18918.28, remainder_fraction=100.0000%, Lmin=-18373.23, Lmax=-4.51
22:02:34 [ultranest] [DEBUG] iteration=180, ncalls=15906, regioncalls=0, ndraw=40, logz=-4963.11, remainder_fraction=100.0000%, Lmin=-4896.54, Lmax=-4.51
22:02:34 [ultranest] [DEBUG] iteration=200, ncalls=15906, regioncalls=0, ndraw=40, logz=-1769.73, remainder_fraction=100.0000%, Lmin=-1754.01, Lmax=-4.51
22:02:34 [ultranest] [DEBUG] iteration=240, ncalls=15906, regioncalls=0, ndraw=40, logz=-381.19, remainder_fraction=100.0000%, Lmin=-360.20, Lmax=-4.51
22:02:34 [ultranest] [DEBUG] iteration=280, ncalls=15906, regioncalls=0, ndraw=40, logz=-138.10, remainder_fraction=100.0000%, Lmin=-127.52, Lmax=-4.51
22:02:34 [ultranest] [DEBUG] Plateau detected at L=-8.897744e+01, not replacing live point.
22:02:34 [ultranest] [DEBUG] Plateau detected at L=-8.897744e+01, not replacing live point.
22:02:34 [ultranest] [DEBUG] Plateau detected at L=-8.897744e+01, not replacing live point.
22:02:34 [ultranest] [DEBUG] Plateau detected at L=-8.897744e+01, not replacing live point.
22:02:34 [ultranest] [DEBUG] Plateau detected at L=-8.897744e+01, not replacing live point.
22:02:34 [ultranest] [DEBUG] Plateau detected at L=-8.897744e+01, not replacing live point.
22:02:34 [ultranest] [DEBUG] Plateau detected at L=-8.897744e+01, not replacing live point.
22:02:34 [ultranest] [DEBUG] Plateau detected at L=-8.897744e+01, not replacing live point.
22:02:34 [ultranest] [DEBUG] Plateau detected at L=-8.897744e+01, not replacing live point.
22:02:34 [ultranest] [DEBUG] Plateau detected at L=-8.897744e+01, not replacing live point.
22:02:34 [ultranest] [DEBUG] Plateau detected at L=-8.897744e+01, not replacing live point.
22:02:34 [ultranest] [DEBUG] Plateau detected at L=-8.897744e+01, not replacing live point.
22:02:34 [ultranest] [DEBUG] Plateau detected at L=-8.897744e+01, not replacing live point.
22:02:34 [ultranest] [DEBUG] Plateau detected at L=-8.897744e+01, not replacing live point.
22:02:34 [ultranest] [DEBUG] Plateau detected at L=-8.897744e+01, not replacing live point.
22:02:34 [ultranest] [DEBUG] Plateau detected at L=-8.897744e+01, not replacing live point.
22:02:34 [ultranest] [DEBUG] Plateau detected at L=-8.897744e+01, not replacing live point.
22:02:34 [ultranest] [DEBUG] Plateau detected at L=-8.897744e+01, not replacing live point.
22:02:34 [ultranest] [DEBUG] Plateau detected at L=-8.897744e+01, not replacing live point.
22:02:34 [ultranest] [DEBUG] Plateau detected at L=-8.897744e+01, not replacing live point.
22:02:34 [ultranest] [DEBUG] Plateau detected at L=-8.897744e+01, not replacing live point.
22:02:34 [ultranest] [DEBUG] Plateau detected at L=-8.897744e+01, not replacing live point.
22:02:34 [ultranest] [DEBUG] Plateau detected at L=-8.897744e+01, not replacing live point.
22:02:34 [ultranest] [DEBUG] Plateau detected at L=-8.897744e+01, not replacing live point.
22:02:34 [ultranest] [DEBUG] Plateau detected at L=-8.897744e+01, not replacing live point.
22:02:34 [ultranest] [DEBUG] Plateau detected at L=-8.897744e+01, not replacing live point.
22:02:34 [ultranest] [DEBUG] Plateau detected at L=-8.897744e+01, not replacing live point.
22:02:34 [ultranest] [DEBUG] Plateau detected at L=-8.897744e+01, not replacing live point.
22:02:34 [ultranest] [DEBUG] Plateau detected at L=-8.897744e+01, not replacing live point.
22:02:34 [ultranest] [DEBUG] Plateau detected at L=-8.897744e+01, not replacing live point.
22:02:34 [ultranest] [DEBUG] Plateau detected at L=-8.897744e+01, not replacing live point.
22:02:34 [ultranest] [DEBUG] Plateau detected at L=-8.897744e+01, not replacing live point.
22:02:34 [ultranest] [DEBUG] Plateau detected at L=-8.897744e+01, not replacing live point.
22:02:34 [ultranest] [DEBUG] Plateau detected at L=-8.897744e+01, not replacing live point.
22:02:34 [ultranest] [DEBUG] Plateau detected at L=-8.897744e+01, not replacing live point.
22:02:34 [ultranest] [DEBUG] Plateau detected at L=-8.897744e+01, not replacing live point.
22:02:34 [ultranest] [DEBUG] Plateau detected at L=-8.897744e+01, not replacing live point.
22:02:34 [ultranest] [DEBUG] Plateau detected at L=-8.897744e+01, not replacing live point.
22:02:34 [ultranest] [DEBUG] Plateau detected at L=-8.897744e+01, not replacing live point.
22:02:34 [ultranest] [DEBUG] Plateau detected at L=-8.897744e+01, not replacing live point.
22:02:34 [ultranest] [DEBUG] Plateau detected at L=-8.897744e+01, not replacing live point.
22:02:34 [ultranest] [DEBUG] Plateau detected at L=-8.897744e+01, not replacing live point.
22:02:34 [ultranest] [DEBUG] Plateau detected at L=-8.897744e+01, not replacing live point.
22:02:34 [ultranest] [DEBUG] Plateau detected at L=-8.897744e+01, not replacing live point.
22:02:34 [ultranest] [DEBUG] Plateau detected at L=-8.897744e+01, not replacing live point.
22:02:34 [ultranest] [DEBUG] Plateau detected at L=-8.897744e+01, not replacing live point.
22:02:34 [ultranest] [DEBUG] Plateau detected at L=-8.897744e+01, not replacing live point.
22:02:34 [ultranest] [DEBUG] Plateau detected at L=-8.897744e+01, not replacing live point.
22:02:34 [ultranest] [DEBUG] Plateau detected at L=-8.897744e+01, not replacing live point.
22:02:34 [ultranest] [DEBUG] Plateau detected at L=-8.897744e+01, not replacing live point.
22:02:34 [ultranest] [DEBUG] Plateau detected at L=-8.897744e+01, not replacing live point.
22:02:34 [ultranest] [DEBUG] Plateau detected at L=-8.897744e+01, not replacing live point.
22:02:34 [ultranest] [DEBUG] Plateau detected at L=-8.897744e+01, not replacing live point.
22:02:34 [ultranest] [DEBUG] Plateau detected at L=-8.897744e+01, not replacing live point.
22:02:34 [ultranest] [DEBUG] Plateau detected at L=-8.897744e+01, not replacing live point.
22:02:34 [ultranest] [DEBUG] Plateau detected at L=-8.897744e+01, not replacing live point.
22:02:34 [ultranest] [DEBUG] Plateau detected at L=-8.897744e+01, not replacing live point.
22:02:34 [ultranest] [DEBUG] Plateau detected at L=-8.897744e+01, not replacing live point.
22:02:34 [ultranest] [DEBUG] Plateau detected at L=-8.897744e+01, not replacing live point.
22:02:34 [ultranest] [DEBUG] Plateau detected at L=-8.897744e+01, not replacing live point.
22:02:34 [ultranest] [DEBUG] Plateau detected at L=-8.897744e+01, not replacing live point.
22:02:34 [ultranest] [DEBUG] iteration=373, ncalls=15906, regioncalls=0, ndraw=40, logz=-91.57, remainder_fraction=100.0000%, Lmin=-88.98, Lmax=-4.51
22:02:34 [ultranest] [DEBUG] Plateau detected at L=-8.897744e+01, not replacing live point.
22:02:34 [ultranest] [DEBUG] Plateau detected at L=-8.897744e+01, not replacing live point.
22:02:34 [ultranest] [DEBUG] Plateau detected at L=-8.897744e+01, not replacing live point.
22:02:34 [ultranest] [DEBUG] Plateau detected at L=-8.897744e+01, not replacing live point.
22:02:34 [ultranest] [DEBUG] iteration=378, ncalls=15906, regioncalls=0, ndraw=40, logz=-91.50, remainder_fraction=100.0000%, Lmin=-88.98, Lmax=-4.51
22:02:34 [ultranest] [DEBUG] Plateau detected at L=-8.897744e+01, not replacing live point.
22:02:34 [ultranest] [DEBUG] Plateau detected at L=-8.897744e+01, not replacing live point.
22:02:34 [ultranest] [DEBUG] Plateau detected at L=-8.897744e+01, not replacing live point.
22:02:34 [ultranest] [DEBUG] iteration=382, ncalls=15906, regioncalls=0, ndraw=40, logz=-91.44, remainder_fraction=100.0000%, Lmin=-88.98, Lmax=-4.51
22:02:34 [ultranest] [DEBUG] iteration=400, ncalls=15906, regioncalls=0, ndraw=40, logz=-91.23, remainder_fraction=100.0000%, Lmin=-88.98, Lmax=-4.51
22:02:34 [ultranest] [DEBUG] iteration=440, ncalls=15906, regioncalls=0, ndraw=40, logz=-90.91, remainder_fraction=100.0000%, Lmin=-88.98, Lmax=-4.51
22:02:34 [ultranest] [DEBUG] iteration=457, ncalls=15906, regioncalls=0, ndraw=40, logz=-90.80, remainder_fraction=100.0000%, Lmin=-88.98, Lmax=-4.51
22:02:34 [ultranest] [DEBUG] iteration=480, ncalls=15906, regioncalls=0, ndraw=40, logz=-90.68, remainder_fraction=100.0000%, Lmin=-88.98, Lmax=-4.51
22:02:34 [ultranest] [DEBUG] iteration=520, ncalls=15906, regioncalls=0, ndraw=40, logz=-90.52, remainder_fraction=100.0000%, Lmin=-88.97, Lmax=-4.51
22:02:34 [ultranest] [DEBUG] iteration=560, ncalls=15906, regioncalls=0, ndraw=40, logz=-90.40, remainder_fraction=100.0000%, Lmin=-88.95, Lmax=-4.51
22:02:34 [ultranest] [DEBUG] iteration=600, ncalls=15906, regioncalls=0, ndraw=40, logz=-90.29, remainder_fraction=100.0000%, Lmin=-88.90, Lmax=-4.51
22:02:34 [ultranest] [DEBUG] iteration=640, ncalls=15906, regioncalls=0, ndraw=40, logz=-90.20, remainder_fraction=100.0000%, Lmin=-88.77, Lmax=-4.51
22:02:34 [ultranest] [DEBUG] iteration=680, ncalls=15906, regioncalls=0, ndraw=40, logz=-90.11, remainder_fraction=100.0000%, Lmin=-88.50, Lmax=-4.51
22:02:34 [ultranest] [DEBUG] iteration=720, ncalls=15906, regioncalls=0, ndraw=40, logz=-90.00, remainder_fraction=100.0000%, Lmin=-87.80, Lmax=-4.51
22:02:34 [ultranest] [DEBUG] iteration=757, ncalls=15906, regioncalls=0, ndraw=40, logz=-89.84, remainder_fraction=100.0000%, Lmin=-87.09, Lmax=-4.51
22:02:34 [ultranest] [DEBUG] iteration=760, ncalls=15906, regioncalls=0, ndraw=40, logz=-89.82, remainder_fraction=100.0000%, Lmin=-87.04, Lmax=-4.51
22:02:34 [ultranest] [DEBUG] iteration=800, ncalls=15906, regioncalls=0, ndraw=40, logz=-89.42, remainder_fraction=100.0000%, Lmin=-85.48, Lmax=-4.51
22:02:34 [ultranest] [DEBUG] iteration=832, ncalls=15906, regioncalls=0, ndraw=40, logz=-88.73, remainder_fraction=100.0000%, Lmin=-84.20, Lmax=-4.51
22:02:34 [ultranest] [DEBUG] iteration=840, ncalls=15906, regioncalls=0, ndraw=40, logz=-88.51, remainder_fraction=100.0000%, Lmin=-83.82, Lmax=-4.51
22:02:34 [ultranest] [DEBUG] iteration=880, ncalls=15906, regioncalls=0, ndraw=40, logz=-86.95, remainder_fraction=100.0000%, Lmin=-81.92, Lmax=-4.51
22:02:34 [ultranest] [DEBUG] iteration=907, ncalls=15906, regioncalls=0, ndraw=40, logz=-85.71, remainder_fraction=100.0000%, Lmin=-80.31, Lmax=-4.51
22:02:34 [ultranest] [DEBUG] iteration=920, ncalls=15906, regioncalls=0, ndraw=40, logz=-84.95, remainder_fraction=100.0000%, Lmin=-79.07, Lmax=-4.51
22:02:34 [ultranest] [DEBUG] iteration=960, ncalls=15906, regioncalls=0, ndraw=40, logz=-81.65, remainder_fraction=100.0000%, Lmin=-75.69, Lmax=-4.51
22:02:34 [ultranest] [DEBUG] iteration=1000, ncalls=15906, regioncalls=0, ndraw=40, logz=-77.88, remainder_fraction=100.0000%, Lmin=-71.56, Lmax=-4.48
22:02:34 [ultranest] [DEBUG] iteration=1040, ncalls=15906, regioncalls=0, ndraw=40, logz=-73.54, remainder_fraction=100.0000%, Lmin=-67.22, Lmax=-4.29
22:02:35 [ultranest] [DEBUG] iteration=1057, ncalls=15906, regioncalls=0, ndraw=40, logz=-71.99, remainder_fraction=100.0000%, Lmin=-65.43, Lmax=-4.29
22:02:35 [ultranest] [DEBUG] iteration=1080, ncalls=15906, regioncalls=0, ndraw=40, logz=-69.60, remainder_fraction=100.0000%, Lmin=-63.06, Lmax=-4.29
22:02:35 [ultranest] [DEBUG] iteration=1120, ncalls=15906, regioncalls=0, ndraw=40, logz=-64.70, remainder_fraction=100.0000%, Lmin=-57.84, Lmax=-4.17
22:02:35 [ultranest] [DEBUG] iteration=1160, ncalls=15906, regioncalls=0, ndraw=40, logz=-60.18, remainder_fraction=100.0000%, Lmin=-53.18, Lmax=-4.17
22:02:35 [ultranest] [DEBUG] iteration=1200, ncalls=15906, regioncalls=0, ndraw=40, logz=-54.68, remainder_fraction=100.0000%, Lmin=-47.58, Lmax=-2.76
22:02:35 [ultranest] [DEBUG] iteration=1207, ncalls=15906, regioncalls=0, ndraw=40, logz=-53.81, remainder_fraction=100.0000%, Lmin=-46.60, Lmax=-2.76
22:02:35 [ultranest] [DEBUG] iteration=1240, ncalls=15906, regioncalls=0, ndraw=40, logz=-49.42, remainder_fraction=100.0000%, Lmin=-42.30, Lmax=-2.76
22:02:35 [ultranest] [DEBUG] iteration=1280, ncalls=15906, regioncalls=0, ndraw=40, logz=-44.98, remainder_fraction=100.0000%, Lmin=-37.81, Lmax=-2.76
22:02:35 [ultranest] [DEBUG] iteration=1320, ncalls=15906, regioncalls=0, ndraw=40, logz=-41.11, remainder_fraction=100.0000%, Lmin=-33.81, Lmax=-2.76
22:02:35 [ultranest] [DEBUG] iteration=1360, ncalls=15906, regioncalls=0, ndraw=40, logz=-38.15, remainder_fraction=100.0000%, Lmin=-31.10, Lmax=-2.76
22:02:35 [ultranest] [DEBUG] iteration=1400, ncalls=15906, regioncalls=0, ndraw=40, logz=-35.59, remainder_fraction=100.0000%, Lmin=-28.74, Lmax=-2.76
22:02:35 [ultranest] [DEBUG] iteration=1440, ncalls=15906, regioncalls=0, ndraw=40, logz=-33.43, remainder_fraction=100.0000%, Lmin=-26.45, Lmax=-2.76
22:02:35 [ultranest] [DEBUG] iteration=1480, ncalls=15906, regioncalls=0, ndraw=40, logz=-31.43, remainder_fraction=100.0000%, Lmin=-24.34, Lmax=-2.76
22:02:35 [ultranest] [DEBUG] iteration=1507, ncalls=15906, regioncalls=0, ndraw=40, logz=-30.03, remainder_fraction=100.0000%, Lmin=-22.82, Lmax=-2.76
22:02:35 [ultranest] [DEBUG] iteration=1520, ncalls=15906, regioncalls=0, ndraw=40, logz=-29.43, remainder_fraction=100.0000%, Lmin=-22.34, Lmax=-2.76
22:02:35 [ultranest] [DEBUG] iteration=1560, ncalls=15906, regioncalls=0, ndraw=40, logz=-28.04, remainder_fraction=100.0000%, Lmin=-21.06, Lmax=-2.76
22:02:35 [ultranest] [DEBUG] iteration=1582, ncalls=15906, regioncalls=0, ndraw=40, logz=-27.34, remainder_fraction=100.0000%, Lmin=-20.34, Lmax=-2.76
22:02:35 [ultranest] [DEBUG] iteration=1600, ncalls=15906, regioncalls=0, ndraw=40, logz=-26.74, remainder_fraction=100.0000%, Lmin=-19.60, Lmax=-2.76
22:02:35 [ultranest] [DEBUG] iteration=1640, ncalls=15906, regioncalls=0, ndraw=40, logz=-25.29, remainder_fraction=99.9999%, Lmin=-18.03, Lmax=-2.76
22:02:35 [ultranest] [DEBUG] iteration=1680, ncalls=15906, regioncalls=0, ndraw=40, logz=-24.17, remainder_fraction=99.9997%, Lmin=-17.33, Lmax=-2.76
22:02:35 [ultranest] [DEBUG] iteration=1720, ncalls=15906, regioncalls=0, ndraw=40, logz=-23.25, remainder_fraction=99.9991%, Lmin=-16.22, Lmax=-2.76
22:02:35 [ultranest] [DEBUG] iteration=1760, ncalls=15906, regioncalls=0, ndraw=40, logz=-22.27, remainder_fraction=99.9976%, Lmin=-15.08, Lmax=-2.76
22:02:35 [ultranest] [DEBUG] iteration=1800, ncalls=15906, regioncalls=0, ndraw=40, logz=-21.42, remainder_fraction=99.9939%, Lmin=-14.28, Lmax=-2.76
22:02:35 [ultranest] [DEBUG] iteration=1840, ncalls=15906, regioncalls=0, ndraw=40, logz=-20.65, remainder_fraction=99.9882%, Lmin=-13.48, Lmax=-2.76
22:02:35 [ultranest] [DEBUG] iteration=1880, ncalls=15906, regioncalls=0, ndraw=40, logz=-19.84, remainder_fraction=99.9719%, Lmin=-12.52, Lmax=-2.76
22:02:35 [ultranest] [DEBUG] iteration=1882, ncalls=15906, regioncalls=0, ndraw=40, logz=-19.80, remainder_fraction=99.9710%, Lmin=-12.50, Lmax=-2.76
22:02:35 [ultranest] [DEBUG] iteration=1920, ncalls=15906, regioncalls=0, ndraw=40, logz=-19.11, remainder_fraction=99.9419%, Lmin=-11.70, Lmax=-2.76
22:02:35 [ultranest] [DEBUG] iteration=1960, ncalls=15906, regioncalls=0, ndraw=40, logz=-18.47, remainder_fraction=99.8870%, Lmin=-11.11, Lmax=-2.76
22:02:35 [ultranest] [DEBUG] iteration=2000, ncalls=15906, regioncalls=0, ndraw=40, logz=-17.91, remainder_fraction=99.8174%, Lmin=-10.61, Lmax=-2.76
22:02:35 [ultranest] [DEBUG] iteration=2040, ncalls=15906, regioncalls=0, ndraw=40, logz=-17.44, remainder_fraction=99.7350%, Lmin=-10.25, Lmax=-2.76
22:02:35 [ultranest] [DEBUG] iteration=2080, ncalls=15906, regioncalls=0, ndraw=40, logz=-17.04, remainder_fraction=99.6002%, Lmin=-9.78, Lmax=-2.76
22:02:35 [ultranest] [DEBUG] iteration=2120, ncalls=15906, regioncalls=0, ndraw=40, logz=-16.69, remainder_fraction=99.3792%, Lmin=-9.51, Lmax=-2.76
22:02:35 [ultranest] [DEBUG] iteration=2160, ncalls=15906, regioncalls=0, ndraw=40, logz=-16.38, remainder_fraction=99.1522%, Lmin=-9.17, Lmax=-2.76
22:02:35 [ultranest] [DEBUG] iteration=2200, ncalls=15906, regioncalls=0, ndraw=40, logz=-16.11, remainder_fraction=98.8418%, Lmin=-8.91, Lmax=-2.76
22:02:35 [ultranest] [DEBUG] iteration=2240, ncalls=15906, regioncalls=0, ndraw=40, logz=-15.86, remainder_fraction=98.5174%, Lmin=-8.55, Lmax=-2.76
22:02:35 [ultranest] [DEBUG] iteration=2257, ncalls=15906, regioncalls=0, ndraw=40, logz=-15.76, remainder_fraction=98.3154%, Lmin=-8.42, Lmax=-2.76
22:02:35 [ultranest] [DEBUG] iteration=2280, ncalls=15906, regioncalls=0, ndraw=40, logz=-15.61, remainder_fraction=98.1092%, Lmin=-8.22, Lmax=-2.76
22:02:35 [ultranest] [DEBUG] iteration=2320, ncalls=15906, regioncalls=0, ndraw=40, logz=-15.37, remainder_fraction=97.6181%, Lmin=-7.86, Lmax=-2.73
22:02:35 [ultranest] [DEBUG] iteration=2360, ncalls=15906, regioncalls=0, ndraw=40, logz=-15.13, remainder_fraction=96.9189%, Lmin=-7.55, Lmax=-2.73
22:02:35 [ultranest] [DEBUG] iteration=2400, ncalls=15906, regioncalls=0, ndraw=40, logz=-14.91, remainder_fraction=96.0499%, Lmin=-7.20, Lmax=-2.73
22:02:35 [ultranest] [DEBUG] iteration=2407, ncalls=15906, regioncalls=0, ndraw=40, logz=-14.87, remainder_fraction=95.8417%, Lmin=-7.17, Lmax=-2.73
22:02:35 [ultranest] [DEBUG] iteration=2440, ncalls=15906, regioncalls=0, ndraw=40, logz=-14.67, remainder_fraction=95.0281%, Lmin=-6.72, Lmax=-2.67
22:02:35 [ultranest] [DEBUG] iteration=2480, ncalls=15906, regioncalls=0, ndraw=40, logz=-14.42, remainder_fraction=93.5794%, Lmin=-6.41, Lmax=-2.67
22:02:35 [ultranest] [DEBUG] iteration=2482, ncalls=15906, regioncalls=0, ndraw=40, logz=-14.41, remainder_fraction=93.5065%, Lmin=-6.40, Lmax=-2.67
22:02:35 [ultranest] [DEBUG] iteration=2520, ncalls=15906, regioncalls=0, ndraw=40, logz=-14.19, remainder_fraction=91.9109%, Lmin=-6.18, Lmax=-2.67
22:02:35 [ultranest] [DEBUG] iteration=2557, ncalls=15906, regioncalls=0, ndraw=40, logz=-13.99, remainder_fraction=90.2211%, Lmin=-5.95, Lmax=-2.67
22:02:35 [ultranest] [DEBUG] iteration=2560, ncalls=15906, regioncalls=0, ndraw=40, logz=-13.98, remainder_fraction=90.1394%, Lmin=-5.93, Lmax=-2.67
22:02:35 [ultranest] [DEBUG] iteration=2600, ncalls=15906, regioncalls=0, ndraw=40, logz=-13.79, remainder_fraction=88.1740%, Lmin=-5.72, Lmax=-2.67
22:02:35 [ultranest] [DEBUG] iteration=2640, ncalls=15906, regioncalls=0, ndraw=40, logz=-13.61, remainder_fraction=85.6917%, Lmin=-5.54, Lmax=-2.67
22:02:35 [ultranest] [DEBUG] iteration=2680, ncalls=15906, regioncalls=0, ndraw=40, logz=-13.46, remainder_fraction=83.0624%, Lmin=-5.31, Lmax=-2.67
22:02:35 [ultranest] [DEBUG] iteration=2707, ncalls=15906, regioncalls=0, ndraw=40, logz=-13.36, remainder_fraction=81.1814%, Lmin=-5.19, Lmax=-2.67
22:02:35 [ultranest] [DEBUG] iteration=2720, ncalls=15906, regioncalls=0, ndraw=40, logz=-13.31, remainder_fraction=80.2132%, Lmin=-5.11, Lmax=-2.67
22:02:35 [ultranest] [DEBUG] iteration=2760, ncalls=15906, regioncalls=0, ndraw=40, logz=-13.17, remainder_fraction=76.9722%, Lmin=-4.94, Lmax=-2.67
22:02:36 [ultranest] [DEBUG] iteration=2782, ncalls=15906, regioncalls=0, ndraw=40, logz=-13.10, remainder_fraction=75.0898%, Lmin=-4.84, Lmax=-2.67
22:02:36 [ultranest] [DEBUG] iteration=2800, ncalls=15906, regioncalls=0, ndraw=40, logz=-13.04, remainder_fraction=73.6122%, Lmin=-4.77, Lmax=-2.60
22:02:36 [ultranest] [DEBUG] iteration=2840, ncalls=15906, regioncalls=0, ndraw=40, logz=-12.92, remainder_fraction=70.2040%, Lmin=-4.58, Lmax=-2.60
22:02:36 [ultranest] [DEBUG] iteration=2880, ncalls=15906, regioncalls=0, ndraw=40, logz=-12.81, remainder_fraction=66.6994%, Lmin=-4.47, Lmax=-2.60
22:02:36 [ultranest] [DEBUG] iteration=2920, ncalls=15906, regioncalls=0, ndraw=40, logz=-12.72, remainder_fraction=63.1844%, Lmin=-4.35, Lmax=-2.60
22:02:36 [ultranest] [DEBUG] iteration=2932, ncalls=15906, regioncalls=0, ndraw=40, logz=-12.69, remainder_fraction=62.2426%, Lmin=-4.31, Lmax=-2.60
22:02:36 [ultranest] [DEBUG] iteration=2960, ncalls=15906, regioncalls=0, ndraw=40, logz=-12.63, remainder_fraction=59.6030%, Lmin=-4.24, Lmax=-2.60
22:02:36 [ultranest] [DEBUG] iteration=3000, ncalls=15906, regioncalls=0, ndraw=40, logz=-12.54, remainder_fraction=55.9920%, Lmin=-4.06, Lmax=-2.60
22:02:36 [ultranest] [DEBUG] iteration=3007, ncalls=15906, regioncalls=0, ndraw=40, logz=-12.53, remainder_fraction=55.3316%, Lmin=-4.05, Lmax=-2.60
22:02:36 [ultranest] [DEBUG] iteration=3040, ncalls=15906, regioncalls=0, ndraw=40, logz=-12.47, remainder_fraction=52.6453%, Lmin=-4.00, Lmax=-2.57
22:02:36 [ultranest] [DEBUG] iteration=3080, ncalls=15906, regioncalls=0, ndraw=40, logz=-12.40, remainder_fraction=49.3331%, Lmin=-3.89, Lmax=-2.57
22:02:36 [ultranest] [DEBUG] iteration=3120, ncalls=15906, regioncalls=0, ndraw=40, logz=-12.33, remainder_fraction=46.0589%, Lmin=-3.81, Lmax=-2.57
22:02:36 [ultranest] [DEBUG] iteration=3160, ncalls=15906, regioncalls=0, ndraw=40, logz=-12.28, remainder_fraction=42.7478%, Lmin=-3.71, Lmax=-2.57
22:02:36 [ultranest] [DEBUG] iteration=3200, ncalls=15906, regioncalls=0, ndraw=40, logz=-12.22, remainder_fraction=39.5983%, Lmin=-3.63, Lmax=-2.57
22:02:36 [ultranest] [DEBUG] iteration=3232, ncalls=15906, regioncalls=0, ndraw=40, logz=-12.18, remainder_fraction=37.3054%, Lmin=-3.56, Lmax=-2.57
22:02:36 [ultranest] [DEBUG] iteration=3240, ncalls=15906, regioncalls=0, ndraw=40, logz=-12.17, remainder_fraction=36.7234%, Lmin=-3.56, Lmax=-2.57
22:02:36 [ultranest] [DEBUG] iteration=3280, ncalls=15906, regioncalls=0, ndraw=40, logz=-12.13, remainder_fraction=33.9499%, Lmin=-3.48, Lmax=-2.55
22:02:36 [ultranest] [DEBUG] iteration=3307, ncalls=15906, regioncalls=0, ndraw=40, logz=-12.10, remainder_fraction=32.0080%, Lmin=-3.45, Lmax=-2.55
22:02:36 [ultranest] [DEBUG] iteration=3320, ncalls=15906, regioncalls=0, ndraw=40, logz=-12.09, remainder_fraction=31.0945%, Lmin=-3.42, Lmax=-2.55
22:02:36 [ultranest] [DEBUG] iteration=3360, ncalls=15906, regioncalls=0, ndraw=40, logz=-12.05, remainder_fraction=28.5252%, Lmin=-3.37, Lmax=-2.55
22:02:36 [ultranest] [DEBUG] iteration=3400, ncalls=15906, regioncalls=0, ndraw=40, logz=-12.02, remainder_fraction=26.1616%, Lmin=-3.32, Lmax=-2.55
22:02:36 [ultranest] [DEBUG] iteration=3440, ncalls=15906, regioncalls=0, ndraw=40, logz=-11.99, remainder_fraction=23.9445%, Lmin=-3.28, Lmax=-2.55
22:02:36 [ultranest] [DEBUG] iteration=3457, ncalls=15906, regioncalls=0, ndraw=40, logz=-11.98, remainder_fraction=23.0469%, Lmin=-3.25, Lmax=-2.55
22:02:36 [ultranest] [DEBUG] iteration=3480, ncalls=15906, regioncalls=0, ndraw=40, logz=-11.97, remainder_fraction=21.9382%, Lmin=-3.22, Lmax=-2.55
22:02:36 [ultranest] [DEBUG] iteration=3520, ncalls=15906, regioncalls=0, ndraw=40, logz=-11.94, remainder_fraction=19.8793%, Lmin=-3.16, Lmax=-2.55
22:02:36 [ultranest] [DEBUG] iteration=3560, ncalls=15906, regioncalls=0, ndraw=40, logz=-11.92, remainder_fraction=18.1349%, Lmin=-3.10, Lmax=-2.55
22:02:36 [ultranest] [DEBUG] iteration=3600, ncalls=15906, regioncalls=0, ndraw=40, logz=-11.90, remainder_fraction=16.4579%, Lmin=-3.06, Lmax=-2.55
22:02:36 [ultranest] [DEBUG] iteration=3607, ncalls=15906, regioncalls=0, ndraw=40, logz=-11.90, remainder_fraction=16.1803%, Lmin=-3.05, Lmax=-2.55
22:02:36 [ultranest] [DEBUG] iteration=3640, ncalls=15906, regioncalls=0, ndraw=40, logz=-11.88, remainder_fraction=14.9007%, Lmin=-3.03, Lmax=-2.55
22:02:36 [ultranest] [DEBUG] iteration=3680, ncalls=15906, regioncalls=0, ndraw=40, logz=-11.86, remainder_fraction=13.5036%, Lmin=-2.99, Lmax=-2.55
22:02:36 [ultranest] [DEBUG] iteration=3682, ncalls=15906, regioncalls=0, ndraw=40, logz=-11.86, remainder_fraction=13.4381%, Lmin=-2.99, Lmax=-2.55
22:02:36 [ultranest] [DEBUG] iteration=3720, ncalls=15906, regioncalls=0, ndraw=40, logz=-11.85, remainder_fraction=12.2192%, Lmin=-2.96, Lmax=-2.55
22:02:36 [ultranest] [DEBUG] iteration=3757, ncalls=15906, regioncalls=0, ndraw=40, logz=-11.84, remainder_fraction=11.1410%, Lmin=-2.93, Lmax=-2.55
22:02:36 [ultranest] [DEBUG] iteration=3760, ncalls=15906, regioncalls=0, ndraw=40, logz=-11.84, remainder_fraction=11.0549%, Lmin=-2.93, Lmax=-2.55
22:02:36 [ultranest] [DEBUG] iteration=3800, ncalls=15906, regioncalls=0, ndraw=40, logz=-11.82, remainder_fraction=9.9774%, Lmin=-2.90, Lmax=-2.55
22:02:36 [ultranest] [DEBUG] iteration=3832, ncalls=15906, regioncalls=0, ndraw=40, logz=-11.82, remainder_fraction=9.1783%, Lmin=-2.87, Lmax=-2.54
22:02:36 [ultranest] [DEBUG] iteration=3840, ncalls=15906, regioncalls=0, ndraw=40, logz=-11.81, remainder_fraction=8.9885%, Lmin=-2.87, Lmax=-2.54
22:02:36 [ultranest] [DEBUG] iteration=3880, ncalls=15906, regioncalls=0, ndraw=40, logz=-11.80, remainder_fraction=8.0991%, Lmin=-2.84, Lmax=-2.54
22:02:36 [ultranest] [DEBUG] iteration=3920, ncalls=15906, regioncalls=0, ndraw=40, logz=-11.79, remainder_fraction=7.2791%, Lmin=-2.82, Lmax=-2.54
22:02:36 [ultranest] [DEBUG] iteration=3960, ncalls=15906, regioncalls=0, ndraw=40, logz=-11.79, remainder_fraction=6.5354%, Lmin=-2.80, Lmax=-2.54
22:02:36 [ultranest] [DEBUG] iteration=3982, ncalls=15906, regioncalls=0, ndraw=40, logz=-11.78, remainder_fraction=6.1630%, Lmin=-2.79, Lmax=-2.54
22:02:36 [ultranest] [DEBUG] iteration=4000, ncalls=15906, regioncalls=0, ndraw=40, logz=-11.78, remainder_fraction=5.8634%, Lmin=-2.78, Lmax=-2.54
22:02:36 [ultranest] [DEBUG] iteration=4040, ncalls=15906, regioncalls=0, ndraw=40, logz=-11.77, remainder_fraction=5.2443%, Lmin=-2.76, Lmax=-2.54
22:02:36 [ultranest] [DEBUG] iteration=4057, ncalls=15906, regioncalls=0, ndraw=40, logz=-11.77, remainder_fraction=5.0110%, Lmin=-2.76, Lmax=-2.54
22:02:36 [ultranest] [DEBUG] iteration=4080, ncalls=15906, regioncalls=0, ndraw=40, logz=-11.77, remainder_fraction=4.7071%, Lmin=-2.75, Lmax=-2.54
22:02:36 [ultranest] [DEBUG] iteration=4120, ncalls=15906, regioncalls=0, ndraw=40, logz=-11.76, remainder_fraction=4.2105%, Lmin=-2.73, Lmax=-2.54
22:02:36 [ultranest] [DEBUG] iteration=4160, ncalls=15906, regioncalls=0, ndraw=40, logz=-11.76, remainder_fraction=3.7654%, Lmin=-2.71, Lmax=-2.54
22:02:36 [ultranest] [DEBUG] iteration=4200, ncalls=15906, regioncalls=0, ndraw=40, logz=-11.75, remainder_fraction=3.3646%, Lmin=-2.70, Lmax=-2.54
22:02:36 [ultranest] [DEBUG] iteration=4207, ncalls=15906, regioncalls=0, ndraw=40, logz=-11.75, remainder_fraction=3.2990%, Lmin=-2.70, Lmax=-2.54
22:02:36 [ultranest] [DEBUG] iteration=4240, ncalls=15906, regioncalls=0, ndraw=40, logz=-11.75, remainder_fraction=3.0043%, Lmin=-2.69, Lmax=-2.54
22:02:36 [ultranest] [DEBUG] iteration=4280, ncalls=15906, regioncalls=0, ndraw=40, logz=-11.75, remainder_fraction=2.6825%, Lmin=-2.68, Lmax=-2.54
22:02:36 [ultranest] [DEBUG] iteration=4282, ncalls=15906, regioncalls=0, ndraw=40, logz=-11.75, remainder_fraction=2.6671%, Lmin=-2.68, Lmax=-2.54
22:02:36 [ultranest] [DEBUG] iteration=4320, ncalls=15906, regioncalls=0, ndraw=40, logz=-11.74, remainder_fraction=2.3910%, Lmin=-2.67, Lmax=-2.54
22:02:37 [ultranest] [DEBUG] iteration=4357, ncalls=15906, regioncalls=0, ndraw=40, logz=-11.74, remainder_fraction=2.1508%, Lmin=-2.66, Lmax=-2.54
22:02:37 [ultranest] [DEBUG] iteration=4360, ncalls=15906, regioncalls=0, ndraw=40, logz=-11.74, remainder_fraction=2.1319%, Lmin=-2.66, Lmax=-2.54
22:02:37 [ultranest] [DEBUG] iteration=4400, ncalls=15906, regioncalls=0, ndraw=40, logz=-11.74, remainder_fraction=1.9002%, Lmin=-2.65, Lmax=-2.54
22:02:37 [ultranest] [INFO] Explored until L=-3  
22:02:37 [ultranest] [INFO] Likelihood function evaluations: 15906
22:02:38 [ultranest] [INFO] Writing samples and results to disk ...
22:02:38 [ultranest] [INFO] Writing samples and results to disk ... done
22:02:38 [ultranest] [DEBUG] did a run_iter pass!
22:02:38 [ultranest] [INFO]   logZ = -11.72 +- 0.0947
22:02:38 [ultranest] [INFO] Effective samples strategy satisfied (ESS = 1663.9, need >400)
22:02:38 [ultranest] [INFO] Posterior uncertainty strategy is satisfied (KL: 0.45+-0.10 nat, need <0.50 nat)
22:02:38 [ultranest] [INFO] Evidency uncertainty strategy is satisfied (dlogz=0.10, need <0.5)
22:02:38 [ultranest] [INFO]   logZ error budget: single: 0.15 bs:0.09 tail:0.02 total:0.10 required:<0.50
22:02:38 [ultranest] [INFO] done iterating.
22:02:38 [ultranest] [DEBUG] Making corner plot ...
22:02:39 [ultranest] [DEBUG] Making corner plot ... done
22:02:39 [ultranest] [DEBUG] Making run plot ... 
22:02:40 [ultranest] [DEBUG] Making run plot ... done
22:02:40 [ultranest] [DEBUG] Making trace plot ... 
22:02:41 [ultranest] [DEBUG] Making trace plot ... done
