09:47:00 [ultranest] [DEBUG] ReactiveNestedSampler: dims=3+0, resume=True, log_dir=/home/orion51/Desktop/Research/spectral_fitting/FGL_spectral_fitting/Individual_sources/2CXOJ104717.9-601042/bb_out_, backend=hdf5, vectorized=False, nbootstraps=30, ndraw=128..65536
09:47:00 [ultranest] [INFO] Sampling 400 live points from prior ...
09:47:01 [ultranest] [DEBUG] run_iter dlogz=0.5, dKL=0.5, frac_remain=0.01, Lepsilon=0.1000, min_ess=400
09:47:01 [ultranest] [DEBUG] max_iters=-1, max_ncalls=-1, max_num_improvement_loops=-1, min_num_live_points=400, cluster_num_live_points=40
09:47:01 [ultranest] [DEBUG] minimal_widths_sequence: [(-inf, 400.0), (inf, 400.0)]
09:47:01 [ultranest] [DEBUG] iteration=0, ncalls=401, regioncalls=40, ndraw=40, logz=-inf, remainder_fraction=100.0000%, Lmin=-31382765.73, Lmax=-57.86
09:47:01 [ultranest] [DEBUG] iteration=28, ncalls=430, regioncalls=1200, ndraw=40, logz=-25797.65, remainder_fraction=100.0000%, Lmin=-21768.27, Lmax=-37.05
09:47:01 [ultranest] [DEBUG] iteration=40, ncalls=442, regioncalls=1680, ndraw=40, logz=-4594.52, remainder_fraction=100.0000%, Lmin=-3915.37, Lmax=-37.05
09:47:01 [ultranest] [DEBUG] Plateau detected at L=-2.069976e+02, not replacing live point.
09:47:01 [ultranest] [DEBUG] iteration=66, ncalls=471, regioncalls=2840, ndraw=40, logz=-213.09, remainder_fraction=100.0000%, Lmin=-207.00, Lmax=-37.05
09:47:01 [ultranest] [DEBUG] Plateau detected at L=-2.069976e+02, not replacing live point.
09:47:01 [ultranest] [DEBUG] Plateau detected at L=-2.069976e+02, not replacing live point.
09:47:01 [ultranest] [DEBUG] Plateau detected at L=-2.069976e+02, not replacing live point.
09:47:01 [ultranest] [DEBUG] Plateau detected at L=-2.069976e+02, not replacing live point.
09:47:01 [ultranest] [DEBUG] Plateau detected at L=-2.069976e+02, not replacing live point.
09:47:01 [ultranest] [DEBUG] Plateau detected at L=-2.069976e+02, not replacing live point.
09:47:01 [ultranest] [DEBUG] Plateau detected at L=-2.069976e+02, not replacing live point.
09:47:01 [ultranest] [DEBUG] Plateau detected at L=-2.069976e+02, not replacing live point.
09:47:01 [ultranest] [DEBUG] Plateau detected at L=-2.069976e+02, not replacing live point.
09:47:01 [ultranest] [DEBUG] Plateau detected at L=-2.069976e+02, not replacing live point.
09:47:01 [ultranest] [DEBUG] Plateau detected at L=-2.069976e+02, not replacing live point.
09:47:01 [ultranest] [DEBUG] Plateau detected at L=-2.069976e+02, not replacing live point.
09:47:01 [ultranest] [DEBUG] Plateau detected at L=-2.069976e+02, not replacing live point.
09:47:01 [ultranest] [DEBUG] Plateau detected at L=-2.069976e+02, not replacing live point.
09:47:01 [ultranest] [DEBUG] Plateau detected at L=-2.069976e+02, not replacing live point.
09:47:01 [ultranest] [DEBUG] Plateau detected at L=-2.069976e+02, not replacing live point.
09:47:01 [ultranest] [DEBUG] Plateau detected at L=-2.069976e+02, not replacing live point.
09:47:01 [ultranest] [DEBUG] Plateau detected at L=-2.069976e+02, not replacing live point.
09:47:01 [ultranest] [DEBUG] Plateau detected at L=-2.069976e+02, not replacing live point.
09:47:01 [ultranest] [DEBUG] Plateau detected at L=-2.069976e+02, not replacing live point.
09:47:01 [ultranest] [DEBUG] Plateau detected at L=-2.069976e+02, not replacing live point.
09:47:01 [ultranest] [DEBUG] Plateau detected at L=-2.069976e+02, not replacing live point.
09:47:01 [ultranest] [DEBUG] Plateau detected at L=-2.069976e+02, not replacing live point.
09:47:01 [ultranest] [DEBUG] Plateau detected at L=-2.069976e+02, not replacing live point.
09:47:01 [ultranest] [DEBUG] Plateau detected at L=-2.069976e+02, not replacing live point.
09:47:01 [ultranest] [DEBUG] Plateau detected at L=-2.069976e+02, not replacing live point.
09:47:01 [ultranest] [DEBUG] Plateau detected at L=-2.069976e+02, not replacing live point.
09:47:01 [ultranest] [DEBUG] Plateau detected at L=-2.069976e+02, not replacing live point.
09:47:01 [ultranest] [DEBUG] Plateau detected at L=-2.069976e+02, not replacing live point.
09:47:01 [ultranest] [DEBUG] Plateau detected at L=-2.069976e+02, not replacing live point.
09:47:01 [ultranest] [DEBUG] Plateau detected at L=-2.069976e+02, not replacing live point.
09:47:01 [ultranest] [DEBUG] Plateau detected at L=-2.069976e+02, not replacing live point.
09:47:01 [ultranest] [DEBUG] Plateau detected at L=-2.069976e+02, not replacing live point.
09:47:01 [ultranest] [DEBUG] Plateau detected at L=-2.069976e+02, not replacing live point.
09:47:01 [ultranest] [DEBUG] Plateau detected at L=-2.069976e+02, not replacing live point.
09:47:01 [ultranest] [DEBUG] Plateau detected at L=-2.069976e+02, not replacing live point.
09:47:01 [ultranest] [DEBUG] Plateau detected at L=-2.069976e+02, not replacing live point.
09:47:01 [ultranest] [DEBUG] Plateau detected at L=-2.069976e+02, not replacing live point.
09:47:01 [ultranest] [DEBUG] Plateau detected at L=-2.069976e+02, not replacing live point.
09:47:01 [ultranest] [DEBUG] Plateau detected at L=-2.069976e+02, not replacing live point.
09:47:01 [ultranest] [DEBUG] Plateau detected at L=-2.069976e+02, not replacing live point.
09:47:01 [ultranest] [DEBUG] Plateau detected at L=-2.069976e+02, not replacing live point.
09:47:01 [ultranest] [DEBUG] Plateau detected at L=-2.069976e+02, not replacing live point.
09:47:01 [ultranest] [DEBUG] Plateau detected at L=-2.069976e+02, not replacing live point.
09:47:01 [ultranest] [DEBUG] Plateau detected at L=-2.069976e+02, not replacing live point.
09:47:01 [ultranest] [DEBUG] Plateau detected at L=-2.069976e+02, not replacing live point.
09:47:01 [ultranest] [DEBUG] Plateau detected at L=-2.069976e+02, not replacing live point.
09:47:01 [ultranest] [DEBUG] Plateau detected at L=-2.069976e+02, not replacing live point.
09:47:01 [ultranest] [DEBUG] Plateau detected at L=-2.069976e+02, not replacing live point.
09:47:01 [ultranest] [DEBUG] Plateau detected at L=-2.069976e+02, not replacing live point.
09:47:01 [ultranest] [DEBUG] Plateau detected at L=-2.069976e+02, not replacing live point.
09:47:01 [ultranest] [DEBUG] Plateau detected at L=-2.069976e+02, not replacing live point.
09:47:01 [ultranest] [DEBUG] Plateau detected at L=-2.069976e+02, not replacing live point.
09:47:01 [ultranest] [DEBUG] Plateau detected at L=-2.069976e+02, not replacing live point.
09:47:01 [ultranest] [DEBUG] Plateau detected at L=-2.069976e+02, not replacing live point.
09:47:01 [ultranest] [DEBUG] Plateau detected at L=-2.069976e+02, not replacing live point.
09:47:01 [ultranest] [DEBUG] Plateau detected at L=-2.069976e+02, not replacing live point.
09:47:01 [ultranest] [DEBUG] Plateau detected at L=-2.069976e+02, not replacing live point.
09:47:01 [ultranest] [DEBUG] Plateau detected at L=-2.069976e+02, not replacing live point.
09:47:01 [ultranest] [DEBUG] Plateau detected at L=-2.069976e+02, not replacing live point.
09:47:01 [ultranest] [DEBUG] Plateau detected at L=-2.069976e+02, not replacing live point.
09:47:01 [ultranest] [DEBUG] Plateau detected at L=-2.069976e+02, not replacing live point.
09:47:01 [ultranest] [DEBUG] Plateau detected at L=-2.069976e+02, not replacing live point.
09:47:01 [ultranest] [DEBUG] Plateau detected at L=-2.069976e+02, not replacing live point.
09:47:01 [ultranest] [DEBUG] Plateau detected at L=-2.069976e+02, not replacing live point.
09:47:01 [ultranest] [DEBUG] Plateau detected at L=-2.069976e+02, not replacing live point.
09:47:01 [ultranest] [DEBUG] Plateau detected at L=-2.069976e+02, not replacing live point.
09:47:01 [ultranest] [DEBUG] Plateau detected at L=-2.069976e+02, not replacing live point.
09:47:01 [ultranest] [DEBUG] Plateau detected at L=-2.069976e+02, not replacing live point.
09:47:01 [ultranest] [DEBUG] Plateau detected at L=-2.069976e+02, not replacing live point.
09:47:01 [ultranest] [DEBUG] Plateau detected at L=-2.069976e+02, not replacing live point.
09:47:01 [ultranest] [DEBUG] Plateau detected at L=-2.069976e+02, not replacing live point.
09:47:01 [ultranest] [DEBUG] Plateau detected at L=-2.069976e+02, not replacing live point.
09:47:01 [ultranest] [DEBUG] Plateau detected at L=-2.069976e+02, not replacing live point.
09:47:01 [ultranest] [DEBUG] Plateau detected at L=-2.069976e+02, not replacing live point.
09:47:01 [ultranest] [DEBUG] Plateau detected at L=-2.069976e+02, not replacing live point.
09:47:01 [ultranest] [DEBUG] Plateau detected at L=-2.069976e+02, not replacing live point.
09:47:01 [ultranest] [DEBUG] Plateau detected at L=-2.069976e+02, not replacing live point.
09:47:01 [ultranest] [DEBUG] Plateau detected at L=-2.069976e+02, not replacing live point.
09:47:01 [ultranest] [DEBUG] Plateau detected at L=-2.069976e+02, not replacing live point.
09:47:01 [ultranest] [DEBUG] Plateau detected at L=-2.069976e+02, not replacing live point.
09:47:01 [ultranest] [DEBUG] Plateau detected at L=-2.069976e+02, not replacing live point.
09:47:01 [ultranest] [DEBUG] Plateau detected at L=-2.069976e+02, not replacing live point.
09:47:01 [ultranest] [DEBUG] Plateau detected at L=-2.069976e+02, not replacing live point.
09:47:01 [ultranest] [DEBUG] Plateau detected at L=-2.069976e+02, not replacing live point.
09:47:01 [ultranest] [DEBUG] Plateau detected at L=-2.069976e+02, not replacing live point.
09:47:01 [ultranest] [DEBUG] Plateau detected at L=-2.069976e+02, not replacing live point.
09:47:01 [ultranest] [DEBUG] Plateau detected at L=-2.069976e+02, not replacing live point.
09:47:01 [ultranest] [DEBUG] Plateau detected at L=-2.069976e+02, not replacing live point.
09:47:01 [ultranest] [DEBUG] Plateau detected at L=-2.069976e+02, not replacing live point.
09:47:01 [ultranest] [DEBUG] Plateau detected at L=-2.069976e+02, not replacing live point.
09:47:01 [ultranest] [DEBUG] Plateau detected at L=-2.069976e+02, not replacing live point.
09:47:01 [ultranest] [DEBUG] Plateau detected at L=-2.069976e+02, not replacing live point.
09:47:01 [ultranest] [DEBUG] Plateau detected at L=-2.069976e+02, not replacing live point.
09:47:01 [ultranest] [DEBUG] Plateau detected at L=-2.069976e+02, not replacing live point.
09:47:01 [ultranest] [DEBUG] Plateau detected at L=-2.069976e+02, not replacing live point.
09:47:01 [ultranest] [DEBUG] Plateau detected at L=-2.069976e+02, not replacing live point.
09:47:01 [ultranest] [DEBUG] Plateau detected at L=-2.069976e+02, not replacing live point.
09:47:01 [ultranest] [DEBUG] Plateau detected at L=-2.069976e+02, not replacing live point.
09:47:01 [ultranest] [DEBUG] Plateau detected at L=-2.069976e+02, not replacing live point.
09:47:01 [ultranest] [DEBUG] Plateau detected at L=-2.069976e+02, not replacing live point.
09:47:01 [ultranest] [DEBUG] Plateau detected at L=-2.069976e+02, not replacing live point.
09:47:01 [ultranest] [DEBUG] Plateau detected at L=-2.069976e+02, not replacing live point.
09:47:01 [ultranest] [DEBUG] Plateau detected at L=-2.069976e+02, not replacing live point.
09:47:01 [ultranest] [DEBUG] Plateau detected at L=-2.069976e+02, not replacing live point.
09:47:01 [ultranest] [DEBUG] Plateau detected at L=-2.069976e+02, not replacing live point.
09:47:01 [ultranest] [DEBUG] Plateau detected at L=-2.069976e+02, not replacing live point.
09:47:01 [ultranest] [DEBUG] Plateau detected at L=-2.069976e+02, not replacing live point.
09:47:01 [ultranest] [DEBUG] Plateau detected at L=-2.069976e+02, not replacing live point.
09:47:01 [ultranest] [DEBUG] Plateau detected at L=-2.069976e+02, not replacing live point.
09:47:01 [ultranest] [DEBUG] Plateau detected at L=-2.069976e+02, not replacing live point.
09:47:01 [ultranest] [DEBUG] Plateau detected at L=-2.069976e+02, not replacing live point.
09:47:01 [ultranest] [DEBUG] Plateau detected at L=-2.069976e+02, not replacing live point.
09:47:01 [ultranest] [DEBUG] Plateau detected at L=-2.069976e+02, not replacing live point.
09:47:01 [ultranest] [DEBUG] Plateau detected at L=-2.069976e+02, not replacing live point.
09:47:01 [ultranest] [DEBUG] Plateau detected at L=-2.069976e+02, not replacing live point.
09:47:01 [ultranest] [DEBUG] Plateau detected at L=-2.069976e+02, not replacing live point.
09:47:01 [ultranest] [DEBUG] Plateau detected at L=-2.069976e+02, not replacing live point.
09:47:01 [ultranest] [DEBUG] Plateau detected at L=-2.069976e+02, not replacing live point.
09:47:01 [ultranest] [DEBUG] Plateau detected at L=-2.069976e+02, not replacing live point.
09:47:01 [ultranest] [DEBUG] Plateau detected at L=-2.069976e+02, not replacing live point.
09:47:01 [ultranest] [DEBUG] Plateau detected at L=-2.069976e+02, not replacing live point.
09:47:01 [ultranest] [DEBUG] Plateau detected at L=-2.069976e+02, not replacing live point.
09:47:01 [ultranest] [DEBUG] Plateau detected at L=-2.069976e+02, not replacing live point.
09:47:01 [ultranest] [DEBUG] Plateau detected at L=-2.069976e+02, not replacing live point.
09:47:01 [ultranest] [DEBUG] Plateau detected at L=-2.069976e+02, not replacing live point.
09:47:01 [ultranest] [DEBUG] Plateau detected at L=-2.069976e+02, not replacing live point.
09:47:01 [ultranest] [DEBUG] Plateau detected at L=-2.069976e+02, not replacing live point.
09:47:01 [ultranest] [DEBUG] Plateau detected at L=-2.069976e+02, not replacing live point.
09:47:01 [ultranest] [DEBUG] Plateau detected at L=-2.069976e+02, not replacing live point.
09:47:01 [ultranest] [DEBUG] Plateau detected at L=-2.069976e+02, not replacing live point.
09:47:01 [ultranest] [DEBUG] Plateau detected at L=-2.069976e+02, not replacing live point.
09:47:01 [ultranest] [DEBUG] Plateau detected at L=-2.069976e+02, not replacing live point.
09:47:01 [ultranest] [DEBUG] Plateau detected at L=-2.069976e+02, not replacing live point.
09:47:01 [ultranest] [DEBUG] Plateau detected at L=-2.069976e+02, not replacing live point.
09:47:01 [ultranest] [DEBUG] Plateau detected at L=-2.069976e+02, not replacing live point.
09:47:01 [ultranest] [DEBUG] Plateau detected at L=-2.069976e+02, not replacing live point.
09:47:01 [ultranest] [DEBUG] Plateau detected at L=-2.069976e+02, not replacing live point.
09:47:01 [ultranest] [DEBUG] Plateau detected at L=-2.069976e+02, not replacing live point.
09:47:01 [ultranest] [DEBUG] Plateau detected at L=-2.069976e+02, not replacing live point.
09:47:01 [ultranest] [DEBUG] Plateau detected at L=-2.069976e+02, not replacing live point.
09:47:01 [ultranest] [DEBUG] Plateau detected at L=-2.069976e+02, not replacing live point.
09:47:01 [ultranest] [DEBUG] Plateau detected at L=-2.069976e+02, not replacing live point.
09:47:01 [ultranest] [DEBUG] Plateau detected at L=-2.069976e+02, not replacing live point.
09:47:01 [ultranest] [DEBUG] Plateau detected at L=-2.069976e+02, not replacing live point.
09:47:01 [ultranest] [DEBUG] Plateau detected at L=-2.069976e+02, not replacing live point.
09:47:01 [ultranest] [DEBUG] Plateau detected at L=-2.069976e+02, not replacing live point.
09:47:01 [ultranest] [DEBUG] Plateau detected at L=-2.069976e+02, not replacing live point.
09:47:01 [ultranest] [DEBUG] Plateau detected at L=-2.069976e+02, not replacing live point.
09:47:01 [ultranest] [DEBUG] Plateau detected at L=-2.069976e+02, not replacing live point.
09:47:01 [ultranest] [DEBUG] Plateau detected at L=-2.069976e+02, not replacing live point.
09:47:01 [ultranest] [DEBUG] Plateau detected at L=-2.069976e+02, not replacing live point.
09:47:01 [ultranest] [DEBUG] Plateau detected at L=-2.069976e+02, not replacing live point.
09:47:01 [ultranest] [DEBUG] Plateau detected at L=-2.069976e+02, not replacing live point.
09:47:01 [ultranest] [DEBUG] Plateau detected at L=-2.069976e+02, not replacing live point.
09:47:01 [ultranest] [DEBUG] Plateau detected at L=-2.069976e+02, not replacing live point.
09:47:01 [ultranest] [DEBUG] Plateau detected at L=-2.069976e+02, not replacing live point.
09:47:01 [ultranest] [DEBUG] Plateau detected at L=-2.069976e+02, not replacing live point.
09:47:01 [ultranest] [DEBUG] Plateau detected at L=-2.069976e+02, not replacing live point.
09:47:01 [ultranest] [DEBUG] Plateau detected at L=-2.069976e+02, not replacing live point.
09:47:01 [ultranest] [DEBUG] Plateau detected at L=-2.069976e+02, not replacing live point.
09:47:01 [ultranest] [DEBUG] Plateau detected at L=-2.069976e+02, not replacing live point.
09:47:01 [ultranest] [DEBUG] Plateau detected at L=-2.069976e+02, not replacing live point.
09:47:01 [ultranest] [DEBUG] Plateau detected at L=-2.069976e+02, not replacing live point.
09:47:01 [ultranest] [DEBUG] Plateau detected at L=-2.069976e+02, not replacing live point.
09:47:01 [ultranest] [DEBUG] Plateau detected at L=-2.069976e+02, not replacing live point.
09:47:01 [ultranest] [DEBUG] Plateau detected at L=-2.069976e+02, not replacing live point.
09:47:01 [ultranest] [DEBUG] Plateau detected at L=-2.069976e+02, not replacing live point.
09:47:01 [ultranest] [DEBUG] Plateau detected at L=-2.069976e+02, not replacing live point.
09:47:01 [ultranest] [DEBUG] Plateau detected at L=-2.069976e+02, not replacing live point.
09:47:01 [ultranest] [DEBUG] Plateau detected at L=-2.069976e+02, not replacing live point.
09:47:01 [ultranest] [DEBUG] Plateau detected at L=-2.069976e+02, not replacing live point.
09:47:01 [ultranest] [DEBUG] Plateau detected at L=-2.069976e+02, not replacing live point.
09:47:01 [ultranest] [DEBUG] Plateau detected at L=-2.069976e+02, not replacing live point.
09:47:01 [ultranest] [DEBUG] Plateau detected at L=-2.069976e+02, not replacing live point.
09:47:01 [ultranest] [DEBUG] Plateau detected at L=-2.069976e+02, not replacing live point.
09:47:01 [ultranest] [DEBUG] Plateau detected at L=-2.069976e+02, not replacing live point.
09:47:01 [ultranest] [DEBUG] Plateau detected at L=-2.069976e+02, not replacing live point.
09:47:01 [ultranest] [DEBUG] Plateau detected at L=-2.069976e+02, not replacing live point.
09:47:01 [ultranest] [DEBUG] Plateau detected at L=-2.069976e+02, not replacing live point.
09:47:01 [ultranest] [DEBUG] Plateau detected at L=-2.069976e+02, not replacing live point.
09:47:01 [ultranest] [DEBUG] Plateau detected at L=-2.069976e+02, not replacing live point.
09:47:01 [ultranest] [DEBUG] Plateau detected at L=-2.069976e+02, not replacing live point.
09:47:01 [ultranest] [DEBUG] Plateau detected at L=-2.069976e+02, not replacing live point.
09:47:01 [ultranest] [DEBUG] Plateau detected at L=-2.069976e+02, not replacing live point.
09:47:01 [ultranest] [DEBUG] Plateau detected at L=-2.069976e+02, not replacing live point.
09:47:01 [ultranest] [DEBUG] Plateau detected at L=-2.069976e+02, not replacing live point.
09:47:01 [ultranest] [DEBUG] Plateau detected at L=-2.069976e+02, not replacing live point.
09:47:01 [ultranest] [DEBUG] Plateau detected at L=-2.069976e+02, not replacing live point.
09:47:01 [ultranest] [DEBUG] Plateau detected at L=-2.069976e+02, not replacing live point.
09:47:01 [ultranest] [DEBUG] Plateau detected at L=-2.069976e+02, not replacing live point.
09:47:01 [ultranest] [DEBUG] Plateau detected at L=-2.069976e+02, not replacing live point.
09:47:01 [ultranest] [DEBUG] Plateau detected at L=-2.069976e+02, not replacing live point.
09:47:01 [ultranest] [DEBUG] Plateau detected at L=-2.069976e+02, not replacing live point.
09:47:01 [ultranest] [DEBUG] Plateau detected at L=-2.069976e+02, not replacing live point.
09:47:01 [ultranest] [DEBUG] Plateau detected at L=-2.069976e+02, not replacing live point.
09:47:01 [ultranest] [DEBUG] Plateau detected at L=-2.069976e+02, not replacing live point.
09:47:01 [ultranest] [DEBUG] Plateau detected at L=-2.069976e+02, not replacing live point.
09:47:01 [ultranest] [DEBUG] Plateau detected at L=-2.069976e+02, not replacing live point.
09:47:01 [ultranest] [DEBUG] Plateau detected at L=-2.069976e+02, not replacing live point.
09:47:01 [ultranest] [DEBUG] Plateau detected at L=-2.069976e+02, not replacing live point.
09:47:01 [ultranest] [DEBUG] Plateau detected at L=-2.069976e+02, not replacing live point.
09:47:01 [ultranest] [DEBUG] Plateau detected at L=-2.069976e+02, not replacing live point.
09:47:01 [ultranest] [DEBUG] iteration=270, ncalls=476, regioncalls=3040, ndraw=40, logz=-207.83, remainder_fraction=100.0000%, Lmin=-207.00, Lmax=-37.05
09:47:01 [ultranest] [DEBUG] Plateau detected at L=-2.069976e+02, not replacing live point.
09:47:01 [ultranest] [DEBUG] Plateau detected at L=-2.069976e+02, not replacing live point.
09:47:01 [ultranest] [DEBUG] iteration=273, ncalls=479, regioncalls=3160, ndraw=40, logz=-207.82, remainder_fraction=100.0000%, Lmin=-207.00, Lmax=-37.05
09:47:01 [ultranest] [DEBUG] Plateau detected at L=-2.069976e+02, not replacing live point.
09:47:01 [ultranest] [DEBUG] iteration=275, ncalls=480, regioncalls=3200, ndraw=40, logz=-207.81, remainder_fraction=100.0000%, Lmin=-207.00, Lmax=-37.05
09:47:01 [ultranest] [DEBUG] Plateau detected at L=-2.069976e+02, not replacing live point.
09:47:01 [ultranest] [DEBUG] iteration=278, ncalls=486, regioncalls=3440, ndraw=40, logz=-207.79, remainder_fraction=100.0000%, Lmin=-207.00, Lmax=-37.05
09:47:01 [ultranest] [DEBUG] iteration=280, ncalls=489, regioncalls=3560, ndraw=40, logz=-207.78, remainder_fraction=100.0000%, Lmin=-207.00, Lmax=-37.05
09:47:02 [ultranest] [DEBUG] iteration=304, ncalls=527, regioncalls=5080, ndraw=40, logz=-207.69, remainder_fraction=100.0000%, Lmin=-207.00, Lmax=-37.05
09:47:02 [ultranest] [DEBUG] iteration=320, ncalls=560, regioncalls=6400, ndraw=40, logz=-207.63, remainder_fraction=100.0000%, Lmin=-207.00, Lmax=-37.05
09:47:02 [ultranest] [DEBUG] iteration=338, ncalls=599, regioncalls=7960, ndraw=40, logz=-207.58, remainder_fraction=100.0000%, Lmin=-207.00, Lmax=-37.05
09:47:02 [ultranest] [DEBUG] iteration=358, ncalls=643, regioncalls=9720, ndraw=40, logz=-207.53, remainder_fraction=100.0000%, Lmin=-207.00, Lmax=-37.05
09:47:02 [ultranest] [DEBUG] iteration=360, ncalls=646, regioncalls=9840, ndraw=40, logz=-207.53, remainder_fraction=100.0000%, Lmin=-207.00, Lmax=-37.05
09:47:02 [ultranest] [DEBUG] iteration=379, ncalls=683, regioncalls=11320, ndraw=40, logz=-207.48, remainder_fraction=100.0000%, Lmin=-207.00, Lmax=-37.05
09:47:02 [ultranest] [DEBUG] iteration=398, ncalls=727, regioncalls=13080, ndraw=40, logz=-207.45, remainder_fraction=100.0000%, Lmin=-207.00, Lmax=-37.05
09:47:02 [ultranest] [DEBUG] iteration=400, ncalls=729, regioncalls=13160, ndraw=40, logz=-207.45, remainder_fraction=100.0000%, Lmin=-207.00, Lmax=-37.05
09:47:02 [ultranest] [DEBUG] iteration=416, ncalls=768, regioncalls=14720, ndraw=40, logz=-207.42, remainder_fraction=100.0000%, Lmin=-206.99, Lmax=-37.05
09:47:02 [ultranest] [DEBUG] iteration=434, ncalls=814, regioncalls=16560, ndraw=40, logz=-207.39, remainder_fraction=100.0000%, Lmin=-206.98, Lmax=-37.05
09:47:02 [ultranest] [DEBUG] iteration=440, ncalls=832, regioncalls=17280, ndraw=40, logz=-207.38, remainder_fraction=100.0000%, Lmin=-206.97, Lmax=-37.05
09:47:02 [ultranest] [DEBUG] iteration=457, ncalls=873, regioncalls=18920, ndraw=40, logz=-207.36, remainder_fraction=100.0000%, Lmin=-206.93, Lmax=-37.05
09:47:02 [ultranest] [DEBUG] iteration=476, ncalls=915, regioncalls=20600, ndraw=40, logz=-207.34, remainder_fraction=100.0000%, Lmin=-206.85, Lmax=-22.11
09:47:02 [ultranest] [DEBUG] iteration=480, ncalls=922, regioncalls=20880, ndraw=40, logz=-207.33, remainder_fraction=100.0000%, Lmin=-206.82, Lmax=-22.11
09:47:03 [ultranest] [DEBUG] iteration=495, ncalls=965, regioncalls=22600, ndraw=40, logz=-207.32, remainder_fraction=100.0000%, Lmin=-206.72, Lmax=-22.11
09:47:03 [ultranest] [DEBUG] iteration=508, ncalls=1003, regioncalls=24120, ndraw=40, logz=-207.30, remainder_fraction=100.0000%, Lmin=-206.55, Lmax=-22.11
09:47:03 [ultranest] [DEBUG] iteration=520, ncalls=1032, regioncalls=25280, ndraw=40, logz=-207.28, remainder_fraction=100.0000%, Lmin=-206.12, Lmax=-22.11
09:47:03 [ultranest] [DEBUG] iteration=533, ncalls=1075, regioncalls=27000, ndraw=40, logz=-207.26, remainder_fraction=100.0000%, Lmin=-205.89, Lmax=-22.11
09:47:03 [ultranest] [DEBUG] iteration=536, ncalls=1095, regioncalls=27800, ndraw=40, logz=-207.25, remainder_fraction=100.0000%, Lmin=-205.79, Lmax=-19.01
09:47:03 [ultranest] [DEBUG] iteration=549, ncalls=1141, regioncalls=29640, ndraw=40, logz=-207.21, remainder_fraction=100.0000%, Lmin=-205.31, Lmax=-19.01
09:47:03 [ultranest] [DEBUG] iteration=560, ncalls=1166, regioncalls=30640, ndraw=40, logz=-207.16, remainder_fraction=100.0000%, Lmin=-204.32, Lmax=-19.01
09:47:03 [ultranest] [DEBUG] iteration=576, ncalls=1217, regioncalls=32680, ndraw=40, logz=-206.96, remainder_fraction=100.0000%, Lmin=-202.90, Lmax=-19.01
09:47:03 [ultranest] [DEBUG] iteration=579, ncalls=1227, regioncalls=33080, ndraw=40, logz=-206.88, remainder_fraction=100.0000%, Lmin=-202.57, Lmax=-19.01
09:47:03 [ultranest] [DEBUG] iteration=597, ncalls=1272, regioncalls=34880, ndraw=40, logz=-205.93, remainder_fraction=100.0000%, Lmin=-200.87, Lmax=-15.50
09:47:03 [ultranest] [DEBUG] iteration=600, ncalls=1275, regioncalls=35000, ndraw=40, logz=-205.75, remainder_fraction=100.0000%, Lmin=-200.50, Lmax=-15.50
09:47:03 [ultranest] [DEBUG] iteration=617, ncalls=1323, regioncalls=36920, ndraw=40, logz=-204.27, remainder_fraction=100.0000%, Lmin=-198.67, Lmax=-15.50
09:47:03 [ultranest] [DEBUG] iteration=622, ncalls=1341, regioncalls=37640, ndraw=40, logz=-203.77, remainder_fraction=100.0000%, Lmin=-198.08, Lmax=-15.50
09:47:04 [ultranest] [DEBUG] iteration=637, ncalls=1390, regioncalls=39600, ndraw=40, logz=-201.72, remainder_fraction=100.0000%, Lmin=-194.55, Lmax=-15.50
09:47:04 [ultranest] [DEBUG] iteration=640, ncalls=1398, regioncalls=39920, ndraw=40, logz=-200.61, remainder_fraction=100.0000%, Lmin=-193.55, Lmax=-15.50
09:47:04 [ultranest] [DEBUG] iteration=654, ncalls=1451, regioncalls=42040, ndraw=40, logz=-197.17, remainder_fraction=100.0000%, Lmin=-189.45, Lmax=-15.50
09:47:04 [ultranest] [DEBUG] iteration=665, ncalls=1500, regioncalls=44000, ndraw=40, logz=-193.99, remainder_fraction=100.0000%, Lmin=-187.11, Lmax=-15.50
09:47:04 [ultranest] [DEBUG] iteration=680, ncalls=1534, regioncalls=45360, ndraw=40, logz=-189.31, remainder_fraction=100.0000%, Lmin=-182.21, Lmax=-15.50
09:47:04 [ultranest] [DEBUG] iteration=695, ncalls=1580, regioncalls=47200, ndraw=40, logz=-185.22, remainder_fraction=100.0000%, Lmin=-176.15, Lmax=-15.50
09:47:04 [ultranest] [DEBUG] iteration=708, ncalls=1613, regioncalls=48520, ndraw=40, logz=-179.29, remainder_fraction=100.0000%, Lmin=-172.17, Lmax=-15.50
09:47:04 [ultranest] [DEBUG] iteration=720, ncalls=1639, regioncalls=49560, ndraw=40, logz=-176.53, remainder_fraction=100.0000%, Lmin=-169.28, Lmax=-15.50
09:47:04 [ultranest] [DEBUG] iteration=738, ncalls=1682, regioncalls=51280, ndraw=40, logz=-170.93, remainder_fraction=100.0000%, Lmin=-163.45, Lmax=-15.50
09:47:04 [ultranest] [DEBUG] iteration=751, ncalls=1729, regioncalls=53200, ndraw=40, logz=-164.97, remainder_fraction=100.0000%, Lmin=-156.64, Lmax=-15.50
09:47:04 [ultranest] [DEBUG] iteration=760, ncalls=1743, regioncalls=53760, ndraw=40, logz=-161.38, remainder_fraction=100.0000%, Lmin=-154.11, Lmax=-15.50
09:47:05 [ultranest] [DEBUG] iteration=774, ncalls=1790, regioncalls=55640, ndraw=40, logz=-156.89, remainder_fraction=100.0000%, Lmin=-149.31, Lmax=-15.50
09:47:05 [ultranest] [DEBUG] iteration=788, ncalls=1842, regioncalls=57760, ndraw=40, logz=-150.98, remainder_fraction=100.0000%, Lmin=-143.26, Lmax=-15.50
09:47:05 [ultranest] [DEBUG] iteration=794, ncalls=1858, regioncalls=58400, ndraw=40, logz=-149.51, remainder_fraction=100.0000%, Lmin=-141.98, Lmax=-15.50
09:47:05 [ultranest] [DEBUG] iteration=800, ncalls=1873, regioncalls=59000, ndraw=40, logz=-148.31, remainder_fraction=100.0000%, Lmin=-140.91, Lmax=-15.50
09:47:05 [ultranest] [DEBUG] iteration=809, ncalls=1918, regioncalls=60800, ndraw=40, logz=-145.76, remainder_fraction=100.0000%, Lmin=-138.28, Lmax=-15.50
09:47:05 [ultranest] [DEBUG] iteration=827, ncalls=1968, regioncalls=62840, ndraw=40, logz=-139.01, remainder_fraction=100.0000%, Lmin=-130.09, Lmax=-15.50
09:47:05 [ultranest] [DEBUG] clustering found some stray points [need_accept=False] (array([1, 2]), array([191,   1]))
09:47:05 [ultranest] [DEBUG] iteration=839, ncalls=2020, regioncalls=64920, ndraw=40, logz=-134.04, remainder_fraction=100.0000%, Lmin=-126.14, Lmax=-15.50
09:47:05 [ultranest] [DEBUG] iteration=840, ncalls=2023, regioncalls=65040, ndraw=40, logz=-133.78, remainder_fraction=100.0000%, Lmin=-126.07, Lmax=-15.50
09:47:05 [ultranest] [DEBUG] iteration=857, ncalls=2065, regioncalls=66720, ndraw=40, logz=-128.75, remainder_fraction=100.0000%, Lmin=-120.90, Lmax=-15.50
09:47:05 [ultranest] [DEBUG] iteration=868, ncalls=2103, regioncalls=68240, ndraw=40, logz=-125.49, remainder_fraction=100.0000%, Lmin=-117.27, Lmax=-15.50
09:47:05 [ultranest] [DEBUG] iteration=880, ncalls=2142, regioncalls=69800, ndraw=40, logz=-121.11, remainder_fraction=100.0000%, Lmin=-112.91, Lmax=-15.50
09:47:05 [ultranest] [DEBUG] iteration=897, ncalls=2185, regioncalls=71520, ndraw=40, logz=-114.51, remainder_fraction=100.0000%, Lmin=-106.06, Lmax=-15.50
09:47:06 [ultranest] [DEBUG] iteration=914, ncalls=2235, regioncalls=73520, ndraw=40, logz=-109.14, remainder_fraction=100.0000%, Lmin=-100.99, Lmax=-15.50
09:47:06 [ultranest] [DEBUG] iteration=920, ncalls=2255, regioncalls=74320, ndraw=40, logz=-107.82, remainder_fraction=100.0000%, Lmin=-98.87, Lmax=-15.50
09:47:06 [ultranest] [DEBUG] iteration=923, ncalls=2264, regioncalls=74720, ndraw=40, logz=-106.22, remainder_fraction=100.0000%, Lmin=-97.53, Lmax=-15.50
09:47:06 [ultranest] [DEBUG] iteration=937, ncalls=2302, regioncalls=76320, ndraw=40, logz=-101.36, remainder_fraction=100.0000%, Lmin=-92.63, Lmax=-15.50
09:47:06 [ultranest] [DEBUG] iteration=952, ncalls=2350, regioncalls=78240, ndraw=40, logz=-96.07, remainder_fraction=100.0000%, Lmin=-87.25, Lmax=-15.50
09:47:06 [ultranest] [DEBUG] iteration=960, ncalls=2376, regioncalls=79280, ndraw=40, logz=-92.80, remainder_fraction=100.0000%, Lmin=-84.07, Lmax=-15.50
09:47:06 [ultranest] [DEBUG] iteration=973, ncalls=2416, regioncalls=80880, ndraw=40, logz=-88.61, remainder_fraction=100.0000%, Lmin=-80.31, Lmax=-15.50
09:47:06 [ultranest] [DEBUG] iteration=986, ncalls=2458, regioncalls=82560, ndraw=40, logz=-85.45, remainder_fraction=100.0000%, Lmin=-76.72, Lmax=-15.50
09:47:06 [ultranest] [DEBUG] iteration=1000, ncalls=2491, regioncalls=83880, ndraw=40, logz=-81.14, remainder_fraction=100.0000%, Lmin=-72.05, Lmax=-15.50
09:47:06 [ultranest] [DEBUG] iteration=1011, ncalls=2543, regioncalls=85960, ndraw=40, logz=-78.59, remainder_fraction=100.0000%, Lmin=-70.46, Lmax=-15.50
09:47:06 [ultranest] [DEBUG] iteration=1023, ncalls=2589, regioncalls=87800, ndraw=40, logz=-76.73, remainder_fraction=100.0000%, Lmin=-68.30, Lmax=-15.50
09:47:06 [ultranest] [DEBUG] iteration=1032, ncalls=2641, regioncalls=89880, ndraw=40, logz=-74.53, remainder_fraction=100.0000%, Lmin=-65.66, Lmax=-15.50
09:47:07 [ultranest] [DEBUG] iteration=1040, ncalls=2665, regioncalls=90840, ndraw=40, logz=-72.53, remainder_fraction=100.0000%, Lmin=-63.29, Lmax=-15.50
09:47:07 [ultranest] [DEBUG] iteration=1054, ncalls=2706, regioncalls=92480, ndraw=40, logz=-69.28, remainder_fraction=100.0000%, Lmin=-60.51, Lmax=-15.50
09:47:07 [ultranest] [DEBUG] iteration=1066, ncalls=2751, regioncalls=94280, ndraw=40, logz=-66.95, remainder_fraction=100.0000%, Lmin=-58.48, Lmax=-15.50
09:47:07 [ultranest] [DEBUG] iteration=1080, ncalls=2796, regioncalls=96080, ndraw=40, logz=-63.83, remainder_fraction=100.0000%, Lmin=-54.97, Lmax=-15.50
09:47:07 [ultranest] [DEBUG] iteration=1088, ncalls=2840, regioncalls=97840, ndraw=40, logz=-61.98, remainder_fraction=100.0000%, Lmin=-52.95, Lmax=-15.13
09:47:07 [ultranest] [DEBUG] iteration=1097, ncalls=2895, regioncalls=100040, ndraw=40, logz=-60.42, remainder_fraction=100.0000%, Lmin=-51.86, Lmax=-15.13
09:47:07 [ultranest] [DEBUG] iteration=1108, ncalls=2939, regioncalls=101800, ndraw=40, logz=-58.53, remainder_fraction=100.0000%, Lmin=-49.82, Lmax=-15.13
09:47:07 [ultranest] [DEBUG] iteration=1119, ncalls=2990, regioncalls=103840, ndraw=40, logz=-57.21, remainder_fraction=100.0000%, Lmin=-49.00, Lmax=-15.13
09:47:07 [ultranest] [DEBUG] iteration=1120, ncalls=2994, regioncalls=104000, ndraw=40, logz=-57.12, remainder_fraction=100.0000%, Lmin=-48.92, Lmax=-15.13
09:47:07 [ultranest] [DEBUG] iteration=1134, ncalls=3041, regioncalls=105880, ndraw=40, logz=-55.07, remainder_fraction=100.0000%, Lmin=-46.41, Lmax=-15.13
09:47:08 [ultranest] [DEBUG] iteration=1142, ncalls=3085, regioncalls=107640, ndraw=40, logz=-54.01, remainder_fraction=100.0000%, Lmin=-45.48, Lmax=-15.13
09:47:08 [ultranest] [DEBUG] iteration=1155, ncalls=3130, regioncalls=109440, ndraw=40, logz=-52.72, remainder_fraction=100.0000%, Lmin=-43.97, Lmax=-15.13
09:47:08 [ultranest] [DEBUG] iteration=1160, ncalls=3163, regioncalls=110760, ndraw=40, logz=-52.08, remainder_fraction=100.0000%, Lmin=-43.27, Lmax=-15.13
09:47:08 [ultranest] [DEBUG] iteration=1168, ncalls=3229, regioncalls=113400, ndraw=40, logz=-51.13, remainder_fraction=100.0000%, Lmin=-42.26, Lmax=-15.13
09:47:08 [ultranest] [DEBUG] iteration=1177, ncalls=3279, regioncalls=115400, ndraw=40, logz=-50.12, remainder_fraction=100.0000%, Lmin=-41.39, Lmax=-15.13
09:47:08 [ultranest] [DEBUG] iteration=1182, ncalls=3337, regioncalls=117720, ndraw=40, logz=-49.56, remainder_fraction=100.0000%, Lmin=-40.88, Lmax=-15.13
09:47:08 [ultranest] [DEBUG] iteration=1195, ncalls=3381, regioncalls=119480, ndraw=40, logz=-48.00, remainder_fraction=100.0000%, Lmin=-39.21, Lmax=-15.13
09:47:08 [ultranest] [DEBUG] iteration=1200, ncalls=3411, regioncalls=120680, ndraw=40, logz=-47.30, remainder_fraction=100.0000%, Lmin=-38.31, Lmax=-15.13
09:47:08 [ultranest] [DEBUG] iteration=1205, ncalls=3451, regioncalls=122280, ndraw=40, logz=-46.64, remainder_fraction=100.0000%, Lmin=-37.62, Lmax=-15.13
09:47:09 [ultranest] [DEBUG] iteration=1214, ncalls=3506, regioncalls=124480, ndraw=40, logz=-45.70, remainder_fraction=100.0000%, Lmin=-37.04, Lmax=-15.13
09:47:09 [ultranest] [DEBUG] iteration=1224, ncalls=3559, regioncalls=126720, ndraw=40, logz=-44.79, remainder_fraction=100.0000%, Lmin=-36.13, Lmax=-15.13
09:47:09 [ultranest] [DEBUG] iteration=1230, ncalls=3605, regioncalls=128560, ndraw=40, logz=-44.22, remainder_fraction=100.0000%, Lmin=-35.55, Lmax=-15.13
09:47:09 [ultranest] [DEBUG] iteration=1238, ncalls=3659, regioncalls=130720, ndraw=40, logz=-43.63, remainder_fraction=100.0000%, Lmin=-35.08, Lmax=-15.13
09:47:09 [ultranest] [DEBUG] iteration=1240, ncalls=3684, regioncalls=131720, ndraw=40, logz=-43.49, remainder_fraction=100.0000%, Lmin=-34.84, Lmax=-15.13
09:47:09 [ultranest] [DEBUG] iteration=1249, ncalls=3740, regioncalls=133960, ndraw=40, logz=-42.82, remainder_fraction=100.0000%, Lmin=-34.24, Lmax=-15.13
09:47:09 [ultranest] [DEBUG] iteration=1256, ncalls=3791, regioncalls=136000, ndraw=40, logz=-42.38, remainder_fraction=100.0000%, Lmin=-33.90, Lmax=-15.13
09:47:09 [ultranest] [DEBUG] iteration=1265, ncalls=3845, regioncalls=138160, ndraw=40, logz=-41.90, remainder_fraction=100.0000%, Lmin=-33.55, Lmax=-15.13
09:47:09 [ultranest] [DEBUG] iteration=1267, ncalls=3889, regioncalls=139920, ndraw=40, logz=-41.80, remainder_fraction=100.0000%, Lmin=-33.42, Lmax=-15.13
09:47:10 [ultranest] [DEBUG] iteration=1273, ncalls=3932, regioncalls=141640, ndraw=40, logz=-41.46, remainder_fraction=100.0000%, Lmin=-32.95, Lmax=-15.13
09:47:10 [ultranest] [DEBUG] iteration=1280, ncalls=3983, regioncalls=143680, ndraw=40, logz=-41.07, remainder_fraction=100.0000%, Lmin=-32.43, Lmax=-15.13
09:47:10 [ultranest] [DEBUG] iteration=1285, ncalls=4025, regioncalls=145360, ndraw=40, logz=-40.74, remainder_fraction=100.0000%, Lmin=-31.92, Lmax=-15.13
09:47:10 [ultranest] [DEBUG] iteration=1292, ncalls=4077, regioncalls=147440, ndraw=40, logz=-40.27, remainder_fraction=100.0000%, Lmin=-31.47, Lmax=-15.13
09:47:10 [ultranest] [DEBUG] iteration=1301, ncalls=4133, regioncalls=149680, ndraw=40, logz=-39.67, remainder_fraction=100.0000%, Lmin=-30.82, Lmax=-15.13
09:47:10 [ultranest] [DEBUG] iteration=1306, ncalls=4178, regioncalls=151480, ndraw=40, logz=-39.34, remainder_fraction=100.0000%, Lmin=-30.50, Lmax=-15.13
09:47:10 [ultranest] [DEBUG] iteration=1310, ncalls=4212, regioncalls=152880, ndraw=40, logz=-39.07, remainder_fraction=99.9999%, Lmin=-30.32, Lmax=-15.13
09:47:10 [ultranest] [DEBUG] iteration=1320, ncalls=4236, regioncalls=153840, ndraw=40, logz=-38.47, remainder_fraction=99.9999%, Lmin=-29.60, Lmax=-15.13
09:47:10 [ultranest] [DEBUG] iteration=1336, ncalls=4262, regioncalls=154880, ndraw=40, logz=-37.59, remainder_fraction=99.9998%, Lmin=-28.82, Lmax=-14.91
09:47:10 [ultranest] [DEBUG] iteration=1347, ncalls=4296, regioncalls=156280, ndraw=40, logz=-37.03, remainder_fraction=99.9996%, Lmin=-28.21, Lmax=-14.91
09:47:11 [ultranest] [DEBUG] iteration=1360, ncalls=4323, regioncalls=157360, ndraw=40, logz=-36.31, remainder_fraction=99.9992%, Lmin=-27.34, Lmax=-14.91
09:47:11 [ultranest] [DEBUG] iteration=1374, ncalls=4366, regioncalls=159080, ndraw=40, logz=-35.60, remainder_fraction=99.9985%, Lmin=-26.77, Lmax=-14.91
09:47:11 [ultranest] [DEBUG] iteration=1392, ncalls=4414, regioncalls=161000, ndraw=40, logz=-34.85, remainder_fraction=99.9965%, Lmin=-25.99, Lmax=-14.91
09:47:11 [ultranest] [DEBUG] iteration=1400, ncalls=4432, regioncalls=161720, ndraw=40, logz=-34.51, remainder_fraction=99.9950%, Lmin=-25.72, Lmax=-14.91
09:47:11 [ultranest] [DEBUG] iteration=1414, ncalls=4482, regioncalls=163720, ndraw=40, logz=-33.97, remainder_fraction=99.9923%, Lmin=-25.12, Lmax=-14.88
09:47:11 [ultranest] [DEBUG] iteration=1428, ncalls=4534, regioncalls=165800, ndraw=40, logz=-33.44, remainder_fraction=99.9870%, Lmin=-24.61, Lmax=-14.88
09:47:11 [ultranest] [DEBUG] iteration=1440, ncalls=4561, regioncalls=166880, ndraw=40, logz=-32.96, remainder_fraction=99.9794%, Lmin=-23.84, Lmax=-14.88
09:47:11 [ultranest] [DEBUG] iteration=1449, ncalls=4604, regioncalls=168600, ndraw=40, logz=-32.59, remainder_fraction=99.9717%, Lmin=-23.52, Lmax=-14.88
09:47:11 [ultranest] [DEBUG] iteration=1467, ncalls=4644, regioncalls=170200, ndraw=40, logz=-31.92, remainder_fraction=99.9452%, Lmin=-22.72, Lmax=-14.88
09:47:11 [ultranest] [DEBUG] iteration=1480, ncalls=4678, regioncalls=171560, ndraw=40, logz=-31.41, remainder_fraction=99.9136%, Lmin=-22.31, Lmax=-14.88
09:47:11 [ultranest] [DEBUG] iteration=1482, ncalls=4685, regioncalls=171920, ndraw=40, logz=-31.34, remainder_fraction=99.9065%, Lmin=-22.29, Lmax=-14.88
09:47:12 [ultranest] [DEBUG] iteration=1494, ncalls=4722, regioncalls=173400, ndraw=40, logz=-30.97, remainder_fraction=99.8645%, Lmin=-21.97, Lmax=-14.88
09:47:12 [ultranest] [DEBUG] iteration=1517, ncalls=4759, regioncalls=174880, ndraw=40, logz=-30.25, remainder_fraction=99.7345%, Lmin=-21.09, Lmax=-14.88
09:47:12 [ultranest] [DEBUG] iteration=1520, ncalls=4772, regioncalls=175400, ndraw=40, logz=-30.16, remainder_fraction=99.7083%, Lmin=-20.93, Lmax=-14.88
09:47:12 [ultranest] [DEBUG] iteration=1525, ncalls=4783, regioncalls=175880, ndraw=40, logz=-30.00, remainder_fraction=99.6701%, Lmin=-20.82, Lmax=-14.88
09:47:12 [ultranest] [DEBUG] iteration=1537, ncalls=4826, regioncalls=177600, ndraw=40, logz=-29.67, remainder_fraction=99.5621%, Lmin=-20.62, Lmax=-14.88
09:47:12 [ultranest] [DEBUG] iteration=1557, ncalls=4864, regioncalls=179120, ndraw=40, logz=-29.18, remainder_fraction=99.2633%, Lmin=-20.09, Lmax=-14.88
09:47:12 [ultranest] [DEBUG] iteration=1560, ncalls=4874, regioncalls=179520, ndraw=40, logz=-29.11, remainder_fraction=99.2157%, Lmin=-20.04, Lmax=-14.88
09:47:12 [ultranest] [DEBUG] iteration=1577, ncalls=4914, regioncalls=181120, ndraw=40, logz=-28.76, remainder_fraction=98.8662%, Lmin=-19.75, Lmax=-14.88
09:47:12 [ultranest] [DEBUG] iteration=1592, ncalls=4958, regioncalls=182880, ndraw=40, logz=-28.47, remainder_fraction=98.4886%, Lmin=-19.42, Lmax=-14.88
09:47:12 [ultranest] [DEBUG] iteration=1600, ncalls=4977, regioncalls=183640, ndraw=40, logz=-28.33, remainder_fraction=98.2721%, Lmin=-19.27, Lmax=-14.88
09:47:12 [ultranest] [DEBUG] iteration=1611, ncalls=5008, regioncalls=184960, ndraw=40, logz=-28.14, remainder_fraction=97.9395%, Lmin=-19.12, Lmax=-14.88
09:47:12 [ultranest] [DEBUG] iteration=1627, ncalls=5050, regioncalls=186640, ndraw=40, logz=-27.89, remainder_fraction=97.3088%, Lmin=-18.92, Lmax=-14.88
09:47:12 [ultranest] [DEBUG] iteration=1640, ncalls=5081, regioncalls=187880, ndraw=40, logz=-27.71, remainder_fraction=96.7626%, Lmin=-18.76, Lmax=-14.88
09:47:13 [ultranest] [DEBUG] iteration=1654, ncalls=5118, regioncalls=189400, ndraw=40, logz=-27.54, remainder_fraction=96.0625%, Lmin=-18.53, Lmax=-14.88
09:47:13 [ultranest] [DEBUG] iteration=1669, ncalls=5160, regioncalls=191120, ndraw=40, logz=-27.34, remainder_fraction=95.1180%, Lmin=-18.26, Lmax=-14.88
09:47:13 [ultranest] [DEBUG] iteration=1680, ncalls=5182, regioncalls=192000, ndraw=40, logz=-27.20, remainder_fraction=94.2658%, Lmin=-18.02, Lmax=-14.88
09:47:13 [ultranest] [DEBUG] iteration=1697, ncalls=5214, regioncalls=193400, ndraw=40, logz=-26.97, remainder_fraction=92.6559%, Lmin=-17.76, Lmax=-14.88
09:47:13 [ultranest] [DEBUG] iteration=1717, ncalls=5255, regioncalls=195040, ndraw=40, logz=-26.74, remainder_fraction=90.5939%, Lmin=-17.57, Lmax=-14.88
09:47:13 [ultranest] [DEBUG] iteration=1720, ncalls=5258, regioncalls=195160, ndraw=40, logz=-26.70, remainder_fraction=90.3052%, Lmin=-17.56, Lmax=-14.88
09:47:13 [ultranest] [DEBUG] iteration=1740, ncalls=5298, regioncalls=196760, ndraw=40, logz=-26.51, remainder_fraction=88.1302%, Lmin=-17.40, Lmax=-14.88
09:47:13 [ultranest] [DEBUG] iteration=1751, ncalls=5337, regioncalls=198320, ndraw=40, logz=-26.40, remainder_fraction=87.0151%, Lmin=-17.22, Lmax=-14.88
09:47:13 [ultranest] [DEBUG] iteration=1760, ncalls=5358, regioncalls=199160, ndraw=40, logz=-26.32, remainder_fraction=85.7986%, Lmin=-17.16, Lmax=-14.88
09:47:13 [ultranest] [DEBUG] iteration=1779, ncalls=5398, regioncalls=200760, ndraw=40, logz=-26.16, remainder_fraction=83.0459%, Lmin=-16.99, Lmax=-14.88
09:47:13 [ultranest] [DEBUG] iteration=1783, ncalls=5411, regioncalls=201400, ndraw=40, logz=-26.13, remainder_fraction=82.6354%, Lmin=-16.96, Lmax=-14.88
09:47:13 [ultranest] [DEBUG] iteration=1800, ncalls=5438, regioncalls=202480, ndraw=40, logz=-26.00, remainder_fraction=80.0585%, Lmin=-16.77, Lmax=-14.88
09:47:13 [ultranest] [DEBUG] iteration=1822, ncalls=5480, regioncalls=204160, ndraw=40, logz=-25.84, remainder_fraction=76.7263%, Lmin=-16.60, Lmax=-14.86
09:47:14 [ultranest] [DEBUG] iteration=1826, ncalls=5490, regioncalls=204600, ndraw=40, logz=-25.81, remainder_fraction=76.0905%, Lmin=-16.58, Lmax=-14.86
09:47:14 [ultranest] [DEBUG] iteration=1840, ncalls=5518, regioncalls=205720, ndraw=40, logz=-25.72, remainder_fraction=74.0434%, Lmin=-16.52, Lmax=-14.86
09:47:14 [ultranest] [DEBUG] iteration=1853, ncalls=5559, regioncalls=207400, ndraw=40, logz=-25.64, remainder_fraction=71.6991%, Lmin=-16.38, Lmax=-14.86
09:47:14 [ultranest] [DEBUG] iteration=1869, ncalls=5596, regioncalls=208920, ndraw=40, logz=-25.55, remainder_fraction=68.6457%, Lmin=-16.29, Lmax=-14.86
09:47:14 [ultranest] [DEBUG] iteration=1880, ncalls=5621, regioncalls=209920, ndraw=40, logz=-25.49, remainder_fraction=66.5470%, Lmin=-16.17, Lmax=-14.86
09:47:14 [ultranest] [DEBUG] iteration=1897, ncalls=5660, regioncalls=211480, ndraw=40, logz=-25.40, remainder_fraction=63.3536%, Lmin=-16.10, Lmax=-14.86
09:47:14 [ultranest] [DEBUG] iteration=1912, ncalls=5690, regioncalls=212760, ndraw=40, logz=-25.33, remainder_fraction=60.7451%, Lmin=-16.01, Lmax=-14.86
09:47:14 [ultranest] [DEBUG] iteration=1920, ncalls=5706, regioncalls=213400, ndraw=40, logz=-25.29, remainder_fraction=59.2691%, Lmin=-15.96, Lmax=-14.86
09:47:14 [ultranest] [DEBUG] iteration=1940, ncalls=5744, regioncalls=214920, ndraw=40, logz=-25.21, remainder_fraction=55.6444%, Lmin=-15.90, Lmax=-14.86
09:47:14 [ultranest] [DEBUG] iteration=1958, ncalls=5783, regioncalls=216480, ndraw=40, logz=-25.14, remainder_fraction=52.5084%, Lmin=-15.84, Lmax=-14.86
09:47:14 [ultranest] [DEBUG] iteration=1960, ncalls=5786, regioncalls=216600, ndraw=40, logz=-25.13, remainder_fraction=52.0973%, Lmin=-15.84, Lmax=-14.86
09:47:14 [ultranest] [DEBUG] iteration=1981, ncalls=5823, regioncalls=218080, ndraw=40, logz=-25.06, remainder_fraction=48.4451%, Lmin=-15.75, Lmax=-14.86
09:47:15 [ultranest] [DEBUG] iteration=1998, ncalls=5859, regioncalls=219560, ndraw=40, logz=-25.01, remainder_fraction=45.6693%, Lmin=-15.70, Lmax=-14.86
09:47:15 [ultranest] [DEBUG] iteration=2000, ncalls=5864, regioncalls=219840, ndraw=40, logz=-25.00, remainder_fraction=45.3783%, Lmin=-15.70, Lmax=-14.86
09:47:15 [ultranest] [DEBUG] iteration=2018, ncalls=5902, regioncalls=221400, ndraw=40, logz=-24.95, remainder_fraction=42.7277%, Lmin=-15.64, Lmax=-14.85
09:47:15 [ultranest] [DEBUG] iteration=2039, ncalls=5947, regioncalls=223200, ndraw=40, logz=-24.90, remainder_fraction=39.5092%, Lmin=-15.57, Lmax=-14.85
09:47:15 [ultranest] [DEBUG] iteration=2040, ncalls=5949, regioncalls=223280, ndraw=40, logz=-24.90, remainder_fraction=39.3655%, Lmin=-15.56, Lmax=-14.85
09:47:15 [ultranest] [DEBUG] iteration=2041, ncalls=5951, regioncalls=223400, ndraw=40, logz=-24.90, remainder_fraction=39.2194%, Lmin=-15.56, Lmax=-14.85
09:47:15 [ultranest] [DEBUG] iteration=2057, ncalls=5991, regioncalls=225040, ndraw=40, logz=-24.86, remainder_fraction=36.7933%, Lmin=-15.52, Lmax=-14.85
09:47:15 [ultranest] [DEBUG] iteration=2072, ncalls=6033, regioncalls=226720, ndraw=40, logz=-24.83, remainder_fraction=34.7443%, Lmin=-15.48, Lmax=-14.85
09:47:15 [ultranest] [DEBUG] iteration=2080, ncalls=6049, regioncalls=227360, ndraw=40, logz=-24.81, remainder_fraction=33.6039%, Lmin=-15.48, Lmax=-14.85
09:47:15 [ultranest] [DEBUG] iteration=2095, ncalls=6081, regioncalls=228640, ndraw=40, logz=-24.78, remainder_fraction=31.6485%, Lmin=-15.45, Lmax=-14.85
09:47:15 [ultranest] [DEBUG] iteration=2114, ncalls=6116, regioncalls=230040, ndraw=40, logz=-24.75, remainder_fraction=29.3441%, Lmin=-15.38, Lmax=-14.85
09:47:15 [ultranest] [DEBUG] iteration=2120, ncalls=6127, regioncalls=230480, ndraw=40, logz=-24.74, remainder_fraction=28.6913%, Lmin=-15.36, Lmax=-14.85
09:47:15 [ultranest] [DEBUG] iteration=2127, ncalls=6150, regioncalls=231480, ndraw=40, logz=-24.73, remainder_fraction=27.8852%, Lmin=-15.35, Lmax=-14.85
09:47:15 [ultranest] [DEBUG] iteration=2141, ncalls=6189, regioncalls=233040, ndraw=40, logz=-24.70, remainder_fraction=26.3912%, Lmin=-15.33, Lmax=-14.85
09:47:16 [ultranest] [DEBUG] iteration=2160, ncalls=6225, regioncalls=234520, ndraw=40, logz=-24.68, remainder_fraction=24.3221%, Lmin=-15.29, Lmax=-14.85
09:47:16 [ultranest] [DEBUG] iteration=2170, ncalls=6256, regioncalls=235880, ndraw=40, logz=-24.66, remainder_fraction=23.2636%, Lmin=-15.27, Lmax=-14.85
09:47:16 [ultranest] [DEBUG] iteration=2191, ncalls=6296, regioncalls=237520, ndraw=40, logz=-24.64, remainder_fraction=21.3325%, Lmin=-15.23, Lmax=-14.85
09:47:16 [ultranest] [DEBUG] iteration=2200, ncalls=6314, regioncalls=238240, ndraw=40, logz=-24.63, remainder_fraction=20.5181%, Lmin=-15.21, Lmax=-14.85
09:47:16 [ultranest] [DEBUG] iteration=2213, ncalls=6338, regioncalls=239280, ndraw=40, logz=-24.61, remainder_fraction=19.3790%, Lmin=-15.20, Lmax=-14.85
09:47:16 [ultranest] [DEBUG] iteration=2229, ncalls=6372, regioncalls=240640, ndraw=40, logz=-24.60, remainder_fraction=18.0550%, Lmin=-15.18, Lmax=-14.85
09:47:16 [ultranest] [DEBUG] iteration=2240, ncalls=6402, regioncalls=241840, ndraw=40, logz=-24.59, remainder_fraction=17.1607%, Lmin=-15.17, Lmax=-14.85
09:47:16 [ultranest] [DEBUG] iteration=2258, ncalls=6440, regioncalls=243360, ndraw=40, logz=-24.57, remainder_fraction=15.8033%, Lmin=-15.15, Lmax=-14.85
09:47:16 [ultranest] [DEBUG] iteration=2278, ncalls=6478, regioncalls=244880, ndraw=40, logz=-24.55, remainder_fraction=14.4126%, Lmin=-15.13, Lmax=-14.85
09:47:16 [ultranest] [DEBUG] iteration=2280, ncalls=6481, regioncalls=245000, ndraw=40, logz=-24.55, remainder_fraction=14.2807%, Lmin=-15.13, Lmax=-14.85
09:47:16 [ultranest] [DEBUG] iteration=2299, ncalls=6513, regioncalls=246320, ndraw=40, logz=-24.54, remainder_fraction=13.0665%, Lmin=-15.10, Lmax=-14.85
09:47:16 [ultranest] [DEBUG] iteration=2319, ncalls=6551, regioncalls=247840, ndraw=40, logz=-24.53, remainder_fraction=11.8941%, Lmin=-15.08, Lmax=-14.85
09:47:16 [ultranest] [DEBUG] iteration=2320, ncalls=6552, regioncalls=247880, ndraw=40, logz=-24.52, remainder_fraction=11.8388%, Lmin=-15.08, Lmax=-14.85
09:47:16 [ultranest] [DEBUG] iteration=2340, ncalls=6592, regioncalls=249480, ndraw=40, logz=-24.51, remainder_fraction=10.7864%, Lmin=-15.05, Lmax=-14.85
09:47:17 [ultranest] [DEBUG] iteration=2353, ncalls=6625, regioncalls=250800, ndraw=40, logz=-24.51, remainder_fraction=10.1376%, Lmin=-15.04, Lmax=-14.85
09:47:17 [ultranest] [DEBUG] iteration=2360, ncalls=6646, regioncalls=251640, ndraw=40, logz=-24.50, remainder_fraction=9.8095%, Lmin=-15.04, Lmax=-14.85
09:47:17 [ultranest] [DEBUG] iteration=2381, ncalls=6691, regioncalls=253440, ndraw=40, logz=-24.49, remainder_fraction=8.8828%, Lmin=-15.02, Lmax=-14.85
09:47:17 [ultranest] [DEBUG] iteration=2397, ncalls=6729, regioncalls=254960, ndraw=40, logz=-24.48, remainder_fraction=8.2231%, Lmin=-15.01, Lmax=-14.85
09:47:17 [ultranest] [DEBUG] iteration=2400, ncalls=6733, regioncalls=255120, ndraw=40, logz=-24.48, remainder_fraction=8.1042%, Lmin=-15.01, Lmax=-14.84
09:47:17 [ultranest] [DEBUG] iteration=2415, ncalls=6783, regioncalls=257120, ndraw=40, logz=-24.48, remainder_fraction=7.5434%, Lmin=-15.00, Lmax=-14.84
09:47:17 [ultranest] [DEBUG] iteration=2431, ncalls=6824, regioncalls=258760, ndraw=40, logz=-24.47, remainder_fraction=6.9758%, Lmin=-14.99, Lmax=-14.84
09:47:17 [ultranest] [DEBUG] iteration=2440, ncalls=6855, regioncalls=260000, ndraw=40, logz=-24.47, remainder_fraction=6.6781%, Lmin=-14.98, Lmax=-14.84
09:47:17 [ultranest] [DEBUG] iteration=2453, ncalls=6899, regioncalls=261760, ndraw=40, logz=-24.46, remainder_fraction=6.2705%, Lmin=-14.97, Lmax=-14.84
09:47:17 [ultranest] [DEBUG] iteration=2468, ncalls=6947, regioncalls=263680, ndraw=40, logz=-24.46, remainder_fraction=5.8248%, Lmin=-14.97, Lmax=-14.84
09:47:17 [ultranest] [DEBUG] iteration=2471, ncalls=6962, regioncalls=264320, ndraw=40, logz=-24.46, remainder_fraction=5.7375%, Lmin=-14.97, Lmax=-14.84
09:47:17 [ultranest] [DEBUG] iteration=2480, ncalls=6982, regioncalls=265120, ndraw=40, logz=-24.45, remainder_fraction=5.4867%, Lmin=-14.96, Lmax=-14.84
09:47:18 [ultranest] [DEBUG] iteration=2501, ncalls=7020, regioncalls=266640, ndraw=40, logz=-24.45, remainder_fraction=4.9448%, Lmin=-14.95, Lmax=-14.84
09:47:18 [ultranest] [DEBUG] iteration=2514, ncalls=7049, regioncalls=267920, ndraw=40, logz=-24.45, remainder_fraction=4.6339%, Lmin=-14.95, Lmax=-14.84
09:47:18 [ultranest] [INFO] Explored until L=-1e+01  
09:47:18 [ultranest] [INFO] Likelihood function evaluations: 7052
09:47:18 [ultranest] [INFO] Writing samples and results to disk ...
09:47:18 [ultranest] [INFO] Writing samples and results to disk ... done
09:47:18 [ultranest] [DEBUG] did a run_iter pass!
09:47:18 [ultranest] [INFO]   logZ = -24.39 +- 0.1451
09:47:18 [ultranest] [INFO] Effective samples strategy satisfied (ESS = 826.1, need >400)
09:47:18 [ultranest] [INFO] Posterior uncertainty strategy is satisfied (KL: 0.47+-0.11 nat, need <0.50 nat)
09:47:18 [ultranest] [INFO] Evidency uncertainty strategy is satisfied (dlogz=0.15, need <0.5)
09:47:18 [ultranest] [INFO]   logZ error budget: single: 0.21 bs:0.15 tail:0.04 total:0.15 required:<0.50
09:47:18 [ultranest] [INFO] done iterating.
09:47:18 [ultranest] [DEBUG] Making corner plot ...
09:47:20 [ultranest] [DEBUG] Making corner plot ... done
09:47:20 [ultranest] [DEBUG] Making run plot ... 
09:47:21 [ultranest] [DEBUG] Making run plot ... done
09:47:21 [ultranest] [DEBUG] Making trace plot ... 
09:47:22 [ultranest] [DEBUG] Making trace plot ... done
22:09:32 [ultranest] [DEBUG] ReactiveNestedSampler: dims=3+0, resume=True, log_dir=/home/orion51/Desktop/Research/spectral_fitting/FGL_spectral_fitting/Individual_sources/2CXOJ104717.9-601042/bb_out_, backend=hdf5, vectorized=False, nbootstraps=30, ndraw=128..65536
22:09:32 [ultranest] [DEBUG] Testing resume consistency: [-14.94503848 -14.89165313   0.           0.62580713   0.68062791
   0.12502447  -1.74192871  -0.27748837  19.87517129]: u=[0.62580713 0.68062791 0.12502447] -> p=[-1.74192871 -0.27748837 19.87517129] -> L=-14.89165312733397 
22:09:32 [ultranest] [INFO] Resuming from 2709 stored points
22:09:32 [ultranest] [DEBUG] run_iter dlogz=0.5, dKL=0.5, frac_remain=0.01, Lepsilon=0.1000, min_ess=400
22:09:32 [ultranest] [DEBUG] max_iters=-1, max_ncalls=-1, max_num_improvement_loops=-1, min_num_live_points=400, cluster_num_live_points=40
22:09:32 [ultranest] [DEBUG] minimal_widths_sequence: [(-inf, 400.0), (inf, 400.0)]
22:09:33 [ultranest] [DEBUG] iteration=0, ncalls=7052, regioncalls=0, ndraw=40, logz=-inf, remainder_fraction=100.0000%, Lmin=-31382765.73, Lmax=-57.86
22:09:33 [ultranest] [DEBUG] iteration=40, ncalls=7052, regioncalls=0, ndraw=40, logz=-4594.52, remainder_fraction=100.0000%, Lmin=-3915.37, Lmax=-37.05
22:09:33 [ultranest] [DEBUG] Plateau detected at L=-2.069976e+02, not replacing live point.
22:09:33 [ultranest] [DEBUG] iteration=66, ncalls=7052, regioncalls=0, ndraw=40, logz=-213.09, remainder_fraction=100.0000%, Lmin=-207.00, Lmax=-37.05
22:09:33 [ultranest] [DEBUG] Plateau detected at L=-2.069976e+02, not replacing live point.
22:09:33 [ultranest] [DEBUG] Plateau detected at L=-2.069976e+02, not replacing live point.
22:09:33 [ultranest] [DEBUG] Plateau detected at L=-2.069976e+02, not replacing live point.
22:09:33 [ultranest] [DEBUG] Plateau detected at L=-2.069976e+02, not replacing live point.
22:09:33 [ultranest] [DEBUG] Plateau detected at L=-2.069976e+02, not replacing live point.
22:09:33 [ultranest] [DEBUG] Plateau detected at L=-2.069976e+02, not replacing live point.
22:09:33 [ultranest] [DEBUG] Plateau detected at L=-2.069976e+02, not replacing live point.
22:09:33 [ultranest] [DEBUG] Plateau detected at L=-2.069976e+02, not replacing live point.
22:09:33 [ultranest] [DEBUG] Plateau detected at L=-2.069976e+02, not replacing live point.
22:09:33 [ultranest] [DEBUG] Plateau detected at L=-2.069976e+02, not replacing live point.
22:09:33 [ultranest] [DEBUG] Plateau detected at L=-2.069976e+02, not replacing live point.
22:09:33 [ultranest] [DEBUG] Plateau detected at L=-2.069976e+02, not replacing live point.
22:09:33 [ultranest] [DEBUG] Plateau detected at L=-2.069976e+02, not replacing live point.
22:09:33 [ultranest] [DEBUG] Plateau detected at L=-2.069976e+02, not replacing live point.
22:09:33 [ultranest] [DEBUG] Plateau detected at L=-2.069976e+02, not replacing live point.
22:09:33 [ultranest] [DEBUG] Plateau detected at L=-2.069976e+02, not replacing live point.
22:09:33 [ultranest] [DEBUG] Plateau detected at L=-2.069976e+02, not replacing live point.
22:09:33 [ultranest] [DEBUG] Plateau detected at L=-2.069976e+02, not replacing live point.
22:09:33 [ultranest] [DEBUG] Plateau detected at L=-2.069976e+02, not replacing live point.
22:09:33 [ultranest] [DEBUG] Plateau detected at L=-2.069976e+02, not replacing live point.
22:09:33 [ultranest] [DEBUG] Plateau detected at L=-2.069976e+02, not replacing live point.
22:09:33 [ultranest] [DEBUG] Plateau detected at L=-2.069976e+02, not replacing live point.
22:09:33 [ultranest] [DEBUG] Plateau detected at L=-2.069976e+02, not replacing live point.
22:09:33 [ultranest] [DEBUG] Plateau detected at L=-2.069976e+02, not replacing live point.
22:09:33 [ultranest] [DEBUG] Plateau detected at L=-2.069976e+02, not replacing live point.
22:09:33 [ultranest] [DEBUG] Plateau detected at L=-2.069976e+02, not replacing live point.
22:09:33 [ultranest] [DEBUG] Plateau detected at L=-2.069976e+02, not replacing live point.
22:09:33 [ultranest] [DEBUG] Plateau detected at L=-2.069976e+02, not replacing live point.
22:09:33 [ultranest] [DEBUG] Plateau detected at L=-2.069976e+02, not replacing live point.
22:09:33 [ultranest] [DEBUG] Plateau detected at L=-2.069976e+02, not replacing live point.
22:09:33 [ultranest] [DEBUG] Plateau detected at L=-2.069976e+02, not replacing live point.
22:09:33 [ultranest] [DEBUG] Plateau detected at L=-2.069976e+02, not replacing live point.
22:09:33 [ultranest] [DEBUG] Plateau detected at L=-2.069976e+02, not replacing live point.
22:09:33 [ultranest] [DEBUG] Plateau detected at L=-2.069976e+02, not replacing live point.
22:09:33 [ultranest] [DEBUG] Plateau detected at L=-2.069976e+02, not replacing live point.
22:09:33 [ultranest] [DEBUG] Plateau detected at L=-2.069976e+02, not replacing live point.
22:09:33 [ultranest] [DEBUG] Plateau detected at L=-2.069976e+02, not replacing live point.
22:09:33 [ultranest] [DEBUG] Plateau detected at L=-2.069976e+02, not replacing live point.
22:09:33 [ultranest] [DEBUG] Plateau detected at L=-2.069976e+02, not replacing live point.
22:09:33 [ultranest] [DEBUG] Plateau detected at L=-2.069976e+02, not replacing live point.
22:09:33 [ultranest] [DEBUG] Plateau detected at L=-2.069976e+02, not replacing live point.
22:09:33 [ultranest] [DEBUG] Plateau detected at L=-2.069976e+02, not replacing live point.
22:09:33 [ultranest] [DEBUG] Plateau detected at L=-2.069976e+02, not replacing live point.
22:09:33 [ultranest] [DEBUG] Plateau detected at L=-2.069976e+02, not replacing live point.
22:09:33 [ultranest] [DEBUG] Plateau detected at L=-2.069976e+02, not replacing live point.
22:09:33 [ultranest] [DEBUG] Plateau detected at L=-2.069976e+02, not replacing live point.
22:09:33 [ultranest] [DEBUG] Plateau detected at L=-2.069976e+02, not replacing live point.
22:09:33 [ultranest] [DEBUG] Plateau detected at L=-2.069976e+02, not replacing live point.
22:09:33 [ultranest] [DEBUG] Plateau detected at L=-2.069976e+02, not replacing live point.
22:09:33 [ultranest] [DEBUG] Plateau detected at L=-2.069976e+02, not replacing live point.
22:09:33 [ultranest] [DEBUG] Plateau detected at L=-2.069976e+02, not replacing live point.
22:09:33 [ultranest] [DEBUG] Plateau detected at L=-2.069976e+02, not replacing live point.
22:09:33 [ultranest] [DEBUG] Plateau detected at L=-2.069976e+02, not replacing live point.
22:09:33 [ultranest] [DEBUG] Plateau detected at L=-2.069976e+02, not replacing live point.
22:09:33 [ultranest] [DEBUG] Plateau detected at L=-2.069976e+02, not replacing live point.
22:09:33 [ultranest] [DEBUG] Plateau detected at L=-2.069976e+02, not replacing live point.
22:09:33 [ultranest] [DEBUG] Plateau detected at L=-2.069976e+02, not replacing live point.
22:09:33 [ultranest] [DEBUG] Plateau detected at L=-2.069976e+02, not replacing live point.
22:09:33 [ultranest] [DEBUG] Plateau detected at L=-2.069976e+02, not replacing live point.
22:09:33 [ultranest] [DEBUG] Plateau detected at L=-2.069976e+02, not replacing live point.
22:09:33 [ultranest] [DEBUG] Plateau detected at L=-2.069976e+02, not replacing live point.
22:09:33 [ultranest] [DEBUG] Plateau detected at L=-2.069976e+02, not replacing live point.
22:09:33 [ultranest] [DEBUG] Plateau detected at L=-2.069976e+02, not replacing live point.
22:09:33 [ultranest] [DEBUG] Plateau detected at L=-2.069976e+02, not replacing live point.
22:09:33 [ultranest] [DEBUG] Plateau detected at L=-2.069976e+02, not replacing live point.
22:09:33 [ultranest] [DEBUG] Plateau detected at L=-2.069976e+02, not replacing live point.
22:09:33 [ultranest] [DEBUG] Plateau detected at L=-2.069976e+02, not replacing live point.
22:09:33 [ultranest] [DEBUG] Plateau detected at L=-2.069976e+02, not replacing live point.
22:09:33 [ultranest] [DEBUG] Plateau detected at L=-2.069976e+02, not replacing live point.
22:09:33 [ultranest] [DEBUG] Plateau detected at L=-2.069976e+02, not replacing live point.
22:09:33 [ultranest] [DEBUG] Plateau detected at L=-2.069976e+02, not replacing live point.
22:09:33 [ultranest] [DEBUG] Plateau detected at L=-2.069976e+02, not replacing live point.
22:09:33 [ultranest] [DEBUG] Plateau detected at L=-2.069976e+02, not replacing live point.
22:09:33 [ultranest] [DEBUG] Plateau detected at L=-2.069976e+02, not replacing live point.
22:09:33 [ultranest] [DEBUG] Plateau detected at L=-2.069976e+02, not replacing live point.
22:09:33 [ultranest] [DEBUG] Plateau detected at L=-2.069976e+02, not replacing live point.
22:09:33 [ultranest] [DEBUG] Plateau detected at L=-2.069976e+02, not replacing live point.
22:09:33 [ultranest] [DEBUG] Plateau detected at L=-2.069976e+02, not replacing live point.
22:09:33 [ultranest] [DEBUG] Plateau detected at L=-2.069976e+02, not replacing live point.
22:09:33 [ultranest] [DEBUG] Plateau detected at L=-2.069976e+02, not replacing live point.
22:09:33 [ultranest] [DEBUG] Plateau detected at L=-2.069976e+02, not replacing live point.
22:09:33 [ultranest] [DEBUG] Plateau detected at L=-2.069976e+02, not replacing live point.
22:09:33 [ultranest] [DEBUG] Plateau detected at L=-2.069976e+02, not replacing live point.
22:09:33 [ultranest] [DEBUG] Plateau detected at L=-2.069976e+02, not replacing live point.
22:09:33 [ultranest] [DEBUG] Plateau detected at L=-2.069976e+02, not replacing live point.
22:09:33 [ultranest] [DEBUG] Plateau detected at L=-2.069976e+02, not replacing live point.
22:09:33 [ultranest] [DEBUG] Plateau detected at L=-2.069976e+02, not replacing live point.
22:09:33 [ultranest] [DEBUG] Plateau detected at L=-2.069976e+02, not replacing live point.
22:09:33 [ultranest] [DEBUG] Plateau detected at L=-2.069976e+02, not replacing live point.
22:09:33 [ultranest] [DEBUG] Plateau detected at L=-2.069976e+02, not replacing live point.
22:09:33 [ultranest] [DEBUG] Plateau detected at L=-2.069976e+02, not replacing live point.
22:09:33 [ultranest] [DEBUG] Plateau detected at L=-2.069976e+02, not replacing live point.
22:09:33 [ultranest] [DEBUG] Plateau detected at L=-2.069976e+02, not replacing live point.
22:09:33 [ultranest] [DEBUG] Plateau detected at L=-2.069976e+02, not replacing live point.
22:09:33 [ultranest] [DEBUG] Plateau detected at L=-2.069976e+02, not replacing live point.
22:09:33 [ultranest] [DEBUG] Plateau detected at L=-2.069976e+02, not replacing live point.
22:09:33 [ultranest] [DEBUG] Plateau detected at L=-2.069976e+02, not replacing live point.
22:09:33 [ultranest] [DEBUG] Plateau detected at L=-2.069976e+02, not replacing live point.
22:09:33 [ultranest] [DEBUG] Plateau detected at L=-2.069976e+02, not replacing live point.
22:09:33 [ultranest] [DEBUG] Plateau detected at L=-2.069976e+02, not replacing live point.
22:09:33 [ultranest] [DEBUG] Plateau detected at L=-2.069976e+02, not replacing live point.
22:09:33 [ultranest] [DEBUG] Plateau detected at L=-2.069976e+02, not replacing live point.
22:09:33 [ultranest] [DEBUG] Plateau detected at L=-2.069976e+02, not replacing live point.
22:09:33 [ultranest] [DEBUG] Plateau detected at L=-2.069976e+02, not replacing live point.
22:09:33 [ultranest] [DEBUG] Plateau detected at L=-2.069976e+02, not replacing live point.
22:09:33 [ultranest] [DEBUG] Plateau detected at L=-2.069976e+02, not replacing live point.
22:09:33 [ultranest] [DEBUG] Plateau detected at L=-2.069976e+02, not replacing live point.
22:09:33 [ultranest] [DEBUG] Plateau detected at L=-2.069976e+02, not replacing live point.
22:09:33 [ultranest] [DEBUG] Plateau detected at L=-2.069976e+02, not replacing live point.
22:09:33 [ultranest] [DEBUG] Plateau detected at L=-2.069976e+02, not replacing live point.
22:09:33 [ultranest] [DEBUG] Plateau detected at L=-2.069976e+02, not replacing live point.
22:09:33 [ultranest] [DEBUG] Plateau detected at L=-2.069976e+02, not replacing live point.
22:09:33 [ultranest] [DEBUG] Plateau detected at L=-2.069976e+02, not replacing live point.
22:09:33 [ultranest] [DEBUG] Plateau detected at L=-2.069976e+02, not replacing live point.
22:09:33 [ultranest] [DEBUG] Plateau detected at L=-2.069976e+02, not replacing live point.
22:09:33 [ultranest] [DEBUG] Plateau detected at L=-2.069976e+02, not replacing live point.
22:09:33 [ultranest] [DEBUG] Plateau detected at L=-2.069976e+02, not replacing live point.
22:09:33 [ultranest] [DEBUG] Plateau detected at L=-2.069976e+02, not replacing live point.
22:09:33 [ultranest] [DEBUG] Plateau detected at L=-2.069976e+02, not replacing live point.
22:09:33 [ultranest] [DEBUG] Plateau detected at L=-2.069976e+02, not replacing live point.
22:09:33 [ultranest] [DEBUG] Plateau detected at L=-2.069976e+02, not replacing live point.
22:09:33 [ultranest] [DEBUG] Plateau detected at L=-2.069976e+02, not replacing live point.
22:09:33 [ultranest] [DEBUG] Plateau detected at L=-2.069976e+02, not replacing live point.
22:09:33 [ultranest] [DEBUG] Plateau detected at L=-2.069976e+02, not replacing live point.
22:09:33 [ultranest] [DEBUG] Plateau detected at L=-2.069976e+02, not replacing live point.
22:09:33 [ultranest] [DEBUG] Plateau detected at L=-2.069976e+02, not replacing live point.
22:09:33 [ultranest] [DEBUG] Plateau detected at L=-2.069976e+02, not replacing live point.
22:09:33 [ultranest] [DEBUG] Plateau detected at L=-2.069976e+02, not replacing live point.
22:09:33 [ultranest] [DEBUG] Plateau detected at L=-2.069976e+02, not replacing live point.
22:09:33 [ultranest] [DEBUG] Plateau detected at L=-2.069976e+02, not replacing live point.
22:09:33 [ultranest] [DEBUG] Plateau detected at L=-2.069976e+02, not replacing live point.
22:09:33 [ultranest] [DEBUG] Plateau detected at L=-2.069976e+02, not replacing live point.
22:09:33 [ultranest] [DEBUG] Plateau detected at L=-2.069976e+02, not replacing live point.
22:09:33 [ultranest] [DEBUG] Plateau detected at L=-2.069976e+02, not replacing live point.
22:09:33 [ultranest] [DEBUG] Plateau detected at L=-2.069976e+02, not replacing live point.
22:09:33 [ultranest] [DEBUG] Plateau detected at L=-2.069976e+02, not replacing live point.
22:09:33 [ultranest] [DEBUG] Plateau detected at L=-2.069976e+02, not replacing live point.
22:09:33 [ultranest] [DEBUG] Plateau detected at L=-2.069976e+02, not replacing live point.
22:09:33 [ultranest] [DEBUG] Plateau detected at L=-2.069976e+02, not replacing live point.
22:09:33 [ultranest] [DEBUG] Plateau detected at L=-2.069976e+02, not replacing live point.
22:09:33 [ultranest] [DEBUG] Plateau detected at L=-2.069976e+02, not replacing live point.
22:09:33 [ultranest] [DEBUG] Plateau detected at L=-2.069976e+02, not replacing live point.
22:09:33 [ultranest] [DEBUG] Plateau detected at L=-2.069976e+02, not replacing live point.
22:09:33 [ultranest] [DEBUG] Plateau detected at L=-2.069976e+02, not replacing live point.
22:09:33 [ultranest] [DEBUG] Plateau detected at L=-2.069976e+02, not replacing live point.
22:09:33 [ultranest] [DEBUG] Plateau detected at L=-2.069976e+02, not replacing live point.
22:09:33 [ultranest] [DEBUG] Plateau detected at L=-2.069976e+02, not replacing live point.
22:09:33 [ultranest] [DEBUG] Plateau detected at L=-2.069976e+02, not replacing live point.
22:09:33 [ultranest] [DEBUG] Plateau detected at L=-2.069976e+02, not replacing live point.
22:09:33 [ultranest] [DEBUG] Plateau detected at L=-2.069976e+02, not replacing live point.
22:09:33 [ultranest] [DEBUG] Plateau detected at L=-2.069976e+02, not replacing live point.
22:09:33 [ultranest] [DEBUG] Plateau detected at L=-2.069976e+02, not replacing live point.
22:09:33 [ultranest] [DEBUG] Plateau detected at L=-2.069976e+02, not replacing live point.
22:09:33 [ultranest] [DEBUG] Plateau detected at L=-2.069976e+02, not replacing live point.
22:09:33 [ultranest] [DEBUG] Plateau detected at L=-2.069976e+02, not replacing live point.
22:09:33 [ultranest] [DEBUG] Plateau detected at L=-2.069976e+02, not replacing live point.
22:09:33 [ultranest] [DEBUG] Plateau detected at L=-2.069976e+02, not replacing live point.
22:09:33 [ultranest] [DEBUG] Plateau detected at L=-2.069976e+02, not replacing live point.
22:09:33 [ultranest] [DEBUG] Plateau detected at L=-2.069976e+02, not replacing live point.
22:09:33 [ultranest] [DEBUG] Plateau detected at L=-2.069976e+02, not replacing live point.
22:09:33 [ultranest] [DEBUG] Plateau detected at L=-2.069976e+02, not replacing live point.
22:09:33 [ultranest] [DEBUG] Plateau detected at L=-2.069976e+02, not replacing live point.
22:09:33 [ultranest] [DEBUG] Plateau detected at L=-2.069976e+02, not replacing live point.
22:09:33 [ultranest] [DEBUG] Plateau detected at L=-2.069976e+02, not replacing live point.
22:09:33 [ultranest] [DEBUG] Plateau detected at L=-2.069976e+02, not replacing live point.
22:09:33 [ultranest] [DEBUG] Plateau detected at L=-2.069976e+02, not replacing live point.
22:09:33 [ultranest] [DEBUG] Plateau detected at L=-2.069976e+02, not replacing live point.
22:09:33 [ultranest] [DEBUG] Plateau detected at L=-2.069976e+02, not replacing live point.
22:09:33 [ultranest] [DEBUG] Plateau detected at L=-2.069976e+02, not replacing live point.
22:09:33 [ultranest] [DEBUG] Plateau detected at L=-2.069976e+02, not replacing live point.
22:09:33 [ultranest] [DEBUG] Plateau detected at L=-2.069976e+02, not replacing live point.
22:09:33 [ultranest] [DEBUG] Plateau detected at L=-2.069976e+02, not replacing live point.
22:09:33 [ultranest] [DEBUG] Plateau detected at L=-2.069976e+02, not replacing live point.
22:09:33 [ultranest] [DEBUG] Plateau detected at L=-2.069976e+02, not replacing live point.
22:09:33 [ultranest] [DEBUG] Plateau detected at L=-2.069976e+02, not replacing live point.
22:09:33 [ultranest] [DEBUG] Plateau detected at L=-2.069976e+02, not replacing live point.
22:09:33 [ultranest] [DEBUG] Plateau detected at L=-2.069976e+02, not replacing live point.
22:09:33 [ultranest] [DEBUG] Plateau detected at L=-2.069976e+02, not replacing live point.
22:09:33 [ultranest] [DEBUG] Plateau detected at L=-2.069976e+02, not replacing live point.
22:09:33 [ultranest] [DEBUG] Plateau detected at L=-2.069976e+02, not replacing live point.
22:09:33 [ultranest] [DEBUG] Plateau detected at L=-2.069976e+02, not replacing live point.
22:09:33 [ultranest] [DEBUG] Plateau detected at L=-2.069976e+02, not replacing live point.
22:09:33 [ultranest] [DEBUG] Plateau detected at L=-2.069976e+02, not replacing live point.
22:09:33 [ultranest] [DEBUG] Plateau detected at L=-2.069976e+02, not replacing live point.
22:09:33 [ultranest] [DEBUG] Plateau detected at L=-2.069976e+02, not replacing live point.
22:09:33 [ultranest] [DEBUG] Plateau detected at L=-2.069976e+02, not replacing live point.
22:09:33 [ultranest] [DEBUG] Plateau detected at L=-2.069976e+02, not replacing live point.
22:09:33 [ultranest] [DEBUG] Plateau detected at L=-2.069976e+02, not replacing live point.
22:09:33 [ultranest] [DEBUG] Plateau detected at L=-2.069976e+02, not replacing live point.
22:09:33 [ultranest] [DEBUG] Plateau detected at L=-2.069976e+02, not replacing live point.
22:09:33 [ultranest] [DEBUG] Plateau detected at L=-2.069976e+02, not replacing live point.
22:09:33 [ultranest] [DEBUG] Plateau detected at L=-2.069976e+02, not replacing live point.
22:09:33 [ultranest] [DEBUG] Plateau detected at L=-2.069976e+02, not replacing live point.
22:09:33 [ultranest] [DEBUG] Plateau detected at L=-2.069976e+02, not replacing live point.
22:09:33 [ultranest] [DEBUG] Plateau detected at L=-2.069976e+02, not replacing live point.
22:09:33 [ultranest] [DEBUG] Plateau detected at L=-2.069976e+02, not replacing live point.
22:09:33 [ultranest] [DEBUG] Plateau detected at L=-2.069976e+02, not replacing live point.
22:09:33 [ultranest] [DEBUG] Plateau detected at L=-2.069976e+02, not replacing live point.
22:09:33 [ultranest] [DEBUG] Plateau detected at L=-2.069976e+02, not replacing live point.
22:09:33 [ultranest] [DEBUG] Plateau detected at L=-2.069976e+02, not replacing live point.
22:09:33 [ultranest] [DEBUG] Plateau detected at L=-2.069976e+02, not replacing live point.
22:09:33 [ultranest] [DEBUG] Plateau detected at L=-2.069976e+02, not replacing live point.
22:09:33 [ultranest] [DEBUG] Plateau detected at L=-2.069976e+02, not replacing live point.
22:09:33 [ultranest] [DEBUG] iteration=270, ncalls=7052, regioncalls=0, ndraw=40, logz=-207.83, remainder_fraction=100.0000%, Lmin=-207.00, Lmax=-37.05
22:09:33 [ultranest] [DEBUG] Plateau detected at L=-2.069976e+02, not replacing live point.
22:09:33 [ultranest] [DEBUG] Plateau detected at L=-2.069976e+02, not replacing live point.
22:09:33 [ultranest] [DEBUG] iteration=273, ncalls=7052, regioncalls=0, ndraw=40, logz=-207.82, remainder_fraction=100.0000%, Lmin=-207.00, Lmax=-37.05
22:09:33 [ultranest] [DEBUG] Plateau detected at L=-2.069976e+02, not replacing live point.
22:09:33 [ultranest] [DEBUG] iteration=275, ncalls=7052, regioncalls=0, ndraw=40, logz=-207.81, remainder_fraction=100.0000%, Lmin=-207.00, Lmax=-37.05
22:09:33 [ultranest] [DEBUG] Plateau detected at L=-2.069976e+02, not replacing live point.
22:09:33 [ultranest] [DEBUG] iteration=278, ncalls=7052, regioncalls=0, ndraw=40, logz=-207.79, remainder_fraction=100.0000%, Lmin=-207.00, Lmax=-37.05
22:09:33 [ultranest] [DEBUG] iteration=280, ncalls=7052, regioncalls=0, ndraw=40, logz=-207.78, remainder_fraction=100.0000%, Lmin=-207.00, Lmax=-37.05
22:09:33 [ultranest] [DEBUG] iteration=320, ncalls=7052, regioncalls=0, ndraw=40, logz=-207.63, remainder_fraction=100.0000%, Lmin=-207.00, Lmax=-37.05
22:09:33 [ultranest] [DEBUG] iteration=360, ncalls=7052, regioncalls=0, ndraw=40, logz=-207.53, remainder_fraction=100.0000%, Lmin=-207.00, Lmax=-37.05
22:09:33 [ultranest] [DEBUG] iteration=400, ncalls=7052, regioncalls=0, ndraw=40, logz=-207.45, remainder_fraction=100.0000%, Lmin=-207.00, Lmax=-37.05
22:09:33 [ultranest] [DEBUG] iteration=440, ncalls=7052, regioncalls=0, ndraw=40, logz=-207.38, remainder_fraction=100.0000%, Lmin=-206.97, Lmax=-37.05
22:09:33 [ultranest] [DEBUG] iteration=480, ncalls=7052, regioncalls=0, ndraw=40, logz=-207.33, remainder_fraction=100.0000%, Lmin=-206.82, Lmax=-22.11
22:09:33 [ultranest] [DEBUG] iteration=520, ncalls=7052, regioncalls=0, ndraw=40, logz=-207.28, remainder_fraction=100.0000%, Lmin=-206.12, Lmax=-22.11
22:09:33 [ultranest] [DEBUG] iteration=536, ncalls=7052, regioncalls=0, ndraw=40, logz=-207.25, remainder_fraction=100.0000%, Lmin=-205.79, Lmax=-19.01
22:09:33 [ultranest] [DEBUG] iteration=560, ncalls=7052, regioncalls=0, ndraw=40, logz=-207.16, remainder_fraction=100.0000%, Lmin=-204.32, Lmax=-19.01
22:09:33 [ultranest] [DEBUG] iteration=579, ncalls=7052, regioncalls=0, ndraw=40, logz=-206.88, remainder_fraction=100.0000%, Lmin=-202.57, Lmax=-19.01
22:09:33 [ultranest] [DEBUG] iteration=600, ncalls=7052, regioncalls=0, ndraw=40, logz=-205.75, remainder_fraction=100.0000%, Lmin=-200.50, Lmax=-15.50
22:09:33 [ultranest] [DEBUG] iteration=640, ncalls=7052, regioncalls=0, ndraw=40, logz=-200.61, remainder_fraction=100.0000%, Lmin=-193.55, Lmax=-15.50
22:09:33 [ultranest] [DEBUG] iteration=665, ncalls=7052, regioncalls=0, ndraw=40, logz=-193.99, remainder_fraction=100.0000%, Lmin=-187.11, Lmax=-15.50
22:09:33 [ultranest] [DEBUG] iteration=680, ncalls=7052, regioncalls=0, ndraw=40, logz=-189.31, remainder_fraction=100.0000%, Lmin=-182.21, Lmax=-15.50
22:09:33 [ultranest] [DEBUG] iteration=708, ncalls=7052, regioncalls=0, ndraw=40, logz=-179.29, remainder_fraction=100.0000%, Lmin=-172.17, Lmax=-15.50
22:09:33 [ultranest] [DEBUG] iteration=720, ncalls=7052, regioncalls=0, ndraw=40, logz=-176.53, remainder_fraction=100.0000%, Lmin=-169.28, Lmax=-15.50
22:09:33 [ultranest] [DEBUG] iteration=751, ncalls=7052, regioncalls=0, ndraw=40, logz=-164.97, remainder_fraction=100.0000%, Lmin=-156.64, Lmax=-15.50
22:09:33 [ultranest] [DEBUG] iteration=760, ncalls=7052, regioncalls=0, ndraw=40, logz=-161.38, remainder_fraction=100.0000%, Lmin=-154.11, Lmax=-15.50
22:09:33 [ultranest] [DEBUG] iteration=800, ncalls=7052, regioncalls=0, ndraw=40, logz=-148.31, remainder_fraction=100.0000%, Lmin=-140.91, Lmax=-15.50
22:09:33 [ultranest] [DEBUG] iteration=840, ncalls=7052, regioncalls=0, ndraw=40, logz=-133.78, remainder_fraction=100.0000%, Lmin=-126.07, Lmax=-15.50
22:09:33 [ultranest] [DEBUG] iteration=880, ncalls=7052, regioncalls=0, ndraw=40, logz=-121.11, remainder_fraction=100.0000%, Lmin=-112.91, Lmax=-15.50
22:09:33 [ultranest] [DEBUG] iteration=920, ncalls=7052, regioncalls=0, ndraw=40, logz=-107.82, remainder_fraction=100.0000%, Lmin=-98.87, Lmax=-15.50
22:09:33 [ultranest] [DEBUG] iteration=923, ncalls=7052, regioncalls=0, ndraw=40, logz=-106.22, remainder_fraction=100.0000%, Lmin=-97.53, Lmax=-15.50
22:09:33 [ultranest] [DEBUG] iteration=960, ncalls=7052, regioncalls=0, ndraw=40, logz=-92.80, remainder_fraction=100.0000%, Lmin=-84.07, Lmax=-15.50
22:09:33 [ultranest] [DEBUG] iteration=966, ncalls=7052, regioncalls=0, ndraw=40, logz=-90.19, remainder_fraction=100.0000%, Lmin=-81.29, Lmax=-15.50
22:09:33 [ultranest] [DEBUG] iteration=1000, ncalls=7052, regioncalls=0, ndraw=40, logz=-81.14, remainder_fraction=100.0000%, Lmin=-72.05, Lmax=-15.50
22:09:33 [ultranest] [DEBUG] iteration=1040, ncalls=7052, regioncalls=0, ndraw=40, logz=-72.53, remainder_fraction=100.0000%, Lmin=-63.29, Lmax=-15.50
22:09:33 [ultranest] [DEBUG] iteration=1080, ncalls=7052, regioncalls=0, ndraw=40, logz=-63.83, remainder_fraction=100.0000%, Lmin=-54.97, Lmax=-15.50
22:09:33 [ultranest] [DEBUG] iteration=1095, ncalls=7052, regioncalls=0, ndraw=40, logz=-60.74, remainder_fraction=100.0000%, Lmin=-52.04, Lmax=-15.13
22:09:33 [ultranest] [DEBUG] iteration=1120, ncalls=7052, regioncalls=0, ndraw=40, logz=-57.12, remainder_fraction=100.0000%, Lmin=-48.92, Lmax=-15.13
22:09:33 [ultranest] [DEBUG] clustering found some stray points [need_accept=False] (array([1, 2, 3]), array([189,   2,   1]))
22:09:33 [ultranest] [DEBUG] iteration=1160, ncalls=7052, regioncalls=0, ndraw=40, logz=-52.08, remainder_fraction=100.0000%, Lmin=-43.27, Lmax=-15.13
22:09:33 [ultranest] [DEBUG] iteration=1200, ncalls=7052, regioncalls=0, ndraw=40, logz=-47.30, remainder_fraction=100.0000%, Lmin=-38.31, Lmax=-15.13
22:09:33 [ultranest] [DEBUG] iteration=1240, ncalls=7052, regioncalls=0, ndraw=40, logz=-43.49, remainder_fraction=100.0000%, Lmin=-34.84, Lmax=-15.13
22:09:33 [ultranest] [DEBUG] iteration=1280, ncalls=7052, regioncalls=0, ndraw=40, logz=-41.07, remainder_fraction=100.0000%, Lmin=-32.43, Lmax=-15.13
22:09:33 [ultranest] [DEBUG] iteration=1310, ncalls=7052, regioncalls=0, ndraw=40, logz=-39.07, remainder_fraction=99.9999%, Lmin=-30.32, Lmax=-15.13
22:09:33 [ultranest] [DEBUG] iteration=1320, ncalls=7052, regioncalls=0, ndraw=40, logz=-38.47, remainder_fraction=99.9999%, Lmin=-29.60, Lmax=-15.13
22:09:33 [ultranest] [DEBUG] iteration=1360, ncalls=7052, regioncalls=0, ndraw=40, logz=-36.31, remainder_fraction=99.9992%, Lmin=-27.34, Lmax=-14.91
22:09:33 [ultranest] [DEBUG] iteration=1396, ncalls=7052, regioncalls=0, ndraw=40, logz=-34.68, remainder_fraction=99.9958%, Lmin=-25.78, Lmax=-14.91
22:09:33 [ultranest] [DEBUG] iteration=1400, ncalls=7052, regioncalls=0, ndraw=40, logz=-34.51, remainder_fraction=99.9950%, Lmin=-25.72, Lmax=-14.91
22:09:33 [ultranest] [DEBUG] iteration=1440, ncalls=7052, regioncalls=0, ndraw=40, logz=-32.96, remainder_fraction=99.9794%, Lmin=-23.84, Lmax=-14.88
22:09:33 [ultranest] [DEBUG] iteration=1480, ncalls=7052, regioncalls=0, ndraw=40, logz=-31.41, remainder_fraction=99.9136%, Lmin=-22.31, Lmax=-14.88
22:09:33 [ultranest] [DEBUG] iteration=1482, ncalls=7052, regioncalls=0, ndraw=40, logz=-31.34, remainder_fraction=99.9065%, Lmin=-22.29, Lmax=-14.88
22:09:33 [ultranest] [DEBUG] iteration=1520, ncalls=7052, regioncalls=0, ndraw=40, logz=-30.16, remainder_fraction=99.7083%, Lmin=-20.93, Lmax=-14.88
22:09:33 [ultranest] [DEBUG] iteration=1560, ncalls=7052, regioncalls=0, ndraw=40, logz=-29.11, remainder_fraction=99.2157%, Lmin=-20.04, Lmax=-14.88
22:09:33 [ultranest] [DEBUG] iteration=1568, ncalls=7052, regioncalls=0, ndraw=40, logz=-28.94, remainder_fraction=99.0692%, Lmin=-19.95, Lmax=-14.88
22:09:33 [ultranest] [DEBUG] iteration=1600, ncalls=7052, regioncalls=0, ndraw=40, logz=-28.33, remainder_fraction=98.2721%, Lmin=-19.27, Lmax=-14.88
22:09:33 [ultranest] [DEBUG] iteration=1611, ncalls=7052, regioncalls=0, ndraw=40, logz=-28.14, remainder_fraction=97.9395%, Lmin=-19.12, Lmax=-14.88
22:09:34 [ultranest] [DEBUG] iteration=1640, ncalls=7052, regioncalls=0, ndraw=40, logz=-27.71, remainder_fraction=96.7626%, Lmin=-18.76, Lmax=-14.88
22:09:34 [ultranest] [DEBUG] iteration=1654, ncalls=7052, regioncalls=0, ndraw=40, logz=-27.54, remainder_fraction=96.0625%, Lmin=-18.53, Lmax=-14.88
22:09:34 [ultranest] [DEBUG] iteration=1680, ncalls=7052, regioncalls=0, ndraw=40, logz=-27.20, remainder_fraction=94.2658%, Lmin=-18.02, Lmax=-14.88
22:09:34 [ultranest] [DEBUG] iteration=1697, ncalls=7052, regioncalls=0, ndraw=40, logz=-26.97, remainder_fraction=92.6559%, Lmin=-17.76, Lmax=-14.88
22:09:34 [ultranest] [DEBUG] iteration=1720, ncalls=7052, regioncalls=0, ndraw=40, logz=-26.70, remainder_fraction=90.3052%, Lmin=-17.56, Lmax=-14.88
22:09:34 [ultranest] [DEBUG] iteration=1760, ncalls=7052, regioncalls=0, ndraw=40, logz=-26.32, remainder_fraction=85.7986%, Lmin=-17.16, Lmax=-14.88
22:09:34 [ultranest] [DEBUG] iteration=1783, ncalls=7052, regioncalls=0, ndraw=40, logz=-26.13, remainder_fraction=82.6354%, Lmin=-16.96, Lmax=-14.88
22:09:34 [ultranest] [DEBUG] iteration=1800, ncalls=7052, regioncalls=0, ndraw=40, logz=-26.00, remainder_fraction=80.0585%, Lmin=-16.77, Lmax=-14.88
22:09:34 [ultranest] [DEBUG] iteration=1826, ncalls=7052, regioncalls=0, ndraw=40, logz=-25.81, remainder_fraction=76.0905%, Lmin=-16.58, Lmax=-14.86
22:09:34 [ultranest] [DEBUG] iteration=1840, ncalls=7052, regioncalls=0, ndraw=40, logz=-25.72, remainder_fraction=74.0434%, Lmin=-16.52, Lmax=-14.86
22:09:34 [ultranest] [DEBUG] iteration=1869, ncalls=7052, regioncalls=0, ndraw=40, logz=-25.55, remainder_fraction=68.6457%, Lmin=-16.29, Lmax=-14.86
22:09:34 [ultranest] [DEBUG] iteration=1880, ncalls=7052, regioncalls=0, ndraw=40, logz=-25.49, remainder_fraction=66.5470%, Lmin=-16.17, Lmax=-14.86
22:09:34 [ultranest] [DEBUG] iteration=1920, ncalls=7052, regioncalls=0, ndraw=40, logz=-25.29, remainder_fraction=59.2691%, Lmin=-15.96, Lmax=-14.86
22:09:34 [ultranest] [DEBUG] iteration=1955, ncalls=7052, regioncalls=0, ndraw=40, logz=-25.15, remainder_fraction=52.9021%, Lmin=-15.87, Lmax=-14.86
22:09:34 [ultranest] [DEBUG] iteration=1960, ncalls=7052, regioncalls=0, ndraw=40, logz=-25.13, remainder_fraction=52.0973%, Lmin=-15.84, Lmax=-14.86
22:09:34 [ultranest] [DEBUG] iteration=2000, ncalls=7052, regioncalls=0, ndraw=40, logz=-25.00, remainder_fraction=45.3783%, Lmin=-15.70, Lmax=-14.86
22:09:34 [ultranest] [DEBUG] iteration=2040, ncalls=7052, regioncalls=0, ndraw=40, logz=-24.90, remainder_fraction=39.3655%, Lmin=-15.56, Lmax=-14.85
22:09:34 [ultranest] [DEBUG] iteration=2080, ncalls=7052, regioncalls=0, ndraw=40, logz=-24.81, remainder_fraction=33.6039%, Lmin=-15.48, Lmax=-14.85
22:09:34 [ultranest] [DEBUG] iteration=2120, ncalls=7052, regioncalls=0, ndraw=40, logz=-24.74, remainder_fraction=28.6913%, Lmin=-15.36, Lmax=-14.85
22:09:34 [ultranest] [DEBUG] iteration=2127, ncalls=7052, regioncalls=0, ndraw=40, logz=-24.73, remainder_fraction=27.8852%, Lmin=-15.35, Lmax=-14.85
22:09:34 [ultranest] [DEBUG] iteration=2160, ncalls=7052, regioncalls=0, ndraw=40, logz=-24.68, remainder_fraction=24.3221%, Lmin=-15.29, Lmax=-14.85
22:09:34 [ultranest] [DEBUG] iteration=2200, ncalls=7052, regioncalls=0, ndraw=40, logz=-24.63, remainder_fraction=20.5181%, Lmin=-15.21, Lmax=-14.85
22:09:34 [ultranest] [DEBUG] iteration=2213, ncalls=7052, regioncalls=0, ndraw=40, logz=-24.61, remainder_fraction=19.3790%, Lmin=-15.20, Lmax=-14.85
22:09:34 [ultranest] [DEBUG] iteration=2240, ncalls=7052, regioncalls=0, ndraw=40, logz=-24.59, remainder_fraction=17.1607%, Lmin=-15.17, Lmax=-14.85
22:09:34 [ultranest] [DEBUG] iteration=2256, ncalls=7052, regioncalls=0, ndraw=40, logz=-24.57, remainder_fraction=15.9381%, Lmin=-15.15, Lmax=-14.85
22:09:34 [ultranest] [DEBUG] iteration=2280, ncalls=7052, regioncalls=0, ndraw=40, logz=-24.55, remainder_fraction=14.2807%, Lmin=-15.13, Lmax=-14.85
22:09:34 [ultranest] [DEBUG] iteration=2299, ncalls=7052, regioncalls=0, ndraw=40, logz=-24.54, remainder_fraction=13.0665%, Lmin=-15.10, Lmax=-14.85
22:09:34 [ultranest] [DEBUG] iteration=2320, ncalls=7052, regioncalls=0, ndraw=40, logz=-24.52, remainder_fraction=11.8388%, Lmin=-15.08, Lmax=-14.85
22:09:34 [ultranest] [DEBUG] iteration=2360, ncalls=7052, regioncalls=0, ndraw=40, logz=-24.50, remainder_fraction=9.8095%, Lmin=-15.04, Lmax=-14.85
22:09:34 [ultranest] [DEBUG] iteration=2400, ncalls=7052, regioncalls=0, ndraw=40, logz=-24.48, remainder_fraction=8.1042%, Lmin=-15.01, Lmax=-14.84
22:09:34 [ultranest] [DEBUG] iteration=2428, ncalls=7052, regioncalls=0, ndraw=40, logz=-24.47, remainder_fraction=7.0805%, Lmin=-14.99, Lmax=-14.84
22:09:34 [ultranest] [DEBUG] iteration=2440, ncalls=7052, regioncalls=0, ndraw=40, logz=-24.47, remainder_fraction=6.6781%, Lmin=-14.98, Lmax=-14.84
22:09:34 [ultranest] [DEBUG] iteration=2471, ncalls=7052, regioncalls=0, ndraw=40, logz=-24.46, remainder_fraction=5.7375%, Lmin=-14.97, Lmax=-14.84
22:09:34 [ultranest] [DEBUG] iteration=2480, ncalls=7052, regioncalls=0, ndraw=40, logz=-24.45, remainder_fraction=5.4867%, Lmin=-14.96, Lmax=-14.84
22:09:34 [ultranest] [DEBUG] iteration=2514, ncalls=7052, regioncalls=0, ndraw=40, logz=-24.45, remainder_fraction=4.6339%, Lmin=-14.95, Lmax=-14.84
22:09:34 [ultranest] [INFO] Explored until L=-1e+01  
22:09:34 [ultranest] [INFO] Likelihood function evaluations: 7052
22:09:35 [ultranest] [INFO] Writing samples and results to disk ...
22:09:35 [ultranest] [INFO] Writing samples and results to disk ... done
22:09:35 [ultranest] [DEBUG] did a run_iter pass!
22:09:35 [ultranest] [INFO]   logZ = -24.4 +- 0.1199
22:09:35 [ultranest] [INFO] Effective samples strategy satisfied (ESS = 826.1, need >400)
22:09:35 [ultranest] [INFO] Posterior uncertainty strategy is satisfied (KL: 0.45+-0.11 nat, need <0.50 nat)
22:09:35 [ultranest] [INFO] Evidency uncertainty strategy is satisfied (dlogz=0.13, need <0.5)
22:09:35 [ultranest] [INFO]   logZ error budget: single: 0.21 bs:0.12 tail:0.04 total:0.13 required:<0.50
22:09:35 [ultranest] [INFO] done iterating.
22:09:35 [ultranest] [DEBUG] Making corner plot ...
22:09:37 [ultranest] [DEBUG] Making corner plot ... done
22:09:37 [ultranest] [DEBUG] Making run plot ... 
22:09:37 [ultranest] [DEBUG] Making run plot ... done
22:09:37 [ultranest] [DEBUG] Making trace plot ... 
22:09:38 [ultranest] [DEBUG] Making trace plot ... done
