01:28:48 [ultranest] [DEBUG] ReactiveNestedSampler: dims=3+0, resume=True, log_dir=/home/orion51/Desktop/Research/spectral_fitting/FGL_spectral_fitting/Individual_sources/2CXOJ033532.7-072741/bb_out_, backend=hdf5, vectorized=False, nbootstraps=30, ndraw=128..65536
01:28:48 [ultranest] [INFO] Sampling 400 live points from prior ...
01:28:49 [ultranest] [DEBUG] run_iter dlogz=0.5, dKL=0.5, frac_remain=0.01, Lepsilon=0.1000, min_ess=400
01:28:49 [ultranest] [DEBUG] max_iters=-1, max_ncalls=-1, max_num_improvement_loops=-1, min_num_live_points=400, cluster_num_live_points=40
01:28:49 [ultranest] [DEBUG] minimal_widths_sequence: [(-inf, 400.0), (inf, 400.0)]
01:28:49 [ultranest] [DEBUG] iteration=0, ncalls=401, regioncalls=40, ndraw=40, logz=-inf, remainder_fraction=100.0000%, Lmin=-7397441.41, Lmax=-31.34
01:28:49 [ultranest] [DEBUG] iteration=30, ncalls=434, regioncalls=1360, ndraw=40, logz=-3923.12, remainder_fraction=100.0000%, Lmin=-3201.01, Lmax=-31.34
01:28:49 [ultranest] [DEBUG] iteration=40, ncalls=444, regioncalls=1760, ndraw=40, logz=-562.19, remainder_fraction=100.0000%, Lmin=-502.00, Lmax=-31.34
01:28:49 [ultranest] [DEBUG] Plateau detected at L=-2.589814e+02, not replacing live point.
01:28:49 [ultranest] [DEBUG] Plateau detected at L=-2.589814e+02, not replacing live point.
01:28:49 [ultranest] [DEBUG] Plateau detected at L=-2.589814e+02, not replacing live point.
01:28:49 [ultranest] [DEBUG] Plateau detected at L=-2.589814e+02, not replacing live point.
01:28:49 [ultranest] [DEBUG] Plateau detected at L=-2.589814e+02, not replacing live point.
01:28:49 [ultranest] [DEBUG] Plateau detected at L=-2.589814e+02, not replacing live point.
01:28:49 [ultranest] [DEBUG] Plateau detected at L=-2.589814e+02, not replacing live point.
01:28:49 [ultranest] [DEBUG] Plateau detected at L=-2.589814e+02, not replacing live point.
01:28:49 [ultranest] [DEBUG] Plateau detected at L=-2.589814e+02, not replacing live point.
01:28:49 [ultranest] [DEBUG] Plateau detected at L=-2.589814e+02, not replacing live point.
01:28:49 [ultranest] [DEBUG] Plateau detected at L=-2.589814e+02, not replacing live point.
01:28:49 [ultranest] [DEBUG] Plateau detected at L=-2.589814e+02, not replacing live point.
01:28:49 [ultranest] [DEBUG] Plateau detected at L=-2.589814e+02, not replacing live point.
01:28:49 [ultranest] [DEBUG] Plateau detected at L=-2.589814e+02, not replacing live point.
01:28:49 [ultranest] [DEBUG] Plateau detected at L=-2.589814e+02, not replacing live point.
01:28:49 [ultranest] [DEBUG] Plateau detected at L=-2.589814e+02, not replacing live point.
01:28:49 [ultranest] [DEBUG] Plateau detected at L=-2.589814e+02, not replacing live point.
01:28:49 [ultranest] [DEBUG] Plateau detected at L=-2.589814e+02, not replacing live point.
01:28:49 [ultranest] [DEBUG] Plateau detected at L=-2.589814e+02, not replacing live point.
01:28:49 [ultranest] [DEBUG] Plateau detected at L=-2.589814e+02, not replacing live point.
01:28:49 [ultranest] [DEBUG] Plateau detected at L=-2.589814e+02, not replacing live point.
01:28:49 [ultranest] [DEBUG] Plateau detected at L=-2.589814e+02, not replacing live point.
01:28:49 [ultranest] [DEBUG] Plateau detected at L=-2.589814e+02, not replacing live point.
01:28:49 [ultranest] [DEBUG] Plateau detected at L=-2.589814e+02, not replacing live point.
01:28:49 [ultranest] [DEBUG] Plateau detected at L=-2.589814e+02, not replacing live point.
01:28:49 [ultranest] [DEBUG] Plateau detected at L=-2.589814e+02, not replacing live point.
01:28:49 [ultranest] [DEBUG] Plateau detected at L=-2.589814e+02, not replacing live point.
01:28:49 [ultranest] [DEBUG] Plateau detected at L=-2.589814e+02, not replacing live point.
01:28:49 [ultranest] [DEBUG] Plateau detected at L=-2.589814e+02, not replacing live point.
01:28:49 [ultranest] [DEBUG] Plateau detected at L=-2.589814e+02, not replacing live point.
01:28:49 [ultranest] [DEBUG] Plateau detected at L=-2.589814e+02, not replacing live point.
01:28:49 [ultranest] [DEBUG] Plateau detected at L=-2.589814e+02, not replacing live point.
01:28:49 [ultranest] [DEBUG] Plateau detected at L=-2.589814e+02, not replacing live point.
01:28:49 [ultranest] [DEBUG] Plateau detected at L=-2.589814e+02, not replacing live point.
01:28:49 [ultranest] [DEBUG] Plateau detected at L=-2.589814e+02, not replacing live point.
01:28:49 [ultranest] [DEBUG] Plateau detected at L=-2.589814e+02, not replacing live point.
01:28:49 [ultranest] [DEBUG] Plateau detected at L=-2.589814e+02, not replacing live point.
01:28:49 [ultranest] [DEBUG] Plateau detected at L=-2.589814e+02, not replacing live point.
01:28:49 [ultranest] [DEBUG] Plateau detected at L=-2.589814e+02, not replacing live point.
01:28:49 [ultranest] [DEBUG] Plateau detected at L=-2.589814e+02, not replacing live point.
01:28:49 [ultranest] [DEBUG] Plateau detected at L=-2.589814e+02, not replacing live point.
01:28:49 [ultranest] [DEBUG] Plateau detected at L=-2.589814e+02, not replacing live point.
01:28:49 [ultranest] [DEBUG] Plateau detected at L=-2.589814e+02, not replacing live point.
01:28:49 [ultranest] [DEBUG] Plateau detected at L=-2.589814e+02, not replacing live point.
01:28:49 [ultranest] [DEBUG] Plateau detected at L=-2.589814e+02, not replacing live point.
01:28:49 [ultranest] [DEBUG] Plateau detected at L=-2.589814e+02, not replacing live point.
01:28:49 [ultranest] [DEBUG] Plateau detected at L=-2.589814e+02, not replacing live point.
01:28:49 [ultranest] [DEBUG] Plateau detected at L=-2.589814e+02, not replacing live point.
01:28:49 [ultranest] [DEBUG] Plateau detected at L=-2.589814e+02, not replacing live point.
01:28:49 [ultranest] [DEBUG] Plateau detected at L=-2.589814e+02, not replacing live point.
01:28:49 [ultranest] [DEBUG] Plateau detected at L=-2.589814e+02, not replacing live point.
01:28:49 [ultranest] [DEBUG] Plateau detected at L=-2.589814e+02, not replacing live point.
01:28:49 [ultranest] [DEBUG] Plateau detected at L=-2.589814e+02, not replacing live point.
01:28:49 [ultranest] [DEBUG] Plateau detected at L=-2.589814e+02, not replacing live point.
01:28:49 [ultranest] [DEBUG] Plateau detected at L=-2.589814e+02, not replacing live point.
01:28:49 [ultranest] [DEBUG] Plateau detected at L=-2.589814e+02, not replacing live point.
01:28:49 [ultranest] [DEBUG] Plateau detected at L=-2.589814e+02, not replacing live point.
01:28:49 [ultranest] [DEBUG] Plateau detected at L=-2.589814e+02, not replacing live point.
01:28:49 [ultranest] [DEBUG] Plateau detected at L=-2.589814e+02, not replacing live point.
01:28:49 [ultranest] [DEBUG] Plateau detected at L=-2.589814e+02, not replacing live point.
01:28:49 [ultranest] [DEBUG] Plateau detected at L=-2.589814e+02, not replacing live point.
01:28:49 [ultranest] [DEBUG] Plateau detected at L=-2.589814e+02, not replacing live point.
01:28:49 [ultranest] [DEBUG] Plateau detected at L=-2.589814e+02, not replacing live point.
01:28:49 [ultranest] [DEBUG] Plateau detected at L=-2.589814e+02, not replacing live point.
01:28:49 [ultranest] [DEBUG] Plateau detected at L=-2.589814e+02, not replacing live point.
01:28:49 [ultranest] [DEBUG] Plateau detected at L=-2.589814e+02, not replacing live point.
01:28:49 [ultranest] [DEBUG] Plateau detected at L=-2.589814e+02, not replacing live point.
01:28:49 [ultranest] [DEBUG] Plateau detected at L=-2.589814e+02, not replacing live point.
01:28:49 [ultranest] [DEBUG] Plateau detected at L=-2.589814e+02, not replacing live point.
01:28:49 [ultranest] [DEBUG] Plateau detected at L=-2.589814e+02, not replacing live point.
01:28:49 [ultranest] [DEBUG] Plateau detected at L=-2.589814e+02, not replacing live point.
01:28:49 [ultranest] [DEBUG] Plateau detected at L=-2.589814e+02, not replacing live point.
01:28:49 [ultranest] [DEBUG] Plateau detected at L=-2.589814e+02, not replacing live point.
01:28:49 [ultranest] [DEBUG] Plateau detected at L=-2.589814e+02, not replacing live point.
01:28:49 [ultranest] [DEBUG] Plateau detected at L=-2.589814e+02, not replacing live point.
01:28:49 [ultranest] [DEBUG] Plateau detected at L=-2.589814e+02, not replacing live point.
01:28:49 [ultranest] [DEBUG] Plateau detected at L=-2.589814e+02, not replacing live point.
01:28:49 [ultranest] [DEBUG] Plateau detected at L=-2.589814e+02, not replacing live point.
01:28:49 [ultranest] [DEBUG] Plateau detected at L=-2.589814e+02, not replacing live point.
01:28:49 [ultranest] [DEBUG] Plateau detected at L=-2.589814e+02, not replacing live point.
01:28:49 [ultranest] [DEBUG] Plateau detected at L=-2.589814e+02, not replacing live point.
01:28:49 [ultranest] [DEBUG] Plateau detected at L=-2.589814e+02, not replacing live point.
01:28:49 [ultranest] [DEBUG] Plateau detected at L=-2.589814e+02, not replacing live point.
01:28:49 [ultranest] [DEBUG] Plateau detected at L=-2.589814e+02, not replacing live point.
01:28:49 [ultranest] [DEBUG] Plateau detected at L=-2.589814e+02, not replacing live point.
01:28:49 [ultranest] [DEBUG] Plateau detected at L=-2.589814e+02, not replacing live point.
01:28:49 [ultranest] [DEBUG] Plateau detected at L=-2.589814e+02, not replacing live point.
01:28:49 [ultranest] [DEBUG] Plateau detected at L=-2.589814e+02, not replacing live point.
01:28:49 [ultranest] [DEBUG] Plateau detected at L=-2.589814e+02, not replacing live point.
01:28:49 [ultranest] [DEBUG] Plateau detected at L=-2.589814e+02, not replacing live point.
01:28:49 [ultranest] [DEBUG] Plateau detected at L=-2.589814e+02, not replacing live point.
01:28:49 [ultranest] [DEBUG] Plateau detected at L=-2.589814e+02, not replacing live point.
01:28:49 [ultranest] [DEBUG] Plateau detected at L=-2.589814e+02, not replacing live point.
01:28:49 [ultranest] [DEBUG] Plateau detected at L=-2.589814e+02, not replacing live point.
01:28:49 [ultranest] [DEBUG] Plateau detected at L=-2.589814e+02, not replacing live point.
01:28:49 [ultranest] [DEBUG] Plateau detected at L=-2.589814e+02, not replacing live point.
01:28:49 [ultranest] [DEBUG] Plateau detected at L=-2.589814e+02, not replacing live point.
01:28:49 [ultranest] [DEBUG] Plateau detected at L=-2.589814e+02, not replacing live point.
01:28:49 [ultranest] [DEBUG] Plateau detected at L=-2.589814e+02, not replacing live point.
01:28:49 [ultranest] [DEBUG] Plateau detected at L=-2.589814e+02, not replacing live point.
01:28:49 [ultranest] [DEBUG] Plateau detected at L=-2.589814e+02, not replacing live point.
01:28:49 [ultranest] [DEBUG] Plateau detected at L=-2.589814e+02, not replacing live point.
01:28:49 [ultranest] [DEBUG] Plateau detected at L=-2.589814e+02, not replacing live point.
01:28:49 [ultranest] [DEBUG] Plateau detected at L=-2.589814e+02, not replacing live point.
01:28:49 [ultranest] [DEBUG] Plateau detected at L=-2.589814e+02, not replacing live point.
01:28:49 [ultranest] [DEBUG] Plateau detected at L=-2.589814e+02, not replacing live point.
01:28:49 [ultranest] [DEBUG] Plateau detected at L=-2.589814e+02, not replacing live point.
01:28:49 [ultranest] [DEBUG] Plateau detected at L=-2.589814e+02, not replacing live point.
01:28:49 [ultranest] [DEBUG] Plateau detected at L=-2.589814e+02, not replacing live point.
01:28:49 [ultranest] [DEBUG] Plateau detected at L=-2.589814e+02, not replacing live point.
01:28:49 [ultranest] [DEBUG] Plateau detected at L=-2.589814e+02, not replacing live point.
01:28:49 [ultranest] [DEBUG] Plateau detected at L=-2.589814e+02, not replacing live point.
01:28:49 [ultranest] [DEBUG] Plateau detected at L=-2.589814e+02, not replacing live point.
01:28:49 [ultranest] [DEBUG] Plateau detected at L=-2.589814e+02, not replacing live point.
01:28:49 [ultranest] [DEBUG] Plateau detected at L=-2.589814e+02, not replacing live point.
01:28:49 [ultranest] [DEBUG] Plateau detected at L=-2.589814e+02, not replacing live point.
01:28:49 [ultranest] [DEBUG] Plateau detected at L=-2.589814e+02, not replacing live point.
01:28:49 [ultranest] [DEBUG] Plateau detected at L=-2.589814e+02, not replacing live point.
01:28:49 [ultranest] [DEBUG] Plateau detected at L=-2.589814e+02, not replacing live point.
01:28:49 [ultranest] [DEBUG] Plateau detected at L=-2.589814e+02, not replacing live point.
01:28:49 [ultranest] [DEBUG] Plateau detected at L=-2.589814e+02, not replacing live point.
01:28:49 [ultranest] [DEBUG] Plateau detected at L=-2.589814e+02, not replacing live point.
01:28:49 [ultranest] [DEBUG] Plateau detected at L=-2.589814e+02, not replacing live point.
01:28:49 [ultranest] [DEBUG] Plateau detected at L=-2.589814e+02, not replacing live point.
01:28:49 [ultranest] [DEBUG] Plateau detected at L=-2.589814e+02, not replacing live point.
01:28:49 [ultranest] [DEBUG] Plateau detected at L=-2.589814e+02, not replacing live point.
01:28:49 [ultranest] [DEBUG] Plateau detected at L=-2.589814e+02, not replacing live point.
01:28:49 [ultranest] [DEBUG] Plateau detected at L=-2.589814e+02, not replacing live point.
01:28:49 [ultranest] [DEBUG] Plateau detected at L=-2.589814e+02, not replacing live point.
01:28:49 [ultranest] [DEBUG] Plateau detected at L=-2.589814e+02, not replacing live point.
01:28:49 [ultranest] [DEBUG] Plateau detected at L=-2.589814e+02, not replacing live point.
01:28:49 [ultranest] [DEBUG] Plateau detected at L=-2.589814e+02, not replacing live point.
01:28:49 [ultranest] [DEBUG] Plateau detected at L=-2.589814e+02, not replacing live point.
01:28:49 [ultranest] [DEBUG] Plateau detected at L=-2.589814e+02, not replacing live point.
01:28:49 [ultranest] [DEBUG] Plateau detected at L=-2.589814e+02, not replacing live point.
01:28:49 [ultranest] [DEBUG] Plateau detected at L=-2.589814e+02, not replacing live point.
01:28:49 [ultranest] [DEBUG] Plateau detected at L=-2.589814e+02, not replacing live point.
01:28:49 [ultranest] [DEBUG] Plateau detected at L=-2.589814e+02, not replacing live point.
01:28:49 [ultranest] [DEBUG] Plateau detected at L=-2.589814e+02, not replacing live point.
01:28:49 [ultranest] [DEBUG] Plateau detected at L=-2.589814e+02, not replacing live point.
01:28:49 [ultranest] [DEBUG] Plateau detected at L=-2.589814e+02, not replacing live point.
01:28:49 [ultranest] [DEBUG] Plateau detected at L=-2.589814e+02, not replacing live point.
01:28:49 [ultranest] [DEBUG] Plateau detected at L=-2.589814e+02, not replacing live point.
01:28:49 [ultranest] [DEBUG] Plateau detected at L=-2.589814e+02, not replacing live point.
01:28:49 [ultranest] [DEBUG] Plateau detected at L=-2.589814e+02, not replacing live point.
01:28:49 [ultranest] [DEBUG] Plateau detected at L=-2.589814e+02, not replacing live point.
01:28:49 [ultranest] [DEBUG] Plateau detected at L=-2.589814e+02, not replacing live point.
01:28:49 [ultranest] [DEBUG] Plateau detected at L=-2.589814e+02, not replacing live point.
01:28:49 [ultranest] [DEBUG] Plateau detected at L=-2.589814e+02, not replacing live point.
01:28:49 [ultranest] [DEBUG] Plateau detected at L=-2.589814e+02, not replacing live point.
01:28:49 [ultranest] [DEBUG] Plateau detected at L=-2.589814e+02, not replacing live point.
01:28:49 [ultranest] [DEBUG] Plateau detected at L=-2.589814e+02, not replacing live point.
01:28:49 [ultranest] [DEBUG] Plateau detected at L=-2.589814e+02, not replacing live point.
01:28:49 [ultranest] [DEBUG] Plateau detected at L=-2.589814e+02, not replacing live point.
01:28:49 [ultranest] [DEBUG] Plateau detected at L=-2.589814e+02, not replacing live point.
01:28:49 [ultranest] [DEBUG] Plateau detected at L=-2.589814e+02, not replacing live point.
01:28:49 [ultranest] [DEBUG] Plateau detected at L=-2.589814e+02, not replacing live point.
01:28:49 [ultranest] [DEBUG] Plateau detected at L=-2.589814e+02, not replacing live point.
01:28:49 [ultranest] [DEBUG] Plateau detected at L=-2.589814e+02, not replacing live point.
01:28:49 [ultranest] [DEBUG] Plateau detected at L=-2.589814e+02, not replacing live point.
01:28:49 [ultranest] [DEBUG] Plateau detected at L=-2.589814e+02, not replacing live point.
01:28:49 [ultranest] [DEBUG] Plateau detected at L=-2.589814e+02, not replacing live point.
01:28:49 [ultranest] [DEBUG] Plateau detected at L=-2.589814e+02, not replacing live point.
01:28:49 [ultranest] [DEBUG] Plateau detected at L=-2.589814e+02, not replacing live point.
01:28:49 [ultranest] [DEBUG] Plateau detected at L=-2.589814e+02, not replacing live point.
01:28:49 [ultranest] [DEBUG] Plateau detected at L=-2.589814e+02, not replacing live point.
01:28:49 [ultranest] [DEBUG] Plateau detected at L=-2.589814e+02, not replacing live point.
01:28:49 [ultranest] [DEBUG] Plateau detected at L=-2.589814e+02, not replacing live point.
01:28:49 [ultranest] [DEBUG] Plateau detected at L=-2.589814e+02, not replacing live point.
01:28:49 [ultranest] [DEBUG] Plateau detected at L=-2.589814e+02, not replacing live point.
01:28:49 [ultranest] [DEBUG] Plateau detected at L=-2.589814e+02, not replacing live point.
01:28:49 [ultranest] [DEBUG] Plateau detected at L=-2.589814e+02, not replacing live point.
01:28:49 [ultranest] [DEBUG] Plateau detected at L=-2.589814e+02, not replacing live point.
01:28:49 [ultranest] [DEBUG] Plateau detected at L=-2.589814e+02, not replacing live point.
01:28:49 [ultranest] [DEBUG] Plateau detected at L=-2.589814e+02, not replacing live point.
01:28:49 [ultranest] [DEBUG] Plateau detected at L=-2.589814e+02, not replacing live point.
01:28:49 [ultranest] [DEBUG] Plateau detected at L=-2.589814e+02, not replacing live point.
01:28:49 [ultranest] [DEBUG] Plateau detected at L=-2.589814e+02, not replacing live point.
01:28:49 [ultranest] [DEBUG] Plateau detected at L=-2.589814e+02, not replacing live point.
01:28:49 [ultranest] [DEBUG] Plateau detected at L=-2.589814e+02, not replacing live point.
01:28:49 [ultranest] [DEBUG] Plateau detected at L=-2.589814e+02, not replacing live point.
01:28:49 [ultranest] [DEBUG] Plateau detected at L=-2.589814e+02, not replacing live point.
01:28:49 [ultranest] [DEBUG] Plateau detected at L=-2.589814e+02, not replacing live point.
01:28:49 [ultranest] [DEBUG] Plateau detected at L=-2.589814e+02, not replacing live point.
01:28:49 [ultranest] [DEBUG] Plateau detected at L=-2.589814e+02, not replacing live point.
01:28:49 [ultranest] [DEBUG] Plateau detected at L=-2.589814e+02, not replacing live point.
01:28:49 [ultranest] [DEBUG] Plateau detected at L=-2.589814e+02, not replacing live point.
01:28:49 [ultranest] [DEBUG] Plateau detected at L=-2.589814e+02, not replacing live point.
01:28:49 [ultranest] [DEBUG] Plateau detected at L=-2.589814e+02, not replacing live point.
01:28:49 [ultranest] [DEBUG] Plateau detected at L=-2.589814e+02, not replacing live point.
01:28:49 [ultranest] [DEBUG] Plateau detected at L=-2.589814e+02, not replacing live point.
01:28:49 [ultranest] [DEBUG] Plateau detected at L=-2.589814e+02, not replacing live point.
01:28:49 [ultranest] [DEBUG] Plateau detected at L=-2.589814e+02, not replacing live point.
01:28:49 [ultranest] [DEBUG] Plateau detected at L=-2.589814e+02, not replacing live point.
01:28:49 [ultranest] [DEBUG] Plateau detected at L=-2.589814e+02, not replacing live point.
01:28:49 [ultranest] [DEBUG] Plateau detected at L=-2.589814e+02, not replacing live point.
01:28:49 [ultranest] [DEBUG] Plateau detected at L=-2.589814e+02, not replacing live point.
01:28:49 [ultranest] [DEBUG] Plateau detected at L=-2.589814e+02, not replacing live point.
01:28:49 [ultranest] [DEBUG] Plateau detected at L=-2.589814e+02, not replacing live point.
01:28:49 [ultranest] [DEBUG] Plateau detected at L=-2.589814e+02, not replacing live point.
01:28:49 [ultranest] [DEBUG] Plateau detected at L=-2.589814e+02, not replacing live point.
01:28:49 [ultranest] [DEBUG] Plateau detected at L=-2.589814e+02, not replacing live point.
01:28:49 [ultranest] [DEBUG] Plateau detected at L=-2.589814e+02, not replacing live point.
01:28:49 [ultranest] [DEBUG] Plateau detected at L=-2.589814e+02, not replacing live point.
01:28:49 [ultranest] [DEBUG] Plateau detected at L=-2.589814e+02, not replacing live point.
01:28:49 [ultranest] [DEBUG] iteration=252, ncalls=451, regioncalls=2040, ndraw=40, logz=-259.77, remainder_fraction=100.0000%, Lmin=-258.98, Lmax=-31.34
01:28:49 [ultranest] [DEBUG] Plateau detected at L=-2.589814e+02, not replacing live point.
01:28:49 [ultranest] [DEBUG] iteration=256, ncalls=456, regioncalls=2240, ndraw=40, logz=-259.75, remainder_fraction=100.0000%, Lmin=-258.98, Lmax=-31.34
01:28:49 [ultranest] [DEBUG] iteration=276, ncalls=496, regioncalls=3840, ndraw=40, logz=-259.66, remainder_fraction=100.0000%, Lmin=-258.98, Lmax=-31.34
01:28:49 [ultranest] [DEBUG] iteration=280, ncalls=502, regioncalls=4080, ndraw=40, logz=-259.65, remainder_fraction=100.0000%, Lmin=-258.98, Lmax=-31.34
01:28:50 [ultranest] [DEBUG] iteration=298, ncalls=548, regioncalls=5920, ndraw=40, logz=-259.58, remainder_fraction=100.0000%, Lmin=-258.98, Lmax=-31.34
01:28:50 [ultranest] [DEBUG] iteration=300, ncalls=552, regioncalls=6080, ndraw=40, logz=-259.58, remainder_fraction=100.0000%, Lmin=-258.98, Lmax=-31.34
01:28:50 [ultranest] [DEBUG] iteration=316, ncalls=596, regioncalls=7840, ndraw=40, logz=-259.53, remainder_fraction=100.0000%, Lmin=-258.98, Lmax=-31.34
01:28:50 [ultranest] [DEBUG] iteration=320, ncalls=603, regioncalls=8120, ndraw=40, logz=-259.52, remainder_fraction=100.0000%, Lmin=-258.98, Lmax=-30.59
01:28:50 [ultranest] [DEBUG] iteration=340, ncalls=651, regioncalls=10040, ndraw=40, logz=-259.47, remainder_fraction=100.0000%, Lmin=-258.98, Lmax=-24.39
01:28:50 [ultranest] [DEBUG] iteration=344, ncalls=657, regioncalls=10280, ndraw=40, logz=-259.46, remainder_fraction=100.0000%, Lmin=-258.98, Lmax=-24.39
01:28:50 [ultranest] [DEBUG] iteration=360, ncalls=691, regioncalls=11640, ndraw=40, logz=-259.43, remainder_fraction=100.0000%, Lmin=-258.98, Lmax=-23.10
01:28:50 [ultranest] [DEBUG] iteration=384, ncalls=736, regioncalls=13440, ndraw=40, logz=-259.38, remainder_fraction=100.0000%, Lmin=-258.97, Lmax=-23.10
01:28:50 [ultranest] [DEBUG] iteration=400, ncalls=767, regioncalls=14680, ndraw=40, logz=-259.36, remainder_fraction=100.0000%, Lmin=-258.95, Lmax=-23.10
01:28:50 [ultranest] [DEBUG] iteration=414, ncalls=814, regioncalls=16560, ndraw=40, logz=-259.33, remainder_fraction=100.0000%, Lmin=-258.92, Lmax=-23.10
01:28:50 [ultranest] [DEBUG] iteration=434, ncalls=858, regioncalls=18320, ndraw=40, logz=-259.31, remainder_fraction=100.0000%, Lmin=-258.79, Lmax=-23.10
01:28:50 [ultranest] [DEBUG] iteration=440, ncalls=870, regioncalls=18800, ndraw=40, logz=-259.30, remainder_fraction=100.0000%, Lmin=-258.75, Lmax=-23.10
01:28:50 [ultranest] [DEBUG] iteration=456, ncalls=917, regioncalls=20680, ndraw=40, logz=-259.27, remainder_fraction=100.0000%, Lmin=-258.46, Lmax=-23.10
01:28:51 [ultranest] [DEBUG] iteration=476, ncalls=969, regioncalls=22760, ndraw=40, logz=-259.23, remainder_fraction=100.0000%, Lmin=-258.00, Lmax=-23.10
01:28:51 [ultranest] [DEBUG] iteration=480, ncalls=987, regioncalls=23480, ndraw=40, logz=-259.22, remainder_fraction=100.0000%, Lmin=-257.88, Lmax=-23.10
01:28:51 [ultranest] [DEBUG] iteration=495, ncalls=1033, regioncalls=25320, ndraw=40, logz=-259.17, remainder_fraction=100.0000%, Lmin=-257.05, Lmax=-23.10
01:28:51 [ultranest] [DEBUG] iteration=513, ncalls=1083, regioncalls=27320, ndraw=40, logz=-259.03, remainder_fraction=100.0000%, Lmin=-256.22, Lmax=-23.10
01:28:51 [ultranest] [DEBUG] iteration=520, ncalls=1096, regioncalls=27840, ndraw=40, logz=-258.94, remainder_fraction=100.0000%, Lmin=-255.37, Lmax=-23.10
01:28:51 [ultranest] [DEBUG] iteration=534, ncalls=1144, regioncalls=29760, ndraw=40, logz=-258.44, remainder_fraction=100.0000%, Lmin=-253.80, Lmax=-23.10
01:28:51 [ultranest] [DEBUG] iteration=548, ncalls=1201, regioncalls=32040, ndraw=40, logz=-257.27, remainder_fraction=100.0000%, Lmin=-251.63, Lmax=-23.10
01:28:51 [ultranest] [DEBUG] iteration=560, ncalls=1251, regioncalls=34040, ndraw=40, logz=-255.92, remainder_fraction=100.0000%, Lmin=-250.71, Lmax=-23.10
01:28:51 [ultranest] [DEBUG] iteration=564, ncalls=1265, regioncalls=34600, ndraw=40, logz=-255.53, remainder_fraction=100.0000%, Lmin=-250.05, Lmax=-23.10
01:28:51 [ultranest] [DEBUG] iteration=582, ncalls=1310, regioncalls=36400, ndraw=40, logz=-252.35, remainder_fraction=100.0000%, Lmin=-246.13, Lmax=-23.10
01:28:51 [ultranest] [DEBUG] iteration=600, ncalls=1346, regioncalls=37840, ndraw=40, logz=-248.32, remainder_fraction=100.0000%, Lmin=-242.11, Lmax=-23.10
01:28:51 [ultranest] [DEBUG] iteration=608, ncalls=1356, regioncalls=38240, ndraw=40, logz=-246.73, remainder_fraction=100.0000%, Lmin=-240.41, Lmax=-23.10
01:28:52 [ultranest] [DEBUG] iteration=627, ncalls=1397, regioncalls=39880, ndraw=40, logz=-242.86, remainder_fraction=100.0000%, Lmin=-235.45, Lmax=-23.10
01:28:52 [ultranest] [DEBUG] iteration=640, ncalls=1440, regioncalls=41600, ndraw=40, logz=-239.20, remainder_fraction=100.0000%, Lmin=-232.60, Lmax=-23.10
01:28:52 [ultranest] [DEBUG] iteration=658, ncalls=1481, regioncalls=43240, ndraw=40, logz=-233.97, remainder_fraction=100.0000%, Lmin=-226.87, Lmax=-23.10
01:28:52 [ultranest] [DEBUG] iteration=673, ncalls=1525, regioncalls=45000, ndraw=40, logz=-229.42, remainder_fraction=100.0000%, Lmin=-222.50, Lmax=-23.10
01:28:52 [ultranest] [DEBUG] iteration=680, ncalls=1533, regioncalls=45320, ndraw=40, logz=-227.81, remainder_fraction=100.0000%, Lmin=-220.92, Lmax=-23.10
01:28:52 [ultranest] [DEBUG] iteration=697, ncalls=1579, regioncalls=47200, ndraw=40, logz=-220.58, remainder_fraction=100.0000%, Lmin=-213.32, Lmax=-23.10
01:28:52 [ultranest] [DEBUG] iteration=714, ncalls=1621, regioncalls=48880, ndraw=40, logz=-215.21, remainder_fraction=100.0000%, Lmin=-207.50, Lmax=-23.10
01:28:52 [ultranest] [DEBUG] iteration=720, ncalls=1631, regioncalls=49280, ndraw=40, logz=-212.92, remainder_fraction=100.0000%, Lmin=-204.63, Lmax=-23.10
01:28:52 [ultranest] [DEBUG] iteration=739, ncalls=1677, regioncalls=51120, ndraw=40, logz=-198.54, remainder_fraction=100.0000%, Lmin=-190.10, Lmax=-19.59
01:28:52 [ultranest] [DEBUG] iteration=740, ncalls=1679, regioncalls=51200, ndraw=40, logz=-197.93, remainder_fraction=100.0000%, Lmin=-188.52, Lmax=-19.59
01:28:52 [ultranest] [DEBUG] iteration=751, ncalls=1720, regioncalls=52880, ndraw=40, logz=-192.08, remainder_fraction=100.0000%, Lmin=-184.01, Lmax=-19.59
01:28:52 [ultranest] [DEBUG] iteration=760, ncalls=1746, regioncalls=53920, ndraw=40, logz=-184.35, remainder_fraction=100.0000%, Lmin=-175.33, Lmax=-19.59
01:28:52 [ultranest] [DEBUG] iteration=780, ncalls=1794, regioncalls=55840, ndraw=40, logz=-174.86, remainder_fraction=100.0000%, Lmin=-167.28, Lmax=-19.59
01:28:53 [ultranest] [DEBUG] iteration=784, ncalls=1808, regioncalls=56400, ndraw=40, logz=-173.45, remainder_fraction=100.0000%, Lmin=-164.47, Lmax=-19.59
01:28:53 [ultranest] [DEBUG] iteration=800, ncalls=1843, regioncalls=57840, ndraw=40, logz=-166.20, remainder_fraction=100.0000%, Lmin=-156.58, Lmax=-19.59
01:28:53 [ultranest] [DEBUG] iteration=818, ncalls=1889, regioncalls=59720, ndraw=40, logz=-159.98, remainder_fraction=100.0000%, Lmin=-152.35, Lmax=-19.59
01:28:53 [ultranest] [DEBUG] iteration=828, ncalls=1912, regioncalls=60680, ndraw=40, logz=-156.02, remainder_fraction=100.0000%, Lmin=-147.08, Lmax=-19.59
01:28:53 [ultranest] [DEBUG] iteration=840, ncalls=1943, regioncalls=61960, ndraw=40, logz=-149.24, remainder_fraction=100.0000%, Lmin=-140.84, Lmax=-19.59
01:28:53 [ultranest] [DEBUG] iteration=856, ncalls=1990, regioncalls=63840, ndraw=40, logz=-141.74, remainder_fraction=100.0000%, Lmin=-134.14, Lmax=-19.59
01:28:53 [ultranest] [DEBUG] iteration=871, ncalls=2043, regioncalls=65960, ndraw=40, logz=-137.47, remainder_fraction=100.0000%, Lmin=-129.74, Lmax=-19.59
01:28:53 [ultranest] [DEBUG] iteration=872, ncalls=2044, regioncalls=66000, ndraw=40, logz=-137.28, remainder_fraction=100.0000%, Lmin=-129.73, Lmax=-19.59
01:28:53 [ultranest] [DEBUG] iteration=880, ncalls=2059, regioncalls=66640, ndraw=40, logz=-135.42, remainder_fraction=100.0000%, Lmin=-127.11, Lmax=-19.59
01:28:53 [ultranest] [DEBUG] iteration=898, ncalls=2101, regioncalls=68320, ndraw=40, logz=-126.70, remainder_fraction=100.0000%, Lmin=-117.97, Lmax=-19.59
01:28:53 [ultranest] [DEBUG] iteration=916, ncalls=2149, regioncalls=70240, ndraw=40, logz=-120.27, remainder_fraction=100.0000%, Lmin=-111.99, Lmax=-19.59
01:28:53 [ultranest] [DEBUG] iteration=920, ncalls=2160, regioncalls=70680, ndraw=40, logz=-119.29, remainder_fraction=100.0000%, Lmin=-111.28, Lmax=-19.59
01:28:53 [ultranest] [DEBUG] iteration=941, ncalls=2201, regioncalls=72320, ndraw=40, logz=-114.82, remainder_fraction=100.0000%, Lmin=-106.28, Lmax=-19.59
01:28:54 [ultranest] [DEBUG] iteration=960, ncalls=2242, regioncalls=73960, ndraw=40, logz=-109.03, remainder_fraction=100.0000%, Lmin=-100.83, Lmax=-19.59
01:28:54 [ultranest] [DEBUG] iteration=980, ncalls=2282, regioncalls=75600, ndraw=40, logz=-104.74, remainder_fraction=100.0000%, Lmin=-96.26, Lmax=-19.59
01:28:54 [ultranest] [DEBUG] iteration=1000, ncalls=2316, regioncalls=76960, ndraw=40, logz=-98.21, remainder_fraction=100.0000%, Lmin=-88.79, Lmax=-19.59
01:28:54 [ultranest] [DEBUG] iteration=1016, ncalls=2359, regioncalls=78680, ndraw=40, logz=-92.03, remainder_fraction=100.0000%, Lmin=-83.59, Lmax=-18.82
01:28:54 [ultranest] [DEBUG] iteration=1036, ncalls=2405, regioncalls=80520, ndraw=40, logz=-86.95, remainder_fraction=100.0000%, Lmin=-78.01, Lmax=-18.82
01:28:54 [ultranest] [DEBUG] iteration=1040, ncalls=2417, regioncalls=81000, ndraw=40, logz=-85.62, remainder_fraction=100.0000%, Lmin=-76.31, Lmax=-18.82
01:28:54 [ultranest] [DEBUG] iteration=1057, ncalls=2461, regioncalls=82760, ndraw=40, logz=-81.78, remainder_fraction=100.0000%, Lmin=-73.43, Lmax=-18.82
01:28:54 [ultranest] [DEBUG] iteration=1076, ncalls=2508, regioncalls=84640, ndraw=40, logz=-79.29, remainder_fraction=100.0000%, Lmin=-70.76, Lmax=-18.82
01:28:54 [ultranest] [DEBUG] iteration=1080, ncalls=2516, regioncalls=84960, ndraw=40, logz=-78.71, remainder_fraction=100.0000%, Lmin=-70.31, Lmax=-18.82
01:28:54 [ultranest] [DEBUG] iteration=1095, ncalls=2562, regioncalls=86800, ndraw=40, logz=-76.58, remainder_fraction=100.0000%, Lmin=-67.76, Lmax=-18.82
01:28:54 [ultranest] [DEBUG] iteration=1109, ncalls=2606, regioncalls=88560, ndraw=40, logz=-73.73, remainder_fraction=100.0000%, Lmin=-64.99, Lmax=-18.82
01:28:54 [ultranest] [DEBUG] iteration=1120, ncalls=2641, regioncalls=89960, ndraw=40, logz=-71.80, remainder_fraction=100.0000%, Lmin=-62.90, Lmax=-18.82
01:28:55 [ultranest] [DEBUG] iteration=1136, ncalls=2687, regioncalls=91840, ndraw=40, logz=-68.90, remainder_fraction=100.0000%, Lmin=-59.84, Lmax=-18.82
01:28:55 [ultranest] [DEBUG] iteration=1151, ncalls=2730, regioncalls=93560, ndraw=40, logz=-66.21, remainder_fraction=100.0000%, Lmin=-57.25, Lmax=-18.82
01:28:55 [ultranest] [DEBUG] iteration=1160, ncalls=2762, regioncalls=94840, ndraw=40, logz=-64.95, remainder_fraction=100.0000%, Lmin=-56.16, Lmax=-18.82
01:28:55 [ultranest] [DEBUG] iteration=1177, ncalls=2820, regioncalls=97160, ndraw=40, logz=-62.86, remainder_fraction=100.0000%, Lmin=-54.03, Lmax=-18.82
01:28:55 [ultranest] [DEBUG] iteration=1180, ncalls=2826, regioncalls=97440, ndraw=40, logz=-62.50, remainder_fraction=100.0000%, Lmin=-53.48, Lmax=-18.82
01:28:55 [ultranest] [DEBUG] iteration=1200, ncalls=2866, regioncalls=99040, ndraw=40, logz=-59.10, remainder_fraction=100.0000%, Lmin=-49.91, Lmax=-18.82
01:28:55 [ultranest] [DEBUG] iteration=1218, ncalls=2917, regioncalls=101080, ndraw=40, logz=-57.04, remainder_fraction=100.0000%, Lmin=-48.26, Lmax=-18.82
01:28:55 [ultranest] [DEBUG] iteration=1224, ncalls=2937, regioncalls=101920, ndraw=40, logz=-56.44, remainder_fraction=100.0000%, Lmin=-47.60, Lmax=-18.82
01:28:55 [ultranest] [DEBUG] iteration=1240, ncalls=2982, regioncalls=103720, ndraw=40, logz=-54.66, remainder_fraction=100.0000%, Lmin=-45.12, Lmax=-18.67
01:28:55 [ultranest] [DEBUG] iteration=1257, ncalls=3030, regioncalls=105640, ndraw=40, logz=-52.54, remainder_fraction=100.0000%, Lmin=-43.53, Lmax=-18.67
01:28:55 [ultranest] [DEBUG] iteration=1268, ncalls=3052, regioncalls=106560, ndraw=40, logz=-51.14, remainder_fraction=100.0000%, Lmin=-41.79, Lmax=-18.67
01:28:55 [ultranest] [DEBUG] iteration=1280, ncalls=3070, regioncalls=107280, ndraw=40, logz=-49.96, remainder_fraction=100.0000%, Lmin=-40.92, Lmax=-18.67
01:28:56 [ultranest] [DEBUG] iteration=1299, ncalls=3112, regioncalls=108960, ndraw=40, logz=-48.27, remainder_fraction=100.0000%, Lmin=-39.13, Lmax=-18.67
01:28:56 [ultranest] [DEBUG] iteration=1312, ncalls=3139, regioncalls=110080, ndraw=40, logz=-47.24, remainder_fraction=100.0000%, Lmin=-38.12, Lmax=-18.67
01:28:56 [ultranest] [DEBUG] iteration=1320, ncalls=3156, regioncalls=110760, ndraw=40, logz=-46.56, remainder_fraction=100.0000%, Lmin=-37.59, Lmax=-18.67
01:28:56 [ultranest] [DEBUG] iteration=1344, ncalls=3196, regioncalls=112360, ndraw=40, logz=-44.93, remainder_fraction=100.0000%, Lmin=-35.72, Lmax=-18.67
01:28:56 [ultranest] [DEBUG] iteration=1356, ncalls=3229, regioncalls=113720, ndraw=40, logz=-43.98, remainder_fraction=100.0000%, Lmin=-34.63, Lmax=-18.67
01:28:56 [ultranest] [DEBUG] iteration=1360, ncalls=3243, regioncalls=114280, ndraw=40, logz=-43.67, remainder_fraction=100.0000%, Lmin=-34.29, Lmax=-18.67
01:28:56 [ultranest] [DEBUG] iteration=1377, ncalls=3289, regioncalls=116160, ndraw=40, logz=-42.50, remainder_fraction=99.9999%, Lmin=-33.20, Lmax=-18.39
01:28:56 [ultranest] [DEBUG] iteration=1399, ncalls=3335, regioncalls=118000, ndraw=40, logz=-41.19, remainder_fraction=99.9998%, Lmin=-31.97, Lmax=-18.39
01:28:56 [ultranest] [DEBUG] iteration=1400, ncalls=3337, regioncalls=118080, ndraw=40, logz=-41.13, remainder_fraction=99.9998%, Lmin=-31.96, Lmax=-18.39
01:28:56 [ultranest] [DEBUG] iteration=1419, ncalls=3381, regioncalls=119840, ndraw=40, logz=-39.86, remainder_fraction=99.9992%, Lmin=-30.59, Lmax=-18.39
01:28:56 [ultranest] [DEBUG] iteration=1438, ncalls=3430, regioncalls=121800, ndraw=40, logz=-38.90, remainder_fraction=99.9981%, Lmin=-29.72, Lmax=-18.39
01:28:56 [ultranest] [DEBUG] iteration=1440, ncalls=3433, regioncalls=121920, ndraw=40, logz=-38.81, remainder_fraction=99.9979%, Lmin=-29.67, Lmax=-18.39
01:28:56 [ultranest] [DEBUG] iteration=1444, ncalls=3442, regioncalls=122320, ndraw=40, logz=-38.63, remainder_fraction=99.9975%, Lmin=-29.52, Lmax=-18.39
01:28:56 [ultranest] [DEBUG] iteration=1463, ncalls=3485, regioncalls=124040, ndraw=40, logz=-37.79, remainder_fraction=99.9945%, Lmin=-28.47, Lmax=-18.39
01:28:57 [ultranest] [DEBUG] iteration=1480, ncalls=3517, regioncalls=125320, ndraw=40, logz=-37.07, remainder_fraction=99.9882%, Lmin=-27.81, Lmax=-18.39
01:28:57 [ultranest] [DEBUG] iteration=1499, ncalls=3558, regioncalls=126960, ndraw=40, logz=-36.26, remainder_fraction=99.9731%, Lmin=-26.91, Lmax=-18.39
01:28:57 [ultranest] [DEBUG] iteration=1512, ncalls=3602, regioncalls=128720, ndraw=40, logz=-35.71, remainder_fraction=99.9524%, Lmin=-26.34, Lmax=-18.39
01:28:57 [ultranest] [DEBUG] iteration=1520, ncalls=3622, regioncalls=129520, ndraw=40, logz=-35.41, remainder_fraction=99.9340%, Lmin=-25.93, Lmax=-18.39
01:28:57 [ultranest] [DEBUG] iteration=1532, ncalls=3660, regioncalls=131080, ndraw=40, logz=-34.96, remainder_fraction=99.8959%, Lmin=-25.61, Lmax=-18.39
01:28:57 [ultranest] [DEBUG] iteration=1554, ncalls=3698, regioncalls=132600, ndraw=40, logz=-34.29, remainder_fraction=99.7875%, Lmin=-25.10, Lmax=-18.39
01:28:57 [ultranest] [DEBUG] iteration=1560, ncalls=3709, regioncalls=133040, ndraw=40, logz=-34.13, remainder_fraction=99.7470%, Lmin=-24.81, Lmax=-18.39
01:28:57 [ultranest] [DEBUG] iteration=1577, ncalls=3755, regioncalls=134880, ndraw=40, logz=-33.65, remainder_fraction=99.5784%, Lmin=-24.30, Lmax=-18.39
01:28:57 [ultranest] [DEBUG] iteration=1591, ncalls=3801, regioncalls=136720, ndraw=40, logz=-33.26, remainder_fraction=99.3578%, Lmin=-23.83, Lmax=-18.39
01:28:57 [ultranest] [DEBUG] iteration=1600, ncalls=3817, regioncalls=137360, ndraw=40, logz=-33.02, remainder_fraction=99.2151%, Lmin=-23.68, Lmax=-18.39
01:28:57 [ultranest] [DEBUG] iteration=1617, ncalls=3866, regioncalls=139320, ndraw=40, logz=-32.64, remainder_fraction=98.8682%, Lmin=-23.38, Lmax=-18.35
01:28:57 [ultranest] [DEBUG] iteration=1620, ncalls=3883, regioncalls=140040, ndraw=40, logz=-32.58, remainder_fraction=98.7983%, Lmin=-23.36, Lmax=-18.35
01:28:57 [ultranest] [DEBUG] iteration=1640, ncalls=3907, regioncalls=141000, ndraw=40, logz=-32.21, remainder_fraction=98.2760%, Lmin=-22.96, Lmax=-18.35
01:28:58 [ultranest] [DEBUG] iteration=1657, ncalls=3961, regioncalls=143160, ndraw=40, logz=-31.90, remainder_fraction=97.6251%, Lmin=-22.57, Lmax=-18.35
01:28:58 [ultranest] [DEBUG] iteration=1676, ncalls=4002, regioncalls=144800, ndraw=40, logz=-31.58, remainder_fraction=96.7458%, Lmin=-22.28, Lmax=-18.35
01:28:58 [ultranest] [DEBUG] iteration=1680, ncalls=4012, regioncalls=145200, ndraw=40, logz=-31.52, remainder_fraction=96.6870%, Lmin=-22.24, Lmax=-18.34
01:28:58 [ultranest] [DEBUG] iteration=1700, ncalls=4057, regioncalls=147000, ndraw=40, logz=-31.22, remainder_fraction=95.4863%, Lmin=-21.85, Lmax=-18.34
01:28:58 [ultranest] [DEBUG] iteration=1708, ncalls=4072, regioncalls=147680, ndraw=40, logz=-31.10, remainder_fraction=94.8920%, Lmin=-21.76, Lmax=-18.34
01:28:58 [ultranest] [DEBUG] iteration=1720, ncalls=4086, regioncalls=148240, ndraw=40, logz=-30.94, remainder_fraction=94.0277%, Lmin=-21.62, Lmax=-18.34
01:28:58 [ultranest] [DEBUG] iteration=1740, ncalls=4127, regioncalls=149880, ndraw=40, logz=-30.69, remainder_fraction=92.2155%, Lmin=-21.34, Lmax=-18.34
01:28:58 [ultranest] [DEBUG] iteration=1752, ncalls=4148, regioncalls=150760, ndraw=40, logz=-30.55, remainder_fraction=90.9354%, Lmin=-21.26, Lmax=-18.34
01:28:58 [ultranest] [DEBUG] iteration=1760, ncalls=4176, regioncalls=151880, ndraw=40, logz=-30.47, remainder_fraction=90.1624%, Lmin=-21.19, Lmax=-18.34
01:28:58 [ultranest] [DEBUG] iteration=1779, ncalls=4223, regioncalls=153760, ndraw=40, logz=-30.29, remainder_fraction=88.1792%, Lmin=-21.03, Lmax=-18.29
01:28:58 [ultranest] [DEBUG] iteration=1800, ncalls=4263, regioncalls=155360, ndraw=40, logz=-30.11, remainder_fraction=86.1088%, Lmin=-20.82, Lmax=-18.29
01:28:58 [ultranest] [DEBUG] iteration=1814, ncalls=4307, regioncalls=157120, ndraw=40, logz=-30.00, remainder_fraction=84.1609%, Lmin=-20.70, Lmax=-18.29
01:28:59 [ultranest] [DEBUG] iteration=1835, ncalls=4353, regioncalls=158960, ndraw=40, logz=-29.85, remainder_fraction=81.4803%, Lmin=-20.55, Lmax=-18.29
01:28:59 [ultranest] [DEBUG] iteration=1840, ncalls=4358, regioncalls=159240, ndraw=40, logz=-29.81, remainder_fraction=80.7438%, Lmin=-20.49, Lmax=-18.29
01:28:59 [ultranest] [DEBUG] iteration=1859, ncalls=4397, regioncalls=160840, ndraw=40, logz=-29.68, remainder_fraction=78.3783%, Lmin=-20.35, Lmax=-18.29
01:28:59 [ultranest] [DEBUG] iteration=1880, ncalls=4431, regioncalls=162200, ndraw=40, logz=-29.56, remainder_fraction=75.0771%, Lmin=-20.15, Lmax=-18.29
01:28:59 [ultranest] [DEBUG] iteration=1884, ncalls=4440, regioncalls=162600, ndraw=40, logz=-29.53, remainder_fraction=74.3372%, Lmin=-20.10, Lmax=-18.29
01:28:59 [ultranest] [DEBUG] iteration=1903, ncalls=4481, regioncalls=164240, ndraw=40, logz=-29.42, remainder_fraction=71.5398%, Lmin=-19.99, Lmax=-18.29
01:28:59 [ultranest] [DEBUG] iteration=1919, ncalls=4518, regioncalls=165720, ndraw=40, logz=-29.33, remainder_fraction=69.0877%, Lmin=-19.89, Lmax=-18.29
01:28:59 [ultranest] [DEBUG] iteration=1920, ncalls=4523, regioncalls=165920, ndraw=40, logz=-29.33, remainder_fraction=68.8790%, Lmin=-19.89, Lmax=-18.29
01:28:59 [ultranest] [DEBUG] iteration=1928, ncalls=4540, regioncalls=166680, ndraw=40, logz=-29.29, remainder_fraction=67.4947%, Lmin=-19.86, Lmax=-18.29
01:28:59 [ultranest] [DEBUG] iteration=1954, ncalls=4578, regioncalls=168240, ndraw=40, logz=-29.16, remainder_fraction=63.0270%, Lmin=-19.68, Lmax=-18.29
01:28:59 [ultranest] [DEBUG] iteration=1960, ncalls=4588, regioncalls=168640, ndraw=40, logz=-29.14, remainder_fraction=61.8155%, Lmin=-19.66, Lmax=-18.29
01:28:59 [ultranest] [DEBUG] iteration=1977, ncalls=4630, regioncalls=170320, ndraw=40, logz=-29.06, remainder_fraction=58.9939%, Lmin=-19.57, Lmax=-18.29
01:28:59 [ultranest] [DEBUG] iteration=1993, ncalls=4672, regioncalls=172000, ndraw=40, logz=-29.00, remainder_fraction=56.4588%, Lmin=-19.45, Lmax=-18.29
01:28:59 [ultranest] [DEBUG] iteration=2000, ncalls=4710, regioncalls=173520, ndraw=40, logz=-28.97, remainder_fraction=55.2685%, Lmin=-19.44, Lmax=-18.29
01:29:00 [ultranest] [DEBUG] iteration=2016, ncalls=4746, regioncalls=175000, ndraw=40, logz=-28.91, remainder_fraction=52.7878%, Lmin=-19.33, Lmax=-18.29
01:29:00 [ultranest] [DEBUG] iteration=2038, ncalls=4783, regioncalls=176520, ndraw=40, logz=-28.84, remainder_fraction=49.3236%, Lmin=-19.26, Lmax=-18.29
01:29:00 [ultranest] [DEBUG] iteration=2040, ncalls=4787, regioncalls=176680, ndraw=40, logz=-28.83, remainder_fraction=48.9566%, Lmin=-19.25, Lmax=-18.29
01:29:00 [ultranest] [DEBUG] iteration=2059, ncalls=4830, regioncalls=178400, ndraw=40, logz=-28.77, remainder_fraction=45.9928%, Lmin=-19.16, Lmax=-18.29
01:29:00 [ultranest] [DEBUG] iteration=2060, ncalls=4838, regioncalls=178760, ndraw=40, logz=-28.77, remainder_fraction=45.8878%, Lmin=-19.16, Lmax=-18.29
01:29:00 [ultranest] [DEBUG] iteration=2078, ncalls=4881, regioncalls=180480, ndraw=40, logz=-28.72, remainder_fraction=43.0957%, Lmin=-19.09, Lmax=-18.29
01:29:00 [ultranest] [DEBUG] iteration=2080, ncalls=4883, regioncalls=180560, ndraw=40, logz=-28.71, remainder_fraction=42.7318%, Lmin=-19.09, Lmax=-18.29
01:29:00 [ultranest] [DEBUG] iteration=2103, ncalls=4925, regioncalls=182240, ndraw=40, logz=-28.65, remainder_fraction=39.3305%, Lmin=-19.03, Lmax=-18.29
01:29:00 [ultranest] [DEBUG] iteration=2104, ncalls=4928, regioncalls=182440, ndraw=40, logz=-28.65, remainder_fraction=39.1937%, Lmin=-19.03, Lmax=-18.29
01:29:00 [ultranest] [DEBUG] iteration=2120, ncalls=4970, regioncalls=184120, ndraw=40, logz=-28.61, remainder_fraction=36.9607%, Lmin=-18.99, Lmax=-18.28
01:29:00 [ultranest] [DEBUG] iteration=2141, ncalls=5015, regioncalls=185920, ndraw=40, logz=-28.57, remainder_fraction=34.1146%, Lmin=-18.93, Lmax=-18.28
01:29:00 [ultranest] [DEBUG] iteration=2148, ncalls=5026, regioncalls=186400, ndraw=40, logz=-28.55, remainder_fraction=33.3360%, Lmin=-18.92, Lmax=-18.28
01:29:00 [ultranest] [DEBUG] iteration=2160, ncalls=5052, regioncalls=187440, ndraw=40, logz=-28.53, remainder_fraction=31.8017%, Lmin=-18.89, Lmax=-18.28
01:29:00 [ultranest] [DEBUG] iteration=2179, ncalls=5098, regioncalls=189280, ndraw=40, logz=-28.50, remainder_fraction=29.6342%, Lmin=-18.84, Lmax=-18.28
01:29:00 [ultranest] [DEBUG] iteration=2192, ncalls=5127, regioncalls=190480, ndraw=40, logz=-28.48, remainder_fraction=28.0744%, Lmin=-18.81, Lmax=-18.28
01:29:01 [ultranest] [DEBUG] iteration=2200, ncalls=5138, regioncalls=190920, ndraw=40, logz=-28.46, remainder_fraction=27.1483%, Lmin=-18.81, Lmax=-18.28
01:29:01 [ultranest] [DEBUG] iteration=2219, ncalls=5176, regioncalls=192600, ndraw=40, logz=-28.44, remainder_fraction=25.0955%, Lmin=-18.77, Lmax=-18.28
01:29:01 [ultranest] [DEBUG] iteration=2236, ncalls=5214, regioncalls=194200, ndraw=40, logz=-28.41, remainder_fraction=23.3089%, Lmin=-18.74, Lmax=-18.28
01:29:01 [ultranest] [DEBUG] iteration=2240, ncalls=5228, regioncalls=194760, ndraw=40, logz=-28.41, remainder_fraction=22.9052%, Lmin=-18.73, Lmax=-18.28
01:29:01 [ultranest] [DEBUG] iteration=2264, ncalls=5265, regioncalls=196240, ndraw=40, logz=-28.38, remainder_fraction=20.7598%, Lmin=-18.70, Lmax=-18.28
01:29:01 [ultranest] [DEBUG] iteration=2280, ncalls=5294, regioncalls=197440, ndraw=40, logz=-28.36, remainder_fraction=19.3322%, Lmin=-18.67, Lmax=-18.28
01:29:01 [ultranest] [DEBUG] iteration=2304, ncalls=5332, regioncalls=198960, ndraw=40, logz=-28.34, remainder_fraction=17.3831%, Lmin=-18.64, Lmax=-18.28
01:29:01 [ultranest] [DEBUG] iteration=2320, ncalls=5357, regioncalls=199960, ndraw=40, logz=-28.33, remainder_fraction=16.1870%, Lmin=-18.62, Lmax=-18.28
01:29:01 [ultranest] [DEBUG] iteration=2324, ncalls=5373, regioncalls=200640, ndraw=40, logz=-28.32, remainder_fraction=15.9054%, Lmin=-18.62, Lmax=-18.28
01:29:01 [ultranest] [DEBUG] iteration=2342, ncalls=5412, regioncalls=202200, ndraw=40, logz=-28.31, remainder_fraction=14.6715%, Lmin=-18.60, Lmax=-18.28
01:29:01 [ultranest] [DEBUG] iteration=2360, ncalls=5457, regioncalls=204000, ndraw=40, logz=-28.29, remainder_fraction=13.5575%, Lmin=-18.57, Lmax=-18.27
01:29:01 [ultranest] [DEBUG] iteration=2368, ncalls=5472, regioncalls=204680, ndraw=40, logz=-28.29, remainder_fraction=13.0667%, Lmin=-18.57, Lmax=-18.27
01:29:01 [ultranest] [DEBUG] iteration=2391, ncalls=5511, regioncalls=206360, ndraw=40, logz=-28.27, remainder_fraction=11.7831%, Lmin=-18.54, Lmax=-18.27
01:29:02 [ultranest] [DEBUG] iteration=2400, ncalls=5524, regioncalls=206880, ndraw=40, logz=-28.27, remainder_fraction=11.2943%, Lmin=-18.53, Lmax=-18.27
01:29:02 [ultranest] [DEBUG] iteration=2422, ncalls=5561, regioncalls=208360, ndraw=40, logz=-28.26, remainder_fraction=10.1930%, Lmin=-18.51, Lmax=-18.27
01:29:02 [ultranest] [DEBUG] iteration=2440, ncalls=5596, regioncalls=209760, ndraw=40, logz=-28.25, remainder_fraction=9.3768%, Lmin=-18.49, Lmax=-18.27
01:29:02 [ultranest] [DEBUG] iteration=2459, ncalls=5638, regioncalls=211440, ndraw=40, logz=-28.24, remainder_fraction=8.5781%, Lmin=-18.48, Lmax=-18.27
01:29:02 [ultranest] [DEBUG] iteration=2478, ncalls=5681, regioncalls=213160, ndraw=40, logz=-28.23, remainder_fraction=7.8403%, Lmin=-18.46, Lmax=-18.27
01:29:02 [ultranest] [DEBUG] iteration=2480, ncalls=5687, regioncalls=213400, ndraw=40, logz=-28.23, remainder_fraction=7.7628%, Lmin=-18.46, Lmax=-18.27
01:29:02 [ultranest] [DEBUG] iteration=2500, ncalls=5721, regioncalls=214800, ndraw=40, logz=-28.22, remainder_fraction=7.0579%, Lmin=-18.45, Lmax=-18.27
01:29:02 [ultranest] [DEBUG] iteration=2520, ncalls=5755, regioncalls=216160, ndraw=40, logz=-28.21, remainder_fraction=6.4117%, Lmin=-18.44, Lmax=-18.27
01:29:02 [ultranest] [DEBUG] iteration=2539, ncalls=5798, regioncalls=217880, ndraw=40, logz=-28.21, remainder_fraction=5.8520%, Lmin=-18.43, Lmax=-18.27
01:29:02 [ultranest] [DEBUG] iteration=2560, ncalls=5837, regioncalls=219440, ndraw=40, logz=-28.20, remainder_fraction=5.2919%, Lmin=-18.42, Lmax=-18.27
01:29:02 [ultranest] [DEBUG] iteration=2579, ncalls=5882, regioncalls=221240, ndraw=40, logz=-28.20, remainder_fraction=4.8351%, Lmin=-18.41, Lmax=-18.26
01:29:02 [ultranest] [DEBUG] iteration=2588, ncalls=5904, regioncalls=222200, ndraw=40, logz=-28.20, remainder_fraction=4.6254%, Lmin=-18.40, Lmax=-18.26
01:29:03 [ultranest] [DEBUG] iteration=2600, ncalls=5933, regioncalls=223360, ndraw=40, logz=-28.19, remainder_fraction=4.3635%, Lmin=-18.40, Lmax=-18.26
01:29:03 [ultranest] [DEBUG] iteration=2621, ncalls=5975, regioncalls=225040, ndraw=40, logz=-28.19, remainder_fraction=3.9358%, Lmin=-18.39, Lmax=-18.26
01:29:03 [ultranest] [DEBUG] iteration=2632, ncalls=6003, regioncalls=226200, ndraw=40, logz=-28.19, remainder_fraction=3.7295%, Lmin=-18.38, Lmax=-18.26
01:29:03 [ultranest] [DEBUG] iteration=2640, ncalls=6026, regioncalls=227160, ndraw=40, logz=-28.18, remainder_fraction=3.5858%, Lmin=-18.38, Lmax=-18.26
01:29:03 [ultranest] [DEBUG] iteration=2660, ncalls=6067, regioncalls=228840, ndraw=40, logz=-28.18, remainder_fraction=3.2476%, Lmin=-18.37, Lmax=-18.26
01:29:03 [ultranest] [DEBUG] iteration=2676, ncalls=6113, regioncalls=230680, ndraw=40, logz=-28.18, remainder_fraction=3.0001%, Lmin=-18.36, Lmax=-18.26
01:29:03 [ultranest] [INFO] Explored until L=-2e+01  
01:29:03 [ultranest] [INFO] Likelihood function evaluations: 6114
01:29:04 [ultranest] [INFO] Writing samples and results to disk ...
01:29:04 [ultranest] [INFO] Writing samples and results to disk ... done
01:29:04 [ultranest] [DEBUG] did a run_iter pass!
01:29:04 [ultranest] [INFO]   logZ = -28.19 +- 0.1707
01:29:04 [ultranest] [INFO] Effective samples strategy satisfied (ESS = 870.0, need >400)
01:29:04 [ultranest] [INFO] Posterior uncertainty strategy is satisfied (KL: 0.45+-0.11 nat, need <0.50 nat)
01:29:04 [ultranest] [INFO] Evidency uncertainty strategy is satisfied (dlogz=0.17, need <0.5)
01:29:04 [ultranest] [INFO]   logZ error budget: single: 0.21 bs:0.17 tail:0.03 total:0.17 required:<0.50
01:29:04 [ultranest] [INFO] done iterating.
01:29:04 [ultranest] [DEBUG] Making corner plot ...
01:29:05 [ultranest] [DEBUG] Making corner plot ... done
01:29:05 [ultranest] [DEBUG] Making run plot ... 
01:29:06 [ultranest] [DEBUG] Making run plot ... done
01:29:06 [ultranest] [DEBUG] Making trace plot ... 
01:29:07 [ultranest] [DEBUG] Making trace plot ... done
21:13:46 [ultranest] [DEBUG] ReactiveNestedSampler: dims=3+0, resume=True, log_dir=/home/orion51/Desktop/Research/spectral_fitting/FGL_spectral_fitting/Individual_sources/2CXOJ033532.7-072741/bb_out_, backend=hdf5, vectorized=False, nbootstraps=30, ndraw=128..65536
21:13:46 [ultranest] [DEBUG] Testing resume consistency: [-18.36366961 -18.33172854   0.           0.76189283   0.64114976
   0.02997151  -0.38107174  -0.43540095  19.2098006 ]: u=[0.76189283 0.64114976 0.02997151] -> p=[-0.38107174 -0.43540095 19.2098006 ] -> L=-18.331728540777732 
21:13:46 [ultranest] [INFO] Resuming from 2872 stored points
21:13:46 [ultranest] [DEBUG] run_iter dlogz=0.5, dKL=0.5, frac_remain=0.01, Lepsilon=0.1000, min_ess=400
21:13:46 [ultranest] [DEBUG] max_iters=-1, max_ncalls=-1, max_num_improvement_loops=-1, min_num_live_points=400, cluster_num_live_points=40
21:13:46 [ultranest] [DEBUG] minimal_widths_sequence: [(-inf, 400.0), (inf, 400.0)]
21:13:46 [ultranest] [DEBUG] iteration=0, ncalls=6114, regioncalls=0, ndraw=40, logz=-inf, remainder_fraction=100.0000%, Lmin=-7397441.41, Lmax=-31.34
21:13:46 [ultranest] [DEBUG] iteration=40, ncalls=6114, regioncalls=0, ndraw=40, logz=-562.19, remainder_fraction=100.0000%, Lmin=-502.00, Lmax=-31.34
21:13:46 [ultranest] [DEBUG] Plateau detected at L=-2.589814e+02, not replacing live point.
21:13:46 [ultranest] [DEBUG] Plateau detected at L=-2.589814e+02, not replacing live point.
21:13:46 [ultranest] [DEBUG] Plateau detected at L=-2.589814e+02, not replacing live point.
21:13:46 [ultranest] [DEBUG] Plateau detected at L=-2.589814e+02, not replacing live point.
21:13:46 [ultranest] [DEBUG] Plateau detected at L=-2.589814e+02, not replacing live point.
21:13:46 [ultranest] [DEBUG] Plateau detected at L=-2.589814e+02, not replacing live point.
21:13:46 [ultranest] [DEBUG] Plateau detected at L=-2.589814e+02, not replacing live point.
21:13:46 [ultranest] [DEBUG] Plateau detected at L=-2.589814e+02, not replacing live point.
21:13:46 [ultranest] [DEBUG] Plateau detected at L=-2.589814e+02, not replacing live point.
21:13:46 [ultranest] [DEBUG] Plateau detected at L=-2.589814e+02, not replacing live point.
21:13:46 [ultranest] [DEBUG] Plateau detected at L=-2.589814e+02, not replacing live point.
21:13:46 [ultranest] [DEBUG] Plateau detected at L=-2.589814e+02, not replacing live point.
21:13:46 [ultranest] [DEBUG] Plateau detected at L=-2.589814e+02, not replacing live point.
21:13:46 [ultranest] [DEBUG] Plateau detected at L=-2.589814e+02, not replacing live point.
21:13:46 [ultranest] [DEBUG] Plateau detected at L=-2.589814e+02, not replacing live point.
21:13:46 [ultranest] [DEBUG] Plateau detected at L=-2.589814e+02, not replacing live point.
21:13:46 [ultranest] [DEBUG] Plateau detected at L=-2.589814e+02, not replacing live point.
21:13:46 [ultranest] [DEBUG] Plateau detected at L=-2.589814e+02, not replacing live point.
21:13:46 [ultranest] [DEBUG] Plateau detected at L=-2.589814e+02, not replacing live point.
21:13:46 [ultranest] [DEBUG] Plateau detected at L=-2.589814e+02, not replacing live point.
21:13:46 [ultranest] [DEBUG] Plateau detected at L=-2.589814e+02, not replacing live point.
21:13:46 [ultranest] [DEBUG] Plateau detected at L=-2.589814e+02, not replacing live point.
21:13:46 [ultranest] [DEBUG] Plateau detected at L=-2.589814e+02, not replacing live point.
21:13:46 [ultranest] [DEBUG] Plateau detected at L=-2.589814e+02, not replacing live point.
21:13:46 [ultranest] [DEBUG] Plateau detected at L=-2.589814e+02, not replacing live point.
21:13:46 [ultranest] [DEBUG] Plateau detected at L=-2.589814e+02, not replacing live point.
21:13:46 [ultranest] [DEBUG] Plateau detected at L=-2.589814e+02, not replacing live point.
21:13:46 [ultranest] [DEBUG] Plateau detected at L=-2.589814e+02, not replacing live point.
21:13:46 [ultranest] [DEBUG] Plateau detected at L=-2.589814e+02, not replacing live point.
21:13:46 [ultranest] [DEBUG] Plateau detected at L=-2.589814e+02, not replacing live point.
21:13:46 [ultranest] [DEBUG] Plateau detected at L=-2.589814e+02, not replacing live point.
21:13:46 [ultranest] [DEBUG] Plateau detected at L=-2.589814e+02, not replacing live point.
21:13:46 [ultranest] [DEBUG] Plateau detected at L=-2.589814e+02, not replacing live point.
21:13:46 [ultranest] [DEBUG] Plateau detected at L=-2.589814e+02, not replacing live point.
21:13:46 [ultranest] [DEBUG] Plateau detected at L=-2.589814e+02, not replacing live point.
21:13:46 [ultranest] [DEBUG] Plateau detected at L=-2.589814e+02, not replacing live point.
21:13:46 [ultranest] [DEBUG] Plateau detected at L=-2.589814e+02, not replacing live point.
21:13:46 [ultranest] [DEBUG] Plateau detected at L=-2.589814e+02, not replacing live point.
21:13:46 [ultranest] [DEBUG] Plateau detected at L=-2.589814e+02, not replacing live point.
21:13:46 [ultranest] [DEBUG] Plateau detected at L=-2.589814e+02, not replacing live point.
21:13:46 [ultranest] [DEBUG] Plateau detected at L=-2.589814e+02, not replacing live point.
21:13:46 [ultranest] [DEBUG] Plateau detected at L=-2.589814e+02, not replacing live point.
21:13:46 [ultranest] [DEBUG] Plateau detected at L=-2.589814e+02, not replacing live point.
21:13:46 [ultranest] [DEBUG] Plateau detected at L=-2.589814e+02, not replacing live point.
21:13:46 [ultranest] [DEBUG] Plateau detected at L=-2.589814e+02, not replacing live point.
21:13:46 [ultranest] [DEBUG] Plateau detected at L=-2.589814e+02, not replacing live point.
21:13:46 [ultranest] [DEBUG] Plateau detected at L=-2.589814e+02, not replacing live point.
21:13:46 [ultranest] [DEBUG] Plateau detected at L=-2.589814e+02, not replacing live point.
21:13:46 [ultranest] [DEBUG] Plateau detected at L=-2.589814e+02, not replacing live point.
21:13:46 [ultranest] [DEBUG] Plateau detected at L=-2.589814e+02, not replacing live point.
21:13:46 [ultranest] [DEBUG] Plateau detected at L=-2.589814e+02, not replacing live point.
21:13:46 [ultranest] [DEBUG] Plateau detected at L=-2.589814e+02, not replacing live point.
21:13:46 [ultranest] [DEBUG] Plateau detected at L=-2.589814e+02, not replacing live point.
21:13:46 [ultranest] [DEBUG] Plateau detected at L=-2.589814e+02, not replacing live point.
21:13:46 [ultranest] [DEBUG] Plateau detected at L=-2.589814e+02, not replacing live point.
21:13:46 [ultranest] [DEBUG] Plateau detected at L=-2.589814e+02, not replacing live point.
21:13:46 [ultranest] [DEBUG] Plateau detected at L=-2.589814e+02, not replacing live point.
21:13:46 [ultranest] [DEBUG] Plateau detected at L=-2.589814e+02, not replacing live point.
21:13:46 [ultranest] [DEBUG] Plateau detected at L=-2.589814e+02, not replacing live point.
21:13:46 [ultranest] [DEBUG] Plateau detected at L=-2.589814e+02, not replacing live point.
21:13:46 [ultranest] [DEBUG] Plateau detected at L=-2.589814e+02, not replacing live point.
21:13:46 [ultranest] [DEBUG] Plateau detected at L=-2.589814e+02, not replacing live point.
21:13:46 [ultranest] [DEBUG] Plateau detected at L=-2.589814e+02, not replacing live point.
21:13:46 [ultranest] [DEBUG] Plateau detected at L=-2.589814e+02, not replacing live point.
21:13:46 [ultranest] [DEBUG] Plateau detected at L=-2.589814e+02, not replacing live point.
21:13:46 [ultranest] [DEBUG] Plateau detected at L=-2.589814e+02, not replacing live point.
21:13:46 [ultranest] [DEBUG] Plateau detected at L=-2.589814e+02, not replacing live point.
21:13:46 [ultranest] [DEBUG] Plateau detected at L=-2.589814e+02, not replacing live point.
21:13:46 [ultranest] [DEBUG] Plateau detected at L=-2.589814e+02, not replacing live point.
21:13:46 [ultranest] [DEBUG] Plateau detected at L=-2.589814e+02, not replacing live point.
21:13:46 [ultranest] [DEBUG] Plateau detected at L=-2.589814e+02, not replacing live point.
21:13:46 [ultranest] [DEBUG] Plateau detected at L=-2.589814e+02, not replacing live point.
21:13:46 [ultranest] [DEBUG] Plateau detected at L=-2.589814e+02, not replacing live point.
21:13:46 [ultranest] [DEBUG] Plateau detected at L=-2.589814e+02, not replacing live point.
21:13:46 [ultranest] [DEBUG] Plateau detected at L=-2.589814e+02, not replacing live point.
21:13:46 [ultranest] [DEBUG] Plateau detected at L=-2.589814e+02, not replacing live point.
21:13:46 [ultranest] [DEBUG] Plateau detected at L=-2.589814e+02, not replacing live point.
21:13:46 [ultranest] [DEBUG] Plateau detected at L=-2.589814e+02, not replacing live point.
21:13:46 [ultranest] [DEBUG] Plateau detected at L=-2.589814e+02, not replacing live point.
21:13:46 [ultranest] [DEBUG] Plateau detected at L=-2.589814e+02, not replacing live point.
21:13:46 [ultranest] [DEBUG] Plateau detected at L=-2.589814e+02, not replacing live point.
21:13:46 [ultranest] [DEBUG] Plateau detected at L=-2.589814e+02, not replacing live point.
21:13:46 [ultranest] [DEBUG] Plateau detected at L=-2.589814e+02, not replacing live point.
21:13:46 [ultranest] [DEBUG] Plateau detected at L=-2.589814e+02, not replacing live point.
21:13:46 [ultranest] [DEBUG] Plateau detected at L=-2.589814e+02, not replacing live point.
21:13:46 [ultranest] [DEBUG] Plateau detected at L=-2.589814e+02, not replacing live point.
21:13:46 [ultranest] [DEBUG] Plateau detected at L=-2.589814e+02, not replacing live point.
21:13:46 [ultranest] [DEBUG] Plateau detected at L=-2.589814e+02, not replacing live point.
21:13:46 [ultranest] [DEBUG] Plateau detected at L=-2.589814e+02, not replacing live point.
21:13:46 [ultranest] [DEBUG] Plateau detected at L=-2.589814e+02, not replacing live point.
21:13:46 [ultranest] [DEBUG] Plateau detected at L=-2.589814e+02, not replacing live point.
21:13:46 [ultranest] [DEBUG] Plateau detected at L=-2.589814e+02, not replacing live point.
21:13:46 [ultranest] [DEBUG] Plateau detected at L=-2.589814e+02, not replacing live point.
21:13:46 [ultranest] [DEBUG] Plateau detected at L=-2.589814e+02, not replacing live point.
21:13:46 [ultranest] [DEBUG] Plateau detected at L=-2.589814e+02, not replacing live point.
21:13:46 [ultranest] [DEBUG] Plateau detected at L=-2.589814e+02, not replacing live point.
21:13:46 [ultranest] [DEBUG] Plateau detected at L=-2.589814e+02, not replacing live point.
21:13:46 [ultranest] [DEBUG] Plateau detected at L=-2.589814e+02, not replacing live point.
21:13:46 [ultranest] [DEBUG] Plateau detected at L=-2.589814e+02, not replacing live point.
21:13:46 [ultranest] [DEBUG] Plateau detected at L=-2.589814e+02, not replacing live point.
21:13:46 [ultranest] [DEBUG] Plateau detected at L=-2.589814e+02, not replacing live point.
21:13:46 [ultranest] [DEBUG] Plateau detected at L=-2.589814e+02, not replacing live point.
21:13:46 [ultranest] [DEBUG] Plateau detected at L=-2.589814e+02, not replacing live point.
21:13:46 [ultranest] [DEBUG] Plateau detected at L=-2.589814e+02, not replacing live point.
21:13:46 [ultranest] [DEBUG] Plateau detected at L=-2.589814e+02, not replacing live point.
21:13:46 [ultranest] [DEBUG] Plateau detected at L=-2.589814e+02, not replacing live point.
21:13:46 [ultranest] [DEBUG] Plateau detected at L=-2.589814e+02, not replacing live point.
21:13:46 [ultranest] [DEBUG] Plateau detected at L=-2.589814e+02, not replacing live point.
21:13:46 [ultranest] [DEBUG] Plateau detected at L=-2.589814e+02, not replacing live point.
21:13:46 [ultranest] [DEBUG] Plateau detected at L=-2.589814e+02, not replacing live point.
21:13:46 [ultranest] [DEBUG] Plateau detected at L=-2.589814e+02, not replacing live point.
21:13:46 [ultranest] [DEBUG] Plateau detected at L=-2.589814e+02, not replacing live point.
21:13:46 [ultranest] [DEBUG] Plateau detected at L=-2.589814e+02, not replacing live point.
21:13:46 [ultranest] [DEBUG] Plateau detected at L=-2.589814e+02, not replacing live point.
21:13:46 [ultranest] [DEBUG] Plateau detected at L=-2.589814e+02, not replacing live point.
21:13:46 [ultranest] [DEBUG] Plateau detected at L=-2.589814e+02, not replacing live point.
21:13:46 [ultranest] [DEBUG] Plateau detected at L=-2.589814e+02, not replacing live point.
21:13:46 [ultranest] [DEBUG] Plateau detected at L=-2.589814e+02, not replacing live point.
21:13:46 [ultranest] [DEBUG] Plateau detected at L=-2.589814e+02, not replacing live point.
21:13:46 [ultranest] [DEBUG] Plateau detected at L=-2.589814e+02, not replacing live point.
21:13:46 [ultranest] [DEBUG] Plateau detected at L=-2.589814e+02, not replacing live point.
21:13:46 [ultranest] [DEBUG] Plateau detected at L=-2.589814e+02, not replacing live point.
21:13:46 [ultranest] [DEBUG] Plateau detected at L=-2.589814e+02, not replacing live point.
21:13:46 [ultranest] [DEBUG] Plateau detected at L=-2.589814e+02, not replacing live point.
21:13:46 [ultranest] [DEBUG] Plateau detected at L=-2.589814e+02, not replacing live point.
21:13:46 [ultranest] [DEBUG] Plateau detected at L=-2.589814e+02, not replacing live point.
21:13:46 [ultranest] [DEBUG] Plateau detected at L=-2.589814e+02, not replacing live point.
21:13:46 [ultranest] [DEBUG] Plateau detected at L=-2.589814e+02, not replacing live point.
21:13:46 [ultranest] [DEBUG] Plateau detected at L=-2.589814e+02, not replacing live point.
21:13:46 [ultranest] [DEBUG] Plateau detected at L=-2.589814e+02, not replacing live point.
21:13:46 [ultranest] [DEBUG] Plateau detected at L=-2.589814e+02, not replacing live point.
21:13:46 [ultranest] [DEBUG] Plateau detected at L=-2.589814e+02, not replacing live point.
21:13:46 [ultranest] [DEBUG] Plateau detected at L=-2.589814e+02, not replacing live point.
21:13:46 [ultranest] [DEBUG] Plateau detected at L=-2.589814e+02, not replacing live point.
21:13:46 [ultranest] [DEBUG] Plateau detected at L=-2.589814e+02, not replacing live point.
21:13:46 [ultranest] [DEBUG] Plateau detected at L=-2.589814e+02, not replacing live point.
21:13:46 [ultranest] [DEBUG] Plateau detected at L=-2.589814e+02, not replacing live point.
21:13:46 [ultranest] [DEBUG] Plateau detected at L=-2.589814e+02, not replacing live point.
21:13:46 [ultranest] [DEBUG] Plateau detected at L=-2.589814e+02, not replacing live point.
21:13:46 [ultranest] [DEBUG] Plateau detected at L=-2.589814e+02, not replacing live point.
21:13:46 [ultranest] [DEBUG] Plateau detected at L=-2.589814e+02, not replacing live point.
21:13:46 [ultranest] [DEBUG] Plateau detected at L=-2.589814e+02, not replacing live point.
21:13:46 [ultranest] [DEBUG] Plateau detected at L=-2.589814e+02, not replacing live point.
21:13:46 [ultranest] [DEBUG] Plateau detected at L=-2.589814e+02, not replacing live point.
21:13:46 [ultranest] [DEBUG] Plateau detected at L=-2.589814e+02, not replacing live point.
21:13:46 [ultranest] [DEBUG] Plateau detected at L=-2.589814e+02, not replacing live point.
21:13:46 [ultranest] [DEBUG] Plateau detected at L=-2.589814e+02, not replacing live point.
21:13:46 [ultranest] [DEBUG] Plateau detected at L=-2.589814e+02, not replacing live point.
21:13:46 [ultranest] [DEBUG] Plateau detected at L=-2.589814e+02, not replacing live point.
21:13:46 [ultranest] [DEBUG] Plateau detected at L=-2.589814e+02, not replacing live point.
21:13:46 [ultranest] [DEBUG] Plateau detected at L=-2.589814e+02, not replacing live point.
21:13:46 [ultranest] [DEBUG] Plateau detected at L=-2.589814e+02, not replacing live point.
21:13:46 [ultranest] [DEBUG] Plateau detected at L=-2.589814e+02, not replacing live point.
21:13:46 [ultranest] [DEBUG] Plateau detected at L=-2.589814e+02, not replacing live point.
21:13:46 [ultranest] [DEBUG] Plateau detected at L=-2.589814e+02, not replacing live point.
21:13:46 [ultranest] [DEBUG] Plateau detected at L=-2.589814e+02, not replacing live point.
21:13:46 [ultranest] [DEBUG] Plateau detected at L=-2.589814e+02, not replacing live point.
21:13:46 [ultranest] [DEBUG] Plateau detected at L=-2.589814e+02, not replacing live point.
21:13:46 [ultranest] [DEBUG] Plateau detected at L=-2.589814e+02, not replacing live point.
21:13:46 [ultranest] [DEBUG] Plateau detected at L=-2.589814e+02, not replacing live point.
21:13:46 [ultranest] [DEBUG] Plateau detected at L=-2.589814e+02, not replacing live point.
21:13:46 [ultranest] [DEBUG] Plateau detected at L=-2.589814e+02, not replacing live point.
21:13:46 [ultranest] [DEBUG] Plateau detected at L=-2.589814e+02, not replacing live point.
21:13:46 [ultranest] [DEBUG] Plateau detected at L=-2.589814e+02, not replacing live point.
21:13:46 [ultranest] [DEBUG] Plateau detected at L=-2.589814e+02, not replacing live point.
21:13:46 [ultranest] [DEBUG] Plateau detected at L=-2.589814e+02, not replacing live point.
21:13:46 [ultranest] [DEBUG] Plateau detected at L=-2.589814e+02, not replacing live point.
21:13:46 [ultranest] [DEBUG] Plateau detected at L=-2.589814e+02, not replacing live point.
21:13:46 [ultranest] [DEBUG] Plateau detected at L=-2.589814e+02, not replacing live point.
21:13:46 [ultranest] [DEBUG] Plateau detected at L=-2.589814e+02, not replacing live point.
21:13:46 [ultranest] [DEBUG] Plateau detected at L=-2.589814e+02, not replacing live point.
21:13:46 [ultranest] [DEBUG] Plateau detected at L=-2.589814e+02, not replacing live point.
21:13:46 [ultranest] [DEBUG] Plateau detected at L=-2.589814e+02, not replacing live point.
21:13:46 [ultranest] [DEBUG] Plateau detected at L=-2.589814e+02, not replacing live point.
21:13:46 [ultranest] [DEBUG] Plateau detected at L=-2.589814e+02, not replacing live point.
21:13:46 [ultranest] [DEBUG] Plateau detected at L=-2.589814e+02, not replacing live point.
21:13:46 [ultranest] [DEBUG] Plateau detected at L=-2.589814e+02, not replacing live point.
21:13:46 [ultranest] [DEBUG] Plateau detected at L=-2.589814e+02, not replacing live point.
21:13:46 [ultranest] [DEBUG] Plateau detected at L=-2.589814e+02, not replacing live point.
21:13:46 [ultranest] [DEBUG] Plateau detected at L=-2.589814e+02, not replacing live point.
21:13:46 [ultranest] [DEBUG] Plateau detected at L=-2.589814e+02, not replacing live point.
21:13:46 [ultranest] [DEBUG] Plateau detected at L=-2.589814e+02, not replacing live point.
21:13:46 [ultranest] [DEBUG] Plateau detected at L=-2.589814e+02, not replacing live point.
21:13:46 [ultranest] [DEBUG] Plateau detected at L=-2.589814e+02, not replacing live point.
21:13:46 [ultranest] [DEBUG] Plateau detected at L=-2.589814e+02, not replacing live point.
21:13:46 [ultranest] [DEBUG] Plateau detected at L=-2.589814e+02, not replacing live point.
21:13:46 [ultranest] [DEBUG] Plateau detected at L=-2.589814e+02, not replacing live point.
21:13:46 [ultranest] [DEBUG] Plateau detected at L=-2.589814e+02, not replacing live point.
21:13:46 [ultranest] [DEBUG] Plateau detected at L=-2.589814e+02, not replacing live point.
21:13:46 [ultranest] [DEBUG] Plateau detected at L=-2.589814e+02, not replacing live point.
21:13:46 [ultranest] [DEBUG] Plateau detected at L=-2.589814e+02, not replacing live point.
21:13:46 [ultranest] [DEBUG] Plateau detected at L=-2.589814e+02, not replacing live point.
21:13:46 [ultranest] [DEBUG] Plateau detected at L=-2.589814e+02, not replacing live point.
21:13:46 [ultranest] [DEBUG] Plateau detected at L=-2.589814e+02, not replacing live point.
21:13:46 [ultranest] [DEBUG] Plateau detected at L=-2.589814e+02, not replacing live point.
21:13:46 [ultranest] [DEBUG] Plateau detected at L=-2.589814e+02, not replacing live point.
21:13:46 [ultranest] [DEBUG] Plateau detected at L=-2.589814e+02, not replacing live point.
21:13:46 [ultranest] [DEBUG] Plateau detected at L=-2.589814e+02, not replacing live point.
21:13:46 [ultranest] [DEBUG] Plateau detected at L=-2.589814e+02, not replacing live point.
21:13:46 [ultranest] [DEBUG] Plateau detected at L=-2.589814e+02, not replacing live point.
21:13:46 [ultranest] [DEBUG] Plateau detected at L=-2.589814e+02, not replacing live point.
21:13:46 [ultranest] [DEBUG] Plateau detected at L=-2.589814e+02, not replacing live point.
21:13:46 [ultranest] [DEBUG] Plateau detected at L=-2.589814e+02, not replacing live point.
21:13:46 [ultranest] [DEBUG] Plateau detected at L=-2.589814e+02, not replacing live point.
21:13:46 [ultranest] [DEBUG] Plateau detected at L=-2.589814e+02, not replacing live point.
21:13:46 [ultranest] [DEBUG] iteration=252, ncalls=6114, regioncalls=0, ndraw=40, logz=-259.77, remainder_fraction=100.0000%, Lmin=-258.98, Lmax=-31.34
21:13:46 [ultranest] [DEBUG] Plateau detected at L=-2.589814e+02, not replacing live point.
21:13:46 [ultranest] [DEBUG] iteration=256, ncalls=6114, regioncalls=0, ndraw=40, logz=-259.75, remainder_fraction=100.0000%, Lmin=-258.98, Lmax=-31.34
21:13:46 [ultranest] [DEBUG] iteration=280, ncalls=6114, regioncalls=0, ndraw=40, logz=-259.65, remainder_fraction=100.0000%, Lmin=-258.98, Lmax=-31.34
21:13:46 [ultranest] [DEBUG] iteration=320, ncalls=6114, regioncalls=0, ndraw=40, logz=-259.52, remainder_fraction=100.0000%, Lmin=-258.98, Lmax=-30.59
21:13:46 [ultranest] [DEBUG] iteration=360, ncalls=6114, regioncalls=0, ndraw=40, logz=-259.43, remainder_fraction=100.0000%, Lmin=-258.98, Lmax=-23.10
21:13:46 [ultranest] [DEBUG] iteration=400, ncalls=6114, regioncalls=0, ndraw=40, logz=-259.36, remainder_fraction=100.0000%, Lmin=-258.95, Lmax=-23.10
21:13:46 [ultranest] [DEBUG] iteration=440, ncalls=6114, regioncalls=0, ndraw=40, logz=-259.30, remainder_fraction=100.0000%, Lmin=-258.75, Lmax=-23.10
21:13:46 [ultranest] [DEBUG] iteration=480, ncalls=6114, regioncalls=0, ndraw=40, logz=-259.22, remainder_fraction=100.0000%, Lmin=-257.88, Lmax=-23.10
21:13:46 [ultranest] [DEBUG] iteration=520, ncalls=6114, regioncalls=0, ndraw=40, logz=-258.94, remainder_fraction=100.0000%, Lmin=-255.37, Lmax=-23.10
21:13:46 [ultranest] [DEBUG] iteration=560, ncalls=6114, regioncalls=0, ndraw=40, logz=-255.92, remainder_fraction=100.0000%, Lmin=-250.71, Lmax=-23.10
21:13:46 [ultranest] [DEBUG] iteration=564, ncalls=6114, regioncalls=0, ndraw=40, logz=-255.53, remainder_fraction=100.0000%, Lmin=-250.05, Lmax=-23.10
21:13:46 [ultranest] [DEBUG] iteration=600, ncalls=6114, regioncalls=0, ndraw=40, logz=-248.32, remainder_fraction=100.0000%, Lmin=-242.11, Lmax=-23.10
21:13:46 [ultranest] [DEBUG] iteration=608, ncalls=6114, regioncalls=0, ndraw=40, logz=-246.73, remainder_fraction=100.0000%, Lmin=-240.41, Lmax=-23.10
21:13:47 [ultranest] [DEBUG] iteration=640, ncalls=6114, regioncalls=0, ndraw=40, logz=-239.20, remainder_fraction=100.0000%, Lmin=-232.60, Lmax=-23.10
21:13:47 [ultranest] [DEBUG] iteration=680, ncalls=6114, regioncalls=0, ndraw=40, logz=-227.81, remainder_fraction=100.0000%, Lmin=-220.92, Lmax=-23.10
21:13:47 [ultranest] [DEBUG] iteration=720, ncalls=6114, regioncalls=0, ndraw=40, logz=-212.92, remainder_fraction=100.0000%, Lmin=-204.63, Lmax=-23.10
21:13:47 [ultranest] [DEBUG] iteration=740, ncalls=6114, regioncalls=0, ndraw=40, logz=-197.93, remainder_fraction=100.0000%, Lmin=-188.52, Lmax=-19.59
21:13:47 [ultranest] [DEBUG] iteration=760, ncalls=6114, regioncalls=0, ndraw=40, logz=-184.35, remainder_fraction=100.0000%, Lmin=-175.33, Lmax=-19.59
21:13:47 [ultranest] [DEBUG] iteration=784, ncalls=6114, regioncalls=0, ndraw=40, logz=-173.45, remainder_fraction=100.0000%, Lmin=-164.47, Lmax=-19.59
21:13:47 [ultranest] [DEBUG] iteration=800, ncalls=6114, regioncalls=0, ndraw=40, logz=-166.20, remainder_fraction=100.0000%, Lmin=-156.58, Lmax=-19.59
21:13:47 [ultranest] [DEBUG] iteration=840, ncalls=6114, regioncalls=0, ndraw=40, logz=-149.24, remainder_fraction=100.0000%, Lmin=-140.84, Lmax=-19.59
21:13:47 [ultranest] [DEBUG] iteration=872, ncalls=6114, regioncalls=0, ndraw=40, logz=-137.28, remainder_fraction=100.0000%, Lmin=-129.73, Lmax=-19.59
21:13:47 [ultranest] [DEBUG] iteration=880, ncalls=6114, regioncalls=0, ndraw=40, logz=-135.42, remainder_fraction=100.0000%, Lmin=-127.11, Lmax=-19.59
21:13:47 [ultranest] [DEBUG] iteration=916, ncalls=6114, regioncalls=0, ndraw=40, logz=-120.27, remainder_fraction=100.0000%, Lmin=-111.99, Lmax=-19.59
21:13:47 [ultranest] [DEBUG] iteration=920, ncalls=6114, regioncalls=0, ndraw=40, logz=-119.29, remainder_fraction=100.0000%, Lmin=-111.28, Lmax=-19.59
21:13:47 [ultranest] [DEBUG] iteration=960, ncalls=6114, regioncalls=0, ndraw=40, logz=-109.03, remainder_fraction=100.0000%, Lmin=-100.83, Lmax=-19.59
21:13:47 [ultranest] [DEBUG] iteration=1000, ncalls=6114, regioncalls=0, ndraw=40, logz=-98.21, remainder_fraction=100.0000%, Lmin=-88.79, Lmax=-19.59
21:13:47 [ultranest] [DEBUG] iteration=1004, ncalls=6114, regioncalls=0, ndraw=40, logz=-96.42, remainder_fraction=100.0000%, Lmin=-86.17, Lmax=-19.59
21:13:47 [ultranest] [DEBUG] iteration=1040, ncalls=6114, regioncalls=0, ndraw=40, logz=-85.62, remainder_fraction=100.0000%, Lmin=-76.31, Lmax=-18.82
21:13:47 [ultranest] [DEBUG] iteration=1048, ncalls=6114, regioncalls=0, ndraw=40, logz=-83.23, remainder_fraction=100.0000%, Lmin=-74.28, Lmax=-18.82
21:13:47 [ultranest] [DEBUG] iteration=1080, ncalls=6114, regioncalls=0, ndraw=40, logz=-78.71, remainder_fraction=100.0000%, Lmin=-70.31, Lmax=-18.82
21:13:47 [ultranest] [DEBUG] iteration=1092, ncalls=6114, regioncalls=0, ndraw=40, logz=-77.19, remainder_fraction=100.0000%, Lmin=-68.05, Lmax=-18.82
21:13:47 [ultranest] [DEBUG] iteration=1120, ncalls=6114, regioncalls=0, ndraw=40, logz=-71.80, remainder_fraction=100.0000%, Lmin=-62.90, Lmax=-18.82
21:13:47 [ultranest] [DEBUG] iteration=1136, ncalls=6114, regioncalls=0, ndraw=40, logz=-68.90, remainder_fraction=100.0000%, Lmin=-59.84, Lmax=-18.82
21:13:47 [ultranest] [DEBUG] iteration=1160, ncalls=6114, regioncalls=0, ndraw=40, logz=-64.95, remainder_fraction=100.0000%, Lmin=-56.16, Lmax=-18.82
21:13:47 [ultranest] [DEBUG] iteration=1200, ncalls=6114, regioncalls=0, ndraw=40, logz=-59.10, remainder_fraction=100.0000%, Lmin=-49.91, Lmax=-18.82
21:13:47 [ultranest] [DEBUG] iteration=1224, ncalls=6114, regioncalls=0, ndraw=40, logz=-56.44, remainder_fraction=100.0000%, Lmin=-47.60, Lmax=-18.82
21:13:47 [ultranest] [DEBUG] iteration=1240, ncalls=6114, regioncalls=0, ndraw=40, logz=-54.66, remainder_fraction=100.0000%, Lmin=-45.12, Lmax=-18.67
21:13:47 [ultranest] [DEBUG] iteration=1268, ncalls=6114, regioncalls=0, ndraw=40, logz=-51.14, remainder_fraction=100.0000%, Lmin=-41.79, Lmax=-18.67
21:13:47 [ultranest] [DEBUG] iteration=1280, ncalls=6114, regioncalls=0, ndraw=40, logz=-49.96, remainder_fraction=100.0000%, Lmin=-40.92, Lmax=-18.67
21:13:47 [ultranest] [DEBUG] iteration=1312, ncalls=6114, regioncalls=0, ndraw=40, logz=-47.24, remainder_fraction=100.0000%, Lmin=-38.12, Lmax=-18.67
21:13:47 [ultranest] [DEBUG] iteration=1320, ncalls=6114, regioncalls=0, ndraw=40, logz=-46.56, remainder_fraction=100.0000%, Lmin=-37.59, Lmax=-18.67
21:13:47 [ultranest] [DEBUG] iteration=1356, ncalls=6114, regioncalls=0, ndraw=40, logz=-43.98, remainder_fraction=100.0000%, Lmin=-34.63, Lmax=-18.67
21:13:47 [ultranest] [DEBUG] iteration=1360, ncalls=6114, regioncalls=0, ndraw=40, logz=-43.67, remainder_fraction=100.0000%, Lmin=-34.29, Lmax=-18.67
21:13:47 [ultranest] [DEBUG] iteration=1400, ncalls=6114, regioncalls=0, ndraw=40, logz=-41.13, remainder_fraction=99.9998%, Lmin=-31.96, Lmax=-18.39
21:13:47 [ultranest] [DEBUG] iteration=1440, ncalls=6114, regioncalls=0, ndraw=40, logz=-38.81, remainder_fraction=99.9979%, Lmin=-29.67, Lmax=-18.39
21:13:47 [ultranest] [DEBUG] iteration=1444, ncalls=6114, regioncalls=0, ndraw=40, logz=-38.63, remainder_fraction=99.9975%, Lmin=-29.52, Lmax=-18.39
21:13:47 [ultranest] [DEBUG] iteration=1480, ncalls=6114, regioncalls=0, ndraw=40, logz=-37.07, remainder_fraction=99.9882%, Lmin=-27.81, Lmax=-18.39
21:13:47 [ultranest] [DEBUG] iteration=1488, ncalls=6114, regioncalls=0, ndraw=40, logz=-36.72, remainder_fraction=99.9834%, Lmin=-27.32, Lmax=-18.39
21:13:47 [ultranest] [DEBUG] iteration=1520, ncalls=6114, regioncalls=0, ndraw=40, logz=-35.41, remainder_fraction=99.9340%, Lmin=-25.93, Lmax=-18.39
21:13:47 [ultranest] [DEBUG] iteration=1532, ncalls=6114, regioncalls=0, ndraw=40, logz=-34.96, remainder_fraction=99.8959%, Lmin=-25.61, Lmax=-18.39
21:13:47 [ultranest] [DEBUG] iteration=1560, ncalls=6114, regioncalls=0, ndraw=40, logz=-34.13, remainder_fraction=99.7470%, Lmin=-24.81, Lmax=-18.39
21:13:47 [ultranest] [DEBUG] iteration=1600, ncalls=6114, regioncalls=0, ndraw=40, logz=-33.02, remainder_fraction=99.2151%, Lmin=-23.68, Lmax=-18.39
21:13:47 [ultranest] [DEBUG] iteration=1620, ncalls=6114, regioncalls=0, ndraw=40, logz=-32.58, remainder_fraction=98.7983%, Lmin=-23.36, Lmax=-18.35
21:13:47 [ultranest] [DEBUG] iteration=1640, ncalls=6114, regioncalls=0, ndraw=40, logz=-32.21, remainder_fraction=98.2760%, Lmin=-22.96, Lmax=-18.35
21:13:47 [ultranest] [DEBUG] iteration=1680, ncalls=6114, regioncalls=0, ndraw=40, logz=-31.52, remainder_fraction=96.6870%, Lmin=-22.24, Lmax=-18.34
21:13:47 [ultranest] [DEBUG] iteration=1708, ncalls=6114, regioncalls=0, ndraw=40, logz=-31.10, remainder_fraction=94.8920%, Lmin=-21.76, Lmax=-18.34
21:13:47 [ultranest] [DEBUG] iteration=1720, ncalls=6114, regioncalls=0, ndraw=40, logz=-30.94, remainder_fraction=94.0277%, Lmin=-21.62, Lmax=-18.34
21:13:47 [ultranest] [DEBUG] iteration=1752, ncalls=6114, regioncalls=0, ndraw=40, logz=-30.55, remainder_fraction=90.9354%, Lmin=-21.26, Lmax=-18.34
21:13:47 [ultranest] [DEBUG] iteration=1760, ncalls=6114, regioncalls=0, ndraw=40, logz=-30.47, remainder_fraction=90.1624%, Lmin=-21.19, Lmax=-18.34
21:13:47 [ultranest] [DEBUG] iteration=1800, ncalls=6114, regioncalls=0, ndraw=40, logz=-30.11, remainder_fraction=86.1088%, Lmin=-20.82, Lmax=-18.29
21:13:47 [ultranest] [DEBUG] iteration=1840, ncalls=6114, regioncalls=0, ndraw=40, logz=-29.81, remainder_fraction=80.7438%, Lmin=-20.49, Lmax=-18.29
21:13:47 [ultranest] [DEBUG] iteration=1880, ncalls=6114, regioncalls=0, ndraw=40, logz=-29.56, remainder_fraction=75.0771%, Lmin=-20.15, Lmax=-18.29
21:13:47 [ultranest] [DEBUG] iteration=1884, ncalls=6114, regioncalls=0, ndraw=40, logz=-29.53, remainder_fraction=74.3372%, Lmin=-20.10, Lmax=-18.29
21:13:47 [ultranest] [DEBUG] iteration=1920, ncalls=6114, regioncalls=0, ndraw=40, logz=-29.33, remainder_fraction=68.8790%, Lmin=-19.89, Lmax=-18.29
21:13:47 [ultranest] [DEBUG] iteration=1928, ncalls=6114, regioncalls=0, ndraw=40, logz=-29.29, remainder_fraction=67.4947%, Lmin=-19.86, Lmax=-18.29
21:13:47 [ultranest] [DEBUG] iteration=1960, ncalls=6114, regioncalls=0, ndraw=40, logz=-29.14, remainder_fraction=61.8155%, Lmin=-19.66, Lmax=-18.29
21:13:47 [ultranest] [DEBUG] iteration=2000, ncalls=6114, regioncalls=0, ndraw=40, logz=-28.97, remainder_fraction=55.2685%, Lmin=-19.44, Lmax=-18.29
21:13:47 [ultranest] [DEBUG] iteration=2016, ncalls=6114, regioncalls=0, ndraw=40, logz=-28.91, remainder_fraction=52.7878%, Lmin=-19.33, Lmax=-18.29
21:13:47 [ultranest] [DEBUG] iteration=2040, ncalls=6114, regioncalls=0, ndraw=40, logz=-28.83, remainder_fraction=48.9566%, Lmin=-19.25, Lmax=-18.29
21:13:47 [ultranest] [DEBUG] iteration=2060, ncalls=6114, regioncalls=0, ndraw=40, logz=-28.77, remainder_fraction=45.8878%, Lmin=-19.16, Lmax=-18.29
21:13:47 [ultranest] [DEBUG] iteration=2080, ncalls=6114, regioncalls=0, ndraw=40, logz=-28.71, remainder_fraction=42.7318%, Lmin=-19.09, Lmax=-18.29
21:13:47 [ultranest] [DEBUG] iteration=2104, ncalls=6114, regioncalls=0, ndraw=40, logz=-28.65, remainder_fraction=39.1937%, Lmin=-19.03, Lmax=-18.29
21:13:47 [ultranest] [DEBUG] iteration=2120, ncalls=6114, regioncalls=0, ndraw=40, logz=-28.61, remainder_fraction=36.9607%, Lmin=-18.99, Lmax=-18.28
21:13:47 [ultranest] [DEBUG] iteration=2148, ncalls=6114, regioncalls=0, ndraw=40, logz=-28.55, remainder_fraction=33.3360%, Lmin=-18.92, Lmax=-18.28
21:13:47 [ultranest] [DEBUG] iteration=2160, ncalls=6114, regioncalls=0, ndraw=40, logz=-28.53, remainder_fraction=31.8017%, Lmin=-18.89, Lmax=-18.28
21:13:47 [ultranest] [DEBUG] iteration=2192, ncalls=6114, regioncalls=0, ndraw=40, logz=-28.48, remainder_fraction=28.0744%, Lmin=-18.81, Lmax=-18.28
21:13:47 [ultranest] [DEBUG] iteration=2200, ncalls=6114, regioncalls=0, ndraw=40, logz=-28.46, remainder_fraction=27.1483%, Lmin=-18.81, Lmax=-18.28
21:13:47 [ultranest] [DEBUG] iteration=2240, ncalls=6114, regioncalls=0, ndraw=40, logz=-28.41, remainder_fraction=22.9052%, Lmin=-18.73, Lmax=-18.28
21:13:48 [ultranest] [DEBUG] iteration=2280, ncalls=6114, regioncalls=0, ndraw=40, logz=-28.36, remainder_fraction=19.3322%, Lmin=-18.67, Lmax=-18.28
21:13:48 [ultranest] [DEBUG] iteration=2320, ncalls=6114, regioncalls=0, ndraw=40, logz=-28.33, remainder_fraction=16.1870%, Lmin=-18.62, Lmax=-18.28
21:13:48 [ultranest] [DEBUG] iteration=2324, ncalls=6114, regioncalls=0, ndraw=40, logz=-28.32, remainder_fraction=15.9054%, Lmin=-18.62, Lmax=-18.28
21:13:48 [ultranest] [DEBUG] iteration=2360, ncalls=6114, regioncalls=0, ndraw=40, logz=-28.29, remainder_fraction=13.5575%, Lmin=-18.57, Lmax=-18.27
21:13:48 [ultranest] [DEBUG] iteration=2368, ncalls=6114, regioncalls=0, ndraw=40, logz=-28.29, remainder_fraction=13.0667%, Lmin=-18.57, Lmax=-18.27
21:13:48 [ultranest] [DEBUG] iteration=2400, ncalls=6114, regioncalls=0, ndraw=40, logz=-28.27, remainder_fraction=11.2943%, Lmin=-18.53, Lmax=-18.27
21:13:48 [ultranest] [DEBUG] iteration=2412, ncalls=6114, regioncalls=0, ndraw=40, logz=-28.26, remainder_fraction=10.6980%, Lmin=-18.52, Lmax=-18.27
21:13:48 [ultranest] [DEBUG] iteration=2440, ncalls=6114, regioncalls=0, ndraw=40, logz=-28.25, remainder_fraction=9.3768%, Lmin=-18.49, Lmax=-18.27
21:13:48 [ultranest] [DEBUG] iteration=2456, ncalls=6114, regioncalls=0, ndraw=40, logz=-28.24, remainder_fraction=8.6943%, Lmin=-18.48, Lmax=-18.27
21:13:48 [ultranest] [DEBUG] iteration=2480, ncalls=6114, regioncalls=0, ndraw=40, logz=-28.23, remainder_fraction=7.7628%, Lmin=-18.46, Lmax=-18.27
21:13:48 [ultranest] [DEBUG] iteration=2500, ncalls=6114, regioncalls=0, ndraw=40, logz=-28.22, remainder_fraction=7.0579%, Lmin=-18.45, Lmax=-18.27
21:13:48 [ultranest] [DEBUG] iteration=2520, ncalls=6114, regioncalls=0, ndraw=40, logz=-28.21, remainder_fraction=6.4117%, Lmin=-18.44, Lmax=-18.27
21:13:48 [ultranest] [DEBUG] iteration=2544, ncalls=6114, regioncalls=0, ndraw=40, logz=-28.21, remainder_fraction=5.7163%, Lmin=-18.42, Lmax=-18.27
21:13:48 [ultranest] [DEBUG] iteration=2560, ncalls=6114, regioncalls=0, ndraw=40, logz=-28.20, remainder_fraction=5.2919%, Lmin=-18.42, Lmax=-18.27
21:13:48 [ultranest] [DEBUG] iteration=2600, ncalls=6114, regioncalls=0, ndraw=40, logz=-28.19, remainder_fraction=4.3635%, Lmin=-18.40, Lmax=-18.26
21:13:48 [ultranest] [DEBUG] iteration=2632, ncalls=6114, regioncalls=0, ndraw=40, logz=-28.19, remainder_fraction=3.7295%, Lmin=-18.38, Lmax=-18.26
21:13:48 [ultranest] [DEBUG] iteration=2640, ncalls=6114, regioncalls=0, ndraw=40, logz=-28.18, remainder_fraction=3.5858%, Lmin=-18.38, Lmax=-18.26
21:13:48 [ultranest] [DEBUG] iteration=2676, ncalls=6114, regioncalls=0, ndraw=40, logz=-28.18, remainder_fraction=3.0001%, Lmin=-18.36, Lmax=-18.26
21:13:48 [ultranest] [INFO] Explored until L=-2e+01  
21:13:48 [ultranest] [INFO] Likelihood function evaluations: 6114
21:13:48 [ultranest] [INFO] Writing samples and results to disk ...
21:13:48 [ultranest] [INFO] Writing samples and results to disk ... done
21:13:48 [ultranest] [DEBUG] did a run_iter pass!
21:13:48 [ultranest] [INFO]   logZ = -28.15 +- 0.1625
21:13:48 [ultranest] [INFO] Effective samples strategy satisfied (ESS = 870.0, need >400)
21:13:48 [ultranest] [INFO] Posterior uncertainty strategy is satisfied (KL: 0.46+-0.11 nat, need <0.50 nat)
21:13:48 [ultranest] [INFO] Evidency uncertainty strategy is satisfied (dlogz=0.17, need <0.5)
21:13:48 [ultranest] [INFO]   logZ error budget: single: 0.21 bs:0.16 tail:0.03 total:0.17 required:<0.50
21:13:48 [ultranest] [INFO] done iterating.
21:13:49 [ultranest] [DEBUG] Making corner plot ...
21:13:50 [ultranest] [DEBUG] Making corner plot ... done
21:13:50 [ultranest] [DEBUG] Making run plot ... 
21:13:51 [ultranest] [DEBUG] Making run plot ... done
21:13:51 [ultranest] [DEBUG] Making trace plot ... 
21:13:52 [ultranest] [DEBUG] Making trace plot ... done
