09:39:35 [ultranest] [DEBUG] ReactiveNestedSampler: dims=3+0, resume=True, log_dir=/home/orion51/Desktop/Research/spectral_fitting/FGL_spectral_fitting/Individual_sources/2CXOJ125746.6+273137/mekal_out_, backend=hdf5, vectorized=False, nbootstraps=30, ndraw=128..65536
09:39:35 [ultranest] [INFO] Sampling 400 live points from prior ...
09:39:36 [ultranest] [DEBUG] run_iter dlogz=0.5, dKL=0.5, frac_remain=0.01, Lepsilon=0.1000, min_ess=400
09:39:36 [ultranest] [DEBUG] max_iters=-1, max_ncalls=-1, max_num_improvement_loops=-1, min_num_live_points=400, cluster_num_live_points=40
09:39:36 [ultranest] [DEBUG] minimal_widths_sequence: [(-inf, 400.0), (inf, 400.0)]
09:39:36 [ultranest] [DEBUG] iteration=0, ncalls=401, regioncalls=40, ndraw=40, logz=-inf, remainder_fraction=100.0000%, Lmin=-357141322.16, Lmax=-3.86
09:39:36 [ultranest] [DEBUG] iteration=24, ncalls=426, regioncalls=1040, ndraw=40, logz=-11167063.79, remainder_fraction=100.0000%, Lmin=-9353745.02, Lmax=-3.86
09:39:36 [ultranest] [DEBUG] iteration=40, ncalls=445, regioncalls=1800, ndraw=40, logz=-2585460.33, remainder_fraction=100.0000%, Lmin=-2104888.73, Lmax=-3.86
09:39:36 [ultranest] [DEBUG] iteration=64, ncalls=471, regioncalls=2840, ndraw=40, logz=-703320.97, remainder_fraction=100.0000%, Lmin=-630792.69, Lmax=-3.86
09:39:37 [ultranest] [DEBUG] iteration=80, ncalls=489, regioncalls=3560, ndraw=40, logz=-135861.47, remainder_fraction=100.0000%, Lmin=-134903.79, Lmax=-3.86
09:39:37 [ultranest] [DEBUG] iteration=90, ncalls=500, regioncalls=4000, ndraw=40, logz=-69763.29, remainder_fraction=100.0000%, Lmin=-66149.19, Lmax=-3.86
09:39:37 [ultranest] [DEBUG] iteration=112, ncalls=525, regioncalls=5000, ndraw=40, logz=-17688.30, remainder_fraction=100.0000%, Lmin=-15621.65, Lmax=-3.86
09:39:37 [ultranest] [DEBUG] iteration=120, ncalls=535, regioncalls=5400, ndraw=40, logz=-6855.93, remainder_fraction=100.0000%, Lmin=-6428.89, Lmax=-3.86
09:39:37 [ultranest] [DEBUG] iteration=144, ncalls=564, regioncalls=6560, ndraw=40, logz=-3026.70, remainder_fraction=100.0000%, Lmin=-2974.26, Lmax=-3.86
09:39:37 [ultranest] [DEBUG] iteration=160, ncalls=581, regioncalls=7240, ndraw=40, logz=-1520.81, remainder_fraction=100.0000%, Lmin=-1471.75, Lmax=-3.86
09:39:37 [ultranest] [DEBUG] iteration=180, ncalls=607, regioncalls=8280, ndraw=40, logz=-542.39, remainder_fraction=100.0000%, Lmin=-527.80, Lmax=-3.86
09:39:37 [ultranest] [DEBUG] iteration=199, ncalls=634, regioncalls=9360, ndraw=40, logz=-175.55, remainder_fraction=100.0000%, Lmin=-163.32, Lmax=-3.86
09:39:37 [ultranest] [DEBUG] iteration=200, ncalls=636, regioncalls=9440, ndraw=40, logz=-169.81, remainder_fraction=100.0000%, Lmin=-159.47, Lmax=-3.86
09:39:37 [ultranest] [DEBUG] Plateau detected at L=-1.044486e+02, not replacing live point.
09:39:37 [ultranest] [DEBUG] Plateau detected at L=-1.044486e+02, not replacing live point.
09:39:37 [ultranest] [DEBUG] Plateau detected at L=-1.044486e+02, not replacing live point.
09:39:37 [ultranest] [DEBUG] Plateau detected at L=-1.044486e+02, not replacing live point.
09:39:37 [ultranest] [DEBUG] Plateau detected at L=-1.044486e+02, not replacing live point.
09:39:37 [ultranest] [DEBUG] Plateau detected at L=-1.044486e+02, not replacing live point.
09:39:37 [ultranest] [DEBUG] Plateau detected at L=-1.044486e+02, not replacing live point.
09:39:37 [ultranest] [DEBUG] Plateau detected at L=-1.044486e+02, not replacing live point.
09:39:37 [ultranest] [DEBUG] Plateau detected at L=-1.044486e+02, not replacing live point.
09:39:37 [ultranest] [DEBUG] Plateau detected at L=-1.044486e+02, not replacing live point.
09:39:37 [ultranest] [DEBUG] Plateau detected at L=-1.044486e+02, not replacing live point.
09:39:37 [ultranest] [DEBUG] Plateau detected at L=-1.044486e+02, not replacing live point.
09:39:37 [ultranest] [DEBUG] Plateau detected at L=-1.044486e+02, not replacing live point.
09:39:37 [ultranest] [DEBUG] Plateau detected at L=-1.044486e+02, not replacing live point.
09:39:37 [ultranest] [DEBUG] Plateau detected at L=-1.044486e+02, not replacing live point.
09:39:37 [ultranest] [DEBUG] Plateau detected at L=-1.044486e+02, not replacing live point.
09:39:37 [ultranest] [DEBUG] Plateau detected at L=-1.044486e+02, not replacing live point.
09:39:37 [ultranest] [DEBUG] Plateau detected at L=-1.044486e+02, not replacing live point.
09:39:37 [ultranest] [DEBUG] Plateau detected at L=-1.044486e+02, not replacing live point.
09:39:37 [ultranest] [DEBUG] Plateau detected at L=-1.044486e+02, not replacing live point.
09:39:37 [ultranest] [DEBUG] Plateau detected at L=-1.044486e+02, not replacing live point.
09:39:37 [ultranest] [DEBUG] Plateau detected at L=-1.044486e+02, not replacing live point.
09:39:37 [ultranest] [DEBUG] Plateau detected at L=-1.044486e+02, not replacing live point.
09:39:37 [ultranest] [DEBUG] Plateau detected at L=-1.044486e+02, not replacing live point.
09:39:37 [ultranest] [DEBUG] Plateau detected at L=-1.044486e+02, not replacing live point.
09:39:37 [ultranest] [DEBUG] Plateau detected at L=-1.044486e+02, not replacing live point.
09:39:37 [ultranest] [DEBUG] Plateau detected at L=-1.044486e+02, not replacing live point.
09:39:37 [ultranest] [DEBUG] Plateau detected at L=-1.044486e+02, not replacing live point.
09:39:37 [ultranest] [DEBUG] Plateau detected at L=-1.044486e+02, not replacing live point.
09:39:37 [ultranest] [DEBUG] Plateau detected at L=-1.044486e+02, not replacing live point.
09:39:37 [ultranest] [DEBUG] Plateau detected at L=-1.044486e+02, not replacing live point.
09:39:37 [ultranest] [DEBUG] Plateau detected at L=-1.044486e+02, not replacing live point.
09:39:37 [ultranest] [DEBUG] Plateau detected at L=-1.044486e+02, not replacing live point.
09:39:37 [ultranest] [DEBUG] Plateau detected at L=-1.044486e+02, not replacing live point.
09:39:37 [ultranest] [DEBUG] Plateau detected at L=-1.044486e+02, not replacing live point.
09:39:37 [ultranest] [DEBUG] Plateau detected at L=-1.044486e+02, not replacing live point.
09:39:37 [ultranest] [DEBUG] Plateau detected at L=-1.044486e+02, not replacing live point.
09:39:37 [ultranest] [DEBUG] Plateau detected at L=-1.044486e+02, not replacing live point.
09:39:37 [ultranest] [DEBUG] Plateau detected at L=-1.044486e+02, not replacing live point.
09:39:37 [ultranest] [DEBUG] Plateau detected at L=-1.044486e+02, not replacing live point.
09:39:37 [ultranest] [DEBUG] Plateau detected at L=-1.044486e+02, not replacing live point.
09:39:37 [ultranest] [DEBUG] Plateau detected at L=-1.044486e+02, not replacing live point.
09:39:37 [ultranest] [DEBUG] Plateau detected at L=-1.044486e+02, not replacing live point.
09:39:37 [ultranest] [DEBUG] Plateau detected at L=-1.044486e+02, not replacing live point.
09:39:37 [ultranest] [DEBUG] Plateau detected at L=-1.044486e+02, not replacing live point.
09:39:37 [ultranest] [DEBUG] Plateau detected at L=-1.044486e+02, not replacing live point.
09:39:37 [ultranest] [DEBUG] Plateau detected at L=-1.044486e+02, not replacing live point.
09:39:37 [ultranest] [DEBUG] Plateau detected at L=-1.044486e+02, not replacing live point.
09:39:37 [ultranest] [DEBUG] Plateau detected at L=-1.044486e+02, not replacing live point.
09:39:37 [ultranest] [DEBUG] Plateau detected at L=-1.044486e+02, not replacing live point.
09:39:37 [ultranest] [DEBUG] Plateau detected at L=-1.044486e+02, not replacing live point.
09:39:37 [ultranest] [DEBUG] Plateau detected at L=-1.044486e+02, not replacing live point.
09:39:37 [ultranest] [DEBUG] Plateau detected at L=-1.044486e+02, not replacing live point.
09:39:37 [ultranest] [DEBUG] Plateau detected at L=-1.044486e+02, not replacing live point.
09:39:37 [ultranest] [DEBUG] Plateau detected at L=-1.044486e+02, not replacing live point.
09:39:37 [ultranest] [DEBUG] Plateau detected at L=-1.044486e+02, not replacing live point.
09:39:37 [ultranest] [DEBUG] Plateau detected at L=-1.044486e+02, not replacing live point.
09:39:37 [ultranest] [DEBUG] Plateau detected at L=-1.044486e+02, not replacing live point.
09:39:37 [ultranest] [DEBUG] Plateau detected at L=-1.044486e+02, not replacing live point.
09:39:37 [ultranest] [DEBUG] iteration=279, ncalls=666, regioncalls=10640, ndraw=40, logz=-106.90, remainder_fraction=100.0000%, Lmin=-104.45, Lmax=-3.86
09:39:37 [ultranest] [DEBUG] Plateau detected at L=-1.044486e+02, not replacing live point.
09:39:37 [ultranest] [DEBUG] Plateau detected at L=-1.044486e+02, not replacing live point.
09:39:37 [ultranest] [DEBUG] Plateau detected at L=-1.044486e+02, not replacing live point.
09:39:37 [ultranest] [DEBUG] iteration=283, ncalls=668, regioncalls=10720, ndraw=40, logz=-106.84, remainder_fraction=100.0000%, Lmin=-104.45, Lmax=-3.86
09:39:37 [ultranest] [DEBUG] iteration=299, ncalls=696, regioncalls=11840, ndraw=40, logz=-106.62, remainder_fraction=100.0000%, Lmin=-104.45, Lmax=-3.86
09:39:37 [ultranest] [DEBUG] iteration=318, ncalls=726, regioncalls=13040, ndraw=40, logz=-106.42, remainder_fraction=100.0000%, Lmin=-104.45, Lmax=-3.86
09:39:37 [ultranest] [DEBUG] iteration=320, ncalls=730, regioncalls=13200, ndraw=40, logz=-106.40, remainder_fraction=100.0000%, Lmin=-104.45, Lmax=-3.86
09:39:38 [ultranest] [DEBUG] iteration=336, ncalls=766, regioncalls=14640, ndraw=40, logz=-106.27, remainder_fraction=100.0000%, Lmin=-104.45, Lmax=-3.86
09:39:38 [ultranest] [DEBUG] iteration=356, ncalls=800, regioncalls=16000, ndraw=40, logz=-106.13, remainder_fraction=100.0000%, Lmin=-104.45, Lmax=-3.86
09:39:38 [ultranest] [DEBUG] iteration=360, ncalls=807, regioncalls=16280, ndraw=40, logz=-106.11, remainder_fraction=100.0000%, Lmin=-104.45, Lmax=-3.86
09:39:38 [ultranest] [DEBUG] iteration=379, ncalls=834, regioncalls=17360, ndraw=40, logz=-106.00, remainder_fraction=100.0000%, Lmin=-104.45, Lmax=-3.86
09:39:38 [ultranest] [DEBUG] iteration=393, ncalls=866, regioncalls=18640, ndraw=40, logz=-105.93, remainder_fraction=100.0000%, Lmin=-104.45, Lmax=-3.86
09:39:38 [ultranest] [DEBUG] iteration=400, ncalls=880, regioncalls=19200, ndraw=40, logz=-105.90, remainder_fraction=100.0000%, Lmin=-104.44, Lmax=-3.86
09:39:38 [ultranest] [DEBUG] iteration=416, ncalls=913, regioncalls=20520, ndraw=40, logz=-105.84, remainder_fraction=100.0000%, Lmin=-104.43, Lmax=-3.86
09:39:38 [ultranest] [DEBUG] iteration=434, ncalls=946, regioncalls=21840, ndraw=40, logz=-105.77, remainder_fraction=100.0000%, Lmin=-104.40, Lmax=-3.86
09:39:38 [ultranest] [DEBUG] iteration=440, ncalls=961, regioncalls=22440, ndraw=40, logz=-105.75, remainder_fraction=100.0000%, Lmin=-104.38, Lmax=-3.86
09:39:38 [ultranest] [DEBUG] iteration=454, ncalls=991, regioncalls=23640, ndraw=40, logz=-105.70, remainder_fraction=100.0000%, Lmin=-104.35, Lmax=-3.86
09:39:38 [ultranest] [DEBUG] iteration=471, ncalls=1026, regioncalls=25040, ndraw=40, logz=-105.64, remainder_fraction=100.0000%, Lmin=-104.18, Lmax=-3.86
09:39:39 [ultranest] [DEBUG] iteration=480, ncalls=1049, regioncalls=25960, ndraw=40, logz=-105.61, remainder_fraction=100.0000%, Lmin=-104.12, Lmax=-3.86
09:39:39 [ultranest] [DEBUG] iteration=497, ncalls=1083, regioncalls=27320, ndraw=40, logz=-105.54, remainder_fraction=100.0000%, Lmin=-103.65, Lmax=-3.86
09:39:39 [ultranest] [DEBUG] clustering found some stray points [need_accept=False] (array([1, 2]), array([337,   1]))
09:39:39 [ultranest] [DEBUG] iteration=511, ncalls=1116, regioncalls=28640, ndraw=40, logz=-105.46, remainder_fraction=100.0000%, Lmin=-103.38, Lmax=-3.86
09:39:39 [ultranest] [DEBUG] iteration=520, ncalls=1136, regioncalls=29440, ndraw=40, logz=-105.41, remainder_fraction=100.0000%, Lmin=-103.00, Lmax=-3.86
09:39:39 [ultranest] [DEBUG] iteration=533, ncalls=1168, regioncalls=30720, ndraw=40, logz=-105.30, remainder_fraction=100.0000%, Lmin=-102.77, Lmax=-3.86
09:39:39 [ultranest] [DEBUG] iteration=546, ncalls=1203, regioncalls=32120, ndraw=40, logz=-105.18, remainder_fraction=100.0000%, Lmin=-102.45, Lmax=-3.86
09:39:39 [ultranest] [DEBUG] iteration=555, ncalls=1234, regioncalls=33360, ndraw=40, logz=-105.08, remainder_fraction=100.0000%, Lmin=-102.15, Lmax=-3.86
09:39:39 [ultranest] [DEBUG] iteration=560, ncalls=1246, regioncalls=33840, ndraw=40, logz=-105.02, remainder_fraction=100.0000%, Lmin=-102.08, Lmax=-3.86
09:39:39 [ultranest] [DEBUG] iteration=572, ncalls=1283, regioncalls=35320, ndraw=40, logz=-104.86, remainder_fraction=100.0000%, Lmin=-101.64, Lmax=-3.86
09:39:39 [ultranest] [DEBUG] iteration=586, ncalls=1316, regioncalls=36640, ndraw=40, logz=-104.62, remainder_fraction=100.0000%, Lmin=-101.16, Lmax=-3.86
09:39:39 [ultranest] [DEBUG] clustering found some stray points [need_accept=False] (array([1, 2, 3]), array([335,   2,   1]))
09:39:39 [ultranest] [DEBUG] iteration=595, ncalls=1346, regioncalls=37840, ndraw=40, logz=-104.45, remainder_fraction=100.0000%, Lmin=-100.82, Lmax=-3.67
09:39:40 [ultranest] [DEBUG] iteration=600, ncalls=1357, regioncalls=38280, ndraw=40, logz=-104.34, remainder_fraction=100.0000%, Lmin=-100.59, Lmax=-3.67
09:39:40 [ultranest] [DEBUG] iteration=612, ncalls=1394, regioncalls=39760, ndraw=40, logz=-104.03, remainder_fraction=100.0000%, Lmin=-100.11, Lmax=-3.67
09:39:40 [ultranest] [DEBUG] iteration=622, ncalls=1430, regioncalls=41200, ndraw=40, logz=-103.73, remainder_fraction=100.0000%, Lmin=-99.69, Lmax=-3.67
09:39:40 [ultranest] [DEBUG] iteration=633, ncalls=1465, regioncalls=42600, ndraw=40, logz=-103.42, remainder_fraction=100.0000%, Lmin=-99.41, Lmax=-3.67
09:39:40 [ultranest] [DEBUG] iteration=640, ncalls=1484, regioncalls=43360, ndraw=40, logz=-103.17, remainder_fraction=100.0000%, Lmin=-98.60, Lmax=-3.67
09:39:40 [ultranest] [DEBUG] iteration=652, ncalls=1519, regioncalls=44760, ndraw=40, logz=-102.48, remainder_fraction=100.0000%, Lmin=-97.50, Lmax=-3.67
09:39:40 [ultranest] [DEBUG] iteration=665, ncalls=1547, regioncalls=45880, ndraw=40, logz=-101.74, remainder_fraction=100.0000%, Lmin=-96.93, Lmax=-3.67
09:39:40 [ultranest] [DEBUG] iteration=675, ncalls=1581, regioncalls=47240, ndraw=40, logz=-101.21, remainder_fraction=100.0000%, Lmin=-96.33, Lmax=-3.67
09:39:40 [ultranest] [DEBUG] iteration=680, ncalls=1592, regioncalls=47680, ndraw=40, logz=-100.92, remainder_fraction=100.0000%, Lmin=-96.12, Lmax=-3.67
09:39:40 [ultranest] [DEBUG] iteration=696, ncalls=1624, regioncalls=48960, ndraw=40, logz=-99.94, remainder_fraction=100.0000%, Lmin=-94.47, Lmax=-3.67
09:39:40 [ultranest] [DEBUG] iteration=705, ncalls=1661, regioncalls=50440, ndraw=40, logz=-99.14, remainder_fraction=100.0000%, Lmin=-93.63, Lmax=-3.67
09:39:41 [ultranest] [DEBUG] iteration=720, ncalls=1694, regioncalls=51760, ndraw=40, logz=-97.65, remainder_fraction=100.0000%, Lmin=-92.17, Lmax=-3.67
09:39:41 [ultranest] [DEBUG] iteration=732, ncalls=1731, regioncalls=53240, ndraw=40, logz=-96.42, remainder_fraction=100.0000%, Lmin=-90.94, Lmax=-3.67
09:39:41 [ultranest] [DEBUG] iteration=741, ncalls=1771, regioncalls=54840, ndraw=40, logz=-95.49, remainder_fraction=100.0000%, Lmin=-89.84, Lmax=-3.67
09:39:41 [ultranest] [DEBUG] iteration=752, ncalls=1803, regioncalls=56120, ndraw=40, logz=-94.30, remainder_fraction=100.0000%, Lmin=-88.66, Lmax=-3.67
09:39:41 [ultranest] [DEBUG] iteration=760, ncalls=1837, regioncalls=57480, ndraw=40, logz=-93.43, remainder_fraction=100.0000%, Lmin=-87.58, Lmax=-3.67
09:39:41 [ultranest] [DEBUG] iteration=772, ncalls=1873, regioncalls=58920, ndraw=40, logz=-91.86, remainder_fraction=100.0000%, Lmin=-85.84, Lmax=-3.67
09:39:41 [ultranest] [DEBUG] iteration=783, ncalls=1907, regioncalls=60280, ndraw=40, logz=-90.31, remainder_fraction=100.0000%, Lmin=-84.13, Lmax=-3.67
09:39:41 [ultranest] [DEBUG] iteration=793, ncalls=1944, regioncalls=61760, ndraw=40, logz=-88.55, remainder_fraction=100.0000%, Lmin=-82.10, Lmax=-3.67
09:39:41 [ultranest] [DEBUG] iteration=800, ncalls=1970, regioncalls=62800, ndraw=40, logz=-87.30, remainder_fraction=100.0000%, Lmin=-80.87, Lmax=-3.67
09:39:42 [ultranest] [DEBUG] iteration=807, ncalls=2008, regioncalls=64320, ndraw=40, logz=-86.23, remainder_fraction=100.0000%, Lmin=-79.89, Lmax=-3.67
09:39:42 [ultranest] [DEBUG] iteration=815, ncalls=2041, regioncalls=65640, ndraw=40, logz=-84.98, remainder_fraction=100.0000%, Lmin=-78.49, Lmax=-3.67
09:39:42 [ultranest] [DEBUG] iteration=824, ncalls=2073, regioncalls=66920, ndraw=40, logz=-83.69, remainder_fraction=100.0000%, Lmin=-77.72, Lmax=-3.67
09:39:42 [ultranest] [DEBUG] iteration=831, ncalls=2110, regioncalls=68400, ndraw=40, logz=-83.00, remainder_fraction=100.0000%, Lmin=-77.03, Lmax=-3.67
09:39:42 [ultranest] [DEBUG] iteration=839, ncalls=2146, regioncalls=69840, ndraw=40, logz=-81.96, remainder_fraction=100.0000%, Lmin=-75.86, Lmax=-3.67
09:39:42 [ultranest] [DEBUG] iteration=840, ncalls=2151, regioncalls=70040, ndraw=40, logz=-81.84, remainder_fraction=100.0000%, Lmin=-75.78, Lmax=-3.67
09:39:42 [ultranest] [DEBUG] iteration=843, ncalls=2191, regioncalls=71640, ndraw=40, logz=-81.50, remainder_fraction=100.0000%, Lmin=-75.09, Lmax=-3.67
09:39:42 [ultranest] [DEBUG] iteration=851, ncalls=2229, regioncalls=73160, ndraw=40, logz=-80.45, remainder_fraction=100.0000%, Lmin=-74.19, Lmax=-3.67
09:39:42 [ultranest] [DEBUG] iteration=858, ncalls=2255, regioncalls=74200, ndraw=40, logz=-79.49, remainder_fraction=100.0000%, Lmin=-73.39, Lmax=-3.67
09:39:42 [ultranest] [DEBUG] iteration=862, ncalls=2286, regioncalls=75440, ndraw=40, logz=-79.05, remainder_fraction=100.0000%, Lmin=-72.86, Lmax=-3.67
09:39:43 [ultranest] [DEBUG] iteration=871, ncalls=2325, regioncalls=77000, ndraw=40, logz=-77.97, remainder_fraction=100.0000%, Lmin=-71.63, Lmax=-3.67
09:39:43 [ultranest] [DEBUG] iteration=877, ncalls=2360, regioncalls=78400, ndraw=40, logz=-77.11, remainder_fraction=100.0000%, Lmin=-70.39, Lmax=-3.67
09:39:43 [ultranest] [DEBUG] iteration=880, ncalls=2364, regioncalls=78560, ndraw=40, logz=-76.60, remainder_fraction=100.0000%, Lmin=-69.83, Lmax=-3.67
09:39:43 [ultranest] [DEBUG] iteration=883, ncalls=2397, regioncalls=79880, ndraw=40, logz=-76.09, remainder_fraction=100.0000%, Lmin=-69.35, Lmax=-3.67
09:39:43 [ultranest] [DEBUG] iteration=891, ncalls=2429, regioncalls=81160, ndraw=40, logz=-74.98, remainder_fraction=100.0000%, Lmin=-68.73, Lmax=-3.67
09:39:43 [ultranest] [DEBUG] iteration=899, ncalls=2459, regioncalls=82360, ndraw=40, logz=-74.04, remainder_fraction=100.0000%, Lmin=-67.84, Lmax=-3.67
09:39:43 [ultranest] [DEBUG] iteration=902, ncalls=2491, regioncalls=83640, ndraw=40, logz=-73.65, remainder_fraction=100.0000%, Lmin=-67.29, Lmax=-3.67
09:39:43 [ultranest] [DEBUG] iteration=906, ncalls=2526, regioncalls=85040, ndraw=40, logz=-73.16, remainder_fraction=100.0000%, Lmin=-66.89, Lmax=-3.67
09:39:43 [ultranest] [DEBUG] iteration=912, ncalls=2586, regioncalls=87440, ndraw=40, logz=-72.48, remainder_fraction=100.0000%, Lmin=-65.96, Lmax=-3.67
09:39:44 [ultranest] [DEBUG] iteration=918, ncalls=2637, regioncalls=89480, ndraw=40, logz=-71.74, remainder_fraction=100.0000%, Lmin=-65.54, Lmax=-3.67
09:39:44 [ultranest] [DEBUG] iteration=920, ncalls=2642, regioncalls=89680, ndraw=40, logz=-71.52, remainder_fraction=100.0000%, Lmin=-65.08, Lmax=-3.67
09:39:44 [ultranest] [DEBUG] iteration=926, ncalls=2677, regioncalls=91080, ndraw=40, logz=-70.88, remainder_fraction=100.0000%, Lmin=-64.71, Lmax=-3.67
09:39:44 [ultranest] [DEBUG] iteration=932, ncalls=2709, regioncalls=92360, ndraw=40, logz=-70.26, remainder_fraction=100.0000%, Lmin=-63.98, Lmax=-3.67
09:39:44 [ultranest] [DEBUG] iteration=941, ncalls=2755, regioncalls=94200, ndraw=40, logz=-69.07, remainder_fraction=100.0000%, Lmin=-62.61, Lmax=-3.67
09:39:44 [ultranest] [DEBUG] iteration=945, ncalls=2793, regioncalls=95720, ndraw=40, logz=-68.63, remainder_fraction=100.0000%, Lmin=-62.32, Lmax=-3.67
09:39:44 [ultranest] [DEBUG] iteration=952, ncalls=2830, regioncalls=97200, ndraw=40, logz=-67.77, remainder_fraction=100.0000%, Lmin=-61.23, Lmax=-3.67
09:39:44 [ultranest] [DEBUG] iteration=959, ncalls=2865, regioncalls=98600, ndraw=40, logz=-66.91, remainder_fraction=100.0000%, Lmin=-60.58, Lmax=-3.67
09:39:44 [ultranest] [DEBUG] iteration=960, ncalls=2869, regioncalls=98760, ndraw=40, logz=-66.80, remainder_fraction=100.0000%, Lmin=-60.54, Lmax=-3.67
09:39:44 [ultranest] [DEBUG] iteration=967, ncalls=2902, regioncalls=100080, ndraw=40, logz=-66.16, remainder_fraction=100.0000%, Lmin=-59.95, Lmax=-3.67
09:39:44 [ultranest] [DEBUG] iteration=975, ncalls=2934, regioncalls=101360, ndraw=40, logz=-65.47, remainder_fraction=100.0000%, Lmin=-59.17, Lmax=-3.67
09:39:45 [ultranest] [DEBUG] iteration=980, ncalls=2968, regioncalls=102720, ndraw=40, logz=-64.94, remainder_fraction=100.0000%, Lmin=-58.42, Lmax=-3.67
09:39:45 [ultranest] [DEBUG] iteration=984, ncalls=3005, regioncalls=104200, ndraw=40, logz=-64.49, remainder_fraction=100.0000%, Lmin=-58.01, Lmax=-3.67
09:39:45 [ultranest] [DEBUG] iteration=993, ncalls=3044, regioncalls=105760, ndraw=40, logz=-63.54, remainder_fraction=100.0000%, Lmin=-57.13, Lmax=-3.67
09:39:45 [ultranest] [DEBUG] iteration=1000, ncalls=3070, regioncalls=106800, ndraw=40, logz=-62.72, remainder_fraction=100.0000%, Lmin=-56.12, Lmax=-3.67
09:39:45 [ultranest] [DEBUG] iteration=1006, ncalls=3108, regioncalls=108320, ndraw=40, logz=-62.04, remainder_fraction=100.0000%, Lmin=-55.57, Lmax=-3.67
09:39:45 [ultranest] [DEBUG] iteration=1014, ncalls=3147, regioncalls=109880, ndraw=40, logz=-61.24, remainder_fraction=100.0000%, Lmin=-55.01, Lmax=-3.67
09:39:45 [ultranest] [DEBUG] iteration=1020, ncalls=3183, regioncalls=111320, ndraw=40, logz=-60.71, remainder_fraction=100.0000%, Lmin=-54.47, Lmax=-3.67
09:39:45 [ultranest] [DEBUG] iteration=1025, ncalls=3224, regioncalls=112960, ndraw=40, logz=-60.33, remainder_fraction=100.0000%, Lmin=-54.08, Lmax=-3.67
09:39:45 [ultranest] [DEBUG] iteration=1032, ncalls=3264, regioncalls=114560, ndraw=40, logz=-59.76, remainder_fraction=100.0000%, Lmin=-53.37, Lmax=-3.67
09:39:46 [ultranest] [DEBUG] iteration=1037, ncalls=3311, regioncalls=116440, ndraw=40, logz=-59.31, remainder_fraction=100.0000%, Lmin=-52.79, Lmax=-3.67
09:39:46 [ultranest] [DEBUG] iteration=1040, ncalls=3336, regioncalls=117440, ndraw=40, logz=-59.02, remainder_fraction=100.0000%, Lmin=-52.69, Lmax=-3.67
09:39:46 [ultranest] [DEBUG] iteration=1044, ncalls=3367, regioncalls=118680, ndraw=40, logz=-58.71, remainder_fraction=100.0000%, Lmin=-52.43, Lmax=-3.67
09:39:46 [ultranest] [DEBUG] iteration=1048, ncalls=3403, regioncalls=120120, ndraw=40, logz=-58.43, remainder_fraction=100.0000%, Lmin=-52.27, Lmax=-3.67
09:39:46 [ultranest] [DEBUG] iteration=1054, ncalls=3446, regioncalls=121840, ndraw=40, logz=-58.01, remainder_fraction=100.0000%, Lmin=-51.64, Lmax=-3.67
09:39:46 [ultranest] [DEBUG] iteration=1059, ncalls=3487, regioncalls=123480, ndraw=40, logz=-57.63, remainder_fraction=100.0000%, Lmin=-51.42, Lmax=-3.67
09:39:46 [ultranest] [DEBUG] iteration=1064, ncalls=3529, regioncalls=125160, ndraw=40, logz=-57.26, remainder_fraction=100.0000%, Lmin=-50.92, Lmax=-3.67
09:39:46 [ultranest] [DEBUG] iteration=1070, ncalls=3574, regioncalls=126960, ndraw=40, logz=-56.80, remainder_fraction=100.0000%, Lmin=-50.43, Lmax=-3.67
09:39:46 [ultranest] [DEBUG] iteration=1077, ncalls=3608, regioncalls=128320, ndraw=40, logz=-56.20, remainder_fraction=100.0000%, Lmin=-49.72, Lmax=-3.67
09:39:46 [ultranest] [DEBUG] iteration=1080, ncalls=3621, regioncalls=128840, ndraw=40, logz=-55.96, remainder_fraction=100.0000%, Lmin=-49.59, Lmax=-3.67
09:39:47 [ultranest] [DEBUG] iteration=1088, ncalls=3656, regioncalls=130240, ndraw=40, logz=-55.31, remainder_fraction=100.0000%, Lmin=-48.72, Lmax=-3.67
09:39:47 [ultranest] [DEBUG] iteration=1093, ncalls=3693, regioncalls=131720, ndraw=40, logz=-54.80, remainder_fraction=100.0000%, Lmin=-47.98, Lmax=-3.67
09:39:47 [ultranest] [DEBUG] iteration=1098, ncalls=3730, regioncalls=133200, ndraw=40, logz=-54.29, remainder_fraction=100.0000%, Lmin=-47.40, Lmax=-3.67
09:39:47 [ultranest] [DEBUG] iteration=1102, ncalls=3775, regioncalls=135000, ndraw=40, logz=-53.85, remainder_fraction=100.0000%, Lmin=-47.10, Lmax=-3.67
09:39:47 [ultranest] [DEBUG] iteration=1107, ncalls=3814, regioncalls=136560, ndraw=40, logz=-53.32, remainder_fraction=100.0000%, Lmin=-46.59, Lmax=-3.67
09:39:47 [ultranest] [DEBUG] iteration=1111, ncalls=3853, regioncalls=138120, ndraw=40, logz=-52.93, remainder_fraction=100.0000%, Lmin=-46.29, Lmax=-3.67
09:39:47 [ultranest] [DEBUG] iteration=1119, ncalls=3886, regioncalls=139440, ndraw=40, logz=-52.28, remainder_fraction=100.0000%, Lmin=-45.72, Lmax=-3.67
09:39:47 [ultranest] [DEBUG] iteration=1120, ncalls=3903, regioncalls=140120, ndraw=40, logz=-52.20, remainder_fraction=100.0000%, Lmin=-45.67, Lmax=-3.67
09:39:47 [ultranest] [DEBUG] iteration=1127, ncalls=3951, regioncalls=142040, ndraw=40, logz=-51.63, remainder_fraction=100.0000%, Lmin=-44.99, Lmax=-3.67
09:39:47 [ultranest] [DEBUG] iteration=1132, ncalls=3987, regioncalls=143480, ndraw=40, logz=-51.18, remainder_fraction=100.0000%, Lmin=-44.43, Lmax=-3.67
09:39:48 [ultranest] [DEBUG] iteration=1135, ncalls=4038, regioncalls=145520, ndraw=40, logz=-50.87, remainder_fraction=100.0000%, Lmin=-44.08, Lmax=-3.67
09:39:48 [ultranest] [DEBUG] iteration=1139, ncalls=4080, regioncalls=147200, ndraw=40, logz=-50.46, remainder_fraction=100.0000%, Lmin=-43.67, Lmax=-3.67
09:39:48 [ultranest] [DEBUG] iteration=1142, ncalls=4130, regioncalls=149200, ndraw=40, logz=-50.17, remainder_fraction=100.0000%, Lmin=-43.28, Lmax=-3.67
09:39:48 [ultranest] [DEBUG] iteration=1150, ncalls=4174, regioncalls=150960, ndraw=40, logz=-49.46, remainder_fraction=100.0000%, Lmin=-42.85, Lmax=-3.67
09:39:48 [ultranest] [DEBUG] iteration=1155, ncalls=4215, regioncalls=152600, ndraw=40, logz=-49.06, remainder_fraction=100.0000%, Lmin=-42.41, Lmax=-3.67
09:39:48 [ultranest] [DEBUG] iteration=1160, ncalls=4256, regioncalls=154240, ndraw=40, logz=-48.63, remainder_fraction=100.0000%, Lmin=-41.98, Lmax=-3.67
09:39:48 [ultranest] [DEBUG] iteration=1166, ncalls=4297, regioncalls=155880, ndraw=40, logz=-48.19, remainder_fraction=100.0000%, Lmin=-41.73, Lmax=-3.67
09:39:48 [ultranest] [DEBUG] iteration=1170, ncalls=4334, regioncalls=157360, ndraw=40, logz=-47.91, remainder_fraction=100.0000%, Lmin=-41.15, Lmax=-3.67
09:39:49 [ultranest] [DEBUG] iteration=1174, ncalls=4377, regioncalls=159080, ndraw=40, logz=-47.56, remainder_fraction=100.0000%, Lmin=-40.86, Lmax=-3.67
09:39:49 [ultranest] [DEBUG] iteration=1180, ncalls=4415, regioncalls=160600, ndraw=40, logz=-47.08, remainder_fraction=100.0000%, Lmin=-40.38, Lmax=-3.67
09:39:49 [ultranest] [DEBUG] iteration=1188, ncalls=4468, regioncalls=162720, ndraw=40, logz=-46.43, remainder_fraction=100.0000%, Lmin=-39.50, Lmax=-3.67
09:39:49 [ultranest] [DEBUG] iteration=1193, ncalls=4511, regioncalls=164440, ndraw=40, logz=-45.96, remainder_fraction=100.0000%, Lmin=-39.21, Lmax=-3.67
09:39:49 [ultranest] [DEBUG] iteration=1195, ncalls=4525, regioncalls=165000, ndraw=40, logz=-45.80, remainder_fraction=100.0000%, Lmin=-39.09, Lmax=-3.67
09:39:49 [ultranest] [DEBUG] iteration=1200, ncalls=4534, regioncalls=165360, ndraw=40, logz=-45.43, remainder_fraction=100.0000%, Lmin=-38.84, Lmax=-3.67
09:39:49 [ultranest] [DEBUG] iteration=1206, ncalls=4570, regioncalls=166800, ndraw=40, logz=-45.06, remainder_fraction=100.0000%, Lmin=-38.65, Lmax=-3.67
09:39:49 [ultranest] [DEBUG] iteration=1217, ncalls=4607, regioncalls=168280, ndraw=40, logz=-44.33, remainder_fraction=100.0000%, Lmin=-37.78, Lmax=-3.67
09:39:49 [ultranest] [DEBUG] iteration=1226, ncalls=4647, regioncalls=169880, ndraw=40, logz=-43.80, remainder_fraction=100.0000%, Lmin=-37.27, Lmax=-3.67
09:39:49 [ultranest] [DEBUG] iteration=1235, ncalls=4685, regioncalls=171440, ndraw=40, logz=-43.05, remainder_fraction=100.0000%, Lmin=-35.98, Lmax=-3.67
09:39:50 [ultranest] [DEBUG] iteration=1240, ncalls=4714, regioncalls=172680, ndraw=40, logz=-42.60, remainder_fraction=100.0000%, Lmin=-35.47, Lmax=-3.67
09:39:50 [ultranest] [DEBUG] iteration=1253, ncalls=4751, regioncalls=174240, ndraw=40, logz=-41.49, remainder_fraction=100.0000%, Lmin=-34.15, Lmax=-3.67
09:39:50 [ultranest] [DEBUG] iteration=1264, ncalls=4790, regioncalls=175800, ndraw=40, logz=-40.36, remainder_fraction=100.0000%, Lmin=-33.37, Lmax=-3.67
09:39:50 [ultranest] [DEBUG] iteration=1271, ncalls=4815, regioncalls=176800, ndraw=40, logz=-39.77, remainder_fraction=100.0000%, Lmin=-32.67, Lmax=-3.67
09:39:50 [ultranest] [DEBUG] iteration=1278, ncalls=4849, regioncalls=178160, ndraw=40, logz=-39.17, remainder_fraction=100.0000%, Lmin=-32.28, Lmax=-3.67
09:39:50 [ultranest] [DEBUG] iteration=1280, ncalls=4852, regioncalls=178280, ndraw=40, logz=-39.03, remainder_fraction=100.0000%, Lmin=-32.13, Lmax=-3.67
09:39:50 [ultranest] [DEBUG] iteration=1288, ncalls=4906, regioncalls=180440, ndraw=40, logz=-38.46, remainder_fraction=100.0000%, Lmin=-31.48, Lmax=-3.67
09:39:50 [ultranest] [DEBUG] iteration=1295, ncalls=4947, regioncalls=182080, ndraw=40, logz=-37.98, remainder_fraction=100.0000%, Lmin=-31.27, Lmax=-3.67
09:39:50 [ultranest] [DEBUG] iteration=1301, ncalls=4982, regioncalls=183480, ndraw=40, logz=-37.63, remainder_fraction=100.0000%, Lmin=-30.64, Lmax=-3.67
09:39:50 [ultranest] [DEBUG] iteration=1310, ncalls=5020, regioncalls=185000, ndraw=40, logz=-36.94, remainder_fraction=100.0000%, Lmin=-29.87, Lmax=-3.67
09:39:51 [ultranest] [DEBUG] iteration=1317, ncalls=5063, regioncalls=186720, ndraw=40, logz=-36.44, remainder_fraction=100.0000%, Lmin=-29.30, Lmax=-3.67
09:39:51 [ultranest] [DEBUG] iteration=1320, ncalls=5074, regioncalls=187160, ndraw=40, logz=-36.20, remainder_fraction=100.0000%, Lmin=-29.10, Lmax=-3.67
09:39:51 [ultranest] [DEBUG] iteration=1328, ncalls=5113, regioncalls=188720, ndraw=40, logz=-35.55, remainder_fraction=100.0000%, Lmin=-28.42, Lmax=-3.67
09:39:51 [ultranest] [DEBUG] iteration=1334, ncalls=5149, regioncalls=190200, ndraw=40, logz=-35.09, remainder_fraction=100.0000%, Lmin=-27.99, Lmax=-3.67
09:39:51 [ultranest] [DEBUG] iteration=1339, ncalls=5188, regioncalls=191760, ndraw=40, logz=-34.69, remainder_fraction=100.0000%, Lmin=-27.59, Lmax=-3.67
09:39:51 [ultranest] [DEBUG] iteration=1347, ncalls=5217, regioncalls=192920, ndraw=40, logz=-34.02, remainder_fraction=100.0000%, Lmin=-26.60, Lmax=-3.67
09:39:51 [ultranest] [DEBUG] iteration=1359, ncalls=5243, regioncalls=194040, ndraw=40, logz=-32.97, remainder_fraction=100.0000%, Lmin=-25.77, Lmax=-3.67
09:39:51 [ultranest] [DEBUG] iteration=1360, ncalls=5245, regioncalls=194200, ndraw=40, logz=-32.90, remainder_fraction=100.0000%, Lmin=-25.73, Lmax=-3.67
09:39:51 [ultranest] [DEBUG] iteration=1370, ncalls=5279, regioncalls=195560, ndraw=40, logz=-32.26, remainder_fraction=100.0000%, Lmin=-25.33, Lmax=-3.67
09:39:51 [ultranest] [DEBUG] iteration=1383, ncalls=5314, regioncalls=196960, ndraw=40, logz=-31.60, remainder_fraction=100.0000%, Lmin=-24.80, Lmax=-3.62
09:39:51 [ultranest] [DEBUG] iteration=1389, ncalls=5343, regioncalls=198120, ndraw=40, logz=-31.32, remainder_fraction=100.0000%, Lmin=-24.60, Lmax=-3.62
09:39:52 [ultranest] [DEBUG] iteration=1399, ncalls=5377, regioncalls=199480, ndraw=40, logz=-30.87, remainder_fraction=100.0000%, Lmin=-24.03, Lmax=-3.62
09:39:52 [ultranest] [DEBUG] iteration=1400, ncalls=5378, regioncalls=199520, ndraw=40, logz=-30.82, remainder_fraction=100.0000%, Lmin=-24.00, Lmax=-3.62
09:39:52 [ultranest] [DEBUG] iteration=1412, ncalls=5412, regioncalls=200880, ndraw=40, logz=-30.21, remainder_fraction=100.0000%, Lmin=-23.32, Lmax=-3.62
09:39:52 [ultranest] [DEBUG] iteration=1423, ncalls=5446, regioncalls=202240, ndraw=40, logz=-29.68, remainder_fraction=100.0000%, Lmin=-22.87, Lmax=-3.62
09:39:52 [ultranest] [DEBUG] iteration=1433, ncalls=5477, regioncalls=203480, ndraw=40, logz=-29.12, remainder_fraction=100.0000%, Lmin=-22.06, Lmax=-3.62
09:39:52 [ultranest] [DEBUG] iteration=1440, ncalls=5498, regioncalls=204320, ndraw=40, logz=-28.76, remainder_fraction=100.0000%, Lmin=-21.81, Lmax=-3.62
09:39:52 [ultranest] [DEBUG] iteration=1454, ncalls=5533, regioncalls=205720, ndraw=40, logz=-28.08, remainder_fraction=100.0000%, Lmin=-21.14, Lmax=-3.62
09:39:52 [ultranest] [DEBUG] iteration=1468, ncalls=5568, regioncalls=207120, ndraw=40, logz=-27.48, remainder_fraction=100.0000%, Lmin=-20.58, Lmax=-3.45
09:39:52 [ultranest] [DEBUG] iteration=1480, ncalls=5594, regioncalls=208160, ndraw=40, logz=-26.83, remainder_fraction=100.0000%, Lmin=-19.44, Lmax=-3.45
09:39:52 [ultranest] [DEBUG] iteration=1491, ncalls=5628, regioncalls=209520, ndraw=40, logz=-26.21, remainder_fraction=100.0000%, Lmin=-19.08, Lmax=-3.45
09:39:52 [ultranest] [DEBUG] iteration=1501, ncalls=5657, regioncalls=210680, ndraw=40, logz=-25.71, remainder_fraction=100.0000%, Lmin=-18.47, Lmax=-3.45
09:39:53 [ultranest] [DEBUG] iteration=1510, ncalls=5690, regioncalls=212000, ndraw=40, logz=-25.24, remainder_fraction=100.0000%, Lmin=-17.98, Lmax=-3.45
09:39:53 [ultranest] [DEBUG] iteration=1518, ncalls=5725, regioncalls=213400, ndraw=40, logz=-24.85, remainder_fraction=100.0000%, Lmin=-17.72, Lmax=-3.45
09:39:53 [ultranest] [DEBUG] iteration=1520, ncalls=5730, regioncalls=213600, ndraw=40, logz=-24.76, remainder_fraction=99.9999%, Lmin=-17.68, Lmax=-3.45
09:39:53 [ultranest] [DEBUG] iteration=1529, ncalls=5765, regioncalls=215000, ndraw=40, logz=-24.40, remainder_fraction=99.9999%, Lmin=-17.41, Lmax=-3.45
09:39:53 [ultranest] [DEBUG] iteration=1539, ncalls=5798, regioncalls=216320, ndraw=40, logz=-24.00, remainder_fraction=99.9999%, Lmin=-16.73, Lmax=-3.45
09:39:53 [ultranest] [DEBUG] iteration=1551, ncalls=5837, regioncalls=217880, ndraw=40, logz=-23.44, remainder_fraction=99.9998%, Lmin=-16.22, Lmax=-3.45
09:39:53 [ultranest] [DEBUG] iteration=1560, ncalls=5855, regioncalls=218600, ndraw=40, logz=-23.06, remainder_fraction=99.9997%, Lmin=-15.85, Lmax=-3.45
09:39:53 [ultranest] [DEBUG] iteration=1572, ncalls=5895, regioncalls=220200, ndraw=40, logz=-22.54, remainder_fraction=99.9995%, Lmin=-15.32, Lmax=-3.45
09:39:53 [ultranest] [DEBUG] iteration=1575, ncalls=5899, regioncalls=220360, ndraw=40, logz=-22.42, remainder_fraction=99.9994%, Lmin=-15.27, Lmax=-3.45
09:39:53 [ultranest] [DEBUG] iteration=1592, ncalls=5927, regioncalls=221520, ndraw=40, logz=-21.75, remainder_fraction=99.9989%, Lmin=-14.49, Lmax=-3.45
09:39:53 [ultranest] [DEBUG] iteration=1600, ncalls=5944, regioncalls=222200, ndraw=40, logz=-21.42, remainder_fraction=99.9985%, Lmin=-14.04, Lmax=-3.45
09:39:54 [ultranest] [DEBUG] iteration=1614, ncalls=5977, regioncalls=223520, ndraw=40, logz=-20.81, remainder_fraction=99.9972%, Lmin=-13.48, Lmax=-3.45
09:39:54 [ultranest] [DEBUG] iteration=1631, ncalls=6009, regioncalls=224800, ndraw=40, logz=-20.19, remainder_fraction=99.9947%, Lmin=-13.07, Lmax=-3.45
09:39:54 [ultranest] [DEBUG] iteration=1640, ncalls=6026, regioncalls=225480, ndraw=40, logz=-19.88, remainder_fraction=99.9927%, Lmin=-12.74, Lmax=-3.45
09:39:54 [ultranest] [DEBUG] iteration=1651, ncalls=6055, regioncalls=226640, ndraw=40, logz=-19.54, remainder_fraction=99.9899%, Lmin=-12.42, Lmax=-3.45
09:39:54 [ultranest] [DEBUG] iteration=1666, ncalls=6085, regioncalls=227840, ndraw=40, logz=-19.13, remainder_fraction=99.9858%, Lmin=-12.12, Lmax=-3.40
09:39:54 [ultranest] [DEBUG] iteration=1680, ncalls=6110, regioncalls=228840, ndraw=40, logz=-18.77, remainder_fraction=99.9795%, Lmin=-11.74, Lmax=-3.40
09:39:54 [ultranest] [DEBUG] iteration=1692, ncalls=6141, regioncalls=230080, ndraw=40, logz=-18.47, remainder_fraction=99.9717%, Lmin=-11.46, Lmax=-3.40
09:39:54 [ultranest] [DEBUG] iteration=1704, ncalls=6172, regioncalls=231320, ndraw=40, logz=-18.18, remainder_fraction=99.9624%, Lmin=-11.22, Lmax=-3.40
09:39:54 [ultranest] [DEBUG] iteration=1719, ncalls=6202, regioncalls=232520, ndraw=40, logz=-17.84, remainder_fraction=99.9461%, Lmin=-10.84, Lmax=-3.40
09:39:54 [ultranest] [DEBUG] iteration=1720, ncalls=6204, regioncalls=232600, ndraw=40, logz=-17.82, remainder_fraction=99.9451%, Lmin=-10.84, Lmax=-3.40
09:39:54 [ultranest] [DEBUG] iteration=1733, ncalls=6230, regioncalls=233640, ndraw=40, logz=-17.53, remainder_fraction=99.9266%, Lmin=-10.44, Lmax=-3.40
09:39:54 [ultranest] [DEBUG] iteration=1749, ncalls=6256, regioncalls=234680, ndraw=40, logz=-17.15, remainder_fraction=99.8984%, Lmin=-9.99, Lmax=-3.40
09:39:55 [ultranest] [DEBUG] iteration=1759, ncalls=6288, regioncalls=235960, ndraw=40, logz=-16.92, remainder_fraction=99.8720%, Lmin=-9.80, Lmax=-3.40
09:39:55 [ultranest] [DEBUG] iteration=1760, ncalls=6294, regioncalls=236200, ndraw=40, logz=-16.89, remainder_fraction=99.8688%, Lmin=-9.78, Lmax=-3.40
09:39:55 [ultranest] [DEBUG] iteration=1774, ncalls=6324, regioncalls=237400, ndraw=40, logz=-16.59, remainder_fraction=99.8221%, Lmin=-9.49, Lmax=-3.40
09:39:55 [ultranest] [DEBUG] iteration=1790, ncalls=6353, regioncalls=238560, ndraw=40, logz=-16.26, remainder_fraction=99.7510%, Lmin=-9.15, Lmax=-3.40
09:39:55 [ultranest] [DEBUG] iteration=1800, ncalls=6372, regioncalls=239320, ndraw=40, logz=-16.06, remainder_fraction=99.6966%, Lmin=-8.95, Lmax=-3.40
09:39:55 [ultranest] [DEBUG] iteration=1803, ncalls=6380, regioncalls=239640, ndraw=40, logz=-16.01, remainder_fraction=99.6831%, Lmin=-8.94, Lmax=-3.40
09:39:55 [ultranest] [DEBUG] iteration=1818, ncalls=6410, regioncalls=241000, ndraw=40, logz=-15.74, remainder_fraction=99.5860%, Lmin=-8.66, Lmax=-3.40
09:39:55 [ultranest] [DEBUG] iteration=1836, ncalls=6438, regioncalls=242120, ndraw=40, logz=-15.42, remainder_fraction=99.4317%, Lmin=-8.39, Lmax=-3.40
09:39:55 [ultranest] [DEBUG] iteration=1840, ncalls=6447, regioncalls=242480, ndraw=40, logz=-15.36, remainder_fraction=99.3947%, Lmin=-8.34, Lmax=-3.40
09:39:55 [ultranest] [DEBUG] iteration=1853, ncalls=6478, regioncalls=243720, ndraw=40, logz=-15.16, remainder_fraction=99.2524%, Lmin=-8.13, Lmax=-3.40
09:39:55 [ultranest] [DEBUG] iteration=1871, ncalls=6509, regioncalls=244960, ndraw=40, logz=-14.89, remainder_fraction=99.0044%, Lmin=-7.84, Lmax=-3.40
09:39:55 [ultranest] [DEBUG] iteration=1879, ncalls=6522, regioncalls=245480, ndraw=40, logz=-14.77, remainder_fraction=98.8970%, Lmin=-7.72, Lmax=-3.40
09:39:55 [ultranest] [DEBUG] iteration=1880, ncalls=6525, regioncalls=245680, ndraw=40, logz=-14.75, remainder_fraction=98.8822%, Lmin=-7.72, Lmax=-3.40
09:39:56 [ultranest] [DEBUG] iteration=1899, ncalls=6549, regioncalls=246760, ndraw=40, logz=-14.48, remainder_fraction=98.5038%, Lmin=-7.37, Lmax=-3.40
09:39:56 [ultranest] [DEBUG] iteration=1919, ncalls=6578, regioncalls=247920, ndraw=40, logz=-14.18, remainder_fraction=97.9858%, Lmin=-7.03, Lmax=-3.40
09:39:56 [ultranest] [DEBUG] iteration=1920, ncalls=6580, regioncalls=248000, ndraw=40, logz=-14.17, remainder_fraction=97.9548%, Lmin=-7.03, Lmax=-3.40
09:39:56 [ultranest] [DEBUG] iteration=1934, ncalls=6610, regioncalls=249200, ndraw=40, logz=-13.98, remainder_fraction=97.5313%, Lmin=-6.91, Lmax=-3.40
09:39:56 [ultranest] [DEBUG] iteration=1952, ncalls=6640, regioncalls=250400, ndraw=40, logz=-13.77, remainder_fraction=96.8809%, Lmin=-6.75, Lmax=-3.40
09:39:56 [ultranest] [DEBUG] iteration=1955, ncalls=6644, regioncalls=250560, ndraw=40, logz=-13.73, remainder_fraction=96.7519%, Lmin=-6.73, Lmax=-3.40
09:39:56 [ultranest] [DEBUG] iteration=1960, ncalls=6650, regioncalls=250840, ndraw=40, logz=-13.68, remainder_fraction=96.5770%, Lmin=-6.68, Lmax=-3.40
09:39:56 [ultranest] [DEBUG] iteration=1972, ncalls=6676, regioncalls=251880, ndraw=40, logz=-13.55, remainder_fraction=96.0787%, Lmin=-6.54, Lmax=-3.40
09:39:56 [ultranest] [DEBUG] iteration=1986, ncalls=6704, regioncalls=253000, ndraw=40, logz=-13.41, remainder_fraction=95.5162%, Lmin=-6.46, Lmax=-3.40
09:39:56 [ultranest] [DEBUG] iteration=2000, ncalls=6730, regioncalls=254040, ndraw=40, logz=-13.27, remainder_fraction=94.8736%, Lmin=-6.31, Lmax=-3.40
09:39:56 [ultranest] [DEBUG] iteration=2016, ncalls=6759, regioncalls=255200, ndraw=40, logz=-13.13, remainder_fraction=94.1187%, Lmin=-6.22, Lmax=-3.40
09:39:56 [ultranest] [DEBUG] iteration=2031, ncalls=6785, regioncalls=256240, ndraw=40, logz=-13.00, remainder_fraction=93.2842%, Lmin=-6.05, Lmax=-3.40
09:39:56 [ultranest] [DEBUG] iteration=2040, ncalls=6794, regioncalls=256600, ndraw=40, logz=-12.93, remainder_fraction=92.8020%, Lmin=-5.93, Lmax=-3.40
09:39:57 [ultranest] [DEBUG] iteration=2057, ncalls=6821, regioncalls=257680, ndraw=40, logz=-12.78, remainder_fraction=91.6715%, Lmin=-5.85, Lmax=-3.40
09:39:57 [ultranest] [DEBUG] iteration=2072, ncalls=6855, regioncalls=259040, ndraw=40, logz=-12.67, remainder_fraction=90.6171%, Lmin=-5.69, Lmax=-3.40
09:39:57 [ultranest] [DEBUG] iteration=2080, ncalls=6869, regioncalls=259600, ndraw=40, logz=-12.61, remainder_fraction=90.0399%, Lmin=-5.64, Lmax=-3.40
09:39:57 [ultranest] [DEBUG] iteration=2092, ncalls=6900, regioncalls=260840, ndraw=40, logz=-12.52, remainder_fraction=89.1044%, Lmin=-5.57, Lmax=-3.40
09:39:57 [ultranest] [DEBUG] iteration=2104, ncalls=6933, regioncalls=262160, ndraw=40, logz=-12.44, remainder_fraction=88.1564%, Lmin=-5.49, Lmax=-3.40
09:39:57 [ultranest] [DEBUG] iteration=2107, ncalls=6938, regioncalls=262400, ndraw=40, logz=-12.41, remainder_fraction=87.9295%, Lmin=-5.44, Lmax=-3.40
09:39:57 [ultranest] [DEBUG] iteration=2120, ncalls=6960, regioncalls=263280, ndraw=40, logz=-12.33, remainder_fraction=86.7375%, Lmin=-5.40, Lmax=-3.40
09:39:57 [ultranest] [DEBUG] iteration=2135, ncalls=6988, regioncalls=264400, ndraw=40, logz=-12.23, remainder_fraction=85.3960%, Lmin=-5.31, Lmax=-3.40
09:39:57 [ultranest] [DEBUG] iteration=2146, ncalls=7018, regioncalls=265600, ndraw=40, logz=-12.17, remainder_fraction=84.3355%, Lmin=-5.24, Lmax=-3.40
09:39:57 [ultranest] [DEBUG] iteration=2160, ncalls=7043, regioncalls=266600, ndraw=40, logz=-12.09, remainder_fraction=82.9926%, Lmin=-5.14, Lmax=-3.40
09:39:57 [ultranest] [DEBUG] iteration=2172, ncalls=7071, regioncalls=267720, ndraw=40, logz=-12.02, remainder_fraction=81.6896%, Lmin=-5.11, Lmax=-3.40
09:39:58 [ultranest] [DEBUG] iteration=2183, ncalls=7094, regioncalls=268680, ndraw=40, logz=-11.96, remainder_fraction=80.4561%, Lmin=-5.03, Lmax=-3.40
09:39:58 [ultranest] [DEBUG] iteration=2198, ncalls=7120, regioncalls=269760, ndraw=40, logz=-11.88, remainder_fraction=78.9520%, Lmin=-4.97, Lmax=-3.40
09:39:58 [ultranest] [DEBUG] iteration=2200, ncalls=7126, regioncalls=270000, ndraw=40, logz=-11.87, remainder_fraction=78.7290%, Lmin=-4.96, Lmax=-3.40
09:39:58 [ultranest] [DEBUG] iteration=2214, ncalls=7156, regioncalls=271200, ndraw=40, logz=-11.81, remainder_fraction=77.2741%, Lmin=-4.89, Lmax=-3.40
09:39:58 [ultranest] [DEBUG] iteration=2227, ncalls=7186, regioncalls=272400, ndraw=40, logz=-11.74, remainder_fraction=75.7434%, Lmin=-4.83, Lmax=-3.40
09:39:58 [ultranest] [DEBUG] iteration=2240, ncalls=7214, regioncalls=273520, ndraw=40, logz=-11.69, remainder_fraction=74.2697%, Lmin=-4.77, Lmax=-3.40
09:39:58 [ultranest] [DEBUG] iteration=2254, ncalls=7238, regioncalls=274480, ndraw=40, logz=-11.63, remainder_fraction=72.5754%, Lmin=-4.71, Lmax=-3.40
09:39:58 [ultranest] [DEBUG] iteration=2259, ncalls=7243, regioncalls=274720, ndraw=40, logz=-11.60, remainder_fraction=72.0030%, Lmin=-4.69, Lmax=-3.40
09:39:58 [ultranest] [DEBUG] iteration=2276, ncalls=7268, regioncalls=275720, ndraw=40, logz=-11.54, remainder_fraction=69.9602%, Lmin=-4.65, Lmax=-3.40
09:39:58 [ultranest] [DEBUG] iteration=2280, ncalls=7280, regioncalls=276200, ndraw=40, logz=-11.52, remainder_fraction=69.5117%, Lmin=-4.64, Lmax=-3.40
09:39:58 [ultranest] [DEBUG] iteration=2298, ncalls=7307, regioncalls=277280, ndraw=40, logz=-11.46, remainder_fraction=67.3117%, Lmin=-4.60, Lmax=-3.40
09:39:58 [ultranest] [DEBUG] iteration=2315, ncalls=7336, regioncalls=278440, ndraw=40, logz=-11.40, remainder_fraction=65.3757%, Lmin=-4.55, Lmax=-3.40
09:39:59 [ultranest] [DEBUG] iteration=2320, ncalls=7342, regioncalls=278680, ndraw=40, logz=-11.38, remainder_fraction=64.8858%, Lmin=-4.54, Lmax=-3.40
09:39:59 [ultranest] [DEBUG] iteration=2333, ncalls=7374, regioncalls=279960, ndraw=40, logz=-11.34, remainder_fraction=63.3717%, Lmin=-4.50, Lmax=-3.40
09:39:59 [ultranest] [DEBUG] iteration=2344, ncalls=7399, regioncalls=280960, ndraw=40, logz=-11.31, remainder_fraction=62.1285%, Lmin=-4.48, Lmax=-3.40
09:39:59 [ultranest] [DEBUG] iteration=2358, ncalls=7428, regioncalls=282120, ndraw=40, logz=-11.27, remainder_fraction=60.6397%, Lmin=-4.46, Lmax=-3.40
09:39:59 [ultranest] [DEBUG] iteration=2360, ncalls=7431, regioncalls=282240, ndraw=40, logz=-11.26, remainder_fraction=60.4204%, Lmin=-4.45, Lmax=-3.40
09:39:59 [ultranest] [DEBUG] iteration=2375, ncalls=7461, regioncalls=283440, ndraw=40, logz=-11.22, remainder_fraction=58.7047%, Lmin=-4.41, Lmax=-3.40
09:39:59 [ultranest] [DEBUG] iteration=2391, ncalls=7491, regioncalls=284640, ndraw=40, logz=-11.18, remainder_fraction=56.9706%, Lmin=-4.39, Lmax=-3.40
09:39:59 [ultranest] [DEBUG] iteration=2400, ncalls=7516, regioncalls=285640, ndraw=40, logz=-11.16, remainder_fraction=56.0228%, Lmin=-4.38, Lmax=-3.40
09:39:59 [ultranest] [DEBUG] iteration=2411, ncalls=7547, regioncalls=286920, ndraw=40, logz=-11.13, remainder_fraction=54.9202%, Lmin=-4.36, Lmax=-3.40
09:39:59 [ultranest] [DEBUG] iteration=2425, ncalls=7576, regioncalls=288080, ndraw=40, logz=-11.10, remainder_fraction=53.5056%, Lmin=-4.33, Lmax=-3.40
09:39:59 [ultranest] [DEBUG] iteration=2438, ncalls=7606, regioncalls=289280, ndraw=40, logz=-11.07, remainder_fraction=52.1351%, Lmin=-4.32, Lmax=-3.40
09:40:00 [ultranest] [DEBUG] iteration=2440, ncalls=7608, regioncalls=289360, ndraw=40, logz=-11.07, remainder_fraction=51.9482%, Lmin=-4.32, Lmax=-3.40
09:40:00 [ultranest] [DEBUG] iteration=2442, ncalls=7613, regioncalls=289560, ndraw=40, logz=-11.06, remainder_fraction=51.7247%, Lmin=-4.31, Lmax=-3.40
09:40:00 [ultranest] [DEBUG] iteration=2445, ncalls=7617, regioncalls=289720, ndraw=40, logz=-11.06, remainder_fraction=51.4045%, Lmin=-4.30, Lmax=-3.40
09:40:00 [ultranest] [DEBUG] iteration=2448, ncalls=7626, regioncalls=290080, ndraw=40, logz=-11.05, remainder_fraction=51.1402%, Lmin=-4.29, Lmax=-3.40
09:40:00 [ultranest] [DEBUG] iteration=2452, ncalls=7633, regioncalls=290360, ndraw=40, logz=-11.04, remainder_fraction=50.8033%, Lmin=-4.29, Lmax=-3.40
09:40:00 [ultranest] [DEBUG] iteration=2454, ncalls=7637, regioncalls=290520, ndraw=40, logz=-11.04, remainder_fraction=50.5719%, Lmin=-4.29, Lmax=-3.40
09:40:00 [ultranest] [DEBUG] iteration=2456, ncalls=7641, regioncalls=290680, ndraw=40, logz=-11.03, remainder_fraction=50.3742%, Lmin=-4.28, Lmax=-3.40
09:40:01 [ultranest] [DEBUG] iteration=2458, ncalls=7648, regioncalls=290960, ndraw=40, logz=-11.03, remainder_fraction=50.1506%, Lmin=-4.28, Lmax=-3.40
09:40:01 [ultranest] [DEBUG] iteration=2461, ncalls=7655, regioncalls=291240, ndraw=40, logz=-11.02, remainder_fraction=49.8594%, Lmin=-4.27, Lmax=-3.40
09:40:01 [ultranest] [DEBUG] iteration=2463, ncalls=7665, regioncalls=291640, ndraw=40, logz=-11.02, remainder_fraction=49.6315%, Lmin=-4.27, Lmax=-3.40
09:40:01 [ultranest] [DEBUG] iteration=2465, ncalls=7670, regioncalls=291840, ndraw=40, logz=-11.02, remainder_fraction=49.4434%, Lmin=-4.27, Lmax=-3.40
09:40:01 [ultranest] [DEBUG] iteration=2468, ncalls=7677, regioncalls=292120, ndraw=40, logz=-11.01, remainder_fraction=49.1871%, Lmin=-4.26, Lmax=-3.40
09:40:01 [ultranest] [DEBUG] iteration=2470, ncalls=7681, regioncalls=292280, ndraw=40, logz=-11.01, remainder_fraction=48.9952%, Lmin=-4.25, Lmax=-3.40
09:40:02 [ultranest] [DEBUG] iteration=2473, ncalls=7685, regioncalls=292440, ndraw=40, logz=-11.00, remainder_fraction=48.6765%, Lmin=-4.25, Lmax=-3.40
09:40:02 [ultranest] [DEBUG] iteration=2476, ncalls=7690, regioncalls=292640, ndraw=40, logz=-11.00, remainder_fraction=48.4032%, Lmin=-4.24, Lmax=-3.40
09:40:02 [ultranest] [DEBUG] iteration=2478, ncalls=7696, regioncalls=292880, ndraw=40, logz=-10.99, remainder_fraction=48.1960%, Lmin=-4.24, Lmax=-3.40
09:40:02 [ultranest] [DEBUG] iteration=2480, ncalls=7698, regioncalls=292960, ndraw=40, logz=-10.99, remainder_fraction=47.9926%, Lmin=-4.23, Lmax=-3.40
09:40:02 [ultranest] [DEBUG] iteration=2483, ncalls=7702, regioncalls=293120, ndraw=40, logz=-10.98, remainder_fraction=47.7252%, Lmin=-4.23, Lmax=-3.40
09:40:02 [ultranest] [DEBUG] iteration=2485, ncalls=7707, regioncalls=293320, ndraw=40, logz=-10.98, remainder_fraction=47.5452%, Lmin=-4.22, Lmax=-3.40
09:40:02 [ultranest] [DEBUG] iteration=2487, ncalls=7711, regioncalls=293480, ndraw=40, logz=-10.98, remainder_fraction=47.3561%, Lmin=-4.22, Lmax=-3.40
09:40:02 [ultranest] [DEBUG] iteration=2491, ncalls=7716, regioncalls=293680, ndraw=40, logz=-10.97, remainder_fraction=46.9962%, Lmin=-4.21, Lmax=-3.40
09:40:03 [ultranest] [DEBUG] iteration=2493, ncalls=7720, regioncalls=293840, ndraw=40, logz=-10.96, remainder_fraction=46.7839%, Lmin=-4.20, Lmax=-3.40
09:40:03 [ultranest] [DEBUG] iteration=2494, ncalls=7725, regioncalls=294040, ndraw=40, logz=-10.96, remainder_fraction=46.6771%, Lmin=-4.20, Lmax=-3.40
09:40:03 [ultranest] [DEBUG] iteration=2496, ncalls=7730, regioncalls=294240, ndraw=40, logz=-10.96, remainder_fraction=46.5091%, Lmin=-4.19, Lmax=-3.40
09:40:03 [ultranest] [DEBUG] iteration=2500, ncalls=7734, regioncalls=294400, ndraw=40, logz=-10.95, remainder_fraction=46.1653%, Lmin=-4.19, Lmax=-3.40
09:40:03 [ultranest] [DEBUG] iteration=2502, ncalls=7738, regioncalls=294560, ndraw=40, logz=-10.95, remainder_fraction=45.9982%, Lmin=-4.19, Lmax=-3.40
09:40:03 [ultranest] [DEBUG] iteration=2504, ncalls=7742, regioncalls=294720, ndraw=40, logz=-10.94, remainder_fraction=45.8359%, Lmin=-4.18, Lmax=-3.40
09:40:03 [ultranest] [DEBUG] iteration=2507, ncalls=7750, regioncalls=295040, ndraw=40, logz=-10.94, remainder_fraction=45.5276%, Lmin=-4.18, Lmax=-3.40
09:40:04 [ultranest] [DEBUG] iteration=2509, ncalls=7755, regioncalls=295240, ndraw=40, logz=-10.94, remainder_fraction=45.3670%, Lmin=-4.17, Lmax=-3.40
09:40:04 [ultranest] [DEBUG] iteration=2511, ncalls=7759, regioncalls=295400, ndraw=40, logz=-10.93, remainder_fraction=45.1642%, Lmin=-4.17, Lmax=-3.40
09:40:04 [ultranest] [DEBUG] iteration=2512, ncalls=7764, regioncalls=295600, ndraw=40, logz=-10.93, remainder_fraction=45.0510%, Lmin=-4.16, Lmax=-3.40
09:40:04 [ultranest] [DEBUG] iteration=2515, ncalls=7769, regioncalls=295800, ndraw=40, logz=-10.93, remainder_fraction=44.7418%, Lmin=-4.16, Lmax=-3.40
09:40:04 [ultranest] [DEBUG] iteration=2518, ncalls=7774, regioncalls=296000, ndraw=40, logz=-10.92, remainder_fraction=44.4397%, Lmin=-4.16, Lmax=-3.40
09:40:04 [ultranest] [DEBUG] iteration=2520, ncalls=7776, regioncalls=296080, ndraw=40, logz=-10.92, remainder_fraction=44.2371%, Lmin=-4.15, Lmax=-3.40
09:40:04 [ultranest] [DEBUG] iteration=2522, ncalls=7780, regioncalls=296240, ndraw=40, logz=-10.91, remainder_fraction=44.0386%, Lmin=-4.15, Lmax=-3.40
09:40:04 [ultranest] [DEBUG] iteration=2525, ncalls=7784, regioncalls=296400, ndraw=40, logz=-10.91, remainder_fraction=43.7960%, Lmin=-4.14, Lmax=-3.40
09:40:04 [ultranest] [DEBUG] iteration=2527, ncalls=7791, regioncalls=296680, ndraw=40, logz=-10.91, remainder_fraction=43.6235%, Lmin=-4.14, Lmax=-3.40
09:40:05 [ultranest] [DEBUG] iteration=2530, ncalls=7799, regioncalls=297000, ndraw=40, logz=-10.90, remainder_fraction=43.3141%, Lmin=-4.14, Lmax=-3.40
09:40:05 [ultranest] [DEBUG] iteration=2532, ncalls=7806, regioncalls=297280, ndraw=40, logz=-10.90, remainder_fraction=43.1039%, Lmin=-4.13, Lmax=-3.40
09:40:05 [ultranest] [DEBUG] iteration=2533, ncalls=7815, regioncalls=297640, ndraw=40, logz=-10.90, remainder_fraction=42.9924%, Lmin=-4.13, Lmax=-3.40
09:40:05 [ultranest] [DEBUG] iteration=2536, ncalls=7822, regioncalls=297920, ndraw=40, logz=-10.89, remainder_fraction=42.7219%, Lmin=-4.13, Lmax=-3.40
09:40:05 [ultranest] [DEBUG] iteration=2538, ncalls=7826, regioncalls=298080, ndraw=40, logz=-10.89, remainder_fraction=42.5206%, Lmin=-4.13, Lmax=-3.40
09:40:05 [ultranest] [DEBUG] iteration=2539, ncalls=7831, regioncalls=298280, ndraw=40, logz=-10.89, remainder_fraction=42.4218%, Lmin=-4.13, Lmax=-3.40
09:40:06 [ultranest] [DEBUG] iteration=2550, ncalls=7853, regioncalls=299160, ndraw=40, logz=-10.87, remainder_fraction=41.4151%, Lmin=-4.10, Lmax=-3.40
09:40:06 [ultranest] [DEBUG] iteration=2560, ncalls=7890, regioncalls=300640, ndraw=40, logz=-10.85, remainder_fraction=40.5074%, Lmin=-4.09, Lmax=-3.40
09:40:06 [ultranest] [DEBUG] iteration=2563, ncalls=7896, regioncalls=300920, ndraw=40, logz=-10.85, remainder_fraction=40.2821%, Lmin=-4.09, Lmax=-3.40
09:40:06 [ultranest] [DEBUG] iteration=2578, ncalls=7925, regioncalls=302080, ndraw=40, logz=-10.83, remainder_fraction=38.9750%, Lmin=-4.07, Lmax=-3.40
09:40:06 [ultranest] [DEBUG] iteration=2590, ncalls=7958, regioncalls=303400, ndraw=40, logz=-10.81, remainder_fraction=37.9323%, Lmin=-4.05, Lmax=-3.40
09:40:06 [ultranest] [DEBUG] iteration=2600, ncalls=7972, regioncalls=303960, ndraw=40, logz=-10.80, remainder_fraction=37.2226%, Lmin=-4.04, Lmax=-3.40
09:40:06 [ultranest] [DEBUG] iteration=2618, ncalls=8002, regioncalls=305160, ndraw=40, logz=-10.78, remainder_fraction=35.8094%, Lmin=-4.01, Lmax=-3.40
09:40:06 [ultranest] [DEBUG] iteration=2637, ncalls=8035, regioncalls=306480, ndraw=40, logz=-10.75, remainder_fraction=34.2975%, Lmin=-3.98, Lmax=-3.40
09:40:06 [ultranest] [DEBUG] iteration=2640, ncalls=8044, regioncalls=306840, ndraw=40, logz=-10.75, remainder_fraction=34.0820%, Lmin=-3.98, Lmax=-3.40
09:40:06 [ultranest] [DEBUG] iteration=2649, ncalls=8071, regioncalls=307920, ndraw=40, logz=-10.74, remainder_fraction=33.4031%, Lmin=-3.97, Lmax=-3.40
09:40:06 [ultranest] [DEBUG] iteration=2663, ncalls=8101, regioncalls=309120, ndraw=40, logz=-10.72, remainder_fraction=32.3730%, Lmin=-3.95, Lmax=-3.40
09:40:07 [ultranest] [DEBUG] iteration=2676, ncalls=8135, regioncalls=310480, ndraw=40, logz=-10.71, remainder_fraction=31.4429%, Lmin=-3.93, Lmax=-3.40
09:40:07 [ultranest] [DEBUG] iteration=2680, ncalls=8144, regioncalls=310840, ndraw=40, logz=-10.71, remainder_fraction=31.1344%, Lmin=-3.92, Lmax=-3.40
09:40:07 [ultranest] [DEBUG] iteration=2694, ncalls=8178, regioncalls=312200, ndraw=40, logz=-10.69, remainder_fraction=30.1606%, Lmin=-3.91, Lmax=-3.40
09:40:07 [ultranest] [DEBUG] iteration=2707, ncalls=8218, regioncalls=313800, ndraw=40, logz=-10.68, remainder_fraction=29.2246%, Lmin=-3.89, Lmax=-3.40
09:40:07 [ultranest] [DEBUG] iteration=2715, ncalls=8244, regioncalls=314880, ndraw=40, logz=-10.67, remainder_fraction=28.7282%, Lmin=-3.88, Lmax=-3.40
09:40:07 [ultranest] [DEBUG] iteration=2720, ncalls=8253, regioncalls=315240, ndraw=40, logz=-10.67, remainder_fraction=28.3854%, Lmin=-3.88, Lmax=-3.40
09:40:07 [ultranest] [DEBUG] iteration=2736, ncalls=8284, regioncalls=316480, ndraw=40, logz=-10.65, remainder_fraction=27.3121%, Lmin=-3.86, Lmax=-3.40
09:40:07 [ultranest] [DEBUG] iteration=2749, ncalls=8317, regioncalls=317800, ndraw=40, logz=-10.64, remainder_fraction=26.4870%, Lmin=-3.85, Lmax=-3.40
09:40:07 [ultranest] [DEBUG] iteration=2760, ncalls=8335, regioncalls=318520, ndraw=40, logz=-10.63, remainder_fraction=25.8057%, Lmin=-3.84, Lmax=-3.40
09:40:07 [ultranest] [DEBUG] iteration=2771, ncalls=8367, regioncalls=319800, ndraw=40, logz=-10.62, remainder_fraction=25.1013%, Lmin=-3.82, Lmax=-3.40
09:40:07 [ultranest] [DEBUG] iteration=2783, ncalls=8400, regioncalls=321120, ndraw=40, logz=-10.61, remainder_fraction=24.3698%, Lmin=-3.81, Lmax=-3.40
09:40:07 [ultranest] [DEBUG] iteration=2791, ncalls=8421, regioncalls=322000, ndraw=40, logz=-10.60, remainder_fraction=23.8942%, Lmin=-3.80, Lmax=-3.40
09:40:08 [ultranest] [DEBUG] iteration=2800, ncalls=8431, regioncalls=322400, ndraw=40, logz=-10.60, remainder_fraction=23.3407%, Lmin=-3.79, Lmax=-3.40
09:40:08 [ultranest] [DEBUG] iteration=2818, ncalls=8459, regioncalls=323520, ndraw=40, logz=-10.58, remainder_fraction=22.2944%, Lmin=-3.77, Lmax=-3.40
09:40:08 [ultranest] [DEBUG] iteration=2838, ncalls=8487, regioncalls=324640, ndraw=40, logz=-10.57, remainder_fraction=21.1996%, Lmin=-3.76, Lmax=-3.40
09:40:08 [ultranest] [DEBUG] iteration=2840, ncalls=8489, regioncalls=324720, ndraw=40, logz=-10.57, remainder_fraction=21.0989%, Lmin=-3.76, Lmax=-3.40
09:40:08 [ultranest] [DEBUG] iteration=2862, ncalls=8515, regioncalls=325760, ndraw=40, logz=-10.55, remainder_fraction=20.0115%, Lmin=-3.74, Lmax=-3.40
09:40:08 [ultranest] [DEBUG] iteration=2867, ncalls=8528, regioncalls=326440, ndraw=40, logz=-10.55, remainder_fraction=19.7479%, Lmin=-3.74, Lmax=-3.40
09:40:08 [ultranest] [DEBUG] iteration=2880, ncalls=8546, regioncalls=327160, ndraw=40, logz=-10.54, remainder_fraction=19.0937%, Lmin=-3.73, Lmax=-3.40
09:40:08 [ultranest] [DEBUG] iteration=2896, ncalls=8581, regioncalls=328560, ndraw=40, logz=-10.53, remainder_fraction=18.3082%, Lmin=-3.71, Lmax=-3.40
09:40:08 [ultranest] [DEBUG] iteration=2911, ncalls=8612, regioncalls=329800, ndraw=40, logz=-10.53, remainder_fraction=17.6090%, Lmin=-3.70, Lmax=-3.40
09:40:08 [ultranest] [DEBUG] iteration=2920, ncalls=8627, regioncalls=330400, ndraw=40, logz=-10.52, remainder_fraction=17.2182%, Lmin=-3.69, Lmax=-3.40
09:40:08 [ultranest] [DEBUG] iteration=2934, ncalls=8660, regioncalls=331720, ndraw=40, logz=-10.51, remainder_fraction=16.6071%, Lmin=-3.68, Lmax=-3.40
09:40:08 [ultranest] [DEBUG] iteration=2943, ncalls=8676, regioncalls=332400, ndraw=40, logz=-10.51, remainder_fraction=16.2227%, Lmin=-3.68, Lmax=-3.40
09:40:08 [ultranest] [DEBUG] iteration=2956, ncalls=8706, regioncalls=333600, ndraw=40, logz=-10.50, remainder_fraction=15.6663%, Lmin=-3.68, Lmax=-3.40
09:40:09 [ultranest] [DEBUG] iteration=2960, ncalls=8712, regioncalls=333840, ndraw=40, logz=-10.50, remainder_fraction=15.4975%, Lmin=-3.67, Lmax=-3.40
09:40:09 [ultranest] [DEBUG] iteration=2978, ncalls=8745, regioncalls=335160, ndraw=40, logz=-10.49, remainder_fraction=14.7773%, Lmin=-3.66, Lmax=-3.40
09:40:09 [ultranest] [DEBUG] iteration=2994, ncalls=8777, regioncalls=336440, ndraw=40, logz=-10.48, remainder_fraction=14.1650%, Lmin=-3.65, Lmax=-3.40
09:40:09 [ultranest] [DEBUG] iteration=3000, ncalls=8785, regioncalls=336760, ndraw=40, logz=-10.48, remainder_fraction=13.9385%, Lmin=-3.65, Lmax=-3.40
09:40:09 [ultranest] [DEBUG] iteration=3012, ncalls=8814, regioncalls=337920, ndraw=40, logz=-10.48, remainder_fraction=13.4945%, Lmin=-3.65, Lmax=-3.40
09:40:09 [ultranest] [DEBUG] iteration=3019, ncalls=8826, regioncalls=338440, ndraw=40, logz=-10.47, remainder_fraction=13.2377%, Lmin=-3.64, Lmax=-3.40
09:40:09 [ultranest] [DEBUG] iteration=3039, ncalls=8856, regioncalls=339640, ndraw=40, logz=-10.47, remainder_fraction=12.5602%, Lmin=-3.63, Lmax=-3.40
09:40:09 [ultranest] [DEBUG] iteration=3040, ncalls=8857, regioncalls=339680, ndraw=40, logz=-10.47, remainder_fraction=12.5276%, Lmin=-3.63, Lmax=-3.40
09:40:09 [ultranest] [DEBUG] iteration=3055, ncalls=8889, regioncalls=340960, ndraw=40, logz=-10.46, remainder_fraction=12.0428%, Lmin=-3.62, Lmax=-3.40
09:40:09 [ultranest] [DEBUG] iteration=3071, ncalls=8921, regioncalls=342240, ndraw=40, logz=-10.45, remainder_fraction=11.5320%, Lmin=-3.62, Lmax=-3.40
09:40:09 [ultranest] [DEBUG] iteration=3080, ncalls=8932, regioncalls=342680, ndraw=40, logz=-10.45, remainder_fraction=11.2572%, Lmin=-3.61, Lmax=-3.40
09:40:09 [ultranest] [DEBUG] iteration=3095, ncalls=8963, regioncalls=343960, ndraw=40, logz=-10.45, remainder_fraction=10.8114%, Lmin=-3.60, Lmax=-3.40
09:40:09 [ultranest] [DEBUG] iteration=3109, ncalls=8992, regioncalls=345120, ndraw=40, logz=-10.44, remainder_fraction=10.4040%, Lmin=-3.59, Lmax=-3.40
09:40:10 [ultranest] [DEBUG] iteration=3120, ncalls=9010, regioncalls=345840, ndraw=40, logz=-10.44, remainder_fraction=10.1003%, Lmin=-3.59, Lmax=-3.40
09:40:10 [ultranest] [DEBUG] iteration=3142, ncalls=9041, regioncalls=347080, ndraw=40, logz=-10.43, remainder_fraction=9.5048%, Lmin=-3.58, Lmax=-3.40
09:40:10 [ultranest] [DEBUG] iteration=3160, ncalls=9071, regioncalls=348280, ndraw=40, logz=-10.43, remainder_fraction=9.0403%, Lmin=-3.57, Lmax=-3.40
09:40:10 [ultranest] [DEBUG] iteration=3171, ncalls=9091, regioncalls=349120, ndraw=40, logz=-10.42, remainder_fraction=8.7680%, Lmin=-3.57, Lmax=-3.40
09:40:10 [ultranest] [DEBUG] iteration=3188, ncalls=9119, regioncalls=350240, ndraw=40, logz=-10.42, remainder_fraction=8.3694%, Lmin=-3.57, Lmax=-3.40
09:40:10 [ultranest] [DEBUG] iteration=3200, ncalls=9136, regioncalls=350920, ndraw=40, logz=-10.42, remainder_fraction=8.0953%, Lmin=-3.56, Lmax=-3.40
09:40:10 [ultranest] [DEBUG] iteration=3220, ncalls=9168, regioncalls=352200, ndraw=40, logz=-10.41, remainder_fraction=7.6588%, Lmin=-3.55, Lmax=-3.40
09:40:10 [ultranest] [DEBUG] iteration=3235, ncalls=9200, regioncalls=353480, ndraw=40, logz=-10.41, remainder_fraction=7.3468%, Lmin=-3.55, Lmax=-3.40
09:40:10 [ultranest] [DEBUG] iteration=3240, ncalls=9208, regioncalls=353800, ndraw=40, logz=-10.41, remainder_fraction=7.2438%, Lmin=-3.55, Lmax=-3.40
09:40:10 [ultranest] [DEBUG] iteration=3251, ncalls=9238, regioncalls=355000, ndraw=40, logz=-10.40, remainder_fraction=7.0235%, Lmin=-3.55, Lmax=-3.40
09:40:10 [ultranest] [DEBUG] iteration=3267, ncalls=9267, regioncalls=356160, ndraw=40, logz=-10.40, remainder_fraction=6.7174%, Lmin=-3.54, Lmax=-3.40
09:40:11 [ultranest] [DEBUG] iteration=3280, ncalls=9299, regioncalls=357440, ndraw=40, logz=-10.40, remainder_fraction=6.4756%, Lmin=-3.54, Lmax=-3.40
09:40:11 [ultranest] [DEBUG] iteration=3293, ncalls=9332, regioncalls=358760, ndraw=40, logz=-10.40, remainder_fraction=6.2461%, Lmin=-3.54, Lmax=-3.40
09:40:11 [ultranest] [DEBUG] iteration=3309, ncalls=9365, regioncalls=360080, ndraw=40, logz=-10.39, remainder_fraction=5.9731%, Lmin=-3.53, Lmax=-3.40
09:40:11 [ultranest] [DEBUG] iteration=3320, ncalls=9389, regioncalls=361040, ndraw=40, logz=-10.39, remainder_fraction=5.7923%, Lmin=-3.53, Lmax=-3.40
09:40:11 [ultranest] [DEBUG] iteration=3323, ncalls=9397, regioncalls=361440, ndraw=40, logz=-10.39, remainder_fraction=5.7453%, Lmin=-3.53, Lmax=-3.40
09:40:11 [ultranest] [DEBUG] iteration=3336, ncalls=9425, regioncalls=362600, ndraw=40, logz=-10.39, remainder_fraction=5.5399%, Lmin=-3.52, Lmax=-3.40
09:40:11 [ultranest] [DEBUG] iteration=3348, ncalls=9459, regioncalls=364000, ndraw=40, logz=-10.39, remainder_fraction=5.3576%, Lmin=-3.52, Lmax=-3.40
09:40:11 [ultranest] [DEBUG] iteration=3360, ncalls=9485, regioncalls=365040, ndraw=40, logz=-10.38, remainder_fraction=5.1821%, Lmin=-3.52, Lmax=-3.40
09:40:11 [ultranest] [DEBUG] iteration=3374, ncalls=9520, regioncalls=366440, ndraw=40, logz=-10.38, remainder_fraction=4.9793%, Lmin=-3.51, Lmax=-3.40
09:40:11 [ultranest] [DEBUG] iteration=3387, ncalls=9549, regioncalls=367600, ndraw=40, logz=-10.38, remainder_fraction=4.8019%, Lmin=-3.51, Lmax=-3.40
09:40:11 [ultranest] [DEBUG] iteration=3399, ncalls=9571, regioncalls=368520, ndraw=40, logz=-10.38, remainder_fraction=4.6425%, Lmin=-3.51, Lmax=-3.40
09:40:11 [ultranest] [DEBUG] iteration=3400, ncalls=9574, regioncalls=368640, ndraw=40, logz=-10.38, remainder_fraction=4.6291%, Lmin=-3.51, Lmax=-3.40
09:40:12 [ultranest] [DEBUG] iteration=3415, ncalls=9601, regioncalls=369720, ndraw=40, logz=-10.38, remainder_fraction=4.4383%, Lmin=-3.50, Lmax=-3.40
09:40:12 [ultranest] [DEBUG] iteration=3429, ncalls=9632, regioncalls=370960, ndraw=40, logz=-10.38, remainder_fraction=4.2661%, Lmin=-3.50, Lmax=-3.40
09:40:12 [ultranest] [INFO] Explored until L=-3  
09:40:12 [ultranest] [INFO] Likelihood function evaluations: 9635
09:40:12 [ultranest] [INFO] Writing samples and results to disk ...
09:40:13 [ultranest] [INFO] Writing samples and results to disk ... done
09:40:13 [ultranest] [DEBUG] did a run_iter pass!
09:40:13 [ultranest] [INFO]   logZ = -10.29 +- 0.09355
09:40:13 [ultranest] [INFO] Effective samples strategy satisfied (ESS = 1324.9, need >400)
09:40:13 [ultranest] [INFO] Posterior uncertainty strategy is satisfied (KL: 0.46+-0.10 nat, need <0.50 nat)
09:40:13 [ultranest] [INFO] Evidency uncertainty strategy is satisfied (dlogz=0.10, need <0.5)
09:40:13 [ultranest] [INFO]   logZ error budget: single: 0.13 bs:0.09 tail:0.04 total:0.10 required:<0.50
09:40:13 [ultranest] [INFO] done iterating.
09:40:13 [ultranest] [DEBUG] Making corner plot ...
09:40:14 [ultranest] [DEBUG] Making corner plot ... done
09:40:14 [ultranest] [DEBUG] Making run plot ... 
09:40:15 [ultranest] [DEBUG] Making run plot ... done
09:40:15 [ultranest] [DEBUG] Making trace plot ... 
09:40:16 [ultranest] [DEBUG] Making trace plot ... done
22:06:28 [ultranest] [DEBUG] ReactiveNestedSampler: dims=3+0, resume=True, log_dir=/home/orion51/Desktop/Research/spectral_fitting/FGL_spectral_fitting/Individual_sources/2CXOJ125746.6+273137/mekal_out_, backend=hdf5, vectorized=False, nbootstraps=30, ndraw=128..65536
22:06:28 [ultranest] [DEBUG] Testing resume consistency: [-3.50134144e+00 -3.42926450e+00  0.00000000e+00  2.92295879e-01
  7.35858543e-01  1.64255879e-02 -5.07704121e+00  8.22810836e-01
  1.91149791e+01]: u=[0.29229588 0.73585854 0.01642559] -> p=[-5.07704121  0.82281084 19.11497912] -> L=-3.42926449510834 
22:06:28 [ultranest] [INFO] Resuming from 3770 stored points
22:06:28 [ultranest] [DEBUG] run_iter dlogz=0.5, dKL=0.5, frac_remain=0.01, Lepsilon=0.1000, min_ess=400
22:06:28 [ultranest] [DEBUG] max_iters=-1, max_ncalls=-1, max_num_improvement_loops=-1, min_num_live_points=400, cluster_num_live_points=40
22:06:28 [ultranest] [DEBUG] minimal_widths_sequence: [(-inf, 400.0), (inf, 400.0)]
22:06:28 [ultranest] [DEBUG] iteration=0, ncalls=9635, regioncalls=0, ndraw=40, logz=-inf, remainder_fraction=100.0000%, Lmin=-357141322.16, Lmax=-3.86
22:06:28 [ultranest] [DEBUG] iteration=40, ncalls=9635, regioncalls=0, ndraw=40, logz=-2585460.33, remainder_fraction=100.0000%, Lmin=-2104888.73, Lmax=-3.86
22:06:28 [ultranest] [DEBUG] iteration=80, ncalls=9635, regioncalls=0, ndraw=40, logz=-135861.47, remainder_fraction=100.0000%, Lmin=-134903.79, Lmax=-3.86
22:06:28 [ultranest] [DEBUG] iteration=120, ncalls=9635, regioncalls=0, ndraw=40, logz=-6855.93, remainder_fraction=100.0000%, Lmin=-6428.89, Lmax=-3.86
22:06:28 [ultranest] [DEBUG] iteration=160, ncalls=9635, regioncalls=0, ndraw=40, logz=-1520.81, remainder_fraction=100.0000%, Lmin=-1471.75, Lmax=-3.86
22:06:28 [ultranest] [DEBUG] iteration=200, ncalls=9635, regioncalls=0, ndraw=40, logz=-169.81, remainder_fraction=100.0000%, Lmin=-159.47, Lmax=-3.86
22:06:28 [ultranest] [DEBUG] Plateau detected at L=-1.044486e+02, not replacing live point.
22:06:28 [ultranest] [DEBUG] Plateau detected at L=-1.044486e+02, not replacing live point.
22:06:28 [ultranest] [DEBUG] Plateau detected at L=-1.044486e+02, not replacing live point.
22:06:28 [ultranest] [DEBUG] Plateau detected at L=-1.044486e+02, not replacing live point.
22:06:28 [ultranest] [DEBUG] Plateau detected at L=-1.044486e+02, not replacing live point.
22:06:28 [ultranest] [DEBUG] Plateau detected at L=-1.044486e+02, not replacing live point.
22:06:28 [ultranest] [DEBUG] Plateau detected at L=-1.044486e+02, not replacing live point.
22:06:28 [ultranest] [DEBUG] Plateau detected at L=-1.044486e+02, not replacing live point.
22:06:28 [ultranest] [DEBUG] Plateau detected at L=-1.044486e+02, not replacing live point.
22:06:28 [ultranest] [DEBUG] Plateau detected at L=-1.044486e+02, not replacing live point.
22:06:28 [ultranest] [DEBUG] Plateau detected at L=-1.044486e+02, not replacing live point.
22:06:28 [ultranest] [DEBUG] Plateau detected at L=-1.044486e+02, not replacing live point.
22:06:28 [ultranest] [DEBUG] Plateau detected at L=-1.044486e+02, not replacing live point.
22:06:28 [ultranest] [DEBUG] Plateau detected at L=-1.044486e+02, not replacing live point.
22:06:28 [ultranest] [DEBUG] Plateau detected at L=-1.044486e+02, not replacing live point.
22:06:28 [ultranest] [DEBUG] Plateau detected at L=-1.044486e+02, not replacing live point.
22:06:28 [ultranest] [DEBUG] Plateau detected at L=-1.044486e+02, not replacing live point.
22:06:28 [ultranest] [DEBUG] Plateau detected at L=-1.044486e+02, not replacing live point.
22:06:28 [ultranest] [DEBUG] Plateau detected at L=-1.044486e+02, not replacing live point.
22:06:28 [ultranest] [DEBUG] Plateau detected at L=-1.044486e+02, not replacing live point.
22:06:28 [ultranest] [DEBUG] Plateau detected at L=-1.044486e+02, not replacing live point.
22:06:28 [ultranest] [DEBUG] Plateau detected at L=-1.044486e+02, not replacing live point.
22:06:28 [ultranest] [DEBUG] Plateau detected at L=-1.044486e+02, not replacing live point.
22:06:28 [ultranest] [DEBUG] Plateau detected at L=-1.044486e+02, not replacing live point.
22:06:28 [ultranest] [DEBUG] Plateau detected at L=-1.044486e+02, not replacing live point.
22:06:28 [ultranest] [DEBUG] Plateau detected at L=-1.044486e+02, not replacing live point.
22:06:28 [ultranest] [DEBUG] Plateau detected at L=-1.044486e+02, not replacing live point.
22:06:28 [ultranest] [DEBUG] Plateau detected at L=-1.044486e+02, not replacing live point.
22:06:28 [ultranest] [DEBUG] Plateau detected at L=-1.044486e+02, not replacing live point.
22:06:28 [ultranest] [DEBUG] Plateau detected at L=-1.044486e+02, not replacing live point.
22:06:28 [ultranest] [DEBUG] Plateau detected at L=-1.044486e+02, not replacing live point.
22:06:28 [ultranest] [DEBUG] Plateau detected at L=-1.044486e+02, not replacing live point.
22:06:28 [ultranest] [DEBUG] Plateau detected at L=-1.044486e+02, not replacing live point.
22:06:28 [ultranest] [DEBUG] Plateau detected at L=-1.044486e+02, not replacing live point.
22:06:28 [ultranest] [DEBUG] Plateau detected at L=-1.044486e+02, not replacing live point.
22:06:28 [ultranest] [DEBUG] Plateau detected at L=-1.044486e+02, not replacing live point.
22:06:28 [ultranest] [DEBUG] Plateau detected at L=-1.044486e+02, not replacing live point.
22:06:28 [ultranest] [DEBUG] Plateau detected at L=-1.044486e+02, not replacing live point.
22:06:28 [ultranest] [DEBUG] Plateau detected at L=-1.044486e+02, not replacing live point.
22:06:28 [ultranest] [DEBUG] Plateau detected at L=-1.044486e+02, not replacing live point.
22:06:28 [ultranest] [DEBUG] Plateau detected at L=-1.044486e+02, not replacing live point.
22:06:28 [ultranest] [DEBUG] Plateau detected at L=-1.044486e+02, not replacing live point.
22:06:28 [ultranest] [DEBUG] Plateau detected at L=-1.044486e+02, not replacing live point.
22:06:28 [ultranest] [DEBUG] Plateau detected at L=-1.044486e+02, not replacing live point.
22:06:28 [ultranest] [DEBUG] Plateau detected at L=-1.044486e+02, not replacing live point.
22:06:28 [ultranest] [DEBUG] Plateau detected at L=-1.044486e+02, not replacing live point.
22:06:28 [ultranest] [DEBUG] Plateau detected at L=-1.044486e+02, not replacing live point.
22:06:28 [ultranest] [DEBUG] Plateau detected at L=-1.044486e+02, not replacing live point.
22:06:28 [ultranest] [DEBUG] Plateau detected at L=-1.044486e+02, not replacing live point.
22:06:28 [ultranest] [DEBUG] Plateau detected at L=-1.044486e+02, not replacing live point.
22:06:28 [ultranest] [DEBUG] Plateau detected at L=-1.044486e+02, not replacing live point.
22:06:28 [ultranest] [DEBUG] Plateau detected at L=-1.044486e+02, not replacing live point.
22:06:28 [ultranest] [DEBUG] Plateau detected at L=-1.044486e+02, not replacing live point.
22:06:28 [ultranest] [DEBUG] Plateau detected at L=-1.044486e+02, not replacing live point.
22:06:28 [ultranest] [DEBUG] Plateau detected at L=-1.044486e+02, not replacing live point.
22:06:28 [ultranest] [DEBUG] Plateau detected at L=-1.044486e+02, not replacing live point.
22:06:28 [ultranest] [DEBUG] Plateau detected at L=-1.044486e+02, not replacing live point.
22:06:28 [ultranest] [DEBUG] Plateau detected at L=-1.044486e+02, not replacing live point.
22:06:28 [ultranest] [DEBUG] Plateau detected at L=-1.044486e+02, not replacing live point.
22:06:28 [ultranest] [DEBUG] iteration=279, ncalls=9635, regioncalls=0, ndraw=40, logz=-106.90, remainder_fraction=100.0000%, Lmin=-104.45, Lmax=-3.86
22:06:28 [ultranest] [DEBUG] Plateau detected at L=-1.044486e+02, not replacing live point.
22:06:28 [ultranest] [DEBUG] Plateau detected at L=-1.044486e+02, not replacing live point.
22:06:28 [ultranest] [DEBUG] Plateau detected at L=-1.044486e+02, not replacing live point.
22:06:28 [ultranest] [DEBUG] iteration=283, ncalls=9635, regioncalls=0, ndraw=40, logz=-106.84, remainder_fraction=100.0000%, Lmin=-104.45, Lmax=-3.86
22:06:28 [ultranest] [DEBUG] iteration=320, ncalls=9635, regioncalls=0, ndraw=40, logz=-106.40, remainder_fraction=100.0000%, Lmin=-104.45, Lmax=-3.86
22:06:28 [ultranest] [DEBUG] iteration=359, ncalls=9635, regioncalls=0, ndraw=40, logz=-106.11, remainder_fraction=100.0000%, Lmin=-104.45, Lmax=-3.86
22:06:28 [ultranest] [DEBUG] iteration=360, ncalls=9635, regioncalls=0, ndraw=40, logz=-106.11, remainder_fraction=100.0000%, Lmin=-104.45, Lmax=-3.86
22:06:28 [ultranest] [DEBUG] iteration=400, ncalls=9635, regioncalls=0, ndraw=40, logz=-105.90, remainder_fraction=100.0000%, Lmin=-104.44, Lmax=-3.86
22:06:28 [ultranest] [DEBUG] iteration=440, ncalls=9635, regioncalls=0, ndraw=40, logz=-105.75, remainder_fraction=100.0000%, Lmin=-104.38, Lmax=-3.86
22:06:28 [ultranest] [DEBUG] iteration=480, ncalls=9635, regioncalls=0, ndraw=40, logz=-105.61, remainder_fraction=100.0000%, Lmin=-104.12, Lmax=-3.86
22:06:28 [ultranest] [DEBUG] clustering found some stray points [need_accept=False] (array([1, 2]), array([337,   1]))
22:06:28 [ultranest] [DEBUG] iteration=520, ncalls=9635, regioncalls=0, ndraw=40, logz=-105.41, remainder_fraction=100.0000%, Lmin=-103.00, Lmax=-3.86
22:06:28 [ultranest] [DEBUG] iteration=560, ncalls=9635, regioncalls=0, ndraw=40, logz=-105.02, remainder_fraction=100.0000%, Lmin=-102.08, Lmax=-3.86
22:06:28 [ultranest] [DEBUG] clustering found some stray points [need_accept=False] (array([1, 2, 3]), array([335,   2,   1]))
22:06:28 [ultranest] [DEBUG] iteration=600, ncalls=9635, regioncalls=0, ndraw=40, logz=-104.34, remainder_fraction=100.0000%, Lmin=-100.59, Lmax=-3.67
22:06:28 [ultranest] [DEBUG] iteration=640, ncalls=9635, regioncalls=0, ndraw=40, logz=-103.17, remainder_fraction=100.0000%, Lmin=-98.60, Lmax=-3.67
22:06:28 [ultranest] [DEBUG] iteration=680, ncalls=9635, regioncalls=0, ndraw=40, logz=-100.92, remainder_fraction=100.0000%, Lmin=-96.12, Lmax=-3.67
22:06:28 [ultranest] [DEBUG] iteration=720, ncalls=9635, regioncalls=0, ndraw=40, logz=-97.65, remainder_fraction=100.0000%, Lmin=-92.17, Lmax=-3.67
22:06:28 [ultranest] [DEBUG] iteration=760, ncalls=9635, regioncalls=0, ndraw=40, logz=-93.43, remainder_fraction=100.0000%, Lmin=-87.58, Lmax=-3.67
22:06:28 [ultranest] [DEBUG] iteration=800, ncalls=9635, regioncalls=0, ndraw=40, logz=-87.30, remainder_fraction=100.0000%, Lmin=-80.87, Lmax=-3.67
22:06:28 [ultranest] [DEBUG] iteration=840, ncalls=9635, regioncalls=0, ndraw=40, logz=-81.84, remainder_fraction=100.0000%, Lmin=-75.78, Lmax=-3.67
22:06:28 [ultranest] [DEBUG] iteration=880, ncalls=9635, regioncalls=0, ndraw=40, logz=-76.60, remainder_fraction=100.0000%, Lmin=-69.83, Lmax=-3.67
22:06:28 [ultranest] [DEBUG] iteration=920, ncalls=9635, regioncalls=0, ndraw=40, logz=-71.52, remainder_fraction=100.0000%, Lmin=-65.08, Lmax=-3.67
22:06:28 [ultranest] [DEBUG] iteration=960, ncalls=9635, regioncalls=0, ndraw=40, logz=-66.80, remainder_fraction=100.0000%, Lmin=-60.54, Lmax=-3.67
22:06:28 [ultranest] [DEBUG] iteration=1000, ncalls=9635, regioncalls=0, ndraw=40, logz=-62.72, remainder_fraction=100.0000%, Lmin=-56.12, Lmax=-3.67
22:06:28 [ultranest] [DEBUG] iteration=1040, ncalls=9635, regioncalls=0, ndraw=40, logz=-59.02, remainder_fraction=100.0000%, Lmin=-52.69, Lmax=-3.67
22:06:28 [ultranest] [DEBUG] iteration=1080, ncalls=9635, regioncalls=0, ndraw=40, logz=-55.96, remainder_fraction=100.0000%, Lmin=-49.59, Lmax=-3.67
22:06:28 [ultranest] [DEBUG] iteration=1119, ncalls=9635, regioncalls=0, ndraw=40, logz=-52.28, remainder_fraction=100.0000%, Lmin=-45.72, Lmax=-3.67
22:06:28 [ultranest] [DEBUG] iteration=1120, ncalls=9635, regioncalls=0, ndraw=40, logz=-52.20, remainder_fraction=100.0000%, Lmin=-45.67, Lmax=-3.67
22:06:28 [ultranest] [DEBUG] iteration=1160, ncalls=9635, regioncalls=0, ndraw=40, logz=-48.63, remainder_fraction=100.0000%, Lmin=-41.98, Lmax=-3.67
22:06:28 [ultranest] [DEBUG] iteration=1195, ncalls=9635, regioncalls=0, ndraw=40, logz=-45.80, remainder_fraction=100.0000%, Lmin=-39.09, Lmax=-3.67
22:06:28 [ultranest] [DEBUG] iteration=1200, ncalls=9635, regioncalls=0, ndraw=40, logz=-45.43, remainder_fraction=100.0000%, Lmin=-38.84, Lmax=-3.67
22:06:28 [ultranest] [DEBUG] iteration=1240, ncalls=9635, regioncalls=0, ndraw=40, logz=-42.60, remainder_fraction=100.0000%, Lmin=-35.47, Lmax=-3.67
22:06:28 [ultranest] [DEBUG] iteration=1280, ncalls=9635, regioncalls=0, ndraw=40, logz=-39.03, remainder_fraction=100.0000%, Lmin=-32.13, Lmax=-3.67
22:06:28 [ultranest] [DEBUG] iteration=1320, ncalls=9635, regioncalls=0, ndraw=40, logz=-36.20, remainder_fraction=100.0000%, Lmin=-29.10, Lmax=-3.67
22:06:28 [ultranest] [DEBUG] iteration=1347, ncalls=9635, regioncalls=0, ndraw=40, logz=-34.02, remainder_fraction=100.0000%, Lmin=-26.60, Lmax=-3.67
22:06:28 [ultranest] [DEBUG] iteration=1360, ncalls=9635, regioncalls=0, ndraw=40, logz=-32.90, remainder_fraction=100.0000%, Lmin=-25.73, Lmax=-3.67
22:06:28 [ultranest] [DEBUG] iteration=1400, ncalls=9635, regioncalls=0, ndraw=40, logz=-30.82, remainder_fraction=100.0000%, Lmin=-24.00, Lmax=-3.62
22:06:28 [ultranest] [DEBUG] iteration=1440, ncalls=9635, regioncalls=0, ndraw=40, logz=-28.76, remainder_fraction=100.0000%, Lmin=-21.81, Lmax=-3.62
22:06:28 [ultranest] [DEBUG] iteration=1480, ncalls=9635, regioncalls=0, ndraw=40, logz=-26.83, remainder_fraction=100.0000%, Lmin=-19.44, Lmax=-3.45
22:06:29 [ultranest] [DEBUG] iteration=1520, ncalls=9635, regioncalls=0, ndraw=40, logz=-24.76, remainder_fraction=99.9999%, Lmin=-17.68, Lmax=-3.45
22:06:29 [ultranest] [DEBUG] iteration=1560, ncalls=9635, regioncalls=0, ndraw=40, logz=-23.06, remainder_fraction=99.9997%, Lmin=-15.85, Lmax=-3.45
22:06:29 [ultranest] [DEBUG] iteration=1575, ncalls=9635, regioncalls=0, ndraw=40, logz=-22.42, remainder_fraction=99.9994%, Lmin=-15.27, Lmax=-3.45
22:06:29 [ultranest] [DEBUG] iteration=1600, ncalls=9635, regioncalls=0, ndraw=40, logz=-21.42, remainder_fraction=99.9985%, Lmin=-14.04, Lmax=-3.45
22:06:29 [ultranest] [DEBUG] iteration=1640, ncalls=9635, regioncalls=0, ndraw=40, logz=-19.88, remainder_fraction=99.9927%, Lmin=-12.74, Lmax=-3.45
22:06:29 [ultranest] [DEBUG] iteration=1651, ncalls=9635, regioncalls=0, ndraw=40, logz=-19.54, remainder_fraction=99.9899%, Lmin=-12.42, Lmax=-3.45
22:06:29 [ultranest] [DEBUG] iteration=1680, ncalls=9635, regioncalls=0, ndraw=40, logz=-18.77, remainder_fraction=99.9795%, Lmin=-11.74, Lmax=-3.40
22:06:29 [ultranest] [DEBUG] iteration=1720, ncalls=9635, regioncalls=0, ndraw=40, logz=-17.82, remainder_fraction=99.9451%, Lmin=-10.84, Lmax=-3.40
22:06:29 [ultranest] [DEBUG] iteration=1727, ncalls=9635, regioncalls=0, ndraw=40, logz=-17.66, remainder_fraction=99.9349%, Lmin=-10.65, Lmax=-3.40
22:06:29 [ultranest] [DEBUG] iteration=1760, ncalls=9635, regioncalls=0, ndraw=40, logz=-16.89, remainder_fraction=99.8688%, Lmin=-9.78, Lmax=-3.40
22:06:29 [ultranest] [DEBUG] iteration=1800, ncalls=9635, regioncalls=0, ndraw=40, logz=-16.06, remainder_fraction=99.6966%, Lmin=-8.95, Lmax=-3.40
22:06:29 [ultranest] [DEBUG] iteration=1803, ncalls=9635, regioncalls=0, ndraw=40, logz=-16.01, remainder_fraction=99.6831%, Lmin=-8.94, Lmax=-3.40
22:06:29 [ultranest] [DEBUG] iteration=1840, ncalls=9635, regioncalls=0, ndraw=40, logz=-15.36, remainder_fraction=99.3947%, Lmin=-8.34, Lmax=-3.40
22:06:29 [ultranest] [DEBUG] iteration=1880, ncalls=9635, regioncalls=0, ndraw=40, logz=-14.75, remainder_fraction=98.8822%, Lmin=-7.72, Lmax=-3.40
22:06:29 [ultranest] [DEBUG] iteration=1920, ncalls=9635, regioncalls=0, ndraw=40, logz=-14.17, remainder_fraction=97.9548%, Lmin=-7.03, Lmax=-3.40
22:06:29 [ultranest] [DEBUG] iteration=1955, ncalls=9635, regioncalls=0, ndraw=40, logz=-13.73, remainder_fraction=96.7519%, Lmin=-6.73, Lmax=-3.40
22:06:29 [ultranest] [DEBUG] iteration=1960, ncalls=9635, regioncalls=0, ndraw=40, logz=-13.68, remainder_fraction=96.5770%, Lmin=-6.68, Lmax=-3.40
22:06:29 [ultranest] [DEBUG] iteration=2000, ncalls=9635, regioncalls=0, ndraw=40, logz=-13.27, remainder_fraction=94.8736%, Lmin=-6.31, Lmax=-3.40
22:06:29 [ultranest] [DEBUG] iteration=2040, ncalls=9635, regioncalls=0, ndraw=40, logz=-12.93, remainder_fraction=92.8020%, Lmin=-5.93, Lmax=-3.40
22:06:29 [ultranest] [DEBUG] iteration=2080, ncalls=9635, regioncalls=0, ndraw=40, logz=-12.61, remainder_fraction=90.0399%, Lmin=-5.64, Lmax=-3.40
22:06:29 [ultranest] [DEBUG] iteration=2107, ncalls=9635, regioncalls=0, ndraw=40, logz=-12.41, remainder_fraction=87.9295%, Lmin=-5.44, Lmax=-3.40
22:06:29 [ultranest] [DEBUG] iteration=2120, ncalls=9635, regioncalls=0, ndraw=40, logz=-12.33, remainder_fraction=86.7375%, Lmin=-5.40, Lmax=-3.40
22:06:29 [ultranest] [DEBUG] iteration=2160, ncalls=9635, regioncalls=0, ndraw=40, logz=-12.09, remainder_fraction=82.9926%, Lmin=-5.14, Lmax=-3.40
22:06:29 [ultranest] [DEBUG] iteration=2200, ncalls=9635, regioncalls=0, ndraw=40, logz=-11.87, remainder_fraction=78.7290%, Lmin=-4.96, Lmax=-3.40
22:06:29 [ultranest] [DEBUG] iteration=2240, ncalls=9635, regioncalls=0, ndraw=40, logz=-11.69, remainder_fraction=74.2697%, Lmin=-4.77, Lmax=-3.40
22:06:29 [ultranest] [DEBUG] iteration=2259, ncalls=9635, regioncalls=0, ndraw=40, logz=-11.60, remainder_fraction=72.0030%, Lmin=-4.69, Lmax=-3.40
22:06:29 [ultranest] [DEBUG] iteration=2280, ncalls=9635, regioncalls=0, ndraw=40, logz=-11.52, remainder_fraction=69.5117%, Lmin=-4.64, Lmax=-3.40
22:06:29 [ultranest] [DEBUG] iteration=2320, ncalls=9635, regioncalls=0, ndraw=40, logz=-11.38, remainder_fraction=64.8858%, Lmin=-4.54, Lmax=-3.40
22:06:29 [ultranest] [DEBUG] iteration=2360, ncalls=9635, regioncalls=0, ndraw=40, logz=-11.26, remainder_fraction=60.4204%, Lmin=-4.45, Lmax=-3.40
22:06:29 [ultranest] [DEBUG] iteration=2400, ncalls=9635, regioncalls=0, ndraw=40, logz=-11.16, remainder_fraction=56.0228%, Lmin=-4.38, Lmax=-3.40
22:06:29 [ultranest] [DEBUG] iteration=2411, ncalls=9635, regioncalls=0, ndraw=40, logz=-11.13, remainder_fraction=54.9202%, Lmin=-4.36, Lmax=-3.40
22:06:29 [ultranest] [DEBUG] iteration=2440, ncalls=9635, regioncalls=0, ndraw=40, logz=-11.07, remainder_fraction=51.9482%, Lmin=-4.32, Lmax=-3.40
22:06:29 [ultranest] [DEBUG] iteration=2480, ncalls=9635, regioncalls=0, ndraw=40, logz=-10.99, remainder_fraction=47.9926%, Lmin=-4.23, Lmax=-3.40
22:06:29 [ultranest] [DEBUG] iteration=2487, ncalls=9635, regioncalls=0, ndraw=40, logz=-10.98, remainder_fraction=47.3561%, Lmin=-4.22, Lmax=-3.40
22:06:29 [ultranest] [DEBUG] iteration=2520, ncalls=9635, regioncalls=0, ndraw=40, logz=-10.92, remainder_fraction=44.2371%, Lmin=-4.15, Lmax=-3.40
22:06:29 [ultranest] [DEBUG] iteration=2560, ncalls=9635, regioncalls=0, ndraw=40, logz=-10.85, remainder_fraction=40.5074%, Lmin=-4.09, Lmax=-3.40
22:06:29 [ultranest] [DEBUG] iteration=2600, ncalls=9635, regioncalls=0, ndraw=40, logz=-10.80, remainder_fraction=37.2226%, Lmin=-4.04, Lmax=-3.40
22:06:29 [ultranest] [DEBUG] iteration=2639, ncalls=9635, regioncalls=0, ndraw=40, logz=-10.75, remainder_fraction=34.1425%, Lmin=-3.98, Lmax=-3.40
22:06:29 [ultranest] [DEBUG] iteration=2640, ncalls=9635, regioncalls=0, ndraw=40, logz=-10.75, remainder_fraction=34.0820%, Lmin=-3.98, Lmax=-3.40
22:06:29 [ultranest] [DEBUG] iteration=2680, ncalls=9635, regioncalls=0, ndraw=40, logz=-10.71, remainder_fraction=31.1344%, Lmin=-3.92, Lmax=-3.40
22:06:29 [ultranest] [DEBUG] iteration=2715, ncalls=9635, regioncalls=0, ndraw=40, logz=-10.67, remainder_fraction=28.7282%, Lmin=-3.88, Lmax=-3.40
22:06:29 [ultranest] [DEBUG] iteration=2720, ncalls=9635, regioncalls=0, ndraw=40, logz=-10.67, remainder_fraction=28.3854%, Lmin=-3.88, Lmax=-3.40
22:06:29 [ultranest] [DEBUG] iteration=2760, ncalls=9635, regioncalls=0, ndraw=40, logz=-10.63, remainder_fraction=25.8057%, Lmin=-3.84, Lmax=-3.40
22:06:29 [ultranest] [DEBUG] iteration=2791, ncalls=9635, regioncalls=0, ndraw=40, logz=-10.60, remainder_fraction=23.8942%, Lmin=-3.80, Lmax=-3.40
22:06:29 [ultranest] [DEBUG] iteration=2800, ncalls=9635, regioncalls=0, ndraw=40, logz=-10.60, remainder_fraction=23.3407%, Lmin=-3.79, Lmax=-3.40
22:06:29 [ultranest] [DEBUG] iteration=2840, ncalls=9635, regioncalls=0, ndraw=40, logz=-10.57, remainder_fraction=21.0989%, Lmin=-3.76, Lmax=-3.40
22:06:29 [ultranest] [DEBUG] iteration=2867, ncalls=9635, regioncalls=0, ndraw=40, logz=-10.55, remainder_fraction=19.7479%, Lmin=-3.74, Lmax=-3.40
22:06:29 [ultranest] [DEBUG] iteration=2880, ncalls=9635, regioncalls=0, ndraw=40, logz=-10.54, remainder_fraction=19.0937%, Lmin=-3.73, Lmax=-3.40
22:06:29 [ultranest] [DEBUG] iteration=2920, ncalls=9635, regioncalls=0, ndraw=40, logz=-10.52, remainder_fraction=17.2182%, Lmin=-3.69, Lmax=-3.40
22:06:29 [ultranest] [DEBUG] iteration=2943, ncalls=9635, regioncalls=0, ndraw=40, logz=-10.51, remainder_fraction=16.2227%, Lmin=-3.68, Lmax=-3.40
22:06:29 [ultranest] [DEBUG] iteration=2960, ncalls=9635, regioncalls=0, ndraw=40, logz=-10.50, remainder_fraction=15.4975%, Lmin=-3.67, Lmax=-3.40
22:06:29 [ultranest] [DEBUG] iteration=3000, ncalls=9635, regioncalls=0, ndraw=40, logz=-10.48, remainder_fraction=13.9385%, Lmin=-3.65, Lmax=-3.40
22:06:29 [ultranest] [DEBUG] iteration=3019, ncalls=9635, regioncalls=0, ndraw=40, logz=-10.47, remainder_fraction=13.2377%, Lmin=-3.64, Lmax=-3.40
22:06:29 [ultranest] [DEBUG] iteration=3040, ncalls=9635, regioncalls=0, ndraw=40, logz=-10.47, remainder_fraction=12.5276%, Lmin=-3.63, Lmax=-3.40
22:06:29 [ultranest] [DEBUG] iteration=3080, ncalls=9635, regioncalls=0, ndraw=40, logz=-10.45, remainder_fraction=11.2572%, Lmin=-3.61, Lmax=-3.40
22:06:29 [ultranest] [DEBUG] iteration=3095, ncalls=9635, regioncalls=0, ndraw=40, logz=-10.45, remainder_fraction=10.8114%, Lmin=-3.60, Lmax=-3.40
22:06:29 [ultranest] [DEBUG] iteration=3120, ncalls=9635, regioncalls=0, ndraw=40, logz=-10.44, remainder_fraction=10.1003%, Lmin=-3.59, Lmax=-3.40
22:06:29 [ultranest] [DEBUG] iteration=3160, ncalls=9635, regioncalls=0, ndraw=40, logz=-10.43, remainder_fraction=9.0403%, Lmin=-3.57, Lmax=-3.40
22:06:30 [ultranest] [DEBUG] iteration=3171, ncalls=9635, regioncalls=0, ndraw=40, logz=-10.42, remainder_fraction=8.7680%, Lmin=-3.57, Lmax=-3.40
22:06:30 [ultranest] [DEBUG] iteration=3200, ncalls=9635, regioncalls=0, ndraw=40, logz=-10.42, remainder_fraction=8.0953%, Lmin=-3.56, Lmax=-3.40
22:06:30 [ultranest] [DEBUG] iteration=3240, ncalls=9635, regioncalls=0, ndraw=40, logz=-10.41, remainder_fraction=7.2438%, Lmin=-3.55, Lmax=-3.40
22:06:30 [ultranest] [DEBUG] iteration=3247, ncalls=9635, regioncalls=0, ndraw=40, logz=-10.41, remainder_fraction=7.1017%, Lmin=-3.55, Lmax=-3.40
22:06:30 [ultranest] [DEBUG] iteration=3280, ncalls=9635, regioncalls=0, ndraw=40, logz=-10.40, remainder_fraction=6.4756%, Lmin=-3.54, Lmax=-3.40
22:06:30 [ultranest] [DEBUG] iteration=3320, ncalls=9635, regioncalls=0, ndraw=40, logz=-10.39, remainder_fraction=5.7923%, Lmin=-3.53, Lmax=-3.40
22:06:30 [ultranest] [DEBUG] iteration=3323, ncalls=9635, regioncalls=0, ndraw=40, logz=-10.39, remainder_fraction=5.7453%, Lmin=-3.53, Lmax=-3.40
22:06:30 [ultranest] [DEBUG] iteration=3360, ncalls=9635, regioncalls=0, ndraw=40, logz=-10.38, remainder_fraction=5.1821%, Lmin=-3.52, Lmax=-3.40
22:06:30 [ultranest] [DEBUG] iteration=3399, ncalls=9635, regioncalls=0, ndraw=40, logz=-10.38, remainder_fraction=4.6425%, Lmin=-3.51, Lmax=-3.40
22:06:30 [ultranest] [DEBUG] iteration=3400, ncalls=9635, regioncalls=0, ndraw=40, logz=-10.38, remainder_fraction=4.6291%, Lmin=-3.51, Lmax=-3.40
22:06:30 [ultranest] [INFO] Explored until L=-3  
22:06:30 [ultranest] [INFO] Likelihood function evaluations: 9635
22:06:31 [ultranest] [INFO] Writing samples and results to disk ...
22:06:31 [ultranest] [INFO] Writing samples and results to disk ... done
22:06:31 [ultranest] [DEBUG] did a run_iter pass!
22:06:31 [ultranest] [INFO]   logZ = -10.32 +- 0.08053
22:06:31 [ultranest] [INFO] Effective samples strategy satisfied (ESS = 1324.9, need >400)
22:06:31 [ultranest] [INFO] Posterior uncertainty strategy is satisfied (KL: 0.46+-0.08 nat, need <0.50 nat)
22:06:31 [ultranest] [INFO] Evidency uncertainty strategy is satisfied (dlogz=0.09, need <0.5)
22:06:31 [ultranest] [INFO]   logZ error budget: single: 0.13 bs:0.08 tail:0.04 total:0.09 required:<0.50
22:06:31 [ultranest] [INFO] done iterating.
22:06:31 [ultranest] [DEBUG] Making corner plot ...
22:06:38 [ultranest] [DEBUG] Making corner plot ... done
22:06:38 [ultranest] [DEBUG] Making run plot ... 
22:06:38 [ultranest] [DEBUG] Making run plot ... done
22:06:38 [ultranest] [DEBUG] Making trace plot ... 
22:06:43 [ultranest] [DEBUG] Making trace plot ... done
