09:17:00 [ultranest] [DEBUG] ReactiveNestedSampler: dims=3+0, resume=True, log_dir=/home/orion51/Desktop/Research/spectral_fitting/FGL_spectral_fitting/Individual_sources/2CXOJ125745.0+273210/bb_out_, backend=hdf5, vectorized=False, nbootstraps=30, ndraw=128..65536
09:17:00 [ultranest] [INFO] Sampling 400 live points from prior ...
09:17:01 [ultranest] [DEBUG] run_iter dlogz=0.5, dKL=0.5, frac_remain=0.01, Lepsilon=0.1000, min_ess=400
09:17:01 [ultranest] [DEBUG] max_iters=-1, max_ncalls=-1, max_num_improvement_loops=-1, min_num_live_points=400, cluster_num_live_points=40
09:17:01 [ultranest] [DEBUG] minimal_widths_sequence: [(-inf, 400.0), (inf, 400.0)]
09:17:01 [ultranest] [DEBUG] iteration=0, ncalls=401, regioncalls=40, ndraw=40, logz=-inf, remainder_fraction=100.0000%, Lmin=-105251519.28, Lmax=-50.59
09:17:01 [ultranest] [DEBUG] iteration=30, ncalls=434, regioncalls=1360, ndraw=40, logz=-944.25, remainder_fraction=100.0000%, Lmin=-749.98, Lmax=-20.84
09:17:01 [ultranest] [DEBUG] iteration=40, ncalls=446, regioncalls=1840, ndraw=40, logz=-260.06, remainder_fraction=100.0000%, Lmin=-223.13, Lmax=-20.84
09:17:01 [ultranest] [DEBUG] Plateau detected at L=-1.856090e+02, not replacing live point.
09:17:01 [ultranest] [DEBUG] Plateau detected at L=-1.856090e+02, not replacing live point.
09:17:01 [ultranest] [DEBUG] Plateau detected at L=-1.856090e+02, not replacing live point.
09:17:01 [ultranest] [DEBUG] Plateau detected at L=-1.856090e+02, not replacing live point.
09:17:01 [ultranest] [DEBUG] Plateau detected at L=-1.856090e+02, not replacing live point.
09:17:01 [ultranest] [DEBUG] Plateau detected at L=-1.856090e+02, not replacing live point.
09:17:01 [ultranest] [DEBUG] Plateau detected at L=-1.856090e+02, not replacing live point.
09:17:01 [ultranest] [DEBUG] Plateau detected at L=-1.856090e+02, not replacing live point.
09:17:01 [ultranest] [DEBUG] Plateau detected at L=-1.856090e+02, not replacing live point.
09:17:01 [ultranest] [DEBUG] Plateau detected at L=-1.856090e+02, not replacing live point.
09:17:01 [ultranest] [DEBUG] Plateau detected at L=-1.856090e+02, not replacing live point.
09:17:01 [ultranest] [DEBUG] Plateau detected at L=-1.856090e+02, not replacing live point.
09:17:01 [ultranest] [DEBUG] Plateau detected at L=-1.856090e+02, not replacing live point.
09:17:01 [ultranest] [DEBUG] Plateau detected at L=-1.856090e+02, not replacing live point.
09:17:01 [ultranest] [DEBUG] Plateau detected at L=-1.856090e+02, not replacing live point.
09:17:01 [ultranest] [DEBUG] Plateau detected at L=-1.856090e+02, not replacing live point.
09:17:01 [ultranest] [DEBUG] Plateau detected at L=-1.856090e+02, not replacing live point.
09:17:01 [ultranest] [DEBUG] Plateau detected at L=-1.856090e+02, not replacing live point.
09:17:01 [ultranest] [DEBUG] Plateau detected at L=-1.856090e+02, not replacing live point.
09:17:01 [ultranest] [DEBUG] Plateau detected at L=-1.856090e+02, not replacing live point.
09:17:01 [ultranest] [DEBUG] Plateau detected at L=-1.856090e+02, not replacing live point.
09:17:01 [ultranest] [DEBUG] Plateau detected at L=-1.856090e+02, not replacing live point.
09:17:01 [ultranest] [DEBUG] Plateau detected at L=-1.856090e+02, not replacing live point.
09:17:01 [ultranest] [DEBUG] Plateau detected at L=-1.856090e+02, not replacing live point.
09:17:01 [ultranest] [DEBUG] Plateau detected at L=-1.856090e+02, not replacing live point.
09:17:01 [ultranest] [DEBUG] Plateau detected at L=-1.856090e+02, not replacing live point.
09:17:01 [ultranest] [DEBUG] Plateau detected at L=-1.856090e+02, not replacing live point.
09:17:01 [ultranest] [DEBUG] Plateau detected at L=-1.856090e+02, not replacing live point.
09:17:01 [ultranest] [DEBUG] Plateau detected at L=-1.856090e+02, not replacing live point.
09:17:01 [ultranest] [DEBUG] Plateau detected at L=-1.856090e+02, not replacing live point.
09:17:01 [ultranest] [DEBUG] Plateau detected at L=-1.856090e+02, not replacing live point.
09:17:01 [ultranest] [DEBUG] Plateau detected at L=-1.856090e+02, not replacing live point.
09:17:01 [ultranest] [DEBUG] Plateau detected at L=-1.856090e+02, not replacing live point.
09:17:01 [ultranest] [DEBUG] Plateau detected at L=-1.856090e+02, not replacing live point.
09:17:01 [ultranest] [DEBUG] Plateau detected at L=-1.856090e+02, not replacing live point.
09:17:01 [ultranest] [DEBUG] Plateau detected at L=-1.856090e+02, not replacing live point.
09:17:01 [ultranest] [DEBUG] Plateau detected at L=-1.856090e+02, not replacing live point.
09:17:01 [ultranest] [DEBUG] Plateau detected at L=-1.856090e+02, not replacing live point.
09:17:01 [ultranest] [DEBUG] Plateau detected at L=-1.856090e+02, not replacing live point.
09:17:01 [ultranest] [DEBUG] Plateau detected at L=-1.856090e+02, not replacing live point.
09:17:01 [ultranest] [DEBUG] Plateau detected at L=-1.856090e+02, not replacing live point.
09:17:01 [ultranest] [DEBUG] Plateau detected at L=-1.856090e+02, not replacing live point.
09:17:01 [ultranest] [DEBUG] Plateau detected at L=-1.856090e+02, not replacing live point.
09:17:01 [ultranest] [DEBUG] Plateau detected at L=-1.856090e+02, not replacing live point.
09:17:01 [ultranest] [DEBUG] Plateau detected at L=-1.856090e+02, not replacing live point.
09:17:01 [ultranest] [DEBUG] Plateau detected at L=-1.856090e+02, not replacing live point.
09:17:01 [ultranest] [DEBUG] Plateau detected at L=-1.856090e+02, not replacing live point.
09:17:01 [ultranest] [DEBUG] Plateau detected at L=-1.856090e+02, not replacing live point.
09:17:01 [ultranest] [DEBUG] Plateau detected at L=-1.856090e+02, not replacing live point.
09:17:01 [ultranest] [DEBUG] Plateau detected at L=-1.856090e+02, not replacing live point.
09:17:01 [ultranest] [DEBUG] Plateau detected at L=-1.856090e+02, not replacing live point.
09:17:01 [ultranest] [DEBUG] Plateau detected at L=-1.856090e+02, not replacing live point.
09:17:01 [ultranest] [DEBUG] Plateau detected at L=-1.856090e+02, not replacing live point.
09:17:01 [ultranest] [DEBUG] Plateau detected at L=-1.856090e+02, not replacing live point.
09:17:01 [ultranest] [DEBUG] Plateau detected at L=-1.856090e+02, not replacing live point.
09:17:01 [ultranest] [DEBUG] Plateau detected at L=-1.856090e+02, not replacing live point.
09:17:01 [ultranest] [DEBUG] Plateau detected at L=-1.856090e+02, not replacing live point.
09:17:01 [ultranest] [DEBUG] Plateau detected at L=-1.856090e+02, not replacing live point.
09:17:01 [ultranest] [DEBUG] Plateau detected at L=-1.856090e+02, not replacing live point.
09:17:01 [ultranest] [DEBUG] Plateau detected at L=-1.856090e+02, not replacing live point.
09:17:01 [ultranest] [DEBUG] Plateau detected at L=-1.856090e+02, not replacing live point.
09:17:01 [ultranest] [DEBUG] Plateau detected at L=-1.856090e+02, not replacing live point.
09:17:01 [ultranest] [DEBUG] Plateau detected at L=-1.856090e+02, not replacing live point.
09:17:01 [ultranest] [DEBUG] Plateau detected at L=-1.856090e+02, not replacing live point.
09:17:01 [ultranest] [DEBUG] Plateau detected at L=-1.856090e+02, not replacing live point.
09:17:01 [ultranest] [DEBUG] Plateau detected at L=-1.856090e+02, not replacing live point.
09:17:01 [ultranest] [DEBUG] Plateau detected at L=-1.856090e+02, not replacing live point.
09:17:01 [ultranest] [DEBUG] Plateau detected at L=-1.856090e+02, not replacing live point.
09:17:01 [ultranest] [DEBUG] Plateau detected at L=-1.856090e+02, not replacing live point.
09:17:01 [ultranest] [DEBUG] Plateau detected at L=-1.856090e+02, not replacing live point.
09:17:01 [ultranest] [DEBUG] Plateau detected at L=-1.856090e+02, not replacing live point.
09:17:01 [ultranest] [DEBUG] Plateau detected at L=-1.856090e+02, not replacing live point.
09:17:01 [ultranest] [DEBUG] Plateau detected at L=-1.856090e+02, not replacing live point.
09:17:01 [ultranest] [DEBUG] Plateau detected at L=-1.856090e+02, not replacing live point.
09:17:01 [ultranest] [DEBUG] Plateau detected at L=-1.856090e+02, not replacing live point.
09:17:01 [ultranest] [DEBUG] Plateau detected at L=-1.856090e+02, not replacing live point.
09:17:01 [ultranest] [DEBUG] Plateau detected at L=-1.856090e+02, not replacing live point.
09:17:01 [ultranest] [DEBUG] Plateau detected at L=-1.856090e+02, not replacing live point.
09:17:01 [ultranest] [DEBUG] Plateau detected at L=-1.856090e+02, not replacing live point.
09:17:01 [ultranest] [DEBUG] Plateau detected at L=-1.856090e+02, not replacing live point.
09:17:01 [ultranest] [DEBUG] Plateau detected at L=-1.856090e+02, not replacing live point.
09:17:01 [ultranest] [DEBUG] Plateau detected at L=-1.856090e+02, not replacing live point.
09:17:01 [ultranest] [DEBUG] Plateau detected at L=-1.856090e+02, not replacing live point.
09:17:01 [ultranest] [DEBUG] Plateau detected at L=-1.856090e+02, not replacing live point.
09:17:01 [ultranest] [DEBUG] Plateau detected at L=-1.856090e+02, not replacing live point.
09:17:01 [ultranest] [DEBUG] Plateau detected at L=-1.856090e+02, not replacing live point.
09:17:01 [ultranest] [DEBUG] Plateau detected at L=-1.856090e+02, not replacing live point.
09:17:01 [ultranest] [DEBUG] Plateau detected at L=-1.856090e+02, not replacing live point.
09:17:01 [ultranest] [DEBUG] Plateau detected at L=-1.856090e+02, not replacing live point.
09:17:01 [ultranest] [DEBUG] Plateau detected at L=-1.856090e+02, not replacing live point.
09:17:01 [ultranest] [DEBUG] Plateau detected at L=-1.856090e+02, not replacing live point.
09:17:01 [ultranest] [DEBUG] Plateau detected at L=-1.856090e+02, not replacing live point.
09:17:01 [ultranest] [DEBUG] Plateau detected at L=-1.856090e+02, not replacing live point.
09:17:01 [ultranest] [DEBUG] Plateau detected at L=-1.856090e+02, not replacing live point.
09:17:01 [ultranest] [DEBUG] Plateau detected at L=-1.856090e+02, not replacing live point.
09:17:01 [ultranest] [DEBUG] Plateau detected at L=-1.856090e+02, not replacing live point.
09:17:01 [ultranest] [DEBUG] Plateau detected at L=-1.856090e+02, not replacing live point.
09:17:01 [ultranest] [DEBUG] Plateau detected at L=-1.856090e+02, not replacing live point.
09:17:01 [ultranest] [DEBUG] Plateau detected at L=-1.856090e+02, not replacing live point.
09:17:01 [ultranest] [DEBUG] Plateau detected at L=-1.856090e+02, not replacing live point.
09:17:01 [ultranest] [DEBUG] Plateau detected at L=-1.856090e+02, not replacing live point.
09:17:01 [ultranest] [DEBUG] Plateau detected at L=-1.856090e+02, not replacing live point.
09:17:01 [ultranest] [DEBUG] Plateau detected at L=-1.856090e+02, not replacing live point.
09:17:01 [ultranest] [DEBUG] Plateau detected at L=-1.856090e+02, not replacing live point.
09:17:01 [ultranest] [DEBUG] Plateau detected at L=-1.856090e+02, not replacing live point.
09:17:01 [ultranest] [DEBUG] Plateau detected at L=-1.856090e+02, not replacing live point.
09:17:01 [ultranest] [DEBUG] Plateau detected at L=-1.856090e+02, not replacing live point.
09:17:01 [ultranest] [DEBUG] Plateau detected at L=-1.856090e+02, not replacing live point.
09:17:01 [ultranest] [DEBUG] Plateau detected at L=-1.856090e+02, not replacing live point.
09:17:01 [ultranest] [DEBUG] Plateau detected at L=-1.856090e+02, not replacing live point.
09:17:01 [ultranest] [DEBUG] Plateau detected at L=-1.856090e+02, not replacing live point.
09:17:01 [ultranest] [DEBUG] Plateau detected at L=-1.856090e+02, not replacing live point.
09:17:01 [ultranest] [DEBUG] Plateau detected at L=-1.856090e+02, not replacing live point.
09:17:01 [ultranest] [DEBUG] Plateau detected at L=-1.856090e+02, not replacing live point.
09:17:01 [ultranest] [DEBUG] Plateau detected at L=-1.856090e+02, not replacing live point.
09:17:01 [ultranest] [DEBUG] Plateau detected at L=-1.856090e+02, not replacing live point.
09:17:01 [ultranest] [DEBUG] Plateau detected at L=-1.856090e+02, not replacing live point.
09:17:01 [ultranest] [DEBUG] Plateau detected at L=-1.856090e+02, not replacing live point.
09:17:01 [ultranest] [DEBUG] Plateau detected at L=-1.856090e+02, not replacing live point.
09:17:01 [ultranest] [DEBUG] Plateau detected at L=-1.856090e+02, not replacing live point.
09:17:01 [ultranest] [DEBUG] Plateau detected at L=-1.856090e+02, not replacing live point.
09:17:01 [ultranest] [DEBUG] Plateau detected at L=-1.856090e+02, not replacing live point.
09:17:01 [ultranest] [DEBUG] Plateau detected at L=-1.856090e+02, not replacing live point.
09:17:01 [ultranest] [DEBUG] Plateau detected at L=-1.856090e+02, not replacing live point.
09:17:01 [ultranest] [DEBUG] Plateau detected at L=-1.856090e+02, not replacing live point.
09:17:01 [ultranest] [DEBUG] Plateau detected at L=-1.856090e+02, not replacing live point.
09:17:01 [ultranest] [DEBUG] Plateau detected at L=-1.856090e+02, not replacing live point.
09:17:01 [ultranest] [DEBUG] Plateau detected at L=-1.856090e+02, not replacing live point.
09:17:01 [ultranest] [DEBUG] Plateau detected at L=-1.856090e+02, not replacing live point.
09:17:01 [ultranest] [DEBUG] Plateau detected at L=-1.856090e+02, not replacing live point.
09:17:01 [ultranest] [DEBUG] Plateau detected at L=-1.856090e+02, not replacing live point.
09:17:01 [ultranest] [DEBUG] Plateau detected at L=-1.856090e+02, not replacing live point.
09:17:01 [ultranest] [DEBUG] Plateau detected at L=-1.856090e+02, not replacing live point.
09:17:01 [ultranest] [DEBUG] Plateau detected at L=-1.856090e+02, not replacing live point.
09:17:01 [ultranest] [DEBUG] Plateau detected at L=-1.856090e+02, not replacing live point.
09:17:01 [ultranest] [DEBUG] Plateau detected at L=-1.856090e+02, not replacing live point.
09:17:01 [ultranest] [DEBUG] Plateau detected at L=-1.856090e+02, not replacing live point.
09:17:01 [ultranest] [DEBUG] Plateau detected at L=-1.856090e+02, not replacing live point.
09:17:01 [ultranest] [DEBUG] Plateau detected at L=-1.856090e+02, not replacing live point.
09:17:01 [ultranest] [DEBUG] Plateau detected at L=-1.856090e+02, not replacing live point.
09:17:01 [ultranest] [DEBUG] Plateau detected at L=-1.856090e+02, not replacing live point.
09:17:01 [ultranest] [DEBUG] Plateau detected at L=-1.856090e+02, not replacing live point.
09:17:01 [ultranest] [DEBUG] Plateau detected at L=-1.856090e+02, not replacing live point.
09:17:01 [ultranest] [DEBUG] Plateau detected at L=-1.856090e+02, not replacing live point.
09:17:01 [ultranest] [DEBUG] Plateau detected at L=-1.856090e+02, not replacing live point.
09:17:01 [ultranest] [DEBUG] Plateau detected at L=-1.856090e+02, not replacing live point.
09:17:01 [ultranest] [DEBUG] Plateau detected at L=-1.856090e+02, not replacing live point.
09:17:01 [ultranest] [DEBUG] Plateau detected at L=-1.856090e+02, not replacing live point.
09:17:01 [ultranest] [DEBUG] Plateau detected at L=-1.856090e+02, not replacing live point.
09:17:01 [ultranest] [DEBUG] Plateau detected at L=-1.856090e+02, not replacing live point.
09:17:01 [ultranest] [DEBUG] Plateau detected at L=-1.856090e+02, not replacing live point.
09:17:01 [ultranest] [DEBUG] Plateau detected at L=-1.856090e+02, not replacing live point.
09:17:01 [ultranest] [DEBUG] Plateau detected at L=-1.856090e+02, not replacing live point.
09:17:01 [ultranest] [DEBUG] Plateau detected at L=-1.856090e+02, not replacing live point.
09:17:01 [ultranest] [DEBUG] Plateau detected at L=-1.856090e+02, not replacing live point.
09:17:01 [ultranest] [DEBUG] Plateau detected at L=-1.856090e+02, not replacing live point.
09:17:01 [ultranest] [DEBUG] Plateau detected at L=-1.856090e+02, not replacing live point.
09:17:01 [ultranest] [DEBUG] Plateau detected at L=-1.856090e+02, not replacing live point.
09:17:01 [ultranest] [DEBUG] Plateau detected at L=-1.856090e+02, not replacing live point.
09:17:01 [ultranest] [DEBUG] Plateau detected at L=-1.856090e+02, not replacing live point.
09:17:01 [ultranest] [DEBUG] Plateau detected at L=-1.856090e+02, not replacing live point.
09:17:01 [ultranest] [DEBUG] Plateau detected at L=-1.856090e+02, not replacing live point.
09:17:01 [ultranest] [DEBUG] Plateau detected at L=-1.856090e+02, not replacing live point.
09:17:01 [ultranest] [DEBUG] Plateau detected at L=-1.856090e+02, not replacing live point.
09:17:01 [ultranest] [DEBUG] Plateau detected at L=-1.856090e+02, not replacing live point.
09:17:01 [ultranest] [DEBUG] Plateau detected at L=-1.856090e+02, not replacing live point.
09:17:01 [ultranest] [DEBUG] Plateau detected at L=-1.856090e+02, not replacing live point.
09:17:01 [ultranest] [DEBUG] Plateau detected at L=-1.856090e+02, not replacing live point.
09:17:01 [ultranest] [DEBUG] Plateau detected at L=-1.856090e+02, not replacing live point.
09:17:01 [ultranest] [DEBUG] Plateau detected at L=-1.856090e+02, not replacing live point.
09:17:01 [ultranest] [DEBUG] Plateau detected at L=-1.856090e+02, not replacing live point.
09:17:01 [ultranest] [DEBUG] Plateau detected at L=-1.856090e+02, not replacing live point.
09:17:01 [ultranest] [DEBUG] Plateau detected at L=-1.856090e+02, not replacing live point.
09:17:01 [ultranest] [DEBUG] Plateau detected at L=-1.856090e+02, not replacing live point.
09:17:01 [ultranest] [DEBUG] Plateau detected at L=-1.856090e+02, not replacing live point.
09:17:01 [ultranest] [DEBUG] Plateau detected at L=-1.856090e+02, not replacing live point.
09:17:01 [ultranest] [DEBUG] Plateau detected at L=-1.856090e+02, not replacing live point.
09:17:01 [ultranest] [DEBUG] Plateau detected at L=-1.856090e+02, not replacing live point.
09:17:01 [ultranest] [DEBUG] Plateau detected at L=-1.856090e+02, not replacing live point.
09:17:01 [ultranest] [DEBUG] Plateau detected at L=-1.856090e+02, not replacing live point.
09:17:01 [ultranest] [DEBUG] Plateau detected at L=-1.856090e+02, not replacing live point.
09:17:01 [ultranest] [DEBUG] Plateau detected at L=-1.856090e+02, not replacing live point.
09:17:01 [ultranest] [DEBUG] Plateau detected at L=-1.856090e+02, not replacing live point.
09:17:01 [ultranest] [DEBUG] Plateau detected at L=-1.856090e+02, not replacing live point.
09:17:01 [ultranest] [DEBUG] Plateau detected at L=-1.856090e+02, not replacing live point.
09:17:01 [ultranest] [DEBUG] Plateau detected at L=-1.856090e+02, not replacing live point.
09:17:01 [ultranest] [DEBUG] Plateau detected at L=-1.856090e+02, not replacing live point.
09:17:01 [ultranest] [DEBUG] Plateau detected at L=-1.856090e+02, not replacing live point.
09:17:01 [ultranest] [DEBUG] Plateau detected at L=-1.856090e+02, not replacing live point.
09:17:01 [ultranest] [DEBUG] Plateau detected at L=-1.856090e+02, not replacing live point.
09:17:01 [ultranest] [DEBUG] Plateau detected at L=-1.856090e+02, not replacing live point.
09:17:01 [ultranest] [DEBUG] Plateau detected at L=-1.856090e+02, not replacing live point.
09:17:01 [ultranest] [DEBUG] Plateau detected at L=-1.856090e+02, not replacing live point.
09:17:01 [ultranest] [DEBUG] Plateau detected at L=-1.856090e+02, not replacing live point.
09:17:01 [ultranest] [DEBUG] Plateau detected at L=-1.856090e+02, not replacing live point.
09:17:01 [ultranest] [DEBUG] Plateau detected at L=-1.856090e+02, not replacing live point.
09:17:01 [ultranest] [DEBUG] Plateau detected at L=-1.856090e+02, not replacing live point.
09:17:01 [ultranest] [DEBUG] Plateau detected at L=-1.856090e+02, not replacing live point.
09:17:01 [ultranest] [DEBUG] iteration=242, ncalls=450, regioncalls=2000, ndraw=40, logz=-186.42, remainder_fraction=100.0000%, Lmin=-185.61, Lmax=-19.05
09:17:01 [ultranest] [DEBUG] Plateau detected at L=-1.856090e+02, not replacing live point.
09:17:01 [ultranest] [DEBUG] iteration=248, ncalls=462, regioncalls=2480, ndraw=40, logz=-186.39, remainder_fraction=100.0000%, Lmin=-185.61, Lmax=-19.05
09:17:01 [ultranest] [DEBUG] iteration=267, ncalls=502, regioncalls=4080, ndraw=40, logz=-186.31, remainder_fraction=100.0000%, Lmin=-185.61, Lmax=-19.05
09:17:01 [ultranest] [DEBUG] iteration=280, ncalls=535, regioncalls=5400, ndraw=40, logz=-186.26, remainder_fraction=100.0000%, Lmin=-185.61, Lmax=-19.05
09:17:01 [ultranest] [DEBUG] iteration=293, ncalls=559, regioncalls=6360, ndraw=40, logz=-186.21, remainder_fraction=100.0000%, Lmin=-185.61, Lmax=-19.05
09:17:01 [ultranest] [DEBUG] iteration=310, ncalls=600, regioncalls=8000, ndraw=40, logz=-186.16, remainder_fraction=100.0000%, Lmin=-185.61, Lmax=-19.05
09:17:01 [ultranest] [DEBUG] iteration=320, ncalls=620, regioncalls=8800, ndraw=40, logz=-186.14, remainder_fraction=100.0000%, Lmin=-185.61, Lmax=-19.05
09:17:01 [ultranest] [DEBUG] iteration=339, ncalls=660, regioncalls=10400, ndraw=40, logz=-186.09, remainder_fraction=100.0000%, Lmin=-185.61, Lmax=-19.05
09:17:01 [ultranest] [DEBUG] iteration=360, ncalls=698, regioncalls=11920, ndraw=40, logz=-186.05, remainder_fraction=100.0000%, Lmin=-185.61, Lmax=-19.05
09:17:02 [ultranest] [DEBUG] iteration=381, ncalls=738, regioncalls=13520, ndraw=40, logz=-186.01, remainder_fraction=100.0000%, Lmin=-185.59, Lmax=-19.05
09:17:02 [ultranest] [DEBUG] iteration=395, ncalls=779, regioncalls=15160, ndraw=40, logz=-185.98, remainder_fraction=100.0000%, Lmin=-185.57, Lmax=-19.05
09:17:02 [ultranest] [DEBUG] iteration=400, ncalls=786, regioncalls=15440, ndraw=40, logz=-185.98, remainder_fraction=100.0000%, Lmin=-185.56, Lmax=-19.05
09:17:02 [ultranest] [DEBUG] iteration=418, ncalls=843, regioncalls=17720, ndraw=40, logz=-185.95, remainder_fraction=100.0000%, Lmin=-185.51, Lmax=-19.05
09:17:02 [ultranest] [DEBUG] iteration=427, ncalls=895, regioncalls=19800, ndraw=40, logz=-185.94, remainder_fraction=100.0000%, Lmin=-185.45, Lmax=-19.05
09:17:02 [ultranest] [DEBUG] iteration=428, ncalls=904, regioncalls=20160, ndraw=40, logz=-185.94, remainder_fraction=100.0000%, Lmin=-185.45, Lmax=-19.05
09:17:02 [ultranest] [DEBUG] iteration=440, ncalls=927, regioncalls=21080, ndraw=40, logz=-185.92, remainder_fraction=100.0000%, Lmin=-185.32, Lmax=-19.05
09:17:02 [ultranest] [DEBUG] iteration=455, ncalls=977, regioncalls=23080, ndraw=40, logz=-185.89, remainder_fraction=100.0000%, Lmin=-185.00, Lmax=-19.05
09:17:02 [ultranest] [DEBUG] iteration=472, ncalls=1022, regioncalls=24880, ndraw=40, logz=-185.86, remainder_fraction=100.0000%, Lmin=-184.66, Lmax=-19.05
09:17:02 [ultranest] [DEBUG] clustering found some stray points [need_accept=False] (array([1, 2]), array([200,   1]))
09:17:02 [ultranest] [DEBUG] iteration=480, ncalls=1049, regioncalls=25960, ndraw=40, logz=-185.84, remainder_fraction=100.0000%, Lmin=-184.37, Lmax=-19.05
09:17:02 [ultranest] [DEBUG] iteration=492, ncalls=1097, regioncalls=27880, ndraw=40, logz=-185.80, remainder_fraction=100.0000%, Lmin=-184.04, Lmax=-19.05
09:17:03 [ultranest] [DEBUG] iteration=508, ncalls=1142, regioncalls=29680, ndraw=40, logz=-185.72, remainder_fraction=100.0000%, Lmin=-183.47, Lmax=-19.05
09:17:03 [ultranest] [DEBUG] iteration=518, ncalls=1162, regioncalls=30480, ndraw=40, logz=-185.66, remainder_fraction=100.0000%, Lmin=-183.03, Lmax=-15.95
09:17:03 [ultranest] [DEBUG] iteration=520, ncalls=1166, regioncalls=30640, ndraw=40, logz=-185.64, remainder_fraction=100.0000%, Lmin=-182.90, Lmax=-15.95
09:17:03 [ultranest] [DEBUG] iteration=532, ncalls=1209, regioncalls=32360, ndraw=40, logz=-185.46, remainder_fraction=100.0000%, Lmin=-181.64, Lmax=-15.95
09:17:03 [ultranest] [DEBUG] iteration=548, ncalls=1254, regioncalls=34160, ndraw=40, logz=-184.81, remainder_fraction=100.0000%, Lmin=-180.00, Lmax=-15.95
09:17:03 [ultranest] [DEBUG] iteration=560, ncalls=1290, regioncalls=35600, ndraw=40, logz=-183.95, remainder_fraction=100.0000%, Lmin=-178.20, Lmax=-15.95
09:17:03 [ultranest] [DEBUG] iteration=563, ncalls=1296, regioncalls=35840, ndraw=40, logz=-183.53, remainder_fraction=100.0000%, Lmin=-177.71, Lmax=-15.95
09:17:03 [ultranest] [DEBUG] iteration=581, ncalls=1335, regioncalls=37400, ndraw=40, logz=-179.96, remainder_fraction=100.0000%, Lmin=-173.14, Lmax=-15.95
09:17:03 [ultranest] [DEBUG] iteration=599, ncalls=1377, regioncalls=39080, ndraw=40, logz=-174.95, remainder_fraction=100.0000%, Lmin=-168.49, Lmax=-15.95
09:17:03 [ultranest] [DEBUG] iteration=600, ncalls=1380, regioncalls=39200, ndraw=40, logz=-174.73, remainder_fraction=100.0000%, Lmin=-168.44, Lmax=-15.95
09:17:03 [ultranest] [DEBUG] iteration=608, ncalls=1393, regioncalls=39720, ndraw=40, logz=-172.92, remainder_fraction=100.0000%, Lmin=-165.86, Lmax=-15.95
09:17:03 [ultranest] [DEBUG] iteration=630, ncalls=1432, regioncalls=41280, ndraw=40, logz=-166.82, remainder_fraction=100.0000%, Lmin=-159.03, Lmax=-15.95
09:17:03 [ultranest] [DEBUG] iteration=640, ncalls=1453, regioncalls=42120, ndraw=40, logz=-163.15, remainder_fraction=100.0000%, Lmin=-156.06, Lmax=-15.95
09:17:03 [ultranest] [DEBUG] iteration=653, ncalls=1485, regioncalls=43400, ndraw=40, logz=-157.74, remainder_fraction=100.0000%, Lmin=-151.07, Lmax=-15.95
09:17:03 [ultranest] [DEBUG] iteration=672, ncalls=1526, regioncalls=45040, ndraw=40, logz=-151.80, remainder_fraction=100.0000%, Lmin=-144.59, Lmax=-15.95
09:17:04 [ultranest] [DEBUG] iteration=680, ncalls=1545, regioncalls=45800, ndraw=40, logz=-149.65, remainder_fraction=100.0000%, Lmin=-142.07, Lmax=-15.95
09:17:04 [ultranest] [DEBUG] iteration=694, ncalls=1594, regioncalls=47800, ndraw=40, logz=-145.23, remainder_fraction=100.0000%, Lmin=-138.24, Lmax=-15.95
09:17:04 [ultranest] [DEBUG] iteration=715, ncalls=1627, regioncalls=49120, ndraw=40, logz=-139.89, remainder_fraction=100.0000%, Lmin=-132.00, Lmax=-15.95
09:17:04 [ultranest] [DEBUG] iteration=720, ncalls=1639, regioncalls=49600, ndraw=40, logz=-138.29, remainder_fraction=100.0000%, Lmin=-131.01, Lmax=-15.95
09:17:04 [ultranest] [DEBUG] iteration=738, ncalls=1682, regioncalls=51320, ndraw=40, logz=-133.49, remainder_fraction=100.0000%, Lmin=-126.09, Lmax=-15.95
09:17:04 [ultranest] [DEBUG] iteration=752, ncalls=1719, regioncalls=52800, ndraw=40, logz=-129.27, remainder_fraction=100.0000%, Lmin=-121.64, Lmax=-15.95
09:17:04 [ultranest] [DEBUG] iteration=760, ncalls=1758, regioncalls=54360, ndraw=40, logz=-126.33, remainder_fraction=100.0000%, Lmin=-118.61, Lmax=-15.95
09:17:04 [ultranest] [DEBUG] iteration=777, ncalls=1802, regioncalls=56120, ndraw=40, logz=-120.21, remainder_fraction=100.0000%, Lmin=-112.32, Lmax=-15.95
09:17:04 [ultranest] [DEBUG] iteration=788, ncalls=1851, regioncalls=58080, ndraw=40, logz=-117.46, remainder_fraction=100.0000%, Lmin=-110.39, Lmax=-14.58
09:17:04 [ultranest] [DEBUG] iteration=800, ncalls=1899, regioncalls=60040, ndraw=40, logz=-114.47, remainder_fraction=100.0000%, Lmin=-107.25, Lmax=-14.58
09:17:04 [ultranest] [DEBUG] iteration=819, ncalls=1941, regioncalls=61720, ndraw=40, logz=-110.89, remainder_fraction=100.0000%, Lmin=-103.08, Lmax=-14.58
09:17:05 [ultranest] [DEBUG] iteration=837, ncalls=1978, regioncalls=63240, ndraw=40, logz=-107.35, remainder_fraction=100.0000%, Lmin=-100.19, Lmax=-12.30
09:17:05 [ultranest] [DEBUG] iteration=840, ncalls=1987, regioncalls=63600, ndraw=40, logz=-106.94, remainder_fraction=100.0000%, Lmin=-99.80, Lmax=-12.30
09:17:05 [ultranest] [DEBUG] iteration=860, ncalls=2028, regioncalls=65240, ndraw=40, logz=-102.39, remainder_fraction=100.0000%, Lmin=-94.73, Lmax=-12.30
09:17:05 [ultranest] [DEBUG] iteration=877, ncalls=2071, regioncalls=66960, ndraw=40, logz=-98.80, remainder_fraction=100.0000%, Lmin=-90.75, Lmax=-12.30
09:17:05 [ultranest] [DEBUG] iteration=880, ncalls=2080, regioncalls=67320, ndraw=40, logz=-98.13, remainder_fraction=100.0000%, Lmin=-90.48, Lmax=-12.30
09:17:05 [ultranest] [DEBUG] iteration=891, ncalls=2127, regioncalls=69200, ndraw=40, logz=-96.36, remainder_fraction=100.0000%, Lmin=-88.34, Lmax=-12.30
09:17:05 [ultranest] [DEBUG] iteration=905, ncalls=2177, regioncalls=71200, ndraw=40, logz=-93.85, remainder_fraction=100.0000%, Lmin=-86.52, Lmax=-12.30
09:17:05 [ultranest] [DEBUG] iteration=920, ncalls=2220, regioncalls=72920, ndraw=40, logz=-91.26, remainder_fraction=100.0000%, Lmin=-83.37, Lmax=-12.30
09:17:05 [ultranest] [DEBUG] iteration=934, ncalls=2258, regioncalls=74440, ndraw=40, logz=-89.14, remainder_fraction=100.0000%, Lmin=-81.60, Lmax=-12.30
09:17:05 [ultranest] [DEBUG] iteration=947, ncalls=2308, regioncalls=76440, ndraw=40, logz=-87.23, remainder_fraction=100.0000%, Lmin=-79.81, Lmax=-12.30
09:17:05 [ultranest] [DEBUG] iteration=960, ncalls=2349, regioncalls=78080, ndraw=40, logz=-85.17, remainder_fraction=100.0000%, Lmin=-77.14, Lmax=-12.30
09:17:06 [ultranest] [DEBUG] iteration=972, ncalls=2390, regioncalls=79720, ndraw=40, logz=-83.17, remainder_fraction=100.0000%, Lmin=-75.11, Lmax=-12.30
09:17:06 [ultranest] [DEBUG] iteration=981, ncalls=2438, regioncalls=81640, ndraw=40, logz=-81.03, remainder_fraction=100.0000%, Lmin=-72.65, Lmax=-12.30
09:17:06 [ultranest] [DEBUG] iteration=989, ncalls=2489, regioncalls=83680, ndraw=40, logz=-79.64, remainder_fraction=100.0000%, Lmin=-71.88, Lmax=-12.30
09:17:06 [ultranest] [DEBUG] iteration=1000, ncalls=2527, regioncalls=85200, ndraw=40, logz=-78.43, remainder_fraction=100.0000%, Lmin=-70.29, Lmax=-11.71
09:17:06 [ultranest] [DEBUG] iteration=1008, ncalls=2574, regioncalls=87080, ndraw=40, logz=-76.94, remainder_fraction=100.0000%, Lmin=-68.90, Lmax=-11.71
09:17:06 [ultranest] [DEBUG] iteration=1020, ncalls=2613, regioncalls=88640, ndraw=40, logz=-75.48, remainder_fraction=100.0000%, Lmin=-67.72, Lmax=-11.71
09:17:06 [ultranest] [DEBUG] iteration=1032, ncalls=2657, regioncalls=90400, ndraw=40, logz=-74.26, remainder_fraction=100.0000%, Lmin=-66.59, Lmax=-11.71
09:17:06 [ultranest] [DEBUG] iteration=1040, ncalls=2694, regioncalls=91880, ndraw=40, logz=-73.29, remainder_fraction=100.0000%, Lmin=-65.15, Lmax=-11.71
09:17:06 [ultranest] [DEBUG] iteration=1053, ncalls=2745, regioncalls=93920, ndraw=40, logz=-71.79, remainder_fraction=100.0000%, Lmin=-64.04, Lmax=-11.71
09:17:06 [ultranest] [DEBUG] iteration=1058, ncalls=2777, regioncalls=95240, ndraw=40, logz=-71.11, remainder_fraction=100.0000%, Lmin=-62.61, Lmax=-11.28
09:17:07 [ultranest] [DEBUG] iteration=1076, ncalls=2814, regioncalls=96840, ndraw=40, logz=-68.61, remainder_fraction=100.0000%, Lmin=-60.19, Lmax=-11.28
09:17:07 [ultranest] [DEBUG] iteration=1080, ncalls=2821, regioncalls=97120, ndraw=40, logz=-68.06, remainder_fraction=100.0000%, Lmin=-59.74, Lmax=-11.28
09:17:07 [ultranest] [DEBUG] iteration=1099, ncalls=2867, regioncalls=98960, ndraw=40, logz=-64.82, remainder_fraction=100.0000%, Lmin=-55.99, Lmax=-11.28
09:17:07 [ultranest] [DEBUG] iteration=1116, ncalls=2912, regioncalls=100760, ndraw=40, logz=-61.77, remainder_fraction=100.0000%, Lmin=-53.15, Lmax=-11.15
09:17:07 [ultranest] [DEBUG] iteration=1120, ncalls=2920, regioncalls=101080, ndraw=40, logz=-61.13, remainder_fraction=100.0000%, Lmin=-52.21, Lmax=-11.15
09:17:07 [ultranest] [DEBUG] iteration=1132, ncalls=2967, regioncalls=102960, ndraw=40, logz=-58.70, remainder_fraction=100.0000%, Lmin=-49.59, Lmax=-11.15
09:17:07 [ultranest] [DEBUG] iteration=1148, ncalls=3011, regioncalls=104720, ndraw=40, logz=-55.78, remainder_fraction=100.0000%, Lmin=-46.61, Lmax=-11.15
09:17:07 [ultranest] [DEBUG] iteration=1160, ncalls=3056, regioncalls=106520, ndraw=40, logz=-54.00, remainder_fraction=100.0000%, Lmin=-45.31, Lmax=-11.15
09:17:07 [ultranest] [DEBUG] iteration=1171, ncalls=3097, regioncalls=108160, ndraw=40, logz=-52.46, remainder_fraction=100.0000%, Lmin=-43.46, Lmax=-11.15
09:17:07 [ultranest] [DEBUG] iteration=1183, ncalls=3132, regioncalls=109560, ndraw=40, logz=-50.47, remainder_fraction=100.0000%, Lmin=-41.20, Lmax=-10.77
09:17:07 [ultranest] [DEBUG] iteration=1196, ncalls=3175, regioncalls=111280, ndraw=40, logz=-48.67, remainder_fraction=100.0000%, Lmin=-39.77, Lmax=-10.77
09:17:08 [ultranest] [DEBUG] iteration=1200, ncalls=3191, regioncalls=111920, ndraw=40, logz=-48.12, remainder_fraction=100.0000%, Lmin=-39.41, Lmax=-10.77
09:17:08 [ultranest] [DEBUG] iteration=1212, ncalls=3239, regioncalls=113840, ndraw=40, logz=-46.92, remainder_fraction=100.0000%, Lmin=-38.26, Lmax=-10.77
09:17:08 [ultranest] [DEBUG] iteration=1225, ncalls=3280, regioncalls=115480, ndraw=40, logz=-45.82, remainder_fraction=100.0000%, Lmin=-37.39, Lmax=-10.77
09:17:08 [ultranest] [DEBUG] iteration=1238, ncalls=3311, regioncalls=116720, ndraw=40, logz=-44.56, remainder_fraction=100.0000%, Lmin=-35.72, Lmax=-10.77
09:17:08 [ultranest] [DEBUG] iteration=1240, ncalls=3317, regioncalls=117040, ndraw=40, logz=-44.33, remainder_fraction=100.0000%, Lmin=-35.29, Lmax=-10.77
09:17:08 [ultranest] [DEBUG] iteration=1257, ncalls=3353, regioncalls=118480, ndraw=40, logz=-42.41, remainder_fraction=100.0000%, Lmin=-33.43, Lmax=-10.77
09:17:08 [ultranest] [DEBUG] iteration=1274, ncalls=3388, regioncalls=119880, ndraw=40, logz=-41.03, remainder_fraction=100.0000%, Lmin=-31.96, Lmax=-10.77
09:17:08 [ultranest] [DEBUG] iteration=1280, ncalls=3400, regioncalls=120360, ndraw=40, logz=-40.47, remainder_fraction=100.0000%, Lmin=-31.71, Lmax=-10.77
09:17:08 [ultranest] [DEBUG] iteration=1283, ncalls=3404, regioncalls=120520, ndraw=40, logz=-40.20, remainder_fraction=100.0000%, Lmin=-31.14, Lmax=-10.77
09:17:08 [ultranest] [DEBUG] iteration=1301, ncalls=3442, regioncalls=122160, ndraw=40, logz=-38.70, remainder_fraction=100.0000%, Lmin=-29.67, Lmax=-10.77
09:17:08 [ultranest] [DEBUG] iteration=1317, ncalls=3486, regioncalls=123920, ndraw=40, logz=-37.54, remainder_fraction=100.0000%, Lmin=-28.81, Lmax=-10.77
09:17:08 [ultranest] [DEBUG] iteration=1320, ncalls=3494, regioncalls=124240, ndraw=40, logz=-37.33, remainder_fraction=100.0000%, Lmin=-28.44, Lmax=-10.77
09:17:08 [ultranest] [DEBUG] iteration=1328, ncalls=3520, regioncalls=125320, ndraw=40, logz=-36.69, remainder_fraction=100.0000%, Lmin=-27.47, Lmax=-10.77
09:17:09 [ultranest] [DEBUG] iteration=1347, ncalls=3562, regioncalls=127040, ndraw=40, logz=-35.31, remainder_fraction=100.0000%, Lmin=-26.53, Lmax=-10.77
09:17:09 [ultranest] [DEBUG] iteration=1360, ncalls=3597, regioncalls=128440, ndraw=40, logz=-34.41, remainder_fraction=99.9999%, Lmin=-25.43, Lmax=-10.77
09:17:09 [ultranest] [DEBUG] iteration=1373, ncalls=3627, regioncalls=129680, ndraw=40, logz=-33.63, remainder_fraction=99.9999%, Lmin=-24.80, Lmax=-10.77
09:17:09 [ultranest] [DEBUG] iteration=1383, ncalls=3661, regioncalls=131040, ndraw=40, logz=-33.07, remainder_fraction=99.9998%, Lmin=-24.17, Lmax=-10.77
09:17:09 [ultranest] [DEBUG] iteration=1396, ncalls=3700, regioncalls=132600, ndraw=40, logz=-32.35, remainder_fraction=99.9995%, Lmin=-23.30, Lmax=-10.77
09:17:09 [ultranest] [DEBUG] iteration=1400, ncalls=3708, regioncalls=132920, ndraw=40, logz=-32.13, remainder_fraction=99.9994%, Lmin=-23.18, Lmax=-10.77
09:17:09 [ultranest] [DEBUG] iteration=1418, ncalls=3745, regioncalls=134440, ndraw=40, logz=-31.26, remainder_fraction=99.9985%, Lmin=-22.33, Lmax=-10.77
09:17:09 [ultranest] [DEBUG] iteration=1435, ncalls=3782, regioncalls=135920, ndraw=40, logz=-30.50, remainder_fraction=99.9967%, Lmin=-21.67, Lmax=-10.77
09:17:09 [ultranest] [DEBUG] iteration=1440, ncalls=3793, regioncalls=136360, ndraw=40, logz=-30.32, remainder_fraction=99.9962%, Lmin=-21.53, Lmax=-10.77
09:17:09 [ultranest] [DEBUG] iteration=1456, ncalls=3836, regioncalls=138080, ndraw=40, logz=-29.69, remainder_fraction=99.9934%, Lmin=-20.77, Lmax=-10.77
09:17:09 [ultranest] [DEBUG] iteration=1463, ncalls=3855, regioncalls=138880, ndraw=40, logz=-29.38, remainder_fraction=99.9907%, Lmin=-20.13, Lmax=-10.77
09:17:09 [ultranest] [DEBUG] iteration=1479, ncalls=3896, regioncalls=140520, ndraw=40, logz=-28.64, remainder_fraction=99.9796%, Lmin=-19.55, Lmax=-10.77
09:17:09 [ultranest] [DEBUG] iteration=1480, ncalls=3897, regioncalls=140560, ndraw=40, logz=-28.60, remainder_fraction=99.9786%, Lmin=-19.53, Lmax=-10.77
09:17:10 [ultranest] [DEBUG] iteration=1494, ncalls=3944, regioncalls=142440, ndraw=40, logz=-28.07, remainder_fraction=99.9659%, Lmin=-19.06, Lmax=-10.77
09:17:10 [ultranest] [DEBUG] iteration=1508, ncalls=3980, regioncalls=143920, ndraw=40, logz=-27.59, remainder_fraction=99.9464%, Lmin=-18.59, Lmax=-10.66
09:17:10 [ultranest] [DEBUG] iteration=1520, ncalls=4017, regioncalls=145400, ndraw=40, logz=-27.22, remainder_fraction=99.9221%, Lmin=-18.25, Lmax=-10.66
09:17:10 [ultranest] [DEBUG] iteration=1537, ncalls=4059, regioncalls=147080, ndraw=40, logz=-26.75, remainder_fraction=99.8772%, Lmin=-17.88, Lmax=-10.66
09:17:10 [ultranest] [DEBUG] iteration=1556, ncalls=4097, regioncalls=148600, ndraw=40, logz=-26.23, remainder_fraction=99.7806%, Lmin=-17.21, Lmax=-10.66
09:17:10 [ultranest] [DEBUG] iteration=1560, ncalls=4108, regioncalls=149040, ndraw=40, logz=-26.12, remainder_fraction=99.7543%, Lmin=-17.09, Lmax=-10.66
09:17:10 [ultranest] [DEBUG] iteration=1577, ncalls=4149, regioncalls=150680, ndraw=40, logz=-25.69, remainder_fraction=99.6102%, Lmin=-16.64, Lmax=-10.66
09:17:10 [ultranest] [DEBUG] iteration=1594, ncalls=4188, regioncalls=152240, ndraw=40, logz=-25.28, remainder_fraction=99.3884%, Lmin=-16.19, Lmax=-10.66
09:17:10 [ultranest] [DEBUG] iteration=1598, ncalls=4195, regioncalls=152560, ndraw=40, logz=-25.18, remainder_fraction=99.3380%, Lmin=-16.09, Lmax=-10.60
09:17:10 [ultranest] [DEBUG] iteration=1600, ncalls=4198, regioncalls=152680, ndraw=40, logz=-25.14, remainder_fraction=99.3322%, Lmin=-15.97, Lmax=-10.60
09:17:10 [ultranest] [DEBUG] iteration=1619, ncalls=4236, regioncalls=154200, ndraw=40, logz=-24.69, remainder_fraction=98.9543%, Lmin=-15.53, Lmax=-10.59
09:17:10 [ultranest] [DEBUG] iteration=1636, ncalls=4268, regioncalls=155480, ndraw=40, logz=-24.32, remainder_fraction=98.5219%, Lmin=-15.11, Lmax=-10.59
09:17:10 [ultranest] [DEBUG] iteration=1640, ncalls=4272, regioncalls=155640, ndraw=40, logz=-24.23, remainder_fraction=98.3878%, Lmin=-15.00, Lmax=-10.59
09:17:11 [ultranest] [DEBUG] iteration=1654, ncalls=4312, regioncalls=157240, ndraw=40, logz=-23.94, remainder_fraction=97.8589%, Lmin=-14.77, Lmax=-10.59
09:17:11 [ultranest] [DEBUG] iteration=1670, ncalls=4355, regioncalls=158960, ndraw=40, logz=-23.66, remainder_fraction=97.1099%, Lmin=-14.56, Lmax=-10.59
09:17:11 [ultranest] [DEBUG] iteration=1680, ncalls=4386, regioncalls=160200, ndraw=40, logz=-23.50, remainder_fraction=96.5756%, Lmin=-14.41, Lmax=-10.59
09:17:11 [ultranest] [DEBUG] iteration=1688, ncalls=4413, regioncalls=161320, ndraw=40, logz=-23.38, remainder_fraction=96.0809%, Lmin=-14.30, Lmax=-10.59
09:17:11 [ultranest] [DEBUG] iteration=1707, ncalls=4451, regioncalls=162840, ndraw=40, logz=-23.11, remainder_fraction=94.8561%, Lmin=-14.00, Lmax=-10.59
09:17:11 [ultranest] [DEBUG] iteration=1720, ncalls=4479, regioncalls=163960, ndraw=40, logz=-22.93, remainder_fraction=94.0724%, Lmin=-13.78, Lmax=-10.54
09:17:11 [ultranest] [DEBUG] iteration=1733, ncalls=4514, regioncalls=165400, ndraw=40, logz=-22.76, remainder_fraction=93.0413%, Lmin=-13.59, Lmax=-10.54
09:17:11 [ultranest] [DEBUG] iteration=1751, ncalls=4551, regioncalls=166880, ndraw=40, logz=-22.54, remainder_fraction=91.6130%, Lmin=-13.38, Lmax=-10.54
09:17:11 [ultranest] [DEBUG] iteration=1760, ncalls=4574, regioncalls=167800, ndraw=40, logz=-22.43, remainder_fraction=90.6202%, Lmin=-13.28, Lmax=-10.54
09:17:11 [ultranest] [DEBUG] iteration=1778, ncalls=4607, regioncalls=169160, ndraw=40, logz=-22.24, remainder_fraction=88.7084%, Lmin=-13.12, Lmax=-10.54
09:17:11 [ultranest] [DEBUG] iteration=1799, ncalls=4644, regioncalls=170640, ndraw=40, logz=-22.05, remainder_fraction=86.4906%, Lmin=-12.91, Lmax=-10.54
09:17:11 [ultranest] [DEBUG] iteration=1800, ncalls=4645, regioncalls=170680, ndraw=40, logz=-22.04, remainder_fraction=86.4726%, Lmin=-12.91, Lmax=-10.54
09:17:11 [ultranest] [DEBUG] iteration=1820, ncalls=4686, regioncalls=172320, ndraw=40, logz=-21.87, remainder_fraction=83.8956%, Lmin=-12.74, Lmax=-10.54
09:17:12 [ultranest] [DEBUG] iteration=1823, ncalls=4691, regioncalls=172560, ndraw=40, logz=-21.84, remainder_fraction=83.4581%, Lmin=-12.71, Lmax=-10.54
09:17:12 [ultranest] [DEBUG] iteration=1836, ncalls=4726, regioncalls=174000, ndraw=40, logz=-21.74, remainder_fraction=81.7883%, Lmin=-12.59, Lmax=-10.54
09:17:12 [ultranest] [DEBUG] iteration=1840, ncalls=4739, regioncalls=174520, ndraw=40, logz=-21.71, remainder_fraction=81.0826%, Lmin=-12.58, Lmax=-10.54
09:17:12 [ultranest] [DEBUG] iteration=1858, ncalls=4786, regioncalls=176440, ndraw=40, logz=-21.59, remainder_fraction=78.8101%, Lmin=-12.44, Lmax=-10.54
09:17:12 [ultranest] [DEBUG] iteration=1878, ncalls=4831, regioncalls=178240, ndraw=40, logz=-21.46, remainder_fraction=76.1757%, Lmin=-12.29, Lmax=-10.54
09:17:12 [ultranest] [DEBUG] iteration=1880, ncalls=4834, regioncalls=178360, ndraw=40, logz=-21.44, remainder_fraction=75.7990%, Lmin=-12.29, Lmax=-10.54
09:17:12 [ultranest] [DEBUG] iteration=1899, ncalls=4876, regioncalls=180040, ndraw=40, logz=-21.33, remainder_fraction=72.7115%, Lmin=-12.13, Lmax=-10.54
09:17:12 [ultranest] [DEBUG] iteration=1913, ncalls=4909, regioncalls=181400, ndraw=40, logz=-21.25, remainder_fraction=70.5353%, Lmin=-12.05, Lmax=-10.54
09:17:12 [ultranest] [DEBUG] iteration=1920, ncalls=4921, regioncalls=181880, ndraw=40, logz=-21.21, remainder_fraction=69.2390%, Lmin=-12.02, Lmax=-10.54
09:17:12 [ultranest] [DEBUG] iteration=1938, ncalls=4963, regioncalls=183560, ndraw=40, logz=-21.12, remainder_fraction=66.2258%, Lmin=-11.93, Lmax=-10.54
09:17:12 [ultranest] [DEBUG] iteration=1958, ncalls=5000, regioncalls=185080, ndraw=40, logz=-21.03, remainder_fraction=62.7327%, Lmin=-11.84, Lmax=-10.54
09:17:12 [ultranest] [DEBUG] iteration=1960, ncalls=5003, regioncalls=185200, ndraw=40, logz=-21.02, remainder_fraction=62.3108%, Lmin=-11.84, Lmax=-10.54
09:17:12 [ultranest] [DEBUG] iteration=1977, ncalls=5041, regioncalls=186800, ndraw=40, logz=-20.96, remainder_fraction=59.7346%, Lmin=-11.78, Lmax=-10.54
09:17:13 [ultranest] [DEBUG] iteration=1999, ncalls=5082, regioncalls=188440, ndraw=40, logz=-20.87, remainder_fraction=56.2144%, Lmin=-11.70, Lmax=-10.54
09:17:13 [ultranest] [DEBUG] iteration=2000, ncalls=5087, regioncalls=188640, ndraw=40, logz=-20.87, remainder_fraction=56.0156%, Lmin=-11.70, Lmax=-10.54
09:17:13 [ultranest] [DEBUG] iteration=2003, ncalls=5100, regioncalls=189200, ndraw=40, logz=-20.86, remainder_fraction=55.4737%, Lmin=-11.67, Lmax=-10.54
09:17:13 [ultranest] [DEBUG] iteration=2026, ncalls=5135, regioncalls=190600, ndraw=40, logz=-20.79, remainder_fraction=52.0837%, Lmin=-11.56, Lmax=-10.54
09:17:13 [ultranest] [DEBUG] iteration=2040, ncalls=5167, regioncalls=191880, ndraw=40, logz=-20.74, remainder_fraction=49.7942%, Lmin=-11.50, Lmax=-10.54
09:17:13 [ultranest] [DEBUG] iteration=2056, ncalls=5197, regioncalls=193080, ndraw=40, logz=-20.69, remainder_fraction=47.3035%, Lmin=-11.41, Lmax=-10.54
09:17:13 [ultranest] [DEBUG] iteration=2071, ncalls=5233, regioncalls=194520, ndraw=40, logz=-20.65, remainder_fraction=44.7922%, Lmin=-11.35, Lmax=-10.54
09:17:13 [ultranest] [DEBUG] iteration=2080, ncalls=5250, regioncalls=195200, ndraw=40, logz=-20.63, remainder_fraction=43.3424%, Lmin=-11.32, Lmax=-10.54
09:17:13 [ultranest] [DEBUG] iteration=2092, ncalls=5284, regioncalls=196560, ndraw=40, logz=-20.60, remainder_fraction=41.5644%, Lmin=-11.28, Lmax=-10.54
09:17:13 [ultranest] [DEBUG] iteration=2093, ncalls=5285, regioncalls=196640, ndraw=40, logz=-20.59, remainder_fraction=41.3978%, Lmin=-11.27, Lmax=-10.54
09:17:13 [ultranest] [DEBUG] iteration=2109, ncalls=5316, regioncalls=197880, ndraw=40, logz=-20.56, remainder_fraction=39.0488%, Lmin=-11.25, Lmax=-10.54
09:17:13 [ultranest] [DEBUG] iteration=2120, ncalls=5338, regioncalls=198760, ndraw=40, logz=-20.53, remainder_fraction=37.6138%, Lmin=-11.23, Lmax=-10.50
09:17:13 [ultranest] [DEBUG] iteration=2138, ncalls=5370, regioncalls=200040, ndraw=40, logz=-20.49, remainder_fraction=35.2358%, Lmin=-11.17, Lmax=-10.50
09:17:14 [ultranest] [DEBUG] iteration=2151, ncalls=5405, regioncalls=201440, ndraw=40, logz=-20.47, remainder_fraction=33.5093%, Lmin=-11.15, Lmax=-10.50
09:17:14 [ultranest] [DEBUG] iteration=2160, ncalls=5426, regioncalls=202280, ndraw=40, logz=-20.45, remainder_fraction=32.3586%, Lmin=-11.14, Lmax=-10.50
09:17:14 [ultranest] [DEBUG] iteration=2180, ncalls=5472, regioncalls=204120, ndraw=40, logz=-20.42, remainder_fraction=30.1230%, Lmin=-11.09, Lmax=-10.50
09:17:14 [ultranest] [DEBUG] iteration=2192, ncalls=5504, regioncalls=205400, ndraw=40, logz=-20.40, remainder_fraction=28.7187%, Lmin=-11.06, Lmax=-10.50
09:17:14 [ultranest] [DEBUG] iteration=2200, ncalls=5526, regioncalls=206280, ndraw=40, logz=-20.39, remainder_fraction=27.9348%, Lmin=-11.05, Lmax=-10.50
09:17:14 [ultranest] [DEBUG] iteration=2219, ncalls=5565, regioncalls=207840, ndraw=40, logz=-20.36, remainder_fraction=25.9199%, Lmin=-11.01, Lmax=-10.50
09:17:14 [ultranest] [DEBUG] iteration=2228, ncalls=5588, regioncalls=208800, ndraw=40, logz=-20.35, remainder_fraction=24.9455%, Lmin=-11.00, Lmax=-10.50
09:17:14 [ultranest] [DEBUG] iteration=2240, ncalls=5613, regioncalls=209880, ndraw=40, logz=-20.33, remainder_fraction=23.9251%, Lmin=-10.98, Lmax=-10.50
09:17:14 [ultranest] [DEBUG] iteration=2256, ncalls=5657, regioncalls=211640, ndraw=40, logz=-20.31, remainder_fraction=22.4078%, Lmin=-10.95, Lmax=-10.50
09:17:14 [ultranest] [DEBUG] iteration=2273, ncalls=5694, regioncalls=213160, ndraw=40, logz=-20.29, remainder_fraction=20.9478%, Lmin=-10.92, Lmax=-10.50
09:17:14 [ultranest] [DEBUG] iteration=2280, ncalls=5712, regioncalls=213880, ndraw=40, logz=-20.29, remainder_fraction=20.3628%, Lmin=-10.91, Lmax=-10.50
09:17:14 [ultranest] [DEBUG] iteration=2297, ncalls=5750, regioncalls=215400, ndraw=40, logz=-20.27, remainder_fraction=18.9731%, Lmin=-10.89, Lmax=-10.50
09:17:15 [ultranest] [DEBUG] iteration=2312, ncalls=5802, regioncalls=217480, ndraw=40, logz=-20.25, remainder_fraction=17.7780%, Lmin=-10.85, Lmax=-10.50
09:17:15 [ultranest] [DEBUG] iteration=2318, ncalls=5825, regioncalls=218440, ndraw=40, logz=-20.25, remainder_fraction=17.3184%, Lmin=-10.85, Lmax=-10.50
09:17:15 [ultranest] [DEBUG] iteration=2320, ncalls=5836, regioncalls=218880, ndraw=40, logz=-20.25, remainder_fraction=17.1706%, Lmin=-10.84, Lmax=-10.50
09:17:15 [ultranest] [DEBUG] iteration=2339, ncalls=5870, regioncalls=220240, ndraw=40, logz=-20.23, remainder_fraction=15.8470%, Lmin=-10.83, Lmax=-10.50
09:17:15 [ultranest] [DEBUG] iteration=2356, ncalls=5911, regioncalls=221880, ndraw=40, logz=-20.22, remainder_fraction=14.7315%, Lmin=-10.79, Lmax=-10.50
09:17:15 [ultranest] [DEBUG] iteration=2360, ncalls=5931, regioncalls=222680, ndraw=40, logz=-20.21, remainder_fraction=14.4790%, Lmin=-10.78, Lmax=-10.50
09:17:15 [ultranest] [DEBUG] iteration=2363, ncalls=5937, regioncalls=222960, ndraw=40, logz=-20.21, remainder_fraction=14.2822%, Lmin=-10.78, Lmax=-10.50
09:17:15 [ultranest] [DEBUG] iteration=2378, ncalls=5974, regioncalls=224440, ndraw=40, logz=-20.20, remainder_fraction=13.3955%, Lmin=-10.76, Lmax=-10.50
09:17:15 [ultranest] [DEBUG] iteration=2395, ncalls=6006, regioncalls=225720, ndraw=40, logz=-20.19, remainder_fraction=12.4152%, Lmin=-10.74, Lmax=-10.50
09:17:15 [ultranest] [DEBUG] iteration=2400, ncalls=6014, regioncalls=226040, ndraw=40, logz=-20.19, remainder_fraction=12.1442%, Lmin=-10.73, Lmax=-10.50
09:17:15 [ultranest] [DEBUG] iteration=2412, ncalls=6042, regioncalls=227160, ndraw=40, logz=-20.18, remainder_fraction=11.5122%, Lmin=-10.72, Lmax=-10.50
09:17:15 [ultranest] [DEBUG] iteration=2428, ncalls=6076, regioncalls=228520, ndraw=40, logz=-20.17, remainder_fraction=10.7140%, Lmin=-10.70, Lmax=-10.50
09:17:16 [ultranest] [DEBUG] iteration=2440, ncalls=6109, regioncalls=229840, ndraw=40, logz=-20.16, remainder_fraction=10.1380%, Lmin=-10.70, Lmax=-10.50
09:17:16 [ultranest] [DEBUG] iteration=2452, ncalls=6155, regioncalls=231680, ndraw=40, logz=-20.16, remainder_fraction=9.5923%, Lmin=-10.69, Lmax=-10.50
09:17:16 [ultranest] [DEBUG] iteration=2465, ncalls=6193, regioncalls=233200, ndraw=40, logz=-20.15, remainder_fraction=9.0318%, Lmin=-10.68, Lmax=-10.50
09:17:16 [ultranest] [DEBUG] iteration=2480, ncalls=6222, regioncalls=234360, ndraw=40, logz=-20.15, remainder_fraction=8.4346%, Lmin=-10.67, Lmax=-10.50
09:17:16 [ultranest] [DEBUG] iteration=2495, ncalls=6270, regioncalls=236280, ndraw=40, logz=-20.14, remainder_fraction=7.8577%, Lmin=-10.66, Lmax=-10.50
09:17:16 [ultranest] [DEBUG] iteration=2507, ncalls=6311, regioncalls=237920, ndraw=40, logz=-20.13, remainder_fraction=7.4355%, Lmin=-10.66, Lmax=-10.50
09:17:16 [ultranest] [DEBUG] iteration=2520, ncalls=6342, regioncalls=239160, ndraw=40, logz=-20.13, remainder_fraction=7.0001%, Lmin=-10.65, Lmax=-10.50
09:17:16 [ultranest] [DEBUG] iteration=2536, ncalls=6388, regioncalls=241000, ndraw=40, logz=-20.12, remainder_fraction=6.4984%, Lmin=-10.64, Lmax=-10.50
09:17:16 [ultranest] [DEBUG] iteration=2543, ncalls=6412, regioncalls=242000, ndraw=40, logz=-20.12, remainder_fraction=6.2854%, Lmin=-10.64, Lmax=-10.50
09:17:16 [ultranest] [DEBUG] iteration=2560, ncalls=6451, regioncalls=243560, ndraw=40, logz=-20.12, remainder_fraction=5.8036%, Lmin=-10.63, Lmax=-10.50
09:17:16 [ultranest] [DEBUG] iteration=2584, ncalls=6490, regioncalls=245120, ndraw=40, logz=-20.11, remainder_fraction=5.1751%, Lmin=-10.62, Lmax=-10.50
09:17:17 [ultranest] [DEBUG] iteration=2600, ncalls=6524, regioncalls=246480, ndraw=40, logz=-20.11, remainder_fraction=4.7971%, Lmin=-10.62, Lmax=-10.50
09:17:17 [ultranest] [DEBUG] iteration=2613, ncalls=6560, regioncalls=247920, ndraw=40, logz=-20.10, remainder_fraction=4.5075%, Lmin=-10.61, Lmax=-10.50
09:17:17 [ultranest] [DEBUG] iteration=2633, ncalls=6599, regioncalls=249480, ndraw=40, logz=-20.10, remainder_fraction=4.1008%, Lmin=-10.61, Lmax=-10.50
09:17:17 [ultranest] [DEBUG] iteration=2640, ncalls=6618, regioncalls=250240, ndraw=40, logz=-20.10, remainder_fraction=3.9674%, Lmin=-10.60, Lmax=-10.50
09:17:17 [ultranest] [INFO] Explored until L=-1e+01  
09:17:17 [ultranest] [INFO] Likelihood function evaluations: 6648
09:17:17 [ultranest] [INFO] Writing samples and results to disk ...
09:17:18 [ultranest] [INFO] Writing samples and results to disk ... done
09:17:18 [ultranest] [DEBUG] did a run_iter pass!
09:17:18 [ultranest] [INFO]   logZ = -20.07 +- 0.145
09:17:18 [ultranest] [INFO] Effective samples strategy satisfied (ESS = 882.3, need >400)
09:17:18 [ultranest] [INFO] Posterior uncertainty strategy is satisfied (KL: 0.48+-0.13 nat, need <0.50 nat)
09:17:18 [ultranest] [INFO] Evidency uncertainty strategy is satisfied (dlogz=0.15, need <0.5)
09:17:18 [ultranest] [INFO]   logZ error budget: single: 0.20 bs:0.15 tail:0.04 total:0.15 required:<0.50
09:17:18 [ultranest] [INFO] done iterating.
09:17:18 [ultranest] [DEBUG] Making corner plot ...
09:17:19 [ultranest] [DEBUG] Making corner plot ... done
09:17:19 [ultranest] [DEBUG] Making run plot ... 
09:17:20 [ultranest] [DEBUG] Making run plot ... done
09:17:20 [ultranest] [DEBUG] Making trace plot ... 
09:17:21 [ultranest] [DEBUG] Making trace plot ... done
21:56:56 [ultranest] [DEBUG] ReactiveNestedSampler: dims=3+0, resume=True, log_dir=/home/orion51/Desktop/Research/spectral_fitting/FGL_spectral_fitting/Individual_sources/2CXOJ125745.0+273210/bb_out_, backend=hdf5, vectorized=False, nbootstraps=30, ndraw=128..65536
21:56:56 [ultranest] [DEBUG] Testing resume consistency: [-10.59615176 -10.56982836   0.           0.61430556   0.68886701
   0.02555937  -1.85694438  -0.24453196  19.1789156 ]: u=[0.61430556 0.68886701 0.02555937] -> p=[-1.85694438 -0.24453196 19.1789156 ] -> L=-10.56982836057141 
21:56:56 [ultranest] [INFO] Resuming from 2855 stored points
21:56:56 [ultranest] [DEBUG] run_iter dlogz=0.5, dKL=0.5, frac_remain=0.01, Lepsilon=0.1000, min_ess=400
21:56:56 [ultranest] [DEBUG] max_iters=-1, max_ncalls=-1, max_num_improvement_loops=-1, min_num_live_points=400, cluster_num_live_points=40
21:56:56 [ultranest] [DEBUG] minimal_widths_sequence: [(-inf, 400.0), (inf, 400.0)]
21:56:56 [ultranest] [DEBUG] iteration=0, ncalls=6648, regioncalls=0, ndraw=40, logz=-inf, remainder_fraction=100.0000%, Lmin=-105251519.28, Lmax=-50.59
21:56:56 [ultranest] [DEBUG] iteration=40, ncalls=6648, regioncalls=0, ndraw=40, logz=-260.06, remainder_fraction=100.0000%, Lmin=-223.13, Lmax=-20.84
21:56:56 [ultranest] [DEBUG] Plateau detected at L=-1.856090e+02, not replacing live point.
21:56:56 [ultranest] [DEBUG] Plateau detected at L=-1.856090e+02, not replacing live point.
21:56:56 [ultranest] [DEBUG] Plateau detected at L=-1.856090e+02, not replacing live point.
21:56:56 [ultranest] [DEBUG] Plateau detected at L=-1.856090e+02, not replacing live point.
21:56:56 [ultranest] [DEBUG] Plateau detected at L=-1.856090e+02, not replacing live point.
21:56:56 [ultranest] [DEBUG] Plateau detected at L=-1.856090e+02, not replacing live point.
21:56:56 [ultranest] [DEBUG] Plateau detected at L=-1.856090e+02, not replacing live point.
21:56:56 [ultranest] [DEBUG] Plateau detected at L=-1.856090e+02, not replacing live point.
21:56:56 [ultranest] [DEBUG] Plateau detected at L=-1.856090e+02, not replacing live point.
21:56:56 [ultranest] [DEBUG] Plateau detected at L=-1.856090e+02, not replacing live point.
21:56:56 [ultranest] [DEBUG] Plateau detected at L=-1.856090e+02, not replacing live point.
21:56:56 [ultranest] [DEBUG] Plateau detected at L=-1.856090e+02, not replacing live point.
21:56:56 [ultranest] [DEBUG] Plateau detected at L=-1.856090e+02, not replacing live point.
21:56:56 [ultranest] [DEBUG] Plateau detected at L=-1.856090e+02, not replacing live point.
21:56:56 [ultranest] [DEBUG] Plateau detected at L=-1.856090e+02, not replacing live point.
21:56:56 [ultranest] [DEBUG] Plateau detected at L=-1.856090e+02, not replacing live point.
21:56:56 [ultranest] [DEBUG] Plateau detected at L=-1.856090e+02, not replacing live point.
21:56:56 [ultranest] [DEBUG] Plateau detected at L=-1.856090e+02, not replacing live point.
21:56:56 [ultranest] [DEBUG] Plateau detected at L=-1.856090e+02, not replacing live point.
21:56:56 [ultranest] [DEBUG] Plateau detected at L=-1.856090e+02, not replacing live point.
21:56:56 [ultranest] [DEBUG] Plateau detected at L=-1.856090e+02, not replacing live point.
21:56:56 [ultranest] [DEBUG] Plateau detected at L=-1.856090e+02, not replacing live point.
21:56:56 [ultranest] [DEBUG] Plateau detected at L=-1.856090e+02, not replacing live point.
21:56:56 [ultranest] [DEBUG] Plateau detected at L=-1.856090e+02, not replacing live point.
21:56:56 [ultranest] [DEBUG] Plateau detected at L=-1.856090e+02, not replacing live point.
21:56:56 [ultranest] [DEBUG] Plateau detected at L=-1.856090e+02, not replacing live point.
21:56:56 [ultranest] [DEBUG] Plateau detected at L=-1.856090e+02, not replacing live point.
21:56:56 [ultranest] [DEBUG] Plateau detected at L=-1.856090e+02, not replacing live point.
21:56:56 [ultranest] [DEBUG] Plateau detected at L=-1.856090e+02, not replacing live point.
21:56:56 [ultranest] [DEBUG] Plateau detected at L=-1.856090e+02, not replacing live point.
21:56:56 [ultranest] [DEBUG] Plateau detected at L=-1.856090e+02, not replacing live point.
21:56:56 [ultranest] [DEBUG] Plateau detected at L=-1.856090e+02, not replacing live point.
21:56:56 [ultranest] [DEBUG] Plateau detected at L=-1.856090e+02, not replacing live point.
21:56:56 [ultranest] [DEBUG] Plateau detected at L=-1.856090e+02, not replacing live point.
21:56:56 [ultranest] [DEBUG] Plateau detected at L=-1.856090e+02, not replacing live point.
21:56:56 [ultranest] [DEBUG] Plateau detected at L=-1.856090e+02, not replacing live point.
21:56:56 [ultranest] [DEBUG] Plateau detected at L=-1.856090e+02, not replacing live point.
21:56:56 [ultranest] [DEBUG] Plateau detected at L=-1.856090e+02, not replacing live point.
21:56:56 [ultranest] [DEBUG] Plateau detected at L=-1.856090e+02, not replacing live point.
21:56:56 [ultranest] [DEBUG] Plateau detected at L=-1.856090e+02, not replacing live point.
21:56:56 [ultranest] [DEBUG] Plateau detected at L=-1.856090e+02, not replacing live point.
21:56:56 [ultranest] [DEBUG] Plateau detected at L=-1.856090e+02, not replacing live point.
21:56:56 [ultranest] [DEBUG] Plateau detected at L=-1.856090e+02, not replacing live point.
21:56:56 [ultranest] [DEBUG] Plateau detected at L=-1.856090e+02, not replacing live point.
21:56:56 [ultranest] [DEBUG] Plateau detected at L=-1.856090e+02, not replacing live point.
21:56:56 [ultranest] [DEBUG] Plateau detected at L=-1.856090e+02, not replacing live point.
21:56:56 [ultranest] [DEBUG] Plateau detected at L=-1.856090e+02, not replacing live point.
21:56:56 [ultranest] [DEBUG] Plateau detected at L=-1.856090e+02, not replacing live point.
21:56:56 [ultranest] [DEBUG] Plateau detected at L=-1.856090e+02, not replacing live point.
21:56:56 [ultranest] [DEBUG] Plateau detected at L=-1.856090e+02, not replacing live point.
21:56:56 [ultranest] [DEBUG] Plateau detected at L=-1.856090e+02, not replacing live point.
21:56:56 [ultranest] [DEBUG] Plateau detected at L=-1.856090e+02, not replacing live point.
21:56:56 [ultranest] [DEBUG] Plateau detected at L=-1.856090e+02, not replacing live point.
21:56:56 [ultranest] [DEBUG] Plateau detected at L=-1.856090e+02, not replacing live point.
21:56:56 [ultranest] [DEBUG] Plateau detected at L=-1.856090e+02, not replacing live point.
21:56:56 [ultranest] [DEBUG] Plateau detected at L=-1.856090e+02, not replacing live point.
21:56:56 [ultranest] [DEBUG] Plateau detected at L=-1.856090e+02, not replacing live point.
21:56:56 [ultranest] [DEBUG] Plateau detected at L=-1.856090e+02, not replacing live point.
21:56:56 [ultranest] [DEBUG] Plateau detected at L=-1.856090e+02, not replacing live point.
21:56:56 [ultranest] [DEBUG] Plateau detected at L=-1.856090e+02, not replacing live point.
21:56:56 [ultranest] [DEBUG] Plateau detected at L=-1.856090e+02, not replacing live point.
21:56:56 [ultranest] [DEBUG] Plateau detected at L=-1.856090e+02, not replacing live point.
21:56:56 [ultranest] [DEBUG] Plateau detected at L=-1.856090e+02, not replacing live point.
21:56:56 [ultranest] [DEBUG] Plateau detected at L=-1.856090e+02, not replacing live point.
21:56:56 [ultranest] [DEBUG] Plateau detected at L=-1.856090e+02, not replacing live point.
21:56:56 [ultranest] [DEBUG] Plateau detected at L=-1.856090e+02, not replacing live point.
21:56:56 [ultranest] [DEBUG] Plateau detected at L=-1.856090e+02, not replacing live point.
21:56:56 [ultranest] [DEBUG] Plateau detected at L=-1.856090e+02, not replacing live point.
21:56:56 [ultranest] [DEBUG] Plateau detected at L=-1.856090e+02, not replacing live point.
21:56:56 [ultranest] [DEBUG] Plateau detected at L=-1.856090e+02, not replacing live point.
21:56:56 [ultranest] [DEBUG] Plateau detected at L=-1.856090e+02, not replacing live point.
21:56:56 [ultranest] [DEBUG] Plateau detected at L=-1.856090e+02, not replacing live point.
21:56:56 [ultranest] [DEBUG] Plateau detected at L=-1.856090e+02, not replacing live point.
21:56:56 [ultranest] [DEBUG] Plateau detected at L=-1.856090e+02, not replacing live point.
21:56:56 [ultranest] [DEBUG] Plateau detected at L=-1.856090e+02, not replacing live point.
21:56:56 [ultranest] [DEBUG] Plateau detected at L=-1.856090e+02, not replacing live point.
21:56:56 [ultranest] [DEBUG] Plateau detected at L=-1.856090e+02, not replacing live point.
21:56:56 [ultranest] [DEBUG] Plateau detected at L=-1.856090e+02, not replacing live point.
21:56:56 [ultranest] [DEBUG] Plateau detected at L=-1.856090e+02, not replacing live point.
21:56:56 [ultranest] [DEBUG] Plateau detected at L=-1.856090e+02, not replacing live point.
21:56:56 [ultranest] [DEBUG] Plateau detected at L=-1.856090e+02, not replacing live point.
21:56:56 [ultranest] [DEBUG] Plateau detected at L=-1.856090e+02, not replacing live point.
21:56:56 [ultranest] [DEBUG] Plateau detected at L=-1.856090e+02, not replacing live point.
21:56:56 [ultranest] [DEBUG] Plateau detected at L=-1.856090e+02, not replacing live point.
21:56:56 [ultranest] [DEBUG] Plateau detected at L=-1.856090e+02, not replacing live point.
21:56:56 [ultranest] [DEBUG] Plateau detected at L=-1.856090e+02, not replacing live point.
21:56:56 [ultranest] [DEBUG] Plateau detected at L=-1.856090e+02, not replacing live point.
21:56:56 [ultranest] [DEBUG] Plateau detected at L=-1.856090e+02, not replacing live point.
21:56:56 [ultranest] [DEBUG] Plateau detected at L=-1.856090e+02, not replacing live point.
21:56:56 [ultranest] [DEBUG] Plateau detected at L=-1.856090e+02, not replacing live point.
21:56:56 [ultranest] [DEBUG] Plateau detected at L=-1.856090e+02, not replacing live point.
21:56:56 [ultranest] [DEBUG] Plateau detected at L=-1.856090e+02, not replacing live point.
21:56:56 [ultranest] [DEBUG] Plateau detected at L=-1.856090e+02, not replacing live point.
21:56:56 [ultranest] [DEBUG] Plateau detected at L=-1.856090e+02, not replacing live point.
21:56:56 [ultranest] [DEBUG] Plateau detected at L=-1.856090e+02, not replacing live point.
21:56:56 [ultranest] [DEBUG] Plateau detected at L=-1.856090e+02, not replacing live point.
21:56:56 [ultranest] [DEBUG] Plateau detected at L=-1.856090e+02, not replacing live point.
21:56:56 [ultranest] [DEBUG] Plateau detected at L=-1.856090e+02, not replacing live point.
21:56:56 [ultranest] [DEBUG] Plateau detected at L=-1.856090e+02, not replacing live point.
21:56:56 [ultranest] [DEBUG] Plateau detected at L=-1.856090e+02, not replacing live point.
21:56:56 [ultranest] [DEBUG] Plateau detected at L=-1.856090e+02, not replacing live point.
21:56:56 [ultranest] [DEBUG] Plateau detected at L=-1.856090e+02, not replacing live point.
21:56:56 [ultranest] [DEBUG] Plateau detected at L=-1.856090e+02, not replacing live point.
21:56:56 [ultranest] [DEBUG] Plateau detected at L=-1.856090e+02, not replacing live point.
21:56:56 [ultranest] [DEBUG] Plateau detected at L=-1.856090e+02, not replacing live point.
21:56:56 [ultranest] [DEBUG] Plateau detected at L=-1.856090e+02, not replacing live point.
21:56:56 [ultranest] [DEBUG] Plateau detected at L=-1.856090e+02, not replacing live point.
21:56:56 [ultranest] [DEBUG] Plateau detected at L=-1.856090e+02, not replacing live point.
21:56:56 [ultranest] [DEBUG] Plateau detected at L=-1.856090e+02, not replacing live point.
21:56:56 [ultranest] [DEBUG] Plateau detected at L=-1.856090e+02, not replacing live point.
21:56:56 [ultranest] [DEBUG] Plateau detected at L=-1.856090e+02, not replacing live point.
21:56:56 [ultranest] [DEBUG] Plateau detected at L=-1.856090e+02, not replacing live point.
21:56:56 [ultranest] [DEBUG] Plateau detected at L=-1.856090e+02, not replacing live point.
21:56:56 [ultranest] [DEBUG] Plateau detected at L=-1.856090e+02, not replacing live point.
21:56:56 [ultranest] [DEBUG] Plateau detected at L=-1.856090e+02, not replacing live point.
21:56:56 [ultranest] [DEBUG] Plateau detected at L=-1.856090e+02, not replacing live point.
21:56:56 [ultranest] [DEBUG] Plateau detected at L=-1.856090e+02, not replacing live point.
21:56:56 [ultranest] [DEBUG] Plateau detected at L=-1.856090e+02, not replacing live point.
21:56:56 [ultranest] [DEBUG] Plateau detected at L=-1.856090e+02, not replacing live point.
21:56:56 [ultranest] [DEBUG] Plateau detected at L=-1.856090e+02, not replacing live point.
21:56:56 [ultranest] [DEBUG] Plateau detected at L=-1.856090e+02, not replacing live point.
21:56:56 [ultranest] [DEBUG] Plateau detected at L=-1.856090e+02, not replacing live point.
21:56:56 [ultranest] [DEBUG] Plateau detected at L=-1.856090e+02, not replacing live point.
21:56:56 [ultranest] [DEBUG] Plateau detected at L=-1.856090e+02, not replacing live point.
21:56:56 [ultranest] [DEBUG] Plateau detected at L=-1.856090e+02, not replacing live point.
21:56:56 [ultranest] [DEBUG] Plateau detected at L=-1.856090e+02, not replacing live point.
21:56:56 [ultranest] [DEBUG] Plateau detected at L=-1.856090e+02, not replacing live point.
21:56:56 [ultranest] [DEBUG] Plateau detected at L=-1.856090e+02, not replacing live point.
21:56:56 [ultranest] [DEBUG] Plateau detected at L=-1.856090e+02, not replacing live point.
21:56:56 [ultranest] [DEBUG] Plateau detected at L=-1.856090e+02, not replacing live point.
21:56:56 [ultranest] [DEBUG] Plateau detected at L=-1.856090e+02, not replacing live point.
21:56:56 [ultranest] [DEBUG] Plateau detected at L=-1.856090e+02, not replacing live point.
21:56:56 [ultranest] [DEBUG] Plateau detected at L=-1.856090e+02, not replacing live point.
21:56:56 [ultranest] [DEBUG] Plateau detected at L=-1.856090e+02, not replacing live point.
21:56:56 [ultranest] [DEBUG] Plateau detected at L=-1.856090e+02, not replacing live point.
21:56:56 [ultranest] [DEBUG] Plateau detected at L=-1.856090e+02, not replacing live point.
21:56:56 [ultranest] [DEBUG] Plateau detected at L=-1.856090e+02, not replacing live point.
21:56:56 [ultranest] [DEBUG] Plateau detected at L=-1.856090e+02, not replacing live point.
21:56:56 [ultranest] [DEBUG] Plateau detected at L=-1.856090e+02, not replacing live point.
21:56:56 [ultranest] [DEBUG] Plateau detected at L=-1.856090e+02, not replacing live point.
21:56:56 [ultranest] [DEBUG] Plateau detected at L=-1.856090e+02, not replacing live point.
21:56:56 [ultranest] [DEBUG] Plateau detected at L=-1.856090e+02, not replacing live point.
21:56:56 [ultranest] [DEBUG] Plateau detected at L=-1.856090e+02, not replacing live point.
21:56:56 [ultranest] [DEBUG] Plateau detected at L=-1.856090e+02, not replacing live point.
21:56:56 [ultranest] [DEBUG] Plateau detected at L=-1.856090e+02, not replacing live point.
21:56:56 [ultranest] [DEBUG] Plateau detected at L=-1.856090e+02, not replacing live point.
21:56:56 [ultranest] [DEBUG] Plateau detected at L=-1.856090e+02, not replacing live point.
21:56:56 [ultranest] [DEBUG] Plateau detected at L=-1.856090e+02, not replacing live point.
21:56:56 [ultranest] [DEBUG] Plateau detected at L=-1.856090e+02, not replacing live point.
21:56:56 [ultranest] [DEBUG] Plateau detected at L=-1.856090e+02, not replacing live point.
21:56:56 [ultranest] [DEBUG] Plateau detected at L=-1.856090e+02, not replacing live point.
21:56:56 [ultranest] [DEBUG] Plateau detected at L=-1.856090e+02, not replacing live point.
21:56:56 [ultranest] [DEBUG] Plateau detected at L=-1.856090e+02, not replacing live point.
21:56:56 [ultranest] [DEBUG] Plateau detected at L=-1.856090e+02, not replacing live point.
21:56:56 [ultranest] [DEBUG] Plateau detected at L=-1.856090e+02, not replacing live point.
21:56:56 [ultranest] [DEBUG] Plateau detected at L=-1.856090e+02, not replacing live point.
21:56:56 [ultranest] [DEBUG] Plateau detected at L=-1.856090e+02, not replacing live point.
21:56:56 [ultranest] [DEBUG] Plateau detected at L=-1.856090e+02, not replacing live point.
21:56:56 [ultranest] [DEBUG] Plateau detected at L=-1.856090e+02, not replacing live point.
21:56:56 [ultranest] [DEBUG] Plateau detected at L=-1.856090e+02, not replacing live point.
21:56:56 [ultranest] [DEBUG] Plateau detected at L=-1.856090e+02, not replacing live point.
21:56:56 [ultranest] [DEBUG] Plateau detected at L=-1.856090e+02, not replacing live point.
21:56:56 [ultranest] [DEBUG] Plateau detected at L=-1.856090e+02, not replacing live point.
21:56:56 [ultranest] [DEBUG] Plateau detected at L=-1.856090e+02, not replacing live point.
21:56:56 [ultranest] [DEBUG] Plateau detected at L=-1.856090e+02, not replacing live point.
21:56:56 [ultranest] [DEBUG] Plateau detected at L=-1.856090e+02, not replacing live point.
21:56:56 [ultranest] [DEBUG] Plateau detected at L=-1.856090e+02, not replacing live point.
21:56:56 [ultranest] [DEBUG] Plateau detected at L=-1.856090e+02, not replacing live point.
21:56:56 [ultranest] [DEBUG] Plateau detected at L=-1.856090e+02, not replacing live point.
21:56:56 [ultranest] [DEBUG] Plateau detected at L=-1.856090e+02, not replacing live point.
21:56:56 [ultranest] [DEBUG] Plateau detected at L=-1.856090e+02, not replacing live point.
21:56:56 [ultranest] [DEBUG] Plateau detected at L=-1.856090e+02, not replacing live point.
21:56:56 [ultranest] [DEBUG] Plateau detected at L=-1.856090e+02, not replacing live point.
21:56:56 [ultranest] [DEBUG] Plateau detected at L=-1.856090e+02, not replacing live point.
21:56:56 [ultranest] [DEBUG] Plateau detected at L=-1.856090e+02, not replacing live point.
21:56:56 [ultranest] [DEBUG] Plateau detected at L=-1.856090e+02, not replacing live point.
21:56:56 [ultranest] [DEBUG] Plateau detected at L=-1.856090e+02, not replacing live point.
21:56:56 [ultranest] [DEBUG] Plateau detected at L=-1.856090e+02, not replacing live point.
21:56:56 [ultranest] [DEBUG] Plateau detected at L=-1.856090e+02, not replacing live point.
21:56:56 [ultranest] [DEBUG] Plateau detected at L=-1.856090e+02, not replacing live point.
21:56:56 [ultranest] [DEBUG] Plateau detected at L=-1.856090e+02, not replacing live point.
21:56:56 [ultranest] [DEBUG] Plateau detected at L=-1.856090e+02, not replacing live point.
21:56:56 [ultranest] [DEBUG] Plateau detected at L=-1.856090e+02, not replacing live point.
21:56:56 [ultranest] [DEBUG] Plateau detected at L=-1.856090e+02, not replacing live point.
21:56:56 [ultranest] [DEBUG] Plateau detected at L=-1.856090e+02, not replacing live point.
21:56:56 [ultranest] [DEBUG] Plateau detected at L=-1.856090e+02, not replacing live point.
21:56:56 [ultranest] [DEBUG] Plateau detected at L=-1.856090e+02, not replacing live point.
21:56:56 [ultranest] [DEBUG] Plateau detected at L=-1.856090e+02, not replacing live point.
21:56:56 [ultranest] [DEBUG] Plateau detected at L=-1.856090e+02, not replacing live point.
21:56:56 [ultranest] [DEBUG] Plateau detected at L=-1.856090e+02, not replacing live point.
21:56:56 [ultranest] [DEBUG] Plateau detected at L=-1.856090e+02, not replacing live point.
21:56:56 [ultranest] [DEBUG] Plateau detected at L=-1.856090e+02, not replacing live point.
21:56:56 [ultranest] [DEBUG] Plateau detected at L=-1.856090e+02, not replacing live point.
21:56:56 [ultranest] [DEBUG] Plateau detected at L=-1.856090e+02, not replacing live point.
21:56:56 [ultranest] [DEBUG] Plateau detected at L=-1.856090e+02, not replacing live point.
21:56:56 [ultranest] [DEBUG] Plateau detected at L=-1.856090e+02, not replacing live point.
21:56:56 [ultranest] [DEBUG] Plateau detected at L=-1.856090e+02, not replacing live point.
21:56:56 [ultranest] [DEBUG] Plateau detected at L=-1.856090e+02, not replacing live point.
21:56:56 [ultranest] [DEBUG] iteration=242, ncalls=6648, regioncalls=0, ndraw=40, logz=-186.42, remainder_fraction=100.0000%, Lmin=-185.61, Lmax=-19.05
21:56:56 [ultranest] [DEBUG] Plateau detected at L=-1.856090e+02, not replacing live point.
21:56:56 [ultranest] [DEBUG] iteration=248, ncalls=6648, regioncalls=0, ndraw=40, logz=-186.39, remainder_fraction=100.0000%, Lmin=-185.61, Lmax=-19.05
21:56:57 [ultranest] [DEBUG] iteration=280, ncalls=6648, regioncalls=0, ndraw=40, logz=-186.26, remainder_fraction=100.0000%, Lmin=-185.61, Lmax=-19.05
21:56:57 [ultranest] [DEBUG] iteration=293, ncalls=6648, regioncalls=0, ndraw=40, logz=-186.21, remainder_fraction=100.0000%, Lmin=-185.61, Lmax=-19.05
21:56:57 [ultranest] [DEBUG] iteration=320, ncalls=6648, regioncalls=0, ndraw=40, logz=-186.14, remainder_fraction=100.0000%, Lmin=-185.61, Lmax=-19.05
21:56:57 [ultranest] [DEBUG] iteration=338, ncalls=6648, regioncalls=0, ndraw=40, logz=-186.09, remainder_fraction=100.0000%, Lmin=-185.61, Lmax=-19.05
21:56:57 [ultranest] [DEBUG] iteration=360, ncalls=6648, regioncalls=0, ndraw=40, logz=-186.05, remainder_fraction=100.0000%, Lmin=-185.61, Lmax=-19.05
21:56:57 [ultranest] [DEBUG] iteration=400, ncalls=6648, regioncalls=0, ndraw=40, logz=-185.98, remainder_fraction=100.0000%, Lmin=-185.56, Lmax=-19.05
21:56:57 [ultranest] [DEBUG] iteration=440, ncalls=6648, regioncalls=0, ndraw=40, logz=-185.92, remainder_fraction=100.0000%, Lmin=-185.32, Lmax=-19.05
21:56:57 [ultranest] [DEBUG] iteration=480, ncalls=6648, regioncalls=0, ndraw=40, logz=-185.84, remainder_fraction=100.0000%, Lmin=-184.37, Lmax=-19.05
21:56:57 [ultranest] [DEBUG] iteration=518, ncalls=6648, regioncalls=0, ndraw=40, logz=-185.66, remainder_fraction=100.0000%, Lmin=-183.03, Lmax=-15.95
21:56:57 [ultranest] [DEBUG] iteration=520, ncalls=6648, regioncalls=0, ndraw=40, logz=-185.64, remainder_fraction=100.0000%, Lmin=-182.90, Lmax=-15.95
21:56:57 [ultranest] [DEBUG] iteration=560, ncalls=6648, regioncalls=0, ndraw=40, logz=-183.95, remainder_fraction=100.0000%, Lmin=-178.20, Lmax=-15.95
21:56:57 [ultranest] [DEBUG] iteration=563, ncalls=6648, regioncalls=0, ndraw=40, logz=-183.53, remainder_fraction=100.0000%, Lmin=-177.71, Lmax=-15.95
21:56:57 [ultranest] [DEBUG] iteration=600, ncalls=6648, regioncalls=0, ndraw=40, logz=-174.73, remainder_fraction=100.0000%, Lmin=-168.44, Lmax=-15.95
21:56:57 [ultranest] [DEBUG] iteration=608, ncalls=6648, regioncalls=0, ndraw=40, logz=-172.92, remainder_fraction=100.0000%, Lmin=-165.86, Lmax=-15.95
21:56:57 [ultranest] [DEBUG] iteration=640, ncalls=6648, regioncalls=0, ndraw=40, logz=-163.15, remainder_fraction=100.0000%, Lmin=-156.06, Lmax=-15.95
21:56:57 [ultranest] [DEBUG] iteration=680, ncalls=6648, regioncalls=0, ndraw=40, logz=-149.65, remainder_fraction=100.0000%, Lmin=-142.07, Lmax=-15.95
21:56:57 [ultranest] [DEBUG] iteration=698, ncalls=6648, regioncalls=0, ndraw=40, logz=-144.48, remainder_fraction=100.0000%, Lmin=-137.91, Lmax=-15.95
21:56:57 [ultranest] [DEBUG] iteration=720, ncalls=6648, regioncalls=0, ndraw=40, logz=-138.29, remainder_fraction=100.0000%, Lmin=-131.01, Lmax=-15.95
21:56:57 [ultranest] [DEBUG] iteration=760, ncalls=6648, regioncalls=0, ndraw=40, logz=-126.33, remainder_fraction=100.0000%, Lmin=-118.61, Lmax=-15.95
21:56:57 [ultranest] [DEBUG] iteration=788, ncalls=6648, regioncalls=0, ndraw=40, logz=-117.46, remainder_fraction=100.0000%, Lmin=-110.39, Lmax=-14.58
21:56:57 [ultranest] [DEBUG] iteration=800, ncalls=6648, regioncalls=0, ndraw=40, logz=-114.47, remainder_fraction=100.0000%, Lmin=-107.25, Lmax=-14.58
21:56:57 [ultranest] [DEBUG] iteration=840, ncalls=6648, regioncalls=0, ndraw=40, logz=-106.94, remainder_fraction=100.0000%, Lmin=-99.80, Lmax=-12.30
21:56:57 [ultranest] [DEBUG] iteration=878, ncalls=6648, regioncalls=0, ndraw=40, logz=-98.54, remainder_fraction=100.0000%, Lmin=-90.68, Lmax=-12.30
21:56:57 [ultranest] [DEBUG] iteration=880, ncalls=6648, regioncalls=0, ndraw=40, logz=-98.13, remainder_fraction=100.0000%, Lmin=-90.48, Lmax=-12.30
21:56:57 [ultranest] [DEBUG] iteration=920, ncalls=6648, regioncalls=0, ndraw=40, logz=-91.26, remainder_fraction=100.0000%, Lmin=-83.37, Lmax=-12.30
21:56:57 [ultranest] [DEBUG] iteration=960, ncalls=6648, regioncalls=0, ndraw=40, logz=-85.17, remainder_fraction=100.0000%, Lmin=-77.14, Lmax=-12.30
21:56:57 [ultranest] [DEBUG] iteration=1000, ncalls=6648, regioncalls=0, ndraw=40, logz=-78.43, remainder_fraction=100.0000%, Lmin=-70.29, Lmax=-11.71
21:56:57 [ultranest] [DEBUG] iteration=1040, ncalls=6648, regioncalls=0, ndraw=40, logz=-73.29, remainder_fraction=100.0000%, Lmin=-65.15, Lmax=-11.71
21:56:57 [ultranest] [DEBUG] iteration=1058, ncalls=6648, regioncalls=0, ndraw=40, logz=-71.11, remainder_fraction=100.0000%, Lmin=-62.61, Lmax=-11.28
21:56:57 [ultranest] [DEBUG] iteration=1080, ncalls=6648, regioncalls=0, ndraw=40, logz=-68.06, remainder_fraction=100.0000%, Lmin=-59.74, Lmax=-11.28
21:56:57 [ultranest] [DEBUG] iteration=1120, ncalls=6648, regioncalls=0, ndraw=40, logz=-61.13, remainder_fraction=100.0000%, Lmin=-52.21, Lmax=-11.15
21:56:57 [ultranest] [DEBUG] iteration=1160, ncalls=6648, regioncalls=0, ndraw=40, logz=-54.00, remainder_fraction=100.0000%, Lmin=-45.31, Lmax=-11.15
21:56:57 [ultranest] [DEBUG] iteration=1193, ncalls=6648, regioncalls=0, ndraw=40, logz=-49.05, remainder_fraction=100.0000%, Lmin=-40.27, Lmax=-10.77
21:56:57 [ultranest] [DEBUG] iteration=1200, ncalls=6648, regioncalls=0, ndraw=40, logz=-48.12, remainder_fraction=100.0000%, Lmin=-39.41, Lmax=-10.77
21:56:57 [ultranest] [DEBUG] iteration=1238, ncalls=6648, regioncalls=0, ndraw=40, logz=-44.56, remainder_fraction=100.0000%, Lmin=-35.72, Lmax=-10.77
21:56:57 [ultranest] [DEBUG] iteration=1240, ncalls=6648, regioncalls=0, ndraw=40, logz=-44.33, remainder_fraction=100.0000%, Lmin=-35.29, Lmax=-10.77
21:56:57 [ultranest] [DEBUG] iteration=1280, ncalls=6648, regioncalls=0, ndraw=40, logz=-40.47, remainder_fraction=100.0000%, Lmin=-31.71, Lmax=-10.77
21:56:57 [ultranest] [DEBUG] iteration=1283, ncalls=6648, regioncalls=0, ndraw=40, logz=-40.20, remainder_fraction=100.0000%, Lmin=-31.14, Lmax=-10.77
21:56:57 [ultranest] [DEBUG] iteration=1320, ncalls=6648, regioncalls=0, ndraw=40, logz=-37.33, remainder_fraction=100.0000%, Lmin=-28.44, Lmax=-10.77
21:56:57 [ultranest] [DEBUG] iteration=1360, ncalls=6648, regioncalls=0, ndraw=40, logz=-34.41, remainder_fraction=99.9999%, Lmin=-25.43, Lmax=-10.77
21:56:57 [ultranest] [DEBUG] iteration=1400, ncalls=6648, regioncalls=0, ndraw=40, logz=-32.13, remainder_fraction=99.9994%, Lmin=-23.18, Lmax=-10.77
21:56:57 [ultranest] [DEBUG] iteration=1418, ncalls=6648, regioncalls=0, ndraw=40, logz=-31.26, remainder_fraction=99.9985%, Lmin=-22.33, Lmax=-10.77
21:56:57 [ultranest] [DEBUG] iteration=1440, ncalls=6648, regioncalls=0, ndraw=40, logz=-30.32, remainder_fraction=99.9962%, Lmin=-21.53, Lmax=-10.77
21:56:57 [ultranest] [DEBUG] iteration=1480, ncalls=6648, regioncalls=0, ndraw=40, logz=-28.60, remainder_fraction=99.9786%, Lmin=-19.53, Lmax=-10.77
21:56:57 [ultranest] [DEBUG] iteration=1508, ncalls=6648, regioncalls=0, ndraw=40, logz=-27.59, remainder_fraction=99.9464%, Lmin=-18.59, Lmax=-10.66
21:56:57 [ultranest] [DEBUG] iteration=1520, ncalls=6648, regioncalls=0, ndraw=40, logz=-27.22, remainder_fraction=99.9221%, Lmin=-18.25, Lmax=-10.66
21:56:57 [ultranest] [DEBUG] iteration=1560, ncalls=6648, regioncalls=0, ndraw=40, logz=-26.12, remainder_fraction=99.7543%, Lmin=-17.09, Lmax=-10.66
21:56:57 [ultranest] [DEBUG] iteration=1598, ncalls=6648, regioncalls=0, ndraw=40, logz=-25.18, remainder_fraction=99.3380%, Lmin=-16.09, Lmax=-10.60
21:56:57 [ultranest] [DEBUG] iteration=1600, ncalls=6648, regioncalls=0, ndraw=40, logz=-25.14, remainder_fraction=99.3322%, Lmin=-15.97, Lmax=-10.60
21:56:57 [ultranest] [DEBUG] iteration=1640, ncalls=6648, regioncalls=0, ndraw=40, logz=-24.23, remainder_fraction=98.3878%, Lmin=-15.00, Lmax=-10.59
21:56:57 [ultranest] [DEBUG] iteration=1643, ncalls=6648, regioncalls=0, ndraw=40, logz=-24.17, remainder_fraction=98.2938%, Lmin=-14.91, Lmax=-10.59
21:56:57 [ultranest] [DEBUG] iteration=1680, ncalls=6648, regioncalls=0, ndraw=40, logz=-23.50, remainder_fraction=96.5756%, Lmin=-14.41, Lmax=-10.59
21:56:57 [ultranest] [DEBUG] iteration=1720, ncalls=6648, regioncalls=0, ndraw=40, logz=-22.93, remainder_fraction=94.0724%, Lmin=-13.78, Lmax=-10.54
21:56:57 [ultranest] [DEBUG] iteration=1733, ncalls=6648, regioncalls=0, ndraw=40, logz=-22.76, remainder_fraction=93.0413%, Lmin=-13.59, Lmax=-10.54
21:56:57 [ultranest] [DEBUG] iteration=1760, ncalls=6648, regioncalls=0, ndraw=40, logz=-22.43, remainder_fraction=90.6202%, Lmin=-13.28, Lmax=-10.54
21:56:57 [ultranest] [DEBUG] iteration=1800, ncalls=6648, regioncalls=0, ndraw=40, logz=-22.04, remainder_fraction=86.4726%, Lmin=-12.91, Lmax=-10.54
21:56:57 [ultranest] [DEBUG] iteration=1823, ncalls=6648, regioncalls=0, ndraw=40, logz=-21.84, remainder_fraction=83.4581%, Lmin=-12.71, Lmax=-10.54
21:56:57 [ultranest] [DEBUG] iteration=1840, ncalls=6648, regioncalls=0, ndraw=40, logz=-21.71, remainder_fraction=81.0826%, Lmin=-12.58, Lmax=-10.54
21:56:57 [ultranest] [DEBUG] iteration=1868, ncalls=6648, regioncalls=0, ndraw=40, logz=-21.52, remainder_fraction=77.4513%, Lmin=-12.36, Lmax=-10.54
21:56:57 [ultranest] [DEBUG] iteration=1880, ncalls=6648, regioncalls=0, ndraw=40, logz=-21.44, remainder_fraction=75.7990%, Lmin=-12.29, Lmax=-10.54
21:56:57 [ultranest] [DEBUG] iteration=1913, ncalls=6648, regioncalls=0, ndraw=40, logz=-21.25, remainder_fraction=70.5353%, Lmin=-12.05, Lmax=-10.54
21:56:57 [ultranest] [DEBUG] iteration=1920, ncalls=6648, regioncalls=0, ndraw=40, logz=-21.21, remainder_fraction=69.2390%, Lmin=-12.02, Lmax=-10.54
21:56:58 [ultranest] [DEBUG] iteration=1960, ncalls=6648, regioncalls=0, ndraw=40, logz=-21.02, remainder_fraction=62.3108%, Lmin=-11.84, Lmax=-10.54
21:56:58 [ultranest] [DEBUG] iteration=2000, ncalls=6648, regioncalls=0, ndraw=40, logz=-20.87, remainder_fraction=56.0156%, Lmin=-11.70, Lmax=-10.54
21:56:58 [ultranest] [DEBUG] iteration=2003, ncalls=6648, regioncalls=0, ndraw=40, logz=-20.86, remainder_fraction=55.4737%, Lmin=-11.67, Lmax=-10.54
21:56:58 [ultranest] [DEBUG] iteration=2040, ncalls=6648, regioncalls=0, ndraw=40, logz=-20.74, remainder_fraction=49.7942%, Lmin=-11.50, Lmax=-10.54
21:56:58 [ultranest] [DEBUG] iteration=2048, ncalls=6648, regioncalls=0, ndraw=40, logz=-20.72, remainder_fraction=48.5737%, Lmin=-11.45, Lmax=-10.54
21:56:58 [ultranest] [DEBUG] iteration=2080, ncalls=6648, regioncalls=0, ndraw=40, logz=-20.63, remainder_fraction=43.3424%, Lmin=-11.32, Lmax=-10.54
21:56:58 [ultranest] [DEBUG] iteration=2093, ncalls=6648, regioncalls=0, ndraw=40, logz=-20.59, remainder_fraction=41.3978%, Lmin=-11.27, Lmax=-10.54
21:56:58 [ultranest] [DEBUG] iteration=2120, ncalls=6648, regioncalls=0, ndraw=40, logz=-20.53, remainder_fraction=37.6138%, Lmin=-11.23, Lmax=-10.50
21:56:58 [ultranest] [DEBUG] iteration=2138, ncalls=6648, regioncalls=0, ndraw=40, logz=-20.49, remainder_fraction=35.2358%, Lmin=-11.17, Lmax=-10.50
21:56:58 [ultranest] [DEBUG] iteration=2160, ncalls=6648, regioncalls=0, ndraw=40, logz=-20.45, remainder_fraction=32.3586%, Lmin=-11.14, Lmax=-10.50
21:56:58 [ultranest] [DEBUG] iteration=2200, ncalls=6648, regioncalls=0, ndraw=40, logz=-20.39, remainder_fraction=27.9348%, Lmin=-11.05, Lmax=-10.50
21:56:58 [ultranest] [DEBUG] iteration=2240, ncalls=6648, regioncalls=0, ndraw=40, logz=-20.33, remainder_fraction=23.9251%, Lmin=-10.98, Lmax=-10.50
21:56:58 [ultranest] [DEBUG] iteration=2280, ncalls=6648, regioncalls=0, ndraw=40, logz=-20.29, remainder_fraction=20.3628%, Lmin=-10.91, Lmax=-10.50
21:56:58 [ultranest] [DEBUG] iteration=2318, ncalls=6648, regioncalls=0, ndraw=40, logz=-20.25, remainder_fraction=17.3184%, Lmin=-10.85, Lmax=-10.50
21:56:58 [ultranest] [DEBUG] iteration=2320, ncalls=6648, regioncalls=0, ndraw=40, logz=-20.25, remainder_fraction=17.1706%, Lmin=-10.84, Lmax=-10.50
21:56:58 [ultranest] [DEBUG] iteration=2360, ncalls=6648, regioncalls=0, ndraw=40, logz=-20.21, remainder_fraction=14.4790%, Lmin=-10.78, Lmax=-10.50
21:56:58 [ultranest] [DEBUG] iteration=2363, ncalls=6648, regioncalls=0, ndraw=40, logz=-20.21, remainder_fraction=14.2822%, Lmin=-10.78, Lmax=-10.50
21:56:58 [ultranest] [DEBUG] iteration=2400, ncalls=6648, regioncalls=0, ndraw=40, logz=-20.19, remainder_fraction=12.1442%, Lmin=-10.73, Lmax=-10.50
21:56:58 [ultranest] [DEBUG] iteration=2408, ncalls=6648, regioncalls=0, ndraw=40, logz=-20.18, remainder_fraction=11.7125%, Lmin=-10.73, Lmax=-10.50
21:56:58 [ultranest] [DEBUG] iteration=2440, ncalls=6648, regioncalls=0, ndraw=40, logz=-20.16, remainder_fraction=10.1380%, Lmin=-10.70, Lmax=-10.50
21:56:58 [ultranest] [DEBUG] iteration=2480, ncalls=6648, regioncalls=0, ndraw=40, logz=-20.15, remainder_fraction=8.4346%, Lmin=-10.67, Lmax=-10.50
21:56:58 [ultranest] [DEBUG] iteration=2520, ncalls=6648, regioncalls=0, ndraw=40, logz=-20.13, remainder_fraction=7.0001%, Lmin=-10.65, Lmax=-10.50
21:56:58 [ultranest] [DEBUG] iteration=2543, ncalls=6648, regioncalls=0, ndraw=40, logz=-20.12, remainder_fraction=6.2854%, Lmin=-10.64, Lmax=-10.50
21:56:58 [ultranest] [DEBUG] iteration=2560, ncalls=6648, regioncalls=0, ndraw=40, logz=-20.12, remainder_fraction=5.8036%, Lmin=-10.63, Lmax=-10.50
21:56:58 [ultranest] [DEBUG] iteration=2588, ncalls=6648, regioncalls=0, ndraw=40, logz=-20.11, remainder_fraction=5.0786%, Lmin=-10.62, Lmax=-10.50
21:56:58 [ultranest] [DEBUG] iteration=2600, ncalls=6648, regioncalls=0, ndraw=40, logz=-20.11, remainder_fraction=4.7971%, Lmin=-10.62, Lmax=-10.50
21:56:58 [ultranest] [DEBUG] iteration=2640, ncalls=6648, regioncalls=0, ndraw=40, logz=-20.10, remainder_fraction=3.9674%, Lmin=-10.60, Lmax=-10.50
21:56:58 [ultranest] [INFO] Explored until L=-1e+01  
21:56:58 [ultranest] [INFO] Likelihood function evaluations: 6648
21:56:59 [ultranest] [INFO] Writing samples and results to disk ...
21:56:59 [ultranest] [INFO] Writing samples and results to disk ... done
21:56:59 [ultranest] [DEBUG] did a run_iter pass!
21:56:59 [ultranest] [INFO]   logZ = -20.06 +- 0.1517
21:56:59 [ultranest] [INFO] Effective samples strategy satisfied (ESS = 882.3, need >400)
21:56:59 [ultranest] [INFO] Posterior uncertainty strategy is satisfied (KL: 0.47+-0.12 nat, need <0.50 nat)
21:56:59 [ultranest] [INFO] Evidency uncertainty strategy is satisfied (dlogz=0.16, need <0.5)
21:56:59 [ultranest] [INFO]   logZ error budget: single: 0.20 bs:0.15 tail:0.04 total:0.16 required:<0.50
21:56:59 [ultranest] [INFO] done iterating.
21:56:59 [ultranest] [DEBUG] Making corner plot ...
21:57:04 [ultranest] [DEBUG] Making corner plot ... done
21:57:04 [ultranest] [DEBUG] Making run plot ... 
21:57:05 [ultranest] [DEBUG] Making run plot ... done
21:57:05 [ultranest] [DEBUG] Making trace plot ... 
21:57:06 [ultranest] [DEBUG] Making trace plot ... done
