09:43:48 [ultranest] [DEBUG] ReactiveNestedSampler: dims=3+0, resume=True, log_dir=/home/orion51/Desktop/Research/spectral_fitting/FGL_spectral_fitting/Individual_sources/2CXOJ180434.9-300112/bb_out_, backend=hdf5, vectorized=False, nbootstraps=30, ndraw=128..65536
09:43:48 [ultranest] [INFO] Sampling 400 live points from prior ...
09:43:48 [ultranest] [DEBUG] run_iter dlogz=0.5, dKL=0.5, frac_remain=0.01, Lepsilon=0.1000, min_ess=400
09:43:48 [ultranest] [DEBUG] max_iters=-1, max_ncalls=-1, max_num_improvement_loops=-1, min_num_live_points=400, cluster_num_live_points=40
09:43:48 [ultranest] [DEBUG] minimal_widths_sequence: [(-inf, 400.0), (inf, 400.0)]
09:43:48 [ultranest] [DEBUG] iteration=0, ncalls=401, regioncalls=40, ndraw=40, logz=-inf, remainder_fraction=100.0000%, Lmin=-37846858.81, Lmax=-26.98
09:43:48 [ultranest] [DEBUG] iteration=33, ncalls=436, regioncalls=1440, ndraw=40, logz=-15771.79, remainder_fraction=100.0000%, Lmin=-14627.19, Lmax=-26.98
09:43:48 [ultranest] [DEBUG] iteration=40, ncalls=443, regioncalls=1720, ndraw=40, logz=-6287.77, remainder_fraction=100.0000%, Lmin=-2370.83, Lmax=-26.98
09:43:48 [ultranest] [DEBUG] Plateau detected at L=-1.963444e+02, not replacing live point.
09:43:48 [ultranest] [DEBUG] Plateau detected at L=-1.963444e+02, not replacing live point.
09:43:48 [ultranest] [DEBUG] Plateau detected at L=-1.963444e+02, not replacing live point.
09:43:48 [ultranest] [DEBUG] Plateau detected at L=-1.963444e+02, not replacing live point.
09:43:48 [ultranest] [DEBUG] Plateau detected at L=-1.963444e+02, not replacing live point.
09:43:48 [ultranest] [DEBUG] Plateau detected at L=-1.963444e+02, not replacing live point.
09:43:48 [ultranest] [DEBUG] Plateau detected at L=-1.963444e+02, not replacing live point.
09:43:48 [ultranest] [DEBUG] Plateau detected at L=-1.963444e+02, not replacing live point.
09:43:48 [ultranest] [DEBUG] Plateau detected at L=-1.963444e+02, not replacing live point.
09:43:48 [ultranest] [DEBUG] Plateau detected at L=-1.963444e+02, not replacing live point.
09:43:48 [ultranest] [DEBUG] Plateau detected at L=-1.963444e+02, not replacing live point.
09:43:48 [ultranest] [DEBUG] Plateau detected at L=-1.963444e+02, not replacing live point.
09:43:48 [ultranest] [DEBUG] Plateau detected at L=-1.963444e+02, not replacing live point.
09:43:48 [ultranest] [DEBUG] Plateau detected at L=-1.963444e+02, not replacing live point.
09:43:48 [ultranest] [DEBUG] Plateau detected at L=-1.963444e+02, not replacing live point.
09:43:48 [ultranest] [DEBUG] Plateau detected at L=-1.963444e+02, not replacing live point.
09:43:48 [ultranest] [DEBUG] Plateau detected at L=-1.963444e+02, not replacing live point.
09:43:48 [ultranest] [DEBUG] Plateau detected at L=-1.963444e+02, not replacing live point.
09:43:48 [ultranest] [DEBUG] Plateau detected at L=-1.963444e+02, not replacing live point.
09:43:48 [ultranest] [DEBUG] Plateau detected at L=-1.963444e+02, not replacing live point.
09:43:48 [ultranest] [DEBUG] Plateau detected at L=-1.963444e+02, not replacing live point.
09:43:48 [ultranest] [DEBUG] Plateau detected at L=-1.963444e+02, not replacing live point.
09:43:48 [ultranest] [DEBUG] Plateau detected at L=-1.963444e+02, not replacing live point.
09:43:48 [ultranest] [DEBUG] Plateau detected at L=-1.963444e+02, not replacing live point.
09:43:48 [ultranest] [DEBUG] Plateau detected at L=-1.963444e+02, not replacing live point.
09:43:48 [ultranest] [DEBUG] Plateau detected at L=-1.963444e+02, not replacing live point.
09:43:48 [ultranest] [DEBUG] Plateau detected at L=-1.963444e+02, not replacing live point.
09:43:48 [ultranest] [DEBUG] Plateau detected at L=-1.963444e+02, not replacing live point.
09:43:48 [ultranest] [DEBUG] Plateau detected at L=-1.963444e+02, not replacing live point.
09:43:48 [ultranest] [DEBUG] Plateau detected at L=-1.963444e+02, not replacing live point.
09:43:48 [ultranest] [DEBUG] Plateau detected at L=-1.963444e+02, not replacing live point.
09:43:48 [ultranest] [DEBUG] Plateau detected at L=-1.963444e+02, not replacing live point.
09:43:48 [ultranest] [DEBUG] Plateau detected at L=-1.963444e+02, not replacing live point.
09:43:48 [ultranest] [DEBUG] Plateau detected at L=-1.963444e+02, not replacing live point.
09:43:48 [ultranest] [DEBUG] Plateau detected at L=-1.963444e+02, not replacing live point.
09:43:48 [ultranest] [DEBUG] Plateau detected at L=-1.963444e+02, not replacing live point.
09:43:48 [ultranest] [DEBUG] Plateau detected at L=-1.963444e+02, not replacing live point.
09:43:48 [ultranest] [DEBUG] Plateau detected at L=-1.963444e+02, not replacing live point.
09:43:48 [ultranest] [DEBUG] Plateau detected at L=-1.963444e+02, not replacing live point.
09:43:48 [ultranest] [DEBUG] Plateau detected at L=-1.963444e+02, not replacing live point.
09:43:48 [ultranest] [DEBUG] Plateau detected at L=-1.963444e+02, not replacing live point.
09:43:48 [ultranest] [DEBUG] Plateau detected at L=-1.963444e+02, not replacing live point.
09:43:48 [ultranest] [DEBUG] Plateau detected at L=-1.963444e+02, not replacing live point.
09:43:48 [ultranest] [DEBUG] Plateau detected at L=-1.963444e+02, not replacing live point.
09:43:48 [ultranest] [DEBUG] Plateau detected at L=-1.963444e+02, not replacing live point.
09:43:48 [ultranest] [DEBUG] Plateau detected at L=-1.963444e+02, not replacing live point.
09:43:48 [ultranest] [DEBUG] Plateau detected at L=-1.963444e+02, not replacing live point.
09:43:48 [ultranest] [DEBUG] Plateau detected at L=-1.963444e+02, not replacing live point.
09:43:48 [ultranest] [DEBUG] Plateau detected at L=-1.963444e+02, not replacing live point.
09:43:48 [ultranest] [DEBUG] Plateau detected at L=-1.963444e+02, not replacing live point.
09:43:48 [ultranest] [DEBUG] Plateau detected at L=-1.963444e+02, not replacing live point.
09:43:48 [ultranest] [DEBUG] Plateau detected at L=-1.963444e+02, not replacing live point.
09:43:48 [ultranest] [DEBUG] Plateau detected at L=-1.963444e+02, not replacing live point.
09:43:48 [ultranest] [DEBUG] Plateau detected at L=-1.963444e+02, not replacing live point.
09:43:48 [ultranest] [DEBUG] Plateau detected at L=-1.963444e+02, not replacing live point.
09:43:48 [ultranest] [DEBUG] Plateau detected at L=-1.963444e+02, not replacing live point.
09:43:48 [ultranest] [DEBUG] Plateau detected at L=-1.963444e+02, not replacing live point.
09:43:48 [ultranest] [DEBUG] Plateau detected at L=-1.963444e+02, not replacing live point.
09:43:48 [ultranest] [DEBUG] Plateau detected at L=-1.963444e+02, not replacing live point.
09:43:48 [ultranest] [DEBUG] Plateau detected at L=-1.963444e+02, not replacing live point.
09:43:48 [ultranest] [DEBUG] Plateau detected at L=-1.963444e+02, not replacing live point.
09:43:48 [ultranest] [DEBUG] Plateau detected at L=-1.963444e+02, not replacing live point.
09:43:48 [ultranest] [DEBUG] Plateau detected at L=-1.963444e+02, not replacing live point.
09:43:48 [ultranest] [DEBUG] Plateau detected at L=-1.963444e+02, not replacing live point.
09:43:48 [ultranest] [DEBUG] Plateau detected at L=-1.963444e+02, not replacing live point.
09:43:48 [ultranest] [DEBUG] Plateau detected at L=-1.963444e+02, not replacing live point.
09:43:48 [ultranest] [DEBUG] Plateau detected at L=-1.963444e+02, not replacing live point.
09:43:48 [ultranest] [DEBUG] Plateau detected at L=-1.963444e+02, not replacing live point.
09:43:48 [ultranest] [DEBUG] Plateau detected at L=-1.963444e+02, not replacing live point.
09:43:48 [ultranest] [DEBUG] Plateau detected at L=-1.963444e+02, not replacing live point.
09:43:48 [ultranest] [DEBUG] Plateau detected at L=-1.963444e+02, not replacing live point.
09:43:48 [ultranest] [DEBUG] Plateau detected at L=-1.963444e+02, not replacing live point.
09:43:48 [ultranest] [DEBUG] Plateau detected at L=-1.963444e+02, not replacing live point.
09:43:48 [ultranest] [DEBUG] Plateau detected at L=-1.963444e+02, not replacing live point.
09:43:48 [ultranest] [DEBUG] Plateau detected at L=-1.963444e+02, not replacing live point.
09:43:48 [ultranest] [DEBUG] Plateau detected at L=-1.963444e+02, not replacing live point.
09:43:48 [ultranest] [DEBUG] Plateau detected at L=-1.963444e+02, not replacing live point.
09:43:48 [ultranest] [DEBUG] Plateau detected at L=-1.963444e+02, not replacing live point.
09:43:48 [ultranest] [DEBUG] Plateau detected at L=-1.963444e+02, not replacing live point.
09:43:48 [ultranest] [DEBUG] Plateau detected at L=-1.963444e+02, not replacing live point.
09:43:48 [ultranest] [DEBUG] Plateau detected at L=-1.963444e+02, not replacing live point.
09:43:48 [ultranest] [DEBUG] Plateau detected at L=-1.963444e+02, not replacing live point.
09:43:48 [ultranest] [DEBUG] Plateau detected at L=-1.963444e+02, not replacing live point.
09:43:48 [ultranest] [DEBUG] Plateau detected at L=-1.963444e+02, not replacing live point.
09:43:48 [ultranest] [DEBUG] Plateau detected at L=-1.963444e+02, not replacing live point.
09:43:48 [ultranest] [DEBUG] Plateau detected at L=-1.963444e+02, not replacing live point.
09:43:48 [ultranest] [DEBUG] Plateau detected at L=-1.963444e+02, not replacing live point.
09:43:48 [ultranest] [DEBUG] Plateau detected at L=-1.963444e+02, not replacing live point.
09:43:48 [ultranest] [DEBUG] Plateau detected at L=-1.963444e+02, not replacing live point.
09:43:48 [ultranest] [DEBUG] Plateau detected at L=-1.963444e+02, not replacing live point.
09:43:48 [ultranest] [DEBUG] Plateau detected at L=-1.963444e+02, not replacing live point.
09:43:48 [ultranest] [DEBUG] Plateau detected at L=-1.963444e+02, not replacing live point.
09:43:48 [ultranest] [DEBUG] Plateau detected at L=-1.963444e+02, not replacing live point.
09:43:48 [ultranest] [DEBUG] Plateau detected at L=-1.963444e+02, not replacing live point.
09:43:48 [ultranest] [DEBUG] Plateau detected at L=-1.963444e+02, not replacing live point.
09:43:48 [ultranest] [DEBUG] Plateau detected at L=-1.963444e+02, not replacing live point.
09:43:48 [ultranest] [DEBUG] Plateau detected at L=-1.963444e+02, not replacing live point.
09:43:48 [ultranest] [DEBUG] Plateau detected at L=-1.963444e+02, not replacing live point.
09:43:48 [ultranest] [DEBUG] Plateau detected at L=-1.963444e+02, not replacing live point.
09:43:48 [ultranest] [DEBUG] Plateau detected at L=-1.963444e+02, not replacing live point.
09:43:48 [ultranest] [DEBUG] Plateau detected at L=-1.963444e+02, not replacing live point.
09:43:48 [ultranest] [DEBUG] Plateau detected at L=-1.963444e+02, not replacing live point.
09:43:48 [ultranest] [DEBUG] Plateau detected at L=-1.963444e+02, not replacing live point.
09:43:48 [ultranest] [DEBUG] Plateau detected at L=-1.963444e+02, not replacing live point.
09:43:48 [ultranest] [DEBUG] Plateau detected at L=-1.963444e+02, not replacing live point.
09:43:48 [ultranest] [DEBUG] Plateau detected at L=-1.963444e+02, not replacing live point.
09:43:48 [ultranest] [DEBUG] Plateau detected at L=-1.963444e+02, not replacing live point.
09:43:48 [ultranest] [DEBUG] Plateau detected at L=-1.963444e+02, not replacing live point.
09:43:48 [ultranest] [DEBUG] Plateau detected at L=-1.963444e+02, not replacing live point.
09:43:48 [ultranest] [DEBUG] Plateau detected at L=-1.963444e+02, not replacing live point.
09:43:48 [ultranest] [DEBUG] Plateau detected at L=-1.963444e+02, not replacing live point.
09:43:48 [ultranest] [DEBUG] Plateau detected at L=-1.963444e+02, not replacing live point.
09:43:48 [ultranest] [DEBUG] Plateau detected at L=-1.963444e+02, not replacing live point.
09:43:48 [ultranest] [DEBUG] Plateau detected at L=-1.963444e+02, not replacing live point.
09:43:48 [ultranest] [DEBUG] Plateau detected at L=-1.963444e+02, not replacing live point.
09:43:48 [ultranest] [DEBUG] Plateau detected at L=-1.963444e+02, not replacing live point.
09:43:48 [ultranest] [DEBUG] Plateau detected at L=-1.963444e+02, not replacing live point.
09:43:48 [ultranest] [DEBUG] Plateau detected at L=-1.963444e+02, not replacing live point.
09:43:48 [ultranest] [DEBUG] Plateau detected at L=-1.963444e+02, not replacing live point.
09:43:48 [ultranest] [DEBUG] Plateau detected at L=-1.963444e+02, not replacing live point.
09:43:48 [ultranest] [DEBUG] Plateau detected at L=-1.963444e+02, not replacing live point.
09:43:48 [ultranest] [DEBUG] Plateau detected at L=-1.963444e+02, not replacing live point.
09:43:48 [ultranest] [DEBUG] Plateau detected at L=-1.963444e+02, not replacing live point.
09:43:48 [ultranest] [DEBUG] Plateau detected at L=-1.963444e+02, not replacing live point.
09:43:48 [ultranest] [DEBUG] Plateau detected at L=-1.963444e+02, not replacing live point.
09:43:48 [ultranest] [DEBUG] Plateau detected at L=-1.963444e+02, not replacing live point.
09:43:48 [ultranest] [DEBUG] Plateau detected at L=-1.963444e+02, not replacing live point.
09:43:48 [ultranest] [DEBUG] Plateau detected at L=-1.963444e+02, not replacing live point.
09:43:48 [ultranest] [DEBUG] Plateau detected at L=-1.963444e+02, not replacing live point.
09:43:48 [ultranest] [DEBUG] Plateau detected at L=-1.963444e+02, not replacing live point.
09:43:48 [ultranest] [DEBUG] Plateau detected at L=-1.963444e+02, not replacing live point.
09:43:48 [ultranest] [DEBUG] Plateau detected at L=-1.963444e+02, not replacing live point.
09:43:48 [ultranest] [DEBUG] Plateau detected at L=-1.963444e+02, not replacing live point.
09:43:48 [ultranest] [DEBUG] Plateau detected at L=-1.963444e+02, not replacing live point.
09:43:48 [ultranest] [DEBUG] Plateau detected at L=-1.963444e+02, not replacing live point.
09:43:48 [ultranest] [DEBUG] Plateau detected at L=-1.963444e+02, not replacing live point.
09:43:48 [ultranest] [DEBUG] Plateau detected at L=-1.963444e+02, not replacing live point.
09:43:48 [ultranest] [DEBUG] Plateau detected at L=-1.963444e+02, not replacing live point.
09:43:48 [ultranest] [DEBUG] Plateau detected at L=-1.963444e+02, not replacing live point.
09:43:48 [ultranest] [DEBUG] Plateau detected at L=-1.963444e+02, not replacing live point.
09:43:48 [ultranest] [DEBUG] Plateau detected at L=-1.963444e+02, not replacing live point.
09:43:48 [ultranest] [DEBUG] Plateau detected at L=-1.963444e+02, not replacing live point.
09:43:48 [ultranest] [DEBUG] Plateau detected at L=-1.963444e+02, not replacing live point.
09:43:48 [ultranest] [DEBUG] Plateau detected at L=-1.963444e+02, not replacing live point.
09:43:48 [ultranest] [DEBUG] Plateau detected at L=-1.963444e+02, not replacing live point.
09:43:48 [ultranest] [DEBUG] Plateau detected at L=-1.963444e+02, not replacing live point.
09:43:48 [ultranest] [DEBUG] Plateau detected at L=-1.963444e+02, not replacing live point.
09:43:48 [ultranest] [DEBUG] Plateau detected at L=-1.963444e+02, not replacing live point.
09:43:48 [ultranest] [DEBUG] Plateau detected at L=-1.963444e+02, not replacing live point.
09:43:48 [ultranest] [DEBUG] Plateau detected at L=-1.963444e+02, not replacing live point.
09:43:48 [ultranest] [DEBUG] Plateau detected at L=-1.963444e+02, not replacing live point.
09:43:48 [ultranest] [DEBUG] Plateau detected at L=-1.963444e+02, not replacing live point.
09:43:48 [ultranest] [DEBUG] Plateau detected at L=-1.963444e+02, not replacing live point.
09:43:48 [ultranest] [DEBUG] Plateau detected at L=-1.963444e+02, not replacing live point.
09:43:48 [ultranest] [DEBUG] Plateau detected at L=-1.963444e+02, not replacing live point.
09:43:48 [ultranest] [DEBUG] Plateau detected at L=-1.963444e+02, not replacing live point.
09:43:48 [ultranest] [DEBUG] Plateau detected at L=-1.963444e+02, not replacing live point.
09:43:48 [ultranest] [DEBUG] Plateau detected at L=-1.963444e+02, not replacing live point.
09:43:48 [ultranest] [DEBUG] Plateau detected at L=-1.963444e+02, not replacing live point.
09:43:48 [ultranest] [DEBUG] Plateau detected at L=-1.963444e+02, not replacing live point.
09:43:48 [ultranest] [DEBUG] Plateau detected at L=-1.963444e+02, not replacing live point.
09:43:48 [ultranest] [DEBUG] Plateau detected at L=-1.963444e+02, not replacing live point.
09:43:48 [ultranest] [DEBUG] Plateau detected at L=-1.963444e+02, not replacing live point.
09:43:48 [ultranest] [DEBUG] Plateau detected at L=-1.963444e+02, not replacing live point.
09:43:48 [ultranest] [DEBUG] Plateau detected at L=-1.963444e+02, not replacing live point.
09:43:48 [ultranest] [DEBUG] Plateau detected at L=-1.963444e+02, not replacing live point.
09:43:48 [ultranest] [DEBUG] Plateau detected at L=-1.963444e+02, not replacing live point.
09:43:48 [ultranest] [DEBUG] Plateau detected at L=-1.963444e+02, not replacing live point.
09:43:48 [ultranest] [DEBUG] Plateau detected at L=-1.963444e+02, not replacing live point.
09:43:48 [ultranest] [DEBUG] Plateau detected at L=-1.963444e+02, not replacing live point.
09:43:48 [ultranest] [DEBUG] Plateau detected at L=-1.963444e+02, not replacing live point.
09:43:48 [ultranest] [DEBUG] Plateau detected at L=-1.963444e+02, not replacing live point.
09:43:48 [ultranest] [DEBUG] Plateau detected at L=-1.963444e+02, not replacing live point.
09:43:48 [ultranest] [DEBUG] Plateau detected at L=-1.963444e+02, not replacing live point.
09:43:48 [ultranest] [DEBUG] Plateau detected at L=-1.963444e+02, not replacing live point.
09:43:48 [ultranest] [DEBUG] Plateau detected at L=-1.963444e+02, not replacing live point.
09:43:48 [ultranest] [DEBUG] Plateau detected at L=-1.963444e+02, not replacing live point.
09:43:48 [ultranest] [DEBUG] Plateau detected at L=-1.963444e+02, not replacing live point.
09:43:48 [ultranest] [DEBUG] Plateau detected at L=-1.963444e+02, not replacing live point.
09:43:48 [ultranest] [DEBUG] Plateau detected at L=-1.963444e+02, not replacing live point.
09:43:48 [ultranest] [DEBUG] Plateau detected at L=-1.963444e+02, not replacing live point.
09:43:48 [ultranest] [DEBUG] Plateau detected at L=-1.963444e+02, not replacing live point.
09:43:48 [ultranest] [DEBUG] Plateau detected at L=-1.963444e+02, not replacing live point.
09:43:48 [ultranest] [DEBUG] Plateau detected at L=-1.963444e+02, not replacing live point.
09:43:48 [ultranest] [DEBUG] Plateau detected at L=-1.963444e+02, not replacing live point.
09:43:48 [ultranest] [DEBUG] Plateau detected at L=-1.963444e+02, not replacing live point.
09:43:48 [ultranest] [DEBUG] Plateau detected at L=-1.963444e+02, not replacing live point.
09:43:48 [ultranest] [DEBUG] Plateau detected at L=-1.963444e+02, not replacing live point.
09:43:48 [ultranest] [DEBUG] Plateau detected at L=-1.963444e+02, not replacing live point.
09:43:48 [ultranest] [DEBUG] Plateau detected at L=-1.963444e+02, not replacing live point.
09:43:48 [ultranest] [DEBUG] Plateau detected at L=-1.963444e+02, not replacing live point.
09:43:48 [ultranest] [DEBUG] Plateau detected at L=-1.963444e+02, not replacing live point.
09:43:48 [ultranest] [DEBUG] Plateau detected at L=-1.963444e+02, not replacing live point.
09:43:48 [ultranest] [DEBUG] Plateau detected at L=-1.963444e+02, not replacing live point.
09:43:48 [ultranest] [DEBUG] Plateau detected at L=-1.963444e+02, not replacing live point.
09:43:48 [ultranest] [DEBUG] Plateau detected at L=-1.963444e+02, not replacing live point.
09:43:48 [ultranest] [DEBUG] Plateau detected at L=-1.963444e+02, not replacing live point.
09:43:48 [ultranest] [DEBUG] Plateau detected at L=-1.963444e+02, not replacing live point.
09:43:48 [ultranest] [DEBUG] Plateau detected at L=-1.963444e+02, not replacing live point.
09:43:48 [ultranest] [DEBUG] Plateau detected at L=-1.963444e+02, not replacing live point.
09:43:48 [ultranest] [DEBUG] Plateau detected at L=-1.963444e+02, not replacing live point.
09:43:48 [ultranest] [DEBUG] Plateau detected at L=-1.963444e+02, not replacing live point.
09:43:48 [ultranest] [DEBUG] Plateau detected at L=-1.963444e+02, not replacing live point.
09:43:48 [ultranest] [DEBUG] Plateau detected at L=-1.963444e+02, not replacing live point.
09:43:48 [ultranest] [DEBUG] Plateau detected at L=-1.963444e+02, not replacing live point.
09:43:48 [ultranest] [DEBUG] Plateau detected at L=-1.963444e+02, not replacing live point.
09:43:48 [ultranest] [DEBUG] Plateau detected at L=-1.963444e+02, not replacing live point.
09:43:48 [ultranest] [DEBUG] Plateau detected at L=-1.963444e+02, not replacing live point.
09:43:48 [ultranest] [DEBUG] Plateau detected at L=-1.963444e+02, not replacing live point.
09:43:48 [ultranest] [DEBUG] Plateau detected at L=-1.963444e+02, not replacing live point.
09:43:48 [ultranest] [DEBUG] Plateau detected at L=-1.963444e+02, not replacing live point.
09:43:48 [ultranest] [DEBUG] Plateau detected at L=-1.963444e+02, not replacing live point.
09:43:48 [ultranest] [DEBUG] iteration=265, ncalls=459, regioncalls=2360, ndraw=40, logz=-197.11, remainder_fraction=100.0000%, Lmin=-196.34, Lmax=-26.98
09:43:48 [ultranest] [DEBUG] Plateau detected at L=-1.963444e+02, not replacing live point.
09:43:49 [ultranest] [DEBUG] iteration=267, ncalls=461, regioncalls=2440, ndraw=40, logz=-197.10, remainder_fraction=100.0000%, Lmin=-196.34, Lmax=-26.98
09:43:49 [ultranest] [DEBUG] Plateau detected at L=-1.963444e+02, not replacing live point.
09:43:49 [ultranest] [DEBUG] iteration=269, ncalls=463, regioncalls=2520, ndraw=40, logz=-197.09, remainder_fraction=100.0000%, Lmin=-196.34, Lmax=-26.98
09:43:49 [ultranest] [DEBUG] Plateau detected at L=-1.963444e+02, not replacing live point.
09:43:49 [ultranest] [DEBUG] iteration=281, ncalls=478, regioncalls=3120, ndraw=40, logz=-197.04, remainder_fraction=100.0000%, Lmin=-196.34, Lmax=-26.98
09:43:49 [ultranest] [DEBUG] iteration=303, ncalls=522, regioncalls=4880, ndraw=40, logz=-196.96, remainder_fraction=100.0000%, Lmin=-196.34, Lmax=-11.13
09:43:49 [ultranest] [DEBUG] iteration=320, ncalls=548, regioncalls=5920, ndraw=40, logz=-196.91, remainder_fraction=100.0000%, Lmin=-196.34, Lmax=-11.13
09:43:49 [ultranest] [DEBUG] iteration=323, ncalls=552, regioncalls=6080, ndraw=40, logz=-196.90, remainder_fraction=100.0000%, Lmin=-196.34, Lmax=-11.13
09:43:49 [ultranest] [DEBUG] iteration=346, ncalls=595, regioncalls=7800, ndraw=40, logz=-196.84, remainder_fraction=100.0000%, Lmin=-196.34, Lmax=-11.13
09:43:49 [ultranest] [DEBUG] iteration=360, ncalls=624, regioncalls=8960, ndraw=40, logz=-196.81, remainder_fraction=100.0000%, Lmin=-196.34, Lmax=-11.13
09:43:49 [ultranest] [DEBUG] iteration=365, ncalls=631, regioncalls=9240, ndraw=40, logz=-196.80, remainder_fraction=100.0000%, Lmin=-196.34, Lmax=-11.13
09:43:49 [ultranest] [DEBUG] iteration=383, ncalls=678, regioncalls=11120, ndraw=40, logz=-196.76, remainder_fraction=100.0000%, Lmin=-196.34, Lmax=-9.59
09:43:49 [ultranest] [DEBUG] iteration=400, ncalls=717, regioncalls=12680, ndraw=40, logz=-196.73, remainder_fraction=100.0000%, Lmin=-196.32, Lmax=-9.59
09:43:49 [ultranest] [DEBUG] iteration=421, ncalls=760, regioncalls=14400, ndraw=40, logz=-196.70, remainder_fraction=100.0000%, Lmin=-196.25, Lmax=-9.59
09:43:49 [ultranest] [DEBUG] iteration=440, ncalls=798, regioncalls=15920, ndraw=40, logz=-196.67, remainder_fraction=100.0000%, Lmin=-196.14, Lmax=-9.59
09:43:49 [ultranest] [DEBUG] iteration=456, ncalls=847, regioncalls=17880, ndraw=40, logz=-196.65, remainder_fraction=100.0000%, Lmin=-195.79, Lmax=-9.59
09:43:50 [ultranest] [DEBUG] iteration=473, ncalls=902, regioncalls=20080, ndraw=40, logz=-196.61, remainder_fraction=100.0000%, Lmin=-195.08, Lmax=-9.59
09:43:50 [ultranest] [DEBUG] iteration=480, ncalls=916, regioncalls=20640, ndraw=40, logz=-196.58, remainder_fraction=100.0000%, Lmin=-194.83, Lmax=-9.59
09:43:50 [ultranest] [DEBUG] iteration=491, ncalls=939, regioncalls=21560, ndraw=40, logz=-196.52, remainder_fraction=100.0000%, Lmin=-194.09, Lmax=-9.59
09:43:50 [ultranest] [DEBUG] iteration=514, ncalls=985, regioncalls=23400, ndraw=40, logz=-196.17, remainder_fraction=100.0000%, Lmin=-192.36, Lmax=-9.59
09:43:50 [ultranest] [DEBUG] iteration=520, ncalls=1003, regioncalls=24120, ndraw=40, logz=-196.00, remainder_fraction=100.0000%, Lmin=-191.96, Lmax=-9.59
09:43:50 [ultranest] [DEBUG] iteration=538, ncalls=1044, regioncalls=25760, ndraw=40, logz=-194.36, remainder_fraction=100.0000%, Lmin=-188.23, Lmax=-9.59
09:43:50 [ultranest] [DEBUG] iteration=554, ncalls=1080, regioncalls=27200, ndraw=40, logz=-190.83, remainder_fraction=100.0000%, Lmin=-184.28, Lmax=-9.59
09:43:50 [ultranest] [DEBUG] iteration=560, ncalls=1097, regioncalls=27880, ndraw=40, logz=-189.08, remainder_fraction=100.0000%, Lmin=-182.13, Lmax=-9.59
09:43:50 [ultranest] [DEBUG] iteration=576, ncalls=1135, regioncalls=29400, ndraw=40, logz=-184.61, remainder_fraction=100.0000%, Lmin=-178.01, Lmax=-9.59
09:43:50 [ultranest] [DEBUG] iteration=592, ncalls=1173, regioncalls=30920, ndraw=40, logz=-178.16, remainder_fraction=100.0000%, Lmin=-170.97, Lmax=-9.59
09:43:50 [ultranest] [DEBUG] iteration=600, ncalls=1213, regioncalls=32520, ndraw=40, logz=-175.61, remainder_fraction=100.0000%, Lmin=-168.96, Lmax=-9.59
09:43:50 [ultranest] [DEBUG] iteration=616, ncalls=1261, regioncalls=34440, ndraw=40, logz=-169.33, remainder_fraction=100.0000%, Lmin=-162.10, Lmax=-9.45
09:43:51 [ultranest] [DEBUG] iteration=635, ncalls=1301, regioncalls=36040, ndraw=40, logz=-160.48, remainder_fraction=100.0000%, Lmin=-152.89, Lmax=-9.45
09:43:51 [ultranest] [DEBUG] iteration=640, ncalls=1317, regioncalls=36680, ndraw=40, logz=-158.00, remainder_fraction=100.0000%, Lmin=-150.75, Lmax=-9.45
09:43:51 [ultranest] [DEBUG] iteration=659, ncalls=1370, regioncalls=38800, ndraw=40, logz=-149.89, remainder_fraction=100.0000%, Lmin=-142.41, Lmax=-9.45
09:43:51 [ultranest] [DEBUG] iteration=673, ncalls=1418, regioncalls=40720, ndraw=40, logz=-143.86, remainder_fraction=100.0000%, Lmin=-135.33, Lmax=-9.45
09:43:51 [ultranest] [DEBUG] iteration=680, ncalls=1431, regioncalls=41280, ndraw=40, logz=-138.90, remainder_fraction=100.0000%, Lmin=-130.34, Lmax=-9.45
09:43:51 [ultranest] [DEBUG] iteration=693, ncalls=1492, regioncalls=43720, ndraw=40, logz=-130.70, remainder_fraction=100.0000%, Lmin=-122.69, Lmax=-9.45
09:43:51 [ultranest] [DEBUG] iteration=704, ncalls=1539, regioncalls=45600, ndraw=40, logz=-125.87, remainder_fraction=100.0000%, Lmin=-118.17, Lmax=-9.45
09:43:51 [ultranest] [DEBUG] iteration=716, ncalls=1589, regioncalls=47600, ndraw=40, logz=-121.88, remainder_fraction=100.0000%, Lmin=-113.74, Lmax=-9.45
09:43:51 [ultranest] [DEBUG] iteration=720, ncalls=1601, regioncalls=48080, ndraw=40, logz=-119.70, remainder_fraction=100.0000%, Lmin=-111.73, Lmax=-9.45
09:43:51 [ultranest] [DEBUG] iteration=732, ncalls=1655, regioncalls=50240, ndraw=40, logz=-113.45, remainder_fraction=100.0000%, Lmin=-105.68, Lmax=-9.45
09:43:51 [ultranest] [DEBUG] iteration=743, ncalls=1704, regioncalls=52200, ndraw=40, logz=-107.64, remainder_fraction=100.0000%, Lmin=-100.10, Lmax=-9.45
09:43:51 [ultranest] [DEBUG] iteration=754, ncalls=1756, regioncalls=54280, ndraw=40, logz=-104.64, remainder_fraction=100.0000%, Lmin=-96.99, Lmax=-9.45
09:43:52 [ultranest] [DEBUG] iteration=760, ncalls=1793, regioncalls=55760, ndraw=40, logz=-102.43, remainder_fraction=100.0000%, Lmin=-95.15, Lmax=-9.45
09:43:52 [ultranest] [DEBUG] iteration=774, ncalls=1851, regioncalls=58080, ndraw=40, logz=-98.31, remainder_fraction=100.0000%, Lmin=-90.49, Lmax=-9.45
09:43:52 [ultranest] [DEBUG] iteration=785, ncalls=1903, regioncalls=60160, ndraw=40, logz=-95.86, remainder_fraction=100.0000%, Lmin=-88.14, Lmax=-9.45
09:43:52 [ultranest] [DEBUG] iteration=796, ncalls=1956, regioncalls=62280, ndraw=40, logz=-92.02, remainder_fraction=100.0000%, Lmin=-83.97, Lmax=-9.45
09:43:52 [ultranest] [DEBUG] iteration=800, ncalls=1977, regioncalls=63120, ndraw=40, logz=-90.58, remainder_fraction=100.0000%, Lmin=-82.01, Lmax=-8.41
09:43:52 [ultranest] [DEBUG] iteration=809, ncalls=2036, regioncalls=65520, ndraw=40, logz=-87.89, remainder_fraction=100.0000%, Lmin=-80.00, Lmax=-8.41
09:43:52 [ultranest] [DEBUG] iteration=818, ncalls=2095, regioncalls=67880, ndraw=40, logz=-83.87, remainder_fraction=100.0000%, Lmin=-75.58, Lmax=-8.41
09:43:52 [ultranest] [DEBUG] iteration=827, ncalls=2150, regioncalls=70080, ndraw=40, logz=-80.60, remainder_fraction=100.0000%, Lmin=-72.44, Lmax=-8.41
09:43:52 [ultranest] [DEBUG] iteration=834, ncalls=2201, regioncalls=72120, ndraw=40, logz=-78.86, remainder_fraction=100.0000%, Lmin=-71.17, Lmax=-8.41
09:43:52 [ultranest] [DEBUG] iteration=840, ncalls=2242, regioncalls=73760, ndraw=40, logz=-77.86, remainder_fraction=100.0000%, Lmin=-70.73, Lmax=-8.41
09:43:52 [ultranest] [DEBUG] iteration=852, ncalls=2300, regioncalls=76080, ndraw=40, logz=-75.40, remainder_fraction=100.0000%, Lmin=-67.30, Lmax=-8.41
09:43:53 [ultranest] [DEBUG] iteration=862, ncalls=2366, regioncalls=78720, ndraw=40, logz=-73.24, remainder_fraction=100.0000%, Lmin=-65.43, Lmax=-8.41
09:43:53 [ultranest] [DEBUG] iteration=869, ncalls=2392, regioncalls=79760, ndraw=40, logz=-71.31, remainder_fraction=100.0000%, Lmin=-62.86, Lmax=-8.41
09:43:53 [ultranest] [DEBUG] iteration=880, ncalls=2415, regioncalls=80720, ndraw=40, logz=-68.16, remainder_fraction=100.0000%, Lmin=-59.96, Lmax=-8.41
09:43:53 [ultranest] [DEBUG] iteration=892, ncalls=2472, regioncalls=83000, ndraw=40, logz=-64.99, remainder_fraction=100.0000%, Lmin=-56.45, Lmax=-8.41
09:43:53 [ultranest] [DEBUG] iteration=907, ncalls=2519, regioncalls=84880, ndraw=40, logz=-60.73, remainder_fraction=100.0000%, Lmin=-52.49, Lmax=-8.41
09:43:53 [ultranest] [DEBUG] iteration=911, ncalls=2525, regioncalls=85160, ndraw=40, logz=-59.92, remainder_fraction=100.0000%, Lmin=-52.16, Lmax=-8.41
09:43:53 [ultranest] [DEBUG] iteration=920, ncalls=2556, regioncalls=86400, ndraw=40, logz=-58.73, remainder_fraction=100.0000%, Lmin=-50.74, Lmax=-8.41
09:43:53 [ultranest] [DEBUG] iteration=939, ncalls=2601, regioncalls=88200, ndraw=40, logz=-56.41, remainder_fraction=100.0000%, Lmin=-48.97, Lmax=-8.06
09:43:53 [ultranest] [DEBUG] iteration=950, ncalls=2642, regioncalls=89840, ndraw=40, logz=-55.29, remainder_fraction=100.0000%, Lmin=-47.59, Lmax=-8.06
09:43:53 [ultranest] [DEBUG] iteration=953, ncalls=2649, regioncalls=90120, ndraw=40, logz=-54.94, remainder_fraction=100.0000%, Lmin=-47.05, Lmax=-8.06
09:43:53 [ultranest] [DEBUG] iteration=960, ncalls=2677, regioncalls=91320, ndraw=40, logz=-54.15, remainder_fraction=100.0000%, Lmin=-46.61, Lmax=-8.06
09:43:53 [ultranest] [DEBUG] iteration=974, ncalls=2727, regioncalls=93320, ndraw=40, logz=-52.87, remainder_fraction=100.0000%, Lmin=-45.42, Lmax=-8.06
09:43:54 [ultranest] [DEBUG] iteration=989, ncalls=2782, regioncalls=95520, ndraw=40, logz=-51.58, remainder_fraction=100.0000%, Lmin=-43.61, Lmax=-8.06
09:43:54 [ultranest] [DEBUG] iteration=995, ncalls=2798, regioncalls=96200, ndraw=40, logz=-50.80, remainder_fraction=100.0000%, Lmin=-42.44, Lmax=-8.06
09:43:54 [ultranest] [DEBUG] iteration=1000, ncalls=2814, regioncalls=96920, ndraw=40, logz=-50.09, remainder_fraction=100.0000%, Lmin=-42.08, Lmax=-7.67
09:43:54 [ultranest] [DEBUG] iteration=1016, ncalls=2853, regioncalls=98480, ndraw=40, logz=-48.18, remainder_fraction=100.0000%, Lmin=-39.99, Lmax=-7.67
09:43:54 [ultranest] [DEBUG] iteration=1029, ncalls=2911, regioncalls=100800, ndraw=40, logz=-46.77, remainder_fraction=100.0000%, Lmin=-38.56, Lmax=-7.61
09:43:54 [ultranest] [DEBUG] iteration=1037, ncalls=2936, regioncalls=101840, ndraw=40, logz=-45.81, remainder_fraction=100.0000%, Lmin=-37.59, Lmax=-7.61
09:43:54 [ultranest] [DEBUG] iteration=1040, ncalls=2941, regioncalls=102040, ndraw=40, logz=-45.44, remainder_fraction=100.0000%, Lmin=-37.30, Lmax=-7.61
09:43:54 [ultranest] [DEBUG] iteration=1055, ncalls=2978, regioncalls=103520, ndraw=40, logz=-44.21, remainder_fraction=100.0000%, Lmin=-36.42, Lmax=-7.61
09:43:54 [ultranest] [DEBUG] iteration=1073, ncalls=3028, regioncalls=105520, ndraw=40, logz=-42.52, remainder_fraction=100.0000%, Lmin=-34.26, Lmax=-7.61
09:43:54 [ultranest] [DEBUG] iteration=1079, ncalls=3039, regioncalls=105960, ndraw=40, logz=-41.64, remainder_fraction=100.0000%, Lmin=-32.96, Lmax=-7.61
09:43:54 [ultranest] [DEBUG] iteration=1080, ncalls=3040, regioncalls=106040, ndraw=40, logz=-41.49, remainder_fraction=100.0000%, Lmin=-32.69, Lmax=-7.61
09:43:54 [ultranest] [DEBUG] iteration=1094, ncalls=3088, regioncalls=108000, ndraw=40, logz=-39.80, remainder_fraction=100.0000%, Lmin=-31.41, Lmax=-7.61
09:43:54 [ultranest] [DEBUG] iteration=1113, ncalls=3146, regioncalls=110360, ndraw=40, logz=-37.92, remainder_fraction=100.0000%, Lmin=-29.67, Lmax=-7.61
09:43:54 [ultranest] [DEBUG] iteration=1120, ncalls=3164, regioncalls=111080, ndraw=40, logz=-37.29, remainder_fraction=100.0000%, Lmin=-28.77, Lmax=-7.61
09:43:54 [ultranest] [DEBUG] iteration=1121, ncalls=3170, regioncalls=111360, ndraw=40, logz=-37.18, remainder_fraction=100.0000%, Lmin=-28.75, Lmax=-7.61
09:43:55 [ultranest] [DEBUG] iteration=1139, ncalls=3217, regioncalls=113240, ndraw=40, logz=-35.71, remainder_fraction=100.0000%, Lmin=-27.39, Lmax=-7.61
09:43:55 [ultranest] [DEBUG] iteration=1153, ncalls=3259, regioncalls=114920, ndraw=40, logz=-34.39, remainder_fraction=100.0000%, Lmin=-25.80, Lmax=-7.61
09:43:55 [ultranest] [DEBUG] iteration=1160, ncalls=3273, regioncalls=115480, ndraw=40, logz=-33.81, remainder_fraction=100.0000%, Lmin=-25.47, Lmax=-7.61
09:43:55 [ultranest] [DEBUG] iteration=1163, ncalls=3277, regioncalls=115640, ndraw=40, logz=-33.61, remainder_fraction=100.0000%, Lmin=-25.36, Lmax=-7.61
09:43:55 [ultranest] [DEBUG] iteration=1179, ncalls=3324, regioncalls=117560, ndraw=40, logz=-32.36, remainder_fraction=100.0000%, Lmin=-23.84, Lmax=-7.61
09:43:55 [ultranest] [DEBUG] iteration=1194, ncalls=3375, regioncalls=119600, ndraw=40, logz=-31.35, remainder_fraction=100.0000%, Lmin=-22.99, Lmax=-7.61
09:43:55 [ultranest] [DEBUG] iteration=1200, ncalls=3389, regioncalls=120160, ndraw=40, logz=-30.95, remainder_fraction=100.0000%, Lmin=-22.44, Lmax=-7.61
09:43:55 [ultranest] [DEBUG] iteration=1217, ncalls=3435, regioncalls=122000, ndraw=40, logz=-29.81, remainder_fraction=99.9999%, Lmin=-21.41, Lmax=-7.61
09:43:55 [ultranest] [DEBUG] iteration=1232, ncalls=3488, regioncalls=124120, ndraw=40, logz=-28.90, remainder_fraction=99.9996%, Lmin=-20.19, Lmax=-7.61
09:43:55 [ultranest] [DEBUG] iteration=1240, ncalls=3509, regioncalls=124960, ndraw=40, logz=-28.35, remainder_fraction=99.9994%, Lmin=-19.64, Lmax=-7.61
09:43:55 [ultranest] [DEBUG] iteration=1260, ncalls=3553, regioncalls=126720, ndraw=40, logz=-27.18, remainder_fraction=99.9981%, Lmin=-18.56, Lmax=-7.61
09:43:55 [ultranest] [DEBUG] iteration=1276, ncalls=3607, regioncalls=128880, ndraw=40, logz=-26.35, remainder_fraction=99.9954%, Lmin=-17.93, Lmax=-7.61
09:43:55 [ultranest] [DEBUG] iteration=1280, ncalls=3613, regioncalls=129120, ndraw=40, logz=-26.19, remainder_fraction=99.9945%, Lmin=-17.73, Lmax=-7.61
09:43:56 [ultranest] [DEBUG] iteration=1289, ncalls=3651, regioncalls=130720, ndraw=40, logz=-25.84, remainder_fraction=99.9923%, Lmin=-17.50, Lmax=-7.61
09:43:56 [ultranest] [DEBUG] iteration=1312, ncalls=3693, regioncalls=132400, ndraw=40, logz=-24.88, remainder_fraction=99.9796%, Lmin=-16.31, Lmax=-7.58
09:43:56 [ultranest] [DEBUG] iteration=1320, ncalls=3709, regioncalls=133040, ndraw=40, logz=-24.56, remainder_fraction=99.9719%, Lmin=-16.00, Lmax=-7.58
09:43:56 [ultranest] [DEBUG] iteration=1331, ncalls=3735, regioncalls=134120, ndraw=40, logz=-24.17, remainder_fraction=99.9582%, Lmin=-15.71, Lmax=-7.58
09:43:56 [ultranest] [DEBUG] iteration=1348, ncalls=3782, regioncalls=136000, ndraw=40, logz=-23.61, remainder_fraction=99.9273%, Lmin=-15.02, Lmax=-7.52
09:43:56 [ultranest] [DEBUG] iteration=1360, ncalls=3809, regioncalls=137120, ndraw=40, logz=-23.21, remainder_fraction=99.8881%, Lmin=-14.61, Lmax=-7.52
09:43:56 [ultranest] [DEBUG] iteration=1378, ncalls=3851, regioncalls=138840, ndraw=40, logz=-22.66, remainder_fraction=99.8063%, Lmin=-14.10, Lmax=-7.52
09:43:56 [ultranest] [DEBUG] iteration=1400, ncalls=3891, regioncalls=140440, ndraw=40, logz=-22.05, remainder_fraction=99.6517%, Lmin=-13.32, Lmax=-7.52
09:43:56 [ultranest] [DEBUG] iteration=1415, ncalls=3935, regioncalls=142240, ndraw=40, logz=-21.64, remainder_fraction=99.4584%, Lmin=-12.87, Lmax=-7.52
09:43:56 [ultranest] [DEBUG] iteration=1437, ncalls=3980, regioncalls=144040, ndraw=40, logz=-21.07, remainder_fraction=99.0817%, Lmin=-12.29, Lmax=-7.52
09:43:56 [ultranest] [DEBUG] iteration=1440, ncalls=3983, regioncalls=144160, ndraw=40, logz=-20.99, remainder_fraction=99.0204%, Lmin=-12.15, Lmax=-7.52
09:43:56 [ultranest] [DEBUG] iteration=1460, ncalls=4024, regioncalls=145800, ndraw=40, logz=-20.50, remainder_fraction=98.3595%, Lmin=-11.71, Lmax=-7.52
09:43:57 [ultranest] [DEBUG] iteration=1476, ncalls=4062, regioncalls=147320, ndraw=40, logz=-20.14, remainder_fraction=97.5738%, Lmin=-11.29, Lmax=-7.52
09:43:57 [ultranest] [DEBUG] iteration=1480, ncalls=4071, regioncalls=147680, ndraw=40, logz=-20.05, remainder_fraction=97.3732%, Lmin=-11.24, Lmax=-7.52
09:43:57 [ultranest] [DEBUG] iteration=1499, ncalls=4123, regioncalls=149800, ndraw=40, logz=-19.70, remainder_fraction=96.2001%, Lmin=-10.96, Lmax=-7.52
09:43:57 [ultranest] [DEBUG] iteration=1518, ncalls=4166, regioncalls=151560, ndraw=40, logz=-19.38, remainder_fraction=94.8232%, Lmin=-10.56, Lmax=-7.52
09:43:57 [ultranest] [DEBUG] iteration=1520, ncalls=4171, regioncalls=151760, ndraw=40, logz=-19.34, remainder_fraction=94.6274%, Lmin=-10.56, Lmax=-7.52
09:43:57 [ultranest] [DEBUG] iteration=1541, ncalls=4219, regioncalls=153720, ndraw=40, logz=-19.01, remainder_fraction=92.3722%, Lmin=-10.23, Lmax=-7.52
09:43:57 [ultranest] [DEBUG] iteration=1559, ncalls=4262, regioncalls=155440, ndraw=40, logz=-18.77, remainder_fraction=90.3117%, Lmin=-10.05, Lmax=-7.52
09:43:57 [ultranest] [DEBUG] iteration=1560, ncalls=4263, regioncalls=155480, ndraw=40, logz=-18.76, remainder_fraction=90.1555%, Lmin=-10.05, Lmax=-7.52
09:43:57 [ultranest] [DEBUG] iteration=1583, ncalls=4308, regioncalls=157320, ndraw=40, logz=-18.49, remainder_fraction=87.2895%, Lmin=-9.74, Lmax=-7.52
09:43:57 [ultranest] [DEBUG] iteration=1600, ncalls=4341, regioncalls=158640, ndraw=40, logz=-18.30, remainder_fraction=84.6139%, Lmin=-9.48, Lmax=-7.52
09:43:57 [ultranest] [DEBUG] iteration=1620, ncalls=4393, regioncalls=160720, ndraw=40, logz=-18.11, remainder_fraction=81.6532%, Lmin=-9.38, Lmax=-7.48
09:43:57 [ultranest] [DEBUG] iteration=1636, ncalls=4435, regioncalls=162400, ndraw=40, logz=-17.97, remainder_fraction=79.1997%, Lmin=-9.25, Lmax=-7.48
09:43:57 [ultranest] [DEBUG] iteration=1640, ncalls=4449, regioncalls=162960, ndraw=40, logz=-17.94, remainder_fraction=78.5031%, Lmin=-9.22, Lmax=-7.48
09:43:58 [ultranest] [DEBUG] iteration=1656, ncalls=4490, regioncalls=164600, ndraw=40, logz=-17.81, remainder_fraction=75.7586%, Lmin=-9.10, Lmax=-7.48
09:43:58 [ultranest] [DEBUG] iteration=1672, ncalls=4542, regioncalls=166680, ndraw=40, logz=-17.70, remainder_fraction=72.7676%, Lmin=-8.97, Lmax=-7.48
09:43:58 [ultranest] [DEBUG] iteration=1680, ncalls=4562, regioncalls=167480, ndraw=40, logz=-17.65, remainder_fraction=71.5245%, Lmin=-8.92, Lmax=-7.47
09:43:58 [ultranest] [DEBUG] iteration=1697, ncalls=4611, regioncalls=169440, ndraw=40, logz=-17.54, remainder_fraction=68.6640%, Lmin=-8.81, Lmax=-7.47
09:43:58 [ultranest] [DEBUG] iteration=1709, ncalls=4642, regioncalls=170800, ndraw=40, logz=-17.47, remainder_fraction=66.4516%, Lmin=-8.73, Lmax=-7.47
09:43:58 [ultranest] [DEBUG] iteration=1720, ncalls=4676, regioncalls=172160, ndraw=40, logz=-17.41, remainder_fraction=64.4758%, Lmin=-8.68, Lmax=-7.47
09:43:58 [ultranest] [DEBUG] iteration=1741, ncalls=4720, regioncalls=173920, ndraw=40, logz=-17.31, remainder_fraction=60.4047%, Lmin=-8.57, Lmax=-7.47
09:43:58 [ultranest] [DEBUG] iteration=1751, ncalls=4745, regioncalls=174960, ndraw=40, logz=-17.26, remainder_fraction=58.5993%, Lmin=-8.51, Lmax=-7.44
09:43:58 [ultranest] [DEBUG] iteration=1760, ncalls=4766, regioncalls=175800, ndraw=40, logz=-17.22, remainder_fraction=56.7743%, Lmin=-8.48, Lmax=-7.44
09:43:58 [ultranest] [DEBUG] iteration=1781, ncalls=4807, regioncalls=177440, ndraw=40, logz=-17.13, remainder_fraction=52.6541%, Lmin=-8.37, Lmax=-7.44
09:43:58 [ultranest] [DEBUG] iteration=1793, ncalls=4832, regioncalls=178480, ndraw=40, logz=-17.09, remainder_fraction=50.5735%, Lmin=-8.34, Lmax=-7.44
09:43:58 [ultranest] [DEBUG] iteration=1800, ncalls=4845, regioncalls=179000, ndraw=40, logz=-17.06, remainder_fraction=49.2953%, Lmin=-8.32, Lmax=-7.44
09:43:58 [ultranest] [DEBUG] iteration=1819, ncalls=4887, regioncalls=180680, ndraw=40, logz=-17.00, remainder_fraction=46.1415%, Lmin=-8.25, Lmax=-7.44
09:43:59 [ultranest] [DEBUG] iteration=1835, ncalls=4929, regioncalls=182400, ndraw=40, logz=-16.95, remainder_fraction=43.4214%, Lmin=-8.21, Lmax=-7.44
09:43:59 [ultranest] [DEBUG] iteration=1840, ncalls=4936, regioncalls=182680, ndraw=40, logz=-16.94, remainder_fraction=42.7510%, Lmin=-8.19, Lmax=-7.44
09:43:59 [ultranest] [DEBUG] iteration=1854, ncalls=4981, regioncalls=184480, ndraw=40, logz=-16.90, remainder_fraction=40.5164%, Lmin=-8.14, Lmax=-7.44
09:43:59 [ultranest] [DEBUG] iteration=1870, ncalls=5028, regioncalls=186360, ndraw=40, logz=-16.86, remainder_fraction=38.1714%, Lmin=-8.08, Lmax=-7.44
09:43:59 [ultranest] [DEBUG] iteration=1877, ncalls=5054, regioncalls=187440, ndraw=40, logz=-16.84, remainder_fraction=37.1298%, Lmin=-8.07, Lmax=-7.44
09:43:59 [ultranest] [DEBUG] iteration=1880, ncalls=5058, regioncalls=187600, ndraw=40, logz=-16.84, remainder_fraction=36.6592%, Lmin=-8.06, Lmax=-7.44
09:43:59 [ultranest] [DEBUG] iteration=1901, ncalls=5101, regioncalls=189320, ndraw=40, logz=-16.79, remainder_fraction=33.6948%, Lmin=-8.01, Lmax=-7.44
09:43:59 [ultranest] [DEBUG] iteration=1918, ncalls=5146, regioncalls=191240, ndraw=40, logz=-16.76, remainder_fraction=31.3369%, Lmin=-7.96, Lmax=-7.41
09:43:59 [ultranest] [DEBUG] iteration=1920, ncalls=5149, regioncalls=191360, ndraw=40, logz=-16.75, remainder_fraction=31.0411%, Lmin=-7.96, Lmax=-7.41
09:43:59 [ultranest] [DEBUG] iteration=1940, ncalls=5191, regioncalls=193040, ndraw=40, logz=-16.72, remainder_fraction=28.5473%, Lmin=-7.92, Lmax=-7.41
09:43:59 [ultranest] [DEBUG] iteration=1957, ncalls=5236, regioncalls=194880, ndraw=40, logz=-16.69, remainder_fraction=26.5815%, Lmin=-7.88, Lmax=-7.41
09:43:59 [ultranest] [DEBUG] iteration=1960, ncalls=5239, regioncalls=195000, ndraw=40, logz=-16.68, remainder_fraction=26.2553%, Lmin=-7.88, Lmax=-7.41
09:43:59 [ultranest] [DEBUG] iteration=1976, ncalls=5280, regioncalls=196680, ndraw=40, logz=-16.66, remainder_fraction=24.5023%, Lmin=-7.84, Lmax=-7.41
09:43:59 [ultranest] [DEBUG] iteration=1990, ncalls=5333, regioncalls=198800, ndraw=40, logz=-16.64, remainder_fraction=23.0153%, Lmin=-7.82, Lmax=-7.41
09:44:00 [ultranest] [DEBUG] iteration=2000, ncalls=5355, regioncalls=199680, ndraw=40, logz=-16.63, remainder_fraction=21.9467%, Lmin=-7.81, Lmax=-7.41
09:44:00 [ultranest] [DEBUG] iteration=2003, ncalls=5359, regioncalls=199880, ndraw=40, logz=-16.62, remainder_fraction=21.6477%, Lmin=-7.80, Lmax=-7.41
09:44:00 [ultranest] [DEBUG] iteration=2018, ncalls=5406, regioncalls=201760, ndraw=40, logz=-16.60, remainder_fraction=20.2140%, Lmin=-7.79, Lmax=-7.41
09:44:00 [ultranest] [DEBUG] iteration=2035, ncalls=5450, regioncalls=203520, ndraw=40, logz=-16.59, remainder_fraction=18.6810%, Lmin=-7.75, Lmax=-7.41
09:44:00 [ultranest] [DEBUG] iteration=2040, ncalls=5466, regioncalls=204160, ndraw=40, logz=-16.58, remainder_fraction=18.2746%, Lmin=-7.74, Lmax=-7.41
09:44:00 [ultranest] [DEBUG] iteration=2055, ncalls=5509, regioncalls=205880, ndraw=40, logz=-16.56, remainder_fraction=17.0742%, Lmin=-7.72, Lmax=-7.41
09:44:00 [ultranest] [DEBUG] iteration=2073, ncalls=5556, regioncalls=207760, ndraw=40, logz=-16.55, remainder_fraction=15.6495%, Lmin=-7.70, Lmax=-7.41
09:44:00 [ultranest] [DEBUG] iteration=2080, ncalls=5574, regioncalls=208480, ndraw=40, logz=-16.54, remainder_fraction=15.1644%, Lmin=-7.69, Lmax=-7.41
09:44:00 [ultranest] [DEBUG] iteration=2087, ncalls=5591, regioncalls=209200, ndraw=40, logz=-16.54, remainder_fraction=14.6461%, Lmin=-7.68, Lmax=-7.41
09:44:00 [ultranest] [DEBUG] iteration=2106, ncalls=5632, regioncalls=210840, ndraw=40, logz=-16.52, remainder_fraction=13.3686%, Lmin=-7.66, Lmax=-7.41
09:44:00 [ultranest] [DEBUG] iteration=2120, ncalls=5666, regioncalls=212200, ndraw=40, logz=-16.51, remainder_fraction=12.4952%, Lmin=-7.64, Lmax=-7.41
09:44:00 [ultranest] [DEBUG] iteration=2140, ncalls=5704, regioncalls=213720, ndraw=40, logz=-16.50, remainder_fraction=11.3148%, Lmin=-7.62, Lmax=-7.41
09:44:00 [ultranest] [DEBUG] iteration=2160, ncalls=5735, regioncalls=214960, ndraw=40, logz=-16.49, remainder_fraction=10.2533%, Lmin=-7.60, Lmax=-7.41
09:44:01 [ultranest] [DEBUG] iteration=2171, ncalls=5768, regioncalls=216360, ndraw=40, logz=-16.48, remainder_fraction=9.7251%, Lmin=-7.59, Lmax=-7.41
09:44:01 [ultranest] [DEBUG] iteration=2193, ncalls=5810, regioncalls=218040, ndraw=40, logz=-16.47, remainder_fraction=8.7181%, Lmin=-7.57, Lmax=-7.41
09:44:01 [ultranest] [DEBUG] iteration=2200, ncalls=5826, regioncalls=218680, ndraw=40, logz=-16.47, remainder_fraction=8.4152%, Lmin=-7.57, Lmax=-7.41
09:44:01 [ultranest] [DEBUG] iteration=2215, ncalls=5858, regioncalls=219960, ndraw=40, logz=-16.46, remainder_fraction=7.8063%, Lmin=-7.56, Lmax=-7.41
09:44:01 [ultranest] [DEBUG] iteration=2232, ncalls=5900, regioncalls=221640, ndraw=40, logz=-16.45, remainder_fraction=7.1600%, Lmin=-7.55, Lmax=-7.41
09:44:01 [ultranest] [DEBUG] iteration=2240, ncalls=5919, regioncalls=222400, ndraw=40, logz=-16.45, remainder_fraction=6.8765%, Lmin=-7.55, Lmax=-7.41
09:44:01 [ultranest] [DEBUG] iteration=2256, ncalls=5964, regioncalls=224200, ndraw=40, logz=-16.44, remainder_fraction=6.3346%, Lmin=-7.54, Lmax=-7.41
09:44:01 [ultranest] [DEBUG] iteration=2273, ncalls=6010, regioncalls=226040, ndraw=40, logz=-16.44, remainder_fraction=5.8056%, Lmin=-7.53, Lmax=-7.41
09:44:01 [ultranest] [DEBUG] iteration=2280, ncalls=6026, regioncalls=226680, ndraw=40, logz=-16.43, remainder_fraction=5.6005%, Lmin=-7.53, Lmax=-7.41
09:44:01 [ultranest] [DEBUG] iteration=2298, ncalls=6069, regioncalls=228400, ndraw=40, logz=-16.43, remainder_fraction=5.0995%, Lmin=-7.52, Lmax=-7.41
09:44:01 [ultranest] [INFO] Explored until L=-7  
09:44:01 [ultranest] [INFO] Likelihood function evaluations: 6082
09:44:02 [ultranest] [INFO] Writing samples and results to disk ...
09:44:02 [ultranest] [INFO] Writing samples and results to disk ... done
09:44:02 [ultranest] [DEBUG] did a run_iter pass!
09:44:02 [ultranest] [INFO]   logZ = -16.35 +- 0.155
09:44:02 [ultranest] [INFO] Effective samples strategy satisfied (ESS = 772.5, need >400)
09:44:02 [ultranest] [INFO] Posterior uncertainty strategy is satisfied (KL: 0.46+-0.11 nat, need <0.50 nat)
09:44:02 [ultranest] [INFO] Evidency uncertainty strategy is satisfied (dlogz=0.16, need <0.5)
09:44:02 [ultranest] [INFO]   logZ error budget: single: 0.20 bs:0.15 tail:0.05 total:0.16 required:<0.50
09:44:02 [ultranest] [INFO] done iterating.
09:44:02 [ultranest] [DEBUG] Making corner plot ...
09:44:04 [ultranest] [DEBUG] Making corner plot ... done
09:44:04 [ultranest] [DEBUG] Making run plot ... 
09:44:04 [ultranest] [DEBUG] Making run plot ... done
09:44:04 [ultranest] [DEBUG] Making trace plot ... 
09:44:05 [ultranest] [DEBUG] Making trace plot ... done
22:08:26 [ultranest] [DEBUG] ReactiveNestedSampler: dims=3+0, resume=True, log_dir=/home/orion51/Desktop/Research/spectral_fitting/FGL_spectral_fitting/Individual_sources/2CXOJ180434.9-300112/bb_out_, backend=hdf5, vectorized=False, nbootstraps=30, ndraw=128..65536
22:08:26 [ultranest] [DEBUG] Testing resume consistency: [-7.51532024 -7.47863547  0.          0.52747995  0.74312292  0.23719247
 -2.72520046 -0.02750832 20.66034729]: u=[0.52747995 0.74312292 0.23719247] -> p=[-2.72520046 -0.02750832 20.66034729] -> L=-7.4786354716693335 
22:08:26 [ultranest] [INFO] Resuming from 2492 stored points
22:08:26 [ultranest] [DEBUG] run_iter dlogz=0.5, dKL=0.5, frac_remain=0.01, Lepsilon=0.1000, min_ess=400
22:08:26 [ultranest] [DEBUG] max_iters=-1, max_ncalls=-1, max_num_improvement_loops=-1, min_num_live_points=400, cluster_num_live_points=40
22:08:26 [ultranest] [DEBUG] minimal_widths_sequence: [(-inf, 400.0), (inf, 400.0)]
22:08:26 [ultranest] [DEBUG] iteration=0, ncalls=6082, regioncalls=0, ndraw=40, logz=-inf, remainder_fraction=100.0000%, Lmin=-37846858.81, Lmax=-26.98
22:08:26 [ultranest] [DEBUG] iteration=40, ncalls=6082, regioncalls=0, ndraw=40, logz=-6287.77, remainder_fraction=100.0000%, Lmin=-2370.83, Lmax=-26.98
22:08:26 [ultranest] [DEBUG] Plateau detected at L=-1.963444e+02, not replacing live point.
22:08:26 [ultranest] [DEBUG] Plateau detected at L=-1.963444e+02, not replacing live point.
22:08:26 [ultranest] [DEBUG] Plateau detected at L=-1.963444e+02, not replacing live point.
22:08:26 [ultranest] [DEBUG] Plateau detected at L=-1.963444e+02, not replacing live point.
22:08:26 [ultranest] [DEBUG] Plateau detected at L=-1.963444e+02, not replacing live point.
22:08:26 [ultranest] [DEBUG] Plateau detected at L=-1.963444e+02, not replacing live point.
22:08:26 [ultranest] [DEBUG] Plateau detected at L=-1.963444e+02, not replacing live point.
22:08:26 [ultranest] [DEBUG] Plateau detected at L=-1.963444e+02, not replacing live point.
22:08:26 [ultranest] [DEBUG] Plateau detected at L=-1.963444e+02, not replacing live point.
22:08:26 [ultranest] [DEBUG] Plateau detected at L=-1.963444e+02, not replacing live point.
22:08:26 [ultranest] [DEBUG] Plateau detected at L=-1.963444e+02, not replacing live point.
22:08:26 [ultranest] [DEBUG] Plateau detected at L=-1.963444e+02, not replacing live point.
22:08:26 [ultranest] [DEBUG] Plateau detected at L=-1.963444e+02, not replacing live point.
22:08:26 [ultranest] [DEBUG] Plateau detected at L=-1.963444e+02, not replacing live point.
22:08:26 [ultranest] [DEBUG] Plateau detected at L=-1.963444e+02, not replacing live point.
22:08:26 [ultranest] [DEBUG] Plateau detected at L=-1.963444e+02, not replacing live point.
22:08:26 [ultranest] [DEBUG] Plateau detected at L=-1.963444e+02, not replacing live point.
22:08:26 [ultranest] [DEBUG] Plateau detected at L=-1.963444e+02, not replacing live point.
22:08:26 [ultranest] [DEBUG] Plateau detected at L=-1.963444e+02, not replacing live point.
22:08:26 [ultranest] [DEBUG] Plateau detected at L=-1.963444e+02, not replacing live point.
22:08:26 [ultranest] [DEBUG] Plateau detected at L=-1.963444e+02, not replacing live point.
22:08:26 [ultranest] [DEBUG] Plateau detected at L=-1.963444e+02, not replacing live point.
22:08:26 [ultranest] [DEBUG] Plateau detected at L=-1.963444e+02, not replacing live point.
22:08:26 [ultranest] [DEBUG] Plateau detected at L=-1.963444e+02, not replacing live point.
22:08:26 [ultranest] [DEBUG] Plateau detected at L=-1.963444e+02, not replacing live point.
22:08:26 [ultranest] [DEBUG] Plateau detected at L=-1.963444e+02, not replacing live point.
22:08:26 [ultranest] [DEBUG] Plateau detected at L=-1.963444e+02, not replacing live point.
22:08:26 [ultranest] [DEBUG] Plateau detected at L=-1.963444e+02, not replacing live point.
22:08:26 [ultranest] [DEBUG] Plateau detected at L=-1.963444e+02, not replacing live point.
22:08:26 [ultranest] [DEBUG] Plateau detected at L=-1.963444e+02, not replacing live point.
22:08:26 [ultranest] [DEBUG] Plateau detected at L=-1.963444e+02, not replacing live point.
22:08:26 [ultranest] [DEBUG] Plateau detected at L=-1.963444e+02, not replacing live point.
22:08:26 [ultranest] [DEBUG] Plateau detected at L=-1.963444e+02, not replacing live point.
22:08:26 [ultranest] [DEBUG] Plateau detected at L=-1.963444e+02, not replacing live point.
22:08:26 [ultranest] [DEBUG] Plateau detected at L=-1.963444e+02, not replacing live point.
22:08:26 [ultranest] [DEBUG] Plateau detected at L=-1.963444e+02, not replacing live point.
22:08:26 [ultranest] [DEBUG] Plateau detected at L=-1.963444e+02, not replacing live point.
22:08:26 [ultranest] [DEBUG] Plateau detected at L=-1.963444e+02, not replacing live point.
22:08:26 [ultranest] [DEBUG] Plateau detected at L=-1.963444e+02, not replacing live point.
22:08:26 [ultranest] [DEBUG] Plateau detected at L=-1.963444e+02, not replacing live point.
22:08:26 [ultranest] [DEBUG] Plateau detected at L=-1.963444e+02, not replacing live point.
22:08:26 [ultranest] [DEBUG] Plateau detected at L=-1.963444e+02, not replacing live point.
22:08:26 [ultranest] [DEBUG] Plateau detected at L=-1.963444e+02, not replacing live point.
22:08:26 [ultranest] [DEBUG] Plateau detected at L=-1.963444e+02, not replacing live point.
22:08:26 [ultranest] [DEBUG] Plateau detected at L=-1.963444e+02, not replacing live point.
22:08:26 [ultranest] [DEBUG] Plateau detected at L=-1.963444e+02, not replacing live point.
22:08:26 [ultranest] [DEBUG] Plateau detected at L=-1.963444e+02, not replacing live point.
22:08:26 [ultranest] [DEBUG] Plateau detected at L=-1.963444e+02, not replacing live point.
22:08:26 [ultranest] [DEBUG] Plateau detected at L=-1.963444e+02, not replacing live point.
22:08:26 [ultranest] [DEBUG] Plateau detected at L=-1.963444e+02, not replacing live point.
22:08:26 [ultranest] [DEBUG] Plateau detected at L=-1.963444e+02, not replacing live point.
22:08:26 [ultranest] [DEBUG] Plateau detected at L=-1.963444e+02, not replacing live point.
22:08:26 [ultranest] [DEBUG] Plateau detected at L=-1.963444e+02, not replacing live point.
22:08:26 [ultranest] [DEBUG] Plateau detected at L=-1.963444e+02, not replacing live point.
22:08:26 [ultranest] [DEBUG] Plateau detected at L=-1.963444e+02, not replacing live point.
22:08:26 [ultranest] [DEBUG] Plateau detected at L=-1.963444e+02, not replacing live point.
22:08:26 [ultranest] [DEBUG] Plateau detected at L=-1.963444e+02, not replacing live point.
22:08:26 [ultranest] [DEBUG] Plateau detected at L=-1.963444e+02, not replacing live point.
22:08:26 [ultranest] [DEBUG] Plateau detected at L=-1.963444e+02, not replacing live point.
22:08:26 [ultranest] [DEBUG] Plateau detected at L=-1.963444e+02, not replacing live point.
22:08:26 [ultranest] [DEBUG] Plateau detected at L=-1.963444e+02, not replacing live point.
22:08:26 [ultranest] [DEBUG] Plateau detected at L=-1.963444e+02, not replacing live point.
22:08:26 [ultranest] [DEBUG] Plateau detected at L=-1.963444e+02, not replacing live point.
22:08:26 [ultranest] [DEBUG] Plateau detected at L=-1.963444e+02, not replacing live point.
22:08:26 [ultranest] [DEBUG] Plateau detected at L=-1.963444e+02, not replacing live point.
22:08:26 [ultranest] [DEBUG] Plateau detected at L=-1.963444e+02, not replacing live point.
22:08:26 [ultranest] [DEBUG] Plateau detected at L=-1.963444e+02, not replacing live point.
22:08:26 [ultranest] [DEBUG] Plateau detected at L=-1.963444e+02, not replacing live point.
22:08:26 [ultranest] [DEBUG] Plateau detected at L=-1.963444e+02, not replacing live point.
22:08:26 [ultranest] [DEBUG] Plateau detected at L=-1.963444e+02, not replacing live point.
22:08:26 [ultranest] [DEBUG] Plateau detected at L=-1.963444e+02, not replacing live point.
22:08:26 [ultranest] [DEBUG] Plateau detected at L=-1.963444e+02, not replacing live point.
22:08:26 [ultranest] [DEBUG] Plateau detected at L=-1.963444e+02, not replacing live point.
22:08:26 [ultranest] [DEBUG] Plateau detected at L=-1.963444e+02, not replacing live point.
22:08:26 [ultranest] [DEBUG] Plateau detected at L=-1.963444e+02, not replacing live point.
22:08:26 [ultranest] [DEBUG] Plateau detected at L=-1.963444e+02, not replacing live point.
22:08:26 [ultranest] [DEBUG] Plateau detected at L=-1.963444e+02, not replacing live point.
22:08:26 [ultranest] [DEBUG] Plateau detected at L=-1.963444e+02, not replacing live point.
22:08:26 [ultranest] [DEBUG] Plateau detected at L=-1.963444e+02, not replacing live point.
22:08:26 [ultranest] [DEBUG] Plateau detected at L=-1.963444e+02, not replacing live point.
22:08:26 [ultranest] [DEBUG] Plateau detected at L=-1.963444e+02, not replacing live point.
22:08:26 [ultranest] [DEBUG] Plateau detected at L=-1.963444e+02, not replacing live point.
22:08:26 [ultranest] [DEBUG] Plateau detected at L=-1.963444e+02, not replacing live point.
22:08:26 [ultranest] [DEBUG] Plateau detected at L=-1.963444e+02, not replacing live point.
22:08:26 [ultranest] [DEBUG] Plateau detected at L=-1.963444e+02, not replacing live point.
22:08:26 [ultranest] [DEBUG] Plateau detected at L=-1.963444e+02, not replacing live point.
22:08:26 [ultranest] [DEBUG] Plateau detected at L=-1.963444e+02, not replacing live point.
22:08:26 [ultranest] [DEBUG] Plateau detected at L=-1.963444e+02, not replacing live point.
22:08:26 [ultranest] [DEBUG] Plateau detected at L=-1.963444e+02, not replacing live point.
22:08:26 [ultranest] [DEBUG] Plateau detected at L=-1.963444e+02, not replacing live point.
22:08:26 [ultranest] [DEBUG] Plateau detected at L=-1.963444e+02, not replacing live point.
22:08:26 [ultranest] [DEBUG] Plateau detected at L=-1.963444e+02, not replacing live point.
22:08:26 [ultranest] [DEBUG] Plateau detected at L=-1.963444e+02, not replacing live point.
22:08:26 [ultranest] [DEBUG] Plateau detected at L=-1.963444e+02, not replacing live point.
22:08:26 [ultranest] [DEBUG] Plateau detected at L=-1.963444e+02, not replacing live point.
22:08:26 [ultranest] [DEBUG] Plateau detected at L=-1.963444e+02, not replacing live point.
22:08:26 [ultranest] [DEBUG] Plateau detected at L=-1.963444e+02, not replacing live point.
22:08:26 [ultranest] [DEBUG] Plateau detected at L=-1.963444e+02, not replacing live point.
22:08:26 [ultranest] [DEBUG] Plateau detected at L=-1.963444e+02, not replacing live point.
22:08:26 [ultranest] [DEBUG] Plateau detected at L=-1.963444e+02, not replacing live point.
22:08:26 [ultranest] [DEBUG] Plateau detected at L=-1.963444e+02, not replacing live point.
22:08:26 [ultranest] [DEBUG] Plateau detected at L=-1.963444e+02, not replacing live point.
22:08:26 [ultranest] [DEBUG] Plateau detected at L=-1.963444e+02, not replacing live point.
22:08:26 [ultranest] [DEBUG] Plateau detected at L=-1.963444e+02, not replacing live point.
22:08:26 [ultranest] [DEBUG] Plateau detected at L=-1.963444e+02, not replacing live point.
22:08:26 [ultranest] [DEBUG] Plateau detected at L=-1.963444e+02, not replacing live point.
22:08:26 [ultranest] [DEBUG] Plateau detected at L=-1.963444e+02, not replacing live point.
22:08:26 [ultranest] [DEBUG] Plateau detected at L=-1.963444e+02, not replacing live point.
22:08:26 [ultranest] [DEBUG] Plateau detected at L=-1.963444e+02, not replacing live point.
22:08:26 [ultranest] [DEBUG] Plateau detected at L=-1.963444e+02, not replacing live point.
22:08:26 [ultranest] [DEBUG] Plateau detected at L=-1.963444e+02, not replacing live point.
22:08:26 [ultranest] [DEBUG] Plateau detected at L=-1.963444e+02, not replacing live point.
22:08:26 [ultranest] [DEBUG] Plateau detected at L=-1.963444e+02, not replacing live point.
22:08:26 [ultranest] [DEBUG] Plateau detected at L=-1.963444e+02, not replacing live point.
22:08:26 [ultranest] [DEBUG] Plateau detected at L=-1.963444e+02, not replacing live point.
22:08:26 [ultranest] [DEBUG] Plateau detected at L=-1.963444e+02, not replacing live point.
22:08:26 [ultranest] [DEBUG] Plateau detected at L=-1.963444e+02, not replacing live point.
22:08:26 [ultranest] [DEBUG] Plateau detected at L=-1.963444e+02, not replacing live point.
22:08:26 [ultranest] [DEBUG] Plateau detected at L=-1.963444e+02, not replacing live point.
22:08:26 [ultranest] [DEBUG] Plateau detected at L=-1.963444e+02, not replacing live point.
22:08:26 [ultranest] [DEBUG] Plateau detected at L=-1.963444e+02, not replacing live point.
22:08:26 [ultranest] [DEBUG] Plateau detected at L=-1.963444e+02, not replacing live point.
22:08:26 [ultranest] [DEBUG] Plateau detected at L=-1.963444e+02, not replacing live point.
22:08:26 [ultranest] [DEBUG] Plateau detected at L=-1.963444e+02, not replacing live point.
22:08:26 [ultranest] [DEBUG] Plateau detected at L=-1.963444e+02, not replacing live point.
22:08:26 [ultranest] [DEBUG] Plateau detected at L=-1.963444e+02, not replacing live point.
22:08:26 [ultranest] [DEBUG] Plateau detected at L=-1.963444e+02, not replacing live point.
22:08:26 [ultranest] [DEBUG] Plateau detected at L=-1.963444e+02, not replacing live point.
22:08:26 [ultranest] [DEBUG] Plateau detected at L=-1.963444e+02, not replacing live point.
22:08:26 [ultranest] [DEBUG] Plateau detected at L=-1.963444e+02, not replacing live point.
22:08:26 [ultranest] [DEBUG] Plateau detected at L=-1.963444e+02, not replacing live point.
22:08:26 [ultranest] [DEBUG] Plateau detected at L=-1.963444e+02, not replacing live point.
22:08:26 [ultranest] [DEBUG] Plateau detected at L=-1.963444e+02, not replacing live point.
22:08:26 [ultranest] [DEBUG] Plateau detected at L=-1.963444e+02, not replacing live point.
22:08:26 [ultranest] [DEBUG] Plateau detected at L=-1.963444e+02, not replacing live point.
22:08:26 [ultranest] [DEBUG] Plateau detected at L=-1.963444e+02, not replacing live point.
22:08:26 [ultranest] [DEBUG] Plateau detected at L=-1.963444e+02, not replacing live point.
22:08:26 [ultranest] [DEBUG] Plateau detected at L=-1.963444e+02, not replacing live point.
22:08:26 [ultranest] [DEBUG] Plateau detected at L=-1.963444e+02, not replacing live point.
22:08:26 [ultranest] [DEBUG] Plateau detected at L=-1.963444e+02, not replacing live point.
22:08:26 [ultranest] [DEBUG] Plateau detected at L=-1.963444e+02, not replacing live point.
22:08:26 [ultranest] [DEBUG] Plateau detected at L=-1.963444e+02, not replacing live point.
22:08:26 [ultranest] [DEBUG] Plateau detected at L=-1.963444e+02, not replacing live point.
22:08:26 [ultranest] [DEBUG] Plateau detected at L=-1.963444e+02, not replacing live point.
22:08:26 [ultranest] [DEBUG] Plateau detected at L=-1.963444e+02, not replacing live point.
22:08:26 [ultranest] [DEBUG] Plateau detected at L=-1.963444e+02, not replacing live point.
22:08:26 [ultranest] [DEBUG] Plateau detected at L=-1.963444e+02, not replacing live point.
22:08:26 [ultranest] [DEBUG] Plateau detected at L=-1.963444e+02, not replacing live point.
22:08:26 [ultranest] [DEBUG] Plateau detected at L=-1.963444e+02, not replacing live point.
22:08:26 [ultranest] [DEBUG] Plateau detected at L=-1.963444e+02, not replacing live point.
22:08:26 [ultranest] [DEBUG] Plateau detected at L=-1.963444e+02, not replacing live point.
22:08:26 [ultranest] [DEBUG] Plateau detected at L=-1.963444e+02, not replacing live point.
22:08:26 [ultranest] [DEBUG] Plateau detected at L=-1.963444e+02, not replacing live point.
22:08:26 [ultranest] [DEBUG] Plateau detected at L=-1.963444e+02, not replacing live point.
22:08:26 [ultranest] [DEBUG] Plateau detected at L=-1.963444e+02, not replacing live point.
22:08:26 [ultranest] [DEBUG] Plateau detected at L=-1.963444e+02, not replacing live point.
22:08:26 [ultranest] [DEBUG] Plateau detected at L=-1.963444e+02, not replacing live point.
22:08:26 [ultranest] [DEBUG] Plateau detected at L=-1.963444e+02, not replacing live point.
22:08:26 [ultranest] [DEBUG] Plateau detected at L=-1.963444e+02, not replacing live point.
22:08:26 [ultranest] [DEBUG] Plateau detected at L=-1.963444e+02, not replacing live point.
22:08:26 [ultranest] [DEBUG] Plateau detected at L=-1.963444e+02, not replacing live point.
22:08:26 [ultranest] [DEBUG] Plateau detected at L=-1.963444e+02, not replacing live point.
22:08:26 [ultranest] [DEBUG] Plateau detected at L=-1.963444e+02, not replacing live point.
22:08:26 [ultranest] [DEBUG] Plateau detected at L=-1.963444e+02, not replacing live point.
22:08:26 [ultranest] [DEBUG] Plateau detected at L=-1.963444e+02, not replacing live point.
22:08:26 [ultranest] [DEBUG] Plateau detected at L=-1.963444e+02, not replacing live point.
22:08:26 [ultranest] [DEBUG] Plateau detected at L=-1.963444e+02, not replacing live point.
22:08:26 [ultranest] [DEBUG] Plateau detected at L=-1.963444e+02, not replacing live point.
22:08:26 [ultranest] [DEBUG] Plateau detected at L=-1.963444e+02, not replacing live point.
22:08:26 [ultranest] [DEBUG] Plateau detected at L=-1.963444e+02, not replacing live point.
22:08:26 [ultranest] [DEBUG] Plateau detected at L=-1.963444e+02, not replacing live point.
22:08:26 [ultranest] [DEBUG] Plateau detected at L=-1.963444e+02, not replacing live point.
22:08:26 [ultranest] [DEBUG] Plateau detected at L=-1.963444e+02, not replacing live point.
22:08:26 [ultranest] [DEBUG] Plateau detected at L=-1.963444e+02, not replacing live point.
22:08:26 [ultranest] [DEBUG] Plateau detected at L=-1.963444e+02, not replacing live point.
22:08:26 [ultranest] [DEBUG] Plateau detected at L=-1.963444e+02, not replacing live point.
22:08:26 [ultranest] [DEBUG] Plateau detected at L=-1.963444e+02, not replacing live point.
22:08:26 [ultranest] [DEBUG] Plateau detected at L=-1.963444e+02, not replacing live point.
22:08:26 [ultranest] [DEBUG] Plateau detected at L=-1.963444e+02, not replacing live point.
22:08:26 [ultranest] [DEBUG] Plateau detected at L=-1.963444e+02, not replacing live point.
22:08:26 [ultranest] [DEBUG] Plateau detected at L=-1.963444e+02, not replacing live point.
22:08:26 [ultranest] [DEBUG] Plateau detected at L=-1.963444e+02, not replacing live point.
22:08:26 [ultranest] [DEBUG] Plateau detected at L=-1.963444e+02, not replacing live point.
22:08:26 [ultranest] [DEBUG] Plateau detected at L=-1.963444e+02, not replacing live point.
22:08:26 [ultranest] [DEBUG] Plateau detected at L=-1.963444e+02, not replacing live point.
22:08:26 [ultranest] [DEBUG] Plateau detected at L=-1.963444e+02, not replacing live point.
22:08:26 [ultranest] [DEBUG] Plateau detected at L=-1.963444e+02, not replacing live point.
22:08:26 [ultranest] [DEBUG] Plateau detected at L=-1.963444e+02, not replacing live point.
22:08:26 [ultranest] [DEBUG] Plateau detected at L=-1.963444e+02, not replacing live point.
22:08:26 [ultranest] [DEBUG] Plateau detected at L=-1.963444e+02, not replacing live point.
22:08:26 [ultranest] [DEBUG] Plateau detected at L=-1.963444e+02, not replacing live point.
22:08:26 [ultranest] [DEBUG] Plateau detected at L=-1.963444e+02, not replacing live point.
22:08:26 [ultranest] [DEBUG] Plateau detected at L=-1.963444e+02, not replacing live point.
22:08:26 [ultranest] [DEBUG] Plateau detected at L=-1.963444e+02, not replacing live point.
22:08:26 [ultranest] [DEBUG] Plateau detected at L=-1.963444e+02, not replacing live point.
22:08:26 [ultranest] [DEBUG] Plateau detected at L=-1.963444e+02, not replacing live point.
22:08:26 [ultranest] [DEBUG] Plateau detected at L=-1.963444e+02, not replacing live point.
22:08:26 [ultranest] [DEBUG] Plateau detected at L=-1.963444e+02, not replacing live point.
22:08:26 [ultranest] [DEBUG] Plateau detected at L=-1.963444e+02, not replacing live point.
22:08:26 [ultranest] [DEBUG] Plateau detected at L=-1.963444e+02, not replacing live point.
22:08:26 [ultranest] [DEBUG] Plateau detected at L=-1.963444e+02, not replacing live point.
22:08:26 [ultranest] [DEBUG] Plateau detected at L=-1.963444e+02, not replacing live point.
22:08:26 [ultranest] [DEBUG] Plateau detected at L=-1.963444e+02, not replacing live point.
22:08:26 [ultranest] [DEBUG] Plateau detected at L=-1.963444e+02, not replacing live point.
22:08:26 [ultranest] [DEBUG] Plateau detected at L=-1.963444e+02, not replacing live point.
22:08:26 [ultranest] [DEBUG] Plateau detected at L=-1.963444e+02, not replacing live point.
22:08:26 [ultranest] [DEBUG] Plateau detected at L=-1.963444e+02, not replacing live point.
22:08:26 [ultranest] [DEBUG] Plateau detected at L=-1.963444e+02, not replacing live point.
22:08:26 [ultranest] [DEBUG] Plateau detected at L=-1.963444e+02, not replacing live point.
22:08:26 [ultranest] [DEBUG] Plateau detected at L=-1.963444e+02, not replacing live point.
22:08:26 [ultranest] [DEBUG] Plateau detected at L=-1.963444e+02, not replacing live point.
22:08:26 [ultranest] [DEBUG] Plateau detected at L=-1.963444e+02, not replacing live point.
22:08:26 [ultranest] [DEBUG] iteration=265, ncalls=6082, regioncalls=0, ndraw=40, logz=-197.11, remainder_fraction=100.0000%, Lmin=-196.34, Lmax=-26.98
22:08:26 [ultranest] [DEBUG] Plateau detected at L=-1.963444e+02, not replacing live point.
22:08:26 [ultranest] [DEBUG] iteration=267, ncalls=6082, regioncalls=0, ndraw=40, logz=-197.10, remainder_fraction=100.0000%, Lmin=-196.34, Lmax=-26.98
22:08:26 [ultranest] [DEBUG] Plateau detected at L=-1.963444e+02, not replacing live point.
22:08:26 [ultranest] [DEBUG] iteration=269, ncalls=6082, regioncalls=0, ndraw=40, logz=-197.09, remainder_fraction=100.0000%, Lmin=-196.34, Lmax=-26.98
22:08:26 [ultranest] [DEBUG] Plateau detected at L=-1.963444e+02, not replacing live point.
22:08:26 [ultranest] [DEBUG] iteration=281, ncalls=6082, regioncalls=0, ndraw=40, logz=-197.04, remainder_fraction=100.0000%, Lmin=-196.34, Lmax=-26.98
22:08:26 [ultranest] [DEBUG] iteration=320, ncalls=6082, regioncalls=0, ndraw=40, logz=-196.91, remainder_fraction=100.0000%, Lmin=-196.34, Lmax=-11.13
22:08:26 [ultranest] [DEBUG] iteration=323, ncalls=6082, regioncalls=0, ndraw=40, logz=-196.90, remainder_fraction=100.0000%, Lmin=-196.34, Lmax=-11.13
22:08:26 [ultranest] [DEBUG] iteration=360, ncalls=6082, regioncalls=0, ndraw=40, logz=-196.81, remainder_fraction=100.0000%, Lmin=-196.34, Lmax=-11.13
22:08:26 [ultranest] [DEBUG] iteration=400, ncalls=6082, regioncalls=0, ndraw=40, logz=-196.73, remainder_fraction=100.0000%, Lmin=-196.32, Lmax=-9.59
22:08:26 [ultranest] [DEBUG] iteration=440, ncalls=6082, regioncalls=0, ndraw=40, logz=-196.67, remainder_fraction=100.0000%, Lmin=-196.14, Lmax=-9.59
22:08:26 [ultranest] [DEBUG] iteration=480, ncalls=6082, regioncalls=0, ndraw=40, logz=-196.58, remainder_fraction=100.0000%, Lmin=-194.83, Lmax=-9.59
22:08:26 [ultranest] [DEBUG] iteration=491, ncalls=6082, regioncalls=0, ndraw=40, logz=-196.52, remainder_fraction=100.0000%, Lmin=-194.09, Lmax=-9.59
22:08:26 [ultranest] [DEBUG] iteration=520, ncalls=6082, regioncalls=0, ndraw=40, logz=-196.00, remainder_fraction=100.0000%, Lmin=-191.96, Lmax=-9.59
22:08:26 [ultranest] [DEBUG] iteration=560, ncalls=6082, regioncalls=0, ndraw=40, logz=-189.08, remainder_fraction=100.0000%, Lmin=-182.13, Lmax=-9.59
22:08:26 [ultranest] [DEBUG] iteration=600, ncalls=6082, regioncalls=0, ndraw=40, logz=-175.61, remainder_fraction=100.0000%, Lmin=-168.96, Lmax=-9.59
22:08:26 [ultranest] [DEBUG] iteration=640, ncalls=6082, regioncalls=0, ndraw=40, logz=-158.00, remainder_fraction=100.0000%, Lmin=-150.75, Lmax=-9.45
22:08:26 [ultranest] [DEBUG] iteration=680, ncalls=6082, regioncalls=0, ndraw=40, logz=-138.90, remainder_fraction=100.0000%, Lmin=-130.34, Lmax=-9.45
22:08:26 [ultranest] [DEBUG] iteration=701, ncalls=6082, regioncalls=0, ndraw=40, logz=-127.79, remainder_fraction=100.0000%, Lmin=-119.04, Lmax=-9.45
22:08:26 [ultranest] [DEBUG] iteration=720, ncalls=6082, regioncalls=0, ndraw=40, logz=-119.70, remainder_fraction=100.0000%, Lmin=-111.73, Lmax=-9.45
22:08:26 [ultranest] [DEBUG] iteration=760, ncalls=6082, regioncalls=0, ndraw=40, logz=-102.43, remainder_fraction=100.0000%, Lmin=-95.15, Lmax=-9.45
22:08:26 [ultranest] [DEBUG] iteration=800, ncalls=6082, regioncalls=0, ndraw=40, logz=-90.58, remainder_fraction=100.0000%, Lmin=-82.01, Lmax=-8.41
22:08:26 [ultranest] [DEBUG] iteration=840, ncalls=6082, regioncalls=0, ndraw=40, logz=-77.86, remainder_fraction=100.0000%, Lmin=-70.73, Lmax=-8.41
22:08:26 [ultranest] [DEBUG] iteration=869, ncalls=6082, regioncalls=0, ndraw=40, logz=-71.31, remainder_fraction=100.0000%, Lmin=-62.86, Lmax=-8.41
22:08:26 [ultranest] [DEBUG] iteration=880, ncalls=6082, regioncalls=0, ndraw=40, logz=-68.16, remainder_fraction=100.0000%, Lmin=-59.96, Lmax=-8.41
22:08:26 [ultranest] [DEBUG] iteration=911, ncalls=6082, regioncalls=0, ndraw=40, logz=-59.92, remainder_fraction=100.0000%, Lmin=-52.16, Lmax=-8.41
22:08:27 [ultranest] [DEBUG] iteration=920, ncalls=6082, regioncalls=0, ndraw=40, logz=-58.73, remainder_fraction=100.0000%, Lmin=-50.74, Lmax=-8.41
22:08:27 [ultranest] [DEBUG] iteration=953, ncalls=6082, regioncalls=0, ndraw=40, logz=-54.94, remainder_fraction=100.0000%, Lmin=-47.05, Lmax=-8.06
22:08:27 [ultranest] [DEBUG] iteration=960, ncalls=6082, regioncalls=0, ndraw=40, logz=-54.15, remainder_fraction=100.0000%, Lmin=-46.61, Lmax=-8.06
22:08:27 [ultranest] [DEBUG] iteration=995, ncalls=6082, regioncalls=0, ndraw=40, logz=-50.80, remainder_fraction=100.0000%, Lmin=-42.44, Lmax=-8.06
22:08:27 [ultranest] [DEBUG] iteration=1000, ncalls=6082, regioncalls=0, ndraw=40, logz=-50.09, remainder_fraction=100.0000%, Lmin=-42.08, Lmax=-7.67
22:08:27 [ultranest] [DEBUG] iteration=1040, ncalls=6082, regioncalls=0, ndraw=40, logz=-45.44, remainder_fraction=100.0000%, Lmin=-37.30, Lmax=-7.61
22:08:27 [ultranest] [DEBUG] iteration=1079, ncalls=6082, regioncalls=0, ndraw=40, logz=-41.64, remainder_fraction=100.0000%, Lmin=-32.96, Lmax=-7.61
22:08:27 [ultranest] [DEBUG] iteration=1080, ncalls=6082, regioncalls=0, ndraw=40, logz=-41.49, remainder_fraction=100.0000%, Lmin=-32.69, Lmax=-7.61
22:08:27 [ultranest] [DEBUG] iteration=1120, ncalls=6082, regioncalls=0, ndraw=40, logz=-37.29, remainder_fraction=100.0000%, Lmin=-28.77, Lmax=-7.61
22:08:27 [ultranest] [DEBUG] iteration=1121, ncalls=6082, regioncalls=0, ndraw=40, logz=-37.18, remainder_fraction=100.0000%, Lmin=-28.75, Lmax=-7.61
22:08:27 [ultranest] [DEBUG] iteration=1160, ncalls=6082, regioncalls=0, ndraw=40, logz=-33.81, remainder_fraction=100.0000%, Lmin=-25.47, Lmax=-7.61
22:08:27 [ultranest] [DEBUG] iteration=1163, ncalls=6082, regioncalls=0, ndraw=40, logz=-33.61, remainder_fraction=100.0000%, Lmin=-25.36, Lmax=-7.61
22:08:27 [ultranest] [DEBUG] iteration=1200, ncalls=6082, regioncalls=0, ndraw=40, logz=-30.95, remainder_fraction=100.0000%, Lmin=-22.44, Lmax=-7.61
22:08:27 [ultranest] [DEBUG] iteration=1205, ncalls=6082, regioncalls=0, ndraw=40, logz=-30.59, remainder_fraction=99.9999%, Lmin=-21.92, Lmax=-7.61
22:08:27 [ultranest] [DEBUG] iteration=1240, ncalls=6082, regioncalls=0, ndraw=40, logz=-28.35, remainder_fraction=99.9994%, Lmin=-19.64, Lmax=-7.61
22:08:27 [ultranest] [DEBUG] iteration=1280, ncalls=6082, regioncalls=0, ndraw=40, logz=-26.19, remainder_fraction=99.9945%, Lmin=-17.73, Lmax=-7.61
22:08:27 [ultranest] [DEBUG] iteration=1289, ncalls=6082, regioncalls=0, ndraw=40, logz=-25.84, remainder_fraction=99.9923%, Lmin=-17.50, Lmax=-7.61
22:08:27 [ultranest] [DEBUG] iteration=1320, ncalls=6082, regioncalls=0, ndraw=40, logz=-24.56, remainder_fraction=99.9719%, Lmin=-16.00, Lmax=-7.58
22:08:27 [ultranest] [DEBUG] iteration=1331, ncalls=6082, regioncalls=0, ndraw=40, logz=-24.17, remainder_fraction=99.9582%, Lmin=-15.71, Lmax=-7.58
22:08:27 [ultranest] [DEBUG] iteration=1360, ncalls=6082, regioncalls=0, ndraw=40, logz=-23.21, remainder_fraction=99.8881%, Lmin=-14.61, Lmax=-7.52
22:08:27 [ultranest] [DEBUG] iteration=1400, ncalls=6082, regioncalls=0, ndraw=40, logz=-22.05, remainder_fraction=99.6517%, Lmin=-13.32, Lmax=-7.52
22:08:27 [ultranest] [DEBUG] iteration=1415, ncalls=6082, regioncalls=0, ndraw=40, logz=-21.64, remainder_fraction=99.4584%, Lmin=-12.87, Lmax=-7.52
22:08:27 [ultranest] [DEBUG] iteration=1440, ncalls=6082, regioncalls=0, ndraw=40, logz=-20.99, remainder_fraction=99.0204%, Lmin=-12.15, Lmax=-7.52
22:08:27 [ultranest] [DEBUG] iteration=1457, ncalls=6082, regioncalls=0, ndraw=40, logz=-20.57, remainder_fraction=98.4800%, Lmin=-11.74, Lmax=-7.52
22:08:27 [ultranest] [DEBUG] iteration=1480, ncalls=6082, regioncalls=0, ndraw=40, logz=-20.05, remainder_fraction=97.3732%, Lmin=-11.24, Lmax=-7.52
22:08:27 [ultranest] [DEBUG] iteration=1499, ncalls=6082, regioncalls=0, ndraw=40, logz=-19.70, remainder_fraction=96.2001%, Lmin=-10.96, Lmax=-7.52
22:08:27 [ultranest] [DEBUG] iteration=1520, ncalls=6082, regioncalls=0, ndraw=40, logz=-19.34, remainder_fraction=94.6274%, Lmin=-10.56, Lmax=-7.52
22:08:27 [ultranest] [DEBUG] iteration=1541, ncalls=6082, regioncalls=0, ndraw=40, logz=-19.01, remainder_fraction=92.3722%, Lmin=-10.23, Lmax=-7.52
22:08:27 [ultranest] [DEBUG] iteration=1560, ncalls=6082, regioncalls=0, ndraw=40, logz=-18.76, remainder_fraction=90.1555%, Lmin=-10.05, Lmax=-7.52
22:08:27 [ultranest] [DEBUG] iteration=1583, ncalls=6082, regioncalls=0, ndraw=40, logz=-18.49, remainder_fraction=87.2895%, Lmin=-9.74, Lmax=-7.52
22:08:27 [ultranest] [DEBUG] iteration=1600, ncalls=6082, regioncalls=0, ndraw=40, logz=-18.30, remainder_fraction=84.6139%, Lmin=-9.48, Lmax=-7.52
22:08:27 [ultranest] [DEBUG] iteration=1640, ncalls=6082, regioncalls=0, ndraw=40, logz=-17.94, remainder_fraction=78.5031%, Lmin=-9.22, Lmax=-7.48
22:08:27 [ultranest] [DEBUG] iteration=1667, ncalls=6082, regioncalls=0, ndraw=40, logz=-17.74, remainder_fraction=73.8157%, Lmin=-9.00, Lmax=-7.48
22:08:27 [ultranest] [DEBUG] iteration=1680, ncalls=6082, regioncalls=0, ndraw=40, logz=-17.65, remainder_fraction=71.5245%, Lmin=-8.92, Lmax=-7.47
22:08:27 [ultranest] [DEBUG] iteration=1709, ncalls=6082, regioncalls=0, ndraw=40, logz=-17.47, remainder_fraction=66.4516%, Lmin=-8.73, Lmax=-7.47
22:08:27 [ultranest] [DEBUG] iteration=1720, ncalls=6082, regioncalls=0, ndraw=40, logz=-17.41, remainder_fraction=64.4758%, Lmin=-8.68, Lmax=-7.47
22:08:27 [ultranest] [DEBUG] iteration=1751, ncalls=6082, regioncalls=0, ndraw=40, logz=-17.26, remainder_fraction=58.5993%, Lmin=-8.51, Lmax=-7.44
22:08:27 [ultranest] [DEBUG] iteration=1760, ncalls=6082, regioncalls=0, ndraw=40, logz=-17.22, remainder_fraction=56.7743%, Lmin=-8.48, Lmax=-7.44
22:08:27 [ultranest] [DEBUG] iteration=1793, ncalls=6082, regioncalls=0, ndraw=40, logz=-17.09, remainder_fraction=50.5735%, Lmin=-8.34, Lmax=-7.44
22:08:27 [ultranest] [DEBUG] iteration=1800, ncalls=6082, regioncalls=0, ndraw=40, logz=-17.06, remainder_fraction=49.2953%, Lmin=-8.32, Lmax=-7.44
22:08:27 [ultranest] [DEBUG] iteration=1835, ncalls=6082, regioncalls=0, ndraw=40, logz=-16.95, remainder_fraction=43.4214%, Lmin=-8.21, Lmax=-7.44
22:08:27 [ultranest] [DEBUG] iteration=1840, ncalls=6082, regioncalls=0, ndraw=40, logz=-16.94, remainder_fraction=42.7510%, Lmin=-8.19, Lmax=-7.44
22:08:27 [ultranest] [DEBUG] iteration=1877, ncalls=6082, regioncalls=0, ndraw=40, logz=-16.84, remainder_fraction=37.1298%, Lmin=-8.07, Lmax=-7.44
22:08:27 [ultranest] [DEBUG] iteration=1880, ncalls=6082, regioncalls=0, ndraw=40, logz=-16.84, remainder_fraction=36.6592%, Lmin=-8.06, Lmax=-7.44
22:08:27 [ultranest] [DEBUG] iteration=1920, ncalls=6082, regioncalls=0, ndraw=40, logz=-16.75, remainder_fraction=31.0411%, Lmin=-7.96, Lmax=-7.41
22:08:27 [ultranest] [DEBUG] iteration=1960, ncalls=6082, regioncalls=0, ndraw=40, logz=-16.68, remainder_fraction=26.2553%, Lmin=-7.88, Lmax=-7.41
22:08:27 [ultranest] [DEBUG] iteration=2000, ncalls=6082, regioncalls=0, ndraw=40, logz=-16.63, remainder_fraction=21.9467%, Lmin=-7.81, Lmax=-7.41
22:08:27 [ultranest] [DEBUG] iteration=2003, ncalls=6082, regioncalls=0, ndraw=40, logz=-16.62, remainder_fraction=21.6477%, Lmin=-7.80, Lmax=-7.41
22:08:27 [ultranest] [DEBUG] iteration=2040, ncalls=6082, regioncalls=0, ndraw=40, logz=-16.58, remainder_fraction=18.2746%, Lmin=-7.74, Lmax=-7.41
22:08:27 [ultranest] [DEBUG] iteration=2045, ncalls=6082, regioncalls=0, ndraw=40, logz=-16.57, remainder_fraction=17.8761%, Lmin=-7.74, Lmax=-7.41
22:08:27 [ultranest] [DEBUG] iteration=2080, ncalls=6082, regioncalls=0, ndraw=40, logz=-16.54, remainder_fraction=15.1644%, Lmin=-7.69, Lmax=-7.41
22:08:27 [ultranest] [DEBUG] iteration=2087, ncalls=6082, regioncalls=0, ndraw=40, logz=-16.54, remainder_fraction=14.6461%, Lmin=-7.68, Lmax=-7.41
22:08:27 [ultranest] [DEBUG] iteration=2120, ncalls=6082, regioncalls=0, ndraw=40, logz=-16.51, remainder_fraction=12.4952%, Lmin=-7.64, Lmax=-7.41
22:08:27 [ultranest] [DEBUG] iteration=2129, ncalls=6082, regioncalls=0, ndraw=40, logz=-16.51, remainder_fraction=11.9526%, Lmin=-7.63, Lmax=-7.41
22:08:27 [ultranest] [DEBUG] iteration=2160, ncalls=6082, regioncalls=0, ndraw=40, logz=-16.49, remainder_fraction=10.2533%, Lmin=-7.60, Lmax=-7.41
22:08:27 [ultranest] [DEBUG] iteration=2171, ncalls=6082, regioncalls=0, ndraw=40, logz=-16.48, remainder_fraction=9.7251%, Lmin=-7.59, Lmax=-7.41
22:08:27 [ultranest] [DEBUG] iteration=2200, ncalls=6082, regioncalls=0, ndraw=40, logz=-16.47, remainder_fraction=8.4152%, Lmin=-7.57, Lmax=-7.41
22:08:27 [ultranest] [DEBUG] iteration=2213, ncalls=6082, regioncalls=0, ndraw=40, logz=-16.46, remainder_fraction=7.8836%, Lmin=-7.56, Lmax=-7.41
22:08:27 [ultranest] [DEBUG] iteration=2240, ncalls=6082, regioncalls=0, ndraw=40, logz=-16.45, remainder_fraction=6.8765%, Lmin=-7.55, Lmax=-7.41
22:08:27 [ultranest] [DEBUG] iteration=2280, ncalls=6082, regioncalls=0, ndraw=40, logz=-16.43, remainder_fraction=5.6005%, Lmin=-7.53, Lmax=-7.41
22:08:27 [ultranest] [DEBUG] iteration=2297, ncalls=6082, regioncalls=0, ndraw=40, logz=-16.43, remainder_fraction=5.1268%, Lmin=-7.52, Lmax=-7.41
22:08:27 [ultranest] [INFO] Explored until L=-7  
22:08:27 [ultranest] [INFO] Likelihood function evaluations: 6082
22:08:28 [ultranest] [INFO] Writing samples and results to disk ...
22:08:28 [ultranest] [INFO] Writing samples and results to disk ... done
22:08:28 [ultranest] [DEBUG] did a run_iter pass!
22:08:28 [ultranest] [INFO]   logZ = -16.36 +- 0.1305
22:08:28 [ultranest] [INFO] Effective samples strategy satisfied (ESS = 772.5, need >400)
22:08:28 [ultranest] [INFO] Posterior uncertainty strategy is satisfied (KL: 0.45+-0.11 nat, need <0.50 nat)
22:08:28 [ultranest] [INFO] Evidency uncertainty strategy is satisfied (dlogz=0.14, need <0.5)
22:08:28 [ultranest] [INFO]   logZ error budget: single: 0.20 bs:0.13 tail:0.05 total:0.14 required:<0.50
22:08:28 [ultranest] [INFO] done iterating.
22:08:28 [ultranest] [DEBUG] Making corner plot ...
22:08:30 [ultranest] [DEBUG] Making corner plot ... done
22:08:30 [ultranest] [DEBUG] Making run plot ... 
22:08:30 [ultranest] [DEBUG] Making run plot ... done
22:08:30 [ultranest] [DEBUG] Making trace plot ... 
22:08:31 [ultranest] [DEBUG] Making trace plot ... done
