09:37:52 [ultranest] [DEBUG] ReactiveNestedSampler: dims=3+0, resume=True, log_dir=/home/orion51/Desktop/Research/spectral_fitting/FGL_spectral_fitting/Individual_sources/2CXOJ205824.0+435354/powerlaw_out_, backend=hdf5, vectorized=False, nbootstraps=30, ndraw=128..65536
09:37:52 [ultranest] [INFO] Sampling 400 live points from prior ...
09:37:53 [ultranest] [DEBUG] run_iter dlogz=0.5, dKL=0.5, frac_remain=0.01, Lepsilon=0.1000, min_ess=400
09:37:53 [ultranest] [DEBUG] max_iters=-1, max_ncalls=-1, max_num_improvement_loops=-1, min_num_live_points=400, cluster_num_live_points=40
09:37:53 [ultranest] [DEBUG] minimal_widths_sequence: [(-inf, 400.0), (inf, 400.0)]
09:37:53 [ultranest] [DEBUG] iteration=0, ncalls=401, regioncalls=40, ndraw=40, logz=-inf, remainder_fraction=100.0000%, Lmin=-89828080800.34, Lmax=-94.05
09:37:53 [ultranest] [DEBUG] iteration=31, ncalls=433, regioncalls=1320, ndraw=40, logz=-337893429.78, remainder_fraction=100.0000%, Lmin=-310385030.49, Lmax=-94.05
09:37:53 [ultranest] [DEBUG] iteration=40, ncalls=442, regioncalls=1680, ndraw=40, logz=-143849059.13, remainder_fraction=100.0000%, Lmin=-118198721.69, Lmax=-94.05
09:37:53 [ultranest] [DEBUG] iteration=71, ncalls=478, regioncalls=3120, ndraw=40, logz=-8944759.89, remainder_fraction=100.0000%, Lmin=-8278505.84, Lmax=-94.05
09:37:53 [ultranest] [DEBUG] iteration=80, ncalls=487, regioncalls=3480, ndraw=40, logz=-4520732.22, remainder_fraction=100.0000%, Lmin=-4175757.56, Lmax=-94.05
09:37:53 [ultranest] [DEBUG] iteration=90, ncalls=498, regioncalls=3920, ndraw=40, logz=-2144526.80, remainder_fraction=100.0000%, Lmin=-1890696.64, Lmax=-94.05
09:37:53 [ultranest] [DEBUG] iteration=119, ncalls=534, regioncalls=5360, ndraw=40, logz=-481343.34, remainder_fraction=100.0000%, Lmin=-477492.80, Lmax=-94.05
09:37:53 [ultranest] [DEBUG] iteration=120, ncalls=536, regioncalls=5440, ndraw=40, logz=-477499.09, remainder_fraction=100.0000%, Lmin=-476777.51, Lmax=-94.05
09:37:53 [ultranest] [DEBUG] iteration=148, ncalls=572, regioncalls=6880, ndraw=40, logz=-132953.91, remainder_fraction=100.0000%, Lmin=-127607.81, Lmax=-94.05
09:37:53 [ultranest] [DEBUG] iteration=160, ncalls=586, regioncalls=7440, ndraw=40, logz=-80704.55, remainder_fraction=100.0000%, Lmin=-80358.88, Lmax=-94.05
09:37:54 [ultranest] [DEBUG] iteration=189, ncalls=620, regioncalls=8800, ndraw=40, logz=-29673.35, remainder_fraction=100.0000%, Lmin=-27320.34, Lmax=-94.05
09:37:54 [ultranest] [DEBUG] iteration=200, ncalls=632, regioncalls=9280, ndraw=40, logz=-19613.24, remainder_fraction=100.0000%, Lmin=-19064.22, Lmax=-94.05
09:37:54 [ultranest] [DEBUG] iteration=227, ncalls=666, regioncalls=10640, ndraw=40, logz=-3017.65, remainder_fraction=100.0000%, Lmin=-2959.79, Lmax=-94.05
09:37:54 [ultranest] [DEBUG] iteration=240, ncalls=687, regioncalls=11480, ndraw=40, logz=-1957.51, remainder_fraction=100.0000%, Lmin=-1915.09, Lmax=-94.05
09:37:54 [ultranest] [DEBUG] iteration=269, ncalls=728, regioncalls=13120, ndraw=40, logz=-1099.91, remainder_fraction=100.0000%, Lmin=-1089.80, Lmax=-94.05
09:37:54 [ultranest] [DEBUG] Plateau detected at L=-1.057166e+03, not replacing live point.
09:37:54 [ultranest] [DEBUG] Plateau detected at L=-1.057166e+03, not replacing live point.
09:37:54 [ultranest] [DEBUG] Plateau detected at L=-1.057166e+03, not replacing live point.
09:37:54 [ultranest] [DEBUG] Plateau detected at L=-1.057166e+03, not replacing live point.
09:37:54 [ultranest] [DEBUG] Plateau detected at L=-1.057166e+03, not replacing live point.
09:37:54 [ultranest] [DEBUG] Plateau detected at L=-1.057166e+03, not replacing live point.
09:37:54 [ultranest] [DEBUG] Plateau detected at L=-1.057166e+03, not replacing live point.
09:37:54 [ultranest] [DEBUG] Plateau detected at L=-1.057166e+03, not replacing live point.
09:37:54 [ultranest] [DEBUG] Plateau detected at L=-1.057166e+03, not replacing live point.
09:37:54 [ultranest] [DEBUG] Plateau detected at L=-1.057166e+03, not replacing live point.
09:37:54 [ultranest] [DEBUG] Plateau detected at L=-1.057166e+03, not replacing live point.
09:37:54 [ultranest] [DEBUG] Plateau detected at L=-1.057166e+03, not replacing live point.
09:37:54 [ultranest] [DEBUG] Plateau detected at L=-1.057166e+03, not replacing live point.
09:37:54 [ultranest] [DEBUG] Plateau detected at L=-1.057166e+03, not replacing live point.
09:37:54 [ultranest] [DEBUG] Plateau detected at L=-1.057166e+03, not replacing live point.
09:37:54 [ultranest] [DEBUG] Plateau detected at L=-1.057166e+03, not replacing live point.
09:37:54 [ultranest] [DEBUG] Plateau detected at L=-1.057166e+03, not replacing live point.
09:37:54 [ultranest] [DEBUG] Plateau detected at L=-1.057166e+03, not replacing live point.
09:37:54 [ultranest] [DEBUG] Plateau detected at L=-1.057166e+03, not replacing live point.
09:37:54 [ultranest] [DEBUG] Plateau detected at L=-1.057166e+03, not replacing live point.
09:37:54 [ultranest] [DEBUG] Plateau detected at L=-1.057166e+03, not replacing live point.
09:37:54 [ultranest] [DEBUG] Plateau detected at L=-1.057166e+03, not replacing live point.
09:37:54 [ultranest] [DEBUG] Plateau detected at L=-1.057166e+03, not replacing live point.
09:37:54 [ultranest] [DEBUG] Plateau detected at L=-1.057166e+03, not replacing live point.
09:37:54 [ultranest] [DEBUG] Plateau detected at L=-1.057166e+03, not replacing live point.
09:37:54 [ultranest] [DEBUG] Plateau detected at L=-1.057166e+03, not replacing live point.
09:37:54 [ultranest] [DEBUG] Plateau detected at L=-1.057166e+03, not replacing live point.
09:37:54 [ultranest] [DEBUG] Plateau detected at L=-1.057166e+03, not replacing live point.
09:37:54 [ultranest] [DEBUG] Plateau detected at L=-1.057166e+03, not replacing live point.
09:37:54 [ultranest] [DEBUG] Plateau detected at L=-1.057166e+03, not replacing live point.
09:37:54 [ultranest] [DEBUG] Plateau detected at L=-1.057166e+03, not replacing live point.
09:37:54 [ultranest] [DEBUG] Plateau detected at L=-1.057166e+03, not replacing live point.
09:37:54 [ultranest] [DEBUG] Plateau detected at L=-1.057166e+03, not replacing live point.
09:37:54 [ultranest] [DEBUG] Plateau detected at L=-1.057166e+03, not replacing live point.
09:37:54 [ultranest] [DEBUG] Plateau detected at L=-1.057166e+03, not replacing live point.
09:37:54 [ultranest] [DEBUG] Plateau detected at L=-1.057166e+03, not replacing live point.
09:37:54 [ultranest] [DEBUG] Plateau detected at L=-1.057166e+03, not replacing live point.
09:37:54 [ultranest] [DEBUG] Plateau detected at L=-1.057166e+03, not replacing live point.
09:37:54 [ultranest] [DEBUG] Plateau detected at L=-1.057166e+03, not replacing live point.
09:37:54 [ultranest] [DEBUG] Plateau detected at L=-1.057166e+03, not replacing live point.
09:37:54 [ultranest] [DEBUG] Plateau detected at L=-1.057166e+03, not replacing live point.
09:37:54 [ultranest] [DEBUG] Plateau detected at L=-1.057166e+03, not replacing live point.
09:37:54 [ultranest] [DEBUG] Plateau detected at L=-1.057166e+03, not replacing live point.
09:37:54 [ultranest] [DEBUG] Plateau detected at L=-1.057166e+03, not replacing live point.
09:37:54 [ultranest] [DEBUG] Plateau detected at L=-1.057166e+03, not replacing live point.
09:37:54 [ultranest] [DEBUG] Plateau detected at L=-1.057166e+03, not replacing live point.
09:37:54 [ultranest] [DEBUG] Plateau detected at L=-1.057166e+03, not replacing live point.
09:37:54 [ultranest] [DEBUG] Plateau detected at L=-1.057166e+03, not replacing live point.
09:37:54 [ultranest] [DEBUG] Plateau detected at L=-1.057166e+03, not replacing live point.
09:37:54 [ultranest] [DEBUG] Plateau detected at L=-1.057166e+03, not replacing live point.
09:37:54 [ultranest] [DEBUG] Plateau detected at L=-1.057166e+03, not replacing live point.
09:37:54 [ultranest] [DEBUG] Plateau detected at L=-1.057166e+03, not replacing live point.
09:37:54 [ultranest] [DEBUG] Plateau detected at L=-1.057166e+03, not replacing live point.
09:37:54 [ultranest] [DEBUG] Plateau detected at L=-1.057166e+03, not replacing live point.
09:37:54 [ultranest] [DEBUG] Plateau detected at L=-1.057166e+03, not replacing live point.
09:37:54 [ultranest] [DEBUG] Plateau detected at L=-1.057166e+03, not replacing live point.
09:37:54 [ultranest] [DEBUG] Plateau detected at L=-1.057166e+03, not replacing live point.
09:37:54 [ultranest] [DEBUG] iteration=330, ncalls=732, regioncalls=13280, ndraw=40, logz=-1059.80, remainder_fraction=100.0000%, Lmin=-1057.17, Lmax=-94.05
09:37:54 [ultranest] [DEBUG] Plateau detected at L=-1.057166e+03, not replacing live point.
09:37:54 [ultranest] [DEBUG] iteration=332, ncalls=733, regioncalls=13320, ndraw=40, logz=-1059.76, remainder_fraction=100.0000%, Lmin=-1057.17, Lmax=-94.05
09:37:54 [ultranest] [DEBUG] Plateau detected at L=-1.057166e+03, not replacing live point.
09:37:54 [ultranest] [DEBUG] iteration=335, ncalls=736, regioncalls=13440, ndraw=40, logz=-1059.71, remainder_fraction=100.0000%, Lmin=-1057.17, Lmax=-94.05
09:37:54 [ultranest] [DEBUG] Plateau detected at L=-1.057166e+03, not replacing live point.
09:37:54 [ultranest] [DEBUG] iteration=341, ncalls=743, regioncalls=13720, ndraw=40, logz=-1059.62, remainder_fraction=100.0000%, Lmin=-1057.17, Lmax=-94.05
09:37:54 [ultranest] [DEBUG] iteration=360, ncalls=774, regioncalls=14960, ndraw=40, logz=-1059.39, remainder_fraction=100.0000%, Lmin=-1057.17, Lmax=-94.05
09:37:54 [ultranest] [DEBUG] iteration=386, ncalls=811, regioncalls=16440, ndraw=40, logz=-1059.15, remainder_fraction=100.0000%, Lmin=-1057.17, Lmax=-94.05
09:37:54 [ultranest] [DEBUG] iteration=400, ncalls=845, regioncalls=17800, ndraw=40, logz=-1059.05, remainder_fraction=100.0000%, Lmin=-1057.17, Lmax=-94.05
09:37:54 [ultranest] [DEBUG] iteration=423, ncalls=882, regioncalls=19280, ndraw=40, logz=-1058.90, remainder_fraction=100.0000%, Lmin=-1057.16, Lmax=-38.33
09:37:54 [ultranest] [DEBUG] iteration=440, ncalls=914, regioncalls=20560, ndraw=40, logz=-1058.82, remainder_fraction=100.0000%, Lmin=-1057.15, Lmax=-38.33
09:37:55 [ultranest] [DEBUG] iteration=462, ncalls=960, regioncalls=22400, ndraw=40, logz=-1058.72, remainder_fraction=100.0000%, Lmin=-1057.10, Lmax=-38.33
09:37:55 [ultranest] [DEBUG] iteration=479, ncalls=1007, regioncalls=24280, ndraw=40, logz=-1058.64, remainder_fraction=100.0000%, Lmin=-1056.90, Lmax=-38.33
09:37:55 [ultranest] [DEBUG] iteration=480, ncalls=1008, regioncalls=24320, ndraw=40, logz=-1058.64, remainder_fraction=100.0000%, Lmin=-1056.89, Lmax=-38.33
09:37:55 [ultranest] [DEBUG] iteration=494, ncalls=1052, regioncalls=26080, ndraw=40, logz=-1058.57, remainder_fraction=100.0000%, Lmin=-1056.56, Lmax=-38.33
09:37:55 [ultranest] [DEBUG] iteration=514, ncalls=1092, regioncalls=27680, ndraw=40, logz=-1058.38, remainder_fraction=100.0000%, Lmin=-1055.29, Lmax=-38.33
09:37:55 [ultranest] [DEBUG] iteration=520, ncalls=1106, regioncalls=28240, ndraw=40, logz=-1058.28, remainder_fraction=100.0000%, Lmin=-1054.69, Lmax=-38.33
09:37:55 [ultranest] [DEBUG] iteration=541, ncalls=1150, regioncalls=30000, ndraw=40, logz=-1056.61, remainder_fraction=100.0000%, Lmin=-1051.41, Lmax=-38.33
09:37:55 [ultranest] [DEBUG] iteration=556, ncalls=1197, regioncalls=31880, ndraw=40, logz=-1054.91, remainder_fraction=100.0000%, Lmin=-1049.79, Lmax=-38.33
09:37:55 [ultranest] [DEBUG] iteration=560, ncalls=1203, regioncalls=32120, ndraw=40, logz=-1054.48, remainder_fraction=100.0000%, Lmin=-1049.13, Lmax=-38.33
09:37:55 [ultranest] [DEBUG] iteration=573, ncalls=1249, regioncalls=33960, ndraw=40, logz=-1052.86, remainder_fraction=100.0000%, Lmin=-1047.19, Lmax=-38.33
09:37:55 [ultranest] [DEBUG] iteration=589, ncalls=1293, regioncalls=35720, ndraw=40, logz=-1048.46, remainder_fraction=100.0000%, Lmin=-1042.71, Lmax=-38.33
09:37:55 [ultranest] [DEBUG] iteration=600, ncalls=1336, regioncalls=37440, ndraw=40, logz=-1046.88, remainder_fraction=100.0000%, Lmin=-1041.42, Lmax=-38.33
09:37:56 [ultranest] [DEBUG] iteration=611, ncalls=1387, regioncalls=39480, ndraw=40, logz=-1045.08, remainder_fraction=100.0000%, Lmin=-1039.35, Lmax=-38.33
09:37:56 [ultranest] [DEBUG] iteration=626, ncalls=1435, regioncalls=41400, ndraw=40, logz=-1043.07, remainder_fraction=100.0000%, Lmin=-1037.71, Lmax=-38.33
09:37:56 [ultranest] [DEBUG] iteration=640, ncalls=1475, regioncalls=43000, ndraw=40, logz=-1040.66, remainder_fraction=100.0000%, Lmin=-1034.63, Lmax=-38.33
09:37:56 [ultranest] [DEBUG] iteration=645, ncalls=1490, regioncalls=43600, ndraw=40, logz=-1039.46, remainder_fraction=100.0000%, Lmin=-1033.14, Lmax=-38.33
09:37:56 [ultranest] [DEBUG] iteration=663, ncalls=1531, regioncalls=45240, ndraw=40, logz=-1033.68, remainder_fraction=100.0000%, Lmin=-1027.20, Lmax=-38.33
09:37:56 [ultranest] [DEBUG] iteration=680, ncalls=1561, regioncalls=46440, ndraw=40, logz=-1028.06, remainder_fraction=100.0000%, Lmin=-1021.27, Lmax=-38.33
09:37:56 [ultranest] [DEBUG] iteration=701, ncalls=1605, regioncalls=48200, ndraw=40, logz=-1020.75, remainder_fraction=100.0000%, Lmin=-1013.26, Lmax=-38.33
09:37:56 [ultranest] [DEBUG] iteration=717, ncalls=1651, regioncalls=50040, ndraw=40, logz=-1012.48, remainder_fraction=100.0000%, Lmin=-1005.60, Lmax=-38.33
09:37:56 [ultranest] [DEBUG] iteration=720, ncalls=1654, regioncalls=50160, ndraw=40, logz=-1011.36, remainder_fraction=100.0000%, Lmin=-1003.61, Lmax=-38.33
09:37:56 [ultranest] [DEBUG] iteration=721, ncalls=1656, regioncalls=50240, ndraw=40, logz=-1010.70, remainder_fraction=100.0000%, Lmin=-1003.22, Lmax=-38.33
09:37:56 [ultranest] [DEBUG] iteration=737, ncalls=1701, regioncalls=52040, ndraw=40, logz=-1002.35, remainder_fraction=100.0000%, Lmin=-995.14, Lmax=-38.33
09:37:56 [ultranest] [DEBUG] iteration=760, ncalls=1742, regioncalls=53680, ndraw=40, logz=-984.62, remainder_fraction=100.0000%, Lmin=-977.18, Lmax=-38.33
09:37:56 [ultranest] [DEBUG] iteration=777, ncalls=1788, regioncalls=55520, ndraw=40, logz=-971.93, remainder_fraction=100.0000%, Lmin=-964.45, Lmax=-38.33
09:37:57 [ultranest] [DEBUG] iteration=798, ncalls=1825, regioncalls=57000, ndraw=40, logz=-961.83, remainder_fraction=100.0000%, Lmin=-953.67, Lmax=-38.33
09:37:57 [ultranest] [DEBUG] iteration=800, ncalls=1832, regioncalls=57280, ndraw=40, logz=-960.40, remainder_fraction=100.0000%, Lmin=-952.53, Lmax=-38.33
09:37:57 [ultranest] [DEBUG] iteration=822, ncalls=1871, regioncalls=58840, ndraw=40, logz=-943.84, remainder_fraction=100.0000%, Lmin=-935.88, Lmax=-38.33
09:37:57 [ultranest] [DEBUG] iteration=838, ncalls=1919, regioncalls=60760, ndraw=40, logz=-930.77, remainder_fraction=100.0000%, Lmin=-922.76, Lmax=-38.33
09:37:57 [ultranest] [DEBUG] iteration=840, ncalls=1925, regioncalls=61000, ndraw=40, logz=-929.22, remainder_fraction=100.0000%, Lmin=-921.28, Lmax=-38.33
09:37:57 [ultranest] [DEBUG] iteration=856, ncalls=1975, regioncalls=63000, ndraw=40, logz=-915.16, remainder_fraction=100.0000%, Lmin=-907.60, Lmax=-38.33
09:37:57 [ultranest] [DEBUG] iteration=873, ncalls=2016, regioncalls=64640, ndraw=40, logz=-905.48, remainder_fraction=100.0000%, Lmin=-897.88, Lmax=-38.33
09:37:57 [ultranest] [DEBUG] iteration=880, ncalls=2032, regioncalls=65280, ndraw=40, logz=-901.85, remainder_fraction=100.0000%, Lmin=-893.58, Lmax=-38.33
09:37:57 [ultranest] [DEBUG] iteration=895, ncalls=2077, regioncalls=67080, ndraw=40, logz=-885.36, remainder_fraction=100.0000%, Lmin=-877.82, Lmax=-38.33
09:37:57 [ultranest] [DEBUG] iteration=914, ncalls=2123, regioncalls=68920, ndraw=40, logz=-869.56, remainder_fraction=100.0000%, Lmin=-861.51, Lmax=-38.33
09:37:57 [ultranest] [DEBUG] iteration=920, ncalls=2137, regioncalls=69480, ndraw=40, logz=-861.99, remainder_fraction=100.0000%, Lmin=-853.45, Lmax=-38.33
09:37:57 [ultranest] [DEBUG] iteration=933, ncalls=2189, regioncalls=71560, ndraw=40, logz=-854.73, remainder_fraction=100.0000%, Lmin=-842.59, Lmax=-38.33
09:37:57 [ultranest] [DEBUG] iteration=949, ncalls=2229, regioncalls=73160, ndraw=40, logz=-838.13, remainder_fraction=100.0000%, Lmin=-828.81, Lmax=-38.33
09:37:58 [ultranest] [DEBUG] iteration=960, ncalls=2259, regioncalls=74360, ndraw=40, logz=-828.03, remainder_fraction=100.0000%, Lmin=-819.71, Lmax=-38.33
09:37:58 [ultranest] [DEBUG] iteration=979, ncalls=2306, regioncalls=76240, ndraw=40, logz=-811.02, remainder_fraction=100.0000%, Lmin=-803.04, Lmax=-38.33
09:37:58 [ultranest] [DEBUG] iteration=996, ncalls=2353, regioncalls=78120, ndraw=40, logz=-792.29, remainder_fraction=100.0000%, Lmin=-783.65, Lmax=-38.33
09:37:58 [ultranest] [DEBUG] iteration=1000, ncalls=2359, regioncalls=78360, ndraw=40, logz=-789.81, remainder_fraction=100.0000%, Lmin=-780.12, Lmax=-38.33
09:37:58 [ultranest] [DEBUG] iteration=1013, ncalls=2408, regioncalls=80320, ndraw=40, logz=-772.20, remainder_fraction=100.0000%, Lmin=-764.10, Lmax=-38.33
09:37:58 [ultranest] [DEBUG] iteration=1031, ncalls=2452, regioncalls=82080, ndraw=40, logz=-744.31, remainder_fraction=100.0000%, Lmin=-735.05, Lmax=-38.33
09:37:58 [ultranest] [DEBUG] iteration=1040, ncalls=2480, regioncalls=83200, ndraw=40, logz=-738.26, remainder_fraction=100.0000%, Lmin=-730.29, Lmax=-38.33
09:37:58 [ultranest] [DEBUG] iteration=1054, ncalls=2531, regioncalls=85240, ndraw=40, logz=-723.15, remainder_fraction=100.0000%, Lmin=-713.18, Lmax=-38.33
09:37:58 [ultranest] [DEBUG] iteration=1067, ncalls=2581, regioncalls=87240, ndraw=40, logz=-706.66, remainder_fraction=100.0000%, Lmin=-695.09, Lmax=-38.33
09:37:58 [ultranest] [DEBUG] iteration=1080, ncalls=2632, regioncalls=89280, ndraw=40, logz=-683.96, remainder_fraction=100.0000%, Lmin=-672.65, Lmax=-38.33
09:37:58 [ultranest] [DEBUG] iteration=1097, ncalls=2684, regioncalls=91360, ndraw=40, logz=-663.89, remainder_fraction=100.0000%, Lmin=-655.74, Lmax=-38.33
09:37:59 [ultranest] [DEBUG] iteration=1105, ncalls=2730, regioncalls=93200, ndraw=40, logz=-658.84, remainder_fraction=100.0000%, Lmin=-649.90, Lmax=-38.33
09:37:59 [ultranest] [DEBUG] iteration=1120, ncalls=2752, regioncalls=94080, ndraw=40, logz=-643.50, remainder_fraction=100.0000%, Lmin=-634.89, Lmax=-38.33
09:37:59 [ultranest] [DEBUG] iteration=1140, ncalls=2800, regioncalls=96000, ndraw=40, logz=-615.68, remainder_fraction=100.0000%, Lmin=-605.02, Lmax=-38.33
09:37:59 [ultranest] [DEBUG] iteration=1155, ncalls=2852, regioncalls=98080, ndraw=40, logz=-599.47, remainder_fraction=100.0000%, Lmin=-590.53, Lmax=-38.33
09:37:59 [ultranest] [DEBUG] iteration=1160, ncalls=2875, regioncalls=99000, ndraw=40, logz=-595.48, remainder_fraction=100.0000%, Lmin=-587.13, Lmax=-38.33
09:37:59 [ultranest] [DEBUG] iteration=1176, ncalls=2923, regioncalls=100920, ndraw=40, logz=-581.00, remainder_fraction=100.0000%, Lmin=-571.39, Lmax=-38.33
09:37:59 [ultranest] [DEBUG] iteration=1191, ncalls=2964, regioncalls=102560, ndraw=40, logz=-571.09, remainder_fraction=100.0000%, Lmin=-561.13, Lmax=-38.33
09:37:59 [ultranest] [DEBUG] iteration=1200, ncalls=2989, regioncalls=103560, ndraw=40, logz=-559.38, remainder_fraction=100.0000%, Lmin=-548.63, Lmax=-38.33
09:37:59 [ultranest] [DEBUG] iteration=1213, ncalls=3047, regioncalls=105880, ndraw=40, logz=-546.10, remainder_fraction=100.0000%, Lmin=-535.48, Lmax=-38.33
09:37:59 [ultranest] [DEBUG] iteration=1227, ncalls=3099, regioncalls=107960, ndraw=40, logz=-528.24, remainder_fraction=100.0000%, Lmin=-519.36, Lmax=-38.33
09:38:00 [ultranest] [DEBUG] iteration=1239, ncalls=3149, regioncalls=109960, ndraw=40, logz=-515.93, remainder_fraction=100.0000%, Lmin=-505.05, Lmax=-38.33
09:38:00 [ultranest] [DEBUG] iteration=1240, ncalls=3150, regioncalls=110000, ndraw=40, logz=-514.20, remainder_fraction=100.0000%, Lmin=-504.32, Lmax=-38.33
09:38:00 [ultranest] [DEBUG] iteration=1249, ncalls=3206, regioncalls=112240, ndraw=40, logz=-506.96, remainder_fraction=100.0000%, Lmin=-498.68, Lmax=-38.33
09:38:00 [ultranest] [DEBUG] iteration=1257, ncalls=3257, regioncalls=114280, ndraw=40, logz=-497.03, remainder_fraction=100.0000%, Lmin=-485.40, Lmax=-38.33
09:38:00 [ultranest] [DEBUG] iteration=1268, ncalls=3310, regioncalls=116400, ndraw=40, logz=-484.37, remainder_fraction=100.0000%, Lmin=-475.19, Lmax=-38.33
09:38:00 [ultranest] [DEBUG] iteration=1280, ncalls=3348, regioncalls=117920, ndraw=40, logz=-475.01, remainder_fraction=100.0000%, Lmin=-466.22, Lmax=-38.33
09:38:00 [ultranest] [DEBUG] iteration=1290, ncalls=3400, regioncalls=120000, ndraw=40, logz=-464.66, remainder_fraction=100.0000%, Lmin=-454.72, Lmax=-38.33
09:38:00 [ultranest] [DEBUG] iteration=1303, ncalls=3450, regioncalls=122040, ndraw=40, logz=-446.83, remainder_fraction=100.0000%, Lmin=-438.42, Lmax=-38.33
09:38:00 [ultranest] [DEBUG] iteration=1312, ncalls=3506, regioncalls=124280, ndraw=40, logz=-440.84, remainder_fraction=100.0000%, Lmin=-430.90, Lmax=-38.33
09:38:00 [ultranest] [DEBUG] iteration=1320, ncalls=3532, regioncalls=125320, ndraw=40, logz=-436.35, remainder_fraction=100.0000%, Lmin=-425.71, Lmax=-38.33
09:38:00 [ultranest] [DEBUG] iteration=1332, ncalls=3576, regioncalls=127080, ndraw=40, logz=-426.89, remainder_fraction=100.0000%, Lmin=-417.11, Lmax=-38.33
09:38:00 [ultranest] [DEBUG] iteration=1345, ncalls=3620, regioncalls=128840, ndraw=40, logz=-417.25, remainder_fraction=100.0000%, Lmin=-407.47, Lmax=-38.33
09:38:01 [ultranest] [DEBUG] iteration=1355, ncalls=3672, regioncalls=130920, ndraw=40, logz=-407.07, remainder_fraction=100.0000%, Lmin=-396.37, Lmax=-38.33
09:38:01 [ultranest] [DEBUG] iteration=1360, ncalls=3692, regioncalls=131720, ndraw=40, logz=-401.91, remainder_fraction=100.0000%, Lmin=-392.86, Lmax=-38.33
09:38:01 [ultranest] [DEBUG] iteration=1376, ncalls=3738, regioncalls=133560, ndraw=40, logz=-391.90, remainder_fraction=100.0000%, Lmin=-382.09, Lmax=-38.33
09:38:01 [ultranest] [DEBUG] iteration=1389, ncalls=3798, regioncalls=135960, ndraw=40, logz=-380.04, remainder_fraction=100.0000%, Lmin=-370.38, Lmax=-36.39
09:38:01 [ultranest] [DEBUG] iteration=1400, ncalls=3846, regioncalls=137880, ndraw=40, logz=-370.91, remainder_fraction=100.0000%, Lmin=-361.86, Lmax=-36.39
09:38:01 [ultranest] [DEBUG] iteration=1410, ncalls=3892, regioncalls=139720, ndraw=40, logz=-362.99, remainder_fraction=100.0000%, Lmin=-354.24, Lmax=-36.39
09:38:01 [ultranest] [DEBUG] iteration=1419, ncalls=3943, regioncalls=141760, ndraw=40, logz=-356.33, remainder_fraction=100.0000%, Lmin=-347.05, Lmax=-36.39
09:38:01 [ultranest] [DEBUG] iteration=1430, ncalls=4000, regioncalls=144040, ndraw=40, logz=-347.19, remainder_fraction=100.0000%, Lmin=-337.07, Lmax=-36.39
09:38:01 [ultranest] [DEBUG] iteration=1434, ncalls=4055, regioncalls=146240, ndraw=40, logz=-344.48, remainder_fraction=100.0000%, Lmin=-334.68, Lmax=-36.39
09:38:01 [ultranest] [DEBUG] iteration=1440, ncalls=4084, regioncalls=147400, ndraw=40, logz=-342.25, remainder_fraction=100.0000%, Lmin=-333.75, Lmax=-36.39
09:38:02 [ultranest] [DEBUG] iteration=1450, ncalls=4137, regioncalls=149520, ndraw=40, logz=-339.13, remainder_fraction=100.0000%, Lmin=-329.86, Lmax=-36.39
09:38:02 [ultranest] [DEBUG] iteration=1458, ncalls=4198, regioncalls=151960, ndraw=40, logz=-333.67, remainder_fraction=100.0000%, Lmin=-324.49, Lmax=-36.39
09:38:02 [ultranest] [DEBUG] iteration=1466, ncalls=4247, regioncalls=153920, ndraw=40, logz=-328.45, remainder_fraction=100.0000%, Lmin=-318.99, Lmax=-36.39
09:38:02 [ultranest] [DEBUG] iteration=1475, ncalls=4302, regioncalls=156120, ndraw=40, logz=-321.88, remainder_fraction=100.0000%, Lmin=-312.05, Lmax=-36.39
09:38:02 [ultranest] [DEBUG] iteration=1480, ncalls=4338, regioncalls=157560, ndraw=40, logz=-318.58, remainder_fraction=100.0000%, Lmin=-309.24, Lmax=-36.39
09:38:02 [ultranest] [DEBUG] iteration=1481, ncalls=4341, regioncalls=157680, ndraw=40, logz=-318.18, remainder_fraction=100.0000%, Lmin=-309.21, Lmax=-36.39
09:38:02 [ultranest] [DEBUG] iteration=1487, ncalls=4419, regioncalls=160840, ndraw=40, logz=-315.92, remainder_fraction=100.0000%, Lmin=-305.87, Lmax=-36.39
09:38:02 [ultranest] [DEBUG] iteration=1499, ncalls=4468, regioncalls=162800, ndraw=40, logz=-305.62, remainder_fraction=100.0000%, Lmin=-296.31, Lmax=-36.39
09:38:02 [ultranest] [DEBUG] iteration=1510, ncalls=4513, regioncalls=164600, ndraw=40, logz=-297.38, remainder_fraction=100.0000%, Lmin=-286.82, Lmax=-36.39
09:38:02 [ultranest] [DEBUG] iteration=1520, ncalls=4566, regioncalls=166720, ndraw=40, logz=-290.10, remainder_fraction=100.0000%, Lmin=-280.61, Lmax=-36.39
09:38:03 [ultranest] [DEBUG] iteration=1529, ncalls=4619, regioncalls=168840, ndraw=40, logz=-286.05, remainder_fraction=100.0000%, Lmin=-277.10, Lmax=-36.39
09:38:03 [ultranest] [DEBUG] iteration=1538, ncalls=4671, regioncalls=170920, ndraw=40, logz=-283.18, remainder_fraction=100.0000%, Lmin=-273.41, Lmax=-28.26
09:38:03 [ultranest] [DEBUG] iteration=1549, ncalls=4726, regioncalls=173120, ndraw=40, logz=-278.56, remainder_fraction=100.0000%, Lmin=-269.49, Lmax=-28.26
09:38:03 [ultranest] [DEBUG] iteration=1557, ncalls=4780, regioncalls=175320, ndraw=40, logz=-273.20, remainder_fraction=100.0000%, Lmin=-263.86, Lmax=-28.26
09:38:03 [ultranest] [DEBUG] iteration=1560, ncalls=4792, regioncalls=175800, ndraw=40, logz=-271.88, remainder_fraction=100.0000%, Lmin=-262.34, Lmax=-28.26
09:38:03 [ultranest] [DEBUG] iteration=1568, ncalls=4842, regioncalls=177840, ndraw=40, logz=-267.85, remainder_fraction=100.0000%, Lmin=-258.41, Lmax=-28.26
09:38:03 [ultranest] [DEBUG] iteration=1578, ncalls=4896, regioncalls=180000, ndraw=40, logz=-258.68, remainder_fraction=100.0000%, Lmin=-248.50, Lmax=-28.26
09:38:03 [ultranest] [DEBUG] iteration=1589, ncalls=4951, regioncalls=182200, ndraw=40, logz=-252.97, remainder_fraction=100.0000%, Lmin=-242.42, Lmax=-28.26
09:38:03 [ultranest] [DEBUG] iteration=1600, ncalls=4991, regioncalls=183800, ndraw=40, logz=-247.70, remainder_fraction=100.0000%, Lmin=-237.71, Lmax=-28.26
09:38:03 [ultranest] [DEBUG] iteration=1608, ncalls=5046, regioncalls=186000, ndraw=40, logz=-243.00, remainder_fraction=100.0000%, Lmin=-232.79, Lmax=-28.26
09:38:04 [ultranest] [DEBUG] iteration=1618, ncalls=5096, regioncalls=188000, ndraw=40, logz=-238.45, remainder_fraction=100.0000%, Lmin=-228.89, Lmax=-28.26
09:38:04 [ultranest] [DEBUG] iteration=1624, ncalls=5161, regioncalls=190600, ndraw=40, logz=-235.44, remainder_fraction=100.0000%, Lmin=-225.79, Lmax=-28.26
09:38:04 [ultranest] [DEBUG] iteration=1631, ncalls=5212, regioncalls=192640, ndraw=40, logz=-230.43, remainder_fraction=100.0000%, Lmin=-220.00, Lmax=-28.26
09:38:04 [ultranest] [DEBUG] iteration=1640, ncalls=5259, regioncalls=194520, ndraw=40, logz=-225.22, remainder_fraction=100.0000%, Lmin=-215.32, Lmax=-28.26
09:38:04 [ultranest] [DEBUG] iteration=1650, ncalls=5318, regioncalls=196880, ndraw=40, logz=-220.37, remainder_fraction=100.0000%, Lmin=-209.79, Lmax=-28.26
09:38:04 [ultranest] [DEBUG] iteration=1663, ncalls=5375, regioncalls=199160, ndraw=40, logz=-215.87, remainder_fraction=100.0000%, Lmin=-207.03, Lmax=-28.26
09:38:04 [ultranest] [DEBUG] iteration=1674, ncalls=5429, regioncalls=201320, ndraw=40, logz=-213.02, remainder_fraction=100.0000%, Lmin=-203.62, Lmax=-28.26
09:38:04 [ultranest] [DEBUG] iteration=1680, ncalls=5465, regioncalls=202760, ndraw=40, logz=-211.01, remainder_fraction=100.0000%, Lmin=-201.51, Lmax=-28.26
09:38:04 [ultranest] [DEBUG] iteration=1689, ncalls=5520, regioncalls=204960, ndraw=40, logz=-207.33, remainder_fraction=100.0000%, Lmin=-197.78, Lmax=-28.26
09:38:04 [ultranest] [DEBUG] iteration=1701, ncalls=5571, regioncalls=207000, ndraw=40, logz=-202.03, remainder_fraction=100.0000%, Lmin=-191.98, Lmax=-28.26
09:38:05 [ultranest] [DEBUG] iteration=1707, ncalls=5631, regioncalls=209400, ndraw=40, logz=-200.27, remainder_fraction=100.0000%, Lmin=-191.31, Lmax=-28.26
09:38:05 [ultranest] [DEBUG] iteration=1709, ncalls=5635, regioncalls=209560, ndraw=40, logz=-199.97, remainder_fraction=100.0000%, Lmin=-190.56, Lmax=-28.26
09:38:05 [ultranest] [DEBUG] iteration=1716, ncalls=5683, regioncalls=211520, ndraw=40, logz=-198.14, remainder_fraction=100.0000%, Lmin=-187.08, Lmax=-28.26
09:38:05 [ultranest] [DEBUG] iteration=1720, ncalls=5693, regioncalls=211920, ndraw=40, logz=-193.92, remainder_fraction=100.0000%, Lmin=-183.81, Lmax=-28.26
09:38:05 [ultranest] [DEBUG] iteration=1734, ncalls=5742, regioncalls=213880, ndraw=40, logz=-187.01, remainder_fraction=100.0000%, Lmin=-177.26, Lmax=-28.26
09:38:05 [ultranest] [DEBUG] iteration=1748, ncalls=5802, regioncalls=216280, ndraw=40, logz=-178.81, remainder_fraction=100.0000%, Lmin=-168.70, Lmax=-28.26
09:38:05 [ultranest] [DEBUG] iteration=1757, ncalls=5857, regioncalls=218480, ndraw=40, logz=-175.93, remainder_fraction=100.0000%, Lmin=-166.50, Lmax=-28.26
09:38:05 [ultranest] [DEBUG] iteration=1760, ncalls=5865, regioncalls=218800, ndraw=40, logz=-175.37, remainder_fraction=100.0000%, Lmin=-166.15, Lmax=-28.26
09:38:05 [ultranest] [DEBUG] iteration=1772, ncalls=5923, regioncalls=221120, ndraw=40, logz=-172.60, remainder_fraction=100.0000%, Lmin=-162.69, Lmax=-28.26
09:38:05 [ultranest] [DEBUG] iteration=1780, ncalls=5978, regioncalls=223320, ndraw=40, logz=-170.60, remainder_fraction=100.0000%, Lmin=-160.77, Lmax=-28.26
09:38:05 [ultranest] [DEBUG] iteration=1791, ncalls=6028, regioncalls=225320, ndraw=40, logz=-167.31, remainder_fraction=100.0000%, Lmin=-157.13, Lmax=-28.26
09:38:05 [ultranest] [DEBUG] iteration=1800, ncalls=6061, regioncalls=226640, ndraw=40, logz=-163.49, remainder_fraction=100.0000%, Lmin=-153.33, Lmax=-24.14
09:38:06 [ultranest] [DEBUG] iteration=1811, ncalls=6115, regioncalls=228800, ndraw=40, logz=-160.60, remainder_fraction=100.0000%, Lmin=-150.64, Lmax=-24.14
09:38:06 [ultranest] [DEBUG] iteration=1826, ncalls=6167, regioncalls=230880, ndraw=40, logz=-156.04, remainder_fraction=100.0000%, Lmin=-146.46, Lmax=-24.14
09:38:06 [ultranest] [DEBUG] iteration=1836, ncalls=6227, regioncalls=233280, ndraw=40, logz=-153.75, remainder_fraction=100.0000%, Lmin=-143.30, Lmax=-24.14
09:38:06 [ultranest] [DEBUG] iteration=1840, ncalls=6265, regioncalls=234800, ndraw=40, logz=-152.12, remainder_fraction=100.0000%, Lmin=-141.71, Lmax=-24.14
09:38:06 [ultranest] [DEBUG] iteration=1848, ncalls=6317, regioncalls=236880, ndraw=40, logz=-149.24, remainder_fraction=100.0000%, Lmin=-138.89, Lmax=-24.14
09:38:06 [ultranest] [DEBUG] iteration=1858, ncalls=6365, regioncalls=238800, ndraw=40, logz=-145.43, remainder_fraction=100.0000%, Lmin=-134.56, Lmax=-24.14
09:38:06 [ultranest] [DEBUG] iteration=1870, ncalls=6409, regioncalls=240560, ndraw=40, logz=-141.53, remainder_fraction=100.0000%, Lmin=-131.25, Lmax=-24.14
09:38:06 [ultranest] [DEBUG] iteration=1878, ncalls=6459, regioncalls=242560, ndraw=40, logz=-139.41, remainder_fraction=100.0000%, Lmin=-129.56, Lmax=-24.14
09:38:06 [ultranest] [DEBUG] iteration=1880, ncalls=6470, regioncalls=243000, ndraw=40, logz=-138.92, remainder_fraction=100.0000%, Lmin=-128.89, Lmax=-24.14
09:38:06 [ultranest] [DEBUG] iteration=1893, ncalls=6519, regioncalls=244960, ndraw=40, logz=-135.59, remainder_fraction=100.0000%, Lmin=-125.86, Lmax=-24.14
09:38:07 [ultranest] [DEBUG] iteration=1903, ncalls=6571, regioncalls=247040, ndraw=40, logz=-133.29, remainder_fraction=100.0000%, Lmin=-122.52, Lmax=-24.14
09:38:07 [ultranest] [DEBUG] iteration=1910, ncalls=6626, regioncalls=249240, ndraw=40, logz=-131.39, remainder_fraction=100.0000%, Lmin=-121.48, Lmax=-24.14
09:38:07 [ultranest] [DEBUG] iteration=1920, ncalls=6673, regioncalls=251120, ndraw=40, logz=-129.09, remainder_fraction=100.0000%, Lmin=-119.21, Lmax=-24.14
09:38:07 [ultranest] [DEBUG] iteration=1928, ncalls=6731, regioncalls=253440, ndraw=40, logz=-127.50, remainder_fraction=100.0000%, Lmin=-117.90, Lmax=-24.14
09:38:07 [ultranest] [DEBUG] iteration=1937, ncalls=6762, regioncalls=254680, ndraw=40, logz=-125.80, remainder_fraction=100.0000%, Lmin=-115.68, Lmax=-24.14
09:38:07 [ultranest] [DEBUG] iteration=1949, ncalls=6813, regioncalls=256800, ndraw=40, logz=-123.25, remainder_fraction=100.0000%, Lmin=-113.46, Lmax=-24.14
09:38:07 [ultranest] [DEBUG] iteration=1960, ncalls=6846, regioncalls=258120, ndraw=40, logz=-121.65, remainder_fraction=100.0000%, Lmin=-112.18, Lmax=-24.14
09:38:07 [ultranest] [DEBUG] iteration=1972, ncalls=6900, regioncalls=260280, ndraw=40, logz=-120.11, remainder_fraction=100.0000%, Lmin=-110.47, Lmax=-24.14
09:38:07 [ultranest] [DEBUG] iteration=1985, ncalls=6962, regioncalls=262760, ndraw=40, logz=-117.69, remainder_fraction=100.0000%, Lmin=-107.71, Lmax=-24.14
09:38:07 [ultranest] [DEBUG] iteration=1998, ncalls=7021, regioncalls=265120, ndraw=40, logz=-115.01, remainder_fraction=100.0000%, Lmin=-105.25, Lmax=-24.14
09:38:07 [ultranest] [DEBUG] iteration=2000, ncalls=7027, regioncalls=265360, ndraw=40, logz=-114.71, remainder_fraction=100.0000%, Lmin=-105.07, Lmax=-24.14
09:38:08 [ultranest] [DEBUG] iteration=2013, ncalls=7072, regioncalls=267200, ndraw=40, logz=-112.59, remainder_fraction=100.0000%, Lmin=-102.97, Lmax=-24.14
09:38:08 [ultranest] [DEBUG] iteration=2026, ncalls=7118, regioncalls=269040, ndraw=40, logz=-111.09, remainder_fraction=100.0000%, Lmin=-101.46, Lmax=-24.14
09:38:08 [ultranest] [DEBUG] iteration=2040, ncalls=7166, regioncalls=270960, ndraw=40, logz=-109.22, remainder_fraction=100.0000%, Lmin=-99.33, Lmax=-24.14
09:38:08 [ultranest] [DEBUG] iteration=2055, ncalls=7214, regioncalls=272880, ndraw=40, logz=-106.19, remainder_fraction=100.0000%, Lmin=-96.13, Lmax=-23.98
09:38:08 [ultranest] [DEBUG] iteration=2067, ncalls=7265, regioncalls=274920, ndraw=40, logz=-104.57, remainder_fraction=100.0000%, Lmin=-94.98, Lmax=-23.98
09:38:08 [ultranest] [DEBUG] iteration=2080, ncalls=7314, regioncalls=276880, ndraw=40, logz=-102.76, remainder_fraction=100.0000%, Lmin=-93.13, Lmax=-23.98
09:38:08 [ultranest] [DEBUG] iteration=2090, ncalls=7358, regioncalls=278640, ndraw=40, logz=-101.65, remainder_fraction=100.0000%, Lmin=-92.11, Lmax=-23.98
09:38:08 [ultranest] [DEBUG] iteration=2103, ncalls=7398, regioncalls=280240, ndraw=40, logz=-100.49, remainder_fraction=100.0000%, Lmin=-90.75, Lmax=-23.98
09:38:08 [ultranest] [DEBUG] iteration=2114, ncalls=7447, regioncalls=282200, ndraw=40, logz=-99.19, remainder_fraction=100.0000%, Lmin=-89.36, Lmax=-23.98
09:38:08 [ultranest] [DEBUG] iteration=2120, ncalls=7470, regioncalls=283120, ndraw=40, logz=-98.45, remainder_fraction=100.0000%, Lmin=-88.60, Lmax=-23.98
09:38:09 [ultranest] [DEBUG] iteration=2129, ncalls=7528, regioncalls=285440, ndraw=40, logz=-97.34, remainder_fraction=100.0000%, Lmin=-87.33, Lmax=-23.98
09:38:09 [ultranest] [DEBUG] iteration=2142, ncalls=7578, regioncalls=287440, ndraw=40, logz=-95.67, remainder_fraction=100.0000%, Lmin=-85.66, Lmax=-23.98
09:38:09 [ultranest] [DEBUG] iteration=2155, ncalls=7640, regioncalls=289920, ndraw=40, logz=-93.98, remainder_fraction=100.0000%, Lmin=-83.91, Lmax=-23.98
09:38:09 [ultranest] [DEBUG] iteration=2160, ncalls=7654, regioncalls=290480, ndraw=40, logz=-93.37, remainder_fraction=100.0000%, Lmin=-83.40, Lmax=-23.98
09:38:09 [ultranest] [DEBUG] iteration=2171, ncalls=7698, regioncalls=292240, ndraw=40, logz=-91.32, remainder_fraction=100.0000%, Lmin=-80.95, Lmax=-23.98
09:38:09 [ultranest] [DEBUG] iteration=2181, ncalls=7749, regioncalls=294280, ndraw=40, logz=-90.02, remainder_fraction=100.0000%, Lmin=-79.83, Lmax=-23.98
09:38:09 [ultranest] [DEBUG] iteration=2190, ncalls=7800, regioncalls=296320, ndraw=40, logz=-88.90, remainder_fraction=100.0000%, Lmin=-78.65, Lmax=-23.98
09:38:09 [ultranest] [DEBUG] iteration=2198, ncalls=7852, regioncalls=298400, ndraw=40, logz=-87.74, remainder_fraction=100.0000%, Lmin=-77.47, Lmax=-23.98
09:38:09 [ultranest] [DEBUG] iteration=2200, ncalls=7857, regioncalls=298600, ndraw=40, logz=-87.48, remainder_fraction=100.0000%, Lmin=-77.37, Lmax=-23.98
09:38:09 [ultranest] [DEBUG] iteration=2217, ncalls=7913, regioncalls=300840, ndraw=40, logz=-85.49, remainder_fraction=100.0000%, Lmin=-75.09, Lmax=-22.88
09:38:09 [ultranest] [DEBUG] iteration=2224, ncalls=7974, regioncalls=303280, ndraw=40, logz=-84.60, remainder_fraction=100.0000%, Lmin=-74.42, Lmax=-22.88
09:38:10 [ultranest] [DEBUG] iteration=2235, ncalls=8024, regioncalls=305280, ndraw=40, logz=-83.31, remainder_fraction=100.0000%, Lmin=-73.34, Lmax=-22.88
09:38:10 [ultranest] [DEBUG] iteration=2240, ncalls=8049, regioncalls=306280, ndraw=40, logz=-82.81, remainder_fraction=100.0000%, Lmin=-72.64, Lmax=-22.88
09:38:10 [ultranest] [DEBUG] iteration=2241, ncalls=8056, regioncalls=306600, ndraw=40, logz=-82.70, remainder_fraction=100.0000%, Lmin=-72.60, Lmax=-22.88
09:38:10 [ultranest] [DEBUG] iteration=2251, ncalls=8106, regioncalls=308600, ndraw=40, logz=-81.79, remainder_fraction=100.0000%, Lmin=-71.89, Lmax=-22.88
09:38:10 [ultranest] [DEBUG] iteration=2260, ncalls=8158, regioncalls=310680, ndraw=40, logz=-80.99, remainder_fraction=100.0000%, Lmin=-70.99, Lmax=-22.88
09:38:10 [ultranest] [DEBUG] iteration=2269, ncalls=8211, regioncalls=312800, ndraw=40, logz=-80.28, remainder_fraction=100.0000%, Lmin=-70.57, Lmax=-22.88
09:38:10 [ultranest] [DEBUG] iteration=2278, ncalls=8263, regioncalls=314880, ndraw=40, logz=-79.57, remainder_fraction=100.0000%, Lmin=-69.70, Lmax=-22.88
09:38:10 [ultranest] [DEBUG] iteration=2280, ncalls=8285, regioncalls=315760, ndraw=40, logz=-79.42, remainder_fraction=100.0000%, Lmin=-69.27, Lmax=-22.88
09:38:10 [ultranest] [DEBUG] iteration=2293, ncalls=8338, regioncalls=317880, ndraw=40, logz=-78.42, remainder_fraction=100.0000%, Lmin=-68.68, Lmax=-22.88
09:38:10 [ultranest] [DEBUG] iteration=2306, ncalls=8387, regioncalls=319840, ndraw=40, logz=-77.77, remainder_fraction=100.0000%, Lmin=-68.48, Lmax=-22.88
09:38:10 [ultranest] [DEBUG] iteration=2317, ncalls=8435, regioncalls=321800, ndraw=40, logz=-77.28, remainder_fraction=100.0000%, Lmin=-67.65, Lmax=-22.88
09:38:10 [ultranest] [DEBUG] iteration=2320, ncalls=8444, regioncalls=322160, ndraw=40, logz=-77.12, remainder_fraction=100.0000%, Lmin=-67.50, Lmax=-22.88
09:38:11 [ultranest] [DEBUG] iteration=2329, ncalls=8488, regioncalls=324000, ndraw=40, logz=-76.56, remainder_fraction=100.0000%, Lmin=-66.73, Lmax=-22.88
09:38:11 [ultranest] [DEBUG] iteration=2339, ncalls=8538, regioncalls=326000, ndraw=40, logz=-75.89, remainder_fraction=100.0000%, Lmin=-65.68, Lmax=-22.88
09:38:11 [ultranest] [DEBUG] iteration=2352, ncalls=8591, regioncalls=328120, ndraw=40, logz=-74.74, remainder_fraction=100.0000%, Lmin=-64.73, Lmax=-21.93
09:38:11 [ultranest] [DEBUG] iteration=2360, ncalls=8625, regioncalls=329480, ndraw=40, logz=-74.24, remainder_fraction=100.0000%, Lmin=-64.52, Lmax=-21.93
09:38:11 [ultranest] [DEBUG] iteration=2371, ncalls=8683, regioncalls=331800, ndraw=40, logz=-73.64, remainder_fraction=100.0000%, Lmin=-63.78, Lmax=-21.93
09:38:11 [ultranest] [DEBUG] iteration=2387, ncalls=8736, regioncalls=333920, ndraw=40, logz=-72.76, remainder_fraction=100.0000%, Lmin=-63.01, Lmax=-21.93
09:38:11 [ultranest] [DEBUG] iteration=2393, ncalls=8773, regioncalls=335480, ndraw=40, logz=-72.47, remainder_fraction=100.0000%, Lmin=-62.73, Lmax=-21.93
09:38:11 [ultranest] [DEBUG] iteration=2400, ncalls=8796, regioncalls=336400, ndraw=40, logz=-72.11, remainder_fraction=100.0000%, Lmin=-62.19, Lmax=-21.93
09:38:11 [ultranest] [DEBUG] iteration=2417, ncalls=8842, regioncalls=338240, ndraw=40, logz=-71.02, remainder_fraction=100.0000%, Lmin=-60.81, Lmax=-21.93
09:38:11 [ultranest] [DEBUG] iteration=2427, ncalls=8894, regioncalls=340320, ndraw=40, logz=-70.37, remainder_fraction=100.0000%, Lmin=-60.43, Lmax=-21.93
09:38:11 [ultranest] [DEBUG] iteration=2440, ncalls=8932, regioncalls=341840, ndraw=40, logz=-69.74, remainder_fraction=100.0000%, Lmin=-59.71, Lmax=-21.93
09:38:12 [ultranest] [DEBUG] iteration=2452, ncalls=8982, regioncalls=343840, ndraw=40, logz=-69.10, remainder_fraction=100.0000%, Lmin=-59.21, Lmax=-21.93
09:38:12 [ultranest] [DEBUG] iteration=2464, ncalls=9030, regioncalls=345760, ndraw=40, logz=-68.56, remainder_fraction=100.0000%, Lmin=-58.74, Lmax=-21.93
09:38:12 [ultranest] [DEBUG] iteration=2472, ncalls=9076, regioncalls=347600, ndraw=40, logz=-68.22, remainder_fraction=100.0000%, Lmin=-58.27, Lmax=-21.93
09:38:12 [ultranest] [DEBUG] iteration=2480, ncalls=9108, regioncalls=348880, ndraw=40, logz=-67.77, remainder_fraction=100.0000%, Lmin=-57.53, Lmax=-21.93
09:38:12 [ultranest] [DEBUG] iteration=2496, ncalls=9156, regioncalls=350800, ndraw=40, logz=-66.87, remainder_fraction=100.0000%, Lmin=-56.76, Lmax=-21.93
09:38:12 [ultranest] [DEBUG] iteration=2507, ncalls=9206, regioncalls=352800, ndraw=40, logz=-66.33, remainder_fraction=100.0000%, Lmin=-56.35, Lmax=-21.93
09:38:12 [ultranest] [DEBUG] iteration=2518, ncalls=9259, regioncalls=354920, ndraw=40, logz=-65.78, remainder_fraction=100.0000%, Lmin=-55.67, Lmax=-21.93
09:38:12 [ultranest] [DEBUG] iteration=2520, ncalls=9263, regioncalls=355080, ndraw=40, logz=-65.68, remainder_fraction=100.0000%, Lmin=-55.52, Lmax=-21.93
09:38:12 [ultranest] [DEBUG] iteration=2529, ncalls=9316, regioncalls=357200, ndraw=40, logz=-65.25, remainder_fraction=100.0000%, Lmin=-55.19, Lmax=-21.93
09:38:12 [ultranest] [DEBUG] iteration=2542, ncalls=9370, regioncalls=359360, ndraw=40, logz=-64.69, remainder_fraction=100.0000%, Lmin=-54.69, Lmax=-21.93
09:38:12 [ultranest] [DEBUG] iteration=2551, ncalls=9414, regioncalls=361120, ndraw=40, logz=-64.35, remainder_fraction=100.0000%, Lmin=-54.38, Lmax=-21.93
09:38:13 [ultranest] [DEBUG] iteration=2560, ncalls=9456, regioncalls=362800, ndraw=40, logz=-63.97, remainder_fraction=100.0000%, Lmin=-53.88, Lmax=-21.93
09:38:13 [ultranest] [DEBUG] iteration=2575, ncalls=9506, regioncalls=364800, ndraw=40, logz=-63.40, remainder_fraction=100.0000%, Lmin=-53.48, Lmax=-21.93
09:38:13 [ultranest] [DEBUG] iteration=2584, ncalls=9560, regioncalls=366960, ndraw=40, logz=-63.07, remainder_fraction=100.0000%, Lmin=-53.15, Lmax=-21.93
09:38:13 [ultranest] [DEBUG] iteration=2597, ncalls=9621, regioncalls=369400, ndraw=40, logz=-62.60, remainder_fraction=100.0000%, Lmin=-52.46, Lmax=-21.93
09:38:13 [ultranest] [DEBUG] iteration=2600, ncalls=9640, regioncalls=370160, ndraw=40, logz=-62.48, remainder_fraction=100.0000%, Lmin=-52.33, Lmax=-21.93
09:38:13 [ultranest] [DEBUG] iteration=2612, ncalls=9699, regioncalls=372520, ndraw=40, logz=-62.03, remainder_fraction=100.0000%, Lmin=-52.06, Lmax=-21.93
09:38:13 [ultranest] [DEBUG] iteration=2621, ncalls=9758, regioncalls=374920, ndraw=40, logz=-61.72, remainder_fraction=100.0000%, Lmin=-51.73, Lmax=-21.93
09:38:13 [ultranest] [DEBUG] iteration=2636, ncalls=9801, regioncalls=376760, ndraw=40, logz=-61.22, remainder_fraction=100.0000%, Lmin=-51.07, Lmax=-21.93
09:38:13 [ultranest] [DEBUG] iteration=2640, ncalls=9821, regioncalls=377560, ndraw=40, logz=-61.08, remainder_fraction=100.0000%, Lmin=-50.98, Lmax=-21.93
09:38:13 [ultranest] [DEBUG] iteration=2651, ncalls=9892, regioncalls=380400, ndraw=40, logz=-60.68, remainder_fraction=100.0000%, Lmin=-50.50, Lmax=-21.93
09:38:14 [ultranest] [DEBUG] iteration=2662, ncalls=9943, regioncalls=382440, ndraw=40, logz=-60.30, remainder_fraction=100.0000%, Lmin=-50.14, Lmax=-21.93
09:38:14 [ultranest] [DEBUG] iteration=2671, ncalls=9993, regioncalls=384440, ndraw=40, logz=-60.01, remainder_fraction=100.0000%, Lmin=-49.96, Lmax=-21.93
09:38:14 [ultranest] [DEBUG] iteration=2680, ncalls=10031, regioncalls=385960, ndraw=40, logz=-59.75, remainder_fraction=100.0000%, Lmin=-49.75, Lmax=-21.93
09:38:14 [ultranest] [DEBUG] iteration=2684, ncalls=10092, regioncalls=388400, ndraw=40, logz=-59.64, remainder_fraction=100.0000%, Lmin=-49.63, Lmax=-21.93
09:38:14 [ultranest] [DEBUG] iteration=2696, ncalls=10141, regioncalls=390360, ndraw=40, logz=-59.32, remainder_fraction=100.0000%, Lmin=-49.32, Lmax=-21.93
09:38:14 [ultranest] [DEBUG] iteration=2701, ncalls=10189, regioncalls=392280, ndraw=40, logz=-59.19, remainder_fraction=100.0000%, Lmin=-49.17, Lmax=-21.93
09:38:14 [ultranest] [DEBUG] iteration=2713, ncalls=10241, regioncalls=394360, ndraw=40, logz=-58.83, remainder_fraction=100.0000%, Lmin=-48.41, Lmax=-21.93
09:38:14 [ultranest] [DEBUG] iteration=2720, ncalls=10269, regioncalls=395480, ndraw=40, logz=-58.58, remainder_fraction=100.0000%, Lmin=-48.28, Lmax=-21.93
09:38:14 [ultranest] [DEBUG] iteration=2732, ncalls=10322, regioncalls=397600, ndraw=40, logz=-58.19, remainder_fraction=100.0000%, Lmin=-47.86, Lmax=-21.93
09:38:14 [ultranest] [DEBUG] iteration=2745, ncalls=10374, regioncalls=399680, ndraw=40, logz=-57.78, remainder_fraction=100.0000%, Lmin=-47.49, Lmax=-21.93
09:38:15 [ultranest] [DEBUG] iteration=2752, ncalls=10431, regioncalls=401960, ndraw=40, logz=-57.58, remainder_fraction=100.0000%, Lmin=-47.29, Lmax=-21.93
09:38:15 [ultranest] [DEBUG] iteration=2760, ncalls=10460, regioncalls=403120, ndraw=40, logz=-57.33, remainder_fraction=100.0000%, Lmin=-46.86, Lmax=-21.93
09:38:15 [ultranest] [DEBUG] iteration=2770, ncalls=10511, regioncalls=405160, ndraw=40, logz=-56.99, remainder_fraction=100.0000%, Lmin=-46.50, Lmax=-21.93
09:38:15 [ultranest] [DEBUG] iteration=2773, ncalls=10521, regioncalls=405600, ndraw=40, logz=-56.89, remainder_fraction=100.0000%, Lmin=-46.40, Lmax=-21.93
09:38:15 [ultranest] [DEBUG] iteration=2788, ncalls=10566, regioncalls=407400, ndraw=40, logz=-56.42, remainder_fraction=100.0000%, Lmin=-46.02, Lmax=-21.93
09:38:15 [ultranest] [DEBUG] iteration=2800, ncalls=10607, regioncalls=409040, ndraw=40, logz=-56.04, remainder_fraction=100.0000%, Lmin=-45.43, Lmax=-21.93
09:38:15 [ultranest] [DEBUG] iteration=2815, ncalls=10658, regioncalls=411080, ndraw=40, logz=-55.49, remainder_fraction=100.0000%, Lmin=-44.81, Lmax=-21.93
09:38:15 [ultranest] [DEBUG] iteration=2825, ncalls=10711, regioncalls=413200, ndraw=40, logz=-55.14, remainder_fraction=100.0000%, Lmin=-44.51, Lmax=-21.93
09:38:15 [ultranest] [DEBUG] iteration=2838, ncalls=10760, regioncalls=415160, ndraw=40, logz=-54.72, remainder_fraction=100.0000%, Lmin=-44.09, Lmax=-21.93
09:38:15 [ultranest] [DEBUG] iteration=2840, ncalls=10768, regioncalls=415480, ndraw=40, logz=-54.66, remainder_fraction=100.0000%, Lmin=-44.05, Lmax=-21.93
09:38:15 [ultranest] [DEBUG] iteration=2848, ncalls=10826, regioncalls=417800, ndraw=40, logz=-54.41, remainder_fraction=100.0000%, Lmin=-43.83, Lmax=-21.93
09:38:15 [ultranest] [DEBUG] iteration=2849, ncalls=10828, regioncalls=417920, ndraw=40, logz=-54.38, remainder_fraction=100.0000%, Lmin=-43.79, Lmax=-21.93
09:38:16 [ultranest] [DEBUG] iteration=2867, ncalls=10871, regioncalls=419640, ndraw=40, logz=-53.82, remainder_fraction=100.0000%, Lmin=-43.11, Lmax=-21.93
09:38:16 [ultranest] [DEBUG] iteration=2880, ncalls=10895, regioncalls=420600, ndraw=40, logz=-53.39, remainder_fraction=100.0000%, Lmin=-42.49, Lmax=-21.93
09:38:16 [ultranest] [DEBUG] iteration=2899, ncalls=10940, regioncalls=422400, ndraw=40, logz=-52.76, remainder_fraction=100.0000%, Lmin=-41.99, Lmax=-21.93
09:38:16 [ultranest] [DEBUG] iteration=2916, ncalls=10987, regioncalls=424280, ndraw=40, logz=-52.21, remainder_fraction=100.0000%, Lmin=-41.42, Lmax=-21.93
09:38:16 [ultranest] [DEBUG] iteration=2920, ncalls=10997, regioncalls=424680, ndraw=40, logz=-52.09, remainder_fraction=100.0000%, Lmin=-41.30, Lmax=-21.93
09:38:16 [ultranest] [DEBUG] iteration=2925, ncalls=11009, regioncalls=425200, ndraw=40, logz=-51.94, remainder_fraction=100.0000%, Lmin=-41.05, Lmax=-21.93
09:38:16 [ultranest] [DEBUG] iteration=2941, ncalls=11049, regioncalls=426800, ndraw=40, logz=-51.43, remainder_fraction=100.0000%, Lmin=-40.42, Lmax=-21.93
09:38:16 [ultranest] [DEBUG] iteration=2960, ncalls=11089, regioncalls=428400, ndraw=40, logz=-50.85, remainder_fraction=100.0000%, Lmin=-40.08, Lmax=-21.93
09:38:16 [ultranest] [DEBUG] iteration=2978, ncalls=11136, regioncalls=430280, ndraw=40, logz=-50.36, remainder_fraction=100.0000%, Lmin=-39.51, Lmax=-21.93
09:38:16 [ultranest] [DEBUG] iteration=2999, ncalls=11180, regioncalls=432040, ndraw=40, logz=-49.81, remainder_fraction=100.0000%, Lmin=-38.96, Lmax=-21.93
09:38:16 [ultranest] [DEBUG] iteration=3000, ncalls=11184, regioncalls=432200, ndraw=40, logz=-49.79, remainder_fraction=100.0000%, Lmin=-38.96, Lmax=-21.93
09:38:16 [ultranest] [DEBUG] iteration=3013, ncalls=11228, regioncalls=433960, ndraw=40, logz=-49.47, remainder_fraction=100.0000%, Lmin=-38.61, Lmax=-21.93
09:38:16 [ultranest] [DEBUG] iteration=3028, ncalls=11273, regioncalls=435760, ndraw=40, logz=-49.10, remainder_fraction=100.0000%, Lmin=-38.19, Lmax=-21.83
09:38:17 [ultranest] [DEBUG] iteration=3040, ncalls=11304, regioncalls=437000, ndraw=40, logz=-48.82, remainder_fraction=100.0000%, Lmin=-37.92, Lmax=-21.83
09:38:17 [ultranest] [DEBUG] iteration=3059, ncalls=11349, regioncalls=438800, ndraw=40, logz=-48.38, remainder_fraction=99.9999%, Lmin=-37.48, Lmax=-21.83
09:38:17 [ultranest] [DEBUG] iteration=3077, ncalls=11394, regioncalls=440640, ndraw=40, logz=-47.96, remainder_fraction=99.9999%, Lmin=-36.93, Lmax=-21.83
09:38:17 [ultranest] [DEBUG] iteration=3080, ncalls=11401, regioncalls=440960, ndraw=40, logz=-47.89, remainder_fraction=99.9999%, Lmin=-36.87, Lmax=-21.83
09:38:17 [ultranest] [DEBUG] iteration=3101, ncalls=11440, regioncalls=442520, ndraw=40, logz=-47.38, remainder_fraction=99.9998%, Lmin=-36.35, Lmax=-21.83
09:38:17 [ultranest] [DEBUG] iteration=3120, ncalls=11476, regioncalls=443960, ndraw=40, logz=-46.92, remainder_fraction=99.9997%, Lmin=-35.74, Lmax=-21.83
09:38:17 [ultranest] [DEBUG] iteration=3136, ncalls=11522, regioncalls=445800, ndraw=40, logz=-46.53, remainder_fraction=99.9995%, Lmin=-35.38, Lmax=-21.83
09:38:17 [ultranest] [DEBUG] iteration=3153, ncalls=11561, regioncalls=447400, ndraw=40, logz=-46.12, remainder_fraction=99.9993%, Lmin=-34.86, Lmax=-21.83
09:38:17 [ultranest] [DEBUG] iteration=3160, ncalls=11578, regioncalls=448080, ndraw=40, logz=-45.95, remainder_fraction=99.9992%, Lmin=-34.64, Lmax=-21.83
09:38:17 [ultranest] [DEBUG] iteration=3177, ncalls=11617, regioncalls=449680, ndraw=40, logz=-45.53, remainder_fraction=99.9988%, Lmin=-34.17, Lmax=-21.83
09:38:17 [ultranest] [DEBUG] iteration=3195, ncalls=11666, regioncalls=451640, ndraw=40, logz=-45.08, remainder_fraction=99.9981%, Lmin=-33.72, Lmax=-21.83
09:38:17 [ultranest] [DEBUG] iteration=3200, ncalls=11675, regioncalls=452000, ndraw=40, logz=-44.96, remainder_fraction=99.9978%, Lmin=-33.57, Lmax=-21.83
09:38:18 [ultranest] [DEBUG] iteration=3219, ncalls=11719, regioncalls=453760, ndraw=40, logz=-44.47, remainder_fraction=99.9965%, Lmin=-32.99, Lmax=-21.77
09:38:18 [ultranest] [DEBUG] iteration=3223, ncalls=11738, regioncalls=454520, ndraw=40, logz=-44.38, remainder_fraction=99.9962%, Lmin=-32.96, Lmax=-21.77
09:38:18 [ultranest] [DEBUG] iteration=3227, ncalls=11745, regioncalls=454800, ndraw=40, logz=-44.28, remainder_fraction=99.9958%, Lmin=-32.84, Lmax=-21.77
09:38:18 [ultranest] [DEBUG] iteration=3229, ncalls=11748, regioncalls=455040, ndraw=40, logz=-44.23, remainder_fraction=99.9957%, Lmin=-32.77, Lmax=-21.77
09:38:18 [ultranest] [DEBUG] iteration=3232, ncalls=11753, regioncalls=455280, ndraw=40, logz=-44.16, remainder_fraction=99.9954%, Lmin=-32.73, Lmax=-21.77
09:38:18 [ultranest] [DEBUG] iteration=3234, ncalls=11761, regioncalls=455600, ndraw=40, logz=-44.12, remainder_fraction=99.9953%, Lmin=-32.71, Lmax=-21.77
09:38:18 [ultranest] [DEBUG] iteration=3237, ncalls=11766, regioncalls=455800, ndraw=40, logz=-44.05, remainder_fraction=99.9950%, Lmin=-32.69, Lmax=-21.77
09:38:18 [ultranest] [DEBUG] iteration=3240, ncalls=11775, regioncalls=456160, ndraw=40, logz=-43.99, remainder_fraction=99.9947%, Lmin=-32.65, Lmax=-21.77
09:38:19 [ultranest] [DEBUG] iteration=3242, ncalls=11783, regioncalls=456480, ndraw=40, logz=-43.95, remainder_fraction=99.9945%, Lmin=-32.64, Lmax=-21.77
09:38:19 [ultranest] [DEBUG] iteration=3245, ncalls=11788, regioncalls=456680, ndraw=40, logz=-43.89, remainder_fraction=99.9941%, Lmin=-32.56, Lmax=-21.77
09:38:19 [ultranest] [DEBUG] iteration=3247, ncalls=11794, regioncalls=456920, ndraw=40, logz=-43.85, remainder_fraction=99.9938%, Lmin=-32.56, Lmax=-21.77
09:38:19 [ultranest] [DEBUG] iteration=3250, ncalls=11800, regioncalls=457160, ndraw=40, logz=-43.80, remainder_fraction=99.9934%, Lmin=-32.50, Lmax=-21.77
09:38:19 [ultranest] [DEBUG] iteration=3252, ncalls=11806, regioncalls=457400, ndraw=40, logz=-43.76, remainder_fraction=99.9931%, Lmin=-32.48, Lmax=-21.77
09:38:19 [ultranest] [DEBUG] iteration=3256, ncalls=11813, regioncalls=457680, ndraw=40, logz=-43.68, remainder_fraction=99.9926%, Lmin=-32.36, Lmax=-21.77
09:38:19 [ultranest] [DEBUG] iteration=3260, ncalls=11818, regioncalls=457880, ndraw=40, logz=-43.61, remainder_fraction=99.9919%, Lmin=-32.25, Lmax=-21.77
09:38:19 [ultranest] [DEBUG] iteration=3262, ncalls=11824, regioncalls=458120, ndraw=40, logz=-43.57, remainder_fraction=99.9915%, Lmin=-32.23, Lmax=-21.77
09:38:20 [ultranest] [DEBUG] iteration=3265, ncalls=11830, regioncalls=458360, ndraw=40, logz=-43.51, remainder_fraction=99.9910%, Lmin=-32.15, Lmax=-21.77
09:38:20 [ultranest] [DEBUG] iteration=3267, ncalls=11837, regioncalls=458640, ndraw=40, logz=-43.47, remainder_fraction=99.9908%, Lmin=-32.12, Lmax=-21.77
09:38:20 [ultranest] [DEBUG] iteration=3270, ncalls=11843, regioncalls=458880, ndraw=40, logz=-43.42, remainder_fraction=99.9902%, Lmin=-32.04, Lmax=-21.77
09:38:20 [ultranest] [DEBUG] iteration=3273, ncalls=11850, regioncalls=459160, ndraw=40, logz=-43.36, remainder_fraction=99.9896%, Lmin=-31.98, Lmax=-21.77
09:38:20 [ultranest] [DEBUG] iteration=3276, ncalls=11855, regioncalls=459360, ndraw=40, logz=-43.30, remainder_fraction=99.9889%, Lmin=-31.92, Lmax=-21.77
09:38:20 [ultranest] [DEBUG] iteration=3279, ncalls=11861, regioncalls=459600, ndraw=40, logz=-43.24, remainder_fraction=99.9884%, Lmin=-31.82, Lmax=-21.77
09:38:20 [ultranest] [DEBUG] iteration=3280, ncalls=11862, regioncalls=459640, ndraw=40, logz=-43.22, remainder_fraction=99.9881%, Lmin=-31.80, Lmax=-21.77
09:38:20 [ultranest] [DEBUG] iteration=3284, ncalls=11870, regioncalls=459960, ndraw=40, logz=-43.15, remainder_fraction=99.9870%, Lmin=-31.73, Lmax=-21.77
09:38:20 [ultranest] [DEBUG] iteration=3287, ncalls=11876, regioncalls=460200, ndraw=40, logz=-43.09, remainder_fraction=99.9863%, Lmin=-31.71, Lmax=-21.77
09:38:21 [ultranest] [DEBUG] iteration=3290, ncalls=11885, regioncalls=460560, ndraw=40, logz=-43.03, remainder_fraction=99.9855%, Lmin=-31.65, Lmax=-21.77
09:38:21 [ultranest] [DEBUG] iteration=3294, ncalls=11893, regioncalls=460880, ndraw=40, logz=-42.96, remainder_fraction=99.9842%, Lmin=-31.62, Lmax=-21.77
09:38:21 [ultranest] [DEBUG] iteration=3297, ncalls=11898, regioncalls=461080, ndraw=40, logz=-42.91, remainder_fraction=99.9832%, Lmin=-31.55, Lmax=-21.77
09:38:21 [ultranest] [DEBUG] iteration=3300, ncalls=11904, regioncalls=461320, ndraw=40, logz=-42.86, remainder_fraction=99.9832%, Lmin=-31.47, Lmax=-21.61
09:38:21 [ultranest] [DEBUG] iteration=3303, ncalls=11909, regioncalls=461520, ndraw=40, logz=-42.80, remainder_fraction=99.9823%, Lmin=-31.43, Lmax=-21.61
09:38:21 [ultranest] [DEBUG] iteration=3305, ncalls=11912, regioncalls=461640, ndraw=40, logz=-42.77, remainder_fraction=99.9815%, Lmin=-31.40, Lmax=-21.61
09:38:21 [ultranest] [DEBUG] iteration=3308, ncalls=11918, regioncalls=461880, ndraw=40, logz=-42.72, remainder_fraction=99.9804%, Lmin=-31.33, Lmax=-21.61
09:38:21 [ultranest] [DEBUG] iteration=3310, ncalls=11924, regioncalls=462120, ndraw=40, logz=-42.68, remainder_fraction=99.9798%, Lmin=-31.31, Lmax=-21.61
09:38:22 [ultranest] [DEBUG] iteration=3313, ncalls=11931, regioncalls=462400, ndraw=40, logz=-42.63, remainder_fraction=99.9786%, Lmin=-31.26, Lmax=-21.61
09:38:22 [ultranest] [DEBUG] iteration=3315, ncalls=11940, regioncalls=462760, ndraw=40, logz=-42.60, remainder_fraction=99.9777%, Lmin=-31.23, Lmax=-21.61
09:38:22 [ultranest] [DEBUG] iteration=3318, ncalls=11945, regioncalls=462960, ndraw=40, logz=-42.55, remainder_fraction=99.9764%, Lmin=-31.19, Lmax=-21.61
09:38:22 [ultranest] [DEBUG] iteration=3320, ncalls=11948, regioncalls=463080, ndraw=40, logz=-42.51, remainder_fraction=99.9755%, Lmin=-31.19, Lmax=-21.61
09:38:22 [ultranest] [DEBUG] iteration=3323, ncalls=11957, regioncalls=463440, ndraw=40, logz=-42.47, remainder_fraction=99.9741%, Lmin=-31.13, Lmax=-21.61
09:38:22 [ultranest] [DEBUG] iteration=3328, ncalls=11962, regioncalls=463640, ndraw=40, logz=-42.39, remainder_fraction=99.9721%, Lmin=-31.07, Lmax=-21.61
09:38:22 [ultranest] [DEBUG] iteration=3346, ncalls=12000, regioncalls=465160, ndraw=40, logz=-42.12, remainder_fraction=99.9629%, Lmin=-30.73, Lmax=-21.61
09:38:22 [ultranest] [DEBUG] iteration=3360, ncalls=12036, regioncalls=466600, ndraw=40, logz=-41.90, remainder_fraction=99.9558%, Lmin=-30.49, Lmax=-21.61
09:38:22 [ultranest] [DEBUG] iteration=3381, ncalls=12077, regioncalls=468440, ndraw=40, logz=-41.58, remainder_fraction=99.9366%, Lmin=-30.09, Lmax=-21.61
09:38:23 [ultranest] [DEBUG] iteration=3398, ncalls=12118, regioncalls=470080, ndraw=40, logz=-41.31, remainder_fraction=99.9174%, Lmin=-29.78, Lmax=-21.61
09:38:23 [ultranest] [DEBUG] iteration=3400, ncalls=12121, regioncalls=470200, ndraw=40, logz=-41.28, remainder_fraction=99.9143%, Lmin=-29.76, Lmax=-21.61
09:38:23 [ultranest] [DEBUG] iteration=3415, ncalls=12171, regioncalls=472200, ndraw=40, logz=-41.06, remainder_fraction=99.8916%, Lmin=-29.51, Lmax=-21.61
09:38:23 [ultranest] [DEBUG] iteration=3433, ncalls=12218, regioncalls=474080, ndraw=40, logz=-40.81, remainder_fraction=99.8569%, Lmin=-29.33, Lmax=-21.61
09:38:23 [ultranest] [DEBUG] iteration=3440, ncalls=12234, regioncalls=474720, ndraw=40, logz=-40.71, remainder_fraction=99.8407%, Lmin=-29.11, Lmax=-21.61
09:38:23 [ultranest] [DEBUG] iteration=3457, ncalls=12277, regioncalls=476520, ndraw=40, logz=-40.46, remainder_fraction=99.7960%, Lmin=-28.86, Lmax=-21.61
09:38:23 [ultranest] [DEBUG] iteration=3478, ncalls=12315, regioncalls=478040, ndraw=40, logz=-40.17, remainder_fraction=99.7256%, Lmin=-28.52, Lmax=-21.61
09:38:23 [ultranest] [DEBUG] iteration=3480, ncalls=12317, regioncalls=478120, ndraw=40, logz=-40.14, remainder_fraction=99.7185%, Lmin=-28.51, Lmax=-21.61
09:38:23 [ultranest] [DEBUG] iteration=3505, ncalls=12357, regioncalls=479720, ndraw=40, logz=-39.79, remainder_fraction=99.6194%, Lmin=-28.03, Lmax=-21.61
09:38:23 [ultranest] [DEBUG] iteration=3520, ncalls=12405, regioncalls=481640, ndraw=40, logz=-39.58, remainder_fraction=99.5279%, Lmin=-27.80, Lmax=-21.61
09:38:23 [ultranest] [DEBUG] iteration=3533, ncalls=12427, regioncalls=482560, ndraw=40, logz=-39.41, remainder_fraction=99.4432%, Lmin=-27.66, Lmax=-21.61
09:38:23 [ultranest] [DEBUG] iteration=3552, ncalls=12469, regioncalls=484240, ndraw=40, logz=-39.16, remainder_fraction=99.2779%, Lmin=-27.43, Lmax=-21.61
09:38:23 [ultranest] [DEBUG] iteration=3560, ncalls=12482, regioncalls=484760, ndraw=40, logz=-39.07, remainder_fraction=99.1932%, Lmin=-27.29, Lmax=-21.61
09:38:23 [ultranest] [DEBUG] iteration=3584, ncalls=12523, regioncalls=486400, ndraw=40, logz=-38.78, remainder_fraction=98.9292%, Lmin=-26.98, Lmax=-21.61
09:38:24 [ultranest] [DEBUG] iteration=3600, ncalls=12551, regioncalls=487520, ndraw=40, logz=-38.59, remainder_fraction=98.7190%, Lmin=-26.76, Lmax=-21.61
09:38:24 [ultranest] [DEBUG] iteration=3616, ncalls=12590, regioncalls=489080, ndraw=40, logz=-38.41, remainder_fraction=98.4514%, Lmin=-26.60, Lmax=-21.61
09:38:24 [ultranest] [DEBUG] iteration=3636, ncalls=12633, regioncalls=490800, ndraw=40, logz=-38.20, remainder_fraction=98.1221%, Lmin=-26.45, Lmax=-21.56
09:38:24 [ultranest] [DEBUG] iteration=3640, ncalls=12642, regioncalls=491160, ndraw=40, logz=-38.16, remainder_fraction=98.0647%, Lmin=-26.42, Lmax=-21.56
09:38:24 [ultranest] [DEBUG] iteration=3662, ncalls=12686, regioncalls=492920, ndraw=40, logz=-37.97, remainder_fraction=97.6050%, Lmin=-26.30, Lmax=-21.56
09:38:24 [ultranest] [DEBUG] iteration=3677, ncalls=12736, regioncalls=494920, ndraw=40, logz=-37.85, remainder_fraction=97.2402%, Lmin=-26.12, Lmax=-21.56
09:38:24 [ultranest] [DEBUG] iteration=3680, ncalls=12747, regioncalls=495360, ndraw=40, logz=-37.82, remainder_fraction=97.1498%, Lmin=-26.10, Lmax=-21.56
09:38:24 [ultranest] [DEBUG] iteration=3685, ncalls=12760, regioncalls=495920, ndraw=40, logz=-37.78, remainder_fraction=97.0101%, Lmin=-26.07, Lmax=-21.56
09:38:24 [ultranest] [DEBUG] iteration=3703, ncalls=12799, regioncalls=497480, ndraw=40, logz=-37.63, remainder_fraction=96.5138%, Lmin=-25.84, Lmax=-21.56
09:38:24 [ultranest] [DEBUG] iteration=3720, ncalls=12842, regioncalls=499200, ndraw=40, logz=-37.50, remainder_fraction=96.0118%, Lmin=-25.72, Lmax=-21.56
09:38:24 [ultranest] [DEBUG] iteration=3738, ncalls=12888, regioncalls=501040, ndraw=40, logz=-37.36, remainder_fraction=95.5282%, Lmin=-25.56, Lmax=-21.56
09:38:24 [ultranest] [DEBUG] iteration=3755, ncalls=12934, regioncalls=502880, ndraw=40, logz=-37.23, remainder_fraction=94.8935%, Lmin=-25.39, Lmax=-21.56
09:38:24 [ultranest] [DEBUG] iteration=3760, ncalls=12943, regioncalls=503240, ndraw=40, logz=-37.20, remainder_fraction=94.6571%, Lmin=-25.35, Lmax=-21.56
09:38:24 [ultranest] [DEBUG] iteration=3761, ncalls=12944, regioncalls=503320, ndraw=40, logz=-37.19, remainder_fraction=94.6069%, Lmin=-25.34, Lmax=-21.56
09:38:25 [ultranest] [DEBUG] iteration=3781, ncalls=12982, regioncalls=504840, ndraw=40, logz=-37.05, remainder_fraction=93.7659%, Lmin=-25.23, Lmax=-21.56
09:38:25 [ultranest] [DEBUG] iteration=3800, ncalls=13021, regioncalls=506400, ndraw=40, logz=-36.92, remainder_fraction=92.9395%, Lmin=-25.11, Lmax=-21.56
09:38:25 [ultranest] [DEBUG] iteration=3822, ncalls=13062, regioncalls=508040, ndraw=40, logz=-36.79, remainder_fraction=91.9812%, Lmin=-24.95, Lmax=-21.56
09:38:25 [ultranest] [DEBUG] iteration=3837, ncalls=13094, regioncalls=509360, ndraw=40, logz=-36.70, remainder_fraction=91.2933%, Lmin=-24.86, Lmax=-21.56
09:38:25 [ultranest] [DEBUG] iteration=3840, ncalls=13098, regioncalls=509520, ndraw=40, logz=-36.68, remainder_fraction=91.1052%, Lmin=-24.85, Lmax=-21.56
09:38:25 [ultranest] [DEBUG] iteration=3863, ncalls=13132, regioncalls=510880, ndraw=40, logz=-36.55, remainder_fraction=89.9354%, Lmin=-24.65, Lmax=-21.56
09:38:25 [ultranest] [DEBUG] iteration=3880, ncalls=13164, regioncalls=512160, ndraw=40, logz=-36.45, remainder_fraction=88.7988%, Lmin=-24.53, Lmax=-21.56
09:38:25 [ultranest] [DEBUG] iteration=3905, ncalls=13205, regioncalls=513800, ndraw=40, logz=-36.31, remainder_fraction=87.3529%, Lmin=-24.40, Lmax=-21.56
09:38:25 [ultranest] [DEBUG] iteration=3913, ncalls=13227, regioncalls=514720, ndraw=40, logz=-36.27, remainder_fraction=86.7343%, Lmin=-24.34, Lmax=-21.56
09:38:25 [ultranest] [DEBUG] iteration=3920, ncalls=13239, regioncalls=515200, ndraw=40, logz=-36.24, remainder_fraction=86.3275%, Lmin=-24.31, Lmax=-21.56
09:38:25 [ultranest] [DEBUG] iteration=3942, ncalls=13275, regioncalls=516640, ndraw=40, logz=-36.13, remainder_fraction=84.8572%, Lmin=-24.19, Lmax=-21.56
09:38:25 [ultranest] [DEBUG] iteration=3960, ncalls=13302, regioncalls=517720, ndraw=40, logz=-36.05, remainder_fraction=83.7767%, Lmin=-24.08, Lmax=-21.56
09:38:26 [ultranest] [DEBUG] iteration=3982, ncalls=13345, regioncalls=519440, ndraw=40, logz=-35.95, remainder_fraction=82.0491%, Lmin=-23.99, Lmax=-21.56
09:38:26 [ultranest] [DEBUG] iteration=3989, ncalls=13355, regioncalls=519880, ndraw=40, logz=-35.92, remainder_fraction=81.3677%, Lmin=-23.97, Lmax=-21.56
09:38:26 [ultranest] [DEBUG] iteration=4000, ncalls=13374, regioncalls=520640, ndraw=40, logz=-35.87, remainder_fraction=80.6304%, Lmin=-23.91, Lmax=-21.56
09:38:26 [ultranest] [DEBUG] iteration=4021, ncalls=13410, regioncalls=522080, ndraw=40, logz=-35.79, remainder_fraction=78.8237%, Lmin=-23.82, Lmax=-21.56
09:38:26 [ultranest] [DEBUG] iteration=4040, ncalls=13446, regioncalls=523520, ndraw=40, logz=-35.72, remainder_fraction=77.4869%, Lmin=-23.76, Lmax=-21.56
09:38:26 [ultranest] [DEBUG] iteration=4063, ncalls=13488, regioncalls=525200, ndraw=40, logz=-35.64, remainder_fraction=75.5709%, Lmin=-23.66, Lmax=-21.56
09:38:26 [ultranest] [DEBUG] iteration=4079, ncalls=13526, regioncalls=526720, ndraw=40, logz=-35.58, remainder_fraction=74.2905%, Lmin=-23.62, Lmax=-21.56
09:38:26 [ultranest] [DEBUG] iteration=4080, ncalls=13528, regioncalls=526800, ndraw=40, logz=-35.58, remainder_fraction=74.2270%, Lmin=-23.62, Lmax=-21.56
09:38:26 [ultranest] [DEBUG] iteration=4103, ncalls=13569, regioncalls=528440, ndraw=40, logz=-35.51, remainder_fraction=72.4467%, Lmin=-23.50, Lmax=-21.56
09:38:26 [ultranest] [DEBUG] iteration=4120, ncalls=13604, regioncalls=529840, ndraw=40, logz=-35.46, remainder_fraction=70.8995%, Lmin=-23.44, Lmax=-21.56
09:38:26 [ultranest] [DEBUG] iteration=4135, ncalls=13651, regioncalls=531720, ndraw=40, logz=-35.41, remainder_fraction=69.6097%, Lmin=-23.39, Lmax=-21.56
09:38:26 [ultranest] [DEBUG] iteration=4151, ncalls=13688, regioncalls=533200, ndraw=40, logz=-35.37, remainder_fraction=68.1528%, Lmin=-23.35, Lmax=-21.56
09:38:26 [ultranest] [DEBUG] iteration=4160, ncalls=13705, regioncalls=533880, ndraw=40, logz=-35.34, remainder_fraction=67.2281%, Lmin=-23.30, Lmax=-21.56
09:38:27 [ultranest] [DEBUG] iteration=4174, ncalls=13752, regioncalls=535760, ndraw=40, logz=-35.30, remainder_fraction=66.1777%, Lmin=-23.24, Lmax=-21.56
09:38:27 [ultranest] [DEBUG] iteration=4190, ncalls=13798, regioncalls=537600, ndraw=40, logz=-35.26, remainder_fraction=64.5281%, Lmin=-23.20, Lmax=-21.56
09:38:27 [ultranest] [DEBUG] iteration=4200, ncalls=13825, regioncalls=538680, ndraw=40, logz=-35.23, remainder_fraction=63.5281%, Lmin=-23.17, Lmax=-21.56
09:38:27 [ultranest] [DEBUG] iteration=4216, ncalls=13872, regioncalls=540560, ndraw=40, logz=-35.19, remainder_fraction=62.1350%, Lmin=-23.11, Lmax=-21.56
09:38:27 [ultranest] [DEBUG] iteration=4217, ncalls=13873, regioncalls=540720, ndraw=40, logz=-35.19, remainder_fraction=62.0100%, Lmin=-23.11, Lmax=-21.56
09:38:27 [ultranest] [DEBUG] iteration=4240, ncalls=13908, regioncalls=542200, ndraw=40, logz=-35.14, remainder_fraction=59.7766%, Lmin=-23.06, Lmax=-21.56
09:38:27 [ultranest] [DEBUG] iteration=4261, ncalls=13948, regioncalls=543800, ndraw=40, logz=-35.09, remainder_fraction=57.9291%, Lmin=-23.01, Lmax=-21.56
09:38:27 [ultranest] [DEBUG] iteration=4280, ncalls=13978, regioncalls=545000, ndraw=40, logz=-35.05, remainder_fraction=56.2662%, Lmin=-22.96, Lmax=-21.56
09:38:27 [ultranest] [DEBUG] iteration=4293, ncalls=14006, regioncalls=546200, ndraw=40, logz=-35.03, remainder_fraction=55.2672%, Lmin=-22.94, Lmax=-21.56
09:38:27 [ultranest] [DEBUG] iteration=4313, ncalls=14042, regioncalls=547640, ndraw=40, logz=-34.99, remainder_fraction=53.4877%, Lmin=-22.90, Lmax=-21.56
09:38:27 [ultranest] [DEBUG] iteration=4320, ncalls=14053, regioncalls=548080, ndraw=40, logz=-34.97, remainder_fraction=52.9562%, Lmin=-22.88, Lmax=-21.56
09:38:27 [ultranest] [DEBUG] iteration=4345, ncalls=14095, regioncalls=549760, ndraw=40, logz=-34.93, remainder_fraction=51.0600%, Lmin=-22.80, Lmax=-21.56
09:38:28 [ultranest] [DEBUG] iteration=4360, ncalls=14118, regioncalls=550680, ndraw=40, logz=-34.90, remainder_fraction=49.6128%, Lmin=-22.77, Lmax=-21.56
09:38:28 [ultranest] [DEBUG] iteration=4382, ncalls=14150, regioncalls=551960, ndraw=40, logz=-34.87, remainder_fraction=47.9299%, Lmin=-22.71, Lmax=-21.56
09:38:28 [ultranest] [DEBUG] iteration=4400, ncalls=14178, regioncalls=553080, ndraw=40, logz=-34.84, remainder_fraction=46.4101%, Lmin=-22.65, Lmax=-21.56
09:38:28 [ultranest] [DEBUG] iteration=4424, ncalls=14217, regioncalls=554640, ndraw=40, logz=-34.80, remainder_fraction=44.3765%, Lmin=-22.60, Lmax=-21.56
09:38:28 [ultranest] [DEBUG] iteration=4440, ncalls=14245, regioncalls=555760, ndraw=40, logz=-34.78, remainder_fraction=43.0122%, Lmin=-22.57, Lmax=-21.56
09:38:28 [ultranest] [DEBUG] iteration=4445, ncalls=14262, regioncalls=556520, ndraw=40, logz=-34.77, remainder_fraction=42.5848%, Lmin=-22.57, Lmax=-21.56
09:38:28 [ultranest] [DEBUG] iteration=4462, ncalls=14303, regioncalls=558160, ndraw=40, logz=-34.75, remainder_fraction=41.1455%, Lmin=-22.55, Lmax=-21.56
09:38:28 [ultranest] [DEBUG] iteration=4480, ncalls=14328, regioncalls=559160, ndraw=40, logz=-34.72, remainder_fraction=39.7736%, Lmin=-22.50, Lmax=-21.56
09:38:28 [ultranest] [DEBUG] iteration=4503, ncalls=14367, regioncalls=560720, ndraw=40, logz=-34.70, remainder_fraction=38.0589%, Lmin=-22.46, Lmax=-21.56
09:38:28 [ultranest] [DEBUG] iteration=4520, ncalls=14394, regioncalls=561800, ndraw=40, logz=-34.67, remainder_fraction=36.8531%, Lmin=-22.43, Lmax=-21.56
09:38:28 [ultranest] [DEBUG] iteration=4532, ncalls=14434, regioncalls=563400, ndraw=40, logz=-34.66, remainder_fraction=35.8838%, Lmin=-22.40, Lmax=-21.56
09:38:28 [ultranest] [DEBUG] iteration=4552, ncalls=14474, regioncalls=565000, ndraw=40, logz=-34.64, remainder_fraction=34.4628%, Lmin=-22.36, Lmax=-21.56
09:38:29 [ultranest] [DEBUG] iteration=4560, ncalls=14495, regioncalls=565840, ndraw=40, logz=-34.63, remainder_fraction=33.8988%, Lmin=-22.35, Lmax=-21.56
09:38:29 [ultranest] [DEBUG] iteration=4584, ncalls=14533, regioncalls=567360, ndraw=40, logz=-34.60, remainder_fraction=32.2976%, Lmin=-22.33, Lmax=-21.56
09:38:29 [ultranest] [DEBUG] iteration=4597, ncalls=14562, regioncalls=568640, ndraw=40, logz=-34.59, remainder_fraction=31.3503%, Lmin=-22.31, Lmax=-21.56
09:38:29 [ultranest] [DEBUG] iteration=4600, ncalls=14565, regioncalls=568760, ndraw=40, logz=-34.59, remainder_fraction=31.1567%, Lmin=-22.30, Lmax=-21.56
09:38:29 [ultranest] [DEBUG] iteration=4621, ncalls=14601, regioncalls=570200, ndraw=40, logz=-34.57, remainder_fraction=29.7723%, Lmin=-22.27, Lmax=-21.56
09:38:29 [ultranest] [DEBUG] iteration=4637, ncalls=14646, regioncalls=572000, ndraw=40, logz=-34.55, remainder_fraction=28.7064%, Lmin=-22.24, Lmax=-21.56
09:38:29 [ultranest] [DEBUG] iteration=4640, ncalls=14658, regioncalls=572480, ndraw=40, logz=-34.55, remainder_fraction=28.5125%, Lmin=-22.23, Lmax=-21.56
09:38:29 [ultranest] [DEBUG] iteration=4660, ncalls=14707, regioncalls=574440, ndraw=40, logz=-34.53, remainder_fraction=27.2630%, Lmin=-22.21, Lmax=-21.56
09:38:29 [ultranest] [DEBUG] iteration=4673, ncalls=14728, regioncalls=575320, ndraw=40, logz=-34.52, remainder_fraction=26.4376%, Lmin=-22.20, Lmax=-21.56
09:38:29 [ultranest] [DEBUG] iteration=4680, ncalls=14738, regioncalls=575720, ndraw=40, logz=-34.52, remainder_fraction=26.0279%, Lmin=-22.19, Lmax=-21.56
09:38:29 [ultranest] [DEBUG] iteration=4700, ncalls=14775, regioncalls=577200, ndraw=40, logz=-34.50, remainder_fraction=24.9242%, Lmin=-22.16, Lmax=-21.56
09:38:29 [ultranest] [DEBUG] iteration=4720, ncalls=14808, regioncalls=578520, ndraw=40, logz=-34.49, remainder_fraction=23.8039%, Lmin=-22.14, Lmax=-21.56
09:38:29 [ultranest] [DEBUG] iteration=4741, ncalls=14851, regioncalls=580240, ndraw=40, logz=-34.47, remainder_fraction=22.6415%, Lmin=-22.11, Lmax=-21.56
09:38:29 [ultranest] [DEBUG] iteration=4749, ncalls=14866, regioncalls=580880, ndraw=40, logz=-34.47, remainder_fraction=22.2380%, Lmin=-22.11, Lmax=-21.56
09:38:30 [ultranest] [DEBUG] iteration=4760, ncalls=14888, regioncalls=581760, ndraw=40, logz=-34.46, remainder_fraction=21.6704%, Lmin=-22.10, Lmax=-21.56
09:38:30 [ultranest] [DEBUG] iteration=4781, ncalls=14926, regioncalls=583280, ndraw=40, logz=-34.45, remainder_fraction=20.5881%, Lmin=-22.08, Lmax=-21.56
09:38:30 [ultranest] [DEBUG] iteration=4800, ncalls=14961, regioncalls=584680, ndraw=40, logz=-34.44, remainder_fraction=19.6410%, Lmin=-22.07, Lmax=-21.56
09:38:30 [ultranest] [DEBUG] iteration=4825, ncalls=14997, regioncalls=586160, ndraw=40, logz=-34.42, remainder_fraction=18.5513%, Lmin=-22.05, Lmax=-21.56
09:38:30 [ultranest] [DEBUG] iteration=4840, ncalls=15017, regioncalls=586960, ndraw=40, logz=-34.41, remainder_fraction=17.9027%, Lmin=-22.03, Lmax=-21.56
09:38:30 [ultranest] [DEBUG] iteration=4865, ncalls=15053, regioncalls=588400, ndraw=40, logz=-34.40, remainder_fraction=16.8370%, Lmin=-22.01, Lmax=-21.56
09:38:30 [ultranest] [DEBUG] iteration=4880, ncalls=15073, regioncalls=589200, ndraw=40, logz=-34.39, remainder_fraction=16.2344%, Lmin=-22.00, Lmax=-21.56
09:38:30 [ultranest] [DEBUG] iteration=4904, ncalls=15106, regioncalls=590520, ndraw=40, logz=-34.38, remainder_fraction=15.3100%, Lmin=-21.99, Lmax=-21.56
09:38:30 [ultranest] [DEBUG] iteration=4920, ncalls=15129, regioncalls=591440, ndraw=40, logz=-34.38, remainder_fraction=14.7138%, Lmin=-21.97, Lmax=-21.56
09:38:30 [ultranest] [DEBUG] iteration=4942, ncalls=15169, regioncalls=593040, ndraw=40, logz=-34.37, remainder_fraction=13.9092%, Lmin=-21.96, Lmax=-21.56
09:38:30 [ultranest] [DEBUG] iteration=4960, ncalls=15208, regioncalls=594600, ndraw=40, logz=-34.36, remainder_fraction=13.3147%, Lmin=-21.94, Lmax=-21.56
09:38:31 [ultranest] [DEBUG] iteration=4976, ncalls=15263, regioncalls=596800, ndraw=40, logz=-34.35, remainder_fraction=12.7722%, Lmin=-21.92, Lmax=-21.56
09:38:31 [ultranest] [DEBUG] iteration=4977, ncalls=15265, regioncalls=596960, ndraw=40, logz=-34.35, remainder_fraction=12.7449%, Lmin=-21.92, Lmax=-21.56
09:38:31 [ultranest] [DEBUG] iteration=4999, ncalls=15302, regioncalls=598440, ndraw=40, logz=-34.34, remainder_fraction=12.0408%, Lmin=-21.90, Lmax=-21.56
09:38:31 [ultranest] [DEBUG] iteration=5000, ncalls=15305, regioncalls=598560, ndraw=40, logz=-34.34, remainder_fraction=12.0154%, Lmin=-21.90, Lmax=-21.56
09:38:31 [ultranest] [DEBUG] iteration=5026, ncalls=15341, regioncalls=600000, ndraw=40, logz=-34.34, remainder_fraction=11.2620%, Lmin=-21.89, Lmax=-21.56
09:38:31 [ultranest] [DEBUG] iteration=5040, ncalls=15368, regioncalls=601080, ndraw=40, logz=-34.33, remainder_fraction=10.8617%, Lmin=-21.87, Lmax=-21.56
09:38:31 [ultranest] [DEBUG] iteration=5053, ncalls=15395, regioncalls=602200, ndraw=40, logz=-34.33, remainder_fraction=10.5089%, Lmin=-21.87, Lmax=-21.56
09:38:31 [ultranest] [DEBUG] iteration=5078, ncalls=15430, regioncalls=603600, ndraw=40, logz=-34.32, remainder_fraction=9.8360%, Lmin=-21.85, Lmax=-21.56
09:38:31 [ultranest] [DEBUG] iteration=5080, ncalls=15433, regioncalls=603720, ndraw=40, logz=-34.32, remainder_fraction=9.7872%, Lmin=-21.85, Lmax=-21.56
09:38:31 [ultranest] [DEBUG] iteration=5105, ncalls=15471, regioncalls=605240, ndraw=40, logz=-34.31, remainder_fraction=9.1656%, Lmin=-21.84, Lmax=-21.56
09:38:31 [ultranest] [DEBUG] iteration=5120, ncalls=15490, regioncalls=606000, ndraw=40, logz=-34.31, remainder_fraction=8.8140%, Lmin=-21.83, Lmax=-21.56
09:38:31 [ultranest] [DEBUG] iteration=5142, ncalls=15527, regioncalls=607480, ndraw=40, logz=-34.30, remainder_fraction=8.3056%, Lmin=-21.82, Lmax=-21.56
09:38:31 [ultranest] [DEBUG] iteration=5160, ncalls=15562, regioncalls=608880, ndraw=40, logz=-34.30, remainder_fraction=7.9196%, Lmin=-21.81, Lmax=-21.56
09:38:31 [ultranest] [DEBUG] iteration=5183, ncalls=15604, regioncalls=610560, ndraw=40, logz=-34.29, remainder_fraction=7.4500%, Lmin=-21.80, Lmax=-21.56
09:38:32 [ultranest] [DEBUG] iteration=5200, ncalls=15645, regioncalls=612200, ndraw=40, logz=-34.29, remainder_fraction=7.1193%, Lmin=-21.79, Lmax=-21.56
09:38:32 [ultranest] [DEBUG] iteration=5220, ncalls=15678, regioncalls=613520, ndraw=40, logz=-34.29, remainder_fraction=6.7419%, Lmin=-21.78, Lmax=-21.56
09:38:32 [ultranest] [DEBUG] iteration=5240, ncalls=15711, regioncalls=614840, ndraw=40, logz=-34.28, remainder_fraction=6.3864%, Lmin=-21.78, Lmax=-21.56
09:38:32 [ultranest] [DEBUG] iteration=5264, ncalls=15751, regioncalls=616440, ndraw=40, logz=-34.28, remainder_fraction=5.9920%, Lmin=-21.77, Lmax=-21.56
09:38:32 [ultranest] [DEBUG] iteration=5280, ncalls=15781, regioncalls=617640, ndraw=40, logz=-34.28, remainder_fraction=5.7408%, Lmin=-21.76, Lmax=-21.56
09:38:32 [ultranest] [DEBUG] iteration=5281, ncalls=15782, regioncalls=617720, ndraw=40, logz=-34.28, remainder_fraction=5.7248%, Lmin=-21.76, Lmax=-21.56
09:38:32 [ultranest] [DEBUG] iteration=5304, ncalls=15818, regioncalls=619200, ndraw=40, logz=-34.27, remainder_fraction=5.3792%, Lmin=-21.76, Lmax=-21.56
09:38:32 [ultranest] [DEBUG] iteration=5320, ncalls=15841, regioncalls=620120, ndraw=40, logz=-34.27, remainder_fraction=5.1543%, Lmin=-21.75, Lmax=-21.56
09:38:32 [ultranest] [DEBUG] iteration=5344, ncalls=15881, regioncalls=621720, ndraw=40, logz=-34.27, remainder_fraction=4.8283%, Lmin=-21.74, Lmax=-21.56
09:38:32 [ultranest] [DEBUG] iteration=5357, ncalls=15904, regioncalls=622680, ndraw=40, logz=-34.26, remainder_fraction=4.6616%, Lmin=-21.73, Lmax=-21.56
09:38:32 [ultranest] [DEBUG] iteration=5360, ncalls=15908, regioncalls=622840, ndraw=40, logz=-34.26, remainder_fraction=4.6240%, Lmin=-21.73, Lmax=-21.56
09:38:32 [ultranest] [DEBUG] iteration=5385, ncalls=15941, regioncalls=624160, ndraw=40, logz=-34.26, remainder_fraction=4.3210%, Lmin=-21.73, Lmax=-21.56
09:38:32 [ultranest] [DEBUG] iteration=5400, ncalls=15966, regioncalls=625160, ndraw=40, logz=-34.26, remainder_fraction=4.1439%, Lmin=-21.72, Lmax=-21.56
09:38:33 [ultranest] [DEBUG] iteration=5425, ncalls=16004, regioncalls=626680, ndraw=40, logz=-34.26, remainder_fraction=3.8695%, Lmin=-21.71, Lmax=-21.56
09:38:33 [ultranest] [DEBUG] iteration=5433, ncalls=16013, regioncalls=627080, ndraw=40, logz=-34.25, remainder_fraction=3.7852%, Lmin=-21.71, Lmax=-21.56
09:38:33 [ultranest] [DEBUG] iteration=5440, ncalls=16020, regioncalls=627360, ndraw=40, logz=-34.25, remainder_fraction=3.7113%, Lmin=-21.71, Lmax=-21.56
09:38:33 [ultranest] [DEBUG] iteration=5465, ncalls=16053, regioncalls=628680, ndraw=40, logz=-34.25, remainder_fraction=3.4640%, Lmin=-21.70, Lmax=-21.56
09:38:33 [ultranest] [DEBUG] iteration=5480, ncalls=16081, regioncalls=629800, ndraw=40, logz=-34.25, remainder_fraction=3.3230%, Lmin=-21.69, Lmax=-21.56
09:38:33 [ultranest] [DEBUG] iteration=5506, ncalls=16122, regioncalls=631440, ndraw=40, logz=-34.25, remainder_fraction=3.0905%, Lmin=-21.68, Lmax=-21.56
09:38:33 [ultranest] [DEBUG] iteration=5520, ncalls=16149, regioncalls=632520, ndraw=40, logz=-34.25, remainder_fraction=2.9726%, Lmin=-21.68, Lmax=-21.56
09:38:33 [ultranest] [DEBUG] iteration=5541, ncalls=16188, regioncalls=634080, ndraw=40, logz=-34.24, remainder_fraction=2.8039%, Lmin=-21.67, Lmax=-21.56
09:38:33 [ultranest] [DEBUG] iteration=5560, ncalls=16232, regioncalls=635840, ndraw=40, logz=-34.24, remainder_fraction=2.6595%, Lmin=-21.67, Lmax=-21.56
09:38:33 [ultranest] [DEBUG] iteration=5581, ncalls=16274, regioncalls=637520, ndraw=40, logz=-34.24, remainder_fraction=2.5066%, Lmin=-21.66, Lmax=-21.56
09:38:33 [ultranest] [DEBUG] iteration=5585, ncalls=16283, regioncalls=637920, ndraw=40, logz=-34.24, remainder_fraction=2.4783%, Lmin=-21.66, Lmax=-21.56
09:38:33 [ultranest] [DEBUG] iteration=5600, ncalls=16305, regioncalls=638800, ndraw=40, logz=-34.24, remainder_fraction=2.3769%, Lmin=-21.66, Lmax=-21.56
09:38:34 [ultranest] [INFO] Explored until L=-2e+01  
09:38:34 [ultranest] [INFO] Likelihood function evaluations: 16340
09:38:35 [ultranest] [INFO] Writing samples and results to disk ...
09:38:35 [ultranest] [INFO] Writing samples and results to disk ... done
09:38:35 [ultranest] [DEBUG] did a run_iter pass!
09:38:35 [ultranest] [INFO]   logZ = -34.21 +- 0.1469
09:38:35 [ultranest] [INFO] Effective samples strategy satisfied (ESS = 1592.1, need >400)
09:38:35 [ultranest] [INFO] Posterior uncertainty strategy is satisfied (KL: 0.46+-0.11 nat, need <0.50 nat)
09:38:35 [ultranest] [INFO] Evidency uncertainty strategy is satisfied (dlogz=0.15, need <0.5)
09:38:35 [ultranest] [INFO]   logZ error budget: single: 0.18 bs:0.15 tail:0.02 total:0.15 required:<0.50
09:38:35 [ultranest] [INFO] done iterating.
09:38:35 [ultranest] [DEBUG] Making corner plot ...
09:38:37 [ultranest] [DEBUG] Making corner plot ... done
09:38:37 [ultranest] [DEBUG] Making run plot ... 
09:38:37 [ultranest] [DEBUG] Making run plot ... done
09:38:37 [ultranest] [DEBUG] Making trace plot ... 
09:38:39 [ultranest] [DEBUG] Making trace plot ... done
