15:39:38 [ultranest] [DEBUG] ReactiveNestedSampler: dims=3+0, resume=True, log_dir=/home/orion51/Desktop/Research/spectral_fitting/FGL_spectral_fitting/Individual_sources/2CXOJ085902.1-473016/bb_out_, backend=hdf5, vectorized=False, nbootstraps=30, ndraw=128..65536
15:39:38 [ultranest] [INFO] Sampling 400 live points from prior ...
15:39:39 [ultranest] [DEBUG] run_iter dlogz=0.5, dKL=0.5, frac_remain=0.01, Lepsilon=0.1000, min_ess=400
15:39:39 [ultranest] [DEBUG] max_iters=-1, max_ncalls=-1, max_num_improvement_loops=-1, min_num_live_points=400, cluster_num_live_points=40
15:39:39 [ultranest] [DEBUG] minimal_widths_sequence: [(-inf, 400.0), (inf, 400.0)]
15:39:39 [ultranest] [DEBUG] iteration=0, ncalls=401, regioncalls=40, ndraw=40, logz=-inf, remainder_fraction=100.0000%, Lmin=-292806611.65, Lmax=-618.73
15:39:39 [ultranest] [DEBUG] iteration=29, ncalls=433, regioncalls=1320, ndraw=40, logz=-101457.78, remainder_fraction=100.0000%, Lmin=-73994.08, Lmax=-618.73
15:39:39 [ultranest] [DEBUG] iteration=40, ncalls=444, regioncalls=1760, ndraw=40, logz=-16607.95, remainder_fraction=100.0000%, Lmin=-13611.40, Lmax=-618.73
15:39:39 [ultranest] [DEBUG] Plateau detected at L=-3.085371e+03, not replacing live point.
15:39:39 [ultranest] [DEBUG] Plateau detected at L=-3.085371e+03, not replacing live point.
15:39:39 [ultranest] [DEBUG] Plateau detected at L=-3.085371e+03, not replacing live point.
15:39:39 [ultranest] [DEBUG] Plateau detected at L=-3.085371e+03, not replacing live point.
15:39:39 [ultranest] [DEBUG] Plateau detected at L=-3.085371e+03, not replacing live point.
15:39:39 [ultranest] [DEBUG] Plateau detected at L=-3.085371e+03, not replacing live point.
15:39:39 [ultranest] [DEBUG] Plateau detected at L=-3.085371e+03, not replacing live point.
15:39:39 [ultranest] [DEBUG] Plateau detected at L=-3.085371e+03, not replacing live point.
15:39:39 [ultranest] [DEBUG] Plateau detected at L=-3.085371e+03, not replacing live point.
15:39:39 [ultranest] [DEBUG] Plateau detected at L=-3.085371e+03, not replacing live point.
15:39:39 [ultranest] [DEBUG] Plateau detected at L=-3.085371e+03, not replacing live point.
15:39:39 [ultranest] [DEBUG] Plateau detected at L=-3.085371e+03, not replacing live point.
15:39:39 [ultranest] [DEBUG] Plateau detected at L=-3.085371e+03, not replacing live point.
15:39:39 [ultranest] [DEBUG] Plateau detected at L=-3.085371e+03, not replacing live point.
15:39:39 [ultranest] [DEBUG] Plateau detected at L=-3.085371e+03, not replacing live point.
15:39:39 [ultranest] [DEBUG] Plateau detected at L=-3.085371e+03, not replacing live point.
15:39:39 [ultranest] [DEBUG] Plateau detected at L=-3.085371e+03, not replacing live point.
15:39:39 [ultranest] [DEBUG] Plateau detected at L=-3.085371e+03, not replacing live point.
15:39:39 [ultranest] [DEBUG] Plateau detected at L=-3.085371e+03, not replacing live point.
15:39:39 [ultranest] [DEBUG] Plateau detected at L=-3.085371e+03, not replacing live point.
15:39:39 [ultranest] [DEBUG] Plateau detected at L=-3.085371e+03, not replacing live point.
15:39:39 [ultranest] [DEBUG] Plateau detected at L=-3.085371e+03, not replacing live point.
15:39:39 [ultranest] [DEBUG] Plateau detected at L=-3.085371e+03, not replacing live point.
15:39:39 [ultranest] [DEBUG] Plateau detected at L=-3.085371e+03, not replacing live point.
15:39:39 [ultranest] [DEBUG] Plateau detected at L=-3.085371e+03, not replacing live point.
15:39:39 [ultranest] [DEBUG] Plateau detected at L=-3.085371e+03, not replacing live point.
15:39:39 [ultranest] [DEBUG] Plateau detected at L=-3.085371e+03, not replacing live point.
15:39:39 [ultranest] [DEBUG] Plateau detected at L=-3.085371e+03, not replacing live point.
15:39:39 [ultranest] [DEBUG] Plateau detected at L=-3.085371e+03, not replacing live point.
15:39:39 [ultranest] [DEBUG] Plateau detected at L=-3.085371e+03, not replacing live point.
15:39:39 [ultranest] [DEBUG] Plateau detected at L=-3.085371e+03, not replacing live point.
15:39:39 [ultranest] [DEBUG] Plateau detected at L=-3.085371e+03, not replacing live point.
15:39:39 [ultranest] [DEBUG] Plateau detected at L=-3.085371e+03, not replacing live point.
15:39:39 [ultranest] [DEBUG] Plateau detected at L=-3.085371e+03, not replacing live point.
15:39:39 [ultranest] [DEBUG] Plateau detected at L=-3.085371e+03, not replacing live point.
15:39:39 [ultranest] [DEBUG] Plateau detected at L=-3.085371e+03, not replacing live point.
15:39:39 [ultranest] [DEBUG] Plateau detected at L=-3.085371e+03, not replacing live point.
15:39:39 [ultranest] [DEBUG] Plateau detected at L=-3.085371e+03, not replacing live point.
15:39:39 [ultranest] [DEBUG] Plateau detected at L=-3.085371e+03, not replacing live point.
15:39:39 [ultranest] [DEBUG] Plateau detected at L=-3.085371e+03, not replacing live point.
15:39:39 [ultranest] [DEBUG] Plateau detected at L=-3.085371e+03, not replacing live point.
15:39:39 [ultranest] [DEBUG] Plateau detected at L=-3.085371e+03, not replacing live point.
15:39:39 [ultranest] [DEBUG] Plateau detected at L=-3.085371e+03, not replacing live point.
15:39:39 [ultranest] [DEBUG] Plateau detected at L=-3.085371e+03, not replacing live point.
15:39:39 [ultranest] [DEBUG] Plateau detected at L=-3.085371e+03, not replacing live point.
15:39:39 [ultranest] [DEBUG] Plateau detected at L=-3.085371e+03, not replacing live point.
15:39:39 [ultranest] [DEBUG] Plateau detected at L=-3.085371e+03, not replacing live point.
15:39:39 [ultranest] [DEBUG] Plateau detected at L=-3.085371e+03, not replacing live point.
15:39:39 [ultranest] [DEBUG] Plateau detected at L=-3.085371e+03, not replacing live point.
15:39:39 [ultranest] [DEBUG] Plateau detected at L=-3.085371e+03, not replacing live point.
15:39:39 [ultranest] [DEBUG] Plateau detected at L=-3.085371e+03, not replacing live point.
15:39:39 [ultranest] [DEBUG] Plateau detected at L=-3.085371e+03, not replacing live point.
15:39:39 [ultranest] [DEBUG] Plateau detected at L=-3.085371e+03, not replacing live point.
15:39:39 [ultranest] [DEBUG] Plateau detected at L=-3.085371e+03, not replacing live point.
15:39:39 [ultranest] [DEBUG] Plateau detected at L=-3.085371e+03, not replacing live point.
15:39:39 [ultranest] [DEBUG] Plateau detected at L=-3.085371e+03, not replacing live point.
15:39:39 [ultranest] [DEBUG] Plateau detected at L=-3.085371e+03, not replacing live point.
15:39:39 [ultranest] [DEBUG] Plateau detected at L=-3.085371e+03, not replacing live point.
15:39:39 [ultranest] [DEBUG] Plateau detected at L=-3.085371e+03, not replacing live point.
15:39:39 [ultranest] [DEBUG] Plateau detected at L=-3.085371e+03, not replacing live point.
15:39:39 [ultranest] [DEBUG] Plateau detected at L=-3.085371e+03, not replacing live point.
15:39:39 [ultranest] [DEBUG] Plateau detected at L=-3.085371e+03, not replacing live point.
15:39:39 [ultranest] [DEBUG] Plateau detected at L=-3.085371e+03, not replacing live point.
15:39:39 [ultranest] [DEBUG] Plateau detected at L=-3.085371e+03, not replacing live point.
15:39:39 [ultranest] [DEBUG] Plateau detected at L=-3.085371e+03, not replacing live point.
15:39:39 [ultranest] [DEBUG] Plateau detected at L=-3.085371e+03, not replacing live point.
15:39:39 [ultranest] [DEBUG] Plateau detected at L=-3.085371e+03, not replacing live point.
15:39:39 [ultranest] [DEBUG] Plateau detected at L=-3.085371e+03, not replacing live point.
15:39:39 [ultranest] [DEBUG] Plateau detected at L=-3.085371e+03, not replacing live point.
15:39:39 [ultranest] [DEBUG] Plateau detected at L=-3.085371e+03, not replacing live point.
15:39:39 [ultranest] [DEBUG] Plateau detected at L=-3.085371e+03, not replacing live point.
15:39:39 [ultranest] [DEBUG] Plateau detected at L=-3.085371e+03, not replacing live point.
15:39:39 [ultranest] [DEBUG] Plateau detected at L=-3.085371e+03, not replacing live point.
15:39:39 [ultranest] [DEBUG] Plateau detected at L=-3.085371e+03, not replacing live point.
15:39:39 [ultranest] [DEBUG] Plateau detected at L=-3.085371e+03, not replacing live point.
15:39:39 [ultranest] [DEBUG] Plateau detected at L=-3.085371e+03, not replacing live point.
15:39:39 [ultranest] [DEBUG] Plateau detected at L=-3.085371e+03, not replacing live point.
15:39:39 [ultranest] [DEBUG] Plateau detected at L=-3.085371e+03, not replacing live point.
15:39:39 [ultranest] [DEBUG] Plateau detected at L=-3.085371e+03, not replacing live point.
15:39:39 [ultranest] [DEBUG] Plateau detected at L=-3.085371e+03, not replacing live point.
15:39:39 [ultranest] [DEBUG] Plateau detected at L=-3.085371e+03, not replacing live point.
15:39:39 [ultranest] [DEBUG] Plateau detected at L=-3.085371e+03, not replacing live point.
15:39:39 [ultranest] [DEBUG] Plateau detected at L=-3.085371e+03, not replacing live point.
15:39:39 [ultranest] [DEBUG] Plateau detected at L=-3.085371e+03, not replacing live point.
15:39:39 [ultranest] [DEBUG] Plateau detected at L=-3.085371e+03, not replacing live point.
15:39:39 [ultranest] [DEBUG] Plateau detected at L=-3.085371e+03, not replacing live point.
15:39:39 [ultranest] [DEBUG] Plateau detected at L=-3.085371e+03, not replacing live point.
15:39:39 [ultranest] [DEBUG] Plateau detected at L=-3.085371e+03, not replacing live point.
15:39:39 [ultranest] [DEBUG] Plateau detected at L=-3.085371e+03, not replacing live point.
15:39:39 [ultranest] [DEBUG] Plateau detected at L=-3.085371e+03, not replacing live point.
15:39:39 [ultranest] [DEBUG] Plateau detected at L=-3.085371e+03, not replacing live point.
15:39:39 [ultranest] [DEBUG] Plateau detected at L=-3.085371e+03, not replacing live point.
15:39:39 [ultranest] [DEBUG] Plateau detected at L=-3.085371e+03, not replacing live point.
15:39:39 [ultranest] [DEBUG] Plateau detected at L=-3.085371e+03, not replacing live point.
15:39:39 [ultranest] [DEBUG] Plateau detected at L=-3.085371e+03, not replacing live point.
15:39:39 [ultranest] [DEBUG] Plateau detected at L=-3.085371e+03, not replacing live point.
15:39:39 [ultranest] [DEBUG] Plateau detected at L=-3.085371e+03, not replacing live point.
15:39:39 [ultranest] [DEBUG] Plateau detected at L=-3.085371e+03, not replacing live point.
15:39:39 [ultranest] [DEBUG] Plateau detected at L=-3.085371e+03, not replacing live point.
15:39:39 [ultranest] [DEBUG] Plateau detected at L=-3.085371e+03, not replacing live point.
15:39:39 [ultranest] [DEBUG] Plateau detected at L=-3.085371e+03, not replacing live point.
15:39:39 [ultranest] [DEBUG] Plateau detected at L=-3.085371e+03, not replacing live point.
15:39:39 [ultranest] [DEBUG] Plateau detected at L=-3.085371e+03, not replacing live point.
15:39:39 [ultranest] [DEBUG] Plateau detected at L=-3.085371e+03, not replacing live point.
15:39:39 [ultranest] [DEBUG] Plateau detected at L=-3.085371e+03, not replacing live point.
15:39:39 [ultranest] [DEBUG] Plateau detected at L=-3.085371e+03, not replacing live point.
15:39:39 [ultranest] [DEBUG] Plateau detected at L=-3.085371e+03, not replacing live point.
15:39:39 [ultranest] [DEBUG] Plateau detected at L=-3.085371e+03, not replacing live point.
15:39:39 [ultranest] [DEBUG] Plateau detected at L=-3.085371e+03, not replacing live point.
15:39:39 [ultranest] [DEBUG] Plateau detected at L=-3.085371e+03, not replacing live point.
15:39:39 [ultranest] [DEBUG] Plateau detected at L=-3.085371e+03, not replacing live point.
15:39:39 [ultranest] [DEBUG] Plateau detected at L=-3.085371e+03, not replacing live point.
15:39:39 [ultranest] [DEBUG] Plateau detected at L=-3.085371e+03, not replacing live point.
15:39:39 [ultranest] [DEBUG] Plateau detected at L=-3.085371e+03, not replacing live point.
15:39:39 [ultranest] [DEBUG] Plateau detected at L=-3.085371e+03, not replacing live point.
15:39:39 [ultranest] [DEBUG] Plateau detected at L=-3.085371e+03, not replacing live point.
15:39:39 [ultranest] [DEBUG] Plateau detected at L=-3.085371e+03, not replacing live point.
15:39:39 [ultranest] [DEBUG] Plateau detected at L=-3.085371e+03, not replacing live point.
15:39:39 [ultranest] [DEBUG] Plateau detected at L=-3.085371e+03, not replacing live point.
15:39:39 [ultranest] [DEBUG] Plateau detected at L=-3.085371e+03, not replacing live point.
15:39:39 [ultranest] [DEBUG] Plateau detected at L=-3.085371e+03, not replacing live point.
15:39:39 [ultranest] [DEBUG] Plateau detected at L=-3.085371e+03, not replacing live point.
15:39:39 [ultranest] [DEBUG] Plateau detected at L=-3.085371e+03, not replacing live point.
15:39:39 [ultranest] [DEBUG] Plateau detected at L=-3.085371e+03, not replacing live point.
15:39:39 [ultranest] [DEBUG] Plateau detected at L=-3.085371e+03, not replacing live point.
15:39:39 [ultranest] [DEBUG] Plateau detected at L=-3.085371e+03, not replacing live point.
15:39:39 [ultranest] [DEBUG] Plateau detected at L=-3.085371e+03, not replacing live point.
15:39:39 [ultranest] [DEBUG] Plateau detected at L=-3.085371e+03, not replacing live point.
15:39:39 [ultranest] [DEBUG] Plateau detected at L=-3.085371e+03, not replacing live point.
15:39:39 [ultranest] [DEBUG] Plateau detected at L=-3.085371e+03, not replacing live point.
15:39:39 [ultranest] [DEBUG] Plateau detected at L=-3.085371e+03, not replacing live point.
15:39:39 [ultranest] [DEBUG] Plateau detected at L=-3.085371e+03, not replacing live point.
15:39:39 [ultranest] [DEBUG] Plateau detected at L=-3.085371e+03, not replacing live point.
15:39:39 [ultranest] [DEBUG] Plateau detected at L=-3.085371e+03, not replacing live point.
15:39:39 [ultranest] [DEBUG] Plateau detected at L=-3.085371e+03, not replacing live point.
15:39:39 [ultranest] [DEBUG] Plateau detected at L=-3.085371e+03, not replacing live point.
15:39:39 [ultranest] [DEBUG] Plateau detected at L=-3.085371e+03, not replacing live point.
15:39:39 [ultranest] [DEBUG] Plateau detected at L=-3.085371e+03, not replacing live point.
15:39:39 [ultranest] [DEBUG] Plateau detected at L=-3.085371e+03, not replacing live point.
15:39:39 [ultranest] [DEBUG] Plateau detected at L=-3.085371e+03, not replacing live point.
15:39:39 [ultranest] [DEBUG] Plateau detected at L=-3.085371e+03, not replacing live point.
15:39:39 [ultranest] [DEBUG] Plateau detected at L=-3.085371e+03, not replacing live point.
15:39:39 [ultranest] [DEBUG] Plateau detected at L=-3.085371e+03, not replacing live point.
15:39:39 [ultranest] [DEBUG] Plateau detected at L=-3.085371e+03, not replacing live point.
15:39:39 [ultranest] [DEBUG] Plateau detected at L=-3.085371e+03, not replacing live point.
15:39:39 [ultranest] [DEBUG] Plateau detected at L=-3.085371e+03, not replacing live point.
15:39:39 [ultranest] [DEBUG] Plateau detected at L=-3.085371e+03, not replacing live point.
15:39:39 [ultranest] [DEBUG] Plateau detected at L=-3.085371e+03, not replacing live point.
15:39:39 [ultranest] [DEBUG] Plateau detected at L=-3.085371e+03, not replacing live point.
15:39:39 [ultranest] [DEBUG] Plateau detected at L=-3.085371e+03, not replacing live point.
15:39:39 [ultranest] [DEBUG] Plateau detected at L=-3.085371e+03, not replacing live point.
15:39:39 [ultranest] [DEBUG] Plateau detected at L=-3.085371e+03, not replacing live point.
15:39:39 [ultranest] [DEBUG] Plateau detected at L=-3.085371e+03, not replacing live point.
15:39:39 [ultranest] [DEBUG] Plateau detected at L=-3.085371e+03, not replacing live point.
15:39:39 [ultranest] [DEBUG] Plateau detected at L=-3.085371e+03, not replacing live point.
15:39:39 [ultranest] [DEBUG] Plateau detected at L=-3.085371e+03, not replacing live point.
15:39:39 [ultranest] [DEBUG] Plateau detected at L=-3.085371e+03, not replacing live point.
15:39:39 [ultranest] [DEBUG] Plateau detected at L=-3.085371e+03, not replacing live point.
15:39:39 [ultranest] [DEBUG] Plateau detected at L=-3.085371e+03, not replacing live point.
15:39:39 [ultranest] [DEBUG] Plateau detected at L=-3.085371e+03, not replacing live point.
15:39:39 [ultranest] [DEBUG] Plateau detected at L=-3.085371e+03, not replacing live point.
15:39:39 [ultranest] [DEBUG] Plateau detected at L=-3.085371e+03, not replacing live point.
15:39:39 [ultranest] [DEBUG] Plateau detected at L=-3.085371e+03, not replacing live point.
15:39:39 [ultranest] [DEBUG] Plateau detected at L=-3.085371e+03, not replacing live point.
15:39:39 [ultranest] [DEBUG] Plateau detected at L=-3.085371e+03, not replacing live point.
15:39:39 [ultranest] [DEBUG] Plateau detected at L=-3.085371e+03, not replacing live point.
15:39:39 [ultranest] [DEBUG] Plateau detected at L=-3.085371e+03, not replacing live point.
15:39:39 [ultranest] [DEBUG] Plateau detected at L=-3.085371e+03, not replacing live point.
15:39:39 [ultranest] [DEBUG] Plateau detected at L=-3.085371e+03, not replacing live point.
15:39:39 [ultranest] [DEBUG] Plateau detected at L=-3.085371e+03, not replacing live point.
15:39:39 [ultranest] [DEBUG] Plateau detected at L=-3.085371e+03, not replacing live point.
15:39:39 [ultranest] [DEBUG] Plateau detected at L=-3.085371e+03, not replacing live point.
15:39:39 [ultranest] [DEBUG] Plateau detected at L=-3.085371e+03, not replacing live point.
15:39:39 [ultranest] [DEBUG] Plateau detected at L=-3.085371e+03, not replacing live point.
15:39:39 [ultranest] [DEBUG] Plateau detected at L=-3.085371e+03, not replacing live point.
15:39:39 [ultranest] [DEBUG] Plateau detected at L=-3.085371e+03, not replacing live point.
15:39:39 [ultranest] [DEBUG] Plateau detected at L=-3.085371e+03, not replacing live point.
15:39:39 [ultranest] [DEBUG] Plateau detected at L=-3.085371e+03, not replacing live point.
15:39:39 [ultranest] [DEBUG] Plateau detected at L=-3.085371e+03, not replacing live point.
15:39:39 [ultranest] [DEBUG] Plateau detected at L=-3.085371e+03, not replacing live point.
15:39:39 [ultranest] [DEBUG] Plateau detected at L=-3.085371e+03, not replacing live point.
15:39:39 [ultranest] [DEBUG] Plateau detected at L=-3.085371e+03, not replacing live point.
15:39:39 [ultranest] [DEBUG] Plateau detected at L=-3.085371e+03, not replacing live point.
15:39:39 [ultranest] [DEBUG] Plateau detected at L=-3.085371e+03, not replacing live point.
15:39:39 [ultranest] [DEBUG] Plateau detected at L=-3.085371e+03, not replacing live point.
15:39:39 [ultranest] [DEBUG] Plateau detected at L=-3.085371e+03, not replacing live point.
15:39:39 [ultranest] [DEBUG] Plateau detected at L=-3.085371e+03, not replacing live point.
15:39:39 [ultranest] [DEBUG] Plateau detected at L=-3.085371e+03, not replacing live point.
15:39:39 [ultranest] [DEBUG] Plateau detected at L=-3.085371e+03, not replacing live point.
15:39:39 [ultranest] [DEBUG] Plateau detected at L=-3.085371e+03, not replacing live point.
15:39:39 [ultranest] [DEBUG] Plateau detected at L=-3.085371e+03, not replacing live point.
15:39:39 [ultranest] [DEBUG] Plateau detected at L=-3.085371e+03, not replacing live point.
15:39:39 [ultranest] [DEBUG] Plateau detected at L=-3.085371e+03, not replacing live point.
15:39:39 [ultranest] [DEBUG] Plateau detected at L=-3.085371e+03, not replacing live point.
15:39:39 [ultranest] [DEBUG] Plateau detected at L=-3.085371e+03, not replacing live point.
15:39:39 [ultranest] [DEBUG] Plateau detected at L=-3.085371e+03, not replacing live point.
15:39:39 [ultranest] [DEBUG] Plateau detected at L=-3.085371e+03, not replacing live point.
15:39:39 [ultranest] [DEBUG] Plateau detected at L=-3.085371e+03, not replacing live point.
15:39:39 [ultranest] [DEBUG] Plateau detected at L=-3.085371e+03, not replacing live point.
15:39:39 [ultranest] [DEBUG] Plateau detected at L=-3.085371e+03, not replacing live point.
15:39:39 [ultranest] [DEBUG] Plateau detected at L=-3.085371e+03, not replacing live point.
15:39:39 [ultranest] [DEBUG] Plateau detected at L=-3.085371e+03, not replacing live point.
15:39:39 [ultranest] [DEBUG] Plateau detected at L=-3.085371e+03, not replacing live point.
15:39:39 [ultranest] [DEBUG] Plateau detected at L=-3.085371e+03, not replacing live point.
15:39:39 [ultranest] [DEBUG] Plateau detected at L=-3.085371e+03, not replacing live point.
15:39:39 [ultranest] [DEBUG] iteration=258, ncalls=458, regioncalls=2320, ndraw=40, logz=-3086.17, remainder_fraction=100.0000%, Lmin=-3085.37, Lmax=-618.73
15:39:39 [ultranest] [DEBUG] Plateau detected at L=-3.085371e+03, not replacing live point.
15:39:39 [ultranest] [DEBUG] iteration=263, ncalls=462, regioncalls=2480, ndraw=40, logz=-3086.15, remainder_fraction=100.0000%, Lmin=-3085.37, Lmax=-618.73
15:39:39 [ultranest] [DEBUG] iteration=280, ncalls=488, regioncalls=3520, ndraw=40, logz=-3086.07, remainder_fraction=100.0000%, Lmin=-3085.37, Lmax=-573.62
15:39:39 [ultranest] [DEBUG] iteration=300, ncalls=528, regioncalls=5120, ndraw=40, logz=-3086.00, remainder_fraction=100.0000%, Lmin=-3085.37, Lmax=-444.77
15:39:39 [ultranest] [DEBUG] iteration=320, ncalls=559, regioncalls=6360, ndraw=40, logz=-3085.94, remainder_fraction=100.0000%, Lmin=-3085.37, Lmax=-323.66
15:39:40 [ultranest] [DEBUG] iteration=345, ncalls=596, regioncalls=7840, ndraw=40, logz=-3085.88, remainder_fraction=100.0000%, Lmin=-3085.37, Lmax=-323.66
15:39:40 [ultranest] [DEBUG] iteration=351, ncalls=607, regioncalls=8280, ndraw=40, logz=-3085.86, remainder_fraction=100.0000%, Lmin=-3085.37, Lmax=-323.66
15:39:40 [ultranest] [DEBUG] iteration=360, ncalls=627, regioncalls=9080, ndraw=40, logz=-3085.84, remainder_fraction=100.0000%, Lmin=-3085.36, Lmax=-323.66
15:39:40 [ultranest] [DEBUG] iteration=382, ncalls=666, regioncalls=10640, ndraw=40, logz=-3085.80, remainder_fraction=100.0000%, Lmin=-3085.28, Lmax=-323.66
15:39:40 [ultranest] [DEBUG] iteration=400, ncalls=705, regioncalls=12200, ndraw=40, logz=-3085.76, remainder_fraction=100.0000%, Lmin=-3084.96, Lmax=-323.66
15:39:40 [ultranest] [DEBUG] iteration=418, ncalls=751, regioncalls=14040, ndraw=40, logz=-3085.71, remainder_fraction=100.0000%, Lmin=-3084.13, Lmax=-323.66
15:39:40 [ultranest] [DEBUG] iteration=434, ncalls=796, regioncalls=15840, ndraw=40, logz=-3085.60, remainder_fraction=100.0000%, Lmin=-3083.12, Lmax=-269.47
15:39:40 [ultranest] [DEBUG] iteration=440, ncalls=808, regioncalls=16320, ndraw=40, logz=-3085.52, remainder_fraction=100.0000%, Lmin=-3082.32, Lmax=-269.47
15:39:40 [ultranest] [DEBUG] iteration=461, ncalls=846, regioncalls=17840, ndraw=40, logz=-3084.46, remainder_fraction=100.0000%, Lmin=-3079.59, Lmax=-269.47
15:39:40 [ultranest] [DEBUG] iteration=480, ncalls=879, regioncalls=19160, ndraw=40, logz=-3080.64, remainder_fraction=100.0000%, Lmin=-3074.84, Lmax=-269.47
15:39:40 [ultranest] [DEBUG] iteration=494, ncalls=919, regioncalls=20760, ndraw=40, logz=-3076.51, remainder_fraction=100.0000%, Lmin=-3070.14, Lmax=-269.47
15:39:41 [ultranest] [DEBUG] iteration=513, ncalls=961, regioncalls=22440, ndraw=40, logz=-3065.52, remainder_fraction=100.0000%, Lmin=-3055.79, Lmax=-269.47
15:39:41 [ultranest] [DEBUG] iteration=520, ncalls=1006, regioncalls=24240, ndraw=40, logz=-3056.25, remainder_fraction=100.0000%, Lmin=-3047.76, Lmax=-269.47
15:39:41 [ultranest] [DEBUG] iteration=535, ncalls=1050, regioncalls=26000, ndraw=40, logz=-3033.07, remainder_fraction=100.0000%, Lmin=-3025.49, Lmax=-269.47
15:39:41 [ultranest] [DEBUG] iteration=548, ncalls=1092, regioncalls=27680, ndraw=40, logz=-3013.11, remainder_fraction=100.0000%, Lmin=-3004.96, Lmax=-269.47
15:39:41 [ultranest] [DEBUG] iteration=560, ncalls=1128, regioncalls=29120, ndraw=40, logz=-3002.05, remainder_fraction=100.0000%, Lmin=-2994.16, Lmax=-269.47
15:39:41 [ultranest] [DEBUG] iteration=571, ncalls=1163, regioncalls=30520, ndraw=40, logz=-2975.37, remainder_fraction=100.0000%, Lmin=-2966.19, Lmax=-269.47
15:39:41 [ultranest] [DEBUG] iteration=589, ncalls=1210, regioncalls=32400, ndraw=40, logz=-2933.49, remainder_fraction=100.0000%, Lmin=-2919.30, Lmax=-254.04
15:39:41 [ultranest] [DEBUG] iteration=600, ncalls=1241, regioncalls=33640, ndraw=40, logz=-2914.87, remainder_fraction=100.0000%, Lmin=-2902.29, Lmax=-254.04
15:39:41 [ultranest] [DEBUG] iteration=615, ncalls=1277, regioncalls=35080, ndraw=40, logz=-2837.61, remainder_fraction=100.0000%, Lmin=-2827.30, Lmax=-254.04
15:39:41 [ultranest] [DEBUG] iteration=626, ncalls=1317, regioncalls=36680, ndraw=40, logz=-2795.14, remainder_fraction=100.0000%, Lmin=-2786.56, Lmax=-254.04
15:39:41 [ultranest] [DEBUG] iteration=640, ncalls=1352, regioncalls=38080, ndraw=40, logz=-2732.08, remainder_fraction=100.0000%, Lmin=-2717.06, Lmax=-254.04
15:39:42 [ultranest] [DEBUG] iteration=657, ncalls=1399, regioncalls=39960, ndraw=40, logz=-2610.98, remainder_fraction=100.0000%, Lmin=-2591.95, Lmax=-254.04
15:39:42 [ultranest] [DEBUG] iteration=671, ncalls=1442, regioncalls=41680, ndraw=40, logz=-2550.23, remainder_fraction=100.0000%, Lmin=-2533.71, Lmax=-196.79
15:39:42 [ultranest] [DEBUG] iteration=680, ncalls=1465, regioncalls=42600, ndraw=40, logz=-2500.88, remainder_fraction=100.0000%, Lmin=-2490.71, Lmax=-196.79
15:39:42 [ultranest] [DEBUG] iteration=700, ncalls=1509, regioncalls=44360, ndraw=40, logz=-2332.44, remainder_fraction=100.0000%, Lmin=-2321.81, Lmax=-196.79
15:39:42 [ultranest] [DEBUG] iteration=715, ncalls=1550, regioncalls=46000, ndraw=40, logz=-2224.97, remainder_fraction=100.0000%, Lmin=-2211.07, Lmax=-196.79
15:39:42 [ultranest] [DEBUG] iteration=720, ncalls=1568, regioncalls=46720, ndraw=40, logz=-2196.45, remainder_fraction=100.0000%, Lmin=-2183.83, Lmax=-196.79
15:39:42 [ultranest] [DEBUG] iteration=737, ncalls=1619, regioncalls=48760, ndraw=40, logz=-2059.11, remainder_fraction=100.0000%, Lmin=-2045.39, Lmax=-196.79
15:39:42 [ultranest] [DEBUG] iteration=747, ncalls=1646, regioncalls=49840, ndraw=40, logz=-1983.87, remainder_fraction=100.0000%, Lmin=-1971.95, Lmax=-196.79
15:39:42 [ultranest] [DEBUG] iteration=760, ncalls=1680, regioncalls=51240, ndraw=40, logz=-1917.35, remainder_fraction=100.0000%, Lmin=-1905.62, Lmax=-196.79
15:39:42 [ultranest] [DEBUG] iteration=778, ncalls=1732, regioncalls=53320, ndraw=40, logz=-1818.31, remainder_fraction=100.0000%, Lmin=-1788.71, Lmax=-196.79
15:39:42 [ultranest] [DEBUG] iteration=795, ncalls=1773, regioncalls=54960, ndraw=40, logz=-1656.32, remainder_fraction=100.0000%, Lmin=-1644.46, Lmax=-170.88
15:39:42 [ultranest] [DEBUG] iteration=800, ncalls=1785, regioncalls=55440, ndraw=40, logz=-1621.85, remainder_fraction=100.0000%, Lmin=-1605.49, Lmax=-170.88
15:39:43 [ultranest] [DEBUG] iteration=815, ncalls=1827, regioncalls=57120, ndraw=40, logz=-1552.90, remainder_fraction=100.0000%, Lmin=-1526.80, Lmax=-170.88
15:39:43 [ultranest] [DEBUG] iteration=828, ncalls=1873, regioncalls=58960, ndraw=40, logz=-1468.14, remainder_fraction=100.0000%, Lmin=-1457.05, Lmax=-170.88
15:39:43 [ultranest] [DEBUG] iteration=840, ncalls=1899, regioncalls=60000, ndraw=40, logz=-1444.53, remainder_fraction=100.0000%, Lmin=-1435.50, Lmax=-170.88
15:39:43 [ultranest] [DEBUG] iteration=856, ncalls=1942, regioncalls=61720, ndraw=40, logz=-1354.08, remainder_fraction=100.0000%, Lmin=-1336.04, Lmax=-170.88
15:39:43 [ultranest] [DEBUG] iteration=876, ncalls=1986, regioncalls=63480, ndraw=40, logz=-1224.26, remainder_fraction=100.0000%, Lmin=-1207.58, Lmax=-170.88
15:39:43 [ultranest] [DEBUG] iteration=880, ncalls=1996, regioncalls=63880, ndraw=40, logz=-1165.78, remainder_fraction=100.0000%, Lmin=-1148.98, Lmax=-170.88
15:39:43 [ultranest] [DEBUG] iteration=891, ncalls=2042, regioncalls=65720, ndraw=40, logz=-1101.33, remainder_fraction=100.0000%, Lmin=-1076.08, Lmax=-170.88
15:39:43 [ultranest] [DEBUG] iteration=904, ncalls=2094, regioncalls=67800, ndraw=40, logz=-1043.66, remainder_fraction=100.0000%, Lmin=-1030.73, Lmax=-170.88
15:39:43 [ultranest] [DEBUG] iteration=919, ncalls=2141, regioncalls=69680, ndraw=40, logz=-976.92, remainder_fraction=100.0000%, Lmin=-960.52, Lmax=-170.88
15:39:43 [ultranest] [DEBUG] iteration=920, ncalls=2150, regioncalls=70040, ndraw=40, logz=-970.05, remainder_fraction=100.0000%, Lmin=-958.22, Lmax=-170.88
15:39:43 [ultranest] [DEBUG] iteration=930, ncalls=2194, regioncalls=71800, ndraw=40, logz=-912.64, remainder_fraction=100.0000%, Lmin=-902.85, Lmax=-170.88
15:39:44 [ultranest] [DEBUG] iteration=942, ncalls=2241, regioncalls=73680, ndraw=40, logz=-875.06, remainder_fraction=100.0000%, Lmin=-864.48, Lmax=-170.88
15:39:44 [ultranest] [DEBUG] iteration=954, ncalls=2287, regioncalls=75520, ndraw=40, logz=-842.68, remainder_fraction=100.0000%, Lmin=-830.35, Lmax=-170.88
15:39:44 [ultranest] [DEBUG] iteration=960, ncalls=2311, regioncalls=76480, ndraw=40, logz=-829.76, remainder_fraction=100.0000%, Lmin=-820.60, Lmax=-170.88
15:39:44 [ultranest] [DEBUG] iteration=969, ncalls=2356, regioncalls=78280, ndraw=40, logz=-802.61, remainder_fraction=100.0000%, Lmin=-792.73, Lmax=-170.88
15:39:44 [ultranest] [DEBUG] iteration=976, ncalls=2402, regioncalls=80120, ndraw=40, logz=-789.30, remainder_fraction=100.0000%, Lmin=-769.21, Lmax=-161.70
15:39:44 [ultranest] [DEBUG] iteration=983, ncalls=2454, regioncalls=82200, ndraw=40, logz=-758.40, remainder_fraction=100.0000%, Lmin=-747.92, Lmax=-154.75
15:39:44 [ultranest] [DEBUG] iteration=992, ncalls=2507, regioncalls=84320, ndraw=40, logz=-745.80, remainder_fraction=100.0000%, Lmin=-729.93, Lmax=-139.17
15:39:44 [ultranest] [DEBUG] iteration=1000, ncalls=2540, regioncalls=85640, ndraw=40, logz=-727.38, remainder_fraction=100.0000%, Lmin=-716.22, Lmax=-134.38
15:39:44 [ultranest] [DEBUG] iteration=1009, ncalls=2588, regioncalls=87560, ndraw=40, logz=-718.41, remainder_fraction=100.0000%, Lmin=-708.09, Lmax=-134.38
15:39:44 [ultranest] [DEBUG] iteration=1011, ncalls=2593, regioncalls=87760, ndraw=40, logz=-716.48, remainder_fraction=100.0000%, Lmin=-705.97, Lmax=-134.38
15:39:44 [ultranest] [DEBUG] iteration=1026, ncalls=2636, regioncalls=89560, ndraw=40, logz=-680.60, remainder_fraction=100.0000%, Lmin=-670.64, Lmax=-134.38
15:39:44 [ultranest] [DEBUG] iteration=1040, ncalls=2669, regioncalls=90880, ndraw=40, logz=-664.20, remainder_fraction=100.0000%, Lmin=-653.57, Lmax=-119.48
15:39:45 [ultranest] [DEBUG] iteration=1058, ncalls=2708, regioncalls=92440, ndraw=40, logz=-627.69, remainder_fraction=100.0000%, Lmin=-614.93, Lmax=-119.48
15:39:45 [ultranest] [DEBUG] iteration=1068, ncalls=2752, regioncalls=94200, ndraw=40, logz=-611.00, remainder_fraction=100.0000%, Lmin=-600.62, Lmax=-119.48
15:39:45 [ultranest] [DEBUG] iteration=1080, ncalls=2793, regioncalls=95840, ndraw=40, logz=-589.85, remainder_fraction=100.0000%, Lmin=-579.14, Lmax=-119.48
15:39:45 [ultranest] [DEBUG] iteration=1092, ncalls=2841, regioncalls=97760, ndraw=40, logz=-574.62, remainder_fraction=100.0000%, Lmin=-564.14, Lmax=-119.48
15:39:45 [ultranest] [DEBUG] iteration=1107, ncalls=2880, regioncalls=99320, ndraw=40, logz=-557.73, remainder_fraction=100.0000%, Lmin=-544.66, Lmax=-119.48
15:39:45 [ultranest] [DEBUG] iteration=1119, ncalls=2922, regioncalls=101000, ndraw=40, logz=-539.45, remainder_fraction=100.0000%, Lmin=-528.69, Lmax=-119.48
15:39:45 [ultranest] [DEBUG] iteration=1120, ncalls=2927, regioncalls=101200, ndraw=40, logz=-538.66, remainder_fraction=100.0000%, Lmin=-524.79, Lmax=-119.48
15:39:45 [ultranest] [DEBUG] iteration=1134, ncalls=2975, regioncalls=103120, ndraw=40, logz=-516.57, remainder_fraction=100.0000%, Lmin=-504.73, Lmax=-119.48
15:39:45 [ultranest] [DEBUG] iteration=1142, ncalls=3034, regioncalls=105480, ndraw=40, logz=-502.01, remainder_fraction=100.0000%, Lmin=-489.86, Lmax=-119.48
15:39:45 [ultranest] [DEBUG] iteration=1143, ncalls=3035, regioncalls=105520, ndraw=40, logz=-500.33, remainder_fraction=100.0000%, Lmin=-488.13, Lmax=-119.48
15:39:45 [ultranest] [DEBUG] iteration=1157, ncalls=3074, regioncalls=107160, ndraw=40, logz=-481.11, remainder_fraction=100.0000%, Lmin=-469.60, Lmax=-100.78
15:39:45 [ultranest] [DEBUG] iteration=1160, ncalls=3095, regioncalls=108080, ndraw=40, logz=-478.82, remainder_fraction=100.0000%, Lmin=-468.38, Lmax=-100.78
15:39:46 [ultranest] [DEBUG] iteration=1171, ncalls=3144, regioncalls=110040, ndraw=40, logz=-468.67, remainder_fraction=100.0000%, Lmin=-457.19, Lmax=-100.78
15:39:46 [ultranest] [DEBUG] iteration=1180, ncalls=3194, regioncalls=112040, ndraw=40, logz=-458.32, remainder_fraction=100.0000%, Lmin=-448.02, Lmax=-100.78
15:39:46 [ultranest] [DEBUG] iteration=1187, ncalls=3222, regioncalls=113160, ndraw=40, logz=-451.26, remainder_fraction=100.0000%, Lmin=-440.55, Lmax=-100.78
15:39:46 [ultranest] [DEBUG] iteration=1197, ncalls=3268, regioncalls=115080, ndraw=40, logz=-437.80, remainder_fraction=100.0000%, Lmin=-426.45, Lmax=-100.78
15:39:46 [ultranest] [DEBUG] iteration=1200, ncalls=3281, regioncalls=115600, ndraw=40, logz=-435.14, remainder_fraction=100.0000%, Lmin=-423.47, Lmax=-100.78
15:39:46 [ultranest] [DEBUG] iteration=1215, ncalls=3330, regioncalls=117560, ndraw=40, logz=-417.06, remainder_fraction=100.0000%, Lmin=-405.15, Lmax=-100.78
15:39:46 [ultranest] [DEBUG] iteration=1228, ncalls=3378, regioncalls=119480, ndraw=40, logz=-404.94, remainder_fraction=100.0000%, Lmin=-395.06, Lmax=-100.78
15:39:46 [ultranest] [DEBUG] iteration=1231, ncalls=3382, regioncalls=119680, ndraw=40, logz=-403.40, remainder_fraction=100.0000%, Lmin=-392.44, Lmax=-100.78
15:39:46 [ultranest] [DEBUG] iteration=1240, ncalls=3407, regioncalls=120680, ndraw=40, logz=-397.64, remainder_fraction=100.0000%, Lmin=-386.44, Lmax=-100.78
15:39:46 [ultranest] [DEBUG] iteration=1254, ncalls=3454, regioncalls=122560, ndraw=40, logz=-384.48, remainder_fraction=100.0000%, Lmin=-373.21, Lmax=-100.78
15:39:46 [ultranest] [DEBUG] iteration=1271, ncalls=3498, regioncalls=124320, ndraw=40, logz=-363.83, remainder_fraction=100.0000%, Lmin=-352.53, Lmax=-100.78
15:39:46 [ultranest] [DEBUG] iteration=1275, ncalls=3514, regioncalls=125000, ndraw=40, logz=-361.68, remainder_fraction=100.0000%, Lmin=-350.94, Lmax=-100.78
15:39:46 [ultranest] [DEBUG] iteration=1280, ncalls=3520, regioncalls=125240, ndraw=40, logz=-354.89, remainder_fraction=100.0000%, Lmin=-343.16, Lmax=-100.78
15:39:47 [ultranest] [DEBUG] iteration=1297, ncalls=3553, regioncalls=126560, ndraw=40, logz=-343.60, remainder_fraction=100.0000%, Lmin=-332.80, Lmax=-100.78
15:39:47 [ultranest] [DEBUG] iteration=1312, ncalls=3596, regioncalls=128280, ndraw=40, logz=-329.80, remainder_fraction=100.0000%, Lmin=-315.98, Lmax=-100.78
15:39:47 [ultranest] [DEBUG] iteration=1320, ncalls=3619, regioncalls=129200, ndraw=40, logz=-322.94, remainder_fraction=100.0000%, Lmin=-311.94, Lmax=-100.78
15:39:47 [ultranest] [DEBUG] iteration=1339, ncalls=3656, regioncalls=130680, ndraw=40, logz=-309.09, remainder_fraction=100.0000%, Lmin=-297.68, Lmax=-100.78
15:39:47 [ultranest] [DEBUG] iteration=1355, ncalls=3702, regioncalls=132600, ndraw=40, logz=-295.85, remainder_fraction=100.0000%, Lmin=-284.89, Lmax=-92.38
15:39:47 [ultranest] [DEBUG] iteration=1360, ncalls=3714, regioncalls=133080, ndraw=40, logz=-294.19, remainder_fraction=100.0000%, Lmin=-283.16, Lmax=-92.38
15:39:47 [ultranest] [DEBUG] iteration=1363, ncalls=3728, regioncalls=133680, ndraw=40, logz=-292.24, remainder_fraction=100.0000%, Lmin=-281.05, Lmax=-92.38
15:39:47 [ultranest] [DEBUG] iteration=1379, ncalls=3768, regioncalls=135280, ndraw=40, logz=-283.93, remainder_fraction=100.0000%, Lmin=-272.98, Lmax=-92.38
15:39:47 [ultranest] [DEBUG] iteration=1394, ncalls=3812, regioncalls=137040, ndraw=40, logz=-277.03, remainder_fraction=100.0000%, Lmin=-262.46, Lmax=-92.38
15:39:47 [ultranest] [DEBUG] iteration=1400, ncalls=3824, regioncalls=137520, ndraw=40, logz=-272.14, remainder_fraction=100.0000%, Lmin=-260.43, Lmax=-92.38
15:39:47 [ultranest] [DEBUG] iteration=1407, ncalls=3846, regioncalls=138440, ndraw=40, logz=-267.78, remainder_fraction=100.0000%, Lmin=-255.84, Lmax=-92.38
15:39:47 [ultranest] [DEBUG] iteration=1421, ncalls=3885, regioncalls=140000, ndraw=40, logz=-261.89, remainder_fraction=100.0000%, Lmin=-249.26, Lmax=-92.38
15:39:47 [ultranest] [DEBUG] iteration=1439, ncalls=3927, regioncalls=141680, ndraw=40, logz=-254.18, remainder_fraction=100.0000%, Lmin=-242.88, Lmax=-92.38
15:39:47 [ultranest] [DEBUG] iteration=1440, ncalls=3928, regioncalls=141720, ndraw=40, logz=-253.84, remainder_fraction=100.0000%, Lmin=-242.67, Lmax=-92.38
15:39:48 [ultranest] [DEBUG] iteration=1456, ncalls=3966, regioncalls=143240, ndraw=40, logz=-247.06, remainder_fraction=100.0000%, Lmin=-235.66, Lmax=-92.38
15:39:48 [ultranest] [DEBUG] iteration=1472, ncalls=4009, regioncalls=144960, ndraw=40, logz=-241.51, remainder_fraction=100.0000%, Lmin=-230.43, Lmax=-92.38
15:39:48 [ultranest] [DEBUG] iteration=1480, ncalls=4032, regioncalls=145880, ndraw=40, logz=-237.66, remainder_fraction=100.0000%, Lmin=-226.26, Lmax=-92.38
15:39:48 [ultranest] [DEBUG] iteration=1496, ncalls=4073, regioncalls=147560, ndraw=40, logz=-232.15, remainder_fraction=100.0000%, Lmin=-220.72, Lmax=-92.38
15:39:48 [ultranest] [DEBUG] iteration=1507, ncalls=4109, regioncalls=149000, ndraw=40, logz=-226.27, remainder_fraction=100.0000%, Lmin=-214.84, Lmax=-92.38
15:39:48 [ultranest] [DEBUG] iteration=1520, ncalls=4140, regioncalls=150240, ndraw=40, logz=-220.94, remainder_fraction=100.0000%, Lmin=-209.64, Lmax=-90.03
15:39:48 [ultranest] [DEBUG] iteration=1536, ncalls=4185, regioncalls=152080, ndraw=40, logz=-217.20, remainder_fraction=100.0000%, Lmin=-205.39, Lmax=-90.03
15:39:48 [ultranest] [DEBUG] iteration=1549, ncalls=4226, regioncalls=153720, ndraw=40, logz=-212.26, remainder_fraction=100.0000%, Lmin=-199.97, Lmax=-90.03
15:39:48 [ultranest] [DEBUG] iteration=1559, ncalls=4277, regioncalls=155760, ndraw=40, logz=-208.36, remainder_fraction=100.0000%, Lmin=-196.79, Lmax=-90.03
15:39:48 [ultranest] [DEBUG] iteration=1560, ncalls=4278, regioncalls=155800, ndraw=40, logz=-208.11, remainder_fraction=100.0000%, Lmin=-196.78, Lmax=-90.03
15:39:48 [ultranest] [DEBUG] iteration=1574, ncalls=4323, regioncalls=157600, ndraw=40, logz=-204.30, remainder_fraction=100.0000%, Lmin=-193.03, Lmax=-90.03
15:39:49 [ultranest] [DEBUG] iteration=1584, ncalls=4371, regioncalls=159520, ndraw=40, logz=-201.78, remainder_fraction=100.0000%, Lmin=-190.14, Lmax=-90.03
15:39:49 [ultranest] [DEBUG] iteration=1591, ncalls=4421, regioncalls=161520, ndraw=40, logz=-199.75, remainder_fraction=100.0000%, Lmin=-188.07, Lmax=-90.03
15:39:49 [ultranest] [DEBUG] iteration=1600, ncalls=4450, regioncalls=162680, ndraw=40, logz=-197.90, remainder_fraction=100.0000%, Lmin=-186.27, Lmax=-90.03
15:39:49 [ultranest] [DEBUG] iteration=1612, ncalls=4504, regioncalls=164840, ndraw=40, logz=-195.20, remainder_fraction=100.0000%, Lmin=-183.28, Lmax=-90.03
15:39:49 [ultranest] [DEBUG] iteration=1625, ncalls=4553, regioncalls=166800, ndraw=40, logz=-190.81, remainder_fraction=100.0000%, Lmin=-178.70, Lmax=-90.03
15:39:49 [ultranest] [DEBUG] iteration=1627, ncalls=4559, regioncalls=167120, ndraw=40, logz=-190.18, remainder_fraction=100.0000%, Lmin=-177.43, Lmax=-90.03
15:39:49 [ultranest] [DEBUG] iteration=1640, ncalls=4592, regioncalls=168440, ndraw=40, logz=-185.34, remainder_fraction=100.0000%, Lmin=-173.20, Lmax=-90.03
15:39:49 [ultranest] [DEBUG] iteration=1652, ncalls=4642, regioncalls=170440, ndraw=40, logz=-182.57, remainder_fraction=100.0000%, Lmin=-170.83, Lmax=-90.03
15:39:49 [ultranest] [DEBUG] iteration=1663, ncalls=4689, regioncalls=172320, ndraw=40, logz=-180.75, remainder_fraction=100.0000%, Lmin=-169.13, Lmax=-84.60
15:39:49 [ultranest] [DEBUG] iteration=1677, ncalls=4737, regioncalls=174240, ndraw=40, logz=-177.24, remainder_fraction=100.0000%, Lmin=-164.88, Lmax=-84.60
15:39:49 [ultranest] [DEBUG] iteration=1680, ncalls=4743, regioncalls=174480, ndraw=40, logz=-176.16, remainder_fraction=100.0000%, Lmin=-163.98, Lmax=-84.60
15:39:50 [ultranest] [DEBUG] iteration=1686, ncalls=4791, regioncalls=176400, ndraw=40, logz=-174.55, remainder_fraction=100.0000%, Lmin=-162.55, Lmax=-84.60
15:39:50 [ultranest] [DEBUG] iteration=1701, ncalls=4838, regioncalls=178280, ndraw=40, logz=-170.98, remainder_fraction=100.0000%, Lmin=-158.83, Lmax=-84.60
15:39:50 [ultranest] [DEBUG] iteration=1715, ncalls=4879, regioncalls=180000, ndraw=40, logz=-168.44, remainder_fraction=100.0000%, Lmin=-156.30, Lmax=-84.60
15:39:50 [ultranest] [DEBUG] iteration=1720, ncalls=4893, regioncalls=180560, ndraw=40, logz=-167.52, remainder_fraction=100.0000%, Lmin=-155.45, Lmax=-84.60
15:39:50 [ultranest] [DEBUG] iteration=1734, ncalls=4933, regioncalls=182160, ndraw=40, logz=-165.59, remainder_fraction=100.0000%, Lmin=-153.67, Lmax=-84.60
15:39:50 [ultranest] [DEBUG] iteration=1749, ncalls=4984, regioncalls=184200, ndraw=40, logz=-163.49, remainder_fraction=100.0000%, Lmin=-151.62, Lmax=-84.60
15:39:50 [ultranest] [DEBUG] iteration=1759, ncalls=5031, regioncalls=186120, ndraw=40, logz=-162.20, remainder_fraction=100.0000%, Lmin=-150.29, Lmax=-84.60
15:39:50 [ultranest] [DEBUG] iteration=1760, ncalls=5037, regioncalls=186360, ndraw=40, logz=-162.07, remainder_fraction=100.0000%, Lmin=-149.92, Lmax=-84.60
15:39:50 [ultranest] [DEBUG] iteration=1769, ncalls=5082, regioncalls=188200, ndraw=40, logz=-160.76, remainder_fraction=100.0000%, Lmin=-148.93, Lmax=-84.60
15:39:50 [ultranest] [DEBUG] iteration=1783, ncalls=5131, regioncalls=190160, ndraw=40, logz=-159.30, remainder_fraction=100.0000%, Lmin=-147.61, Lmax=-84.60
15:39:50 [ultranest] [DEBUG] iteration=1797, ncalls=5182, regioncalls=192200, ndraw=40, logz=-157.97, remainder_fraction=100.0000%, Lmin=-145.57, Lmax=-84.60
15:39:50 [ultranest] [DEBUG] iteration=1800, ncalls=5191, regioncalls=192560, ndraw=40, logz=-157.45, remainder_fraction=100.0000%, Lmin=-145.20, Lmax=-84.60
15:39:51 [ultranest] [DEBUG] iteration=1811, ncalls=5232, regioncalls=194200, ndraw=40, logz=-156.07, remainder_fraction=100.0000%, Lmin=-144.13, Lmax=-84.60
15:39:51 [ultranest] [DEBUG] iteration=1827, ncalls=5274, regioncalls=195880, ndraw=40, logz=-154.64, remainder_fraction=100.0000%, Lmin=-142.71, Lmax=-84.60
15:39:51 [ultranest] [DEBUG] iteration=1840, ncalls=5321, regioncalls=197760, ndraw=40, logz=-153.57, remainder_fraction=100.0000%, Lmin=-141.94, Lmax=-84.60
15:39:51 [ultranest] [DEBUG] iteration=1847, ncalls=5339, regioncalls=198520, ndraw=40, logz=-152.96, remainder_fraction=100.0000%, Lmin=-141.05, Lmax=-84.60
15:39:51 [ultranest] [DEBUG] iteration=1862, ncalls=5380, regioncalls=200160, ndraw=40, logz=-150.95, remainder_fraction=100.0000%, Lmin=-138.48, Lmax=-84.60
15:39:51 [ultranest] [DEBUG] iteration=1880, ncalls=5413, regioncalls=201480, ndraw=40, logz=-148.87, remainder_fraction=100.0000%, Lmin=-136.78, Lmax=-84.60
15:39:51 [ultranest] [DEBUG] iteration=1896, ncalls=5452, regioncalls=203040, ndraw=40, logz=-147.33, remainder_fraction=100.0000%, Lmin=-135.12, Lmax=-84.60
15:39:51 [ultranest] [DEBUG] iteration=1908, ncalls=5497, regioncalls=204840, ndraw=40, logz=-145.90, remainder_fraction=100.0000%, Lmin=-133.23, Lmax=-84.60
15:39:51 [ultranest] [DEBUG] iteration=1920, ncalls=5524, regioncalls=205920, ndraw=40, logz=-144.38, remainder_fraction=100.0000%, Lmin=-131.70, Lmax=-84.60
15:39:51 [ultranest] [DEBUG] iteration=1935, ncalls=5570, regioncalls=207760, ndraw=40, logz=-142.84, remainder_fraction=100.0000%, Lmin=-130.54, Lmax=-84.60
15:39:51 [ultranest] [DEBUG] iteration=1948, ncalls=5608, regioncalls=209280, ndraw=40, logz=-141.57, remainder_fraction=100.0000%, Lmin=-128.81, Lmax=-84.60
15:39:52 [ultranest] [DEBUG] iteration=1960, ncalls=5637, regioncalls=210440, ndraw=40, logz=-140.40, remainder_fraction=100.0000%, Lmin=-128.08, Lmax=-84.60
15:39:52 [ultranest] [DEBUG] iteration=1975, ncalls=5682, regioncalls=212240, ndraw=40, logz=-138.69, remainder_fraction=100.0000%, Lmin=-125.82, Lmax=-84.60
15:39:52 [ultranest] [DEBUG] iteration=1989, ncalls=5721, regioncalls=213800, ndraw=40, logz=-137.13, remainder_fraction=100.0000%, Lmin=-123.95, Lmax=-84.60
15:39:52 [ultranest] [DEBUG] iteration=2000, ncalls=5770, regioncalls=215760, ndraw=40, logz=-135.70, remainder_fraction=100.0000%, Lmin=-122.29, Lmax=-83.73
15:39:52 [ultranest] [DEBUG] iteration=2011, ncalls=5823, regioncalls=217880, ndraw=40, logz=-133.88, remainder_fraction=100.0000%, Lmin=-120.68, Lmax=-83.73
15:39:52 [ultranest] [DEBUG] iteration=2023, ncalls=5850, regioncalls=219000, ndraw=40, logz=-132.63, remainder_fraction=100.0000%, Lmin=-119.93, Lmax=-83.73
15:39:52 [ultranest] [DEBUG] iteration=2037, ncalls=5891, regioncalls=220640, ndraw=40, logz=-131.50, remainder_fraction=100.0000%, Lmin=-118.78, Lmax=-83.73
15:39:52 [ultranest] [DEBUG] iteration=2040, ncalls=5899, regioncalls=221000, ndraw=40, logz=-131.28, remainder_fraction=100.0000%, Lmin=-118.67, Lmax=-83.73
15:39:52 [ultranest] [DEBUG] iteration=2054, ncalls=5943, regioncalls=222760, ndraw=40, logz=-130.41, remainder_fraction=100.0000%, Lmin=-117.79, Lmax=-83.73
15:39:52 [ultranest] [DEBUG] iteration=2067, ncalls=5977, regioncalls=224200, ndraw=40, logz=-129.58, remainder_fraction=100.0000%, Lmin=-116.47, Lmax=-83.73
15:39:52 [ultranest] [DEBUG] iteration=2080, ncalls=5998, regioncalls=225040, ndraw=40, logz=-128.02, remainder_fraction=100.0000%, Lmin=-114.46, Lmax=-83.73
15:39:53 [ultranest] [DEBUG] iteration=2098, ncalls=6038, regioncalls=226640, ndraw=40, logz=-126.27, remainder_fraction=100.0000%, Lmin=-113.10, Lmax=-83.73
15:39:53 [ultranest] [DEBUG] iteration=2111, ncalls=6073, regioncalls=228080, ndraw=40, logz=-125.00, remainder_fraction=100.0000%, Lmin=-111.87, Lmax=-83.73
15:39:53 [ultranest] [DEBUG] iteration=2120, ncalls=6091, regioncalls=228800, ndraw=40, logz=-124.40, remainder_fraction=100.0000%, Lmin=-111.43, Lmax=-83.73
15:39:53 [ultranest] [DEBUG] iteration=2144, ncalls=6126, regioncalls=230200, ndraw=40, logz=-122.69, remainder_fraction=100.0000%, Lmin=-109.50, Lmax=-83.73
15:39:53 [ultranest] [DEBUG] clustering found some stray points [need_accept=False] (array([1, 2]), array([193,   1]))
15:39:53 [ultranest] [DEBUG] iteration=2160, ncalls=6167, regioncalls=231840, ndraw=40, logz=-121.66, remainder_fraction=100.0000%, Lmin=-108.35, Lmax=-83.73
15:39:53 [ultranest] [DEBUG] iteration=2177, ncalls=6203, regioncalls=233280, ndraw=40, logz=-120.50, remainder_fraction=100.0000%, Lmin=-107.19, Lmax=-83.73
15:39:53 [ultranest] [DEBUG] iteration=2191, ncalls=6251, regioncalls=235200, ndraw=40, logz=-119.33, remainder_fraction=100.0000%, Lmin=-105.55, Lmax=-83.73
15:39:53 [ultranest] [DEBUG] iteration=2199, ncalls=6266, regioncalls=235840, ndraw=40, logz=-118.61, remainder_fraction=100.0000%, Lmin=-104.98, Lmax=-83.73
15:39:53 [ultranest] [DEBUG] iteration=2200, ncalls=6267, regioncalls=235880, ndraw=40, logz=-118.53, remainder_fraction=100.0000%, Lmin=-104.92, Lmax=-83.73
15:39:53 [ultranest] [DEBUG] iteration=2218, ncalls=6307, regioncalls=237480, ndraw=40, logz=-117.10, remainder_fraction=100.0000%, Lmin=-103.49, Lmax=-83.73
15:39:53 [ultranest] [DEBUG] iteration=2233, ncalls=6353, regioncalls=239320, ndraw=40, logz=-116.23, remainder_fraction=100.0000%, Lmin=-102.95, Lmax=-83.73
15:39:53 [ultranest] [DEBUG] iteration=2240, ncalls=6369, regioncalls=239960, ndraw=40, logz=-115.92, remainder_fraction=100.0000%, Lmin=-102.75, Lmax=-83.73
15:39:53 [ultranest] [DEBUG] iteration=2254, ncalls=6402, regioncalls=241280, ndraw=40, logz=-115.04, remainder_fraction=100.0000%, Lmin=-101.31, Lmax=-83.73
15:39:54 [ultranest] [DEBUG] iteration=2270, ncalls=6446, regioncalls=243040, ndraw=40, logz=-113.82, remainder_fraction=100.0000%, Lmin=-99.97, Lmax=-83.73
15:39:54 [ultranest] [DEBUG] iteration=2280, ncalls=6476, regioncalls=244240, ndraw=40, logz=-113.20, remainder_fraction=100.0000%, Lmin=-99.58, Lmax=-83.73
15:39:54 [ultranest] [DEBUG] iteration=2287, ncalls=6493, regioncalls=245000, ndraw=40, logz=-112.87, remainder_fraction=99.9999%, Lmin=-99.40, Lmax=-83.73
15:39:54 [ultranest] [DEBUG] iteration=2310, ncalls=6528, regioncalls=246400, ndraw=40, logz=-111.74, remainder_fraction=99.9998%, Lmin=-97.97, Lmax=-83.73
15:39:54 [ultranest] [DEBUG] iteration=2320, ncalls=6548, regioncalls=247200, ndraw=40, logz=-111.26, remainder_fraction=99.9997%, Lmin=-97.50, Lmax=-83.73
15:39:54 [ultranest] [DEBUG] iteration=2334, ncalls=6587, regioncalls=248760, ndraw=40, logz=-110.58, remainder_fraction=99.9993%, Lmin=-96.87, Lmax=-83.73
15:39:54 [ultranest] [DEBUG] iteration=2354, ncalls=6624, regioncalls=250240, ndraw=40, logz=-109.76, remainder_fraction=99.9982%, Lmin=-95.98, Lmax=-83.73
15:39:54 [ultranest] [DEBUG] iteration=2360, ncalls=6638, regioncalls=250800, ndraw=40, logz=-109.53, remainder_fraction=99.9977%, Lmin=-95.74, Lmax=-83.73
15:39:54 [ultranest] [DEBUG] iteration=2375, ncalls=6666, regioncalls=251960, ndraw=40, logz=-108.97, remainder_fraction=99.9957%, Lmin=-95.37, Lmax=-83.73
15:39:54 [ultranest] [DEBUG] iteration=2391, ncalls=6706, regioncalls=253640, ndraw=40, logz=-108.43, remainder_fraction=99.9921%, Lmin=-94.74, Lmax=-83.73
15:39:54 [ultranest] [DEBUG] iteration=2400, ncalls=6719, regioncalls=254160, ndraw=40, logz=-108.14, remainder_fraction=99.9897%, Lmin=-94.45, Lmax=-83.73
15:39:54 [ultranest] [DEBUG] iteration=2419, ncalls=6760, regioncalls=255800, ndraw=40, logz=-107.57, remainder_fraction=99.9830%, Lmin=-93.70, Lmax=-83.73
15:39:55 [ultranest] [DEBUG] iteration=2433, ncalls=6801, regioncalls=257440, ndraw=40, logz=-107.14, remainder_fraction=99.9729%, Lmin=-93.23, Lmax=-83.73
15:39:55 [ultranest] [DEBUG] iteration=2440, ncalls=6815, regioncalls=258000, ndraw=40, logz=-106.91, remainder_fraction=99.9664%, Lmin=-93.02, Lmax=-83.73
15:39:55 [ultranest] [DEBUG] iteration=2458, ncalls=6859, regioncalls=259760, ndraw=40, logz=-106.41, remainder_fraction=99.9520%, Lmin=-92.54, Lmax=-83.73
15:39:55 [ultranest] [DEBUG] iteration=2463, ncalls=6869, regioncalls=260320, ndraw=40, logz=-106.27, remainder_fraction=99.9443%, Lmin=-92.38, Lmax=-83.73
15:39:55 [ultranest] [DEBUG] iteration=2480, ncalls=6899, regioncalls=261520, ndraw=40, logz=-105.83, remainder_fraction=99.9114%, Lmin=-91.97, Lmax=-83.73
15:39:55 [ultranest] [DEBUG] iteration=2502, ncalls=6942, regioncalls=263240, ndraw=40, logz=-105.32, remainder_fraction=99.8467%, Lmin=-91.46, Lmax=-83.73
15:39:55 [ultranest] [DEBUG] iteration=2520, ncalls=6979, regioncalls=264720, ndraw=40, logz=-104.94, remainder_fraction=99.7903%, Lmin=-91.10, Lmax=-83.73
15:39:55 [ultranest] [DEBUG] iteration=2535, ncalls=7021, regioncalls=266400, ndraw=40, logz=-104.66, remainder_fraction=99.7249%, Lmin=-90.79, Lmax=-83.73
15:39:55 [ultranest] [DEBUG] iteration=2551, ncalls=7051, regioncalls=267640, ndraw=40, logz=-104.35, remainder_fraction=99.6227%, Lmin=-90.43, Lmax=-83.73
15:39:55 [ultranest] [DEBUG] iteration=2560, ncalls=7067, regioncalls=268280, ndraw=40, logz=-104.19, remainder_fraction=99.5639%, Lmin=-90.33, Lmax=-83.73
15:39:55 [ultranest] [DEBUG] iteration=2573, ncalls=7108, regioncalls=269920, ndraw=40, logz=-103.98, remainder_fraction=99.4529%, Lmin=-90.04, Lmax=-83.73
15:39:55 [ultranest] [DEBUG] iteration=2595, ncalls=7145, regioncalls=271440, ndraw=40, logz=-103.66, remainder_fraction=99.2043%, Lmin=-89.76, Lmax=-83.73
15:39:55 [ultranest] [DEBUG] iteration=2600, ncalls=7157, regioncalls=271920, ndraw=40, logz=-103.59, remainder_fraction=99.1374%, Lmin=-89.57, Lmax=-83.73
15:39:56 [ultranest] [DEBUG] iteration=2617, ncalls=7193, regioncalls=273360, ndraw=40, logz=-103.31, remainder_fraction=98.9127%, Lmin=-89.10, Lmax=-83.66
15:39:56 [ultranest] [DEBUG] iteration=2637, ncalls=7235, regioncalls=275040, ndraw=40, logz=-102.98, remainder_fraction=98.3852%, Lmin=-88.74, Lmax=-83.66
15:39:56 [ultranest] [DEBUG] iteration=2639, ncalls=7239, regioncalls=275320, ndraw=40, logz=-102.95, remainder_fraction=98.3177%, Lmin=-88.68, Lmax=-83.66
15:39:56 [ultranest] [DEBUG] iteration=2640, ncalls=7241, regioncalls=275400, ndraw=40, logz=-102.94, remainder_fraction=98.3158%, Lmin=-88.67, Lmax=-83.66
15:39:56 [ultranest] [DEBUG] iteration=2661, ncalls=7276, regioncalls=276840, ndraw=40, logz=-102.63, remainder_fraction=97.8346%, Lmin=-88.39, Lmax=-83.66
15:39:56 [ultranest] [DEBUG] iteration=2677, ncalls=7320, regioncalls=278600, ndraw=40, logz=-102.40, remainder_fraction=97.3440%, Lmin=-87.90, Lmax=-83.66
15:39:56 [ultranest] [DEBUG] iteration=2680, ncalls=7324, regioncalls=278760, ndraw=40, logz=-102.35, remainder_fraction=97.3450%, Lmin=-87.85, Lmax=-83.39
15:39:56 [ultranest] [DEBUG] iteration=2683, ncalls=7329, regioncalls=279000, ndraw=40, logz=-102.30, remainder_fraction=97.2617%, Lmin=-87.82, Lmax=-83.39
15:39:56 [ultranest] [DEBUG] iteration=2700, ncalls=7368, regioncalls=280560, ndraw=40, logz=-102.05, remainder_fraction=96.3722%, Lmin=-87.58, Lmax=-83.39
15:39:56 [ultranest] [DEBUG] iteration=2720, ncalls=7410, regioncalls=282240, ndraw=40, logz=-101.79, remainder_fraction=95.6179%, Lmin=-87.35, Lmax=-83.39
15:39:56 [ultranest] [DEBUG] iteration=2736, ncalls=7448, regioncalls=283760, ndraw=40, logz=-101.59, remainder_fraction=94.7943%, Lmin=-87.13, Lmax=-83.39
15:39:56 [ultranest] [DEBUG] iteration=2753, ncalls=7483, regioncalls=285160, ndraw=40, logz=-101.40, remainder_fraction=93.6963%, Lmin=-86.88, Lmax=-83.39
15:39:56 [ultranest] [DEBUG] iteration=2760, ncalls=7505, regioncalls=286040, ndraw=40, logz=-101.32, remainder_fraction=93.1237%, Lmin=-86.82, Lmax=-83.39
15:39:56 [ultranest] [DEBUG] iteration=2771, ncalls=7523, regioncalls=286800, ndraw=40, logz=-101.20, remainder_fraction=92.2411%, Lmin=-86.67, Lmax=-83.39
15:39:57 [ultranest] [DEBUG] iteration=2791, ncalls=7558, regioncalls=288280, ndraw=40, logz=-100.99, remainder_fraction=90.3141%, Lmin=-86.41, Lmax=-83.39
15:39:57 [ultranest] [DEBUG] iteration=2800, ncalls=7578, regioncalls=289160, ndraw=40, logz=-100.90, remainder_fraction=89.5702%, Lmin=-86.36, Lmax=-83.39
15:39:57 [ultranest] [DEBUG] iteration=2815, ncalls=7603, regioncalls=290200, ndraw=40, logz=-100.77, remainder_fraction=88.4408%, Lmin=-86.21, Lmax=-83.39
15:39:57 [ultranest] [DEBUG] iteration=2830, ncalls=7642, regioncalls=291760, ndraw=40, logz=-100.64, remainder_fraction=86.9676%, Lmin=-86.04, Lmax=-83.39
15:39:57 [ultranest] [DEBUG] iteration=2840, ncalls=7657, regioncalls=292360, ndraw=40, logz=-100.56, remainder_fraction=85.7984%, Lmin=-85.98, Lmax=-83.39
15:39:57 [ultranest] [DEBUG] iteration=2859, ncalls=7693, regioncalls=293840, ndraw=40, logz=-100.42, remainder_fraction=83.3651%, Lmin=-85.81, Lmax=-83.39
15:39:57 [ultranest] [DEBUG] iteration=2880, ncalls=7731, regioncalls=295360, ndraw=40, logz=-100.27, remainder_fraction=80.5582%, Lmin=-85.71, Lmax=-83.39
15:39:57 [ultranest] [DEBUG] iteration=2903, ncalls=7770, regioncalls=297000, ndraw=40, logz=-100.14, remainder_fraction=77.4167%, Lmin=-85.54, Lmax=-83.39
15:39:57 [ultranest] [DEBUG] iteration=2920, ncalls=7798, regioncalls=298240, ndraw=40, logz=-100.04, remainder_fraction=75.0581%, Lmin=-85.44, Lmax=-83.39
15:39:57 [ultranest] [DEBUG] iteration=2935, ncalls=7843, regioncalls=300040, ndraw=40, logz=-99.97, remainder_fraction=72.9660%, Lmin=-85.31, Lmax=-83.39
15:39:57 [ultranest] [DEBUG] iteration=2947, ncalls=7864, regioncalls=301000, ndraw=40, logz=-99.91, remainder_fraction=71.0323%, Lmin=-85.22, Lmax=-83.39
15:39:57 [ultranest] [DEBUG] iteration=2960, ncalls=7885, regioncalls=301840, ndraw=40, logz=-99.84, remainder_fraction=69.2888%, Lmin=-85.05, Lmax=-83.39
15:39:58 [ultranest] [DEBUG] iteration=2982, ncalls=7925, regioncalls=303440, ndraw=40, logz=-99.73, remainder_fraction=65.6795%, Lmin=-84.89, Lmax=-83.39
15:39:58 [ultranest] [DEBUG] iteration=2991, ncalls=7946, regioncalls=304360, ndraw=40, logz=-99.68, remainder_fraction=64.2423%, Lmin=-84.82, Lmax=-83.39
15:39:58 [ultranest] [DEBUG] iteration=3000, ncalls=7969, regioncalls=305280, ndraw=40, logz=-99.64, remainder_fraction=62.8760%, Lmin=-84.77, Lmax=-83.39
15:39:58 [ultranest] [DEBUG] iteration=3015, ncalls=8011, regioncalls=306960, ndraw=40, logz=-99.58, remainder_fraction=60.4880%, Lmin=-84.68, Lmax=-83.39
15:39:58 [ultranest] [DEBUG] iteration=3031, ncalls=8055, regioncalls=308720, ndraw=40, logz=-99.51, remainder_fraction=57.9284%, Lmin=-84.63, Lmax=-83.39
15:39:58 [ultranest] [DEBUG] iteration=3035, ncalls=8059, regioncalls=308960, ndraw=40, logz=-99.49, remainder_fraction=57.2423%, Lmin=-84.60, Lmax=-83.39
15:39:58 [ultranest] [DEBUG] iteration=3040, ncalls=8066, regioncalls=309240, ndraw=40, logz=-99.47, remainder_fraction=56.4046%, Lmin=-84.59, Lmax=-83.39
15:39:58 [ultranest] [DEBUG] iteration=3060, ncalls=8101, regioncalls=310680, ndraw=40, logz=-99.40, remainder_fraction=53.1591%, Lmin=-84.49, Lmax=-83.39
15:39:58 [ultranest] [DEBUG] iteration=3079, ncalls=8127, regioncalls=311800, ndraw=40, logz=-99.34, remainder_fraction=49.9707%, Lmin=-84.40, Lmax=-83.39
15:39:58 [ultranest] [DEBUG] iteration=3080, ncalls=8132, regioncalls=312080, ndraw=40, logz=-99.33, remainder_fraction=49.8090%, Lmin=-84.40, Lmax=-83.39
15:39:58 [ultranest] [DEBUG] iteration=3099, ncalls=8164, regioncalls=313360, ndraw=40, logz=-99.28, remainder_fraction=46.6935%, Lmin=-84.36, Lmax=-83.39
15:39:58 [ultranest] [DEBUG] iteration=3118, ncalls=8205, regioncalls=315000, ndraw=40, logz=-99.22, remainder_fraction=43.8779%, Lmin=-84.29, Lmax=-83.39
15:39:58 [ultranest] [DEBUG] iteration=3120, ncalls=8207, regioncalls=315080, ndraw=40, logz=-99.22, remainder_fraction=43.5437%, Lmin=-84.28, Lmax=-83.39
15:39:58 [ultranest] [DEBUG] iteration=3123, ncalls=8214, regioncalls=315440, ndraw=40, logz=-99.21, remainder_fraction=43.1208%, Lmin=-84.26, Lmax=-83.39
15:39:58 [ultranest] [DEBUG] iteration=3145, ncalls=8249, regioncalls=316840, ndraw=40, logz=-99.15, remainder_fraction=39.7847%, Lmin=-84.17, Lmax=-83.39
15:39:59 [ultranest] [DEBUG] iteration=3160, ncalls=8268, regioncalls=317600, ndraw=40, logz=-99.12, remainder_fraction=37.6000%, Lmin=-84.12, Lmax=-83.39
15:39:59 [ultranest] [DEBUG] iteration=3179, ncalls=8301, regioncalls=318920, ndraw=40, logz=-99.08, remainder_fraction=34.9889%, Lmin=-84.08, Lmax=-83.39
15:39:59 [ultranest] [DEBUG] iteration=3200, ncalls=8339, regioncalls=320440, ndraw=40, logz=-99.04, remainder_fraction=32.3562%, Lmin=-84.03, Lmax=-83.39
15:39:59 [ultranest] [DEBUG] iteration=3211, ncalls=8361, regioncalls=321400, ndraw=40, logz=-99.02, remainder_fraction=31.0518%, Lmin=-83.99, Lmax=-83.39
15:39:59 [ultranest] [DEBUG] iteration=3234, ncalls=8394, regioncalls=322760, ndraw=40, logz=-98.98, remainder_fraction=28.3955%, Lmin=-83.95, Lmax=-83.39
15:39:59 [ultranest] [DEBUG] iteration=3240, ncalls=8405, regioncalls=323200, ndraw=40, logz=-98.97, remainder_fraction=27.6528%, Lmin=-83.94, Lmax=-83.39
15:39:59 [ultranest] [DEBUG] iteration=3255, ncalls=8434, regioncalls=324400, ndraw=40, logz=-98.94, remainder_fraction=26.0868%, Lmin=-83.90, Lmax=-83.39
15:39:59 [ultranest] [DEBUG] iteration=3275, ncalls=8471, regioncalls=325920, ndraw=40, logz=-98.92, remainder_fraction=24.0244%, Lmin=-83.87, Lmax=-83.39
15:39:59 [ultranest] [DEBUG] iteration=3280, ncalls=8479, regioncalls=326240, ndraw=40, logz=-98.91, remainder_fraction=23.5053%, Lmin=-83.86, Lmax=-83.39
15:39:59 [ultranest] [DEBUG] iteration=3299, ncalls=8509, regioncalls=327480, ndraw=40, logz=-98.89, remainder_fraction=21.6057%, Lmin=-83.84, Lmax=-83.39
15:39:59 [ultranest] [DEBUG] iteration=3320, ncalls=8537, regioncalls=328640, ndraw=40, logz=-98.86, remainder_fraction=19.6663%, Lmin=-83.81, Lmax=-83.39
15:39:59 [ultranest] [DEBUG] iteration=3339, ncalls=8578, regioncalls=330280, ndraw=40, logz=-98.84, remainder_fraction=18.1594%, Lmin=-83.78, Lmax=-83.39
15:40:00 [ultranest] [DEBUG] iteration=3357, ncalls=8612, regioncalls=331640, ndraw=40, logz=-98.83, remainder_fraction=16.7288%, Lmin=-83.75, Lmax=-83.39
15:40:00 [ultranest] [DEBUG] iteration=3360, ncalls=8617, regioncalls=331840, ndraw=40, logz=-98.82, remainder_fraction=16.5037%, Lmin=-83.75, Lmax=-83.39
15:40:00 [ultranest] [DEBUG] iteration=3384, ncalls=8654, regioncalls=333320, ndraw=40, logz=-98.80, remainder_fraction=14.8283%, Lmin=-83.72, Lmax=-83.39
15:40:00 [ultranest] [DEBUG] iteration=3387, ncalls=8662, regioncalls=333680, ndraw=40, logz=-98.80, remainder_fraction=14.6323%, Lmin=-83.71, Lmax=-83.39
15:40:00 [ultranest] [DEBUG] iteration=3400, ncalls=8683, regioncalls=334600, ndraw=40, logz=-98.79, remainder_fraction=13.7695%, Lmin=-83.70, Lmax=-83.39
15:40:00 [ultranest] [DEBUG] iteration=3417, ncalls=8722, regioncalls=336160, ndraw=40, logz=-98.78, remainder_fraction=12.7424%, Lmin=-83.69, Lmax=-83.39
15:40:00 [ultranest] [DEBUG] iteration=3434, ncalls=8758, regioncalls=337600, ndraw=40, logz=-98.77, remainder_fraction=11.7945%, Lmin=-83.67, Lmax=-83.39
15:40:00 [ultranest] [DEBUG] iteration=3440, ncalls=8769, regioncalls=338040, ndraw=40, logz=-98.77, remainder_fraction=11.4799%, Lmin=-83.67, Lmax=-83.39
15:40:00 [ultranest] [DEBUG] iteration=3458, ncalls=8809, regioncalls=339640, ndraw=40, logz=-98.76, remainder_fraction=10.5471%, Lmin=-83.65, Lmax=-83.39
15:40:00 [ultranest] [DEBUG] iteration=3475, ncalls=8847, regioncalls=341200, ndraw=40, logz=-98.75, remainder_fraction=9.7328%, Lmin=-83.64, Lmax=-83.39
15:40:00 [ultranest] [DEBUG] iteration=3480, ncalls=8856, regioncalls=341560, ndraw=40, logz=-98.74, remainder_fraction=9.5077%, Lmin=-83.63, Lmax=-83.39
15:40:00 [ultranest] [DEBUG] iteration=3503, ncalls=8892, regioncalls=343000, ndraw=40, logz=-98.73, remainder_fraction=8.5471%, Lmin=-83.61, Lmax=-83.39
15:40:00 [ultranest] [DEBUG] iteration=3519, ncalls=8922, regioncalls=344280, ndraw=40, logz=-98.73, remainder_fraction=7.9191%, Lmin=-83.60, Lmax=-83.39
15:40:00 [ultranest] [DEBUG] iteration=3520, ncalls=8923, regioncalls=344320, ndraw=40, logz=-98.73, remainder_fraction=7.8787%, Lmin=-83.60, Lmax=-83.39
15:40:00 [ultranest] [DEBUG] iteration=3544, ncalls=8956, regioncalls=345640, ndraw=40, logz=-98.72, remainder_fraction=7.0462%, Lmin=-83.59, Lmax=-83.39
15:40:01 [ultranest] [DEBUG] iteration=3560, ncalls=8985, regioncalls=346800, ndraw=40, logz=-98.71, remainder_fraction=6.5308%, Lmin=-83.58, Lmax=-83.39
15:40:01 [ultranest] [DEBUG] iteration=3563, ncalls=8990, regioncalls=347040, ndraw=40, logz=-98.71, remainder_fraction=6.4377%, Lmin=-83.57, Lmax=-83.39
15:40:01 [ultranest] [DEBUG] iteration=3581, ncalls=9026, regioncalls=348480, ndraw=40, logz=-98.70, remainder_fraction=5.9009%, Lmin=-83.57, Lmax=-83.39
15:40:01 [ultranest] [DEBUG] iteration=3600, ncalls=9066, regioncalls=350080, ndraw=40, logz=-98.70, remainder_fraction=5.3848%, Lmin=-83.55, Lmax=-83.39
15:40:01 [ultranest] [DEBUG] iteration=3607, ncalls=9077, regioncalls=350560, ndraw=40, logz=-98.70, remainder_fraction=5.2033%, Lmin=-83.55, Lmax=-83.39
15:40:01 [ultranest] [DEBUG] iteration=3627, ncalls=9112, regioncalls=351960, ndraw=40, logz=-98.69, remainder_fraction=4.7231%, Lmin=-83.54, Lmax=-83.39
15:40:01 [ultranest] [DEBUG] iteration=3640, ncalls=9144, regioncalls=353240, ndraw=40, logz=-98.69, remainder_fraction=4.4329%, Lmin=-83.54, Lmax=-83.39
15:40:01 [ultranest] [DEBUG] iteration=3651, ncalls=9158, regioncalls=353840, ndraw=40, logz=-98.69, remainder_fraction=4.1997%, Lmin=-83.53, Lmax=-83.39
15:40:01 [ultranest] [DEBUG] iteration=3669, ncalls=9190, regioncalls=355120, ndraw=40, logz=-98.68, remainder_fraction=3.8439%, Lmin=-83.52, Lmax=-83.39
15:40:01 [ultranest] [DEBUG] iteration=3680, ncalls=9211, regioncalls=355960, ndraw=40, logz=-98.68, remainder_fraction=3.6432%, Lmin=-83.52, Lmax=-83.39
15:40:01 [ultranest] [DEBUG] iteration=3695, ncalls=9239, regioncalls=357120, ndraw=40, logz=-98.68, remainder_fraction=3.3846%, Lmin=-83.51, Lmax=-83.39
15:40:01 [ultranest] [DEBUG] iteration=3717, ncalls=9274, regioncalls=358520, ndraw=40, logz=-98.67, remainder_fraction=3.0404%, Lmin=-83.51, Lmax=-83.39
15:40:01 [ultranest] [DEBUG] iteration=3720, ncalls=9281, regioncalls=358800, ndraw=40, logz=-98.67, remainder_fraction=2.9972%, Lmin=-83.51, Lmax=-83.39
15:40:02 [ultranest] [DEBUG] iteration=3739, ncalls=9321, regioncalls=360440, ndraw=40, logz=-98.67, remainder_fraction=2.7299%, Lmin=-83.50, Lmax=-83.39
15:40:02 [ultranest] [DEBUG] iteration=3760, ncalls=9353, regioncalls=361720, ndraw=40, logz=-98.67, remainder_fraction=2.4629%, Lmin=-83.49, Lmax=-83.39
15:40:02 [ultranest] [INFO] Explored until L=-8e+01  
15:40:02 [ultranest] [INFO] Likelihood function evaluations: 9364
15:40:02 [ultranest] [INFO] Writing samples and results to disk ...
15:40:03 [ultranest] [INFO] Writing samples and results to disk ... done
15:40:03 [ultranest] [DEBUG] did a run_iter pass!
15:40:03 [ultranest] [INFO]   logZ = -98.61 +- 0.1538
15:40:03 [ultranest] [INFO] Effective samples strategy satisfied (ESS = 892.1, need >400)
15:40:03 [ultranest] [INFO] Posterior uncertainty strategy is satisfied (KL: 0.46+-0.15 nat, need <0.50 nat)
15:40:03 [ultranest] [INFO] Evidency uncertainty strategy is satisfied (dlogz=0.16, need <0.5)
15:40:03 [ultranest] [INFO]   logZ error budget: single: 0.27 bs:0.15 tail:0.02 total:0.16 required:<0.50
15:40:03 [ultranest] [INFO] done iterating.
15:40:03 [ultranest] [DEBUG] Making corner plot ...
15:40:04 [ultranest] [DEBUG] Making corner plot ... done
15:40:04 [ultranest] [DEBUG] Making run plot ... 
15:40:05 [ultranest] [DEBUG] Making run plot ... done
15:40:05 [ultranest] [DEBUG] Making trace plot ... 
15:40:06 [ultranest] [DEBUG] Making trace plot ... done
