09:25:00 [ultranest] [DEBUG] ReactiveNestedSampler: dims=3+0, resume=True, log_dir=/home/orion51/Desktop/Research/spectral_fitting/FGL_spectral_fitting/Individual_sources/2CXOJ103143.3+573157/bb_out_, backend=hdf5, vectorized=False, nbootstraps=30, ndraw=128..65536
09:25:00 [ultranest] [INFO] Sampling 400 live points from prior ...
09:25:00 [ultranest] [DEBUG] run_iter dlogz=0.5, dKL=0.5, frac_remain=0.01, Lepsilon=0.1000, min_ess=400
09:25:00 [ultranest] [DEBUG] max_iters=-1, max_ncalls=-1, max_num_improvement_loops=-1, min_num_live_points=400, cluster_num_live_points=40
09:25:00 [ultranest] [DEBUG] minimal_widths_sequence: [(-inf, 400.0), (inf, 400.0)]
09:25:00 [ultranest] [DEBUG] iteration=0, ncalls=401, regioncalls=40, ndraw=40, logz=-inf, remainder_fraction=100.0000%, Lmin=-101984912.26, Lmax=-27.32
09:25:00 [ultranest] [DEBUG] iteration=29, ncalls=431, regioncalls=1240, ndraw=40, logz=-6552.24, remainder_fraction=100.0000%, Lmin=-5751.88, Lmax=-27.32
09:25:00 [ultranest] [DEBUG] iteration=40, ncalls=442, regioncalls=1680, ndraw=40, logz=-1118.76, remainder_fraction=100.0000%, Lmin=-856.85, Lmax=-27.32
09:25:01 [ultranest] [DEBUG] Plateau detected at L=-2.233434e+02, not replacing live point.
09:25:01 [ultranest] [DEBUG] Plateau detected at L=-2.233434e+02, not replacing live point.
09:25:01 [ultranest] [DEBUG] Plateau detected at L=-2.233434e+02, not replacing live point.
09:25:01 [ultranest] [DEBUG] Plateau detected at L=-2.233434e+02, not replacing live point.
09:25:01 [ultranest] [DEBUG] Plateau detected at L=-2.233434e+02, not replacing live point.
09:25:01 [ultranest] [DEBUG] Plateau detected at L=-2.233434e+02, not replacing live point.
09:25:01 [ultranest] [DEBUG] Plateau detected at L=-2.233434e+02, not replacing live point.
09:25:01 [ultranest] [DEBUG] Plateau detected at L=-2.233434e+02, not replacing live point.
09:25:01 [ultranest] [DEBUG] Plateau detected at L=-2.233434e+02, not replacing live point.
09:25:01 [ultranest] [DEBUG] Plateau detected at L=-2.233434e+02, not replacing live point.
09:25:01 [ultranest] [DEBUG] Plateau detected at L=-2.233434e+02, not replacing live point.
09:25:01 [ultranest] [DEBUG] Plateau detected at L=-2.233434e+02, not replacing live point.
09:25:01 [ultranest] [DEBUG] Plateau detected at L=-2.233434e+02, not replacing live point.
09:25:01 [ultranest] [DEBUG] Plateau detected at L=-2.233434e+02, not replacing live point.
09:25:01 [ultranest] [DEBUG] Plateau detected at L=-2.233434e+02, not replacing live point.
09:25:01 [ultranest] [DEBUG] Plateau detected at L=-2.233434e+02, not replacing live point.
09:25:01 [ultranest] [DEBUG] Plateau detected at L=-2.233434e+02, not replacing live point.
09:25:01 [ultranest] [DEBUG] Plateau detected at L=-2.233434e+02, not replacing live point.
09:25:01 [ultranest] [DEBUG] Plateau detected at L=-2.233434e+02, not replacing live point.
09:25:01 [ultranest] [DEBUG] Plateau detected at L=-2.233434e+02, not replacing live point.
09:25:01 [ultranest] [DEBUG] Plateau detected at L=-2.233434e+02, not replacing live point.
09:25:01 [ultranest] [DEBUG] Plateau detected at L=-2.233434e+02, not replacing live point.
09:25:01 [ultranest] [DEBUG] Plateau detected at L=-2.233434e+02, not replacing live point.
09:25:01 [ultranest] [DEBUG] Plateau detected at L=-2.233434e+02, not replacing live point.
09:25:01 [ultranest] [DEBUG] Plateau detected at L=-2.233434e+02, not replacing live point.
09:25:01 [ultranest] [DEBUG] Plateau detected at L=-2.233434e+02, not replacing live point.
09:25:01 [ultranest] [DEBUG] Plateau detected at L=-2.233434e+02, not replacing live point.
09:25:01 [ultranest] [DEBUG] Plateau detected at L=-2.233434e+02, not replacing live point.
09:25:01 [ultranest] [DEBUG] Plateau detected at L=-2.233434e+02, not replacing live point.
09:25:01 [ultranest] [DEBUG] Plateau detected at L=-2.233434e+02, not replacing live point.
09:25:01 [ultranest] [DEBUG] Plateau detected at L=-2.233434e+02, not replacing live point.
09:25:01 [ultranest] [DEBUG] Plateau detected at L=-2.233434e+02, not replacing live point.
09:25:01 [ultranest] [DEBUG] Plateau detected at L=-2.233434e+02, not replacing live point.
09:25:01 [ultranest] [DEBUG] Plateau detected at L=-2.233434e+02, not replacing live point.
09:25:01 [ultranest] [DEBUG] Plateau detected at L=-2.233434e+02, not replacing live point.
09:25:01 [ultranest] [DEBUG] Plateau detected at L=-2.233434e+02, not replacing live point.
09:25:01 [ultranest] [DEBUG] Plateau detected at L=-2.233434e+02, not replacing live point.
09:25:01 [ultranest] [DEBUG] Plateau detected at L=-2.233434e+02, not replacing live point.
09:25:01 [ultranest] [DEBUG] Plateau detected at L=-2.233434e+02, not replacing live point.
09:25:01 [ultranest] [DEBUG] Plateau detected at L=-2.233434e+02, not replacing live point.
09:25:01 [ultranest] [DEBUG] Plateau detected at L=-2.233434e+02, not replacing live point.
09:25:01 [ultranest] [DEBUG] Plateau detected at L=-2.233434e+02, not replacing live point.
09:25:01 [ultranest] [DEBUG] Plateau detected at L=-2.233434e+02, not replacing live point.
09:25:01 [ultranest] [DEBUG] Plateau detected at L=-2.233434e+02, not replacing live point.
09:25:01 [ultranest] [DEBUG] Plateau detected at L=-2.233434e+02, not replacing live point.
09:25:01 [ultranest] [DEBUG] Plateau detected at L=-2.233434e+02, not replacing live point.
09:25:01 [ultranest] [DEBUG] Plateau detected at L=-2.233434e+02, not replacing live point.
09:25:01 [ultranest] [DEBUG] Plateau detected at L=-2.233434e+02, not replacing live point.
09:25:01 [ultranest] [DEBUG] Plateau detected at L=-2.233434e+02, not replacing live point.
09:25:01 [ultranest] [DEBUG] Plateau detected at L=-2.233434e+02, not replacing live point.
09:25:01 [ultranest] [DEBUG] Plateau detected at L=-2.233434e+02, not replacing live point.
09:25:01 [ultranest] [DEBUG] Plateau detected at L=-2.233434e+02, not replacing live point.
09:25:01 [ultranest] [DEBUG] Plateau detected at L=-2.233434e+02, not replacing live point.
09:25:01 [ultranest] [DEBUG] Plateau detected at L=-2.233434e+02, not replacing live point.
09:25:01 [ultranest] [DEBUG] Plateau detected at L=-2.233434e+02, not replacing live point.
09:25:01 [ultranest] [DEBUG] Plateau detected at L=-2.233434e+02, not replacing live point.
09:25:01 [ultranest] [DEBUG] Plateau detected at L=-2.233434e+02, not replacing live point.
09:25:01 [ultranest] [DEBUG] Plateau detected at L=-2.233434e+02, not replacing live point.
09:25:01 [ultranest] [DEBUG] Plateau detected at L=-2.233434e+02, not replacing live point.
09:25:01 [ultranest] [DEBUG] Plateau detected at L=-2.233434e+02, not replacing live point.
09:25:01 [ultranest] [DEBUG] Plateau detected at L=-2.233434e+02, not replacing live point.
09:25:01 [ultranest] [DEBUG] Plateau detected at L=-2.233434e+02, not replacing live point.
09:25:01 [ultranest] [DEBUG] Plateau detected at L=-2.233434e+02, not replacing live point.
09:25:01 [ultranest] [DEBUG] Plateau detected at L=-2.233434e+02, not replacing live point.
09:25:01 [ultranest] [DEBUG] Plateau detected at L=-2.233434e+02, not replacing live point.
09:25:01 [ultranest] [DEBUG] Plateau detected at L=-2.233434e+02, not replacing live point.
09:25:01 [ultranest] [DEBUG] Plateau detected at L=-2.233434e+02, not replacing live point.
09:25:01 [ultranest] [DEBUG] Plateau detected at L=-2.233434e+02, not replacing live point.
09:25:01 [ultranest] [DEBUG] Plateau detected at L=-2.233434e+02, not replacing live point.
09:25:01 [ultranest] [DEBUG] Plateau detected at L=-2.233434e+02, not replacing live point.
09:25:01 [ultranest] [DEBUG] Plateau detected at L=-2.233434e+02, not replacing live point.
09:25:01 [ultranest] [DEBUG] Plateau detected at L=-2.233434e+02, not replacing live point.
09:25:01 [ultranest] [DEBUG] Plateau detected at L=-2.233434e+02, not replacing live point.
09:25:01 [ultranest] [DEBUG] Plateau detected at L=-2.233434e+02, not replacing live point.
09:25:01 [ultranest] [DEBUG] Plateau detected at L=-2.233434e+02, not replacing live point.
09:25:01 [ultranest] [DEBUG] Plateau detected at L=-2.233434e+02, not replacing live point.
09:25:01 [ultranest] [DEBUG] Plateau detected at L=-2.233434e+02, not replacing live point.
09:25:01 [ultranest] [DEBUG] Plateau detected at L=-2.233434e+02, not replacing live point.
09:25:01 [ultranest] [DEBUG] Plateau detected at L=-2.233434e+02, not replacing live point.
09:25:01 [ultranest] [DEBUG] Plateau detected at L=-2.233434e+02, not replacing live point.
09:25:01 [ultranest] [DEBUG] Plateau detected at L=-2.233434e+02, not replacing live point.
09:25:01 [ultranest] [DEBUG] Plateau detected at L=-2.233434e+02, not replacing live point.
09:25:01 [ultranest] [DEBUG] Plateau detected at L=-2.233434e+02, not replacing live point.
09:25:01 [ultranest] [DEBUG] Plateau detected at L=-2.233434e+02, not replacing live point.
09:25:01 [ultranest] [DEBUG] Plateau detected at L=-2.233434e+02, not replacing live point.
09:25:01 [ultranest] [DEBUG] Plateau detected at L=-2.233434e+02, not replacing live point.
09:25:01 [ultranest] [DEBUG] Plateau detected at L=-2.233434e+02, not replacing live point.
09:25:01 [ultranest] [DEBUG] Plateau detected at L=-2.233434e+02, not replacing live point.
09:25:01 [ultranest] [DEBUG] Plateau detected at L=-2.233434e+02, not replacing live point.
09:25:01 [ultranest] [DEBUG] Plateau detected at L=-2.233434e+02, not replacing live point.
09:25:01 [ultranest] [DEBUG] Plateau detected at L=-2.233434e+02, not replacing live point.
09:25:01 [ultranest] [DEBUG] Plateau detected at L=-2.233434e+02, not replacing live point.
09:25:01 [ultranest] [DEBUG] Plateau detected at L=-2.233434e+02, not replacing live point.
09:25:01 [ultranest] [DEBUG] Plateau detected at L=-2.233434e+02, not replacing live point.
09:25:01 [ultranest] [DEBUG] Plateau detected at L=-2.233434e+02, not replacing live point.
09:25:01 [ultranest] [DEBUG] Plateau detected at L=-2.233434e+02, not replacing live point.
09:25:01 [ultranest] [DEBUG] Plateau detected at L=-2.233434e+02, not replacing live point.
09:25:01 [ultranest] [DEBUG] Plateau detected at L=-2.233434e+02, not replacing live point.
09:25:01 [ultranest] [DEBUG] Plateau detected at L=-2.233434e+02, not replacing live point.
09:25:01 [ultranest] [DEBUG] Plateau detected at L=-2.233434e+02, not replacing live point.
09:25:01 [ultranest] [DEBUG] Plateau detected at L=-2.233434e+02, not replacing live point.
09:25:01 [ultranest] [DEBUG] Plateau detected at L=-2.233434e+02, not replacing live point.
09:25:01 [ultranest] [DEBUG] Plateau detected at L=-2.233434e+02, not replacing live point.
09:25:01 [ultranest] [DEBUG] Plateau detected at L=-2.233434e+02, not replacing live point.
09:25:01 [ultranest] [DEBUG] Plateau detected at L=-2.233434e+02, not replacing live point.
09:25:01 [ultranest] [DEBUG] Plateau detected at L=-2.233434e+02, not replacing live point.
09:25:01 [ultranest] [DEBUG] Plateau detected at L=-2.233434e+02, not replacing live point.
09:25:01 [ultranest] [DEBUG] Plateau detected at L=-2.233434e+02, not replacing live point.
09:25:01 [ultranest] [DEBUG] Plateau detected at L=-2.233434e+02, not replacing live point.
09:25:01 [ultranest] [DEBUG] Plateau detected at L=-2.233434e+02, not replacing live point.
09:25:01 [ultranest] [DEBUG] Plateau detected at L=-2.233434e+02, not replacing live point.
09:25:01 [ultranest] [DEBUG] Plateau detected at L=-2.233434e+02, not replacing live point.
09:25:01 [ultranest] [DEBUG] Plateau detected at L=-2.233434e+02, not replacing live point.
09:25:01 [ultranest] [DEBUG] Plateau detected at L=-2.233434e+02, not replacing live point.
09:25:01 [ultranest] [DEBUG] Plateau detected at L=-2.233434e+02, not replacing live point.
09:25:01 [ultranest] [DEBUG] Plateau detected at L=-2.233434e+02, not replacing live point.
09:25:01 [ultranest] [DEBUG] Plateau detected at L=-2.233434e+02, not replacing live point.
09:25:01 [ultranest] [DEBUG] Plateau detected at L=-2.233434e+02, not replacing live point.
09:25:01 [ultranest] [DEBUG] Plateau detected at L=-2.233434e+02, not replacing live point.
09:25:01 [ultranest] [DEBUG] Plateau detected at L=-2.233434e+02, not replacing live point.
09:25:01 [ultranest] [DEBUG] Plateau detected at L=-2.233434e+02, not replacing live point.
09:25:01 [ultranest] [DEBUG] Plateau detected at L=-2.233434e+02, not replacing live point.
09:25:01 [ultranest] [DEBUG] Plateau detected at L=-2.233434e+02, not replacing live point.
09:25:01 [ultranest] [DEBUG] Plateau detected at L=-2.233434e+02, not replacing live point.
09:25:01 [ultranest] [DEBUG] Plateau detected at L=-2.233434e+02, not replacing live point.
09:25:01 [ultranest] [DEBUG] Plateau detected at L=-2.233434e+02, not replacing live point.
09:25:01 [ultranest] [DEBUG] Plateau detected at L=-2.233434e+02, not replacing live point.
09:25:01 [ultranest] [DEBUG] Plateau detected at L=-2.233434e+02, not replacing live point.
09:25:01 [ultranest] [DEBUG] Plateau detected at L=-2.233434e+02, not replacing live point.
09:25:01 [ultranest] [DEBUG] Plateau detected at L=-2.233434e+02, not replacing live point.
09:25:01 [ultranest] [DEBUG] Plateau detected at L=-2.233434e+02, not replacing live point.
09:25:01 [ultranest] [DEBUG] Plateau detected at L=-2.233434e+02, not replacing live point.
09:25:01 [ultranest] [DEBUG] Plateau detected at L=-2.233434e+02, not replacing live point.
09:25:01 [ultranest] [DEBUG] Plateau detected at L=-2.233434e+02, not replacing live point.
09:25:01 [ultranest] [DEBUG] Plateau detected at L=-2.233434e+02, not replacing live point.
09:25:01 [ultranest] [DEBUG] Plateau detected at L=-2.233434e+02, not replacing live point.
09:25:01 [ultranest] [DEBUG] Plateau detected at L=-2.233434e+02, not replacing live point.
09:25:01 [ultranest] [DEBUG] Plateau detected at L=-2.233434e+02, not replacing live point.
09:25:01 [ultranest] [DEBUG] Plateau detected at L=-2.233434e+02, not replacing live point.
09:25:01 [ultranest] [DEBUG] Plateau detected at L=-2.233434e+02, not replacing live point.
09:25:01 [ultranest] [DEBUG] Plateau detected at L=-2.233434e+02, not replacing live point.
09:25:01 [ultranest] [DEBUG] Plateau detected at L=-2.233434e+02, not replacing live point.
09:25:01 [ultranest] [DEBUG] Plateau detected at L=-2.233434e+02, not replacing live point.
09:25:01 [ultranest] [DEBUG] Plateau detected at L=-2.233434e+02, not replacing live point.
09:25:01 [ultranest] [DEBUG] Plateau detected at L=-2.233434e+02, not replacing live point.
09:25:01 [ultranest] [DEBUG] Plateau detected at L=-2.233434e+02, not replacing live point.
09:25:01 [ultranest] [DEBUG] Plateau detected at L=-2.233434e+02, not replacing live point.
09:25:01 [ultranest] [DEBUG] Plateau detected at L=-2.233434e+02, not replacing live point.
09:25:01 [ultranest] [DEBUG] Plateau detected at L=-2.233434e+02, not replacing live point.
09:25:01 [ultranest] [DEBUG] Plateau detected at L=-2.233434e+02, not replacing live point.
09:25:01 [ultranest] [DEBUG] Plateau detected at L=-2.233434e+02, not replacing live point.
09:25:01 [ultranest] [DEBUG] Plateau detected at L=-2.233434e+02, not replacing live point.
09:25:01 [ultranest] [DEBUG] Plateau detected at L=-2.233434e+02, not replacing live point.
09:25:01 [ultranest] [DEBUG] Plateau detected at L=-2.233434e+02, not replacing live point.
09:25:01 [ultranest] [DEBUG] Plateau detected at L=-2.233434e+02, not replacing live point.
09:25:01 [ultranest] [DEBUG] Plateau detected at L=-2.233434e+02, not replacing live point.
09:25:01 [ultranest] [DEBUG] Plateau detected at L=-2.233434e+02, not replacing live point.
09:25:01 [ultranest] [DEBUG] Plateau detected at L=-2.233434e+02, not replacing live point.
09:25:01 [ultranest] [DEBUG] Plateau detected at L=-2.233434e+02, not replacing live point.
09:25:01 [ultranest] [DEBUG] Plateau detected at L=-2.233434e+02, not replacing live point.
09:25:01 [ultranest] [DEBUG] Plateau detected at L=-2.233434e+02, not replacing live point.
09:25:01 [ultranest] [DEBUG] Plateau detected at L=-2.233434e+02, not replacing live point.
09:25:01 [ultranest] [DEBUG] Plateau detected at L=-2.233434e+02, not replacing live point.
09:25:01 [ultranest] [DEBUG] Plateau detected at L=-2.233434e+02, not replacing live point.
09:25:01 [ultranest] [DEBUG] Plateau detected at L=-2.233434e+02, not replacing live point.
09:25:01 [ultranest] [DEBUG] Plateau detected at L=-2.233434e+02, not replacing live point.
09:25:01 [ultranest] [DEBUG] Plateau detected at L=-2.233434e+02, not replacing live point.
09:25:01 [ultranest] [DEBUG] Plateau detected at L=-2.233434e+02, not replacing live point.
09:25:01 [ultranest] [DEBUG] Plateau detected at L=-2.233434e+02, not replacing live point.
09:25:01 [ultranest] [DEBUG] Plateau detected at L=-2.233434e+02, not replacing live point.
09:25:01 [ultranest] [DEBUG] Plateau detected at L=-2.233434e+02, not replacing live point.
09:25:01 [ultranest] [DEBUG] Plateau detected at L=-2.233434e+02, not replacing live point.
09:25:01 [ultranest] [DEBUG] Plateau detected at L=-2.233434e+02, not replacing live point.
09:25:01 [ultranest] [DEBUG] Plateau detected at L=-2.233434e+02, not replacing live point.
09:25:01 [ultranest] [DEBUG] Plateau detected at L=-2.233434e+02, not replacing live point.
09:25:01 [ultranest] [DEBUG] Plateau detected at L=-2.233434e+02, not replacing live point.
09:25:01 [ultranest] [DEBUG] Plateau detected at L=-2.233434e+02, not replacing live point.
09:25:01 [ultranest] [DEBUG] Plateau detected at L=-2.233434e+02, not replacing live point.
09:25:01 [ultranest] [DEBUG] Plateau detected at L=-2.233434e+02, not replacing live point.
09:25:01 [ultranest] [DEBUG] Plateau detected at L=-2.233434e+02, not replacing live point.
09:25:01 [ultranest] [DEBUG] Plateau detected at L=-2.233434e+02, not replacing live point.
09:25:01 [ultranest] [DEBUG] Plateau detected at L=-2.233434e+02, not replacing live point.
09:25:01 [ultranest] [DEBUG] Plateau detected at L=-2.233434e+02, not replacing live point.
09:25:01 [ultranest] [DEBUG] Plateau detected at L=-2.233434e+02, not replacing live point.
09:25:01 [ultranest] [DEBUG] Plateau detected at L=-2.233434e+02, not replacing live point.
09:25:01 [ultranest] [DEBUG] Plateau detected at L=-2.233434e+02, not replacing live point.
09:25:01 [ultranest] [DEBUG] Plateau detected at L=-2.233434e+02, not replacing live point.
09:25:01 [ultranest] [DEBUG] Plateau detected at L=-2.233434e+02, not replacing live point.
09:25:01 [ultranest] [DEBUG] Plateau detected at L=-2.233434e+02, not replacing live point.
09:25:01 [ultranest] [DEBUG] Plateau detected at L=-2.233434e+02, not replacing live point.
09:25:01 [ultranest] [DEBUG] Plateau detected at L=-2.233434e+02, not replacing live point.
09:25:01 [ultranest] [DEBUG] Plateau detected at L=-2.233434e+02, not replacing live point.
09:25:01 [ultranest] [DEBUG] Plateau detected at L=-2.233434e+02, not replacing live point.
09:25:01 [ultranest] [DEBUG] Plateau detected at L=-2.233434e+02, not replacing live point.
09:25:01 [ultranest] [DEBUG] Plateau detected at L=-2.233434e+02, not replacing live point.
09:25:01 [ultranest] [DEBUG] Plateau detected at L=-2.233434e+02, not replacing live point.
09:25:01 [ultranest] [DEBUG] Plateau detected at L=-2.233434e+02, not replacing live point.
09:25:01 [ultranest] [DEBUG] Plateau detected at L=-2.233434e+02, not replacing live point.
09:25:01 [ultranest] [DEBUG] Plateau detected at L=-2.233434e+02, not replacing live point.
09:25:01 [ultranest] [DEBUG] Plateau detected at L=-2.233434e+02, not replacing live point.
09:25:01 [ultranest] [DEBUG] Plateau detected at L=-2.233434e+02, not replacing live point.
09:25:01 [ultranest] [DEBUG] Plateau detected at L=-2.233434e+02, not replacing live point.
09:25:01 [ultranest] [DEBUG] Plateau detected at L=-2.233434e+02, not replacing live point.
09:25:01 [ultranest] [DEBUG] Plateau detected at L=-2.233434e+02, not replacing live point.
09:25:01 [ultranest] [DEBUG] Plateau detected at L=-2.233434e+02, not replacing live point.
09:25:01 [ultranest] [DEBUG] Plateau detected at L=-2.233434e+02, not replacing live point.
09:25:01 [ultranest] [DEBUG] Plateau detected at L=-2.233434e+02, not replacing live point.
09:25:01 [ultranest] [DEBUG] Plateau detected at L=-2.233434e+02, not replacing live point.
09:25:01 [ultranest] [DEBUG] Plateau detected at L=-2.233434e+02, not replacing live point.
09:25:01 [ultranest] [DEBUG] Plateau detected at L=-2.233434e+02, not replacing live point.
09:25:01 [ultranest] [DEBUG] Plateau detected at L=-2.233434e+02, not replacing live point.
09:25:01 [ultranest] [DEBUG] Plateau detected at L=-2.233434e+02, not replacing live point.
09:25:01 [ultranest] [DEBUG] Plateau detected at L=-2.233434e+02, not replacing live point.
09:25:01 [ultranest] [DEBUG] Plateau detected at L=-2.233434e+02, not replacing live point.
09:25:01 [ultranest] [DEBUG] iteration=282, ncalls=474, regioncalls=2960, ndraw=40, logz=-224.05, remainder_fraction=100.0000%, Lmin=-223.34, Lmax=-27.32
09:25:01 [ultranest] [DEBUG] Plateau detected at L=-2.233434e+02, not replacing live point.
09:25:01 [ultranest] [DEBUG] Plateau detected at L=-2.233434e+02, not replacing live point.
09:25:01 [ultranest] [DEBUG] Plateau detected at L=-2.233434e+02, not replacing live point.
09:25:01 [ultranest] [DEBUG] Plateau detected at L=-2.233434e+02, not replacing live point.
09:25:01 [ultranest] [DEBUG] Plateau detected at L=-2.233434e+02, not replacing live point.
09:25:01 [ultranest] [DEBUG] iteration=288, ncalls=475, regioncalls=3000, ndraw=40, logz=-224.02, remainder_fraction=100.0000%, Lmin=-223.34, Lmax=-27.32
09:25:01 [ultranest] [DEBUG] iteration=310, ncalls=511, regioncalls=4440, ndraw=40, logz=-223.94, remainder_fraction=100.0000%, Lmin=-223.34, Lmax=-27.32
09:25:01 [ultranest] [DEBUG] iteration=320, ncalls=528, regioncalls=5120, ndraw=40, logz=-223.91, remainder_fraction=100.0000%, Lmin=-223.34, Lmax=-27.32
09:25:01 [ultranest] [DEBUG] iteration=329, ncalls=543, regioncalls=5720, ndraw=40, logz=-223.88, remainder_fraction=100.0000%, Lmin=-223.34, Lmax=-27.32
09:25:01 [ultranest] [DEBUG] iteration=352, ncalls=578, regioncalls=7120, ndraw=40, logz=-223.82, remainder_fraction=100.0000%, Lmin=-223.34, Lmax=-27.32
09:25:01 [ultranest] [DEBUG] iteration=360, ncalls=594, regioncalls=7760, ndraw=40, logz=-223.80, remainder_fraction=100.0000%, Lmin=-223.34, Lmax=-27.32
09:25:01 [ultranest] [DEBUG] iteration=380, ncalls=630, regioncalls=9200, ndraw=40, logz=-223.76, remainder_fraction=100.0000%, Lmin=-223.34, Lmax=-27.32
09:25:01 [ultranest] [DEBUG] iteration=400, ncalls=661, regioncalls=10440, ndraw=40, logz=-223.73, remainder_fraction=100.0000%, Lmin=-223.32, Lmax=-27.32
09:25:01 [ultranest] [DEBUG] iteration=411, ncalls=687, regioncalls=11480, ndraw=40, logz=-223.71, remainder_fraction=100.0000%, Lmin=-223.29, Lmax=-27.32
09:25:01 [ultranest] [DEBUG] iteration=429, ncalls=731, regioncalls=13240, ndraw=40, logz=-223.68, remainder_fraction=100.0000%, Lmin=-223.18, Lmax=-27.32
09:25:01 [ultranest] [DEBUG] iteration=440, ncalls=761, regioncalls=14440, ndraw=40, logz=-223.66, remainder_fraction=100.0000%, Lmin=-223.04, Lmax=-26.67
09:25:01 [ultranest] [DEBUG] iteration=452, ncalls=790, regioncalls=15600, ndraw=40, logz=-223.64, remainder_fraction=100.0000%, Lmin=-222.89, Lmax=-26.67
09:25:02 [ultranest] [DEBUG] iteration=473, ncalls=829, regioncalls=17160, ndraw=40, logz=-223.59, remainder_fraction=100.0000%, Lmin=-221.87, Lmax=-26.67
09:25:02 [ultranest] [DEBUG] iteration=480, ncalls=842, regioncalls=17680, ndraw=40, logz=-223.55, remainder_fraction=100.0000%, Lmin=-221.38, Lmax=-26.67
09:25:02 [ultranest] [DEBUG] iteration=493, ncalls=871, regioncalls=18840, ndraw=40, logz=-223.42, remainder_fraction=100.0000%, Lmin=-220.18, Lmax=-26.67
09:25:02 [ultranest] [DEBUG] iteration=511, ncalls=912, regioncalls=20480, ndraw=40, logz=-222.89, remainder_fraction=100.0000%, Lmin=-218.58, Lmax=-26.67
09:25:02 [ultranest] [DEBUG] iteration=520, ncalls=937, regioncalls=21480, ndraw=40, logz=-222.46, remainder_fraction=100.0000%, Lmin=-217.97, Lmax=-26.67
09:25:02 [ultranest] [DEBUG] iteration=536, ncalls=976, regioncalls=23040, ndraw=40, logz=-220.98, remainder_fraction=100.0000%, Lmin=-215.65, Lmax=-26.67
09:25:02 [ultranest] [DEBUG] iteration=552, ncalls=1011, regioncalls=24440, ndraw=40, logz=-219.25, remainder_fraction=100.0000%, Lmin=-213.68, Lmax=-26.67
09:25:02 [ultranest] [DEBUG] iteration=560, ncalls=1038, regioncalls=25520, ndraw=40, logz=-217.99, remainder_fraction=100.0000%, Lmin=-211.97, Lmax=-26.67
09:25:02 [ultranest] [DEBUG] iteration=572, ncalls=1083, regioncalls=27320, ndraw=40, logz=-214.83, remainder_fraction=100.0000%, Lmin=-208.06, Lmax=-26.67
09:25:02 [ultranest] [DEBUG] iteration=575, ncalls=1090, regioncalls=27600, ndraw=40, logz=-214.04, remainder_fraction=100.0000%, Lmin=-207.83, Lmax=-26.67
09:25:02 [ultranest] [DEBUG] iteration=584, ncalls=1133, regioncalls=29320, ndraw=40, logz=-212.34, remainder_fraction=100.0000%, Lmin=-205.98, Lmax=-26.67
09:25:02 [ultranest] [DEBUG] iteration=600, ncalls=1177, regioncalls=31080, ndraw=40, logz=-208.15, remainder_fraction=100.0000%, Lmin=-201.62, Lmax=-26.67
09:25:03 [ultranest] [DEBUG] iteration=616, ncalls=1229, regioncalls=33160, ndraw=40, logz=-204.79, remainder_fraction=100.0000%, Lmin=-197.82, Lmax=-26.67
09:25:03 [ultranest] [DEBUG] iteration=634, ncalls=1271, regioncalls=34840, ndraw=40, logz=-200.51, remainder_fraction=100.0000%, Lmin=-193.53, Lmax=-26.67
09:25:03 [ultranest] [DEBUG] iteration=640, ncalls=1299, regioncalls=35960, ndraw=40, logz=-197.84, remainder_fraction=100.0000%, Lmin=-190.75, Lmax=-26.67
09:25:03 [ultranest] [DEBUG] iteration=650, ncalls=1340, regioncalls=37600, ndraw=40, logz=-195.03, remainder_fraction=100.0000%, Lmin=-188.02, Lmax=-26.67
09:25:03 [ultranest] [DEBUG] iteration=665, ncalls=1373, regioncalls=38920, ndraw=40, logz=-190.81, remainder_fraction=100.0000%, Lmin=-183.82, Lmax=-26.67
09:25:03 [ultranest] [DEBUG] iteration=680, ncalls=1416, regioncalls=40640, ndraw=40, logz=-184.49, remainder_fraction=100.0000%, Lmin=-176.89, Lmax=-26.67
09:25:03 [ultranest] [DEBUG] iteration=697, ncalls=1461, regioncalls=42440, ndraw=40, logz=-175.92, remainder_fraction=100.0000%, Lmin=-168.85, Lmax=-26.67
09:25:03 [ultranest] [DEBUG] iteration=713, ncalls=1501, regioncalls=44040, ndraw=40, logz=-167.28, remainder_fraction=100.0000%, Lmin=-159.25, Lmax=-26.67
09:25:03 [ultranest] [DEBUG] iteration=720, ncalls=1528, regioncalls=45120, ndraw=40, logz=-163.77, remainder_fraction=100.0000%, Lmin=-154.87, Lmax=-26.67
09:25:03 [ultranest] [DEBUG] iteration=739, ncalls=1578, regioncalls=47160, ndraw=40, logz=-154.75, remainder_fraction=100.0000%, Lmin=-147.53, Lmax=-26.67
09:25:04 [ultranest] [DEBUG] iteration=747, ncalls=1632, regioncalls=49320, ndraw=40, logz=-152.30, remainder_fraction=100.0000%, Lmin=-144.80, Lmax=-26.67
09:25:04 [ultranest] [DEBUG] iteration=758, ncalls=1682, regioncalls=51320, ndraw=40, logz=-149.35, remainder_fraction=100.0000%, Lmin=-141.57, Lmax=-26.67
09:25:04 [ultranest] [DEBUG] iteration=760, ncalls=1691, regioncalls=51680, ndraw=40, logz=-148.64, remainder_fraction=100.0000%, Lmin=-140.50, Lmax=-26.67
09:25:04 [ultranest] [DEBUG] iteration=774, ncalls=1749, regioncalls=54000, ndraw=40, logz=-142.49, remainder_fraction=100.0000%, Lmin=-134.63, Lmax=-26.30
09:25:04 [ultranest] [DEBUG] iteration=784, ncalls=1794, regioncalls=55800, ndraw=40, logz=-138.35, remainder_fraction=100.0000%, Lmin=-129.69, Lmax=-26.30
09:25:04 [ultranest] [DEBUG] iteration=795, ncalls=1845, regioncalls=57840, ndraw=40, logz=-134.73, remainder_fraction=100.0000%, Lmin=-127.11, Lmax=-26.30
09:25:04 [ultranest] [DEBUG] iteration=800, ncalls=1864, regioncalls=58600, ndraw=40, logz=-132.63, remainder_fraction=100.0000%, Lmin=-124.63, Lmax=-26.30
09:25:04 [ultranest] [DEBUG] iteration=808, ncalls=1928, regioncalls=61160, ndraw=40, logz=-129.96, remainder_fraction=100.0000%, Lmin=-121.75, Lmax=-25.72
09:25:04 [ultranest] [DEBUG] iteration=821, ncalls=1973, regioncalls=62960, ndraw=40, logz=-126.64, remainder_fraction=100.0000%, Lmin=-118.68, Lmax=-25.72
09:25:04 [ultranest] [DEBUG] iteration=833, ncalls=2016, regioncalls=64840, ndraw=40, logz=-122.58, remainder_fraction=100.0000%, Lmin=-114.75, Lmax=-25.72
09:25:04 [ultranest] [DEBUG] iteration=840, ncalls=2056, regioncalls=66440, ndraw=40, logz=-120.96, remainder_fraction=100.0000%, Lmin=-112.99, Lmax=-25.72
09:25:05 [ultranest] [DEBUG] iteration=852, ncalls=2107, regioncalls=68480, ndraw=40, logz=-118.42, remainder_fraction=100.0000%, Lmin=-110.47, Lmax=-25.72
09:25:05 [ultranest] [DEBUG] iteration=862, ncalls=2137, regioncalls=69720, ndraw=40, logz=-116.07, remainder_fraction=100.0000%, Lmin=-107.93, Lmax=-25.72
09:25:05 [ultranest] [DEBUG] iteration=877, ncalls=2178, regioncalls=71400, ndraw=40, logz=-111.84, remainder_fraction=100.0000%, Lmin=-103.87, Lmax=-25.72
09:25:05 [ultranest] [DEBUG] iteration=880, ncalls=2188, regioncalls=71800, ndraw=40, logz=-111.06, remainder_fraction=100.0000%, Lmin=-102.47, Lmax=-25.72
09:25:05 [ultranest] [DEBUG] iteration=901, ncalls=2230, regioncalls=73520, ndraw=40, logz=-103.47, remainder_fraction=100.0000%, Lmin=-94.63, Lmax=-25.22
09:25:05 [ultranest] [DEBUG] iteration=903, ncalls=2236, regioncalls=73760, ndraw=40, logz=-102.78, remainder_fraction=100.0000%, Lmin=-94.06, Lmax=-25.22
09:25:05 [ultranest] [DEBUG] iteration=920, ncalls=2272, regioncalls=75240, ndraw=40, logz=-98.60, remainder_fraction=100.0000%, Lmin=-90.62, Lmax=-25.22
09:25:05 [ultranest] [DEBUG] iteration=938, ncalls=2315, regioncalls=76960, ndraw=40, logz=-94.99, remainder_fraction=100.0000%, Lmin=-86.49, Lmax=-25.22
09:25:05 [ultranest] [DEBUG] iteration=953, ncalls=2356, regioncalls=78600, ndraw=40, logz=-90.44, remainder_fraction=100.0000%, Lmin=-81.31, Lmax=-25.22
09:25:05 [ultranest] [DEBUG] iteration=960, ncalls=2379, regioncalls=79520, ndraw=40, logz=-88.36, remainder_fraction=100.0000%, Lmin=-79.76, Lmax=-25.22
09:25:05 [ultranest] [DEBUG] iteration=971, ncalls=2421, regioncalls=81200, ndraw=40, logz=-86.33, remainder_fraction=100.0000%, Lmin=-77.89, Lmax=-25.22
09:25:05 [ultranest] [DEBUG] iteration=987, ncalls=2460, regioncalls=82760, ndraw=40, logz=-83.55, remainder_fraction=100.0000%, Lmin=-74.97, Lmax=-25.22
09:25:06 [ultranest] [DEBUG] iteration=1000, ncalls=2496, regioncalls=84200, ndraw=40, logz=-81.56, remainder_fraction=100.0000%, Lmin=-73.31, Lmax=-25.22
09:25:06 [ultranest] [DEBUG] iteration=1015, ncalls=2546, regioncalls=86200, ndraw=40, logz=-79.17, remainder_fraction=100.0000%, Lmin=-70.36, Lmax=-25.22
09:25:06 [ultranest] [DEBUG] iteration=1030, ncalls=2591, regioncalls=88000, ndraw=40, logz=-75.86, remainder_fraction=100.0000%, Lmin=-66.96, Lmax=-25.22
09:25:06 [ultranest] [DEBUG] iteration=1040, ncalls=2620, regioncalls=89160, ndraw=40, logz=-73.89, remainder_fraction=100.0000%, Lmin=-65.30, Lmax=-25.22
09:25:06 [ultranest] [DEBUG] iteration=1054, ncalls=2667, regioncalls=91040, ndraw=40, logz=-70.86, remainder_fraction=100.0000%, Lmin=-62.02, Lmax=-25.22
09:25:06 [ultranest] [DEBUG] iteration=1067, ncalls=2703, regioncalls=92520, ndraw=40, logz=-68.64, remainder_fraction=100.0000%, Lmin=-60.13, Lmax=-25.22
09:25:06 [ultranest] [DEBUG] iteration=1080, ncalls=2728, regioncalls=93520, ndraw=40, logz=-66.76, remainder_fraction=100.0000%, Lmin=-58.11, Lmax=-25.22
09:25:06 [ultranest] [DEBUG] iteration=1102, ncalls=2766, regioncalls=95040, ndraw=40, logz=-63.38, remainder_fraction=100.0000%, Lmin=-54.69, Lmax=-25.22
09:25:06 [ultranest] [DEBUG] iteration=1120, ncalls=2803, regioncalls=96520, ndraw=40, logz=-61.71, remainder_fraction=100.0000%, Lmin=-53.32, Lmax=-25.08
09:25:06 [ultranest] [DEBUG] iteration=1139, ncalls=2848, regioncalls=98320, ndraw=40, logz=-59.83, remainder_fraction=100.0000%, Lmin=-51.20, Lmax=-25.08
09:25:06 [ultranest] [DEBUG] iteration=1149, ncalls=2879, regioncalls=99560, ndraw=40, logz=-58.92, remainder_fraction=100.0000%, Lmin=-50.65, Lmax=-25.08
09:25:07 [ultranest] [DEBUG] iteration=1160, ncalls=2896, regioncalls=100280, ndraw=40, logz=-58.07, remainder_fraction=100.0000%, Lmin=-49.25, Lmax=-25.08
09:25:07 [ultranest] [DEBUG] iteration=1180, ncalls=2932, regioncalls=101720, ndraw=40, logz=-55.69, remainder_fraction=100.0000%, Lmin=-46.91, Lmax=-25.08
09:25:07 [ultranest] [DEBUG] iteration=1190, ncalls=2967, regioncalls=103160, ndraw=40, logz=-54.67, remainder_fraction=100.0000%, Lmin=-45.48, Lmax=-25.08
09:25:07 [ultranest] [DEBUG] iteration=1200, ncalls=2988, regioncalls=104040, ndraw=40, logz=-53.53, remainder_fraction=100.0000%, Lmin=-44.64, Lmax=-25.08
09:25:07 [ultranest] [DEBUG] iteration=1217, ncalls=3027, regioncalls=105640, ndraw=40, logz=-52.16, remainder_fraction=100.0000%, Lmin=-43.46, Lmax=-25.08
09:25:07 [ultranest] [DEBUG] iteration=1231, ncalls=3053, regioncalls=106760, ndraw=40, logz=-50.99, remainder_fraction=100.0000%, Lmin=-41.85, Lmax=-24.99
09:25:07 [ultranest] [DEBUG] iteration=1240, ncalls=3072, regioncalls=107520, ndraw=40, logz=-50.17, remainder_fraction=100.0000%, Lmin=-41.24, Lmax=-24.99
09:25:07 [ultranest] [DEBUG] iteration=1257, ncalls=3114, regioncalls=109200, ndraw=40, logz=-48.98, remainder_fraction=100.0000%, Lmin=-40.07, Lmax=-24.99
09:25:07 [ultranest] [DEBUG] iteration=1274, ncalls=3150, regioncalls=110640, ndraw=40, logz=-47.49, remainder_fraction=99.9998%, Lmin=-38.23, Lmax=-24.99
09:25:07 [ultranest] [DEBUG] iteration=1280, ncalls=3166, regioncalls=111280, ndraw=40, logz=-46.99, remainder_fraction=99.9997%, Lmin=-37.89, Lmax=-24.99
09:25:07 [ultranest] [DEBUG] iteration=1295, ncalls=3209, regioncalls=113000, ndraw=40, logz=-45.99, remainder_fraction=99.9993%, Lmin=-37.06, Lmax=-24.80
09:25:07 [ultranest] [DEBUG] iteration=1311, ncalls=3256, regioncalls=114880, ndraw=40, logz=-44.97, remainder_fraction=99.9980%, Lmin=-35.95, Lmax=-24.80
09:25:08 [ultranest] [DEBUG] iteration=1313, ncalls=3264, regioncalls=115360, ndraw=40, logz=-44.85, remainder_fraction=99.9978%, Lmin=-35.86, Lmax=-24.80
09:25:08 [ultranest] [DEBUG] iteration=1320, ncalls=3275, regioncalls=115800, ndraw=40, logz=-44.47, remainder_fraction=99.9967%, Lmin=-35.52, Lmax=-24.80
09:25:08 [ultranest] [DEBUG] iteration=1335, ncalls=3306, regioncalls=117040, ndraw=40, logz=-43.77, remainder_fraction=99.9935%, Lmin=-34.93, Lmax=-24.80
09:25:08 [ultranest] [DEBUG] iteration=1350, ncalls=3336, regioncalls=118240, ndraw=40, logz=-43.18, remainder_fraction=99.9882%, Lmin=-34.48, Lmax=-24.80
09:25:08 [ultranest] [DEBUG] iteration=1354, ncalls=3358, regioncalls=119160, ndraw=40, logz=-43.05, remainder_fraction=99.9864%, Lmin=-34.39, Lmax=-24.80
09:25:08 [ultranest] [DEBUG] iteration=1360, ncalls=3371, regioncalls=119720, ndraw=40, logz=-42.84, remainder_fraction=99.9833%, Lmin=-34.09, Lmax=-24.80
09:25:08 [ultranest] [DEBUG] iteration=1374, ncalls=3408, regioncalls=121240, ndraw=40, logz=-42.37, remainder_fraction=99.9740%, Lmin=-33.53, Lmax=-24.80
09:25:08 [ultranest] [DEBUG] iteration=1392, ncalls=3450, regioncalls=122960, ndraw=40, logz=-41.76, remainder_fraction=99.9544%, Lmin=-32.88, Lmax=-24.80
09:25:08 [ultranest] [DEBUG] iteration=1395, ncalls=3468, regioncalls=123800, ndraw=40, logz=-41.67, remainder_fraction=99.9519%, Lmin=-32.83, Lmax=-24.80
09:25:08 [ultranest] [DEBUG] iteration=1400, ncalls=3477, regioncalls=124160, ndraw=40, logz=-41.51, remainder_fraction=99.9434%, Lmin=-32.56, Lmax=-24.80
09:25:08 [ultranest] [DEBUG] iteration=1415, ncalls=3507, regioncalls=125360, ndraw=40, logz=-41.02, remainder_fraction=99.9051%, Lmin=-31.93, Lmax=-24.80
09:25:08 [ultranest] [DEBUG] iteration=1429, ncalls=3538, regioncalls=126600, ndraw=40, logz=-40.54, remainder_fraction=99.8400%, Lmin=-31.47, Lmax=-24.80
09:25:08 [ultranest] [DEBUG] iteration=1436, ncalls=3549, regioncalls=127080, ndraw=40, logz=-40.31, remainder_fraction=99.7965%, Lmin=-31.28, Lmax=-24.80
09:25:08 [ultranest] [DEBUG] iteration=1440, ncalls=3555, regioncalls=127320, ndraw=40, logz=-40.19, remainder_fraction=99.7648%, Lmin=-31.09, Lmax=-24.80
09:25:09 [ultranest] [DEBUG] iteration=1460, ncalls=3585, regioncalls=128520, ndraw=40, logz=-39.61, remainder_fraction=99.5801%, Lmin=-30.60, Lmax=-24.80
09:25:09 [ultranest] [DEBUG] iteration=1474, ncalls=3618, regioncalls=129840, ndraw=40, logz=-39.25, remainder_fraction=99.3895%, Lmin=-30.28, Lmax=-24.80
09:25:09 [ultranest] [DEBUG] iteration=1477, ncalls=3627, regioncalls=130280, ndraw=40, logz=-39.18, remainder_fraction=99.3463%, Lmin=-30.25, Lmax=-24.80
09:25:09 [ultranest] [DEBUG] iteration=1480, ncalls=3631, regioncalls=130440, ndraw=40, logz=-39.12, remainder_fraction=99.3039%, Lmin=-30.21, Lmax=-24.80
09:25:09 [ultranest] [DEBUG] iteration=1499, ncalls=3667, regioncalls=131880, ndraw=40, logz=-38.67, remainder_fraction=98.9053%, Lmin=-29.48, Lmax=-24.80
09:25:09 [ultranest] [DEBUG] iteration=1515, ncalls=3695, regioncalls=133000, ndraw=40, logz=-38.29, remainder_fraction=98.3661%, Lmin=-29.10, Lmax=-24.80
09:25:09 [ultranest] [DEBUG] iteration=1518, ncalls=3699, regioncalls=133200, ndraw=40, logz=-38.22, remainder_fraction=98.2347%, Lmin=-29.03, Lmax=-24.80
09:25:09 [ultranest] [DEBUG] iteration=1520, ncalls=3701, regioncalls=133280, ndraw=40, logz=-38.18, remainder_fraction=98.1419%, Lmin=-28.93, Lmax=-24.79
09:25:09 [ultranest] [DEBUG] iteration=1539, ncalls=3729, regioncalls=134400, ndraw=40, logz=-37.75, remainder_fraction=97.1397%, Lmin=-28.55, Lmax=-24.79
09:25:09 [ultranest] [DEBUG] iteration=1557, ncalls=3757, regioncalls=135520, ndraw=40, logz=-37.42, remainder_fraction=95.9015%, Lmin=-28.31, Lmax=-24.79
09:25:09 [ultranest] [DEBUG] iteration=1559, ncalls=3760, regioncalls=135680, ndraw=40, logz=-37.39, remainder_fraction=95.7768%, Lmin=-28.22, Lmax=-24.79
09:25:09 [ultranest] [DEBUG] iteration=1560, ncalls=3761, regioncalls=135720, ndraw=40, logz=-37.37, remainder_fraction=95.7646%, Lmin=-28.18, Lmax=-24.79
09:25:09 [ultranest] [DEBUG] iteration=1572, ncalls=3789, regioncalls=136880, ndraw=40, logz=-37.15, remainder_fraction=94.7604%, Lmin=-27.93, Lmax=-24.79
09:25:09 [ultranest] [DEBUG] iteration=1584, ncalls=3819, regioncalls=138080, ndraw=40, logz=-36.95, remainder_fraction=93.4070%, Lmin=-27.76, Lmax=-24.79
09:25:09 [ultranest] [DEBUG] iteration=1593, ncalls=3846, regioncalls=139160, ndraw=40, logz=-36.81, remainder_fraction=92.3370%, Lmin=-27.54, Lmax=-24.79
09:25:10 [ultranest] [DEBUG] iteration=1600, ncalls=3860, regioncalls=139720, ndraw=40, logz=-36.70, remainder_fraction=91.5039%, Lmin=-27.51, Lmax=-24.79
09:25:10 [ultranest] [DEBUG] iteration=1616, ncalls=3890, regioncalls=140920, ndraw=40, logz=-36.48, remainder_fraction=89.3840%, Lmin=-27.35, Lmax=-24.79
09:25:10 [ultranest] [DEBUG] iteration=1634, ncalls=3932, regioncalls=142600, ndraw=40, logz=-36.27, remainder_fraction=87.3223%, Lmin=-27.16, Lmax=-24.79
09:25:10 [ultranest] [DEBUG] iteration=1640, ncalls=3949, regioncalls=143280, ndraw=40, logz=-36.21, remainder_fraction=86.3157%, Lmin=-27.11, Lmax=-24.79
09:25:10 [ultranest] [DEBUG] iteration=1641, ncalls=3953, regioncalls=143480, ndraw=40, logz=-36.20, remainder_fraction=86.1586%, Lmin=-27.10, Lmax=-24.79
09:25:10 [ultranest] [DEBUG] iteration=1654, ncalls=3986, regioncalls=144800, ndraw=40, logz=-36.06, remainder_fraction=84.1064%, Lmin=-26.93, Lmax=-24.79
09:25:10 [ultranest] [DEBUG] iteration=1671, ncalls=4026, regioncalls=146400, ndraw=40, logz=-35.90, remainder_fraction=80.9461%, Lmin=-26.83, Lmax=-24.79
09:25:10 [ultranest] [DEBUG] iteration=1680, ncalls=4042, regioncalls=147040, ndraw=40, logz=-35.82, remainder_fraction=79.4808%, Lmin=-26.79, Lmax=-24.79
09:25:10 [ultranest] [DEBUG] iteration=1682, ncalls=4044, regioncalls=147200, ndraw=40, logz=-35.81, remainder_fraction=79.2163%, Lmin=-26.78, Lmax=-24.79
09:25:10 [ultranest] [DEBUG] iteration=1700, ncalls=4074, regioncalls=148400, ndraw=40, logz=-35.67, remainder_fraction=76.0769%, Lmin=-26.66, Lmax=-24.79
09:25:10 [ultranest] [DEBUG] iteration=1720, ncalls=4106, regioncalls=149680, ndraw=40, logz=-35.54, remainder_fraction=72.8497%, Lmin=-26.51, Lmax=-24.79
09:25:10 [ultranest] [DEBUG] iteration=1734, ncalls=4136, regioncalls=150880, ndraw=40, logz=-35.45, remainder_fraction=70.5071%, Lmin=-26.40, Lmax=-24.79
09:25:10 [ultranest] [DEBUG] iteration=1751, ncalls=4172, regioncalls=152320, ndraw=40, logz=-35.35, remainder_fraction=67.6276%, Lmin=-26.29, Lmax=-24.76
09:25:11 [ultranest] [DEBUG] iteration=1760, ncalls=4187, regioncalls=152920, ndraw=40, logz=-35.31, remainder_fraction=65.7174%, Lmin=-26.26, Lmax=-24.76
09:25:11 [ultranest] [DEBUG] iteration=1764, ncalls=4203, regioncalls=153600, ndraw=40, logz=-35.28, remainder_fraction=65.0485%, Lmin=-26.21, Lmax=-24.76
09:25:11 [ultranest] [DEBUG] iteration=1781, ncalls=4241, regioncalls=155120, ndraw=40, logz=-35.20, remainder_fraction=62.2368%, Lmin=-26.12, Lmax=-24.76
09:25:11 [ultranest] [DEBUG] iteration=1800, ncalls=4280, regioncalls=156680, ndraw=40, logz=-35.11, remainder_fraction=58.8602%, Lmin=-25.98, Lmax=-24.76
09:25:11 [ultranest] [DEBUG] iteration=1805, ncalls=4287, regioncalls=157040, ndraw=40, logz=-35.09, remainder_fraction=57.9333%, Lmin=-25.95, Lmax=-24.76
09:25:11 [ultranest] [DEBUG] iteration=1821, ncalls=4327, regioncalls=158640, ndraw=40, logz=-35.02, remainder_fraction=55.1280%, Lmin=-25.88, Lmax=-24.76
09:25:11 [ultranest] [DEBUG] iteration=1840, ncalls=4369, regioncalls=160320, ndraw=40, logz=-34.95, remainder_fraction=51.5612%, Lmin=-25.83, Lmax=-24.76
09:25:11 [ultranest] [DEBUG] iteration=1846, ncalls=4379, regioncalls=160840, ndraw=40, logz=-34.93, remainder_fraction=50.6034%, Lmin=-25.81, Lmax=-24.76
09:25:11 [ultranest] [DEBUG] iteration=1867, ncalls=4410, regioncalls=162080, ndraw=40, logz=-34.86, remainder_fraction=46.9175%, Lmin=-25.69, Lmax=-24.76
09:25:11 [ultranest] [DEBUG] iteration=1880, ncalls=4440, regioncalls=163280, ndraw=40, logz=-34.81, remainder_fraction=44.8367%, Lmin=-25.66, Lmax=-24.76
09:25:11 [ultranest] [DEBUG] iteration=1887, ncalls=4448, regioncalls=163640, ndraw=40, logz=-34.79, remainder_fraction=43.6924%, Lmin=-25.63, Lmax=-24.76
09:25:11 [ultranest] [DEBUG] iteration=1907, ncalls=4487, regioncalls=165200, ndraw=40, logz=-34.74, remainder_fraction=40.3674%, Lmin=-25.57, Lmax=-24.76
09:25:11 [ultranest] [DEBUG] iteration=1920, ncalls=4528, regioncalls=166840, ndraw=40, logz=-34.71, remainder_fraction=38.5158%, Lmin=-25.53, Lmax=-24.76
09:25:12 [ultranest] [DEBUG] iteration=1936, ncalls=4568, regioncalls=168440, ndraw=40, logz=-34.67, remainder_fraction=36.2981%, Lmin=-25.49, Lmax=-24.76
09:25:12 [ultranest] [DEBUG] iteration=1955, ncalls=4607, regioncalls=170000, ndraw=40, logz=-34.63, remainder_fraction=33.6647%, Lmin=-25.44, Lmax=-24.76
09:25:12 [ultranest] [DEBUG] iteration=1960, ncalls=4616, regioncalls=170360, ndraw=40, logz=-34.62, remainder_fraction=32.9784%, Lmin=-25.43, Lmax=-24.76
09:25:12 [ultranest] [DEBUG] iteration=1969, ncalls=4632, regioncalls=171040, ndraw=40, logz=-34.60, remainder_fraction=31.8067%, Lmin=-25.40, Lmax=-24.76
09:25:12 [ultranest] [DEBUG] iteration=1989, ncalls=4673, regioncalls=172680, ndraw=40, logz=-34.56, remainder_fraction=29.2503%, Lmin=-25.32, Lmax=-24.76
09:25:12 [ultranest] [DEBUG] iteration=2000, ncalls=4706, regioncalls=174000, ndraw=40, logz=-34.54, remainder_fraction=27.8342%, Lmin=-25.29, Lmax=-24.76
09:25:12 [ultranest] [DEBUG] iteration=2022, ncalls=4742, regioncalls=175440, ndraw=40, logz=-34.51, remainder_fraction=25.3164%, Lmin=-25.26, Lmax=-24.74
09:25:12 [ultranest] [DEBUG] iteration=2039, ncalls=4777, regioncalls=176840, ndraw=40, logz=-34.48, remainder_fraction=23.4617%, Lmin=-25.23, Lmax=-24.74
09:25:12 [ultranest] [DEBUG] iteration=2040, ncalls=4778, regioncalls=176880, ndraw=40, logz=-34.48, remainder_fraction=23.3769%, Lmin=-25.23, Lmax=-24.74
09:25:12 [ultranest] [DEBUG] iteration=2051, ncalls=4807, regioncalls=178080, ndraw=40, logz=-34.47, remainder_fraction=22.2831%, Lmin=-25.22, Lmax=-24.74
09:25:12 [ultranest] [DEBUG] iteration=2061, ncalls=4836, regioncalls=179240, ndraw=40, logz=-34.45, remainder_fraction=21.2972%, Lmin=-25.20, Lmax=-24.74
09:25:12 [ultranest] [DEBUG] iteration=2071, ncalls=4854, regioncalls=179960, ndraw=40, logz=-34.44, remainder_fraction=20.3679%, Lmin=-25.18, Lmax=-24.74
09:25:13 [ultranest] [DEBUG] iteration=2080, ncalls=4873, regioncalls=180720, ndraw=40, logz=-34.43, remainder_fraction=19.6187%, Lmin=-25.17, Lmax=-24.74
09:25:13 [ultranest] [DEBUG] iteration=2092, ncalls=4898, regioncalls=181760, ndraw=40, logz=-34.42, remainder_fraction=18.5503%, Lmin=-25.14, Lmax=-24.74
09:25:13 [ultranest] [DEBUG] iteration=2109, ncalls=4926, regioncalls=182880, ndraw=40, logz=-34.40, remainder_fraction=17.1663%, Lmin=-25.11, Lmax=-24.74
09:25:13 [ultranest] [DEBUG] iteration=2120, ncalls=4943, regioncalls=183560, ndraw=40, logz=-34.39, remainder_fraction=16.2973%, Lmin=-25.09, Lmax=-24.74
09:25:13 [ultranest] [DEBUG] iteration=2133, ncalls=4975, regioncalls=184880, ndraw=40, logz=-34.38, remainder_fraction=15.3776%, Lmin=-25.08, Lmax=-24.74
09:25:13 [ultranest] [DEBUG] iteration=2145, ncalls=5007, regioncalls=186160, ndraw=40, logz=-34.37, remainder_fraction=14.5166%, Lmin=-25.06, Lmax=-24.74
09:25:13 [ultranest] [DEBUG] iteration=2157, ncalls=5041, regioncalls=187520, ndraw=40, logz=-34.36, remainder_fraction=13.6967%, Lmin=-25.04, Lmax=-24.74
09:25:13 [ultranest] [DEBUG] iteration=2160, ncalls=5046, regioncalls=187720, ndraw=40, logz=-34.36, remainder_fraction=13.5158%, Lmin=-25.04, Lmax=-24.74
09:25:13 [ultranest] [DEBUG] iteration=2172, ncalls=5081, regioncalls=189120, ndraw=40, logz=-34.35, remainder_fraction=12.7671%, Lmin=-25.01, Lmax=-24.74
09:25:13 [ultranest] [DEBUG] iteration=2174, ncalls=5083, regioncalls=189240, ndraw=40, logz=-34.35, remainder_fraction=12.6305%, Lmin=-25.01, Lmax=-24.74
09:25:13 [ultranest] [DEBUG] iteration=2191, ncalls=5111, regioncalls=190360, ndraw=40, logz=-34.34, remainder_fraction=11.6056%, Lmin=-24.99, Lmax=-24.74
09:25:13 [ultranest] [DEBUG] iteration=2200, ncalls=5124, regioncalls=190880, ndraw=40, logz=-34.33, remainder_fraction=11.0909%, Lmin=-24.98, Lmax=-24.74
09:25:14 [ultranest] [DEBUG] iteration=2216, ncalls=5153, regioncalls=192080, ndraw=40, logz=-34.32, remainder_fraction=10.2310%, Lmin=-24.97, Lmax=-24.74
09:25:14 [ultranest] [DEBUG] iteration=2225, ncalls=5191, regioncalls=193600, ndraw=40, logz=-34.32, remainder_fraction=9.7870%, Lmin=-24.96, Lmax=-24.74
09:25:14 [ultranest] [DEBUG] iteration=2240, ncalls=5235, regioncalls=195360, ndraw=40, logz=-34.31, remainder_fraction=9.0802%, Lmin=-24.95, Lmax=-24.74
09:25:14 [ultranest] [DEBUG] iteration=2256, ncalls=5278, regioncalls=197120, ndraw=40, logz=-34.30, remainder_fraction=8.3855%, Lmin=-24.94, Lmax=-24.74
09:25:14 [ultranest] [DEBUG] iteration=2280, ncalls=5309, regioncalls=198360, ndraw=40, logz=-34.29, remainder_fraction=7.4097%, Lmin=-24.92, Lmax=-24.74
09:25:14 [ultranest] [DEBUG] iteration=2297, ncalls=5344, regioncalls=199800, ndraw=40, logz=-34.28, remainder_fraction=6.7808%, Lmin=-24.90, Lmax=-24.74
09:25:14 [ultranest] [DEBUG] iteration=2318, ncalls=5376, regioncalls=201080, ndraw=40, logz=-34.28, remainder_fraction=6.0885%, Lmin=-24.89, Lmax=-24.73
09:25:14 [ultranest] [DEBUG] iteration=2320, ncalls=5381, regioncalls=201280, ndraw=40, logz=-34.28, remainder_fraction=6.0220%, Lmin=-24.89, Lmax=-24.73
09:25:14 [ultranest] [DEBUG] iteration=2333, ncalls=5431, regioncalls=203280, ndraw=40, logz=-34.27, remainder_fraction=5.6204%, Lmin=-24.88, Lmax=-24.73
09:25:14 [ultranest] [DEBUG] iteration=2350, ncalls=5463, regioncalls=204560, ndraw=40, logz=-34.27, remainder_fraction=5.1460%, Lmin=-24.87, Lmax=-24.73
09:25:14 [ultranest] [DEBUG] iteration=2360, ncalls=5510, regioncalls=206440, ndraw=40, logz=-34.26, remainder_fraction=4.8872%, Lmin=-24.87, Lmax=-24.73
09:25:15 [ultranest] [DEBUG] iteration=2374, ncalls=5556, regioncalls=208280, ndraw=40, logz=-34.26, remainder_fraction=4.5387%, Lmin=-24.86, Lmax=-24.73
09:25:15 [ultranest] [DEBUG] iteration=2379, ncalls=5571, regioncalls=208920, ndraw=40, logz=-34.26, remainder_fraction=4.4206%, Lmin=-24.86, Lmax=-24.73
09:25:15 [ultranest] [DEBUG] iteration=2395, ncalls=5611, regioncalls=210520, ndraw=40, logz=-34.26, remainder_fraction=4.0653%, Lmin=-24.85, Lmax=-24.73
09:25:15 [ultranest] [DEBUG] iteration=2400, ncalls=5631, regioncalls=211320, ndraw=40, logz=-34.25, remainder_fraction=3.9598%, Lmin=-24.85, Lmax=-24.73
09:25:15 [ultranest] [DEBUG] iteration=2418, ncalls=5676, regioncalls=213120, ndraw=40, logz=-34.25, remainder_fraction=3.6040%, Lmin=-24.84, Lmax=-24.73
09:25:15 [ultranest] [DEBUG] iteration=2420, ncalls=5678, regioncalls=213240, ndraw=40, logz=-34.25, remainder_fraction=3.5656%, Lmin=-24.84, Lmax=-24.73
09:25:15 [ultranest] [DEBUG] iteration=2439, ncalls=5718, regioncalls=214840, ndraw=40, logz=-34.25, remainder_fraction=3.2180%, Lmin=-24.84, Lmax=-24.73
09:25:15 [ultranest] [DEBUG] iteration=2440, ncalls=5722, regioncalls=215000, ndraw=40, logz=-34.25, remainder_fraction=3.2006%, Lmin=-24.84, Lmax=-24.73
09:25:15 [ultranest] [DEBUG] iteration=2462, ncalls=5755, regioncalls=216320, ndraw=40, logz=-34.24, remainder_fraction=2.8445%, Lmin=-24.83, Lmax=-24.73
09:25:15 [ultranest] [INFO] Explored until L=-2e+01  
09:25:15 [ultranest] [INFO] Likelihood function evaluations: 5787
09:25:16 [ultranest] [INFO] Writing samples and results to disk ...
09:25:16 [ultranest] [INFO] Writing samples and results to disk ... done
09:25:16 [ultranest] [DEBUG] did a run_iter pass!
09:25:16 [ultranest] [INFO]   logZ = -34.16 +- 0.156
09:25:16 [ultranest] [INFO] Effective samples strategy satisfied (ESS = 786.8, need >400)
09:25:16 [ultranest] [INFO] Posterior uncertainty strategy is satisfied (KL: 0.46+-0.11 nat, need <0.50 nat)
09:25:16 [ultranest] [INFO] Evidency uncertainty strategy is satisfied (dlogz=0.16, need <0.5)
09:25:16 [ultranest] [INFO]   logZ error budget: single: 0.21 bs:0.16 tail:0.03 total:0.16 required:<0.50
09:25:16 [ultranest] [INFO] done iterating.
09:25:16 [ultranest] [DEBUG] Making corner plot ...
09:25:18 [ultranest] [DEBUG] Making corner plot ... done
09:25:18 [ultranest] [DEBUG] Making run plot ... 
09:25:18 [ultranest] [DEBUG] Making run plot ... done
09:25:18 [ultranest] [DEBUG] Making trace plot ... 
09:25:19 [ultranest] [DEBUG] Making trace plot ... done
22:00:36 [ultranest] [DEBUG] ReactiveNestedSampler: dims=3+0, resume=True, log_dir=/home/orion51/Desktop/Research/spectral_fitting/FGL_spectral_fitting/Individual_sources/2CXOJ103143.3+573157/bb_out_, backend=hdf5, vectorized=False, nbootstraps=30, ndraw=128..65536
22:00:36 [ultranest] [DEBUG] Testing resume consistency: [-24.8251278  -24.81264566   0.           0.66576518   0.65863695
   0.0512351   -1.3423482   -0.36545221  19.35864573]: u=[0.66576518 0.65863695 0.0512351 ] -> p=[-1.3423482  -0.36545221 19.35864573] -> L=-24.81264565859448 
22:00:36 [ultranest] [INFO] Resuming from 2656 stored points
22:00:36 [ultranest] [DEBUG] run_iter dlogz=0.5, dKL=0.5, frac_remain=0.01, Lepsilon=0.1000, min_ess=400
22:00:36 [ultranest] [DEBUG] max_iters=-1, max_ncalls=-1, max_num_improvement_loops=-1, min_num_live_points=400, cluster_num_live_points=40
22:00:36 [ultranest] [DEBUG] minimal_widths_sequence: [(-inf, 400.0), (inf, 400.0)]
22:00:36 [ultranest] [DEBUG] iteration=0, ncalls=5787, regioncalls=0, ndraw=40, logz=-inf, remainder_fraction=100.0000%, Lmin=-101984912.26, Lmax=-27.32
22:00:36 [ultranest] [DEBUG] iteration=40, ncalls=5787, regioncalls=0, ndraw=40, logz=-1118.76, remainder_fraction=100.0000%, Lmin=-856.85, Lmax=-27.32
22:00:36 [ultranest] [DEBUG] Plateau detected at L=-2.233434e+02, not replacing live point.
22:00:36 [ultranest] [DEBUG] Plateau detected at L=-2.233434e+02, not replacing live point.
22:00:36 [ultranest] [DEBUG] Plateau detected at L=-2.233434e+02, not replacing live point.
22:00:36 [ultranest] [DEBUG] Plateau detected at L=-2.233434e+02, not replacing live point.
22:00:36 [ultranest] [DEBUG] Plateau detected at L=-2.233434e+02, not replacing live point.
22:00:36 [ultranest] [DEBUG] Plateau detected at L=-2.233434e+02, not replacing live point.
22:00:36 [ultranest] [DEBUG] Plateau detected at L=-2.233434e+02, not replacing live point.
22:00:36 [ultranest] [DEBUG] Plateau detected at L=-2.233434e+02, not replacing live point.
22:00:36 [ultranest] [DEBUG] Plateau detected at L=-2.233434e+02, not replacing live point.
22:00:36 [ultranest] [DEBUG] Plateau detected at L=-2.233434e+02, not replacing live point.
22:00:36 [ultranest] [DEBUG] Plateau detected at L=-2.233434e+02, not replacing live point.
22:00:36 [ultranest] [DEBUG] Plateau detected at L=-2.233434e+02, not replacing live point.
22:00:36 [ultranest] [DEBUG] Plateau detected at L=-2.233434e+02, not replacing live point.
22:00:36 [ultranest] [DEBUG] Plateau detected at L=-2.233434e+02, not replacing live point.
22:00:36 [ultranest] [DEBUG] Plateau detected at L=-2.233434e+02, not replacing live point.
22:00:36 [ultranest] [DEBUG] Plateau detected at L=-2.233434e+02, not replacing live point.
22:00:36 [ultranest] [DEBUG] Plateau detected at L=-2.233434e+02, not replacing live point.
22:00:36 [ultranest] [DEBUG] Plateau detected at L=-2.233434e+02, not replacing live point.
22:00:36 [ultranest] [DEBUG] Plateau detected at L=-2.233434e+02, not replacing live point.
22:00:36 [ultranest] [DEBUG] Plateau detected at L=-2.233434e+02, not replacing live point.
22:00:36 [ultranest] [DEBUG] Plateau detected at L=-2.233434e+02, not replacing live point.
22:00:36 [ultranest] [DEBUG] Plateau detected at L=-2.233434e+02, not replacing live point.
22:00:36 [ultranest] [DEBUG] Plateau detected at L=-2.233434e+02, not replacing live point.
22:00:36 [ultranest] [DEBUG] Plateau detected at L=-2.233434e+02, not replacing live point.
22:00:36 [ultranest] [DEBUG] Plateau detected at L=-2.233434e+02, not replacing live point.
22:00:36 [ultranest] [DEBUG] Plateau detected at L=-2.233434e+02, not replacing live point.
22:00:36 [ultranest] [DEBUG] Plateau detected at L=-2.233434e+02, not replacing live point.
22:00:36 [ultranest] [DEBUG] Plateau detected at L=-2.233434e+02, not replacing live point.
22:00:36 [ultranest] [DEBUG] Plateau detected at L=-2.233434e+02, not replacing live point.
22:00:36 [ultranest] [DEBUG] Plateau detected at L=-2.233434e+02, not replacing live point.
22:00:36 [ultranest] [DEBUG] Plateau detected at L=-2.233434e+02, not replacing live point.
22:00:36 [ultranest] [DEBUG] Plateau detected at L=-2.233434e+02, not replacing live point.
22:00:36 [ultranest] [DEBUG] Plateau detected at L=-2.233434e+02, not replacing live point.
22:00:36 [ultranest] [DEBUG] Plateau detected at L=-2.233434e+02, not replacing live point.
22:00:36 [ultranest] [DEBUG] Plateau detected at L=-2.233434e+02, not replacing live point.
22:00:36 [ultranest] [DEBUG] Plateau detected at L=-2.233434e+02, not replacing live point.
22:00:36 [ultranest] [DEBUG] Plateau detected at L=-2.233434e+02, not replacing live point.
22:00:36 [ultranest] [DEBUG] Plateau detected at L=-2.233434e+02, not replacing live point.
22:00:36 [ultranest] [DEBUG] Plateau detected at L=-2.233434e+02, not replacing live point.
22:00:36 [ultranest] [DEBUG] Plateau detected at L=-2.233434e+02, not replacing live point.
22:00:36 [ultranest] [DEBUG] Plateau detected at L=-2.233434e+02, not replacing live point.
22:00:36 [ultranest] [DEBUG] Plateau detected at L=-2.233434e+02, not replacing live point.
22:00:36 [ultranest] [DEBUG] Plateau detected at L=-2.233434e+02, not replacing live point.
22:00:36 [ultranest] [DEBUG] Plateau detected at L=-2.233434e+02, not replacing live point.
22:00:36 [ultranest] [DEBUG] Plateau detected at L=-2.233434e+02, not replacing live point.
22:00:36 [ultranest] [DEBUG] Plateau detected at L=-2.233434e+02, not replacing live point.
22:00:36 [ultranest] [DEBUG] Plateau detected at L=-2.233434e+02, not replacing live point.
22:00:36 [ultranest] [DEBUG] Plateau detected at L=-2.233434e+02, not replacing live point.
22:00:36 [ultranest] [DEBUG] Plateau detected at L=-2.233434e+02, not replacing live point.
22:00:36 [ultranest] [DEBUG] Plateau detected at L=-2.233434e+02, not replacing live point.
22:00:36 [ultranest] [DEBUG] Plateau detected at L=-2.233434e+02, not replacing live point.
22:00:36 [ultranest] [DEBUG] Plateau detected at L=-2.233434e+02, not replacing live point.
22:00:36 [ultranest] [DEBUG] Plateau detected at L=-2.233434e+02, not replacing live point.
22:00:36 [ultranest] [DEBUG] Plateau detected at L=-2.233434e+02, not replacing live point.
22:00:36 [ultranest] [DEBUG] Plateau detected at L=-2.233434e+02, not replacing live point.
22:00:36 [ultranest] [DEBUG] Plateau detected at L=-2.233434e+02, not replacing live point.
22:00:36 [ultranest] [DEBUG] Plateau detected at L=-2.233434e+02, not replacing live point.
22:00:36 [ultranest] [DEBUG] Plateau detected at L=-2.233434e+02, not replacing live point.
22:00:36 [ultranest] [DEBUG] Plateau detected at L=-2.233434e+02, not replacing live point.
22:00:36 [ultranest] [DEBUG] Plateau detected at L=-2.233434e+02, not replacing live point.
22:00:36 [ultranest] [DEBUG] Plateau detected at L=-2.233434e+02, not replacing live point.
22:00:36 [ultranest] [DEBUG] Plateau detected at L=-2.233434e+02, not replacing live point.
22:00:36 [ultranest] [DEBUG] Plateau detected at L=-2.233434e+02, not replacing live point.
22:00:36 [ultranest] [DEBUG] Plateau detected at L=-2.233434e+02, not replacing live point.
22:00:36 [ultranest] [DEBUG] Plateau detected at L=-2.233434e+02, not replacing live point.
22:00:36 [ultranest] [DEBUG] Plateau detected at L=-2.233434e+02, not replacing live point.
22:00:36 [ultranest] [DEBUG] Plateau detected at L=-2.233434e+02, not replacing live point.
22:00:36 [ultranest] [DEBUG] Plateau detected at L=-2.233434e+02, not replacing live point.
22:00:36 [ultranest] [DEBUG] Plateau detected at L=-2.233434e+02, not replacing live point.
22:00:36 [ultranest] [DEBUG] Plateau detected at L=-2.233434e+02, not replacing live point.
22:00:36 [ultranest] [DEBUG] Plateau detected at L=-2.233434e+02, not replacing live point.
22:00:36 [ultranest] [DEBUG] Plateau detected at L=-2.233434e+02, not replacing live point.
22:00:36 [ultranest] [DEBUG] Plateau detected at L=-2.233434e+02, not replacing live point.
22:00:36 [ultranest] [DEBUG] Plateau detected at L=-2.233434e+02, not replacing live point.
22:00:36 [ultranest] [DEBUG] Plateau detected at L=-2.233434e+02, not replacing live point.
22:00:36 [ultranest] [DEBUG] Plateau detected at L=-2.233434e+02, not replacing live point.
22:00:36 [ultranest] [DEBUG] Plateau detected at L=-2.233434e+02, not replacing live point.
22:00:36 [ultranest] [DEBUG] Plateau detected at L=-2.233434e+02, not replacing live point.
22:00:36 [ultranest] [DEBUG] Plateau detected at L=-2.233434e+02, not replacing live point.
22:00:36 [ultranest] [DEBUG] Plateau detected at L=-2.233434e+02, not replacing live point.
22:00:36 [ultranest] [DEBUG] Plateau detected at L=-2.233434e+02, not replacing live point.
22:00:36 [ultranest] [DEBUG] Plateau detected at L=-2.233434e+02, not replacing live point.
22:00:36 [ultranest] [DEBUG] Plateau detected at L=-2.233434e+02, not replacing live point.
22:00:36 [ultranest] [DEBUG] Plateau detected at L=-2.233434e+02, not replacing live point.
22:00:36 [ultranest] [DEBUG] Plateau detected at L=-2.233434e+02, not replacing live point.
22:00:36 [ultranest] [DEBUG] Plateau detected at L=-2.233434e+02, not replacing live point.
22:00:36 [ultranest] [DEBUG] Plateau detected at L=-2.233434e+02, not replacing live point.
22:00:36 [ultranest] [DEBUG] Plateau detected at L=-2.233434e+02, not replacing live point.
22:00:36 [ultranest] [DEBUG] Plateau detected at L=-2.233434e+02, not replacing live point.
22:00:36 [ultranest] [DEBUG] Plateau detected at L=-2.233434e+02, not replacing live point.
22:00:36 [ultranest] [DEBUG] Plateau detected at L=-2.233434e+02, not replacing live point.
22:00:36 [ultranest] [DEBUG] Plateau detected at L=-2.233434e+02, not replacing live point.
22:00:36 [ultranest] [DEBUG] Plateau detected at L=-2.233434e+02, not replacing live point.
22:00:36 [ultranest] [DEBUG] Plateau detected at L=-2.233434e+02, not replacing live point.
22:00:36 [ultranest] [DEBUG] Plateau detected at L=-2.233434e+02, not replacing live point.
22:00:36 [ultranest] [DEBUG] Plateau detected at L=-2.233434e+02, not replacing live point.
22:00:36 [ultranest] [DEBUG] Plateau detected at L=-2.233434e+02, not replacing live point.
22:00:36 [ultranest] [DEBUG] Plateau detected at L=-2.233434e+02, not replacing live point.
22:00:36 [ultranest] [DEBUG] Plateau detected at L=-2.233434e+02, not replacing live point.
22:00:36 [ultranest] [DEBUG] Plateau detected at L=-2.233434e+02, not replacing live point.
22:00:36 [ultranest] [DEBUG] Plateau detected at L=-2.233434e+02, not replacing live point.
22:00:36 [ultranest] [DEBUG] Plateau detected at L=-2.233434e+02, not replacing live point.
22:00:36 [ultranest] [DEBUG] Plateau detected at L=-2.233434e+02, not replacing live point.
22:00:36 [ultranest] [DEBUG] Plateau detected at L=-2.233434e+02, not replacing live point.
22:00:36 [ultranest] [DEBUG] Plateau detected at L=-2.233434e+02, not replacing live point.
22:00:36 [ultranest] [DEBUG] Plateau detected at L=-2.233434e+02, not replacing live point.
22:00:36 [ultranest] [DEBUG] Plateau detected at L=-2.233434e+02, not replacing live point.
22:00:36 [ultranest] [DEBUG] Plateau detected at L=-2.233434e+02, not replacing live point.
22:00:36 [ultranest] [DEBUG] Plateau detected at L=-2.233434e+02, not replacing live point.
22:00:36 [ultranest] [DEBUG] Plateau detected at L=-2.233434e+02, not replacing live point.
22:00:36 [ultranest] [DEBUG] Plateau detected at L=-2.233434e+02, not replacing live point.
22:00:36 [ultranest] [DEBUG] Plateau detected at L=-2.233434e+02, not replacing live point.
22:00:36 [ultranest] [DEBUG] Plateau detected at L=-2.233434e+02, not replacing live point.
22:00:36 [ultranest] [DEBUG] Plateau detected at L=-2.233434e+02, not replacing live point.
22:00:36 [ultranest] [DEBUG] Plateau detected at L=-2.233434e+02, not replacing live point.
22:00:36 [ultranest] [DEBUG] Plateau detected at L=-2.233434e+02, not replacing live point.
22:00:36 [ultranest] [DEBUG] Plateau detected at L=-2.233434e+02, not replacing live point.
22:00:36 [ultranest] [DEBUG] Plateau detected at L=-2.233434e+02, not replacing live point.
22:00:36 [ultranest] [DEBUG] Plateau detected at L=-2.233434e+02, not replacing live point.
22:00:36 [ultranest] [DEBUG] Plateau detected at L=-2.233434e+02, not replacing live point.
22:00:36 [ultranest] [DEBUG] Plateau detected at L=-2.233434e+02, not replacing live point.
22:00:36 [ultranest] [DEBUG] Plateau detected at L=-2.233434e+02, not replacing live point.
22:00:36 [ultranest] [DEBUG] Plateau detected at L=-2.233434e+02, not replacing live point.
22:00:36 [ultranest] [DEBUG] Plateau detected at L=-2.233434e+02, not replacing live point.
22:00:36 [ultranest] [DEBUG] Plateau detected at L=-2.233434e+02, not replacing live point.
22:00:36 [ultranest] [DEBUG] Plateau detected at L=-2.233434e+02, not replacing live point.
22:00:36 [ultranest] [DEBUG] Plateau detected at L=-2.233434e+02, not replacing live point.
22:00:36 [ultranest] [DEBUG] Plateau detected at L=-2.233434e+02, not replacing live point.
22:00:36 [ultranest] [DEBUG] Plateau detected at L=-2.233434e+02, not replacing live point.
22:00:36 [ultranest] [DEBUG] Plateau detected at L=-2.233434e+02, not replacing live point.
22:00:36 [ultranest] [DEBUG] Plateau detected at L=-2.233434e+02, not replacing live point.
22:00:36 [ultranest] [DEBUG] Plateau detected at L=-2.233434e+02, not replacing live point.
22:00:36 [ultranest] [DEBUG] Plateau detected at L=-2.233434e+02, not replacing live point.
22:00:36 [ultranest] [DEBUG] Plateau detected at L=-2.233434e+02, not replacing live point.
22:00:36 [ultranest] [DEBUG] Plateau detected at L=-2.233434e+02, not replacing live point.
22:00:36 [ultranest] [DEBUG] Plateau detected at L=-2.233434e+02, not replacing live point.
22:00:36 [ultranest] [DEBUG] Plateau detected at L=-2.233434e+02, not replacing live point.
22:00:36 [ultranest] [DEBUG] Plateau detected at L=-2.233434e+02, not replacing live point.
22:00:36 [ultranest] [DEBUG] Plateau detected at L=-2.233434e+02, not replacing live point.
22:00:36 [ultranest] [DEBUG] Plateau detected at L=-2.233434e+02, not replacing live point.
22:00:36 [ultranest] [DEBUG] Plateau detected at L=-2.233434e+02, not replacing live point.
22:00:36 [ultranest] [DEBUG] Plateau detected at L=-2.233434e+02, not replacing live point.
22:00:36 [ultranest] [DEBUG] Plateau detected at L=-2.233434e+02, not replacing live point.
22:00:36 [ultranest] [DEBUG] Plateau detected at L=-2.233434e+02, not replacing live point.
22:00:36 [ultranest] [DEBUG] Plateau detected at L=-2.233434e+02, not replacing live point.
22:00:36 [ultranest] [DEBUG] Plateau detected at L=-2.233434e+02, not replacing live point.
22:00:36 [ultranest] [DEBUG] Plateau detected at L=-2.233434e+02, not replacing live point.
22:00:36 [ultranest] [DEBUG] Plateau detected at L=-2.233434e+02, not replacing live point.
22:00:36 [ultranest] [DEBUG] Plateau detected at L=-2.233434e+02, not replacing live point.
22:00:36 [ultranest] [DEBUG] Plateau detected at L=-2.233434e+02, not replacing live point.
22:00:36 [ultranest] [DEBUG] Plateau detected at L=-2.233434e+02, not replacing live point.
22:00:36 [ultranest] [DEBUG] Plateau detected at L=-2.233434e+02, not replacing live point.
22:00:36 [ultranest] [DEBUG] Plateau detected at L=-2.233434e+02, not replacing live point.
22:00:36 [ultranest] [DEBUG] Plateau detected at L=-2.233434e+02, not replacing live point.
22:00:36 [ultranest] [DEBUG] Plateau detected at L=-2.233434e+02, not replacing live point.
22:00:36 [ultranest] [DEBUG] Plateau detected at L=-2.233434e+02, not replacing live point.
22:00:36 [ultranest] [DEBUG] Plateau detected at L=-2.233434e+02, not replacing live point.
22:00:36 [ultranest] [DEBUG] Plateau detected at L=-2.233434e+02, not replacing live point.
22:00:36 [ultranest] [DEBUG] Plateau detected at L=-2.233434e+02, not replacing live point.
22:00:36 [ultranest] [DEBUG] Plateau detected at L=-2.233434e+02, not replacing live point.
22:00:36 [ultranest] [DEBUG] Plateau detected at L=-2.233434e+02, not replacing live point.
22:00:36 [ultranest] [DEBUG] Plateau detected at L=-2.233434e+02, not replacing live point.
22:00:36 [ultranest] [DEBUG] Plateau detected at L=-2.233434e+02, not replacing live point.
22:00:36 [ultranest] [DEBUG] Plateau detected at L=-2.233434e+02, not replacing live point.
22:00:36 [ultranest] [DEBUG] Plateau detected at L=-2.233434e+02, not replacing live point.
22:00:36 [ultranest] [DEBUG] Plateau detected at L=-2.233434e+02, not replacing live point.
22:00:36 [ultranest] [DEBUG] Plateau detected at L=-2.233434e+02, not replacing live point.
22:00:36 [ultranest] [DEBUG] Plateau detected at L=-2.233434e+02, not replacing live point.
22:00:36 [ultranest] [DEBUG] Plateau detected at L=-2.233434e+02, not replacing live point.
22:00:36 [ultranest] [DEBUG] Plateau detected at L=-2.233434e+02, not replacing live point.
22:00:36 [ultranest] [DEBUG] Plateau detected at L=-2.233434e+02, not replacing live point.
22:00:36 [ultranest] [DEBUG] Plateau detected at L=-2.233434e+02, not replacing live point.
22:00:36 [ultranest] [DEBUG] Plateau detected at L=-2.233434e+02, not replacing live point.
22:00:36 [ultranest] [DEBUG] Plateau detected at L=-2.233434e+02, not replacing live point.
22:00:36 [ultranest] [DEBUG] Plateau detected at L=-2.233434e+02, not replacing live point.
22:00:36 [ultranest] [DEBUG] Plateau detected at L=-2.233434e+02, not replacing live point.
22:00:36 [ultranest] [DEBUG] Plateau detected at L=-2.233434e+02, not replacing live point.
22:00:36 [ultranest] [DEBUG] Plateau detected at L=-2.233434e+02, not replacing live point.
22:00:36 [ultranest] [DEBUG] Plateau detected at L=-2.233434e+02, not replacing live point.
22:00:36 [ultranest] [DEBUG] Plateau detected at L=-2.233434e+02, not replacing live point.
22:00:36 [ultranest] [DEBUG] Plateau detected at L=-2.233434e+02, not replacing live point.
22:00:36 [ultranest] [DEBUG] Plateau detected at L=-2.233434e+02, not replacing live point.
22:00:36 [ultranest] [DEBUG] Plateau detected at L=-2.233434e+02, not replacing live point.
22:00:36 [ultranest] [DEBUG] Plateau detected at L=-2.233434e+02, not replacing live point.
22:00:36 [ultranest] [DEBUG] Plateau detected at L=-2.233434e+02, not replacing live point.
22:00:36 [ultranest] [DEBUG] Plateau detected at L=-2.233434e+02, not replacing live point.
22:00:36 [ultranest] [DEBUG] Plateau detected at L=-2.233434e+02, not replacing live point.
22:00:36 [ultranest] [DEBUG] Plateau detected at L=-2.233434e+02, not replacing live point.
22:00:36 [ultranest] [DEBUG] Plateau detected at L=-2.233434e+02, not replacing live point.
22:00:36 [ultranest] [DEBUG] Plateau detected at L=-2.233434e+02, not replacing live point.
22:00:36 [ultranest] [DEBUG] Plateau detected at L=-2.233434e+02, not replacing live point.
22:00:36 [ultranest] [DEBUG] Plateau detected at L=-2.233434e+02, not replacing live point.
22:00:36 [ultranest] [DEBUG] Plateau detected at L=-2.233434e+02, not replacing live point.
22:00:36 [ultranest] [DEBUG] Plateau detected at L=-2.233434e+02, not replacing live point.
22:00:36 [ultranest] [DEBUG] Plateau detected at L=-2.233434e+02, not replacing live point.
22:00:36 [ultranest] [DEBUG] Plateau detected at L=-2.233434e+02, not replacing live point.
22:00:36 [ultranest] [DEBUG] Plateau detected at L=-2.233434e+02, not replacing live point.
22:00:36 [ultranest] [DEBUG] Plateau detected at L=-2.233434e+02, not replacing live point.
22:00:36 [ultranest] [DEBUG] Plateau detected at L=-2.233434e+02, not replacing live point.
22:00:36 [ultranest] [DEBUG] Plateau detected at L=-2.233434e+02, not replacing live point.
22:00:36 [ultranest] [DEBUG] Plateau detected at L=-2.233434e+02, not replacing live point.
22:00:36 [ultranest] [DEBUG] Plateau detected at L=-2.233434e+02, not replacing live point.
22:00:36 [ultranest] [DEBUG] Plateau detected at L=-2.233434e+02, not replacing live point.
22:00:36 [ultranest] [DEBUG] Plateau detected at L=-2.233434e+02, not replacing live point.
22:00:36 [ultranest] [DEBUG] Plateau detected at L=-2.233434e+02, not replacing live point.
22:00:36 [ultranest] [DEBUG] Plateau detected at L=-2.233434e+02, not replacing live point.
22:00:36 [ultranest] [DEBUG] Plateau detected at L=-2.233434e+02, not replacing live point.
22:00:36 [ultranest] [DEBUG] Plateau detected at L=-2.233434e+02, not replacing live point.
22:00:36 [ultranest] [DEBUG] Plateau detected at L=-2.233434e+02, not replacing live point.
22:00:36 [ultranest] [DEBUG] Plateau detected at L=-2.233434e+02, not replacing live point.
22:00:36 [ultranest] [DEBUG] Plateau detected at L=-2.233434e+02, not replacing live point.
22:00:36 [ultranest] [DEBUG] Plateau detected at L=-2.233434e+02, not replacing live point.
22:00:36 [ultranest] [DEBUG] Plateau detected at L=-2.233434e+02, not replacing live point.
22:00:36 [ultranest] [DEBUG] Plateau detected at L=-2.233434e+02, not replacing live point.
22:00:36 [ultranest] [DEBUG] iteration=282, ncalls=5787, regioncalls=0, ndraw=40, logz=-224.05, remainder_fraction=100.0000%, Lmin=-223.34, Lmax=-27.32
22:00:36 [ultranest] [DEBUG] Plateau detected at L=-2.233434e+02, not replacing live point.
22:00:36 [ultranest] [DEBUG] Plateau detected at L=-2.233434e+02, not replacing live point.
22:00:36 [ultranest] [DEBUG] Plateau detected at L=-2.233434e+02, not replacing live point.
22:00:36 [ultranest] [DEBUG] Plateau detected at L=-2.233434e+02, not replacing live point.
22:00:36 [ultranest] [DEBUG] Plateau detected at L=-2.233434e+02, not replacing live point.
22:00:36 [ultranest] [DEBUG] iteration=288, ncalls=5787, regioncalls=0, ndraw=40, logz=-224.02, remainder_fraction=100.0000%, Lmin=-223.34, Lmax=-27.32
22:00:36 [ultranest] [DEBUG] iteration=320, ncalls=5787, regioncalls=0, ndraw=40, logz=-223.91, remainder_fraction=100.0000%, Lmin=-223.34, Lmax=-27.32
22:00:36 [ultranest] [DEBUG] iteration=360, ncalls=5787, regioncalls=0, ndraw=40, logz=-223.80, remainder_fraction=100.0000%, Lmin=-223.34, Lmax=-27.32
22:00:36 [ultranest] [DEBUG] iteration=370, ncalls=5787, regioncalls=0, ndraw=40, logz=-223.78, remainder_fraction=100.0000%, Lmin=-223.34, Lmax=-27.32
22:00:36 [ultranest] [DEBUG] iteration=400, ncalls=5787, regioncalls=0, ndraw=40, logz=-223.73, remainder_fraction=100.0000%, Lmin=-223.32, Lmax=-27.32
22:00:36 [ultranest] [DEBUG] iteration=440, ncalls=5787, regioncalls=0, ndraw=40, logz=-223.66, remainder_fraction=100.0000%, Lmin=-223.04, Lmax=-26.67
22:00:36 [ultranest] [DEBUG] iteration=480, ncalls=5787, regioncalls=0, ndraw=40, logz=-223.55, remainder_fraction=100.0000%, Lmin=-221.38, Lmax=-26.67
22:00:36 [ultranest] [DEBUG] iteration=493, ncalls=5787, regioncalls=0, ndraw=40, logz=-223.42, remainder_fraction=100.0000%, Lmin=-220.18, Lmax=-26.67
22:00:36 [ultranest] [DEBUG] iteration=520, ncalls=5787, regioncalls=0, ndraw=40, logz=-222.46, remainder_fraction=100.0000%, Lmin=-217.97, Lmax=-26.67
22:00:36 [ultranest] [DEBUG] iteration=534, ncalls=5787, regioncalls=0, ndraw=40, logz=-221.20, remainder_fraction=100.0000%, Lmin=-215.84, Lmax=-26.67
22:00:36 [ultranest] [DEBUG] iteration=560, ncalls=5787, regioncalls=0, ndraw=40, logz=-217.99, remainder_fraction=100.0000%, Lmin=-211.97, Lmax=-26.67
22:00:36 [ultranest] [DEBUG] iteration=600, ncalls=5787, regioncalls=0, ndraw=40, logz=-208.15, remainder_fraction=100.0000%, Lmin=-201.62, Lmax=-26.67
22:00:36 [ultranest] [DEBUG] iteration=616, ncalls=5787, regioncalls=0, ndraw=40, logz=-204.79, remainder_fraction=100.0000%, Lmin=-197.82, Lmax=-26.67
22:00:36 [ultranest] [DEBUG] iteration=640, ncalls=5787, regioncalls=0, ndraw=40, logz=-197.84, remainder_fraction=100.0000%, Lmin=-190.75, Lmax=-26.67
22:00:36 [ultranest] [DEBUG] iteration=680, ncalls=5787, regioncalls=0, ndraw=40, logz=-184.49, remainder_fraction=100.0000%, Lmin=-176.89, Lmax=-26.67
22:00:36 [ultranest] [DEBUG] iteration=698, ncalls=5787, regioncalls=0, ndraw=40, logz=-175.69, remainder_fraction=100.0000%, Lmin=-167.62, Lmax=-26.67
22:00:36 [ultranest] [DEBUG] iteration=720, ncalls=5787, regioncalls=0, ndraw=40, logz=-163.77, remainder_fraction=100.0000%, Lmin=-154.87, Lmax=-26.67
22:00:36 [ultranest] [DEBUG] iteration=739, ncalls=5787, regioncalls=0, ndraw=40, logz=-154.75, remainder_fraction=100.0000%, Lmin=-147.53, Lmax=-26.67
22:00:36 [ultranest] [DEBUG] iteration=760, ncalls=5787, regioncalls=0, ndraw=40, logz=-148.64, remainder_fraction=100.0000%, Lmin=-140.50, Lmax=-26.67
22:00:36 [ultranest] [DEBUG] iteration=780, ncalls=5787, regioncalls=0, ndraw=40, logz=-140.52, remainder_fraction=100.0000%, Lmin=-131.82, Lmax=-26.30
22:00:36 [ultranest] [DEBUG] iteration=800, ncalls=5787, regioncalls=0, ndraw=40, logz=-132.63, remainder_fraction=100.0000%, Lmin=-124.63, Lmax=-26.30
22:00:36 [ultranest] [DEBUG] iteration=840, ncalls=5787, regioncalls=0, ndraw=40, logz=-120.96, remainder_fraction=100.0000%, Lmin=-112.99, Lmax=-25.72
22:00:36 [ultranest] [DEBUG] iteration=862, ncalls=5787, regioncalls=0, ndraw=40, logz=-116.07, remainder_fraction=100.0000%, Lmin=-107.93, Lmax=-25.72
22:00:36 [ultranest] [DEBUG] iteration=880, ncalls=5787, regioncalls=0, ndraw=40, logz=-111.06, remainder_fraction=100.0000%, Lmin=-102.47, Lmax=-25.72
22:00:36 [ultranest] [DEBUG] iteration=903, ncalls=5787, regioncalls=0, ndraw=40, logz=-102.78, remainder_fraction=100.0000%, Lmin=-94.06, Lmax=-25.22
22:00:36 [ultranest] [DEBUG] iteration=920, ncalls=5787, regioncalls=0, ndraw=40, logz=-98.60, remainder_fraction=100.0000%, Lmin=-90.62, Lmax=-25.22
22:00:36 [ultranest] [DEBUG] iteration=960, ncalls=5787, regioncalls=0, ndraw=40, logz=-88.36, remainder_fraction=100.0000%, Lmin=-79.76, Lmax=-25.22
22:00:36 [ultranest] [DEBUG] iteration=1000, ncalls=5787, regioncalls=0, ndraw=40, logz=-81.56, remainder_fraction=100.0000%, Lmin=-73.31, Lmax=-25.22
22:00:36 [ultranest] [DEBUG] iteration=1040, ncalls=5787, regioncalls=0, ndraw=40, logz=-73.89, remainder_fraction=100.0000%, Lmin=-65.30, Lmax=-25.22
22:00:36 [ultranest] [DEBUG] iteration=1067, ncalls=5787, regioncalls=0, ndraw=40, logz=-68.64, remainder_fraction=100.0000%, Lmin=-60.13, Lmax=-25.22
22:00:36 [ultranest] [DEBUG] iteration=1080, ncalls=5787, regioncalls=0, ndraw=40, logz=-66.76, remainder_fraction=100.0000%, Lmin=-58.11, Lmax=-25.22
22:00:36 [ultranest] [DEBUG] iteration=1120, ncalls=5787, regioncalls=0, ndraw=40, logz=-61.71, remainder_fraction=100.0000%, Lmin=-53.32, Lmax=-25.08
22:00:36 [ultranest] [DEBUG] iteration=1160, ncalls=5787, regioncalls=0, ndraw=40, logz=-58.07, remainder_fraction=100.0000%, Lmin=-49.25, Lmax=-25.08
22:00:36 [ultranest] [DEBUG] iteration=1190, ncalls=5787, regioncalls=0, ndraw=40, logz=-54.67, remainder_fraction=100.0000%, Lmin=-45.48, Lmax=-25.08
22:00:36 [ultranest] [DEBUG] iteration=1200, ncalls=5787, regioncalls=0, ndraw=40, logz=-53.53, remainder_fraction=100.0000%, Lmin=-44.64, Lmax=-25.08
22:00:36 [ultranest] [DEBUG] iteration=1231, ncalls=5787, regioncalls=0, ndraw=40, logz=-50.99, remainder_fraction=100.0000%, Lmin=-41.85, Lmax=-24.99
22:00:36 [ultranest] [DEBUG] iteration=1240, ncalls=5787, regioncalls=0, ndraw=40, logz=-50.17, remainder_fraction=100.0000%, Lmin=-41.24, Lmax=-24.99
22:00:36 [ultranest] [DEBUG] iteration=1272, ncalls=5787, regioncalls=0, ndraw=40, logz=-47.66, remainder_fraction=99.9999%, Lmin=-38.64, Lmax=-24.99
22:00:36 [ultranest] [DEBUG] iteration=1280, ncalls=5787, regioncalls=0, ndraw=40, logz=-46.99, remainder_fraction=99.9997%, Lmin=-37.89, Lmax=-24.99
22:00:36 [ultranest] [DEBUG] iteration=1320, ncalls=5787, regioncalls=0, ndraw=40, logz=-44.47, remainder_fraction=99.9967%, Lmin=-35.52, Lmax=-24.80
22:00:36 [ultranest] [DEBUG] iteration=1354, ncalls=5787, regioncalls=0, ndraw=40, logz=-43.05, remainder_fraction=99.9864%, Lmin=-34.39, Lmax=-24.80
22:00:36 [ultranest] [DEBUG] iteration=1360, ncalls=5787, regioncalls=0, ndraw=40, logz=-42.84, remainder_fraction=99.9833%, Lmin=-34.09, Lmax=-24.80
22:00:36 [ultranest] [DEBUG] iteration=1395, ncalls=5787, regioncalls=0, ndraw=40, logz=-41.67, remainder_fraction=99.9519%, Lmin=-32.83, Lmax=-24.80
22:00:36 [ultranest] [DEBUG] iteration=1400, ncalls=5787, regioncalls=0, ndraw=40, logz=-41.51, remainder_fraction=99.9434%, Lmin=-32.56, Lmax=-24.80
22:00:36 [ultranest] [DEBUG] iteration=1440, ncalls=5787, regioncalls=0, ndraw=40, logz=-40.19, remainder_fraction=99.7648%, Lmin=-31.09, Lmax=-24.80
22:00:36 [ultranest] [DEBUG] iteration=1477, ncalls=5787, regioncalls=0, ndraw=40, logz=-39.18, remainder_fraction=99.3463%, Lmin=-30.25, Lmax=-24.80
22:00:36 [ultranest] [DEBUG] iteration=1480, ncalls=5787, regioncalls=0, ndraw=40, logz=-39.12, remainder_fraction=99.3039%, Lmin=-30.21, Lmax=-24.80
22:00:36 [ultranest] [DEBUG] iteration=1518, ncalls=5787, regioncalls=0, ndraw=40, logz=-38.22, remainder_fraction=98.2347%, Lmin=-29.03, Lmax=-24.80
22:00:36 [ultranest] [DEBUG] iteration=1520, ncalls=5787, regioncalls=0, ndraw=40, logz=-38.18, remainder_fraction=98.1419%, Lmin=-28.93, Lmax=-24.79
22:00:36 [ultranest] [DEBUG] iteration=1559, ncalls=5787, regioncalls=0, ndraw=40, logz=-37.39, remainder_fraction=95.7768%, Lmin=-28.22, Lmax=-24.79
22:00:36 [ultranest] [DEBUG] iteration=1560, ncalls=5787, regioncalls=0, ndraw=40, logz=-37.37, remainder_fraction=95.7646%, Lmin=-28.18, Lmax=-24.79
22:00:36 [ultranest] [DEBUG] iteration=1600, ncalls=5787, regioncalls=0, ndraw=40, logz=-36.70, remainder_fraction=91.5039%, Lmin=-27.51, Lmax=-24.79
22:00:36 [ultranest] [DEBUG] iteration=1640, ncalls=5787, regioncalls=0, ndraw=40, logz=-36.21, remainder_fraction=86.3157%, Lmin=-27.11, Lmax=-24.79
22:00:36 [ultranest] [DEBUG] iteration=1641, ncalls=5787, regioncalls=0, ndraw=40, logz=-36.20, remainder_fraction=86.1586%, Lmin=-27.10, Lmax=-24.79
22:00:36 [ultranest] [DEBUG] iteration=1680, ncalls=5787, regioncalls=0, ndraw=40, logz=-35.82, remainder_fraction=79.4808%, Lmin=-26.79, Lmax=-24.79
22:00:36 [ultranest] [DEBUG] iteration=1682, ncalls=5787, regioncalls=0, ndraw=40, logz=-35.81, remainder_fraction=79.2163%, Lmin=-26.78, Lmax=-24.79
22:00:37 [ultranest] [DEBUG] iteration=1720, ncalls=5787, regioncalls=0, ndraw=40, logz=-35.54, remainder_fraction=72.8497%, Lmin=-26.51, Lmax=-24.79
22:00:37 [ultranest] [DEBUG] iteration=1723, ncalls=5787, regioncalls=0, ndraw=40, logz=-35.52, remainder_fraction=72.3351%, Lmin=-26.49, Lmax=-24.79
22:00:37 [ultranest] [DEBUG] iteration=1760, ncalls=5787, regioncalls=0, ndraw=40, logz=-35.31, remainder_fraction=65.7174%, Lmin=-26.26, Lmax=-24.76
22:00:37 [ultranest] [DEBUG] iteration=1764, ncalls=5787, regioncalls=0, ndraw=40, logz=-35.28, remainder_fraction=65.0485%, Lmin=-26.21, Lmax=-24.76
22:00:37 [ultranest] [DEBUG] iteration=1800, ncalls=5787, regioncalls=0, ndraw=40, logz=-35.11, remainder_fraction=58.8602%, Lmin=-25.98, Lmax=-24.76
22:00:37 [ultranest] [DEBUG] iteration=1805, ncalls=5787, regioncalls=0, ndraw=40, logz=-35.09, remainder_fraction=57.9333%, Lmin=-25.95, Lmax=-24.76
22:00:37 [ultranest] [DEBUG] iteration=1840, ncalls=5787, regioncalls=0, ndraw=40, logz=-34.95, remainder_fraction=51.5612%, Lmin=-25.83, Lmax=-24.76
22:00:37 [ultranest] [DEBUG] iteration=1846, ncalls=5787, regioncalls=0, ndraw=40, logz=-34.93, remainder_fraction=50.6034%, Lmin=-25.81, Lmax=-24.76
22:00:37 [ultranest] [DEBUG] iteration=1880, ncalls=5787, regioncalls=0, ndraw=40, logz=-34.81, remainder_fraction=44.8367%, Lmin=-25.66, Lmax=-24.76
22:00:37 [ultranest] [DEBUG] iteration=1920, ncalls=5787, regioncalls=0, ndraw=40, logz=-34.71, remainder_fraction=38.5158%, Lmin=-25.53, Lmax=-24.76
22:00:37 [ultranest] [DEBUG] iteration=1928, ncalls=5787, regioncalls=0, ndraw=40, logz=-34.69, remainder_fraction=37.3442%, Lmin=-25.51, Lmax=-24.76
22:00:37 [ultranest] [DEBUG] iteration=1960, ncalls=5787, regioncalls=0, ndraw=40, logz=-34.62, remainder_fraction=32.9784%, Lmin=-25.43, Lmax=-24.76
22:00:37 [ultranest] [DEBUG] iteration=2000, ncalls=5787, regioncalls=0, ndraw=40, logz=-34.54, remainder_fraction=27.8342%, Lmin=-25.29, Lmax=-24.76
22:00:37 [ultranest] [DEBUG] iteration=2040, ncalls=5787, regioncalls=0, ndraw=40, logz=-34.48, remainder_fraction=23.3769%, Lmin=-25.23, Lmax=-24.74
22:00:37 [ultranest] [DEBUG] iteration=2051, ncalls=5787, regioncalls=0, ndraw=40, logz=-34.47, remainder_fraction=22.2831%, Lmin=-25.22, Lmax=-24.74
22:00:37 [ultranest] [DEBUG] iteration=2080, ncalls=5787, regioncalls=0, ndraw=40, logz=-34.43, remainder_fraction=19.6187%, Lmin=-25.17, Lmax=-24.74
22:00:37 [ultranest] [DEBUG] iteration=2092, ncalls=5787, regioncalls=0, ndraw=40, logz=-34.42, remainder_fraction=18.5503%, Lmin=-25.14, Lmax=-24.74
22:00:37 [ultranest] [DEBUG] iteration=2120, ncalls=5787, regioncalls=0, ndraw=40, logz=-34.39, remainder_fraction=16.2973%, Lmin=-25.09, Lmax=-24.74
22:00:37 [ultranest] [DEBUG] iteration=2160, ncalls=5787, regioncalls=0, ndraw=40, logz=-34.36, remainder_fraction=13.5158%, Lmin=-25.04, Lmax=-24.74
22:00:37 [ultranest] [DEBUG] iteration=2174, ncalls=5787, regioncalls=0, ndraw=40, logz=-34.35, remainder_fraction=12.6305%, Lmin=-25.01, Lmax=-24.74
22:00:37 [ultranest] [DEBUG] iteration=2200, ncalls=5787, regioncalls=0, ndraw=40, logz=-34.33, remainder_fraction=11.0909%, Lmin=-24.98, Lmax=-24.74
22:00:37 [ultranest] [DEBUG] iteration=2215, ncalls=5787, regioncalls=0, ndraw=40, logz=-34.32, remainder_fraction=10.2793%, Lmin=-24.97, Lmax=-24.74
22:00:37 [ultranest] [DEBUG] iteration=2240, ncalls=5787, regioncalls=0, ndraw=40, logz=-34.31, remainder_fraction=9.0802%, Lmin=-24.95, Lmax=-24.74
22:00:37 [ultranest] [DEBUG] iteration=2280, ncalls=5787, regioncalls=0, ndraw=40, logz=-34.29, remainder_fraction=7.4097%, Lmin=-24.92, Lmax=-24.74
22:00:37 [ultranest] [DEBUG] iteration=2297, ncalls=5787, regioncalls=0, ndraw=40, logz=-34.28, remainder_fraction=6.7808%, Lmin=-24.90, Lmax=-24.74
22:00:37 [ultranest] [DEBUG] iteration=2320, ncalls=5787, regioncalls=0, ndraw=40, logz=-34.28, remainder_fraction=6.0220%, Lmin=-24.89, Lmax=-24.73
22:00:37 [ultranest] [DEBUG] iteration=2338, ncalls=5787, regioncalls=0, ndraw=40, logz=-34.27, remainder_fraction=5.4721%, Lmin=-24.88, Lmax=-24.73
22:00:37 [ultranest] [DEBUG] iteration=2360, ncalls=5787, regioncalls=0, ndraw=40, logz=-34.26, remainder_fraction=4.8872%, Lmin=-24.87, Lmax=-24.73
22:00:37 [ultranest] [DEBUG] iteration=2400, ncalls=5787, regioncalls=0, ndraw=40, logz=-34.25, remainder_fraction=3.9598%, Lmin=-24.85, Lmax=-24.73
22:00:37 [ultranest] [DEBUG] iteration=2420, ncalls=5787, regioncalls=0, ndraw=40, logz=-34.25, remainder_fraction=3.5656%, Lmin=-24.84, Lmax=-24.73
22:00:37 [ultranest] [DEBUG] iteration=2440, ncalls=5787, regioncalls=0, ndraw=40, logz=-34.25, remainder_fraction=3.2006%, Lmin=-24.84, Lmax=-24.73
22:00:37 [ultranest] [DEBUG] iteration=2461, ncalls=5787, regioncalls=0, ndraw=40, logz=-34.24, remainder_fraction=2.8598%, Lmin=-24.83, Lmax=-24.73
22:00:37 [ultranest] [INFO] Explored until L=-2e+01  
22:00:37 [ultranest] [INFO] Likelihood function evaluations: 5787
22:00:38 [ultranest] [INFO] Writing samples and results to disk ...
22:00:38 [ultranest] [INFO] Writing samples and results to disk ... done
22:00:38 [ultranest] [DEBUG] did a run_iter pass!
22:00:38 [ultranest] [INFO]   logZ = -34.21 +- 0.1713
22:00:38 [ultranest] [INFO] Effective samples strategy satisfied (ESS = 786.8, need >400)
22:00:38 [ultranest] [INFO] Posterior uncertainty strategy is satisfied (KL: 0.45+-0.12 nat, need <0.50 nat)
22:00:38 [ultranest] [INFO] Evidency uncertainty strategy is satisfied (dlogz=0.17, need <0.5)
22:00:38 [ultranest] [INFO]   logZ error budget: single: 0.21 bs:0.17 tail:0.03 total:0.17 required:<0.50
22:00:38 [ultranest] [INFO] done iterating.
22:00:38 [ultranest] [DEBUG] Making corner plot ...
22:00:39 [ultranest] [DEBUG] Making corner plot ... done
22:00:39 [ultranest] [DEBUG] Making run plot ... 
22:00:43 [ultranest] [DEBUG] Making run plot ... done
22:00:43 [ultranest] [DEBUG] Making trace plot ... 
22:00:46 [ultranest] [DEBUG] Making trace plot ... done
