11:31:43 [ultranest] [DEBUG] ReactiveNestedSampler: dims=3+0, resume=True, log_dir=/home/orion51/Desktop/Research/spectral_fitting/FGL_spectral_fitting/Individual_sources/2CXOJ180510.9-300900/powerlaw_out_, backend=hdf5, vectorized=False, nbootstraps=30, ndraw=128..65536
11:31:43 [ultranest] [INFO] Sampling 400 live points from prior ...
11:31:44 [ultranest] [DEBUG] run_iter dlogz=0.5, dKL=0.5, frac_remain=0.01, Lepsilon=0.1000, min_ess=400
11:31:44 [ultranest] [DEBUG] max_iters=-1, max_ncalls=-1, max_num_improvement_loops=-1, min_num_live_points=400, cluster_num_live_points=40
11:31:44 [ultranest] [DEBUG] minimal_widths_sequence: [(-inf, 400.0), (inf, 400.0)]
11:31:44 [ultranest] [DEBUG] iteration=0, ncalls=401, regioncalls=40, ndraw=40, logz=-inf, remainder_fraction=100.0000%, Lmin=-144208881974.78, Lmax=-11.46
11:31:44 [ultranest] [DEBUG] iteration=30, ncalls=431, regioncalls=1240, ndraw=40, logz=-428465926.42, remainder_fraction=100.0000%, Lmin=-368581691.79, Lmax=-11.46
11:31:44 [ultranest] [DEBUG] iteration=40, ncalls=442, regioncalls=1680, ndraw=40, logz=-216981646.86, remainder_fraction=100.0000%, Lmin=-192042028.42, Lmax=-11.46
11:31:44 [ultranest] [DEBUG] iteration=69, ncalls=476, regioncalls=3040, ndraw=40, logz=-13012443.64, remainder_fraction=100.0000%, Lmin=-11635244.62, Lmax=-11.46
11:31:44 [ultranest] [DEBUG] iteration=80, ncalls=488, regioncalls=3520, ndraw=40, logz=-5575059.60, remainder_fraction=100.0000%, Lmin=-5113491.40, Lmax=-11.46
11:31:45 [ultranest] [DEBUG] iteration=90, ncalls=499, regioncalls=3960, ndraw=40, logz=-2671700.01, remainder_fraction=100.0000%, Lmin=-2505379.56, Lmax=-11.46
11:31:45 [ultranest] [DEBUG] iteration=115, ncalls=529, regioncalls=5160, ndraw=40, logz=-477658.21, remainder_fraction=100.0000%, Lmin=-452623.36, Lmax=-11.46
11:31:45 [ultranest] [DEBUG] iteration=120, ncalls=536, regioncalls=5440, ndraw=40, logz=-310392.09, remainder_fraction=100.0000%, Lmin=-297895.38, Lmax=-11.46
11:31:45 [ultranest] [DEBUG] iteration=146, ncalls=564, regioncalls=6560, ndraw=40, logz=-63783.10, remainder_fraction=100.0000%, Lmin=-61591.84, Lmax=-11.46
11:31:45 [ultranest] [DEBUG] iteration=160, ncalls=585, regioncalls=7400, ndraw=40, logz=-35656.58, remainder_fraction=100.0000%, Lmin=-29604.99, Lmax=-11.46
11:31:45 [ultranest] [DEBUG] iteration=184, ncalls=618, regioncalls=8720, ndraw=40, logz=-9606.09, remainder_fraction=100.0000%, Lmin=-9434.21, Lmax=-11.46
11:31:45 [ultranest] [DEBUG] iteration=200, ncalls=635, regioncalls=9400, ndraw=40, logz=-4689.50, remainder_fraction=100.0000%, Lmin=-4630.81, Lmax=-11.46
11:31:45 [ultranest] [DEBUG] iteration=225, ncalls=670, regioncalls=10800, ndraw=40, logz=-1701.65, remainder_fraction=100.0000%, Lmin=-1630.96, Lmax=-11.46
11:31:45 [ultranest] [DEBUG] iteration=240, ncalls=691, regioncalls=11640, ndraw=40, logz=-1165.09, remainder_fraction=100.0000%, Lmin=-1150.23, Lmax=-11.46
11:31:45 [ultranest] [DEBUG] iteration=267, ncalls=728, regioncalls=13120, ndraw=40, logz=-312.58, remainder_fraction=100.0000%, Lmin=-293.87, Lmax=-11.46
11:31:45 [ultranest] [DEBUG] iteration=270, ncalls=732, regioncalls=13280, ndraw=40, logz=-256.33, remainder_fraction=100.0000%, Lmin=-247.68, Lmax=-11.46
11:31:45 [ultranest] [DEBUG] iteration=280, ncalls=743, regioncalls=13720, ndraw=40, logz=-165.15, remainder_fraction=100.0000%, Lmin=-155.33, Lmax=-11.46
11:31:45 [ultranest] [DEBUG] iteration=303, ncalls=778, regioncalls=15120, ndraw=40, logz=-115.47, remainder_fraction=100.0000%, Lmin=-104.11, Lmax=-11.46
11:31:45 [ultranest] [DEBUG] iteration=320, ncalls=807, regioncalls=16280, ndraw=40, logz=-98.61, remainder_fraction=100.0000%, Lmin=-94.14, Lmax=-11.46
11:31:45 [ultranest] [DEBUG] Plateau detected at L=-9.413885e+01, not replacing live point.
11:31:46 [ultranest] [DEBUG] iteration=322, ncalls=808, regioncalls=16320, ndraw=40, logz=-98.43, remainder_fraction=100.0000%, Lmin=-94.14, Lmax=-11.46
11:31:46 [ultranest] [DEBUG] Plateau detected at L=-9.413885e+01, not replacing live point.
11:31:46 [ultranest] [DEBUG] Plateau detected at L=-9.413885e+01, not replacing live point.
11:31:46 [ultranest] [DEBUG] Plateau detected at L=-9.413885e+01, not replacing live point.
11:31:46 [ultranest] [DEBUG] Plateau detected at L=-9.413885e+01, not replacing live point.
11:31:46 [ultranest] [DEBUG] Plateau detected at L=-9.413885e+01, not replacing live point.
11:31:46 [ultranest] [DEBUG] Plateau detected at L=-9.413885e+01, not replacing live point.
11:31:46 [ultranest] [DEBUG] Plateau detected at L=-9.413885e+01, not replacing live point.
11:31:46 [ultranest] [DEBUG] Plateau detected at L=-9.413885e+01, not replacing live point.
11:31:46 [ultranest] [DEBUG] Plateau detected at L=-9.413885e+01, not replacing live point.
11:31:46 [ultranest] [DEBUG] Plateau detected at L=-9.413885e+01, not replacing live point.
11:31:46 [ultranest] [DEBUG] Plateau detected at L=-9.413885e+01, not replacing live point.
11:31:46 [ultranest] [DEBUG] Plateau detected at L=-9.413885e+01, not replacing live point.
11:31:46 [ultranest] [DEBUG] Plateau detected at L=-9.413885e+01, not replacing live point.
11:31:46 [ultranest] [DEBUG] Plateau detected at L=-9.413885e+01, not replacing live point.
11:31:46 [ultranest] [DEBUG] Plateau detected at L=-9.413885e+01, not replacing live point.
11:31:46 [ultranest] [DEBUG] Plateau detected at L=-9.413885e+01, not replacing live point.
11:31:46 [ultranest] [DEBUG] Plateau detected at L=-9.413885e+01, not replacing live point.
11:31:46 [ultranest] [DEBUG] Plateau detected at L=-9.413885e+01, not replacing live point.
11:31:46 [ultranest] [DEBUG] Plateau detected at L=-9.413885e+01, not replacing live point.
11:31:46 [ultranest] [DEBUG] Plateau detected at L=-9.413885e+01, not replacing live point.
11:31:46 [ultranest] [DEBUG] Plateau detected at L=-9.413885e+01, not replacing live point.
11:31:46 [ultranest] [DEBUG] Plateau detected at L=-9.413885e+01, not replacing live point.
11:31:46 [ultranest] [DEBUG] Plateau detected at L=-9.413885e+01, not replacing live point.
11:31:46 [ultranest] [DEBUG] Plateau detected at L=-9.413885e+01, not replacing live point.
11:31:46 [ultranest] [DEBUG] Plateau detected at L=-9.413885e+01, not replacing live point.
11:31:46 [ultranest] [DEBUG] Plateau detected at L=-9.413885e+01, not replacing live point.
11:31:46 [ultranest] [DEBUG] Plateau detected at L=-9.413885e+01, not replacing live point.
11:31:46 [ultranest] [DEBUG] Plateau detected at L=-9.413885e+01, not replacing live point.
11:31:46 [ultranest] [DEBUG] Plateau detected at L=-9.413885e+01, not replacing live point.
11:31:46 [ultranest] [DEBUG] Plateau detected at L=-9.413885e+01, not replacing live point.
11:31:46 [ultranest] [DEBUG] Plateau detected at L=-9.413885e+01, not replacing live point.
11:31:46 [ultranest] [DEBUG] Plateau detected at L=-9.413885e+01, not replacing live point.
11:31:46 [ultranest] [DEBUG] Plateau detected at L=-9.413885e+01, not replacing live point.
11:31:46 [ultranest] [DEBUG] Plateau detected at L=-9.413885e+01, not replacing live point.
11:31:46 [ultranest] [DEBUG] Plateau detected at L=-9.413885e+01, not replacing live point.
11:31:46 [ultranest] [DEBUG] Plateau detected at L=-9.413885e+01, not replacing live point.
11:31:46 [ultranest] [DEBUG] Plateau detected at L=-9.413885e+01, not replacing live point.
11:31:46 [ultranest] [DEBUG] Plateau detected at L=-9.413885e+01, not replacing live point.
11:31:46 [ultranest] [DEBUG] Plateau detected at L=-9.413885e+01, not replacing live point.
11:31:46 [ultranest] [DEBUG] Plateau detected at L=-9.413885e+01, not replacing live point.
11:31:46 [ultranest] [DEBUG] Plateau detected at L=-9.413885e+01, not replacing live point.
11:31:46 [ultranest] [DEBUG] Plateau detected at L=-9.413885e+01, not replacing live point.
11:31:46 [ultranest] [DEBUG] Plateau detected at L=-9.413885e+01, not replacing live point.
11:31:46 [ultranest] [DEBUG] Plateau detected at L=-9.413885e+01, not replacing live point.
11:31:46 [ultranest] [DEBUG] Plateau detected at L=-9.413885e+01, not replacing live point.
11:31:46 [ultranest] [DEBUG] Plateau detected at L=-9.413885e+01, not replacing live point.
11:31:46 [ultranest] [DEBUG] Plateau detected at L=-9.413885e+01, not replacing live point.
11:31:46 [ultranest] [DEBUG] Plateau detected at L=-9.413885e+01, not replacing live point.
11:31:46 [ultranest] [DEBUG] Plateau detected at L=-9.413885e+01, not replacing live point.
11:31:46 [ultranest] [DEBUG] Plateau detected at L=-9.413885e+01, not replacing live point.
11:31:46 [ultranest] [DEBUG] Plateau detected at L=-9.413885e+01, not replacing live point.
11:31:46 [ultranest] [DEBUG] Plateau detected at L=-9.413885e+01, not replacing live point.
11:31:46 [ultranest] [DEBUG] Plateau detected at L=-9.413885e+01, not replacing live point.
11:31:46 [ultranest] [DEBUG] Plateau detected at L=-9.413885e+01, not replacing live point.
11:31:46 [ultranest] [DEBUG] iteration=378, ncalls=811, regioncalls=16440, ndraw=40, logz=-96.71, remainder_fraction=100.0000%, Lmin=-94.14, Lmax=-11.46
11:31:46 [ultranest] [DEBUG] Plateau detected at L=-9.413885e+01, not replacing live point.
11:31:46 [ultranest] [DEBUG] iteration=382, ncalls=816, regioncalls=16640, ndraw=40, logz=-96.66, remainder_fraction=100.0000%, Lmin=-94.14, Lmax=-11.46
11:31:46 [ultranest] [DEBUG] iteration=400, ncalls=841, regioncalls=17640, ndraw=40, logz=-96.44, remainder_fraction=100.0000%, Lmin=-94.14, Lmax=-11.46
11:31:46 [ultranest] [DEBUG] iteration=425, ncalls=878, regioncalls=19120, ndraw=40, logz=-96.22, remainder_fraction=100.0000%, Lmin=-94.14, Lmax=-11.46
11:31:46 [ultranest] [DEBUG] iteration=440, ncalls=904, regioncalls=20160, ndraw=40, logz=-96.11, remainder_fraction=100.0000%, Lmin=-94.14, Lmax=-11.46
11:31:46 [ultranest] [DEBUG] iteration=459, ncalls=941, regioncalls=21640, ndraw=40, logz=-95.99, remainder_fraction=100.0000%, Lmin=-94.14, Lmax=-11.46
11:31:46 [ultranest] [DEBUG] iteration=474, ncalls=981, regioncalls=23240, ndraw=40, logz=-95.91, remainder_fraction=100.0000%, Lmin=-94.14, Lmax=-11.46
11:31:46 [ultranest] [DEBUG] iteration=480, ncalls=996, regioncalls=23840, ndraw=40, logz=-95.88, remainder_fraction=100.0000%, Lmin=-94.14, Lmax=-11.46
11:31:46 [ultranest] [DEBUG] iteration=498, ncalls=1040, regioncalls=25600, ndraw=40, logz=-95.80, remainder_fraction=100.0000%, Lmin=-94.14, Lmax=-11.46
11:31:46 [ultranest] [DEBUG] iteration=515, ncalls=1084, regioncalls=27360, ndraw=40, logz=-95.74, remainder_fraction=100.0000%, Lmin=-94.13, Lmax=-11.46
11:31:46 [ultranest] [DEBUG] iteration=520, ncalls=1091, regioncalls=27640, ndraw=40, logz=-95.72, remainder_fraction=100.0000%, Lmin=-94.13, Lmax=-11.46
11:31:46 [ultranest] [DEBUG] iteration=536, ncalls=1131, regioncalls=29240, ndraw=40, logz=-95.66, remainder_fraction=100.0000%, Lmin=-94.11, Lmax=-11.46
11:31:47 [ultranest] [DEBUG] iteration=547, ncalls=1173, regioncalls=30920, ndraw=40, logz=-95.63, remainder_fraction=100.0000%, Lmin=-94.10, Lmax=-11.46
11:31:47 [ultranest] [DEBUG] iteration=560, ncalls=1211, regioncalls=32440, ndraw=40, logz=-95.59, remainder_fraction=100.0000%, Lmin=-94.06, Lmax=-11.46
11:31:47 [ultranest] [DEBUG] iteration=571, ncalls=1259, regioncalls=34360, ndraw=40, logz=-95.55, remainder_fraction=100.0000%, Lmin=-94.00, Lmax=-11.46
11:31:47 [ultranest] [DEBUG] iteration=591, ncalls=1302, regioncalls=36080, ndraw=40, logz=-95.49, remainder_fraction=100.0000%, Lmin=-93.91, Lmax=-11.46
11:31:47 [ultranest] [DEBUG] iteration=600, ncalls=1332, regioncalls=37280, ndraw=40, logz=-95.47, remainder_fraction=100.0000%, Lmin=-93.87, Lmax=-11.46
11:31:47 [ultranest] [DEBUG] iteration=613, ncalls=1371, regioncalls=38840, ndraw=40, logz=-95.43, remainder_fraction=100.0000%, Lmin=-93.76, Lmax=-11.46
11:31:47 [ultranest] [DEBUG] iteration=632, ncalls=1410, regioncalls=40400, ndraw=40, logz=-95.37, remainder_fraction=100.0000%, Lmin=-93.59, Lmax=-11.46
11:31:47 [ultranest] [DEBUG] iteration=640, ncalls=1425, regioncalls=41000, ndraw=40, logz=-95.35, remainder_fraction=100.0000%, Lmin=-93.52, Lmax=-11.46
11:31:47 [ultranest] [DEBUG] iteration=663, ncalls=1466, regioncalls=42640, ndraw=40, logz=-95.27, remainder_fraction=100.0000%, Lmin=-93.30, Lmax=-11.46
11:31:47 [ultranest] [DEBUG] iteration=680, ncalls=1504, regioncalls=44160, ndraw=40, logz=-95.21, remainder_fraction=100.0000%, Lmin=-93.07, Lmax=-11.46
11:31:47 [ultranest] [DEBUG] iteration=690, ncalls=1534, regioncalls=45360, ndraw=40, logz=-95.17, remainder_fraction=100.0000%, Lmin=-92.91, Lmax=-10.42
11:31:47 [ultranest] [DEBUG] iteration=708, ncalls=1574, regioncalls=46960, ndraw=40, logz=-95.09, remainder_fraction=100.0000%, Lmin=-92.69, Lmax=-10.42
11:31:48 [ultranest] [DEBUG] iteration=720, ncalls=1597, regioncalls=47880, ndraw=40, logz=-95.03, remainder_fraction=100.0000%, Lmin=-92.54, Lmax=-10.42
11:31:48 [ultranest] [DEBUG] iteration=739, ncalls=1639, regioncalls=49560, ndraw=40, logz=-94.91, remainder_fraction=100.0000%, Lmin=-91.95, Lmax=-10.42
11:31:48 [ultranest] [DEBUG] iteration=750, ncalls=1688, regioncalls=51520, ndraw=40, logz=-94.82, remainder_fraction=100.0000%, Lmin=-91.60, Lmax=-10.42
11:31:48 [ultranest] [DEBUG] iteration=760, ncalls=1735, regioncalls=53400, ndraw=40, logz=-94.70, remainder_fraction=100.0000%, Lmin=-91.15, Lmax=-10.42
11:31:48 [ultranest] [DEBUG] iteration=774, ncalls=1772, regioncalls=54880, ndraw=40, logz=-94.52, remainder_fraction=100.0000%, Lmin=-90.79, Lmax=-10.42
11:31:48 [ultranest] [DEBUG] iteration=788, ncalls=1815, regioncalls=56600, ndraw=40, logz=-94.30, remainder_fraction=100.0000%, Lmin=-90.17, Lmax=-10.42
11:31:48 [ultranest] [DEBUG] iteration=800, ncalls=1845, regioncalls=57800, ndraw=40, logz=-94.04, remainder_fraction=100.0000%, Lmin=-89.62, Lmax=-10.42
11:31:48 [ultranest] [DEBUG] iteration=817, ncalls=1890, regioncalls=59600, ndraw=40, logz=-93.53, remainder_fraction=100.0000%, Lmin=-88.86, Lmax=-10.42
11:31:48 [ultranest] [DEBUG] iteration=831, ncalls=1935, regioncalls=61400, ndraw=40, logz=-92.91, remainder_fraction=100.0000%, Lmin=-87.76, Lmax=-10.42
11:31:48 [ultranest] [DEBUG] iteration=840, ncalls=1967, regioncalls=62680, ndraw=40, logz=-92.43, remainder_fraction=100.0000%, Lmin=-87.08, Lmax=-10.42
11:31:48 [ultranest] [DEBUG] iteration=844, ncalls=1979, regioncalls=63160, ndraw=40, logz=-92.19, remainder_fraction=100.0000%, Lmin=-86.84, Lmax=-10.42
11:31:49 [ultranest] [DEBUG] iteration=853, ncalls=2020, regioncalls=64800, ndraw=40, logz=-91.70, remainder_fraction=100.0000%, Lmin=-86.35, Lmax=-10.42
11:31:49 [ultranest] [DEBUG] iteration=869, ncalls=2067, regioncalls=66680, ndraw=40, logz=-90.89, remainder_fraction=100.0000%, Lmin=-85.83, Lmax=-10.42
11:31:49 [ultranest] [DEBUG] iteration=880, ncalls=2104, regioncalls=68160, ndraw=40, logz=-90.46, remainder_fraction=100.0000%, Lmin=-85.42, Lmax=-10.42
11:31:49 [ultranest] [DEBUG] iteration=894, ncalls=2151, regioncalls=70040, ndraw=40, logz=-89.80, remainder_fraction=100.0000%, Lmin=-84.35, Lmax=-10.42
11:31:49 [ultranest] [DEBUG] iteration=911, ncalls=2199, regioncalls=71960, ndraw=40, logz=-88.55, remainder_fraction=100.0000%, Lmin=-82.76, Lmax=-10.42
11:31:49 [ultranest] [DEBUG] iteration=920, ncalls=2219, regioncalls=72760, ndraw=40, logz=-87.85, remainder_fraction=100.0000%, Lmin=-82.01, Lmax=-10.42
11:31:49 [ultranest] [DEBUG] iteration=932, ncalls=2257, regioncalls=74280, ndraw=40, logz=-86.98, remainder_fraction=100.0000%, Lmin=-81.29, Lmax=-10.42
11:31:49 [ultranest] [DEBUG] iteration=945, ncalls=2304, regioncalls=76160, ndraw=40, logz=-86.11, remainder_fraction=100.0000%, Lmin=-80.39, Lmax=-10.42
11:31:49 [ultranest] [DEBUG] iteration=960, ncalls=2341, regioncalls=77640, ndraw=40, logz=-85.13, remainder_fraction=100.0000%, Lmin=-79.35, Lmax=-10.42
11:31:49 [ultranest] [DEBUG] iteration=973, ncalls=2387, regioncalls=79480, ndraw=40, logz=-84.12, remainder_fraction=100.0000%, Lmin=-78.15, Lmax=-10.42
11:31:50 [ultranest] [DEBUG] iteration=987, ncalls=2435, regioncalls=81400, ndraw=40, logz=-83.17, remainder_fraction=100.0000%, Lmin=-77.30, Lmax=-10.42
11:31:50 [ultranest] [DEBUG] iteration=998, ncalls=2479, regioncalls=83160, ndraw=40, logz=-82.48, remainder_fraction=100.0000%, Lmin=-76.78, Lmax=-10.42
11:31:50 [ultranest] [DEBUG] iteration=1000, ncalls=2486, regioncalls=83440, ndraw=40, logz=-82.38, remainder_fraction=100.0000%, Lmin=-76.73, Lmax=-10.42
11:31:50 [ultranest] [DEBUG] iteration=1014, ncalls=2528, regioncalls=85120, ndraw=40, logz=-81.63, remainder_fraction=100.0000%, Lmin=-75.78, Lmax=-10.42
11:31:50 [ultranest] [DEBUG] iteration=1026, ncalls=2577, regioncalls=87080, ndraw=40, logz=-80.93, remainder_fraction=100.0000%, Lmin=-75.16, Lmax=-10.42
11:31:50 [ultranest] [DEBUG] iteration=1040, ncalls=2623, regioncalls=88920, ndraw=40, logz=-80.21, remainder_fraction=100.0000%, Lmin=-74.44, Lmax=-10.42
11:31:50 [ultranest] [DEBUG] iteration=1054, ncalls=2669, regioncalls=90760, ndraw=40, logz=-79.41, remainder_fraction=100.0000%, Lmin=-73.35, Lmax=-10.42
11:31:50 [ultranest] [DEBUG] iteration=1064, ncalls=2720, regioncalls=92800, ndraw=40, logz=-78.74, remainder_fraction=100.0000%, Lmin=-72.61, Lmax=-10.42
11:31:50 [ultranest] [DEBUG] clustering found some stray points [need_accept=False] (array([1, 2]), array([343,   1]))
11:31:50 [ultranest] [DEBUG] iteration=1076, ncalls=2764, regioncalls=94560, ndraw=40, logz=-77.87, remainder_fraction=100.0000%, Lmin=-71.70, Lmax=-10.42
11:31:50 [ultranest] [DEBUG] iteration=1080, ncalls=2775, regioncalls=95000, ndraw=40, logz=-77.60, remainder_fraction=100.0000%, Lmin=-71.35, Lmax=-10.42
11:31:50 [ultranest] [DEBUG] iteration=1094, ncalls=2819, regioncalls=96760, ndraw=40, logz=-76.50, remainder_fraction=100.0000%, Lmin=-69.92, Lmax=-10.42
11:31:50 [ultranest] [DEBUG] iteration=1108, ncalls=2864, regioncalls=98560, ndraw=40, logz=-75.33, remainder_fraction=100.0000%, Lmin=-69.05, Lmax=-10.42
11:31:51 [ultranest] [DEBUG] iteration=1120, ncalls=2895, regioncalls=99800, ndraw=40, logz=-74.58, remainder_fraction=100.0000%, Lmin=-68.44, Lmax=-10.42
11:31:51 [ultranest] [DEBUG] iteration=1131, ncalls=2942, regioncalls=101680, ndraw=40, logz=-73.94, remainder_fraction=100.0000%, Lmin=-67.80, Lmax=-10.42
11:31:51 [ultranest] [DEBUG] iteration=1142, ncalls=2991, regioncalls=103640, ndraw=40, logz=-73.29, remainder_fraction=100.0000%, Lmin=-66.79, Lmax=-10.42
11:31:51 [ultranest] [DEBUG] iteration=1152, ncalls=3032, regioncalls=105280, ndraw=40, logz=-72.42, remainder_fraction=100.0000%, Lmin=-65.86, Lmax=-10.42
11:31:51 [ultranest] [DEBUG] iteration=1160, ncalls=3067, regioncalls=106680, ndraw=40, logz=-71.86, remainder_fraction=100.0000%, Lmin=-65.59, Lmax=-10.42
11:31:51 [ultranest] [DEBUG] iteration=1172, ncalls=3114, regioncalls=108560, ndraw=40, logz=-71.17, remainder_fraction=100.0000%, Lmin=-64.77, Lmax=-10.42
11:31:51 [ultranest] [DEBUG] iteration=1185, ncalls=3161, regioncalls=110440, ndraw=40, logz=-70.31, remainder_fraction=100.0000%, Lmin=-63.56, Lmax=-10.42
11:31:51 [ultranest] [DEBUG] iteration=1197, ncalls=3208, regioncalls=112320, ndraw=40, logz=-69.24, remainder_fraction=100.0000%, Lmin=-62.39, Lmax=-10.42
11:31:51 [ultranest] [DEBUG] iteration=1200, ncalls=3215, regioncalls=112600, ndraw=40, logz=-68.95, remainder_fraction=100.0000%, Lmin=-62.18, Lmax=-10.42
11:31:51 [ultranest] [DEBUG] iteration=1214, ncalls=3262, regioncalls=114480, ndraw=40, logz=-67.80, remainder_fraction=100.0000%, Lmin=-61.29, Lmax=-10.42
11:31:52 [ultranest] [DEBUG] iteration=1228, ncalls=3318, regioncalls=116720, ndraw=40, logz=-66.89, remainder_fraction=100.0000%, Lmin=-60.33, Lmax=-10.42
11:31:52 [ultranest] [DEBUG] iteration=1229, ncalls=3326, regioncalls=117080, ndraw=40, logz=-66.83, remainder_fraction=100.0000%, Lmin=-60.18, Lmax=-10.42
11:31:52 [ultranest] [DEBUG] iteration=1240, ncalls=3353, regioncalls=118160, ndraw=40, logz=-66.11, remainder_fraction=100.0000%, Lmin=-59.61, Lmax=-10.42
11:31:52 [ultranest] [DEBUG] iteration=1251, ncalls=3399, regioncalls=120000, ndraw=40, logz=-65.44, remainder_fraction=100.0000%, Lmin=-58.58, Lmax=-10.42
11:31:52 [ultranest] [DEBUG] iteration=1266, ncalls=3450, regioncalls=122040, ndraw=40, logz=-64.41, remainder_fraction=100.0000%, Lmin=-57.74, Lmax=-10.42
11:31:52 [ultranest] [DEBUG] iteration=1277, ncalls=3497, regioncalls=123920, ndraw=40, logz=-63.64, remainder_fraction=100.0000%, Lmin=-56.76, Lmax=-10.42
11:31:52 [ultranest] [DEBUG] iteration=1280, ncalls=3505, regioncalls=124240, ndraw=40, logz=-63.42, remainder_fraction=100.0000%, Lmin=-56.57, Lmax=-10.42
11:31:52 [ultranest] [DEBUG] iteration=1294, ncalls=3550, regioncalls=126040, ndraw=40, logz=-62.42, remainder_fraction=100.0000%, Lmin=-55.85, Lmax=-10.42
11:31:52 [ultranest] [DEBUG] iteration=1304, ncalls=3597, regioncalls=127920, ndraw=40, logz=-61.78, remainder_fraction=100.0000%, Lmin=-54.83, Lmax=-10.42
11:31:52 [ultranest] [DEBUG] iteration=1317, ncalls=3634, regioncalls=129400, ndraw=40, logz=-60.75, remainder_fraction=100.0000%, Lmin=-53.81, Lmax=-10.42
11:31:52 [ultranest] [DEBUG] iteration=1320, ncalls=3653, regioncalls=130160, ndraw=40, logz=-60.54, remainder_fraction=100.0000%, Lmin=-53.59, Lmax=-10.42
11:31:52 [ultranest] [DEBUG] iteration=1337, ncalls=3698, regioncalls=131960, ndraw=40, logz=-59.30, remainder_fraction=100.0000%, Lmin=-52.23, Lmax=-10.42
11:31:53 [ultranest] [DEBUG] iteration=1345, ncalls=3749, regioncalls=134000, ndraw=40, logz=-58.74, remainder_fraction=100.0000%, Lmin=-51.69, Lmax=-10.42
11:31:53 [ultranest] [DEBUG] iteration=1355, ncalls=3802, regioncalls=136120, ndraw=40, logz=-57.85, remainder_fraction=100.0000%, Lmin=-50.55, Lmax=-10.42
11:31:53 [ultranest] [DEBUG] iteration=1360, ncalls=3820, regioncalls=136840, ndraw=40, logz=-57.41, remainder_fraction=100.0000%, Lmin=-50.16, Lmax=-10.42
11:31:53 [ultranest] [DEBUG] iteration=1369, ncalls=3868, regioncalls=138760, ndraw=40, logz=-56.61, remainder_fraction=100.0000%, Lmin=-49.19, Lmax=-10.42
11:31:53 [ultranest] [DEBUG] iteration=1382, ncalls=3922, regioncalls=140920, ndraw=40, logz=-55.67, remainder_fraction=100.0000%, Lmin=-48.71, Lmax=-10.42
11:31:53 [ultranest] [DEBUG] clustering found some stray points [need_accept=False] (array([1, 2]), array([343,   1]))
11:31:53 [ultranest] [DEBUG] iteration=1390, ncalls=3960, regioncalls=142440, ndraw=40, logz=-55.19, remainder_fraction=100.0000%, Lmin=-48.36, Lmax=-10.42
11:31:53 [ultranest] [DEBUG] iteration=1400, ncalls=4009, regioncalls=144400, ndraw=40, logz=-54.66, remainder_fraction=100.0000%, Lmin=-47.75, Lmax=-10.42
11:31:53 [ultranest] [DEBUG] iteration=1408, ncalls=4057, regioncalls=146320, ndraw=40, logz=-54.20, remainder_fraction=100.0000%, Lmin=-47.10, Lmax=-10.42
11:31:53 [ultranest] [DEBUG] iteration=1417, ncalls=4106, regioncalls=148280, ndraw=40, logz=-53.65, remainder_fraction=100.0000%, Lmin=-46.58, Lmax=-10.42
11:31:53 [ultranest] [DEBUG] iteration=1433, ncalls=4151, regioncalls=150080, ndraw=40, logz=-52.72, remainder_fraction=100.0000%, Lmin=-45.63, Lmax=-10.42
11:31:53 [ultranest] [DEBUG] iteration=1440, ncalls=4175, regioncalls=151040, ndraw=40, logz=-52.28, remainder_fraction=100.0000%, Lmin=-44.97, Lmax=-10.42
11:31:54 [ultranest] [DEBUG] iteration=1454, ncalls=4219, regioncalls=152800, ndraw=40, logz=-51.42, remainder_fraction=100.0000%, Lmin=-44.30, Lmax=-10.42
11:31:54 [ultranest] [DEBUG] iteration=1465, ncalls=4264, regioncalls=154600, ndraw=40, logz=-50.80, remainder_fraction=100.0000%, Lmin=-43.74, Lmax=-10.42
11:31:54 [ultranest] [DEBUG] iteration=1474, ncalls=4308, regioncalls=156360, ndraw=40, logz=-50.24, remainder_fraction=100.0000%, Lmin=-42.84, Lmax=-10.42
11:31:54 [ultranest] [DEBUG] iteration=1480, ncalls=4341, regioncalls=157680, ndraw=40, logz=-49.78, remainder_fraction=100.0000%, Lmin=-42.46, Lmax=-10.42
11:31:54 [ultranest] [DEBUG] iteration=1492, ncalls=4396, regioncalls=159880, ndraw=40, logz=-49.02, remainder_fraction=100.0000%, Lmin=-41.73, Lmax=-10.42
11:31:54 [ultranest] [DEBUG] iteration=1503, ncalls=4447, regioncalls=161920, ndraw=40, logz=-48.34, remainder_fraction=100.0000%, Lmin=-41.15, Lmax=-10.42
11:31:54 [ultranest] [DEBUG] iteration=1511, ncalls=4500, regioncalls=164040, ndraw=40, logz=-47.83, remainder_fraction=100.0000%, Lmin=-40.46, Lmax=-10.42
11:31:54 [ultranest] [DEBUG] iteration=1520, ncalls=4544, regioncalls=165800, ndraw=40, logz=-47.32, remainder_fraction=100.0000%, Lmin=-40.15, Lmax=-10.42
11:31:54 [ultranest] [DEBUG] iteration=1533, ncalls=4590, regioncalls=167640, ndraw=40, logz=-46.58, remainder_fraction=100.0000%, Lmin=-39.27, Lmax=-10.42
11:31:55 [ultranest] [DEBUG] iteration=1544, ncalls=4633, regioncalls=169360, ndraw=40, logz=-46.01, remainder_fraction=100.0000%, Lmin=-38.58, Lmax=-10.42
11:31:55 [ultranest] [DEBUG] iteration=1557, ncalls=4676, regioncalls=171080, ndraw=40, logz=-45.12, remainder_fraction=100.0000%, Lmin=-37.67, Lmax=-10.42
11:31:55 [ultranest] [DEBUG] iteration=1560, ncalls=4688, regioncalls=171600, ndraw=40, logz=-44.94, remainder_fraction=100.0000%, Lmin=-37.57, Lmax=-10.42
11:31:55 [ultranest] [DEBUG] iteration=1566, ncalls=4754, regioncalls=174240, ndraw=40, logz=-44.63, remainder_fraction=100.0000%, Lmin=-37.34, Lmax=-10.42
11:31:55 [ultranest] [DEBUG] iteration=1577, ncalls=4803, regioncalls=176200, ndraw=40, logz=-44.06, remainder_fraction=100.0000%, Lmin=-36.53, Lmax=-10.42
11:31:55 [ultranest] [DEBUG] iteration=1588, ncalls=4850, regioncalls=178080, ndraw=40, logz=-43.43, remainder_fraction=100.0000%, Lmin=-36.05, Lmax=-10.42
11:31:55 [ultranest] [DEBUG] iteration=1600, ncalls=4903, regioncalls=180200, ndraw=40, logz=-42.74, remainder_fraction=100.0000%, Lmin=-35.11, Lmax=-10.42
11:31:55 [ultranest] [DEBUG] iteration=1606, ncalls=4959, regioncalls=182440, ndraw=40, logz=-42.36, remainder_fraction=100.0000%, Lmin=-34.82, Lmax=-10.42
11:31:55 [ultranest] [DEBUG] iteration=1618, ncalls=5002, regioncalls=184160, ndraw=40, logz=-41.66, remainder_fraction=100.0000%, Lmin=-34.06, Lmax=-10.42
11:31:55 [ultranest] [DEBUG] iteration=1624, ncalls=5051, regioncalls=186120, ndraw=40, logz=-41.33, remainder_fraction=100.0000%, Lmin=-33.89, Lmax=-10.42
11:31:56 [ultranest] [DEBUG] iteration=1630, ncalls=5102, regioncalls=188160, ndraw=40, logz=-41.04, remainder_fraction=100.0000%, Lmin=-33.63, Lmax=-10.42
11:31:56 [ultranest] [DEBUG] iteration=1640, ncalls=5140, regioncalls=189680, ndraw=40, logz=-40.62, remainder_fraction=100.0000%, Lmin=-33.40, Lmax=-10.42
11:31:56 [ultranest] [DEBUG] iteration=1653, ncalls=5195, regioncalls=191880, ndraw=40, logz=-40.13, remainder_fraction=100.0000%, Lmin=-32.95, Lmax=-10.42
11:31:56 [ultranest] [DEBUG] iteration=1661, ncalls=5246, regioncalls=193920, ndraw=40, logz=-39.82, remainder_fraction=100.0000%, Lmin=-32.44, Lmax=-10.42
11:31:56 [ultranest] [DEBUG] iteration=1673, ncalls=5292, regioncalls=195760, ndraw=40, logz=-39.32, remainder_fraction=100.0000%, Lmin=-31.91, Lmax=-10.42
11:31:56 [ultranest] [DEBUG] iteration=1680, ncalls=5348, regioncalls=198000, ndraw=40, logz=-39.03, remainder_fraction=100.0000%, Lmin=-31.61, Lmax=-10.42
11:31:56 [ultranest] [DEBUG] iteration=1688, ncalls=5402, regioncalls=200160, ndraw=40, logz=-38.71, remainder_fraction=100.0000%, Lmin=-31.32, Lmax=-10.42
11:31:56 [ultranest] [DEBUG] iteration=1695, ncalls=5452, regioncalls=202160, ndraw=40, logz=-38.43, remainder_fraction=100.0000%, Lmin=-30.91, Lmax=-10.42
11:31:56 [ultranest] [DEBUG] iteration=1703, ncalls=5509, regioncalls=204440, ndraw=40, logz=-38.06, remainder_fraction=100.0000%, Lmin=-30.45, Lmax=-10.42
11:31:57 [ultranest] [DEBUG] iteration=1714, ncalls=5552, regioncalls=206160, ndraw=40, logz=-37.59, remainder_fraction=100.0000%, Lmin=-30.17, Lmax=-10.42
11:31:57 [ultranest] [DEBUG] iteration=1720, ncalls=5574, regioncalls=207040, ndraw=40, logz=-37.37, remainder_fraction=100.0000%, Lmin=-29.89, Lmax=-10.42
11:31:57 [ultranest] [DEBUG] iteration=1725, ncalls=5626, regioncalls=209120, ndraw=40, logz=-37.18, remainder_fraction=100.0000%, Lmin=-29.74, Lmax=-10.42
11:31:57 [ultranest] [DEBUG] iteration=1738, ncalls=5671, regioncalls=210920, ndraw=40, logz=-36.73, remainder_fraction=100.0000%, Lmin=-29.34, Lmax=-10.42
11:31:57 [ultranest] [DEBUG] iteration=1749, ncalls=5724, regioncalls=213040, ndraw=40, logz=-36.36, remainder_fraction=100.0000%, Lmin=-28.96, Lmax=-10.42
11:31:57 [ultranest] [DEBUG] iteration=1757, ncalls=5775, regioncalls=215080, ndraw=40, logz=-36.06, remainder_fraction=100.0000%, Lmin=-28.50, Lmax=-10.42
11:31:57 [ultranest] [DEBUG] iteration=1760, ncalls=5782, regioncalls=215360, ndraw=40, logz=-35.95, remainder_fraction=100.0000%, Lmin=-28.43, Lmax=-10.42
11:31:57 [ultranest] [DEBUG] iteration=1768, ncalls=5828, regioncalls=217240, ndraw=40, logz=-35.66, remainder_fraction=100.0000%, Lmin=-28.10, Lmax=-10.42
11:31:57 [ultranest] [DEBUG] iteration=1777, ncalls=5887, regioncalls=219680, ndraw=40, logz=-35.32, remainder_fraction=100.0000%, Lmin=-27.62, Lmax=-10.42
11:31:57 [ultranest] [DEBUG] iteration=1790, ncalls=5934, regioncalls=221560, ndraw=40, logz=-34.81, remainder_fraction=100.0000%, Lmin=-27.24, Lmax=-10.42
11:31:57 [ultranest] [DEBUG] iteration=1800, ncalls=5975, regioncalls=223200, ndraw=40, logz=-34.47, remainder_fraction=100.0000%, Lmin=-26.94, Lmax=-10.42
11:31:58 [ultranest] [DEBUG] iteration=1807, ncalls=6037, regioncalls=225680, ndraw=40, logz=-34.26, remainder_fraction=100.0000%, Lmin=-26.80, Lmax=-10.42
11:31:58 [ultranest] [DEBUG] iteration=1821, ncalls=6084, regioncalls=227560, ndraw=40, logz=-33.79, remainder_fraction=99.9999%, Lmin=-26.26, Lmax=-10.42
11:31:58 [ultranest] [DEBUG] iteration=1829, ncalls=6138, regioncalls=229840, ndraw=40, logz=-33.54, remainder_fraction=99.9999%, Lmin=-25.96, Lmax=-10.42
11:31:58 [ultranest] [DEBUG] iteration=1840, ncalls=6179, regioncalls=231480, ndraw=40, logz=-33.22, remainder_fraction=99.9999%, Lmin=-25.78, Lmax=-10.42
11:31:58 [ultranest] [DEBUG] iteration=1845, ncalls=6200, regioncalls=232320, ndraw=40, logz=-33.09, remainder_fraction=99.9999%, Lmin=-25.69, Lmax=-10.42
11:31:58 [ultranest] [DEBUG] iteration=1857, ncalls=6240, regioncalls=233960, ndraw=40, logz=-32.74, remainder_fraction=99.9998%, Lmin=-25.05, Lmax=-10.42
11:31:58 [ultranest] [DEBUG] iteration=1871, ncalls=6283, regioncalls=235720, ndraw=40, logz=-32.30, remainder_fraction=99.9997%, Lmin=-24.66, Lmax=-10.42
11:31:58 [ultranest] [DEBUG] iteration=1880, ncalls=6310, regioncalls=236800, ndraw=40, logz=-32.06, remainder_fraction=99.9996%, Lmin=-24.57, Lmax=-10.42
11:31:58 [ultranest] [DEBUG] iteration=1896, ncalls=6361, regioncalls=238840, ndraw=40, logz=-31.66, remainder_fraction=99.9994%, Lmin=-24.15, Lmax=-10.42
11:31:58 [ultranest] [DEBUG] iteration=1907, ncalls=6420, regioncalls=241200, ndraw=40, logz=-31.38, remainder_fraction=99.9992%, Lmin=-23.77, Lmax=-10.42
11:31:59 [ultranest] [DEBUG] iteration=1916, ncalls=6468, regioncalls=243120, ndraw=40, logz=-31.13, remainder_fraction=99.9990%, Lmin=-23.44, Lmax=-10.42
11:31:59 [ultranest] [DEBUG] iteration=1920, ncalls=6489, regioncalls=243960, ndraw=40, logz=-31.03, remainder_fraction=99.9989%, Lmin=-23.42, Lmax=-10.42
11:31:59 [ultranest] [DEBUG] iteration=1928, ncalls=6531, regioncalls=245640, ndraw=40, logz=-30.82, remainder_fraction=99.9986%, Lmin=-23.21, Lmax=-10.42
11:31:59 [ultranest] [DEBUG] iteration=1939, ncalls=6581, regioncalls=247640, ndraw=40, logz=-30.54, remainder_fraction=99.9981%, Lmin=-22.75, Lmax=-10.42
11:31:59 [ultranest] [DEBUG] iteration=1952, ncalls=6630, regioncalls=249600, ndraw=40, logz=-30.20, remainder_fraction=99.9973%, Lmin=-22.52, Lmax=-10.42
11:31:59 [ultranest] [DEBUG] iteration=1960, ncalls=6660, regioncalls=250800, ndraw=40, logz=-30.00, remainder_fraction=99.9967%, Lmin=-22.34, Lmax=-10.42
11:31:59 [ultranest] [DEBUG] iteration=1968, ncalls=6712, regioncalls=252880, ndraw=40, logz=-29.82, remainder_fraction=99.9961%, Lmin=-22.21, Lmax=-10.42
11:31:59 [ultranest] [DEBUG] iteration=1978, ncalls=6771, regioncalls=255240, ndraw=40, logz=-29.59, remainder_fraction=99.9950%, Lmin=-21.82, Lmax=-10.42
11:31:59 [ultranest] [DEBUG] iteration=1992, ncalls=6837, regioncalls=257880, ndraw=40, logz=-29.26, remainder_fraction=99.9931%, Lmin=-21.53, Lmax=-10.42
11:31:59 [ultranest] [DEBUG] iteration=1999, ncalls=6864, regioncalls=259000, ndraw=40, logz=-29.10, remainder_fraction=99.9918%, Lmin=-21.44, Lmax=-10.42
11:31:59 [ultranest] [DEBUG] iteration=2000, ncalls=6867, regioncalls=259120, ndraw=40, logz=-29.08, remainder_fraction=99.9916%, Lmin=-21.37, Lmax=-10.42
11:32:00 [ultranest] [DEBUG] iteration=2014, ncalls=6910, regioncalls=260840, ndraw=40, logz=-28.77, remainder_fraction=99.9892%, Lmin=-20.98, Lmax=-10.42
11:32:00 [ultranest] [DEBUG] iteration=2025, ncalls=6961, regioncalls=262880, ndraw=40, logz=-28.52, remainder_fraction=99.9867%, Lmin=-20.71, Lmax=-10.42
11:32:00 [ultranest] [DEBUG] iteration=2033, ncalls=7025, regioncalls=265440, ndraw=40, logz=-28.35, remainder_fraction=99.9844%, Lmin=-20.63, Lmax=-10.42
11:32:00 [ultranest] [DEBUG] iteration=2040, ncalls=7064, regioncalls=267000, ndraw=40, logz=-28.21, remainder_fraction=99.9818%, Lmin=-20.54, Lmax=-10.42
11:32:00 [ultranest] [DEBUG] iteration=2051, ncalls=7113, regioncalls=268960, ndraw=40, logz=-28.00, remainder_fraction=99.9768%, Lmin=-20.27, Lmax=-10.42
11:32:00 [ultranest] [DEBUG] iteration=2061, ncalls=7172, regioncalls=271320, ndraw=40, logz=-27.80, remainder_fraction=99.9730%, Lmin=-20.03, Lmax=-10.42
11:32:00 [ultranest] [DEBUG] iteration=2076, ncalls=7222, regioncalls=273320, ndraw=40, logz=-27.52, remainder_fraction=99.9644%, Lmin=-19.79, Lmax=-10.42
11:32:00 [ultranest] [DEBUG] iteration=2080, ncalls=7234, regioncalls=273800, ndraw=40, logz=-27.45, remainder_fraction=99.9614%, Lmin=-19.71, Lmax=-10.42
11:32:00 [ultranest] [DEBUG] iteration=2088, ncalls=7279, regioncalls=275600, ndraw=40, logz=-27.30, remainder_fraction=99.9555%, Lmin=-19.46, Lmax=-10.42
11:32:00 [ultranest] [DEBUG] iteration=2097, ncalls=7330, regioncalls=277640, ndraw=40, logz=-27.13, remainder_fraction=99.9472%, Lmin=-19.30, Lmax=-10.42
11:32:01 [ultranest] [DEBUG] iteration=2108, ncalls=7378, regioncalls=279560, ndraw=40, logz=-26.93, remainder_fraction=99.9346%, Lmin=-19.13, Lmax=-10.42
11:32:01 [ultranest] [DEBUG] iteration=2118, ncalls=7431, regioncalls=281680, ndraw=40, logz=-26.74, remainder_fraction=99.9203%, Lmin=-18.75, Lmax=-10.42
11:32:01 [ultranest] [DEBUG] iteration=2120, ncalls=7443, regioncalls=282160, ndraw=40, logz=-26.70, remainder_fraction=99.9192%, Lmin=-18.70, Lmax=-10.42
11:32:01 [ultranest] [DEBUG] iteration=2131, ncalls=7486, regioncalls=283880, ndraw=40, logz=-26.48, remainder_fraction=99.9019%, Lmin=-18.49, Lmax=-10.42
11:32:01 [ultranest] [DEBUG] iteration=2143, ncalls=7544, regioncalls=286200, ndraw=40, logz=-26.23, remainder_fraction=99.8776%, Lmin=-18.20, Lmax=-10.42
11:32:01 [ultranest] [DEBUG] iteration=2152, ncalls=7599, regioncalls=288400, ndraw=40, logz=-26.04, remainder_fraction=99.8549%, Lmin=-17.94, Lmax=-10.42
11:32:01 [ultranest] [DEBUG] iteration=2160, ncalls=7632, regioncalls=289720, ndraw=40, logz=-25.87, remainder_fraction=99.8277%, Lmin=-17.77, Lmax=-10.42
11:32:01 [ultranest] [DEBUG] iteration=2173, ncalls=7677, regioncalls=291520, ndraw=40, logz=-25.61, remainder_fraction=99.7756%, Lmin=-17.57, Lmax=-10.42
11:32:01 [ultranest] [DEBUG] iteration=2185, ncalls=7724, regioncalls=293400, ndraw=40, logz=-25.40, remainder_fraction=99.7250%, Lmin=-17.44, Lmax=-10.42
11:32:01 [ultranest] [DEBUG] iteration=2194, ncalls=7776, regioncalls=295480, ndraw=40, logz=-25.25, remainder_fraction=99.6896%, Lmin=-17.33, Lmax=-10.42
11:32:01 [ultranest] [DEBUG] iteration=2200, ncalls=7795, regioncalls=296240, ndraw=40, logz=-25.16, remainder_fraction=99.6609%, Lmin=-17.29, Lmax=-10.42
11:32:02 [ultranest] [DEBUG] iteration=2209, ncalls=7844, regioncalls=298200, ndraw=40, logz=-25.03, remainder_fraction=99.6165%, Lmin=-17.19, Lmax=-10.42
11:32:02 [ultranest] [DEBUG] iteration=2218, ncalls=7897, regioncalls=300320, ndraw=40, logz=-24.91, remainder_fraction=99.5819%, Lmin=-17.09, Lmax=-10.40
11:32:02 [ultranest] [DEBUG] clustering found some stray points [need_accept=False] (array([1, 2]), array([343,   1]))
11:32:02 [ultranest] [DEBUG] iteration=2231, ncalls=7952, regioncalls=302520, ndraw=40, logz=-24.75, remainder_fraction=99.5364%, Lmin=-16.97, Lmax=-10.40
11:32:02 [ultranest] [DEBUG] iteration=2240, ncalls=7992, regioncalls=304120, ndraw=40, logz=-24.64, remainder_fraction=99.4798%, Lmin=-16.93, Lmax=-10.40
11:32:02 [ultranest] [DEBUG] iteration=2247, ncalls=8041, regioncalls=306080, ndraw=40, logz=-24.57, remainder_fraction=99.4333%, Lmin=-16.85, Lmax=-10.40
11:32:02 [ultranest] [DEBUG] iteration=2258, ncalls=8095, regioncalls=308240, ndraw=40, logz=-24.44, remainder_fraction=99.3610%, Lmin=-16.67, Lmax=-10.40
11:32:02 [ultranest] [DEBUG] iteration=2270, ncalls=8143, regioncalls=310160, ndraw=40, logz=-24.31, remainder_fraction=99.2803%, Lmin=-16.57, Lmax=-10.40
11:32:02 [ultranest] [DEBUG] iteration=2280, ncalls=8191, regioncalls=312080, ndraw=40, logz=-24.21, remainder_fraction=99.2053%, Lmin=-16.45, Lmax=-10.40
11:32:02 [ultranest] [DEBUG] iteration=2292, ncalls=8241, regioncalls=314080, ndraw=40, logz=-24.09, remainder_fraction=99.1104%, Lmin=-16.31, Lmax=-10.40
11:32:03 [ultranest] [DEBUG] iteration=2301, ncalls=8292, regioncalls=316120, ndraw=40, logz=-23.99, remainder_fraction=98.9989%, Lmin=-16.11, Lmax=-10.40
11:32:03 [ultranest] [DEBUG] iteration=2307, ncalls=8324, regioncalls=317440, ndraw=40, logz=-23.93, remainder_fraction=98.9444%, Lmin=-16.01, Lmax=-10.40
11:32:03 [ultranest] [DEBUG] iteration=2320, ncalls=8357, regioncalls=318800, ndraw=40, logz=-23.78, remainder_fraction=98.7625%, Lmin=-15.85, Lmax=-10.40
11:32:03 [ultranest] [DEBUG] iteration=2333, ncalls=8407, regioncalls=320800, ndraw=40, logz=-23.64, remainder_fraction=98.5624%, Lmin=-15.64, Lmax=-10.40
11:32:03 [ultranest] [DEBUG] iteration=2346, ncalls=8457, regioncalls=322800, ndraw=40, logz=-23.49, remainder_fraction=98.3605%, Lmin=-15.50, Lmax=-10.40
11:32:03 [ultranest] [DEBUG] iteration=2359, ncalls=8515, regioncalls=325120, ndraw=40, logz=-23.35, remainder_fraction=98.1737%, Lmin=-15.31, Lmax=-10.37
11:32:03 [ultranest] [DEBUG] iteration=2360, ncalls=8522, regioncalls=325400, ndraw=40, logz=-23.34, remainder_fraction=98.1487%, Lmin=-15.31, Lmax=-10.37
11:32:03 [ultranest] [DEBUG] iteration=2374, ncalls=8569, regioncalls=327280, ndraw=40, logz=-23.20, remainder_fraction=97.8232%, Lmin=-15.15, Lmax=-10.37
11:32:03 [ultranest] [DEBUG] iteration=2384, ncalls=8621, regioncalls=329360, ndraw=40, logz=-23.09, remainder_fraction=97.5647%, Lmin=-15.10, Lmax=-10.37
11:32:03 [ultranest] [DEBUG] iteration=2390, ncalls=8666, regioncalls=331160, ndraw=40, logz=-23.04, remainder_fraction=97.4008%, Lmin=-15.05, Lmax=-10.37
11:32:04 [ultranest] [DEBUG] iteration=2400, ncalls=8718, regioncalls=333240, ndraw=40, logz=-22.94, remainder_fraction=97.1911%, Lmin=-14.87, Lmax=-10.37
11:32:04 [ultranest] [DEBUG] iteration=2414, ncalls=8763, regioncalls=335040, ndraw=40, logz=-22.81, remainder_fraction=96.8443%, Lmin=-14.78, Lmax=-10.37
11:32:04 [ultranest] [DEBUG] iteration=2426, ncalls=8811, regioncalls=336960, ndraw=40, logz=-22.70, remainder_fraction=96.5424%, Lmin=-14.67, Lmax=-10.37
11:32:04 [ultranest] [DEBUG] iteration=2439, ncalls=8853, regioncalls=338640, ndraw=40, logz=-22.58, remainder_fraction=96.1290%, Lmin=-14.56, Lmax=-10.37
11:32:04 [ultranest] [DEBUG] iteration=2440, ncalls=8854, regioncalls=338680, ndraw=40, logz=-22.58, remainder_fraction=96.1030%, Lmin=-14.55, Lmax=-10.37
11:32:04 [ultranest] [DEBUG] iteration=2449, ncalls=8908, regioncalls=340840, ndraw=40, logz=-22.50, remainder_fraction=95.7350%, Lmin=-14.47, Lmax=-10.37
11:32:04 [ultranest] [DEBUG] iteration=2459, ncalls=8960, regioncalls=342920, ndraw=40, logz=-22.42, remainder_fraction=95.3289%, Lmin=-14.36, Lmax=-10.37
11:32:04 [ultranest] [DEBUG] iteration=2461, ncalls=8963, regioncalls=343040, ndraw=40, logz=-22.40, remainder_fraction=95.2474%, Lmin=-14.33, Lmax=-10.37
11:32:04 [ultranest] [DEBUG] iteration=2472, ncalls=9008, regioncalls=344880, ndraw=40, logz=-22.31, remainder_fraction=94.8039%, Lmin=-14.21, Lmax=-10.37
11:32:04 [ultranest] [DEBUG] iteration=2480, ncalls=9028, regioncalls=345680, ndraw=40, logz=-22.24, remainder_fraction=94.5144%, Lmin=-14.14, Lmax=-10.37
11:32:04 [ultranest] [DEBUG] iteration=2493, ncalls=9076, regioncalls=347600, ndraw=40, logz=-22.14, remainder_fraction=93.9358%, Lmin=-14.05, Lmax=-10.37
11:32:04 [ultranest] [DEBUG] iteration=2502, ncalls=9125, regioncalls=349560, ndraw=40, logz=-22.07, remainder_fraction=93.4739%, Lmin=-13.98, Lmax=-10.37
11:32:05 [ultranest] [DEBUG] iteration=2513, ncalls=9171, regioncalls=351400, ndraw=40, logz=-21.99, remainder_fraction=93.0367%, Lmin=-13.90, Lmax=-10.37
11:32:05 [ultranest] [DEBUG] iteration=2520, ncalls=9195, regioncalls=352360, ndraw=40, logz=-21.94, remainder_fraction=92.8254%, Lmin=-13.86, Lmax=-10.37
11:32:05 [ultranest] [DEBUG] iteration=2531, ncalls=9241, regioncalls=354200, ndraw=40, logz=-21.86, remainder_fraction=92.2215%, Lmin=-13.80, Lmax=-10.37
11:32:05 [ultranest] [DEBUG] iteration=2538, ncalls=9261, regioncalls=355080, ndraw=40, logz=-21.81, remainder_fraction=91.9326%, Lmin=-13.73, Lmax=-10.37
11:32:05 [ultranest] [DEBUG] iteration=2540, ncalls=9275, regioncalls=355640, ndraw=40, logz=-21.80, remainder_fraction=91.8051%, Lmin=-13.72, Lmax=-10.37
11:32:05 [ultranest] [DEBUG] iteration=2542, ncalls=9291, regioncalls=356280, ndraw=40, logz=-21.79, remainder_fraction=91.6849%, Lmin=-13.71, Lmax=-10.37
11:32:06 [ultranest] [DEBUG] iteration=2546, ncalls=9299, regioncalls=356600, ndraw=40, logz=-21.76, remainder_fraction=91.4790%, Lmin=-13.67, Lmax=-10.37
11:32:06 [ultranest] [DEBUG] iteration=2550, ncalls=9305, regioncalls=356840, ndraw=40, logz=-21.73, remainder_fraction=91.2316%, Lmin=-13.64, Lmax=-10.37
11:32:06 [ultranest] [DEBUG] iteration=2552, ncalls=9315, regioncalls=357240, ndraw=40, logz=-21.72, remainder_fraction=91.0872%, Lmin=-13.63, Lmax=-10.37
11:32:06 [ultranest] [DEBUG] iteration=2555, ncalls=9321, regioncalls=357480, ndraw=40, logz=-21.70, remainder_fraction=90.8920%, Lmin=-13.61, Lmax=-10.37
11:32:06 [ultranest] [DEBUG] iteration=2557, ncalls=9334, regioncalls=358000, ndraw=40, logz=-21.69, remainder_fraction=90.7541%, Lmin=-13.60, Lmax=-10.37
11:32:06 [ultranest] [DEBUG] iteration=2559, ncalls=9343, regioncalls=358360, ndraw=40, logz=-21.68, remainder_fraction=90.6130%, Lmin=-13.58, Lmax=-10.37
11:32:06 [ultranest] [DEBUG] iteration=2560, ncalls=9345, regioncalls=358440, ndraw=40, logz=-21.67, remainder_fraction=90.5363%, Lmin=-13.58, Lmax=-10.37
11:32:07 [ultranest] [DEBUG] iteration=2563, ncalls=9356, regioncalls=358880, ndraw=40, logz=-21.65, remainder_fraction=90.3447%, Lmin=-13.56, Lmax=-10.37
11:32:07 [ultranest] [DEBUG] iteration=2566, ncalls=9366, regioncalls=359280, ndraw=40, logz=-21.63, remainder_fraction=90.1275%, Lmin=-13.55, Lmax=-10.37
11:32:07 [ultranest] [DEBUG] iteration=2568, ncalls=9373, regioncalls=359560, ndraw=40, logz=-21.62, remainder_fraction=89.9750%, Lmin=-13.53, Lmax=-10.37
11:32:07 [ultranest] [DEBUG] iteration=2571, ncalls=9380, regioncalls=359840, ndraw=40, logz=-21.60, remainder_fraction=89.8185%, Lmin=-13.52, Lmax=-10.37
11:32:07 [ultranest] [DEBUG] iteration=2573, ncalls=9386, regioncalls=360080, ndraw=40, logz=-21.59, remainder_fraction=89.7098%, Lmin=-13.51, Lmax=-10.37
11:32:07 [ultranest] [DEBUG] iteration=2575, ncalls=9393, regioncalls=360360, ndraw=40, logz=-21.58, remainder_fraction=89.5512%, Lmin=-13.49, Lmax=-10.37
11:32:07 [ultranest] [DEBUG] iteration=2577, ncalls=9401, regioncalls=360680, ndraw=40, logz=-21.56, remainder_fraction=89.4278%, Lmin=-13.48, Lmax=-10.37
11:32:08 [ultranest] [DEBUG] iteration=2579, ncalls=9411, regioncalls=361080, ndraw=40, logz=-21.55, remainder_fraction=89.2873%, Lmin=-13.47, Lmax=-10.37
11:32:08 [ultranest] [DEBUG] iteration=2581, ncalls=9426, regioncalls=361680, ndraw=40, logz=-21.54, remainder_fraction=89.2477%, Lmin=-13.47, Lmax=-10.37
11:32:08 [ultranest] [DEBUG] iteration=2583, ncalls=9434, regioncalls=362000, ndraw=40, logz=-21.53, remainder_fraction=89.1328%, Lmin=-13.46, Lmax=-10.37
11:32:08 [ultranest] [DEBUG] iteration=2587, ncalls=9440, regioncalls=362240, ndraw=40, logz=-21.50, remainder_fraction=88.8980%, Lmin=-13.44, Lmax=-10.37
11:32:08 [ultranest] [DEBUG] iteration=2589, ncalls=9452, regioncalls=362720, ndraw=40, logz=-21.49, remainder_fraction=88.7991%, Lmin=-13.42, Lmax=-10.37
11:32:08 [ultranest] [DEBUG] iteration=2591, ncalls=9458, regioncalls=362960, ndraw=40, logz=-21.48, remainder_fraction=88.7267%, Lmin=-13.41, Lmax=-10.37
11:32:09 [ultranest] [DEBUG] iteration=2593, ncalls=9465, regioncalls=363240, ndraw=40, logz=-21.47, remainder_fraction=88.6072%, Lmin=-13.40, Lmax=-10.37
11:32:09 [ultranest] [DEBUG] iteration=2595, ncalls=9471, regioncalls=363480, ndraw=40, logz=-21.46, remainder_fraction=88.4500%, Lmin=-13.39, Lmax=-10.37
11:32:09 [ultranest] [DEBUG] iteration=2597, ncalls=9480, regioncalls=363840, ndraw=40, logz=-21.45, remainder_fraction=88.3137%, Lmin=-13.38, Lmax=-10.37
11:32:09 [ultranest] [DEBUG] iteration=2599, ncalls=9487, regioncalls=364120, ndraw=40, logz=-21.44, remainder_fraction=88.1564%, Lmin=-13.35, Lmax=-10.37
11:32:09 [ultranest] [DEBUG] iteration=2600, ncalls=9494, regioncalls=364400, ndraw=40, logz=-21.43, remainder_fraction=88.0944%, Lmin=-13.35, Lmax=-10.37
11:32:09 [ultranest] [DEBUG] iteration=2601, ncalls=9501, regioncalls=364680, ndraw=40, logz=-21.42, remainder_fraction=88.0344%, Lmin=-13.35, Lmax=-10.37
11:32:09 [ultranest] [DEBUG] iteration=2604, ncalls=9514, regioncalls=365200, ndraw=40, logz=-21.41, remainder_fraction=87.8401%, Lmin=-13.34, Lmax=-10.37
11:32:10 [ultranest] [DEBUG] iteration=2606, ncalls=9523, regioncalls=365560, ndraw=40, logz=-21.40, remainder_fraction=87.6793%, Lmin=-13.33, Lmax=-10.37
11:32:10 [ultranest] [DEBUG] iteration=2607, ncalls=9530, regioncalls=365840, ndraw=40, logz=-21.39, remainder_fraction=87.6531%, Lmin=-13.33, Lmax=-10.37
11:32:10 [ultranest] [DEBUG] iteration=2610, ncalls=9540, regioncalls=366240, ndraw=40, logz=-21.38, remainder_fraction=87.4397%, Lmin=-13.31, Lmax=-10.37
11:32:10 [ultranest] [DEBUG] iteration=2612, ncalls=9550, regioncalls=366640, ndraw=40, logz=-21.36, remainder_fraction=87.2638%, Lmin=-13.30, Lmax=-10.37
11:32:10 [ultranest] [DEBUG] iteration=2613, ncalls=9557, regioncalls=366920, ndraw=40, logz=-21.36, remainder_fraction=87.1784%, Lmin=-13.30, Lmax=-10.37
11:32:10 [ultranest] [DEBUG] iteration=2615, ncalls=9560, regioncalls=367040, ndraw=40, logz=-21.35, remainder_fraction=87.0492%, Lmin=-13.29, Lmax=-10.37
11:32:10 [ultranest] [DEBUG] iteration=2618, ncalls=9572, regioncalls=367520, ndraw=40, logz=-21.33, remainder_fraction=86.8289%, Lmin=-13.29, Lmax=-10.37
11:32:11 [ultranest] [DEBUG] iteration=2620, ncalls=9579, regioncalls=367800, ndraw=40, logz=-21.32, remainder_fraction=86.7496%, Lmin=-13.29, Lmax=-10.37
11:32:11 [ultranest] [DEBUG] iteration=2621, ncalls=9602, regioncalls=368720, ndraw=40, logz=-21.32, remainder_fraction=86.6676%, Lmin=-13.27, Lmax=-10.37
11:32:11 [ultranest] [DEBUG] iteration=2630, ncalls=9650, regioncalls=370640, ndraw=40, logz=-21.27, remainder_fraction=86.0428%, Lmin=-13.20, Lmax=-10.37
11:32:11 [ultranest] [DEBUG] iteration=2640, ncalls=9689, regioncalls=372200, ndraw=40, logz=-21.22, remainder_fraction=85.3233%, Lmin=-13.16, Lmax=-10.37
11:32:11 [ultranest] [DEBUG] iteration=2650, ncalls=9740, regioncalls=374240, ndraw=40, logz=-21.17, remainder_fraction=84.4715%, Lmin=-13.11, Lmax=-10.37
11:32:11 [ultranest] [DEBUG] iteration=2664, ncalls=9785, regioncalls=376040, ndraw=40, logz=-21.11, remainder_fraction=83.4356%, Lmin=-13.06, Lmax=-10.37
11:32:11 [ultranest] [DEBUG] iteration=2676, ncalls=9831, regioncalls=377880, ndraw=40, logz=-21.05, remainder_fraction=82.5334%, Lmin=-12.97, Lmax=-10.37
11:32:11 [ultranest] [DEBUG] iteration=2680, ncalls=9846, regioncalls=378480, ndraw=40, logz=-21.04, remainder_fraction=82.2868%, Lmin=-12.96, Lmax=-10.37
11:32:11 [ultranest] [DEBUG] iteration=2688, ncalls=9896, regioncalls=380480, ndraw=40, logz=-21.00, remainder_fraction=81.5534%, Lmin=-12.91, Lmax=-10.37
11:32:12 [ultranest] [DEBUG] iteration=2696, ncalls=9937, regioncalls=382120, ndraw=40, logz=-20.97, remainder_fraction=80.8375%, Lmin=-12.87, Lmax=-10.37
11:32:12 [ultranest] [DEBUG] iteration=2706, ncalls=9976, regioncalls=383680, ndraw=40, logz=-20.92, remainder_fraction=79.8513%, Lmin=-12.80, Lmax=-10.37
11:32:12 [ultranest] [DEBUG] iteration=2715, ncalls=10027, regioncalls=385720, ndraw=40, logz=-20.88, remainder_fraction=79.1455%, Lmin=-12.76, Lmax=-10.37
11:32:12 [ultranest] [DEBUG] iteration=2720, ncalls=10046, regioncalls=386480, ndraw=40, logz=-20.86, remainder_fraction=78.6463%, Lmin=-12.74, Lmax=-10.37
11:32:12 [ultranest] [DEBUG] iteration=2733, ncalls=10092, regioncalls=388320, ndraw=40, logz=-20.81, remainder_fraction=77.4314%, Lmin=-12.69, Lmax=-10.37
11:32:12 [ultranest] [DEBUG] iteration=2742, ncalls=10144, regioncalls=390400, ndraw=40, logz=-20.77, remainder_fraction=76.5512%, Lmin=-12.67, Lmax=-10.37
11:32:12 [ultranest] [DEBUG] iteration=2752, ncalls=10199, regioncalls=392600, ndraw=40, logz=-20.74, remainder_fraction=75.5330%, Lmin=-12.64, Lmax=-10.37
11:32:12 [ultranest] [DEBUG] iteration=2760, ncalls=10240, regioncalls=394240, ndraw=40, logz=-20.71, remainder_fraction=74.7919%, Lmin=-12.61, Lmax=-10.37
11:32:12 [ultranest] [DEBUG] iteration=2769, ncalls=10263, regioncalls=395200, ndraw=40, logz=-20.68, remainder_fraction=73.9971%, Lmin=-12.60, Lmax=-10.37
11:32:12 [ultranest] [DEBUG] iteration=2782, ncalls=10307, regioncalls=396960, ndraw=40, logz=-20.63, remainder_fraction=72.7469%, Lmin=-12.54, Lmax=-10.37
11:32:13 [ultranest] [DEBUG] iteration=2795, ncalls=10353, regioncalls=398800, ndraw=40, logz=-20.59, remainder_fraction=71.6155%, Lmin=-12.51, Lmax=-10.37
11:32:13 [ultranest] [DEBUG] iteration=2800, ncalls=10366, regioncalls=399320, ndraw=40, logz=-20.57, remainder_fraction=71.3220%, Lmin=-12.49, Lmax=-10.37
11:32:13 [ultranest] [DEBUG] iteration=2810, ncalls=10426, regioncalls=401720, ndraw=40, logz=-20.54, remainder_fraction=70.3413%, Lmin=-12.46, Lmax=-10.37
11:32:13 [ultranest] [DEBUG] iteration=2820, ncalls=10475, regioncalls=403680, ndraw=40, logz=-20.51, remainder_fraction=69.4463%, Lmin=-12.42, Lmax=-10.37
11:32:13 [ultranest] [DEBUG] iteration=2824, ncalls=10526, regioncalls=405720, ndraw=40, logz=-20.50, remainder_fraction=69.0771%, Lmin=-12.41, Lmax=-10.37
11:32:13 [ultranest] [DEBUG] iteration=2833, ncalls=10574, regioncalls=407640, ndraw=40, logz=-20.47, remainder_fraction=68.3007%, Lmin=-12.40, Lmax=-10.37
11:32:13 [ultranest] [DEBUG] iteration=2840, ncalls=10602, regioncalls=408760, ndraw=40, logz=-20.45, remainder_fraction=67.8202%, Lmin=-12.38, Lmax=-10.37
11:32:13 [ultranest] [DEBUG] iteration=2846, ncalls=10641, regioncalls=410360, ndraw=40, logz=-20.44, remainder_fraction=67.4506%, Lmin=-12.35, Lmax=-10.37
11:32:13 [ultranest] [DEBUG] iteration=2854, ncalls=10685, regioncalls=412120, ndraw=40, logz=-20.42, remainder_fraction=66.7292%, Lmin=-12.33, Lmax=-10.37
11:32:13 [ultranest] [DEBUG] iteration=2859, ncalls=10736, regioncalls=414160, ndraw=40, logz=-20.40, remainder_fraction=66.1765%, Lmin=-12.31, Lmax=-10.37
11:32:13 [ultranest] [DEBUG] iteration=2869, ncalls=10786, regioncalls=416160, ndraw=40, logz=-20.38, remainder_fraction=65.2619%, Lmin=-12.27, Lmax=-10.37
11:32:14 [ultranest] [DEBUG] iteration=2879, ncalls=10838, regioncalls=418240, ndraw=40, logz=-20.35, remainder_fraction=64.3775%, Lmin=-12.24, Lmax=-10.37
11:32:14 [ultranest] [DEBUG] iteration=2880, ncalls=10848, regioncalls=418640, ndraw=40, logz=-20.35, remainder_fraction=64.2663%, Lmin=-12.24, Lmax=-10.37
11:32:14 [ultranest] [DEBUG] iteration=2886, ncalls=10902, regioncalls=420800, ndraw=40, logz=-20.33, remainder_fraction=63.6457%, Lmin=-12.21, Lmax=-10.37
11:32:14 [ultranest] [DEBUG] iteration=2896, ncalls=10950, regioncalls=422720, ndraw=40, logz=-20.31, remainder_fraction=62.7606%, Lmin=-12.18, Lmax=-10.37
11:32:14 [ultranest] [DEBUG] iteration=2905, ncalls=11008, regioncalls=425040, ndraw=40, logz=-20.28, remainder_fraction=61.9883%, Lmin=-12.16, Lmax=-10.37
11:32:14 [ultranest] [DEBUG] iteration=2912, ncalls=11058, regioncalls=427040, ndraw=40, logz=-20.27, remainder_fraction=61.2746%, Lmin=-12.14, Lmax=-10.37
11:32:14 [ultranest] [DEBUG] iteration=2920, ncalls=11089, regioncalls=428280, ndraw=40, logz=-20.25, remainder_fraction=60.4214%, Lmin=-12.11, Lmax=-10.37
11:32:14 [ultranest] [DEBUG] iteration=2923, ncalls=11096, regioncalls=428600, ndraw=40, logz=-20.24, remainder_fraction=60.1725%, Lmin=-12.10, Lmax=-10.37
11:32:14 [ultranest] [DEBUG] iteration=2935, ncalls=11134, regioncalls=430120, ndraw=40, logz=-20.21, remainder_fraction=58.9958%, Lmin=-12.08, Lmax=-10.37
11:32:14 [ultranest] [DEBUG] iteration=2945, ncalls=11190, regioncalls=432440, ndraw=40, logz=-20.19, remainder_fraction=58.4155%, Lmin=-12.06, Lmax=-10.37
11:32:14 [ultranest] [DEBUG] iteration=2956, ncalls=11238, regioncalls=434360, ndraw=40, logz=-20.17, remainder_fraction=57.3488%, Lmin=-12.03, Lmax=-10.37
11:32:14 [ultranest] [DEBUG] iteration=2960, ncalls=11247, regioncalls=434800, ndraw=40, logz=-20.16, remainder_fraction=56.9645%, Lmin=-12.02, Lmax=-10.37
11:32:15 [ultranest] [DEBUG] iteration=2972, ncalls=11303, regioncalls=437040, ndraw=40, logz=-20.13, remainder_fraction=55.9929%, Lmin=-12.01, Lmax=-10.37
11:32:15 [ultranest] [DEBUG] iteration=2984, ncalls=11352, regioncalls=439000, ndraw=40, logz=-20.11, remainder_fraction=55.0844%, Lmin=-11.99, Lmax=-10.37
11:32:15 [ultranest] [DEBUG] iteration=2995, ncalls=11399, regioncalls=440880, ndraw=40, logz=-20.09, remainder_fraction=54.2626%, Lmin=-11.96, Lmax=-10.37
11:32:15 [ultranest] [DEBUG] iteration=3000, ncalls=11436, regioncalls=442480, ndraw=40, logz=-20.08, remainder_fraction=53.7341%, Lmin=-11.94, Lmax=-10.37
11:32:15 [ultranest] [DEBUG] iteration=3011, ncalls=11482, regioncalls=444400, ndraw=40, logz=-20.06, remainder_fraction=52.8289%, Lmin=-11.93, Lmax=-10.37
11:32:15 [ultranest] [DEBUG] iteration=3022, ncalls=11534, regioncalls=446480, ndraw=40, logz=-20.04, remainder_fraction=51.8984%, Lmin=-11.91, Lmax=-10.37
11:32:15 [ultranest] [DEBUG] iteration=3033, ncalls=11583, regioncalls=448440, ndraw=40, logz=-20.02, remainder_fraction=51.0354%, Lmin=-11.90, Lmax=-10.37
11:32:15 [ultranest] [DEBUG] iteration=3040, ncalls=11620, regioncalls=449920, ndraw=40, logz=-20.01, remainder_fraction=50.3299%, Lmin=-11.89, Lmax=-10.37
11:32:15 [ultranest] [DEBUG] iteration=3054, ncalls=11670, regioncalls=451920, ndraw=40, logz=-19.99, remainder_fraction=49.2415%, Lmin=-11.86, Lmax=-10.37
11:32:15 [ultranest] [DEBUG] iteration=3063, ncalls=11717, regioncalls=453800, ndraw=40, logz=-19.97, remainder_fraction=48.5513%, Lmin=-11.85, Lmax=-10.37
11:32:16 [ultranest] [DEBUG] iteration=3071, ncalls=11766, regioncalls=455760, ndraw=40, logz=-19.96, remainder_fraction=47.8121%, Lmin=-11.83, Lmax=-10.37
11:32:16 [ultranest] [DEBUG] iteration=3077, ncalls=11816, regioncalls=457760, ndraw=40, logz=-19.95, remainder_fraction=47.4019%, Lmin=-11.83, Lmax=-10.37
11:32:16 [ultranest] [DEBUG] iteration=3080, ncalls=11840, regioncalls=458720, ndraw=40, logz=-19.95, remainder_fraction=47.1229%, Lmin=-11.82, Lmax=-10.37
11:32:16 [ultranest] [DEBUG] iteration=3087, ncalls=11888, regioncalls=460640, ndraw=40, logz=-19.94, remainder_fraction=46.6149%, Lmin=-11.81, Lmax=-10.37
11:32:16 [ultranest] [DEBUG] iteration=3098, ncalls=11942, regioncalls=462800, ndraw=40, logz=-19.92, remainder_fraction=45.7347%, Lmin=-11.80, Lmax=-10.37
11:32:16 [ultranest] [DEBUG] iteration=3110, ncalls=11989, regioncalls=464760, ndraw=40, logz=-19.91, remainder_fraction=44.8653%, Lmin=-11.79, Lmax=-10.37
11:32:16 [ultranest] [DEBUG] iteration=3118, ncalls=12039, regioncalls=466760, ndraw=40, logz=-19.90, remainder_fraction=44.3348%, Lmin=-11.78, Lmax=-10.37
11:32:16 [ultranest] [DEBUG] iteration=3120, ncalls=12042, regioncalls=466880, ndraw=40, logz=-19.89, remainder_fraction=44.1752%, Lmin=-11.78, Lmax=-10.37
11:32:16 [ultranest] [DEBUG] iteration=3136, ncalls=12088, regioncalls=468720, ndraw=40, logz=-19.87, remainder_fraction=42.9860%, Lmin=-11.75, Lmax=-10.37
11:32:16 [ultranest] [DEBUG] iteration=3149, ncalls=12136, regioncalls=470640, ndraw=40, logz=-19.86, remainder_fraction=41.9303%, Lmin=-11.72, Lmax=-10.37
11:32:16 [ultranest] [DEBUG] iteration=3154, ncalls=12155, regioncalls=471440, ndraw=40, logz=-19.85, remainder_fraction=41.5865%, Lmin=-11.71, Lmax=-10.37
11:32:17 [ultranest] [DEBUG] iteration=3160, ncalls=12171, regioncalls=472080, ndraw=40, logz=-19.84, remainder_fraction=41.1144%, Lmin=-11.70, Lmax=-10.37
11:32:17 [ultranest] [DEBUG] iteration=3176, ncalls=12209, regioncalls=473600, ndraw=40, logz=-19.82, remainder_fraction=39.9161%, Lmin=-11.67, Lmax=-10.37
11:32:17 [ultranest] [DEBUG] iteration=3194, ncalls=12250, regioncalls=475240, ndraw=40, logz=-19.80, remainder_fraction=38.7524%, Lmin=-11.64, Lmax=-10.37
11:32:17 [ultranest] [DEBUG] iteration=3200, ncalls=12269, regioncalls=476040, ndraw=40, logz=-19.80, remainder_fraction=38.4386%, Lmin=-11.63, Lmax=-10.37
11:32:17 [ultranest] [DEBUG] iteration=3217, ncalls=12313, regioncalls=477800, ndraw=40, logz=-19.78, remainder_fraction=37.3402%, Lmin=-11.61, Lmax=-10.37
11:32:17 [ultranest] [DEBUG] iteration=3231, ncalls=12355, regioncalls=479480, ndraw=40, logz=-19.77, remainder_fraction=36.4556%, Lmin=-11.58, Lmax=-10.37
11:32:17 [ultranest] [DEBUG] iteration=3240, ncalls=12372, regioncalls=480160, ndraw=40, logz=-19.76, remainder_fraction=35.8909%, Lmin=-11.57, Lmax=-10.37
11:32:17 [ultranest] [DEBUG] iteration=3253, ncalls=12411, regioncalls=481720, ndraw=40, logz=-19.74, remainder_fraction=35.0792%, Lmin=-11.56, Lmax=-10.37
11:32:17 [ultranest] [DEBUG] iteration=3269, ncalls=12461, regioncalls=483720, ndraw=40, logz=-19.73, remainder_fraction=34.1644%, Lmin=-11.53, Lmax=-10.37
11:32:17 [ultranest] [DEBUG] iteration=3280, ncalls=12508, regioncalls=485600, ndraw=40, logz=-19.72, remainder_fraction=33.4580%, Lmin=-11.51, Lmax=-10.37
11:32:17 [ultranest] [DEBUG] iteration=3296, ncalls=12554, regioncalls=487440, ndraw=40, logz=-19.71, remainder_fraction=32.5676%, Lmin=-11.48, Lmax=-10.37
11:32:18 [ultranest] [DEBUG] iteration=3308, ncalls=12591, regioncalls=488960, ndraw=40, logz=-19.70, remainder_fraction=31.8301%, Lmin=-11.45, Lmax=-10.37
11:32:18 [ultranest] [DEBUG] iteration=3320, ncalls=12623, regioncalls=490240, ndraw=40, logz=-19.69, remainder_fraction=31.1148%, Lmin=-11.43, Lmax=-10.37
11:32:18 [ultranest] [DEBUG] iteration=3340, ncalls=12663, regioncalls=491840, ndraw=40, logz=-19.67, remainder_fraction=29.9835%, Lmin=-11.39, Lmax=-10.36
11:32:18 [ultranest] [DEBUG] iteration=3360, ncalls=12697, regioncalls=493200, ndraw=40, logz=-19.65, remainder_fraction=28.9394%, Lmin=-11.35, Lmax=-10.36
11:32:18 [ultranest] [DEBUG] iteration=3379, ncalls=12744, regioncalls=495080, ndraw=40, logz=-19.64, remainder_fraction=27.9569%, Lmin=-11.32, Lmax=-10.36
11:32:18 [ultranest] [DEBUG] iteration=3398, ncalls=12777, regioncalls=496400, ndraw=40, logz=-19.62, remainder_fraction=26.9503%, Lmin=-11.29, Lmax=-10.36
11:32:18 [ultranest] [DEBUG] iteration=3400, ncalls=12781, regioncalls=496560, ndraw=40, logz=-19.62, remainder_fraction=26.8472%, Lmin=-11.28, Lmax=-10.36
11:32:18 [ultranest] [DEBUG] iteration=3416, ncalls=12824, regioncalls=498280, ndraw=40, logz=-19.61, remainder_fraction=26.0447%, Lmin=-11.25, Lmax=-10.36
11:32:18 [ultranest] [DEBUG] iteration=3431, ncalls=12869, regioncalls=500080, ndraw=40, logz=-19.60, remainder_fraction=25.4349%, Lmin=-11.24, Lmax=-10.36
11:32:18 [ultranest] [DEBUG] iteration=3440, ncalls=12890, regioncalls=500920, ndraw=40, logz=-19.60, remainder_fraction=24.9626%, Lmin=-11.22, Lmax=-10.36
11:32:18 [ultranest] [DEBUG] iteration=3460, ncalls=12930, regioncalls=502520, ndraw=40, logz=-19.58, remainder_fraction=23.9627%, Lmin=-11.18, Lmax=-10.36
11:32:18 [ultranest] [DEBUG] iteration=3462, ncalls=12933, regioncalls=502680, ndraw=40, logz=-19.58, remainder_fraction=23.8739%, Lmin=-11.18, Lmax=-10.36
11:32:19 [ultranest] [DEBUG] iteration=3479, ncalls=12967, regioncalls=504040, ndraw=40, logz=-19.57, remainder_fraction=23.0870%, Lmin=-11.15, Lmax=-10.35
11:32:19 [ultranest] [DEBUG] iteration=3480, ncalls=12968, regioncalls=504080, ndraw=40, logz=-19.57, remainder_fraction=23.0275%, Lmin=-11.15, Lmax=-10.35
11:32:19 [ultranest] [DEBUG] iteration=3494, ncalls=13010, regioncalls=505800, ndraw=40, logz=-19.56, remainder_fraction=22.3269%, Lmin=-11.13, Lmax=-10.35
11:32:19 [ultranest] [DEBUG] iteration=3505, ncalls=13056, regioncalls=507640, ndraw=40, logz=-19.56, remainder_fraction=21.8421%, Lmin=-11.12, Lmax=-10.35
11:32:19 [ultranest] [DEBUG] iteration=3520, ncalls=13090, regioncalls=509000, ndraw=40, logz=-19.55, remainder_fraction=21.1061%, Lmin=-11.10, Lmax=-10.35
11:32:19 [ultranest] [DEBUG] iteration=3535, ncalls=13135, regioncalls=510800, ndraw=40, logz=-19.54, remainder_fraction=20.4571%, Lmin=-11.09, Lmax=-10.35
11:32:19 [ultranest] [DEBUG] iteration=3539, ncalls=13155, regioncalls=511640, ndraw=40, logz=-19.54, remainder_fraction=20.2570%, Lmin=-11.08, Lmax=-10.35
11:32:19 [ultranest] [DEBUG] iteration=3550, ncalls=13190, regioncalls=513080, ndraw=40, logz=-19.53, remainder_fraction=19.8197%, Lmin=-11.07, Lmax=-10.35
11:32:19 [ultranest] [DEBUG] iteration=3560, ncalls=13220, regioncalls=514280, ndraw=40, logz=-19.53, remainder_fraction=19.3490%, Lmin=-11.06, Lmax=-10.35
11:32:19 [ultranest] [DEBUG] iteration=3580, ncalls=13260, regioncalls=515960, ndraw=40, logz=-19.52, remainder_fraction=18.5317%, Lmin=-11.03, Lmax=-10.35
11:32:19 [ultranest] [DEBUG] iteration=3600, ncalls=13298, regioncalls=517480, ndraw=40, logz=-19.51, remainder_fraction=17.7171%, Lmin=-11.01, Lmax=-10.35
11:32:19 [ultranest] [DEBUG] iteration=3616, ncalls=13334, regioncalls=518960, ndraw=40, logz=-19.50, remainder_fraction=17.1168%, Lmin=-10.98, Lmax=-10.35
11:32:20 [ultranest] [DEBUG] iteration=3632, ncalls=13371, regioncalls=520440, ndraw=40, logz=-19.49, remainder_fraction=16.5027%, Lmin=-10.97, Lmax=-10.35
11:32:20 [ultranest] [DEBUG] iteration=3640, ncalls=13388, regioncalls=521120, ndraw=40, logz=-19.49, remainder_fraction=16.2177%, Lmin=-10.96, Lmax=-10.35
11:32:20 [ultranest] [DEBUG] iteration=3658, ncalls=13430, regioncalls=522800, ndraw=40, logz=-19.48, remainder_fraction=15.5593%, Lmin=-10.94, Lmax=-10.35
11:32:20 [ultranest] [DEBUG] iteration=3679, ncalls=13471, regioncalls=524440, ndraw=40, logz=-19.47, remainder_fraction=14.8565%, Lmin=-10.92, Lmax=-10.35
11:32:20 [ultranest] [DEBUG] iteration=3680, ncalls=13475, regioncalls=524600, ndraw=40, logz=-19.47, remainder_fraction=14.8314%, Lmin=-10.92, Lmax=-10.35
11:32:20 [ultranest] [DEBUG] iteration=3693, ncalls=13511, regioncalls=526080, ndraw=40, logz=-19.47, remainder_fraction=14.3768%, Lmin=-10.91, Lmax=-10.35
11:32:20 [ultranest] [DEBUG] iteration=3709, ncalls=13549, regioncalls=527640, ndraw=40, logz=-19.46, remainder_fraction=13.8748%, Lmin=-10.89, Lmax=-10.35
11:32:20 [ultranest] [DEBUG] iteration=3720, ncalls=13577, regioncalls=528760, ndraw=40, logz=-19.46, remainder_fraction=13.5531%, Lmin=-10.88, Lmax=-10.34
11:32:20 [ultranest] [DEBUG] iteration=3734, ncalls=13624, regioncalls=530640, ndraw=40, logz=-19.45, remainder_fraction=13.1315%, Lmin=-10.87, Lmax=-10.34
11:32:20 [ultranest] [DEBUG] iteration=3752, ncalls=13671, regioncalls=532520, ndraw=40, logz=-19.45, remainder_fraction=12.5792%, Lmin=-10.85, Lmax=-10.34
11:32:20 [ultranest] [DEBUG] iteration=3760, ncalls=13690, regioncalls=533280, ndraw=40, logz=-19.44, remainder_fraction=12.3562%, Lmin=-10.84, Lmax=-10.34
11:32:20 [ultranest] [DEBUG] iteration=3770, ncalls=13726, regioncalls=534800, ndraw=40, logz=-19.44, remainder_fraction=12.0588%, Lmin=-10.84, Lmax=-10.34
11:32:21 [ultranest] [DEBUG] iteration=3786, ncalls=13764, regioncalls=536320, ndraw=40, logz=-19.43, remainder_fraction=11.5989%, Lmin=-10.82, Lmax=-10.34
11:32:21 [ultranest] [DEBUG] iteration=3800, ncalls=13787, regioncalls=537240, ndraw=40, logz=-19.43, remainder_fraction=11.2249%, Lmin=-10.80, Lmax=-10.34
11:32:21 [ultranest] [DEBUG] iteration=3821, ncalls=13827, regioncalls=538840, ndraw=40, logz=-19.42, remainder_fraction=10.6958%, Lmin=-10.79, Lmax=-10.34
11:32:21 [ultranest] [DEBUG] iteration=3836, ncalls=13871, regioncalls=540600, ndraw=40, logz=-19.42, remainder_fraction=10.3161%, Lmin=-10.77, Lmax=-10.34
11:32:21 [ultranest] [DEBUG] iteration=3840, ncalls=13877, regioncalls=540840, ndraw=40, logz=-19.42, remainder_fraction=10.2247%, Lmin=-10.77, Lmax=-10.34
11:32:21 [ultranest] [DEBUG] iteration=3847, ncalls=13890, regioncalls=541400, ndraw=40, logz=-19.42, remainder_fraction=10.0387%, Lmin=-10.76, Lmax=-10.34
11:32:21 [ultranest] [DEBUG] iteration=3866, ncalls=13927, regioncalls=542880, ndraw=40, logz=-19.41, remainder_fraction=9.5907%, Lmin=-10.74, Lmax=-10.34
11:32:21 [ultranest] [DEBUG] iteration=3880, ncalls=13957, regioncalls=544080, ndraw=40, logz=-19.41, remainder_fraction=9.2827%, Lmin=-10.73, Lmax=-10.34
11:32:21 [ultranest] [DEBUG] iteration=3898, ncalls=14001, regioncalls=545840, ndraw=40, logz=-19.40, remainder_fraction=8.8647%, Lmin=-10.71, Lmax=-10.34
11:32:21 [ultranest] [DEBUG] iteration=3912, ncalls=14045, regioncalls=547600, ndraw=40, logz=-19.40, remainder_fraction=8.5577%, Lmin=-10.70, Lmax=-10.34
11:32:21 [ultranest] [DEBUG] iteration=3920, ncalls=14067, regioncalls=548480, ndraw=40, logz=-19.40, remainder_fraction=8.3825%, Lmin=-10.70, Lmax=-10.34
11:32:21 [ultranest] [DEBUG] iteration=3924, ncalls=14077, regioncalls=548920, ndraw=40, logz=-19.40, remainder_fraction=8.3058%, Lmin=-10.70, Lmax=-10.34
11:32:21 [ultranest] [DEBUG] iteration=3945, ncalls=14107, regioncalls=550120, ndraw=40, logz=-19.39, remainder_fraction=7.8758%, Lmin=-10.68, Lmax=-10.34
11:32:22 [ultranest] [DEBUG] iteration=3960, ncalls=14142, regioncalls=551520, ndraw=40, logz=-19.39, remainder_fraction=7.5749%, Lmin=-10.67, Lmax=-10.34
11:32:22 [ultranest] [DEBUG] iteration=3980, ncalls=14183, regioncalls=553160, ndraw=40, logz=-19.39, remainder_fraction=7.1962%, Lmin=-10.65, Lmax=-10.34
11:32:22 [ultranest] [DEBUG] iteration=4000, ncalls=14215, regioncalls=554440, ndraw=40, logz=-19.38, remainder_fraction=6.8309%, Lmin=-10.64, Lmax=-10.34
11:32:22 [ultranest] [DEBUG] iteration=4001, ncalls=14217, regioncalls=554560, ndraw=40, logz=-19.38, remainder_fraction=6.8121%, Lmin=-10.64, Lmax=-10.34
11:32:22 [ultranest] [DEBUG] iteration=4019, ncalls=14251, regioncalls=555920, ndraw=40, logz=-19.38, remainder_fraction=6.4971%, Lmin=-10.63, Lmax=-10.34
11:32:22 [ultranest] [DEBUG] iteration=4038, ncalls=14295, regioncalls=557720, ndraw=40, logz=-19.38, remainder_fraction=6.1906%, Lmin=-10.62, Lmax=-10.34
11:32:22 [ultranest] [DEBUG] iteration=4040, ncalls=14297, regioncalls=557800, ndraw=40, logz=-19.38, remainder_fraction=6.1595%, Lmin=-10.62, Lmax=-10.34
11:32:22 [ultranest] [DEBUG] iteration=4063, ncalls=14335, regioncalls=559320, ndraw=40, logz=-19.37, remainder_fraction=5.8080%, Lmin=-10.61, Lmax=-10.34
11:32:22 [ultranest] [DEBUG] iteration=4080, ncalls=14366, regioncalls=560560, ndraw=40, logz=-19.37, remainder_fraction=5.5646%, Lmin=-10.60, Lmax=-10.34
11:32:22 [ultranest] [DEBUG] iteration=4098, ncalls=14403, regioncalls=562040, ndraw=40, logz=-19.37, remainder_fraction=5.3110%, Lmin=-10.59, Lmax=-10.34
11:32:22 [ultranest] [DEBUG] iteration=4119, ncalls=14442, regioncalls=563600, ndraw=40, logz=-19.36, remainder_fraction=5.0223%, Lmin=-10.58, Lmax=-10.34
11:32:22 [ultranest] [DEBUG] iteration=4120, ncalls=14444, regioncalls=563680, ndraw=40, logz=-19.36, remainder_fraction=5.0095%, Lmin=-10.58, Lmax=-10.34
11:32:22 [ultranest] [DEBUG] iteration=4140, ncalls=14483, regioncalls=565240, ndraw=40, logz=-19.36, remainder_fraction=4.7499%, Lmin=-10.57, Lmax=-10.34
11:32:23 [ultranest] [DEBUG] iteration=4155, ncalls=14520, regioncalls=566760, ndraw=40, logz=-19.36, remainder_fraction=4.5596%, Lmin=-10.56, Lmax=-10.34
11:32:23 [ultranest] [DEBUG] iteration=4160, ncalls=14527, regioncalls=567040, ndraw=40, logz=-19.36, remainder_fraction=4.4994%, Lmin=-10.56, Lmax=-10.34
11:32:23 [ultranest] [DEBUG] iteration=4181, ncalls=14560, regioncalls=568360, ndraw=40, logz=-19.36, remainder_fraction=4.2582%, Lmin=-10.55, Lmax=-10.34
11:32:23 [ultranest] [DEBUG] iteration=4198, ncalls=14601, regioncalls=570000, ndraw=40, logz=-19.35, remainder_fraction=4.0710%, Lmin=-10.54, Lmax=-10.34
11:32:23 [ultranest] [DEBUG] iteration=4200, ncalls=14605, regioncalls=570160, ndraw=40, logz=-19.35, remainder_fraction=4.0495%, Lmin=-10.54, Lmax=-10.34
11:32:23 [ultranest] [DEBUG] iteration=4217, ncalls=14646, regioncalls=571800, ndraw=40, logz=-19.35, remainder_fraction=3.8711%, Lmin=-10.53, Lmax=-10.34
11:32:23 [ultranest] [DEBUG] iteration=4232, ncalls=14674, regioncalls=572960, ndraw=40, logz=-19.35, remainder_fraction=3.7185%, Lmin=-10.52, Lmax=-10.34
11:32:23 [ultranest] [DEBUG] iteration=4240, ncalls=14691, regioncalls=573640, ndraw=40, logz=-19.35, remainder_fraction=3.6381%, Lmin=-10.52, Lmax=-10.34
11:32:23 [ultranest] [DEBUG] iteration=4258, ncalls=14728, regioncalls=575240, ndraw=40, logz=-19.35, remainder_fraction=3.4637%, Lmin=-10.51, Lmax=-10.34
11:32:23 [ultranest] [DEBUG] iteration=4278, ncalls=14766, regioncalls=576760, ndraw=40, logz=-19.35, remainder_fraction=3.2818%, Lmin=-10.51, Lmax=-10.33
11:32:23 [ultranest] [DEBUG] iteration=4280, ncalls=14770, regioncalls=576920, ndraw=40, logz=-19.34, remainder_fraction=3.2639%, Lmin=-10.51, Lmax=-10.33
11:32:23 [ultranest] [DEBUG] iteration=4298, ncalls=14806, regioncalls=578400, ndraw=40, logz=-19.34, remainder_fraction=3.1086%, Lmin=-10.50, Lmax=-10.33
11:32:23 [ultranest] [DEBUG] iteration=4309, ncalls=14826, regioncalls=579240, ndraw=40, logz=-19.34, remainder_fraction=3.0175%, Lmin=-10.50, Lmax=-10.33
11:32:23 [ultranest] [DEBUG] iteration=4320, ncalls=14839, regioncalls=579760, ndraw=40, logz=-19.34, remainder_fraction=2.9293%, Lmin=-10.49, Lmax=-10.33
11:32:24 [ultranest] [DEBUG] iteration=4343, ncalls=14875, regioncalls=581200, ndraw=40, logz=-19.34, remainder_fraction=2.7491%, Lmin=-10.48, Lmax=-10.33
11:32:24 [ultranest] [DEBUG] iteration=4360, ncalls=14902, regioncalls=582280, ndraw=40, logz=-19.34, remainder_fraction=2.6220%, Lmin=-10.48, Lmax=-10.33
11:32:24 [ultranest] [DEBUG] iteration=4384, ncalls=14939, regioncalls=583760, ndraw=40, logz=-19.34, remainder_fraction=2.4595%, Lmin=-10.47, Lmax=-10.33
11:32:24 [ultranest] [DEBUG] iteration=4400, ncalls=14969, regioncalls=584960, ndraw=40, logz=-19.34, remainder_fraction=2.3526%, Lmin=-10.47, Lmax=-10.33
11:32:24 [ultranest] [DEBUG] iteration=4419, ncalls=15011, regioncalls=586640, ndraw=40, logz=-19.33, remainder_fraction=2.2315%, Lmin=-10.46, Lmax=-10.33
11:32:24 [ultranest] [DEBUG] iteration=4438, ncalls=15054, regioncalls=588360, ndraw=40, logz=-19.33, remainder_fraction=2.1180%, Lmin=-10.46, Lmax=-10.33
11:32:24 [ultranest] [DEBUG] iteration=4440, ncalls=15057, regioncalls=588480, ndraw=40, logz=-19.33, remainder_fraction=2.1065%, Lmin=-10.46, Lmax=-10.33
11:32:24 [ultranest] [DEBUG] iteration=4461, ncalls=15102, regioncalls=590280, ndraw=40, logz=-19.33, remainder_fraction=1.9891%, Lmin=-10.45, Lmax=-10.33
11:32:24 [ultranest] [DEBUG] iteration=4463, ncalls=15105, regioncalls=590480, ndraw=40, logz=-19.33, remainder_fraction=1.9783%, Lmin=-10.45, Lmax=-10.33
11:32:24 [ultranest] [DEBUG] iteration=4480, ncalls=15131, regioncalls=591520, ndraw=40, logz=-19.33, remainder_fraction=1.8871%, Lmin=-10.45, Lmax=-10.33
11:32:24 [ultranest] [DEBUG] iteration=4506, ncalls=15165, regioncalls=592880, ndraw=40, logz=-19.33, remainder_fraction=1.7563%, Lmin=-10.44, Lmax=-10.33
11:32:24 [ultranest] [DEBUG] iteration=4520, ncalls=15193, regioncalls=594000, ndraw=40, logz=-19.33, remainder_fraction=1.6889%, Lmin=-10.44, Lmax=-10.33
11:32:25 [ultranest] [DEBUG] iteration=4535, ncalls=15238, regioncalls=595800, ndraw=40, logz=-19.33, remainder_fraction=1.6203%, Lmin=-10.44, Lmax=-10.33
11:32:25 [ultranest] [DEBUG] iteration=4540, ncalls=15246, regioncalls=596240, ndraw=40, logz=-19.33, remainder_fraction=1.5979%, Lmin=-10.44, Lmax=-10.33
11:32:25 [ultranest] [DEBUG] iteration=4560, ncalls=15279, regioncalls=597560, ndraw=40, logz=-19.33, remainder_fraction=1.5115%, Lmin=-10.43, Lmax=-10.33
11:32:25 [ultranest] [INFO] Explored until L=-1e+01  
11:32:25 [ultranest] [INFO] Likelihood function evaluations: 15291
11:32:26 [ultranest] [INFO] Writing samples and results to disk ...
11:32:26 [ultranest] [INFO] Writing samples and results to disk ... done
11:32:26 [ultranest] [DEBUG] did a run_iter pass!
11:32:26 [ultranest] [INFO]   logZ = -19.29 +- 0.1158
11:32:26 [ultranest] [INFO] Effective samples strategy satisfied (ESS = 1636.5, need >400)
11:32:26 [ultranest] [INFO] Posterior uncertainty strategy is satisfied (KL: 0.46+-0.06 nat, need <0.50 nat)
11:32:26 [ultranest] [INFO] Evidency uncertainty strategy is satisfied (dlogz=0.12, need <0.5)
11:32:26 [ultranest] [INFO]   logZ error budget: single: 0.15 bs:0.12 tail:0.01 total:0.12 required:<0.50
11:32:26 [ultranest] [INFO] done iterating.
11:32:26 [ultranest] [DEBUG] Making corner plot ...
11:32:28 [ultranest] [DEBUG] Making corner plot ... done
11:32:28 [ultranest] [DEBUG] Making run plot ... 
11:32:28 [ultranest] [DEBUG] Making run plot ... done
11:32:28 [ultranest] [DEBUG] Making trace plot ... 
11:32:30 [ultranest] [DEBUG] Making trace plot ... done
