02:18:51 [ultranest] [DEBUG] ReactiveNestedSampler: dims=3+0, resume=True, log_dir=/home/orion51/Desktop/Research/spectral_fitting/FGL_spectral_fitting/Individual_sources/2CXOJ184337.6-322514/mekal_out_, backend=hdf5, vectorized=False, nbootstraps=30, ndraw=128..65536
02:18:51 [ultranest] [INFO] Sampling 400 live points from prior ...
02:18:52 [ultranest] [DEBUG] run_iter dlogz=0.5, dKL=0.5, frac_remain=0.01, Lepsilon=0.1000, min_ess=400
02:18:52 [ultranest] [DEBUG] max_iters=-1, max_ncalls=-1, max_num_improvement_loops=-1, min_num_live_points=400, cluster_num_live_points=40
02:18:52 [ultranest] [DEBUG] minimal_widths_sequence: [(-inf, 400.0), (inf, 400.0)]
02:18:52 [ultranest] [DEBUG] iteration=0, ncalls=401, regioncalls=40, ndraw=40, logz=-inf, remainder_fraction=100.0000%, Lmin=-799517029.13, Lmax=-30.14
02:18:52 [ultranest] [DEBUG] iteration=23, ncalls=426, regioncalls=1040, ndraw=40, logz=-28258969.53, remainder_fraction=100.0000%, Lmin=-27374136.39, Lmax=-30.14
02:18:52 [ultranest] [DEBUG] iteration=40, ncalls=446, regioncalls=1840, ndraw=40, logz=-8834128.47, remainder_fraction=100.0000%, Lmin=-8799597.37, Lmax=-30.14
02:18:52 [ultranest] [DEBUG] iteration=60, ncalls=470, regioncalls=2800, ndraw=40, logz=-1848582.70, remainder_fraction=100.0000%, Lmin=-1704394.59, Lmax=-30.14
02:18:52 [ultranest] [DEBUG] iteration=80, ncalls=497, regioncalls=3880, ndraw=40, logz=-262555.09, remainder_fraction=100.0000%, Lmin=-230952.73, Lmax=-30.14
02:18:52 [ultranest] [DEBUG] iteration=90, ncalls=511, regioncalls=4440, ndraw=40, logz=-156427.34, remainder_fraction=100.0000%, Lmin=-145867.90, Lmax=-30.14
02:18:52 [ultranest] [DEBUG] iteration=112, ncalls=535, regioncalls=5400, ndraw=40, logz=-42471.10, remainder_fraction=100.0000%, Lmin=-38886.30, Lmax=-30.14
02:18:52 [ultranest] [DEBUG] iteration=120, ncalls=546, regioncalls=5840, ndraw=40, logz=-30626.92, remainder_fraction=100.0000%, Lmin=-29458.98, Lmax=-30.14
02:18:53 [ultranest] [DEBUG] iteration=142, ncalls=574, regioncalls=6960, ndraw=40, logz=-10776.20, remainder_fraction=100.0000%, Lmin=-10590.10, Lmax=-30.14
02:18:53 [ultranest] [DEBUG] iteration=160, ncalls=594, regioncalls=7760, ndraw=40, logz=-5127.14, remainder_fraction=100.0000%, Lmin=-4786.36, Lmax=-30.14
02:18:53 [ultranest] [DEBUG] iteration=181, ncalls=616, regioncalls=8640, ndraw=40, logz=-1964.86, remainder_fraction=100.0000%, Lmin=-1913.51, Lmax=-30.14
02:18:53 [ultranest] [DEBUG] iteration=200, ncalls=639, regioncalls=9560, ndraw=40, logz=-1005.97, remainder_fraction=100.0000%, Lmin=-977.27, Lmax=-30.14
02:18:53 [ultranest] [DEBUG] iteration=219, ncalls=665, regioncalls=10600, ndraw=40, logz=-464.85, remainder_fraction=100.0000%, Lmin=-447.47, Lmax=-30.14
02:18:53 [ultranest] [DEBUG] Plateau detected at L=-2.408512e+02, not replacing live point.
02:18:53 [ultranest] [DEBUG] Plateau detected at L=-2.408512e+02, not replacing live point.
02:18:53 [ultranest] [DEBUG] Plateau detected at L=-2.408512e+02, not replacing live point.
02:18:53 [ultranest] [DEBUG] Plateau detected at L=-2.408512e+02, not replacing live point.
02:18:53 [ultranest] [DEBUG] Plateau detected at L=-2.408512e+02, not replacing live point.
02:18:53 [ultranest] [DEBUG] Plateau detected at L=-2.408512e+02, not replacing live point.
02:18:53 [ultranest] [DEBUG] Plateau detected at L=-2.408512e+02, not replacing live point.
02:18:53 [ultranest] [DEBUG] Plateau detected at L=-2.408512e+02, not replacing live point.
02:18:53 [ultranest] [DEBUG] Plateau detected at L=-2.408512e+02, not replacing live point.
02:18:53 [ultranest] [DEBUG] Plateau detected at L=-2.408512e+02, not replacing live point.
02:18:53 [ultranest] [DEBUG] Plateau detected at L=-2.408512e+02, not replacing live point.
02:18:53 [ultranest] [DEBUG] Plateau detected at L=-2.408512e+02, not replacing live point.
02:18:53 [ultranest] [DEBUG] Plateau detected at L=-2.408512e+02, not replacing live point.
02:18:53 [ultranest] [DEBUG] Plateau detected at L=-2.408512e+02, not replacing live point.
02:18:53 [ultranest] [DEBUG] Plateau detected at L=-2.408512e+02, not replacing live point.
02:18:53 [ultranest] [DEBUG] Plateau detected at L=-2.408512e+02, not replacing live point.
02:18:53 [ultranest] [DEBUG] Plateau detected at L=-2.408512e+02, not replacing live point.
02:18:53 [ultranest] [DEBUG] Plateau detected at L=-2.408512e+02, not replacing live point.
02:18:53 [ultranest] [DEBUG] Plateau detected at L=-2.408512e+02, not replacing live point.
02:18:53 [ultranest] [DEBUG] Plateau detected at L=-2.408512e+02, not replacing live point.
02:18:53 [ultranest] [DEBUG] Plateau detected at L=-2.408512e+02, not replacing live point.
02:18:53 [ultranest] [DEBUG] Plateau detected at L=-2.408512e+02, not replacing live point.
02:18:53 [ultranest] [DEBUG] Plateau detected at L=-2.408512e+02, not replacing live point.
02:18:53 [ultranest] [DEBUG] Plateau detected at L=-2.408512e+02, not replacing live point.
02:18:53 [ultranest] [DEBUG] Plateau detected at L=-2.408512e+02, not replacing live point.
02:18:53 [ultranest] [DEBUG] Plateau detected at L=-2.408512e+02, not replacing live point.
02:18:53 [ultranest] [DEBUG] Plateau detected at L=-2.408512e+02, not replacing live point.
02:18:53 [ultranest] [DEBUG] Plateau detected at L=-2.408512e+02, not replacing live point.
02:18:53 [ultranest] [DEBUG] Plateau detected at L=-2.408512e+02, not replacing live point.
02:18:53 [ultranest] [DEBUG] Plateau detected at L=-2.408512e+02, not replacing live point.
02:18:53 [ultranest] [DEBUG] Plateau detected at L=-2.408512e+02, not replacing live point.
02:18:53 [ultranest] [DEBUG] Plateau detected at L=-2.408512e+02, not replacing live point.
02:18:53 [ultranest] [DEBUG] Plateau detected at L=-2.408512e+02, not replacing live point.
02:18:53 [ultranest] [DEBUG] Plateau detected at L=-2.408512e+02, not replacing live point.
02:18:53 [ultranest] [DEBUG] Plateau detected at L=-2.408512e+02, not replacing live point.
02:18:53 [ultranest] [DEBUG] Plateau detected at L=-2.408512e+02, not replacing live point.
02:18:53 [ultranest] [DEBUG] Plateau detected at L=-2.408512e+02, not replacing live point.
02:18:53 [ultranest] [DEBUG] Plateau detected at L=-2.408512e+02, not replacing live point.
02:18:53 [ultranest] [DEBUG] Plateau detected at L=-2.408512e+02, not replacing live point.
02:18:53 [ultranest] [DEBUG] Plateau detected at L=-2.408512e+02, not replacing live point.
02:18:53 [ultranest] [DEBUG] Plateau detected at L=-2.408512e+02, not replacing live point.
02:18:53 [ultranest] [DEBUG] Plateau detected at L=-2.408512e+02, not replacing live point.
02:18:53 [ultranest] [DEBUG] Plateau detected at L=-2.408512e+02, not replacing live point.
02:18:53 [ultranest] [DEBUG] Plateau detected at L=-2.408512e+02, not replacing live point.
02:18:53 [ultranest] [DEBUG] Plateau detected at L=-2.408512e+02, not replacing live point.
02:18:53 [ultranest] [DEBUG] Plateau detected at L=-2.408512e+02, not replacing live point.
02:18:53 [ultranest] [DEBUG] Plateau detected at L=-2.408512e+02, not replacing live point.
02:18:53 [ultranest] [DEBUG] Plateau detected at L=-2.408512e+02, not replacing live point.
02:18:53 [ultranest] [DEBUG] Plateau detected at L=-2.408512e+02, not replacing live point.
02:18:53 [ultranest] [DEBUG] Plateau detected at L=-2.408512e+02, not replacing live point.
02:18:53 [ultranest] [DEBUG] Plateau detected at L=-2.408512e+02, not replacing live point.
02:18:53 [ultranest] [DEBUG] Plateau detected at L=-2.408512e+02, not replacing live point.
02:18:53 [ultranest] [DEBUG] Plateau detected at L=-2.408512e+02, not replacing live point.
02:18:53 [ultranest] [DEBUG] Plateau detected at L=-2.408512e+02, not replacing live point.
02:18:53 [ultranest] [DEBUG] Plateau detected at L=-2.408512e+02, not replacing live point.
02:18:53 [ultranest] [DEBUG] Plateau detected at L=-2.408512e+02, not replacing live point.
02:18:53 [ultranest] [DEBUG] Plateau detected at L=-2.408512e+02, not replacing live point.
02:18:53 [ultranest] [DEBUG] Plateau detected at L=-2.408512e+02, not replacing live point.
02:18:53 [ultranest] [DEBUG] Plateau detected at L=-2.408512e+02, not replacing live point.
02:18:53 [ultranest] [DEBUG] Plateau detected at L=-2.408512e+02, not replacing live point.
02:18:53 [ultranest] [DEBUG] Plateau detected at L=-2.408512e+02, not replacing live point.
02:18:53 [ultranest] [DEBUG] Plateau detected at L=-2.408512e+02, not replacing live point.
02:18:53 [ultranest] [DEBUG] Plateau detected at L=-2.408512e+02, not replacing live point.
02:18:53 [ultranest] [DEBUG] Plateau detected at L=-2.408512e+02, not replacing live point.
02:18:53 [ultranest] [DEBUG] Plateau detected at L=-2.408512e+02, not replacing live point.
02:18:53 [ultranest] [DEBUG] iteration=299, ncalls=687, regioncalls=11480, ndraw=40, logz=-243.25, remainder_fraction=100.0000%, Lmin=-240.85, Lmax=-30.14
02:18:53 [ultranest] [DEBUG] Plateau detected at L=-2.408512e+02, not replacing live point.
02:18:53 [ultranest] [DEBUG] iteration=301, ncalls=688, regioncalls=11520, ndraw=40, logz=-243.22, remainder_fraction=100.0000%, Lmin=-240.85, Lmax=-30.14
02:18:53 [ultranest] [DEBUG] Plateau detected at L=-2.408512e+02, not replacing live point.
02:18:53 [ultranest] [DEBUG] iteration=306, ncalls=692, regioncalls=11680, ndraw=40, logz=-243.15, remainder_fraction=100.0000%, Lmin=-240.85, Lmax=-30.14
02:18:53 [ultranest] [DEBUG] iteration=318, ncalls=720, regioncalls=12800, ndraw=40, logz=-243.00, remainder_fraction=100.0000%, Lmin=-240.85, Lmax=-30.14
02:18:53 [ultranest] [DEBUG] iteration=320, ncalls=724, regioncalls=12960, ndraw=40, logz=-242.98, remainder_fraction=100.0000%, Lmin=-240.85, Lmax=-30.14
02:18:53 [ultranest] [DEBUG] iteration=336, ncalls=751, regioncalls=14040, ndraw=40, logz=-242.82, remainder_fraction=100.0000%, Lmin=-240.85, Lmax=-30.14
02:18:53 [ultranest] [DEBUG] iteration=351, ncalls=781, regioncalls=15240, ndraw=40, logz=-242.69, remainder_fraction=100.0000%, Lmin=-240.85, Lmax=-30.14
02:18:53 [ultranest] [DEBUG] iteration=360, ncalls=799, regioncalls=15960, ndraw=40, logz=-242.63, remainder_fraction=100.0000%, Lmin=-240.85, Lmax=-30.14
02:18:54 [ultranest] [DEBUG] iteration=372, ncalls=832, regioncalls=17280, ndraw=40, logz=-242.55, remainder_fraction=100.0000%, Lmin=-240.85, Lmax=-30.14
02:18:54 [ultranest] [DEBUG] iteration=381, ncalls=852, regioncalls=18080, ndraw=40, logz=-242.50, remainder_fraction=100.0000%, Lmin=-240.85, Lmax=-30.14
02:18:54 [ultranest] [DEBUG] iteration=398, ncalls=879, regioncalls=19160, ndraw=40, logz=-242.41, remainder_fraction=100.0000%, Lmin=-240.85, Lmax=-30.14
02:18:54 [ultranest] [DEBUG] iteration=400, ncalls=882, regioncalls=19280, ndraw=40, logz=-242.40, remainder_fraction=100.0000%, Lmin=-240.85, Lmax=-30.14
02:18:54 [ultranest] [DEBUG] iteration=419, ncalls=911, regioncalls=20440, ndraw=40, logz=-242.31, remainder_fraction=100.0000%, Lmin=-240.85, Lmax=-30.14
02:18:54 [ultranest] [DEBUG] iteration=437, ncalls=942, regioncalls=21680, ndraw=40, logz=-242.24, remainder_fraction=100.0000%, Lmin=-240.84, Lmax=-30.14
02:18:54 [ultranest] [DEBUG] iteration=440, ncalls=949, regioncalls=21960, ndraw=40, logz=-242.23, remainder_fraction=100.0000%, Lmin=-240.84, Lmax=-30.14
02:18:54 [ultranest] [DEBUG] iteration=454, ncalls=984, regioncalls=23360, ndraw=40, logz=-242.18, remainder_fraction=100.0000%, Lmin=-240.82, Lmax=-30.14
02:18:54 [ultranest] [DEBUG] iteration=465, ncalls=1010, regioncalls=24400, ndraw=40, logz=-242.14, remainder_fraction=100.0000%, Lmin=-240.80, Lmax=-30.14
02:18:54 [ultranest] [DEBUG] iteration=480, ncalls=1037, regioncalls=25480, ndraw=40, logz=-242.09, remainder_fraction=100.0000%, Lmin=-240.73, Lmax=-30.14
02:18:54 [ultranest] [DEBUG] iteration=492, ncalls=1070, regioncalls=26800, ndraw=40, logz=-242.06, remainder_fraction=100.0000%, Lmin=-240.66, Lmax=-30.14
02:18:55 [ultranest] [DEBUG] iteration=507, ncalls=1102, regioncalls=28080, ndraw=40, logz=-242.01, remainder_fraction=100.0000%, Lmin=-240.54, Lmax=-30.14
02:18:55 [ultranest] [DEBUG] iteration=520, ncalls=1128, regioncalls=29120, ndraw=40, logz=-241.97, remainder_fraction=100.0000%, Lmin=-240.46, Lmax=-30.14
02:18:55 [ultranest] [DEBUG] iteration=537, ncalls=1153, regioncalls=30120, ndraw=40, logz=-241.91, remainder_fraction=100.0000%, Lmin=-240.19, Lmax=-30.14
02:18:55 [ultranest] [DEBUG] iteration=547, ncalls=1184, regioncalls=31360, ndraw=40, logz=-241.87, remainder_fraction=100.0000%, Lmin=-240.01, Lmax=-30.14
02:18:55 [ultranest] [DEBUG] iteration=560, ncalls=1215, regioncalls=32600, ndraw=40, logz=-241.81, remainder_fraction=100.0000%, Lmin=-239.66, Lmax=-30.14
02:18:55 [ultranest] [DEBUG] iteration=574, ncalls=1249, regioncalls=33960, ndraw=40, logz=-241.71, remainder_fraction=100.0000%, Lmin=-239.14, Lmax=-30.14
02:18:55 [ultranest] [DEBUG] iteration=587, ncalls=1285, regioncalls=35400, ndraw=40, logz=-241.58, remainder_fraction=100.0000%, Lmin=-238.59, Lmax=-30.14
02:18:55 [ultranest] [DEBUG] iteration=600, ncalls=1318, regioncalls=36720, ndraw=40, logz=-241.40, remainder_fraction=100.0000%, Lmin=-238.18, Lmax=-30.14
02:18:55 [ultranest] [DEBUG] iteration=611, ncalls=1347, regioncalls=37880, ndraw=40, logz=-241.24, remainder_fraction=100.0000%, Lmin=-237.81, Lmax=-30.14
02:18:55 [ultranest] [DEBUG] iteration=620, ncalls=1378, regioncalls=39120, ndraw=40, logz=-241.07, remainder_fraction=100.0000%, Lmin=-237.40, Lmax=-30.14
02:18:56 [ultranest] [DEBUG] iteration=633, ncalls=1411, regioncalls=40440, ndraw=40, logz=-240.75, remainder_fraction=100.0000%, Lmin=-236.71, Lmax=-30.14
02:18:56 [ultranest] [DEBUG] iteration=640, ncalls=1431, regioncalls=41240, ndraw=40, logz=-240.52, remainder_fraction=100.0000%, Lmin=-236.22, Lmax=-30.14
02:18:56 [ultranest] [DEBUG] iteration=650, ncalls=1464, regioncalls=42560, ndraw=40, logz=-240.18, remainder_fraction=100.0000%, Lmin=-236.02, Lmax=-30.14
02:18:56 [ultranest] [DEBUG] iteration=659, ncalls=1508, regioncalls=44320, ndraw=40, logz=-239.91, remainder_fraction=100.0000%, Lmin=-235.55, Lmax=-30.14
02:18:56 [ultranest] [DEBUG] iteration=670, ncalls=1541, regioncalls=45640, ndraw=40, logz=-239.46, remainder_fraction=100.0000%, Lmin=-234.76, Lmax=-30.14
02:18:56 [ultranest] [DEBUG] iteration=680, ncalls=1563, regioncalls=46520, ndraw=40, logz=-238.95, remainder_fraction=100.0000%, Lmin=-233.70, Lmax=-30.14
02:18:56 [ultranest] [DEBUG] iteration=681, ncalls=1564, regioncalls=46560, ndraw=40, logz=-238.87, remainder_fraction=100.0000%, Lmin=-233.70, Lmax=-30.14
02:18:56 [ultranest] [DEBUG] iteration=694, ncalls=1593, regioncalls=47720, ndraw=40, logz=-237.87, remainder_fraction=100.0000%, Lmin=-232.67, Lmax=-30.14
02:18:56 [ultranest] [DEBUG] iteration=708, ncalls=1624, regioncalls=48960, ndraw=40, logz=-236.81, remainder_fraction=100.0000%, Lmin=-231.61, Lmax=-29.04
02:18:56 [ultranest] [DEBUG] iteration=720, ncalls=1655, regioncalls=50200, ndraw=40, logz=-235.68, remainder_fraction=100.0000%, Lmin=-230.07, Lmax=-29.04
02:18:56 [ultranest] [DEBUG] iteration=737, ncalls=1688, regioncalls=51520, ndraw=40, logz=-234.01, remainder_fraction=100.0000%, Lmin=-228.44, Lmax=-29.04
02:18:57 [ultranest] [DEBUG] iteration=750, ncalls=1721, regioncalls=52840, ndraw=40, logz=-232.03, remainder_fraction=100.0000%, Lmin=-225.75, Lmax=-29.04
02:18:57 [ultranest] [DEBUG] iteration=760, ncalls=1746, regioncalls=53840, ndraw=40, logz=-230.68, remainder_fraction=100.0000%, Lmin=-224.70, Lmax=-29.04
02:18:57 [ultranest] [DEBUG] iteration=769, ncalls=1778, regioncalls=55120, ndraw=40, logz=-229.37, remainder_fraction=100.0000%, Lmin=-223.32, Lmax=-29.04
02:18:57 [ultranest] [DEBUG] iteration=782, ncalls=1811, regioncalls=56440, ndraw=40, logz=-227.65, remainder_fraction=100.0000%, Lmin=-221.37, Lmax=-29.04
02:18:57 [ultranest] [DEBUG] iteration=793, ncalls=1847, regioncalls=57880, ndraw=40, logz=-225.93, remainder_fraction=100.0000%, Lmin=-219.97, Lmax=-29.04
02:18:57 [ultranest] [DEBUG] iteration=800, ncalls=1868, regioncalls=58720, ndraw=40, logz=-224.93, remainder_fraction=100.0000%, Lmin=-218.88, Lmax=-29.04
02:18:57 [ultranest] [DEBUG] iteration=811, ncalls=1902, regioncalls=60080, ndraw=40, logz=-223.16, remainder_fraction=100.0000%, Lmin=-216.80, Lmax=-29.04
02:18:57 [ultranest] [DEBUG] iteration=823, ncalls=1941, regioncalls=61640, ndraw=40, logz=-220.44, remainder_fraction=100.0000%, Lmin=-213.61, Lmax=-29.04
02:18:57 [ultranest] [DEBUG] iteration=837, ncalls=1969, regioncalls=62760, ndraw=40, logz=-217.02, remainder_fraction=100.0000%, Lmin=-210.47, Lmax=-29.04
02:18:57 [ultranest] [DEBUG] iteration=840, ncalls=1974, regioncalls=62960, ndraw=40, logz=-216.44, remainder_fraction=100.0000%, Lmin=-209.84, Lmax=-29.04
02:18:57 [ultranest] [DEBUG] iteration=851, ncalls=2005, regioncalls=64200, ndraw=40, logz=-214.18, remainder_fraction=100.0000%, Lmin=-207.26, Lmax=-29.04
02:18:58 [ultranest] [DEBUG] iteration=865, ncalls=2037, regioncalls=65480, ndraw=40, logz=-211.72, remainder_fraction=100.0000%, Lmin=-204.50, Lmax=-29.04
02:18:58 [ultranest] [DEBUG] iteration=873, ncalls=2073, regioncalls=66920, ndraw=40, logz=-208.32, remainder_fraction=100.0000%, Lmin=-201.02, Lmax=-29.04
02:18:58 [ultranest] [DEBUG] iteration=880, ncalls=2105, regioncalls=68200, ndraw=40, logz=-206.82, remainder_fraction=100.0000%, Lmin=-200.22, Lmax=-29.04
02:18:58 [ultranest] [DEBUG] iteration=888, ncalls=2141, regioncalls=69640, ndraw=40, logz=-205.40, remainder_fraction=100.0000%, Lmin=-198.80, Lmax=-29.04
02:18:58 [ultranest] [DEBUG] iteration=896, ncalls=2182, regioncalls=71280, ndraw=40, logz=-203.19, remainder_fraction=100.0000%, Lmin=-196.05, Lmax=-29.04
02:18:58 [ultranest] [DEBUG] iteration=903, ncalls=2219, regioncalls=72760, ndraw=40, logz=-201.10, remainder_fraction=100.0000%, Lmin=-193.19, Lmax=-29.04
02:18:58 [ultranest] [DEBUG] iteration=911, ncalls=2243, regioncalls=73720, ndraw=40, logz=-198.63, remainder_fraction=100.0000%, Lmin=-191.68, Lmax=-28.99
02:18:58 [ultranest] [DEBUG] iteration=919, ncalls=2278, regioncalls=75120, ndraw=40, logz=-197.12, remainder_fraction=100.0000%, Lmin=-190.06, Lmax=-28.88
02:18:58 [ultranest] [DEBUG] iteration=920, ncalls=2279, regioncalls=75160, ndraw=40, logz=-196.89, remainder_fraction=100.0000%, Lmin=-190.00, Lmax=-28.88
02:18:58 [ultranest] [DEBUG] iteration=934, ncalls=2315, regioncalls=76600, ndraw=40, logz=-194.17, remainder_fraction=100.0000%, Lmin=-187.32, Lmax=-28.88
02:18:59 [ultranest] [DEBUG] iteration=947, ncalls=2349, regioncalls=77960, ndraw=40, logz=-191.31, remainder_fraction=100.0000%, Lmin=-184.22, Lmax=-28.88
02:18:59 [ultranest] [DEBUG] iteration=955, ncalls=2385, regioncalls=79400, ndraw=40, logz=-189.48, remainder_fraction=100.0000%, Lmin=-182.69, Lmax=-28.88
02:18:59 [ultranest] [DEBUG] iteration=960, ncalls=2399, regioncalls=79960, ndraw=40, logz=-188.46, remainder_fraction=100.0000%, Lmin=-181.25, Lmax=-28.88
02:18:59 [ultranest] [DEBUG] iteration=970, ncalls=2438, regioncalls=81520, ndraw=40, logz=-186.24, remainder_fraction=100.0000%, Lmin=-179.68, Lmax=-28.88
02:18:59 [ultranest] [DEBUG] iteration=977, ncalls=2474, regioncalls=82960, ndraw=40, logz=-185.33, remainder_fraction=100.0000%, Lmin=-178.61, Lmax=-28.88
02:18:59 [ultranest] [DEBUG] iteration=981, ncalls=2485, regioncalls=83400, ndraw=40, logz=-184.81, remainder_fraction=100.0000%, Lmin=-177.92, Lmax=-28.88
02:18:59 [ultranest] [DEBUG] iteration=991, ncalls=2521, regioncalls=84840, ndraw=40, logz=-182.54, remainder_fraction=100.0000%, Lmin=-175.02, Lmax=-28.88
02:18:59 [ultranest] [DEBUG] iteration=1000, ncalls=2554, regioncalls=86160, ndraw=40, logz=-179.83, remainder_fraction=100.0000%, Lmin=-172.45, Lmax=-28.88
02:18:59 [ultranest] [DEBUG] iteration=1008, ncalls=2589, regioncalls=87560, ndraw=40, logz=-177.92, remainder_fraction=100.0000%, Lmin=-170.50, Lmax=-28.88
02:18:59 [ultranest] [DEBUG] iteration=1022, ncalls=2622, regioncalls=88880, ndraw=40, logz=-174.77, remainder_fraction=100.0000%, Lmin=-166.77, Lmax=-28.88
02:18:59 [ultranest] [DEBUG] iteration=1038, ncalls=2656, regioncalls=90240, ndraw=40, logz=-169.76, remainder_fraction=100.0000%, Lmin=-162.26, Lmax=-28.88
02:19:00 [ultranest] [DEBUG] iteration=1040, ncalls=2673, regioncalls=90920, ndraw=40, logz=-169.26, remainder_fraction=100.0000%, Lmin=-161.93, Lmax=-28.21
02:19:00 [ultranest] [DEBUG] iteration=1051, ncalls=2718, regioncalls=92720, ndraw=40, logz=-166.17, remainder_fraction=100.0000%, Lmin=-158.02, Lmax=-28.21
02:19:00 [ultranest] [DEBUG] iteration=1063, ncalls=2749, regioncalls=93960, ndraw=40, logz=-161.85, remainder_fraction=100.0000%, Lmin=-153.67, Lmax=-28.21
02:19:00 [ultranest] [DEBUG] iteration=1072, ncalls=2790, regioncalls=95600, ndraw=40, logz=-159.85, remainder_fraction=100.0000%, Lmin=-151.98, Lmax=-28.21
02:19:00 [ultranest] [DEBUG] iteration=1080, ncalls=2819, regioncalls=96760, ndraw=40, logz=-157.40, remainder_fraction=100.0000%, Lmin=-150.09, Lmax=-28.21
02:19:00 [ultranest] [DEBUG] iteration=1087, ncalls=2851, regioncalls=98040, ndraw=40, logz=-156.32, remainder_fraction=100.0000%, Lmin=-149.31, Lmax=-28.21
02:19:00 [ultranest] [DEBUG] iteration=1093, ncalls=2887, regioncalls=99480, ndraw=40, logz=-155.27, remainder_fraction=100.0000%, Lmin=-147.92, Lmax=-28.21
02:19:00 [ultranest] [DEBUG] iteration=1103, ncalls=2921, regioncalls=100840, ndraw=40, logz=-153.36, remainder_fraction=100.0000%, Lmin=-145.86, Lmax=-28.21
02:19:00 [ultranest] [DEBUG] iteration=1112, ncalls=2956, regioncalls=102240, ndraw=40, logz=-151.17, remainder_fraction=100.0000%, Lmin=-143.04, Lmax=-28.21
02:19:00 [ultranest] [DEBUG] iteration=1119, ncalls=2992, regioncalls=103680, ndraw=40, logz=-149.15, remainder_fraction=100.0000%, Lmin=-141.29, Lmax=-28.21
02:19:00 [ultranest] [DEBUG] iteration=1120, ncalls=2993, regioncalls=103720, ndraw=40, logz=-148.88, remainder_fraction=100.0000%, Lmin=-141.28, Lmax=-28.21
02:19:01 [ultranest] [DEBUG] iteration=1127, ncalls=3050, regioncalls=106000, ndraw=40, logz=-147.42, remainder_fraction=100.0000%, Lmin=-139.66, Lmax=-28.21
02:19:01 [ultranest] [DEBUG] iteration=1131, ncalls=3074, regioncalls=107000, ndraw=40, logz=-146.53, remainder_fraction=100.0000%, Lmin=-138.94, Lmax=-28.21
02:19:01 [ultranest] [DEBUG] iteration=1140, ncalls=3106, regioncalls=108280, ndraw=40, logz=-144.85, remainder_fraction=100.0000%, Lmin=-136.94, Lmax=-28.21
02:19:01 [ultranest] [DEBUG] iteration=1151, ncalls=3140, regioncalls=109640, ndraw=40, logz=-142.16, remainder_fraction=100.0000%, Lmin=-133.98, Lmax=-28.21
02:19:01 [ultranest] [DEBUG] iteration=1160, ncalls=3168, regioncalls=110760, ndraw=40, logz=-139.38, remainder_fraction=100.0000%, Lmin=-131.44, Lmax=-28.21
02:19:01 [ultranest] [DEBUG] iteration=1170, ncalls=3201, regioncalls=112080, ndraw=40, logz=-137.23, remainder_fraction=100.0000%, Lmin=-129.80, Lmax=-28.21
02:19:01 [ultranest] [DEBUG] iteration=1182, ncalls=3235, regioncalls=113440, ndraw=40, logz=-134.60, remainder_fraction=100.0000%, Lmin=-126.80, Lmax=-28.21
02:19:01 [ultranest] [DEBUG] iteration=1187, ncalls=3267, regioncalls=114720, ndraw=40, logz=-133.46, remainder_fraction=100.0000%, Lmin=-124.83, Lmax=-28.21
02:19:01 [ultranest] [DEBUG] iteration=1194, ncalls=3302, regioncalls=116120, ndraw=40, logz=-131.14, remainder_fraction=100.0000%, Lmin=-123.23, Lmax=-28.21
02:19:01 [ultranest] [DEBUG] iteration=1200, ncalls=3316, regioncalls=116680, ndraw=40, logz=-129.54, remainder_fraction=100.0000%, Lmin=-121.34, Lmax=-28.21
02:19:02 [ultranest] [DEBUG] iteration=1211, ncalls=3343, regioncalls=117760, ndraw=40, logz=-125.94, remainder_fraction=100.0000%, Lmin=-117.51, Lmax=-28.21
02:19:02 [ultranest] [DEBUG] iteration=1216, ncalls=3375, regioncalls=119040, ndraw=40, logz=-124.44, remainder_fraction=100.0000%, Lmin=-116.44, Lmax=-28.21
02:19:02 [ultranest] [DEBUG] iteration=1224, ncalls=3422, regioncalls=120920, ndraw=40, logz=-123.10, remainder_fraction=100.0000%, Lmin=-115.84, Lmax=-28.21
02:19:02 [ultranest] [DEBUG] iteration=1229, ncalls=3459, regioncalls=122400, ndraw=40, logz=-122.21, remainder_fraction=100.0000%, Lmin=-114.26, Lmax=-28.21
02:19:02 [ultranest] [DEBUG] iteration=1237, ncalls=3499, regioncalls=124000, ndraw=40, logz=-120.60, remainder_fraction=100.0000%, Lmin=-112.82, Lmax=-28.21
02:19:02 [ultranest] [DEBUG] iteration=1240, ncalls=3506, regioncalls=124280, ndraw=40, logz=-120.07, remainder_fraction=100.0000%, Lmin=-112.38, Lmax=-28.21
02:19:02 [ultranest] [DEBUG] iteration=1248, ncalls=3541, regioncalls=125680, ndraw=40, logz=-118.42, remainder_fraction=100.0000%, Lmin=-110.51, Lmax=-28.21
02:19:02 [ultranest] [DEBUG] iteration=1258, ncalls=3576, regioncalls=127080, ndraw=40, logz=-116.50, remainder_fraction=100.0000%, Lmin=-108.92, Lmax=-28.21
02:19:02 [ultranest] [DEBUG] iteration=1268, ncalls=3612, regioncalls=128520, ndraw=40, logz=-115.01, remainder_fraction=100.0000%, Lmin=-106.96, Lmax=-28.21
02:19:03 [ultranest] [DEBUG] iteration=1279, ncalls=3645, regioncalls=129840, ndraw=40, logz=-113.29, remainder_fraction=100.0000%, Lmin=-105.68, Lmax=-28.21
02:19:03 [ultranest] [DEBUG] iteration=1280, ncalls=3651, regioncalls=130080, ndraw=40, logz=-113.15, remainder_fraction=100.0000%, Lmin=-105.32, Lmax=-28.21
02:19:03 [ultranest] [DEBUG] iteration=1281, ncalls=3654, regioncalls=130200, ndraw=40, logz=-112.98, remainder_fraction=100.0000%, Lmin=-105.32, Lmax=-28.21
02:19:03 [ultranest] [DEBUG] iteration=1294, ncalls=3686, regioncalls=131480, ndraw=40, logz=-110.96, remainder_fraction=100.0000%, Lmin=-103.06, Lmax=-28.21
02:19:03 [ultranest] [DEBUG] iteration=1307, ncalls=3717, regioncalls=132800, ndraw=40, logz=-108.96, remainder_fraction=100.0000%, Lmin=-101.11, Lmax=-28.21
02:19:03 [ultranest] [DEBUG] iteration=1316, ncalls=3755, regioncalls=134320, ndraw=40, logz=-107.43, remainder_fraction=100.0000%, Lmin=-99.42, Lmax=-28.21
02:19:03 [ultranest] [DEBUG] iteration=1320, ncalls=3767, regioncalls=134800, ndraw=40, logz=-106.80, remainder_fraction=100.0000%, Lmin=-98.55, Lmax=-28.21
02:19:03 [ultranest] [DEBUG] iteration=1334, ncalls=3800, regioncalls=136120, ndraw=40, logz=-104.41, remainder_fraction=100.0000%, Lmin=-96.75, Lmax=-28.21
02:19:03 [ultranest] [DEBUG] iteration=1346, ncalls=3833, regioncalls=137440, ndraw=40, logz=-102.69, remainder_fraction=100.0000%, Lmin=-94.72, Lmax=-28.21
02:19:03 [ultranest] [DEBUG] iteration=1356, ncalls=3867, regioncalls=138800, ndraw=40, logz=-101.09, remainder_fraction=100.0000%, Lmin=-93.26, Lmax=-28.21
02:19:03 [ultranest] [DEBUG] iteration=1360, ncalls=3874, regioncalls=139080, ndraw=40, logz=-100.58, remainder_fraction=100.0000%, Lmin=-92.82, Lmax=-28.21
02:19:03 [ultranest] [DEBUG] iteration=1366, ncalls=3905, regioncalls=140320, ndraw=40, logz=-99.49, remainder_fraction=100.0000%, Lmin=-90.91, Lmax=-28.21
02:19:03 [ultranest] [DEBUG] iteration=1378, ncalls=3940, regioncalls=141720, ndraw=40, logz=-97.30, remainder_fraction=100.0000%, Lmin=-89.06, Lmax=-28.21
02:19:04 [ultranest] [DEBUG] iteration=1392, ncalls=3972, regioncalls=143000, ndraw=40, logz=-94.77, remainder_fraction=100.0000%, Lmin=-86.46, Lmax=-28.21
02:19:04 [ultranest] [DEBUG] iteration=1400, ncalls=3989, regioncalls=143680, ndraw=40, logz=-93.48, remainder_fraction=100.0000%, Lmin=-85.31, Lmax=-28.21
02:19:04 [ultranest] [DEBUG] iteration=1410, ncalls=4023, regioncalls=145040, ndraw=40, logz=-91.87, remainder_fraction=100.0000%, Lmin=-83.55, Lmax=-28.21
02:19:04 [ultranest] [DEBUG] iteration=1421, ncalls=4053, regioncalls=146240, ndraw=40, logz=-89.92, remainder_fraction=100.0000%, Lmin=-81.89, Lmax=-28.21
02:19:04 [ultranest] [DEBUG] iteration=1431, ncalls=4086, regioncalls=147560, ndraw=40, logz=-88.47, remainder_fraction=100.0000%, Lmin=-80.45, Lmax=-28.21
02:19:04 [ultranest] [DEBUG] iteration=1440, ncalls=4117, regioncalls=148800, ndraw=40, logz=-87.18, remainder_fraction=100.0000%, Lmin=-78.93, Lmax=-28.21
02:19:04 [ultranest] [DEBUG] iteration=1451, ncalls=4148, regioncalls=150040, ndraw=40, logz=-85.66, remainder_fraction=100.0000%, Lmin=-77.08, Lmax=-28.21
02:19:04 [ultranest] [DEBUG] iteration=1458, ncalls=4186, regioncalls=151560, ndraw=40, logz=-84.18, remainder_fraction=100.0000%, Lmin=-76.14, Lmax=-28.21
02:19:04 [ultranest] [DEBUG] iteration=1470, ncalls=4221, regioncalls=152960, ndraw=40, logz=-82.63, remainder_fraction=100.0000%, Lmin=-74.45, Lmax=-28.21
02:19:04 [ultranest] [DEBUG] iteration=1477, ncalls=4257, regioncalls=154400, ndraw=40, logz=-81.68, remainder_fraction=100.0000%, Lmin=-73.58, Lmax=-28.21
02:19:05 [ultranest] [DEBUG] iteration=1480, ncalls=4269, regioncalls=154880, ndraw=40, logz=-81.31, remainder_fraction=100.0000%, Lmin=-73.01, Lmax=-28.21
02:19:05 [ultranest] [DEBUG] iteration=1492, ncalls=4307, regioncalls=156400, ndraw=40, logz=-79.80, remainder_fraction=100.0000%, Lmin=-71.43, Lmax=-28.21
02:19:05 [ultranest] [DEBUG] iteration=1503, ncalls=4344, regioncalls=157880, ndraw=40, logz=-78.44, remainder_fraction=100.0000%, Lmin=-70.43, Lmax=-28.21
02:19:05 [ultranest] [DEBUG] iteration=1506, ncalls=4352, regioncalls=158280, ndraw=40, logz=-78.12, remainder_fraction=100.0000%, Lmin=-70.24, Lmax=-28.21
02:19:05 [ultranest] [DEBUG] iteration=1520, ncalls=4378, regioncalls=159320, ndraw=40, logz=-76.52, remainder_fraction=100.0000%, Lmin=-68.53, Lmax=-28.21
02:19:05 [ultranest] [DEBUG] iteration=1533, ncalls=4410, regioncalls=160600, ndraw=40, logz=-75.16, remainder_fraction=100.0000%, Lmin=-67.12, Lmax=-28.21
02:19:05 [ultranest] [DEBUG] iteration=1546, ncalls=4446, regioncalls=162040, ndraw=40, logz=-73.27, remainder_fraction=100.0000%, Lmin=-64.65, Lmax=-28.21
02:19:05 [ultranest] [DEBUG] iteration=1560, ncalls=4476, regioncalls=163240, ndraw=40, logz=-71.16, remainder_fraction=100.0000%, Lmin=-62.96, Lmax=-28.21
02:19:05 [ultranest] [DEBUG] iteration=1576, ncalls=4509, regioncalls=164560, ndraw=40, logz=-69.43, remainder_fraction=100.0000%, Lmin=-61.32, Lmax=-28.21
02:19:05 [ultranest] [DEBUG] iteration=1590, ncalls=4535, regioncalls=165600, ndraw=40, logz=-67.93, remainder_fraction=100.0000%, Lmin=-59.72, Lmax=-28.21
02:19:05 [ultranest] [DEBUG] iteration=1600, ncalls=4552, regioncalls=166280, ndraw=40, logz=-66.84, remainder_fraction=100.0000%, Lmin=-58.20, Lmax=-28.21
02:19:06 [ultranest] [DEBUG] iteration=1610, ncalls=4587, regioncalls=167680, ndraw=40, logz=-65.67, remainder_fraction=100.0000%, Lmin=-57.36, Lmax=-28.21
02:19:06 [ultranest] [DEBUG] iteration=1624, ncalls=4620, regioncalls=169000, ndraw=40, logz=-63.84, remainder_fraction=100.0000%, Lmin=-55.38, Lmax=-28.21
02:19:06 [ultranest] [DEBUG] iteration=1637, ncalls=4655, regioncalls=170400, ndraw=40, logz=-62.50, remainder_fraction=100.0000%, Lmin=-54.43, Lmax=-28.21
02:19:06 [ultranest] [DEBUG] iteration=1640, ncalls=4664, regioncalls=170760, ndraw=40, logz=-62.27, remainder_fraction=100.0000%, Lmin=-54.17, Lmax=-28.21
02:19:06 [ultranest] [DEBUG] iteration=1654, ncalls=4699, regioncalls=172160, ndraw=40, logz=-61.07, remainder_fraction=100.0000%, Lmin=-52.88, Lmax=-28.19
02:19:06 [ultranest] [DEBUG] iteration=1656, ncalls=4711, regioncalls=172680, ndraw=40, logz=-60.91, remainder_fraction=100.0000%, Lmin=-52.76, Lmax=-28.19
02:19:06 [ultranest] [DEBUG] iteration=1673, ncalls=4738, regioncalls=173760, ndraw=40, logz=-59.75, remainder_fraction=100.0000%, Lmin=-51.90, Lmax=-28.19
02:19:06 [ultranest] [DEBUG] iteration=1680, ncalls=4751, regioncalls=174280, ndraw=40, logz=-59.34, remainder_fraction=100.0000%, Lmin=-51.29, Lmax=-28.19
02:19:06 [ultranest] [DEBUG] iteration=1693, ncalls=4782, regioncalls=175520, ndraw=40, logz=-58.40, remainder_fraction=100.0000%, Lmin=-50.41, Lmax=-28.19
02:19:06 [ultranest] [DEBUG] iteration=1710, ncalls=4813, regioncalls=176760, ndraw=40, logz=-57.32, remainder_fraction=100.0000%, Lmin=-49.31, Lmax=-28.19
02:19:06 [ultranest] [DEBUG] iteration=1720, ncalls=4830, regioncalls=177440, ndraw=40, logz=-56.77, remainder_fraction=100.0000%, Lmin=-48.91, Lmax=-28.19
02:19:06 [ultranest] [DEBUG] iteration=1731, ncalls=4863, regioncalls=178760, ndraw=40, logz=-56.21, remainder_fraction=100.0000%, Lmin=-48.45, Lmax=-28.19
02:19:07 [ultranest] [DEBUG] iteration=1740, ncalls=4894, regioncalls=180000, ndraw=40, logz=-55.74, remainder_fraction=100.0000%, Lmin=-47.78, Lmax=-28.19
02:19:07 [ultranest] [DEBUG] iteration=1755, ncalls=4926, regioncalls=181280, ndraw=40, logz=-54.85, remainder_fraction=100.0000%, Lmin=-46.58, Lmax=-28.19
02:19:07 [ultranest] [DEBUG] iteration=1760, ncalls=4939, regioncalls=181800, ndraw=40, logz=-54.49, remainder_fraction=100.0000%, Lmin=-45.85, Lmax=-28.19
02:19:07 [ultranest] [DEBUG] iteration=1774, ncalls=4972, regioncalls=183120, ndraw=40, logz=-53.26, remainder_fraction=100.0000%, Lmin=-44.88, Lmax=-28.19
02:19:07 [ultranest] [DEBUG] iteration=1790, ncalls=5003, regioncalls=184360, ndraw=40, logz=-52.31, remainder_fraction=100.0000%, Lmin=-44.05, Lmax=-28.19
02:19:07 [ultranest] [DEBUG] iteration=1800, ncalls=5023, regioncalls=185160, ndraw=40, logz=-51.71, remainder_fraction=100.0000%, Lmin=-43.42, Lmax=-28.19
02:19:07 [ultranest] [DEBUG] iteration=1806, ncalls=5033, regioncalls=185600, ndraw=40, logz=-51.36, remainder_fraction=100.0000%, Lmin=-43.20, Lmax=-28.19
02:19:07 [ultranest] [DEBUG] iteration=1821, ncalls=5061, regioncalls=186720, ndraw=40, logz=-50.62, remainder_fraction=100.0000%, Lmin=-42.52, Lmax=-28.19
02:19:07 [ultranest] [DEBUG] iteration=1836, ncalls=5090, regioncalls=187920, ndraw=40, logz=-49.93, remainder_fraction=99.9999%, Lmin=-41.86, Lmax=-28.19
02:19:07 [ultranest] [DEBUG] iteration=1840, ncalls=5099, regioncalls=188320, ndraw=40, logz=-49.76, remainder_fraction=99.9999%, Lmin=-41.76, Lmax=-28.19
02:19:07 [ultranest] [DEBUG] iteration=1854, ncalls=5130, regioncalls=189600, ndraw=40, logz=-49.20, remainder_fraction=99.9999%, Lmin=-41.15, Lmax=-28.19
02:19:08 [ultranest] [DEBUG] iteration=1870, ncalls=5164, regioncalls=190960, ndraw=40, logz=-48.52, remainder_fraction=99.9998%, Lmin=-40.44, Lmax=-28.11
02:19:08 [ultranest] [DEBUG] iteration=1880, ncalls=5185, regioncalls=191800, ndraw=40, logz=-48.15, remainder_fraction=99.9996%, Lmin=-40.18, Lmax=-28.11
02:19:08 [ultranest] [DEBUG] iteration=1890, ncalls=5211, regioncalls=192840, ndraw=40, logz=-47.76, remainder_fraction=99.9995%, Lmin=-39.53, Lmax=-28.11
02:19:08 [ultranest] [DEBUG] iteration=1902, ncalls=5244, regioncalls=194160, ndraw=40, logz=-47.26, remainder_fraction=99.9991%, Lmin=-39.08, Lmax=-28.11
02:19:08 [ultranest] [DEBUG] iteration=1915, ncalls=5276, regioncalls=195440, ndraw=40, logz=-46.72, remainder_fraction=99.9984%, Lmin=-38.56, Lmax=-28.11
02:19:08 [ultranest] [DEBUG] iteration=1920, ncalls=5283, regioncalls=195720, ndraw=40, logz=-46.54, remainder_fraction=99.9982%, Lmin=-38.48, Lmax=-28.11
02:19:08 [ultranest] [DEBUG] iteration=1936, ncalls=5316, regioncalls=197040, ndraw=40, logz=-45.99, remainder_fraction=99.9969%, Lmin=-37.76, Lmax=-28.11
02:19:08 [ultranest] [DEBUG] iteration=1951, ncalls=5349, regioncalls=198360, ndraw=40, logz=-45.46, remainder_fraction=99.9947%, Lmin=-37.33, Lmax=-28.11
02:19:08 [ultranest] [DEBUG] iteration=1960, ncalls=5367, regioncalls=199080, ndraw=40, logz=-45.17, remainder_fraction=99.9928%, Lmin=-37.07, Lmax=-28.11
02:19:08 [ultranest] [DEBUG] iteration=1970, ncalls=5398, regioncalls=200320, ndraw=40, logz=-44.84, remainder_fraction=99.9901%, Lmin=-36.61, Lmax=-28.11
02:19:08 [ultranest] [DEBUG] iteration=1989, ncalls=5427, regioncalls=201480, ndraw=40, logz=-44.25, remainder_fraction=99.9820%, Lmin=-36.17, Lmax=-28.11
02:19:08 [ultranest] [DEBUG] iteration=2000, ncalls=5455, regioncalls=202600, ndraw=40, logz=-43.93, remainder_fraction=99.9750%, Lmin=-35.82, Lmax=-28.11
02:19:09 [ultranest] [DEBUG] iteration=2017, ncalls=5486, regioncalls=203840, ndraw=40, logz=-43.44, remainder_fraction=99.9584%, Lmin=-35.15, Lmax=-28.11
02:19:09 [ultranest] [DEBUG] iteration=2031, ncalls=5512, regioncalls=204920, ndraw=40, logz=-43.05, remainder_fraction=99.9385%, Lmin=-34.91, Lmax=-28.11
02:19:09 [ultranest] [DEBUG] iteration=2040, ncalls=5527, regioncalls=205520, ndraw=40, logz=-42.82, remainder_fraction=99.9226%, Lmin=-34.72, Lmax=-28.11
02:19:09 [ultranest] [DEBUG] iteration=2057, ncalls=5555, regioncalls=206640, ndraw=40, logz=-42.36, remainder_fraction=99.8788%, Lmin=-34.11, Lmax=-28.11
02:19:09 [ultranest] [DEBUG] iteration=2072, ncalls=5590, regioncalls=208040, ndraw=40, logz=-41.98, remainder_fraction=99.8207%, Lmin=-33.80, Lmax=-28.11
02:19:09 [ultranest] [DEBUG] iteration=2080, ncalls=5613, regioncalls=208960, ndraw=40, logz=-41.80, remainder_fraction=99.7890%, Lmin=-33.70, Lmax=-28.11
02:19:09 [ultranest] [DEBUG] iteration=2094, ncalls=5645, regioncalls=210240, ndraw=40, logz=-41.49, remainder_fraction=99.7048%, Lmin=-33.37, Lmax=-28.11
02:19:09 [ultranest] [DEBUG] iteration=2111, ncalls=5670, regioncalls=211240, ndraw=40, logz=-41.15, remainder_fraction=99.5789%, Lmin=-33.13, Lmax=-28.11
02:19:09 [ultranest] [DEBUG] iteration=2120, ncalls=5692, regioncalls=212120, ndraw=40, logz=-40.99, remainder_fraction=99.5001%, Lmin=-33.00, Lmax=-28.11
02:19:09 [ultranest] [DEBUG] iteration=2136, ncalls=5725, regioncalls=213440, ndraw=40, logz=-40.72, remainder_fraction=99.3379%, Lmin=-32.71, Lmax=-28.11
02:19:10 [ultranest] [DEBUG] iteration=2151, ncalls=5756, regioncalls=214680, ndraw=40, logz=-40.48, remainder_fraction=99.1527%, Lmin=-32.48, Lmax=-28.11
02:19:10 [ultranest] [DEBUG] iteration=2160, ncalls=5770, regioncalls=215240, ndraw=40, logz=-40.34, remainder_fraction=99.0329%, Lmin=-32.35, Lmax=-28.11
02:19:10 [ultranest] [DEBUG] iteration=2172, ncalls=5803, regioncalls=216560, ndraw=40, logz=-40.14, remainder_fraction=98.8153%, Lmin=-32.06, Lmax=-28.10
02:19:10 [ultranest] [DEBUG] iteration=2181, ncalls=5827, regioncalls=217560, ndraw=40, logz=-40.00, remainder_fraction=98.6313%, Lmin=-31.93, Lmax=-28.10
02:19:10 [ultranest] [DEBUG] iteration=2198, ncalls=5854, regioncalls=218640, ndraw=40, logz=-39.75, remainder_fraction=98.2714%, Lmin=-31.70, Lmax=-28.10
02:19:10 [ultranest] [DEBUG] iteration=2200, ncalls=5857, regioncalls=218760, ndraw=40, logz=-39.72, remainder_fraction=98.2330%, Lmin=-31.70, Lmax=-28.10
02:19:10 [ultranest] [DEBUG] iteration=2211, ncalls=5889, regioncalls=220040, ndraw=40, logz=-39.57, remainder_fraction=97.9372%, Lmin=-31.53, Lmax=-28.10
02:19:10 [ultranest] [DEBUG] iteration=2229, ncalls=5919, regioncalls=221240, ndraw=40, logz=-39.33, remainder_fraction=97.4019%, Lmin=-31.30, Lmax=-28.10
02:19:10 [ultranest] [DEBUG] iteration=2240, ncalls=5940, regioncalls=222080, ndraw=40, logz=-39.19, remainder_fraction=96.9857%, Lmin=-31.25, Lmax=-28.10
02:19:10 [ultranest] [DEBUG] iteration=2255, ncalls=5974, regioncalls=223440, ndraw=40, logz=-39.02, remainder_fraction=96.4320%, Lmin=-31.08, Lmax=-28.10
02:19:10 [ultranest] [DEBUG] iteration=2267, ncalls=6000, regioncalls=224480, ndraw=40, logz=-38.89, remainder_fraction=95.9176%, Lmin=-30.95, Lmax=-28.10
02:19:10 [ultranest] [DEBUG] iteration=2280, ncalls=6021, regioncalls=225320, ndraw=40, logz=-38.76, remainder_fraction=95.3636%, Lmin=-30.79, Lmax=-28.10
02:19:11 [ultranest] [DEBUG] iteration=2292, ncalls=6058, regioncalls=226800, ndraw=40, logz=-38.63, remainder_fraction=94.7334%, Lmin=-30.67, Lmax=-28.10
02:19:11 [ultranest] [DEBUG] iteration=2309, ncalls=6089, regioncalls=228040, ndraw=40, logz=-38.46, remainder_fraction=93.8512%, Lmin=-30.48, Lmax=-28.10
02:19:11 [ultranest] [DEBUG] iteration=2320, ncalls=6117, regioncalls=229160, ndraw=40, logz=-38.36, remainder_fraction=93.1796%, Lmin=-30.38, Lmax=-28.10
02:19:11 [ultranest] [DEBUG] iteration=2331, ncalls=6145, regioncalls=230280, ndraw=40, logz=-38.26, remainder_fraction=92.4105%, Lmin=-30.30, Lmax=-28.10
02:19:11 [ultranest] [DEBUG] iteration=2343, ncalls=6175, regioncalls=231480, ndraw=40, logz=-38.15, remainder_fraction=91.5625%, Lmin=-30.20, Lmax=-28.10
02:19:11 [ultranest] [DEBUG] iteration=2357, ncalls=6207, regioncalls=232760, ndraw=40, logz=-38.04, remainder_fraction=90.4672%, Lmin=-30.08, Lmax=-28.10
02:19:11 [ultranest] [DEBUG] iteration=2360, ncalls=6216, regioncalls=233120, ndraw=40, logz=-38.01, remainder_fraction=90.2290%, Lmin=-30.07, Lmax=-28.10
02:19:11 [ultranest] [DEBUG] iteration=2373, ncalls=6250, regioncalls=234480, ndraw=40, logz=-37.91, remainder_fraction=89.0619%, Lmin=-29.98, Lmax=-28.10
02:19:11 [ultranest] [DEBUG] iteration=2385, ncalls=6284, regioncalls=235840, ndraw=40, logz=-37.82, remainder_fraction=88.0005%, Lmin=-29.86, Lmax=-28.10
02:19:11 [ultranest] [DEBUG] iteration=2400, ncalls=6319, regioncalls=237240, ndraw=40, logz=-37.71, remainder_fraction=86.5370%, Lmin=-29.76, Lmax=-28.10
02:19:11 [ultranest] [DEBUG] iteration=2406, ncalls=6331, regioncalls=237760, ndraw=40, logz=-37.66, remainder_fraction=85.9742%, Lmin=-29.74, Lmax=-28.10
02:19:12 [ultranest] [DEBUG] iteration=2422, ncalls=6358, regioncalls=238880, ndraw=40, logz=-37.56, remainder_fraction=84.3263%, Lmin=-29.63, Lmax=-28.10
02:19:12 [ultranest] [DEBUG] iteration=2439, ncalls=6390, regioncalls=240160, ndraw=40, logz=-37.45, remainder_fraction=82.5066%, Lmin=-29.57, Lmax=-28.10
02:19:12 [ultranest] [DEBUG] iteration=2440, ncalls=6394, regioncalls=240320, ndraw=40, logz=-37.44, remainder_fraction=82.4032%, Lmin=-29.55, Lmax=-28.10
02:19:12 [ultranest] [DEBUG] iteration=2450, ncalls=6428, regioncalls=241680, ndraw=40, logz=-37.38, remainder_fraction=81.4014%, Lmin=-29.49, Lmax=-28.10
02:19:12 [ultranest] [DEBUG] iteration=2465, ncalls=6460, regioncalls=242960, ndraw=40, logz=-37.30, remainder_fraction=79.6910%, Lmin=-29.45, Lmax=-28.10
02:19:12 [ultranest] [DEBUG] iteration=2480, ncalls=6491, regioncalls=244200, ndraw=40, logz=-37.22, remainder_fraction=78.0677%, Lmin=-29.37, Lmax=-28.10
02:19:12 [ultranest] [DEBUG] iteration=2481, ncalls=6494, regioncalls=244400, ndraw=40, logz=-37.22, remainder_fraction=77.9635%, Lmin=-29.37, Lmax=-28.10
02:19:12 [ultranest] [DEBUG] iteration=2494, ncalls=6521, regioncalls=245480, ndraw=40, logz=-37.15, remainder_fraction=76.4211%, Lmin=-29.32, Lmax=-28.10
02:19:12 [ultranest] [DEBUG] iteration=2511, ncalls=6552, regioncalls=246720, ndraw=40, logz=-37.07, remainder_fraction=74.2817%, Lmin=-29.25, Lmax=-28.10
02:19:12 [ultranest] [DEBUG] iteration=2520, ncalls=6566, regioncalls=247280, ndraw=40, logz=-37.03, remainder_fraction=73.2303%, Lmin=-29.21, Lmax=-28.10
02:19:12 [ultranest] [DEBUG] iteration=2535, ncalls=6597, regioncalls=248520, ndraw=40, logz=-36.96, remainder_fraction=71.4224%, Lmin=-29.15, Lmax=-28.10
02:19:12 [ultranest] [DEBUG] iteration=2549, ncalls=6630, regioncalls=249840, ndraw=40, logz=-36.91, remainder_fraction=69.7246%, Lmin=-29.11, Lmax=-28.10
02:19:13 [ultranest] [DEBUG] iteration=2556, ncalls=6638, regioncalls=250240, ndraw=40, logz=-36.88, remainder_fraction=68.9274%, Lmin=-29.09, Lmax=-28.10
02:19:13 [ultranest] [DEBUG] iteration=2560, ncalls=6642, regioncalls=250440, ndraw=40, logz=-36.87, remainder_fraction=68.4669%, Lmin=-29.06, Lmax=-28.10
02:19:13 [ultranest] [DEBUG] iteration=2573, ncalls=6671, regioncalls=251600, ndraw=40, logz=-36.82, remainder_fraction=66.9280%, Lmin=-29.02, Lmax=-28.10
02:19:13 [ultranest] [DEBUG] iteration=2589, ncalls=6703, regioncalls=252880, ndraw=40, logz=-36.76, remainder_fraction=64.9417%, Lmin=-28.98, Lmax=-28.10
02:19:13 [ultranest] [DEBUG] iteration=2600, ncalls=6722, regioncalls=253640, ndraw=40, logz=-36.72, remainder_fraction=63.6138%, Lmin=-28.95, Lmax=-28.10
02:19:13 [ultranest] [DEBUG] iteration=2615, ncalls=6754, regioncalls=254920, ndraw=40, logz=-36.67, remainder_fraction=61.8456%, Lmin=-28.90, Lmax=-28.10
02:19:13 [ultranest] [DEBUG] iteration=2631, ncalls=6782, regioncalls=256040, ndraw=40, logz=-36.62, remainder_fraction=60.0126%, Lmin=-28.87, Lmax=-28.10
02:19:13 [ultranest] [DEBUG] iteration=2638, ncalls=6806, regioncalls=257000, ndraw=40, logz=-36.60, remainder_fraction=59.1906%, Lmin=-28.85, Lmax=-28.10
02:19:13 [ultranest] [DEBUG] iteration=2640, ncalls=6812, regioncalls=257240, ndraw=40, logz=-36.60, remainder_fraction=58.9349%, Lmin=-28.84, Lmax=-28.07
02:19:13 [ultranest] [DEBUG] iteration=2651, ncalls=6849, regioncalls=258720, ndraw=40, logz=-36.57, remainder_fraction=57.6664%, Lmin=-28.81, Lmax=-28.07
02:19:13 [ultranest] [DEBUG] iteration=2665, ncalls=6883, regioncalls=260080, ndraw=40, logz=-36.53, remainder_fraction=55.9526%, Lmin=-28.78, Lmax=-28.07
02:19:13 [ultranest] [DEBUG] iteration=2678, ncalls=6915, regioncalls=261360, ndraw=40, logz=-36.49, remainder_fraction=54.4081%, Lmin=-28.75, Lmax=-28.07
02:19:13 [ultranest] [DEBUG] iteration=2680, ncalls=6917, regioncalls=261440, ndraw=40, logz=-36.49, remainder_fraction=54.1879%, Lmin=-28.75, Lmax=-28.07
02:19:14 [ultranest] [DEBUG] iteration=2698, ncalls=6948, regioncalls=262680, ndraw=40, logz=-36.45, remainder_fraction=52.0520%, Lmin=-28.71, Lmax=-28.07
02:19:14 [ultranest] [DEBUG] iteration=2709, ncalls=6976, regioncalls=263800, ndraw=40, logz=-36.42, remainder_fraction=50.8261%, Lmin=-28.69, Lmax=-28.07
02:19:14 [ultranest] [DEBUG] iteration=2720, ncalls=7007, regioncalls=265040, ndraw=40, logz=-36.39, remainder_fraction=49.6125%, Lmin=-28.67, Lmax=-28.07
02:19:14 [ultranest] [DEBUG] iteration=2730, ncalls=7043, regioncalls=266480, ndraw=40, logz=-36.37, remainder_fraction=48.4975%, Lmin=-28.64, Lmax=-28.07
02:19:14 [ultranest] [DEBUG] iteration=2741, ncalls=7079, regioncalls=267920, ndraw=40, logz=-36.35, remainder_fraction=47.2486%, Lmin=-28.63, Lmax=-28.07
02:19:14 [ultranest] [DEBUG] iteration=2755, ncalls=7111, regioncalls=269200, ndraw=40, logz=-36.32, remainder_fraction=45.7224%, Lmin=-28.61, Lmax=-28.07
02:19:14 [ultranest] [DEBUG] iteration=2760, ncalls=7121, regioncalls=269600, ndraw=40, logz=-36.31, remainder_fraction=45.1981%, Lmin=-28.59, Lmax=-28.07
02:19:14 [ultranest] [DEBUG] iteration=2773, ncalls=7155, regioncalls=270960, ndraw=40, logz=-36.29, remainder_fraction=43.8356%, Lmin=-28.57, Lmax=-28.07
02:19:14 [ultranest] [DEBUG] iteration=2781, ncalls=7174, regioncalls=271760, ndraw=40, logz=-36.27, remainder_fraction=42.9880%, Lmin=-28.56, Lmax=-28.07
02:19:14 [ultranest] [DEBUG] iteration=2795, ncalls=7204, regioncalls=273000, ndraw=40, logz=-36.25, remainder_fraction=41.5223%, Lmin=-28.54, Lmax=-28.07
02:19:14 [ultranest] [DEBUG] iteration=2800, ncalls=7221, regioncalls=273680, ndraw=40, logz=-36.24, remainder_fraction=40.9979%, Lmin=-28.52, Lmax=-28.07
02:19:15 [ultranest] [DEBUG] iteration=2815, ncalls=7253, regioncalls=274960, ndraw=40, logz=-36.21, remainder_fraction=39.4866%, Lmin=-28.50, Lmax=-28.07
02:19:15 [ultranest] [DEBUG] iteration=2830, ncalls=7284, regioncalls=276200, ndraw=40, logz=-36.19, remainder_fraction=38.0083%, Lmin=-28.49, Lmax=-28.07
02:19:15 [ultranest] [DEBUG] iteration=2840, ncalls=7311, regioncalls=277280, ndraw=40, logz=-36.17, remainder_fraction=37.0396%, Lmin=-28.48, Lmax=-28.07
02:19:15 [ultranest] [DEBUG] iteration=2855, ncalls=7342, regioncalls=278520, ndraw=40, logz=-36.15, remainder_fraction=35.6975%, Lmin=-28.47, Lmax=-28.07
02:19:15 [ultranest] [DEBUG] iteration=2856, ncalls=7344, regioncalls=278680, ndraw=40, logz=-36.15, remainder_fraction=35.5990%, Lmin=-28.47, Lmax=-28.07
02:19:15 [ultranest] [DEBUG] iteration=2875, ncalls=7370, regioncalls=279720, ndraw=40, logz=-36.13, remainder_fraction=33.9262%, Lmin=-28.44, Lmax=-28.07
02:19:15 [ultranest] [DEBUG] iteration=2880, ncalls=7383, regioncalls=280240, ndraw=40, logz=-36.12, remainder_fraction=33.4717%, Lmin=-28.44, Lmax=-28.07
02:19:15 [ultranest] [DEBUG] iteration=2896, ncalls=7414, regioncalls=281560, ndraw=40, logz=-36.10, remainder_fraction=32.1216%, Lmin=-28.42, Lmax=-28.07
02:19:15 [ultranest] [DEBUG] iteration=2908, ncalls=7446, regioncalls=282840, ndraw=40, logz=-36.08, remainder_fraction=31.1499%, Lmin=-28.41, Lmax=-28.07
02:19:15 [ultranest] [DEBUG] iteration=2920, ncalls=7477, regioncalls=284080, ndraw=40, logz=-36.07, remainder_fraction=30.1653%, Lmin=-28.40, Lmax=-28.07
02:19:15 [ultranest] [DEBUG] iteration=2932, ncalls=7506, regioncalls=285240, ndraw=40, logz=-36.06, remainder_fraction=29.2325%, Lmin=-28.39, Lmax=-28.07
02:19:16 [ultranest] [DEBUG] iteration=2946, ncalls=7531, regioncalls=286240, ndraw=40, logz=-36.04, remainder_fraction=28.1603%, Lmin=-28.38, Lmax=-28.07
02:19:16 [ultranest] [DEBUG] iteration=2960, ncalls=7557, regioncalls=287280, ndraw=40, logz=-36.03, remainder_fraction=27.1271%, Lmin=-28.38, Lmax=-28.07
02:19:16 [ultranest] [DEBUG] iteration=2977, ncalls=7587, regioncalls=288480, ndraw=40, logz=-36.01, remainder_fraction=25.8969%, Lmin=-28.37, Lmax=-28.07
02:19:16 [ultranest] [DEBUG] iteration=2987, ncalls=7620, regioncalls=289800, ndraw=40, logz=-36.00, remainder_fraction=25.2109%, Lmin=-28.36, Lmax=-28.07
02:19:16 [ultranest] [DEBUG] iteration=3000, ncalls=7650, regioncalls=291000, ndraw=40, logz=-35.99, remainder_fraction=24.3270%, Lmin=-28.35, Lmax=-28.07
02:19:16 [ultranest] [DEBUG] iteration=3006, ncalls=7660, regioncalls=291520, ndraw=40, logz=-35.98, remainder_fraction=23.9428%, Lmin=-28.35, Lmax=-28.07
02:19:16 [ultranest] [DEBUG] iteration=3018, ncalls=7688, regioncalls=292720, ndraw=40, logz=-35.97, remainder_fraction=23.1701%, Lmin=-28.34, Lmax=-28.07
02:19:16 [ultranest] [DEBUG] iteration=3030, ncalls=7718, regioncalls=293960, ndraw=40, logz=-35.96, remainder_fraction=22.4325%, Lmin=-28.33, Lmax=-28.07
02:19:16 [ultranest] [DEBUG] iteration=3040, ncalls=7738, regioncalls=294760, ndraw=40, logz=-35.96, remainder_fraction=21.8349%, Lmin=-28.33, Lmax=-28.07
02:19:16 [ultranest] [DEBUG] iteration=3054, ncalls=7769, regioncalls=296000, ndraw=40, logz=-35.95, remainder_fraction=21.0235%, Lmin=-28.32, Lmax=-28.07
02:19:16 [ultranest] [DEBUG] iteration=3064, ncalls=7805, regioncalls=297440, ndraw=40, logz=-35.94, remainder_fraction=20.4339%, Lmin=-28.31, Lmax=-28.07
02:19:17 [ultranest] [DEBUG] iteration=3075, ncalls=7838, regioncalls=298760, ndraw=40, logz=-35.93, remainder_fraction=19.8182%, Lmin=-28.31, Lmax=-28.07
02:19:17 [ultranest] [DEBUG] iteration=3080, ncalls=7864, regioncalls=299800, ndraw=40, logz=-35.93, remainder_fraction=19.5377%, Lmin=-28.31, Lmax=-28.07
02:19:17 [ultranest] [DEBUG] iteration=3090, ncalls=7891, regioncalls=300880, ndraw=40, logz=-35.92, remainder_fraction=18.9974%, Lmin=-28.31, Lmax=-28.07
02:19:17 [ultranest] [DEBUG] iteration=3103, ncalls=7921, regioncalls=302080, ndraw=40, logz=-35.91, remainder_fraction=18.3343%, Lmin=-28.30, Lmax=-28.07
02:19:17 [ultranest] [DEBUG] iteration=3114, ncalls=7954, regioncalls=303400, ndraw=40, logz=-35.91, remainder_fraction=17.7822%, Lmin=-28.30, Lmax=-28.07
02:19:17 [ultranest] [DEBUG] iteration=3120, ncalls=7970, regioncalls=304040, ndraw=40, logz=-35.90, remainder_fraction=17.4952%, Lmin=-28.30, Lmax=-28.07
02:19:17 [ultranest] [DEBUG] iteration=3133, ncalls=8005, regioncalls=305440, ndraw=40, logz=-35.90, remainder_fraction=16.8608%, Lmin=-28.29, Lmax=-28.07
02:19:17 [ultranest] [DEBUG] iteration=3147, ncalls=8042, regioncalls=306920, ndraw=40, logz=-35.89, remainder_fraction=16.2159%, Lmin=-28.28, Lmax=-28.07
02:19:17 [ultranest] [DEBUG] iteration=3156, ncalls=8061, regioncalls=307720, ndraw=40, logz=-35.88, remainder_fraction=15.8081%, Lmin=-28.28, Lmax=-28.07
02:19:17 [ultranest] [DEBUG] iteration=3160, ncalls=8073, regioncalls=308200, ndraw=40, logz=-35.88, remainder_fraction=15.6353%, Lmin=-28.28, Lmax=-28.07
02:19:17 [ultranest] [DEBUG] iteration=3171, ncalls=8103, regioncalls=309400, ndraw=40, logz=-35.88, remainder_fraction=15.1672%, Lmin=-28.28, Lmax=-28.07
02:19:18 [ultranest] [DEBUG] iteration=3186, ncalls=8135, regioncalls=310680, ndraw=40, logz=-35.87, remainder_fraction=14.5455%, Lmin=-28.27, Lmax=-28.07
02:19:18 [ultranest] [DEBUG] iteration=3199, ncalls=8169, regioncalls=312040, ndraw=40, logz=-35.86, remainder_fraction=14.0188%, Lmin=-28.27, Lmax=-28.07
02:19:18 [ultranest] [DEBUG] iteration=3200, ncalls=8173, regioncalls=312200, ndraw=40, logz=-35.86, remainder_fraction=13.9783%, Lmin=-28.27, Lmax=-28.07
02:19:18 [ultranest] [DEBUG] iteration=3211, ncalls=8208, regioncalls=313600, ndraw=40, logz=-35.86, remainder_fraction=13.5539%, Lmin=-28.27, Lmax=-28.07
02:19:18 [ultranest] [DEBUG] iteration=3224, ncalls=8241, regioncalls=314920, ndraw=40, logz=-35.85, remainder_fraction=13.0651%, Lmin=-28.26, Lmax=-28.07
02:19:18 [ultranest] [DEBUG] iteration=3233, ncalls=8275, regioncalls=316280, ndraw=40, logz=-35.85, remainder_fraction=12.7492%, Lmin=-28.26, Lmax=-28.07
02:19:18 [ultranest] [DEBUG] iteration=3240, ncalls=8284, regioncalls=316640, ndraw=40, logz=-35.84, remainder_fraction=12.5056%, Lmin=-28.26, Lmax=-28.07
02:19:18 [ultranest] [DEBUG] iteration=3248, ncalls=8314, regioncalls=317840, ndraw=40, logz=-35.84, remainder_fraction=12.2236%, Lmin=-28.26, Lmax=-28.07
02:19:18 [ultranest] [DEBUG] iteration=3259, ncalls=8350, regioncalls=319280, ndraw=40, logz=-35.84, remainder_fraction=11.8511%, Lmin=-28.25, Lmax=-28.07
02:19:18 [ultranest] [DEBUG] iteration=3269, ncalls=8383, regioncalls=320600, ndraw=40, logz=-35.83, remainder_fraction=11.5200%, Lmin=-28.25, Lmax=-28.07
02:19:18 [ultranest] [DEBUG] iteration=3278, ncalls=8425, regioncalls=322280, ndraw=40, logz=-35.83, remainder_fraction=11.2329%, Lmin=-28.25, Lmax=-28.07
02:19:18 [ultranest] [DEBUG] iteration=3280, ncalls=8429, regioncalls=322440, ndraw=40, logz=-35.83, remainder_fraction=11.1678%, Lmin=-28.25, Lmax=-28.07
02:19:19 [ultranest] [DEBUG] iteration=3288, ncalls=8464, regioncalls=323840, ndraw=40, logz=-35.83, remainder_fraction=10.9190%, Lmin=-28.25, Lmax=-28.07
02:19:19 [ultranest] [DEBUG] iteration=3293, ncalls=8502, regioncalls=325360, ndraw=40, logz=-35.82, remainder_fraction=10.7642%, Lmin=-28.25, Lmax=-28.07
02:19:19 [ultranest] [DEBUG] iteration=3302, ncalls=8535, regioncalls=326680, ndraw=40, logz=-35.82, remainder_fraction=10.4933%, Lmin=-28.24, Lmax=-28.07
02:19:19 [ultranest] [DEBUG] iteration=3306, ncalls=8546, regioncalls=327160, ndraw=40, logz=-35.82, remainder_fraction=10.3762%, Lmin=-28.24, Lmax=-28.07
02:19:19 [ultranest] [DEBUG] iteration=3317, ncalls=8573, regioncalls=328320, ndraw=40, logz=-35.82, remainder_fraction=10.0556%, Lmin=-28.24, Lmax=-28.07
02:19:19 [ultranest] [DEBUG] iteration=3320, ncalls=8582, regioncalls=328680, ndraw=40, logz=-35.82, remainder_fraction=9.9722%, Lmin=-28.24, Lmax=-28.07
02:19:19 [ultranest] [DEBUG] iteration=3332, ncalls=8618, regioncalls=330120, ndraw=40, logz=-35.81, remainder_fraction=9.6374%, Lmin=-28.24, Lmax=-28.07
02:19:19 [ultranest] [DEBUG] iteration=3347, ncalls=8652, regioncalls=331480, ndraw=40, logz=-35.81, remainder_fraction=9.2327%, Lmin=-28.23, Lmax=-28.07
02:19:19 [ultranest] [DEBUG] iteration=3360, ncalls=8685, regioncalls=332800, ndraw=40, logz=-35.80, remainder_fraction=8.9011%, Lmin=-28.23, Lmax=-28.07
02:19:19 [ultranest] [DEBUG] iteration=3373, ncalls=8717, regioncalls=334080, ndraw=40, logz=-35.80, remainder_fraction=8.5822%, Lmin=-28.23, Lmax=-28.07
02:19:19 [ultranest] [DEBUG] iteration=3381, ncalls=8736, regioncalls=334880, ndraw=40, logz=-35.80, remainder_fraction=8.3869%, Lmin=-28.22, Lmax=-28.07
02:19:20 [ultranest] [DEBUG] iteration=3390, ncalls=8765, regioncalls=336040, ndraw=40, logz=-35.80, remainder_fraction=8.1766%, Lmin=-28.22, Lmax=-28.07
02:19:20 [ultranest] [DEBUG] iteration=3400, ncalls=8785, regioncalls=336840, ndraw=40, logz=-35.79, remainder_fraction=7.9461%, Lmin=-28.22, Lmax=-28.07
02:19:20 [ultranest] [DEBUG] iteration=3413, ncalls=8817, regioncalls=338120, ndraw=40, logz=-35.79, remainder_fraction=7.6649%, Lmin=-28.22, Lmax=-28.07
02:19:20 [ultranest] [DEBUG] iteration=3426, ncalls=8850, regioncalls=339440, ndraw=40, logz=-35.79, remainder_fraction=7.3908%, Lmin=-28.22, Lmax=-28.07
02:19:20 [ultranest] [DEBUG] iteration=3435, ncalls=8888, regioncalls=340960, ndraw=40, logz=-35.79, remainder_fraction=7.2032%, Lmin=-28.21, Lmax=-28.07
02:19:20 [ultranest] [DEBUG] iteration=3440, ncalls=8899, regioncalls=341400, ndraw=40, logz=-35.78, remainder_fraction=7.1001%, Lmin=-28.21, Lmax=-28.07
02:19:20 [ultranest] [DEBUG] iteration=3451, ncalls=8933, regioncalls=342760, ndraw=40, logz=-35.78, remainder_fraction=6.8795%, Lmin=-28.21, Lmax=-28.07
02:19:20 [ultranest] [DEBUG] iteration=3456, ncalls=8941, regioncalls=343200, ndraw=40, logz=-35.78, remainder_fraction=6.7812%, Lmin=-28.21, Lmax=-28.07
02:19:20 [ultranest] [DEBUG] iteration=3471, ncalls=8970, regioncalls=344360, ndraw=40, logz=-35.78, remainder_fraction=6.5011%, Lmin=-28.21, Lmax=-28.07
02:19:20 [ultranest] [DEBUG] iteration=3480, ncalls=8988, regioncalls=345080, ndraw=40, logz=-35.78, remainder_fraction=6.3382%, Lmin=-28.21, Lmax=-28.07
02:19:20 [ultranest] [DEBUG] iteration=3496, ncalls=9019, regioncalls=346320, ndraw=40, logz=-35.77, remainder_fraction=6.0551%, Lmin=-28.20, Lmax=-28.07
02:19:21 [ultranest] [DEBUG] iteration=3512, ncalls=9049, regioncalls=347520, ndraw=40, logz=-35.77, remainder_fraction=5.7833%, Lmin=-28.20, Lmax=-28.07
02:19:21 [ultranest] [DEBUG] iteration=3520, ncalls=9064, regioncalls=348120, ndraw=40, logz=-35.77, remainder_fraction=5.6526%, Lmin=-28.20, Lmax=-28.07
02:19:21 [ultranest] [DEBUG] iteration=3531, ncalls=9089, regioncalls=349200, ndraw=40, logz=-35.77, remainder_fraction=5.4757%, Lmin=-28.20, Lmax=-28.07
02:19:21 [ultranest] [DEBUG] iteration=3544, ncalls=9116, regioncalls=350280, ndraw=40, logz=-35.76, remainder_fraction=5.2734%, Lmin=-28.19, Lmax=-28.07
02:19:21 [ultranest] [DEBUG] iteration=3556, ncalls=9148, regioncalls=351560, ndraw=40, logz=-35.76, remainder_fraction=5.0980%, Lmin=-28.19, Lmax=-28.07
02:19:21 [ultranest] [DEBUG] iteration=3560, ncalls=9157, regioncalls=351920, ndraw=40, logz=-35.76, remainder_fraction=5.0396%, Lmin=-28.19, Lmax=-28.07
02:19:21 [ultranest] [DEBUG] iteration=3576, ncalls=9187, regioncalls=353120, ndraw=40, logz=-35.76, remainder_fraction=4.8149%, Lmin=-28.19, Lmax=-28.07
02:19:21 [ultranest] [DEBUG] iteration=3589, ncalls=9219, regioncalls=354400, ndraw=40, logz=-35.76, remainder_fraction=4.6378%, Lmin=-28.18, Lmax=-28.07
02:19:21 [ultranest] [DEBUG] iteration=3600, ncalls=9251, regioncalls=355680, ndraw=40, logz=-35.76, remainder_fraction=4.4920%, Lmin=-28.18, Lmax=-28.07
02:19:21 [ultranest] [DEBUG] iteration=3606, ncalls=9269, regioncalls=356440, ndraw=40, logz=-35.76, remainder_fraction=4.4143%, Lmin=-28.18, Lmax=-28.07
02:19:21 [ultranest] [DEBUG] iteration=3615, ncalls=9300, regioncalls=357680, ndraw=40, logz=-35.75, remainder_fraction=4.3028%, Lmin=-28.18, Lmax=-28.07
02:19:22 [ultranest] [DEBUG] iteration=3627, ncalls=9331, regioncalls=358920, ndraw=40, logz=-35.75, remainder_fraction=4.1565%, Lmin=-28.18, Lmax=-28.07
02:19:22 [ultranest] [DEBUG] iteration=3640, ncalls=9352, regioncalls=359760, ndraw=40, logz=-35.75, remainder_fraction=4.0060%, Lmin=-28.17, Lmax=-28.07
02:19:22 [ultranest] [DEBUG] iteration=3655, ncalls=9385, regioncalls=361080, ndraw=40, logz=-35.75, remainder_fraction=3.8371%, Lmin=-28.17, Lmax=-28.07
02:19:22 [ultranest] [INFO] Explored until L=-3e+01  
02:19:22 [ultranest] [INFO] Likelihood function evaluations: 9402
02:19:23 [ultranest] [INFO] Writing samples and results to disk ...
02:19:23 [ultranest] [INFO] Writing samples and results to disk ... done
02:19:23 [ultranest] [DEBUG] did a run_iter pass!
02:19:23 [ultranest] [INFO]   logZ = -35.69 +- 0.1141
02:19:23 [ultranest] [INFO] Effective samples strategy satisfied (ESS = 1214.6, need >400)
02:19:23 [ultranest] [INFO] Posterior uncertainty strategy is satisfied (KL: 0.46+-0.08 nat, need <0.50 nat)
02:19:23 [ultranest] [INFO] Evidency uncertainty strategy is satisfied (dlogz=0.12, need <0.5)
02:19:23 [ultranest] [INFO]   logZ error budget: single: 0.14 bs:0.11 tail:0.04 total:0.12 required:<0.50
02:19:23 [ultranest] [INFO] done iterating.
02:19:23 [ultranest] [DEBUG] Making corner plot ...
02:19:24 [ultranest] [DEBUG] Making corner plot ... done
02:19:24 [ultranest] [DEBUG] Making run plot ... 
02:19:25 [ultranest] [DEBUG] Making run plot ... done
02:19:25 [ultranest] [DEBUG] Making trace plot ... 
02:19:26 [ultranest] [DEBUG] Making trace plot ... done
21:31:57 [ultranest] [DEBUG] ReactiveNestedSampler: dims=3+0, resume=True, log_dir=/home/orion51/Desktop/Research/spectral_fitting/FGL_spectral_fitting/Individual_sources/2CXOJ184337.6-322514/mekal_out_, backend=hdf5, vectorized=False, nbootstraps=30, ndraw=128..65536
21:31:58 [ultranest] [DEBUG] Testing resume consistency: [-28.16852583 -28.09948189   0.           0.34692098   0.90570841
   0.25779406  -4.53079021   1.24354956  20.80455841]: u=[0.34692098 0.90570841 0.25779406] -> p=[-4.53079021  1.24354956 20.80455841] -> L=-28.099481891292548 
21:31:58 [ultranest] [INFO] Resuming from 4000 stored points
21:31:58 [ultranest] [DEBUG] run_iter dlogz=0.5, dKL=0.5, frac_remain=0.01, Lepsilon=0.1000, min_ess=400
21:31:58 [ultranest] [DEBUG] max_iters=-1, max_ncalls=-1, max_num_improvement_loops=-1, min_num_live_points=400, cluster_num_live_points=40
21:31:58 [ultranest] [DEBUG] minimal_widths_sequence: [(-inf, 400.0), (inf, 400.0)]
21:31:58 [ultranest] [DEBUG] iteration=0, ncalls=9402, regioncalls=0, ndraw=40, logz=-inf, remainder_fraction=100.0000%, Lmin=-799517029.13, Lmax=-30.14
21:31:58 [ultranest] [DEBUG] iteration=40, ncalls=9402, regioncalls=0, ndraw=40, logz=-8834128.47, remainder_fraction=100.0000%, Lmin=-8799597.37, Lmax=-30.14
21:31:58 [ultranest] [DEBUG] iteration=80, ncalls=9402, regioncalls=0, ndraw=40, logz=-262555.09, remainder_fraction=100.0000%, Lmin=-230952.73, Lmax=-30.14
21:31:58 [ultranest] [DEBUG] iteration=120, ncalls=9402, regioncalls=0, ndraw=40, logz=-30626.92, remainder_fraction=100.0000%, Lmin=-29458.98, Lmax=-30.14
21:31:58 [ultranest] [DEBUG] iteration=160, ncalls=9402, regioncalls=0, ndraw=40, logz=-5127.14, remainder_fraction=100.0000%, Lmin=-4786.36, Lmax=-30.14
21:31:58 [ultranest] [DEBUG] iteration=200, ncalls=9402, regioncalls=0, ndraw=40, logz=-1005.97, remainder_fraction=100.0000%, Lmin=-977.27, Lmax=-30.14
21:31:58 [ultranest] [DEBUG] Plateau detected at L=-2.408512e+02, not replacing live point.
21:31:58 [ultranest] [DEBUG] Plateau detected at L=-2.408512e+02, not replacing live point.
21:31:58 [ultranest] [DEBUG] Plateau detected at L=-2.408512e+02, not replacing live point.
21:31:58 [ultranest] [DEBUG] Plateau detected at L=-2.408512e+02, not replacing live point.
21:31:58 [ultranest] [DEBUG] Plateau detected at L=-2.408512e+02, not replacing live point.
21:31:58 [ultranest] [DEBUG] Plateau detected at L=-2.408512e+02, not replacing live point.
21:31:58 [ultranest] [DEBUG] Plateau detected at L=-2.408512e+02, not replacing live point.
21:31:58 [ultranest] [DEBUG] Plateau detected at L=-2.408512e+02, not replacing live point.
21:31:58 [ultranest] [DEBUG] Plateau detected at L=-2.408512e+02, not replacing live point.
21:31:58 [ultranest] [DEBUG] Plateau detected at L=-2.408512e+02, not replacing live point.
21:31:58 [ultranest] [DEBUG] Plateau detected at L=-2.408512e+02, not replacing live point.
21:31:58 [ultranest] [DEBUG] Plateau detected at L=-2.408512e+02, not replacing live point.
21:31:58 [ultranest] [DEBUG] Plateau detected at L=-2.408512e+02, not replacing live point.
21:31:58 [ultranest] [DEBUG] Plateau detected at L=-2.408512e+02, not replacing live point.
21:31:58 [ultranest] [DEBUG] Plateau detected at L=-2.408512e+02, not replacing live point.
21:31:58 [ultranest] [DEBUG] Plateau detected at L=-2.408512e+02, not replacing live point.
21:31:58 [ultranest] [DEBUG] Plateau detected at L=-2.408512e+02, not replacing live point.
21:31:58 [ultranest] [DEBUG] Plateau detected at L=-2.408512e+02, not replacing live point.
21:31:58 [ultranest] [DEBUG] Plateau detected at L=-2.408512e+02, not replacing live point.
21:31:58 [ultranest] [DEBUG] Plateau detected at L=-2.408512e+02, not replacing live point.
21:31:58 [ultranest] [DEBUG] Plateau detected at L=-2.408512e+02, not replacing live point.
21:31:58 [ultranest] [DEBUG] Plateau detected at L=-2.408512e+02, not replacing live point.
21:31:58 [ultranest] [DEBUG] Plateau detected at L=-2.408512e+02, not replacing live point.
21:31:58 [ultranest] [DEBUG] Plateau detected at L=-2.408512e+02, not replacing live point.
21:31:58 [ultranest] [DEBUG] Plateau detected at L=-2.408512e+02, not replacing live point.
21:31:58 [ultranest] [DEBUG] Plateau detected at L=-2.408512e+02, not replacing live point.
21:31:58 [ultranest] [DEBUG] Plateau detected at L=-2.408512e+02, not replacing live point.
21:31:58 [ultranest] [DEBUG] Plateau detected at L=-2.408512e+02, not replacing live point.
21:31:58 [ultranest] [DEBUG] Plateau detected at L=-2.408512e+02, not replacing live point.
21:31:58 [ultranest] [DEBUG] Plateau detected at L=-2.408512e+02, not replacing live point.
21:31:58 [ultranest] [DEBUG] Plateau detected at L=-2.408512e+02, not replacing live point.
21:31:58 [ultranest] [DEBUG] Plateau detected at L=-2.408512e+02, not replacing live point.
21:31:58 [ultranest] [DEBUG] Plateau detected at L=-2.408512e+02, not replacing live point.
21:31:58 [ultranest] [DEBUG] Plateau detected at L=-2.408512e+02, not replacing live point.
21:31:58 [ultranest] [DEBUG] Plateau detected at L=-2.408512e+02, not replacing live point.
21:31:58 [ultranest] [DEBUG] Plateau detected at L=-2.408512e+02, not replacing live point.
21:31:58 [ultranest] [DEBUG] Plateau detected at L=-2.408512e+02, not replacing live point.
21:31:58 [ultranest] [DEBUG] Plateau detected at L=-2.408512e+02, not replacing live point.
21:31:58 [ultranest] [DEBUG] Plateau detected at L=-2.408512e+02, not replacing live point.
21:31:58 [ultranest] [DEBUG] Plateau detected at L=-2.408512e+02, not replacing live point.
21:31:58 [ultranest] [DEBUG] Plateau detected at L=-2.408512e+02, not replacing live point.
21:31:58 [ultranest] [DEBUG] Plateau detected at L=-2.408512e+02, not replacing live point.
21:31:58 [ultranest] [DEBUG] Plateau detected at L=-2.408512e+02, not replacing live point.
21:31:58 [ultranest] [DEBUG] Plateau detected at L=-2.408512e+02, not replacing live point.
21:31:58 [ultranest] [DEBUG] Plateau detected at L=-2.408512e+02, not replacing live point.
21:31:58 [ultranest] [DEBUG] Plateau detected at L=-2.408512e+02, not replacing live point.
21:31:58 [ultranest] [DEBUG] Plateau detected at L=-2.408512e+02, not replacing live point.
21:31:58 [ultranest] [DEBUG] Plateau detected at L=-2.408512e+02, not replacing live point.
21:31:58 [ultranest] [DEBUG] Plateau detected at L=-2.408512e+02, not replacing live point.
21:31:58 [ultranest] [DEBUG] Plateau detected at L=-2.408512e+02, not replacing live point.
21:31:58 [ultranest] [DEBUG] Plateau detected at L=-2.408512e+02, not replacing live point.
21:31:58 [ultranest] [DEBUG] Plateau detected at L=-2.408512e+02, not replacing live point.
21:31:58 [ultranest] [DEBUG] Plateau detected at L=-2.408512e+02, not replacing live point.
21:31:58 [ultranest] [DEBUG] Plateau detected at L=-2.408512e+02, not replacing live point.
21:31:58 [ultranest] [DEBUG] Plateau detected at L=-2.408512e+02, not replacing live point.
21:31:58 [ultranest] [DEBUG] Plateau detected at L=-2.408512e+02, not replacing live point.
21:31:58 [ultranest] [DEBUG] Plateau detected at L=-2.408512e+02, not replacing live point.
21:31:58 [ultranest] [DEBUG] Plateau detected at L=-2.408512e+02, not replacing live point.
21:31:58 [ultranest] [DEBUG] Plateau detected at L=-2.408512e+02, not replacing live point.
21:31:58 [ultranest] [DEBUG] Plateau detected at L=-2.408512e+02, not replacing live point.
21:31:58 [ultranest] [DEBUG] Plateau detected at L=-2.408512e+02, not replacing live point.
21:31:58 [ultranest] [DEBUG] Plateau detected at L=-2.408512e+02, not replacing live point.
21:31:58 [ultranest] [DEBUG] Plateau detected at L=-2.408512e+02, not replacing live point.
21:31:58 [ultranest] [DEBUG] Plateau detected at L=-2.408512e+02, not replacing live point.
21:31:58 [ultranest] [DEBUG] Plateau detected at L=-2.408512e+02, not replacing live point.
21:31:58 [ultranest] [DEBUG] iteration=299, ncalls=9402, regioncalls=0, ndraw=40, logz=-243.25, remainder_fraction=100.0000%, Lmin=-240.85, Lmax=-30.14
21:31:58 [ultranest] [DEBUG] Plateau detected at L=-2.408512e+02, not replacing live point.
21:31:58 [ultranest] [DEBUG] iteration=301, ncalls=9402, regioncalls=0, ndraw=40, logz=-243.22, remainder_fraction=100.0000%, Lmin=-240.85, Lmax=-30.14
21:31:58 [ultranest] [DEBUG] Plateau detected at L=-2.408512e+02, not replacing live point.
21:31:58 [ultranest] [DEBUG] iteration=306, ncalls=9402, regioncalls=0, ndraw=40, logz=-243.15, remainder_fraction=100.0000%, Lmin=-240.85, Lmax=-30.14
21:31:58 [ultranest] [DEBUG] iteration=320, ncalls=9402, regioncalls=0, ndraw=40, logz=-242.98, remainder_fraction=100.0000%, Lmin=-240.85, Lmax=-30.14
21:31:58 [ultranest] [DEBUG] iteration=360, ncalls=9402, regioncalls=0, ndraw=40, logz=-242.63, remainder_fraction=100.0000%, Lmin=-240.85, Lmax=-30.14
21:31:58 [ultranest] [DEBUG] iteration=400, ncalls=9402, regioncalls=0, ndraw=40, logz=-242.40, remainder_fraction=100.0000%, Lmin=-240.85, Lmax=-30.14
21:31:58 [ultranest] [DEBUG] iteration=440, ncalls=9402, regioncalls=0, ndraw=40, logz=-242.23, remainder_fraction=100.0000%, Lmin=-240.84, Lmax=-30.14
21:31:58 [ultranest] [DEBUG] iteration=480, ncalls=9402, regioncalls=0, ndraw=40, logz=-242.09, remainder_fraction=100.0000%, Lmin=-240.73, Lmax=-30.14
21:31:58 [ultranest] [DEBUG] iteration=520, ncalls=9402, regioncalls=0, ndraw=40, logz=-241.97, remainder_fraction=100.0000%, Lmin=-240.46, Lmax=-30.14
21:31:58 [ultranest] [DEBUG] iteration=560, ncalls=9402, regioncalls=0, ndraw=40, logz=-241.81, remainder_fraction=100.0000%, Lmin=-239.66, Lmax=-30.14
21:31:58 [ultranest] [DEBUG] iteration=600, ncalls=9402, regioncalls=0, ndraw=40, logz=-241.40, remainder_fraction=100.0000%, Lmin=-238.18, Lmax=-30.14
21:31:58 [ultranest] [DEBUG] iteration=640, ncalls=9402, regioncalls=0, ndraw=40, logz=-240.52, remainder_fraction=100.0000%, Lmin=-236.22, Lmax=-30.14
21:31:58 [ultranest] [DEBUG] iteration=680, ncalls=9402, regioncalls=0, ndraw=40, logz=-238.95, remainder_fraction=100.0000%, Lmin=-233.70, Lmax=-30.14
21:31:58 [ultranest] [DEBUG] iteration=681, ncalls=9402, regioncalls=0, ndraw=40, logz=-238.87, remainder_fraction=100.0000%, Lmin=-233.70, Lmax=-30.14
21:31:58 [ultranest] [DEBUG] iteration=720, ncalls=9402, regioncalls=0, ndraw=40, logz=-235.68, remainder_fraction=100.0000%, Lmin=-230.07, Lmax=-29.04
21:31:58 [ultranest] [DEBUG] iteration=760, ncalls=9402, regioncalls=0, ndraw=40, logz=-230.68, remainder_fraction=100.0000%, Lmin=-224.70, Lmax=-29.04
21:31:58 [ultranest] [DEBUG] iteration=800, ncalls=9402, regioncalls=0, ndraw=40, logz=-224.93, remainder_fraction=100.0000%, Lmin=-218.88, Lmax=-29.04
21:31:58 [ultranest] [DEBUG] iteration=840, ncalls=9402, regioncalls=0, ndraw=40, logz=-216.44, remainder_fraction=100.0000%, Lmin=-209.84, Lmax=-29.04
21:31:58 [ultranest] [DEBUG] iteration=880, ncalls=9402, regioncalls=0, ndraw=40, logz=-206.82, remainder_fraction=100.0000%, Lmin=-200.22, Lmax=-29.04
21:31:58 [ultranest] [DEBUG] iteration=920, ncalls=9402, regioncalls=0, ndraw=40, logz=-196.89, remainder_fraction=100.0000%, Lmin=-190.00, Lmax=-28.88
21:31:58 [ultranest] [DEBUG] iteration=960, ncalls=9402, regioncalls=0, ndraw=40, logz=-188.46, remainder_fraction=100.0000%, Lmin=-181.25, Lmax=-28.88
21:31:58 [ultranest] [DEBUG] iteration=1000, ncalls=9402, regioncalls=0, ndraw=40, logz=-179.83, remainder_fraction=100.0000%, Lmin=-172.45, Lmax=-28.88
21:31:58 [ultranest] [DEBUG] iteration=1040, ncalls=9402, regioncalls=0, ndraw=40, logz=-169.26, remainder_fraction=100.0000%, Lmin=-161.93, Lmax=-28.21
21:31:58 [ultranest] [DEBUG] iteration=1080, ncalls=9402, regioncalls=0, ndraw=40, logz=-157.40, remainder_fraction=100.0000%, Lmin=-150.09, Lmax=-28.21
21:31:58 [ultranest] [DEBUG] iteration=1120, ncalls=9402, regioncalls=0, ndraw=40, logz=-148.88, remainder_fraction=100.0000%, Lmin=-141.28, Lmax=-28.21
21:31:58 [ultranest] [DEBUG] iteration=1131, ncalls=9402, regioncalls=0, ndraw=40, logz=-146.53, remainder_fraction=100.0000%, Lmin=-138.94, Lmax=-28.21
21:31:58 [ultranest] [DEBUG] iteration=1160, ncalls=9402, regioncalls=0, ndraw=40, logz=-139.38, remainder_fraction=100.0000%, Lmin=-131.44, Lmax=-28.21
21:31:58 [ultranest] [DEBUG] iteration=1200, ncalls=9402, regioncalls=0, ndraw=40, logz=-129.54, remainder_fraction=100.0000%, Lmin=-121.34, Lmax=-28.21
21:31:58 [ultranest] [DEBUG] iteration=1240, ncalls=9402, regioncalls=0, ndraw=40, logz=-120.07, remainder_fraction=100.0000%, Lmin=-112.38, Lmax=-28.21
21:31:58 [ultranest] [DEBUG] iteration=1280, ncalls=9402, regioncalls=0, ndraw=40, logz=-113.15, remainder_fraction=100.0000%, Lmin=-105.32, Lmax=-28.21
21:31:58 [ultranest] [DEBUG] iteration=1281, ncalls=9402, regioncalls=0, ndraw=40, logz=-112.98, remainder_fraction=100.0000%, Lmin=-105.32, Lmax=-28.21
21:31:58 [ultranest] [DEBUG] iteration=1320, ncalls=9402, regioncalls=0, ndraw=40, logz=-106.80, remainder_fraction=100.0000%, Lmin=-98.55, Lmax=-28.21
21:31:58 [ultranest] [DEBUG] iteration=1356, ncalls=9402, regioncalls=0, ndraw=40, logz=-101.09, remainder_fraction=100.0000%, Lmin=-93.26, Lmax=-28.21
21:31:58 [ultranest] [DEBUG] iteration=1360, ncalls=9402, regioncalls=0, ndraw=40, logz=-100.58, remainder_fraction=100.0000%, Lmin=-92.82, Lmax=-28.21
21:31:58 [ultranest] [DEBUG] iteration=1400, ncalls=9402, regioncalls=0, ndraw=40, logz=-93.48, remainder_fraction=100.0000%, Lmin=-85.31, Lmax=-28.21
21:31:58 [ultranest] [DEBUG] iteration=1440, ncalls=9402, regioncalls=0, ndraw=40, logz=-87.18, remainder_fraction=100.0000%, Lmin=-78.93, Lmax=-28.21
21:31:58 [ultranest] [DEBUG] iteration=1480, ncalls=9402, regioncalls=0, ndraw=40, logz=-81.31, remainder_fraction=100.0000%, Lmin=-73.01, Lmax=-28.21
21:31:58 [ultranest] [DEBUG] iteration=1506, ncalls=9402, regioncalls=0, ndraw=40, logz=-78.12, remainder_fraction=100.0000%, Lmin=-70.24, Lmax=-28.21
21:31:58 [ultranest] [DEBUG] iteration=1520, ncalls=9402, regioncalls=0, ndraw=40, logz=-76.52, remainder_fraction=100.0000%, Lmin=-68.53, Lmax=-28.21
21:31:59 [ultranest] [DEBUG] iteration=1560, ncalls=9402, regioncalls=0, ndraw=40, logz=-71.16, remainder_fraction=100.0000%, Lmin=-62.96, Lmax=-28.21
21:31:59 [ultranest] [DEBUG] iteration=1600, ncalls=9402, regioncalls=0, ndraw=40, logz=-66.84, remainder_fraction=100.0000%, Lmin=-58.20, Lmax=-28.21
21:31:59 [ultranest] [DEBUG] iteration=1640, ncalls=9402, regioncalls=0, ndraw=40, logz=-62.27, remainder_fraction=100.0000%, Lmin=-54.17, Lmax=-28.21
21:31:59 [ultranest] [DEBUG] iteration=1656, ncalls=9402, regioncalls=0, ndraw=40, logz=-60.91, remainder_fraction=100.0000%, Lmin=-52.76, Lmax=-28.19
21:31:59 [ultranest] [DEBUG] iteration=1680, ncalls=9402, regioncalls=0, ndraw=40, logz=-59.34, remainder_fraction=100.0000%, Lmin=-51.29, Lmax=-28.19
21:31:59 [ultranest] [DEBUG] iteration=1720, ncalls=9402, regioncalls=0, ndraw=40, logz=-56.77, remainder_fraction=100.0000%, Lmin=-48.91, Lmax=-28.19
21:31:59 [ultranest] [DEBUG] iteration=1731, ncalls=9402, regioncalls=0, ndraw=40, logz=-56.21, remainder_fraction=100.0000%, Lmin=-48.45, Lmax=-28.19
21:31:59 [ultranest] [DEBUG] iteration=1760, ncalls=9402, regioncalls=0, ndraw=40, logz=-54.49, remainder_fraction=100.0000%, Lmin=-45.85, Lmax=-28.19
21:31:59 [ultranest] [DEBUG] iteration=1800, ncalls=9402, regioncalls=0, ndraw=40, logz=-51.71, remainder_fraction=100.0000%, Lmin=-43.42, Lmax=-28.19
21:31:59 [ultranest] [DEBUG] iteration=1806, ncalls=9402, regioncalls=0, ndraw=40, logz=-51.36, remainder_fraction=100.0000%, Lmin=-43.20, Lmax=-28.19
21:31:59 [ultranest] [DEBUG] iteration=1840, ncalls=9402, regioncalls=0, ndraw=40, logz=-49.76, remainder_fraction=99.9999%, Lmin=-41.76, Lmax=-28.19
21:31:59 [ultranest] [DEBUG] iteration=1880, ncalls=9402, regioncalls=0, ndraw=40, logz=-48.15, remainder_fraction=99.9996%, Lmin=-40.18, Lmax=-28.11
21:31:59 [ultranest] [DEBUG] iteration=1920, ncalls=9402, regioncalls=0, ndraw=40, logz=-46.54, remainder_fraction=99.9982%, Lmin=-38.48, Lmax=-28.11
21:31:59 [ultranest] [DEBUG] iteration=1960, ncalls=9402, regioncalls=0, ndraw=40, logz=-45.17, remainder_fraction=99.9928%, Lmin=-37.07, Lmax=-28.11
21:31:59 [ultranest] [DEBUG] iteration=2000, ncalls=9402, regioncalls=0, ndraw=40, logz=-43.93, remainder_fraction=99.9750%, Lmin=-35.82, Lmax=-28.11
21:31:59 [ultranest] [DEBUG] iteration=2031, ncalls=9402, regioncalls=0, ndraw=40, logz=-43.05, remainder_fraction=99.9385%, Lmin=-34.91, Lmax=-28.11
21:31:59 [ultranest] [DEBUG] iteration=2040, ncalls=9402, regioncalls=0, ndraw=40, logz=-42.82, remainder_fraction=99.9226%, Lmin=-34.72, Lmax=-28.11
21:31:59 [ultranest] [DEBUG] iteration=2080, ncalls=9402, regioncalls=0, ndraw=40, logz=-41.80, remainder_fraction=99.7890%, Lmin=-33.70, Lmax=-28.11
21:31:59 [ultranest] [DEBUG] iteration=2120, ncalls=9402, regioncalls=0, ndraw=40, logz=-40.99, remainder_fraction=99.5001%, Lmin=-33.00, Lmax=-28.11
21:31:59 [ultranest] [DEBUG] iteration=2160, ncalls=9402, regioncalls=0, ndraw=40, logz=-40.34, remainder_fraction=99.0329%, Lmin=-32.35, Lmax=-28.11
21:31:59 [ultranest] [DEBUG] iteration=2181, ncalls=9402, regioncalls=0, ndraw=40, logz=-40.00, remainder_fraction=98.6313%, Lmin=-31.93, Lmax=-28.10
21:31:59 [ultranest] [DEBUG] iteration=2200, ncalls=9402, regioncalls=0, ndraw=40, logz=-39.72, remainder_fraction=98.2330%, Lmin=-31.70, Lmax=-28.10
21:31:59 [ultranest] [DEBUG] iteration=2240, ncalls=9402, regioncalls=0, ndraw=40, logz=-39.19, remainder_fraction=96.9857%, Lmin=-31.25, Lmax=-28.10
21:31:59 [ultranest] [DEBUG] iteration=2280, ncalls=9402, regioncalls=0, ndraw=40, logz=-38.76, remainder_fraction=95.3636%, Lmin=-30.79, Lmax=-28.10
21:31:59 [ultranest] [DEBUG] iteration=2320, ncalls=9402, regioncalls=0, ndraw=40, logz=-38.36, remainder_fraction=93.1796%, Lmin=-30.38, Lmax=-28.10
21:31:59 [ultranest] [DEBUG] iteration=2360, ncalls=9402, regioncalls=0, ndraw=40, logz=-38.01, remainder_fraction=90.2290%, Lmin=-30.07, Lmax=-28.10
21:31:59 [ultranest] [DEBUG] iteration=2400, ncalls=9402, regioncalls=0, ndraw=40, logz=-37.71, remainder_fraction=86.5370%, Lmin=-29.76, Lmax=-28.10
21:31:59 [ultranest] [DEBUG] iteration=2406, ncalls=9402, regioncalls=0, ndraw=40, logz=-37.66, remainder_fraction=85.9742%, Lmin=-29.74, Lmax=-28.10
21:31:59 [ultranest] [DEBUG] iteration=2440, ncalls=9402, regioncalls=0, ndraw=40, logz=-37.44, remainder_fraction=82.4032%, Lmin=-29.55, Lmax=-28.10
21:31:59 [ultranest] [DEBUG] iteration=2480, ncalls=9402, regioncalls=0, ndraw=40, logz=-37.22, remainder_fraction=78.0677%, Lmin=-29.37, Lmax=-28.10
21:31:59 [ultranest] [DEBUG] iteration=2481, ncalls=9402, regioncalls=0, ndraw=40, logz=-37.22, remainder_fraction=77.9635%, Lmin=-29.37, Lmax=-28.10
21:31:59 [ultranest] [DEBUG] iteration=2520, ncalls=9402, regioncalls=0, ndraw=40, logz=-37.03, remainder_fraction=73.2303%, Lmin=-29.21, Lmax=-28.10
21:31:59 [ultranest] [DEBUG] iteration=2560, ncalls=9402, regioncalls=0, ndraw=40, logz=-36.87, remainder_fraction=68.4669%, Lmin=-29.06, Lmax=-28.10
21:31:59 [ultranest] [DEBUG] iteration=2600, ncalls=9402, regioncalls=0, ndraw=40, logz=-36.72, remainder_fraction=63.6138%, Lmin=-28.95, Lmax=-28.10
21:31:59 [ultranest] [DEBUG] iteration=2640, ncalls=9402, regioncalls=0, ndraw=40, logz=-36.60, remainder_fraction=58.9349%, Lmin=-28.84, Lmax=-28.07
21:31:59 [ultranest] [DEBUG] iteration=2680, ncalls=9402, regioncalls=0, ndraw=40, logz=-36.49, remainder_fraction=54.1879%, Lmin=-28.75, Lmax=-28.07
21:31:59 [ultranest] [DEBUG] iteration=2706, ncalls=9402, regioncalls=0, ndraw=40, logz=-36.43, remainder_fraction=51.1676%, Lmin=-28.70, Lmax=-28.07
21:31:59 [ultranest] [DEBUG] iteration=2720, ncalls=9402, regioncalls=0, ndraw=40, logz=-36.39, remainder_fraction=49.6125%, Lmin=-28.67, Lmax=-28.07
21:31:59 [ultranest] [DEBUG] iteration=2760, ncalls=9402, regioncalls=0, ndraw=40, logz=-36.31, remainder_fraction=45.1981%, Lmin=-28.59, Lmax=-28.07
21:31:59 [ultranest] [DEBUG] iteration=2781, ncalls=9402, regioncalls=0, ndraw=40, logz=-36.27, remainder_fraction=42.9880%, Lmin=-28.56, Lmax=-28.07
21:31:59 [ultranest] [DEBUG] iteration=2800, ncalls=9402, regioncalls=0, ndraw=40, logz=-36.24, remainder_fraction=40.9979%, Lmin=-28.52, Lmax=-28.07
21:31:59 [ultranest] [DEBUG] iteration=2840, ncalls=9402, regioncalls=0, ndraw=40, logz=-36.17, remainder_fraction=37.0396%, Lmin=-28.48, Lmax=-28.07
21:31:59 [ultranest] [DEBUG] iteration=2880, ncalls=9402, regioncalls=0, ndraw=40, logz=-36.12, remainder_fraction=33.4717%, Lmin=-28.44, Lmax=-28.07
21:31:59 [ultranest] [DEBUG] iteration=2920, ncalls=9402, regioncalls=0, ndraw=40, logz=-36.07, remainder_fraction=30.1653%, Lmin=-28.40, Lmax=-28.07
21:31:59 [ultranest] [DEBUG] iteration=2931, ncalls=9402, regioncalls=0, ndraw=40, logz=-36.06, remainder_fraction=29.3102%, Lmin=-28.39, Lmax=-28.07
21:31:59 [ultranest] [DEBUG] iteration=2960, ncalls=9402, regioncalls=0, ndraw=40, logz=-36.03, remainder_fraction=27.1271%, Lmin=-28.38, Lmax=-28.07
21:31:59 [ultranest] [DEBUG] iteration=3000, ncalls=9402, regioncalls=0, ndraw=40, logz=-35.99, remainder_fraction=24.3270%, Lmin=-28.35, Lmax=-28.07
21:31:59 [ultranest] [DEBUG] iteration=3040, ncalls=9402, regioncalls=0, ndraw=40, logz=-35.96, remainder_fraction=21.8349%, Lmin=-28.33, Lmax=-28.07
21:32:00 [ultranest] [DEBUG] iteration=3080, ncalls=9402, regioncalls=0, ndraw=40, logz=-35.93, remainder_fraction=19.5377%, Lmin=-28.31, Lmax=-28.07
21:32:00 [ultranest] [DEBUG] iteration=3120, ncalls=9402, regioncalls=0, ndraw=40, logz=-35.90, remainder_fraction=17.4952%, Lmin=-28.30, Lmax=-28.07
21:32:00 [ultranest] [DEBUG] iteration=3160, ncalls=9402, regioncalls=0, ndraw=40, logz=-35.88, remainder_fraction=15.6353%, Lmin=-28.28, Lmax=-28.07
21:32:00 [ultranest] [DEBUG] iteration=3200, ncalls=9402, regioncalls=0, ndraw=40, logz=-35.86, remainder_fraction=13.9783%, Lmin=-28.27, Lmax=-28.07
21:32:00 [ultranest] [DEBUG] iteration=3240, ncalls=9402, regioncalls=0, ndraw=40, logz=-35.84, remainder_fraction=12.5056%, Lmin=-28.26, Lmax=-28.07
21:32:00 [ultranest] [DEBUG] iteration=3280, ncalls=9402, regioncalls=0, ndraw=40, logz=-35.83, remainder_fraction=11.1678%, Lmin=-28.25, Lmax=-28.07
21:32:00 [ultranest] [DEBUG] iteration=3306, ncalls=9402, regioncalls=0, ndraw=40, logz=-35.82, remainder_fraction=10.3762%, Lmin=-28.24, Lmax=-28.07
21:32:00 [ultranest] [DEBUG] iteration=3320, ncalls=9402, regioncalls=0, ndraw=40, logz=-35.82, remainder_fraction=9.9722%, Lmin=-28.24, Lmax=-28.07
21:32:00 [ultranest] [DEBUG] iteration=3360, ncalls=9402, regioncalls=0, ndraw=40, logz=-35.80, remainder_fraction=8.9011%, Lmin=-28.23, Lmax=-28.07
21:32:00 [ultranest] [DEBUG] iteration=3381, ncalls=9402, regioncalls=0, ndraw=40, logz=-35.80, remainder_fraction=8.3869%, Lmin=-28.22, Lmax=-28.07
21:32:00 [ultranest] [DEBUG] iteration=3400, ncalls=9402, regioncalls=0, ndraw=40, logz=-35.79, remainder_fraction=7.9461%, Lmin=-28.22, Lmax=-28.07
21:32:00 [ultranest] [DEBUG] iteration=3440, ncalls=9402, regioncalls=0, ndraw=40, logz=-35.78, remainder_fraction=7.1001%, Lmin=-28.21, Lmax=-28.07
21:32:00 [ultranest] [DEBUG] iteration=3456, ncalls=9402, regioncalls=0, ndraw=40, logz=-35.78, remainder_fraction=6.7812%, Lmin=-28.21, Lmax=-28.07
21:32:00 [ultranest] [DEBUG] iteration=3480, ncalls=9402, regioncalls=0, ndraw=40, logz=-35.78, remainder_fraction=6.3382%, Lmin=-28.21, Lmax=-28.07
21:32:00 [ultranest] [DEBUG] iteration=3520, ncalls=9402, regioncalls=0, ndraw=40, logz=-35.77, remainder_fraction=5.6526%, Lmin=-28.20, Lmax=-28.07
21:32:00 [ultranest] [DEBUG] iteration=3531, ncalls=9402, regioncalls=0, ndraw=40, logz=-35.77, remainder_fraction=5.4757%, Lmin=-28.20, Lmax=-28.07
21:32:00 [ultranest] [DEBUG] iteration=3560, ncalls=9402, regioncalls=0, ndraw=40, logz=-35.76, remainder_fraction=5.0396%, Lmin=-28.19, Lmax=-28.07
21:32:00 [ultranest] [DEBUG] iteration=3600, ncalls=9402, regioncalls=0, ndraw=40, logz=-35.76, remainder_fraction=4.4920%, Lmin=-28.18, Lmax=-28.07
21:32:00 [ultranest] [DEBUG] iteration=3606, ncalls=9402, regioncalls=0, ndraw=40, logz=-35.76, remainder_fraction=4.4143%, Lmin=-28.18, Lmax=-28.07
21:32:00 [ultranest] [DEBUG] iteration=3640, ncalls=9402, regioncalls=0, ndraw=40, logz=-35.75, remainder_fraction=4.0060%, Lmin=-28.17, Lmax=-28.07
21:32:00 [ultranest] [INFO] Explored until L=-3e+01  
21:32:00 [ultranest] [INFO] Likelihood function evaluations: 9402
21:32:01 [ultranest] [INFO] Writing samples and results to disk ...
21:32:01 [ultranest] [INFO] Writing samples and results to disk ... done
21:32:01 [ultranest] [DEBUG] did a run_iter pass!
21:32:01 [ultranest] [INFO]   logZ = -35.73 +- 0.09856
21:32:01 [ultranest] [INFO] Effective samples strategy satisfied (ESS = 1214.6, need >400)
21:32:01 [ultranest] [INFO] Posterior uncertainty strategy is satisfied (KL: 0.47+-0.10 nat, need <0.50 nat)
21:32:01 [ultranest] [INFO] Evidency uncertainty strategy is satisfied (dlogz=0.11, need <0.5)
21:32:01 [ultranest] [INFO]   logZ error budget: single: 0.14 bs:0.10 tail:0.04 total:0.11 required:<0.50
21:32:01 [ultranest] [INFO] done iterating.
21:32:01 [ultranest] [DEBUG] Making corner plot ...
21:32:03 [ultranest] [DEBUG] Making corner plot ... done
21:32:03 [ultranest] [DEBUG] Making run plot ... 
21:32:03 [ultranest] [DEBUG] Making run plot ... done
21:32:03 [ultranest] [DEBUG] Making trace plot ... 
21:32:05 [ultranest] [DEBUG] Making trace plot ... done
