09:59:41 [ultranest] [DEBUG] ReactiveNestedSampler: dims=3+0, resume=True, log_dir=/home/orion51/Desktop/Research/spectral_fitting/FGL_spectral_fitting/Individual_sources/2CXOJ184332.8-322122/bb_out_, backend=hdf5, vectorized=False, nbootstraps=30, ndraw=128..65536
09:59:41 [ultranest] [INFO] Sampling 400 live points from prior ...
09:59:42 [ultranest] [DEBUG] run_iter dlogz=0.5, dKL=0.5, frac_remain=0.01, Lepsilon=0.1000, min_ess=400
09:59:42 [ultranest] [DEBUG] max_iters=-1, max_ncalls=-1, max_num_improvement_loops=-1, min_num_live_points=400, cluster_num_live_points=40
09:59:42 [ultranest] [DEBUG] minimal_widths_sequence: [(-inf, 400.0), (inf, 400.0)]
09:59:42 [ultranest] [DEBUG] iteration=0, ncalls=401, regioncalls=40, ndraw=40, logz=-inf, remainder_fraction=100.0000%, Lmin=-203555102.30, Lmax=-10.77
09:59:42 [ultranest] [DEBUG] iteration=28, ncalls=430, regioncalls=1200, ndraw=40, logz=-24657.44, remainder_fraction=100.0000%, Lmin=-23906.25, Lmax=-10.77
09:59:42 [ultranest] [DEBUG] iteration=40, ncalls=443, regioncalls=1720, ndraw=40, logz=-3026.19, remainder_fraction=100.0000%, Lmin=-2250.76, Lmax=-10.77
09:59:42 [ultranest] [DEBUG] Plateau detected at L=-1.133978e+02, not replacing live point.
09:59:42 [ultranest] [DEBUG] Plateau detected at L=-1.133978e+02, not replacing live point.
09:59:42 [ultranest] [DEBUG] Plateau detected at L=-1.133978e+02, not replacing live point.
09:59:42 [ultranest] [DEBUG] Plateau detected at L=-1.133978e+02, not replacing live point.
09:59:42 [ultranest] [DEBUG] Plateau detected at L=-1.133978e+02, not replacing live point.
09:59:42 [ultranest] [DEBUG] Plateau detected at L=-1.133978e+02, not replacing live point.
09:59:42 [ultranest] [DEBUG] Plateau detected at L=-1.133978e+02, not replacing live point.
09:59:42 [ultranest] [DEBUG] Plateau detected at L=-1.133978e+02, not replacing live point.
09:59:42 [ultranest] [DEBUG] Plateau detected at L=-1.133978e+02, not replacing live point.
09:59:42 [ultranest] [DEBUG] Plateau detected at L=-1.133978e+02, not replacing live point.
09:59:42 [ultranest] [DEBUG] Plateau detected at L=-1.133978e+02, not replacing live point.
09:59:42 [ultranest] [DEBUG] Plateau detected at L=-1.133978e+02, not replacing live point.
09:59:42 [ultranest] [DEBUG] Plateau detected at L=-1.133978e+02, not replacing live point.
09:59:42 [ultranest] [DEBUG] Plateau detected at L=-1.133978e+02, not replacing live point.
09:59:42 [ultranest] [DEBUG] Plateau detected at L=-1.133978e+02, not replacing live point.
09:59:42 [ultranest] [DEBUG] Plateau detected at L=-1.133978e+02, not replacing live point.
09:59:42 [ultranest] [DEBUG] Plateau detected at L=-1.133978e+02, not replacing live point.
09:59:42 [ultranest] [DEBUG] Plateau detected at L=-1.133978e+02, not replacing live point.
09:59:42 [ultranest] [DEBUG] Plateau detected at L=-1.133978e+02, not replacing live point.
09:59:42 [ultranest] [DEBUG] Plateau detected at L=-1.133978e+02, not replacing live point.
09:59:42 [ultranest] [DEBUG] Plateau detected at L=-1.133978e+02, not replacing live point.
09:59:42 [ultranest] [DEBUG] Plateau detected at L=-1.133978e+02, not replacing live point.
09:59:42 [ultranest] [DEBUG] Plateau detected at L=-1.133978e+02, not replacing live point.
09:59:42 [ultranest] [DEBUG] Plateau detected at L=-1.133978e+02, not replacing live point.
09:59:42 [ultranest] [DEBUG] Plateau detected at L=-1.133978e+02, not replacing live point.
09:59:42 [ultranest] [DEBUG] Plateau detected at L=-1.133978e+02, not replacing live point.
09:59:42 [ultranest] [DEBUG] Plateau detected at L=-1.133978e+02, not replacing live point.
09:59:42 [ultranest] [DEBUG] Plateau detected at L=-1.133978e+02, not replacing live point.
09:59:42 [ultranest] [DEBUG] Plateau detected at L=-1.133978e+02, not replacing live point.
09:59:42 [ultranest] [DEBUG] Plateau detected at L=-1.133978e+02, not replacing live point.
09:59:42 [ultranest] [DEBUG] Plateau detected at L=-1.133978e+02, not replacing live point.
09:59:42 [ultranest] [DEBUG] Plateau detected at L=-1.133978e+02, not replacing live point.
09:59:42 [ultranest] [DEBUG] Plateau detected at L=-1.133978e+02, not replacing live point.
09:59:42 [ultranest] [DEBUG] Plateau detected at L=-1.133978e+02, not replacing live point.
09:59:42 [ultranest] [DEBUG] Plateau detected at L=-1.133978e+02, not replacing live point.
09:59:42 [ultranest] [DEBUG] Plateau detected at L=-1.133978e+02, not replacing live point.
09:59:42 [ultranest] [DEBUG] Plateau detected at L=-1.133978e+02, not replacing live point.
09:59:42 [ultranest] [DEBUG] Plateau detected at L=-1.133978e+02, not replacing live point.
09:59:42 [ultranest] [DEBUG] Plateau detected at L=-1.133978e+02, not replacing live point.
09:59:42 [ultranest] [DEBUG] Plateau detected at L=-1.133978e+02, not replacing live point.
09:59:42 [ultranest] [DEBUG] Plateau detected at L=-1.133978e+02, not replacing live point.
09:59:42 [ultranest] [DEBUG] Plateau detected at L=-1.133978e+02, not replacing live point.
09:59:42 [ultranest] [DEBUG] Plateau detected at L=-1.133978e+02, not replacing live point.
09:59:42 [ultranest] [DEBUG] Plateau detected at L=-1.133978e+02, not replacing live point.
09:59:42 [ultranest] [DEBUG] Plateau detected at L=-1.133978e+02, not replacing live point.
09:59:42 [ultranest] [DEBUG] Plateau detected at L=-1.133978e+02, not replacing live point.
09:59:42 [ultranest] [DEBUG] Plateau detected at L=-1.133978e+02, not replacing live point.
09:59:42 [ultranest] [DEBUG] Plateau detected at L=-1.133978e+02, not replacing live point.
09:59:42 [ultranest] [DEBUG] Plateau detected at L=-1.133978e+02, not replacing live point.
09:59:42 [ultranest] [DEBUG] Plateau detected at L=-1.133978e+02, not replacing live point.
09:59:42 [ultranest] [DEBUG] Plateau detected at L=-1.133978e+02, not replacing live point.
09:59:42 [ultranest] [DEBUG] Plateau detected at L=-1.133978e+02, not replacing live point.
09:59:42 [ultranest] [DEBUG] Plateau detected at L=-1.133978e+02, not replacing live point.
09:59:42 [ultranest] [DEBUG] Plateau detected at L=-1.133978e+02, not replacing live point.
09:59:42 [ultranest] [DEBUG] Plateau detected at L=-1.133978e+02, not replacing live point.
09:59:42 [ultranest] [DEBUG] Plateau detected at L=-1.133978e+02, not replacing live point.
09:59:42 [ultranest] [DEBUG] Plateau detected at L=-1.133978e+02, not replacing live point.
09:59:42 [ultranest] [DEBUG] Plateau detected at L=-1.133978e+02, not replacing live point.
09:59:42 [ultranest] [DEBUG] Plateau detected at L=-1.133978e+02, not replacing live point.
09:59:42 [ultranest] [DEBUG] Plateau detected at L=-1.133978e+02, not replacing live point.
09:59:42 [ultranest] [DEBUG] Plateau detected at L=-1.133978e+02, not replacing live point.
09:59:42 [ultranest] [DEBUG] Plateau detected at L=-1.133978e+02, not replacing live point.
09:59:42 [ultranest] [DEBUG] Plateau detected at L=-1.133978e+02, not replacing live point.
09:59:42 [ultranest] [DEBUG] Plateau detected at L=-1.133978e+02, not replacing live point.
09:59:42 [ultranest] [DEBUG] Plateau detected at L=-1.133978e+02, not replacing live point.
09:59:42 [ultranest] [DEBUG] Plateau detected at L=-1.133978e+02, not replacing live point.
09:59:42 [ultranest] [DEBUG] Plateau detected at L=-1.133978e+02, not replacing live point.
09:59:42 [ultranest] [DEBUG] Plateau detected at L=-1.133978e+02, not replacing live point.
09:59:42 [ultranest] [DEBUG] Plateau detected at L=-1.133978e+02, not replacing live point.
09:59:42 [ultranest] [DEBUG] Plateau detected at L=-1.133978e+02, not replacing live point.
09:59:42 [ultranest] [DEBUG] Plateau detected at L=-1.133978e+02, not replacing live point.
09:59:42 [ultranest] [DEBUG] Plateau detected at L=-1.133978e+02, not replacing live point.
09:59:42 [ultranest] [DEBUG] Plateau detected at L=-1.133978e+02, not replacing live point.
09:59:42 [ultranest] [DEBUG] Plateau detected at L=-1.133978e+02, not replacing live point.
09:59:42 [ultranest] [DEBUG] Plateau detected at L=-1.133978e+02, not replacing live point.
09:59:42 [ultranest] [DEBUG] Plateau detected at L=-1.133978e+02, not replacing live point.
09:59:42 [ultranest] [DEBUG] Plateau detected at L=-1.133978e+02, not replacing live point.
09:59:42 [ultranest] [DEBUG] Plateau detected at L=-1.133978e+02, not replacing live point.
09:59:42 [ultranest] [DEBUG] Plateau detected at L=-1.133978e+02, not replacing live point.
09:59:42 [ultranest] [DEBUG] Plateau detected at L=-1.133978e+02, not replacing live point.
09:59:42 [ultranest] [DEBUG] Plateau detected at L=-1.133978e+02, not replacing live point.
09:59:42 [ultranest] [DEBUG] Plateau detected at L=-1.133978e+02, not replacing live point.
09:59:42 [ultranest] [DEBUG] Plateau detected at L=-1.133978e+02, not replacing live point.
09:59:42 [ultranest] [DEBUG] Plateau detected at L=-1.133978e+02, not replacing live point.
09:59:42 [ultranest] [DEBUG] Plateau detected at L=-1.133978e+02, not replacing live point.
09:59:42 [ultranest] [DEBUG] Plateau detected at L=-1.133978e+02, not replacing live point.
09:59:42 [ultranest] [DEBUG] Plateau detected at L=-1.133978e+02, not replacing live point.
09:59:42 [ultranest] [DEBUG] Plateau detected at L=-1.133978e+02, not replacing live point.
09:59:42 [ultranest] [DEBUG] Plateau detected at L=-1.133978e+02, not replacing live point.
09:59:42 [ultranest] [DEBUG] Plateau detected at L=-1.133978e+02, not replacing live point.
09:59:42 [ultranest] [DEBUG] Plateau detected at L=-1.133978e+02, not replacing live point.
09:59:42 [ultranest] [DEBUG] Plateau detected at L=-1.133978e+02, not replacing live point.
09:59:42 [ultranest] [DEBUG] Plateau detected at L=-1.133978e+02, not replacing live point.
09:59:42 [ultranest] [DEBUG] Plateau detected at L=-1.133978e+02, not replacing live point.
09:59:42 [ultranest] [DEBUG] Plateau detected at L=-1.133978e+02, not replacing live point.
09:59:42 [ultranest] [DEBUG] Plateau detected at L=-1.133978e+02, not replacing live point.
09:59:42 [ultranest] [DEBUG] Plateau detected at L=-1.133978e+02, not replacing live point.
09:59:42 [ultranest] [DEBUG] Plateau detected at L=-1.133978e+02, not replacing live point.
09:59:42 [ultranest] [DEBUG] Plateau detected at L=-1.133978e+02, not replacing live point.
09:59:42 [ultranest] [DEBUG] Plateau detected at L=-1.133978e+02, not replacing live point.
09:59:42 [ultranest] [DEBUG] Plateau detected at L=-1.133978e+02, not replacing live point.
09:59:42 [ultranest] [DEBUG] Plateau detected at L=-1.133978e+02, not replacing live point.
09:59:42 [ultranest] [DEBUG] Plateau detected at L=-1.133978e+02, not replacing live point.
09:59:42 [ultranest] [DEBUG] Plateau detected at L=-1.133978e+02, not replacing live point.
09:59:42 [ultranest] [DEBUG] Plateau detected at L=-1.133978e+02, not replacing live point.
09:59:42 [ultranest] [DEBUG] Plateau detected at L=-1.133978e+02, not replacing live point.
09:59:42 [ultranest] [DEBUG] Plateau detected at L=-1.133978e+02, not replacing live point.
09:59:42 [ultranest] [DEBUG] Plateau detected at L=-1.133978e+02, not replacing live point.
09:59:42 [ultranest] [DEBUG] Plateau detected at L=-1.133978e+02, not replacing live point.
09:59:42 [ultranest] [DEBUG] Plateau detected at L=-1.133978e+02, not replacing live point.
09:59:42 [ultranest] [DEBUG] Plateau detected at L=-1.133978e+02, not replacing live point.
09:59:42 [ultranest] [DEBUG] Plateau detected at L=-1.133978e+02, not replacing live point.
09:59:42 [ultranest] [DEBUG] Plateau detected at L=-1.133978e+02, not replacing live point.
09:59:42 [ultranest] [DEBUG] Plateau detected at L=-1.133978e+02, not replacing live point.
09:59:42 [ultranest] [DEBUG] Plateau detected at L=-1.133978e+02, not replacing live point.
09:59:42 [ultranest] [DEBUG] Plateau detected at L=-1.133978e+02, not replacing live point.
09:59:42 [ultranest] [DEBUG] Plateau detected at L=-1.133978e+02, not replacing live point.
09:59:42 [ultranest] [DEBUG] Plateau detected at L=-1.133978e+02, not replacing live point.
09:59:42 [ultranest] [DEBUG] Plateau detected at L=-1.133978e+02, not replacing live point.
09:59:42 [ultranest] [DEBUG] Plateau detected at L=-1.133978e+02, not replacing live point.
09:59:42 [ultranest] [DEBUG] Plateau detected at L=-1.133978e+02, not replacing live point.
09:59:42 [ultranest] [DEBUG] Plateau detected at L=-1.133978e+02, not replacing live point.
09:59:42 [ultranest] [DEBUG] Plateau detected at L=-1.133978e+02, not replacing live point.
09:59:42 [ultranest] [DEBUG] Plateau detected at L=-1.133978e+02, not replacing live point.
09:59:42 [ultranest] [DEBUG] Plateau detected at L=-1.133978e+02, not replacing live point.
09:59:42 [ultranest] [DEBUG] Plateau detected at L=-1.133978e+02, not replacing live point.
09:59:42 [ultranest] [DEBUG] Plateau detected at L=-1.133978e+02, not replacing live point.
09:59:42 [ultranest] [DEBUG] Plateau detected at L=-1.133978e+02, not replacing live point.
09:59:42 [ultranest] [DEBUG] Plateau detected at L=-1.133978e+02, not replacing live point.
09:59:42 [ultranest] [DEBUG] Plateau detected at L=-1.133978e+02, not replacing live point.
09:59:42 [ultranest] [DEBUG] Plateau detected at L=-1.133978e+02, not replacing live point.
09:59:42 [ultranest] [DEBUG] Plateau detected at L=-1.133978e+02, not replacing live point.
09:59:42 [ultranest] [DEBUG] Plateau detected at L=-1.133978e+02, not replacing live point.
09:59:42 [ultranest] [DEBUG] Plateau detected at L=-1.133978e+02, not replacing live point.
09:59:42 [ultranest] [DEBUG] Plateau detected at L=-1.133978e+02, not replacing live point.
09:59:42 [ultranest] [DEBUG] Plateau detected at L=-1.133978e+02, not replacing live point.
09:59:42 [ultranest] [DEBUG] Plateau detected at L=-1.133978e+02, not replacing live point.
09:59:42 [ultranest] [DEBUG] Plateau detected at L=-1.133978e+02, not replacing live point.
09:59:42 [ultranest] [DEBUG] Plateau detected at L=-1.133978e+02, not replacing live point.
09:59:42 [ultranest] [DEBUG] Plateau detected at L=-1.133978e+02, not replacing live point.
09:59:42 [ultranest] [DEBUG] Plateau detected at L=-1.133978e+02, not replacing live point.
09:59:42 [ultranest] [DEBUG] Plateau detected at L=-1.133978e+02, not replacing live point.
09:59:42 [ultranest] [DEBUG] Plateau detected at L=-1.133978e+02, not replacing live point.
09:59:42 [ultranest] [DEBUG] Plateau detected at L=-1.133978e+02, not replacing live point.
09:59:42 [ultranest] [DEBUG] Plateau detected at L=-1.133978e+02, not replacing live point.
09:59:42 [ultranest] [DEBUG] Plateau detected at L=-1.133978e+02, not replacing live point.
09:59:42 [ultranest] [DEBUG] Plateau detected at L=-1.133978e+02, not replacing live point.
09:59:42 [ultranest] [DEBUG] Plateau detected at L=-1.133978e+02, not replacing live point.
09:59:42 [ultranest] [DEBUG] Plateau detected at L=-1.133978e+02, not replacing live point.
09:59:42 [ultranest] [DEBUG] Plateau detected at L=-1.133978e+02, not replacing live point.
09:59:42 [ultranest] [DEBUG] Plateau detected at L=-1.133978e+02, not replacing live point.
09:59:42 [ultranest] [DEBUG] Plateau detected at L=-1.133978e+02, not replacing live point.
09:59:42 [ultranest] [DEBUG] Plateau detected at L=-1.133978e+02, not replacing live point.
09:59:42 [ultranest] [DEBUG] Plateau detected at L=-1.133978e+02, not replacing live point.
09:59:42 [ultranest] [DEBUG] Plateau detected at L=-1.133978e+02, not replacing live point.
09:59:42 [ultranest] [DEBUG] Plateau detected at L=-1.133978e+02, not replacing live point.
09:59:42 [ultranest] [DEBUG] Plateau detected at L=-1.133978e+02, not replacing live point.
09:59:42 [ultranest] [DEBUG] Plateau detected at L=-1.133978e+02, not replacing live point.
09:59:42 [ultranest] [DEBUG] Plateau detected at L=-1.133978e+02, not replacing live point.
09:59:42 [ultranest] [DEBUG] Plateau detected at L=-1.133978e+02, not replacing live point.
09:59:42 [ultranest] [DEBUG] Plateau detected at L=-1.133978e+02, not replacing live point.
09:59:42 [ultranest] [DEBUG] Plateau detected at L=-1.133978e+02, not replacing live point.
09:59:42 [ultranest] [DEBUG] Plateau detected at L=-1.133978e+02, not replacing live point.
09:59:42 [ultranest] [DEBUG] Plateau detected at L=-1.133978e+02, not replacing live point.
09:59:42 [ultranest] [DEBUG] Plateau detected at L=-1.133978e+02, not replacing live point.
09:59:42 [ultranest] [DEBUG] Plateau detected at L=-1.133978e+02, not replacing live point.
09:59:42 [ultranest] [DEBUG] Plateau detected at L=-1.133978e+02, not replacing live point.
09:59:42 [ultranest] [DEBUG] Plateau detected at L=-1.133978e+02, not replacing live point.
09:59:42 [ultranest] [DEBUG] Plateau detected at L=-1.133978e+02, not replacing live point.
09:59:42 [ultranest] [DEBUG] Plateau detected at L=-1.133978e+02, not replacing live point.
09:59:42 [ultranest] [DEBUG] Plateau detected at L=-1.133978e+02, not replacing live point.
09:59:42 [ultranest] [DEBUG] Plateau detected at L=-1.133978e+02, not replacing live point.
09:59:42 [ultranest] [DEBUG] Plateau detected at L=-1.133978e+02, not replacing live point.
09:59:42 [ultranest] [DEBUG] Plateau detected at L=-1.133978e+02, not replacing live point.
09:59:42 [ultranest] [DEBUG] Plateau detected at L=-1.133978e+02, not replacing live point.
09:59:42 [ultranest] [DEBUG] Plateau detected at L=-1.133978e+02, not replacing live point.
09:59:42 [ultranest] [DEBUG] Plateau detected at L=-1.133978e+02, not replacing live point.
09:59:42 [ultranest] [DEBUG] Plateau detected at L=-1.133978e+02, not replacing live point.
09:59:42 [ultranest] [DEBUG] Plateau detected at L=-1.133978e+02, not replacing live point.
09:59:42 [ultranest] [DEBUG] Plateau detected at L=-1.133978e+02, not replacing live point.
09:59:42 [ultranest] [DEBUG] Plateau detected at L=-1.133978e+02, not replacing live point.
09:59:42 [ultranest] [DEBUG] Plateau detected at L=-1.133978e+02, not replacing live point.
09:59:42 [ultranest] [DEBUG] Plateau detected at L=-1.133978e+02, not replacing live point.
09:59:42 [ultranest] [DEBUG] Plateau detected at L=-1.133978e+02, not replacing live point.
09:59:42 [ultranest] [DEBUG] Plateau detected at L=-1.133978e+02, not replacing live point.
09:59:42 [ultranest] [DEBUG] Plateau detected at L=-1.133978e+02, not replacing live point.
09:59:42 [ultranest] [DEBUG] Plateau detected at L=-1.133978e+02, not replacing live point.
09:59:42 [ultranest] [DEBUG] Plateau detected at L=-1.133978e+02, not replacing live point.
09:59:42 [ultranest] [DEBUG] Plateau detected at L=-1.133978e+02, not replacing live point.
09:59:42 [ultranest] [DEBUG] Plateau detected at L=-1.133978e+02, not replacing live point.
09:59:42 [ultranest] [DEBUG] Plateau detected at L=-1.133978e+02, not replacing live point.
09:59:42 [ultranest] [DEBUG] Plateau detected at L=-1.133978e+02, not replacing live point.
09:59:42 [ultranest] [DEBUG] Plateau detected at L=-1.133978e+02, not replacing live point.
09:59:42 [ultranest] [DEBUG] Plateau detected at L=-1.133978e+02, not replacing live point.
09:59:42 [ultranest] [DEBUG] Plateau detected at L=-1.133978e+02, not replacing live point.
09:59:42 [ultranest] [DEBUG] Plateau detected at L=-1.133978e+02, not replacing live point.
09:59:42 [ultranest] [DEBUG] Plateau detected at L=-1.133978e+02, not replacing live point.
09:59:42 [ultranest] [DEBUG] Plateau detected at L=-1.133978e+02, not replacing live point.
09:59:42 [ultranest] [DEBUG] Plateau detected at L=-1.133978e+02, not replacing live point.
09:59:42 [ultranest] [DEBUG] Plateau detected at L=-1.133978e+02, not replacing live point.
09:59:42 [ultranest] [DEBUG] iteration=259, ncalls=467, regioncalls=2680, ndraw=40, logz=-114.24, remainder_fraction=100.0000%, Lmin=-113.40, Lmax=-10.77
09:59:42 [ultranest] [DEBUG] Plateau detected at L=-1.133978e+02, not replacing live point.
09:59:42 [ultranest] [DEBUG] Plateau detected at L=-1.133978e+02, not replacing live point.
09:59:42 [ultranest] [DEBUG] Plateau detected at L=-1.133978e+02, not replacing live point.
09:59:42 [ultranest] [DEBUG] iteration=263, ncalls=468, regioncalls=2720, ndraw=40, logz=-114.22, remainder_fraction=100.0000%, Lmin=-113.40, Lmax=-10.77
09:59:42 [ultranest] [DEBUG] Plateau detected at L=-1.133978e+02, not replacing live point.
09:59:42 [ultranest] [DEBUG] iteration=266, ncalls=473, regioncalls=2920, ndraw=40, logz=-114.20, remainder_fraction=100.0000%, Lmin=-113.40, Lmax=-10.77
09:59:42 [ultranest] [DEBUG] iteration=280, ncalls=502, regioncalls=4080, ndraw=40, logz=-114.14, remainder_fraction=100.0000%, Lmin=-113.40, Lmax=-10.77
09:59:42 [ultranest] [DEBUG] iteration=299, ncalls=543, regioncalls=5720, ndraw=40, logz=-114.07, remainder_fraction=100.0000%, Lmin=-113.40, Lmax=-10.77
09:59:42 [ultranest] [DEBUG] iteration=310, ncalls=569, regioncalls=6760, ndraw=40, logz=-114.03, remainder_fraction=100.0000%, Lmin=-113.40, Lmax=-10.77
09:59:42 [ultranest] [DEBUG] iteration=320, ncalls=594, regioncalls=7760, ndraw=40, logz=-114.00, remainder_fraction=100.0000%, Lmin=-113.40, Lmax=-10.77
09:59:42 [ultranest] [DEBUG] iteration=339, ncalls=637, regioncalls=9480, ndraw=40, logz=-113.95, remainder_fraction=100.0000%, Lmin=-113.40, Lmax=-10.77
09:59:42 [ultranest] [DEBUG] iteration=354, ncalls=689, regioncalls=11560, ndraw=40, logz=-113.91, remainder_fraction=100.0000%, Lmin=-113.40, Lmax=-10.77
09:59:42 [ultranest] [DEBUG] iteration=360, ncalls=703, regioncalls=12120, ndraw=40, logz=-113.90, remainder_fraction=100.0000%, Lmin=-113.40, Lmax=-10.77
09:59:43 [ultranest] [DEBUG] iteration=376, ncalls=748, regioncalls=13920, ndraw=40, logz=-113.87, remainder_fraction=100.0000%, Lmin=-113.39, Lmax=-10.77
09:59:43 [ultranest] [DEBUG] iteration=394, ncalls=799, regioncalls=15960, ndraw=40, logz=-113.83, remainder_fraction=100.0000%, Lmin=-113.39, Lmax=-10.77
09:59:43 [ultranest] [DEBUG] clustering found some stray points [need_accept=False] (array([1, 2]), array([195,   1]))
09:59:43 [ultranest] [DEBUG] iteration=400, ncalls=819, regioncalls=16760, ndraw=40, logz=-113.82, remainder_fraction=100.0000%, Lmin=-113.39, Lmax=-10.77
09:59:43 [ultranest] [DEBUG] iteration=414, ncalls=868, regioncalls=18720, ndraw=40, logz=-113.80, remainder_fraction=100.0000%, Lmin=-113.37, Lmax=-10.77
09:59:43 [ultranest] [DEBUG] iteration=428, ncalls=921, regioncalls=20840, ndraw=40, logz=-113.78, remainder_fraction=100.0000%, Lmin=-113.34, Lmax=-10.77
09:59:43 [ultranest] [DEBUG] iteration=440, ncalls=954, regioncalls=22160, ndraw=40, logz=-113.76, remainder_fraction=100.0000%, Lmin=-113.31, Lmax=-10.77
09:59:43 [ultranest] [DEBUG] iteration=455, ncalls=993, regioncalls=23720, ndraw=40, logz=-113.74, remainder_fraction=100.0000%, Lmin=-113.21, Lmax=-10.77
09:59:43 [ultranest] [DEBUG] iteration=472, ncalls=1043, regioncalls=25720, ndraw=40, logz=-113.72, remainder_fraction=100.0000%, Lmin=-113.11, Lmax=-10.77
09:59:43 [ultranest] [DEBUG] iteration=480, ncalls=1066, regioncalls=26640, ndraw=40, logz=-113.71, remainder_fraction=100.0000%, Lmin=-112.92, Lmax=-10.77
09:59:43 [ultranest] [DEBUG] iteration=486, ncalls=1080, regioncalls=27200, ndraw=40, logz=-113.70, remainder_fraction=100.0000%, Lmin=-112.84, Lmax=-10.77
09:59:43 [ultranest] [DEBUG] iteration=502, ncalls=1130, regioncalls=29200, ndraw=40, logz=-113.67, remainder_fraction=100.0000%, Lmin=-112.48, Lmax=-10.77
09:59:43 [ultranest] [DEBUG] iteration=517, ncalls=1182, regioncalls=31280, ndraw=40, logz=-113.64, remainder_fraction=100.0000%, Lmin=-112.06, Lmax=-10.77
09:59:43 [ultranest] [DEBUG] iteration=520, ncalls=1188, regioncalls=31520, ndraw=40, logz=-113.63, remainder_fraction=100.0000%, Lmin=-111.88, Lmax=-10.77
09:59:44 [ultranest] [DEBUG] iteration=532, ncalls=1234, regioncalls=33360, ndraw=40, logz=-113.58, remainder_fraction=100.0000%, Lmin=-111.38, Lmax=-10.77
09:59:44 [ultranest] [DEBUG] iteration=544, ncalls=1281, regioncalls=35240, ndraw=40, logz=-113.50, remainder_fraction=100.0000%, Lmin=-110.66, Lmax=-10.77
09:59:44 [ultranest] [DEBUG] iteration=560, ncalls=1332, regioncalls=37280, ndraw=40, logz=-113.32, remainder_fraction=100.0000%, Lmin=-109.71, Lmax=-9.98
09:59:44 [ultranest] [DEBUG] clustering found some stray points [need_accept=False] (array([1, 2]), array([195,   1]))
09:59:44 [ultranest] [DEBUG] iteration=574, ncalls=1384, regioncalls=39360, ndraw=40, logz=-112.97, remainder_fraction=100.0000%, Lmin=-108.42, Lmax=-9.98
09:59:44 [ultranest] [DEBUG] iteration=586, ncalls=1432, regioncalls=41280, ndraw=40, logz=-112.30, remainder_fraction=100.0000%, Lmin=-107.24, Lmax=-9.98
09:59:44 [ultranest] [DEBUG] iteration=600, ncalls=1483, regioncalls=43320, ndraw=40, logz=-111.25, remainder_fraction=100.0000%, Lmin=-105.88, Lmax=-9.98
09:59:44 [ultranest] [DEBUG] iteration=614, ncalls=1540, regioncalls=45600, ndraw=40, logz=-109.78, remainder_fraction=100.0000%, Lmin=-103.95, Lmax=-7.69
09:59:44 [ultranest] [DEBUG] iteration=618, ncalls=1549, regioncalls=45960, ndraw=40, logz=-109.32, remainder_fraction=100.0000%, Lmin=-103.58, Lmax=-7.69
09:59:44 [ultranest] [DEBUG] iteration=635, ncalls=1590, regioncalls=47600, ndraw=40, logz=-107.89, remainder_fraction=100.0000%, Lmin=-101.98, Lmax=-7.69
09:59:44 [ultranest] [DEBUG] iteration=640, ncalls=1611, regioncalls=48440, ndraw=40, logz=-107.37, remainder_fraction=100.0000%, Lmin=-101.66, Lmax=-7.69
09:59:45 [ultranest] [DEBUG] iteration=655, ncalls=1661, regioncalls=50440, ndraw=40, logz=-105.80, remainder_fraction=100.0000%, Lmin=-99.65, Lmax=-7.69
09:59:45 [ultranest] [DEBUG] iteration=662, ncalls=1695, regioncalls=51800, ndraw=40, logz=-104.63, remainder_fraction=100.0000%, Lmin=-98.39, Lmax=-7.69
09:59:45 [ultranest] [DEBUG] iteration=677, ncalls=1743, regioncalls=53720, ndraw=40, logz=-102.49, remainder_fraction=100.0000%, Lmin=-95.94, Lmax=-7.69
09:59:45 [ultranest] [DEBUG] iteration=680, ncalls=1761, regioncalls=54440, ndraw=40, logz=-102.02, remainder_fraction=100.0000%, Lmin=-95.73, Lmax=-7.69
09:59:45 [ultranest] [DEBUG] iteration=697, ncalls=1810, regioncalls=56400, ndraw=40, logz=-99.07, remainder_fraction=100.0000%, Lmin=-92.49, Lmax=-7.69
09:59:45 [ultranest] [DEBUG] iteration=706, ncalls=1850, regioncalls=58000, ndraw=40, logz=-97.67, remainder_fraction=100.0000%, Lmin=-91.23, Lmax=-7.69
09:59:45 [ultranest] [DEBUG] iteration=717, ncalls=1892, regioncalls=59680, ndraw=40, logz=-96.22, remainder_fraction=100.0000%, Lmin=-89.94, Lmax=-7.69
09:59:45 [ultranest] [DEBUG] iteration=720, ncalls=1895, regioncalls=59800, ndraw=40, logz=-95.84, remainder_fraction=100.0000%, Lmin=-89.14, Lmax=-7.69
09:59:45 [ultranest] [DEBUG] iteration=731, ncalls=1946, regioncalls=61840, ndraw=40, logz=-94.19, remainder_fraction=100.0000%, Lmin=-87.05, Lmax=-7.69
09:59:45 [ultranest] [DEBUG] iteration=743, ncalls=2000, regioncalls=64000, ndraw=40, logz=-90.84, remainder_fraction=100.0000%, Lmin=-83.77, Lmax=-7.69
09:59:45 [ultranest] [DEBUG] iteration=750, ncalls=2017, regioncalls=64680, ndraw=40, logz=-89.45, remainder_fraction=100.0000%, Lmin=-82.41, Lmax=-7.69
09:59:45 [ultranest] [DEBUG] iteration=760, ncalls=2050, regioncalls=66000, ndraw=40, logz=-87.42, remainder_fraction=100.0000%, Lmin=-79.78, Lmax=-7.69
09:59:45 [ultranest] [DEBUG] iteration=773, ncalls=2097, regioncalls=67960, ndraw=40, logz=-84.29, remainder_fraction=100.0000%, Lmin=-77.29, Lmax=-7.69
09:59:46 [ultranest] [DEBUG] iteration=788, ncalls=2151, regioncalls=70120, ndraw=40, logz=-81.44, remainder_fraction=100.0000%, Lmin=-73.85, Lmax=-7.69
09:59:46 [ultranest] [DEBUG] iteration=794, ncalls=2164, regioncalls=70640, ndraw=40, logz=-80.00, remainder_fraction=100.0000%, Lmin=-72.26, Lmax=-7.69
09:59:46 [ultranest] [DEBUG] iteration=800, ncalls=2185, regioncalls=71480, ndraw=40, logz=-78.52, remainder_fraction=100.0000%, Lmin=-71.28, Lmax=-7.69
09:59:46 [ultranest] [DEBUG] iteration=815, ncalls=2229, regioncalls=73280, ndraw=40, logz=-76.16, remainder_fraction=100.0000%, Lmin=-68.98, Lmax=-7.69
09:59:46 [ultranest] [DEBUG] iteration=830, ncalls=2274, regioncalls=75080, ndraw=40, logz=-74.03, remainder_fraction=100.0000%, Lmin=-66.94, Lmax=-7.69
09:59:46 [ultranest] [DEBUG] iteration=840, ncalls=2299, regioncalls=76080, ndraw=40, logz=-72.33, remainder_fraction=100.0000%, Lmin=-64.67, Lmax=-7.69
09:59:46 [ultranest] [DEBUG] iteration=852, ncalls=2344, regioncalls=77880, ndraw=40, logz=-70.01, remainder_fraction=100.0000%, Lmin=-62.40, Lmax=-7.69
09:59:46 [ultranest] [DEBUG] iteration=867, ncalls=2393, regioncalls=79840, ndraw=40, logz=-67.54, remainder_fraction=100.0000%, Lmin=-60.06, Lmax=-7.69
09:59:46 [ultranest] [DEBUG] iteration=880, ncalls=2441, regioncalls=81760, ndraw=40, logz=-65.47, remainder_fraction=100.0000%, Lmin=-57.71, Lmax=-7.69
09:59:46 [ultranest] [DEBUG] iteration=882, ncalls=2444, regioncalls=81920, ndraw=40, logz=-65.10, remainder_fraction=100.0000%, Lmin=-57.52, Lmax=-7.69
09:59:46 [ultranest] [DEBUG] iteration=897, ncalls=2493, regioncalls=83880, ndraw=40, logz=-63.39, remainder_fraction=100.0000%, Lmin=-56.08, Lmax=-7.69
09:59:46 [ultranest] [DEBUG] iteration=906, ncalls=2546, regioncalls=86000, ndraw=40, logz=-62.23, remainder_fraction=100.0000%, Lmin=-54.61, Lmax=-7.69
09:59:47 [ultranest] [DEBUG] iteration=920, ncalls=2594, regioncalls=87920, ndraw=40, logz=-60.55, remainder_fraction=100.0000%, Lmin=-53.33, Lmax=-7.69
09:59:47 [ultranest] [DEBUG] iteration=935, ncalls=2642, regioncalls=89840, ndraw=40, logz=-58.57, remainder_fraction=100.0000%, Lmin=-51.06, Lmax=-7.69
09:59:47 [ultranest] [DEBUG] iteration=947, ncalls=2702, regioncalls=92240, ndraw=40, logz=-57.24, remainder_fraction=100.0000%, Lmin=-49.79, Lmax=-7.69
09:59:47 [ultranest] [DEBUG] iteration=956, ncalls=2759, regioncalls=94520, ndraw=40, logz=-56.18, remainder_fraction=100.0000%, Lmin=-48.52, Lmax=-7.69
09:59:47 [ultranest] [DEBUG] iteration=960, ncalls=2773, regioncalls=95080, ndraw=40, logz=-55.63, remainder_fraction=100.0000%, Lmin=-47.89, Lmax=-7.69
09:59:47 [ultranest] [DEBUG] iteration=970, ncalls=2803, regioncalls=96280, ndraw=40, logz=-54.55, remainder_fraction=100.0000%, Lmin=-47.12, Lmax=-7.69
09:59:47 [ultranest] [DEBUG] iteration=978, ncalls=2848, regioncalls=98160, ndraw=40, logz=-53.66, remainder_fraction=100.0000%, Lmin=-45.95, Lmax=-7.69
09:59:47 [ultranest] [DEBUG] iteration=994, ncalls=2893, regioncalls=99960, ndraw=40, logz=-51.83, remainder_fraction=100.0000%, Lmin=-44.12, Lmax=-7.69
09:59:47 [ultranest] [DEBUG] iteration=1000, ncalls=2913, regioncalls=100760, ndraw=40, logz=-51.11, remainder_fraction=100.0000%, Lmin=-43.26, Lmax=-7.69
09:59:47 [ultranest] [DEBUG] iteration=1010, ncalls=2961, regioncalls=102680, ndraw=40, logz=-49.24, remainder_fraction=100.0000%, Lmin=-41.09, Lmax=-7.69
09:59:47 [ultranest] [DEBUG] iteration=1024, ncalls=3002, regioncalls=104320, ndraw=40, logz=-47.49, remainder_fraction=100.0000%, Lmin=-39.48, Lmax=-7.69
09:59:48 [ultranest] [DEBUG] iteration=1036, ncalls=3049, regioncalls=106200, ndraw=40, logz=-46.25, remainder_fraction=100.0000%, Lmin=-38.50, Lmax=-7.69
09:59:48 [ultranest] [DEBUG] iteration=1040, ncalls=3060, regioncalls=106640, ndraw=40, logz=-45.85, remainder_fraction=100.0000%, Lmin=-37.97, Lmax=-7.69
09:59:48 [ultranest] [DEBUG] iteration=1052, ncalls=3109, regioncalls=108600, ndraw=40, logz=-44.48, remainder_fraction=100.0000%, Lmin=-36.62, Lmax=-7.69
09:59:48 [ultranest] [DEBUG] iteration=1058, ncalls=3126, regioncalls=109280, ndraw=40, logz=-43.97, remainder_fraction=100.0000%, Lmin=-36.34, Lmax=-7.69
09:59:48 [ultranest] [DEBUG] iteration=1070, ncalls=3165, regioncalls=110920, ndraw=40, logz=-43.12, remainder_fraction=100.0000%, Lmin=-35.58, Lmax=-7.69
09:59:48 [ultranest] [DEBUG] iteration=1080, ncalls=3188, regioncalls=111840, ndraw=40, logz=-42.43, remainder_fraction=100.0000%, Lmin=-34.58, Lmax=-7.69
09:59:48 [ultranest] [DEBUG] iteration=1095, ncalls=3236, regioncalls=113760, ndraw=40, logz=-41.28, remainder_fraction=100.0000%, Lmin=-33.41, Lmax=-7.69
09:59:48 [ultranest] [DEBUG] iteration=1102, ncalls=3247, regioncalls=114240, ndraw=40, logz=-40.68, remainder_fraction=100.0000%, Lmin=-32.61, Lmax=-7.69
09:59:48 [ultranest] [DEBUG] iteration=1115, ncalls=3296, regioncalls=116240, ndraw=40, logz=-39.72, remainder_fraction=100.0000%, Lmin=-32.07, Lmax=-7.69
09:59:48 [ultranest] [DEBUG] iteration=1120, ncalls=3316, regioncalls=117040, ndraw=40, logz=-39.43, remainder_fraction=100.0000%, Lmin=-31.69, Lmax=-7.69
09:59:48 [ultranest] [DEBUG] iteration=1137, ncalls=3368, regioncalls=119120, ndraw=40, logz=-38.35, remainder_fraction=100.0000%, Lmin=-30.57, Lmax=-7.69
09:59:48 [ultranest] [DEBUG] iteration=1146, ncalls=3401, regioncalls=120480, ndraw=40, logz=-37.79, remainder_fraction=100.0000%, Lmin=-29.78, Lmax=-7.69
09:59:48 [ultranest] [DEBUG] iteration=1160, ncalls=3430, regioncalls=121640, ndraw=40, logz=-36.82, remainder_fraction=100.0000%, Lmin=-28.64, Lmax=-7.69
09:59:49 [ultranest] [DEBUG] iteration=1179, ncalls=3471, regioncalls=123280, ndraw=40, logz=-35.38, remainder_fraction=100.0000%, Lmin=-27.22, Lmax=-7.69
09:59:49 [ultranest] [DEBUG] iteration=1195, ncalls=3511, regioncalls=124880, ndraw=40, logz=-34.23, remainder_fraction=100.0000%, Lmin=-25.94, Lmax=-7.69
09:59:49 [ultranest] [DEBUG] iteration=1200, ncalls=3518, regioncalls=125160, ndraw=40, logz=-33.81, remainder_fraction=100.0000%, Lmin=-25.38, Lmax=-7.69
09:59:49 [ultranest] [DEBUG] iteration=1220, ncalls=3559, regioncalls=126800, ndraw=40, logz=-32.47, remainder_fraction=100.0000%, Lmin=-24.39, Lmax=-7.69
09:59:49 [ultranest] [DEBUG] iteration=1234, ncalls=3607, regioncalls=128760, ndraw=40, logz=-31.65, remainder_fraction=100.0000%, Lmin=-23.47, Lmax=-7.69
09:59:49 [ultranest] [DEBUG] iteration=1240, ncalls=3614, regioncalls=129040, ndraw=40, logz=-31.33, remainder_fraction=100.0000%, Lmin=-22.88, Lmax=-7.69
09:59:49 [ultranest] [DEBUG] iteration=1257, ncalls=3659, regioncalls=130840, ndraw=40, logz=-30.19, remainder_fraction=99.9999%, Lmin=-21.67, Lmax=-7.69
09:59:49 [ultranest] [DEBUG] iteration=1278, ncalls=3702, regioncalls=132600, ndraw=40, logz=-29.00, remainder_fraction=99.9995%, Lmin=-20.70, Lmax=-7.69
09:59:49 [ultranest] [DEBUG] iteration=1280, ncalls=3706, regioncalls=132760, ndraw=40, logz=-28.90, remainder_fraction=99.9995%, Lmin=-20.67, Lmax=-7.69
09:59:49 [ultranest] [DEBUG] iteration=1296, ncalls=3749, regioncalls=134480, ndraw=40, logz=-28.27, remainder_fraction=99.9991%, Lmin=-19.91, Lmax=-7.69
09:59:49 [ultranest] [DEBUG] iteration=1315, ncalls=3794, regioncalls=136280, ndraw=40, logz=-27.35, remainder_fraction=99.9976%, Lmin=-18.84, Lmax=-7.69
09:59:49 [ultranest] [DEBUG] iteration=1320, ncalls=3814, regioncalls=137080, ndraw=40, logz=-27.12, remainder_fraction=99.9972%, Lmin=-18.74, Lmax=-7.69
09:59:50 [ultranest] [DEBUG] iteration=1333, ncalls=3858, regioncalls=138840, ndraw=40, logz=-26.60, remainder_fraction=99.9951%, Lmin=-18.33, Lmax=-7.69
09:59:50 [ultranest] [DEBUG] iteration=1357, ncalls=3899, regioncalls=140480, ndraw=40, logz=-25.78, remainder_fraction=99.9890%, Lmin=-17.62, Lmax=-7.69
09:59:50 [ultranest] [DEBUG] iteration=1360, ncalls=3904, regioncalls=140680, ndraw=40, logz=-25.68, remainder_fraction=99.9878%, Lmin=-17.29, Lmax=-7.69
09:59:50 [ultranest] [DEBUG] iteration=1366, ncalls=3919, regioncalls=141360, ndraw=40, logz=-25.47, remainder_fraction=99.9849%, Lmin=-17.03, Lmax=-7.69
09:59:50 [ultranest] [DEBUG] iteration=1383, ncalls=3962, regioncalls=143080, ndraw=40, logz=-24.78, remainder_fraction=99.9694%, Lmin=-16.12, Lmax=-7.69
09:59:50 [ultranest] [DEBUG] iteration=1400, ncalls=4008, regioncalls=144920, ndraw=40, logz=-24.14, remainder_fraction=99.9416%, Lmin=-15.47, Lmax=-7.69
09:59:50 [ultranest] [DEBUG] iteration=1410, ncalls=4043, regioncalls=146400, ndraw=40, logz=-23.77, remainder_fraction=99.9188%, Lmin=-15.09, Lmax=-7.69
09:59:50 [ultranest] [DEBUG] iteration=1435, ncalls=4082, regioncalls=147960, ndraw=40, logz=-22.94, remainder_fraction=99.8254%, Lmin=-14.37, Lmax=-7.69
09:59:50 [ultranest] [DEBUG] iteration=1440, ncalls=4090, regioncalls=148280, ndraw=40, logz=-22.80, remainder_fraction=99.7947%, Lmin=-14.18, Lmax=-7.69
09:59:50 [ultranest] [DEBUG] iteration=1458, ncalls=4131, regioncalls=149920, ndraw=40, logz=-22.26, remainder_fraction=99.6492%, Lmin=-13.65, Lmax=-7.69
09:59:50 [ultranest] [DEBUG] iteration=1473, ncalls=4166, regioncalls=151320, ndraw=40, logz=-21.85, remainder_fraction=99.4533%, Lmin=-13.18, Lmax=-7.69
09:59:50 [ultranest] [DEBUG] iteration=1480, ncalls=4179, regioncalls=151840, ndraw=40, logz=-21.68, remainder_fraction=99.3365%, Lmin=-13.05, Lmax=-7.69
09:59:50 [ultranest] [DEBUG] iteration=1498, ncalls=4217, regioncalls=153400, ndraw=40, logz=-21.28, remainder_fraction=98.9869%, Lmin=-12.64, Lmax=-7.69
09:59:51 [ultranest] [DEBUG] iteration=1517, ncalls=4257, regioncalls=155000, ndraw=40, logz=-20.91, remainder_fraction=98.6359%, Lmin=-12.36, Lmax=-7.69
09:59:51 [ultranest] [DEBUG] iteration=1520, ncalls=4260, regioncalls=155120, ndraw=40, logz=-20.85, remainder_fraction=98.5675%, Lmin=-12.26, Lmax=-7.69
09:59:51 [ultranest] [DEBUG] iteration=1536, ncalls=4306, regioncalls=156960, ndraw=40, logz=-20.57, remainder_fraction=98.0645%, Lmin=-12.01, Lmax=-7.69
09:59:51 [ultranest] [DEBUG] iteration=1542, ncalls=4321, regioncalls=157600, ndraw=40, logz=-20.47, remainder_fraction=97.8404%, Lmin=-11.96, Lmax=-7.69
09:59:51 [ultranest] [DEBUG] iteration=1560, ncalls=4351, regioncalls=158840, ndraw=40, logz=-20.18, remainder_fraction=97.1847%, Lmin=-11.52, Lmax=-7.69
09:59:51 [ultranest] [DEBUG] iteration=1576, ncalls=4390, regioncalls=160520, ndraw=40, logz=-19.93, remainder_fraction=96.2846%, Lmin=-11.32, Lmax=-7.69
09:59:51 [ultranest] [DEBUG] iteration=1586, ncalls=4419, regioncalls=161720, ndraw=40, logz=-19.79, remainder_fraction=95.7617%, Lmin=-11.23, Lmax=-7.69
09:59:51 [ultranest] [DEBUG] iteration=1600, ncalls=4438, regioncalls=162480, ndraw=40, logz=-19.61, remainder_fraction=94.8170%, Lmin=-11.04, Lmax=-7.69
09:59:51 [ultranest] [DEBUG] iteration=1621, ncalls=4476, regioncalls=164000, ndraw=40, logz=-19.37, remainder_fraction=93.1901%, Lmin=-10.80, Lmax=-7.69
09:59:51 [ultranest] [DEBUG] iteration=1638, ncalls=4508, regioncalls=165280, ndraw=40, logz=-19.18, remainder_fraction=91.7661%, Lmin=-10.57, Lmax=-7.69
09:59:51 [ultranest] [DEBUG] iteration=1640, ncalls=4510, regioncalls=165360, ndraw=40, logz=-19.16, remainder_fraction=91.5382%, Lmin=-10.55, Lmax=-7.65
09:59:51 [ultranest] [DEBUG] iteration=1656, ncalls=4546, regioncalls=166840, ndraw=40, logz=-18.99, remainder_fraction=89.9502%, Lmin=-10.33, Lmax=-7.65
09:59:51 [ultranest] [DEBUG] iteration=1673, ncalls=4590, regioncalls=168600, ndraw=40, logz=-18.83, remainder_fraction=88.3812%, Lmin=-10.15, Lmax=-7.65
09:59:51 [ultranest] [DEBUG] iteration=1674, ncalls=4592, regioncalls=168760, ndraw=40, logz=-18.82, remainder_fraction=88.3254%, Lmin=-10.13, Lmax=-7.65
09:59:51 [ultranest] [DEBUG] iteration=1680, ncalls=4605, regioncalls=169280, ndraw=40, logz=-18.76, remainder_fraction=87.5556%, Lmin=-10.04, Lmax=-7.65
09:59:52 [ultranest] [DEBUG] iteration=1698, ncalls=4640, regioncalls=170680, ndraw=40, logz=-18.60, remainder_fraction=85.3065%, Lmin=-9.87, Lmax=-7.65
09:59:52 [ultranest] [DEBUG] iteration=1717, ncalls=4681, regioncalls=172320, ndraw=40, logz=-18.44, remainder_fraction=82.5107%, Lmin=-9.69, Lmax=-7.65
09:59:52 [ultranest] [DEBUG] iteration=1718, ncalls=4682, regioncalls=172440, ndraw=40, logz=-18.43, remainder_fraction=82.4367%, Lmin=-9.69, Lmax=-7.65
09:59:52 [ultranest] [DEBUG] iteration=1720, ncalls=4686, regioncalls=172640, ndraw=40, logz=-18.42, remainder_fraction=82.0691%, Lmin=-9.68, Lmax=-7.65
09:59:52 [ultranest] [DEBUG] iteration=1736, ncalls=4723, regioncalls=174120, ndraw=40, logz=-18.29, remainder_fraction=79.7468%, Lmin=-9.52, Lmax=-7.65
09:59:52 [ultranest] [DEBUG] iteration=1756, ncalls=4764, regioncalls=175760, ndraw=40, logz=-18.15, remainder_fraction=76.4130%, Lmin=-9.38, Lmax=-7.65
09:59:52 [ultranest] [DEBUG] iteration=1760, ncalls=4779, regioncalls=176360, ndraw=40, logz=-18.12, remainder_fraction=75.9842%, Lmin=-9.36, Lmax=-7.65
09:59:52 [ultranest] [DEBUG] iteration=1762, ncalls=4781, regioncalls=176480, ndraw=40, logz=-18.11, remainder_fraction=75.6756%, Lmin=-9.35, Lmax=-7.65
09:59:52 [ultranest] [DEBUG] iteration=1779, ncalls=4815, regioncalls=177880, ndraw=40, logz=-18.01, remainder_fraction=72.6481%, Lmin=-9.26, Lmax=-7.65
09:59:52 [ultranest] [DEBUG] iteration=1798, ncalls=4856, regioncalls=179680, ndraw=40, logz=-17.90, remainder_fraction=69.2942%, Lmin=-9.15, Lmax=-7.65
09:59:52 [ultranest] [DEBUG] iteration=1800, ncalls=4862, regioncalls=179920, ndraw=40, logz=-17.89, remainder_fraction=68.9896%, Lmin=-9.14, Lmax=-7.65
09:59:52 [ultranest] [DEBUG] iteration=1817, ncalls=4898, regioncalls=181360, ndraw=40, logz=-17.80, remainder_fraction=66.3561%, Lmin=-9.07, Lmax=-7.65
09:59:52 [ultranest] [DEBUG] iteration=1837, ncalls=4937, regioncalls=182920, ndraw=40, logz=-17.71, remainder_fraction=63.4711%, Lmin=-8.96, Lmax=-7.65
09:59:52 [ultranest] [DEBUG] iteration=1840, ncalls=4942, regioncalls=183120, ndraw=40, logz=-17.70, remainder_fraction=62.9843%, Lmin=-8.96, Lmax=-7.65
09:59:53 [ultranest] [DEBUG] iteration=1857, ncalls=4983, regioncalls=184760, ndraw=40, logz=-17.63, remainder_fraction=60.0920%, Lmin=-8.87, Lmax=-7.65
09:59:53 [ultranest] [DEBUG] iteration=1870, ncalls=5027, regioncalls=186520, ndraw=40, logz=-17.58, remainder_fraction=57.8715%, Lmin=-8.80, Lmax=-7.65
09:59:53 [ultranest] [DEBUG] iteration=1880, ncalls=5055, regioncalls=187640, ndraw=40, logz=-17.54, remainder_fraction=56.3186%, Lmin=-8.74, Lmax=-7.65
09:59:53 [ultranest] [DEBUG] iteration=1894, ncalls=5097, regioncalls=189360, ndraw=40, logz=-17.49, remainder_fraction=54.0243%, Lmin=-8.68, Lmax=-7.65
09:59:53 [ultranest] [DEBUG] iteration=1913, ncalls=5136, regioncalls=190920, ndraw=40, logz=-17.42, remainder_fraction=50.6344%, Lmin=-8.58, Lmax=-7.65
09:59:53 [ultranest] [DEBUG] iteration=1920, ncalls=5149, regioncalls=191440, ndraw=40, logz=-17.40, remainder_fraction=49.6006%, Lmin=-8.55, Lmax=-7.65
09:59:53 [ultranest] [DEBUG] iteration=1938, ncalls=5181, regioncalls=192760, ndraw=40, logz=-17.35, remainder_fraction=46.6467%, Lmin=-8.49, Lmax=-7.65
09:59:53 [ultranest] [DEBUG] iteration=1955, ncalls=5217, regioncalls=194240, ndraw=40, logz=-17.30, remainder_fraction=44.0746%, Lmin=-8.43, Lmax=-7.65
09:59:53 [ultranest] [DEBUG] iteration=1960, ncalls=5225, regioncalls=194600, ndraw=40, logz=-17.28, remainder_fraction=43.2354%, Lmin=-8.41, Lmax=-7.65
09:59:53 [ultranest] [DEBUG] iteration=1982, ncalls=5264, regioncalls=196160, ndraw=40, logz=-17.23, remainder_fraction=40.1055%, Lmin=-8.32, Lmax=-7.65
09:59:53 [ultranest] [DEBUG] iteration=2000, ncalls=5306, regioncalls=197840, ndraw=40, logz=-17.18, remainder_fraction=37.4399%, Lmin=-8.27, Lmax=-7.65
09:59:53 [ultranest] [DEBUG] iteration=2022, ncalls=5356, regioncalls=199840, ndraw=40, logz=-17.14, remainder_fraction=34.4964%, Lmin=-8.21, Lmax=-7.65
09:59:54 [ultranest] [DEBUG] iteration=2026, ncalls=5363, regioncalls=200160, ndraw=40, logz=-17.13, remainder_fraction=33.8969%, Lmin=-8.20, Lmax=-7.65
09:59:54 [ultranest] [DEBUG] iteration=2040, ncalls=5390, regioncalls=201240, ndraw=40, logz=-17.10, remainder_fraction=32.0874%, Lmin=-8.17, Lmax=-7.65
09:59:54 [ultranest] [DEBUG] iteration=2060, ncalls=5435, regioncalls=203040, ndraw=40, logz=-17.07, remainder_fraction=29.5287%, Lmin=-8.14, Lmax=-7.65
09:59:54 [ultranest] [DEBUG] iteration=2070, ncalls=5458, regioncalls=204000, ndraw=40, logz=-17.05, remainder_fraction=28.4117%, Lmin=-8.12, Lmax=-7.65
09:59:54 [ultranest] [DEBUG] iteration=2080, ncalls=5473, regioncalls=204600, ndraw=40, logz=-17.03, remainder_fraction=27.2733%, Lmin=-8.09, Lmax=-7.65
09:59:54 [ultranest] [DEBUG] iteration=2098, ncalls=5507, regioncalls=206240, ndraw=40, logz=-17.01, remainder_fraction=25.3183%, Lmin=-8.06, Lmax=-7.65
09:59:54 [ultranest] [DEBUG] iteration=2114, ncalls=5548, regioncalls=208000, ndraw=40, logz=-16.98, remainder_fraction=23.6649%, Lmin=-8.02, Lmax=-7.65
09:59:54 [ultranest] [DEBUG] iteration=2120, ncalls=5560, regioncalls=208480, ndraw=40, logz=-16.98, remainder_fraction=23.0531%, Lmin=-8.01, Lmax=-7.65
09:59:54 [ultranest] [DEBUG] iteration=2139, ncalls=5603, regioncalls=210200, ndraw=40, logz=-16.95, remainder_fraction=21.1918%, Lmin=-7.98, Lmax=-7.65
09:59:54 [ultranest] [DEBUG] iteration=2158, ncalls=5648, regioncalls=212040, ndraw=40, logz=-16.93, remainder_fraction=19.5479%, Lmin=-7.96, Lmax=-7.64
09:59:54 [ultranest] [DEBUG] iteration=2160, ncalls=5651, regioncalls=212160, ndraw=40, logz=-16.93, remainder_fraction=19.3617%, Lmin=-7.96, Lmax=-7.64
09:59:54 [ultranest] [DEBUG] iteration=2180, ncalls=5691, regioncalls=213760, ndraw=40, logz=-16.91, remainder_fraction=17.7551%, Lmin=-7.93, Lmax=-7.64
09:59:54 [ultranest] [DEBUG] iteration=2200, ncalls=5730, regioncalls=215320, ndraw=40, logz=-16.89, remainder_fraction=16.2179%, Lmin=-7.91, Lmax=-7.64
09:59:54 [ultranest] [DEBUG] iteration=2202, ncalls=5733, regioncalls=215480, ndraw=40, logz=-16.89, remainder_fraction=16.0678%, Lmin=-7.91, Lmax=-7.64
09:59:55 [ultranest] [DEBUG] iteration=2219, ncalls=5773, regioncalls=217160, ndraw=40, logz=-16.87, remainder_fraction=14.8542%, Lmin=-7.88, Lmax=-7.64
09:59:55 [ultranest] [DEBUG] iteration=2234, ncalls=5818, regioncalls=218960, ndraw=40, logz=-16.86, remainder_fraction=13.8789%, Lmin=-7.87, Lmax=-7.64
09:59:55 [ultranest] [DEBUG] iteration=2240, ncalls=5831, regioncalls=219480, ndraw=40, logz=-16.86, remainder_fraction=13.4942%, Lmin=-7.86, Lmax=-7.64
09:59:55 [ultranest] [DEBUG] iteration=2246, ncalls=5843, regioncalls=220000, ndraw=40, logz=-16.85, remainder_fraction=13.1148%, Lmin=-7.86, Lmax=-7.64
09:59:55 [ultranest] [DEBUG] iteration=2265, ncalls=5879, regioncalls=221440, ndraw=40, logz=-16.84, remainder_fraction=11.9705%, Lmin=-7.85, Lmax=-7.64
09:59:55 [ultranest] [DEBUG] iteration=2280, ncalls=5908, regioncalls=222600, ndraw=40, logz=-16.83, remainder_fraction=11.1628%, Lmin=-7.84, Lmax=-7.64
09:59:55 [ultranest] [DEBUG] iteration=2302, ncalls=5943, regioncalls=224000, ndraw=40, logz=-16.82, remainder_fraction=10.0694%, Lmin=-7.82, Lmax=-7.64
09:59:55 [ultranest] [DEBUG] iteration=2320, ncalls=5975, regioncalls=225280, ndraw=40, logz=-16.81, remainder_fraction=9.2439%, Lmin=-7.81, Lmax=-7.64
09:59:55 [ultranest] [DEBUG] iteration=2340, ncalls=6012, regioncalls=226760, ndraw=40, logz=-16.80, remainder_fraction=8.4168%, Lmin=-7.80, Lmax=-7.64
09:59:55 [ultranest] [DEBUG] iteration=2355, ncalls=6049, regioncalls=228240, ndraw=40, logz=-16.80, remainder_fraction=7.8291%, Lmin=-7.79, Lmax=-7.64
09:59:55 [ultranest] [DEBUG] iteration=2360, ncalls=6069, regioncalls=229040, ndraw=40, logz=-16.79, remainder_fraction=7.6458%, Lmin=-7.79, Lmax=-7.64
09:59:55 [ultranest] [DEBUG] iteration=2378, ncalls=6107, regioncalls=230640, ndraw=40, logz=-16.79, remainder_fraction=7.0162%, Lmin=-7.78, Lmax=-7.64
09:59:56 [ultranest] [DEBUG] iteration=2397, ncalls=6146, regioncalls=232200, ndraw=40, logz=-16.78, remainder_fraction=6.4033%, Lmin=-7.77, Lmax=-7.64
09:59:56 [ultranest] [DEBUG] iteration=2400, ncalls=6151, regioncalls=232400, ndraw=40, logz=-16.78, remainder_fraction=6.3163%, Lmin=-7.77, Lmax=-7.64
09:59:56 [ultranest] [DEBUG] iteration=2413, ncalls=6198, regioncalls=234280, ndraw=40, logz=-16.78, remainder_fraction=5.9327%, Lmin=-7.76, Lmax=-7.64
09:59:56 [ultranest] [DEBUG] iteration=2422, ncalls=6210, regioncalls=234800, ndraw=40, logz=-16.77, remainder_fraction=5.6814%, Lmin=-7.76, Lmax=-7.64
09:59:56 [ultranest] [DEBUG] iteration=2440, ncalls=6242, regioncalls=236080, ndraw=40, logz=-16.77, remainder_fraction=5.2030%, Lmin=-7.75, Lmax=-7.64
09:59:56 [ultranest] [DEBUG] iteration=2462, ncalls=6279, regioncalls=237560, ndraw=40, logz=-16.76, remainder_fraction=4.6753%, Lmin=-7.74, Lmax=-7.64
09:59:56 [ultranest] [INFO] Explored until L=-8  
09:59:56 [ultranest] [INFO] Likelihood function evaluations: 6279
09:59:56 [ultranest] [INFO] Writing samples and results to disk ...
09:59:57 [ultranest] [INFO] Writing samples and results to disk ... done
09:59:57 [ultranest] [DEBUG] did a run_iter pass!
09:59:57 [ultranest] [INFO]   logZ = -16.74 +- 0.1489
09:59:57 [ultranest] [INFO] Effective samples strategy satisfied (ESS = 856.7, need >400)
09:59:57 [ultranest] [INFO] Posterior uncertainty strategy is satisfied (KL: 0.46+-0.14 nat, need <0.50 nat)
09:59:57 [ultranest] [INFO] Evidency uncertainty strategy is satisfied (dlogz=0.16, need <0.5)
09:59:57 [ultranest] [INFO]   logZ error budget: single: 0.20 bs:0.15 tail:0.05 total:0.16 required:<0.50
09:59:57 [ultranest] [INFO] done iterating.
09:59:57 [ultranest] [DEBUG] Making corner plot ...
09:59:58 [ultranest] [DEBUG] Making corner plot ... done
09:59:58 [ultranest] [DEBUG] Making run plot ... 
09:59:59 [ultranest] [DEBUG] Making run plot ... done
09:59:59 [ultranest] [DEBUG] Making trace plot ... 
10:00:00 [ultranest] [DEBUG] Making trace plot ... done
22:14:17 [ultranest] [DEBUG] ReactiveNestedSampler: dims=3+0, resume=True, log_dir=/home/orion51/Desktop/Research/spectral_fitting/FGL_spectral_fitting/Individual_sources/2CXOJ184332.8-322122/bb_out_, backend=hdf5, vectorized=False, nbootstraps=30, ndraw=128..65536
22:14:17 [ultranest] [DEBUG] Testing resume consistency: [-7.73857858 -7.71952652  0.          0.56213499  0.71339913  0.10535285
 -2.37865008 -0.1464035  19.73746993]: u=[0.56213499 0.71339913 0.10535285] -> p=[-2.37865008 -0.1464035  19.73746993] -> L=-7.719526518517681 
22:14:17 [ultranest] [INFO] Resuming from 2659 stored points
22:14:17 [ultranest] [DEBUG] run_iter dlogz=0.5, dKL=0.5, frac_remain=0.01, Lepsilon=0.1000, min_ess=400
22:14:17 [ultranest] [DEBUG] max_iters=-1, max_ncalls=-1, max_num_improvement_loops=-1, min_num_live_points=400, cluster_num_live_points=40
22:14:17 [ultranest] [DEBUG] minimal_widths_sequence: [(-inf, 400.0), (inf, 400.0)]
22:14:17 [ultranest] [DEBUG] iteration=0, ncalls=6279, regioncalls=0, ndraw=40, logz=-inf, remainder_fraction=100.0000%, Lmin=-203555102.30, Lmax=-10.77
22:14:17 [ultranest] [DEBUG] iteration=40, ncalls=6279, regioncalls=0, ndraw=40, logz=-3026.19, remainder_fraction=100.0000%, Lmin=-2250.76, Lmax=-10.77
22:14:17 [ultranest] [DEBUG] Plateau detected at L=-1.133978e+02, not replacing live point.
22:14:17 [ultranest] [DEBUG] Plateau detected at L=-1.133978e+02, not replacing live point.
22:14:17 [ultranest] [DEBUG] Plateau detected at L=-1.133978e+02, not replacing live point.
22:14:17 [ultranest] [DEBUG] Plateau detected at L=-1.133978e+02, not replacing live point.
22:14:17 [ultranest] [DEBUG] Plateau detected at L=-1.133978e+02, not replacing live point.
22:14:17 [ultranest] [DEBUG] Plateau detected at L=-1.133978e+02, not replacing live point.
22:14:17 [ultranest] [DEBUG] Plateau detected at L=-1.133978e+02, not replacing live point.
22:14:17 [ultranest] [DEBUG] Plateau detected at L=-1.133978e+02, not replacing live point.
22:14:17 [ultranest] [DEBUG] Plateau detected at L=-1.133978e+02, not replacing live point.
22:14:17 [ultranest] [DEBUG] Plateau detected at L=-1.133978e+02, not replacing live point.
22:14:17 [ultranest] [DEBUG] Plateau detected at L=-1.133978e+02, not replacing live point.
22:14:17 [ultranest] [DEBUG] Plateau detected at L=-1.133978e+02, not replacing live point.
22:14:17 [ultranest] [DEBUG] Plateau detected at L=-1.133978e+02, not replacing live point.
22:14:17 [ultranest] [DEBUG] Plateau detected at L=-1.133978e+02, not replacing live point.
22:14:17 [ultranest] [DEBUG] Plateau detected at L=-1.133978e+02, not replacing live point.
22:14:17 [ultranest] [DEBUG] Plateau detected at L=-1.133978e+02, not replacing live point.
22:14:17 [ultranest] [DEBUG] Plateau detected at L=-1.133978e+02, not replacing live point.
22:14:17 [ultranest] [DEBUG] Plateau detected at L=-1.133978e+02, not replacing live point.
22:14:17 [ultranest] [DEBUG] Plateau detected at L=-1.133978e+02, not replacing live point.
22:14:17 [ultranest] [DEBUG] Plateau detected at L=-1.133978e+02, not replacing live point.
22:14:17 [ultranest] [DEBUG] Plateau detected at L=-1.133978e+02, not replacing live point.
22:14:17 [ultranest] [DEBUG] Plateau detected at L=-1.133978e+02, not replacing live point.
22:14:17 [ultranest] [DEBUG] Plateau detected at L=-1.133978e+02, not replacing live point.
22:14:17 [ultranest] [DEBUG] Plateau detected at L=-1.133978e+02, not replacing live point.
22:14:17 [ultranest] [DEBUG] Plateau detected at L=-1.133978e+02, not replacing live point.
22:14:17 [ultranest] [DEBUG] Plateau detected at L=-1.133978e+02, not replacing live point.
22:14:17 [ultranest] [DEBUG] Plateau detected at L=-1.133978e+02, not replacing live point.
22:14:17 [ultranest] [DEBUG] Plateau detected at L=-1.133978e+02, not replacing live point.
22:14:17 [ultranest] [DEBUG] Plateau detected at L=-1.133978e+02, not replacing live point.
22:14:17 [ultranest] [DEBUG] Plateau detected at L=-1.133978e+02, not replacing live point.
22:14:17 [ultranest] [DEBUG] Plateau detected at L=-1.133978e+02, not replacing live point.
22:14:17 [ultranest] [DEBUG] Plateau detected at L=-1.133978e+02, not replacing live point.
22:14:17 [ultranest] [DEBUG] Plateau detected at L=-1.133978e+02, not replacing live point.
22:14:17 [ultranest] [DEBUG] Plateau detected at L=-1.133978e+02, not replacing live point.
22:14:17 [ultranest] [DEBUG] Plateau detected at L=-1.133978e+02, not replacing live point.
22:14:17 [ultranest] [DEBUG] Plateau detected at L=-1.133978e+02, not replacing live point.
22:14:17 [ultranest] [DEBUG] Plateau detected at L=-1.133978e+02, not replacing live point.
22:14:17 [ultranest] [DEBUG] Plateau detected at L=-1.133978e+02, not replacing live point.
22:14:17 [ultranest] [DEBUG] Plateau detected at L=-1.133978e+02, not replacing live point.
22:14:17 [ultranest] [DEBUG] Plateau detected at L=-1.133978e+02, not replacing live point.
22:14:17 [ultranest] [DEBUG] Plateau detected at L=-1.133978e+02, not replacing live point.
22:14:17 [ultranest] [DEBUG] Plateau detected at L=-1.133978e+02, not replacing live point.
22:14:17 [ultranest] [DEBUG] Plateau detected at L=-1.133978e+02, not replacing live point.
22:14:17 [ultranest] [DEBUG] Plateau detected at L=-1.133978e+02, not replacing live point.
22:14:17 [ultranest] [DEBUG] Plateau detected at L=-1.133978e+02, not replacing live point.
22:14:17 [ultranest] [DEBUG] Plateau detected at L=-1.133978e+02, not replacing live point.
22:14:17 [ultranest] [DEBUG] Plateau detected at L=-1.133978e+02, not replacing live point.
22:14:17 [ultranest] [DEBUG] Plateau detected at L=-1.133978e+02, not replacing live point.
22:14:17 [ultranest] [DEBUG] Plateau detected at L=-1.133978e+02, not replacing live point.
22:14:17 [ultranest] [DEBUG] Plateau detected at L=-1.133978e+02, not replacing live point.
22:14:17 [ultranest] [DEBUG] Plateau detected at L=-1.133978e+02, not replacing live point.
22:14:17 [ultranest] [DEBUG] Plateau detected at L=-1.133978e+02, not replacing live point.
22:14:17 [ultranest] [DEBUG] Plateau detected at L=-1.133978e+02, not replacing live point.
22:14:17 [ultranest] [DEBUG] Plateau detected at L=-1.133978e+02, not replacing live point.
22:14:17 [ultranest] [DEBUG] Plateau detected at L=-1.133978e+02, not replacing live point.
22:14:17 [ultranest] [DEBUG] Plateau detected at L=-1.133978e+02, not replacing live point.
22:14:17 [ultranest] [DEBUG] Plateau detected at L=-1.133978e+02, not replacing live point.
22:14:17 [ultranest] [DEBUG] Plateau detected at L=-1.133978e+02, not replacing live point.
22:14:17 [ultranest] [DEBUG] Plateau detected at L=-1.133978e+02, not replacing live point.
22:14:17 [ultranest] [DEBUG] Plateau detected at L=-1.133978e+02, not replacing live point.
22:14:17 [ultranest] [DEBUG] Plateau detected at L=-1.133978e+02, not replacing live point.
22:14:17 [ultranest] [DEBUG] Plateau detected at L=-1.133978e+02, not replacing live point.
22:14:17 [ultranest] [DEBUG] Plateau detected at L=-1.133978e+02, not replacing live point.
22:14:17 [ultranest] [DEBUG] Plateau detected at L=-1.133978e+02, not replacing live point.
22:14:17 [ultranest] [DEBUG] Plateau detected at L=-1.133978e+02, not replacing live point.
22:14:17 [ultranest] [DEBUG] Plateau detected at L=-1.133978e+02, not replacing live point.
22:14:17 [ultranest] [DEBUG] Plateau detected at L=-1.133978e+02, not replacing live point.
22:14:17 [ultranest] [DEBUG] Plateau detected at L=-1.133978e+02, not replacing live point.
22:14:17 [ultranest] [DEBUG] Plateau detected at L=-1.133978e+02, not replacing live point.
22:14:17 [ultranest] [DEBUG] Plateau detected at L=-1.133978e+02, not replacing live point.
22:14:17 [ultranest] [DEBUG] Plateau detected at L=-1.133978e+02, not replacing live point.
22:14:17 [ultranest] [DEBUG] Plateau detected at L=-1.133978e+02, not replacing live point.
22:14:17 [ultranest] [DEBUG] Plateau detected at L=-1.133978e+02, not replacing live point.
22:14:17 [ultranest] [DEBUG] Plateau detected at L=-1.133978e+02, not replacing live point.
22:14:17 [ultranest] [DEBUG] Plateau detected at L=-1.133978e+02, not replacing live point.
22:14:17 [ultranest] [DEBUG] Plateau detected at L=-1.133978e+02, not replacing live point.
22:14:17 [ultranest] [DEBUG] Plateau detected at L=-1.133978e+02, not replacing live point.
22:14:17 [ultranest] [DEBUG] Plateau detected at L=-1.133978e+02, not replacing live point.
22:14:17 [ultranest] [DEBUG] Plateau detected at L=-1.133978e+02, not replacing live point.
22:14:17 [ultranest] [DEBUG] Plateau detected at L=-1.133978e+02, not replacing live point.
22:14:17 [ultranest] [DEBUG] Plateau detected at L=-1.133978e+02, not replacing live point.
22:14:17 [ultranest] [DEBUG] Plateau detected at L=-1.133978e+02, not replacing live point.
22:14:17 [ultranest] [DEBUG] Plateau detected at L=-1.133978e+02, not replacing live point.
22:14:17 [ultranest] [DEBUG] Plateau detected at L=-1.133978e+02, not replacing live point.
22:14:17 [ultranest] [DEBUG] Plateau detected at L=-1.133978e+02, not replacing live point.
22:14:17 [ultranest] [DEBUG] Plateau detected at L=-1.133978e+02, not replacing live point.
22:14:17 [ultranest] [DEBUG] Plateau detected at L=-1.133978e+02, not replacing live point.
22:14:17 [ultranest] [DEBUG] Plateau detected at L=-1.133978e+02, not replacing live point.
22:14:17 [ultranest] [DEBUG] Plateau detected at L=-1.133978e+02, not replacing live point.
22:14:17 [ultranest] [DEBUG] Plateau detected at L=-1.133978e+02, not replacing live point.
22:14:17 [ultranest] [DEBUG] Plateau detected at L=-1.133978e+02, not replacing live point.
22:14:17 [ultranest] [DEBUG] Plateau detected at L=-1.133978e+02, not replacing live point.
22:14:17 [ultranest] [DEBUG] Plateau detected at L=-1.133978e+02, not replacing live point.
22:14:17 [ultranest] [DEBUG] Plateau detected at L=-1.133978e+02, not replacing live point.
22:14:17 [ultranest] [DEBUG] Plateau detected at L=-1.133978e+02, not replacing live point.
22:14:17 [ultranest] [DEBUG] Plateau detected at L=-1.133978e+02, not replacing live point.
22:14:17 [ultranest] [DEBUG] Plateau detected at L=-1.133978e+02, not replacing live point.
22:14:17 [ultranest] [DEBUG] Plateau detected at L=-1.133978e+02, not replacing live point.
22:14:17 [ultranest] [DEBUG] Plateau detected at L=-1.133978e+02, not replacing live point.
22:14:17 [ultranest] [DEBUG] Plateau detected at L=-1.133978e+02, not replacing live point.
22:14:17 [ultranest] [DEBUG] Plateau detected at L=-1.133978e+02, not replacing live point.
22:14:17 [ultranest] [DEBUG] Plateau detected at L=-1.133978e+02, not replacing live point.
22:14:17 [ultranest] [DEBUG] Plateau detected at L=-1.133978e+02, not replacing live point.
22:14:17 [ultranest] [DEBUG] Plateau detected at L=-1.133978e+02, not replacing live point.
22:14:17 [ultranest] [DEBUG] Plateau detected at L=-1.133978e+02, not replacing live point.
22:14:17 [ultranest] [DEBUG] Plateau detected at L=-1.133978e+02, not replacing live point.
22:14:17 [ultranest] [DEBUG] Plateau detected at L=-1.133978e+02, not replacing live point.
22:14:17 [ultranest] [DEBUG] Plateau detected at L=-1.133978e+02, not replacing live point.
22:14:17 [ultranest] [DEBUG] Plateau detected at L=-1.133978e+02, not replacing live point.
22:14:17 [ultranest] [DEBUG] Plateau detected at L=-1.133978e+02, not replacing live point.
22:14:17 [ultranest] [DEBUG] Plateau detected at L=-1.133978e+02, not replacing live point.
22:14:17 [ultranest] [DEBUG] Plateau detected at L=-1.133978e+02, not replacing live point.
22:14:17 [ultranest] [DEBUG] Plateau detected at L=-1.133978e+02, not replacing live point.
22:14:17 [ultranest] [DEBUG] Plateau detected at L=-1.133978e+02, not replacing live point.
22:14:17 [ultranest] [DEBUG] Plateau detected at L=-1.133978e+02, not replacing live point.
22:14:17 [ultranest] [DEBUG] Plateau detected at L=-1.133978e+02, not replacing live point.
22:14:17 [ultranest] [DEBUG] Plateau detected at L=-1.133978e+02, not replacing live point.
22:14:17 [ultranest] [DEBUG] Plateau detected at L=-1.133978e+02, not replacing live point.
22:14:17 [ultranest] [DEBUG] Plateau detected at L=-1.133978e+02, not replacing live point.
22:14:17 [ultranest] [DEBUG] Plateau detected at L=-1.133978e+02, not replacing live point.
22:14:17 [ultranest] [DEBUG] Plateau detected at L=-1.133978e+02, not replacing live point.
22:14:17 [ultranest] [DEBUG] Plateau detected at L=-1.133978e+02, not replacing live point.
22:14:17 [ultranest] [DEBUG] Plateau detected at L=-1.133978e+02, not replacing live point.
22:14:17 [ultranest] [DEBUG] Plateau detected at L=-1.133978e+02, not replacing live point.
22:14:17 [ultranest] [DEBUG] Plateau detected at L=-1.133978e+02, not replacing live point.
22:14:17 [ultranest] [DEBUG] Plateau detected at L=-1.133978e+02, not replacing live point.
22:14:17 [ultranest] [DEBUG] Plateau detected at L=-1.133978e+02, not replacing live point.
22:14:17 [ultranest] [DEBUG] Plateau detected at L=-1.133978e+02, not replacing live point.
22:14:17 [ultranest] [DEBUG] Plateau detected at L=-1.133978e+02, not replacing live point.
22:14:17 [ultranest] [DEBUG] Plateau detected at L=-1.133978e+02, not replacing live point.
22:14:17 [ultranest] [DEBUG] Plateau detected at L=-1.133978e+02, not replacing live point.
22:14:17 [ultranest] [DEBUG] Plateau detected at L=-1.133978e+02, not replacing live point.
22:14:17 [ultranest] [DEBUG] Plateau detected at L=-1.133978e+02, not replacing live point.
22:14:17 [ultranest] [DEBUG] Plateau detected at L=-1.133978e+02, not replacing live point.
22:14:17 [ultranest] [DEBUG] Plateau detected at L=-1.133978e+02, not replacing live point.
22:14:17 [ultranest] [DEBUG] Plateau detected at L=-1.133978e+02, not replacing live point.
22:14:17 [ultranest] [DEBUG] Plateau detected at L=-1.133978e+02, not replacing live point.
22:14:17 [ultranest] [DEBUG] Plateau detected at L=-1.133978e+02, not replacing live point.
22:14:17 [ultranest] [DEBUG] Plateau detected at L=-1.133978e+02, not replacing live point.
22:14:17 [ultranest] [DEBUG] Plateau detected at L=-1.133978e+02, not replacing live point.
22:14:17 [ultranest] [DEBUG] Plateau detected at L=-1.133978e+02, not replacing live point.
22:14:17 [ultranest] [DEBUG] Plateau detected at L=-1.133978e+02, not replacing live point.
22:14:17 [ultranest] [DEBUG] Plateau detected at L=-1.133978e+02, not replacing live point.
22:14:17 [ultranest] [DEBUG] Plateau detected at L=-1.133978e+02, not replacing live point.
22:14:17 [ultranest] [DEBUG] Plateau detected at L=-1.133978e+02, not replacing live point.
22:14:17 [ultranest] [DEBUG] Plateau detected at L=-1.133978e+02, not replacing live point.
22:14:17 [ultranest] [DEBUG] Plateau detected at L=-1.133978e+02, not replacing live point.
22:14:17 [ultranest] [DEBUG] Plateau detected at L=-1.133978e+02, not replacing live point.
22:14:17 [ultranest] [DEBUG] Plateau detected at L=-1.133978e+02, not replacing live point.
22:14:17 [ultranest] [DEBUG] Plateau detected at L=-1.133978e+02, not replacing live point.
22:14:17 [ultranest] [DEBUG] Plateau detected at L=-1.133978e+02, not replacing live point.
22:14:17 [ultranest] [DEBUG] Plateau detected at L=-1.133978e+02, not replacing live point.
22:14:17 [ultranest] [DEBUG] Plateau detected at L=-1.133978e+02, not replacing live point.
22:14:17 [ultranest] [DEBUG] Plateau detected at L=-1.133978e+02, not replacing live point.
22:14:17 [ultranest] [DEBUG] Plateau detected at L=-1.133978e+02, not replacing live point.
22:14:17 [ultranest] [DEBUG] Plateau detected at L=-1.133978e+02, not replacing live point.
22:14:17 [ultranest] [DEBUG] Plateau detected at L=-1.133978e+02, not replacing live point.
22:14:17 [ultranest] [DEBUG] Plateau detected at L=-1.133978e+02, not replacing live point.
22:14:17 [ultranest] [DEBUG] Plateau detected at L=-1.133978e+02, not replacing live point.
22:14:17 [ultranest] [DEBUG] Plateau detected at L=-1.133978e+02, not replacing live point.
22:14:17 [ultranest] [DEBUG] Plateau detected at L=-1.133978e+02, not replacing live point.
22:14:17 [ultranest] [DEBUG] Plateau detected at L=-1.133978e+02, not replacing live point.
22:14:17 [ultranest] [DEBUG] Plateau detected at L=-1.133978e+02, not replacing live point.
22:14:17 [ultranest] [DEBUG] Plateau detected at L=-1.133978e+02, not replacing live point.
22:14:17 [ultranest] [DEBUG] Plateau detected at L=-1.133978e+02, not replacing live point.
22:14:17 [ultranest] [DEBUG] Plateau detected at L=-1.133978e+02, not replacing live point.
22:14:17 [ultranest] [DEBUG] Plateau detected at L=-1.133978e+02, not replacing live point.
22:14:17 [ultranest] [DEBUG] Plateau detected at L=-1.133978e+02, not replacing live point.
22:14:17 [ultranest] [DEBUG] Plateau detected at L=-1.133978e+02, not replacing live point.
22:14:17 [ultranest] [DEBUG] Plateau detected at L=-1.133978e+02, not replacing live point.
22:14:17 [ultranest] [DEBUG] Plateau detected at L=-1.133978e+02, not replacing live point.
22:14:17 [ultranest] [DEBUG] Plateau detected at L=-1.133978e+02, not replacing live point.
22:14:17 [ultranest] [DEBUG] Plateau detected at L=-1.133978e+02, not replacing live point.
22:14:17 [ultranest] [DEBUG] Plateau detected at L=-1.133978e+02, not replacing live point.
22:14:17 [ultranest] [DEBUG] Plateau detected at L=-1.133978e+02, not replacing live point.
22:14:17 [ultranest] [DEBUG] Plateau detected at L=-1.133978e+02, not replacing live point.
22:14:17 [ultranest] [DEBUG] Plateau detected at L=-1.133978e+02, not replacing live point.
22:14:17 [ultranest] [DEBUG] Plateau detected at L=-1.133978e+02, not replacing live point.
22:14:17 [ultranest] [DEBUG] Plateau detected at L=-1.133978e+02, not replacing live point.
22:14:17 [ultranest] [DEBUG] Plateau detected at L=-1.133978e+02, not replacing live point.
22:14:17 [ultranest] [DEBUG] Plateau detected at L=-1.133978e+02, not replacing live point.
22:14:17 [ultranest] [DEBUG] Plateau detected at L=-1.133978e+02, not replacing live point.
22:14:17 [ultranest] [DEBUG] Plateau detected at L=-1.133978e+02, not replacing live point.
22:14:17 [ultranest] [DEBUG] Plateau detected at L=-1.133978e+02, not replacing live point.
22:14:17 [ultranest] [DEBUG] Plateau detected at L=-1.133978e+02, not replacing live point.
22:14:17 [ultranest] [DEBUG] Plateau detected at L=-1.133978e+02, not replacing live point.
22:14:17 [ultranest] [DEBUG] Plateau detected at L=-1.133978e+02, not replacing live point.
22:14:17 [ultranest] [DEBUG] Plateau detected at L=-1.133978e+02, not replacing live point.
22:14:17 [ultranest] [DEBUG] Plateau detected at L=-1.133978e+02, not replacing live point.
22:14:17 [ultranest] [DEBUG] Plateau detected at L=-1.133978e+02, not replacing live point.
22:14:17 [ultranest] [DEBUG] Plateau detected at L=-1.133978e+02, not replacing live point.
22:14:17 [ultranest] [DEBUG] Plateau detected at L=-1.133978e+02, not replacing live point.
22:14:17 [ultranest] [DEBUG] Plateau detected at L=-1.133978e+02, not replacing live point.
22:14:17 [ultranest] [DEBUG] Plateau detected at L=-1.133978e+02, not replacing live point.
22:14:17 [ultranest] [DEBUG] Plateau detected at L=-1.133978e+02, not replacing live point.
22:14:17 [ultranest] [DEBUG] Plateau detected at L=-1.133978e+02, not replacing live point.
22:14:17 [ultranest] [DEBUG] Plateau detected at L=-1.133978e+02, not replacing live point.
22:14:17 [ultranest] [DEBUG] Plateau detected at L=-1.133978e+02, not replacing live point.
22:14:17 [ultranest] [DEBUG] Plateau detected at L=-1.133978e+02, not replacing live point.
22:14:17 [ultranest] [DEBUG] Plateau detected at L=-1.133978e+02, not replacing live point.
22:14:17 [ultranest] [DEBUG] iteration=259, ncalls=6279, regioncalls=0, ndraw=40, logz=-114.24, remainder_fraction=100.0000%, Lmin=-113.40, Lmax=-10.77
22:14:17 [ultranest] [DEBUG] Plateau detected at L=-1.133978e+02, not replacing live point.
22:14:17 [ultranest] [DEBUG] Plateau detected at L=-1.133978e+02, not replacing live point.
22:14:17 [ultranest] [DEBUG] Plateau detected at L=-1.133978e+02, not replacing live point.
22:14:17 [ultranest] [DEBUG] iteration=263, ncalls=6279, regioncalls=0, ndraw=40, logz=-114.22, remainder_fraction=100.0000%, Lmin=-113.40, Lmax=-10.77
22:14:17 [ultranest] [DEBUG] Plateau detected at L=-1.133978e+02, not replacing live point.
22:14:17 [ultranest] [DEBUG] iteration=266, ncalls=6279, regioncalls=0, ndraw=40, logz=-114.20, remainder_fraction=100.0000%, Lmin=-113.40, Lmax=-10.77
22:14:17 [ultranest] [DEBUG] iteration=280, ncalls=6279, regioncalls=0, ndraw=40, logz=-114.14, remainder_fraction=100.0000%, Lmin=-113.40, Lmax=-10.77
22:14:17 [ultranest] [DEBUG] iteration=310, ncalls=6279, regioncalls=0, ndraw=40, logz=-114.03, remainder_fraction=100.0000%, Lmin=-113.40, Lmax=-10.77
22:14:17 [ultranest] [DEBUG] iteration=320, ncalls=6279, regioncalls=0, ndraw=40, logz=-114.00, remainder_fraction=100.0000%, Lmin=-113.40, Lmax=-10.77
22:14:17 [ultranest] [DEBUG] iteration=360, ncalls=6279, regioncalls=0, ndraw=40, logz=-113.90, remainder_fraction=100.0000%, Lmin=-113.40, Lmax=-10.77
22:14:17 [ultranest] [DEBUG] clustering found some stray points [need_accept=False] (array([1, 2]), array([195,   1]))
22:14:17 [ultranest] [DEBUG] iteration=400, ncalls=6279, regioncalls=0, ndraw=40, logz=-113.82, remainder_fraction=100.0000%, Lmin=-113.39, Lmax=-10.77
22:14:17 [ultranest] [DEBUG] iteration=440, ncalls=6279, regioncalls=0, ndraw=40, logz=-113.76, remainder_fraction=100.0000%, Lmin=-113.31, Lmax=-10.77
22:14:17 [ultranest] [DEBUG] iteration=480, ncalls=6279, regioncalls=0, ndraw=40, logz=-113.71, remainder_fraction=100.0000%, Lmin=-112.92, Lmax=-10.77
22:14:17 [ultranest] [DEBUG] iteration=486, ncalls=6279, regioncalls=0, ndraw=40, logz=-113.70, remainder_fraction=100.0000%, Lmin=-112.84, Lmax=-10.77
22:14:17 [ultranest] [DEBUG] iteration=520, ncalls=6279, regioncalls=0, ndraw=40, logz=-113.63, remainder_fraction=100.0000%, Lmin=-111.88, Lmax=-10.77
22:14:17 [ultranest] [DEBUG] iteration=530, ncalls=6279, regioncalls=0, ndraw=40, logz=-113.59, remainder_fraction=100.0000%, Lmin=-111.39, Lmax=-10.77
22:14:17 [ultranest] [DEBUG] iteration=560, ncalls=6279, regioncalls=0, ndraw=40, logz=-113.32, remainder_fraction=100.0000%, Lmin=-109.71, Lmax=-9.98
22:14:17 [ultranest] [DEBUG] clustering found some stray points [need_accept=False] (array([1, 2]), array([195,   1]))
22:14:18 [ultranest] [DEBUG] iteration=600, ncalls=6279, regioncalls=0, ndraw=40, logz=-111.25, remainder_fraction=100.0000%, Lmin=-105.88, Lmax=-9.98
22:14:18 [ultranest] [DEBUG] iteration=618, ncalls=6279, regioncalls=0, ndraw=40, logz=-109.32, remainder_fraction=100.0000%, Lmin=-103.58, Lmax=-7.69
22:14:18 [ultranest] [DEBUG] iteration=640, ncalls=6279, regioncalls=0, ndraw=40, logz=-107.37, remainder_fraction=100.0000%, Lmin=-101.66, Lmax=-7.69
22:14:18 [ultranest] [DEBUG] iteration=680, ncalls=6279, regioncalls=0, ndraw=40, logz=-102.02, remainder_fraction=100.0000%, Lmin=-95.73, Lmax=-7.69
22:14:18 [ultranest] [DEBUG] iteration=706, ncalls=6279, regioncalls=0, ndraw=40, logz=-97.67, remainder_fraction=100.0000%, Lmin=-91.23, Lmax=-7.69
22:14:18 [ultranest] [DEBUG] iteration=720, ncalls=6279, regioncalls=0, ndraw=40, logz=-95.84, remainder_fraction=100.0000%, Lmin=-89.14, Lmax=-7.69
22:14:18 [ultranest] [DEBUG] iteration=750, ncalls=6279, regioncalls=0, ndraw=40, logz=-89.45, remainder_fraction=100.0000%, Lmin=-82.41, Lmax=-7.69
22:14:18 [ultranest] [DEBUG] iteration=760, ncalls=6279, regioncalls=0, ndraw=40, logz=-87.42, remainder_fraction=100.0000%, Lmin=-79.78, Lmax=-7.69
22:14:18 [ultranest] [DEBUG] iteration=800, ncalls=6279, regioncalls=0, ndraw=40, logz=-78.52, remainder_fraction=100.0000%, Lmin=-71.28, Lmax=-7.69
22:14:18 [ultranest] [DEBUG] iteration=840, ncalls=6279, regioncalls=0, ndraw=40, logz=-72.33, remainder_fraction=100.0000%, Lmin=-64.67, Lmax=-7.69
22:14:18 [ultranest] [DEBUG] iteration=880, ncalls=6279, regioncalls=0, ndraw=40, logz=-65.47, remainder_fraction=100.0000%, Lmin=-57.71, Lmax=-7.69
22:14:18 [ultranest] [DEBUG] iteration=882, ncalls=6279, regioncalls=0, ndraw=40, logz=-65.10, remainder_fraction=100.0000%, Lmin=-57.52, Lmax=-7.69
22:14:18 [ultranest] [DEBUG] iteration=920, ncalls=6279, regioncalls=0, ndraw=40, logz=-60.55, remainder_fraction=100.0000%, Lmin=-53.33, Lmax=-7.69
22:14:18 [ultranest] [DEBUG] iteration=926, ncalls=6279, regioncalls=0, ndraw=40, logz=-59.89, remainder_fraction=100.0000%, Lmin=-52.35, Lmax=-7.69
22:14:18 [ultranest] [DEBUG] iteration=960, ncalls=6279, regioncalls=0, ndraw=40, logz=-55.63, remainder_fraction=100.0000%, Lmin=-47.89, Lmax=-7.69
22:14:18 [ultranest] [DEBUG] iteration=970, ncalls=6279, regioncalls=0, ndraw=40, logz=-54.55, remainder_fraction=100.0000%, Lmin=-47.12, Lmax=-7.69
22:14:18 [ultranest] [DEBUG] iteration=1000, ncalls=6279, regioncalls=0, ndraw=40, logz=-51.11, remainder_fraction=100.0000%, Lmin=-43.26, Lmax=-7.69
22:14:18 [ultranest] [DEBUG] iteration=1014, ncalls=6279, regioncalls=0, ndraw=40, logz=-48.68, remainder_fraction=100.0000%, Lmin=-40.80, Lmax=-7.69
22:14:18 [ultranest] [DEBUG] iteration=1040, ncalls=6279, regioncalls=0, ndraw=40, logz=-45.85, remainder_fraction=100.0000%, Lmin=-37.97, Lmax=-7.69
22:14:18 [ultranest] [DEBUG] iteration=1058, ncalls=6279, regioncalls=0, ndraw=40, logz=-43.97, remainder_fraction=100.0000%, Lmin=-36.34, Lmax=-7.69
22:14:18 [ultranest] [DEBUG] iteration=1080, ncalls=6279, regioncalls=0, ndraw=40, logz=-42.43, remainder_fraction=100.0000%, Lmin=-34.58, Lmax=-7.69
22:14:18 [ultranest] [DEBUG] iteration=1120, ncalls=6279, regioncalls=0, ndraw=40, logz=-39.43, remainder_fraction=100.0000%, Lmin=-31.69, Lmax=-7.69
22:14:18 [ultranest] [DEBUG] iteration=1160, ncalls=6279, regioncalls=0, ndraw=40, logz=-36.82, remainder_fraction=100.0000%, Lmin=-28.64, Lmax=-7.69
22:14:18 [ultranest] [DEBUG] iteration=1190, ncalls=6279, regioncalls=0, ndraw=40, logz=-34.60, remainder_fraction=100.0000%, Lmin=-26.29, Lmax=-7.69
22:14:18 [ultranest] [DEBUG] iteration=1200, ncalls=6279, regioncalls=0, ndraw=40, logz=-33.81, remainder_fraction=100.0000%, Lmin=-25.38, Lmax=-7.69
22:14:18 [ultranest] [DEBUG] iteration=1234, ncalls=6279, regioncalls=0, ndraw=40, logz=-31.65, remainder_fraction=100.0000%, Lmin=-23.47, Lmax=-7.69
22:14:18 [ultranest] [DEBUG] iteration=1240, ncalls=6279, regioncalls=0, ndraw=40, logz=-31.33, remainder_fraction=100.0000%, Lmin=-22.88, Lmax=-7.69
22:14:18 [ultranest] [DEBUG] iteration=1278, ncalls=6279, regioncalls=0, ndraw=40, logz=-29.00, remainder_fraction=99.9995%, Lmin=-20.70, Lmax=-7.69
22:14:18 [ultranest] [DEBUG] iteration=1280, ncalls=6279, regioncalls=0, ndraw=40, logz=-28.90, remainder_fraction=99.9995%, Lmin=-20.67, Lmax=-7.69
22:14:18 [ultranest] [DEBUG] iteration=1320, ncalls=6279, regioncalls=0, ndraw=40, logz=-27.12, remainder_fraction=99.9972%, Lmin=-18.74, Lmax=-7.69
22:14:18 [ultranest] [DEBUG] iteration=1360, ncalls=6279, regioncalls=0, ndraw=40, logz=-25.68, remainder_fraction=99.9878%, Lmin=-17.29, Lmax=-7.69
22:14:18 [ultranest] [DEBUG] iteration=1400, ncalls=6279, regioncalls=0, ndraw=40, logz=-24.14, remainder_fraction=99.9416%, Lmin=-15.47, Lmax=-7.69
22:14:18 [ultranest] [DEBUG] iteration=1410, ncalls=6279, regioncalls=0, ndraw=40, logz=-23.77, remainder_fraction=99.9188%, Lmin=-15.09, Lmax=-7.69
22:14:18 [ultranest] [DEBUG] iteration=1440, ncalls=6279, regioncalls=0, ndraw=40, logz=-22.80, remainder_fraction=99.7947%, Lmin=-14.18, Lmax=-7.69
22:14:18 [ultranest] [DEBUG] iteration=1480, ncalls=6279, regioncalls=0, ndraw=40, logz=-21.68, remainder_fraction=99.3365%, Lmin=-13.05, Lmax=-7.69
22:14:18 [ultranest] [DEBUG] iteration=1520, ncalls=6279, regioncalls=0, ndraw=40, logz=-20.85, remainder_fraction=98.5675%, Lmin=-12.26, Lmax=-7.69
22:14:18 [ultranest] [DEBUG] iteration=1542, ncalls=6279, regioncalls=0, ndraw=40, logz=-20.47, remainder_fraction=97.8404%, Lmin=-11.96, Lmax=-7.69
22:14:18 [ultranest] [DEBUG] iteration=1560, ncalls=6279, regioncalls=0, ndraw=40, logz=-20.18, remainder_fraction=97.1847%, Lmin=-11.52, Lmax=-7.69
22:14:18 [ultranest] [DEBUG] iteration=1586, ncalls=6279, regioncalls=0, ndraw=40, logz=-19.79, remainder_fraction=95.7617%, Lmin=-11.23, Lmax=-7.69
22:14:18 [ultranest] [DEBUG] iteration=1600, ncalls=6279, regioncalls=0, ndraw=40, logz=-19.61, remainder_fraction=94.8170%, Lmin=-11.04, Lmax=-7.69
22:14:18 [ultranest] [DEBUG] iteration=1630, ncalls=6279, regioncalls=0, ndraw=40, logz=-19.27, remainder_fraction=92.4776%, Lmin=-10.68, Lmax=-7.69
22:14:18 [ultranest] [DEBUG] iteration=1640, ncalls=6279, regioncalls=0, ndraw=40, logz=-19.16, remainder_fraction=91.5382%, Lmin=-10.55, Lmax=-7.65
22:14:18 [ultranest] [DEBUG] iteration=1674, ncalls=6279, regioncalls=0, ndraw=40, logz=-18.82, remainder_fraction=88.3254%, Lmin=-10.13, Lmax=-7.65
22:14:18 [ultranest] [DEBUG] iteration=1680, ncalls=6279, regioncalls=0, ndraw=40, logz=-18.76, remainder_fraction=87.5556%, Lmin=-10.04, Lmax=-7.65
22:14:18 [ultranest] [DEBUG] iteration=1720, ncalls=6279, regioncalls=0, ndraw=40, logz=-18.42, remainder_fraction=82.0691%, Lmin=-9.68, Lmax=-7.65
22:14:18 [ultranest] [DEBUG] iteration=1760, ncalls=6279, regioncalls=0, ndraw=40, logz=-18.12, remainder_fraction=75.9842%, Lmin=-9.36, Lmax=-7.65
22:14:18 [ultranest] [DEBUG] iteration=1762, ncalls=6279, regioncalls=0, ndraw=40, logz=-18.11, remainder_fraction=75.6756%, Lmin=-9.35, Lmax=-7.65
22:14:18 [ultranest] [DEBUG] iteration=1800, ncalls=6279, regioncalls=0, ndraw=40, logz=-17.89, remainder_fraction=68.9896%, Lmin=-9.14, Lmax=-7.65
22:14:18 [ultranest] [DEBUG] iteration=1806, ncalls=6279, regioncalls=0, ndraw=40, logz=-17.86, remainder_fraction=68.0420%, Lmin=-9.12, Lmax=-7.65
22:14:18 [ultranest] [DEBUG] iteration=1840, ncalls=6279, regioncalls=0, ndraw=40, logz=-17.70, remainder_fraction=62.9843%, Lmin=-8.96, Lmax=-7.65
22:14:18 [ultranest] [DEBUG] iteration=1880, ncalls=6279, regioncalls=0, ndraw=40, logz=-17.54, remainder_fraction=56.3186%, Lmin=-8.74, Lmax=-7.65
22:14:18 [ultranest] [DEBUG] iteration=1920, ncalls=6279, regioncalls=0, ndraw=40, logz=-17.40, remainder_fraction=49.6006%, Lmin=-8.55, Lmax=-7.65
22:14:18 [ultranest] [DEBUG] iteration=1938, ncalls=6279, regioncalls=0, ndraw=40, logz=-17.35, remainder_fraction=46.6467%, Lmin=-8.49, Lmax=-7.65
22:14:18 [ultranest] [DEBUG] iteration=1960, ncalls=6279, regioncalls=0, ndraw=40, logz=-17.28, remainder_fraction=43.2354%, Lmin=-8.41, Lmax=-7.65
22:14:18 [ultranest] [DEBUG] iteration=1982, ncalls=6279, regioncalls=0, ndraw=40, logz=-17.23, remainder_fraction=40.1055%, Lmin=-8.32, Lmax=-7.65
22:14:18 [ultranest] [DEBUG] iteration=2000, ncalls=6279, regioncalls=0, ndraw=40, logz=-17.18, remainder_fraction=37.4399%, Lmin=-8.27, Lmax=-7.65
22:14:18 [ultranest] [DEBUG] iteration=2040, ncalls=6279, regioncalls=0, ndraw=40, logz=-17.10, remainder_fraction=32.0874%, Lmin=-8.17, Lmax=-7.65
22:14:18 [ultranest] [DEBUG] iteration=2070, ncalls=6279, regioncalls=0, ndraw=40, logz=-17.05, remainder_fraction=28.4117%, Lmin=-8.12, Lmax=-7.65
22:14:18 [ultranest] [DEBUG] iteration=2080, ncalls=6279, regioncalls=0, ndraw=40, logz=-17.03, remainder_fraction=27.2733%, Lmin=-8.09, Lmax=-7.65
22:14:18 [ultranest] [DEBUG] iteration=2114, ncalls=6279, regioncalls=0, ndraw=40, logz=-16.98, remainder_fraction=23.6649%, Lmin=-8.02, Lmax=-7.65
22:14:18 [ultranest] [DEBUG] iteration=2120, ncalls=6279, regioncalls=0, ndraw=40, logz=-16.98, remainder_fraction=23.0531%, Lmin=-8.01, Lmax=-7.65
22:14:18 [ultranest] [DEBUG] iteration=2160, ncalls=6279, regioncalls=0, ndraw=40, logz=-16.93, remainder_fraction=19.3617%, Lmin=-7.96, Lmax=-7.64
22:14:18 [ultranest] [DEBUG] iteration=2200, ncalls=6279, regioncalls=0, ndraw=40, logz=-16.89, remainder_fraction=16.2179%, Lmin=-7.91, Lmax=-7.64
22:14:18 [ultranest] [DEBUG] iteration=2202, ncalls=6279, regioncalls=0, ndraw=40, logz=-16.89, remainder_fraction=16.0678%, Lmin=-7.91, Lmax=-7.64
22:14:18 [ultranest] [DEBUG] iteration=2240, ncalls=6279, regioncalls=0, ndraw=40, logz=-16.86, remainder_fraction=13.4942%, Lmin=-7.86, Lmax=-7.64
22:14:18 [ultranest] [DEBUG] iteration=2246, ncalls=6279, regioncalls=0, ndraw=40, logz=-16.85, remainder_fraction=13.1148%, Lmin=-7.86, Lmax=-7.64
22:14:18 [ultranest] [DEBUG] iteration=2280, ncalls=6279, regioncalls=0, ndraw=40, logz=-16.83, remainder_fraction=11.1628%, Lmin=-7.84, Lmax=-7.64
22:14:19 [ultranest] [DEBUG] iteration=2290, ncalls=6279, regioncalls=0, ndraw=40, logz=-16.83, remainder_fraction=10.6448%, Lmin=-7.83, Lmax=-7.64
22:14:19 [ultranest] [DEBUG] iteration=2320, ncalls=6279, regioncalls=0, ndraw=40, logz=-16.81, remainder_fraction=9.2439%, Lmin=-7.81, Lmax=-7.64
22:14:19 [ultranest] [DEBUG] iteration=2334, ncalls=6279, regioncalls=0, ndraw=40, logz=-16.80, remainder_fraction=8.6604%, Lmin=-7.80, Lmax=-7.64
22:14:19 [ultranest] [DEBUG] iteration=2360, ncalls=6279, regioncalls=0, ndraw=40, logz=-16.79, remainder_fraction=7.6458%, Lmin=-7.79, Lmax=-7.64
22:14:19 [ultranest] [DEBUG] iteration=2378, ncalls=6279, regioncalls=0, ndraw=40, logz=-16.79, remainder_fraction=7.0162%, Lmin=-7.78, Lmax=-7.64
22:14:19 [ultranest] [DEBUG] iteration=2400, ncalls=6279, regioncalls=0, ndraw=40, logz=-16.78, remainder_fraction=6.3163%, Lmin=-7.77, Lmax=-7.64
22:14:19 [ultranest] [DEBUG] iteration=2422, ncalls=6279, regioncalls=0, ndraw=40, logz=-16.77, remainder_fraction=5.6814%, Lmin=-7.76, Lmax=-7.64
22:14:19 [ultranest] [DEBUG] iteration=2440, ncalls=6279, regioncalls=0, ndraw=40, logz=-16.77, remainder_fraction=5.2030%, Lmin=-7.75, Lmax=-7.64
22:14:19 [ultranest] [INFO] Explored until L=-8  
22:14:19 [ultranest] [INFO] Likelihood function evaluations: 6279
22:14:19 [ultranest] [INFO] Writing samples and results to disk ...
22:14:19 [ultranest] [INFO] Writing samples and results to disk ... done
22:14:19 [ultranest] [DEBUG] did a run_iter pass!
22:14:19 [ultranest] [INFO]   logZ = -16.71 +- 0.1386
22:14:19 [ultranest] [INFO] Effective samples strategy satisfied (ESS = 856.7, need >400)
22:14:19 [ultranest] [INFO] Posterior uncertainty strategy is satisfied (KL: 0.46+-0.11 nat, need <0.50 nat)
22:14:19 [ultranest] [INFO] Evidency uncertainty strategy is satisfied (dlogz=0.15, need <0.5)
22:14:19 [ultranest] [INFO]   logZ error budget: single: 0.20 bs:0.14 tail:0.05 total:0.15 required:<0.50
22:14:19 [ultranest] [INFO] done iterating.
22:14:19 [ultranest] [DEBUG] Making corner plot ...
22:14:21 [ultranest] [DEBUG] Making corner plot ... done
22:14:21 [ultranest] [DEBUG] Making run plot ... 
22:14:21 [ultranest] [DEBUG] Making run plot ... done
22:14:21 [ultranest] [DEBUG] Making trace plot ... 
22:14:22 [ultranest] [DEBUG] Making trace plot ... done
