15:20:15 [ultranest] [DEBUG] ReactiveNestedSampler: dims=3+0, resume=True, log_dir=/home/orion51/Desktop/Research/spectral_fitting/FGL_spectral_fitting/Individual_sources/2CXOJ085928.0-434510/powerlaw_out_, backend=hdf5, vectorized=False, nbootstraps=30, ndraw=128..65536
15:20:15 [ultranest] [INFO] Sampling 400 live points from prior ...
15:20:16 [ultranest] [DEBUG] run_iter dlogz=0.5, dKL=0.5, frac_remain=0.01, Lepsilon=0.1000, min_ess=400
15:20:16 [ultranest] [DEBUG] max_iters=-1, max_ncalls=-1, max_num_improvement_loops=-1, min_num_live_points=400, cluster_num_live_points=40
15:20:16 [ultranest] [DEBUG] minimal_widths_sequence: [(-inf, 400.0), (inf, 400.0)]
15:20:16 [ultranest] [DEBUG] iteration=0, ncalls=401, regioncalls=40, ndraw=40, logz=-inf, remainder_fraction=100.0000%, Lmin=-210499384820.65, Lmax=-415.58
15:20:16 [ultranest] [DEBUG] iteration=30, ncalls=432, regioncalls=1280, ndraw=40, logz=-404847325.73, remainder_fraction=100.0000%, Lmin=-391132016.96, Lmax=-415.58
15:20:16 [ultranest] [DEBUG] iteration=40, ncalls=442, regioncalls=1680, ndraw=40, logz=-192204497.52, remainder_fraction=100.0000%, Lmin=-170801098.67, Lmax=-415.58
15:20:16 [ultranest] [DEBUG] iteration=71, ncalls=478, regioncalls=3120, ndraw=40, logz=-18779674.50, remainder_fraction=100.0000%, Lmin=-18410135.81, Lmax=-200.36
15:20:16 [ultranest] [DEBUG] iteration=80, ncalls=489, regioncalls=3560, ndraw=40, logz=-13089024.75, remainder_fraction=100.0000%, Lmin=-12318113.58, Lmax=-200.36
15:20:16 [ultranest] [DEBUG] iteration=90, ncalls=500, regioncalls=4000, ndraw=40, logz=-7162751.09, remainder_fraction=100.0000%, Lmin=-6205965.16, Lmax=-200.36
15:20:16 [ultranest] [DEBUG] iteration=119, ncalls=530, regioncalls=5200, ndraw=40, logz=-860773.70, remainder_fraction=100.0000%, Lmin=-752261.49, Lmax=-200.36
15:20:16 [ultranest] [DEBUG] iteration=120, ncalls=531, regioncalls=5240, ndraw=40, logz=-752267.78, remainder_fraction=100.0000%, Lmin=-681257.63, Lmax=-200.36
15:20:16 [ultranest] [DEBUG] iteration=148, ncalls=566, regioncalls=6640, ndraw=40, logz=-147062.28, remainder_fraction=100.0000%, Lmin=-143248.81, Lmax=-200.36
15:20:16 [ultranest] [DEBUG] iteration=160, ncalls=580, regioncalls=7200, ndraw=40, logz=-72915.99, remainder_fraction=100.0000%, Lmin=-66553.74, Lmax=-200.36
15:20:17 [ultranest] [DEBUG] iteration=186, ncalls=613, regioncalls=8520, ndraw=40, logz=-25985.81, remainder_fraction=100.0000%, Lmin=-25937.73, Lmax=-200.36
15:20:17 [ultranest] [DEBUG] iteration=200, ncalls=630, regioncalls=9200, ndraw=40, logz=-11778.22, remainder_fraction=100.0000%, Lmin=-11504.50, Lmax=-200.36
15:20:17 [ultranest] [DEBUG] iteration=226, ncalls=667, regioncalls=10680, ndraw=40, logz=-4141.21, remainder_fraction=100.0000%, Lmin=-3934.60, Lmax=-200.36
15:20:17 [ultranest] [DEBUG] iteration=240, ncalls=684, regioncalls=11360, ndraw=40, logz=-2945.51, remainder_fraction=100.0000%, Lmin=-2897.72, Lmax=-200.36
15:20:17 [ultranest] [DEBUG] Plateau detected at L=-2.407652e+03, not replacing live point.
15:20:17 [ultranest] [DEBUG] Plateau detected at L=-2.407652e+03, not replacing live point.
15:20:17 [ultranest] [DEBUG] Plateau detected at L=-2.407652e+03, not replacing live point.
15:20:17 [ultranest] [DEBUG] Plateau detected at L=-2.407652e+03, not replacing live point.
15:20:17 [ultranest] [DEBUG] Plateau detected at L=-2.407652e+03, not replacing live point.
15:20:17 [ultranest] [DEBUG] Plateau detected at L=-2.407652e+03, not replacing live point.
15:20:17 [ultranest] [DEBUG] Plateau detected at L=-2.407652e+03, not replacing live point.
15:20:17 [ultranest] [DEBUG] Plateau detected at L=-2.407652e+03, not replacing live point.
15:20:17 [ultranest] [DEBUG] Plateau detected at L=-2.407652e+03, not replacing live point.
15:20:17 [ultranest] [DEBUG] Plateau detected at L=-2.407652e+03, not replacing live point.
15:20:17 [ultranest] [DEBUG] Plateau detected at L=-2.407652e+03, not replacing live point.
15:20:17 [ultranest] [DEBUG] Plateau detected at L=-2.407652e+03, not replacing live point.
15:20:17 [ultranest] [DEBUG] Plateau detected at L=-2.407652e+03, not replacing live point.
15:20:17 [ultranest] [DEBUG] Plateau detected at L=-2.407652e+03, not replacing live point.
15:20:17 [ultranest] [DEBUG] Plateau detected at L=-2.407652e+03, not replacing live point.
15:20:17 [ultranest] [DEBUG] Plateau detected at L=-2.407652e+03, not replacing live point.
15:20:17 [ultranest] [DEBUG] Plateau detected at L=-2.407652e+03, not replacing live point.
15:20:17 [ultranest] [DEBUG] Plateau detected at L=-2.407652e+03, not replacing live point.
15:20:17 [ultranest] [DEBUG] Plateau detected at L=-2.407652e+03, not replacing live point.
15:20:17 [ultranest] [DEBUG] Plateau detected at L=-2.407652e+03, not replacing live point.
15:20:17 [ultranest] [DEBUG] Plateau detected at L=-2.407652e+03, not replacing live point.
15:20:17 [ultranest] [DEBUG] Plateau detected at L=-2.407652e+03, not replacing live point.
15:20:17 [ultranest] [DEBUG] Plateau detected at L=-2.407652e+03, not replacing live point.
15:20:17 [ultranest] [DEBUG] Plateau detected at L=-2.407652e+03, not replacing live point.
15:20:17 [ultranest] [DEBUG] Plateau detected at L=-2.407652e+03, not replacing live point.
15:20:17 [ultranest] [DEBUG] Plateau detected at L=-2.407652e+03, not replacing live point.
15:20:17 [ultranest] [DEBUG] Plateau detected at L=-2.407652e+03, not replacing live point.
15:20:17 [ultranest] [DEBUG] Plateau detected at L=-2.407652e+03, not replacing live point.
15:20:17 [ultranest] [DEBUG] Plateau detected at L=-2.407652e+03, not replacing live point.
15:20:17 [ultranest] [DEBUG] Plateau detected at L=-2.407652e+03, not replacing live point.
15:20:17 [ultranest] [DEBUG] Plateau detected at L=-2.407652e+03, not replacing live point.
15:20:17 [ultranest] [DEBUG] Plateau detected at L=-2.407652e+03, not replacing live point.
15:20:17 [ultranest] [DEBUG] Plateau detected at L=-2.407652e+03, not replacing live point.
15:20:17 [ultranest] [DEBUG] Plateau detected at L=-2.407652e+03, not replacing live point.
15:20:17 [ultranest] [DEBUG] Plateau detected at L=-2.407652e+03, not replacing live point.
15:20:17 [ultranest] [DEBUG] Plateau detected at L=-2.407652e+03, not replacing live point.
15:20:17 [ultranest] [DEBUG] Plateau detected at L=-2.407652e+03, not replacing live point.
15:20:17 [ultranest] [DEBUG] Plateau detected at L=-2.407652e+03, not replacing live point.
15:20:17 [ultranest] [DEBUG] Plateau detected at L=-2.407652e+03, not replacing live point.
15:20:17 [ultranest] [DEBUG] Plateau detected at L=-2.407652e+03, not replacing live point.
15:20:17 [ultranest] [DEBUG] Plateau detected at L=-2.407652e+03, not replacing live point.
15:20:17 [ultranest] [DEBUG] Plateau detected at L=-2.407652e+03, not replacing live point.
15:20:17 [ultranest] [DEBUG] Plateau detected at L=-2.407652e+03, not replacing live point.
15:20:17 [ultranest] [DEBUG] Plateau detected at L=-2.407652e+03, not replacing live point.
15:20:17 [ultranest] [DEBUG] iteration=303, ncalls=710, regioncalls=12400, ndraw=40, logz=-2410.50, remainder_fraction=100.0000%, Lmin=-2407.65, Lmax=-200.36
15:20:17 [ultranest] [DEBUG] Plateau detected at L=-2.407652e+03, not replacing live point.
15:20:17 [ultranest] [DEBUG] iteration=305, ncalls=711, regioncalls=12440, ndraw=40, logz=-2410.46, remainder_fraction=100.0000%, Lmin=-2407.65, Lmax=-200.36
15:20:17 [ultranest] [DEBUG] iteration=320, ncalls=737, regioncalls=13480, ndraw=40, logz=-2410.18, remainder_fraction=100.0000%, Lmin=-2407.65, Lmax=-200.36
15:20:17 [ultranest] [DEBUG] iteration=346, ncalls=773, regioncalls=14920, ndraw=40, logz=-2409.85, remainder_fraction=100.0000%, Lmin=-2407.65, Lmax=-200.36
15:20:17 [ultranest] [DEBUG] iteration=360, ncalls=796, regioncalls=15840, ndraw=40, logz=-2409.72, remainder_fraction=100.0000%, Lmin=-2407.65, Lmax=-200.36
15:20:17 [ultranest] [DEBUG] iteration=383, ncalls=832, regioncalls=17280, ndraw=40, logz=-2409.54, remainder_fraction=100.0000%, Lmin=-2407.65, Lmax=-200.36
15:20:17 [ultranest] [DEBUG] iteration=385, ncalls=836, regioncalls=17440, ndraw=40, logz=-2409.52, remainder_fraction=100.0000%, Lmin=-2407.65, Lmax=-200.36
15:20:17 [ultranest] [DEBUG] iteration=400, ncalls=860, regioncalls=18400, ndraw=40, logz=-2409.43, remainder_fraction=100.0000%, Lmin=-2407.65, Lmax=-200.36
15:20:17 [ultranest] [DEBUG] iteration=417, ncalls=903, regioncalls=20120, ndraw=40, logz=-2409.33, remainder_fraction=100.0000%, Lmin=-2407.64, Lmax=-200.36
15:20:17 [ultranest] [DEBUG] iteration=440, ncalls=943, regioncalls=21720, ndraw=40, logz=-2409.22, remainder_fraction=100.0000%, Lmin=-2407.54, Lmax=-200.36
15:20:18 [ultranest] [DEBUG] iteration=465, ncalls=985, regioncalls=23400, ndraw=40, logz=-2409.10, remainder_fraction=100.0000%, Lmin=-2407.23, Lmax=-200.36
15:20:18 [ultranest] [DEBUG] iteration=480, ncalls=1008, regioncalls=24320, ndraw=40, logz=-2409.01, remainder_fraction=100.0000%, Lmin=-2406.83, Lmax=-200.36
15:20:18 [ultranest] [DEBUG] iteration=500, ncalls=1049, regioncalls=25960, ndraw=40, logz=-2408.81, remainder_fraction=100.0000%, Lmin=-2405.66, Lmax=-200.36
15:20:18 [ultranest] [DEBUG] iteration=514, ncalls=1101, regioncalls=28040, ndraw=40, logz=-2408.42, remainder_fraction=100.0000%, Lmin=-2404.26, Lmax=-200.36
15:20:18 [ultranest] [DEBUG] iteration=520, ncalls=1117, regioncalls=28680, ndraw=40, logz=-2408.12, remainder_fraction=100.0000%, Lmin=-2403.73, Lmax=-200.36
15:20:18 [ultranest] [DEBUG] iteration=540, ncalls=1160, regioncalls=30400, ndraw=40, logz=-2406.41, remainder_fraction=100.0000%, Lmin=-2401.57, Lmax=-200.36
15:20:18 [ultranest] [DEBUG] iteration=555, ncalls=1200, regioncalls=32000, ndraw=40, logz=-2404.69, remainder_fraction=100.0000%, Lmin=-2399.36, Lmax=-200.36
15:20:18 [ultranest] [DEBUG] iteration=560, ncalls=1210, regioncalls=32400, ndraw=40, logz=-2404.09, remainder_fraction=100.0000%, Lmin=-2398.80, Lmax=-200.36
15:20:18 [ultranest] [DEBUG] iteration=582, ncalls=1256, regioncalls=34240, ndraw=40, logz=-2400.31, remainder_fraction=100.0000%, Lmin=-2393.62, Lmax=-200.36
15:20:18 [ultranest] [DEBUG] iteration=597, ncalls=1303, regioncalls=36120, ndraw=40, logz=-2396.73, remainder_fraction=100.0000%, Lmin=-2390.39, Lmax=-200.36
15:20:18 [ultranest] [DEBUG] iteration=600, ncalls=1307, regioncalls=36280, ndraw=40, logz=-2395.98, remainder_fraction=100.0000%, Lmin=-2390.08, Lmax=-200.36
15:20:18 [ultranest] [DEBUG] iteration=611, ncalls=1355, regioncalls=38200, ndraw=40, logz=-2394.02, remainder_fraction=100.0000%, Lmin=-2388.15, Lmax=-200.36
15:20:19 [ultranest] [DEBUG] iteration=625, ncalls=1396, regioncalls=39840, ndraw=40, logz=-2389.83, remainder_fraction=100.0000%, Lmin=-2383.60, Lmax=-200.36
15:20:19 [ultranest] [DEBUG] iteration=639, ncalls=1449, regioncalls=41960, ndraw=40, logz=-2382.00, remainder_fraction=100.0000%, Lmin=-2374.55, Lmax=-200.36
15:20:19 [ultranest] [DEBUG] iteration=640, ncalls=1453, regioncalls=42120, ndraw=40, logz=-2381.38, remainder_fraction=100.0000%, Lmin=-2372.17, Lmax=-200.36
15:20:19 [ultranest] [DEBUG] iteration=654, ncalls=1501, regioncalls=44040, ndraw=40, logz=-2368.23, remainder_fraction=100.0000%, Lmin=-2360.91, Lmax=-200.36
15:20:19 [ultranest] [DEBUG] iteration=673, ncalls=1545, regioncalls=45800, ndraw=40, logz=-2356.38, remainder_fraction=100.0000%, Lmin=-2349.47, Lmax=-200.36
15:20:19 [ultranest] [DEBUG] iteration=680, ncalls=1566, regioncalls=46640, ndraw=40, logz=-2352.94, remainder_fraction=100.0000%, Lmin=-2345.10, Lmax=-200.36
15:20:19 [ultranest] [DEBUG] iteration=695, ncalls=1613, regioncalls=48520, ndraw=40, logz=-2338.26, remainder_fraction=100.0000%, Lmin=-2329.07, Lmax=-200.36
15:20:19 [ultranest] [DEBUG] iteration=706, ncalls=1656, regioncalls=50240, ndraw=40, logz=-2318.73, remainder_fraction=100.0000%, Lmin=-2311.27, Lmax=-200.36
15:20:19 [ultranest] [DEBUG] iteration=718, ncalls=1705, regioncalls=52200, ndraw=40, logz=-2306.35, remainder_fraction=100.0000%, Lmin=-2297.52, Lmax=-200.36
15:20:19 [ultranest] [DEBUG] iteration=720, ncalls=1717, regioncalls=52680, ndraw=40, logz=-2304.04, remainder_fraction=100.0000%, Lmin=-2294.26, Lmax=-200.36
15:20:19 [ultranest] [DEBUG] iteration=733, ncalls=1767, regioncalls=54680, ndraw=40, logz=-2292.79, remainder_fraction=100.0000%, Lmin=-2284.77, Lmax=-200.36
15:20:19 [ultranest] [DEBUG] iteration=751, ncalls=1812, regioncalls=56480, ndraw=40, logz=-2265.54, remainder_fraction=100.0000%, Lmin=-2256.98, Lmax=-200.36
15:20:20 [ultranest] [DEBUG] iteration=760, ncalls=1842, regioncalls=57680, ndraw=40, logz=-2253.85, remainder_fraction=100.0000%, Lmin=-2244.22, Lmax=-200.36
15:20:20 [ultranest] [DEBUG] iteration=775, ncalls=1891, regioncalls=59640, ndraw=40, logz=-2234.90, remainder_fraction=100.0000%, Lmin=-2225.70, Lmax=-200.36
15:20:20 [ultranest] [DEBUG] iteration=785, ncalls=1920, regioncalls=60800, ndraw=40, logz=-2214.06, remainder_fraction=100.0000%, Lmin=-2205.94, Lmax=-187.32
15:20:20 [ultranest] [DEBUG] iteration=800, ncalls=1959, regioncalls=62360, ndraw=40, logz=-2176.93, remainder_fraction=100.0000%, Lmin=-2163.35, Lmax=-187.32
15:20:20 [ultranest] [DEBUG] iteration=813, ncalls=2007, regioncalls=64280, ndraw=40, logz=-2144.49, remainder_fraction=100.0000%, Lmin=-2135.18, Lmax=-187.32
15:20:20 [ultranest] [DEBUG] iteration=829, ncalls=2054, regioncalls=66160, ndraw=40, logz=-2121.40, remainder_fraction=100.0000%, Lmin=-2106.11, Lmax=-187.32
15:20:20 [ultranest] [DEBUG] iteration=840, ncalls=2083, regioncalls=67320, ndraw=40, logz=-2087.63, remainder_fraction=100.0000%, Lmin=-2076.72, Lmax=-187.32
15:20:20 [ultranest] [DEBUG] iteration=858, ncalls=2125, regioncalls=69000, ndraw=40, logz=-2042.44, remainder_fraction=100.0000%, Lmin=-2032.59, Lmax=-187.32
15:20:20 [ultranest] [DEBUG] iteration=865, ncalls=2161, regioncalls=70440, ndraw=40, logz=-2028.14, remainder_fraction=100.0000%, Lmin=-2017.27, Lmax=-187.32
15:20:20 [ultranest] [DEBUG] iteration=878, ncalls=2205, regioncalls=72200, ndraw=40, logz=-1992.96, remainder_fraction=100.0000%, Lmin=-1964.95, Lmax=-187.32
15:20:20 [ultranest] [DEBUG] iteration=880, ncalls=2211, regioncalls=72440, ndraw=40, logz=-1972.47, remainder_fraction=100.0000%, Lmin=-1963.65, Lmax=-187.32
15:20:21 [ultranest] [DEBUG] iteration=897, ncalls=2263, regioncalls=74520, ndraw=40, logz=-1908.42, remainder_fraction=100.0000%, Lmin=-1898.36, Lmax=-187.32
15:20:21 [ultranest] [DEBUG] iteration=911, ncalls=2309, regioncalls=76360, ndraw=40, logz=-1864.34, remainder_fraction=100.0000%, Lmin=-1853.98, Lmax=-187.32
15:20:21 [ultranest] [DEBUG] iteration=920, ncalls=2321, regioncalls=76840, ndraw=40, logz=-1844.75, remainder_fraction=100.0000%, Lmin=-1835.07, Lmax=-187.32
15:20:21 [ultranest] [DEBUG] iteration=937, ncalls=2370, regioncalls=78800, ndraw=40, logz=-1783.80, remainder_fraction=100.0000%, Lmin=-1771.67, Lmax=-180.53
15:20:21 [ultranest] [DEBUG] iteration=945, ncalls=2394, regioncalls=79760, ndraw=40, logz=-1761.91, remainder_fraction=100.0000%, Lmin=-1751.86, Lmax=-109.54
15:20:21 [ultranest] [DEBUG] iteration=958, ncalls=2438, regioncalls=81520, ndraw=40, logz=-1742.32, remainder_fraction=100.0000%, Lmin=-1729.96, Lmax=-87.55
15:20:21 [ultranest] [DEBUG] iteration=960, ncalls=2444, regioncalls=81760, ndraw=40, logz=-1737.27, remainder_fraction=100.0000%, Lmin=-1727.37, Lmax=-87.55
15:20:21 [ultranest] [DEBUG] iteration=975, ncalls=2491, regioncalls=83640, ndraw=40, logz=-1677.76, remainder_fraction=100.0000%, Lmin=-1668.68, Lmax=-87.55
15:20:21 [ultranest] [DEBUG] iteration=988, ncalls=2540, regioncalls=85600, ndraw=40, logz=-1649.98, remainder_fraction=100.0000%, Lmin=-1636.91, Lmax=-87.55
15:20:21 [ultranest] [DEBUG] iteration=1000, ncalls=2592, regioncalls=87680, ndraw=40, logz=-1617.27, remainder_fraction=100.0000%, Lmin=-1608.66, Lmax=-87.55
15:20:21 [ultranest] [DEBUG] iteration=1014, ncalls=2642, regioncalls=89680, ndraw=40, logz=-1587.11, remainder_fraction=100.0000%, Lmin=-1578.70, Lmax=-87.55
15:20:21 [ultranest] [DEBUG] iteration=1025, ncalls=2670, regioncalls=90800, ndraw=40, logz=-1557.56, remainder_fraction=100.0000%, Lmin=-1545.65, Lmax=-87.55
15:20:22 [ultranest] [DEBUG] iteration=1036, ncalls=2714, regioncalls=92560, ndraw=40, logz=-1539.85, remainder_fraction=100.0000%, Lmin=-1528.22, Lmax=-87.55
15:20:22 [ultranest] [DEBUG] iteration=1040, ncalls=2727, regioncalls=93080, ndraw=40, logz=-1527.90, remainder_fraction=100.0000%, Lmin=-1514.93, Lmax=-87.55
15:20:22 [ultranest] [DEBUG] iteration=1056, ncalls=2772, regioncalls=94880, ndraw=40, logz=-1470.32, remainder_fraction=100.0000%, Lmin=-1457.83, Lmax=-87.55
15:20:22 [ultranest] [DEBUG] iteration=1071, ncalls=2822, regioncalls=96880, ndraw=40, logz=-1414.68, remainder_fraction=100.0000%, Lmin=-1402.07, Lmax=-87.55
15:20:22 [ultranest] [DEBUG] iteration=1080, ncalls=2846, regioncalls=97840, ndraw=40, logz=-1392.05, remainder_fraction=100.0000%, Lmin=-1383.35, Lmax=-87.55
15:20:22 [ultranest] [DEBUG] iteration=1095, ncalls=2894, regioncalls=99760, ndraw=40, logz=-1360.85, remainder_fraction=100.0000%, Lmin=-1350.84, Lmax=-87.55
15:20:22 [ultranest] [DEBUG] iteration=1103, ncalls=2947, regioncalls=101880, ndraw=40, logz=-1345.18, remainder_fraction=100.0000%, Lmin=-1323.18, Lmax=-87.55
15:20:22 [ultranest] [DEBUG] iteration=1114, ncalls=2998, regioncalls=103920, ndraw=40, logz=-1316.88, remainder_fraction=100.0000%, Lmin=-1307.97, Lmax=-87.55
15:20:22 [ultranest] [DEBUG] iteration=1120, ncalls=3023, regioncalls=104920, ndraw=40, logz=-1301.00, remainder_fraction=100.0000%, Lmin=-1291.38, Lmax=-87.55
15:20:22 [ultranest] [DEBUG] iteration=1132, ncalls=3071, regioncalls=106840, ndraw=40, logz=-1266.55, remainder_fraction=100.0000%, Lmin=-1251.40, Lmax=-87.55
15:20:22 [ultranest] [DEBUG] iteration=1144, ncalls=3120, regioncalls=108800, ndraw=40, logz=-1227.20, remainder_fraction=100.0000%, Lmin=-1218.23, Lmax=-87.55
15:20:23 [ultranest] [DEBUG] iteration=1153, ncalls=3171, regioncalls=110840, ndraw=40, logz=-1196.01, remainder_fraction=100.0000%, Lmin=-1179.19, Lmax=-87.55
15:20:23 [ultranest] [DEBUG] iteration=1160, ncalls=3199, regioncalls=111960, ndraw=40, logz=-1168.74, remainder_fraction=100.0000%, Lmin=-1157.36, Lmax=-87.55
15:20:23 [ultranest] [DEBUG] iteration=1172, ncalls=3250, regioncalls=114000, ndraw=40, logz=-1144.76, remainder_fraction=100.0000%, Lmin=-1130.43, Lmax=-87.55
15:20:23 [ultranest] [DEBUG] iteration=1185, ncalls=3293, regioncalls=115720, ndraw=40, logz=-1117.45, remainder_fraction=100.0000%, Lmin=-1102.86, Lmax=-87.55
15:20:23 [ultranest] [DEBUG] iteration=1200, ncalls=3341, regioncalls=117640, ndraw=40, logz=-1069.57, remainder_fraction=100.0000%, Lmin=-1058.61, Lmax=-87.55
15:20:23 [ultranest] [DEBUG] iteration=1215, ncalls=3387, regioncalls=119480, ndraw=40, logz=-1033.71, remainder_fraction=100.0000%, Lmin=-1024.49, Lmax=-87.55
15:20:23 [ultranest] [DEBUG] iteration=1233, ncalls=3433, regioncalls=121320, ndraw=40, logz=-998.76, remainder_fraction=100.0000%, Lmin=-989.13, Lmax=-87.55
15:20:23 [ultranest] [DEBUG] iteration=1240, ncalls=3467, regioncalls=122680, ndraw=40, logz=-979.16, remainder_fraction=100.0000%, Lmin=-967.87, Lmax=-87.55
15:20:23 [ultranest] [DEBUG] iteration=1253, ncalls=3515, regioncalls=124600, ndraw=40, logz=-952.25, remainder_fraction=100.0000%, Lmin=-940.56, Lmax=-87.55
15:20:23 [ultranest] [DEBUG] iteration=1266, ncalls=3556, regioncalls=126320, ndraw=40, logz=-916.90, remainder_fraction=100.0000%, Lmin=-905.97, Lmax=-87.55
15:20:24 [ultranest] [DEBUG] iteration=1279, ncalls=3596, regioncalls=128120, ndraw=40, logz=-889.38, remainder_fraction=100.0000%, Lmin=-879.25, Lmax=-87.55
15:20:24 [ultranest] [DEBUG] iteration=1280, ncalls=3602, regioncalls=128360, ndraw=40, logz=-888.25, remainder_fraction=100.0000%, Lmin=-879.20, Lmax=-87.55
15:20:24 [ultranest] [DEBUG] iteration=1295, ncalls=3646, regioncalls=130160, ndraw=40, logz=-862.76, remainder_fraction=100.0000%, Lmin=-853.52, Lmax=-87.55
15:20:24 [ultranest] [DEBUG] iteration=1306, ncalls=3695, regioncalls=132120, ndraw=40, logz=-844.48, remainder_fraction=100.0000%, Lmin=-832.49, Lmax=-87.55
15:20:24 [ultranest] [DEBUG] iteration=1320, ncalls=3738, regioncalls=133840, ndraw=40, logz=-817.66, remainder_fraction=100.0000%, Lmin=-808.09, Lmax=-87.55
15:20:24 [ultranest] [DEBUG] iteration=1336, ncalls=3782, regioncalls=135600, ndraw=40, logz=-797.68, remainder_fraction=100.0000%, Lmin=-787.35, Lmax=-87.55
15:20:24 [ultranest] [DEBUG] iteration=1345, ncalls=3802, regioncalls=136400, ndraw=40, logz=-787.73, remainder_fraction=100.0000%, Lmin=-777.65, Lmax=-87.55
15:20:24 [ultranest] [DEBUG] iteration=1354, ncalls=3848, regioncalls=138280, ndraw=40, logz=-775.29, remainder_fraction=100.0000%, Lmin=-764.89, Lmax=-87.55
15:20:24 [ultranest] [DEBUG] iteration=1360, ncalls=3866, regioncalls=139000, ndraw=40, logz=-767.48, remainder_fraction=100.0000%, Lmin=-755.15, Lmax=-87.55
15:20:24 [ultranest] [DEBUG] iteration=1374, ncalls=3912, regioncalls=140920, ndraw=40, logz=-747.22, remainder_fraction=100.0000%, Lmin=-732.96, Lmax=-87.55
15:20:24 [ultranest] [DEBUG] iteration=1386, ncalls=3958, regioncalls=142760, ndraw=40, logz=-719.42, remainder_fraction=100.0000%, Lmin=-708.44, Lmax=-87.55
15:20:24 [ultranest] [DEBUG] iteration=1397, ncalls=4011, regioncalls=144880, ndraw=40, logz=-706.57, remainder_fraction=100.0000%, Lmin=-696.25, Lmax=-87.55
15:20:24 [ultranest] [DEBUG] iteration=1400, ncalls=4017, regioncalls=145120, ndraw=40, logz=-704.09, remainder_fraction=100.0000%, Lmin=-693.22, Lmax=-87.55
15:20:25 [ultranest] [DEBUG] iteration=1410, ncalls=4073, regioncalls=147360, ndraw=40, logz=-694.92, remainder_fraction=100.0000%, Lmin=-685.18, Lmax=-87.55
15:20:25 [ultranest] [DEBUG] iteration=1425, ncalls=4120, regioncalls=149240, ndraw=40, logz=-673.08, remainder_fraction=100.0000%, Lmin=-662.41, Lmax=-87.55
15:20:25 [ultranest] [DEBUG] iteration=1433, ncalls=4170, regioncalls=151240, ndraw=40, logz=-663.19, remainder_fraction=100.0000%, Lmin=-653.80, Lmax=-87.55
15:20:25 [ultranest] [DEBUG] iteration=1440, ncalls=4197, regioncalls=152320, ndraw=40, logz=-652.29, remainder_fraction=100.0000%, Lmin=-636.85, Lmax=-87.55
15:20:25 [ultranest] [DEBUG] iteration=1450, ncalls=4251, regioncalls=154480, ndraw=40, logz=-639.11, remainder_fraction=100.0000%, Lmin=-629.30, Lmax=-87.55
15:20:25 [ultranest] [DEBUG] iteration=1462, ncalls=4300, regioncalls=156440, ndraw=40, logz=-621.59, remainder_fraction=100.0000%, Lmin=-609.94, Lmax=-87.55
15:20:25 [ultranest] [DEBUG] iteration=1479, ncalls=4341, regioncalls=158080, ndraw=40, logz=-596.26, remainder_fraction=100.0000%, Lmin=-585.77, Lmax=-87.55
15:20:25 [ultranest] [DEBUG] iteration=1480, ncalls=4343, regioncalls=158160, ndraw=40, logz=-595.26, remainder_fraction=100.0000%, Lmin=-585.67, Lmax=-87.55
15:20:25 [ultranest] [DEBUG] iteration=1494, ncalls=4389, regioncalls=160000, ndraw=40, logz=-579.56, remainder_fraction=100.0000%, Lmin=-570.15, Lmax=-87.55
15:20:25 [ultranest] [DEBUG] iteration=1505, ncalls=4435, regioncalls=161840, ndraw=40, logz=-569.06, remainder_fraction=100.0000%, Lmin=-558.24, Lmax=-87.55
15:20:26 [ultranest] [DEBUG] iteration=1511, ncalls=4487, regioncalls=163920, ndraw=40, logz=-562.12, remainder_fraction=100.0000%, Lmin=-551.47, Lmax=-87.55
15:20:26 [ultranest] [DEBUG] iteration=1520, ncalls=4529, regioncalls=165600, ndraw=40, logz=-556.27, remainder_fraction=100.0000%, Lmin=-546.89, Lmax=-87.55
15:20:26 [ultranest] [DEBUG] iteration=1529, ncalls=4577, regioncalls=167520, ndraw=40, logz=-549.29, remainder_fraction=100.0000%, Lmin=-537.66, Lmax=-87.55
15:20:26 [ultranest] [DEBUG] iteration=1539, ncalls=4631, regioncalls=169680, ndraw=40, logz=-541.35, remainder_fraction=100.0000%, Lmin=-531.75, Lmax=-87.55
15:20:26 [ultranest] [DEBUG] iteration=1547, ncalls=4697, regioncalls=172320, ndraw=40, logz=-534.92, remainder_fraction=100.0000%, Lmin=-524.32, Lmax=-87.55
15:20:26 [ultranest] [DEBUG] iteration=1560, ncalls=4747, regioncalls=174320, ndraw=40, logz=-525.51, remainder_fraction=100.0000%, Lmin=-516.21, Lmax=-87.55
15:20:26 [ultranest] [DEBUG] iteration=1568, ncalls=4799, regioncalls=176400, ndraw=40, logz=-521.12, remainder_fraction=100.0000%, Lmin=-510.26, Lmax=-87.55
15:20:26 [ultranest] [DEBUG] iteration=1580, ncalls=4850, regioncalls=178440, ndraw=40, logz=-512.11, remainder_fraction=100.0000%, Lmin=-500.28, Lmax=-87.55
15:20:26 [ultranest] [DEBUG] iteration=1588, ncalls=4895, regioncalls=180240, ndraw=40, logz=-500.68, remainder_fraction=100.0000%, Lmin=-489.96, Lmax=-87.55
15:20:26 [ultranest] [DEBUG] iteration=1598, ncalls=4943, regioncalls=182160, ndraw=40, logz=-493.55, remainder_fraction=100.0000%, Lmin=-482.14, Lmax=-87.55
15:20:27 [ultranest] [DEBUG] iteration=1600, ncalls=4957, regioncalls=182720, ndraw=40, logz=-491.58, remainder_fraction=100.0000%, Lmin=-481.83, Lmax=-87.55
15:20:27 [ultranest] [DEBUG] iteration=1609, ncalls=5005, regioncalls=184640, ndraw=40, logz=-481.27, remainder_fraction=100.0000%, Lmin=-470.77, Lmax=-87.55
15:20:27 [ultranest] [DEBUG] iteration=1623, ncalls=5054, regioncalls=186600, ndraw=40, logz=-473.04, remainder_fraction=100.0000%, Lmin=-463.00, Lmax=-87.55
15:20:27 [ultranest] [DEBUG] iteration=1636, ncalls=5107, regioncalls=188720, ndraw=40, logz=-466.92, remainder_fraction=100.0000%, Lmin=-457.17, Lmax=-87.55
15:20:27 [ultranest] [DEBUG] iteration=1640, ncalls=5115, regioncalls=189040, ndraw=40, logz=-464.92, remainder_fraction=100.0000%, Lmin=-455.24, Lmax=-87.55
15:20:27 [ultranest] [DEBUG] iteration=1649, ncalls=5177, regioncalls=191520, ndraw=40, logz=-458.36, remainder_fraction=100.0000%, Lmin=-447.63, Lmax=-87.55
15:20:27 [ultranest] [DEBUG] iteration=1657, ncalls=5227, regioncalls=193520, ndraw=40, logz=-453.19, remainder_fraction=100.0000%, Lmin=-443.06, Lmax=-87.55
15:20:27 [ultranest] [DEBUG] iteration=1665, ncalls=5269, regioncalls=195240, ndraw=40, logz=-447.91, remainder_fraction=100.0000%, Lmin=-437.37, Lmax=-87.55
15:20:27 [ultranest] [DEBUG] iteration=1671, ncalls=5318, regioncalls=197200, ndraw=40, logz=-443.41, remainder_fraction=100.0000%, Lmin=-433.00, Lmax=-87.55
15:20:27 [ultranest] [DEBUG] iteration=1680, ncalls=5350, regioncalls=198480, ndraw=40, logz=-439.51, remainder_fraction=100.0000%, Lmin=-429.80, Lmax=-87.55
15:20:27 [ultranest] [DEBUG] iteration=1691, ncalls=5401, regioncalls=200520, ndraw=40, logz=-431.67, remainder_fraction=100.0000%, Lmin=-420.05, Lmax=-87.55
15:20:28 [ultranest] [DEBUG] iteration=1703, ncalls=5450, regioncalls=202480, ndraw=40, logz=-423.94, remainder_fraction=100.0000%, Lmin=-414.46, Lmax=-87.55
15:20:28 [ultranest] [DEBUG] iteration=1713, ncalls=5499, regioncalls=204440, ndraw=40, logz=-418.10, remainder_fraction=100.0000%, Lmin=-406.15, Lmax=-87.55
15:20:28 [ultranest] [DEBUG] iteration=1720, ncalls=5550, regioncalls=206480, ndraw=40, logz=-413.06, remainder_fraction=100.0000%, Lmin=-403.33, Lmax=-87.55
15:20:28 [ultranest] [DEBUG] iteration=1729, ncalls=5599, regioncalls=208440, ndraw=40, logz=-407.95, remainder_fraction=100.0000%, Lmin=-398.02, Lmax=-87.55
15:20:28 [ultranest] [DEBUG] iteration=1741, ncalls=5648, regioncalls=210400, ndraw=40, logz=-401.65, remainder_fraction=100.0000%, Lmin=-391.96, Lmax=-87.55
15:20:28 [ultranest] [DEBUG] iteration=1751, ncalls=5694, regioncalls=212240, ndraw=40, logz=-397.42, remainder_fraction=100.0000%, Lmin=-387.30, Lmax=-87.55
15:20:28 [ultranest] [DEBUG] iteration=1760, ncalls=5735, regioncalls=213880, ndraw=40, logz=-394.00, remainder_fraction=100.0000%, Lmin=-382.45, Lmax=-87.55
15:20:28 [ultranest] [DEBUG] iteration=1766, ncalls=5789, regioncalls=216040, ndraw=40, logz=-390.02, remainder_fraction=100.0000%, Lmin=-379.97, Lmax=-87.55
15:20:28 [ultranest] [DEBUG] iteration=1781, ncalls=5838, regioncalls=218000, ndraw=40, logz=-381.23, remainder_fraction=100.0000%, Lmin=-370.94, Lmax=-87.55
15:20:29 [ultranest] [DEBUG] iteration=1791, ncalls=5886, regioncalls=219920, ndraw=40, logz=-376.08, remainder_fraction=100.0000%, Lmin=-365.65, Lmax=-87.55
15:20:29 [ultranest] [DEBUG] iteration=1800, ncalls=5944, regioncalls=222240, ndraw=40, logz=-369.67, remainder_fraction=100.0000%, Lmin=-359.86, Lmax=-87.55
15:20:29 [ultranest] [DEBUG] iteration=1812, ncalls=5993, regioncalls=224200, ndraw=40, logz=-365.53, remainder_fraction=100.0000%, Lmin=-355.76, Lmax=-87.55
15:20:29 [ultranest] [DEBUG] iteration=1819, ncalls=6045, regioncalls=226280, ndraw=40, logz=-362.05, remainder_fraction=100.0000%, Lmin=-351.56, Lmax=-87.55
15:20:29 [ultranest] [DEBUG] iteration=1825, ncalls=6093, regioncalls=228200, ndraw=40, logz=-359.60, remainder_fraction=100.0000%, Lmin=-349.09, Lmax=-87.55
15:20:29 [ultranest] [DEBUG] iteration=1834, ncalls=6144, regioncalls=230240, ndraw=40, logz=-355.65, remainder_fraction=100.0000%, Lmin=-344.19, Lmax=-87.55
15:20:29 [ultranest] [DEBUG] iteration=1839, ncalls=6200, regioncalls=232480, ndraw=40, logz=-351.29, remainder_fraction=100.0000%, Lmin=-341.41, Lmax=-87.55
15:20:29 [ultranest] [DEBUG] iteration=1840, ncalls=6208, regioncalls=232800, ndraw=40, logz=-351.00, remainder_fraction=100.0000%, Lmin=-341.39, Lmax=-87.55
15:20:29 [ultranest] [DEBUG] iteration=1854, ncalls=6253, regioncalls=234600, ndraw=40, logz=-345.40, remainder_fraction=100.0000%, Lmin=-335.70, Lmax=-87.55
15:20:29 [ultranest] [DEBUG] iteration=1865, ncalls=6303, regioncalls=236600, ndraw=40, logz=-341.01, remainder_fraction=100.0000%, Lmin=-330.13, Lmax=-87.55
15:20:30 [ultranest] [DEBUG] iteration=1876, ncalls=6368, regioncalls=239200, ndraw=40, logz=-336.06, remainder_fraction=100.0000%, Lmin=-325.60, Lmax=-87.55
15:20:30 [ultranest] [DEBUG] iteration=1880, ncalls=6385, regioncalls=239880, ndraw=40, logz=-334.80, remainder_fraction=100.0000%, Lmin=-325.14, Lmax=-87.55
15:20:30 [ultranest] [DEBUG] iteration=1890, ncalls=6433, regioncalls=241800, ndraw=40, logz=-332.13, remainder_fraction=100.0000%, Lmin=-321.48, Lmax=-87.55
15:20:30 [ultranest] [DEBUG] iteration=1901, ncalls=6485, regioncalls=243880, ndraw=40, logz=-328.75, remainder_fraction=100.0000%, Lmin=-318.82, Lmax=-87.55
15:20:30 [ultranest] [DEBUG] clustering found some stray points [need_accept=False] (array([1, 2]), array([354,   1]))
15:20:30 [ultranest] [DEBUG] iteration=1910, ncalls=6530, regioncalls=245680, ndraw=40, logz=-326.07, remainder_fraction=100.0000%, Lmin=-316.11, Lmax=-87.55
15:20:30 [ultranest] [DEBUG] iteration=1917, ncalls=6585, regioncalls=247880, ndraw=40, logz=-322.87, remainder_fraction=100.0000%, Lmin=-312.09, Lmax=-87.55
15:20:30 [ultranest] [DEBUG] iteration=1920, ncalls=6628, regioncalls=249600, ndraw=40, logz=-320.92, remainder_fraction=100.0000%, Lmin=-310.44, Lmax=-87.55
15:20:30 [ultranest] [DEBUG] iteration=1931, ncalls=6680, regioncalls=251680, ndraw=40, logz=-317.49, remainder_fraction=100.0000%, Lmin=-306.81, Lmax=-87.55
15:20:30 [ultranest] [DEBUG] iteration=1937, ncalls=6731, regioncalls=253720, ndraw=40, logz=-315.46, remainder_fraction=100.0000%, Lmin=-305.36, Lmax=-87.55
15:20:30 [ultranest] [DEBUG] iteration=1943, ncalls=6783, regioncalls=255800, ndraw=40, logz=-314.05, remainder_fraction=100.0000%, Lmin=-303.90, Lmax=-87.55
15:20:30 [ultranest] [DEBUG] iteration=1951, ncalls=6837, regioncalls=257960, ndraw=40, logz=-312.15, remainder_fraction=100.0000%, Lmin=-302.12, Lmax=-87.55
15:20:31 [ultranest] [DEBUG] iteration=1958, ncalls=6891, regioncalls=260120, ndraw=40, logz=-310.41, remainder_fraction=100.0000%, Lmin=-300.18, Lmax=-87.55
15:20:31 [ultranest] [DEBUG] iteration=1960, ncalls=6895, regioncalls=260280, ndraw=40, logz=-309.59, remainder_fraction=100.0000%, Lmin=-298.89, Lmax=-87.55
15:20:31 [ultranest] [DEBUG] iteration=1972, ncalls=6944, regioncalls=262240, ndraw=40, logz=-303.57, remainder_fraction=100.0000%, Lmin=-293.16, Lmax=-87.55
15:20:31 [ultranest] [DEBUG] iteration=1982, ncalls=7002, regioncalls=264560, ndraw=40, logz=-300.47, remainder_fraction=100.0000%, Lmin=-289.72, Lmax=-87.55
15:20:31 [ultranest] [DEBUG] iteration=1985, ncalls=7015, regioncalls=265120, ndraw=40, logz=-299.03, remainder_fraction=100.0000%, Lmin=-288.33, Lmax=-87.55
15:20:31 [ultranest] [DEBUG] iteration=1992, ncalls=7061, regioncalls=267040, ndraw=40, logz=-296.55, remainder_fraction=100.0000%, Lmin=-286.56, Lmax=-87.55
15:20:31 [ultranest] [DEBUG] iteration=2000, ncalls=7097, regioncalls=268480, ndraw=40, logz=-294.24, remainder_fraction=100.0000%, Lmin=-283.73, Lmax=-87.55
15:20:31 [ultranest] [DEBUG] iteration=2013, ncalls=7144, regioncalls=270360, ndraw=40, logz=-289.36, remainder_fraction=100.0000%, Lmin=-278.49, Lmax=-87.55
15:20:31 [ultranest] [DEBUG] iteration=2019, ncalls=7199, regioncalls=272560, ndraw=40, logz=-287.69, remainder_fraction=100.0000%, Lmin=-277.61, Lmax=-87.55
15:20:31 [ultranest] [DEBUG] iteration=2033, ncalls=7263, regioncalls=275120, ndraw=40, logz=-283.08, remainder_fraction=100.0000%, Lmin=-272.17, Lmax=-87.55
15:20:31 [ultranest] [DEBUG] iteration=2040, ncalls=7304, regioncalls=276760, ndraw=40, logz=-281.16, remainder_fraction=100.0000%, Lmin=-270.96, Lmax=-87.55
15:20:32 [ultranest] [DEBUG] iteration=2050, ncalls=7359, regioncalls=278960, ndraw=40, logz=-278.27, remainder_fraction=100.0000%, Lmin=-267.54, Lmax=-87.55
15:20:32 [ultranest] [DEBUG] iteration=2059, ncalls=7417, regioncalls=281280, ndraw=40, logz=-275.76, remainder_fraction=100.0000%, Lmin=-265.66, Lmax=-87.55
15:20:32 [ultranest] [DEBUG] iteration=2065, ncalls=7444, regioncalls=282400, ndraw=40, logz=-274.49, remainder_fraction=100.0000%, Lmin=-264.23, Lmax=-87.55
15:20:32 [ultranest] [DEBUG] iteration=2073, ncalls=7493, regioncalls=284400, ndraw=40, logz=-272.68, remainder_fraction=100.0000%, Lmin=-262.57, Lmax=-87.55
15:20:32 [ultranest] [DEBUG] iteration=2080, ncalls=7533, regioncalls=286000, ndraw=40, logz=-271.21, remainder_fraction=100.0000%, Lmin=-260.77, Lmax=-87.55
15:20:32 [ultranest] [DEBUG] iteration=2087, ncalls=7585, regioncalls=288080, ndraw=40, logz=-269.80, remainder_fraction=100.0000%, Lmin=-259.84, Lmax=-87.55
15:20:32 [ultranest] [DEBUG] iteration=2100, ncalls=7636, regioncalls=290120, ndraw=40, logz=-265.78, remainder_fraction=100.0000%, Lmin=-255.41, Lmax=-87.55
15:20:32 [ultranest] [DEBUG] iteration=2109, ncalls=7685, regioncalls=292080, ndraw=40, logz=-264.18, remainder_fraction=100.0000%, Lmin=-254.08, Lmax=-87.55
15:20:32 [ultranest] [DEBUG] iteration=2118, ncalls=7734, regioncalls=294040, ndraw=40, logz=-262.32, remainder_fraction=100.0000%, Lmin=-251.82, Lmax=-87.55
15:20:32 [ultranest] [DEBUG] iteration=2120, ncalls=7737, regioncalls=294160, ndraw=40, logz=-261.85, remainder_fraction=100.0000%, Lmin=-251.34, Lmax=-87.55
15:20:33 [ultranest] [DEBUG] iteration=2128, ncalls=7790, regioncalls=296280, ndraw=40, logz=-259.58, remainder_fraction=100.0000%, Lmin=-248.67, Lmax=-87.55
15:20:33 [ultranest] [DEBUG] iteration=2136, ncalls=7846, regioncalls=298520, ndraw=40, logz=-255.47, remainder_fraction=100.0000%, Lmin=-243.84, Lmax=-87.55
15:20:33 [ultranest] [DEBUG] iteration=2144, ncalls=7900, regioncalls=300680, ndraw=40, logz=-252.79, remainder_fraction=100.0000%, Lmin=-242.51, Lmax=-87.55
15:20:33 [ultranest] [DEBUG] iteration=2150, ncalls=7947, regioncalls=302560, ndraw=40, logz=-251.46, remainder_fraction=100.0000%, Lmin=-241.20, Lmax=-87.55
15:20:33 [ultranest] [DEBUG] iteration=2160, ncalls=7993, regioncalls=304400, ndraw=40, logz=-249.97, remainder_fraction=100.0000%, Lmin=-239.60, Lmax=-87.55
15:20:33 [ultranest] [DEBUG] iteration=2168, ncalls=8053, regioncalls=306800, ndraw=40, logz=-248.34, remainder_fraction=100.0000%, Lmin=-238.08, Lmax=-87.55
15:20:33 [ultranest] [DEBUG] iteration=2179, ncalls=8110, regioncalls=309120, ndraw=40, logz=-245.96, remainder_fraction=100.0000%, Lmin=-235.63, Lmax=-87.55
15:20:33 [ultranest] [DEBUG] iteration=2189, ncalls=8159, regioncalls=311080, ndraw=40, logz=-243.50, remainder_fraction=100.0000%, Lmin=-233.00, Lmax=-87.55
15:20:33 [ultranest] [DEBUG] iteration=2197, ncalls=8216, regioncalls=313360, ndraw=40, logz=-241.51, remainder_fraction=100.0000%, Lmin=-230.74, Lmax=-87.55
15:20:33 [ultranest] [DEBUG] iteration=2200, ncalls=8245, regioncalls=314520, ndraw=40, logz=-240.81, remainder_fraction=100.0000%, Lmin=-230.33, Lmax=-87.55
15:20:34 [ultranest] [DEBUG] iteration=2215, ncalls=8299, regioncalls=316680, ndraw=40, logz=-237.47, remainder_fraction=100.0000%, Lmin=-226.98, Lmax=-87.55
15:20:34 [ultranest] [DEBUG] iteration=2225, ncalls=8340, regioncalls=318360, ndraw=40, logz=-235.05, remainder_fraction=100.0000%, Lmin=-224.42, Lmax=-87.55
15:20:34 [ultranest] [DEBUG] iteration=2235, ncalls=8387, regioncalls=320240, ndraw=40, logz=-233.21, remainder_fraction=100.0000%, Lmin=-223.01, Lmax=-87.55
15:20:34 [ultranest] [DEBUG] iteration=2240, ncalls=8429, regioncalls=321920, ndraw=40, logz=-232.44, remainder_fraction=100.0000%, Lmin=-221.61, Lmax=-87.55
15:20:34 [ultranest] [DEBUG] iteration=2246, ncalls=8486, regioncalls=324200, ndraw=40, logz=-231.07, remainder_fraction=100.0000%, Lmin=-220.43, Lmax=-87.55
15:20:34 [ultranest] [DEBUG] iteration=2259, ncalls=8546, regioncalls=326600, ndraw=40, logz=-229.28, remainder_fraction=100.0000%, Lmin=-218.58, Lmax=-87.55
15:20:34 [ultranest] [DEBUG] iteration=2268, ncalls=8608, regioncalls=329080, ndraw=40, logz=-227.31, remainder_fraction=100.0000%, Lmin=-216.89, Lmax=-87.55
15:20:34 [ultranest] [DEBUG] iteration=2280, ncalls=8657, regioncalls=331040, ndraw=40, logz=-224.56, remainder_fraction=100.0000%, Lmin=-213.95, Lmax=-87.55
15:20:34 [ultranest] [DEBUG] iteration=2294, ncalls=8708, regioncalls=333080, ndraw=40, logz=-222.13, remainder_fraction=100.0000%, Lmin=-211.69, Lmax=-87.55
15:20:35 [ultranest] [DEBUG] iteration=2306, ncalls=8754, regioncalls=334920, ndraw=40, logz=-220.56, remainder_fraction=100.0000%, Lmin=-210.17, Lmax=-87.55
15:20:35 [ultranest] [DEBUG] iteration=2314, ncalls=8797, regioncalls=336640, ndraw=40, logz=-219.42, remainder_fraction=100.0000%, Lmin=-209.14, Lmax=-87.55
15:20:35 [ultranest] [DEBUG] iteration=2320, ncalls=8839, regioncalls=338320, ndraw=40, logz=-218.73, remainder_fraction=100.0000%, Lmin=-208.13, Lmax=-87.55
15:20:35 [ultranest] [DEBUG] iteration=2325, ncalls=8894, regioncalls=340520, ndraw=40, logz=-218.07, remainder_fraction=100.0000%, Lmin=-207.52, Lmax=-87.55
15:20:35 [ultranest] [DEBUG] iteration=2332, ncalls=8951, regioncalls=342800, ndraw=40, logz=-217.18, remainder_fraction=100.0000%, Lmin=-207.06, Lmax=-87.55
15:20:35 [ultranest] [DEBUG] iteration=2340, ncalls=9004, regioncalls=344920, ndraw=40, logz=-216.24, remainder_fraction=100.0000%, Lmin=-205.81, Lmax=-87.55
15:20:35 [ultranest] [DEBUG] iteration=2349, ncalls=9054, regioncalls=346920, ndraw=40, logz=-215.13, remainder_fraction=100.0000%, Lmin=-204.91, Lmax=-87.55
15:20:35 [ultranest] [DEBUG] iteration=2356, ncalls=9106, regioncalls=349000, ndraw=40, logz=-214.35, remainder_fraction=100.0000%, Lmin=-204.02, Lmax=-87.55
15:20:35 [ultranest] [DEBUG] iteration=2360, ncalls=9146, regioncalls=350600, ndraw=40, logz=-213.92, remainder_fraction=100.0000%, Lmin=-203.72, Lmax=-87.55
15:20:35 [ultranest] [DEBUG] iteration=2371, ncalls=9206, regioncalls=353000, ndraw=40, logz=-212.66, remainder_fraction=100.0000%, Lmin=-202.59, Lmax=-87.55
15:20:36 [ultranest] [DEBUG] iteration=2379, ncalls=9259, regioncalls=355120, ndraw=40, logz=-211.68, remainder_fraction=100.0000%, Lmin=-201.16, Lmax=-87.55
15:20:36 [ultranest] [DEBUG] iteration=2387, ncalls=9302, regioncalls=356840, ndraw=40, logz=-210.77, remainder_fraction=100.0000%, Lmin=-200.51, Lmax=-87.55
15:20:36 [ultranest] [DEBUG] iteration=2394, ncalls=9350, regioncalls=358760, ndraw=40, logz=-210.15, remainder_fraction=100.0000%, Lmin=-199.85, Lmax=-87.55
15:20:36 [ultranest] [DEBUG] iteration=2399, ncalls=9402, regioncalls=360840, ndraw=40, logz=-209.67, remainder_fraction=100.0000%, Lmin=-199.53, Lmax=-87.55
15:20:36 [ultranest] [DEBUG] iteration=2400, ncalls=9403, regioncalls=360880, ndraw=40, logz=-209.58, remainder_fraction=100.0000%, Lmin=-199.24, Lmax=-87.55
15:20:36 [ultranest] [DEBUG] iteration=2411, ncalls=9456, regioncalls=363000, ndraw=40, logz=-208.56, remainder_fraction=100.0000%, Lmin=-198.23, Lmax=-87.55
15:20:36 [ultranest] [DEBUG] iteration=2420, ncalls=9505, regioncalls=364960, ndraw=40, logz=-207.68, remainder_fraction=100.0000%, Lmin=-197.33, Lmax=-87.55
15:20:36 [ultranest] [DEBUG] iteration=2428, ncalls=9558, regioncalls=367080, ndraw=40, logz=-206.94, remainder_fraction=100.0000%, Lmin=-196.63, Lmax=-87.55
15:20:36 [ultranest] [DEBUG] iteration=2438, ncalls=9618, regioncalls=369480, ndraw=40, logz=-206.14, remainder_fraction=100.0000%, Lmin=-196.05, Lmax=-87.55
15:20:36 [ultranest] [DEBUG] iteration=2440, ncalls=9623, regioncalls=369680, ndraw=40, logz=-206.00, remainder_fraction=100.0000%, Lmin=-195.99, Lmax=-87.55
15:20:36 [ultranest] [DEBUG] iteration=2451, ncalls=9678, regioncalls=371880, ndraw=40, logz=-205.28, remainder_fraction=100.0000%, Lmin=-195.26, Lmax=-87.55
15:20:37 [ultranest] [DEBUG] iteration=2458, ncalls=9735, regioncalls=374160, ndraw=40, logz=-204.80, remainder_fraction=100.0000%, Lmin=-194.43, Lmax=-87.55
15:20:37 [ultranest] [DEBUG] iteration=2462, ncalls=9797, regioncalls=376640, ndraw=40, logz=-204.46, remainder_fraction=100.0000%, Lmin=-194.35, Lmax=-87.55
15:20:37 [ultranest] [DEBUG] iteration=2471, ncalls=9848, regioncalls=378680, ndraw=40, logz=-203.62, remainder_fraction=100.0000%, Lmin=-193.19, Lmax=-87.55
15:20:37 [ultranest] [DEBUG] iteration=2479, ncalls=9897, regioncalls=380640, ndraw=40, logz=-202.85, remainder_fraction=100.0000%, Lmin=-192.57, Lmax=-87.55
15:20:37 [ultranest] [DEBUG] iteration=2480, ncalls=9903, regioncalls=380880, ndraw=40, logz=-202.77, remainder_fraction=100.0000%, Lmin=-192.34, Lmax=-87.55
15:20:37 [ultranest] [DEBUG] iteration=2486, ncalls=9958, regioncalls=383080, ndraw=40, logz=-202.08, remainder_fraction=100.0000%, Lmin=-191.26, Lmax=-87.55
15:20:37 [ultranest] [DEBUG] iteration=2494, ncalls=10008, regioncalls=385080, ndraw=40, logz=-200.85, remainder_fraction=100.0000%, Lmin=-189.36, Lmax=-87.55
15:20:37 [ultranest] [DEBUG] iteration=2503, ncalls=10060, regioncalls=387160, ndraw=40, logz=-199.25, remainder_fraction=100.0000%, Lmin=-188.42, Lmax=-87.55
15:20:37 [ultranest] [DEBUG] iteration=2517, ncalls=10109, regioncalls=389120, ndraw=40, logz=-196.96, remainder_fraction=100.0000%, Lmin=-185.93, Lmax=-87.55
15:20:37 [ultranest] [DEBUG] iteration=2520, ncalls=10140, regioncalls=390360, ndraw=40, logz=-196.56, remainder_fraction=100.0000%, Lmin=-185.81, Lmax=-87.55
15:20:38 [ultranest] [DEBUG] iteration=2528, ncalls=10192, regioncalls=392440, ndraw=40, logz=-195.65, remainder_fraction=100.0000%, Lmin=-184.47, Lmax=-87.55
15:20:38 [ultranest] [DEBUG] iteration=2540, ncalls=10247, regioncalls=394640, ndraw=40, logz=-194.14, remainder_fraction=100.0000%, Lmin=-183.42, Lmax=-85.92
15:20:38 [ultranest] [DEBUG] iteration=2545, ncalls=10286, regioncalls=396200, ndraw=40, logz=-193.60, remainder_fraction=100.0000%, Lmin=-182.99, Lmax=-85.92
15:20:38 [ultranest] [DEBUG] iteration=2555, ncalls=10333, regioncalls=398080, ndraw=40, logz=-192.60, remainder_fraction=100.0000%, Lmin=-181.71, Lmax=-85.92
15:20:38 [ultranest] [DEBUG] iteration=2560, ncalls=10346, regioncalls=398600, ndraw=40, logz=-192.02, remainder_fraction=100.0000%, Lmin=-181.20, Lmax=-85.92
15:20:38 [ultranest] [DEBUG] iteration=2568, ncalls=10423, regioncalls=401680, ndraw=40, logz=-191.11, remainder_fraction=100.0000%, Lmin=-180.11, Lmax=-85.92
15:20:38 [ultranest] [DEBUG] iteration=2576, ncalls=10481, regioncalls=404000, ndraw=40, logz=-189.95, remainder_fraction=100.0000%, Lmin=-178.71, Lmax=-85.92
15:20:38 [ultranest] [DEBUG] iteration=2584, ncalls=10534, regioncalls=406120, ndraw=40, logz=-188.95, remainder_fraction=100.0000%, Lmin=-177.62, Lmax=-85.92
15:20:38 [ultranest] [DEBUG] iteration=2591, ncalls=10590, regioncalls=408360, ndraw=40, logz=-187.92, remainder_fraction=100.0000%, Lmin=-176.81, Lmax=-85.92
15:20:38 [ultranest] [DEBUG] iteration=2600, ncalls=10625, regioncalls=409760, ndraw=40, logz=-187.03, remainder_fraction=100.0000%, Lmin=-176.47, Lmax=-85.92
15:20:39 [ultranest] [DEBUG] iteration=2609, ncalls=10675, regioncalls=411760, ndraw=40, logz=-186.03, remainder_fraction=100.0000%, Lmin=-175.02, Lmax=-85.92
15:20:39 [ultranest] [DEBUG] iteration=2617, ncalls=10727, regioncalls=413840, ndraw=40, logz=-185.11, remainder_fraction=100.0000%, Lmin=-174.22, Lmax=-85.92
15:20:39 [ultranest] [DEBUG] iteration=2624, ncalls=10786, regioncalls=416200, ndraw=40, logz=-184.18, remainder_fraction=100.0000%, Lmin=-173.03, Lmax=-85.92
15:20:39 [ultranest] [DEBUG] iteration=2625, ncalls=10789, regioncalls=416360, ndraw=40, logz=-184.06, remainder_fraction=100.0000%, Lmin=-173.02, Lmax=-85.92
15:20:39 [ultranest] [DEBUG] iteration=2633, ncalls=10836, regioncalls=418240, ndraw=40, logz=-183.00, remainder_fraction=100.0000%, Lmin=-171.92, Lmax=-85.92
15:20:39 [ultranest] [DEBUG] iteration=2640, ncalls=10908, regioncalls=421120, ndraw=40, logz=-182.24, remainder_fraction=100.0000%, Lmin=-171.29, Lmax=-85.92
15:20:39 [ultranest] [DEBUG] iteration=2644, ncalls=10928, regioncalls=421920, ndraw=40, logz=-181.73, remainder_fraction=100.0000%, Lmin=-170.52, Lmax=-85.92
15:20:39 [ultranest] [DEBUG] iteration=2646, ncalls=10934, regioncalls=422160, ndraw=40, logz=-181.49, remainder_fraction=100.0000%, Lmin=-170.23, Lmax=-85.92
15:20:40 [ultranest] [DEBUG] iteration=2649, ncalls=10942, regioncalls=422480, ndraw=40, logz=-181.08, remainder_fraction=100.0000%, Lmin=-169.64, Lmax=-85.92
15:20:40 [ultranest] [DEBUG] iteration=2651, ncalls=10949, regioncalls=422760, ndraw=40, logz=-180.78, remainder_fraction=100.0000%, Lmin=-169.49, Lmax=-85.92
15:20:40 [ultranest] [DEBUG] iteration=2653, ncalls=10970, regioncalls=423600, ndraw=40, logz=-180.53, remainder_fraction=100.0000%, Lmin=-169.47, Lmax=-85.92
15:20:40 [ultranest] [DEBUG] iteration=2655, ncalls=10981, regioncalls=424040, ndraw=40, logz=-180.33, remainder_fraction=100.0000%, Lmin=-169.27, Lmax=-85.92
15:20:40 [ultranest] [DEBUG] iteration=2657, ncalls=10988, regioncalls=424320, ndraw=40, logz=-180.10, remainder_fraction=100.0000%, Lmin=-168.63, Lmax=-85.92
15:20:40 [ultranest] [DEBUG] iteration=2660, ncalls=10995, regioncalls=424600, ndraw=40, logz=-179.64, remainder_fraction=100.0000%, Lmin=-167.89, Lmax=-85.92
15:20:41 [ultranest] [DEBUG] iteration=2662, ncalls=11001, regioncalls=424840, ndraw=40, logz=-179.28, remainder_fraction=100.0000%, Lmin=-167.59, Lmax=-85.92
15:20:41 [ultranest] [DEBUG] iteration=2664, ncalls=11012, regioncalls=425280, ndraw=40, logz=-178.93, remainder_fraction=100.0000%, Lmin=-167.41, Lmax=-85.92
15:20:41 [ultranest] [DEBUG] iteration=2665, ncalls=11019, regioncalls=425560, ndraw=40, logz=-178.77, remainder_fraction=100.0000%, Lmin=-167.35, Lmax=-85.92
15:20:41 [ultranest] [DEBUG] iteration=2666, ncalls=11026, regioncalls=425840, ndraw=40, logz=-178.63, remainder_fraction=100.0000%, Lmin=-167.19, Lmax=-85.92
15:20:41 [ultranest] [DEBUG] iteration=2669, ncalls=11034, regioncalls=426160, ndraw=40, logz=-178.22, remainder_fraction=100.0000%, Lmin=-166.94, Lmax=-85.92
15:20:41 [ultranest] [DEBUG] iteration=2670, ncalls=11046, regioncalls=426640, ndraw=40, logz=-178.10, remainder_fraction=100.0000%, Lmin=-166.93, Lmax=-85.92
15:20:42 [ultranest] [DEBUG] iteration=2671, ncalls=11062, regioncalls=427280, ndraw=40, logz=-177.98, remainder_fraction=100.0000%, Lmin=-166.51, Lmax=-85.92
15:20:42 [ultranest] [DEBUG] iteration=2675, ncalls=11068, regioncalls=427520, ndraw=40, logz=-177.42, remainder_fraction=100.0000%, Lmin=-165.91, Lmax=-85.92
15:20:42 [ultranest] [DEBUG] iteration=2677, ncalls=11074, regioncalls=427760, ndraw=40, logz=-177.10, remainder_fraction=100.0000%, Lmin=-165.51, Lmax=-85.92
15:20:42 [ultranest] [DEBUG] iteration=2679, ncalls=11081, regioncalls=428040, ndraw=40, logz=-176.76, remainder_fraction=100.0000%, Lmin=-165.19, Lmax=-85.92
15:20:42 [ultranest] [DEBUG] iteration=2680, ncalls=11082, regioncalls=428080, ndraw=40, logz=-176.60, remainder_fraction=100.0000%, Lmin=-165.11, Lmax=-85.92
15:20:42 [ultranest] [DEBUG] iteration=2682, ncalls=11089, regioncalls=428360, ndraw=40, logz=-176.32, remainder_fraction=100.0000%, Lmin=-165.04, Lmax=-85.92
15:20:42 [ultranest] [DEBUG] iteration=2684, ncalls=11101, regioncalls=428840, ndraw=40, logz=-176.08, remainder_fraction=100.0000%, Lmin=-164.68, Lmax=-85.92
15:20:42 [ultranest] [DEBUG] iteration=2685, ncalls=11107, regioncalls=429080, ndraw=40, logz=-175.95, remainder_fraction=100.0000%, Lmin=-164.48, Lmax=-85.92
15:20:43 [ultranest] [DEBUG] iteration=2687, ncalls=11124, regioncalls=429760, ndraw=40, logz=-175.64, remainder_fraction=100.0000%, Lmin=-164.06, Lmax=-85.92
15:20:43 [ultranest] [DEBUG] iteration=2688, ncalls=11132, regioncalls=430080, ndraw=40, logz=-175.48, remainder_fraction=100.0000%, Lmin=-163.65, Lmax=-85.92
15:20:43 [ultranest] [DEBUG] iteration=2690, ncalls=11144, regioncalls=430560, ndraw=40, logz=-175.08, remainder_fraction=100.0000%, Lmin=-163.30, Lmax=-85.92
15:20:43 [ultranest] [DEBUG] iteration=2691, ncalls=11152, regioncalls=430880, ndraw=40, logz=-174.89, remainder_fraction=100.0000%, Lmin=-163.28, Lmax=-85.92
15:20:43 [ultranest] [DEBUG] iteration=2693, ncalls=11170, regioncalls=431600, ndraw=40, logz=-174.58, remainder_fraction=100.0000%, Lmin=-163.05, Lmax=-85.92
15:20:44 [ultranest] [DEBUG] iteration=2695, ncalls=11179, regioncalls=431960, ndraw=40, logz=-174.28, remainder_fraction=100.0000%, Lmin=-162.79, Lmax=-85.92
15:20:44 [ultranest] [DEBUG] iteration=2697, ncalls=11186, regioncalls=432240, ndraw=40, logz=-173.91, remainder_fraction=100.0000%, Lmin=-162.09, Lmax=-85.92
15:20:44 [ultranest] [DEBUG] iteration=2698, ncalls=11195, regioncalls=432600, ndraw=40, logz=-173.72, remainder_fraction=100.0000%, Lmin=-161.92, Lmax=-85.92
15:20:44 [ultranest] [DEBUG] iteration=2699, ncalls=11204, regioncalls=432960, ndraw=40, logz=-173.53, remainder_fraction=100.0000%, Lmin=-161.91, Lmax=-85.92
15:20:44 [ultranest] [DEBUG] iteration=2701, ncalls=11216, regioncalls=433440, ndraw=40, logz=-173.24, remainder_fraction=100.0000%, Lmin=-161.88, Lmax=-85.92
15:20:44 [ultranest] [DEBUG] iteration=2703, ncalls=11227, regioncalls=433880, ndraw=40, logz=-173.00, remainder_fraction=100.0000%, Lmin=-161.83, Lmax=-85.92
15:20:45 [ultranest] [DEBUG] iteration=2705, ncalls=11233, regioncalls=434240, ndraw=40, logz=-172.81, remainder_fraction=100.0000%, Lmin=-161.32, Lmax=-85.92
15:20:45 [ultranest] [DEBUG] iteration=2707, ncalls=11245, regioncalls=434720, ndraw=40, logz=-172.53, remainder_fraction=100.0000%, Lmin=-161.06, Lmax=-85.92
15:20:45 [ultranest] [DEBUG] iteration=2709, ncalls=11253, regioncalls=435160, ndraw=40, logz=-172.27, remainder_fraction=100.0000%, Lmin=-160.88, Lmax=-85.92
15:20:45 [ultranest] [DEBUG] iteration=2713, ncalls=11272, regioncalls=435920, ndraw=40, logz=-171.73, remainder_fraction=100.0000%, Lmin=-160.29, Lmax=-85.92
15:20:45 [ultranest] [DEBUG] iteration=2720, ncalls=11287, regioncalls=436520, ndraw=40, logz=-170.81, remainder_fraction=100.0000%, Lmin=-159.35, Lmax=-85.92
15:20:45 [ultranest] [DEBUG] iteration=2737, ncalls=11335, regioncalls=438440, ndraw=40, logz=-168.12, remainder_fraction=100.0000%, Lmin=-156.14, Lmax=-85.92
15:20:45 [ultranest] [DEBUG] iteration=2751, ncalls=11381, regioncalls=440280, ndraw=40, logz=-165.88, remainder_fraction=100.0000%, Lmin=-154.13, Lmax=-85.92
15:20:45 [ultranest] [DEBUG] iteration=2760, ncalls=11403, regioncalls=441160, ndraw=40, logz=-164.66, remainder_fraction=100.0000%, Lmin=-153.24, Lmax=-85.92
15:20:46 [ultranest] [DEBUG] iteration=2775, ncalls=11452, regioncalls=443120, ndraw=40, logz=-162.79, remainder_fraction=100.0000%, Lmin=-151.36, Lmax=-85.92
15:20:46 [ultranest] [DEBUG] iteration=2785, ncalls=11481, regioncalls=444360, ndraw=40, logz=-161.68, remainder_fraction=100.0000%, Lmin=-150.31, Lmax=-85.92
15:20:46 [ultranest] [DEBUG] iteration=2800, ncalls=11508, regioncalls=445440, ndraw=40, logz=-159.80, remainder_fraction=100.0000%, Lmin=-148.07, Lmax=-85.92
15:20:46 [ultranest] [DEBUG] iteration=2814, ncalls=11552, regioncalls=447200, ndraw=40, logz=-157.98, remainder_fraction=100.0000%, Lmin=-146.53, Lmax=-85.92
15:20:46 [ultranest] [DEBUG] iteration=2833, ncalls=11595, regioncalls=448920, ndraw=40, logz=-155.66, remainder_fraction=100.0000%, Lmin=-144.16, Lmax=-85.92
15:20:46 [ultranest] [DEBUG] iteration=2840, ncalls=11618, regioncalls=449840, ndraw=40, logz=-154.89, remainder_fraction=100.0000%, Lmin=-143.21, Lmax=-85.92
15:20:46 [ultranest] [DEBUG] iteration=2859, ncalls=11661, regioncalls=451560, ndraw=40, logz=-152.39, remainder_fraction=100.0000%, Lmin=-140.25, Lmax=-85.92
15:20:46 [ultranest] [DEBUG] iteration=2865, ncalls=11675, regioncalls=452160, ndraw=40, logz=-151.49, remainder_fraction=100.0000%, Lmin=-139.80, Lmax=-85.92
15:20:46 [ultranest] [DEBUG] iteration=2880, ncalls=11710, regioncalls=453560, ndraw=40, logz=-150.26, remainder_fraction=100.0000%, Lmin=-139.01, Lmax=-85.92
15:20:46 [ultranest] [DEBUG] iteration=2898, ncalls=11752, regioncalls=455240, ndraw=40, logz=-149.01, remainder_fraction=100.0000%, Lmin=-137.66, Lmax=-85.92
15:20:46 [ultranest] [DEBUG] iteration=2916, ncalls=11798, regioncalls=457080, ndraw=40, logz=-147.24, remainder_fraction=100.0000%, Lmin=-135.31, Lmax=-85.92
15:20:46 [ultranest] [DEBUG] iteration=2920, ncalls=11803, regioncalls=457280, ndraw=40, logz=-146.74, remainder_fraction=100.0000%, Lmin=-134.89, Lmax=-85.92
15:20:47 [ultranest] [DEBUG] iteration=2937, ncalls=11847, regioncalls=459040, ndraw=40, logz=-145.23, remainder_fraction=100.0000%, Lmin=-133.76, Lmax=-85.92
15:20:47 [ultranest] [DEBUG] iteration=2945, ncalls=11862, regioncalls=459680, ndraw=40, logz=-144.60, remainder_fraction=100.0000%, Lmin=-132.92, Lmax=-85.92
15:20:47 [ultranest] [DEBUG] iteration=2960, ncalls=11898, regioncalls=461280, ndraw=40, logz=-143.42, remainder_fraction=100.0000%, Lmin=-131.83, Lmax=-85.92
15:20:47 [ultranest] [DEBUG] iteration=2976, ncalls=11941, regioncalls=463000, ndraw=40, logz=-142.00, remainder_fraction=100.0000%, Lmin=-130.27, Lmax=-85.92
15:20:47 [ultranest] [DEBUG] iteration=2997, ncalls=11983, regioncalls=464680, ndraw=40, logz=-140.20, remainder_fraction=100.0000%, Lmin=-128.39, Lmax=-85.92
15:20:47 [ultranest] [DEBUG] iteration=3000, ncalls=11988, regioncalls=464880, ndraw=40, logz=-139.94, remainder_fraction=100.0000%, Lmin=-128.15, Lmax=-85.92
15:20:47 [ultranest] [DEBUG] iteration=3019, ncalls=12031, regioncalls=466600, ndraw=40, logz=-137.96, remainder_fraction=100.0000%, Lmin=-125.94, Lmax=-85.92
15:20:47 [ultranest] [DEBUG] iteration=3036, ncalls=12067, regioncalls=468040, ndraw=40, logz=-136.51, remainder_fraction=100.0000%, Lmin=-124.78, Lmax=-85.92
15:20:47 [ultranest] [DEBUG] iteration=3040, ncalls=12076, regioncalls=468400, ndraw=40, logz=-136.22, remainder_fraction=100.0000%, Lmin=-124.40, Lmax=-85.92
15:20:47 [ultranest] [DEBUG] iteration=3060, ncalls=12118, regioncalls=470080, ndraw=40, logz=-134.99, remainder_fraction=100.0000%, Lmin=-123.38, Lmax=-85.92
15:20:47 [ultranest] [DEBUG] iteration=3077, ncalls=12163, regioncalls=471880, ndraw=40, logz=-134.04, remainder_fraction=100.0000%, Lmin=-122.51, Lmax=-85.92
15:20:47 [ultranest] [DEBUG] iteration=3080, ncalls=12175, regioncalls=472360, ndraw=40, logz=-133.88, remainder_fraction=100.0000%, Lmin=-122.14, Lmax=-85.92
15:20:47 [ultranest] [DEBUG] iteration=3097, ncalls=12220, regioncalls=474160, ndraw=40, logz=-132.82, remainder_fraction=100.0000%, Lmin=-121.14, Lmax=-85.92
15:20:48 [ultranest] [DEBUG] iteration=3105, ncalls=12240, regioncalls=475000, ndraw=40, logz=-132.35, remainder_fraction=100.0000%, Lmin=-120.62, Lmax=-85.92
15:20:48 [ultranest] [DEBUG] iteration=3119, ncalls=12278, regioncalls=476520, ndraw=40, logz=-131.44, remainder_fraction=100.0000%, Lmin=-119.36, Lmax=-85.92
15:20:48 [ultranest] [DEBUG] iteration=3120, ncalls=12282, regioncalls=476680, ndraw=40, logz=-131.36, remainder_fraction=100.0000%, Lmin=-119.25, Lmax=-85.92
15:20:48 [ultranest] [DEBUG] iteration=3143, ncalls=12322, regioncalls=478320, ndraw=40, logz=-129.56, remainder_fraction=100.0000%, Lmin=-117.61, Lmax=-85.92
15:20:48 [ultranest] [DEBUG] iteration=3160, ncalls=12353, regioncalls=479560, ndraw=40, logz=-128.46, remainder_fraction=100.0000%, Lmin=-116.62, Lmax=-85.92
15:20:48 [ultranest] [DEBUG] iteration=3178, ncalls=12397, regioncalls=481320, ndraw=40, logz=-127.49, remainder_fraction=100.0000%, Lmin=-115.39, Lmax=-85.92
15:20:48 [ultranest] [DEBUG] iteration=3185, ncalls=12414, regioncalls=482080, ndraw=40, logz=-126.95, remainder_fraction=100.0000%, Lmin=-114.72, Lmax=-85.92
15:20:48 [ultranest] [DEBUG] iteration=3200, ncalls=12442, regioncalls=483200, ndraw=40, logz=-125.88, remainder_fraction=100.0000%, Lmin=-113.83, Lmax=-85.92
15:20:48 [ultranest] [DEBUG] iteration=3224, ncalls=12479, regioncalls=484680, ndraw=40, logz=-124.60, remainder_fraction=100.0000%, Lmin=-112.73, Lmax=-85.92
15:20:48 [ultranest] [DEBUG] iteration=3240, ncalls=12511, regioncalls=485960, ndraw=40, logz=-123.84, remainder_fraction=100.0000%, Lmin=-112.04, Lmax=-85.92
15:20:48 [ultranest] [DEBUG] iteration=3259, ncalls=12557, regioncalls=487800, ndraw=40, logz=-123.01, remainder_fraction=100.0000%, Lmin=-111.38, Lmax=-85.92
15:20:48 [ultranest] [DEBUG] iteration=3275, ncalls=12593, regioncalls=489240, ndraw=40, logz=-122.39, remainder_fraction=100.0000%, Lmin=-110.47, Lmax=-85.92
15:20:48 [ultranest] [DEBUG] iteration=3280, ncalls=12601, regioncalls=489560, ndraw=40, logz=-122.17, remainder_fraction=100.0000%, Lmin=-110.31, Lmax=-85.92
15:20:49 [ultranest] [DEBUG] iteration=3297, ncalls=12645, regioncalls=491320, ndraw=40, logz=-121.46, remainder_fraction=100.0000%, Lmin=-109.54, Lmax=-85.92
15:20:49 [ultranest] [DEBUG] iteration=3316, ncalls=12686, regioncalls=492960, ndraw=40, logz=-120.67, remainder_fraction=100.0000%, Lmin=-108.67, Lmax=-85.92
15:20:49 [ultranest] [DEBUG] iteration=3320, ncalls=12692, regioncalls=493200, ndraw=40, logz=-120.51, remainder_fraction=100.0000%, Lmin=-108.62, Lmax=-85.92
15:20:49 [ultranest] [DEBUG] iteration=3337, ncalls=12737, regioncalls=495000, ndraw=40, logz=-119.76, remainder_fraction=100.0000%, Lmin=-107.48, Lmax=-85.92
15:20:49 [ultranest] [DEBUG] iteration=3345, ncalls=12770, regioncalls=496440, ndraw=40, logz=-119.36, remainder_fraction=100.0000%, Lmin=-107.22, Lmax=-85.92
15:20:49 [ultranest] [DEBUG] iteration=3357, ncalls=12814, regioncalls=498200, ndraw=40, logz=-118.82, remainder_fraction=100.0000%, Lmin=-106.84, Lmax=-85.92
15:20:49 [ultranest] [DEBUG] iteration=3360, ncalls=12817, regioncalls=498320, ndraw=40, logz=-118.71, remainder_fraction=100.0000%, Lmin=-106.70, Lmax=-85.92
15:20:49 [ultranest] [DEBUG] iteration=3377, ncalls=12853, regioncalls=499760, ndraw=40, logz=-118.12, remainder_fraction=100.0000%, Lmin=-106.17, Lmax=-85.92
15:20:49 [ultranest] [DEBUG] iteration=3394, ncalls=12897, regioncalls=501520, ndraw=40, logz=-117.53, remainder_fraction=100.0000%, Lmin=-105.54, Lmax=-85.92
15:20:49 [ultranest] [DEBUG] iteration=3400, ncalls=12913, regioncalls=502160, ndraw=40, logz=-117.31, remainder_fraction=100.0000%, Lmin=-105.29, Lmax=-85.92
15:20:49 [ultranest] [DEBUG] iteration=3420, ncalls=12955, regioncalls=503840, ndraw=40, logz=-116.62, remainder_fraction=100.0000%, Lmin=-104.54, Lmax=-85.92
15:20:49 [ultranest] [DEBUG] iteration=3425, ncalls=12964, regioncalls=504240, ndraw=40, logz=-116.43, remainder_fraction=100.0000%, Lmin=-104.32, Lmax=-85.92
15:20:49 [ultranest] [DEBUG] iteration=3440, ncalls=12997, regioncalls=505640, ndraw=40, logz=-115.89, remainder_fraction=100.0000%, Lmin=-103.64, Lmax=-85.92
15:20:50 [ultranest] [DEBUG] iteration=3462, ncalls=13035, regioncalls=507160, ndraw=40, logz=-115.00, remainder_fraction=100.0000%, Lmin=-102.72, Lmax=-85.53
15:20:50 [ultranest] [DEBUG] iteration=3480, ncalls=13068, regioncalls=508480, ndraw=40, logz=-114.36, remainder_fraction=100.0000%, Lmin=-102.16, Lmax=-85.53
15:20:50 [ultranest] [DEBUG] iteration=3500, ncalls=13112, regioncalls=510240, ndraw=40, logz=-113.74, remainder_fraction=100.0000%, Lmin=-101.65, Lmax=-85.53
15:20:50 [ultranest] [DEBUG] iteration=3505, ncalls=13121, regioncalls=510640, ndraw=40, logz=-113.60, remainder_fraction=100.0000%, Lmin=-101.37, Lmax=-85.53
15:20:50 [ultranest] [DEBUG] iteration=3520, ncalls=13155, regioncalls=512000, ndraw=40, logz=-113.15, remainder_fraction=99.9999%, Lmin=-100.78, Lmax=-85.51
15:20:50 [ultranest] [DEBUG] iteration=3536, ncalls=13197, regioncalls=513680, ndraw=40, logz=-112.63, remainder_fraction=99.9999%, Lmin=-100.41, Lmax=-85.51
15:20:50 [ultranest] [DEBUG] iteration=3556, ncalls=13238, regioncalls=515320, ndraw=40, logz=-112.09, remainder_fraction=99.9998%, Lmin=-99.76, Lmax=-85.51
15:20:50 [ultranest] [DEBUG] iteration=3560, ncalls=13246, regioncalls=515640, ndraw=40, logz=-111.97, remainder_fraction=99.9998%, Lmin=-99.69, Lmax=-85.51
15:20:50 [ultranest] [DEBUG] iteration=3577, ncalls=13297, regioncalls=517680, ndraw=40, logz=-111.47, remainder_fraction=99.9996%, Lmin=-99.18, Lmax=-85.51
15:20:50 [ultranest] [DEBUG] iteration=3585, ncalls=13319, regioncalls=518640, ndraw=40, logz=-111.25, remainder_fraction=99.9995%, Lmin=-99.02, Lmax=-85.51
15:20:50 [ultranest] [DEBUG] iteration=3600, ncalls=13347, regioncalls=519760, ndraw=40, logz=-110.88, remainder_fraction=99.9993%, Lmin=-98.68, Lmax=-85.51
15:20:50 [ultranest] [DEBUG] iteration=3619, ncalls=13386, regioncalls=521360, ndraw=40, logz=-110.42, remainder_fraction=99.9989%, Lmin=-98.13, Lmax=-85.51
15:20:51 [ultranest] [DEBUG] iteration=3640, ncalls=13417, regioncalls=522600, ndraw=40, logz=-109.92, remainder_fraction=99.9981%, Lmin=-97.67, Lmax=-85.51
15:20:51 [ultranest] [DEBUG] iteration=3659, ncalls=13459, regioncalls=524280, ndraw=40, logz=-109.50, remainder_fraction=99.9970%, Lmin=-97.28, Lmax=-85.51
15:20:51 [ultranest] [DEBUG] iteration=3665, ncalls=13466, regioncalls=524600, ndraw=40, logz=-109.38, remainder_fraction=99.9966%, Lmin=-97.11, Lmax=-85.51
15:20:51 [ultranest] [DEBUG] iteration=3680, ncalls=13493, regioncalls=525720, ndraw=40, logz=-109.07, remainder_fraction=99.9954%, Lmin=-96.84, Lmax=-85.51
15:20:51 [ultranest] [DEBUG] iteration=3698, ncalls=13533, regioncalls=527320, ndraw=40, logz=-108.73, remainder_fraction=99.9941%, Lmin=-96.48, Lmax=-85.51
15:20:51 [ultranest] [DEBUG] iteration=3716, ncalls=13576, regioncalls=529040, ndraw=40, logz=-108.37, remainder_fraction=99.9921%, Lmin=-96.06, Lmax=-85.51
15:20:51 [ultranest] [DEBUG] iteration=3720, ncalls=13582, regioncalls=529280, ndraw=40, logz=-108.30, remainder_fraction=99.9914%, Lmin=-95.98, Lmax=-85.51
15:20:51 [ultranest] [DEBUG] iteration=3739, ncalls=13625, regioncalls=531000, ndraw=40, logz=-107.93, remainder_fraction=99.9878%, Lmin=-95.50, Lmax=-85.51
15:20:51 [ultranest] [DEBUG] iteration=3745, ncalls=13635, regioncalls=531520, ndraw=40, logz=-107.82, remainder_fraction=99.9862%, Lmin=-95.44, Lmax=-85.51
15:20:51 [ultranest] [DEBUG] iteration=3760, ncalls=13667, regioncalls=532800, ndraw=40, logz=-107.53, remainder_fraction=99.9811%, Lmin=-95.13, Lmax=-85.51
15:20:51 [ultranest] [DEBUG] iteration=3778, ncalls=13709, regioncalls=534480, ndraw=40, logz=-107.18, remainder_fraction=99.9734%, Lmin=-94.73, Lmax=-85.51
15:20:51 [ultranest] [DEBUG] iteration=3798, ncalls=13754, regioncalls=536280, ndraw=40, logz=-106.82, remainder_fraction=99.9622%, Lmin=-94.34, Lmax=-85.51
15:20:51 [ultranest] [DEBUG] iteration=3800, ncalls=13756, regioncalls=536360, ndraw=40, logz=-106.78, remainder_fraction=99.9615%, Lmin=-94.34, Lmax=-85.51
15:20:51 [ultranest] [DEBUG] iteration=3818, ncalls=13802, regioncalls=538200, ndraw=40, logz=-106.49, remainder_fraction=99.9502%, Lmin=-94.16, Lmax=-85.51
15:20:52 [ultranest] [DEBUG] iteration=3825, ncalls=13818, regioncalls=538880, ndraw=40, logz=-106.39, remainder_fraction=99.9440%, Lmin=-94.03, Lmax=-85.51
15:20:52 [ultranest] [DEBUG] iteration=3840, ncalls=13840, regioncalls=539760, ndraw=40, logz=-106.17, remainder_fraction=99.9290%, Lmin=-93.78, Lmax=-85.51
15:20:52 [ultranest] [DEBUG] iteration=3863, ncalls=13877, regioncalls=541240, ndraw=40, logz=-105.84, remainder_fraction=99.8968%, Lmin=-93.40, Lmax=-85.51
15:20:52 [ultranest] [DEBUG] iteration=3880, ncalls=13905, regioncalls=542360, ndraw=40, logz=-105.61, remainder_fraction=99.8833%, Lmin=-93.19, Lmax=-85.33
15:20:52 [ultranest] [DEBUG] iteration=3902, ncalls=13950, regioncalls=544160, ndraw=40, logz=-105.32, remainder_fraction=99.8436%, Lmin=-92.93, Lmax=-85.33
15:20:52 [ultranest] [DEBUG] iteration=3905, ncalls=13955, regioncalls=544440, ndraw=40, logz=-105.29, remainder_fraction=99.8379%, Lmin=-92.83, Lmax=-85.33
15:20:52 [ultranest] [DEBUG] iteration=3920, ncalls=13985, regioncalls=545680, ndraw=40, logz=-105.10, remainder_fraction=99.8115%, Lmin=-92.69, Lmax=-85.33
15:20:52 [ultranest] [DEBUG] iteration=3943, ncalls=14023, regioncalls=547200, ndraw=40, logz=-104.83, remainder_fraction=99.7484%, Lmin=-92.41, Lmax=-85.33
15:20:52 [ultranest] [DEBUG] iteration=3960, ncalls=14050, regioncalls=548280, ndraw=40, logz=-104.64, remainder_fraction=99.6988%, Lmin=-92.18, Lmax=-85.33
15:20:52 [ultranest] [DEBUG] iteration=3982, ncalls=14090, regioncalls=549880, ndraw=40, logz=-104.40, remainder_fraction=99.6157%, Lmin=-91.93, Lmax=-85.33
15:20:52 [ultranest] [DEBUG] iteration=3985, ncalls=14093, regioncalls=550040, ndraw=40, logz=-104.36, remainder_fraction=99.6018%, Lmin=-91.92, Lmax=-85.33
15:20:52 [ultranest] [DEBUG] iteration=4000, ncalls=14119, regioncalls=551120, ndraw=40, logz=-104.21, remainder_fraction=99.5365%, Lmin=-91.73, Lmax=-85.33
15:20:52 [ultranest] [DEBUG] iteration=4019, ncalls=14158, regioncalls=552680, ndraw=40, logz=-104.02, remainder_fraction=99.4185%, Lmin=-91.43, Lmax=-85.33
15:20:53 [ultranest] [DEBUG] iteration=4040, ncalls=14191, regioncalls=554000, ndraw=40, logz=-103.80, remainder_fraction=99.2861%, Lmin=-91.27, Lmax=-85.33
15:20:53 [ultranest] [DEBUG] iteration=4063, ncalls=14231, regioncalls=555600, ndraw=40, logz=-103.58, remainder_fraction=99.1103%, Lmin=-91.02, Lmax=-85.33
15:20:53 [ultranest] [DEBUG] iteration=4079, ncalls=14263, regioncalls=556880, ndraw=40, logz=-103.43, remainder_fraction=98.9911%, Lmin=-90.84, Lmax=-85.33
15:20:53 [ultranest] [DEBUG] iteration=4080, ncalls=14264, regioncalls=556920, ndraw=40, logz=-103.42, remainder_fraction=98.9792%, Lmin=-90.82, Lmax=-85.33
15:20:53 [ultranest] [DEBUG] iteration=4100, ncalls=14304, regioncalls=558520, ndraw=40, logz=-103.24, remainder_fraction=98.8098%, Lmin=-90.58, Lmax=-85.22
15:20:53 [ultranest] [DEBUG] iteration=4120, ncalls=14344, regioncalls=560120, ndraw=40, logz=-103.06, remainder_fraction=98.5390%, Lmin=-90.40, Lmax=-85.22
15:20:53 [ultranest] [DEBUG] iteration=4139, ncalls=14385, regioncalls=561760, ndraw=40, logz=-102.89, remainder_fraction=98.2502%, Lmin=-90.17, Lmax=-85.22
15:20:53 [ultranest] [DEBUG] iteration=4145, ncalls=14395, regioncalls=562200, ndraw=40, logz=-102.84, remainder_fraction=98.1378%, Lmin=-90.07, Lmax=-85.22
15:20:53 [ultranest] [DEBUG] iteration=4160, ncalls=14423, regioncalls=563320, ndraw=40, logz=-102.71, remainder_fraction=97.9510%, Lmin=-89.93, Lmax=-85.22
15:20:53 [ultranest] [DEBUG] iteration=4185, ncalls=14458, regioncalls=564720, ndraw=40, logz=-102.49, remainder_fraction=97.4777%, Lmin=-89.69, Lmax=-85.22
15:20:53 [ultranest] [DEBUG] iteration=4200, ncalls=14482, regioncalls=565680, ndraw=40, logz=-102.37, remainder_fraction=97.1560%, Lmin=-89.52, Lmax=-85.22
15:20:53 [ultranest] [DEBUG] iteration=4221, ncalls=14522, regioncalls=567280, ndraw=40, logz=-102.20, remainder_fraction=96.5953%, Lmin=-89.39, Lmax=-85.22
15:20:53 [ultranest] [DEBUG] iteration=4225, ncalls=14527, regioncalls=567560, ndraw=40, logz=-102.17, remainder_fraction=96.4694%, Lmin=-89.35, Lmax=-85.22
15:20:54 [ultranest] [DEBUG] iteration=4240, ncalls=14554, regioncalls=568640, ndraw=40, logz=-102.05, remainder_fraction=96.0677%, Lmin=-89.22, Lmax=-85.22
15:20:54 [ultranest] [DEBUG] iteration=4262, ncalls=14590, regioncalls=570160, ndraw=40, logz=-101.89, remainder_fraction=95.4774%, Lmin=-89.03, Lmax=-85.22
15:20:54 [ultranest] [DEBUG] iteration=4280, ncalls=14614, regioncalls=571120, ndraw=40, logz=-101.76, remainder_fraction=94.7997%, Lmin=-88.90, Lmax=-85.22
15:20:54 [ultranest] [DEBUG] iteration=4298, ncalls=14657, regioncalls=572840, ndraw=40, logz=-101.64, remainder_fraction=94.1861%, Lmin=-88.70, Lmax=-85.22
15:20:54 [ultranest] [DEBUG] iteration=4305, ncalls=14667, regioncalls=573280, ndraw=40, logz=-101.59, remainder_fraction=93.9287%, Lmin=-88.64, Lmax=-85.20
15:20:54 [ultranest] [DEBUG] iteration=4320, ncalls=14688, regioncalls=574120, ndraw=40, logz=-101.48, remainder_fraction=93.2795%, Lmin=-88.52, Lmax=-85.20
15:20:54 [ultranest] [DEBUG] iteration=4345, ncalls=14723, regioncalls=575520, ndraw=40, logz=-101.32, remainder_fraction=92.2507%, Lmin=-88.38, Lmax=-85.20
15:20:54 [ultranest] [DEBUG] iteration=4360, ncalls=14749, regioncalls=576560, ndraw=40, logz=-101.23, remainder_fraction=91.4031%, Lmin=-88.30, Lmax=-85.20
15:20:54 [ultranest] [DEBUG] iteration=4384, ncalls=14787, regioncalls=578080, ndraw=40, logz=-101.09, remainder_fraction=90.0393%, Lmin=-88.15, Lmax=-85.20
15:20:54 [ultranest] [DEBUG] iteration=4400, ncalls=14809, regioncalls=578960, ndraw=40, logz=-101.01, remainder_fraction=89.1878%, Lmin=-88.07, Lmax=-85.20
15:20:54 [ultranest] [DEBUG] iteration=4419, ncalls=14849, regioncalls=580560, ndraw=40, logz=-100.91, remainder_fraction=88.1890%, Lmin=-87.95, Lmax=-85.20
15:20:54 [ultranest] [DEBUG] iteration=4440, ncalls=14885, regioncalls=582000, ndraw=40, logz=-100.80, remainder_fraction=86.7442%, Lmin=-87.87, Lmax=-85.20
15:20:55 [ultranest] [DEBUG] iteration=4459, ncalls=14928, regioncalls=583720, ndraw=40, logz=-100.72, remainder_fraction=85.6947%, Lmin=-87.76, Lmax=-85.20
15:20:55 [ultranest] [DEBUG] iteration=4477, ncalls=14962, regioncalls=585080, ndraw=40, logz=-100.64, remainder_fraction=84.6819%, Lmin=-87.68, Lmax=-85.20
15:20:55 [ultranest] [DEBUG] iteration=4480, ncalls=14968, regioncalls=585320, ndraw=40, logz=-100.62, remainder_fraction=84.4471%, Lmin=-87.67, Lmax=-85.20
15:20:55 [ultranest] [DEBUG] iteration=4500, ncalls=15005, regioncalls=586800, ndraw=40, logz=-100.54, remainder_fraction=83.0558%, Lmin=-87.57, Lmax=-85.17
15:20:55 [ultranest] [DEBUG] iteration=4520, ncalls=15046, regioncalls=588440, ndraw=40, logz=-100.46, remainder_fraction=81.6418%, Lmin=-87.48, Lmax=-85.17
15:20:55 [ultranest] [DEBUG] iteration=4534, ncalls=15091, regioncalls=590240, ndraw=40, logz=-100.40, remainder_fraction=80.6948%, Lmin=-87.39, Lmax=-85.17
15:20:55 [ultranest] [DEBUG] iteration=4545, ncalls=15110, regioncalls=591080, ndraw=40, logz=-100.36, remainder_fraction=79.7546%, Lmin=-87.34, Lmax=-85.17
15:20:55 [ultranest] [DEBUG] iteration=4560, ncalls=15131, regioncalls=591920, ndraw=40, logz=-100.31, remainder_fraction=78.4965%, Lmin=-87.28, Lmax=-85.17
15:20:55 [ultranest] [DEBUG] iteration=4580, ncalls=15168, regioncalls=593400, ndraw=40, logz=-100.23, remainder_fraction=76.6925%, Lmin=-87.21, Lmax=-85.17
15:20:55 [ultranest] [DEBUG] iteration=4600, ncalls=15200, regioncalls=594680, ndraw=40, logz=-100.17, remainder_fraction=75.2099%, Lmin=-87.12, Lmax=-85.17
15:20:55 [ultranest] [DEBUG] iteration=4622, ncalls=15242, regioncalls=596360, ndraw=40, logz=-100.09, remainder_fraction=73.5050%, Lmin=-87.01, Lmax=-85.17
15:20:55 [ultranest] [DEBUG] iteration=4625, ncalls=15249, regioncalls=596680, ndraw=40, logz=-100.08, remainder_fraction=73.3089%, Lmin=-87.01, Lmax=-85.17
15:20:56 [ultranest] [DEBUG] iteration=4640, ncalls=15270, regioncalls=597520, ndraw=40, logz=-100.04, remainder_fraction=71.9759%, Lmin=-86.94, Lmax=-85.17
15:20:56 [ultranest] [DEBUG] iteration=4663, ncalls=15306, regioncalls=598960, ndraw=40, logz=-99.97, remainder_fraction=69.9940%, Lmin=-86.87, Lmax=-85.17
15:20:56 [ultranest] [DEBUG] iteration=4680, ncalls=15327, regioncalls=599800, ndraw=40, logz=-99.92, remainder_fraction=68.4427%, Lmin=-86.81, Lmax=-85.17
15:20:56 [ultranest] [DEBUG] iteration=4703, ncalls=15368, regioncalls=601440, ndraw=40, logz=-99.85, remainder_fraction=66.6381%, Lmin=-86.71, Lmax=-85.17
15:20:56 [ultranest] [DEBUG] iteration=4705, ncalls=15371, regioncalls=601640, ndraw=40, logz=-99.85, remainder_fraction=66.4492%, Lmin=-86.71, Lmax=-85.17
15:20:56 [ultranest] [DEBUG] iteration=4720, ncalls=15389, regioncalls=602360, ndraw=40, logz=-99.81, remainder_fraction=65.0444%, Lmin=-86.67, Lmax=-85.17
15:20:56 [ultranest] [DEBUG] iteration=4745, ncalls=15421, regioncalls=603640, ndraw=40, logz=-99.74, remainder_fraction=62.8368%, Lmin=-86.61, Lmax=-85.17
15:20:56 [ultranest] [DEBUG] iteration=4760, ncalls=15443, regioncalls=604520, ndraw=40, logz=-99.71, remainder_fraction=61.5785%, Lmin=-86.57, Lmax=-85.17
15:20:56 [ultranest] [DEBUG] iteration=4783, ncalls=15482, regioncalls=606080, ndraw=40, logz=-99.66, remainder_fraction=59.4751%, Lmin=-86.49, Lmax=-85.17
15:20:56 [ultranest] [DEBUG] iteration=4785, ncalls=15484, regioncalls=606200, ndraw=40, logz=-99.65, remainder_fraction=59.3724%, Lmin=-86.49, Lmax=-85.17
15:20:56 [ultranest] [DEBUG] iteration=4800, ncalls=15504, regioncalls=607000, ndraw=40, logz=-99.62, remainder_fraction=58.0302%, Lmin=-86.46, Lmax=-85.17
15:20:56 [ultranest] [DEBUG] iteration=4823, ncalls=15538, regioncalls=608480, ndraw=40, logz=-99.57, remainder_fraction=55.8406%, Lmin=-86.39, Lmax=-85.17
15:20:56 [ultranest] [DEBUG] iteration=4840, ncalls=15565, regioncalls=609560, ndraw=40, logz=-99.54, remainder_fraction=54.4746%, Lmin=-86.36, Lmax=-85.17
15:20:56 [ultranest] [DEBUG] iteration=4862, ncalls=15606, regioncalls=611200, ndraw=40, logz=-99.49, remainder_fraction=52.4515%, Lmin=-86.31, Lmax=-85.17
15:20:57 [ultranest] [DEBUG] iteration=4865, ncalls=15613, regioncalls=611520, ndraw=40, logz=-99.49, remainder_fraction=52.2055%, Lmin=-86.30, Lmax=-85.17
15:20:57 [ultranest] [DEBUG] iteration=4880, ncalls=15638, regioncalls=612560, ndraw=40, logz=-99.46, remainder_fraction=51.0563%, Lmin=-86.27, Lmax=-85.17
15:20:57 [ultranest] [DEBUG] iteration=4904, ncalls=15674, regioncalls=614000, ndraw=40, logz=-99.42, remainder_fraction=48.9331%, Lmin=-86.21, Lmax=-85.17
15:20:57 [ultranest] [DEBUG] iteration=4920, ncalls=15701, regioncalls=615080, ndraw=40, logz=-99.39, remainder_fraction=47.5681%, Lmin=-86.17, Lmax=-85.17
15:20:57 [ultranest] [DEBUG] iteration=4939, ncalls=15743, regioncalls=616760, ndraw=40, logz=-99.36, remainder_fraction=45.8834%, Lmin=-86.14, Lmax=-85.16
15:20:57 [ultranest] [DEBUG] iteration=4945, ncalls=15751, regioncalls=617120, ndraw=40, logz=-99.35, remainder_fraction=45.4114%, Lmin=-86.12, Lmax=-85.16
15:20:57 [ultranest] [DEBUG] iteration=4960, ncalls=15768, regioncalls=617840, ndraw=40, logz=-99.33, remainder_fraction=44.2721%, Lmin=-86.09, Lmax=-85.13
15:20:57 [ultranest] [DEBUG] iteration=4984, ncalls=15802, regioncalls=619200, ndraw=40, logz=-99.30, remainder_fraction=42.2729%, Lmin=-86.03, Lmax=-85.13
15:20:57 [ultranest] [DEBUG] iteration=5000, ncalls=15821, regioncalls=619960, ndraw=40, logz=-99.27, remainder_fraction=40.9783%, Lmin=-86.01, Lmax=-85.13
15:20:57 [ultranest] [DEBUG] iteration=5024, ncalls=15859, regioncalls=621480, ndraw=40, logz=-99.24, remainder_fraction=39.1997%, Lmin=-85.96, Lmax=-85.13
15:20:57 [ultranest] [DEBUG] iteration=5025, ncalls=15860, regioncalls=621560, ndraw=40, logz=-99.24, remainder_fraction=39.1238%, Lmin=-85.95, Lmax=-85.13
15:20:57 [ultranest] [DEBUG] iteration=5040, ncalls=15883, regioncalls=622480, ndraw=40, logz=-99.22, remainder_fraction=37.9313%, Lmin=-85.94, Lmax=-85.13
15:20:57 [ultranest] [DEBUG] iteration=5064, ncalls=15917, regioncalls=623840, ndraw=40, logz=-99.19, remainder_fraction=36.1843%, Lmin=-85.91, Lmax=-85.13
15:20:57 [ultranest] [DEBUG] iteration=5080, ncalls=15940, regioncalls=624760, ndraw=40, logz=-99.18, remainder_fraction=35.0203%, Lmin=-85.89, Lmax=-85.13
15:20:58 [ultranest] [DEBUG] iteration=5101, ncalls=15982, regioncalls=626440, ndraw=40, logz=-99.15, remainder_fraction=33.5215%, Lmin=-85.86, Lmax=-85.13
15:20:58 [ultranest] [DEBUG] iteration=5105, ncalls=15988, regioncalls=626720, ndraw=40, logz=-99.15, remainder_fraction=33.2971%, Lmin=-85.85, Lmax=-85.13
15:20:58 [ultranest] [DEBUG] iteration=5120, ncalls=16015, regioncalls=627800, ndraw=40, logz=-99.13, remainder_fraction=32.2666%, Lmin=-85.84, Lmax=-85.13
15:20:58 [ultranest] [DEBUG] iteration=5142, ncalls=16051, regioncalls=629240, ndraw=40, logz=-99.11, remainder_fraction=30.8482%, Lmin=-85.81, Lmax=-85.13
15:20:58 [ultranest] [DEBUG] iteration=5160, ncalls=16076, regioncalls=630240, ndraw=40, logz=-99.10, remainder_fraction=29.6934%, Lmin=-85.79, Lmax=-85.13
15:20:58 [ultranest] [DEBUG] iteration=5183, ncalls=16114, regioncalls=631760, ndraw=40, logz=-99.08, remainder_fraction=28.3275%, Lmin=-85.76, Lmax=-85.13
15:20:58 [ultranest] [DEBUG] iteration=5199, ncalls=16149, regioncalls=633160, ndraw=40, logz=-99.06, remainder_fraction=27.3738%, Lmin=-85.75, Lmax=-85.13
15:20:58 [ultranest] [DEBUG] iteration=5200, ncalls=16151, regioncalls=633240, ndraw=40, logz=-99.06, remainder_fraction=27.3237%, Lmin=-85.74, Lmax=-85.13
15:20:58 [ultranest] [DEBUG] iteration=5221, ncalls=16191, regioncalls=634840, ndraw=40, logz=-99.04, remainder_fraction=26.1604%, Lmin=-85.72, Lmax=-85.13
15:20:58 [ultranest] [DEBUG] iteration=5240, ncalls=16221, regioncalls=636040, ndraw=40, logz=-99.03, remainder_fraction=25.1725%, Lmin=-85.70, Lmax=-85.13
15:20:58 [ultranest] [DEBUG] iteration=5253, ncalls=16263, regioncalls=637720, ndraw=40, logz=-99.02, remainder_fraction=24.4428%, Lmin=-85.69, Lmax=-85.13
15:20:58 [ultranest] [DEBUG] iteration=5270, ncalls=16304, regioncalls=639360, ndraw=40, logz=-99.01, remainder_fraction=23.5458%, Lmin=-85.67, Lmax=-85.13
15:20:59 [ultranest] [DEBUG] iteration=5280, ncalls=16327, regioncalls=640280, ndraw=40, logz=-99.00, remainder_fraction=23.0193%, Lmin=-85.66, Lmax=-85.13
15:20:59 [ultranest] [DEBUG] iteration=5303, ncalls=16364, regioncalls=641760, ndraw=40, logz=-98.99, remainder_fraction=21.7817%, Lmin=-85.64, Lmax=-85.13
15:20:59 [ultranest] [DEBUG] iteration=5317, ncalls=16409, regioncalls=643560, ndraw=40, logz=-98.98, remainder_fraction=21.1093%, Lmin=-85.63, Lmax=-85.13
15:20:59 [ultranest] [DEBUG] iteration=5320, ncalls=16417, regioncalls=643880, ndraw=40, logz=-98.98, remainder_fraction=20.9886%, Lmin=-85.62, Lmax=-85.13
15:20:59 [ultranest] [DEBUG] iteration=5341, ncalls=16457, regioncalls=645480, ndraw=40, logz=-98.96, remainder_fraction=19.9831%, Lmin=-85.60, Lmax=-85.13
15:20:59 [ultranest] [DEBUG] iteration=5345, ncalls=16467, regioncalls=645920, ndraw=40, logz=-98.96, remainder_fraction=19.7947%, Lmin=-85.60, Lmax=-85.13
15:20:59 [ultranest] [DEBUG] iteration=5360, ncalls=16487, regioncalls=646720, ndraw=40, logz=-98.95, remainder_fraction=19.1466%, Lmin=-85.59, Lmax=-85.13
15:20:59 [ultranest] [DEBUG] iteration=5384, ncalls=16522, regioncalls=648120, ndraw=40, logz=-98.94, remainder_fraction=18.1319%, Lmin=-85.56, Lmax=-85.13
15:20:59 [ultranest] [DEBUG] iteration=5400, ncalls=16549, regioncalls=649200, ndraw=40, logz=-98.93, remainder_fraction=17.4871%, Lmin=-85.55, Lmax=-85.13
15:20:59 [ultranest] [DEBUG] iteration=5424, ncalls=16590, regioncalls=650840, ndraw=40, logz=-98.92, remainder_fraction=16.5182%, Lmin=-85.53, Lmax=-85.13
15:20:59 [ultranest] [DEBUG] iteration=5440, ncalls=16617, regioncalls=651920, ndraw=40, logz=-98.91, remainder_fraction=15.8971%, Lmin=-85.52, Lmax=-85.12
15:20:59 [ultranest] [DEBUG] iteration=5461, ncalls=16656, regioncalls=653480, ndraw=40, logz=-98.91, remainder_fraction=15.1206%, Lmin=-85.51, Lmax=-85.12
15:20:59 [ultranest] [DEBUG] iteration=5480, ncalls=16699, regioncalls=655200, ndraw=40, logz=-98.90, remainder_fraction=14.4456%, Lmin=-85.49, Lmax=-85.12
15:21:00 [ultranest] [DEBUG] iteration=5499, ncalls=16744, regioncalls=657000, ndraw=40, logz=-98.89, remainder_fraction=13.8048%, Lmin=-85.48, Lmax=-85.12
15:21:00 [ultranest] [DEBUG] iteration=5505, ncalls=16753, regioncalls=657400, ndraw=40, logz=-98.89, remainder_fraction=13.5985%, Lmin=-85.47, Lmax=-85.12
15:21:00 [ultranest] [DEBUG] iteration=5520, ncalls=16776, regioncalls=658320, ndraw=40, logz=-98.88, remainder_fraction=13.0947%, Lmin=-85.46, Lmax=-85.12
15:21:00 [ultranest] [DEBUG] iteration=5543, ncalls=16813, regioncalls=659800, ndraw=40, logz=-98.87, remainder_fraction=12.3881%, Lmin=-85.45, Lmax=-85.12
15:21:00 [ultranest] [DEBUG] iteration=5560, ncalls=16838, regioncalls=660800, ndraw=40, logz=-98.87, remainder_fraction=11.8681%, Lmin=-85.44, Lmax=-85.12
15:21:00 [ultranest] [DEBUG] iteration=5582, ncalls=16879, regioncalls=662440, ndraw=40, logz=-98.86, remainder_fraction=11.2318%, Lmin=-85.42, Lmax=-85.12
15:21:00 [ultranest] [DEBUG] iteration=5585, ncalls=16888, regioncalls=662880, ndraw=40, logz=-98.86, remainder_fraction=11.1441%, Lmin=-85.42, Lmax=-85.12
15:21:00 [ultranest] [DEBUG] iteration=5600, ncalls=16917, regioncalls=664040, ndraw=40, logz=-98.86, remainder_fraction=10.7298%, Lmin=-85.42, Lmax=-85.12
15:21:00 [ultranest] [DEBUG] iteration=5620, ncalls=16956, regioncalls=665600, ndraw=40, logz=-98.85, remainder_fraction=10.2044%, Lmin=-85.40, Lmax=-85.12
15:21:00 [ultranest] [DEBUG] iteration=5640, ncalls=16986, regioncalls=666800, ndraw=40, logz=-98.84, remainder_fraction=9.6969%, Lmin=-85.39, Lmax=-85.12
15:21:00 [ultranest] [DEBUG] iteration=5661, ncalls=17028, regioncalls=668480, ndraw=40, logz=-98.84, remainder_fraction=9.1992%, Lmin=-85.38, Lmax=-85.12
15:21:00 [ultranest] [DEBUG] iteration=5677, ncalls=17063, regioncalls=669880, ndraw=40, logz=-98.83, remainder_fraction=8.8410%, Lmin=-85.37, Lmax=-85.12
15:21:01 [ultranest] [DEBUG] iteration=5680, ncalls=17073, regioncalls=670280, ndraw=40, logz=-98.83, remainder_fraction=8.7710%, Lmin=-85.37, Lmax=-85.12
15:21:01 [ultranest] [DEBUG] iteration=5699, ncalls=17115, regioncalls=671960, ndraw=40, logz=-98.83, remainder_fraction=8.3541%, Lmin=-85.36, Lmax=-85.12
15:21:01 [ultranest] [DEBUG] iteration=5718, ncalls=17162, regioncalls=673840, ndraw=40, logz=-98.82, remainder_fraction=7.9585%, Lmin=-85.35, Lmax=-85.12
15:21:01 [ultranest] [DEBUG] iteration=5720, ncalls=17166, regioncalls=674000, ndraw=40, logz=-98.82, remainder_fraction=7.9156%, Lmin=-85.35, Lmax=-85.12
15:21:01 [ultranest] [DEBUG] iteration=5737, ncalls=17215, regioncalls=675960, ndraw=40, logz=-98.82, remainder_fraction=7.5829%, Lmin=-85.34, Lmax=-85.12
15:21:01 [ultranest] [DEBUG] iteration=5745, ncalls=17235, regioncalls=676800, ndraw=40, logz=-98.82, remainder_fraction=7.4303%, Lmin=-85.34, Lmax=-85.12
15:21:01 [ultranest] [DEBUG] iteration=5760, ncalls=17254, regioncalls=677560, ndraw=40, logz=-98.82, remainder_fraction=7.1506%, Lmin=-85.33, Lmax=-85.12
15:21:01 [ultranest] [DEBUG] iteration=5784, ncalls=17289, regioncalls=678960, ndraw=40, logz=-98.81, remainder_fraction=6.7355%, Lmin=-85.32, Lmax=-85.12
15:21:01 [ultranest] [DEBUG] iteration=5800, ncalls=17316, regioncalls=680040, ndraw=40, logz=-98.81, remainder_fraction=6.4600%, Lmin=-85.32, Lmax=-85.12
15:21:01 [ultranest] [DEBUG] iteration=5823, ncalls=17356, regioncalls=681640, ndraw=40, logz=-98.80, remainder_fraction=6.0891%, Lmin=-85.31, Lmax=-85.12
15:21:01 [ultranest] [DEBUG] iteration=5825, ncalls=17359, regioncalls=681800, ndraw=40, logz=-98.80, remainder_fraction=6.0586%, Lmin=-85.31, Lmax=-85.12
15:21:01 [ultranest] [DEBUG] iteration=5840, ncalls=17383, regioncalls=682760, ndraw=40, logz=-98.80, remainder_fraction=5.8229%, Lmin=-85.30, Lmax=-85.12
15:21:01 [ultranest] [DEBUG] iteration=5862, ncalls=17421, regioncalls=684280, ndraw=40, logz=-98.80, remainder_fraction=5.4986%, Lmin=-85.29, Lmax=-85.12
15:21:01 [ultranest] [DEBUG] iteration=5880, ncalls=17447, regioncalls=685320, ndraw=40, logz=-98.80, remainder_fraction=5.2455%, Lmin=-85.29, Lmax=-85.12
15:21:02 [ultranest] [DEBUG] iteration=5901, ncalls=17488, regioncalls=686960, ndraw=40, logz=-98.79, remainder_fraction=4.9570%, Lmin=-85.28, Lmax=-85.12
15:21:02 [ultranest] [DEBUG] iteration=5905, ncalls=17495, regioncalls=687320, ndraw=40, logz=-98.79, remainder_fraction=4.9040%, Lmin=-85.28, Lmax=-85.12
15:21:02 [ultranest] [DEBUG] iteration=5920, ncalls=17514, regioncalls=688080, ndraw=40, logz=-98.79, remainder_fraction=4.7140%, Lmin=-85.27, Lmax=-85.12
15:21:02 [ultranest] [DEBUG] iteration=5936, ncalls=17556, regioncalls=689760, ndraw=40, logz=-98.79, remainder_fraction=4.5197%, Lmin=-85.27, Lmax=-85.12
15:21:02 [ultranest] [DEBUG] iteration=5959, ncalls=17597, regioncalls=691400, ndraw=40, logz=-98.79, remainder_fraction=4.2539%, Lmin=-85.26, Lmax=-85.12
15:21:02 [ultranest] [DEBUG] iteration=5960, ncalls=17599, regioncalls=691480, ndraw=40, logz=-98.79, remainder_fraction=4.2424%, Lmin=-85.26, Lmax=-85.12
15:21:02 [ultranest] [DEBUG] iteration=5981, ncalls=17641, regioncalls=693160, ndraw=40, logz=-98.78, remainder_fraction=4.0089%, Lmin=-85.26, Lmax=-85.12
15:21:02 [ultranest] [DEBUG] iteration=5985, ncalls=17647, regioncalls=693480, ndraw=40, logz=-98.78, remainder_fraction=3.9665%, Lmin=-85.26, Lmax=-85.12
15:21:02 [ultranest] [DEBUG] iteration=6000, ncalls=17667, regioncalls=694280, ndraw=40, logz=-98.78, remainder_fraction=3.8100%, Lmin=-85.25, Lmax=-85.12
15:21:02 [ultranest] [DEBUG] iteration=6019, ncalls=17706, regioncalls=695840, ndraw=40, logz=-98.78, remainder_fraction=3.6208%, Lmin=-85.25, Lmax=-85.12
15:21:02 [ultranest] [DEBUG] iteration=6040, ncalls=17743, regioncalls=697320, ndraw=40, logz=-98.78, remainder_fraction=3.4218%, Lmin=-85.24, Lmax=-85.12
15:21:02 [ultranest] [DEBUG] iteration=6059, ncalls=17784, regioncalls=698960, ndraw=40, logz=-98.77, remainder_fraction=3.2502%, Lmin=-85.24, Lmax=-85.12
15:21:02 [ultranest] [DEBUG] iteration=6065, ncalls=17798, regioncalls=699560, ndraw=40, logz=-98.77, remainder_fraction=3.1993%, Lmin=-85.24, Lmax=-85.12
15:21:02 [ultranest] [DEBUG] iteration=6080, ncalls=17816, regioncalls=700360, ndraw=40, logz=-98.77, remainder_fraction=3.0717%, Lmin=-85.23, Lmax=-85.12
15:21:03 [ultranest] [DEBUG] iteration=6101, ncalls=17852, regioncalls=701880, ndraw=40, logz=-98.77, remainder_fraction=2.9023%, Lmin=-85.23, Lmax=-85.12
15:21:03 [ultranest] [INFO] Explored until L=-9e+01  
15:21:03 [ultranest] [INFO] Likelihood function evaluations: 17874
15:21:10 [ultranest] [INFO] Writing samples and results to disk ...
15:21:10 [ultranest] [INFO] Writing samples and results to disk ... done
15:21:10 [ultranest] [DEBUG] did a run_iter pass!
15:21:10 [ultranest] [INFO]   logZ = -98.71 +- 0.1465
15:21:10 [ultranest] [INFO] Effective samples strategy satisfied (ESS = 1621.0, need >400)
15:21:10 [ultranest] [INFO] Posterior uncertainty strategy is satisfied (KL: 0.45+-0.08 nat, need <0.50 nat)
15:21:10 [ultranest] [INFO] Evidency uncertainty strategy is satisfied (dlogz=0.15, need <0.5)
15:21:10 [ultranest] [INFO]   logZ error budget: single: 0.19 bs:0.15 tail:0.03 total:0.15 required:<0.50
15:21:10 [ultranest] [INFO] done iterating.
15:21:10 [ultranest] [DEBUG] Making corner plot ...
15:21:11 [ultranest] [DEBUG] Making corner plot ... done
15:21:11 [ultranest] [DEBUG] Making run plot ... 
15:21:12 [ultranest] [DEBUG] Making run plot ... done
15:21:12 [ultranest] [DEBUG] Making trace plot ... 
15:21:13 [ultranest] [DEBUG] Making trace plot ... done
