10:14:39 [ultranest] [DEBUG] ReactiveNestedSampler: dims=3+0, resume=True, log_dir=/home/orion51/Desktop/Research/spectral_fitting/FGL_spectral_fitting/Individual_sources/2CXOJ161519.3-603852/mekal_out_, backend=hdf5, vectorized=False, nbootstraps=30, ndraw=128..65536
10:14:39 [ultranest] [INFO] Sampling 400 live points from prior ...
10:14:40 [ultranest] [DEBUG] run_iter dlogz=0.5, dKL=0.5, frac_remain=0.01, Lepsilon=0.1000, min_ess=400
10:14:40 [ultranest] [DEBUG] max_iters=-1, max_ncalls=-1, max_num_improvement_loops=-1, min_num_live_points=400, cluster_num_live_points=40
10:14:40 [ultranest] [DEBUG] minimal_widths_sequence: [(-inf, 400.0), (inf, 400.0)]
10:14:40 [ultranest] [DEBUG] iteration=0, ncalls=401, regioncalls=40, ndraw=40, logz=-inf, remainder_fraction=100.0000%, Lmin=-228288341.10, Lmax=-15.28
10:14:40 [ultranest] [DEBUG] iteration=24, ncalls=426, regioncalls=1040, ndraw=40, logz=-31663816.38, remainder_fraction=100.0000%, Lmin=-31014963.28, Lmax=-15.28
10:14:40 [ultranest] [DEBUG] iteration=40, ncalls=443, regioncalls=1720, ndraw=40, logz=-6234101.40, remainder_fraction=100.0000%, Lmin=-5926412.51, Lmax=-15.28
10:14:41 [ultranest] [DEBUG] iteration=60, ncalls=467, regioncalls=2680, ndraw=40, logz=-1175785.85, remainder_fraction=100.0000%, Lmin=-1086803.79, Lmax=-15.28
10:14:41 [ultranest] [DEBUG] iteration=80, ncalls=488, regioncalls=3520, ndraw=40, logz=-263962.86, remainder_fraction=100.0000%, Lmin=-253667.48, Lmax=-15.28
10:14:41 [ultranest] [DEBUG] iteration=90, ncalls=498, regioncalls=3920, ndraw=40, logz=-103526.60, remainder_fraction=100.0000%, Lmin=-97773.36, Lmax=-15.28
10:14:41 [ultranest] [DEBUG] iteration=112, ncalls=523, regioncalls=4920, ndraw=40, logz=-28798.13, remainder_fraction=100.0000%, Lmin=-27066.52, Lmax=-15.28
10:14:41 [ultranest] [DEBUG] iteration=120, ncalls=534, regioncalls=5360, ndraw=40, logz=-18590.61, remainder_fraction=100.0000%, Lmin=-16454.67, Lmax=-15.28
10:14:41 [ultranest] [DEBUG] iteration=143, ncalls=562, regioncalls=6480, ndraw=40, logz=-4961.53, remainder_fraction=100.0000%, Lmin=-4941.68, Lmax=-15.28
10:14:41 [ultranest] [DEBUG] iteration=160, ncalls=584, regioncalls=7360, ndraw=40, logz=-2477.96, remainder_fraction=100.0000%, Lmin=-2030.21, Lmax=-15.28
10:14:41 [ultranest] [DEBUG] iteration=180, ncalls=609, regioncalls=8360, ndraw=40, logz=-908.00, remainder_fraction=100.0000%, Lmin=-791.56, Lmax=-15.28
10:14:41 [ultranest] [DEBUG] iteration=199, ncalls=635, regioncalls=9400, ndraw=40, logz=-398.99, remainder_fraction=100.0000%, Lmin=-387.53, Lmax=-15.28
10:14:41 [ultranest] [DEBUG] iteration=200, ncalls=636, regioncalls=9440, ndraw=40, logz=-394.01, remainder_fraction=100.0000%, Lmin=-386.15, Lmax=-15.28
10:14:41 [ultranest] [DEBUG] Plateau detected at L=-3.194458e+02, not replacing live point.
10:14:41 [ultranest] [DEBUG] Plateau detected at L=-3.194458e+02, not replacing live point.
10:14:41 [ultranest] [DEBUG] Plateau detected at L=-3.194458e+02, not replacing live point.
10:14:41 [ultranest] [DEBUG] Plateau detected at L=-3.194458e+02, not replacing live point.
10:14:41 [ultranest] [DEBUG] Plateau detected at L=-3.194458e+02, not replacing live point.
10:14:41 [ultranest] [DEBUG] Plateau detected at L=-3.194458e+02, not replacing live point.
10:14:41 [ultranest] [DEBUG] Plateau detected at L=-3.194458e+02, not replacing live point.
10:14:41 [ultranest] [DEBUG] Plateau detected at L=-3.194458e+02, not replacing live point.
10:14:41 [ultranest] [DEBUG] Plateau detected at L=-3.194458e+02, not replacing live point.
10:14:41 [ultranest] [DEBUG] Plateau detected at L=-3.194458e+02, not replacing live point.
10:14:41 [ultranest] [DEBUG] Plateau detected at L=-3.194458e+02, not replacing live point.
10:14:41 [ultranest] [DEBUG] Plateau detected at L=-3.194458e+02, not replacing live point.
10:14:41 [ultranest] [DEBUG] Plateau detected at L=-3.194458e+02, not replacing live point.
10:14:41 [ultranest] [DEBUG] Plateau detected at L=-3.194458e+02, not replacing live point.
10:14:41 [ultranest] [DEBUG] Plateau detected at L=-3.194458e+02, not replacing live point.
10:14:41 [ultranest] [DEBUG] Plateau detected at L=-3.194458e+02, not replacing live point.
10:14:41 [ultranest] [DEBUG] Plateau detected at L=-3.194458e+02, not replacing live point.
10:14:41 [ultranest] [DEBUG] Plateau detected at L=-3.194458e+02, not replacing live point.
10:14:41 [ultranest] [DEBUG] Plateau detected at L=-3.194458e+02, not replacing live point.
10:14:41 [ultranest] [DEBUG] Plateau detected at L=-3.194458e+02, not replacing live point.
10:14:41 [ultranest] [DEBUG] Plateau detected at L=-3.194458e+02, not replacing live point.
10:14:41 [ultranest] [DEBUG] Plateau detected at L=-3.194458e+02, not replacing live point.
10:14:41 [ultranest] [DEBUG] Plateau detected at L=-3.194458e+02, not replacing live point.
10:14:41 [ultranest] [DEBUG] Plateau detected at L=-3.194458e+02, not replacing live point.
10:14:41 [ultranest] [DEBUG] Plateau detected at L=-3.194458e+02, not replacing live point.
10:14:41 [ultranest] [DEBUG] Plateau detected at L=-3.194458e+02, not replacing live point.
10:14:41 [ultranest] [DEBUG] Plateau detected at L=-3.194458e+02, not replacing live point.
10:14:41 [ultranest] [DEBUG] Plateau detected at L=-3.194458e+02, not replacing live point.
10:14:41 [ultranest] [DEBUG] Plateau detected at L=-3.194458e+02, not replacing live point.
10:14:41 [ultranest] [DEBUG] Plateau detected at L=-3.194458e+02, not replacing live point.
10:14:41 [ultranest] [DEBUG] Plateau detected at L=-3.194458e+02, not replacing live point.
10:14:41 [ultranest] [DEBUG] Plateau detected at L=-3.194458e+02, not replacing live point.
10:14:41 [ultranest] [DEBUG] Plateau detected at L=-3.194458e+02, not replacing live point.
10:14:41 [ultranest] [DEBUG] Plateau detected at L=-3.194458e+02, not replacing live point.
10:14:41 [ultranest] [DEBUG] Plateau detected at L=-3.194458e+02, not replacing live point.
10:14:41 [ultranest] [DEBUG] Plateau detected at L=-3.194458e+02, not replacing live point.
10:14:41 [ultranest] [DEBUG] Plateau detected at L=-3.194458e+02, not replacing live point.
10:14:41 [ultranest] [DEBUG] Plateau detected at L=-3.194458e+02, not replacing live point.
10:14:41 [ultranest] [DEBUG] Plateau detected at L=-3.194458e+02, not replacing live point.
10:14:41 [ultranest] [DEBUG] Plateau detected at L=-3.194458e+02, not replacing live point.
10:14:41 [ultranest] [DEBUG] Plateau detected at L=-3.194458e+02, not replacing live point.
10:14:41 [ultranest] [DEBUG] Plateau detected at L=-3.194458e+02, not replacing live point.
10:14:41 [ultranest] [DEBUG] Plateau detected at L=-3.194458e+02, not replacing live point.
10:14:41 [ultranest] [DEBUG] Plateau detected at L=-3.194458e+02, not replacing live point.
10:14:41 [ultranest] [DEBUG] Plateau detected at L=-3.194458e+02, not replacing live point.
10:14:41 [ultranest] [DEBUG] Plateau detected at L=-3.194458e+02, not replacing live point.
10:14:41 [ultranest] [DEBUG] Plateau detected at L=-3.194458e+02, not replacing live point.
10:14:41 [ultranest] [DEBUG] Plateau detected at L=-3.194458e+02, not replacing live point.
10:14:41 [ultranest] [DEBUG] Plateau detected at L=-3.194458e+02, not replacing live point.
10:14:41 [ultranest] [DEBUG] iteration=257, ncalls=647, regioncalls=9880, ndraw=40, logz=-322.07, remainder_fraction=100.0000%, Lmin=-319.45, Lmax=-15.28
10:14:41 [ultranest] [DEBUG] Plateau detected at L=-3.194458e+02, not replacing live point.
10:14:41 [ultranest] [DEBUG] iteration=259, ncalls=655, regioncalls=10200, ndraw=40, logz=-322.03, remainder_fraction=100.0000%, Lmin=-319.45, Lmax=-15.28
10:14:41 [ultranest] [DEBUG] iteration=276, ncalls=682, regioncalls=11280, ndraw=40, logz=-321.74, remainder_fraction=100.0000%, Lmin=-319.45, Lmax=-15.28
10:14:41 [ultranest] [DEBUG] iteration=280, ncalls=686, regioncalls=11440, ndraw=40, logz=-321.69, remainder_fraction=100.0000%, Lmin=-319.45, Lmax=-15.28
10:14:42 [ultranest] [DEBUG] iteration=299, ncalls=717, regioncalls=12680, ndraw=40, logz=-321.47, remainder_fraction=100.0000%, Lmin=-319.45, Lmax=-15.28
10:14:42 [ultranest] [DEBUG] iteration=319, ncalls=747, regioncalls=13880, ndraw=40, logz=-321.29, remainder_fraction=100.0000%, Lmin=-319.45, Lmax=-15.28
10:14:42 [ultranest] [DEBUG] iteration=320, ncalls=751, regioncalls=14040, ndraw=40, logz=-321.29, remainder_fraction=100.0000%, Lmin=-319.45, Lmax=-15.28
10:14:42 [ultranest] [DEBUG] iteration=334, ncalls=783, regioncalls=15320, ndraw=40, logz=-321.18, remainder_fraction=100.0000%, Lmin=-319.44, Lmax=-15.28
10:14:42 [ultranest] [DEBUG] iteration=338, ncalls=801, regioncalls=16040, ndraw=40, logz=-321.16, remainder_fraction=100.0000%, Lmin=-319.44, Lmax=-15.28
10:14:42 [ultranest] [DEBUG] iteration=357, ncalls=827, regioncalls=17080, ndraw=40, logz=-321.04, remainder_fraction=100.0000%, Lmin=-319.44, Lmax=-15.28
10:14:42 [ultranest] [DEBUG] iteration=360, ncalls=835, regioncalls=17400, ndraw=40, logz=-321.03, remainder_fraction=100.0000%, Lmin=-319.44, Lmax=-15.28
10:14:42 [ultranest] [DEBUG] iteration=375, ncalls=866, regioncalls=18640, ndraw=40, logz=-320.95, remainder_fraction=100.0000%, Lmin=-319.43, Lmax=-15.28
10:14:42 [ultranest] [DEBUG] iteration=393, ncalls=896, regioncalls=19840, ndraw=40, logz=-320.87, remainder_fraction=100.0000%, Lmin=-319.41, Lmax=-15.28
10:14:42 [ultranest] [DEBUG] iteration=400, ncalls=908, regioncalls=20320, ndraw=40, logz=-320.84, remainder_fraction=100.0000%, Lmin=-319.39, Lmax=-15.28
10:14:42 [ultranest] [DEBUG] iteration=417, ncalls=940, regioncalls=21600, ndraw=40, logz=-320.77, remainder_fraction=100.0000%, Lmin=-319.29, Lmax=-15.28
10:14:42 [ultranest] [DEBUG] iteration=431, ncalls=965, regioncalls=22600, ndraw=40, logz=-320.71, remainder_fraction=100.0000%, Lmin=-319.22, Lmax=-15.28
10:14:42 [ultranest] [DEBUG] iteration=440, ncalls=977, regioncalls=23080, ndraw=40, logz=-320.67, remainder_fraction=100.0000%, Lmin=-319.15, Lmax=-15.28
10:14:43 [ultranest] [DEBUG] iteration=455, ncalls=1011, regioncalls=24440, ndraw=40, logz=-320.61, remainder_fraction=100.0000%, Lmin=-319.05, Lmax=-15.28
10:14:43 [ultranest] [DEBUG] iteration=470, ncalls=1043, regioncalls=25720, ndraw=40, logz=-320.55, remainder_fraction=100.0000%, Lmin=-318.88, Lmax=-15.28
10:14:43 [ultranest] [DEBUG] iteration=480, ncalls=1058, regioncalls=26320, ndraw=40, logz=-320.51, remainder_fraction=100.0000%, Lmin=-318.73, Lmax=-15.28
10:14:43 [ultranest] [DEBUG] iteration=493, ncalls=1092, regioncalls=27680, ndraw=40, logz=-320.44, remainder_fraction=100.0000%, Lmin=-318.44, Lmax=-15.28
10:14:43 [ultranest] [DEBUG] iteration=507, ncalls=1117, regioncalls=28680, ndraw=40, logz=-320.35, remainder_fraction=100.0000%, Lmin=-318.09, Lmax=-15.28
10:14:43 [ultranest] [DEBUG] iteration=520, ncalls=1138, regioncalls=29520, ndraw=40, logz=-320.26, remainder_fraction=100.0000%, Lmin=-317.84, Lmax=-15.28
10:14:43 [ultranest] [DEBUG] iteration=533, ncalls=1170, regioncalls=30800, ndraw=40, logz=-320.15, remainder_fraction=100.0000%, Lmin=-317.57, Lmax=-15.28
10:14:43 [ultranest] [DEBUG] iteration=545, ncalls=1203, regioncalls=32120, ndraw=40, logz=-320.04, remainder_fraction=100.0000%, Lmin=-317.23, Lmax=-15.28
10:14:43 [ultranest] [DEBUG] iteration=554, ncalls=1236, regioncalls=33440, ndraw=40, logz=-319.93, remainder_fraction=100.0000%, Lmin=-316.97, Lmax=-15.28
10:14:43 [ultranest] [DEBUG] iteration=560, ncalls=1257, regioncalls=34280, ndraw=40, logz=-319.85, remainder_fraction=100.0000%, Lmin=-316.63, Lmax=-15.28
10:14:44 [ultranest] [DEBUG] iteration=572, ncalls=1291, regioncalls=35640, ndraw=40, logz=-319.65, remainder_fraction=100.0000%, Lmin=-316.28, Lmax=-15.28
10:14:44 [ultranest] [DEBUG] iteration=575, ncalls=1299, regioncalls=35960, ndraw=40, logz=-319.60, remainder_fraction=100.0000%, Lmin=-316.19, Lmax=-15.28
10:14:44 [ultranest] [DEBUG] iteration=590, ncalls=1329, regioncalls=37160, ndraw=40, logz=-319.21, remainder_fraction=100.0000%, Lmin=-314.80, Lmax=-15.28
10:14:44 [ultranest] [DEBUG] iteration=600, ncalls=1349, regioncalls=37960, ndraw=40, logz=-318.69, remainder_fraction=100.0000%, Lmin=-313.92, Lmax=-15.28
10:14:44 [ultranest] [DEBUG] iteration=613, ncalls=1382, regioncalls=39280, ndraw=40, logz=-317.71, remainder_fraction=100.0000%, Lmin=-312.66, Lmax=-15.28
10:14:44 [ultranest] [DEBUG] iteration=627, ncalls=1415, regioncalls=40600, ndraw=40, logz=-316.47, remainder_fraction=100.0000%, Lmin=-311.12, Lmax=-15.28
10:14:44 [ultranest] [DEBUG] iteration=640, ncalls=1445, regioncalls=41800, ndraw=40, logz=-314.89, remainder_fraction=100.0000%, Lmin=-308.93, Lmax=-15.28
10:14:44 [ultranest] [DEBUG] clustering found some stray points [need_accept=False] (array([1, 2]), array([349,   1]))
10:14:44 [ultranest] [DEBUG] iteration=654, ncalls=1475, regioncalls=43000, ndraw=40, logz=-312.45, remainder_fraction=100.0000%, Lmin=-306.47, Lmax=-15.28
10:14:44 [ultranest] [DEBUG] iteration=665, ncalls=1504, regioncalls=44160, ndraw=40, logz=-310.08, remainder_fraction=100.0000%, Lmin=-303.66, Lmax=-15.28
10:14:44 [ultranest] [DEBUG] iteration=678, ncalls=1539, regioncalls=45560, ndraw=40, logz=-307.57, remainder_fraction=100.0000%, Lmin=-301.77, Lmax=-15.28
10:14:44 [ultranest] [DEBUG] iteration=680, ncalls=1547, regioncalls=45880, ndraw=40, logz=-307.28, remainder_fraction=100.0000%, Lmin=-301.42, Lmax=-15.28
10:14:45 [ultranest] [DEBUG] iteration=698, ncalls=1580, regioncalls=47200, ndraw=40, logz=-303.79, remainder_fraction=100.0000%, Lmin=-297.24, Lmax=-15.28
10:14:45 [ultranest] [DEBUG] iteration=711, ncalls=1615, regioncalls=48600, ndraw=40, logz=-299.28, remainder_fraction=100.0000%, Lmin=-292.63, Lmax=-15.28
10:14:45 [ultranest] [DEBUG] iteration=720, ncalls=1637, regioncalls=49480, ndraw=40, logz=-297.03, remainder_fraction=100.0000%, Lmin=-290.45, Lmax=-15.28
10:14:45 [ultranest] [DEBUG] iteration=733, ncalls=1669, regioncalls=50760, ndraw=40, logz=-294.14, remainder_fraction=100.0000%, Lmin=-287.19, Lmax=-15.28
10:14:45 [ultranest] [DEBUG] iteration=744, ncalls=1702, regioncalls=52080, ndraw=40, logz=-290.92, remainder_fraction=100.0000%, Lmin=-284.07, Lmax=-14.25
10:14:45 [ultranest] [DEBUG] iteration=758, ncalls=1736, regioncalls=53440, ndraw=40, logz=-285.65, remainder_fraction=100.0000%, Lmin=-278.11, Lmax=-14.25
10:14:45 [ultranest] [DEBUG] iteration=760, ncalls=1741, regioncalls=53640, ndraw=40, logz=-284.77, remainder_fraction=100.0000%, Lmin=-277.27, Lmax=-14.25
10:14:45 [ultranest] [DEBUG] iteration=770, ncalls=1774, regioncalls=54960, ndraw=40, logz=-281.81, remainder_fraction=100.0000%, Lmin=-274.86, Lmax=-14.25
10:14:45 [ultranest] [DEBUG] iteration=784, ncalls=1812, regioncalls=56480, ndraw=40, logz=-275.46, remainder_fraction=100.0000%, Lmin=-267.58, Lmax=-14.25
10:14:45 [ultranest] [DEBUG] iteration=796, ncalls=1844, regioncalls=57760, ndraw=40, logz=-271.72, remainder_fraction=100.0000%, Lmin=-262.77, Lmax=-14.25
10:14:45 [ultranest] [DEBUG] iteration=800, ncalls=1854, regioncalls=58160, ndraw=40, logz=-267.32, remainder_fraction=100.0000%, Lmin=-259.64, Lmax=-14.25
10:14:46 [ultranest] [DEBUG] iteration=807, ncalls=1890, regioncalls=59600, ndraw=40, logz=-264.57, remainder_fraction=100.0000%, Lmin=-257.26, Lmax=-14.25
10:14:46 [ultranest] [DEBUG] iteration=812, ncalls=1916, regioncalls=60640, ndraw=40, logz=-262.75, remainder_fraction=100.0000%, Lmin=-255.70, Lmax=-14.25
10:14:46 [ultranest] [DEBUG] iteration=824, ncalls=1947, regioncalls=61880, ndraw=40, logz=-255.48, remainder_fraction=100.0000%, Lmin=-247.94, Lmax=-14.25
10:14:46 [ultranest] [DEBUG] iteration=838, ncalls=1978, regioncalls=63120, ndraw=40, logz=-249.83, remainder_fraction=100.0000%, Lmin=-241.94, Lmax=-14.25
10:14:46 [ultranest] [DEBUG] iteration=840, ncalls=1981, regioncalls=63240, ndraw=40, logz=-248.62, remainder_fraction=100.0000%, Lmin=-238.99, Lmax=-14.25
10:14:46 [ultranest] [DEBUG] iteration=847, ncalls=2015, regioncalls=64600, ndraw=40, logz=-244.50, remainder_fraction=100.0000%, Lmin=-236.86, Lmax=-14.25
10:14:46 [ultranest] [DEBUG] iteration=858, ncalls=2050, regioncalls=66000, ndraw=40, logz=-239.56, remainder_fraction=100.0000%, Lmin=-232.13, Lmax=-14.25
10:14:46 [ultranest] [DEBUG] iteration=870, ncalls=2085, regioncalls=67400, ndraw=40, logz=-235.10, remainder_fraction=100.0000%, Lmin=-228.39, Lmax=-14.25
10:14:46 [ultranest] [DEBUG] iteration=877, ncalls=2123, regioncalls=68920, ndraw=40, logz=-232.97, remainder_fraction=100.0000%, Lmin=-225.35, Lmax=-14.25
10:14:46 [ultranest] [DEBUG] iteration=880, ncalls=2135, regioncalls=69400, ndraw=40, logz=-231.72, remainder_fraction=100.0000%, Lmin=-224.35, Lmax=-14.25
10:14:46 [ultranest] [DEBUG] iteration=889, ncalls=2169, regioncalls=70760, ndraw=40, logz=-227.85, remainder_fraction=100.0000%, Lmin=-220.83, Lmax=-14.25
10:14:46 [ultranest] [DEBUG] iteration=891, ncalls=2176, regioncalls=71040, ndraw=40, logz=-227.34, remainder_fraction=100.0000%, Lmin=-219.50, Lmax=-14.25
10:14:47 [ultranest] [DEBUG] iteration=901, ncalls=2209, regioncalls=72360, ndraw=40, logz=-223.30, remainder_fraction=100.0000%, Lmin=-215.20, Lmax=-14.25
10:14:47 [ultranest] [DEBUG] iteration=915, ncalls=2237, regioncalls=73480, ndraw=40, logz=-215.16, remainder_fraction=100.0000%, Lmin=-207.25, Lmax=-14.25
10:14:47 [ultranest] [DEBUG] iteration=920, ncalls=2250, regioncalls=74000, ndraw=40, logz=-213.43, remainder_fraction=100.0000%, Lmin=-206.17, Lmax=-14.25
10:14:47 [ultranest] [DEBUG] iteration=929, ncalls=2284, regioncalls=75360, ndraw=40, logz=-210.60, remainder_fraction=100.0000%, Lmin=-202.81, Lmax=-14.25
10:14:47 [ultranest] [DEBUG] iteration=943, ncalls=2317, regioncalls=76680, ndraw=40, logz=-203.69, remainder_fraction=100.0000%, Lmin=-195.22, Lmax=-14.25
10:14:47 [ultranest] [DEBUG] iteration=953, ncalls=2350, regioncalls=78000, ndraw=40, logz=-197.60, remainder_fraction=100.0000%, Lmin=-189.66, Lmax=-14.25
10:14:47 [ultranest] [DEBUG] iteration=960, ncalls=2388, regioncalls=79520, ndraw=40, logz=-194.24, remainder_fraction=100.0000%, Lmin=-186.27, Lmax=-14.25
10:14:47 [ultranest] [DEBUG] iteration=970, ncalls=2422, regioncalls=80880, ndraw=40, logz=-190.91, remainder_fraction=100.0000%, Lmin=-183.88, Lmax=-14.25
10:14:47 [ultranest] [DEBUG] iteration=978, ncalls=2453, regioncalls=82120, ndraw=40, logz=-189.04, remainder_fraction=100.0000%, Lmin=-181.67, Lmax=-14.25
10:14:47 [ultranest] [DEBUG] iteration=991, ncalls=2484, regioncalls=83360, ndraw=40, logz=-182.90, remainder_fraction=100.0000%, Lmin=-175.20, Lmax=-14.25
10:14:48 [ultranest] [DEBUG] iteration=999, ncalls=2518, regioncalls=84720, ndraw=40, logz=-179.86, remainder_fraction=100.0000%, Lmin=-172.39, Lmax=-14.25
10:14:48 [ultranest] [DEBUG] iteration=1000, ncalls=2525, regioncalls=85000, ndraw=40, logz=-179.58, remainder_fraction=100.0000%, Lmin=-171.40, Lmax=-14.25
10:14:48 [ultranest] [DEBUG] iteration=1014, ncalls=2562, regioncalls=86480, ndraw=40, logz=-172.83, remainder_fraction=100.0000%, Lmin=-164.83, Lmax=-14.25
10:14:48 [ultranest] [DEBUG] iteration=1026, ncalls=2595, regioncalls=87800, ndraw=40, logz=-168.75, remainder_fraction=100.0000%, Lmin=-161.25, Lmax=-14.25
10:14:48 [ultranest] [DEBUG] iteration=1033, ncalls=2633, regioncalls=89320, ndraw=40, logz=-166.21, remainder_fraction=100.0000%, Lmin=-158.93, Lmax=-14.25
10:14:48 [ultranest] [DEBUG] iteration=1040, ncalls=2650, regioncalls=90000, ndraw=40, logz=-163.79, remainder_fraction=100.0000%, Lmin=-156.28, Lmax=-14.25
10:14:48 [ultranest] [DEBUG] iteration=1046, ncalls=2689, regioncalls=91560, ndraw=40, logz=-161.29, remainder_fraction=100.0000%, Lmin=-153.42, Lmax=-14.25
10:14:48 [ultranest] [DEBUG] iteration=1047, ncalls=2727, regioncalls=93080, ndraw=40, logz=-160.95, remainder_fraction=100.0000%, Lmin=-153.36, Lmax=-14.25
10:14:48 [ultranest] [DEBUG] iteration=1049, ncalls=2740, regioncalls=93600, ndraw=40, logz=-160.44, remainder_fraction=100.0000%, Lmin=-152.50, Lmax=-14.25
10:14:48 [ultranest] [DEBUG] iteration=1056, ncalls=2773, regioncalls=94920, ndraw=40, logz=-158.58, remainder_fraction=100.0000%, Lmin=-150.49, Lmax=-14.25
10:14:48 [ultranest] [DEBUG] iteration=1070, ncalls=2804, regioncalls=96160, ndraw=40, logz=-153.31, remainder_fraction=100.0000%, Lmin=-145.50, Lmax=-14.25
10:14:49 [ultranest] [DEBUG] iteration=1079, ncalls=2854, regioncalls=98160, ndraw=40, logz=-150.19, remainder_fraction=100.0000%, Lmin=-142.31, Lmax=-14.25
10:14:49 [ultranest] [DEBUG] iteration=1080, ncalls=2858, regioncalls=98320, ndraw=40, logz=-149.87, remainder_fraction=100.0000%, Lmin=-141.80, Lmax=-14.25
10:14:49 [ultranest] [DEBUG] iteration=1085, ncalls=2895, regioncalls=99800, ndraw=40, logz=-148.09, remainder_fraction=100.0000%, Lmin=-139.69, Lmax=-14.25
10:14:49 [ultranest] [DEBUG] iteration=1095, ncalls=2929, regioncalls=101160, ndraw=40, logz=-144.36, remainder_fraction=100.0000%, Lmin=-136.64, Lmax=-14.25
10:14:49 [ultranest] [DEBUG] iteration=1108, ncalls=2967, regioncalls=102680, ndraw=40, logz=-138.94, remainder_fraction=100.0000%, Lmin=-131.12, Lmax=-14.03
10:14:49 [ultranest] [DEBUG] iteration=1119, ncalls=3001, regioncalls=104040, ndraw=40, logz=-135.41, remainder_fraction=100.0000%, Lmin=-127.80, Lmax=-14.03
10:14:49 [ultranest] [DEBUG] iteration=1120, ncalls=3002, regioncalls=104080, ndraw=40, logz=-135.19, remainder_fraction=100.0000%, Lmin=-127.75, Lmax=-14.03
10:14:49 [ultranest] [DEBUG] clustering found some stray points [need_accept=False] (array([1, 2]), array([349,   1]))
10:14:49 [ultranest] [DEBUG] iteration=1128, ncalls=3034, regioncalls=105360, ndraw=40, logz=-132.18, remainder_fraction=100.0000%, Lmin=-123.64, Lmax=-14.03
10:14:49 [ultranest] [DEBUG] iteration=1134, ncalls=3077, regioncalls=107080, ndraw=40, logz=-129.95, remainder_fraction=100.0000%, Lmin=-121.84, Lmax=-14.03
10:14:49 [ultranest] [DEBUG] iteration=1142, ncalls=3118, regioncalls=108720, ndraw=40, logz=-126.62, remainder_fraction=100.0000%, Lmin=-118.53, Lmax=-14.03
10:14:49 [ultranest] [DEBUG] iteration=1149, ncalls=3153, regioncalls=110120, ndraw=40, logz=-124.30, remainder_fraction=100.0000%, Lmin=-116.63, Lmax=-14.03
10:14:50 [ultranest] [DEBUG] iteration=1160, ncalls=3186, regioncalls=111440, ndraw=40, logz=-121.14, remainder_fraction=100.0000%, Lmin=-113.22, Lmax=-14.03
10:14:50 [ultranest] [DEBUG] iteration=1168, ncalls=3232, regioncalls=113280, ndraw=40, logz=-119.30, remainder_fraction=100.0000%, Lmin=-111.63, Lmax=-14.03
10:14:50 [ultranest] [DEBUG] iteration=1177, ncalls=3268, regioncalls=114720, ndraw=40, logz=-116.04, remainder_fraction=100.0000%, Lmin=-107.81, Lmax=-14.03
10:14:50 [ultranest] [DEBUG] iteration=1186, ncalls=3306, regioncalls=116240, ndraw=40, logz=-113.91, remainder_fraction=100.0000%, Lmin=-106.13, Lmax=-14.03
10:14:50 [ultranest] [DEBUG] iteration=1192, ncalls=3343, regioncalls=117720, ndraw=40, logz=-112.25, remainder_fraction=100.0000%, Lmin=-104.61, Lmax=-14.03
10:14:50 [ultranest] [DEBUG] iteration=1200, ncalls=3373, regioncalls=118920, ndraw=40, logz=-110.90, remainder_fraction=100.0000%, Lmin=-103.74, Lmax=-14.03
10:14:50 [ultranest] [DEBUG] iteration=1207, ncalls=3408, regioncalls=120320, ndraw=40, logz=-109.75, remainder_fraction=100.0000%, Lmin=-102.16, Lmax=-14.03
10:14:50 [ultranest] [DEBUG] iteration=1215, ncalls=3443, regioncalls=121720, ndraw=40, logz=-108.30, remainder_fraction=100.0000%, Lmin=-100.88, Lmax=-14.03
10:14:50 [ultranest] [DEBUG] iteration=1224, ncalls=3480, regioncalls=123200, ndraw=40, logz=-106.33, remainder_fraction=100.0000%, Lmin=-98.01, Lmax=-14.03
10:14:51 [ultranest] [DEBUG] iteration=1231, ncalls=3516, regioncalls=124640, ndraw=40, logz=-104.79, remainder_fraction=100.0000%, Lmin=-97.07, Lmax=-14.03
10:14:51 [ultranest] [DEBUG] iteration=1240, ncalls=3555, regioncalls=126200, ndraw=40, logz=-102.67, remainder_fraction=100.0000%, Lmin=-94.30, Lmax=-14.03
10:14:51 [ultranest] [DEBUG] iteration=1250, ncalls=3595, regioncalls=127800, ndraw=40, logz=-99.56, remainder_fraction=100.0000%, Lmin=-91.30, Lmax=-14.03
10:14:51 [ultranest] [DEBUG] iteration=1258, ncalls=3638, regioncalls=129520, ndraw=40, logz=-97.17, remainder_fraction=100.0000%, Lmin=-89.28, Lmax=-14.03
10:14:51 [ultranest] [DEBUG] iteration=1269, ncalls=3676, regioncalls=131040, ndraw=40, logz=-94.66, remainder_fraction=100.0000%, Lmin=-86.93, Lmax=-14.03
10:14:51 [ultranest] [DEBUG] iteration=1276, ncalls=3711, regioncalls=132440, ndraw=40, logz=-93.51, remainder_fraction=100.0000%, Lmin=-85.87, Lmax=-14.03
10:14:51 [ultranest] [DEBUG] iteration=1280, ncalls=3731, regioncalls=133240, ndraw=40, logz=-92.86, remainder_fraction=100.0000%, Lmin=-85.21, Lmax=-14.03
10:14:51 [ultranest] [DEBUG] clustering found some stray points [need_accept=False] (array([1, 2]), array([349,   1]))
10:14:51 [ultranest] [DEBUG] iteration=1289, ncalls=3761, regioncalls=134440, ndraw=40, logz=-91.31, remainder_fraction=100.0000%, Lmin=-83.32, Lmax=-14.03
10:14:51 [ultranest] [DEBUG] iteration=1297, ncalls=3799, regioncalls=135960, ndraw=40, logz=-89.81, remainder_fraction=100.0000%, Lmin=-81.95, Lmax=-14.03
10:14:52 [ultranest] [DEBUG] iteration=1304, ncalls=3830, regioncalls=137200, ndraw=40, logz=-88.72, remainder_fraction=100.0000%, Lmin=-81.05, Lmax=-14.03
10:14:52 [ultranest] [DEBUG] iteration=1316, ncalls=3862, regioncalls=138480, ndraw=40, logz=-86.86, remainder_fraction=100.0000%, Lmin=-78.98, Lmax=-14.03
10:14:52 [ultranest] [DEBUG] iteration=1320, ncalls=3874, regioncalls=138960, ndraw=40, logz=-86.25, remainder_fraction=100.0000%, Lmin=-78.59, Lmax=-14.03
10:14:52 [ultranest] [DEBUG] iteration=1327, ncalls=3905, regioncalls=140200, ndraw=40, logz=-84.68, remainder_fraction=100.0000%, Lmin=-76.02, Lmax=-14.03
10:14:52 [ultranest] [DEBUG] iteration=1335, ncalls=3937, regioncalls=141520, ndraw=40, logz=-82.77, remainder_fraction=100.0000%, Lmin=-74.61, Lmax=-14.03
10:14:52 [ultranest] [DEBUG] iteration=1343, ncalls=3974, regioncalls=143000, ndraw=40, logz=-80.96, remainder_fraction=100.0000%, Lmin=-72.86, Lmax=-14.03
10:14:52 [ultranest] [DEBUG] iteration=1349, ncalls=4013, regioncalls=144560, ndraw=40, logz=-79.37, remainder_fraction=100.0000%, Lmin=-70.96, Lmax=-14.03
10:14:52 [ultranest] [DEBUG] iteration=1355, ncalls=4062, regioncalls=146520, ndraw=40, logz=-78.06, remainder_fraction=100.0000%, Lmin=-70.13, Lmax=-14.03
10:14:52 [ultranest] [DEBUG] iteration=1360, ncalls=4073, regioncalls=146960, ndraw=40, logz=-77.36, remainder_fraction=100.0000%, Lmin=-69.77, Lmax=-14.03
10:14:52 [ultranest] [DEBUG] iteration=1365, ncalls=4092, regioncalls=147720, ndraw=40, logz=-76.68, remainder_fraction=100.0000%, Lmin=-68.91, Lmax=-14.03
10:14:52 [ultranest] [DEBUG] iteration=1376, ncalls=4122, regioncalls=148960, ndraw=40, logz=-75.06, remainder_fraction=100.0000%, Lmin=-67.30, Lmax=-14.03
10:14:53 [ultranest] [DEBUG] iteration=1382, ncalls=4162, regioncalls=150560, ndraw=40, logz=-74.28, remainder_fraction=100.0000%, Lmin=-66.51, Lmax=-14.03
10:14:53 [ultranest] [DEBUG] iteration=1394, ncalls=4198, regioncalls=152000, ndraw=40, logz=-71.96, remainder_fraction=100.0000%, Lmin=-64.00, Lmax=-14.03
10:14:53 [ultranest] [DEBUG] iteration=1400, ncalls=4209, regioncalls=152440, ndraw=40, logz=-71.21, remainder_fraction=100.0000%, Lmin=-63.66, Lmax=-14.03
10:14:53 [ultranest] [DEBUG] iteration=1412, ncalls=4241, regioncalls=153720, ndraw=40, logz=-70.05, remainder_fraction=100.0000%, Lmin=-62.46, Lmax=-14.03
10:14:53 [ultranest] [DEBUG] iteration=1423, ncalls=4276, regioncalls=155120, ndraw=40, logz=-68.23, remainder_fraction=100.0000%, Lmin=-60.15, Lmax=-13.84
10:14:53 [ultranest] [DEBUG] iteration=1433, ncalls=4311, regioncalls=156520, ndraw=40, logz=-66.76, remainder_fraction=100.0000%, Lmin=-58.57, Lmax=-13.84
10:14:53 [ultranest] [DEBUG] iteration=1440, ncalls=4345, regioncalls=157880, ndraw=40, logz=-65.67, remainder_fraction=100.0000%, Lmin=-57.82, Lmax=-13.84
10:14:53 [ultranest] [DEBUG] iteration=1446, ncalls=4380, regioncalls=159280, ndraw=40, logz=-64.79, remainder_fraction=100.0000%, Lmin=-56.72, Lmax=-13.84
10:14:53 [ultranest] [DEBUG] iteration=1456, ncalls=4413, regioncalls=160600, ndraw=40, logz=-63.43, remainder_fraction=100.0000%, Lmin=-55.48, Lmax=-13.84
10:14:53 [ultranest] [DEBUG] iteration=1461, ncalls=4451, regioncalls=162120, ndraw=40, logz=-62.66, remainder_fraction=100.0000%, Lmin=-54.45, Lmax=-13.84
10:14:54 [ultranest] [DEBUG] iteration=1471, ncalls=4490, regioncalls=163680, ndraw=40, logz=-61.20, remainder_fraction=100.0000%, Lmin=-53.36, Lmax=-13.84
10:14:54 [ultranest] [DEBUG] iteration=1475, ncalls=4532, regioncalls=165360, ndraw=40, logz=-60.77, remainder_fraction=100.0000%, Lmin=-53.12, Lmax=-13.84
10:14:54 [ultranest] [DEBUG] iteration=1480, ncalls=4543, regioncalls=165800, ndraw=40, logz=-60.34, remainder_fraction=100.0000%, Lmin=-52.95, Lmax=-13.84
10:14:54 [ultranest] [DEBUG] iteration=1490, ncalls=4576, regioncalls=167120, ndraw=40, logz=-59.44, remainder_fraction=100.0000%, Lmin=-51.80, Lmax=-13.84
10:14:54 [ultranest] [DEBUG] iteration=1500, ncalls=4609, regioncalls=168440, ndraw=40, logz=-58.61, remainder_fraction=100.0000%, Lmin=-51.04, Lmax=-13.84
10:14:54 [ultranest] [DEBUG] iteration=1508, ncalls=4645, regioncalls=169880, ndraw=40, logz=-57.81, remainder_fraction=100.0000%, Lmin=-49.68, Lmax=-13.84
10:14:54 [ultranest] [DEBUG] iteration=1516, ncalls=4682, regioncalls=171360, ndraw=40, logz=-56.96, remainder_fraction=100.0000%, Lmin=-49.03, Lmax=-13.84
10:14:54 [ultranest] [DEBUG] iteration=1520, ncalls=4694, regioncalls=171840, ndraw=40, logz=-56.50, remainder_fraction=100.0000%, Lmin=-48.04, Lmax=-13.84
10:14:54 [ultranest] [DEBUG] iteration=1525, ncalls=4722, regioncalls=172960, ndraw=40, logz=-55.67, remainder_fraction=100.0000%, Lmin=-47.44, Lmax=-13.84
10:14:54 [ultranest] [DEBUG] iteration=1532, ncalls=4759, regioncalls=174440, ndraw=40, logz=-54.85, remainder_fraction=100.0000%, Lmin=-46.36, Lmax=-13.84
10:14:55 [ultranest] [DEBUG] iteration=1542, ncalls=4795, regioncalls=175880, ndraw=40, logz=-53.43, remainder_fraction=100.0000%, Lmin=-44.83, Lmax=-13.84
10:14:55 [ultranest] [DEBUG] iteration=1551, ncalls=4830, regioncalls=177280, ndraw=40, logz=-52.24, remainder_fraction=100.0000%, Lmin=-44.19, Lmax=-13.84
10:14:55 [ultranest] [DEBUG] iteration=1558, ncalls=4864, regioncalls=178640, ndraw=40, logz=-51.59, remainder_fraction=100.0000%, Lmin=-43.91, Lmax=-13.84
10:14:55 [ultranest] [DEBUG] iteration=1560, ncalls=4868, regioncalls=178800, ndraw=40, logz=-51.44, remainder_fraction=100.0000%, Lmin=-43.78, Lmax=-13.84
10:14:55 [ultranest] [DEBUG] iteration=1570, ncalls=4905, regioncalls=180280, ndraw=40, logz=-50.69, remainder_fraction=100.0000%, Lmin=-42.98, Lmax=-13.84
10:14:55 [ultranest] [DEBUG] iteration=1576, ncalls=4941, regioncalls=181720, ndraw=40, logz=-50.19, remainder_fraction=100.0000%, Lmin=-42.37, Lmax=-13.84
10:14:55 [ultranest] [DEBUG] iteration=1583, ncalls=4978, regioncalls=183200, ndraw=40, logz=-49.68, remainder_fraction=100.0000%, Lmin=-42.06, Lmax=-13.84
10:14:55 [ultranest] [DEBUG] iteration=1592, ncalls=5015, regioncalls=184680, ndraw=40, logz=-48.99, remainder_fraction=100.0000%, Lmin=-41.26, Lmax=-13.84
10:14:55 [ultranest] [DEBUG] iteration=1599, ncalls=5051, regioncalls=186120, ndraw=40, logz=-48.49, remainder_fraction=100.0000%, Lmin=-40.78, Lmax=-13.84
10:14:55 [ultranest] [DEBUG] iteration=1600, ncalls=5052, regioncalls=186160, ndraw=40, logz=-48.42, remainder_fraction=100.0000%, Lmin=-40.64, Lmax=-13.84
10:14:55 [ultranest] [DEBUG] iteration=1605, ncalls=5082, regioncalls=187360, ndraw=40, logz=-48.08, remainder_fraction=100.0000%, Lmin=-40.29, Lmax=-13.84
10:14:56 [ultranest] [DEBUG] iteration=1611, ncalls=5122, regioncalls=188960, ndraw=40, logz=-47.63, remainder_fraction=100.0000%, Lmin=-39.94, Lmax=-13.84
10:14:56 [ultranest] [DEBUG] iteration=1618, ncalls=5156, regioncalls=190320, ndraw=40, logz=-47.20, remainder_fraction=100.0000%, Lmin=-39.71, Lmax=-13.84
10:14:56 [ultranest] [DEBUG] iteration=1630, ncalls=5192, regioncalls=191760, ndraw=40, logz=-46.44, remainder_fraction=100.0000%, Lmin=-38.67, Lmax=-13.84
10:14:56 [ultranest] [DEBUG] iteration=1635, ncalls=5227, regioncalls=193160, ndraw=40, logz=-46.11, remainder_fraction=100.0000%, Lmin=-38.28, Lmax=-13.84
10:14:56 [ultranest] [DEBUG] iteration=1640, ncalls=5239, regioncalls=193640, ndraw=40, logz=-45.76, remainder_fraction=100.0000%, Lmin=-37.87, Lmax=-13.84
10:14:56 [ultranest] [DEBUG] iteration=1646, ncalls=5274, regioncalls=195040, ndraw=40, logz=-45.30, remainder_fraction=100.0000%, Lmin=-37.41, Lmax=-13.84
10:14:56 [ultranest] [DEBUG] iteration=1653, ncalls=5310, regioncalls=196480, ndraw=40, logz=-44.80, remainder_fraction=100.0000%, Lmin=-36.76, Lmax=-13.84
10:14:56 [ultranest] [DEBUG] iteration=1662, ncalls=5347, regioncalls=197960, ndraw=40, logz=-44.04, remainder_fraction=100.0000%, Lmin=-35.96, Lmax=-13.84
10:14:56 [ultranest] [DEBUG] iteration=1670, ncalls=5381, regioncalls=199320, ndraw=40, logz=-43.46, remainder_fraction=100.0000%, Lmin=-35.49, Lmax=-13.84
10:14:56 [ultranest] [DEBUG] iteration=1676, ncalls=5420, regioncalls=200880, ndraw=40, logz=-43.03, remainder_fraction=100.0000%, Lmin=-35.24, Lmax=-13.84
10:14:56 [ultranest] [DEBUG] iteration=1680, ncalls=5436, regioncalls=201520, ndraw=40, logz=-42.78, remainder_fraction=100.0000%, Lmin=-34.92, Lmax=-13.84
10:14:57 [ultranest] [DEBUG] iteration=1686, ncalls=5464, regioncalls=202640, ndraw=40, logz=-42.42, remainder_fraction=100.0000%, Lmin=-34.69, Lmax=-13.84
10:14:57 [ultranest] [DEBUG] iteration=1691, ncalls=5501, regioncalls=204120, ndraw=40, logz=-42.14, remainder_fraction=100.0000%, Lmin=-34.49, Lmax=-13.84
10:14:57 [ultranest] [DEBUG] iteration=1699, ncalls=5555, regioncalls=206280, ndraw=40, logz=-41.78, remainder_fraction=100.0000%, Lmin=-34.34, Lmax=-13.84
10:14:57 [ultranest] [DEBUG] iteration=1703, ncalls=5599, regioncalls=208040, ndraw=40, logz=-41.62, remainder_fraction=100.0000%, Lmin=-34.15, Lmax=-13.84
10:14:57 [ultranest] [DEBUG] iteration=1709, ncalls=5636, regioncalls=209520, ndraw=40, logz=-41.35, remainder_fraction=100.0000%, Lmin=-33.73, Lmax=-13.84
10:14:57 [ultranest] [DEBUG] iteration=1717, ncalls=5686, regioncalls=211520, ndraw=40, logz=-40.99, remainder_fraction=100.0000%, Lmin=-33.48, Lmax=-13.84
10:14:57 [ultranest] [DEBUG] iteration=1720, ncalls=5702, regioncalls=212160, ndraw=40, logz=-40.87, remainder_fraction=100.0000%, Lmin=-33.33, Lmax=-13.84
10:14:57 [ultranest] [DEBUG] iteration=1725, ncalls=5735, regioncalls=213480, ndraw=40, logz=-40.66, remainder_fraction=100.0000%, Lmin=-33.14, Lmax=-13.84
10:14:57 [ultranest] [DEBUG] iteration=1732, ncalls=5774, regioncalls=215040, ndraw=40, logz=-40.40, remainder_fraction=100.0000%, Lmin=-32.99, Lmax=-13.84
10:14:58 [ultranest] [DEBUG] iteration=1738, ncalls=5814, regioncalls=216640, ndraw=40, logz=-40.16, remainder_fraction=100.0000%, Lmin=-32.54, Lmax=-13.84
10:14:58 [ultranest] [DEBUG] iteration=1748, ncalls=5849, regioncalls=218040, ndraw=40, logz=-39.74, remainder_fraction=100.0000%, Lmin=-32.18, Lmax=-13.84
10:14:58 [ultranest] [DEBUG] iteration=1752, ncalls=5889, regioncalls=219640, ndraw=40, logz=-39.58, remainder_fraction=100.0000%, Lmin=-32.02, Lmax=-13.84
10:14:58 [ultranest] [DEBUG] iteration=1758, ncalls=5926, regioncalls=221120, ndraw=40, logz=-39.36, remainder_fraction=100.0000%, Lmin=-31.94, Lmax=-13.84
10:14:58 [ultranest] [DEBUG] iteration=1760, ncalls=5931, regioncalls=221320, ndraw=40, logz=-39.29, remainder_fraction=100.0000%, Lmin=-31.86, Lmax=-13.84
10:14:58 [ultranest] [DEBUG] iteration=1768, ncalls=5970, regioncalls=222880, ndraw=40, logz=-39.03, remainder_fraction=100.0000%, Lmin=-31.62, Lmax=-13.84
10:14:58 [ultranest] [DEBUG] iteration=1776, ncalls=6007, regioncalls=224360, ndraw=40, logz=-38.78, remainder_fraction=100.0000%, Lmin=-31.35, Lmax=-13.84
10:14:58 [ultranest] [DEBUG] iteration=1779, ncalls=6046, regioncalls=225920, ndraw=40, logz=-38.68, remainder_fraction=100.0000%, Lmin=-31.25, Lmax=-13.84
10:14:58 [ultranest] [DEBUG] iteration=1786, ncalls=6082, regioncalls=227360, ndraw=40, logz=-38.46, remainder_fraction=100.0000%, Lmin=-31.10, Lmax=-13.84
10:14:59 [ultranest] [DEBUG] iteration=1793, ncalls=6133, regioncalls=229400, ndraw=40, logz=-38.26, remainder_fraction=100.0000%, Lmin=-31.01, Lmax=-13.84
10:14:59 [ultranest] [DEBUG] iteration=1798, ncalls=6169, regioncalls=230840, ndraw=40, logz=-38.14, remainder_fraction=100.0000%, Lmin=-30.80, Lmax=-13.84
10:14:59 [ultranest] [DEBUG] iteration=1800, ncalls=6186, regioncalls=231520, ndraw=40, logz=-38.08, remainder_fraction=100.0000%, Lmin=-30.74, Lmax=-13.84
10:14:59 [ultranest] [DEBUG] iteration=1803, ncalls=6224, regioncalls=233040, ndraw=40, logz=-38.00, remainder_fraction=100.0000%, Lmin=-30.66, Lmax=-13.84
10:14:59 [ultranest] [DEBUG] iteration=1809, ncalls=6268, regioncalls=234800, ndraw=40, logz=-37.83, remainder_fraction=100.0000%, Lmin=-30.49, Lmax=-13.84
10:14:59 [ultranest] [DEBUG] iteration=1815, ncalls=6310, regioncalls=236480, ndraw=40, logz=-37.67, remainder_fraction=100.0000%, Lmin=-30.33, Lmax=-13.84
10:14:59 [ultranest] [DEBUG] iteration=1823, ncalls=6346, regioncalls=237920, ndraw=40, logz=-37.46, remainder_fraction=100.0000%, Lmin=-30.13, Lmax=-13.84
10:14:59 [ultranest] [DEBUG] iteration=1828, ncalls=6385, regioncalls=239480, ndraw=40, logz=-37.33, remainder_fraction=100.0000%, Lmin=-29.92, Lmax=-13.84
10:14:59 [ultranest] [DEBUG] iteration=1832, ncalls=6427, regioncalls=241160, ndraw=40, logz=-37.23, remainder_fraction=100.0000%, Lmin=-29.88, Lmax=-13.84
10:15:00 [ultranest] [DEBUG] iteration=1836, ncalls=6473, regioncalls=243000, ndraw=40, logz=-37.13, remainder_fraction=100.0000%, Lmin=-29.81, Lmax=-13.84
10:15:00 [ultranest] [DEBUG] iteration=1839, ncalls=6506, regioncalls=244320, ndraw=40, logz=-37.06, remainder_fraction=100.0000%, Lmin=-29.78, Lmax=-13.84
10:15:00 [ultranest] [DEBUG] iteration=1840, ncalls=6517, regioncalls=244760, ndraw=40, logz=-37.03, remainder_fraction=100.0000%, Lmin=-29.77, Lmax=-13.84
10:15:00 [ultranest] [DEBUG] iteration=1843, ncalls=6554, regioncalls=246240, ndraw=40, logz=-36.96, remainder_fraction=100.0000%, Lmin=-29.70, Lmax=-13.84
10:15:00 [ultranest] [DEBUG] iteration=1849, ncalls=6593, regioncalls=247800, ndraw=40, logz=-36.83, remainder_fraction=100.0000%, Lmin=-29.61, Lmax=-13.84
10:15:00 [ultranest] [DEBUG] iteration=1853, ncalls=6630, regioncalls=249280, ndraw=40, logz=-36.74, remainder_fraction=100.0000%, Lmin=-29.53, Lmax=-13.84
10:15:00 [ultranest] [DEBUG] iteration=1861, ncalls=6672, regioncalls=250960, ndraw=40, logz=-36.57, remainder_fraction=99.9999%, Lmin=-29.26, Lmax=-13.84
10:15:00 [ultranest] [DEBUG] iteration=1866, ncalls=6710, regioncalls=252480, ndraw=40, logz=-36.45, remainder_fraction=99.9999%, Lmin=-29.12, Lmax=-13.84
10:15:00 [ultranest] [DEBUG] iteration=1872, ncalls=6751, regioncalls=254120, ndraw=40, logz=-36.32, remainder_fraction=99.9999%, Lmin=-29.00, Lmax=-13.84
10:15:01 [ultranest] [DEBUG] iteration=1875, ncalls=6791, regioncalls=255720, ndraw=40, logz=-36.25, remainder_fraction=99.9999%, Lmin=-28.90, Lmax=-13.84
10:15:01 [ultranest] [DEBUG] iteration=1880, ncalls=6831, regioncalls=257320, ndraw=40, logz=-36.14, remainder_fraction=99.9999%, Lmin=-28.77, Lmax=-13.84
10:15:01 [ultranest] [DEBUG] iteration=1888, ncalls=6869, regioncalls=258840, ndraw=40, logz=-35.96, remainder_fraction=99.9999%, Lmin=-28.55, Lmax=-13.84
10:15:01 [ultranest] [DEBUG] iteration=1894, ncalls=6934, regioncalls=261440, ndraw=40, logz=-35.81, remainder_fraction=99.9999%, Lmin=-28.31, Lmax=-13.84
10:15:01 [ultranest] [DEBUG] iteration=1900, ncalls=6969, regioncalls=262840, ndraw=40, logz=-35.64, remainder_fraction=99.9998%, Lmin=-27.84, Lmax=-13.84
10:15:01 [ultranest] [DEBUG] iteration=1908, ncalls=7008, regioncalls=264400, ndraw=40, logz=-35.40, remainder_fraction=99.9998%, Lmin=-27.72, Lmax=-13.84
10:15:01 [ultranest] [DEBUG] iteration=1916, ncalls=7044, regioncalls=265840, ndraw=40, logz=-35.17, remainder_fraction=99.9998%, Lmin=-27.45, Lmax=-13.84
10:15:01 [ultranest] [DEBUG] iteration=1918, ncalls=7063, regioncalls=266640, ndraw=40, logz=-35.11, remainder_fraction=99.9997%, Lmin=-27.34, Lmax=-13.84
10:15:01 [ultranest] [DEBUG] iteration=1920, ncalls=7065, regioncalls=266720, ndraw=40, logz=-35.05, remainder_fraction=99.9997%, Lmin=-27.31, Lmax=-13.84
10:15:01 [ultranest] [DEBUG] iteration=1934, ncalls=7093, regioncalls=267920, ndraw=40, logz=-34.68, remainder_fraction=99.9996%, Lmin=-27.10, Lmax=-13.84
10:15:02 [ultranest] [DEBUG] iteration=1950, ncalls=7124, regioncalls=269200, ndraw=40, logz=-34.32, remainder_fraction=99.9994%, Lmin=-26.84, Lmax=-13.84
10:15:02 [ultranest] [DEBUG] iteration=1960, ncalls=7143, regioncalls=269960, ndraw=40, logz=-34.11, remainder_fraction=99.9993%, Lmin=-26.60, Lmax=-13.84
10:15:02 [ultranest] [DEBUG] iteration=1972, ncalls=7175, regioncalls=271240, ndraw=40, logz=-33.85, remainder_fraction=99.9990%, Lmin=-26.25, Lmax=-13.84
10:15:02 [ultranest] [DEBUG] iteration=1987, ncalls=7206, regioncalls=272480, ndraw=40, logz=-33.50, remainder_fraction=99.9987%, Lmin=-25.83, Lmax=-13.84
10:15:02 [ultranest] [DEBUG] iteration=2000, ncalls=7224, regioncalls=273200, ndraw=40, logz=-33.22, remainder_fraction=99.9982%, Lmin=-25.62, Lmax=-13.84
10:15:02 [ultranest] [DEBUG] iteration=2012, ncalls=7253, regioncalls=274360, ndraw=40, logz=-32.98, remainder_fraction=99.9976%, Lmin=-25.24, Lmax=-13.84
10:15:02 [ultranest] [DEBUG] iteration=2029, ncalls=7283, regioncalls=275560, ndraw=40, logz=-32.59, remainder_fraction=99.9964%, Lmin=-24.75, Lmax=-13.84
10:15:02 [ultranest] [DEBUG] iteration=2040, ncalls=7308, regioncalls=276560, ndraw=40, logz=-32.34, remainder_fraction=99.9956%, Lmin=-24.53, Lmax=-13.84
10:15:02 [ultranest] [DEBUG] iteration=2052, ncalls=7341, regioncalls=277880, ndraw=40, logz=-32.06, remainder_fraction=99.9942%, Lmin=-24.23, Lmax=-13.84
10:15:02 [ultranest] [DEBUG] iteration=2063, ncalls=7374, regioncalls=279200, ndraw=40, logz=-31.83, remainder_fraction=99.9927%, Lmin=-23.96, Lmax=-13.84
10:15:02 [ultranest] [DEBUG] iteration=2076, ncalls=7400, regioncalls=280240, ndraw=40, logz=-31.53, remainder_fraction=99.9899%, Lmin=-23.62, Lmax=-13.84
10:15:03 [ultranest] [DEBUG] iteration=2080, ncalls=7406, regioncalls=280520, ndraw=40, logz=-31.45, remainder_fraction=99.9890%, Lmin=-23.56, Lmax=-13.84
10:15:03 [ultranest] [DEBUG] iteration=2092, ncalls=7432, regioncalls=281600, ndraw=40, logz=-31.19, remainder_fraction=99.9857%, Lmin=-23.32, Lmax=-13.84
10:15:03 [ultranest] [DEBUG] iteration=2110, ncalls=7464, regioncalls=282920, ndraw=40, logz=-30.83, remainder_fraction=99.9789%, Lmin=-22.88, Lmax=-13.84
10:15:03 [ultranest] [DEBUG] iteration=2120, ncalls=7479, regioncalls=283520, ndraw=40, logz=-30.62, remainder_fraction=99.9744%, Lmin=-22.62, Lmax=-13.84
10:15:03 [ultranest] [DEBUG] iteration=2133, ncalls=7511, regioncalls=284800, ndraw=40, logz=-30.34, remainder_fraction=99.9657%, Lmin=-22.34, Lmax=-13.84
10:15:03 [ultranest] [DEBUG] iteration=2144, ncalls=7543, regioncalls=286080, ndraw=40, logz=-30.12, remainder_fraction=99.9570%, Lmin=-22.11, Lmax=-13.84
10:15:03 [ultranest] [DEBUG] iteration=2155, ncalls=7575, regioncalls=287400, ndraw=40, logz=-29.91, remainder_fraction=99.9475%, Lmin=-21.92, Lmax=-13.84
10:15:03 [ultranest] [DEBUG] iteration=2160, ncalls=7581, regioncalls=287640, ndraw=40, logz=-29.81, remainder_fraction=99.9430%, Lmin=-21.86, Lmax=-13.84
10:15:03 [ultranest] [DEBUG] iteration=2175, ncalls=7610, regioncalls=288840, ndraw=40, logz=-29.55, remainder_fraction=99.9263%, Lmin=-21.60, Lmax=-13.84
10:15:03 [ultranest] [DEBUG] iteration=2192, ncalls=7639, regioncalls=290000, ndraw=40, logz=-29.26, remainder_fraction=99.9044%, Lmin=-21.31, Lmax=-13.84
10:15:03 [ultranest] [DEBUG] iteration=2200, ncalls=7657, regioncalls=290720, ndraw=40, logz=-29.12, remainder_fraction=99.8898%, Lmin=-21.18, Lmax=-13.84
10:15:04 [ultranest] [DEBUG] iteration=2217, ncalls=7687, regioncalls=291920, ndraw=40, logz=-28.85, remainder_fraction=99.8502%, Lmin=-20.88, Lmax=-13.84
10:15:04 [ultranest] [DEBUG] iteration=2232, ncalls=7717, regioncalls=293120, ndraw=40, logz=-28.62, remainder_fraction=99.8077%, Lmin=-20.68, Lmax=-13.84
10:15:04 [ultranest] [DEBUG] iteration=2234, ncalls=7719, regioncalls=293240, ndraw=40, logz=-28.59, remainder_fraction=99.8009%, Lmin=-20.66, Lmax=-13.84
10:15:04 [ultranest] [DEBUG] iteration=2240, ncalls=7729, regioncalls=293640, ndraw=40, logz=-28.50, remainder_fraction=99.7882%, Lmin=-20.49, Lmax=-13.84
10:15:04 [ultranest] [DEBUG] iteration=2255, ncalls=7759, regioncalls=294840, ndraw=40, logz=-28.28, remainder_fraction=99.7452%, Lmin=-20.26, Lmax=-13.84
10:15:04 [ultranest] [DEBUG] iteration=2270, ncalls=7789, regioncalls=296040, ndraw=40, logz=-28.06, remainder_fraction=99.6770%, Lmin=-19.99, Lmax=-13.84
10:15:04 [ultranest] [DEBUG] iteration=2280, ncalls=7803, regioncalls=296600, ndraw=40, logz=-27.91, remainder_fraction=99.6352%, Lmin=-19.88, Lmax=-13.84
10:15:04 [ultranest] [DEBUG] iteration=2296, ncalls=7833, regioncalls=297800, ndraw=40, logz=-27.68, remainder_fraction=99.5379%, Lmin=-19.64, Lmax=-13.84
10:15:04 [ultranest] [DEBUG] iteration=2308, ncalls=7864, regioncalls=299040, ndraw=40, logz=-27.52, remainder_fraction=99.4567%, Lmin=-19.45, Lmax=-13.84
10:15:04 [ultranest] [DEBUG] iteration=2313, ncalls=7874, regioncalls=299480, ndraw=40, logz=-27.45, remainder_fraction=99.4231%, Lmin=-19.39, Lmax=-13.84
10:15:04 [ultranest] [DEBUG] iteration=2320, ncalls=7884, regioncalls=299880, ndraw=40, logz=-27.36, remainder_fraction=99.3601%, Lmin=-19.30, Lmax=-13.84
10:15:04 [ultranest] [DEBUG] iteration=2336, ncalls=7911, regioncalls=300960, ndraw=40, logz=-27.15, remainder_fraction=99.2055%, Lmin=-19.03, Lmax=-13.84
10:15:04 [ultranest] [DEBUG] iteration=2353, ncalls=7943, regioncalls=302240, ndraw=40, logz=-26.93, remainder_fraction=99.0087%, Lmin=-18.81, Lmax=-13.84
10:15:04 [ultranest] [DEBUG] iteration=2360, ncalls=7955, regioncalls=302720, ndraw=40, logz=-26.85, remainder_fraction=98.9111%, Lmin=-18.72, Lmax=-13.84
10:15:05 [ultranest] [DEBUG] iteration=2375, ncalls=7985, regioncalls=303920, ndraw=40, logz=-26.67, remainder_fraction=98.6960%, Lmin=-18.55, Lmax=-13.84
10:15:05 [ultranest] [DEBUG] iteration=2388, ncalls=8017, regioncalls=305200, ndraw=40, logz=-26.52, remainder_fraction=98.4712%, Lmin=-18.37, Lmax=-13.84
10:15:05 [ultranest] [DEBUG] iteration=2399, ncalls=8043, regioncalls=306240, ndraw=40, logz=-26.39, remainder_fraction=98.2372%, Lmin=-18.27, Lmax=-13.84
10:15:05 [ultranest] [DEBUG] iteration=2400, ncalls=8046, regioncalls=306360, ndraw=40, logz=-26.38, remainder_fraction=98.2163%, Lmin=-18.26, Lmax=-13.84
10:15:05 [ultranest] [DEBUG] iteration=2414, ncalls=8072, regioncalls=307400, ndraw=40, logz=-26.23, remainder_fraction=97.9590%, Lmin=-18.15, Lmax=-13.84
10:15:05 [ultranest] [DEBUG] iteration=2428, ncalls=8104, regioncalls=308680, ndraw=40, logz=-26.09, remainder_fraction=97.6452%, Lmin=-18.02, Lmax=-13.84
10:15:05 [ultranest] [DEBUG] iteration=2440, ncalls=8134, regioncalls=309880, ndraw=40, logz=-25.98, remainder_fraction=97.3684%, Lmin=-17.88, Lmax=-13.84
10:15:05 [ultranest] [DEBUG] iteration=2456, ncalls=8164, regioncalls=311080, ndraw=40, logz=-25.83, remainder_fraction=96.9773%, Lmin=-17.72, Lmax=-13.83
10:15:05 [ultranest] [DEBUG] iteration=2471, ncalls=8191, regioncalls=312160, ndraw=40, logz=-25.70, remainder_fraction=96.5903%, Lmin=-17.64, Lmax=-13.83
10:15:05 [ultranest] [DEBUG] iteration=2480, ncalls=8206, regioncalls=312800, ndraw=40, logz=-25.63, remainder_fraction=96.3276%, Lmin=-17.57, Lmax=-13.83
10:15:05 [ultranest] [DEBUG] iteration=2494, ncalls=8235, regioncalls=313960, ndraw=40, logz=-25.51, remainder_fraction=95.8885%, Lmin=-17.47, Lmax=-13.83
10:15:06 [ultranest] [DEBUG] iteration=2509, ncalls=8265, regioncalls=315160, ndraw=40, logz=-25.40, remainder_fraction=95.5342%, Lmin=-17.38, Lmax=-13.83
10:15:06 [ultranest] [DEBUG] iteration=2520, ncalls=8287, regioncalls=316040, ndraw=40, logz=-25.32, remainder_fraction=95.1942%, Lmin=-17.29, Lmax=-13.83
10:15:06 [ultranest] [DEBUG] iteration=2536, ncalls=8317, regioncalls=317240, ndraw=40, logz=-25.21, remainder_fraction=94.6050%, Lmin=-17.17, Lmax=-13.83
10:15:06 [ultranest] [DEBUG] iteration=2550, ncalls=8339, regioncalls=318160, ndraw=40, logz=-25.12, remainder_fraction=94.0079%, Lmin=-17.06, Lmax=-13.83
10:15:06 [ultranest] [DEBUG] iteration=2560, ncalls=8355, regioncalls=318800, ndraw=40, logz=-25.05, remainder_fraction=93.5407%, Lmin=-16.94, Lmax=-13.83
10:15:06 [ultranest] [DEBUG] iteration=2574, ncalls=8386, regioncalls=320120, ndraw=40, logz=-24.95, remainder_fraction=92.9026%, Lmin=-16.80, Lmax=-13.83
10:15:06 [ultranest] [DEBUG] iteration=2591, ncalls=8416, regioncalls=321320, ndraw=40, logz=-24.83, remainder_fraction=91.9992%, Lmin=-16.66, Lmax=-13.83
10:15:06 [ultranest] [DEBUG] iteration=2600, ncalls=8432, regioncalls=321960, ndraw=40, logz=-24.78, remainder_fraction=91.4505%, Lmin=-16.59, Lmax=-13.83
10:15:06 [ultranest] [DEBUG] iteration=2614, ncalls=8463, regioncalls=323200, ndraw=40, logz=-24.68, remainder_fraction=90.5924%, Lmin=-16.47, Lmax=-13.83
10:15:06 [ultranest] [DEBUG] iteration=2627, ncalls=8495, regioncalls=324480, ndraw=40, logz=-24.60, remainder_fraction=89.9149%, Lmin=-16.33, Lmax=-13.83
10:15:06 [ultranest] [DEBUG] iteration=2629, ncalls=8500, regioncalls=324720, ndraw=40, logz=-24.58, remainder_fraction=89.8361%, Lmin=-16.32, Lmax=-13.83
10:15:06 [ultranest] [DEBUG] iteration=2640, ncalls=8515, regioncalls=325320, ndraw=40, logz=-24.51, remainder_fraction=89.0270%, Lmin=-16.29, Lmax=-13.83
10:15:07 [ultranest] [DEBUG] iteration=2654, ncalls=8545, regioncalls=326520, ndraw=40, logz=-24.43, remainder_fraction=88.1296%, Lmin=-16.20, Lmax=-13.83
10:15:07 [ultranest] [DEBUG] iteration=2669, ncalls=8575, regioncalls=327720, ndraw=40, logz=-24.34, remainder_fraction=87.0845%, Lmin=-16.11, Lmax=-13.83
10:15:07 [ultranest] [DEBUG] iteration=2680, ncalls=8594, regioncalls=328480, ndraw=40, logz=-24.28, remainder_fraction=86.3278%, Lmin=-16.05, Lmax=-13.83
10:15:07 [ultranest] [DEBUG] iteration=2696, ncalls=8624, regioncalls=329680, ndraw=40, logz=-24.20, remainder_fraction=85.2855%, Lmin=-16.01, Lmax=-13.83
10:15:07 [ultranest] [DEBUG] iteration=2708, ncalls=8646, regioncalls=330600, ndraw=40, logz=-24.14, remainder_fraction=84.4128%, Lmin=-15.96, Lmax=-13.83
10:15:07 [ultranest] [DEBUG] iteration=2720, ncalls=8668, regioncalls=331480, ndraw=40, logz=-24.08, remainder_fraction=83.5598%, Lmin=-15.90, Lmax=-13.83
10:15:07 [ultranest] [DEBUG] iteration=2736, ncalls=8701, regioncalls=332800, ndraw=40, logz=-24.01, remainder_fraction=82.2057%, Lmin=-15.81, Lmax=-13.83
10:15:07 [ultranest] [DEBUG] iteration=2749, ncalls=8731, regioncalls=334000, ndraw=40, logz=-23.95, remainder_fraction=81.1229%, Lmin=-15.73, Lmax=-13.83
10:15:07 [ultranest] [DEBUG] iteration=2760, ncalls=8751, regioncalls=334800, ndraw=40, logz=-23.90, remainder_fraction=80.2571%, Lmin=-15.70, Lmax=-13.83
10:15:07 [ultranest] [DEBUG] iteration=2774, ncalls=8783, regioncalls=336080, ndraw=40, logz=-23.84, remainder_fraction=79.1213%, Lmin=-15.64, Lmax=-13.83
10:15:07 [ultranest] [DEBUG] iteration=2787, ncalls=8804, regioncalls=336960, ndraw=40, logz=-23.79, remainder_fraction=78.1393%, Lmin=-15.55, Lmax=-13.83
10:15:08 [ultranest] [DEBUG] iteration=2800, ncalls=8831, regioncalls=338040, ndraw=40, logz=-23.74, remainder_fraction=76.9172%, Lmin=-15.51, Lmax=-13.83
10:15:08 [ultranest] [DEBUG] iteration=2813, ncalls=8864, regioncalls=339360, ndraw=40, logz=-23.69, remainder_fraction=75.7413%, Lmin=-15.46, Lmax=-13.83
10:15:08 [ultranest] [DEBUG] iteration=2827, ncalls=8896, regioncalls=340640, ndraw=40, logz=-23.64, remainder_fraction=74.4473%, Lmin=-15.40, Lmax=-13.83
10:15:08 [ultranest] [DEBUG] iteration=2840, ncalls=8919, regioncalls=341560, ndraw=40, logz=-23.59, remainder_fraction=73.2953%, Lmin=-15.33, Lmax=-13.83
10:15:08 [ultranest] [DEBUG] iteration=2852, ncalls=8952, regioncalls=342880, ndraw=40, logz=-23.55, remainder_fraction=72.1485%, Lmin=-15.28, Lmax=-13.83
10:15:08 [ultranest] [DEBUG] iteration=2864, ncalls=8983, regioncalls=344120, ndraw=40, logz=-23.51, remainder_fraction=70.9546%, Lmin=-15.24, Lmax=-13.83
10:15:08 [ultranest] [DEBUG] iteration=2866, ncalls=8988, regioncalls=344400, ndraw=40, logz=-23.50, remainder_fraction=70.7543%, Lmin=-15.24, Lmax=-13.83
10:15:08 [ultranest] [DEBUG] iteration=2879, ncalls=9017, regioncalls=345560, ndraw=40, logz=-23.46, remainder_fraction=69.5629%, Lmin=-15.18, Lmax=-13.83
10:15:08 [ultranest] [DEBUG] iteration=2880, ncalls=9018, regioncalls=345600, ndraw=40, logz=-23.45, remainder_fraction=69.4933%, Lmin=-15.18, Lmax=-13.83
10:15:08 [ultranest] [DEBUG] iteration=2893, ncalls=9048, regioncalls=346800, ndraw=40, logz=-23.41, remainder_fraction=68.3054%, Lmin=-15.14, Lmax=-13.83
10:15:08 [ultranest] [DEBUG] iteration=2908, ncalls=9077, regioncalls=347960, ndraw=40, logz=-23.37, remainder_fraction=66.6784%, Lmin=-15.09, Lmax=-13.83
10:15:08 [ultranest] [DEBUG] iteration=2920, ncalls=9093, regioncalls=348600, ndraw=40, logz=-23.33, remainder_fraction=65.4978%, Lmin=-15.06, Lmax=-13.83
10:15:09 [ultranest] [DEBUG] iteration=2937, ncalls=9122, regioncalls=349840, ndraw=40, logz=-23.28, remainder_fraction=63.7680%, Lmin=-15.01, Lmax=-13.83
10:15:09 [ultranest] [DEBUG] iteration=2952, ncalls=9149, regioncalls=350920, ndraw=40, logz=-23.24, remainder_fraction=62.3654%, Lmin=-14.99, Lmax=-13.83
10:15:09 [ultranest] [DEBUG] iteration=2960, ncalls=9162, regioncalls=351440, ndraw=40, logz=-23.22, remainder_fraction=61.5060%, Lmin=-14.94, Lmax=-13.83
10:15:09 [ultranest] [DEBUG] iteration=2975, ncalls=9192, regioncalls=352640, ndraw=40, logz=-23.18, remainder_fraction=60.0250%, Lmin=-14.91, Lmax=-13.83
10:15:09 [ultranest] [DEBUG] iteration=2988, ncalls=9225, regioncalls=353960, ndraw=40, logz=-23.15, remainder_fraction=58.7835%, Lmin=-14.87, Lmax=-13.83
10:15:09 [ultranest] [DEBUG] iteration=3000, ncalls=9258, regioncalls=355280, ndraw=40, logz=-23.12, remainder_fraction=57.5975%, Lmin=-14.84, Lmax=-13.83
10:15:09 [ultranest] [DEBUG] iteration=3013, ncalls=9289, regioncalls=356520, ndraw=40, logz=-23.09, remainder_fraction=56.2236%, Lmin=-14.80, Lmax=-13.83
10:15:09 [ultranest] [DEBUG] iteration=3024, ncalls=9307, regioncalls=357320, ndraw=40, logz=-23.07, remainder_fraction=55.0689%, Lmin=-14.78, Lmax=-13.83
10:15:09 [ultranest] [DEBUG] iteration=3040, ncalls=9329, regioncalls=358200, ndraw=40, logz=-23.04, remainder_fraction=53.6400%, Lmin=-14.75, Lmax=-13.83
10:15:09 [ultranest] [DEBUG] iteration=3055, ncalls=9361, regioncalls=359480, ndraw=40, logz=-23.00, remainder_fraction=52.1334%, Lmin=-14.72, Lmax=-13.83
10:15:10 [ultranest] [DEBUG] iteration=3071, ncalls=9391, regioncalls=360680, ndraw=40, logz=-22.97, remainder_fraction=50.5823%, Lmin=-14.69, Lmax=-13.83
10:15:10 [ultranest] [DEBUG] iteration=3080, ncalls=9411, regioncalls=361480, ndraw=40, logz=-22.96, remainder_fraction=49.7218%, Lmin=-14.67, Lmax=-13.83
10:15:10 [ultranest] [DEBUG] iteration=3096, ncalls=9441, regioncalls=362680, ndraw=40, logz=-22.93, remainder_fraction=48.3803%, Lmin=-14.64, Lmax=-13.83
10:15:10 [ultranest] [DEBUG] iteration=3108, ncalls=9469, regioncalls=363800, ndraw=40, logz=-22.91, remainder_fraction=47.3267%, Lmin=-14.61, Lmax=-13.83
10:15:10 [ultranest] [DEBUG] iteration=3120, ncalls=9497, regioncalls=364920, ndraw=40, logz=-22.89, remainder_fraction=46.2437%, Lmin=-14.59, Lmax=-13.83
10:15:10 [ultranest] [DEBUG] iteration=3134, ncalls=9531, regioncalls=366280, ndraw=40, logz=-22.86, remainder_fraction=44.9964%, Lmin=-14.58, Lmax=-13.83
10:15:10 [ultranest] [DEBUG] iteration=3149, ncalls=9563, regioncalls=367560, ndraw=40, logz=-22.84, remainder_fraction=43.6099%, Lmin=-14.53, Lmax=-13.83
10:15:10 [ultranest] [DEBUG] iteration=3160, ncalls=9578, regioncalls=368160, ndraw=40, logz=-22.82, remainder_fraction=42.6369%, Lmin=-14.51, Lmax=-13.83
10:15:10 [ultranest] [DEBUG] iteration=3172, ncalls=9609, regioncalls=369400, ndraw=40, logz=-22.81, remainder_fraction=41.5288%, Lmin=-14.49, Lmax=-13.83
10:15:10 [ultranest] [DEBUG] iteration=3182, ncalls=9623, regioncalls=370000, ndraw=40, logz=-22.79, remainder_fraction=40.5931%, Lmin=-14.47, Lmax=-13.83
10:15:10 [ultranest] [DEBUG] iteration=3200, ncalls=9648, regioncalls=371000, ndraw=40, logz=-22.77, remainder_fraction=39.0443%, Lmin=-14.44, Lmax=-13.83
10:15:11 [ultranest] [DEBUG] iteration=3215, ncalls=9679, regioncalls=372240, ndraw=40, logz=-22.75, remainder_fraction=37.8740%, Lmin=-14.42, Lmax=-13.83
10:15:11 [ultranest] [DEBUG] iteration=3228, ncalls=9711, regioncalls=373520, ndraw=40, logz=-22.73, remainder_fraction=36.8210%, Lmin=-14.40, Lmax=-13.83
10:15:11 [ultranest] [DEBUG] iteration=3240, ncalls=9731, regioncalls=374320, ndraw=40, logz=-22.71, remainder_fraction=35.8903%, Lmin=-14.39, Lmax=-13.83
10:15:11 [ultranest] [DEBUG] iteration=3251, ncalls=9755, regioncalls=375280, ndraw=40, logz=-22.70, remainder_fraction=34.9564%, Lmin=-14.37, Lmax=-13.83
10:15:11 [ultranest] [DEBUG] iteration=3253, ncalls=9759, regioncalls=375440, ndraw=40, logz=-22.70, remainder_fraction=34.8110%, Lmin=-14.37, Lmax=-13.83
10:15:11 [ultranest] [DEBUG] iteration=3255, ncalls=9767, regioncalls=375760, ndraw=40, logz=-22.70, remainder_fraction=34.6584%, Lmin=-14.37, Lmax=-13.83
10:15:11 [ultranest] [DEBUG] iteration=3258, ncalls=9771, regioncalls=375920, ndraw=40, logz=-22.69, remainder_fraction=34.4418%, Lmin=-14.36, Lmax=-13.83
10:15:12 [ultranest] [DEBUG] iteration=3261, ncalls=9774, regioncalls=376120, ndraw=40, logz=-22.69, remainder_fraction=34.2453%, Lmin=-14.36, Lmax=-13.83
10:15:12 [ultranest] [DEBUG] iteration=3263, ncalls=9778, regioncalls=376280, ndraw=40, logz=-22.69, remainder_fraction=34.0988%, Lmin=-14.36, Lmax=-13.83
10:15:12 [ultranest] [DEBUG] iteration=3266, ncalls=9781, regioncalls=376400, ndraw=40, logz=-22.68, remainder_fraction=33.8739%, Lmin=-14.35, Lmax=-13.83
10:15:12 [ultranest] [DEBUG] iteration=3268, ncalls=9786, regioncalls=376600, ndraw=40, logz=-22.68, remainder_fraction=33.7258%, Lmin=-14.35, Lmax=-13.83
10:15:12 [ultranest] [DEBUG] iteration=3269, ncalls=9790, regioncalls=376760, ndraw=40, logz=-22.68, remainder_fraction=33.6647%, Lmin=-14.35, Lmax=-13.83
10:15:12 [ultranest] [DEBUG] iteration=3272, ncalls=9794, regioncalls=376920, ndraw=40, logz=-22.68, remainder_fraction=33.4474%, Lmin=-14.35, Lmax=-13.83
10:15:12 [ultranest] [DEBUG] iteration=3274, ncalls=9800, regioncalls=377160, ndraw=40, logz=-22.67, remainder_fraction=33.3129%, Lmin=-14.35, Lmax=-13.83
10:15:12 [ultranest] [DEBUG] iteration=3276, ncalls=9804, regioncalls=377320, ndraw=40, logz=-22.67, remainder_fraction=33.1670%, Lmin=-14.35, Lmax=-13.83
10:15:13 [ultranest] [DEBUG] iteration=3279, ncalls=9810, regioncalls=377560, ndraw=40, logz=-22.67, remainder_fraction=32.9867%, Lmin=-14.34, Lmax=-13.83
10:15:13 [ultranest] [DEBUG] iteration=3280, ncalls=9811, regioncalls=377600, ndraw=40, logz=-22.67, remainder_fraction=32.9286%, Lmin=-14.34, Lmax=-13.83
10:15:13 [ultranest] [DEBUG] iteration=3283, ncalls=9815, regioncalls=377760, ndraw=40, logz=-22.66, remainder_fraction=32.7025%, Lmin=-14.33, Lmax=-13.83
10:15:13 [ultranest] [DEBUG] iteration=3285, ncalls=9819, regioncalls=377920, ndraw=40, logz=-22.66, remainder_fraction=32.5445%, Lmin=-14.33, Lmax=-13.83
10:15:13 [ultranest] [DEBUG] iteration=3288, ncalls=9823, regioncalls=378080, ndraw=40, logz=-22.66, remainder_fraction=32.3174%, Lmin=-14.33, Lmax=-13.83
10:15:13 [ultranest] [DEBUG] iteration=3291, ncalls=9833, regioncalls=378480, ndraw=40, logz=-22.66, remainder_fraction=32.1114%, Lmin=-14.32, Lmax=-13.83
10:15:13 [ultranest] [DEBUG] iteration=3293, ncalls=9837, regioncalls=378640, ndraw=40, logz=-22.65, remainder_fraction=31.9660%, Lmin=-14.32, Lmax=-13.83
10:15:13 [ultranest] [DEBUG] iteration=3295, ncalls=9842, regioncalls=378840, ndraw=40, logz=-22.65, remainder_fraction=31.8437%, Lmin=-14.32, Lmax=-13.83
10:15:14 [ultranest] [DEBUG] iteration=3298, ncalls=9846, regioncalls=379000, ndraw=40, logz=-22.65, remainder_fraction=31.6014%, Lmin=-14.31, Lmax=-13.83
10:15:14 [ultranest] [DEBUG] iteration=3300, ncalls=9851, regioncalls=379200, ndraw=40, logz=-22.65, remainder_fraction=31.4728%, Lmin=-14.31, Lmax=-13.83
10:15:14 [ultranest] [DEBUG] iteration=3304, ncalls=9857, regioncalls=379440, ndraw=40, logz=-22.64, remainder_fraction=31.2227%, Lmin=-14.30, Lmax=-13.83
10:15:14 [ultranest] [DEBUG] iteration=3306, ncalls=9864, regioncalls=379720, ndraw=40, logz=-22.64, remainder_fraction=31.0934%, Lmin=-14.30, Lmax=-13.83
10:15:14 [ultranest] [DEBUG] iteration=3307, ncalls=9868, regioncalls=379880, ndraw=40, logz=-22.64, remainder_fraction=31.0216%, Lmin=-14.30, Lmax=-13.83
10:15:14 [ultranest] [DEBUG] iteration=3309, ncalls=9872, regioncalls=380040, ndraw=40, logz=-22.64, remainder_fraction=30.8870%, Lmin=-14.29, Lmax=-13.83
10:15:14 [ultranest] [DEBUG] iteration=3311, ncalls=9879, regioncalls=380320, ndraw=40, logz=-22.63, remainder_fraction=30.7531%, Lmin=-14.29, Lmax=-13.83
10:15:15 [ultranest] [DEBUG] iteration=3313, ncalls=9883, regioncalls=380480, ndraw=40, logz=-22.63, remainder_fraction=30.5960%, Lmin=-14.29, Lmax=-13.83
10:15:15 [ultranest] [DEBUG] iteration=3316, ncalls=9889, regioncalls=380720, ndraw=40, logz=-22.63, remainder_fraction=30.4024%, Lmin=-14.29, Lmax=-13.83
10:15:15 [ultranest] [DEBUG] iteration=3318, ncalls=9894, regioncalls=380920, ndraw=40, logz=-22.63, remainder_fraction=30.2805%, Lmin=-14.29, Lmax=-13.83
10:15:15 [ultranest] [DEBUG] iteration=3320, ncalls=9897, regioncalls=381040, ndraw=40, logz=-22.63, remainder_fraction=30.1643%, Lmin=-14.28, Lmax=-13.83
10:15:15 [ultranest] [DEBUG] iteration=3323, ncalls=9903, regioncalls=381280, ndraw=40, logz=-22.62, remainder_fraction=29.9535%, Lmin=-14.28, Lmax=-13.83
10:15:15 [ultranest] [DEBUG] iteration=3326, ncalls=9912, regioncalls=381640, ndraw=40, logz=-22.62, remainder_fraction=29.7300%, Lmin=-14.28, Lmax=-13.83
10:15:15 [ultranest] [DEBUG] iteration=3327, ncalls=9917, regioncalls=381840, ndraw=40, logz=-22.62, remainder_fraction=29.6690%, Lmin=-14.28, Lmax=-13.83
10:15:16 [ultranest] [DEBUG] iteration=3328, ncalls=9921, regioncalls=382000, ndraw=40, logz=-22.62, remainder_fraction=29.5923%, Lmin=-14.28, Lmax=-13.83
10:15:16 [ultranest] [DEBUG] iteration=3330, ncalls=9925, regioncalls=382160, ndraw=40, logz=-22.62, remainder_fraction=29.4553%, Lmin=-14.28, Lmax=-13.83
10:15:16 [ultranest] [DEBUG] iteration=3333, ncalls=9929, regioncalls=382320, ndraw=40, logz=-22.61, remainder_fraction=29.2440%, Lmin=-14.27, Lmax=-13.83
10:15:16 [ultranest] [DEBUG] iteration=3335, ncalls=9933, regioncalls=382480, ndraw=40, logz=-22.61, remainder_fraction=29.1149%, Lmin=-14.27, Lmax=-13.83
10:15:16 [ultranest] [DEBUG] iteration=3336, ncalls=9937, regioncalls=382640, ndraw=40, logz=-22.61, remainder_fraction=29.0510%, Lmin=-14.27, Lmax=-13.83
10:15:16 [ultranest] [DEBUG] iteration=3338, ncalls=9941, regioncalls=382800, ndraw=40, logz=-22.61, remainder_fraction=28.8999%, Lmin=-14.27, Lmax=-13.83
10:15:16 [ultranest] [DEBUG] iteration=3340, ncalls=9946, regioncalls=383000, ndraw=40, logz=-22.61, remainder_fraction=28.7727%, Lmin=-14.27, Lmax=-13.83
10:15:16 [ultranest] [DEBUG] iteration=3343, ncalls=9950, regioncalls=383160, ndraw=40, logz=-22.60, remainder_fraction=28.5684%, Lmin=-14.27, Lmax=-13.83
10:15:17 [ultranest] [DEBUG] iteration=3346, ncalls=9954, regioncalls=383320, ndraw=40, logz=-22.60, remainder_fraction=28.3659%, Lmin=-14.26, Lmax=-13.83
10:15:17 [ultranest] [DEBUG] iteration=3349, ncalls=9958, regioncalls=383480, ndraw=40, logz=-22.60, remainder_fraction=28.1467%, Lmin=-14.26, Lmax=-13.83
10:15:17 [ultranest] [DEBUG] iteration=3351, ncalls=9963, regioncalls=383680, ndraw=40, logz=-22.60, remainder_fraction=28.0355%, Lmin=-14.26, Lmax=-13.83
10:15:17 [ultranest] [DEBUG] iteration=3360, ncalls=9981, regioncalls=384400, ndraw=40, logz=-22.59, remainder_fraction=27.4848%, Lmin=-14.25, Lmax=-13.83
10:15:17 [ultranest] [DEBUG] iteration=3379, ncalls=10011, regioncalls=385600, ndraw=40, logz=-22.57, remainder_fraction=26.2533%, Lmin=-14.23, Lmax=-13.83
10:15:17 [ultranest] [DEBUG] iteration=3394, ncalls=10043, regioncalls=386880, ndraw=40, logz=-22.56, remainder_fraction=25.3267%, Lmin=-14.22, Lmax=-13.83
10:15:17 [ultranest] [DEBUG] iteration=3400, ncalls=10053, regioncalls=387280, ndraw=40, logz=-22.56, remainder_fraction=24.9870%, Lmin=-14.21, Lmax=-13.83
10:15:17 [ultranest] [DEBUG] iteration=3413, ncalls=10085, regioncalls=388560, ndraw=40, logz=-22.55, remainder_fraction=24.2013%, Lmin=-14.20, Lmax=-13.83
10:15:17 [ultranest] [DEBUG] iteration=3419, ncalls=10093, regioncalls=388920, ndraw=40, logz=-22.54, remainder_fraction=23.8724%, Lmin=-14.19, Lmax=-13.83
10:15:17 [ultranest] [DEBUG] iteration=3433, ncalls=10122, regioncalls=390120, ndraw=40, logz=-22.53, remainder_fraction=23.0509%, Lmin=-14.18, Lmax=-13.83
10:15:18 [ultranest] [DEBUG] iteration=3440, ncalls=10137, regioncalls=390720, ndraw=40, logz=-22.53, remainder_fraction=22.6593%, Lmin=-14.17, Lmax=-13.83
10:15:18 [ultranest] [DEBUG] iteration=3455, ncalls=10168, regioncalls=391960, ndraw=40, logz=-22.51, remainder_fraction=21.8559%, Lmin=-14.16, Lmax=-13.83
10:15:18 [ultranest] [DEBUG] iteration=3471, ncalls=10205, regioncalls=393440, ndraw=40, logz=-22.50, remainder_fraction=21.0323%, Lmin=-14.15, Lmax=-13.83
10:15:18 [ultranest] [DEBUG] iteration=3480, ncalls=10220, regioncalls=394040, ndraw=40, logz=-22.50, remainder_fraction=20.5575%, Lmin=-14.14, Lmax=-13.83
10:15:18 [ultranest] [DEBUG] iteration=3493, ncalls=10251, regioncalls=395280, ndraw=40, logz=-22.49, remainder_fraction=19.9174%, Lmin=-14.13, Lmax=-13.83
10:15:18 [ultranest] [DEBUG] iteration=3505, ncalls=10277, regioncalls=396320, ndraw=40, logz=-22.48, remainder_fraction=19.3329%, Lmin=-14.13, Lmax=-13.83
10:15:18 [ultranest] [DEBUG] iteration=3520, ncalls=10299, regioncalls=397200, ndraw=40, logz=-22.47, remainder_fraction=18.6217%, Lmin=-14.11, Lmax=-13.83
10:15:18 [ultranest] [DEBUG] iteration=3535, ncalls=10331, regioncalls=398480, ndraw=40, logz=-22.47, remainder_fraction=17.9428%, Lmin=-14.10, Lmax=-13.83
10:15:18 [ultranest] [DEBUG] iteration=3553, ncalls=10361, regioncalls=399680, ndraw=40, logz=-22.46, remainder_fraction=17.1365%, Lmin=-14.09, Lmax=-13.83
10:15:18 [ultranest] [DEBUG] iteration=3560, ncalls=10375, regioncalls=400240, ndraw=40, logz=-22.45, remainder_fraction=16.8333%, Lmin=-14.08, Lmax=-13.83
10:15:18 [ultranest] [DEBUG] iteration=3569, ncalls=10409, regioncalls=401600, ndraw=40, logz=-22.45, remainder_fraction=16.4588%, Lmin=-14.08, Lmax=-13.83
10:15:19 [ultranest] [DEBUG] iteration=3577, ncalls=10422, regioncalls=402160, ndraw=40, logz=-22.44, remainder_fraction=16.1166%, Lmin=-14.07, Lmax=-13.83
10:15:19 [ultranest] [DEBUG] iteration=3592, ncalls=10449, regioncalls=403320, ndraw=40, logz=-22.44, remainder_fraction=15.4997%, Lmin=-14.06, Lmax=-13.83
10:15:19 [ultranest] [DEBUG] iteration=3600, ncalls=10470, regioncalls=404200, ndraw=40, logz=-22.43, remainder_fraction=15.1937%, Lmin=-14.06, Lmax=-13.83
10:15:19 [ultranest] [DEBUG] iteration=3615, ncalls=10500, regioncalls=405400, ndraw=40, logz=-22.43, remainder_fraction=14.6059%, Lmin=-14.04, Lmax=-13.83
10:15:19 [ultranest] [DEBUG] iteration=3629, ncalls=10534, regioncalls=406760, ndraw=40, logz=-22.42, remainder_fraction=14.0854%, Lmin=-14.04, Lmax=-13.83
10:15:19 [ultranest] [DEBUG] iteration=3640, ncalls=10557, regioncalls=407680, ndraw=40, logz=-22.42, remainder_fraction=13.6740%, Lmin=-14.03, Lmax=-13.83
10:15:19 [ultranest] [DEBUG] iteration=3650, ncalls=10589, regioncalls=408960, ndraw=40, logz=-22.41, remainder_fraction=13.3259%, Lmin=-14.03, Lmax=-13.83
10:15:19 [ultranest] [DEBUG] iteration=3656, ncalls=10602, regioncalls=409600, ndraw=40, logz=-22.41, remainder_fraction=13.1237%, Lmin=-14.03, Lmax=-13.83
10:15:19 [ultranest] [DEBUG] iteration=3671, ncalls=10629, regioncalls=410680, ndraw=40, logz=-22.40, remainder_fraction=12.6165%, Lmin=-14.02, Lmax=-13.83
10:15:19 [ultranest] [DEBUG] iteration=3680, ncalls=10647, regioncalls=411400, ndraw=40, logz=-22.40, remainder_fraction=12.3302%, Lmin=-14.02, Lmax=-13.83
10:15:19 [ultranest] [DEBUG] iteration=3699, ncalls=10675, regioncalls=412520, ndraw=40, logz=-22.39, remainder_fraction=11.7348%, Lmin=-14.01, Lmax=-13.83
10:15:19 [ultranest] [DEBUG] iteration=3717, ncalls=10704, regioncalls=413680, ndraw=40, logz=-22.39, remainder_fraction=11.1952%, Lmin=-14.00, Lmax=-13.83
10:15:20 [ultranest] [DEBUG] iteration=3720, ncalls=10708, regioncalls=413840, ndraw=40, logz=-22.39, remainder_fraction=11.1031%, Lmin=-14.00, Lmax=-13.83
10:15:20 [ultranest] [DEBUG] iteration=3734, ncalls=10738, regioncalls=415040, ndraw=40, logz=-22.38, remainder_fraction=10.7041%, Lmin=-14.00, Lmax=-13.83
10:15:20 [ultranest] [DEBUG] iteration=3735, ncalls=10739, regioncalls=415120, ndraw=40, logz=-22.38, remainder_fraction=10.6748%, Lmin=-13.99, Lmax=-13.83
10:15:20 [ultranest] [DEBUG] iteration=3747, ncalls=10769, regioncalls=416320, ndraw=40, logz=-22.38, remainder_fraction=10.3311%, Lmin=-13.99, Lmax=-13.83
10:15:20 [ultranest] [DEBUG] iteration=3760, ncalls=10797, regioncalls=417440, ndraw=40, logz=-22.37, remainder_fraction=9.9744%, Lmin=-13.98, Lmax=-13.83
10:15:20 [ultranest] [DEBUG] iteration=3774, ncalls=10826, regioncalls=418640, ndraw=40, logz=-22.37, remainder_fraction=9.6140%, Lmin=-13.98, Lmax=-13.83
10:15:20 [ultranest] [DEBUG] iteration=3789, ncalls=10857, regioncalls=419880, ndraw=40, logz=-22.37, remainder_fraction=9.2406%, Lmin=-13.98, Lmax=-13.83
10:15:20 [ultranest] [DEBUG] iteration=3800, ncalls=10882, regioncalls=420880, ndraw=40, logz=-22.36, remainder_fraction=8.9692%, Lmin=-13.97, Lmax=-13.83
10:15:20 [ultranest] [DEBUG] iteration=3814, ncalls=10914, regioncalls=422200, ndraw=40, logz=-22.36, remainder_fraction=8.6459%, Lmin=-13.97, Lmax=-13.83
10:15:20 [ultranest] [DEBUG] iteration=3830, ncalls=10943, regioncalls=423400, ndraw=40, logz=-22.35, remainder_fraction=8.2799%, Lmin=-13.96, Lmax=-13.83
10:15:20 [ultranest] [DEBUG] iteration=3840, ncalls=10960, regioncalls=424080, ndraw=40, logz=-22.35, remainder_fraction=8.0556%, Lmin=-13.96, Lmax=-13.83
10:15:21 [ultranest] [DEBUG] iteration=3855, ncalls=10992, regioncalls=425360, ndraw=40, logz=-22.35, remainder_fraction=7.7380%, Lmin=-13.95, Lmax=-13.83
10:15:21 [ultranest] [DEBUG] iteration=3874, ncalls=11025, regioncalls=426680, ndraw=40, logz=-22.34, remainder_fraction=7.3537%, Lmin=-13.95, Lmax=-13.83
10:15:21 [ultranest] [DEBUG] iteration=3880, ncalls=11038, regioncalls=427200, ndraw=40, logz=-22.34, remainder_fraction=7.2331%, Lmin=-13.95, Lmax=-13.83
10:15:21 [ultranest] [DEBUG] iteration=3893, ncalls=11063, regioncalls=428240, ndraw=40, logz=-22.34, remainder_fraction=6.9788%, Lmin=-13.94, Lmax=-13.83
10:15:21 [ultranest] [DEBUG] iteration=3911, ncalls=11086, regioncalls=429160, ndraw=40, logz=-22.34, remainder_fraction=6.6440%, Lmin=-13.94, Lmax=-13.83
10:15:21 [ultranest] [DEBUG] iteration=3920, ncalls=11100, regioncalls=429720, ndraw=40, logz=-22.34, remainder_fraction=6.4837%, Lmin=-13.93, Lmax=-13.83
10:15:21 [ultranest] [INFO] Explored until L=-1e+01  
10:15:21 [ultranest] [INFO] Likelihood function evaluations: 11128
10:15:22 [ultranest] [INFO] Writing samples and results to disk ...
10:15:22 [ultranest] [INFO] Writing samples and results to disk ... done
10:15:22 [ultranest] [DEBUG] did a run_iter pass!
10:15:22 [ultranest] [INFO]   logZ = -22.25 +- 0.09976
10:15:22 [ultranest] [INFO] Effective samples strategy satisfied (ESS = 1464.6, need >400)
10:15:22 [ultranest] [INFO] Posterior uncertainty strategy is satisfied (KL: 0.46+-0.10 nat, need <0.50 nat)
10:15:22 [ultranest] [INFO] Evidency uncertainty strategy is satisfied (dlogz=0.12, need <0.5)
10:15:22 [ultranest] [INFO]   logZ error budget: single: 0.14 bs:0.10 tail:0.06 total:0.12 required:<0.50
10:15:22 [ultranest] [INFO] done iterating.
10:15:22 [ultranest] [DEBUG] Making corner plot ...
10:15:24 [ultranest] [DEBUG] Making corner plot ... done
10:15:24 [ultranest] [DEBUG] Making run plot ... 
10:15:24 [ultranest] [DEBUG] Making run plot ... done
10:15:24 [ultranest] [DEBUG] Making trace plot ... 
10:15:25 [ultranest] [DEBUG] Making trace plot ... done
