01:54:12 [ultranest] [DEBUG] ReactiveNestedSampler: dims=3+0, resume=True, log_dir=/home/orion51/Desktop/Research/spectral_fitting/FGL_spectral_fitting/Individual_sources/2CXOJ103202.9+573208/mekal_out_, backend=hdf5, vectorized=False, nbootstraps=30, ndraw=128..65536
01:54:13 [ultranest] [INFO] Sampling 400 live points from prior ...
01:54:14 [ultranest] [DEBUG] run_iter dlogz=0.5, dKL=0.5, frac_remain=0.01, Lepsilon=0.1000, min_ess=400
01:54:14 [ultranest] [DEBUG] max_iters=-1, max_ncalls=-1, max_num_improvement_loops=-1, min_num_live_points=400, cluster_num_live_points=40
01:54:14 [ultranest] [DEBUG] minimal_widths_sequence: [(-inf, 400.0), (inf, 400.0)]
01:54:14 [ultranest] [DEBUG] iteration=0, ncalls=401, regioncalls=40, ndraw=40, logz=-inf, remainder_fraction=100.0000%, Lmin=-667719319.98, Lmax=-21.43
01:54:14 [ultranest] [DEBUG] iteration=24, ncalls=425, regioncalls=1000, ndraw=40, logz=-32663049.03, remainder_fraction=100.0000%, Lmin=-31057785.43, Lmax=-21.43
01:54:14 [ultranest] [DEBUG] iteration=40, ncalls=445, regioncalls=1800, ndraw=40, logz=-4860601.81, remainder_fraction=100.0000%, Lmin=-4775689.18, Lmax=-21.43
01:54:14 [ultranest] [DEBUG] iteration=62, ncalls=469, regioncalls=2760, ndraw=40, logz=-1148890.01, remainder_fraction=100.0000%, Lmin=-990462.79, Lmax=-21.43
01:54:14 [ultranest] [DEBUG] iteration=80, ncalls=490, regioncalls=3600, ndraw=40, logz=-274296.00, remainder_fraction=100.0000%, Lmin=-273456.75, Lmax=-21.43
01:54:14 [ultranest] [DEBUG] iteration=90, ncalls=500, regioncalls=4000, ndraw=40, logz=-204453.53, remainder_fraction=100.0000%, Lmin=-188419.73, Lmax=-21.43
01:54:14 [ultranest] [DEBUG] iteration=111, ncalls=525, regioncalls=5000, ndraw=40, logz=-57942.48, remainder_fraction=100.0000%, Lmin=-56637.16, Lmax=-21.43
01:54:14 [ultranest] [DEBUG] iteration=120, ncalls=535, regioncalls=5400, ndraw=40, logz=-42922.50, remainder_fraction=100.0000%, Lmin=-42199.28, Lmax=-21.43
01:54:14 [ultranest] [DEBUG] iteration=142, ncalls=564, regioncalls=6560, ndraw=40, logz=-17802.41, remainder_fraction=100.0000%, Lmin=-17494.03, Lmax=-21.43
01:54:14 [ultranest] [DEBUG] iteration=160, ncalls=584, regioncalls=7360, ndraw=40, logz=-5176.95, remainder_fraction=100.0000%, Lmin=-4711.50, Lmax=-21.43
01:54:14 [ultranest] [DEBUG] iteration=180, ncalls=606, regioncalls=8240, ndraw=40, logz=-2125.61, remainder_fraction=100.0000%, Lmin=-1913.71, Lmax=-21.43
01:54:15 [ultranest] [DEBUG] iteration=198, ncalls=633, regioncalls=9320, ndraw=40, logz=-924.72, remainder_fraction=100.0000%, Lmin=-898.65, Lmax=-21.43
01:54:15 [ultranest] [DEBUG] iteration=200, ncalls=636, regioncalls=9440, ndraw=40, logz=-898.54, remainder_fraction=100.0000%, Lmin=-805.45, Lmax=-21.43
01:54:15 [ultranest] [DEBUG] Plateau detected at L=-6.589784e+02, not replacing live point.
01:54:15 [ultranest] [DEBUG] Plateau detected at L=-6.589784e+02, not replacing live point.
01:54:15 [ultranest] [DEBUG] Plateau detected at L=-6.589784e+02, not replacing live point.
01:54:15 [ultranest] [DEBUG] Plateau detected at L=-6.589784e+02, not replacing live point.
01:54:15 [ultranest] [DEBUG] Plateau detected at L=-6.589784e+02, not replacing live point.
01:54:15 [ultranest] [DEBUG] Plateau detected at L=-6.589784e+02, not replacing live point.
01:54:15 [ultranest] [DEBUG] Plateau detected at L=-6.589784e+02, not replacing live point.
01:54:15 [ultranest] [DEBUG] Plateau detected at L=-6.589784e+02, not replacing live point.
01:54:15 [ultranest] [DEBUG] Plateau detected at L=-6.589784e+02, not replacing live point.
01:54:15 [ultranest] [DEBUG] Plateau detected at L=-6.589784e+02, not replacing live point.
01:54:15 [ultranest] [DEBUG] Plateau detected at L=-6.589784e+02, not replacing live point.
01:54:15 [ultranest] [DEBUG] Plateau detected at L=-6.589784e+02, not replacing live point.
01:54:15 [ultranest] [DEBUG] Plateau detected at L=-6.589784e+02, not replacing live point.
01:54:15 [ultranest] [DEBUG] Plateau detected at L=-6.589784e+02, not replacing live point.
01:54:15 [ultranest] [DEBUG] Plateau detected at L=-6.589784e+02, not replacing live point.
01:54:15 [ultranest] [DEBUG] Plateau detected at L=-6.589784e+02, not replacing live point.
01:54:15 [ultranest] [DEBUG] Plateau detected at L=-6.589784e+02, not replacing live point.
01:54:15 [ultranest] [DEBUG] Plateau detected at L=-6.589784e+02, not replacing live point.
01:54:15 [ultranest] [DEBUG] Plateau detected at L=-6.589784e+02, not replacing live point.
01:54:15 [ultranest] [DEBUG] Plateau detected at L=-6.589784e+02, not replacing live point.
01:54:15 [ultranest] [DEBUG] Plateau detected at L=-6.589784e+02, not replacing live point.
01:54:15 [ultranest] [DEBUG] Plateau detected at L=-6.589784e+02, not replacing live point.
01:54:15 [ultranest] [DEBUG] Plateau detected at L=-6.589784e+02, not replacing live point.
01:54:15 [ultranest] [DEBUG] Plateau detected at L=-6.589784e+02, not replacing live point.
01:54:15 [ultranest] [DEBUG] Plateau detected at L=-6.589784e+02, not replacing live point.
01:54:15 [ultranest] [DEBUG] Plateau detected at L=-6.589784e+02, not replacing live point.
01:54:15 [ultranest] [DEBUG] Plateau detected at L=-6.589784e+02, not replacing live point.
01:54:15 [ultranest] [DEBUG] Plateau detected at L=-6.589784e+02, not replacing live point.
01:54:15 [ultranest] [DEBUG] Plateau detected at L=-6.589784e+02, not replacing live point.
01:54:15 [ultranest] [DEBUG] Plateau detected at L=-6.589784e+02, not replacing live point.
01:54:15 [ultranest] [DEBUG] Plateau detected at L=-6.589784e+02, not replacing live point.
01:54:15 [ultranest] [DEBUG] Plateau detected at L=-6.589784e+02, not replacing live point.
01:54:15 [ultranest] [DEBUG] Plateau detected at L=-6.589784e+02, not replacing live point.
01:54:15 [ultranest] [DEBUG] Plateau detected at L=-6.589784e+02, not replacing live point.
01:54:15 [ultranest] [DEBUG] Plateau detected at L=-6.589784e+02, not replacing live point.
01:54:15 [ultranest] [DEBUG] Plateau detected at L=-6.589784e+02, not replacing live point.
01:54:15 [ultranest] [DEBUG] Plateau detected at L=-6.589784e+02, not replacing live point.
01:54:15 [ultranest] [DEBUG] Plateau detected at L=-6.589784e+02, not replacing live point.
01:54:15 [ultranest] [DEBUG] Plateau detected at L=-6.589784e+02, not replacing live point.
01:54:15 [ultranest] [DEBUG] Plateau detected at L=-6.589784e+02, not replacing live point.
01:54:15 [ultranest] [DEBUG] Plateau detected at L=-6.589784e+02, not replacing live point.
01:54:15 [ultranest] [DEBUG] Plateau detected at L=-6.589784e+02, not replacing live point.
01:54:15 [ultranest] [DEBUG] Plateau detected at L=-6.589784e+02, not replacing live point.
01:54:15 [ultranest] [DEBUG] Plateau detected at L=-6.589784e+02, not replacing live point.
01:54:15 [ultranest] [DEBUG] Plateau detected at L=-6.589784e+02, not replacing live point.
01:54:15 [ultranest] [DEBUG] Plateau detected at L=-6.589784e+02, not replacing live point.
01:54:15 [ultranest] [DEBUG] iteration=255, ncalls=646, regioncalls=9840, ndraw=40, logz=-661.66, remainder_fraction=100.0000%, Lmin=-658.98, Lmax=-21.43
01:54:15 [ultranest] [DEBUG] Plateau detected at L=-6.589784e+02, not replacing live point.
01:54:15 [ultranest] [DEBUG] Plateau detected at L=-6.589784e+02, not replacing live point.
01:54:15 [ultranest] [DEBUG] Plateau detected at L=-6.589784e+02, not replacing live point.
01:54:15 [ultranest] [DEBUG] Plateau detected at L=-6.589784e+02, not replacing live point.
01:54:15 [ultranest] [DEBUG] Plateau detected at L=-6.589784e+02, not replacing live point.
01:54:15 [ultranest] [DEBUG] Plateau detected at L=-6.589784e+02, not replacing live point.
01:54:15 [ultranest] [DEBUG] iteration=262, ncalls=647, regioncalls=9880, ndraw=40, logz=-661.52, remainder_fraction=100.0000%, Lmin=-658.98, Lmax=-21.43
01:54:15 [ultranest] [DEBUG] iteration=280, ncalls=669, regioncalls=10760, ndraw=40, logz=-661.24, remainder_fraction=100.0000%, Lmin=-658.98, Lmax=-20.71
01:54:15 [ultranest] [DEBUG] iteration=296, ncalls=697, regioncalls=11880, ndraw=40, logz=-661.05, remainder_fraction=100.0000%, Lmin=-658.98, Lmax=-20.71
01:54:15 [ultranest] [DEBUG] iteration=312, ncalls=728, regioncalls=13120, ndraw=40, logz=-660.89, remainder_fraction=100.0000%, Lmin=-658.98, Lmax=-20.71
01:54:15 [ultranest] [DEBUG] iteration=320, ncalls=749, regioncalls=13960, ndraw=40, logz=-660.83, remainder_fraction=100.0000%, Lmin=-658.98, Lmax=-20.71
01:54:15 [ultranest] [DEBUG] iteration=339, ncalls=780, regioncalls=15200, ndraw=40, logz=-660.69, remainder_fraction=100.0000%, Lmin=-658.98, Lmax=-20.71
01:54:15 [ultranest] [DEBUG] iteration=340, ncalls=781, regioncalls=15240, ndraw=40, logz=-660.68, remainder_fraction=100.0000%, Lmin=-658.98, Lmax=-20.71
01:54:15 [ultranest] [DEBUG] iteration=358, ncalls=807, regioncalls=16280, ndraw=40, logz=-660.57, remainder_fraction=100.0000%, Lmin=-658.97, Lmax=-20.71
01:54:15 [ultranest] [DEBUG] iteration=360, ncalls=810, regioncalls=16400, ndraw=40, logz=-660.56, remainder_fraction=100.0000%, Lmin=-658.97, Lmax=-20.71
01:54:15 [ultranest] [DEBUG] iteration=377, ncalls=841, regioncalls=17640, ndraw=40, logz=-660.47, remainder_fraction=100.0000%, Lmin=-658.91, Lmax=-20.71
01:54:15 [ultranest] [DEBUG] iteration=394, ncalls=872, regioncalls=18880, ndraw=40, logz=-660.39, remainder_fraction=100.0000%, Lmin=-658.84, Lmax=-20.71
01:54:16 [ultranest] [DEBUG] iteration=400, ncalls=883, regioncalls=19320, ndraw=40, logz=-660.36, remainder_fraction=100.0000%, Lmin=-658.79, Lmax=-20.71
01:54:16 [ultranest] [DEBUG] iteration=417, ncalls=916, regioncalls=20640, ndraw=40, logz=-660.28, remainder_fraction=100.0000%, Lmin=-658.46, Lmax=-20.71
01:54:16 [ultranest] [DEBUG] iteration=429, ncalls=937, regioncalls=21480, ndraw=40, logz=-660.20, remainder_fraction=100.0000%, Lmin=-658.00, Lmax=-20.71
01:54:16 [ultranest] [DEBUG] iteration=440, ncalls=966, regioncalls=22640, ndraw=40, logz=-660.10, remainder_fraction=100.0000%, Lmin=-657.75, Lmax=-20.71
01:54:16 [ultranest] [DEBUG] iteration=457, ncalls=997, regioncalls=23880, ndraw=40, logz=-659.88, remainder_fraction=100.0000%, Lmin=-656.89, Lmax=-20.71
01:54:16 [ultranest] [DEBUG] iteration=472, ncalls=1030, regioncalls=25200, ndraw=40, logz=-659.50, remainder_fraction=100.0000%, Lmin=-655.62, Lmax=-20.71
01:54:16 [ultranest] [DEBUG] iteration=480, ncalls=1046, regioncalls=25840, ndraw=40, logz=-659.01, remainder_fraction=100.0000%, Lmin=-654.39, Lmax=-20.71
01:54:16 [ultranest] [DEBUG] iteration=496, ncalls=1075, regioncalls=27000, ndraw=40, logz=-657.64, remainder_fraction=100.0000%, Lmin=-652.76, Lmax=-20.71
01:54:16 [ultranest] [DEBUG] iteration=509, ncalls=1106, regioncalls=28240, ndraw=40, logz=-656.31, remainder_fraction=100.0000%, Lmin=-650.94, Lmax=-20.71
01:54:16 [ultranest] [DEBUG] iteration=520, ncalls=1134, regioncalls=29360, ndraw=40, logz=-654.25, remainder_fraction=100.0000%, Lmin=-648.26, Lmax=-20.47
01:54:16 [ultranest] [DEBUG] iteration=534, ncalls=1168, regioncalls=30720, ndraw=40, logz=-651.69, remainder_fraction=100.0000%, Lmin=-645.71, Lmax=-20.47
01:54:17 [ultranest] [DEBUG] iteration=551, ncalls=1200, regioncalls=32000, ndraw=40, logz=-647.40, remainder_fraction=100.0000%, Lmin=-641.35, Lmax=-20.47
01:54:17 [ultranest] [DEBUG] iteration=560, ncalls=1219, regioncalls=32760, ndraw=40, logz=-644.59, remainder_fraction=100.0000%, Lmin=-638.57, Lmax=-20.47
01:54:17 [ultranest] [DEBUG] iteration=572, ncalls=1252, regioncalls=34080, ndraw=40, logz=-641.16, remainder_fraction=100.0000%, Lmin=-634.18, Lmax=-20.47
01:54:17 [ultranest] [DEBUG] iteration=584, ncalls=1282, regioncalls=35280, ndraw=40, logz=-634.06, remainder_fraction=100.0000%, Lmin=-625.92, Lmax=-20.47
01:54:17 [ultranest] [DEBUG] iteration=600, ncalls=1309, regioncalls=36360, ndraw=40, logz=-626.09, remainder_fraction=100.0000%, Lmin=-619.80, Lmax=-20.47
01:54:17 [ultranest] [DEBUG] iteration=614, ncalls=1343, regioncalls=37720, ndraw=40, logz=-619.93, remainder_fraction=100.0000%, Lmin=-612.98, Lmax=-20.47
01:54:17 [ultranest] [DEBUG] iteration=630, ncalls=1375, regioncalls=39000, ndraw=40, logz=-613.58, remainder_fraction=100.0000%, Lmin=-606.03, Lmax=-20.47
01:54:17 [ultranest] [DEBUG] iteration=640, ncalls=1407, regioncalls=40280, ndraw=40, logz=-609.31, remainder_fraction=100.0000%, Lmin=-602.70, Lmax=-20.47
01:54:17 [ultranest] [DEBUG] iteration=652, ncalls=1440, regioncalls=41600, ndraw=40, logz=-603.56, remainder_fraction=100.0000%, Lmin=-596.46, Lmax=-20.04
01:54:17 [ultranest] [DEBUG] iteration=666, ncalls=1469, regioncalls=42760, ndraw=40, logz=-596.96, remainder_fraction=100.0000%, Lmin=-589.62, Lmax=-20.04
01:54:18 [ultranest] [DEBUG] iteration=680, ncalls=1494, regioncalls=43760, ndraw=40, logz=-589.01, remainder_fraction=100.0000%, Lmin=-581.34, Lmax=-20.04
01:54:18 [ultranest] [DEBUG] iteration=692, ncalls=1528, regioncalls=45120, ndraw=40, logz=-574.87, remainder_fraction=100.0000%, Lmin=-566.49, Lmax=-20.04
01:54:18 [ultranest] [DEBUG] iteration=710, ncalls=1559, regioncalls=46360, ndraw=40, logz=-561.62, remainder_fraction=100.0000%, Lmin=-554.32, Lmax=-19.23
01:54:18 [ultranest] [DEBUG] iteration=720, ncalls=1589, regioncalls=47560, ndraw=40, logz=-551.47, remainder_fraction=100.0000%, Lmin=-543.71, Lmax=-19.23
01:54:18 [ultranest] [DEBUG] iteration=730, ncalls=1620, regioncalls=48800, ndraw=40, logz=-545.62, remainder_fraction=100.0000%, Lmin=-537.52, Lmax=-19.23
01:54:18 [ultranest] [DEBUG] iteration=745, ncalls=1648, regioncalls=49920, ndraw=40, logz=-531.81, remainder_fraction=100.0000%, Lmin=-524.34, Lmax=-19.23
01:54:18 [ultranest] [DEBUG] iteration=755, ncalls=1684, regioncalls=51360, ndraw=40, logz=-524.60, remainder_fraction=100.0000%, Lmin=-516.34, Lmax=-19.23
01:54:18 [ultranest] [DEBUG] iteration=760, ncalls=1701, regioncalls=52040, ndraw=40, logz=-521.90, remainder_fraction=100.0000%, Lmin=-514.33, Lmax=-19.23
01:54:18 [ultranest] [DEBUG] iteration=774, ncalls=1738, regioncalls=53520, ndraw=40, logz=-511.28, remainder_fraction=100.0000%, Lmin=-503.33, Lmax=-19.23
01:54:18 [ultranest] [DEBUG] iteration=790, ncalls=1770, regioncalls=54800, ndraw=40, logz=-497.56, remainder_fraction=100.0000%, Lmin=-489.52, Lmax=-19.23
01:54:19 [ultranest] [DEBUG] iteration=800, ncalls=1794, regioncalls=55760, ndraw=40, logz=-486.69, remainder_fraction=100.0000%, Lmin=-478.94, Lmax=-19.23
01:54:19 [ultranest] [DEBUG] iteration=809, ncalls=1825, regioncalls=57000, ndraw=40, logz=-478.99, remainder_fraction=100.0000%, Lmin=-470.27, Lmax=-19.23
01:54:19 [ultranest] [DEBUG] iteration=821, ncalls=1858, regioncalls=58320, ndraw=40, logz=-468.32, remainder_fraction=100.0000%, Lmin=-460.00, Lmax=-19.23
01:54:19 [ultranest] [DEBUG] iteration=836, ncalls=1891, regioncalls=59640, ndraw=40, logz=-457.90, remainder_fraction=100.0000%, Lmin=-448.80, Lmax=-19.23
01:54:19 [ultranest] [DEBUG] iteration=840, ncalls=1900, regioncalls=60000, ndraw=40, logz=-454.82, remainder_fraction=100.0000%, Lmin=-446.66, Lmax=-19.23
01:54:19 [ultranest] [DEBUG] iteration=846, ncalls=1933, regioncalls=61320, ndraw=40, logz=-449.06, remainder_fraction=100.0000%, Lmin=-441.05, Lmax=-19.23
01:54:19 [ultranest] [DEBUG] iteration=855, ncalls=1969, regioncalls=62760, ndraw=40, logz=-441.11, remainder_fraction=100.0000%, Lmin=-433.49, Lmax=-19.23
01:54:19 [ultranest] [DEBUG] iteration=867, ncalls=2003, regioncalls=64120, ndraw=40, logz=-431.92, remainder_fraction=100.0000%, Lmin=-424.77, Lmax=-19.23
01:54:19 [ultranest] [DEBUG] iteration=880, ncalls=2033, regioncalls=65320, ndraw=40, logz=-421.93, remainder_fraction=100.0000%, Lmin=-413.13, Lmax=-19.23
01:54:19 [ultranest] [DEBUG] iteration=886, ncalls=2048, regioncalls=65920, ndraw=40, logz=-418.06, remainder_fraction=100.0000%, Lmin=-408.41, Lmax=-19.23
01:54:19 [ultranest] [DEBUG] iteration=898, ncalls=2077, regioncalls=67080, ndraw=40, logz=-404.61, remainder_fraction=100.0000%, Lmin=-396.01, Lmax=-19.23
01:54:20 [ultranest] [DEBUG] iteration=912, ncalls=2110, regioncalls=68400, ndraw=40, logz=-386.74, remainder_fraction=100.0000%, Lmin=-379.07, Lmax=-19.23
01:54:20 [ultranest] [DEBUG] iteration=920, ncalls=2137, regioncalls=69480, ndraw=40, logz=-381.66, remainder_fraction=100.0000%, Lmin=-371.92, Lmax=-19.23
01:54:20 [ultranest] [DEBUG] iteration=931, ncalls=2171, regioncalls=70840, ndraw=40, logz=-372.83, remainder_fraction=100.0000%, Lmin=-365.18, Lmax=-19.23
01:54:20 [ultranest] [DEBUG] iteration=943, ncalls=2204, regioncalls=72160, ndraw=40, logz=-362.32, remainder_fraction=100.0000%, Lmin=-354.03, Lmax=-19.23
01:54:20 [ultranest] [DEBUG] iteration=955, ncalls=2246, regioncalls=73840, ndraw=40, logz=-353.32, remainder_fraction=100.0000%, Lmin=-345.64, Lmax=-19.23
01:54:20 [ultranest] [DEBUG] iteration=960, ncalls=2255, regioncalls=74200, ndraw=40, logz=-350.77, remainder_fraction=100.0000%, Lmin=-342.65, Lmax=-19.23
01:54:20 [ultranest] [DEBUG] iteration=971, ncalls=2288, regioncalls=75520, ndraw=40, logz=-342.69, remainder_fraction=100.0000%, Lmin=-334.49, Lmax=-19.23
01:54:20 [ultranest] [DEBUG] iteration=981, ncalls=2322, regioncalls=76880, ndraw=40, logz=-336.87, remainder_fraction=100.0000%, Lmin=-328.89, Lmax=-19.23
01:54:20 [ultranest] [DEBUG] iteration=997, ncalls=2353, regioncalls=78120, ndraw=40, logz=-324.59, remainder_fraction=100.0000%, Lmin=-316.20, Lmax=-19.23
01:54:20 [ultranest] [DEBUG] iteration=1000, ncalls=2361, regioncalls=78440, ndraw=40, logz=-323.25, remainder_fraction=100.0000%, Lmin=-315.75, Lmax=-19.23
01:54:20 [ultranest] [DEBUG] iteration=1010, ncalls=2394, regioncalls=79760, ndraw=40, logz=-315.22, remainder_fraction=100.0000%, Lmin=-305.25, Lmax=-19.23
01:54:21 [ultranest] [DEBUG] iteration=1023, ncalls=2427, regioncalls=81080, ndraw=40, logz=-301.04, remainder_fraction=100.0000%, Lmin=-292.61, Lmax=-19.23
01:54:21 [ultranest] [DEBUG] iteration=1036, ncalls=2460, regioncalls=82400, ndraw=40, logz=-297.37, remainder_fraction=100.0000%, Lmin=-288.23, Lmax=-19.23
01:54:21 [ultranest] [DEBUG] iteration=1040, ncalls=2473, regioncalls=82920, ndraw=40, logz=-293.64, remainder_fraction=100.0000%, Lmin=-284.86, Lmax=-19.23
01:54:21 [ultranest] [DEBUG] clustering found some stray points [need_accept=False] (array([1, 2]), array([347,   1]))
01:54:21 [ultranest] [DEBUG] iteration=1052, ncalls=2503, regioncalls=84120, ndraw=40, logz=-281.90, remainder_fraction=100.0000%, Lmin=-274.14, Lmax=-19.23
01:54:21 [ultranest] [DEBUG] iteration=1058, ncalls=2537, regioncalls=85480, ndraw=40, logz=-279.11, remainder_fraction=100.0000%, Lmin=-270.13, Lmax=-19.23
01:54:21 [ultranest] [DEBUG] iteration=1069, ncalls=2573, regioncalls=86920, ndraw=40, logz=-270.63, remainder_fraction=100.0000%, Lmin=-261.67, Lmax=-19.23
01:54:21 [ultranest] [DEBUG] iteration=1080, ncalls=2599, regioncalls=87960, ndraw=40, logz=-265.84, remainder_fraction=100.0000%, Lmin=-258.46, Lmax=-19.23
01:54:21 [ultranest] [DEBUG] iteration=1090, ncalls=2635, regioncalls=89400, ndraw=40, logz=-260.66, remainder_fraction=100.0000%, Lmin=-252.46, Lmax=-19.23
01:54:21 [ultranest] [DEBUG] iteration=1098, ncalls=2679, regioncalls=91160, ndraw=40, logz=-254.00, remainder_fraction=100.0000%, Lmin=-245.63, Lmax=-19.23
01:54:21 [ultranest] [DEBUG] iteration=1109, ncalls=2715, regioncalls=92600, ndraw=40, logz=-249.55, remainder_fraction=100.0000%, Lmin=-240.52, Lmax=-19.23
01:54:22 [ultranest] [DEBUG] iteration=1117, ncalls=2752, regioncalls=94080, ndraw=40, logz=-240.88, remainder_fraction=100.0000%, Lmin=-231.57, Lmax=-19.23
01:54:22 [ultranest] [DEBUG] iteration=1120, ncalls=2757, regioncalls=94280, ndraw=40, logz=-239.09, remainder_fraction=100.0000%, Lmin=-231.25, Lmax=-19.23
01:54:22 [ultranest] [DEBUG] iteration=1130, ncalls=2788, regioncalls=95560, ndraw=40, logz=-236.05, remainder_fraction=100.0000%, Lmin=-227.89, Lmax=-19.23
01:54:22 [ultranest] [DEBUG] iteration=1143, ncalls=2820, regioncalls=96840, ndraw=40, logz=-232.69, remainder_fraction=100.0000%, Lmin=-225.58, Lmax=-19.23
01:54:22 [ultranest] [DEBUG] iteration=1153, ncalls=2863, regioncalls=98560, ndraw=40, logz=-229.83, remainder_fraction=100.0000%, Lmin=-221.93, Lmax=-19.23
01:54:22 [ultranest] [DEBUG] iteration=1160, ncalls=2880, regioncalls=99240, ndraw=40, logz=-226.70, remainder_fraction=100.0000%, Lmin=-218.50, Lmax=-19.23
01:54:22 [ultranest] [DEBUG] iteration=1172, ncalls=2914, regioncalls=100600, ndraw=40, logz=-221.97, remainder_fraction=100.0000%, Lmin=-213.34, Lmax=-19.23
01:54:22 [ultranest] [DEBUG] iteration=1181, ncalls=2950, regioncalls=102040, ndraw=40, logz=-217.27, remainder_fraction=100.0000%, Lmin=-207.97, Lmax=-19.23
01:54:22 [ultranest] [DEBUG] iteration=1194, ncalls=2987, regioncalls=103520, ndraw=40, logz=-209.87, remainder_fraction=100.0000%, Lmin=-200.20, Lmax=-19.23
01:54:22 [ultranest] [DEBUG] iteration=1198, ncalls=2995, regioncalls=103840, ndraw=40, logz=-207.14, remainder_fraction=100.0000%, Lmin=-198.93, Lmax=-19.23
01:54:22 [ultranest] [DEBUG] iteration=1200, ncalls=2998, regioncalls=103960, ndraw=40, logz=-204.97, remainder_fraction=100.0000%, Lmin=-195.08, Lmax=-19.23
01:54:22 [ultranest] [DEBUG] iteration=1204, ncalls=3027, regioncalls=105120, ndraw=40, logz=-202.66, remainder_fraction=100.0000%, Lmin=-194.71, Lmax=-19.23
01:54:23 [ultranest] [DEBUG] iteration=1213, ncalls=3065, regioncalls=106640, ndraw=40, logz=-198.80, remainder_fraction=100.0000%, Lmin=-189.24, Lmax=-19.23
01:54:23 [ultranest] [DEBUG] iteration=1223, ncalls=3106, regioncalls=108280, ndraw=40, logz=-193.34, remainder_fraction=100.0000%, Lmin=-185.76, Lmax=-19.23
01:54:23 [ultranest] [DEBUG] iteration=1238, ncalls=3138, regioncalls=109560, ndraw=40, logz=-188.92, remainder_fraction=100.0000%, Lmin=-180.33, Lmax=-19.23
01:54:23 [ultranest] [DEBUG] iteration=1240, ncalls=3146, regioncalls=109880, ndraw=40, logz=-188.22, remainder_fraction=100.0000%, Lmin=-180.00, Lmax=-19.23
01:54:23 [ultranest] [DEBUG] iteration=1250, ncalls=3181, regioncalls=111360, ndraw=40, logz=-183.69, remainder_fraction=100.0000%, Lmin=-175.12, Lmax=-19.23
01:54:23 [ultranest] [DEBUG] iteration=1261, ncalls=3218, regioncalls=112840, ndraw=40, logz=-179.93, remainder_fraction=100.0000%, Lmin=-170.51, Lmax=-19.23
01:54:23 [ultranest] [DEBUG] iteration=1275, ncalls=3252, regioncalls=114240, ndraw=40, logz=-173.36, remainder_fraction=100.0000%, Lmin=-163.69, Lmax=-19.23
01:54:23 [ultranest] [DEBUG] iteration=1276, ncalls=3254, regioncalls=114360, ndraw=40, logz=-172.54, remainder_fraction=100.0000%, Lmin=-163.50, Lmax=-19.23
01:54:23 [ultranest] [DEBUG] iteration=1280, ncalls=3261, regioncalls=114640, ndraw=40, logz=-170.40, remainder_fraction=100.0000%, Lmin=-161.93, Lmax=-19.23
01:54:23 [ultranest] [DEBUG] iteration=1296, ncalls=3289, regioncalls=115800, ndraw=40, logz=-163.61, remainder_fraction=100.0000%, Lmin=-154.85, Lmax=-19.23
01:54:23 [ultranest] [DEBUG] iteration=1311, ncalls=3324, regioncalls=117200, ndraw=40, logz=-157.74, remainder_fraction=100.0000%, Lmin=-149.63, Lmax=-19.23
01:54:23 [ultranest] [DEBUG] iteration=1320, ncalls=3338, regioncalls=117760, ndraw=40, logz=-155.52, remainder_fraction=100.0000%, Lmin=-147.56, Lmax=-19.23
01:54:24 [ultranest] [DEBUG] iteration=1338, ncalls=3369, regioncalls=119000, ndraw=40, logz=-150.58, remainder_fraction=100.0000%, Lmin=-141.64, Lmax=-19.23
01:54:24 [ultranest] [DEBUG] iteration=1354, ncalls=3395, regioncalls=120040, ndraw=40, logz=-145.62, remainder_fraction=100.0000%, Lmin=-137.09, Lmax=-19.23
01:54:24 [ultranest] [DEBUG] iteration=1360, ncalls=3409, regioncalls=120600, ndraw=40, logz=-142.88, remainder_fraction=100.0000%, Lmin=-132.97, Lmax=-19.23
01:54:24 [ultranest] [DEBUG] iteration=1376, ncalls=3439, regioncalls=121800, ndraw=40, logz=-136.63, remainder_fraction=100.0000%, Lmin=-127.94, Lmax=-19.14
01:54:24 [ultranest] [DEBUG] iteration=1390, ncalls=3472, regioncalls=123120, ndraw=40, logz=-130.32, remainder_fraction=100.0000%, Lmin=-121.86, Lmax=-19.14
01:54:24 [ultranest] [DEBUG] iteration=1400, ncalls=3488, regioncalls=123760, ndraw=40, logz=-126.61, remainder_fraction=100.0000%, Lmin=-117.59, Lmax=-19.14
01:54:24 [ultranest] [DEBUG] iteration=1416, ncalls=3520, regioncalls=125040, ndraw=40, logz=-120.96, remainder_fraction=100.0000%, Lmin=-112.62, Lmax=-19.14
01:54:24 [ultranest] [DEBUG] iteration=1431, ncalls=3554, regioncalls=126400, ndraw=40, logz=-116.33, remainder_fraction=100.0000%, Lmin=-106.92, Lmax=-19.14
01:54:24 [ultranest] [DEBUG] iteration=1440, ncalls=3570, regioncalls=127040, ndraw=40, logz=-112.82, remainder_fraction=100.0000%, Lmin=-104.15, Lmax=-19.14
01:54:24 [ultranest] [DEBUG] iteration=1456, ncalls=3600, regioncalls=128240, ndraw=40, logz=-107.76, remainder_fraction=100.0000%, Lmin=-99.19, Lmax=-19.14
01:54:24 [ultranest] [DEBUG] iteration=1471, ncalls=3633, regioncalls=129560, ndraw=40, logz=-104.68, remainder_fraction=100.0000%, Lmin=-96.29, Lmax=-18.90
01:54:25 [ultranest] [DEBUG] iteration=1480, ncalls=3658, regioncalls=130560, ndraw=40, logz=-102.81, remainder_fraction=100.0000%, Lmin=-94.15, Lmax=-18.90
01:54:25 [ultranest] [DEBUG] iteration=1492, ncalls=3691, regioncalls=131880, ndraw=40, logz=-99.50, remainder_fraction=100.0000%, Lmin=-90.60, Lmax=-18.90
01:54:25 [ultranest] [DEBUG] iteration=1502, ncalls=3725, regioncalls=133240, ndraw=40, logz=-97.17, remainder_fraction=100.0000%, Lmin=-87.01, Lmax=-18.90
01:54:25 [ultranest] [DEBUG] iteration=1510, ncalls=3745, regioncalls=134080, ndraw=40, logz=-94.39, remainder_fraction=100.0000%, Lmin=-85.40, Lmax=-18.90
01:54:25 [ultranest] [DEBUG] iteration=1520, ncalls=3762, regioncalls=134760, ndraw=40, logz=-92.36, remainder_fraction=100.0000%, Lmin=-83.66, Lmax=-18.90
01:54:25 [ultranest] [DEBUG] iteration=1538, ncalls=3790, regioncalls=135880, ndraw=40, logz=-89.11, remainder_fraction=100.0000%, Lmin=-80.52, Lmax=-18.90
01:54:25 [ultranest] [DEBUG] iteration=1553, ncalls=3821, regioncalls=137120, ndraw=40, logz=-86.46, remainder_fraction=100.0000%, Lmin=-77.12, Lmax=-18.90
01:54:25 [ultranest] [DEBUG] iteration=1560, ncalls=3835, regioncalls=137680, ndraw=40, logz=-84.43, remainder_fraction=100.0000%, Lmin=-75.80, Lmax=-18.90
01:54:25 [ultranest] [DEBUG] iteration=1575, ncalls=3867, regioncalls=138960, ndraw=40, logz=-81.80, remainder_fraction=100.0000%, Lmin=-72.64, Lmax=-18.90
01:54:25 [ultranest] [DEBUG] iteration=1588, ncalls=3896, regioncalls=140160, ndraw=40, logz=-79.01, remainder_fraction=100.0000%, Lmin=-70.26, Lmax=-18.90
01:54:25 [ultranest] [DEBUG] iteration=1600, ncalls=3925, regioncalls=141400, ndraw=40, logz=-76.49, remainder_fraction=100.0000%, Lmin=-67.99, Lmax=-18.90
01:54:26 [ultranest] [DEBUG] iteration=1618, ncalls=3954, regioncalls=142560, ndraw=40, logz=-73.59, remainder_fraction=100.0000%, Lmin=-64.65, Lmax=-18.90
01:54:26 [ultranest] [DEBUG] iteration=1632, ncalls=3989, regioncalls=143960, ndraw=40, logz=-71.71, remainder_fraction=100.0000%, Lmin=-63.59, Lmax=-18.90
01:54:26 [ultranest] [DEBUG] iteration=1640, ncalls=4004, regioncalls=144560, ndraw=40, logz=-70.84, remainder_fraction=100.0000%, Lmin=-61.64, Lmax=-18.90
01:54:26 [ultranest] [DEBUG] iteration=1656, ncalls=4036, regioncalls=145840, ndraw=40, logz=-66.76, remainder_fraction=100.0000%, Lmin=-58.06, Lmax=-18.90
01:54:26 [ultranest] [DEBUG] iteration=1666, ncalls=4068, regioncalls=147160, ndraw=40, logz=-65.31, remainder_fraction=100.0000%, Lmin=-56.04, Lmax=-18.90
01:54:26 [ultranest] [DEBUG] iteration=1680, ncalls=4089, regioncalls=148000, ndraw=40, logz=-63.09, remainder_fraction=100.0000%, Lmin=-54.61, Lmax=-18.90
01:54:26 [ultranest] [DEBUG] iteration=1692, ncalls=4120, regioncalls=149240, ndraw=40, logz=-61.82, remainder_fraction=100.0000%, Lmin=-53.63, Lmax=-18.90
01:54:26 [ultranest] [DEBUG] iteration=1707, ncalls=4152, regioncalls=150520, ndraw=40, logz=-60.45, remainder_fraction=100.0000%, Lmin=-52.22, Lmax=-18.90
01:54:26 [ultranest] [DEBUG] iteration=1720, ncalls=4172, regioncalls=151320, ndraw=40, logz=-59.22, remainder_fraction=100.0000%, Lmin=-50.68, Lmax=-18.90
01:54:26 [ultranest] [DEBUG] iteration=1741, ncalls=4201, regioncalls=152480, ndraw=40, logz=-57.07, remainder_fraction=100.0000%, Lmin=-48.73, Lmax=-18.90
01:54:26 [ultranest] [DEBUG] iteration=1744, ncalls=4205, regioncalls=152680, ndraw=40, logz=-56.80, remainder_fraction=100.0000%, Lmin=-48.20, Lmax=-18.90
01:54:26 [ultranest] [DEBUG] iteration=1760, ncalls=4227, regioncalls=153560, ndraw=40, logz=-55.04, remainder_fraction=100.0000%, Lmin=-46.43, Lmax=-18.90
01:54:27 [ultranest] [DEBUG] iteration=1775, ncalls=4261, regioncalls=154960, ndraw=40, logz=-53.38, remainder_fraction=100.0000%, Lmin=-44.79, Lmax=-18.90
01:54:27 [ultranest] [DEBUG] iteration=1795, ncalls=4290, regioncalls=156120, ndraw=40, logz=-51.56, remainder_fraction=100.0000%, Lmin=-43.05, Lmax=-18.90
01:54:27 [ultranest] [DEBUG] iteration=1800, ncalls=4299, regioncalls=156480, ndraw=40, logz=-51.14, remainder_fraction=100.0000%, Lmin=-42.69, Lmax=-18.90
01:54:27 [ultranest] [DEBUG] iteration=1821, ncalls=4328, regioncalls=157640, ndraw=40, logz=-49.59, remainder_fraction=100.0000%, Lmin=-41.06, Lmax=-18.90
01:54:27 [ultranest] [DEBUG] iteration=1833, ncalls=4353, regioncalls=158640, ndraw=40, logz=-48.71, remainder_fraction=100.0000%, Lmin=-40.33, Lmax=-18.90
01:54:27 [ultranest] [DEBUG] iteration=1840, ncalls=4363, regioncalls=159040, ndraw=40, logz=-48.26, remainder_fraction=100.0000%, Lmin=-39.73, Lmax=-18.90
01:54:27 [ultranest] [DEBUG] iteration=1857, ncalls=4394, regioncalls=160280, ndraw=40, logz=-46.86, remainder_fraction=100.0000%, Lmin=-38.21, Lmax=-18.87
01:54:27 [ultranest] [DEBUG] iteration=1873, ncalls=4425, regioncalls=161520, ndraw=40, logz=-45.81, remainder_fraction=100.0000%, Lmin=-37.52, Lmax=-18.87
01:54:27 [ultranest] [DEBUG] iteration=1880, ncalls=4440, regioncalls=162120, ndraw=40, logz=-45.32, remainder_fraction=100.0000%, Lmin=-36.59, Lmax=-18.87
01:54:27 [ultranest] [DEBUG] iteration=1897, ncalls=4473, regioncalls=163440, ndraw=40, logz=-44.04, remainder_fraction=100.0000%, Lmin=-35.37, Lmax=-18.87
01:54:27 [ultranest] [DEBUG] iteration=1908, ncalls=4502, regioncalls=164600, ndraw=40, logz=-43.24, remainder_fraction=100.0000%, Lmin=-34.52, Lmax=-18.87
01:54:28 [ultranest] [DEBUG] iteration=1920, ncalls=4526, regioncalls=165560, ndraw=40, logz=-42.46, remainder_fraction=100.0000%, Lmin=-34.04, Lmax=-18.87
01:54:28 [ultranest] [DEBUG] iteration=1934, ncalls=4557, regioncalls=166800, ndraw=40, logz=-41.74, remainder_fraction=100.0000%, Lmin=-33.46, Lmax=-18.87
01:54:28 [ultranest] [DEBUG] iteration=1950, ncalls=4587, regioncalls=168000, ndraw=40, logz=-40.98, remainder_fraction=99.9999%, Lmin=-32.67, Lmax=-18.83
01:54:28 [ultranest] [DEBUG] iteration=1960, ncalls=4605, regioncalls=168720, ndraw=40, logz=-40.54, remainder_fraction=99.9999%, Lmin=-32.38, Lmax=-18.83
01:54:28 [ultranest] [DEBUG] iteration=1975, ncalls=4637, regioncalls=170000, ndraw=40, logz=-39.94, remainder_fraction=99.9998%, Lmin=-31.77, Lmax=-18.83
01:54:28 [ultranest] [DEBUG] iteration=1989, ncalls=4663, regioncalls=171040, ndraw=40, logz=-39.38, remainder_fraction=99.9997%, Lmin=-31.00, Lmax=-18.83
01:54:28 [ultranest] [DEBUG] iteration=2000, ncalls=4690, regioncalls=172120, ndraw=40, logz=-38.91, remainder_fraction=99.9995%, Lmin=-30.39, Lmax=-18.83
01:54:28 [ultranest] [DEBUG] iteration=2018, ncalls=4721, regioncalls=173360, ndraw=40, logz=-38.11, remainder_fraction=99.9988%, Lmin=-29.51, Lmax=-18.83
01:54:28 [ultranest] [DEBUG] iteration=2033, ncalls=4753, regioncalls=174640, ndraw=40, logz=-37.35, remainder_fraction=99.9974%, Lmin=-28.68, Lmax=-18.83
01:54:28 [ultranest] [DEBUG] iteration=2040, ncalls=4766, regioncalls=175160, ndraw=40, logz=-37.00, remainder_fraction=99.9963%, Lmin=-28.40, Lmax=-18.83
01:54:28 [ultranest] [DEBUG] iteration=2055, ncalls=4799, regioncalls=176480, ndraw=40, logz=-36.35, remainder_fraction=99.9928%, Lmin=-27.95, Lmax=-18.83
01:54:28 [ultranest] [DEBUG] iteration=2056, ncalls=4801, regioncalls=176600, ndraw=40, logz=-36.31, remainder_fraction=99.9925%, Lmin=-27.92, Lmax=-18.83
01:54:29 [ultranest] [DEBUG] iteration=2072, ncalls=4829, regioncalls=177720, ndraw=40, logz=-35.77, remainder_fraction=99.9877%, Lmin=-27.51, Lmax=-18.83
01:54:29 [ultranest] [DEBUG] iteration=2080, ncalls=4842, regioncalls=178240, ndraw=40, logz=-35.52, remainder_fraction=99.9844%, Lmin=-27.29, Lmax=-18.83
01:54:29 [ultranest] [DEBUG] iteration=2096, ncalls=4874, regioncalls=179520, ndraw=40, logz=-35.04, remainder_fraction=99.9738%, Lmin=-26.74, Lmax=-18.83
01:54:29 [ultranest] [DEBUG] iteration=2109, ncalls=4907, regioncalls=180840, ndraw=40, logz=-34.68, remainder_fraction=99.9634%, Lmin=-26.44, Lmax=-18.75
01:54:29 [ultranest] [DEBUG] iteration=2120, ncalls=4933, regioncalls=181880, ndraw=40, logz=-34.37, remainder_fraction=99.9491%, Lmin=-26.10, Lmax=-18.75
01:54:29 [ultranest] [DEBUG] iteration=2134, ncalls=4959, regioncalls=182960, ndraw=40, logz=-33.99, remainder_fraction=99.9271%, Lmin=-25.73, Lmax=-18.72
01:54:29 [ultranest] [DEBUG] iteration=2154, ncalls=4985, regioncalls=184040, ndraw=40, logz=-33.49, remainder_fraction=99.8818%, Lmin=-25.31, Lmax=-18.72
01:54:29 [ultranest] [DEBUG] iteration=2160, ncalls=4994, regioncalls=184400, ndraw=40, logz=-33.36, remainder_fraction=99.8636%, Lmin=-25.13, Lmax=-18.72
01:54:29 [ultranest] [DEBUG] iteration=2179, ncalls=5023, regioncalls=185560, ndraw=40, logz=-32.95, remainder_fraction=99.7946%, Lmin=-24.74, Lmax=-18.72
01:54:29 [ultranest] [DEBUG] iteration=2194, ncalls=5056, regioncalls=186880, ndraw=40, logz=-32.62, remainder_fraction=99.7113%, Lmin=-24.32, Lmax=-18.72
01:54:29 [ultranest] [DEBUG] iteration=2200, ncalls=5070, regioncalls=187440, ndraw=40, logz=-32.48, remainder_fraction=99.6649%, Lmin=-24.17, Lmax=-18.72
01:54:29 [ultranest] [DEBUG] iteration=2212, ncalls=5086, regioncalls=188160, ndraw=40, logz=-32.23, remainder_fraction=99.5672%, Lmin=-23.92, Lmax=-18.72
01:54:30 [ultranest] [DEBUG] iteration=2229, ncalls=5112, regioncalls=189200, ndraw=40, logz=-31.86, remainder_fraction=99.3690%, Lmin=-23.65, Lmax=-18.72
01:54:30 [ultranest] [DEBUG] iteration=2240, ncalls=5129, regioncalls=189880, ndraw=40, logz=-31.66, remainder_fraction=99.2205%, Lmin=-23.45, Lmax=-18.72
01:54:30 [ultranest] [DEBUG] iteration=2259, ncalls=5161, regioncalls=191160, ndraw=40, logz=-31.34, remainder_fraction=98.9309%, Lmin=-23.26, Lmax=-18.72
01:54:30 [ultranest] [DEBUG] iteration=2273, ncalls=5193, regioncalls=192440, ndraw=40, logz=-31.13, remainder_fraction=98.6729%, Lmin=-22.99, Lmax=-18.72
01:54:30 [ultranest] [DEBUG] iteration=2280, ncalls=5203, regioncalls=192840, ndraw=40, logz=-31.02, remainder_fraction=98.5231%, Lmin=-22.92, Lmax=-18.72
01:54:30 [ultranest] [DEBUG] iteration=2290, ncalls=5226, regioncalls=193800, ndraw=40, logz=-30.87, remainder_fraction=98.2798%, Lmin=-22.77, Lmax=-18.72
01:54:30 [ultranest] [DEBUG] iteration=2304, ncalls=5254, regioncalls=194920, ndraw=40, logz=-30.69, remainder_fraction=97.9392%, Lmin=-22.66, Lmax=-18.72
01:54:30 [ultranest] [DEBUG] iteration=2317, ncalls=5287, regioncalls=196240, ndraw=40, logz=-30.53, remainder_fraction=97.5823%, Lmin=-22.58, Lmax=-18.72
01:54:30 [ultranest] [DEBUG] iteration=2320, ncalls=5291, regioncalls=196400, ndraw=40, logz=-30.50, remainder_fraction=97.5086%, Lmin=-22.51, Lmax=-18.72
01:54:30 [ultranest] [DEBUG] iteration=2337, ncalls=5324, regioncalls=197720, ndraw=40, logz=-30.30, remainder_fraction=96.9614%, Lmin=-22.36, Lmax=-18.72
01:54:30 [ultranest] [DEBUG] iteration=2350, ncalls=5356, regioncalls=199000, ndraw=40, logz=-30.17, remainder_fraction=96.5020%, Lmin=-22.21, Lmax=-18.72
01:54:30 [ultranest] [DEBUG] iteration=2360, ncalls=5371, regioncalls=199600, ndraw=40, logz=-30.06, remainder_fraction=96.1196%, Lmin=-22.12, Lmax=-18.72
01:54:30 [ultranest] [DEBUG] iteration=2368, ncalls=5390, regioncalls=200400, ndraw=40, logz=-29.98, remainder_fraction=95.7619%, Lmin=-22.04, Lmax=-18.72
01:54:31 [ultranest] [DEBUG] iteration=2383, ncalls=5418, regioncalls=201520, ndraw=40, logz=-29.84, remainder_fraction=95.1421%, Lmin=-21.93, Lmax=-18.72
01:54:31 [ultranest] [DEBUG] iteration=2396, ncalls=5451, regioncalls=202840, ndraw=40, logz=-29.73, remainder_fraction=94.5640%, Lmin=-21.86, Lmax=-18.72
01:54:31 [ultranest] [DEBUG] iteration=2400, ncalls=5466, regioncalls=203440, ndraw=40, logz=-29.70, remainder_fraction=94.4366%, Lmin=-21.85, Lmax=-18.72
01:54:31 [ultranest] [DEBUG] iteration=2414, ncalls=5499, regioncalls=204760, ndraw=40, logz=-29.58, remainder_fraction=93.6970%, Lmin=-21.73, Lmax=-18.72
01:54:31 [ultranest] [DEBUG] iteration=2426, ncalls=5532, regioncalls=206080, ndraw=40, logz=-29.49, remainder_fraction=93.1111%, Lmin=-21.68, Lmax=-18.72
01:54:31 [ultranest] [DEBUG] iteration=2440, ncalls=5564, regioncalls=207360, ndraw=40, logz=-29.39, remainder_fraction=92.3162%, Lmin=-21.53, Lmax=-18.72
01:54:31 [ultranest] [DEBUG] iteration=2446, ncalls=5574, regioncalls=207800, ndraw=40, logz=-29.35, remainder_fraction=91.9467%, Lmin=-21.45, Lmax=-18.72
01:54:31 [ultranest] [DEBUG] iteration=2463, ncalls=5601, regioncalls=208880, ndraw=40, logz=-29.22, remainder_fraction=90.9576%, Lmin=-21.34, Lmax=-18.72
01:54:31 [ultranest] [DEBUG] iteration=2480, ncalls=5632, regioncalls=210120, ndraw=40, logz=-29.10, remainder_fraction=89.8747%, Lmin=-21.22, Lmax=-18.72
01:54:31 [ultranest] [DEBUG] iteration=2495, ncalls=5663, regioncalls=211360, ndraw=40, logz=-29.01, remainder_fraction=88.7683%, Lmin=-21.13, Lmax=-18.72
01:54:32 [ultranest] [DEBUG] iteration=2509, ncalls=5696, regioncalls=212680, ndraw=40, logz=-28.92, remainder_fraction=87.6138%, Lmin=-21.06, Lmax=-18.72
01:54:32 [ultranest] [DEBUG] iteration=2520, ncalls=5723, regioncalls=213760, ndraw=40, logz=-28.85, remainder_fraction=86.8022%, Lmin=-20.97, Lmax=-18.72
01:54:32 [ultranest] [DEBUG] iteration=2524, ncalls=5731, regioncalls=214200, ndraw=40, logz=-28.83, remainder_fraction=86.4832%, Lmin=-20.96, Lmax=-18.72
01:54:32 [ultranest] [DEBUG] iteration=2541, ncalls=5759, regioncalls=215320, ndraw=40, logz=-28.73, remainder_fraction=85.1221%, Lmin=-20.81, Lmax=-18.72
01:54:32 [ultranest] [DEBUG] iteration=2557, ncalls=5785, regioncalls=216360, ndraw=40, logz=-28.64, remainder_fraction=83.7237%, Lmin=-20.74, Lmax=-18.72
01:54:32 [ultranest] [DEBUG] iteration=2560, ncalls=5790, regioncalls=216560, ndraw=40, logz=-28.63, remainder_fraction=83.5029%, Lmin=-20.72, Lmax=-18.72
01:54:32 [ultranest] [DEBUG] iteration=2574, ncalls=5822, regioncalls=217840, ndraw=40, logz=-28.55, remainder_fraction=82.1948%, Lmin=-20.65, Lmax=-18.72
01:54:32 [ultranest] [DEBUG] iteration=2592, ncalls=5852, regioncalls=219040, ndraw=40, logz=-28.46, remainder_fraction=80.5712%, Lmin=-20.58, Lmax=-18.72
01:54:32 [ultranest] [DEBUG] iteration=2600, ncalls=5873, regioncalls=219880, ndraw=40, logz=-28.42, remainder_fraction=79.8255%, Lmin=-20.54, Lmax=-18.72
01:54:32 [ultranest] [DEBUG] iteration=2612, ncalls=5900, regioncalls=220960, ndraw=40, logz=-28.37, remainder_fraction=78.7943%, Lmin=-20.50, Lmax=-18.72
01:54:32 [ultranest] [DEBUG] iteration=2627, ncalls=5929, regioncalls=222120, ndraw=40, logz=-28.30, remainder_fraction=77.2954%, Lmin=-20.47, Lmax=-18.72
01:54:32 [ultranest] [DEBUG] iteration=2640, ncalls=5952, regioncalls=223040, ndraw=40, logz=-28.25, remainder_fraction=76.0063%, Lmin=-20.42, Lmax=-18.72
01:54:33 [ultranest] [DEBUG] iteration=2655, ncalls=5983, regioncalls=224280, ndraw=40, logz=-28.19, remainder_fraction=74.6207%, Lmin=-20.37, Lmax=-18.72
01:54:33 [ultranest] [DEBUG] iteration=2671, ncalls=6013, regioncalls=225480, ndraw=40, logz=-28.13, remainder_fraction=73.0485%, Lmin=-20.32, Lmax=-18.72
01:54:33 [ultranest] [DEBUG] iteration=2680, ncalls=6037, regioncalls=226480, ndraw=40, logz=-28.10, remainder_fraction=72.0427%, Lmin=-20.28, Lmax=-18.72
01:54:33 [ultranest] [DEBUG] iteration=2694, ncalls=6064, regioncalls=227560, ndraw=40, logz=-28.05, remainder_fraction=70.5266%, Lmin=-20.23, Lmax=-18.72
01:54:33 [ultranest] [DEBUG] iteration=2709, ncalls=6094, regioncalls=228760, ndraw=40, logz=-28.00, remainder_fraction=69.0706%, Lmin=-20.17, Lmax=-18.72
01:54:33 [ultranest] [DEBUG] iteration=2720, ncalls=6117, regioncalls=229680, ndraw=40, logz=-27.97, remainder_fraction=67.9442%, Lmin=-20.13, Lmax=-18.72
01:54:33 [ultranest] [DEBUG] iteration=2737, ncalls=6148, regioncalls=230920, ndraw=40, logz=-27.91, remainder_fraction=66.4131%, Lmin=-20.07, Lmax=-18.72
01:54:33 [ultranest] [DEBUG] iteration=2754, ncalls=6179, regioncalls=232160, ndraw=40, logz=-27.86, remainder_fraction=64.7985%, Lmin=-20.03, Lmax=-18.72
01:54:33 [ultranest] [DEBUG] iteration=2760, ncalls=6188, regioncalls=232520, ndraw=40, logz=-27.84, remainder_fraction=64.2139%, Lmin=-20.02, Lmax=-18.72
01:54:33 [ultranest] [DEBUG] iteration=2773, ncalls=6220, regioncalls=233800, ndraw=40, logz=-27.81, remainder_fraction=62.9848%, Lmin=-19.98, Lmax=-18.72
01:54:33 [ultranest] [DEBUG] iteration=2792, ncalls=6248, regioncalls=234920, ndraw=40, logz=-27.76, remainder_fraction=61.3303%, Lmin=-19.94, Lmax=-18.72
01:54:34 [ultranest] [DEBUG] iteration=2800, ncalls=6266, regioncalls=235640, ndraw=40, logz=-27.74, remainder_fraction=60.5856%, Lmin=-19.93, Lmax=-18.72
01:54:34 [ultranest] [DEBUG] iteration=2821, ncalls=6294, regioncalls=236760, ndraw=40, logz=-27.69, remainder_fraction=58.5074%, Lmin=-19.90, Lmax=-18.72
01:54:34 [ultranest] [DEBUG] iteration=2839, ncalls=6321, regioncalls=237840, ndraw=40, logz=-27.65, remainder_fraction=56.8271%, Lmin=-19.85, Lmax=-18.72
01:54:34 [ultranest] [DEBUG] iteration=2840, ncalls=6322, regioncalls=237880, ndraw=40, logz=-27.65, remainder_fraction=56.7058%, Lmin=-19.85, Lmax=-18.72
01:54:34 [ultranest] [DEBUG] iteration=2851, ncalls=6351, regioncalls=239040, ndraw=40, logz=-27.62, remainder_fraction=55.6074%, Lmin=-19.82, Lmax=-18.72
01:54:34 [ultranest] [DEBUG] iteration=2869, ncalls=6381, regioncalls=240240, ndraw=40, logz=-27.58, remainder_fraction=53.9410%, Lmin=-19.79, Lmax=-18.72
01:54:34 [ultranest] [DEBUG] iteration=2880, ncalls=6396, regioncalls=240840, ndraw=40, logz=-27.56, remainder_fraction=52.8513%, Lmin=-19.76, Lmax=-18.72
01:54:34 [ultranest] [DEBUG] iteration=2896, ncalls=6426, regioncalls=242040, ndraw=40, logz=-27.53, remainder_fraction=51.2189%, Lmin=-19.71, Lmax=-18.72
01:54:34 [ultranest] [DEBUG] iteration=2910, ncalls=6461, regioncalls=243440, ndraw=40, logz=-27.51, remainder_fraction=49.8531%, Lmin=-19.68, Lmax=-18.72
01:54:34 [ultranest] [DEBUG] iteration=2914, ncalls=6471, regioncalls=243880, ndraw=40, logz=-27.50, remainder_fraction=49.4591%, Lmin=-19.67, Lmax=-18.72
01:54:34 [ultranest] [DEBUG] iteration=2920, ncalls=6484, regioncalls=244400, ndraw=40, logz=-27.49, remainder_fraction=48.8757%, Lmin=-19.65, Lmax=-18.72
01:54:34 [ultranest] [DEBUG] iteration=2931, ncalls=6513, regioncalls=245560, ndraw=40, logz=-27.47, remainder_fraction=47.8874%, Lmin=-19.63, Lmax=-18.72
01:54:34 [ultranest] [DEBUG] iteration=2947, ncalls=6543, regioncalls=246760, ndraw=40, logz=-27.44, remainder_fraction=46.4776%, Lmin=-19.61, Lmax=-18.72
01:54:35 [ultranest] [DEBUG] iteration=2960, ncalls=6575, regioncalls=248040, ndraw=40, logz=-27.42, remainder_fraction=45.3211%, Lmin=-19.58, Lmax=-18.72
01:54:35 [ultranest] [DEBUG] iteration=2976, ncalls=6605, regioncalls=249240, ndraw=40, logz=-27.39, remainder_fraction=43.9103%, Lmin=-19.55, Lmax=-18.72
01:54:35 [ultranest] [DEBUG] iteration=2992, ncalls=6631, regioncalls=250320, ndraw=40, logz=-27.37, remainder_fraction=42.4975%, Lmin=-19.53, Lmax=-18.72
01:54:35 [ultranest] [DEBUG] iteration=3000, ncalls=6645, regioncalls=250920, ndraw=40, logz=-27.36, remainder_fraction=41.7637%, Lmin=-19.51, Lmax=-18.72
01:54:35 [ultranest] [DEBUG] iteration=3016, ncalls=6675, regioncalls=252120, ndraw=40, logz=-27.34, remainder_fraction=40.4014%, Lmin=-19.49, Lmax=-18.72
01:54:35 [ultranest] [DEBUG] iteration=3033, ncalls=6706, regioncalls=253360, ndraw=40, logz=-27.31, remainder_fraction=39.0611%, Lmin=-19.47, Lmax=-18.72
01:54:35 [ultranest] [DEBUG] iteration=3040, ncalls=6720, regioncalls=253920, ndraw=40, logz=-27.30, remainder_fraction=38.5462%, Lmin=-19.46, Lmax=-18.72
01:54:35 [ultranest] [DEBUG] iteration=3056, ncalls=6755, regioncalls=255320, ndraw=40, logz=-27.28, remainder_fraction=37.1937%, Lmin=-19.43, Lmax=-18.72
01:54:35 [ultranest] [DEBUG] iteration=3070, ncalls=6775, regioncalls=256160, ndraw=40, logz=-27.27, remainder_fraction=36.1428%, Lmin=-19.42, Lmax=-18.72
01:54:35 [ultranest] [DEBUG] iteration=3080, ncalls=6789, regioncalls=256720, ndraw=40, logz=-27.26, remainder_fraction=35.3484%, Lmin=-19.40, Lmax=-18.72
01:54:35 [ultranest] [DEBUG] iteration=3094, ncalls=6819, regioncalls=257920, ndraw=40, logz=-27.24, remainder_fraction=34.3755%, Lmin=-19.38, Lmax=-18.72
01:54:36 [ultranest] [DEBUG] iteration=3113, ncalls=6849, regioncalls=259120, ndraw=40, logz=-27.22, remainder_fraction=32.9860%, Lmin=-19.36, Lmax=-18.72
01:54:36 [ultranest] [DEBUG] iteration=3120, ncalls=6866, regioncalls=259800, ndraw=40, logz=-27.21, remainder_fraction=32.5109%, Lmin=-19.34, Lmax=-18.72
01:54:36 [ultranest] [DEBUG] iteration=3136, ncalls=6896, regioncalls=261000, ndraw=40, logz=-27.19, remainder_fraction=31.3732%, Lmin=-19.32, Lmax=-18.72
01:54:36 [ultranest] [DEBUG] iteration=3148, ncalls=6916, regioncalls=261840, ndraw=40, logz=-27.18, remainder_fraction=30.5384%, Lmin=-19.30, Lmax=-18.72
01:54:36 [ultranest] [DEBUG] iteration=3160, ncalls=6939, regioncalls=262760, ndraw=40, logz=-27.17, remainder_fraction=29.7782%, Lmin=-19.29, Lmax=-18.72
01:54:36 [ultranest] [DEBUG] iteration=3177, ncalls=6969, regioncalls=263960, ndraw=40, logz=-27.16, remainder_fraction=28.6498%, Lmin=-19.27, Lmax=-18.72
01:54:36 [ultranest] [DEBUG] iteration=3192, ncalls=7001, regioncalls=265240, ndraw=40, logz=-27.14, remainder_fraction=27.6914%, Lmin=-19.25, Lmax=-18.72
01:54:36 [ultranest] [DEBUG] iteration=3200, ncalls=7020, regioncalls=266000, ndraw=40, logz=-27.14, remainder_fraction=27.2192%, Lmin=-19.25, Lmax=-18.72
01:54:36 [ultranest] [DEBUG] iteration=3219, ncalls=7051, regioncalls=267240, ndraw=40, logz=-27.12, remainder_fraction=26.1089%, Lmin=-19.23, Lmax=-18.72
01:54:36 [ultranest] [DEBUG] iteration=3234, ncalls=7078, regioncalls=268320, ndraw=40, logz=-27.11, remainder_fraction=25.2107%, Lmin=-19.21, Lmax=-18.72
01:54:36 [ultranest] [DEBUG] iteration=3240, ncalls=7096, regioncalls=269040, ndraw=40, logz=-27.10, remainder_fraction=24.8550%, Lmin=-19.21, Lmax=-18.72
01:54:37 [ultranest] [DEBUG] iteration=3256, ncalls=7127, regioncalls=270280, ndraw=40, logz=-27.09, remainder_fraction=23.9278%, Lmin=-19.18, Lmax=-18.72
01:54:37 [ultranest] [DEBUG] iteration=3272, ncalls=7158, regioncalls=271520, ndraw=40, logz=-27.08, remainder_fraction=23.0912%, Lmin=-19.16, Lmax=-18.72
01:54:37 [ultranest] [DEBUG] iteration=3280, ncalls=7174, regioncalls=272160, ndraw=40, logz=-27.07, remainder_fraction=22.6665%, Lmin=-19.16, Lmax=-18.72
01:54:37 [ultranest] [DEBUG] iteration=3295, ncalls=7206, regioncalls=273440, ndraw=40, logz=-27.06, remainder_fraction=21.8805%, Lmin=-19.15, Lmax=-18.72
01:54:37 [ultranest] [DEBUG] iteration=3304, ncalls=7222, regioncalls=274120, ndraw=40, logz=-27.06, remainder_fraction=21.4115%, Lmin=-19.14, Lmax=-18.72
01:54:37 [ultranest] [DEBUG] iteration=3320, ncalls=7247, regioncalls=275120, ndraw=40, logz=-27.05, remainder_fraction=20.6335%, Lmin=-19.12, Lmax=-18.72
01:54:37 [ultranest] [DEBUG] iteration=3334, ncalls=7277, regioncalls=276400, ndraw=40, logz=-27.04, remainder_fraction=19.9626%, Lmin=-19.11, Lmax=-18.72
01:54:37 [ultranest] [DEBUG] iteration=3348, ncalls=7311, regioncalls=277760, ndraw=40, logz=-27.03, remainder_fraction=19.2942%, Lmin=-19.10, Lmax=-18.72
01:54:37 [ultranest] [DEBUG] iteration=3360, ncalls=7328, regioncalls=278440, ndraw=40, logz=-27.02, remainder_fraction=18.7352%, Lmin=-19.08, Lmax=-18.72
01:54:37 [ultranest] [DEBUG] iteration=3374, ncalls=7359, regioncalls=279680, ndraw=40, logz=-27.02, remainder_fraction=18.0964%, Lmin=-19.07, Lmax=-18.72
01:54:37 [ultranest] [DEBUG] iteration=3382, ncalls=7376, regioncalls=280400, ndraw=40, logz=-27.01, remainder_fraction=17.7357%, Lmin=-19.07, Lmax=-18.72
01:54:38 [ultranest] [DEBUG] iteration=3397, ncalls=7408, regioncalls=281680, ndraw=40, logz=-27.00, remainder_fraction=17.0883%, Lmin=-19.06, Lmax=-18.72
01:54:38 [ultranest] [DEBUG] iteration=3400, ncalls=7416, regioncalls=282000, ndraw=40, logz=-27.00, remainder_fraction=16.9690%, Lmin=-19.06, Lmax=-18.72
01:54:38 [ultranest] [DEBUG] iteration=3420, ncalls=7445, regioncalls=283160, ndraw=40, logz=-26.99, remainder_fraction=16.1251%, Lmin=-19.04, Lmax=-18.72
01:54:38 [ultranest] [DEBUG] iteration=3440, ncalls=7479, regioncalls=284520, ndraw=40, logz=-26.98, remainder_fraction=15.3552%, Lmin=-19.03, Lmax=-18.72
01:54:38 [ultranest] [DEBUG] iteration=3457, ncalls=7509, regioncalls=285720, ndraw=40, logz=-26.98, remainder_fraction=14.7210%, Lmin=-19.02, Lmax=-18.72
01:54:38 [ultranest] [DEBUG] iteration=3469, ncalls=7532, regioncalls=286640, ndraw=40, logz=-26.97, remainder_fraction=14.2660%, Lmin=-19.01, Lmax=-18.72
01:54:38 [ultranest] [DEBUG] iteration=3480, ncalls=7556, regioncalls=287600, ndraw=40, logz=-26.97, remainder_fraction=13.8750%, Lmin=-19.00, Lmax=-18.72
01:54:38 [ultranest] [DEBUG] iteration=3498, ncalls=7587, regioncalls=288840, ndraw=40, logz=-26.96, remainder_fraction=13.2525%, Lmin=-19.00, Lmax=-18.72
01:54:38 [ultranest] [DEBUG] iteration=3516, ncalls=7616, regioncalls=290000, ndraw=40, logz=-26.95, remainder_fraction=12.6500%, Lmin=-18.99, Lmax=-18.72
01:54:38 [ultranest] [DEBUG] iteration=3520, ncalls=7630, regioncalls=290560, ndraw=40, logz=-26.95, remainder_fraction=12.5216%, Lmin=-18.98, Lmax=-18.72
01:54:38 [ultranest] [DEBUG] iteration=3538, ncalls=7660, regioncalls=291800, ndraw=40, logz=-26.94, remainder_fraction=11.9541%, Lmin=-18.97, Lmax=-18.72
01:54:39 [ultranest] [DEBUG] iteration=3556, ncalls=7685, regioncalls=292800, ndraw=40, logz=-26.94, remainder_fraction=11.4059%, Lmin=-18.97, Lmax=-18.72
01:54:39 [ultranest] [DEBUG] iteration=3560, ncalls=7691, regioncalls=293040, ndraw=40, logz=-26.94, remainder_fraction=11.2932%, Lmin=-18.96, Lmax=-18.72
01:54:39 [ultranest] [DEBUG] iteration=3576, ncalls=7722, regioncalls=294280, ndraw=40, logz=-26.93, remainder_fraction=10.8310%, Lmin=-18.96, Lmax=-18.72
01:54:39 [ultranest] [DEBUG] iteration=3591, ncalls=7753, regioncalls=295520, ndraw=40, logz=-26.93, remainder_fraction=10.4260%, Lmin=-18.95, Lmax=-18.72
01:54:39 [ultranest] [DEBUG] iteration=3600, ncalls=7768, regioncalls=296120, ndraw=40, logz=-26.92, remainder_fraction=10.1795%, Lmin=-18.94, Lmax=-18.72
01:54:39 [ultranest] [DEBUG] iteration=3616, ncalls=7788, regioncalls=297000, ndraw=40, logz=-26.92, remainder_fraction=9.7673%, Lmin=-18.94, Lmax=-18.72
01:54:39 [ultranest] [DEBUG] iteration=3630, ncalls=7814, regioncalls=298080, ndraw=40, logz=-26.92, remainder_fraction=9.4238%, Lmin=-18.93, Lmax=-18.72
01:54:39 [ultranest] [DEBUG] iteration=3640, ncalls=7832, regioncalls=298800, ndraw=40, logz=-26.91, remainder_fraction=9.1828%, Lmin=-18.93, Lmax=-18.72
01:54:39 [ultranest] [DEBUG] iteration=3654, ncalls=7866, regioncalls=300240, ndraw=40, logz=-26.91, remainder_fraction=8.8447%, Lmin=-18.92, Lmax=-18.72
01:54:39 [ultranest] [DEBUG] iteration=3669, ncalls=7897, regioncalls=301480, ndraw=40, logz=-26.91, remainder_fraction=8.4957%, Lmin=-18.91, Lmax=-18.72
01:54:39 [ultranest] [DEBUG] iteration=3680, ncalls=7926, regioncalls=302640, ndraw=40, logz=-26.90, remainder_fraction=8.2535%, Lmin=-18.91, Lmax=-18.72
01:54:39 [ultranest] [DEBUG] iteration=3694, ncalls=7954, regioncalls=303800, ndraw=40, logz=-26.90, remainder_fraction=7.9566%, Lmin=-18.90, Lmax=-18.72
01:54:40 [ultranest] [DEBUG] iteration=3710, ncalls=7980, regioncalls=304840, ndraw=40, logz=-26.90, remainder_fraction=7.6198%, Lmin=-18.90, Lmax=-18.72
01:54:40 [ultranest] [DEBUG] iteration=3720, ncalls=8003, regioncalls=305760, ndraw=40, logz=-26.89, remainder_fraction=7.4208%, Lmin=-18.89, Lmax=-18.72
01:54:40 [ultranest] [DEBUG] iteration=3738, ncalls=8035, regioncalls=307040, ndraw=40, logz=-26.89, remainder_fraction=7.0720%, Lmin=-18.88, Lmax=-18.72
01:54:40 [ultranest] [DEBUG] iteration=3753, ncalls=8066, regioncalls=308280, ndraw=40, logz=-26.89, remainder_fraction=6.7976%, Lmin=-18.88, Lmax=-18.72
01:54:40 [ultranest] [DEBUG] iteration=3760, ncalls=8079, regioncalls=308800, ndraw=40, logz=-26.89, remainder_fraction=6.6682%, Lmin=-18.87, Lmax=-18.72
01:54:40 [ultranest] [DEBUG] iteration=3773, ncalls=8106, regioncalls=309880, ndraw=40, logz=-26.88, remainder_fraction=6.4439%, Lmin=-18.87, Lmax=-18.72
01:54:40 [ultranest] [DEBUG] iteration=3789, ncalls=8133, regioncalls=310960, ndraw=40, logz=-26.88, remainder_fraction=6.1725%, Lmin=-18.86, Lmax=-18.72
01:54:40 [ultranest] [DEBUG] iteration=3800, ncalls=8163, regioncalls=312160, ndraw=40, logz=-26.88, remainder_fraction=5.9898%, Lmin=-18.86, Lmax=-18.72
01:54:40 [ultranest] [DEBUG] iteration=3812, ncalls=8198, regioncalls=313560, ndraw=40, logz=-26.88, remainder_fraction=5.7973%, Lmin=-18.86, Lmax=-18.72
01:54:40 [ultranest] [DEBUG] iteration=3829, ncalls=8228, regioncalls=314760, ndraw=40, logz=-26.87, remainder_fraction=5.5333%, Lmin=-18.85, Lmax=-18.72
01:54:40 [ultranest] [DEBUG] iteration=3840, ncalls=8256, regioncalls=315880, ndraw=40, logz=-26.87, remainder_fraction=5.3690%, Lmin=-18.85, Lmax=-18.72
01:54:41 [ultranest] [DEBUG] iteration=3850, ncalls=8272, regioncalls=316560, ndraw=40, logz=-26.87, remainder_fraction=5.2260%, Lmin=-18.85, Lmax=-18.72
01:54:41 [ultranest] [DEBUG] iteration=3867, ncalls=8298, regioncalls=317680, ndraw=40, logz=-26.87, remainder_fraction=4.9895%, Lmin=-18.84, Lmax=-18.72
01:54:41 [ultranest] [DEBUG] iteration=3880, ncalls=8319, regioncalls=318520, ndraw=40, logz=-26.87, remainder_fraction=4.8141%, Lmin=-18.84, Lmax=-18.72
01:54:41 [ultranest] [DEBUG] iteration=3893, ncalls=8351, regioncalls=319800, ndraw=40, logz=-26.86, remainder_fraction=4.6462%, Lmin=-18.84, Lmax=-18.72
01:54:41 [ultranest] [DEBUG] iteration=3905, ncalls=8384, regioncalls=321120, ndraw=40, logz=-26.86, remainder_fraction=4.4995%, Lmin=-18.84, Lmax=-18.72
01:54:41 [ultranest] [DEBUG] iteration=3920, ncalls=8408, regioncalls=322080, ndraw=40, logz=-26.86, remainder_fraction=4.3183%, Lmin=-18.83, Lmax=-18.72
01:54:41 [ultranest] [DEBUG] iteration=3928, ncalls=8419, regioncalls=322560, ndraw=40, logz=-26.86, remainder_fraction=4.2244%, Lmin=-18.83, Lmax=-18.72
01:54:41 [ultranest] [DEBUG] iteration=3944, ncalls=8447, regioncalls=323680, ndraw=40, logz=-26.86, remainder_fraction=4.0442%, Lmin=-18.83, Lmax=-18.72
01:54:41 [ultranest] [DEBUG] iteration=3960, ncalls=8475, regioncalls=324800, ndraw=40, logz=-26.86, remainder_fraction=3.8699%, Lmin=-18.82, Lmax=-18.72
01:54:41 [ultranest] [DEBUG] iteration=3975, ncalls=8506, regioncalls=326040, ndraw=40, logz=-26.85, remainder_fraction=3.7133%, Lmin=-18.82, Lmax=-18.72
01:54:41 [ultranest] [INFO] Explored until L=-2e+01  
01:54:41 [ultranest] [INFO] Likelihood function evaluations: 8513
01:54:42 [ultranest] [INFO] Writing samples and results to disk ...
01:54:42 [ultranest] [INFO] Writing samples and results to disk ... done
01:54:42 [ultranest] [DEBUG] did a run_iter pass!
01:54:42 [ultranest] [INFO]   logZ = -26.79 +- 0.1055
01:54:42 [ultranest] [INFO] Effective samples strategy satisfied (ESS = 1450.7, need >400)
01:54:42 [ultranest] [INFO] Posterior uncertainty strategy is satisfied (KL: 0.46+-0.09 nat, need <0.50 nat)
01:54:42 [ultranest] [INFO] Evidency uncertainty strategy is satisfied (dlogz=0.11, need <0.5)
01:54:42 [ultranest] [INFO]   logZ error budget: single: 0.14 bs:0.11 tail:0.04 total:0.11 required:<0.50
01:54:42 [ultranest] [INFO] done iterating.
01:54:43 [ultranest] [DEBUG] Making corner plot ...
01:54:44 [ultranest] [DEBUG] Making corner plot ... done
01:54:44 [ultranest] [DEBUG] Making run plot ... 
01:54:45 [ultranest] [DEBUG] Making run plot ... done
01:54:45 [ultranest] [DEBUG] Making trace plot ... 
01:54:46 [ultranest] [DEBUG] Making trace plot ... done
21:23:55 [ultranest] [DEBUG] ReactiveNestedSampler: dims=3+0, resume=True, log_dir=/home/orion51/Desktop/Research/spectral_fitting/FGL_spectral_fitting/Individual_sources/2CXOJ103202.9+573208/mekal_out_, backend=hdf5, vectorized=False, nbootstraps=30, ndraw=128..65536
21:23:55 [ultranest] [DEBUG] Testing resume consistency: [-18.81676193 -18.78073548   0.           0.3603727    0.78878568
   0.10623108  -4.39627305   0.95391777  19.74361758]: u=[0.3603727  0.78878568 0.10623108] -> p=[-4.39627305  0.95391777 19.74361758] -> L=-18.780735475180634 
21:23:55 [ultranest] [INFO] Resuming from 4328 stored points
21:23:55 [ultranest] [DEBUG] run_iter dlogz=0.5, dKL=0.5, frac_remain=0.01, Lepsilon=0.1000, min_ess=400
21:23:55 [ultranest] [DEBUG] max_iters=-1, max_ncalls=-1, max_num_improvement_loops=-1, min_num_live_points=400, cluster_num_live_points=40
21:23:55 [ultranest] [DEBUG] minimal_widths_sequence: [(-inf, 400.0), (inf, 400.0)]
21:23:55 [ultranest] [DEBUG] iteration=0, ncalls=8513, regioncalls=0, ndraw=40, logz=-inf, remainder_fraction=100.0000%, Lmin=-667719319.98, Lmax=-21.43
21:23:55 [ultranest] [DEBUG] iteration=40, ncalls=8513, regioncalls=0, ndraw=40, logz=-4860601.81, remainder_fraction=100.0000%, Lmin=-4775689.18, Lmax=-21.43
21:23:55 [ultranest] [DEBUG] iteration=80, ncalls=8513, regioncalls=0, ndraw=40, logz=-274296.00, remainder_fraction=100.0000%, Lmin=-273456.75, Lmax=-21.43
21:23:55 [ultranest] [DEBUG] iteration=120, ncalls=8513, regioncalls=0, ndraw=40, logz=-42922.50, remainder_fraction=100.0000%, Lmin=-42199.28, Lmax=-21.43
21:23:55 [ultranest] [DEBUG] iteration=160, ncalls=8513, regioncalls=0, ndraw=40, logz=-5176.95, remainder_fraction=100.0000%, Lmin=-4711.50, Lmax=-21.43
21:23:55 [ultranest] [DEBUG] iteration=180, ncalls=8513, regioncalls=0, ndraw=40, logz=-2125.61, remainder_fraction=100.0000%, Lmin=-1913.71, Lmax=-21.43
21:23:55 [ultranest] [DEBUG] iteration=200, ncalls=8513, regioncalls=0, ndraw=40, logz=-898.54, remainder_fraction=100.0000%, Lmin=-805.45, Lmax=-21.43
21:23:55 [ultranest] [DEBUG] Plateau detected at L=-6.589784e+02, not replacing live point.
21:23:55 [ultranest] [DEBUG] Plateau detected at L=-6.589784e+02, not replacing live point.
21:23:55 [ultranest] [DEBUG] Plateau detected at L=-6.589784e+02, not replacing live point.
21:23:55 [ultranest] [DEBUG] Plateau detected at L=-6.589784e+02, not replacing live point.
21:23:55 [ultranest] [DEBUG] Plateau detected at L=-6.589784e+02, not replacing live point.
21:23:55 [ultranest] [DEBUG] Plateau detected at L=-6.589784e+02, not replacing live point.
21:23:55 [ultranest] [DEBUG] Plateau detected at L=-6.589784e+02, not replacing live point.
21:23:55 [ultranest] [DEBUG] Plateau detected at L=-6.589784e+02, not replacing live point.
21:23:55 [ultranest] [DEBUG] Plateau detected at L=-6.589784e+02, not replacing live point.
21:23:55 [ultranest] [DEBUG] Plateau detected at L=-6.589784e+02, not replacing live point.
21:23:55 [ultranest] [DEBUG] Plateau detected at L=-6.589784e+02, not replacing live point.
21:23:55 [ultranest] [DEBUG] Plateau detected at L=-6.589784e+02, not replacing live point.
21:23:55 [ultranest] [DEBUG] Plateau detected at L=-6.589784e+02, not replacing live point.
21:23:55 [ultranest] [DEBUG] Plateau detected at L=-6.589784e+02, not replacing live point.
21:23:55 [ultranest] [DEBUG] Plateau detected at L=-6.589784e+02, not replacing live point.
21:23:55 [ultranest] [DEBUG] Plateau detected at L=-6.589784e+02, not replacing live point.
21:23:55 [ultranest] [DEBUG] Plateau detected at L=-6.589784e+02, not replacing live point.
21:23:55 [ultranest] [DEBUG] Plateau detected at L=-6.589784e+02, not replacing live point.
21:23:55 [ultranest] [DEBUG] Plateau detected at L=-6.589784e+02, not replacing live point.
21:23:55 [ultranest] [DEBUG] Plateau detected at L=-6.589784e+02, not replacing live point.
21:23:55 [ultranest] [DEBUG] Plateau detected at L=-6.589784e+02, not replacing live point.
21:23:55 [ultranest] [DEBUG] Plateau detected at L=-6.589784e+02, not replacing live point.
21:23:56 [ultranest] [DEBUG] Plateau detected at L=-6.589784e+02, not replacing live point.
21:23:56 [ultranest] [DEBUG] Plateau detected at L=-6.589784e+02, not replacing live point.
21:23:56 [ultranest] [DEBUG] Plateau detected at L=-6.589784e+02, not replacing live point.
21:23:56 [ultranest] [DEBUG] Plateau detected at L=-6.589784e+02, not replacing live point.
21:23:56 [ultranest] [DEBUG] Plateau detected at L=-6.589784e+02, not replacing live point.
21:23:56 [ultranest] [DEBUG] Plateau detected at L=-6.589784e+02, not replacing live point.
21:23:56 [ultranest] [DEBUG] Plateau detected at L=-6.589784e+02, not replacing live point.
21:23:56 [ultranest] [DEBUG] Plateau detected at L=-6.589784e+02, not replacing live point.
21:23:56 [ultranest] [DEBUG] Plateau detected at L=-6.589784e+02, not replacing live point.
21:23:56 [ultranest] [DEBUG] Plateau detected at L=-6.589784e+02, not replacing live point.
21:23:56 [ultranest] [DEBUG] Plateau detected at L=-6.589784e+02, not replacing live point.
21:23:56 [ultranest] [DEBUG] Plateau detected at L=-6.589784e+02, not replacing live point.
21:23:56 [ultranest] [DEBUG] Plateau detected at L=-6.589784e+02, not replacing live point.
21:23:56 [ultranest] [DEBUG] Plateau detected at L=-6.589784e+02, not replacing live point.
21:23:56 [ultranest] [DEBUG] Plateau detected at L=-6.589784e+02, not replacing live point.
21:23:56 [ultranest] [DEBUG] Plateau detected at L=-6.589784e+02, not replacing live point.
21:23:56 [ultranest] [DEBUG] Plateau detected at L=-6.589784e+02, not replacing live point.
21:23:56 [ultranest] [DEBUG] Plateau detected at L=-6.589784e+02, not replacing live point.
21:23:56 [ultranest] [DEBUG] Plateau detected at L=-6.589784e+02, not replacing live point.
21:23:56 [ultranest] [DEBUG] Plateau detected at L=-6.589784e+02, not replacing live point.
21:23:56 [ultranest] [DEBUG] Plateau detected at L=-6.589784e+02, not replacing live point.
21:23:56 [ultranest] [DEBUG] Plateau detected at L=-6.589784e+02, not replacing live point.
21:23:56 [ultranest] [DEBUG] Plateau detected at L=-6.589784e+02, not replacing live point.
21:23:56 [ultranest] [DEBUG] Plateau detected at L=-6.589784e+02, not replacing live point.
21:23:56 [ultranest] [DEBUG] iteration=255, ncalls=8513, regioncalls=0, ndraw=40, logz=-661.66, remainder_fraction=100.0000%, Lmin=-658.98, Lmax=-21.43
21:23:56 [ultranest] [DEBUG] Plateau detected at L=-6.589784e+02, not replacing live point.
21:23:56 [ultranest] [DEBUG] Plateau detected at L=-6.589784e+02, not replacing live point.
21:23:56 [ultranest] [DEBUG] Plateau detected at L=-6.589784e+02, not replacing live point.
21:23:56 [ultranest] [DEBUG] Plateau detected at L=-6.589784e+02, not replacing live point.
21:23:56 [ultranest] [DEBUG] Plateau detected at L=-6.589784e+02, not replacing live point.
21:23:56 [ultranest] [DEBUG] Plateau detected at L=-6.589784e+02, not replacing live point.
21:23:56 [ultranest] [DEBUG] iteration=262, ncalls=8513, regioncalls=0, ndraw=40, logz=-661.52, remainder_fraction=100.0000%, Lmin=-658.98, Lmax=-21.43
21:23:56 [ultranest] [DEBUG] iteration=280, ncalls=8513, regioncalls=0, ndraw=40, logz=-661.24, remainder_fraction=100.0000%, Lmin=-658.98, Lmax=-20.71
21:23:56 [ultranest] [DEBUG] iteration=320, ncalls=8513, regioncalls=0, ndraw=40, logz=-660.83, remainder_fraction=100.0000%, Lmin=-658.98, Lmax=-20.71
21:23:56 [ultranest] [DEBUG] iteration=340, ncalls=8513, regioncalls=0, ndraw=40, logz=-660.68, remainder_fraction=100.0000%, Lmin=-658.98, Lmax=-20.71
21:23:56 [ultranest] [DEBUG] iteration=360, ncalls=8513, regioncalls=0, ndraw=40, logz=-660.56, remainder_fraction=100.0000%, Lmin=-658.97, Lmax=-20.71
21:23:56 [ultranest] [DEBUG] iteration=400, ncalls=8513, regioncalls=0, ndraw=40, logz=-660.36, remainder_fraction=100.0000%, Lmin=-658.79, Lmax=-20.71
21:23:56 [ultranest] [DEBUG] iteration=440, ncalls=8513, regioncalls=0, ndraw=40, logz=-660.10, remainder_fraction=100.0000%, Lmin=-657.75, Lmax=-20.71
21:23:56 [ultranest] [DEBUG] iteration=480, ncalls=8513, regioncalls=0, ndraw=40, logz=-659.01, remainder_fraction=100.0000%, Lmin=-654.39, Lmax=-20.71
21:23:56 [ultranest] [DEBUG] iteration=520, ncalls=8513, regioncalls=0, ndraw=40, logz=-654.25, remainder_fraction=100.0000%, Lmin=-648.26, Lmax=-20.47
21:23:56 [ultranest] [DEBUG] iteration=560, ncalls=8513, regioncalls=0, ndraw=40, logz=-644.59, remainder_fraction=100.0000%, Lmin=-638.57, Lmax=-20.47
21:23:56 [ultranest] [DEBUG] iteration=574, ncalls=8513, regioncalls=0, ndraw=40, logz=-640.03, remainder_fraction=100.0000%, Lmin=-633.12, Lmax=-20.47
21:23:56 [ultranest] [DEBUG] iteration=600, ncalls=8513, regioncalls=0, ndraw=40, logz=-626.09, remainder_fraction=100.0000%, Lmin=-619.80, Lmax=-20.47
21:23:56 [ultranest] [DEBUG] iteration=640, ncalls=8513, regioncalls=0, ndraw=40, logz=-609.31, remainder_fraction=100.0000%, Lmin=-602.70, Lmax=-20.47
21:23:56 [ultranest] [DEBUG] iteration=652, ncalls=8513, regioncalls=0, ndraw=40, logz=-603.56, remainder_fraction=100.0000%, Lmin=-596.46, Lmax=-20.04
21:23:56 [ultranest] [DEBUG] iteration=680, ncalls=8513, regioncalls=0, ndraw=40, logz=-589.01, remainder_fraction=100.0000%, Lmin=-581.34, Lmax=-20.04
21:23:56 [ultranest] [DEBUG] iteration=720, ncalls=8513, regioncalls=0, ndraw=40, logz=-551.47, remainder_fraction=100.0000%, Lmin=-543.71, Lmax=-19.23
21:23:56 [ultranest] [DEBUG] iteration=760, ncalls=8513, regioncalls=0, ndraw=40, logz=-521.90, remainder_fraction=100.0000%, Lmin=-514.33, Lmax=-19.23
21:23:56 [ultranest] [DEBUG] iteration=800, ncalls=8513, regioncalls=0, ndraw=40, logz=-486.69, remainder_fraction=100.0000%, Lmin=-478.94, Lmax=-19.23
21:23:56 [ultranest] [DEBUG] iteration=840, ncalls=8513, regioncalls=0, ndraw=40, logz=-454.82, remainder_fraction=100.0000%, Lmin=-446.66, Lmax=-19.23
21:23:56 [ultranest] [DEBUG] iteration=880, ncalls=8513, regioncalls=0, ndraw=40, logz=-421.93, remainder_fraction=100.0000%, Lmin=-413.13, Lmax=-19.23
21:23:56 [ultranest] [DEBUG] iteration=920, ncalls=8513, regioncalls=0, ndraw=40, logz=-381.66, remainder_fraction=100.0000%, Lmin=-371.92, Lmax=-19.23
21:23:56 [ultranest] [DEBUG] iteration=960, ncalls=8513, regioncalls=0, ndraw=40, logz=-350.77, remainder_fraction=100.0000%, Lmin=-342.65, Lmax=-19.23
21:23:56 [ultranest] [DEBUG] iteration=1000, ncalls=8513, regioncalls=0, ndraw=40, logz=-323.25, remainder_fraction=100.0000%, Lmin=-315.75, Lmax=-19.23
21:23:56 [ultranest] [DEBUG] iteration=1040, ncalls=8513, regioncalls=0, ndraw=40, logz=-293.64, remainder_fraction=100.0000%, Lmin=-284.86, Lmax=-19.23
21:23:56 [ultranest] [DEBUG] clustering found some stray points [need_accept=False] (array([1, 2]), array([347,   1]))
21:23:56 [ultranest] [DEBUG] iteration=1080, ncalls=8513, regioncalls=0, ndraw=40, logz=-265.84, remainder_fraction=100.0000%, Lmin=-258.46, Lmax=-19.23
21:23:56 [ultranest] [DEBUG] iteration=1120, ncalls=8513, regioncalls=0, ndraw=40, logz=-239.09, remainder_fraction=100.0000%, Lmin=-231.25, Lmax=-19.23
21:23:56 [ultranest] [DEBUG] iteration=1160, ncalls=8513, regioncalls=0, ndraw=40, logz=-226.70, remainder_fraction=100.0000%, Lmin=-218.50, Lmax=-19.23
21:23:56 [ultranest] [DEBUG] iteration=1200, ncalls=8513, regioncalls=0, ndraw=40, logz=-204.97, remainder_fraction=100.0000%, Lmin=-195.08, Lmax=-19.23
21:23:56 [ultranest] [DEBUG] iteration=1240, ncalls=8513, regioncalls=0, ndraw=40, logz=-188.22, remainder_fraction=100.0000%, Lmin=-180.00, Lmax=-19.23
21:23:56 [ultranest] [DEBUG] iteration=1276, ncalls=8513, regioncalls=0, ndraw=40, logz=-172.54, remainder_fraction=100.0000%, Lmin=-163.50, Lmax=-19.23
21:23:56 [ultranest] [DEBUG] iteration=1280, ncalls=8513, regioncalls=0, ndraw=40, logz=-170.40, remainder_fraction=100.0000%, Lmin=-161.93, Lmax=-19.23
21:23:56 [ultranest] [DEBUG] iteration=1320, ncalls=8513, regioncalls=0, ndraw=40, logz=-155.52, remainder_fraction=100.0000%, Lmin=-147.56, Lmax=-19.23
21:23:56 [ultranest] [DEBUG] iteration=1360, ncalls=8513, regioncalls=0, ndraw=40, logz=-142.88, remainder_fraction=100.0000%, Lmin=-132.97, Lmax=-19.23
21:23:56 [ultranest] [DEBUG] iteration=1400, ncalls=8513, regioncalls=0, ndraw=40, logz=-126.61, remainder_fraction=100.0000%, Lmin=-117.59, Lmax=-19.14
21:23:56 [ultranest] [DEBUG] iteration=1440, ncalls=8513, regioncalls=0, ndraw=40, logz=-112.82, remainder_fraction=100.0000%, Lmin=-104.15, Lmax=-19.14
21:23:56 [ultranest] [DEBUG] iteration=1480, ncalls=8513, regioncalls=0, ndraw=40, logz=-102.81, remainder_fraction=100.0000%, Lmin=-94.15, Lmax=-18.90
21:23:56 [ultranest] [DEBUG] iteration=1510, ncalls=8513, regioncalls=0, ndraw=40, logz=-94.39, remainder_fraction=100.0000%, Lmin=-85.40, Lmax=-18.90
21:23:56 [ultranest] [DEBUG] iteration=1520, ncalls=8513, regioncalls=0, ndraw=40, logz=-92.36, remainder_fraction=100.0000%, Lmin=-83.66, Lmax=-18.90
21:23:56 [ultranest] [DEBUG] iteration=1560, ncalls=8513, regioncalls=0, ndraw=40, logz=-84.43, remainder_fraction=100.0000%, Lmin=-75.80, Lmax=-18.90
21:23:56 [ultranest] [DEBUG] iteration=1600, ncalls=8513, regioncalls=0, ndraw=40, logz=-76.49, remainder_fraction=100.0000%, Lmin=-67.99, Lmax=-18.90
21:23:56 [ultranest] [DEBUG] iteration=1640, ncalls=8513, regioncalls=0, ndraw=40, logz=-70.84, remainder_fraction=100.0000%, Lmin=-61.64, Lmax=-18.90
21:23:56 [ultranest] [DEBUG] iteration=1666, ncalls=8513, regioncalls=0, ndraw=40, logz=-65.31, remainder_fraction=100.0000%, Lmin=-56.04, Lmax=-18.90
21:23:56 [ultranest] [DEBUG] iteration=1680, ncalls=8513, regioncalls=0, ndraw=40, logz=-63.09, remainder_fraction=100.0000%, Lmin=-54.61, Lmax=-18.90
21:23:56 [ultranest] [DEBUG] iteration=1720, ncalls=8513, regioncalls=0, ndraw=40, logz=-59.22, remainder_fraction=100.0000%, Lmin=-50.68, Lmax=-18.90
21:23:56 [ultranest] [DEBUG] iteration=1744, ncalls=8513, regioncalls=0, ndraw=40, logz=-56.80, remainder_fraction=100.0000%, Lmin=-48.20, Lmax=-18.90
21:23:56 [ultranest] [DEBUG] iteration=1760, ncalls=8513, regioncalls=0, ndraw=40, logz=-55.04, remainder_fraction=100.0000%, Lmin=-46.43, Lmax=-18.90
21:23:56 [ultranest] [DEBUG] iteration=1800, ncalls=8513, regioncalls=0, ndraw=40, logz=-51.14, remainder_fraction=100.0000%, Lmin=-42.69, Lmax=-18.90
21:23:56 [ultranest] [DEBUG] iteration=1822, ncalls=8513, regioncalls=0, ndraw=40, logz=-49.51, remainder_fraction=100.0000%, Lmin=-41.04, Lmax=-18.90
21:23:57 [ultranest] [DEBUG] iteration=1840, ncalls=8513, regioncalls=0, ndraw=40, logz=-48.26, remainder_fraction=100.0000%, Lmin=-39.73, Lmax=-18.90
21:23:57 [ultranest] [DEBUG] iteration=1880, ncalls=8513, regioncalls=0, ndraw=40, logz=-45.32, remainder_fraction=100.0000%, Lmin=-36.59, Lmax=-18.87
21:23:57 [ultranest] [DEBUG] iteration=1920, ncalls=8513, regioncalls=0, ndraw=40, logz=-42.46, remainder_fraction=100.0000%, Lmin=-34.04, Lmax=-18.87
21:23:57 [ultranest] [DEBUG] iteration=1960, ncalls=8513, regioncalls=0, ndraw=40, logz=-40.54, remainder_fraction=99.9999%, Lmin=-32.38, Lmax=-18.83
21:23:57 [ultranest] [DEBUG] iteration=2000, ncalls=8513, regioncalls=0, ndraw=40, logz=-38.91, remainder_fraction=99.9995%, Lmin=-30.39, Lmax=-18.83
21:23:57 [ultranest] [DEBUG] iteration=2040, ncalls=8513, regioncalls=0, ndraw=40, logz=-37.00, remainder_fraction=99.9963%, Lmin=-28.40, Lmax=-18.83
21:23:57 [ultranest] [DEBUG] iteration=2056, ncalls=8513, regioncalls=0, ndraw=40, logz=-36.31, remainder_fraction=99.9925%, Lmin=-27.92, Lmax=-18.83
21:23:57 [ultranest] [DEBUG] iteration=2080, ncalls=8513, regioncalls=0, ndraw=40, logz=-35.52, remainder_fraction=99.9844%, Lmin=-27.29, Lmax=-18.83
21:23:57 [ultranest] [DEBUG] iteration=2120, ncalls=8513, regioncalls=0, ndraw=40, logz=-34.37, remainder_fraction=99.9491%, Lmin=-26.10, Lmax=-18.75
21:23:57 [ultranest] [DEBUG] iteration=2160, ncalls=8513, regioncalls=0, ndraw=40, logz=-33.36, remainder_fraction=99.8636%, Lmin=-25.13, Lmax=-18.72
21:23:57 [ultranest] [DEBUG] iteration=2200, ncalls=8513, regioncalls=0, ndraw=40, logz=-32.48, remainder_fraction=99.6649%, Lmin=-24.17, Lmax=-18.72
21:23:57 [ultranest] [DEBUG] iteration=2240, ncalls=8513, regioncalls=0, ndraw=40, logz=-31.66, remainder_fraction=99.2205%, Lmin=-23.45, Lmax=-18.72
21:23:57 [ultranest] [DEBUG] iteration=2280, ncalls=8513, regioncalls=0, ndraw=40, logz=-31.02, remainder_fraction=98.5231%, Lmin=-22.92, Lmax=-18.72
21:23:57 [ultranest] [DEBUG] iteration=2290, ncalls=8513, regioncalls=0, ndraw=40, logz=-30.87, remainder_fraction=98.2798%, Lmin=-22.77, Lmax=-18.72
21:23:57 [ultranest] [DEBUG] iteration=2320, ncalls=8513, regioncalls=0, ndraw=40, logz=-30.50, remainder_fraction=97.5086%, Lmin=-22.51, Lmax=-18.72
21:23:57 [ultranest] [DEBUG] iteration=2360, ncalls=8513, regioncalls=0, ndraw=40, logz=-30.06, remainder_fraction=96.1196%, Lmin=-22.12, Lmax=-18.72
21:23:57 [ultranest] [DEBUG] iteration=2400, ncalls=8513, regioncalls=0, ndraw=40, logz=-29.70, remainder_fraction=94.4366%, Lmin=-21.85, Lmax=-18.72
21:23:57 [ultranest] [DEBUG] iteration=2440, ncalls=8513, regioncalls=0, ndraw=40, logz=-29.39, remainder_fraction=92.3162%, Lmin=-21.53, Lmax=-18.72
21:23:57 [ultranest] [DEBUG] iteration=2446, ncalls=8513, regioncalls=0, ndraw=40, logz=-29.35, remainder_fraction=91.9467%, Lmin=-21.45, Lmax=-18.72
21:23:57 [ultranest] [DEBUG] iteration=2480, ncalls=8513, regioncalls=0, ndraw=40, logz=-29.10, remainder_fraction=89.8747%, Lmin=-21.22, Lmax=-18.72
21:23:57 [ultranest] [DEBUG] iteration=2520, ncalls=8513, regioncalls=0, ndraw=40, logz=-28.85, remainder_fraction=86.8022%, Lmin=-20.97, Lmax=-18.72
21:23:57 [ultranest] [DEBUG] iteration=2524, ncalls=8513, regioncalls=0, ndraw=40, logz=-28.83, remainder_fraction=86.4832%, Lmin=-20.96, Lmax=-18.72
21:23:57 [ultranest] [DEBUG] iteration=2560, ncalls=8513, regioncalls=0, ndraw=40, logz=-28.63, remainder_fraction=83.5029%, Lmin=-20.72, Lmax=-18.72
21:23:57 [ultranest] [DEBUG] iteration=2600, ncalls=8513, regioncalls=0, ndraw=40, logz=-28.42, remainder_fraction=79.8255%, Lmin=-20.54, Lmax=-18.72
21:23:57 [ultranest] [DEBUG] iteration=2640, ncalls=8513, regioncalls=0, ndraw=40, logz=-28.25, remainder_fraction=76.0063%, Lmin=-20.42, Lmax=-18.72
21:23:57 [ultranest] [DEBUG] iteration=2680, ncalls=8513, regioncalls=0, ndraw=40, logz=-28.10, remainder_fraction=72.0427%, Lmin=-20.28, Lmax=-18.72
21:23:57 [ultranest] [DEBUG] iteration=2720, ncalls=8513, regioncalls=0, ndraw=40, logz=-27.97, remainder_fraction=67.9442%, Lmin=-20.13, Lmax=-18.72
21:23:57 [ultranest] [DEBUG] iteration=2758, ncalls=8513, regioncalls=0, ndraw=40, logz=-27.85, remainder_fraction=64.4099%, Lmin=-20.02, Lmax=-18.72
21:23:57 [ultranest] [DEBUG] iteration=2760, ncalls=8513, regioncalls=0, ndraw=40, logz=-27.84, remainder_fraction=64.2139%, Lmin=-20.02, Lmax=-18.72
21:23:57 [ultranest] [DEBUG] iteration=2800, ncalls=8513, regioncalls=0, ndraw=40, logz=-27.74, remainder_fraction=60.5856%, Lmin=-19.93, Lmax=-18.72
21:23:57 [ultranest] [DEBUG] iteration=2840, ncalls=8513, regioncalls=0, ndraw=40, logz=-27.65, remainder_fraction=56.7058%, Lmin=-19.85, Lmax=-18.72
21:23:57 [ultranest] [DEBUG] iteration=2880, ncalls=8513, regioncalls=0, ndraw=40, logz=-27.56, remainder_fraction=52.8513%, Lmin=-19.76, Lmax=-18.72
21:23:57 [ultranest] [DEBUG] iteration=2914, ncalls=8513, regioncalls=0, ndraw=40, logz=-27.50, remainder_fraction=49.4591%, Lmin=-19.67, Lmax=-18.72
21:23:57 [ultranest] [DEBUG] iteration=2920, ncalls=8513, regioncalls=0, ndraw=40, logz=-27.49, remainder_fraction=48.8757%, Lmin=-19.65, Lmax=-18.72
21:23:57 [ultranest] [DEBUG] iteration=2960, ncalls=8513, regioncalls=0, ndraw=40, logz=-27.42, remainder_fraction=45.3211%, Lmin=-19.58, Lmax=-18.72
21:23:57 [ultranest] [DEBUG] iteration=2992, ncalls=8513, regioncalls=0, ndraw=40, logz=-27.37, remainder_fraction=42.4975%, Lmin=-19.53, Lmax=-18.72
21:23:57 [ultranest] [DEBUG] iteration=3000, ncalls=8513, regioncalls=0, ndraw=40, logz=-27.36, remainder_fraction=41.7637%, Lmin=-19.51, Lmax=-18.72
21:23:57 [ultranest] [DEBUG] iteration=3040, ncalls=8513, regioncalls=0, ndraw=40, logz=-27.30, remainder_fraction=38.5462%, Lmin=-19.46, Lmax=-18.72
21:23:57 [ultranest] [DEBUG] iteration=3080, ncalls=8513, regioncalls=0, ndraw=40, logz=-27.26, remainder_fraction=35.3484%, Lmin=-19.40, Lmax=-18.72
21:23:57 [ultranest] [DEBUG] iteration=3120, ncalls=8513, regioncalls=0, ndraw=40, logz=-27.21, remainder_fraction=32.5109%, Lmin=-19.34, Lmax=-18.72
21:23:57 [ultranest] [DEBUG] iteration=3148, ncalls=8513, regioncalls=0, ndraw=40, logz=-27.18, remainder_fraction=30.5384%, Lmin=-19.30, Lmax=-18.72
21:23:57 [ultranest] [DEBUG] iteration=3160, ncalls=8513, regioncalls=0, ndraw=40, logz=-27.17, remainder_fraction=29.7782%, Lmin=-19.29, Lmax=-18.72
21:23:57 [ultranest] [DEBUG] iteration=3200, ncalls=8513, regioncalls=0, ndraw=40, logz=-27.14, remainder_fraction=27.2192%, Lmin=-19.25, Lmax=-18.72
21:23:57 [ultranest] [DEBUG] iteration=3240, ncalls=8513, regioncalls=0, ndraw=40, logz=-27.10, remainder_fraction=24.8550%, Lmin=-19.21, Lmax=-18.72
21:23:57 [ultranest] [DEBUG] iteration=3280, ncalls=8513, regioncalls=0, ndraw=40, logz=-27.07, remainder_fraction=22.6665%, Lmin=-19.16, Lmax=-18.72
21:23:57 [ultranest] [DEBUG] iteration=3304, ncalls=8513, regioncalls=0, ndraw=40, logz=-27.06, remainder_fraction=21.4115%, Lmin=-19.14, Lmax=-18.72
21:23:57 [ultranest] [DEBUG] iteration=3320, ncalls=8513, regioncalls=0, ndraw=40, logz=-27.05, remainder_fraction=20.6335%, Lmin=-19.12, Lmax=-18.72
21:23:57 [ultranest] [DEBUG] iteration=3360, ncalls=8513, regioncalls=0, ndraw=40, logz=-27.02, remainder_fraction=18.7352%, Lmin=-19.08, Lmax=-18.72
21:23:58 [ultranest] [DEBUG] iteration=3382, ncalls=8513, regioncalls=0, ndraw=40, logz=-27.01, remainder_fraction=17.7357%, Lmin=-19.07, Lmax=-18.72
21:23:58 [ultranest] [DEBUG] iteration=3400, ncalls=8513, regioncalls=0, ndraw=40, logz=-27.00, remainder_fraction=16.9690%, Lmin=-19.06, Lmax=-18.72
21:23:58 [ultranest] [DEBUG] iteration=3440, ncalls=8513, regioncalls=0, ndraw=40, logz=-26.98, remainder_fraction=15.3552%, Lmin=-19.03, Lmax=-18.72
21:23:58 [ultranest] [DEBUG] iteration=3460, ncalls=8513, regioncalls=0, ndraw=40, logz=-26.97, remainder_fraction=14.6055%, Lmin=-19.02, Lmax=-18.72
21:23:58 [ultranest] [DEBUG] iteration=3480, ncalls=8513, regioncalls=0, ndraw=40, logz=-26.97, remainder_fraction=13.8750%, Lmin=-19.00, Lmax=-18.72
21:23:58 [ultranest] [DEBUG] iteration=3520, ncalls=8513, regioncalls=0, ndraw=40, logz=-26.95, remainder_fraction=12.5216%, Lmin=-18.98, Lmax=-18.72
21:23:58 [ultranest] [DEBUG] iteration=3538, ncalls=8513, regioncalls=0, ndraw=40, logz=-26.94, remainder_fraction=11.9541%, Lmin=-18.97, Lmax=-18.72
21:23:58 [ultranest] [DEBUG] iteration=3560, ncalls=8513, regioncalls=0, ndraw=40, logz=-26.94, remainder_fraction=11.2932%, Lmin=-18.96, Lmax=-18.72
21:23:58 [ultranest] [DEBUG] iteration=3600, ncalls=8513, regioncalls=0, ndraw=40, logz=-26.92, remainder_fraction=10.1795%, Lmin=-18.94, Lmax=-18.72
21:23:58 [ultranest] [DEBUG] iteration=3640, ncalls=8513, regioncalls=0, ndraw=40, logz=-26.91, remainder_fraction=9.1828%, Lmin=-18.93, Lmax=-18.72
21:23:58 [ultranest] [DEBUG] iteration=3680, ncalls=8513, regioncalls=0, ndraw=40, logz=-26.90, remainder_fraction=8.2535%, Lmin=-18.91, Lmax=-18.72
21:23:58 [ultranest] [DEBUG] iteration=3694, ncalls=8513, regioncalls=0, ndraw=40, logz=-26.90, remainder_fraction=7.9566%, Lmin=-18.90, Lmax=-18.72
21:23:58 [ultranest] [DEBUG] iteration=3720, ncalls=8513, regioncalls=0, ndraw=40, logz=-26.89, remainder_fraction=7.4208%, Lmin=-18.89, Lmax=-18.72
21:23:58 [ultranest] [DEBUG] iteration=3760, ncalls=8513, regioncalls=0, ndraw=40, logz=-26.89, remainder_fraction=6.6682%, Lmin=-18.87, Lmax=-18.72
21:23:58 [ultranest] [DEBUG] iteration=3772, ncalls=8513, regioncalls=0, ndraw=40, logz=-26.88, remainder_fraction=6.4606%, Lmin=-18.87, Lmax=-18.72
21:23:58 [ultranest] [DEBUG] iteration=3800, ncalls=8513, regioncalls=0, ndraw=40, logz=-26.88, remainder_fraction=5.9898%, Lmin=-18.86, Lmax=-18.72
21:23:58 [ultranest] [DEBUG] iteration=3840, ncalls=8513, regioncalls=0, ndraw=40, logz=-26.87, remainder_fraction=5.3690%, Lmin=-18.85, Lmax=-18.72
21:23:58 [ultranest] [DEBUG] iteration=3850, ncalls=8513, regioncalls=0, ndraw=40, logz=-26.87, remainder_fraction=5.2260%, Lmin=-18.85, Lmax=-18.72
21:23:58 [ultranest] [DEBUG] iteration=3880, ncalls=8513, regioncalls=0, ndraw=40, logz=-26.87, remainder_fraction=4.8141%, Lmin=-18.84, Lmax=-18.72
21:23:58 [ultranest] [DEBUG] iteration=3920, ncalls=8513, regioncalls=0, ndraw=40, logz=-26.86, remainder_fraction=4.3183%, Lmin=-18.83, Lmax=-18.72
21:23:58 [ultranest] [DEBUG] iteration=3928, ncalls=8513, regioncalls=0, ndraw=40, logz=-26.86, remainder_fraction=4.2244%, Lmin=-18.83, Lmax=-18.72
21:23:58 [ultranest] [DEBUG] iteration=3960, ncalls=8513, regioncalls=0, ndraw=40, logz=-26.86, remainder_fraction=3.8699%, Lmin=-18.82, Lmax=-18.72
21:23:58 [ultranest] [INFO] Explored until L=-2e+01  
21:23:58 [ultranest] [INFO] Likelihood function evaluations: 8513
21:23:59 [ultranest] [INFO] Writing samples and results to disk ...
21:23:59 [ultranest] [INFO] Writing samples and results to disk ... done
21:23:59 [ultranest] [DEBUG] did a run_iter pass!
21:23:59 [ultranest] [INFO]   logZ = -26.79 +- 0.1212
21:23:59 [ultranest] [INFO] Effective samples strategy satisfied (ESS = 1450.7, need >400)
21:23:59 [ultranest] [INFO] Posterior uncertainty strategy is satisfied (KL: 0.47+-0.08 nat, need <0.50 nat)
21:23:59 [ultranest] [INFO] Evidency uncertainty strategy is satisfied (dlogz=0.13, need <0.5)
21:23:59 [ultranest] [INFO]   logZ error budget: single: 0.14 bs:0.12 tail:0.04 total:0.13 required:<0.50
21:23:59 [ultranest] [INFO] done iterating.
21:23:59 [ultranest] [DEBUG] Making corner plot ...
21:24:01 [ultranest] [DEBUG] Making corner plot ... done
21:24:01 [ultranest] [DEBUG] Making run plot ... 
21:24:01 [ultranest] [DEBUG] Making run plot ... done
21:24:01 [ultranest] [DEBUG] Making trace plot ... 
21:24:03 [ultranest] [DEBUG] Making trace plot ... done
