10:02:05 [ultranest] [DEBUG] ReactiveNestedSampler: dims=3+0, resume=True, log_dir=/home/orion51/Desktop/Research/spectral_fitting/FGL_spectral_fitting/Individual_sources/2CXOJ151051.3+054937/bb_out_, backend=hdf5, vectorized=False, nbootstraps=30, ndraw=128..65536
10:02:05 [ultranest] [INFO] Sampling 400 live points from prior ...
10:02:06 [ultranest] [DEBUG] run_iter dlogz=0.5, dKL=0.5, frac_remain=0.01, Lepsilon=0.1000, min_ess=400
10:02:06 [ultranest] [DEBUG] max_iters=-1, max_ncalls=-1, max_num_improvement_loops=-1, min_num_live_points=400, cluster_num_live_points=40
10:02:06 [ultranest] [DEBUG] minimal_widths_sequence: [(-inf, 400.0), (inf, 400.0)]
10:02:06 [ultranest] [DEBUG] iteration=0, ncalls=401, regioncalls=40, ndraw=40, logz=-inf, remainder_fraction=100.0000%, Lmin=-224395966.93, Lmax=-30.00
10:02:06 [ultranest] [DEBUG] iteration=31, ncalls=435, regioncalls=1400, ndraw=40, logz=-9370.51, remainder_fraction=100.0000%, Lmin=-8756.40, Lmax=-30.00
10:02:06 [ultranest] [DEBUG] iteration=40, ncalls=446, regioncalls=1840, ndraw=40, logz=-3038.94, remainder_fraction=100.0000%, Lmin=-2744.83, Lmax=-30.00
10:02:06 [ultranest] [DEBUG] Plateau detected at L=-9.345907e+01, not replacing live point.
10:02:06 [ultranest] [DEBUG] Plateau detected at L=-9.345907e+01, not replacing live point.
10:02:06 [ultranest] [DEBUG] Plateau detected at L=-9.345907e+01, not replacing live point.
10:02:06 [ultranest] [DEBUG] Plateau detected at L=-9.345907e+01, not replacing live point.
10:02:06 [ultranest] [DEBUG] Plateau detected at L=-9.345907e+01, not replacing live point.
10:02:06 [ultranest] [DEBUG] Plateau detected at L=-9.345907e+01, not replacing live point.
10:02:06 [ultranest] [DEBUG] Plateau detected at L=-9.345907e+01, not replacing live point.
10:02:06 [ultranest] [DEBUG] Plateau detected at L=-9.345907e+01, not replacing live point.
10:02:06 [ultranest] [DEBUG] Plateau detected at L=-9.345907e+01, not replacing live point.
10:02:06 [ultranest] [DEBUG] Plateau detected at L=-9.345907e+01, not replacing live point.
10:02:06 [ultranest] [DEBUG] Plateau detected at L=-9.345907e+01, not replacing live point.
10:02:06 [ultranest] [DEBUG] Plateau detected at L=-9.345907e+01, not replacing live point.
10:02:06 [ultranest] [DEBUG] Plateau detected at L=-9.345907e+01, not replacing live point.
10:02:06 [ultranest] [DEBUG] Plateau detected at L=-9.345907e+01, not replacing live point.
10:02:06 [ultranest] [DEBUG] Plateau detected at L=-9.345907e+01, not replacing live point.
10:02:06 [ultranest] [DEBUG] Plateau detected at L=-9.345907e+01, not replacing live point.
10:02:06 [ultranest] [DEBUG] Plateau detected at L=-9.345907e+01, not replacing live point.
10:02:06 [ultranest] [DEBUG] Plateau detected at L=-9.345907e+01, not replacing live point.
10:02:06 [ultranest] [DEBUG] Plateau detected at L=-9.345907e+01, not replacing live point.
10:02:06 [ultranest] [DEBUG] Plateau detected at L=-9.345907e+01, not replacing live point.
10:02:06 [ultranest] [DEBUG] Plateau detected at L=-9.345907e+01, not replacing live point.
10:02:06 [ultranest] [DEBUG] Plateau detected at L=-9.345907e+01, not replacing live point.
10:02:06 [ultranest] [DEBUG] Plateau detected at L=-9.345907e+01, not replacing live point.
10:02:06 [ultranest] [DEBUG] Plateau detected at L=-9.345907e+01, not replacing live point.
10:02:06 [ultranest] [DEBUG] Plateau detected at L=-9.345907e+01, not replacing live point.
10:02:06 [ultranest] [DEBUG] Plateau detected at L=-9.345907e+01, not replacing live point.
10:02:06 [ultranest] [DEBUG] Plateau detected at L=-9.345907e+01, not replacing live point.
10:02:06 [ultranest] [DEBUG] Plateau detected at L=-9.345907e+01, not replacing live point.
10:02:06 [ultranest] [DEBUG] Plateau detected at L=-9.345907e+01, not replacing live point.
10:02:06 [ultranest] [DEBUG] Plateau detected at L=-9.345907e+01, not replacing live point.
10:02:06 [ultranest] [DEBUG] Plateau detected at L=-9.345907e+01, not replacing live point.
10:02:06 [ultranest] [DEBUG] Plateau detected at L=-9.345907e+01, not replacing live point.
10:02:06 [ultranest] [DEBUG] Plateau detected at L=-9.345907e+01, not replacing live point.
10:02:06 [ultranest] [DEBUG] Plateau detected at L=-9.345907e+01, not replacing live point.
10:02:06 [ultranest] [DEBUG] Plateau detected at L=-9.345907e+01, not replacing live point.
10:02:06 [ultranest] [DEBUG] Plateau detected at L=-9.345907e+01, not replacing live point.
10:02:06 [ultranest] [DEBUG] Plateau detected at L=-9.345907e+01, not replacing live point.
10:02:06 [ultranest] [DEBUG] Plateau detected at L=-9.345907e+01, not replacing live point.
10:02:06 [ultranest] [DEBUG] Plateau detected at L=-9.345907e+01, not replacing live point.
10:02:06 [ultranest] [DEBUG] Plateau detected at L=-9.345907e+01, not replacing live point.
10:02:06 [ultranest] [DEBUG] Plateau detected at L=-9.345907e+01, not replacing live point.
10:02:06 [ultranest] [DEBUG] Plateau detected at L=-9.345907e+01, not replacing live point.
10:02:06 [ultranest] [DEBUG] Plateau detected at L=-9.345907e+01, not replacing live point.
10:02:06 [ultranest] [DEBUG] Plateau detected at L=-9.345907e+01, not replacing live point.
10:02:06 [ultranest] [DEBUG] Plateau detected at L=-9.345907e+01, not replacing live point.
10:02:06 [ultranest] [DEBUG] Plateau detected at L=-9.345907e+01, not replacing live point.
10:02:06 [ultranest] [DEBUG] Plateau detected at L=-9.345907e+01, not replacing live point.
10:02:06 [ultranest] [DEBUG] Plateau detected at L=-9.345907e+01, not replacing live point.
10:02:06 [ultranest] [DEBUG] Plateau detected at L=-9.345907e+01, not replacing live point.
10:02:06 [ultranest] [DEBUG] Plateau detected at L=-9.345907e+01, not replacing live point.
10:02:06 [ultranest] [DEBUG] Plateau detected at L=-9.345907e+01, not replacing live point.
10:02:06 [ultranest] [DEBUG] Plateau detected at L=-9.345907e+01, not replacing live point.
10:02:06 [ultranest] [DEBUG] Plateau detected at L=-9.345907e+01, not replacing live point.
10:02:06 [ultranest] [DEBUG] Plateau detected at L=-9.345907e+01, not replacing live point.
10:02:06 [ultranest] [DEBUG] Plateau detected at L=-9.345907e+01, not replacing live point.
10:02:06 [ultranest] [DEBUG] Plateau detected at L=-9.345907e+01, not replacing live point.
10:02:06 [ultranest] [DEBUG] Plateau detected at L=-9.345907e+01, not replacing live point.
10:02:06 [ultranest] [DEBUG] Plateau detected at L=-9.345907e+01, not replacing live point.
10:02:06 [ultranest] [DEBUG] Plateau detected at L=-9.345907e+01, not replacing live point.
10:02:06 [ultranest] [DEBUG] Plateau detected at L=-9.345907e+01, not replacing live point.
10:02:06 [ultranest] [DEBUG] Plateau detected at L=-9.345907e+01, not replacing live point.
10:02:06 [ultranest] [DEBUG] Plateau detected at L=-9.345907e+01, not replacing live point.
10:02:06 [ultranest] [DEBUG] Plateau detected at L=-9.345907e+01, not replacing live point.
10:02:06 [ultranest] [DEBUG] Plateau detected at L=-9.345907e+01, not replacing live point.
10:02:06 [ultranest] [DEBUG] Plateau detected at L=-9.345907e+01, not replacing live point.
10:02:06 [ultranest] [DEBUG] Plateau detected at L=-9.345907e+01, not replacing live point.
10:02:06 [ultranest] [DEBUG] Plateau detected at L=-9.345907e+01, not replacing live point.
10:02:06 [ultranest] [DEBUG] Plateau detected at L=-9.345907e+01, not replacing live point.
10:02:06 [ultranest] [DEBUG] Plateau detected at L=-9.345907e+01, not replacing live point.
10:02:06 [ultranest] [DEBUG] Plateau detected at L=-9.345907e+01, not replacing live point.
10:02:06 [ultranest] [DEBUG] Plateau detected at L=-9.345907e+01, not replacing live point.
10:02:06 [ultranest] [DEBUG] Plateau detected at L=-9.345907e+01, not replacing live point.
10:02:06 [ultranest] [DEBUG] Plateau detected at L=-9.345907e+01, not replacing live point.
10:02:06 [ultranest] [DEBUG] Plateau detected at L=-9.345907e+01, not replacing live point.
10:02:06 [ultranest] [DEBUG] Plateau detected at L=-9.345907e+01, not replacing live point.
10:02:06 [ultranest] [DEBUG] Plateau detected at L=-9.345907e+01, not replacing live point.
10:02:06 [ultranest] [DEBUG] Plateau detected at L=-9.345907e+01, not replacing live point.
10:02:06 [ultranest] [DEBUG] Plateau detected at L=-9.345907e+01, not replacing live point.
10:02:06 [ultranest] [DEBUG] Plateau detected at L=-9.345907e+01, not replacing live point.
10:02:06 [ultranest] [DEBUG] Plateau detected at L=-9.345907e+01, not replacing live point.
10:02:06 [ultranest] [DEBUG] Plateau detected at L=-9.345907e+01, not replacing live point.
10:02:06 [ultranest] [DEBUG] Plateau detected at L=-9.345907e+01, not replacing live point.
10:02:06 [ultranest] [DEBUG] Plateau detected at L=-9.345907e+01, not replacing live point.
10:02:06 [ultranest] [DEBUG] Plateau detected at L=-9.345907e+01, not replacing live point.
10:02:06 [ultranest] [DEBUG] Plateau detected at L=-9.345907e+01, not replacing live point.
10:02:06 [ultranest] [DEBUG] Plateau detected at L=-9.345907e+01, not replacing live point.
10:02:06 [ultranest] [DEBUG] Plateau detected at L=-9.345907e+01, not replacing live point.
10:02:06 [ultranest] [DEBUG] Plateau detected at L=-9.345907e+01, not replacing live point.
10:02:06 [ultranest] [DEBUG] Plateau detected at L=-9.345907e+01, not replacing live point.
10:02:06 [ultranest] [DEBUG] Plateau detected at L=-9.345907e+01, not replacing live point.
10:02:06 [ultranest] [DEBUG] Plateau detected at L=-9.345907e+01, not replacing live point.
10:02:06 [ultranest] [DEBUG] Plateau detected at L=-9.345907e+01, not replacing live point.
10:02:06 [ultranest] [DEBUG] Plateau detected at L=-9.345907e+01, not replacing live point.
10:02:06 [ultranest] [DEBUG] Plateau detected at L=-9.345907e+01, not replacing live point.
10:02:06 [ultranest] [DEBUG] Plateau detected at L=-9.345907e+01, not replacing live point.
10:02:06 [ultranest] [DEBUG] Plateau detected at L=-9.345907e+01, not replacing live point.
10:02:06 [ultranest] [DEBUG] Plateau detected at L=-9.345907e+01, not replacing live point.
10:02:06 [ultranest] [DEBUG] Plateau detected at L=-9.345907e+01, not replacing live point.
10:02:06 [ultranest] [DEBUG] Plateau detected at L=-9.345907e+01, not replacing live point.
10:02:06 [ultranest] [DEBUG] Plateau detected at L=-9.345907e+01, not replacing live point.
10:02:06 [ultranest] [DEBUG] Plateau detected at L=-9.345907e+01, not replacing live point.
10:02:06 [ultranest] [DEBUG] Plateau detected at L=-9.345907e+01, not replacing live point.
10:02:06 [ultranest] [DEBUG] Plateau detected at L=-9.345907e+01, not replacing live point.
10:02:06 [ultranest] [DEBUG] Plateau detected at L=-9.345907e+01, not replacing live point.
10:02:06 [ultranest] [DEBUG] Plateau detected at L=-9.345907e+01, not replacing live point.
10:02:06 [ultranest] [DEBUG] Plateau detected at L=-9.345907e+01, not replacing live point.
10:02:06 [ultranest] [DEBUG] Plateau detected at L=-9.345907e+01, not replacing live point.
10:02:06 [ultranest] [DEBUG] Plateau detected at L=-9.345907e+01, not replacing live point.
10:02:06 [ultranest] [DEBUG] Plateau detected at L=-9.345907e+01, not replacing live point.
10:02:06 [ultranest] [DEBUG] Plateau detected at L=-9.345907e+01, not replacing live point.
10:02:06 [ultranest] [DEBUG] Plateau detected at L=-9.345907e+01, not replacing live point.
10:02:06 [ultranest] [DEBUG] Plateau detected at L=-9.345907e+01, not replacing live point.
10:02:06 [ultranest] [DEBUG] Plateau detected at L=-9.345907e+01, not replacing live point.
10:02:06 [ultranest] [DEBUG] Plateau detected at L=-9.345907e+01, not replacing live point.
10:02:06 [ultranest] [DEBUG] Plateau detected at L=-9.345907e+01, not replacing live point.
10:02:06 [ultranest] [DEBUG] Plateau detected at L=-9.345907e+01, not replacing live point.
10:02:06 [ultranest] [DEBUG] Plateau detected at L=-9.345907e+01, not replacing live point.
10:02:06 [ultranest] [DEBUG] Plateau detected at L=-9.345907e+01, not replacing live point.
10:02:06 [ultranest] [DEBUG] Plateau detected at L=-9.345907e+01, not replacing live point.
10:02:06 [ultranest] [DEBUG] Plateau detected at L=-9.345907e+01, not replacing live point.
10:02:06 [ultranest] [DEBUG] Plateau detected at L=-9.345907e+01, not replacing live point.
10:02:06 [ultranest] [DEBUG] Plateau detected at L=-9.345907e+01, not replacing live point.
10:02:06 [ultranest] [DEBUG] Plateau detected at L=-9.345907e+01, not replacing live point.
10:02:06 [ultranest] [DEBUG] Plateau detected at L=-9.345907e+01, not replacing live point.
10:02:06 [ultranest] [DEBUG] Plateau detected at L=-9.345907e+01, not replacing live point.
10:02:06 [ultranest] [DEBUG] Plateau detected at L=-9.345907e+01, not replacing live point.
10:02:06 [ultranest] [DEBUG] Plateau detected at L=-9.345907e+01, not replacing live point.
10:02:06 [ultranest] [DEBUG] Plateau detected at L=-9.345907e+01, not replacing live point.
10:02:06 [ultranest] [DEBUG] Plateau detected at L=-9.345907e+01, not replacing live point.
10:02:06 [ultranest] [DEBUG] Plateau detected at L=-9.345907e+01, not replacing live point.
10:02:06 [ultranest] [DEBUG] Plateau detected at L=-9.345907e+01, not replacing live point.
10:02:06 [ultranest] [DEBUG] Plateau detected at L=-9.345907e+01, not replacing live point.
10:02:06 [ultranest] [DEBUG] Plateau detected at L=-9.345907e+01, not replacing live point.
10:02:06 [ultranest] [DEBUG] Plateau detected at L=-9.345907e+01, not replacing live point.
10:02:06 [ultranest] [DEBUG] Plateau detected at L=-9.345907e+01, not replacing live point.
10:02:06 [ultranest] [DEBUG] Plateau detected at L=-9.345907e+01, not replacing live point.
10:02:06 [ultranest] [DEBUG] Plateau detected at L=-9.345907e+01, not replacing live point.
10:02:06 [ultranest] [DEBUG] Plateau detected at L=-9.345907e+01, not replacing live point.
10:02:06 [ultranest] [DEBUG] Plateau detected at L=-9.345907e+01, not replacing live point.
10:02:06 [ultranest] [DEBUG] Plateau detected at L=-9.345907e+01, not replacing live point.
10:02:06 [ultranest] [DEBUG] Plateau detected at L=-9.345907e+01, not replacing live point.
10:02:06 [ultranest] [DEBUG] Plateau detected at L=-9.345907e+01, not replacing live point.
10:02:06 [ultranest] [DEBUG] Plateau detected at L=-9.345907e+01, not replacing live point.
10:02:06 [ultranest] [DEBUG] Plateau detected at L=-9.345907e+01, not replacing live point.
10:02:06 [ultranest] [DEBUG] Plateau detected at L=-9.345907e+01, not replacing live point.
10:02:06 [ultranest] [DEBUG] Plateau detected at L=-9.345907e+01, not replacing live point.
10:02:06 [ultranest] [DEBUG] Plateau detected at L=-9.345907e+01, not replacing live point.
10:02:06 [ultranest] [DEBUG] Plateau detected at L=-9.345907e+01, not replacing live point.
10:02:06 [ultranest] [DEBUG] Plateau detected at L=-9.345907e+01, not replacing live point.
10:02:06 [ultranest] [DEBUG] Plateau detected at L=-9.345907e+01, not replacing live point.
10:02:06 [ultranest] [DEBUG] Plateau detected at L=-9.345907e+01, not replacing live point.
10:02:06 [ultranest] [DEBUG] Plateau detected at L=-9.345907e+01, not replacing live point.
10:02:06 [ultranest] [DEBUG] Plateau detected at L=-9.345907e+01, not replacing live point.
10:02:06 [ultranest] [DEBUG] Plateau detected at L=-9.345907e+01, not replacing live point.
10:02:06 [ultranest] [DEBUG] Plateau detected at L=-9.345907e+01, not replacing live point.
10:02:06 [ultranest] [DEBUG] Plateau detected at L=-9.345907e+01, not replacing live point.
10:02:06 [ultranest] [DEBUG] Plateau detected at L=-9.345907e+01, not replacing live point.
10:02:06 [ultranest] [DEBUG] Plateau detected at L=-9.345907e+01, not replacing live point.
10:02:06 [ultranest] [DEBUG] Plateau detected at L=-9.345907e+01, not replacing live point.
10:02:06 [ultranest] [DEBUG] Plateau detected at L=-9.345907e+01, not replacing live point.
10:02:06 [ultranest] [DEBUG] Plateau detected at L=-9.345907e+01, not replacing live point.
10:02:06 [ultranest] [DEBUG] Plateau detected at L=-9.345907e+01, not replacing live point.
10:02:06 [ultranest] [DEBUG] Plateau detected at L=-9.345907e+01, not replacing live point.
10:02:06 [ultranest] [DEBUG] Plateau detected at L=-9.345907e+01, not replacing live point.
10:02:06 [ultranest] [DEBUG] Plateau detected at L=-9.345907e+01, not replacing live point.
10:02:06 [ultranest] [DEBUG] Plateau detected at L=-9.345907e+01, not replacing live point.
10:02:06 [ultranest] [DEBUG] Plateau detected at L=-9.345907e+01, not replacing live point.
10:02:06 [ultranest] [DEBUG] Plateau detected at L=-9.345907e+01, not replacing live point.
10:02:06 [ultranest] [DEBUG] Plateau detected at L=-9.345907e+01, not replacing live point.
10:02:06 [ultranest] [DEBUG] Plateau detected at L=-9.345907e+01, not replacing live point.
10:02:06 [ultranest] [DEBUG] Plateau detected at L=-9.345907e+01, not replacing live point.
10:02:06 [ultranest] [DEBUG] Plateau detected at L=-9.345907e+01, not replacing live point.
10:02:06 [ultranest] [DEBUG] Plateau detected at L=-9.345907e+01, not replacing live point.
10:02:06 [ultranest] [DEBUG] Plateau detected at L=-9.345907e+01, not replacing live point.
10:02:06 [ultranest] [DEBUG] Plateau detected at L=-9.345907e+01, not replacing live point.
10:02:06 [ultranest] [DEBUG] Plateau detected at L=-9.345907e+01, not replacing live point.
10:02:06 [ultranest] [DEBUG] Plateau detected at L=-9.345907e+01, not replacing live point.
10:02:06 [ultranest] [DEBUG] Plateau detected at L=-9.345907e+01, not replacing live point.
10:02:06 [ultranest] [DEBUG] Plateau detected at L=-9.345907e+01, not replacing live point.
10:02:06 [ultranest] [DEBUG] Plateau detected at L=-9.345907e+01, not replacing live point.
10:02:06 [ultranest] [DEBUG] Plateau detected at L=-9.345907e+01, not replacing live point.
10:02:06 [ultranest] [DEBUG] Plateau detected at L=-9.345907e+01, not replacing live point.
10:02:06 [ultranest] [DEBUG] Plateau detected at L=-9.345907e+01, not replacing live point.
10:02:06 [ultranest] [DEBUG] Plateau detected at L=-9.345907e+01, not replacing live point.
10:02:06 [ultranest] [DEBUG] Plateau detected at L=-9.345907e+01, not replacing live point.
10:02:06 [ultranest] [DEBUG] Plateau detected at L=-9.345907e+01, not replacing live point.
10:02:06 [ultranest] [DEBUG] Plateau detected at L=-9.345907e+01, not replacing live point.
10:02:06 [ultranest] [DEBUG] Plateau detected at L=-9.345907e+01, not replacing live point.
10:02:06 [ultranest] [DEBUG] Plateau detected at L=-9.345907e+01, not replacing live point.
10:02:06 [ultranest] [DEBUG] Plateau detected at L=-9.345907e+01, not replacing live point.
10:02:06 [ultranest] [DEBUG] Plateau detected at L=-9.345907e+01, not replacing live point.
10:02:06 [ultranest] [DEBUG] Plateau detected at L=-9.345907e+01, not replacing live point.
10:02:06 [ultranest] [DEBUG] Plateau detected at L=-9.345907e+01, not replacing live point.
10:02:06 [ultranest] [DEBUG] Plateau detected at L=-9.345907e+01, not replacing live point.
10:02:06 [ultranest] [DEBUG] Plateau detected at L=-9.345907e+01, not replacing live point.
10:02:06 [ultranest] [DEBUG] Plateau detected at L=-9.345907e+01, not replacing live point.
10:02:06 [ultranest] [DEBUG] Plateau detected at L=-9.345907e+01, not replacing live point.
10:02:06 [ultranest] [DEBUG] Plateau detected at L=-9.345907e+01, not replacing live point.
10:02:06 [ultranest] [DEBUG] Plateau detected at L=-9.345907e+01, not replacing live point.
10:02:06 [ultranest] [DEBUG] Plateau detected at L=-9.345907e+01, not replacing live point.
10:02:06 [ultranest] [DEBUG] Plateau detected at L=-9.345907e+01, not replacing live point.
10:02:06 [ultranest] [DEBUG] Plateau detected at L=-9.345907e+01, not replacing live point.
10:02:06 [ultranest] [DEBUG] Plateau detected at L=-9.345907e+01, not replacing live point.
10:02:06 [ultranest] [DEBUG] Plateau detected at L=-9.345907e+01, not replacing live point.
10:02:06 [ultranest] [DEBUG] Plateau detected at L=-9.345907e+01, not replacing live point.
10:02:06 [ultranest] [DEBUG] Plateau detected at L=-9.345907e+01, not replacing live point.
10:02:06 [ultranest] [DEBUG] Plateau detected at L=-9.345907e+01, not replacing live point.
10:02:06 [ultranest] [DEBUG] Plateau detected at L=-9.345907e+01, not replacing live point.
10:02:06 [ultranest] [DEBUG] Plateau detected at L=-9.345907e+01, not replacing live point.
10:02:06 [ultranest] [DEBUG] Plateau detected at L=-9.345907e+01, not replacing live point.
10:02:06 [ultranest] [DEBUG] Plateau detected at L=-9.345907e+01, not replacing live point.
10:02:06 [ultranest] [DEBUG] Plateau detected at L=-9.345907e+01, not replacing live point.
10:02:06 [ultranest] [DEBUG] Plateau detected at L=-9.345907e+01, not replacing live point.
10:02:06 [ultranest] [DEBUG] iteration=274, ncalls=470, regioncalls=2800, ndraw=40, logz=-94.24, remainder_fraction=100.0000%, Lmin=-93.46, Lmax=-30.00
10:02:06 [ultranest] [DEBUG] Plateau detected at L=-9.345907e+01, not replacing live point.
10:02:06 [ultranest] [DEBUG] iteration=278, ncalls=488, regioncalls=3520, ndraw=40, logz=-94.22, remainder_fraction=100.0000%, Lmin=-93.46, Lmax=-30.00
10:02:06 [ultranest] [DEBUG] Plateau detected at L=-9.345907e+01, not replacing live point.
10:02:06 [ultranest] [DEBUG] iteration=280, ncalls=491, regioncalls=3640, ndraw=40, logz=-94.21, remainder_fraction=100.0000%, Lmin=-93.46, Lmax=-30.00
10:02:06 [ultranest] [DEBUG] iteration=303, ncalls=536, regioncalls=5440, ndraw=40, logz=-94.12, remainder_fraction=100.0000%, Lmin=-93.46, Lmax=-30.00
10:02:06 [ultranest] [DEBUG] iteration=320, ncalls=578, regioncalls=7120, ndraw=40, logz=-94.07, remainder_fraction=100.0000%, Lmin=-93.46, Lmax=-30.00
10:02:06 [ultranest] [DEBUG] iteration=322, ncalls=583, regioncalls=7320, ndraw=40, logz=-94.06, remainder_fraction=100.0000%, Lmin=-93.46, Lmax=-22.01
10:02:06 [ultranest] [DEBUG] iteration=343, ncalls=624, regioncalls=8960, ndraw=40, logz=-94.00, remainder_fraction=100.0000%, Lmin=-93.46, Lmax=-22.01
10:02:06 [ultranest] [DEBUG] iteration=360, ncalls=650, regioncalls=10000, ndraw=40, logz=-93.96, remainder_fraction=100.0000%, Lmin=-93.46, Lmax=-19.08
10:02:07 [ultranest] [DEBUG] iteration=380, ncalls=690, regioncalls=11600, ndraw=40, logz=-93.92, remainder_fraction=100.0000%, Lmin=-93.46, Lmax=-19.08
10:02:07 [ultranest] [DEBUG] iteration=400, ncalls=719, regioncalls=12760, ndraw=40, logz=-93.88, remainder_fraction=100.0000%, Lmin=-93.46, Lmax=-19.08
10:02:07 [ultranest] [DEBUG] iteration=416, ncalls=755, regioncalls=14200, ndraw=40, logz=-93.86, remainder_fraction=100.0000%, Lmin=-93.46, Lmax=-19.08
10:02:07 [ultranest] [DEBUG] iteration=431, ncalls=800, regioncalls=16000, ndraw=40, logz=-93.83, remainder_fraction=100.0000%, Lmin=-93.45, Lmax=-19.08
10:02:07 [ultranest] [DEBUG] iteration=440, ncalls=824, regioncalls=16960, ndraw=40, logz=-93.82, remainder_fraction=100.0000%, Lmin=-93.44, Lmax=-19.08
10:02:07 [ultranest] [DEBUG] iteration=458, ncalls=870, regioncalls=18800, ndraw=40, logz=-93.80, remainder_fraction=100.0000%, Lmin=-93.40, Lmax=-19.08
10:02:07 [ultranest] [DEBUG] iteration=474, ncalls=917, regioncalls=20680, ndraw=40, logz=-93.78, remainder_fraction=100.0000%, Lmin=-93.34, Lmax=-19.08
10:02:07 [ultranest] [DEBUG] iteration=480, ncalls=937, regioncalls=21480, ndraw=40, logz=-93.78, remainder_fraction=100.0000%, Lmin=-93.31, Lmax=-19.08
10:02:07 [ultranest] [DEBUG] iteration=492, ncalls=974, regioncalls=22960, ndraw=40, logz=-93.76, remainder_fraction=100.0000%, Lmin=-93.15, Lmax=-19.08
10:02:07 [ultranest] [DEBUG] iteration=503, ncalls=1022, regioncalls=24880, ndraw=40, logz=-93.75, remainder_fraction=100.0000%, Lmin=-93.04, Lmax=-19.08
10:02:07 [ultranest] [DEBUG] iteration=515, ncalls=1079, regioncalls=27160, ndraw=40, logz=-93.73, remainder_fraction=100.0000%, Lmin=-92.74, Lmax=-19.08
10:02:07 [ultranest] [DEBUG] iteration=520, ncalls=1091, regioncalls=27640, ndraw=40, logz=-93.72, remainder_fraction=100.0000%, Lmin=-92.65, Lmax=-19.08
10:02:07 [ultranest] [DEBUG] iteration=532, ncalls=1123, regioncalls=28920, ndraw=40, logz=-93.70, remainder_fraction=100.0000%, Lmin=-92.43, Lmax=-19.08
10:02:08 [ultranest] [DEBUG] iteration=552, ncalls=1166, regioncalls=30640, ndraw=40, logz=-93.65, remainder_fraction=100.0000%, Lmin=-91.64, Lmax=-19.08
10:02:08 [ultranest] [DEBUG] iteration=560, ncalls=1183, regioncalls=31320, ndraw=40, logz=-93.62, remainder_fraction=100.0000%, Lmin=-91.29, Lmax=-19.08
10:02:08 [ultranest] [DEBUG] iteration=574, ncalls=1210, regioncalls=32400, ndraw=40, logz=-93.54, remainder_fraction=100.0000%, Lmin=-90.76, Lmax=-19.08
10:02:08 [ultranest] [DEBUG] iteration=591, ncalls=1255, regioncalls=34200, ndraw=40, logz=-93.32, remainder_fraction=100.0000%, Lmin=-89.48, Lmax=-18.38
10:02:08 [ultranest] [DEBUG] iteration=600, ncalls=1268, regioncalls=34720, ndraw=40, logz=-93.14, remainder_fraction=100.0000%, Lmin=-88.77, Lmax=-16.36
10:02:08 [ultranest] [DEBUG] iteration=617, ncalls=1314, regioncalls=36560, ndraw=40, logz=-92.50, remainder_fraction=100.0000%, Lmin=-87.57, Lmax=-16.36
10:02:08 [ultranest] [DEBUG] iteration=635, ncalls=1364, regioncalls=38560, ndraw=40, logz=-91.44, remainder_fraction=100.0000%, Lmin=-86.19, Lmax=-16.36
10:02:08 [ultranest] [DEBUG] iteration=640, ncalls=1376, regioncalls=39040, ndraw=40, logz=-91.18, remainder_fraction=100.0000%, Lmin=-86.09, Lmax=-16.36
10:02:08 [ultranest] [DEBUG] iteration=661, ncalls=1418, regioncalls=40720, ndraw=40, logz=-89.83, remainder_fraction=100.0000%, Lmin=-84.03, Lmax=-16.36
10:02:08 [ultranest] [DEBUG] iteration=677, ncalls=1452, regioncalls=42080, ndraw=40, logz=-88.15, remainder_fraction=100.0000%, Lmin=-82.11, Lmax=-16.36
10:02:08 [ultranest] [DEBUG] iteration=680, ncalls=1466, regioncalls=42640, ndraw=40, logz=-87.85, remainder_fraction=100.0000%, Lmin=-81.79, Lmax=-16.36
10:02:08 [ultranest] [DEBUG] iteration=697, ncalls=1511, regioncalls=44440, ndraw=40, logz=-85.98, remainder_fraction=100.0000%, Lmin=-79.82, Lmax=-16.36
10:02:08 [ultranest] [DEBUG] iteration=700, ncalls=1526, regioncalls=45040, ndraw=40, logz=-85.66, remainder_fraction=100.0000%, Lmin=-79.35, Lmax=-16.36
10:02:09 [ultranest] [DEBUG] iteration=713, ncalls=1571, regioncalls=46840, ndraw=40, logz=-84.12, remainder_fraction=100.0000%, Lmin=-77.52, Lmax=-16.36
10:02:09 [ultranest] [DEBUG] iteration=720, ncalls=1585, regioncalls=47440, ndraw=40, logz=-82.89, remainder_fraction=100.0000%, Lmin=-76.10, Lmax=-16.36
10:02:09 [ultranest] [DEBUG] iteration=734, ncalls=1627, regioncalls=49200, ndraw=40, logz=-81.07, remainder_fraction=100.0000%, Lmin=-74.63, Lmax=-16.20
10:02:09 [ultranest] [DEBUG] iteration=744, ncalls=1673, regioncalls=51040, ndraw=40, logz=-79.69, remainder_fraction=100.0000%, Lmin=-72.93, Lmax=-16.20
10:02:09 [ultranest] [DEBUG] iteration=758, ncalls=1716, regioncalls=52760, ndraw=40, logz=-77.21, remainder_fraction=100.0000%, Lmin=-70.12, Lmax=-16.20
10:02:09 [ultranest] [DEBUG] iteration=760, ncalls=1728, regioncalls=53240, ndraw=40, logz=-76.87, remainder_fraction=100.0000%, Lmin=-69.79, Lmax=-16.20
10:02:09 [ultranest] [DEBUG] iteration=774, ncalls=1769, regioncalls=54880, ndraw=40, logz=-75.04, remainder_fraction=100.0000%, Lmin=-68.07, Lmax=-16.20
10:02:09 [ultranest] [DEBUG] clustering found some stray points [need_accept=False] (array([1, 2]), array([184,   1]))
10:02:09 [ultranest] [DEBUG] iteration=789, ncalls=1800, regioncalls=56120, ndraw=40, logz=-73.37, remainder_fraction=100.0000%, Lmin=-66.42, Lmax=-16.20
10:02:09 [ultranest] [DEBUG] iteration=800, ncalls=1839, regioncalls=57680, ndraw=40, logz=-71.97, remainder_fraction=100.0000%, Lmin=-65.16, Lmax=-16.20
10:02:09 [ultranest] [DEBUG] iteration=809, ncalls=1890, regioncalls=59720, ndraw=40, logz=-71.09, remainder_fraction=100.0000%, Lmin=-64.30, Lmax=-16.20
10:02:09 [ultranest] [DEBUG] iteration=821, ncalls=1927, regioncalls=61200, ndraw=40, logz=-70.03, remainder_fraction=100.0000%, Lmin=-62.89, Lmax=-16.20
10:02:10 [ultranest] [DEBUG] iteration=829, ncalls=1957, regioncalls=62400, ndraw=40, logz=-69.12, remainder_fraction=100.0000%, Lmin=-62.13, Lmax=-16.20
10:02:10 [ultranest] [DEBUG] iteration=840, ncalls=1996, regioncalls=63960, ndraw=40, logz=-68.09, remainder_fraction=100.0000%, Lmin=-61.49, Lmax=-16.20
10:02:10 [ultranest] [DEBUG] iteration=854, ncalls=2048, regioncalls=66080, ndraw=40, logz=-66.93, remainder_fraction=100.0000%, Lmin=-60.05, Lmax=-16.20
10:02:10 [ultranest] [DEBUG] iteration=870, ncalls=2093, regioncalls=67880, ndraw=40, logz=-65.53, remainder_fraction=100.0000%, Lmin=-58.69, Lmax=-16.20
10:02:10 [ultranest] [DEBUG] iteration=880, ncalls=2139, regioncalls=69720, ndraw=40, logz=-64.50, remainder_fraction=100.0000%, Lmin=-56.81, Lmax=-16.20
10:02:10 [ultranest] [DEBUG] iteration=894, ncalls=2189, regioncalls=71720, ndraw=40, logz=-62.68, remainder_fraction=100.0000%, Lmin=-55.42, Lmax=-16.01
10:02:10 [ultranest] [DEBUG] iteration=900, ncalls=2240, regioncalls=73760, ndraw=40, logz=-61.95, remainder_fraction=100.0000%, Lmin=-54.20, Lmax=-16.01
10:02:10 [ultranest] [DEBUG] iteration=909, ncalls=2292, regioncalls=75840, ndraw=40, logz=-60.59, remainder_fraction=100.0000%, Lmin=-52.90, Lmax=-16.01
10:02:10 [ultranest] [DEBUG] iteration=918, ncalls=2335, regioncalls=77560, ndraw=40, logz=-59.38, remainder_fraction=100.0000%, Lmin=-51.89, Lmax=-16.01
10:02:10 [ultranest] [DEBUG] iteration=920, ncalls=2342, regioncalls=77840, ndraw=40, logz=-59.14, remainder_fraction=100.0000%, Lmin=-51.27, Lmax=-16.01
10:02:11 [ultranest] [DEBUG] iteration=931, ncalls=2400, regioncalls=80160, ndraw=40, logz=-57.84, remainder_fraction=100.0000%, Lmin=-50.48, Lmax=-16.01
10:02:11 [ultranest] [DEBUG] iteration=938, ncalls=2458, regioncalls=82480, ndraw=40, logz=-57.08, remainder_fraction=100.0000%, Lmin=-49.54, Lmax=-16.01
10:02:11 [ultranest] [DEBUG] iteration=950, ncalls=2515, regioncalls=84760, ndraw=40, logz=-55.78, remainder_fraction=100.0000%, Lmin=-48.39, Lmax=-16.01
10:02:11 [ultranest] [DEBUG] iteration=952, ncalls=2524, regioncalls=85200, ndraw=40, logz=-55.60, remainder_fraction=100.0000%, Lmin=-48.11, Lmax=-16.01
10:02:11 [ultranest] [DEBUG] iteration=960, ncalls=2560, regioncalls=86640, ndraw=40, logz=-54.83, remainder_fraction=100.0000%, Lmin=-47.41, Lmax=-16.01
10:02:11 [ultranest] [DEBUG] iteration=969, ncalls=2613, regioncalls=88760, ndraw=40, logz=-53.82, remainder_fraction=100.0000%, Lmin=-45.96, Lmax=-16.01
10:02:11 [ultranest] [DEBUG] iteration=974, ncalls=2695, regioncalls=92040, ndraw=40, logz=-53.20, remainder_fraction=100.0000%, Lmin=-45.31, Lmax=-16.01
10:02:11 [ultranest] [DEBUG] iteration=983, ncalls=2741, regioncalls=93880, ndraw=40, logz=-51.95, remainder_fraction=100.0000%, Lmin=-44.00, Lmax=-16.01
10:02:11 [ultranest] [DEBUG] iteration=992, ncalls=2783, regioncalls=95560, ndraw=40, logz=-50.91, remainder_fraction=100.0000%, Lmin=-43.15, Lmax=-16.01
10:02:11 [ultranest] [DEBUG] iteration=1000, ncalls=2820, regioncalls=97040, ndraw=40, logz=-50.01, remainder_fraction=100.0000%, Lmin=-41.84, Lmax=-16.01
10:02:11 [ultranest] [DEBUG] iteration=1007, ncalls=2876, regioncalls=99280, ndraw=40, logz=-48.92, remainder_fraction=100.0000%, Lmin=-40.60, Lmax=-16.01
10:02:12 [ultranest] [DEBUG] iteration=1019, ncalls=2946, regioncalls=102080, ndraw=40, logz=-47.51, remainder_fraction=100.0000%, Lmin=-39.71, Lmax=-14.34
10:02:12 [ultranest] [DEBUG] iteration=1026, ncalls=3015, regioncalls=104840, ndraw=40, logz=-46.92, remainder_fraction=100.0000%, Lmin=-39.32, Lmax=-14.34
10:02:12 [ultranest] [DEBUG] iteration=1037, ncalls=3068, regioncalls=106960, ndraw=40, logz=-46.15, remainder_fraction=100.0000%, Lmin=-38.43, Lmax=-14.34
10:02:12 [ultranest] [DEBUG] iteration=1040, ncalls=3083, regioncalls=107560, ndraw=40, logz=-45.92, remainder_fraction=100.0000%, Lmin=-38.23, Lmax=-14.34
10:02:12 [ultranest] [DEBUG] iteration=1051, ncalls=3134, regioncalls=109600, ndraw=40, logz=-45.18, remainder_fraction=100.0000%, Lmin=-37.45, Lmax=-14.14
10:02:12 [ultranest] [DEBUG] iteration=1061, ncalls=3201, regioncalls=112280, ndraw=40, logz=-44.46, remainder_fraction=100.0000%, Lmin=-36.42, Lmax=-14.14
10:02:12 [ultranest] [DEBUG] iteration=1068, ncalls=3256, regioncalls=114480, ndraw=40, logz=-43.93, remainder_fraction=100.0000%, Lmin=-36.26, Lmax=-14.14
10:02:12 [ultranest] [DEBUG] iteration=1078, ncalls=3296, regioncalls=116080, ndraw=40, logz=-43.29, remainder_fraction=100.0000%, Lmin=-35.47, Lmax=-14.14
10:02:12 [ultranest] [DEBUG] iteration=1080, ncalls=3298, regioncalls=116200, ndraw=40, logz=-43.15, remainder_fraction=100.0000%, Lmin=-35.28, Lmax=-14.14
10:02:12 [ultranest] [DEBUG] iteration=1092, ncalls=3344, regioncalls=118040, ndraw=40, logz=-42.37, remainder_fraction=100.0000%, Lmin=-34.51, Lmax=-14.14
10:02:13 [ultranest] [DEBUG] iteration=1110, ncalls=3396, regioncalls=120120, ndraw=40, logz=-40.94, remainder_fraction=100.0000%, Lmin=-32.54, Lmax=-14.14
10:02:13 [ultranest] [DEBUG] iteration=1120, ncalls=3417, regioncalls=120960, ndraw=40, logz=-40.10, remainder_fraction=100.0000%, Lmin=-31.88, Lmax=-14.14
10:02:13 [ultranest] [DEBUG] iteration=1133, ncalls=3456, regioncalls=122520, ndraw=40, logz=-39.24, remainder_fraction=100.0000%, Lmin=-31.09, Lmax=-14.14
10:02:13 [ultranest] [DEBUG] iteration=1152, ncalls=3504, regioncalls=124440, ndraw=40, logz=-38.03, remainder_fraction=99.9999%, Lmin=-30.00, Lmax=-14.14
10:02:13 [ultranest] [DEBUG] iteration=1160, ncalls=3523, regioncalls=125200, ndraw=40, logz=-37.60, remainder_fraction=99.9999%, Lmin=-29.63, Lmax=-14.14
10:02:13 [ultranest] [DEBUG] iteration=1162, ncalls=3530, regioncalls=125480, ndraw=40, logz=-37.49, remainder_fraction=99.9999%, Lmin=-29.27, Lmax=-14.14
10:02:13 [ultranest] [DEBUG] iteration=1178, ncalls=3574, regioncalls=127400, ndraw=40, logz=-36.69, remainder_fraction=99.9998%, Lmin=-28.80, Lmax=-14.14
10:02:13 [ultranest] [DEBUG] iteration=1199, ncalls=3619, regioncalls=129200, ndraw=40, logz=-35.80, remainder_fraction=99.9995%, Lmin=-27.75, Lmax=-14.14
10:02:13 [ultranest] [DEBUG] iteration=1200, ncalls=3620, regioncalls=129240, ndraw=40, logz=-35.76, remainder_fraction=99.9995%, Lmin=-27.75, Lmax=-14.14
10:02:13 [ultranest] [DEBUG] iteration=1220, ncalls=3658, regioncalls=130760, ndraw=40, logz=-34.96, remainder_fraction=99.9988%, Lmin=-26.98, Lmax=-14.14
10:02:13 [ultranest] [DEBUG] iteration=1238, ncalls=3704, regioncalls=132600, ndraw=40, logz=-34.29, remainder_fraction=99.9980%, Lmin=-26.19, Lmax=-14.14
10:02:13 [ultranest] [DEBUG] iteration=1240, ncalls=3713, regioncalls=132960, ndraw=40, logz=-34.21, remainder_fraction=99.9979%, Lmin=-26.14, Lmax=-14.14
10:02:13 [ultranest] [DEBUG] iteration=1255, ncalls=3760, regioncalls=134840, ndraw=40, logz=-33.68, remainder_fraction=99.9966%, Lmin=-25.58, Lmax=-14.14
10:02:13 [ultranest] [DEBUG] iteration=1272, ncalls=3805, regioncalls=136640, ndraw=40, logz=-33.08, remainder_fraction=99.9938%, Lmin=-24.77, Lmax=-14.14
10:02:14 [ultranest] [DEBUG] iteration=1280, ncalls=3829, regioncalls=137600, ndraw=40, logz=-32.77, remainder_fraction=99.9920%, Lmin=-24.40, Lmax=-14.14
10:02:14 [ultranest] [DEBUG] iteration=1288, ncalls=3861, regioncalls=138920, ndraw=40, logz=-32.45, remainder_fraction=99.9890%, Lmin=-23.99, Lmax=-14.14
10:02:14 [ultranest] [DEBUG] iteration=1308, ncalls=3908, regioncalls=140800, ndraw=40, logz=-31.71, remainder_fraction=99.9801%, Lmin=-23.26, Lmax=-13.71
10:02:14 [ultranest] [DEBUG] iteration=1320, ncalls=3938, regioncalls=142000, ndraw=40, logz=-31.28, remainder_fraction=99.9725%, Lmin=-22.81, Lmax=-13.69
10:02:14 [ultranest] [DEBUG] iteration=1330, ncalls=3962, regioncalls=143040, ndraw=40, logz=-30.93, remainder_fraction=99.9595%, Lmin=-22.38, Lmax=-13.69
10:02:14 [ultranest] [DEBUG] iteration=1350, ncalls=4015, regioncalls=145160, ndraw=40, logz=-30.19, remainder_fraction=99.9224%, Lmin=-21.59, Lmax=-13.69
10:02:14 [ultranest] [DEBUG] iteration=1360, ncalls=4037, regioncalls=146040, ndraw=40, logz=-29.84, remainder_fraction=99.8847%, Lmin=-21.27, Lmax=-13.69
10:02:14 [ultranest] [DEBUG] iteration=1372, ncalls=4069, regioncalls=147320, ndraw=40, logz=-29.45, remainder_fraction=99.8269%, Lmin=-20.89, Lmax=-13.69
10:02:14 [ultranest] [DEBUG] iteration=1391, ncalls=4104, regioncalls=148760, ndraw=40, logz=-28.94, remainder_fraction=99.7032%, Lmin=-20.42, Lmax=-13.69
10:02:14 [ultranest] [DEBUG] iteration=1400, ncalls=4126, regioncalls=149640, ndraw=40, logz=-28.73, remainder_fraction=99.6202%, Lmin=-20.21, Lmax=-13.69
10:02:14 [ultranest] [DEBUG] iteration=1417, ncalls=4167, regioncalls=151280, ndraw=40, logz=-28.33, remainder_fraction=99.4076%, Lmin=-19.79, Lmax=-13.69
10:02:14 [ultranest] [DEBUG] iteration=1432, ncalls=4205, regioncalls=152800, ndraw=40, logz=-28.00, remainder_fraction=99.2373%, Lmin=-19.50, Lmax=-13.69
10:02:15 [ultranest] [DEBUG] iteration=1440, ncalls=4233, regioncalls=153920, ndraw=40, logz=-27.84, remainder_fraction=99.1186%, Lmin=-19.33, Lmax=-13.69
10:02:15 [ultranest] [DEBUG] iteration=1456, ncalls=4280, regioncalls=155840, ndraw=40, logz=-27.55, remainder_fraction=98.8845%, Lmin=-19.14, Lmax=-13.69
10:02:15 [ultranest] [DEBUG] iteration=1478, ncalls=4324, regioncalls=157600, ndraw=40, logz=-27.22, remainder_fraction=98.4928%, Lmin=-18.80, Lmax=-13.67
10:02:15 [ultranest] [DEBUG] iteration=1480, ncalls=4327, regioncalls=157720, ndraw=40, logz=-27.19, remainder_fraction=98.4372%, Lmin=-18.71, Lmax=-13.67
10:02:15 [ultranest] [DEBUG] iteration=1498, ncalls=4357, regioncalls=158960, ndraw=40, logz=-26.93, remainder_fraction=98.1087%, Lmin=-18.46, Lmax=-13.67
10:02:15 [ultranest] [DEBUG] iteration=1517, ncalls=4397, regioncalls=160600, ndraw=40, logz=-26.65, remainder_fraction=97.4912%, Lmin=-18.03, Lmax=-13.67
10:02:15 [ultranest] [DEBUG] iteration=1520, ncalls=4406, regioncalls=160960, ndraw=40, logz=-26.61, remainder_fraction=97.3713%, Lmin=-18.00, Lmax=-13.67
10:02:15 [ultranest] [DEBUG] iteration=1539, ncalls=4456, regioncalls=162960, ndraw=40, logz=-26.34, remainder_fraction=96.5906%, Lmin=-17.60, Lmax=-13.67
10:02:15 [ultranest] [DEBUG] iteration=1554, ncalls=4494, regioncalls=164480, ndraw=40, logz=-26.14, remainder_fraction=95.9493%, Lmin=-17.51, Lmax=-13.67
10:02:15 [ultranest] [DEBUG] iteration=1560, ncalls=4513, regioncalls=165240, ndraw=40, logz=-26.07, remainder_fraction=95.6060%, Lmin=-17.38, Lmax=-13.67
10:02:15 [ultranest] [DEBUG] iteration=1579, ncalls=4561, regioncalls=167160, ndraw=40, logz=-25.84, remainder_fraction=94.1900%, Lmin=-17.04, Lmax=-13.67
10:02:15 [ultranest] [DEBUG] iteration=1595, ncalls=4600, regioncalls=168720, ndraw=40, logz=-25.66, remainder_fraction=92.9574%, Lmin=-16.89, Lmax=-13.67
10:02:15 [ultranest] [DEBUG] iteration=1600, ncalls=4611, regioncalls=169160, ndraw=40, logz=-25.60, remainder_fraction=92.5185%, Lmin=-16.81, Lmax=-13.67
10:02:16 [ultranest] [DEBUG] iteration=1620, ncalls=4660, regioncalls=171120, ndraw=40, logz=-25.39, remainder_fraction=90.8464%, Lmin=-16.59, Lmax=-13.67
10:02:16 [ultranest] [DEBUG] iteration=1624, ncalls=4674, regioncalls=171720, ndraw=40, logz=-25.36, remainder_fraction=90.3533%, Lmin=-16.55, Lmax=-13.67
10:02:16 [ultranest] [DEBUG] iteration=1640, ncalls=4706, regioncalls=173000, ndraw=40, logz=-25.20, remainder_fraction=89.0469%, Lmin=-16.39, Lmax=-13.62
10:02:16 [ultranest] [DEBUG] iteration=1658, ncalls=4754, regioncalls=174920, ndraw=40, logz=-25.05, remainder_fraction=86.9758%, Lmin=-16.22, Lmax=-13.62
10:02:16 [ultranest] [DEBUG] iteration=1666, ncalls=4766, regioncalls=175440, ndraw=40, logz=-24.98, remainder_fraction=86.1275%, Lmin=-16.11, Lmax=-13.62
10:02:16 [ultranest] [DEBUG] iteration=1680, ncalls=4798, regioncalls=176760, ndraw=40, logz=-24.87, remainder_fraction=84.3348%, Lmin=-15.96, Lmax=-13.62
10:02:16 [ultranest] [DEBUG] iteration=1703, ncalls=4842, regioncalls=178520, ndraw=40, logz=-24.69, remainder_fraction=81.2137%, Lmin=-15.74, Lmax=-13.61
10:02:16 [ultranest] [DEBUG] iteration=1708, ncalls=4851, regioncalls=178920, ndraw=40, logz=-24.65, remainder_fraction=80.3609%, Lmin=-15.68, Lmax=-13.61
10:02:16 [ultranest] [DEBUG] iteration=1720, ncalls=4886, regioncalls=180320, ndraw=40, logz=-24.57, remainder_fraction=78.6726%, Lmin=-15.58, Lmax=-13.61
10:02:16 [ultranest] [DEBUG] iteration=1740, ncalls=4925, regioncalls=181880, ndraw=40, logz=-24.44, remainder_fraction=75.8822%, Lmin=-15.43, Lmax=-13.61
10:02:16 [ultranest] [DEBUG] iteration=1750, ncalls=4941, regioncalls=182560, ndraw=40, logz=-24.37, remainder_fraction=74.2447%, Lmin=-15.32, Lmax=-13.61
10:02:16 [ultranest] [DEBUG] iteration=1760, ncalls=4958, regioncalls=183240, ndraw=40, logz=-24.31, remainder_fraction=72.4958%, Lmin=-15.25, Lmax=-13.61
10:02:16 [ultranest] [DEBUG] iteration=1778, ncalls=5003, regioncalls=185040, ndraw=40, logz=-24.20, remainder_fraction=69.9410%, Lmin=-15.09, Lmax=-13.54
10:02:16 [ultranest] [DEBUG] iteration=1800, ncalls=5042, regioncalls=186600, ndraw=40, logz=-24.08, remainder_fraction=66.2279%, Lmin=-14.96, Lmax=-13.54
10:02:17 [ultranest] [DEBUG] iteration=1820, ncalls=5084, regioncalls=188280, ndraw=40, logz=-23.98, remainder_fraction=62.5567%, Lmin=-14.87, Lmax=-13.54
10:02:17 [ultranest] [DEBUG] iteration=1834, ncalls=5122, regioncalls=189840, ndraw=40, logz=-23.92, remainder_fraction=60.1723%, Lmin=-14.78, Lmax=-13.52
10:02:17 [ultranest] [DEBUG] iteration=1840, ncalls=5135, regioncalls=190360, ndraw=40, logz=-23.90, remainder_fraction=59.1117%, Lmin=-14.74, Lmax=-13.52
10:02:17 [ultranest] [DEBUG] iteration=1863, ncalls=5175, regioncalls=191960, ndraw=40, logz=-23.80, remainder_fraction=54.8350%, Lmin=-14.64, Lmax=-13.52
10:02:17 [ultranest] [DEBUG] iteration=1876, ncalls=5203, regioncalls=193120, ndraw=40, logz=-23.75, remainder_fraction=52.4854%, Lmin=-14.58, Lmax=-13.52
10:02:17 [ultranest] [DEBUG] iteration=1880, ncalls=5209, regioncalls=193400, ndraw=40, logz=-23.74, remainder_fraction=51.8375%, Lmin=-14.55, Lmax=-13.52
10:02:17 [ultranest] [DEBUG] iteration=1898, ncalls=5257, regioncalls=195320, ndraw=40, logz=-23.68, remainder_fraction=48.8864%, Lmin=-14.47, Lmax=-13.48
10:02:17 [ultranest] [DEBUG] iteration=1917, ncalls=5303, regioncalls=197160, ndraw=40, logz=-23.62, remainder_fraction=45.9503%, Lmin=-14.41, Lmax=-13.48
10:02:17 [ultranest] [DEBUG] iteration=1920, ncalls=5316, regioncalls=197680, ndraw=40, logz=-23.61, remainder_fraction=45.3806%, Lmin=-14.39, Lmax=-13.48
10:02:17 [ultranest] [DEBUG] iteration=1932, ncalls=5357, regioncalls=199320, ndraw=40, logz=-23.57, remainder_fraction=43.4731%, Lmin=-14.35, Lmax=-13.48
10:02:17 [ultranest] [DEBUG] iteration=1947, ncalls=5406, regioncalls=201280, ndraw=40, logz=-23.53, remainder_fraction=41.2000%, Lmin=-14.32, Lmax=-13.47
10:02:17 [ultranest] [DEBUG] iteration=1960, ncalls=5427, regioncalls=202160, ndraw=40, logz=-23.50, remainder_fraction=39.3904%, Lmin=-14.26, Lmax=-13.47
10:02:18 [ultranest] [DEBUG] iteration=1985, ncalls=5464, regioncalls=203640, ndraw=40, logz=-23.44, remainder_fraction=35.9284%, Lmin=-14.17, Lmax=-13.47
10:02:18 [ultranest] [DEBUG] iteration=2000, ncalls=5493, regioncalls=204800, ndraw=40, logz=-23.41, remainder_fraction=33.6855%, Lmin=-14.13, Lmax=-13.47
10:02:18 [ultranest] [DEBUG] iteration=2018, ncalls=5531, regioncalls=206320, ndraw=40, logz=-23.37, remainder_fraction=31.3216%, Lmin=-14.09, Lmax=-13.47
10:02:18 [ultranest] [DEBUG] iteration=2040, ncalls=5571, regioncalls=207920, ndraw=40, logz=-23.33, remainder_fraction=28.6057%, Lmin=-14.04, Lmax=-13.47
10:02:18 [ultranest] [DEBUG] iteration=2044, ncalls=5581, regioncalls=208360, ndraw=40, logz=-23.33, remainder_fraction=28.1382%, Lmin=-14.03, Lmax=-13.47
10:02:18 [ultranest] [DEBUG] iteration=2061, ncalls=5618, regioncalls=209840, ndraw=40, logz=-23.30, remainder_fraction=26.1500%, Lmin=-14.00, Lmax=-13.47
10:02:18 [ultranest] [DEBUG] iteration=2080, ncalls=5658, regioncalls=211440, ndraw=40, logz=-23.27, remainder_fraction=24.0073%, Lmin=-13.96, Lmax=-13.47
10:02:18 [ultranest] [DEBUG] iteration=2096, ncalls=5700, regioncalls=213120, ndraw=40, logz=-23.25, remainder_fraction=22.4329%, Lmin=-13.93, Lmax=-13.47
10:02:18 [ultranest] [DEBUG] iteration=2111, ncalls=5745, regioncalls=214920, ndraw=40, logz=-23.23, remainder_fraction=21.0670%, Lmin=-13.91, Lmax=-13.47
10:02:18 [ultranest] [DEBUG] iteration=2120, ncalls=5771, regioncalls=215960, ndraw=40, logz=-23.22, remainder_fraction=20.2385%, Lmin=-13.90, Lmax=-13.47
10:02:18 [ultranest] [DEBUG] iteration=2128, ncalls=5786, regioncalls=216600, ndraw=40, logz=-23.21, remainder_fraction=19.5097%, Lmin=-13.88, Lmax=-13.47
10:02:18 [ultranest] [DEBUG] iteration=2146, ncalls=5827, regioncalls=218440, ndraw=40, logz=-23.20, remainder_fraction=18.0038%, Lmin=-13.85, Lmax=-13.47
10:02:18 [ultranest] [DEBUG] iteration=2160, ncalls=5859, regioncalls=219720, ndraw=40, logz=-23.18, remainder_fraction=16.8764%, Lmin=-13.84, Lmax=-13.47
10:02:19 [ultranest] [DEBUG] iteration=2170, ncalls=5885, regioncalls=220800, ndraw=40, logz=-23.17, remainder_fraction=16.1094%, Lmin=-13.82, Lmax=-13.47
10:02:19 [ultranest] [DEBUG] iteration=2193, ncalls=5924, regioncalls=222440, ndraw=40, logz=-23.15, remainder_fraction=14.4824%, Lmin=-13.79, Lmax=-13.47
10:02:19 [ultranest] [DEBUG] iteration=2200, ncalls=5937, regioncalls=222960, ndraw=40, logz=-23.15, remainder_fraction=14.0121%, Lmin=-13.77, Lmax=-13.47
10:02:19 [ultranest] [DEBUG] iteration=2212, ncalls=5958, regioncalls=223840, ndraw=40, logz=-23.14, remainder_fraction=13.2384%, Lmin=-13.75, Lmax=-13.47
10:02:19 [ultranest] [DEBUG] iteration=2233, ncalls=5999, regioncalls=225520, ndraw=40, logz=-23.13, remainder_fraction=11.9468%, Lmin=-13.73, Lmax=-13.46
10:02:19 [ultranest] [DEBUG] iteration=2240, ncalls=6009, regioncalls=225920, ndraw=40, logz=-23.12, remainder_fraction=11.5495%, Lmin=-13.72, Lmax=-13.46
10:02:19 [ultranest] [DEBUG] iteration=2259, ncalls=6049, regioncalls=227520, ndraw=40, logz=-23.11, remainder_fraction=10.5617%, Lmin=-13.70, Lmax=-13.46
10:02:19 [ultranest] [DEBUG] iteration=2279, ncalls=6089, regioncalls=229120, ndraw=40, logz=-23.10, remainder_fraction=9.5752%, Lmin=-13.68, Lmax=-13.46
10:02:19 [ultranest] [DEBUG] iteration=2280, ncalls=6091, regioncalls=229200, ndraw=40, logz=-23.10, remainder_fraction=9.5250%, Lmin=-13.68, Lmax=-13.46
10:02:19 [ultranest] [DEBUG] iteration=2296, ncalls=6126, regioncalls=230640, ndraw=40, logz=-23.09, remainder_fraction=8.8165%, Lmin=-13.67, Lmax=-13.46
10:02:19 [ultranest] [DEBUG] iteration=2312, ncalls=6160, regioncalls=232000, ndraw=40, logz=-23.08, remainder_fraction=8.1518%, Lmin=-13.66, Lmax=-13.46
10:02:19 [ultranest] [DEBUG] iteration=2320, ncalls=6177, regioncalls=232680, ndraw=40, logz=-23.08, remainder_fraction=7.8357%, Lmin=-13.65, Lmax=-13.46
10:02:19 [ultranest] [DEBUG] iteration=2338, ncalls=6223, regioncalls=234720, ndraw=40, logz=-23.07, remainder_fraction=7.1713%, Lmin=-13.64, Lmax=-13.46
10:02:20 [ultranest] [DEBUG] iteration=2353, ncalls=6261, regioncalls=236240, ndraw=40, logz=-23.07, remainder_fraction=6.6522%, Lmin=-13.63, Lmax=-13.46
10:02:20 [ultranest] [DEBUG] iteration=2360, ncalls=6273, regioncalls=236720, ndraw=40, logz=-23.06, remainder_fraction=6.4270%, Lmin=-13.63, Lmax=-13.46
10:02:20 [ultranest] [DEBUG] iteration=2380, ncalls=6308, regioncalls=238160, ndraw=40, logz=-23.06, remainder_fraction=5.8109%, Lmin=-13.62, Lmax=-13.45
10:02:20 [ultranest] [DEBUG] iteration=2396, ncalls=6353, regioncalls=240000, ndraw=40, logz=-23.05, remainder_fraction=5.3655%, Lmin=-13.61, Lmax=-13.45
10:02:20 [ultranest] [DEBUG] iteration=2400, ncalls=6360, regioncalls=240280, ndraw=40, logz=-23.05, remainder_fraction=5.2598%, Lmin=-13.60, Lmax=-13.45
10:02:20 [ultranest] [DEBUG] iteration=2422, ncalls=6395, regioncalls=241760, ndraw=40, logz=-23.04, remainder_fraction=4.7010%, Lmin=-13.59, Lmax=-13.45
10:02:20 [ultranest] [DEBUG] iteration=2440, ncalls=6427, regioncalls=243040, ndraw=40, logz=-23.04, remainder_fraction=4.2832%, Lmin=-13.58, Lmax=-13.45
10:02:20 [ultranest] [DEBUG] iteration=2460, ncalls=6469, regioncalls=244720, ndraw=40, logz=-23.04, remainder_fraction=3.8656%, Lmin=-13.57, Lmax=-13.45
10:02:20 [ultranest] [DEBUG] iteration=2464, ncalls=6474, regioncalls=244960, ndraw=40, logz=-23.04, remainder_fraction=3.7853%, Lmin=-13.57, Lmax=-13.45
10:02:20 [ultranest] [DEBUG] iteration=2480, ncalls=6501, regioncalls=246040, ndraw=40, logz=-23.03, remainder_fraction=3.4880%, Lmin=-13.56, Lmax=-13.45
10:02:20 [ultranest] [DEBUG] iteration=2495, ncalls=6549, regioncalls=247960, ndraw=40, logz=-23.03, remainder_fraction=3.2245%, Lmin=-13.56, Lmax=-13.45
10:02:20 [ultranest] [INFO] Explored until L=-1e+01  
10:02:20 [ultranest] [INFO] Likelihood function evaluations: 6560
10:02:21 [ultranest] [INFO] Writing samples and results to disk ...
10:02:21 [ultranest] [INFO] Writing samples and results to disk ... done
10:02:21 [ultranest] [DEBUG] did a run_iter pass!
10:02:21 [ultranest] [INFO]   logZ = -22.96 +- 0.1745
10:02:21 [ultranest] [INFO] Effective samples strategy satisfied (ESS = 845.3, need >400)
10:02:21 [ultranest] [INFO] Posterior uncertainty strategy is satisfied (KL: 0.46+-0.14 nat, need <0.50 nat)
10:02:21 [ultranest] [INFO] Evidency uncertainty strategy is satisfied (dlogz=0.18, need <0.5)
10:02:21 [ultranest] [INFO]   logZ error budget: single: 0.21 bs:0.17 tail:0.03 total:0.18 required:<0.50
10:02:21 [ultranest] [INFO] done iterating.
10:02:21 [ultranest] [DEBUG] Making corner plot ...
10:02:22 [ultranest] [DEBUG] Making corner plot ... done
10:02:22 [ultranest] [DEBUG] Making run plot ... 
10:02:23 [ultranest] [DEBUG] Making run plot ... done
10:02:23 [ultranest] [DEBUG] Making trace plot ... 
10:02:24 [ultranest] [DEBUG] Making trace plot ... done
22:15:19 [ultranest] [DEBUG] ReactiveNestedSampler: dims=3+0, resume=True, log_dir=/home/orion51/Desktop/Research/spectral_fitting/FGL_spectral_fitting/Individual_sources/2CXOJ151051.3+054937/bb_out_, backend=hdf5, vectorized=False, nbootstraps=30, ndraw=128..65536
22:15:19 [ultranest] [DEBUG] Testing resume consistency: [-13.55530736 -13.53130109   0.           0.58633369   0.6938806
   0.09076983  -2.13666315  -0.22447758  19.63538883]: u=[0.58633369 0.6938806  0.09076983] -> p=[-2.13666315 -0.22447758 19.63538883] -> L=-13.531301085981523 
22:15:19 [ultranest] [INFO] Resuming from 2688 stored points
22:15:19 [ultranest] [DEBUG] run_iter dlogz=0.5, dKL=0.5, frac_remain=0.01, Lepsilon=0.1000, min_ess=400
22:15:19 [ultranest] [DEBUG] max_iters=-1, max_ncalls=-1, max_num_improvement_loops=-1, min_num_live_points=400, cluster_num_live_points=40
22:15:19 [ultranest] [DEBUG] minimal_widths_sequence: [(-inf, 400.0), (inf, 400.0)]
22:15:19 [ultranest] [DEBUG] iteration=0, ncalls=6560, regioncalls=0, ndraw=40, logz=-inf, remainder_fraction=100.0000%, Lmin=-224395966.93, Lmax=-30.00
22:15:19 [ultranest] [DEBUG] iteration=40, ncalls=6560, regioncalls=0, ndraw=40, logz=-3038.94, remainder_fraction=100.0000%, Lmin=-2744.83, Lmax=-30.00
22:15:19 [ultranest] [DEBUG] Plateau detected at L=-9.345907e+01, not replacing live point.
22:15:19 [ultranest] [DEBUG] Plateau detected at L=-9.345907e+01, not replacing live point.
22:15:19 [ultranest] [DEBUG] Plateau detected at L=-9.345907e+01, not replacing live point.
22:15:19 [ultranest] [DEBUG] Plateau detected at L=-9.345907e+01, not replacing live point.
22:15:19 [ultranest] [DEBUG] Plateau detected at L=-9.345907e+01, not replacing live point.
22:15:19 [ultranest] [DEBUG] Plateau detected at L=-9.345907e+01, not replacing live point.
22:15:19 [ultranest] [DEBUG] Plateau detected at L=-9.345907e+01, not replacing live point.
22:15:19 [ultranest] [DEBUG] Plateau detected at L=-9.345907e+01, not replacing live point.
22:15:19 [ultranest] [DEBUG] Plateau detected at L=-9.345907e+01, not replacing live point.
22:15:19 [ultranest] [DEBUG] Plateau detected at L=-9.345907e+01, not replacing live point.
22:15:19 [ultranest] [DEBUG] Plateau detected at L=-9.345907e+01, not replacing live point.
22:15:19 [ultranest] [DEBUG] Plateau detected at L=-9.345907e+01, not replacing live point.
22:15:19 [ultranest] [DEBUG] Plateau detected at L=-9.345907e+01, not replacing live point.
22:15:19 [ultranest] [DEBUG] Plateau detected at L=-9.345907e+01, not replacing live point.
22:15:19 [ultranest] [DEBUG] Plateau detected at L=-9.345907e+01, not replacing live point.
22:15:19 [ultranest] [DEBUG] Plateau detected at L=-9.345907e+01, not replacing live point.
22:15:19 [ultranest] [DEBUG] Plateau detected at L=-9.345907e+01, not replacing live point.
22:15:19 [ultranest] [DEBUG] Plateau detected at L=-9.345907e+01, not replacing live point.
22:15:19 [ultranest] [DEBUG] Plateau detected at L=-9.345907e+01, not replacing live point.
22:15:19 [ultranest] [DEBUG] Plateau detected at L=-9.345907e+01, not replacing live point.
22:15:19 [ultranest] [DEBUG] Plateau detected at L=-9.345907e+01, not replacing live point.
22:15:19 [ultranest] [DEBUG] Plateau detected at L=-9.345907e+01, not replacing live point.
22:15:19 [ultranest] [DEBUG] Plateau detected at L=-9.345907e+01, not replacing live point.
22:15:19 [ultranest] [DEBUG] Plateau detected at L=-9.345907e+01, not replacing live point.
22:15:19 [ultranest] [DEBUG] Plateau detected at L=-9.345907e+01, not replacing live point.
22:15:19 [ultranest] [DEBUG] Plateau detected at L=-9.345907e+01, not replacing live point.
22:15:19 [ultranest] [DEBUG] Plateau detected at L=-9.345907e+01, not replacing live point.
22:15:19 [ultranest] [DEBUG] Plateau detected at L=-9.345907e+01, not replacing live point.
22:15:19 [ultranest] [DEBUG] Plateau detected at L=-9.345907e+01, not replacing live point.
22:15:19 [ultranest] [DEBUG] Plateau detected at L=-9.345907e+01, not replacing live point.
22:15:19 [ultranest] [DEBUG] Plateau detected at L=-9.345907e+01, not replacing live point.
22:15:19 [ultranest] [DEBUG] Plateau detected at L=-9.345907e+01, not replacing live point.
22:15:19 [ultranest] [DEBUG] Plateau detected at L=-9.345907e+01, not replacing live point.
22:15:19 [ultranest] [DEBUG] Plateau detected at L=-9.345907e+01, not replacing live point.
22:15:19 [ultranest] [DEBUG] Plateau detected at L=-9.345907e+01, not replacing live point.
22:15:19 [ultranest] [DEBUG] Plateau detected at L=-9.345907e+01, not replacing live point.
22:15:19 [ultranest] [DEBUG] Plateau detected at L=-9.345907e+01, not replacing live point.
22:15:19 [ultranest] [DEBUG] Plateau detected at L=-9.345907e+01, not replacing live point.
22:15:19 [ultranest] [DEBUG] Plateau detected at L=-9.345907e+01, not replacing live point.
22:15:19 [ultranest] [DEBUG] Plateau detected at L=-9.345907e+01, not replacing live point.
22:15:19 [ultranest] [DEBUG] Plateau detected at L=-9.345907e+01, not replacing live point.
22:15:19 [ultranest] [DEBUG] Plateau detected at L=-9.345907e+01, not replacing live point.
22:15:19 [ultranest] [DEBUG] Plateau detected at L=-9.345907e+01, not replacing live point.
22:15:19 [ultranest] [DEBUG] Plateau detected at L=-9.345907e+01, not replacing live point.
22:15:19 [ultranest] [DEBUG] Plateau detected at L=-9.345907e+01, not replacing live point.
22:15:19 [ultranest] [DEBUG] Plateau detected at L=-9.345907e+01, not replacing live point.
22:15:19 [ultranest] [DEBUG] Plateau detected at L=-9.345907e+01, not replacing live point.
22:15:19 [ultranest] [DEBUG] Plateau detected at L=-9.345907e+01, not replacing live point.
22:15:19 [ultranest] [DEBUG] Plateau detected at L=-9.345907e+01, not replacing live point.
22:15:19 [ultranest] [DEBUG] Plateau detected at L=-9.345907e+01, not replacing live point.
22:15:19 [ultranest] [DEBUG] Plateau detected at L=-9.345907e+01, not replacing live point.
22:15:19 [ultranest] [DEBUG] Plateau detected at L=-9.345907e+01, not replacing live point.
22:15:19 [ultranest] [DEBUG] Plateau detected at L=-9.345907e+01, not replacing live point.
22:15:19 [ultranest] [DEBUG] Plateau detected at L=-9.345907e+01, not replacing live point.
22:15:19 [ultranest] [DEBUG] Plateau detected at L=-9.345907e+01, not replacing live point.
22:15:19 [ultranest] [DEBUG] Plateau detected at L=-9.345907e+01, not replacing live point.
22:15:19 [ultranest] [DEBUG] Plateau detected at L=-9.345907e+01, not replacing live point.
22:15:19 [ultranest] [DEBUG] Plateau detected at L=-9.345907e+01, not replacing live point.
22:15:19 [ultranest] [DEBUG] Plateau detected at L=-9.345907e+01, not replacing live point.
22:15:19 [ultranest] [DEBUG] Plateau detected at L=-9.345907e+01, not replacing live point.
22:15:19 [ultranest] [DEBUG] Plateau detected at L=-9.345907e+01, not replacing live point.
22:15:19 [ultranest] [DEBUG] Plateau detected at L=-9.345907e+01, not replacing live point.
22:15:19 [ultranest] [DEBUG] Plateau detected at L=-9.345907e+01, not replacing live point.
22:15:19 [ultranest] [DEBUG] Plateau detected at L=-9.345907e+01, not replacing live point.
22:15:19 [ultranest] [DEBUG] Plateau detected at L=-9.345907e+01, not replacing live point.
22:15:19 [ultranest] [DEBUG] Plateau detected at L=-9.345907e+01, not replacing live point.
22:15:19 [ultranest] [DEBUG] Plateau detected at L=-9.345907e+01, not replacing live point.
22:15:19 [ultranest] [DEBUG] Plateau detected at L=-9.345907e+01, not replacing live point.
22:15:19 [ultranest] [DEBUG] Plateau detected at L=-9.345907e+01, not replacing live point.
22:15:19 [ultranest] [DEBUG] Plateau detected at L=-9.345907e+01, not replacing live point.
22:15:19 [ultranest] [DEBUG] Plateau detected at L=-9.345907e+01, not replacing live point.
22:15:19 [ultranest] [DEBUG] Plateau detected at L=-9.345907e+01, not replacing live point.
22:15:19 [ultranest] [DEBUG] Plateau detected at L=-9.345907e+01, not replacing live point.
22:15:19 [ultranest] [DEBUG] Plateau detected at L=-9.345907e+01, not replacing live point.
22:15:19 [ultranest] [DEBUG] Plateau detected at L=-9.345907e+01, not replacing live point.
22:15:19 [ultranest] [DEBUG] Plateau detected at L=-9.345907e+01, not replacing live point.
22:15:19 [ultranest] [DEBUG] Plateau detected at L=-9.345907e+01, not replacing live point.
22:15:19 [ultranest] [DEBUG] Plateau detected at L=-9.345907e+01, not replacing live point.
22:15:19 [ultranest] [DEBUG] Plateau detected at L=-9.345907e+01, not replacing live point.
22:15:19 [ultranest] [DEBUG] Plateau detected at L=-9.345907e+01, not replacing live point.
22:15:19 [ultranest] [DEBUG] Plateau detected at L=-9.345907e+01, not replacing live point.
22:15:19 [ultranest] [DEBUG] Plateau detected at L=-9.345907e+01, not replacing live point.
22:15:19 [ultranest] [DEBUG] Plateau detected at L=-9.345907e+01, not replacing live point.
22:15:19 [ultranest] [DEBUG] Plateau detected at L=-9.345907e+01, not replacing live point.
22:15:19 [ultranest] [DEBUG] Plateau detected at L=-9.345907e+01, not replacing live point.
22:15:19 [ultranest] [DEBUG] Plateau detected at L=-9.345907e+01, not replacing live point.
22:15:19 [ultranest] [DEBUG] Plateau detected at L=-9.345907e+01, not replacing live point.
22:15:19 [ultranest] [DEBUG] Plateau detected at L=-9.345907e+01, not replacing live point.
22:15:19 [ultranest] [DEBUG] Plateau detected at L=-9.345907e+01, not replacing live point.
22:15:19 [ultranest] [DEBUG] Plateau detected at L=-9.345907e+01, not replacing live point.
22:15:19 [ultranest] [DEBUG] Plateau detected at L=-9.345907e+01, not replacing live point.
22:15:19 [ultranest] [DEBUG] Plateau detected at L=-9.345907e+01, not replacing live point.
22:15:19 [ultranest] [DEBUG] Plateau detected at L=-9.345907e+01, not replacing live point.
22:15:19 [ultranest] [DEBUG] Plateau detected at L=-9.345907e+01, not replacing live point.
22:15:19 [ultranest] [DEBUG] Plateau detected at L=-9.345907e+01, not replacing live point.
22:15:19 [ultranest] [DEBUG] Plateau detected at L=-9.345907e+01, not replacing live point.
22:15:19 [ultranest] [DEBUG] Plateau detected at L=-9.345907e+01, not replacing live point.
22:15:19 [ultranest] [DEBUG] Plateau detected at L=-9.345907e+01, not replacing live point.
22:15:19 [ultranest] [DEBUG] Plateau detected at L=-9.345907e+01, not replacing live point.
22:15:19 [ultranest] [DEBUG] Plateau detected at L=-9.345907e+01, not replacing live point.
22:15:19 [ultranest] [DEBUG] Plateau detected at L=-9.345907e+01, not replacing live point.
22:15:19 [ultranest] [DEBUG] Plateau detected at L=-9.345907e+01, not replacing live point.
22:15:19 [ultranest] [DEBUG] Plateau detected at L=-9.345907e+01, not replacing live point.
22:15:19 [ultranest] [DEBUG] Plateau detected at L=-9.345907e+01, not replacing live point.
22:15:19 [ultranest] [DEBUG] Plateau detected at L=-9.345907e+01, not replacing live point.
22:15:19 [ultranest] [DEBUG] Plateau detected at L=-9.345907e+01, not replacing live point.
22:15:19 [ultranest] [DEBUG] Plateau detected at L=-9.345907e+01, not replacing live point.
22:15:19 [ultranest] [DEBUG] Plateau detected at L=-9.345907e+01, not replacing live point.
22:15:19 [ultranest] [DEBUG] Plateau detected at L=-9.345907e+01, not replacing live point.
22:15:19 [ultranest] [DEBUG] Plateau detected at L=-9.345907e+01, not replacing live point.
22:15:19 [ultranest] [DEBUG] Plateau detected at L=-9.345907e+01, not replacing live point.
22:15:19 [ultranest] [DEBUG] Plateau detected at L=-9.345907e+01, not replacing live point.
22:15:19 [ultranest] [DEBUG] Plateau detected at L=-9.345907e+01, not replacing live point.
22:15:19 [ultranest] [DEBUG] Plateau detected at L=-9.345907e+01, not replacing live point.
22:15:19 [ultranest] [DEBUG] Plateau detected at L=-9.345907e+01, not replacing live point.
22:15:19 [ultranest] [DEBUG] Plateau detected at L=-9.345907e+01, not replacing live point.
22:15:19 [ultranest] [DEBUG] Plateau detected at L=-9.345907e+01, not replacing live point.
22:15:19 [ultranest] [DEBUG] Plateau detected at L=-9.345907e+01, not replacing live point.
22:15:19 [ultranest] [DEBUG] Plateau detected at L=-9.345907e+01, not replacing live point.
22:15:19 [ultranest] [DEBUG] Plateau detected at L=-9.345907e+01, not replacing live point.
22:15:19 [ultranest] [DEBUG] Plateau detected at L=-9.345907e+01, not replacing live point.
22:15:19 [ultranest] [DEBUG] Plateau detected at L=-9.345907e+01, not replacing live point.
22:15:19 [ultranest] [DEBUG] Plateau detected at L=-9.345907e+01, not replacing live point.
22:15:19 [ultranest] [DEBUG] Plateau detected at L=-9.345907e+01, not replacing live point.
22:15:19 [ultranest] [DEBUG] Plateau detected at L=-9.345907e+01, not replacing live point.
22:15:19 [ultranest] [DEBUG] Plateau detected at L=-9.345907e+01, not replacing live point.
22:15:19 [ultranest] [DEBUG] Plateau detected at L=-9.345907e+01, not replacing live point.
22:15:19 [ultranest] [DEBUG] Plateau detected at L=-9.345907e+01, not replacing live point.
22:15:19 [ultranest] [DEBUG] Plateau detected at L=-9.345907e+01, not replacing live point.
22:15:19 [ultranest] [DEBUG] Plateau detected at L=-9.345907e+01, not replacing live point.
22:15:19 [ultranest] [DEBUG] Plateau detected at L=-9.345907e+01, not replacing live point.
22:15:19 [ultranest] [DEBUG] Plateau detected at L=-9.345907e+01, not replacing live point.
22:15:19 [ultranest] [DEBUG] Plateau detected at L=-9.345907e+01, not replacing live point.
22:15:19 [ultranest] [DEBUG] Plateau detected at L=-9.345907e+01, not replacing live point.
22:15:19 [ultranest] [DEBUG] Plateau detected at L=-9.345907e+01, not replacing live point.
22:15:19 [ultranest] [DEBUG] Plateau detected at L=-9.345907e+01, not replacing live point.
22:15:19 [ultranest] [DEBUG] Plateau detected at L=-9.345907e+01, not replacing live point.
22:15:19 [ultranest] [DEBUG] Plateau detected at L=-9.345907e+01, not replacing live point.
22:15:19 [ultranest] [DEBUG] Plateau detected at L=-9.345907e+01, not replacing live point.
22:15:19 [ultranest] [DEBUG] Plateau detected at L=-9.345907e+01, not replacing live point.
22:15:19 [ultranest] [DEBUG] Plateau detected at L=-9.345907e+01, not replacing live point.
22:15:19 [ultranest] [DEBUG] Plateau detected at L=-9.345907e+01, not replacing live point.
22:15:19 [ultranest] [DEBUG] Plateau detected at L=-9.345907e+01, not replacing live point.
22:15:19 [ultranest] [DEBUG] Plateau detected at L=-9.345907e+01, not replacing live point.
22:15:19 [ultranest] [DEBUG] Plateau detected at L=-9.345907e+01, not replacing live point.
22:15:19 [ultranest] [DEBUG] Plateau detected at L=-9.345907e+01, not replacing live point.
22:15:19 [ultranest] [DEBUG] Plateau detected at L=-9.345907e+01, not replacing live point.
22:15:19 [ultranest] [DEBUG] Plateau detected at L=-9.345907e+01, not replacing live point.
22:15:19 [ultranest] [DEBUG] Plateau detected at L=-9.345907e+01, not replacing live point.
22:15:19 [ultranest] [DEBUG] Plateau detected at L=-9.345907e+01, not replacing live point.
22:15:19 [ultranest] [DEBUG] Plateau detected at L=-9.345907e+01, not replacing live point.
22:15:19 [ultranest] [DEBUG] Plateau detected at L=-9.345907e+01, not replacing live point.
22:15:19 [ultranest] [DEBUG] Plateau detected at L=-9.345907e+01, not replacing live point.
22:15:19 [ultranest] [DEBUG] Plateau detected at L=-9.345907e+01, not replacing live point.
22:15:19 [ultranest] [DEBUG] Plateau detected at L=-9.345907e+01, not replacing live point.
22:15:19 [ultranest] [DEBUG] Plateau detected at L=-9.345907e+01, not replacing live point.
22:15:19 [ultranest] [DEBUG] Plateau detected at L=-9.345907e+01, not replacing live point.
22:15:19 [ultranest] [DEBUG] Plateau detected at L=-9.345907e+01, not replacing live point.
22:15:19 [ultranest] [DEBUG] Plateau detected at L=-9.345907e+01, not replacing live point.
22:15:19 [ultranest] [DEBUG] Plateau detected at L=-9.345907e+01, not replacing live point.
22:15:19 [ultranest] [DEBUG] Plateau detected at L=-9.345907e+01, not replacing live point.
22:15:19 [ultranest] [DEBUG] Plateau detected at L=-9.345907e+01, not replacing live point.
22:15:19 [ultranest] [DEBUG] Plateau detected at L=-9.345907e+01, not replacing live point.
22:15:19 [ultranest] [DEBUG] Plateau detected at L=-9.345907e+01, not replacing live point.
22:15:19 [ultranest] [DEBUG] Plateau detected at L=-9.345907e+01, not replacing live point.
22:15:19 [ultranest] [DEBUG] Plateau detected at L=-9.345907e+01, not replacing live point.
22:15:19 [ultranest] [DEBUG] Plateau detected at L=-9.345907e+01, not replacing live point.
22:15:19 [ultranest] [DEBUG] Plateau detected at L=-9.345907e+01, not replacing live point.
22:15:19 [ultranest] [DEBUG] Plateau detected at L=-9.345907e+01, not replacing live point.
22:15:19 [ultranest] [DEBUG] Plateau detected at L=-9.345907e+01, not replacing live point.
22:15:19 [ultranest] [DEBUG] Plateau detected at L=-9.345907e+01, not replacing live point.
22:15:19 [ultranest] [DEBUG] Plateau detected at L=-9.345907e+01, not replacing live point.
22:15:19 [ultranest] [DEBUG] Plateau detected at L=-9.345907e+01, not replacing live point.
22:15:19 [ultranest] [DEBUG] Plateau detected at L=-9.345907e+01, not replacing live point.
22:15:19 [ultranest] [DEBUG] Plateau detected at L=-9.345907e+01, not replacing live point.
22:15:19 [ultranest] [DEBUG] Plateau detected at L=-9.345907e+01, not replacing live point.
22:15:19 [ultranest] [DEBUG] Plateau detected at L=-9.345907e+01, not replacing live point.
22:15:19 [ultranest] [DEBUG] Plateau detected at L=-9.345907e+01, not replacing live point.
22:15:19 [ultranest] [DEBUG] Plateau detected at L=-9.345907e+01, not replacing live point.
22:15:19 [ultranest] [DEBUG] Plateau detected at L=-9.345907e+01, not replacing live point.
22:15:19 [ultranest] [DEBUG] Plateau detected at L=-9.345907e+01, not replacing live point.
22:15:19 [ultranest] [DEBUG] Plateau detected at L=-9.345907e+01, not replacing live point.
22:15:19 [ultranest] [DEBUG] Plateau detected at L=-9.345907e+01, not replacing live point.
22:15:19 [ultranest] [DEBUG] Plateau detected at L=-9.345907e+01, not replacing live point.
22:15:19 [ultranest] [DEBUG] Plateau detected at L=-9.345907e+01, not replacing live point.
22:15:19 [ultranest] [DEBUG] Plateau detected at L=-9.345907e+01, not replacing live point.
22:15:19 [ultranest] [DEBUG] Plateau detected at L=-9.345907e+01, not replacing live point.
22:15:19 [ultranest] [DEBUG] Plateau detected at L=-9.345907e+01, not replacing live point.
22:15:19 [ultranest] [DEBUG] Plateau detected at L=-9.345907e+01, not replacing live point.
22:15:19 [ultranest] [DEBUG] Plateau detected at L=-9.345907e+01, not replacing live point.
22:15:19 [ultranest] [DEBUG] Plateau detected at L=-9.345907e+01, not replacing live point.
22:15:19 [ultranest] [DEBUG] Plateau detected at L=-9.345907e+01, not replacing live point.
22:15:19 [ultranest] [DEBUG] Plateau detected at L=-9.345907e+01, not replacing live point.
22:15:19 [ultranest] [DEBUG] Plateau detected at L=-9.345907e+01, not replacing live point.
22:15:19 [ultranest] [DEBUG] Plateau detected at L=-9.345907e+01, not replacing live point.
22:15:19 [ultranest] [DEBUG] Plateau detected at L=-9.345907e+01, not replacing live point.
22:15:19 [ultranest] [DEBUG] Plateau detected at L=-9.345907e+01, not replacing live point.
22:15:19 [ultranest] [DEBUG] Plateau detected at L=-9.345907e+01, not replacing live point.
22:15:19 [ultranest] [DEBUG] Plateau detected at L=-9.345907e+01, not replacing live point.
22:15:19 [ultranest] [DEBUG] Plateau detected at L=-9.345907e+01, not replacing live point.
22:15:19 [ultranest] [DEBUG] Plateau detected at L=-9.345907e+01, not replacing live point.
22:15:19 [ultranest] [DEBUG] Plateau detected at L=-9.345907e+01, not replacing live point.
22:15:19 [ultranest] [DEBUG] Plateau detected at L=-9.345907e+01, not replacing live point.
22:15:19 [ultranest] [DEBUG] Plateau detected at L=-9.345907e+01, not replacing live point.
22:15:19 [ultranest] [DEBUG] Plateau detected at L=-9.345907e+01, not replacing live point.
22:15:19 [ultranest] [DEBUG] Plateau detected at L=-9.345907e+01, not replacing live point.
22:15:19 [ultranest] [DEBUG] Plateau detected at L=-9.345907e+01, not replacing live point.
22:15:19 [ultranest] [DEBUG] Plateau detected at L=-9.345907e+01, not replacing live point.
22:15:19 [ultranest] [DEBUG] Plateau detected at L=-9.345907e+01, not replacing live point.
22:15:19 [ultranest] [DEBUG] Plateau detected at L=-9.345907e+01, not replacing live point.
22:15:19 [ultranest] [DEBUG] Plateau detected at L=-9.345907e+01, not replacing live point.
22:15:19 [ultranest] [DEBUG] Plateau detected at L=-9.345907e+01, not replacing live point.
22:15:19 [ultranest] [DEBUG] Plateau detected at L=-9.345907e+01, not replacing live point.
22:15:19 [ultranest] [DEBUG] iteration=274, ncalls=6560, regioncalls=0, ndraw=40, logz=-94.24, remainder_fraction=100.0000%, Lmin=-93.46, Lmax=-30.00
22:15:19 [ultranest] [DEBUG] Plateau detected at L=-9.345907e+01, not replacing live point.
22:15:19 [ultranest] [DEBUG] iteration=278, ncalls=6560, regioncalls=0, ndraw=40, logz=-94.22, remainder_fraction=100.0000%, Lmin=-93.46, Lmax=-30.00
22:15:19 [ultranest] [DEBUG] Plateau detected at L=-9.345907e+01, not replacing live point.
22:15:19 [ultranest] [DEBUG] iteration=280, ncalls=6560, regioncalls=0, ndraw=40, logz=-94.21, remainder_fraction=100.0000%, Lmin=-93.46, Lmax=-30.00
22:15:19 [ultranest] [DEBUG] iteration=320, ncalls=6560, regioncalls=0, ndraw=40, logz=-94.07, remainder_fraction=100.0000%, Lmin=-93.46, Lmax=-30.00
22:15:19 [ultranest] [DEBUG] iteration=322, ncalls=6560, regioncalls=0, ndraw=40, logz=-94.06, remainder_fraction=100.0000%, Lmin=-93.46, Lmax=-22.01
22:15:19 [ultranest] [DEBUG] iteration=360, ncalls=6560, regioncalls=0, ndraw=40, logz=-93.96, remainder_fraction=100.0000%, Lmin=-93.46, Lmax=-19.08
22:15:19 [ultranest] [DEBUG] iteration=400, ncalls=6560, regioncalls=0, ndraw=40, logz=-93.88, remainder_fraction=100.0000%, Lmin=-93.46, Lmax=-19.08
22:15:19 [ultranest] [DEBUG] iteration=440, ncalls=6560, regioncalls=0, ndraw=40, logz=-93.82, remainder_fraction=100.0000%, Lmin=-93.44, Lmax=-19.08
22:15:19 [ultranest] [DEBUG] iteration=480, ncalls=6560, regioncalls=0, ndraw=40, logz=-93.78, remainder_fraction=100.0000%, Lmin=-93.31, Lmax=-19.08
22:15:19 [ultranest] [DEBUG] iteration=520, ncalls=6560, regioncalls=0, ndraw=40, logz=-93.72, remainder_fraction=100.0000%, Lmin=-92.65, Lmax=-19.08
22:15:19 [ultranest] [DEBUG] iteration=532, ncalls=6560, regioncalls=0, ndraw=40, logz=-93.70, remainder_fraction=100.0000%, Lmin=-92.43, Lmax=-19.08
22:15:19 [ultranest] [DEBUG] iteration=560, ncalls=6560, regioncalls=0, ndraw=40, logz=-93.62, remainder_fraction=100.0000%, Lmin=-91.29, Lmax=-19.08
22:15:19 [ultranest] [DEBUG] iteration=574, ncalls=6560, regioncalls=0, ndraw=40, logz=-93.54, remainder_fraction=100.0000%, Lmin=-90.76, Lmax=-19.08
22:15:19 [ultranest] [DEBUG] iteration=600, ncalls=6560, regioncalls=0, ndraw=40, logz=-93.14, remainder_fraction=100.0000%, Lmin=-88.77, Lmax=-16.36
22:15:19 [ultranest] [DEBUG] iteration=640, ncalls=6560, regioncalls=0, ndraw=40, logz=-91.18, remainder_fraction=100.0000%, Lmin=-86.09, Lmax=-16.36
22:15:19 [ultranest] [DEBUG] iteration=658, ncalls=6560, regioncalls=0, ndraw=40, logz=-90.06, remainder_fraction=100.0000%, Lmin=-84.38, Lmax=-16.36
22:15:19 [ultranest] [DEBUG] iteration=680, ncalls=6560, regioncalls=0, ndraw=40, logz=-87.85, remainder_fraction=100.0000%, Lmin=-81.79, Lmax=-16.36
22:15:19 [ultranest] [DEBUG] iteration=720, ncalls=6560, regioncalls=0, ndraw=40, logz=-82.89, remainder_fraction=100.0000%, Lmin=-76.10, Lmax=-16.36
22:15:19 [ultranest] [DEBUG] iteration=742, ncalls=6560, regioncalls=0, ndraw=40, logz=-79.98, remainder_fraction=100.0000%, Lmin=-73.25, Lmax=-16.20
22:15:19 [ultranest] [DEBUG] iteration=760, ncalls=6560, regioncalls=0, ndraw=40, logz=-76.87, remainder_fraction=100.0000%, Lmin=-69.79, Lmax=-16.20
22:15:19 [ultranest] [DEBUG] iteration=800, ncalls=6560, regioncalls=0, ndraw=40, logz=-71.97, remainder_fraction=100.0000%, Lmin=-65.16, Lmax=-16.20
22:15:19 [ultranest] [DEBUG] iteration=840, ncalls=6560, regioncalls=0, ndraw=40, logz=-68.09, remainder_fraction=100.0000%, Lmin=-61.49, Lmax=-16.20
22:15:19 [ultranest] [DEBUG] iteration=868, ncalls=6560, regioncalls=0, ndraw=40, logz=-65.69, remainder_fraction=100.0000%, Lmin=-58.83, Lmax=-16.20
22:15:19 [ultranest] [DEBUG] iteration=880, ncalls=6560, regioncalls=0, ndraw=40, logz=-64.50, remainder_fraction=100.0000%, Lmin=-56.81, Lmax=-16.20
22:15:19 [ultranest] [DEBUG] iteration=920, ncalls=6560, regioncalls=0, ndraw=40, logz=-59.14, remainder_fraction=100.0000%, Lmin=-51.27, Lmax=-16.01
22:15:19 [ultranest] [DEBUG] iteration=960, ncalls=6560, regioncalls=0, ndraw=40, logz=-54.83, remainder_fraction=100.0000%, Lmin=-47.41, Lmax=-16.01
22:15:19 [ultranest] [DEBUG] iteration=1000, ncalls=6560, regioncalls=0, ndraw=40, logz=-50.01, remainder_fraction=100.0000%, Lmin=-41.84, Lmax=-16.01
22:15:19 [ultranest] [DEBUG] iteration=1040, ncalls=6560, regioncalls=0, ndraw=40, logz=-45.92, remainder_fraction=100.0000%, Lmin=-38.23, Lmax=-14.34
22:15:19 [ultranest] [DEBUG] iteration=1078, ncalls=6560, regioncalls=0, ndraw=40, logz=-43.29, remainder_fraction=100.0000%, Lmin=-35.47, Lmax=-14.14
22:15:19 [ultranest] [DEBUG] iteration=1080, ncalls=6560, regioncalls=0, ndraw=40, logz=-43.15, remainder_fraction=100.0000%, Lmin=-35.28, Lmax=-14.14
22:15:19 [ultranest] [DEBUG] iteration=1120, ncalls=6560, regioncalls=0, ndraw=40, logz=-40.10, remainder_fraction=100.0000%, Lmin=-31.88, Lmax=-14.14
22:15:19 [ultranest] [DEBUG] iteration=1160, ncalls=6560, regioncalls=0, ndraw=40, logz=-37.60, remainder_fraction=99.9999%, Lmin=-29.63, Lmax=-14.14
22:15:19 [ultranest] [DEBUG] iteration=1162, ncalls=6560, regioncalls=0, ndraw=40, logz=-37.49, remainder_fraction=99.9999%, Lmin=-29.27, Lmax=-14.14
22:15:19 [ultranest] [DEBUG] iteration=1200, ncalls=6560, regioncalls=0, ndraw=40, logz=-35.76, remainder_fraction=99.9995%, Lmin=-27.75, Lmax=-14.14
22:15:19 [ultranest] [DEBUG] iteration=1240, ncalls=6560, regioncalls=0, ndraw=40, logz=-34.21, remainder_fraction=99.9979%, Lmin=-26.14, Lmax=-14.14
22:15:19 [ultranest] [DEBUG] iteration=1280, ncalls=6560, regioncalls=0, ndraw=40, logz=-32.77, remainder_fraction=99.9920%, Lmin=-24.40, Lmax=-14.14
22:15:19 [ultranest] [DEBUG] iteration=1288, ncalls=6560, regioncalls=0, ndraw=40, logz=-32.45, remainder_fraction=99.9890%, Lmin=-23.99, Lmax=-14.14
22:15:19 [ultranest] [DEBUG] iteration=1320, ncalls=6560, regioncalls=0, ndraw=40, logz=-31.28, remainder_fraction=99.9725%, Lmin=-22.81, Lmax=-13.69
22:15:19 [ultranest] [DEBUG] iteration=1360, ncalls=6560, regioncalls=0, ndraw=40, logz=-29.84, remainder_fraction=99.8847%, Lmin=-21.27, Lmax=-13.69
22:15:19 [ultranest] [DEBUG] iteration=1400, ncalls=6560, regioncalls=0, ndraw=40, logz=-28.73, remainder_fraction=99.6202%, Lmin=-20.21, Lmax=-13.69
22:15:19 [ultranest] [DEBUG] iteration=1414, ncalls=6560, regioncalls=0, ndraw=40, logz=-28.40, remainder_fraction=99.4547%, Lmin=-19.83, Lmax=-13.69
22:15:20 [ultranest] [DEBUG] iteration=1440, ncalls=6560, regioncalls=0, ndraw=40, logz=-27.84, remainder_fraction=99.1186%, Lmin=-19.33, Lmax=-13.69
22:15:20 [ultranest] [DEBUG] iteration=1456, ncalls=6560, regioncalls=0, ndraw=40, logz=-27.55, remainder_fraction=98.8845%, Lmin=-19.14, Lmax=-13.69
22:15:20 [ultranest] [DEBUG] iteration=1480, ncalls=6560, regioncalls=0, ndraw=40, logz=-27.19, remainder_fraction=98.4372%, Lmin=-18.71, Lmax=-13.67
22:15:20 [ultranest] [DEBUG] iteration=1498, ncalls=6560, regioncalls=0, ndraw=40, logz=-26.93, remainder_fraction=98.1087%, Lmin=-18.46, Lmax=-13.67
22:15:20 [ultranest] [DEBUG] iteration=1520, ncalls=6560, regioncalls=0, ndraw=40, logz=-26.61, remainder_fraction=97.3713%, Lmin=-18.00, Lmax=-13.67
22:15:20 [ultranest] [DEBUG] iteration=1540, ncalls=6560, regioncalls=0, ndraw=40, logz=-26.33, remainder_fraction=96.5439%, Lmin=-17.60, Lmax=-13.67
22:15:20 [ultranest] [DEBUG] iteration=1560, ncalls=6560, regioncalls=0, ndraw=40, logz=-26.07, remainder_fraction=95.6060%, Lmin=-17.38, Lmax=-13.67
22:15:20 [ultranest] [DEBUG] iteration=1582, ncalls=6560, regioncalls=0, ndraw=40, logz=-25.81, remainder_fraction=94.0227%, Lmin=-17.00, Lmax=-13.67
22:15:20 [ultranest] [DEBUG] iteration=1600, ncalls=6560, regioncalls=0, ndraw=40, logz=-25.60, remainder_fraction=92.5185%, Lmin=-16.81, Lmax=-13.67
22:15:20 [ultranest] [DEBUG] iteration=1624, ncalls=6560, regioncalls=0, ndraw=40, logz=-25.36, remainder_fraction=90.3533%, Lmin=-16.55, Lmax=-13.67
22:15:20 [ultranest] [DEBUG] iteration=1640, ncalls=6560, regioncalls=0, ndraw=40, logz=-25.20, remainder_fraction=89.0469%, Lmin=-16.39, Lmax=-13.62
22:15:20 [ultranest] [DEBUG] iteration=1666, ncalls=6560, regioncalls=0, ndraw=40, logz=-24.98, remainder_fraction=86.1275%, Lmin=-16.11, Lmax=-13.62
22:15:20 [ultranest] [DEBUG] iteration=1680, ncalls=6560, regioncalls=0, ndraw=40, logz=-24.87, remainder_fraction=84.3348%, Lmin=-15.96, Lmax=-13.62
22:15:20 [ultranest] [DEBUG] iteration=1708, ncalls=6560, regioncalls=0, ndraw=40, logz=-24.65, remainder_fraction=80.3609%, Lmin=-15.68, Lmax=-13.61
22:15:20 [ultranest] [DEBUG] iteration=1720, ncalls=6560, regioncalls=0, ndraw=40, logz=-24.57, remainder_fraction=78.6726%, Lmin=-15.58, Lmax=-13.61
22:15:20 [ultranest] [DEBUG] iteration=1750, ncalls=6560, regioncalls=0, ndraw=40, logz=-24.37, remainder_fraction=74.2447%, Lmin=-15.32, Lmax=-13.61
22:15:20 [ultranest] [DEBUG] iteration=1760, ncalls=6560, regioncalls=0, ndraw=40, logz=-24.31, remainder_fraction=72.4958%, Lmin=-15.25, Lmax=-13.61
22:15:20 [ultranest] [DEBUG] iteration=1792, ncalls=6560, regioncalls=0, ndraw=40, logz=-24.13, remainder_fraction=67.6709%, Lmin=-15.02, Lmax=-13.54
22:15:20 [ultranest] [DEBUG] iteration=1800, ncalls=6560, regioncalls=0, ndraw=40, logz=-24.08, remainder_fraction=66.2279%, Lmin=-14.96, Lmax=-13.54
22:15:20 [ultranest] [DEBUG] iteration=1834, ncalls=6560, regioncalls=0, ndraw=40, logz=-23.92, remainder_fraction=60.1723%, Lmin=-14.78, Lmax=-13.52
22:15:20 [ultranest] [DEBUG] iteration=1840, ncalls=6560, regioncalls=0, ndraw=40, logz=-23.90, remainder_fraction=59.1117%, Lmin=-14.74, Lmax=-13.52
22:15:20 [ultranest] [DEBUG] iteration=1880, ncalls=6560, regioncalls=0, ndraw=40, logz=-23.74, remainder_fraction=51.8375%, Lmin=-14.55, Lmax=-13.52
22:15:20 [ultranest] [DEBUG] clustering found some stray points [need_accept=False] (array([1, 2]), array([184,   1]))
22:15:20 [ultranest] [DEBUG] iteration=1920, ncalls=6560, regioncalls=0, ndraw=40, logz=-23.61, remainder_fraction=45.3806%, Lmin=-14.39, Lmax=-13.48
22:15:20 [ultranest] [DEBUG] iteration=1960, ncalls=6560, regioncalls=0, ndraw=40, logz=-23.50, remainder_fraction=39.3904%, Lmin=-14.26, Lmax=-13.47
22:15:20 [ultranest] [DEBUG] iteration=2000, ncalls=6560, regioncalls=0, ndraw=40, logz=-23.41, remainder_fraction=33.6855%, Lmin=-14.13, Lmax=-13.47
22:15:20 [ultranest] [DEBUG] iteration=2002, ncalls=6560, regioncalls=0, ndraw=40, logz=-23.41, remainder_fraction=33.4079%, Lmin=-14.12, Lmax=-13.47
22:15:20 [ultranest] [DEBUG] iteration=2040, ncalls=6560, regioncalls=0, ndraw=40, logz=-23.33, remainder_fraction=28.6057%, Lmin=-14.04, Lmax=-13.47
22:15:20 [ultranest] [DEBUG] iteration=2044, ncalls=6560, regioncalls=0, ndraw=40, logz=-23.33, remainder_fraction=28.1382%, Lmin=-14.03, Lmax=-13.47
22:15:20 [ultranest] [DEBUG] iteration=2080, ncalls=6560, regioncalls=0, ndraw=40, logz=-23.27, remainder_fraction=24.0073%, Lmin=-13.96, Lmax=-13.47
22:15:20 [ultranest] [DEBUG] iteration=2120, ncalls=6560, regioncalls=0, ndraw=40, logz=-23.22, remainder_fraction=20.2385%, Lmin=-13.90, Lmax=-13.47
22:15:20 [ultranest] [DEBUG] iteration=2128, ncalls=6560, regioncalls=0, ndraw=40, logz=-23.21, remainder_fraction=19.5097%, Lmin=-13.88, Lmax=-13.47
22:15:20 [ultranest] [DEBUG] iteration=2160, ncalls=6560, regioncalls=0, ndraw=40, logz=-23.18, remainder_fraction=16.8764%, Lmin=-13.84, Lmax=-13.47
22:15:20 [ultranest] [DEBUG] iteration=2200, ncalls=6560, regioncalls=0, ndraw=40, logz=-23.15, remainder_fraction=14.0121%, Lmin=-13.77, Lmax=-13.47
22:15:20 [ultranest] [DEBUG] iteration=2212, ncalls=6560, regioncalls=0, ndraw=40, logz=-23.14, remainder_fraction=13.2384%, Lmin=-13.75, Lmax=-13.47
22:15:20 [ultranest] [DEBUG] iteration=2240, ncalls=6560, regioncalls=0, ndraw=40, logz=-23.12, remainder_fraction=11.5495%, Lmin=-13.72, Lmax=-13.46
22:15:20 [ultranest] [DEBUG] iteration=2254, ncalls=6560, regioncalls=0, ndraw=40, logz=-23.11, remainder_fraction=10.8245%, Lmin=-13.71, Lmax=-13.46
22:15:20 [ultranest] [DEBUG] iteration=2280, ncalls=6560, regioncalls=0, ndraw=40, logz=-23.10, remainder_fraction=9.5250%, Lmin=-13.68, Lmax=-13.46
22:15:20 [ultranest] [DEBUG] iteration=2296, ncalls=6560, regioncalls=0, ndraw=40, logz=-23.09, remainder_fraction=8.8165%, Lmin=-13.67, Lmax=-13.46
22:15:20 [ultranest] [DEBUG] iteration=2320, ncalls=6560, regioncalls=0, ndraw=40, logz=-23.08, remainder_fraction=7.8357%, Lmin=-13.65, Lmax=-13.46
22:15:20 [ultranest] [DEBUG] iteration=2338, ncalls=6560, regioncalls=0, ndraw=40, logz=-23.07, remainder_fraction=7.1713%, Lmin=-13.64, Lmax=-13.46
22:15:20 [ultranest] [DEBUG] iteration=2360, ncalls=6560, regioncalls=0, ndraw=40, logz=-23.06, remainder_fraction=6.4270%, Lmin=-13.63, Lmax=-13.46
22:15:20 [ultranest] [DEBUG] iteration=2380, ncalls=6560, regioncalls=0, ndraw=40, logz=-23.06, remainder_fraction=5.8109%, Lmin=-13.62, Lmax=-13.45
22:15:20 [ultranest] [DEBUG] iteration=2400, ncalls=6560, regioncalls=0, ndraw=40, logz=-23.05, remainder_fraction=5.2598%, Lmin=-13.60, Lmax=-13.45
22:15:20 [ultranest] [DEBUG] iteration=2422, ncalls=6560, regioncalls=0, ndraw=40, logz=-23.04, remainder_fraction=4.7010%, Lmin=-13.59, Lmax=-13.45
22:15:20 [ultranest] [DEBUG] iteration=2440, ncalls=6560, regioncalls=0, ndraw=40, logz=-23.04, remainder_fraction=4.2832%, Lmin=-13.58, Lmax=-13.45
22:15:20 [ultranest] [DEBUG] iteration=2464, ncalls=6560, regioncalls=0, ndraw=40, logz=-23.04, remainder_fraction=3.7853%, Lmin=-13.57, Lmax=-13.45
22:15:20 [ultranest] [DEBUG] iteration=2480, ncalls=6560, regioncalls=0, ndraw=40, logz=-23.03, remainder_fraction=3.4880%, Lmin=-13.56, Lmax=-13.45
22:15:20 [ultranest] [INFO] Explored until L=-1e+01  
22:15:20 [ultranest] [INFO] Likelihood function evaluations: 6560
22:15:21 [ultranest] [INFO] Writing samples and results to disk ...
22:15:21 [ultranest] [INFO] Writing samples and results to disk ... done
22:15:21 [ultranest] [DEBUG] did a run_iter pass!
22:15:21 [ultranest] [INFO]   logZ = -23.02 +- 0.1594
22:15:21 [ultranest] [INFO] Effective samples strategy satisfied (ESS = 845.3, need >400)
22:15:21 [ultranest] [INFO] Posterior uncertainty strategy is satisfied (KL: 0.45+-0.08 nat, need <0.50 nat)
22:15:21 [ultranest] [INFO] Evidency uncertainty strategy is satisfied (dlogz=0.16, need <0.5)
22:15:21 [ultranest] [INFO]   logZ error budget: single: 0.21 bs:0.16 tail:0.03 total:0.16 required:<0.50
22:15:21 [ultranest] [INFO] done iterating.
22:15:21 [ultranest] [DEBUG] Making corner plot ...
22:15:22 [ultranest] [DEBUG] Making corner plot ... done
22:15:22 [ultranest] [DEBUG] Making run plot ... 
22:15:23 [ultranest] [DEBUG] Making run plot ... done
22:15:23 [ultranest] [DEBUG] Making trace plot ... 
22:15:24 [ultranest] [DEBUG] Making trace plot ... done
