09:33:12 [ultranest] [DEBUG] ReactiveNestedSampler: dims=3+0, resume=True, log_dir=/home/orion51/Desktop/Research/spectral_fitting/FGL_spectral_fitting/Individual_sources/2CXOJ085903.6-473040/mekal_out_, backend=hdf5, vectorized=False, nbootstraps=30, ndraw=128..65536
09:33:12 [ultranest] [INFO] Sampling 400 live points from prior ...
09:33:13 [ultranest] [DEBUG] run_iter dlogz=0.5, dKL=0.5, frac_remain=0.01, Lepsilon=0.1000, min_ess=400
09:33:13 [ultranest] [DEBUG] max_iters=-1, max_ncalls=-1, max_num_improvement_loops=-1, min_num_live_points=400, cluster_num_live_points=40
09:33:13 [ultranest] [DEBUG] minimal_widths_sequence: [(-inf, 400.0), (inf, 400.0)]
09:33:13 [ultranest] [DEBUG] iteration=0, ncalls=401, regioncalls=40, ndraw=40, logz=-inf, remainder_fraction=100.0000%, Lmin=-1581624748.86, Lmax=-107.50
09:33:13 [ultranest] [DEBUG] iteration=17, ncalls=420, regioncalls=800, ndraw=40, logz=-121281242.29, remainder_fraction=100.0000%, Lmin=-111489731.07, Lmax=-107.50
09:33:13 [ultranest] [DEBUG] iteration=40, ncalls=444, regioncalls=1760, ndraw=40, logz=-23120267.91, remainder_fraction=100.0000%, Lmin=-22428036.55, Lmax=-107.50
09:33:13 [ultranest] [DEBUG] iteration=61, ncalls=467, regioncalls=2680, ndraw=40, logz=-3680538.77, remainder_fraction=100.0000%, Lmin=-3654974.13, Lmax=-107.50
09:33:14 [ultranest] [DEBUG] iteration=80, ncalls=488, regioncalls=3520, ndraw=40, logz=-630438.49, remainder_fraction=100.0000%, Lmin=-583149.39, Lmax=-107.50
09:33:14 [ultranest] [DEBUG] iteration=98, ncalls=511, regioncalls=4440, ndraw=40, logz=-142268.18, remainder_fraction=100.0000%, Lmin=-113009.62, Lmax=-107.50
09:33:14 [ultranest] [DEBUG] iteration=118, ncalls=537, regioncalls=5480, ndraw=40, logz=-43121.80, remainder_fraction=100.0000%, Lmin=-41797.59, Lmax=-107.50
09:33:14 [ultranest] [DEBUG] iteration=120, ncalls=539, regioncalls=5560, ndraw=40, logz=-39835.81, remainder_fraction=100.0000%, Lmin=-37860.87, Lmax=-107.50
09:33:14 [ultranest] [DEBUG] iteration=140, ncalls=564, regioncalls=6560, ndraw=40, logz=-11746.92, remainder_fraction=100.0000%, Lmin=-10936.82, Lmax=-107.50
09:33:14 [ultranest] [DEBUG] iteration=159, ncalls=588, regioncalls=7520, ndraw=40, logz=-4427.50, remainder_fraction=100.0000%, Lmin=-4312.18, Lmax=-107.50
09:33:14 [ultranest] [DEBUG] iteration=160, ncalls=589, regioncalls=7560, ndraw=40, logz=-4318.57, remainder_fraction=100.0000%, Lmin=-4113.69, Lmax=-107.50
09:33:14 [ultranest] [DEBUG] iteration=177, ncalls=617, regioncalls=8680, ndraw=40, logz=-1753.23, remainder_fraction=100.0000%, Lmin=-1630.72, Lmax=-107.50
09:33:14 [ultranest] [DEBUG] iteration=197, ncalls=641, regioncalls=9640, ndraw=40, logz=-1181.74, remainder_fraction=100.0000%, Lmin=-1174.53, Lmax=-107.50
09:33:14 [ultranest] [DEBUG] iteration=200, ncalls=644, regioncalls=9760, ndraw=40, logz=-1160.82, remainder_fraction=100.0000%, Lmin=-1141.28, Lmax=-107.50
09:33:14 [ultranest] [DEBUG] Plateau detected at L=-1.070274e+03, not replacing live point.
09:33:14 [ultranest] [DEBUG] Plateau detected at L=-1.070274e+03, not replacing live point.
09:33:14 [ultranest] [DEBUG] Plateau detected at L=-1.070274e+03, not replacing live point.
09:33:14 [ultranest] [DEBUG] Plateau detected at L=-1.070274e+03, not replacing live point.
09:33:14 [ultranest] [DEBUG] Plateau detected at L=-1.070274e+03, not replacing live point.
09:33:14 [ultranest] [DEBUG] Plateau detected at L=-1.070274e+03, not replacing live point.
09:33:14 [ultranest] [DEBUG] Plateau detected at L=-1.070274e+03, not replacing live point.
09:33:14 [ultranest] [DEBUG] Plateau detected at L=-1.070274e+03, not replacing live point.
09:33:14 [ultranest] [DEBUG] Plateau detected at L=-1.070274e+03, not replacing live point.
09:33:14 [ultranest] [DEBUG] Plateau detected at L=-1.070274e+03, not replacing live point.
09:33:14 [ultranest] [DEBUG] Plateau detected at L=-1.070274e+03, not replacing live point.
09:33:14 [ultranest] [DEBUG] Plateau detected at L=-1.070274e+03, not replacing live point.
09:33:14 [ultranest] [DEBUG] Plateau detected at L=-1.070274e+03, not replacing live point.
09:33:14 [ultranest] [DEBUG] Plateau detected at L=-1.070274e+03, not replacing live point.
09:33:14 [ultranest] [DEBUG] Plateau detected at L=-1.070274e+03, not replacing live point.
09:33:14 [ultranest] [DEBUG] Plateau detected at L=-1.070274e+03, not replacing live point.
09:33:14 [ultranest] [DEBUG] Plateau detected at L=-1.070274e+03, not replacing live point.
09:33:14 [ultranest] [DEBUG] Plateau detected at L=-1.070274e+03, not replacing live point.
09:33:14 [ultranest] [DEBUG] Plateau detected at L=-1.070274e+03, not replacing live point.
09:33:14 [ultranest] [DEBUG] Plateau detected at L=-1.070274e+03, not replacing live point.
09:33:14 [ultranest] [DEBUG] Plateau detected at L=-1.070274e+03, not replacing live point.
09:33:14 [ultranest] [DEBUG] Plateau detected at L=-1.070274e+03, not replacing live point.
09:33:14 [ultranest] [DEBUG] Plateau detected at L=-1.070274e+03, not replacing live point.
09:33:14 [ultranest] [DEBUG] Plateau detected at L=-1.070274e+03, not replacing live point.
09:33:14 [ultranest] [DEBUG] Plateau detected at L=-1.070274e+03, not replacing live point.
09:33:14 [ultranest] [DEBUG] Plateau detected at L=-1.070274e+03, not replacing live point.
09:33:14 [ultranest] [DEBUG] Plateau detected at L=-1.070274e+03, not replacing live point.
09:33:14 [ultranest] [DEBUG] Plateau detected at L=-1.070274e+03, not replacing live point.
09:33:14 [ultranest] [DEBUG] Plateau detected at L=-1.070274e+03, not replacing live point.
09:33:14 [ultranest] [DEBUG] Plateau detected at L=-1.070274e+03, not replacing live point.
09:33:14 [ultranest] [DEBUG] Plateau detected at L=-1.070274e+03, not replacing live point.
09:33:14 [ultranest] [DEBUG] Plateau detected at L=-1.070274e+03, not replacing live point.
09:33:14 [ultranest] [DEBUG] Plateau detected at L=-1.070274e+03, not replacing live point.
09:33:14 [ultranest] [DEBUG] Plateau detected at L=-1.070274e+03, not replacing live point.
09:33:14 [ultranest] [DEBUG] Plateau detected at L=-1.070274e+03, not replacing live point.
09:33:14 [ultranest] [DEBUG] Plateau detected at L=-1.070274e+03, not replacing live point.
09:33:14 [ultranest] [DEBUG] Plateau detected at L=-1.070274e+03, not replacing live point.
09:33:14 [ultranest] [DEBUG] Plateau detected at L=-1.070274e+03, not replacing live point.
09:33:14 [ultranest] [DEBUG] Plateau detected at L=-1.070274e+03, not replacing live point.
09:33:14 [ultranest] [DEBUG] Plateau detected at L=-1.070274e+03, not replacing live point.
09:33:14 [ultranest] [DEBUG] Plateau detected at L=-1.070274e+03, not replacing live point.
09:33:14 [ultranest] [DEBUG] Plateau detected at L=-1.070274e+03, not replacing live point.
09:33:14 [ultranest] [DEBUG] Plateau detected at L=-1.070274e+03, not replacing live point.
09:33:14 [ultranest] [DEBUG] Plateau detected at L=-1.070274e+03, not replacing live point.
09:33:14 [ultranest] [DEBUG] Plateau detected at L=-1.070274e+03, not replacing live point.
09:33:14 [ultranest] [DEBUG] Plateau detected at L=-1.070274e+03, not replacing live point.
09:33:14 [ultranest] [DEBUG] Plateau detected at L=-1.070274e+03, not replacing live point.
09:33:14 [ultranest] [DEBUG] Plateau detected at L=-1.070274e+03, not replacing live point.
09:33:14 [ultranest] [DEBUG] Plateau detected at L=-1.070274e+03, not replacing live point.
09:33:14 [ultranest] [DEBUG] Plateau detected at L=-1.070274e+03, not replacing live point.
09:33:14 [ultranest] [DEBUG] Plateau detected at L=-1.070274e+03, not replacing live point.
09:33:14 [ultranest] [DEBUG] Plateau detected at L=-1.070274e+03, not replacing live point.
09:33:14 [ultranest] [DEBUG] Plateau detected at L=-1.070274e+03, not replacing live point.
09:33:14 [ultranest] [DEBUG] iteration=258, ncalls=650, regioncalls=10000, ndraw=40, logz=-1072.81, remainder_fraction=100.0000%, Lmin=-1070.27, Lmax=-107.50
09:33:14 [ultranest] [DEBUG] Plateau detected at L=-1.070274e+03, not replacing live point.
09:33:14 [ultranest] [DEBUG] iteration=260, ncalls=652, regioncalls=10080, ndraw=40, logz=-1072.77, remainder_fraction=100.0000%, Lmin=-1070.27, Lmax=-107.50
09:33:14 [ultranest] [DEBUG] Plateau detected at L=-1.070274e+03, not replacing live point.
09:33:14 [ultranest] [DEBUG] iteration=264, ncalls=656, regioncalls=10240, ndraw=40, logz=-1072.70, remainder_fraction=100.0000%, Lmin=-1070.27, Lmax=-107.50
09:33:14 [ultranest] [DEBUG] iteration=279, ncalls=683, regioncalls=11320, ndraw=40, logz=-1072.48, remainder_fraction=100.0000%, Lmin=-1070.27, Lmax=-107.50
09:33:14 [ultranest] [DEBUG] iteration=280, ncalls=684, regioncalls=11360, ndraw=40, logz=-1072.47, remainder_fraction=100.0000%, Lmin=-1070.27, Lmax=-107.50
09:33:15 [ultranest] [DEBUG] iteration=297, ncalls=710, regioncalls=12400, ndraw=40, logz=-1072.28, remainder_fraction=100.0000%, Lmin=-1070.27, Lmax=-107.50
09:33:15 [ultranest] [DEBUG] iteration=313, ncalls=736, regioncalls=13440, ndraw=40, logz=-1072.13, remainder_fraction=100.0000%, Lmin=-1070.27, Lmax=-107.50
09:33:15 [ultranest] [DEBUG] iteration=320, ncalls=748, regioncalls=13920, ndraw=40, logz=-1072.08, remainder_fraction=100.0000%, Lmin=-1070.27, Lmax=-107.50
09:33:15 [ultranest] [DEBUG] iteration=336, ncalls=772, regioncalls=14880, ndraw=40, logz=-1071.96, remainder_fraction=100.0000%, Lmin=-1070.27, Lmax=-107.50
09:33:15 [ultranest] [DEBUG] iteration=350, ncalls=795, regioncalls=15800, ndraw=40, logz=-1071.88, remainder_fraction=100.0000%, Lmin=-1070.27, Lmax=-107.50
09:33:15 [ultranest] [DEBUG] iteration=360, ncalls=823, regioncalls=16920, ndraw=40, logz=-1071.82, remainder_fraction=100.0000%, Lmin=-1070.26, Lmax=-107.50
09:33:15 [ultranest] [DEBUG] iteration=376, ncalls=849, regioncalls=17960, ndraw=40, logz=-1071.74, remainder_fraction=100.0000%, Lmin=-1070.23, Lmax=-107.50
09:33:15 [ultranest] [DEBUG] iteration=393, ncalls=875, regioncalls=19000, ndraw=40, logz=-1071.66, remainder_fraction=100.0000%, Lmin=-1070.16, Lmax=-107.50
09:33:15 [ultranest] [DEBUG] iteration=400, ncalls=885, regioncalls=19400, ndraw=40, logz=-1071.63, remainder_fraction=100.0000%, Lmin=-1070.08, Lmax=-107.50
09:33:15 [ultranest] [DEBUG] iteration=412, ncalls=913, regioncalls=20520, ndraw=40, logz=-1071.57, remainder_fraction=100.0000%, Lmin=-1069.89, Lmax=-107.50
09:33:15 [ultranest] [DEBUG] iteration=427, ncalls=939, regioncalls=21560, ndraw=40, logz=-1071.49, remainder_fraction=100.0000%, Lmin=-1069.69, Lmax=-107.50
09:33:16 [ultranest] [DEBUG] iteration=440, ncalls=963, regioncalls=22520, ndraw=40, logz=-1071.41, remainder_fraction=100.0000%, Lmin=-1069.16, Lmax=-107.50
09:33:16 [ultranest] [DEBUG] iteration=450, ncalls=993, regioncalls=23720, ndraw=40, logz=-1071.32, remainder_fraction=100.0000%, Lmin=-1068.86, Lmax=-107.50
09:33:16 [ultranest] [DEBUG] iteration=463, ncalls=1020, regioncalls=24800, ndraw=40, logz=-1071.15, remainder_fraction=100.0000%, Lmin=-1068.18, Lmax=-107.50
09:33:16 [ultranest] [DEBUG] iteration=476, ncalls=1051, regioncalls=26040, ndraw=40, logz=-1070.93, remainder_fraction=100.0000%, Lmin=-1067.68, Lmax=-107.50
09:33:16 [ultranest] [DEBUG] iteration=480, ncalls=1059, regioncalls=26360, ndraw=40, logz=-1070.85, remainder_fraction=100.0000%, Lmin=-1067.57, Lmax=-107.50
09:33:16 [ultranest] [DEBUG] iteration=498, ncalls=1084, regioncalls=27360, ndraw=40, logz=-1070.37, remainder_fraction=100.0000%, Lmin=-1066.56, Lmax=-107.50
09:33:16 [ultranest] [DEBUG] iteration=513, ncalls=1124, regioncalls=28960, ndraw=40, logz=-1069.77, remainder_fraction=100.0000%, Lmin=-1065.60, Lmax=-107.50
09:33:16 [ultranest] [DEBUG] iteration=520, ncalls=1133, regioncalls=29320, ndraw=40, logz=-1069.42, remainder_fraction=100.0000%, Lmin=-1065.22, Lmax=-107.50
09:33:16 [ultranest] [DEBUG] iteration=533, ncalls=1167, regioncalls=30680, ndraw=40, logz=-1068.66, remainder_fraction=100.0000%, Lmin=-1063.92, Lmax=-107.50
09:33:16 [ultranest] [DEBUG] iteration=543, ncalls=1200, regioncalls=32000, ndraw=40, logz=-1067.95, remainder_fraction=100.0000%, Lmin=-1063.15, Lmax=-107.50
09:33:16 [ultranest] [DEBUG] iteration=560, ncalls=1231, regioncalls=33240, ndraw=40, logz=-1066.53, remainder_fraction=100.0000%, Lmin=-1061.54, Lmax=-107.50
09:33:17 [ultranest] [DEBUG] iteration=572, ncalls=1262, regioncalls=34480, ndraw=40, logz=-1065.16, remainder_fraction=100.0000%, Lmin=-1059.78, Lmax=-107.50
09:33:17 [ultranest] [DEBUG] iteration=582, ncalls=1293, regioncalls=35720, ndraw=40, logz=-1063.84, remainder_fraction=100.0000%, Lmin=-1058.06, Lmax=-107.50
09:33:17 [ultranest] [DEBUG] iteration=593, ncalls=1327, regioncalls=37080, ndraw=40, logz=-1061.62, remainder_fraction=100.0000%, Lmin=-1055.67, Lmax=-107.50
09:33:17 [ultranest] [DEBUG] iteration=599, ncalls=1365, regioncalls=38600, ndraw=40, logz=-1060.56, remainder_fraction=100.0000%, Lmin=-1055.06, Lmax=-107.50
09:33:17 [ultranest] [DEBUG] iteration=600, ncalls=1373, regioncalls=38920, ndraw=40, logz=-1060.43, remainder_fraction=100.0000%, Lmin=-1054.84, Lmax=-107.50
09:33:17 [ultranest] [DEBUG] iteration=610, ncalls=1410, regioncalls=40400, ndraw=40, logz=-1058.10, remainder_fraction=100.0000%, Lmin=-1051.46, Lmax=-107.50
09:33:17 [ultranest] [DEBUG] iteration=620, ncalls=1443, regioncalls=41720, ndraw=40, logz=-1055.08, remainder_fraction=100.0000%, Lmin=-1049.01, Lmax=-107.50
09:33:17 [ultranest] [DEBUG] iteration=627, ncalls=1477, regioncalls=43080, ndraw=40, logz=-1053.37, remainder_fraction=100.0000%, Lmin=-1045.36, Lmax=-107.50
09:33:17 [ultranest] [DEBUG] iteration=637, ncalls=1512, regioncalls=44480, ndraw=40, logz=-1049.13, remainder_fraction=100.0000%, Lmin=-1042.29, Lmax=-107.50
09:33:17 [ultranest] [DEBUG] iteration=640, ncalls=1517, regioncalls=44680, ndraw=40, logz=-1047.78, remainder_fraction=100.0000%, Lmin=-1040.80, Lmax=-107.50
09:33:17 [ultranest] [DEBUG] iteration=644, ncalls=1556, regioncalls=46240, ndraw=40, logz=-1046.31, remainder_fraction=100.0000%, Lmin=-1039.03, Lmax=-107.50
09:33:18 [ultranest] [DEBUG] clustering found some stray points [need_accept=False] (array([1, 2]), array([344,   1]))
09:33:18 [ultranest] [DEBUG] iteration=654, ncalls=1589, regioncalls=47560, ndraw=40, logz=-1042.92, remainder_fraction=100.0000%, Lmin=-1036.36, Lmax=-107.50
09:33:18 [ultranest] [DEBUG] iteration=660, ncalls=1626, regioncalls=49040, ndraw=40, logz=-1041.68, remainder_fraction=100.0000%, Lmin=-1035.24, Lmax=-107.50
09:33:18 [ultranest] [DEBUG] iteration=669, ncalls=1660, regioncalls=50400, ndraw=40, logz=-1038.67, remainder_fraction=100.0000%, Lmin=-1031.62, Lmax=-107.50
09:33:18 [ultranest] [DEBUG] iteration=676, ncalls=1695, regioncalls=51800, ndraw=40, logz=-1036.34, remainder_fraction=100.0000%, Lmin=-1029.87, Lmax=-107.50
09:33:18 [ultranest] [DEBUG] iteration=680, ncalls=1708, regioncalls=52320, ndraw=40, logz=-1035.22, remainder_fraction=100.0000%, Lmin=-1028.72, Lmax=-107.50
09:33:18 [ultranest] [DEBUG] iteration=691, ncalls=1741, regioncalls=53640, ndraw=40, logz=-1029.80, remainder_fraction=100.0000%, Lmin=-1023.37, Lmax=-107.50
09:33:18 [ultranest] [DEBUG] iteration=703, ncalls=1774, regioncalls=54960, ndraw=40, logz=-1025.84, remainder_fraction=100.0000%, Lmin=-1018.15, Lmax=-107.50
09:33:18 [ultranest] [DEBUG] iteration=712, ncalls=1808, regioncalls=56320, ndraw=40, logz=-1020.42, remainder_fraction=100.0000%, Lmin=-1013.31, Lmax=-107.50
09:33:18 [ultranest] [DEBUG] iteration=717, ncalls=1848, regioncalls=57920, ndraw=40, logz=-1018.78, remainder_fraction=100.0000%, Lmin=-1012.36, Lmax=-107.50
09:33:18 [ultranest] [DEBUG] iteration=720, ncalls=1864, regioncalls=58560, ndraw=40, logz=-1018.07, remainder_fraction=100.0000%, Lmin=-1011.58, Lmax=-92.95
09:33:19 [ultranest] [DEBUG] iteration=726, ncalls=1883, regioncalls=59320, ndraw=40, logz=-1015.67, remainder_fraction=100.0000%, Lmin=-1008.89, Lmax=-92.95
09:33:19 [ultranest] [DEBUG] iteration=737, ncalls=1915, regioncalls=60600, ndraw=40, logz=-1011.59, remainder_fraction=100.0000%, Lmin=-1004.67, Lmax=-92.95
09:33:19 [ultranest] [DEBUG] iteration=749, ncalls=1949, regioncalls=61960, ndraw=40, logz=-1003.86, remainder_fraction=100.0000%, Lmin=-995.61, Lmax=-92.95
09:33:19 [ultranest] [DEBUG] iteration=760, ncalls=1982, regioncalls=63280, ndraw=40, logz=-998.76, remainder_fraction=100.0000%, Lmin=-990.74, Lmax=-92.95
09:33:19 [ultranest] [DEBUG] iteration=774, ncalls=2014, regioncalls=64560, ndraw=40, logz=-986.86, remainder_fraction=100.0000%, Lmin=-977.00, Lmax=-63.87
09:33:19 [ultranest] [DEBUG] iteration=786, ncalls=2046, regioncalls=65840, ndraw=40, logz=-977.10, remainder_fraction=100.0000%, Lmin=-968.45, Lmax=-63.87
09:33:19 [ultranest] [DEBUG] iteration=795, ncalls=2078, regioncalls=67120, ndraw=40, logz=-970.03, remainder_fraction=100.0000%, Lmin=-962.09, Lmax=-63.87
09:33:19 [ultranest] [DEBUG] iteration=800, ncalls=2099, regioncalls=67960, ndraw=40, logz=-967.59, remainder_fraction=100.0000%, Lmin=-960.77, Lmax=-63.87
09:33:19 [ultranest] [DEBUG] iteration=803, ncalls=2109, regioncalls=68360, ndraw=40, logz=-966.39, remainder_fraction=100.0000%, Lmin=-955.29, Lmax=-63.87
09:33:19 [ultranest] [DEBUG] iteration=813, ncalls=2143, regioncalls=69720, ndraw=40, logz=-955.76, remainder_fraction=100.0000%, Lmin=-945.63, Lmax=-63.87
09:33:19 [ultranest] [DEBUG] iteration=824, ncalls=2176, regioncalls=71040, ndraw=40, logz=-941.34, remainder_fraction=100.0000%, Lmin=-932.53, Lmax=-63.87
09:33:20 [ultranest] [DEBUG] iteration=840, ncalls=2202, regioncalls=72080, ndraw=40, logz=-922.14, remainder_fraction=100.0000%, Lmin=-914.85, Lmax=-63.87
09:33:20 [ultranest] [DEBUG] iteration=850, ncalls=2233, regioncalls=73320, ndraw=40, logz=-910.17, remainder_fraction=100.0000%, Lmin=-902.28, Lmax=-63.87
09:33:20 [ultranest] [DEBUG] iteration=861, ncalls=2265, regioncalls=74600, ndraw=40, logz=-896.71, remainder_fraction=100.0000%, Lmin=-887.25, Lmax=-63.87
09:33:20 [ultranest] [DEBUG] iteration=869, ncalls=2299, regioncalls=75960, ndraw=40, logz=-885.52, remainder_fraction=100.0000%, Lmin=-872.72, Lmax=-63.87
09:33:20 [ultranest] [DEBUG] iteration=878, ncalls=2333, regioncalls=77320, ndraw=40, logz=-876.42, remainder_fraction=100.0000%, Lmin=-867.27, Lmax=-63.87
09:33:20 [ultranest] [DEBUG] iteration=880, ncalls=2345, regioncalls=77800, ndraw=40, logz=-872.57, remainder_fraction=100.0000%, Lmin=-861.46, Lmax=-63.87
09:33:20 [ultranest] [DEBUG] iteration=888, ncalls=2378, regioncalls=79120, ndraw=40, logz=-863.26, remainder_fraction=100.0000%, Lmin=-854.63, Lmax=-63.87
09:33:20 [ultranest] [DEBUG] iteration=899, ncalls=2410, regioncalls=80400, ndraw=40, logz=-848.15, remainder_fraction=100.0000%, Lmin=-836.41, Lmax=-63.87
09:33:20 [ultranest] [DEBUG] iteration=908, ncalls=2442, regioncalls=81680, ndraw=40, logz=-832.89, remainder_fraction=100.0000%, Lmin=-822.94, Lmax=-63.87
09:33:20 [ultranest] [DEBUG] iteration=916, ncalls=2480, regioncalls=83200, ndraw=40, logz=-820.70, remainder_fraction=100.0000%, Lmin=-812.72, Lmax=-63.87
09:33:21 [ultranest] [DEBUG] iteration=920, ncalls=2495, regioncalls=83800, ndraw=40, logz=-818.99, remainder_fraction=100.0000%, Lmin=-809.42, Lmax=-63.87
09:33:21 [ultranest] [DEBUG] iteration=926, ncalls=2531, regioncalls=85240, ndraw=40, logz=-814.70, remainder_fraction=100.0000%, Lmin=-806.74, Lmax=-63.87
09:33:21 [ultranest] [DEBUG] iteration=934, ncalls=2566, regioncalls=86640, ndraw=40, logz=-808.35, remainder_fraction=100.0000%, Lmin=-800.73, Lmax=-63.87
09:33:21 [ultranest] [DEBUG] iteration=944, ncalls=2602, regioncalls=88080, ndraw=40, logz=-793.76, remainder_fraction=100.0000%, Lmin=-784.80, Lmax=-63.87
09:33:21 [ultranest] [DEBUG] iteration=955, ncalls=2645, regioncalls=89800, ndraw=40, logz=-783.34, remainder_fraction=100.0000%, Lmin=-775.41, Lmax=-63.87
09:33:21 [ultranest] [DEBUG] iteration=957, ncalls=2651, regioncalls=90040, ndraw=40, logz=-782.24, remainder_fraction=100.0000%, Lmin=-774.40, Lmax=-63.87
09:33:21 [ultranest] [DEBUG] iteration=960, ncalls=2658, regioncalls=90320, ndraw=40, logz=-780.54, remainder_fraction=100.0000%, Lmin=-771.58, Lmax=-63.87
09:33:21 [ultranest] [DEBUG] iteration=969, ncalls=2687, regioncalls=91480, ndraw=40, logz=-770.80, remainder_fraction=100.0000%, Lmin=-763.04, Lmax=-63.87
09:33:21 [ultranest] [DEBUG] iteration=980, ncalls=2729, regioncalls=93160, ndraw=40, logz=-758.96, remainder_fraction=100.0000%, Lmin=-750.72, Lmax=-63.87
09:33:21 [ultranest] [DEBUG] iteration=990, ncalls=2768, regioncalls=94720, ndraw=40, logz=-745.19, remainder_fraction=100.0000%, Lmin=-733.76, Lmax=-63.87
09:33:21 [ultranest] [DEBUG] iteration=1000, ncalls=2810, regioncalls=96400, ndraw=40, logz=-733.21, remainder_fraction=100.0000%, Lmin=-723.12, Lmax=-63.87
09:33:22 [ultranest] [DEBUG] iteration=1009, ncalls=2843, regioncalls=97720, ndraw=40, logz=-724.71, remainder_fraction=100.0000%, Lmin=-715.02, Lmax=-63.87
09:33:22 [ultranest] [DEBUG] iteration=1019, ncalls=2876, regioncalls=99040, ndraw=40, logz=-711.46, remainder_fraction=100.0000%, Lmin=-698.20, Lmax=-63.87
09:33:22 [ultranest] [DEBUG] iteration=1024, ncalls=2912, regioncalls=100480, ndraw=40, logz=-702.84, remainder_fraction=100.0000%, Lmin=-693.24, Lmax=-63.87
09:33:22 [ultranest] [DEBUG] iteration=1032, ncalls=2952, regioncalls=102080, ndraw=40, logz=-693.61, remainder_fraction=100.0000%, Lmin=-684.65, Lmax=-63.87
09:33:22 [ultranest] [DEBUG] iteration=1039, ncalls=2979, regioncalls=103160, ndraw=40, logz=-687.78, remainder_fraction=100.0000%, Lmin=-678.72, Lmax=-63.87
09:33:22 [ultranest] [DEBUG] iteration=1040, ncalls=2981, regioncalls=103240, ndraw=40, logz=-686.93, remainder_fraction=100.0000%, Lmin=-677.30, Lmax=-63.87
09:33:22 [ultranest] [DEBUG] iteration=1047, ncalls=3013, regioncalls=104520, ndraw=40, logz=-680.68, remainder_fraction=100.0000%, Lmin=-671.66, Lmax=-63.87
09:33:22 [ultranest] [DEBUG] iteration=1054, ncalls=3050, regioncalls=106000, ndraw=40, logz=-671.70, remainder_fraction=100.0000%, Lmin=-662.31, Lmax=-63.87
09:33:22 [ultranest] [DEBUG] iteration=1062, ncalls=3093, regioncalls=107720, ndraw=40, logz=-666.83, remainder_fraction=100.0000%, Lmin=-657.73, Lmax=-63.87
09:33:22 [ultranest] [DEBUG] iteration=1069, ncalls=3127, regioncalls=109080, ndraw=40, logz=-661.85, remainder_fraction=100.0000%, Lmin=-653.41, Lmax=-61.73
09:33:23 [ultranest] [DEBUG] iteration=1080, ncalls=3161, regioncalls=110440, ndraw=40, logz=-653.81, remainder_fraction=100.0000%, Lmin=-639.42, Lmax=-61.73
09:33:23 [ultranest] [DEBUG] iteration=1090, ncalls=3196, regioncalls=111840, ndraw=40, logz=-638.43, remainder_fraction=100.0000%, Lmin=-629.16, Lmax=-61.73
09:33:23 [ultranest] [DEBUG] iteration=1096, ncalls=3232, regioncalls=113280, ndraw=40, logz=-629.07, remainder_fraction=100.0000%, Lmin=-619.63, Lmax=-61.04
09:33:23 [ultranest] [DEBUG] iteration=1106, ncalls=3271, regioncalls=114840, ndraw=40, logz=-619.76, remainder_fraction=100.0000%, Lmin=-608.68, Lmax=-61.04
09:33:23 [ultranest] [DEBUG] iteration=1112, ncalls=3309, regioncalls=116360, ndraw=40, logz=-610.65, remainder_fraction=100.0000%, Lmin=-600.97, Lmax=-61.04
09:33:23 [ultranest] [DEBUG] iteration=1118, ncalls=3341, regioncalls=117640, ndraw=40, logz=-606.34, remainder_fraction=100.0000%, Lmin=-597.62, Lmax=-61.04
09:33:23 [ultranest] [DEBUG] iteration=1120, ncalls=3359, regioncalls=118360, ndraw=40, logz=-604.34, remainder_fraction=100.0000%, Lmin=-593.97, Lmax=-61.04
09:33:23 [ultranest] [DEBUG] iteration=1131, ncalls=3390, regioncalls=119600, ndraw=40, logz=-591.50, remainder_fraction=100.0000%, Lmin=-583.11, Lmax=-56.72
09:33:23 [ultranest] [DEBUG] iteration=1137, ncalls=3428, regioncalls=121120, ndraw=40, logz=-586.69, remainder_fraction=100.0000%, Lmin=-577.21, Lmax=-56.72
09:33:24 [ultranest] [DEBUG] iteration=1144, ncalls=3465, regioncalls=122600, ndraw=40, logz=-581.84, remainder_fraction=100.0000%, Lmin=-571.19, Lmax=-50.58
09:33:24 [ultranest] [DEBUG] iteration=1150, ncalls=3521, regioncalls=124840, ndraw=40, logz=-576.21, remainder_fraction=100.0000%, Lmin=-565.34, Lmax=-50.58
09:33:24 [ultranest] [DEBUG] iteration=1160, ncalls=3556, regioncalls=126240, ndraw=40, logz=-569.13, remainder_fraction=100.0000%, Lmin=-559.38, Lmax=-50.58
09:33:24 [ultranest] [DEBUG] iteration=1166, ncalls=3590, regioncalls=127600, ndraw=40, logz=-563.72, remainder_fraction=100.0000%, Lmin=-552.31, Lmax=-50.58
09:33:24 [ultranest] [DEBUG] iteration=1176, ncalls=3624, regioncalls=128960, ndraw=40, logz=-555.61, remainder_fraction=100.0000%, Lmin=-546.90, Lmax=-50.58
09:33:24 [ultranest] [DEBUG] iteration=1185, ncalls=3670, regioncalls=130800, ndraw=40, logz=-547.18, remainder_fraction=100.0000%, Lmin=-537.86, Lmax=-50.58
09:33:24 [ultranest] [DEBUG] iteration=1192, ncalls=3701, regioncalls=132040, ndraw=40, logz=-540.48, remainder_fraction=100.0000%, Lmin=-529.70, Lmax=-50.58
09:33:24 [ultranest] [DEBUG] iteration=1199, ncalls=3736, regioncalls=133440, ndraw=40, logz=-533.47, remainder_fraction=100.0000%, Lmin=-524.56, Lmax=-50.58
09:33:24 [ultranest] [DEBUG] iteration=1200, ncalls=3739, regioncalls=133560, ndraw=40, logz=-532.92, remainder_fraction=100.0000%, Lmin=-524.47, Lmax=-50.58
09:33:25 [ultranest] [DEBUG] iteration=1205, ncalls=3773, regioncalls=134920, ndraw=40, logz=-528.90, remainder_fraction=100.0000%, Lmin=-519.42, Lmax=-50.58
09:33:25 [ultranest] [DEBUG] iteration=1213, ncalls=3813, regioncalls=136520, ndraw=40, logz=-522.32, remainder_fraction=100.0000%, Lmin=-513.73, Lmax=-50.58
09:33:25 [ultranest] [DEBUG] iteration=1218, ncalls=3853, regioncalls=138120, ndraw=40, logz=-515.23, remainder_fraction=100.0000%, Lmin=-505.80, Lmax=-50.58
09:33:25 [ultranest] [DEBUG] iteration=1223, ncalls=3893, regioncalls=139720, ndraw=40, logz=-511.16, remainder_fraction=100.0000%, Lmin=-502.00, Lmax=-50.58
09:33:25 [ultranest] [DEBUG] iteration=1230, ncalls=3928, regioncalls=141120, ndraw=40, logz=-504.78, remainder_fraction=100.0000%, Lmin=-495.36, Lmax=-50.58
09:33:25 [ultranest] [DEBUG] iteration=1236, ncalls=3962, regioncalls=142480, ndraw=40, logz=-499.39, remainder_fraction=100.0000%, Lmin=-490.99, Lmax=-50.58
09:33:25 [ultranest] [DEBUG] iteration=1240, ncalls=3998, regioncalls=143920, ndraw=40, logz=-497.71, remainder_fraction=100.0000%, Lmin=-487.73, Lmax=-50.58
09:33:25 [ultranest] [DEBUG] iteration=1246, ncalls=4049, regioncalls=145960, ndraw=40, logz=-494.12, remainder_fraction=100.0000%, Lmin=-485.83, Lmax=-50.58
09:33:25 [ultranest] [DEBUG] iteration=1249, ncalls=4086, regioncalls=147440, ndraw=40, logz=-491.92, remainder_fraction=100.0000%, Lmin=-482.14, Lmax=-50.58
09:33:26 [ultranest] [DEBUG] iteration=1258, ncalls=4121, regioncalls=148840, ndraw=40, logz=-483.17, remainder_fraction=100.0000%, Lmin=-473.75, Lmax=-50.58
09:33:26 [ultranest] [DEBUG] iteration=1266, ncalls=4160, regioncalls=150400, ndraw=40, logz=-479.22, remainder_fraction=100.0000%, Lmin=-468.46, Lmax=-50.58
09:33:26 [ultranest] [DEBUG] iteration=1274, ncalls=4202, regioncalls=152080, ndraw=40, logz=-470.74, remainder_fraction=100.0000%, Lmin=-461.72, Lmax=-50.58
09:33:26 [ultranest] [DEBUG] iteration=1280, ncalls=4225, regioncalls=153000, ndraw=40, logz=-465.12, remainder_fraction=100.0000%, Lmin=-455.22, Lmax=-50.58
09:33:26 [ultranest] [DEBUG] iteration=1288, ncalls=4262, regioncalls=154480, ndraw=40, logz=-458.48, remainder_fraction=100.0000%, Lmin=-449.67, Lmax=-50.58
09:33:26 [ultranest] [DEBUG] iteration=1295, ncalls=4316, regioncalls=156640, ndraw=40, logz=-455.40, remainder_fraction=100.0000%, Lmin=-446.49, Lmax=-50.58
09:33:26 [ultranest] [DEBUG] iteration=1303, ncalls=4365, regioncalls=158600, ndraw=40, logz=-447.99, remainder_fraction=100.0000%, Lmin=-437.19, Lmax=-50.58
09:33:26 [ultranest] [DEBUG] iteration=1308, ncalls=4400, regioncalls=160000, ndraw=40, logz=-442.73, remainder_fraction=100.0000%, Lmin=-431.89, Lmax=-50.58
09:33:26 [ultranest] [DEBUG] iteration=1315, ncalls=4437, regioncalls=161480, ndraw=40, logz=-437.35, remainder_fraction=100.0000%, Lmin=-428.80, Lmax=-50.58
09:33:27 [ultranest] [DEBUG] iteration=1320, ncalls=4470, regioncalls=162800, ndraw=40, logz=-433.50, remainder_fraction=100.0000%, Lmin=-424.70, Lmax=-50.58
09:33:27 [ultranest] [DEBUG] iteration=1326, ncalls=4506, regioncalls=164240, ndraw=40, logz=-429.63, remainder_fraction=100.0000%, Lmin=-417.99, Lmax=-50.58
09:33:27 [ultranest] [DEBUG] iteration=1331, ncalls=4547, regioncalls=165880, ndraw=40, logz=-425.03, remainder_fraction=100.0000%, Lmin=-416.24, Lmax=-50.42
09:33:27 [ultranest] [DEBUG] iteration=1340, ncalls=4585, regioncalls=167400, ndraw=40, logz=-418.95, remainder_fraction=100.0000%, Lmin=-409.92, Lmax=-50.42
09:33:27 [ultranest] [DEBUG] iteration=1346, ncalls=4620, regioncalls=168800, ndraw=40, logz=-415.96, remainder_fraction=100.0000%, Lmin=-406.60, Lmax=-50.42
09:33:27 [ultranest] [DEBUG] iteration=1350, ncalls=4654, regioncalls=170160, ndraw=40, logz=-413.68, remainder_fraction=100.0000%, Lmin=-404.25, Lmax=-50.42
09:33:27 [ultranest] [DEBUG] iteration=1352, ncalls=4691, regioncalls=171640, ndraw=40, logz=-412.55, remainder_fraction=100.0000%, Lmin=-403.36, Lmax=-50.42
09:33:27 [ultranest] [DEBUG] iteration=1356, ncalls=4738, regioncalls=173520, ndraw=40, logz=-410.17, remainder_fraction=100.0000%, Lmin=-401.15, Lmax=-50.42
09:33:27 [ultranest] [DEBUG] iteration=1360, ncalls=4750, regioncalls=174000, ndraw=40, logz=-406.31, remainder_fraction=100.0000%, Lmin=-397.30, Lmax=-50.42
09:33:28 [ultranest] [DEBUG] iteration=1362, ncalls=4798, regioncalls=175920, ndraw=40, logz=-404.67, remainder_fraction=100.0000%, Lmin=-395.02, Lmax=-50.42
09:33:28 [ultranest] [DEBUG] iteration=1370, ncalls=4851, regioncalls=178080, ndraw=40, logz=-399.87, remainder_fraction=100.0000%, Lmin=-390.73, Lmax=-50.42
09:33:28 [ultranest] [DEBUG] iteration=1376, ncalls=4918, regioncalls=180800, ndraw=40, logz=-397.57, remainder_fraction=100.0000%, Lmin=-388.97, Lmax=-50.42
09:33:28 [ultranest] [DEBUG] iteration=1381, ncalls=4965, regioncalls=182680, ndraw=40, logz=-395.23, remainder_fraction=100.0000%, Lmin=-386.03, Lmax=-50.42
09:33:28 [ultranest] [DEBUG] iteration=1388, ncalls=4999, regioncalls=184040, ndraw=40, logz=-392.48, remainder_fraction=100.0000%, Lmin=-383.43, Lmax=-50.42
09:33:28 [ultranest] [DEBUG] iteration=1395, ncalls=5043, regioncalls=185800, ndraw=40, logz=-389.26, remainder_fraction=100.0000%, Lmin=-380.27, Lmax=-50.42
09:33:28 [ultranest] [DEBUG] iteration=1400, ncalls=5097, regioncalls=187960, ndraw=40, logz=-387.80, remainder_fraction=100.0000%, Lmin=-378.89, Lmax=-50.42
09:33:29 [ultranest] [DEBUG] iteration=1404, ncalls=5146, regioncalls=189920, ndraw=40, logz=-386.66, remainder_fraction=100.0000%, Lmin=-378.06, Lmax=-50.42
09:33:29 [ultranest] [DEBUG] iteration=1408, ncalls=5181, regioncalls=191320, ndraw=40, logz=-385.35, remainder_fraction=100.0000%, Lmin=-376.56, Lmax=-50.42
09:33:29 [ultranest] [DEBUG] iteration=1412, ncalls=5220, regioncalls=192880, ndraw=40, logz=-383.71, remainder_fraction=100.0000%, Lmin=-374.41, Lmax=-50.42
09:33:29 [ultranest] [DEBUG] iteration=1416, ncalls=5276, regioncalls=195120, ndraw=40, logz=-381.97, remainder_fraction=100.0000%, Lmin=-372.39, Lmax=-50.42
09:33:29 [ultranest] [DEBUG] iteration=1419, ncalls=5279, regioncalls=195240, ndraw=40, logz=-380.76, remainder_fraction=100.0000%, Lmin=-371.55, Lmax=-50.42
09:33:29 [ultranest] [DEBUG] iteration=1427, ncalls=5308, regioncalls=196440, ndraw=40, logz=-376.78, remainder_fraction=100.0000%, Lmin=-367.60, Lmax=-50.42
09:33:29 [ultranest] [DEBUG] iteration=1431, ncalls=5345, regioncalls=198040, ndraw=40, logz=-374.18, remainder_fraction=100.0000%, Lmin=-364.55, Lmax=-50.42
09:33:29 [ultranest] [DEBUG] iteration=1439, ncalls=5378, regioncalls=199520, ndraw=40, logz=-371.42, remainder_fraction=100.0000%, Lmin=-362.62, Lmax=-50.42
09:33:29 [ultranest] [DEBUG] iteration=1440, ncalls=5381, regioncalls=199640, ndraw=40, logz=-371.14, remainder_fraction=100.0000%, Lmin=-362.26, Lmax=-50.42
09:33:29 [ultranest] [DEBUG] iteration=1448, ncalls=5412, regioncalls=200880, ndraw=40, logz=-368.33, remainder_fraction=100.0000%, Lmin=-359.63, Lmax=-50.42
09:33:30 [ultranest] [DEBUG] iteration=1457, ncalls=5440, regioncalls=202000, ndraw=40, logz=-365.41, remainder_fraction=100.0000%, Lmin=-356.40, Lmax=-50.42
09:33:30 [ultranest] [DEBUG] iteration=1465, ncalls=5475, regioncalls=203400, ndraw=40, logz=-360.39, remainder_fraction=100.0000%, Lmin=-349.95, Lmax=-50.42
09:33:30 [ultranest] [DEBUG] iteration=1474, ncalls=5516, regioncalls=205040, ndraw=40, logz=-353.47, remainder_fraction=100.0000%, Lmin=-343.40, Lmax=-50.42
09:33:30 [ultranest] [DEBUG] iteration=1480, ncalls=5548, regioncalls=206320, ndraw=40, logz=-348.72, remainder_fraction=100.0000%, Lmin=-339.46, Lmax=-50.42
09:33:30 [ultranest] [DEBUG] iteration=1488, ncalls=5588, regioncalls=207920, ndraw=40, logz=-346.48, remainder_fraction=100.0000%, Lmin=-337.68, Lmax=-50.42
09:33:30 [ultranest] [DEBUG] iteration=1497, ncalls=5622, regioncalls=209280, ndraw=40, logz=-343.56, remainder_fraction=100.0000%, Lmin=-334.81, Lmax=-50.42
09:33:30 [ultranest] [DEBUG] iteration=1505, ncalls=5665, regioncalls=211000, ndraw=40, logz=-340.91, remainder_fraction=100.0000%, Lmin=-331.78, Lmax=-50.42
09:33:30 [ultranest] [DEBUG] iteration=1511, ncalls=5700, regioncalls=212400, ndraw=40, logz=-339.13, remainder_fraction=100.0000%, Lmin=-328.41, Lmax=-50.42
09:33:30 [ultranest] [DEBUG] iteration=1513, ncalls=5733, regioncalls=213720, ndraw=40, logz=-337.52, remainder_fraction=100.0000%, Lmin=-328.19, Lmax=-50.42
09:33:31 [ultranest] [DEBUG] iteration=1520, ncalls=5757, regioncalls=214680, ndraw=40, logz=-335.13, remainder_fraction=100.0000%, Lmin=-325.57, Lmax=-50.42
09:33:31 [ultranest] [DEBUG] iteration=1526, ncalls=5790, regioncalls=216000, ndraw=40, logz=-332.93, remainder_fraction=100.0000%, Lmin=-324.11, Lmax=-50.42
09:33:31 [ultranest] [DEBUG] iteration=1533, ncalls=5823, regioncalls=217320, ndraw=40, logz=-331.00, remainder_fraction=100.0000%, Lmin=-321.50, Lmax=-50.42
09:33:31 [ultranest] [DEBUG] iteration=1537, ncalls=5862, regioncalls=218880, ndraw=40, logz=-329.72, remainder_fraction=100.0000%, Lmin=-320.55, Lmax=-50.42
09:33:31 [ultranest] [DEBUG] iteration=1547, ncalls=5892, regioncalls=220080, ndraw=40, logz=-326.35, remainder_fraction=100.0000%, Lmin=-317.48, Lmax=-50.42
09:33:31 [ultranest] [DEBUG] iteration=1555, ncalls=5940, regioncalls=222000, ndraw=40, logz=-322.64, remainder_fraction=100.0000%, Lmin=-312.88, Lmax=-50.42
09:33:31 [ultranest] [DEBUG] iteration=1560, ncalls=5949, regioncalls=222360, ndraw=40, logz=-320.09, remainder_fraction=100.0000%, Lmin=-310.90, Lmax=-50.42
09:33:31 [ultranest] [DEBUG] iteration=1566, ncalls=5987, regioncalls=223880, ndraw=40, logz=-318.61, remainder_fraction=100.0000%, Lmin=-309.19, Lmax=-50.42
09:33:31 [ultranest] [DEBUG] iteration=1575, ncalls=6016, regioncalls=225040, ndraw=40, logz=-315.07, remainder_fraction=100.0000%, Lmin=-305.84, Lmax=-50.42
09:33:32 [ultranest] [DEBUG] iteration=1585, ncalls=6051, regioncalls=226440, ndraw=40, logz=-309.38, remainder_fraction=100.0000%, Lmin=-299.74, Lmax=-50.42
09:33:32 [ultranest] [DEBUG] iteration=1594, ncalls=6088, regioncalls=227920, ndraw=40, logz=-303.41, remainder_fraction=100.0000%, Lmin=-293.82, Lmax=-50.42
09:33:32 [ultranest] [DEBUG] iteration=1600, ncalls=6122, regioncalls=229280, ndraw=40, logz=-301.17, remainder_fraction=100.0000%, Lmin=-291.83, Lmax=-50.42
09:33:32 [ultranest] [DEBUG] iteration=1606, ncalls=6157, regioncalls=230680, ndraw=40, logz=-299.35, remainder_fraction=100.0000%, Lmin=-289.56, Lmax=-50.42
09:33:32 [ultranest] [DEBUG] iteration=1612, ncalls=6196, regioncalls=232240, ndraw=40, logz=-297.60, remainder_fraction=100.0000%, Lmin=-288.81, Lmax=-50.42
09:33:32 [ultranest] [DEBUG] iteration=1622, ncalls=6225, regioncalls=233400, ndraw=40, logz=-294.44, remainder_fraction=100.0000%, Lmin=-284.94, Lmax=-50.42
09:33:32 [ultranest] [DEBUG] iteration=1630, ncalls=6258, regioncalls=234800, ndraw=40, logz=-291.38, remainder_fraction=100.0000%, Lmin=-281.85, Lmax=-50.42
09:33:32 [ultranest] [DEBUG] iteration=1637, ncalls=6296, regioncalls=236520, ndraw=40, logz=-287.40, remainder_fraction=100.0000%, Lmin=-277.15, Lmax=-50.42
09:33:32 [ultranest] [DEBUG] iteration=1640, ncalls=6313, regioncalls=237200, ndraw=40, logz=-285.61, remainder_fraction=100.0000%, Lmin=-275.40, Lmax=-50.42
09:33:32 [ultranest] [DEBUG] iteration=1645, ncalls=6345, regioncalls=238480, ndraw=40, logz=-283.00, remainder_fraction=100.0000%, Lmin=-273.38, Lmax=-50.42
09:33:33 [ultranest] [DEBUG] iteration=1649, ncalls=6374, regioncalls=239640, ndraw=40, logz=-281.77, remainder_fraction=100.0000%, Lmin=-272.35, Lmax=-50.42
09:33:33 [ultranest] [DEBUG] iteration=1656, ncalls=6397, regioncalls=240560, ndraw=40, logz=-278.61, remainder_fraction=100.0000%, Lmin=-268.16, Lmax=-50.42
09:33:33 [ultranest] [DEBUG] iteration=1661, ncalls=6427, regioncalls=241760, ndraw=40, logz=-276.25, remainder_fraction=100.0000%, Lmin=-266.51, Lmax=-50.42
09:33:33 [ultranest] [DEBUG] iteration=1666, ncalls=6473, regioncalls=243600, ndraw=40, logz=-273.89, remainder_fraction=100.0000%, Lmin=-263.54, Lmax=-50.42
09:33:33 [ultranest] [DEBUG] iteration=1672, ncalls=6513, regioncalls=245200, ndraw=40, logz=-269.99, remainder_fraction=100.0000%, Lmin=-260.04, Lmax=-50.42
09:33:33 [ultranest] [DEBUG] iteration=1675, ncalls=6548, regioncalls=246600, ndraw=40, logz=-269.00, remainder_fraction=100.0000%, Lmin=-259.68, Lmax=-50.42
09:33:33 [ultranest] [DEBUG] iteration=1679, ncalls=6579, regioncalls=247840, ndraw=40, logz=-267.02, remainder_fraction=100.0000%, Lmin=-256.90, Lmax=-50.42
09:33:33 [ultranest] [DEBUG] iteration=1680, ncalls=6580, regioncalls=247880, ndraw=40, logz=-266.54, remainder_fraction=100.0000%, Lmin=-256.79, Lmax=-50.42
09:33:33 [ultranest] [DEBUG] iteration=1686, ncalls=6620, regioncalls=249480, ndraw=40, logz=-264.84, remainder_fraction=100.0000%, Lmin=-255.61, Lmax=-50.42
09:33:34 [ultranest] [DEBUG] iteration=1692, ncalls=6659, regioncalls=251040, ndraw=40, logz=-263.16, remainder_fraction=100.0000%, Lmin=-253.43, Lmax=-50.42
09:33:34 [ultranest] [DEBUG] iteration=1697, ncalls=6691, regioncalls=252320, ndraw=40, logz=-261.58, remainder_fraction=100.0000%, Lmin=-251.02, Lmax=-50.42
09:33:34 [ultranest] [DEBUG] iteration=1704, ncalls=6725, regioncalls=253680, ndraw=40, logz=-256.99, remainder_fraction=100.0000%, Lmin=-247.13, Lmax=-50.42
09:33:34 [ultranest] [DEBUG] iteration=1710, ncalls=6776, regioncalls=255760, ndraw=40, logz=-254.22, remainder_fraction=100.0000%, Lmin=-243.55, Lmax=-50.42
09:33:34 [ultranest] [DEBUG] iteration=1713, ncalls=6817, regioncalls=257440, ndraw=40, logz=-252.10, remainder_fraction=100.0000%, Lmin=-241.82, Lmax=-50.42
09:33:34 [ultranest] [DEBUG] iteration=1719, ncalls=6854, regioncalls=258920, ndraw=40, logz=-248.60, remainder_fraction=100.0000%, Lmin=-238.41, Lmax=-50.42
09:33:34 [ultranest] [DEBUG] iteration=1720, ncalls=6857, regioncalls=259040, ndraw=40, logz=-248.14, remainder_fraction=100.0000%, Lmin=-238.07, Lmax=-50.42
09:33:34 [ultranest] [DEBUG] iteration=1727, ncalls=6891, regioncalls=260440, ndraw=40, logz=-245.03, remainder_fraction=100.0000%, Lmin=-235.44, Lmax=-50.42
09:33:34 [ultranest] [DEBUG] iteration=1740, ncalls=6917, regioncalls=261560, ndraw=40, logz=-241.59, remainder_fraction=100.0000%, Lmin=-231.61, Lmax=-50.42
09:33:34 [ultranest] [DEBUG] iteration=1749, ncalls=6949, regioncalls=262920, ndraw=40, logz=-238.98, remainder_fraction=100.0000%, Lmin=-229.20, Lmax=-50.42
09:33:35 [ultranest] [DEBUG] iteration=1760, ncalls=6979, regioncalls=264200, ndraw=40, logz=-234.53, remainder_fraction=100.0000%, Lmin=-224.76, Lmax=-50.42
09:33:35 [ultranest] [DEBUG] iteration=1772, ncalls=7010, regioncalls=265480, ndraw=40, logz=-229.97, remainder_fraction=100.0000%, Lmin=-218.87, Lmax=-50.42
09:33:35 [ultranest] [DEBUG] iteration=1785, ncalls=7043, regioncalls=266800, ndraw=40, logz=-225.64, remainder_fraction=100.0000%, Lmin=-215.74, Lmax=-50.42
09:33:35 [ultranest] [DEBUG] iteration=1796, ncalls=7090, regioncalls=268680, ndraw=40, logz=-220.28, remainder_fraction=100.0000%, Lmin=-209.13, Lmax=-50.42
09:33:35 [ultranest] [DEBUG] iteration=1800, ncalls=7099, regioncalls=269040, ndraw=40, logz=-217.64, remainder_fraction=100.0000%, Lmin=-207.42, Lmax=-50.42
09:33:35 [ultranest] [DEBUG] iteration=1808, ncalls=7126, regioncalls=270120, ndraw=40, logz=-215.75, remainder_fraction=100.0000%, Lmin=-206.42, Lmax=-50.42
09:33:35 [ultranest] [DEBUG] iteration=1820, ncalls=7155, regioncalls=271280, ndraw=40, logz=-213.42, remainder_fraction=100.0000%, Lmin=-203.79, Lmax=-50.42
09:33:35 [ultranest] [DEBUG] iteration=1834, ncalls=7185, regioncalls=272480, ndraw=40, logz=-209.15, remainder_fraction=100.0000%, Lmin=-199.38, Lmax=-50.42
09:33:35 [ultranest] [DEBUG] iteration=1840, ncalls=7199, regioncalls=273040, ndraw=40, logz=-207.65, remainder_fraction=100.0000%, Lmin=-197.17, Lmax=-50.42
09:33:35 [ultranest] [DEBUG] iteration=1855, ncalls=7233, regioncalls=274400, ndraw=40, logz=-203.08, remainder_fraction=100.0000%, Lmin=-193.58, Lmax=-50.42
09:33:36 [ultranest] [DEBUG] iteration=1867, ncalls=7264, regioncalls=275640, ndraw=40, logz=-200.29, remainder_fraction=100.0000%, Lmin=-188.98, Lmax=-50.42
09:33:36 [ultranest] [DEBUG] iteration=1876, ncalls=7298, regioncalls=277000, ndraw=40, logz=-197.12, remainder_fraction=100.0000%, Lmin=-187.29, Lmax=-50.42
09:33:36 [ultranest] [DEBUG] iteration=1880, ncalls=7306, regioncalls=277320, ndraw=40, logz=-196.04, remainder_fraction=100.0000%, Lmin=-186.04, Lmax=-50.42
09:33:36 [ultranest] [DEBUG] iteration=1881, ncalls=7308, regioncalls=277400, ndraw=40, logz=-195.78, remainder_fraction=100.0000%, Lmin=-185.45, Lmax=-50.42
09:33:36 [ultranest] [DEBUG] iteration=1893, ncalls=7336, regioncalls=278560, ndraw=40, logz=-191.39, remainder_fraction=100.0000%, Lmin=-181.22, Lmax=-50.42
09:33:36 [ultranest] [DEBUG] iteration=1905, ncalls=7368, regioncalls=279840, ndraw=40, logz=-188.48, remainder_fraction=100.0000%, Lmin=-178.40, Lmax=-50.42
09:33:36 [ultranest] [DEBUG] iteration=1920, ncalls=7397, regioncalls=281000, ndraw=40, logz=-183.50, remainder_fraction=100.0000%, Lmin=-173.02, Lmax=-50.42
09:33:36 [ultranest] [DEBUG] iteration=1937, ncalls=7425, regioncalls=282120, ndraw=40, logz=-176.71, remainder_fraction=100.0000%, Lmin=-166.02, Lmax=-50.42
09:33:36 [ultranest] [DEBUG] iteration=1946, ncalls=7459, regioncalls=283480, ndraw=40, logz=-173.72, remainder_fraction=100.0000%, Lmin=-163.67, Lmax=-50.42
09:33:36 [ultranest] [DEBUG] iteration=1957, ncalls=7491, regioncalls=284760, ndraw=40, logz=-171.16, remainder_fraction=100.0000%, Lmin=-161.26, Lmax=-50.42
09:33:36 [ultranest] [DEBUG] iteration=1958, ncalls=7492, regioncalls=284800, ndraw=40, logz=-170.96, remainder_fraction=100.0000%, Lmin=-161.06, Lmax=-50.42
09:33:36 [ultranest] [DEBUG] iteration=1960, ncalls=7495, regioncalls=284960, ndraw=40, logz=-170.59, remainder_fraction=100.0000%, Lmin=-160.43, Lmax=-50.42
09:33:36 [ultranest] [DEBUG] iteration=1976, ncalls=7523, regioncalls=286080, ndraw=40, logz=-165.29, remainder_fraction=100.0000%, Lmin=-154.98, Lmax=-50.42
09:33:37 [ultranest] [DEBUG] iteration=1987, ncalls=7554, regioncalls=287320, ndraw=40, logz=-162.76, remainder_fraction=100.0000%, Lmin=-153.09, Lmax=-50.42
09:33:37 [ultranest] [DEBUG] iteration=2000, ncalls=7582, regioncalls=288440, ndraw=40, logz=-159.96, remainder_fraction=100.0000%, Lmin=-149.82, Lmax=-50.42
09:33:37 [ultranest] [DEBUG] iteration=2014, ncalls=7614, regioncalls=289720, ndraw=40, logz=-157.86, remainder_fraction=100.0000%, Lmin=-147.98, Lmax=-50.42
09:33:37 [ultranest] [DEBUG] iteration=2029, ncalls=7646, regioncalls=291000, ndraw=40, logz=-154.53, remainder_fraction=100.0000%, Lmin=-143.63, Lmax=-50.42
09:33:37 [ultranest] [DEBUG] iteration=2039, ncalls=7673, regioncalls=292080, ndraw=40, logz=-151.85, remainder_fraction=100.0000%, Lmin=-141.13, Lmax=-50.42
09:33:37 [ultranest] [DEBUG] iteration=2040, ncalls=7679, regioncalls=292320, ndraw=40, logz=-151.52, remainder_fraction=100.0000%, Lmin=-141.06, Lmax=-50.42
09:33:37 [ultranest] [DEBUG] iteration=2054, ncalls=7709, regioncalls=293520, ndraw=40, logz=-148.99, remainder_fraction=100.0000%, Lmin=-138.75, Lmax=-50.42
09:33:37 [ultranest] [DEBUG] iteration=2065, ncalls=7741, regioncalls=294800, ndraw=40, logz=-146.18, remainder_fraction=100.0000%, Lmin=-136.17, Lmax=-50.42
09:33:37 [ultranest] [DEBUG] iteration=2077, ncalls=7774, regioncalls=296120, ndraw=40, logz=-144.14, remainder_fraction=100.0000%, Lmin=-134.26, Lmax=-50.42
09:33:37 [ultranest] [DEBUG] iteration=2080, ncalls=7781, regioncalls=296400, ndraw=40, logz=-143.75, remainder_fraction=100.0000%, Lmin=-134.15, Lmax=-50.42
09:33:37 [ultranest] [DEBUG] iteration=2093, ncalls=7813, regioncalls=297680, ndraw=40, logz=-142.28, remainder_fraction=100.0000%, Lmin=-132.63, Lmax=-50.42
09:33:37 [ultranest] [DEBUG] iteration=2103, ncalls=7847, regioncalls=299040, ndraw=40, logz=-141.07, remainder_fraction=100.0000%, Lmin=-131.47, Lmax=-50.42
09:33:38 [ultranest] [DEBUG] iteration=2112, ncalls=7867, regioncalls=299880, ndraw=40, logz=-139.74, remainder_fraction=100.0000%, Lmin=-129.65, Lmax=-50.42
09:33:38 [ultranest] [DEBUG] iteration=2120, ncalls=7882, regioncalls=300480, ndraw=40, logz=-138.41, remainder_fraction=100.0000%, Lmin=-128.12, Lmax=-50.42
09:33:38 [ultranest] [DEBUG] iteration=2131, ncalls=7913, regioncalls=301720, ndraw=40, logz=-135.86, remainder_fraction=100.0000%, Lmin=-125.55, Lmax=-50.42
09:33:38 [ultranest] [DEBUG] iteration=2145, ncalls=7944, regioncalls=302960, ndraw=40, logz=-133.89, remainder_fraction=100.0000%, Lmin=-123.98, Lmax=-50.42
09:33:38 [ultranest] [DEBUG] iteration=2158, ncalls=7974, regioncalls=304160, ndraw=40, logz=-131.92, remainder_fraction=100.0000%, Lmin=-121.34, Lmax=-50.42
09:33:38 [ultranest] [DEBUG] iteration=2160, ncalls=7985, regioncalls=304600, ndraw=40, logz=-131.53, remainder_fraction=100.0000%, Lmin=-121.31, Lmax=-50.42
09:33:38 [ultranest] [DEBUG] iteration=2176, ncalls=8014, regioncalls=305760, ndraw=40, logz=-128.97, remainder_fraction=100.0000%, Lmin=-118.65, Lmax=-50.42
09:33:38 [ultranest] [DEBUG] iteration=2186, ncalls=8047, regioncalls=307080, ndraw=40, logz=-127.11, remainder_fraction=100.0000%, Lmin=-116.92, Lmax=-50.42
09:33:38 [ultranest] [DEBUG] iteration=2189, ncalls=8056, regioncalls=307480, ndraw=40, logz=-126.67, remainder_fraction=100.0000%, Lmin=-115.96, Lmax=-50.42
09:33:38 [ultranest] [DEBUG] iteration=2200, ncalls=8082, regioncalls=308520, ndraw=40, logz=-124.92, remainder_fraction=100.0000%, Lmin=-114.29, Lmax=-50.42
09:33:38 [ultranest] [DEBUG] iteration=2213, ncalls=8112, regioncalls=309760, ndraw=40, logz=-122.60, remainder_fraction=100.0000%, Lmin=-112.22, Lmax=-50.42
09:33:39 [ultranest] [DEBUG] iteration=2225, ncalls=8143, regioncalls=311000, ndraw=40, logz=-120.89, remainder_fraction=100.0000%, Lmin=-110.39, Lmax=-50.42
09:33:39 [ultranest] [DEBUG] iteration=2235, ncalls=8174, regioncalls=312240, ndraw=40, logz=-119.37, remainder_fraction=100.0000%, Lmin=-109.14, Lmax=-50.42
09:33:39 [ultranest] [DEBUG] iteration=2240, ncalls=8184, regioncalls=312640, ndraw=40, logz=-118.66, remainder_fraction=100.0000%, Lmin=-108.24, Lmax=-50.42
09:33:39 [ultranest] [DEBUG] iteration=2253, ncalls=8224, regioncalls=314240, ndraw=40, logz=-116.86, remainder_fraction=100.0000%, Lmin=-106.21, Lmax=-50.42
09:33:39 [ultranest] [DEBUG] iteration=2265, ncalls=8267, regioncalls=315960, ndraw=40, logz=-114.93, remainder_fraction=100.0000%, Lmin=-104.20, Lmax=-50.42
09:33:39 [ultranest] [DEBUG] iteration=2266, ncalls=8271, regioncalls=316160, ndraw=40, logz=-114.75, remainder_fraction=100.0000%, Lmin=-104.10, Lmax=-50.42
09:33:39 [ultranest] [DEBUG] iteration=2274, ncalls=8299, regioncalls=317320, ndraw=40, logz=-113.65, remainder_fraction=100.0000%, Lmin=-103.63, Lmax=-50.42
09:33:39 [ultranest] [DEBUG] iteration=2280, ncalls=8314, regioncalls=317920, ndraw=40, logz=-113.06, remainder_fraction=100.0000%, Lmin=-102.92, Lmax=-50.42
09:33:39 [ultranest] [DEBUG] iteration=2290, ncalls=8351, regioncalls=319400, ndraw=40, logz=-111.98, remainder_fraction=100.0000%, Lmin=-101.92, Lmax=-50.42
09:33:39 [ultranest] [DEBUG] iteration=2301, ncalls=8387, regioncalls=320840, ndraw=40, logz=-110.77, remainder_fraction=100.0000%, Lmin=-100.51, Lmax=-50.42
09:33:39 [ultranest] [DEBUG] iteration=2314, ncalls=8418, regioncalls=322080, ndraw=40, logz=-109.18, remainder_fraction=100.0000%, Lmin=-98.51, Lmax=-50.42
09:33:39 [ultranest] [DEBUG] iteration=2320, ncalls=8439, regioncalls=322920, ndraw=40, logz=-108.39, remainder_fraction=100.0000%, Lmin=-98.11, Lmax=-50.42
09:33:40 [ultranest] [DEBUG] iteration=2333, ncalls=8470, regioncalls=324160, ndraw=40, logz=-106.75, remainder_fraction=100.0000%, Lmin=-96.55, Lmax=-50.42
09:33:40 [ultranest] [DEBUG] iteration=2343, ncalls=8500, regioncalls=325400, ndraw=40, logz=-105.74, remainder_fraction=100.0000%, Lmin=-95.29, Lmax=-50.42
09:33:40 [ultranest] [DEBUG] iteration=2355, ncalls=8527, regioncalls=326480, ndraw=40, logz=-104.52, remainder_fraction=100.0000%, Lmin=-94.25, Lmax=-50.42
09:33:40 [ultranest] [DEBUG] iteration=2360, ncalls=8537, regioncalls=326880, ndraw=40, logz=-104.09, remainder_fraction=100.0000%, Lmin=-93.77, Lmax=-50.42
09:33:40 [ultranest] [DEBUG] iteration=2373, ncalls=8570, regioncalls=328200, ndraw=40, logz=-102.50, remainder_fraction=100.0000%, Lmin=-91.89, Lmax=-50.42
09:33:40 [ultranest] [DEBUG] iteration=2384, ncalls=8601, regioncalls=329440, ndraw=40, logz=-101.26, remainder_fraction=100.0000%, Lmin=-90.81, Lmax=-50.42
09:33:40 [ultranest] [DEBUG] iteration=2393, ncalls=8634, regioncalls=330760, ndraw=40, logz=-100.25, remainder_fraction=100.0000%, Lmin=-89.69, Lmax=-50.42
09:33:40 [ultranest] [DEBUG] iteration=2400, ncalls=8656, regioncalls=331640, ndraw=40, logz=-99.45, remainder_fraction=100.0000%, Lmin=-88.82, Lmax=-50.42
09:33:40 [ultranest] [DEBUG] iteration=2412, ncalls=8687, regioncalls=332880, ndraw=40, logz=-98.16, remainder_fraction=100.0000%, Lmin=-87.40, Lmax=-50.42
09:33:40 [ultranest] [DEBUG] clustering found some stray points [need_accept=False] (array([1, 2]), array([344,   1]))
09:33:40 [ultranest] [DEBUG] iteration=2420, ncalls=8717, regioncalls=334080, ndraw=40, logz=-97.30, remainder_fraction=100.0000%, Lmin=-86.90, Lmax=-50.42
09:33:41 [ultranest] [DEBUG] iteration=2432, ncalls=8749, regioncalls=335360, ndraw=40, logz=-96.10, remainder_fraction=100.0000%, Lmin=-85.40, Lmax=-50.42
09:33:41 [ultranest] [DEBUG] iteration=2440, ncalls=8770, regioncalls=336200, ndraw=40, logz=-95.19, remainder_fraction=100.0000%, Lmin=-84.57, Lmax=-50.42
09:33:41 [ultranest] [DEBUG] iteration=2453, ncalls=8801, regioncalls=337440, ndraw=40, logz=-93.97, remainder_fraction=100.0000%, Lmin=-83.69, Lmax=-50.42
09:33:41 [ultranest] [DEBUG] iteration=2464, ncalls=8834, regioncalls=338760, ndraw=40, logz=-93.17, remainder_fraction=100.0000%, Lmin=-83.04, Lmax=-50.36
09:33:41 [ultranest] [DEBUG] iteration=2472, ncalls=8867, regioncalls=340080, ndraw=40, logz=-92.64, remainder_fraction=100.0000%, Lmin=-82.46, Lmax=-50.36
09:33:41 [ultranest] [DEBUG] iteration=2480, ncalls=8893, regioncalls=341120, ndraw=40, logz=-92.18, remainder_fraction=100.0000%, Lmin=-81.95, Lmax=-50.36
09:33:41 [ultranest] [DEBUG] iteration=2491, ncalls=8925, regioncalls=342400, ndraw=40, logz=-91.50, remainder_fraction=100.0000%, Lmin=-81.44, Lmax=-50.36
09:33:41 [ultranest] [DEBUG] iteration=2497, ncalls=8939, regioncalls=343000, ndraw=40, logz=-91.16, remainder_fraction=100.0000%, Lmin=-81.02, Lmax=-50.36
09:33:41 [ultranest] [DEBUG] iteration=2508, ncalls=8971, regioncalls=344320, ndraw=40, logz=-90.48, remainder_fraction=100.0000%, Lmin=-79.84, Lmax=-50.36
09:33:41 [ultranest] [DEBUG] iteration=2520, ncalls=9004, regioncalls=345640, ndraw=40, logz=-89.43, remainder_fraction=100.0000%, Lmin=-79.09, Lmax=-50.36
09:33:41 [ultranest] [DEBUG] iteration=2530, ncalls=9039, regioncalls=347040, ndraw=40, logz=-88.82, remainder_fraction=100.0000%, Lmin=-78.54, Lmax=-50.36
09:33:42 [ultranest] [DEBUG] iteration=2544, ncalls=9074, regioncalls=348440, ndraw=40, logz=-87.88, remainder_fraction=100.0000%, Lmin=-77.48, Lmax=-50.36
09:33:42 [ultranest] [DEBUG] iteration=2557, ncalls=9107, regioncalls=349760, ndraw=40, logz=-86.95, remainder_fraction=100.0000%, Lmin=-76.53, Lmax=-50.36
09:33:42 [ultranest] [DEBUG] iteration=2560, ncalls=9114, regioncalls=350040, ndraw=40, logz=-86.73, remainder_fraction=100.0000%, Lmin=-76.14, Lmax=-50.36
09:33:42 [ultranest] [DEBUG] iteration=2570, ncalls=9148, regioncalls=351400, ndraw=40, logz=-85.99, remainder_fraction=100.0000%, Lmin=-75.40, Lmax=-50.36
09:33:42 [ultranest] [DEBUG] iteration=2574, ncalls=9155, regioncalls=351720, ndraw=40, logz=-85.71, remainder_fraction=100.0000%, Lmin=-75.19, Lmax=-50.36
09:33:42 [ultranest] [DEBUG] iteration=2582, ncalls=9186, regioncalls=352960, ndraw=40, logz=-85.21, remainder_fraction=100.0000%, Lmin=-74.85, Lmax=-50.36
09:33:42 [ultranest] [DEBUG] iteration=2593, ncalls=9220, regioncalls=354320, ndraw=40, logz=-84.59, remainder_fraction=100.0000%, Lmin=-74.06, Lmax=-50.36
09:33:42 [ultranest] [DEBUG] iteration=2600, ncalls=9248, regioncalls=355440, ndraw=40, logz=-84.14, remainder_fraction=100.0000%, Lmin=-73.55, Lmax=-50.36
09:33:42 [ultranest] [DEBUG] iteration=2609, ncalls=9282, regioncalls=356800, ndraw=40, logz=-83.51, remainder_fraction=100.0000%, Lmin=-72.82, Lmax=-50.36
09:33:42 [ultranest] [DEBUG] iteration=2622, ncalls=9314, regioncalls=358080, ndraw=40, logz=-82.78, remainder_fraction=100.0000%, Lmin=-72.45, Lmax=-50.36
09:33:43 [ultranest] [DEBUG] iteration=2631, ncalls=9348, regioncalls=359440, ndraw=40, logz=-82.35, remainder_fraction=100.0000%, Lmin=-71.92, Lmax=-50.36
09:33:43 [ultranest] [DEBUG] iteration=2640, ncalls=9371, regioncalls=360360, ndraw=40, logz=-81.89, remainder_fraction=100.0000%, Lmin=-71.33, Lmax=-50.36
09:33:43 [ultranest] [DEBUG] iteration=2651, ncalls=9395, regioncalls=361360, ndraw=40, logz=-81.32, remainder_fraction=100.0000%, Lmin=-70.83, Lmax=-50.36
09:33:43 [ultranest] [DEBUG] iteration=2661, ncalls=9423, regioncalls=362480, ndraw=40, logz=-80.86, remainder_fraction=100.0000%, Lmin=-70.54, Lmax=-50.36
09:33:43 [ultranest] [DEBUG] iteration=2675, ncalls=9453, regioncalls=363680, ndraw=40, logz=-80.04, remainder_fraction=100.0000%, Lmin=-69.27, Lmax=-50.36
09:33:43 [ultranest] [DEBUG] iteration=2680, ncalls=9463, regioncalls=364080, ndraw=40, logz=-79.75, remainder_fraction=100.0000%, Lmin=-69.04, Lmax=-50.36
09:33:43 [ultranest] [DEBUG] iteration=2694, ncalls=9494, regioncalls=365320, ndraw=40, logz=-78.87, remainder_fraction=100.0000%, Lmin=-68.16, Lmax=-50.36
09:33:43 [ultranest] [DEBUG] iteration=2709, ncalls=9524, regioncalls=366520, ndraw=40, logz=-78.08, remainder_fraction=100.0000%, Lmin=-67.54, Lmax=-50.36
09:33:43 [ultranest] [DEBUG] iteration=2720, ncalls=9549, regioncalls=367520, ndraw=40, logz=-77.54, remainder_fraction=100.0000%, Lmin=-66.81, Lmax=-50.36
09:33:43 [ultranest] [DEBUG] iteration=2731, ncalls=9576, regioncalls=368600, ndraw=40, logz=-77.02, remainder_fraction=100.0000%, Lmin=-66.44, Lmax=-50.36
09:33:43 [ultranest] [DEBUG] iteration=2744, ncalls=9603, regioncalls=369680, ndraw=40, logz=-76.45, remainder_fraction=100.0000%, Lmin=-65.96, Lmax=-50.36
09:33:44 [ultranest] [DEBUG] iteration=2758, ncalls=9636, regioncalls=371000, ndraw=40, logz=-75.95, remainder_fraction=100.0000%, Lmin=-65.57, Lmax=-50.36
09:33:44 [ultranest] [DEBUG] iteration=2760, ncalls=9639, regioncalls=371120, ndraw=40, logz=-75.88, remainder_fraction=99.9999%, Lmin=-65.52, Lmax=-50.36
09:33:44 [ultranest] [DEBUG] iteration=2775, ncalls=9669, regioncalls=372320, ndraw=40, logz=-75.39, remainder_fraction=99.9999%, Lmin=-64.97, Lmax=-50.36
09:33:44 [ultranest] [DEBUG] iteration=2787, ncalls=9702, regioncalls=373640, ndraw=40, logz=-75.01, remainder_fraction=99.9999%, Lmin=-64.71, Lmax=-50.36
09:33:44 [ultranest] [DEBUG] iteration=2795, ncalls=9735, regioncalls=374960, ndraw=40, logz=-74.76, remainder_fraction=99.9998%, Lmin=-64.33, Lmax=-50.36
09:33:44 [ultranest] [DEBUG] iteration=2800, ncalls=9750, regioncalls=375560, ndraw=40, logz=-74.59, remainder_fraction=99.9998%, Lmin=-64.16, Lmax=-50.36
09:33:44 [ultranest] [DEBUG] iteration=2814, ncalls=9774, regioncalls=376520, ndraw=40, logz=-74.17, remainder_fraction=99.9997%, Lmin=-63.81, Lmax=-50.36
09:33:44 [ultranest] [DEBUG] iteration=2827, ncalls=9803, regioncalls=377680, ndraw=40, logz=-73.81, remainder_fraction=99.9996%, Lmin=-63.50, Lmax=-50.36
09:33:44 [ultranest] [DEBUG] iteration=2840, ncalls=9838, regioncalls=379080, ndraw=40, logz=-73.48, remainder_fraction=99.9994%, Lmin=-63.20, Lmax=-50.36
09:33:44 [ultranest] [DEBUG] iteration=2853, ncalls=9869, regioncalls=380320, ndraw=40, logz=-73.17, remainder_fraction=99.9992%, Lmin=-62.86, Lmax=-50.36
09:33:44 [ultranest] [DEBUG] iteration=2866, ncalls=9902, regioncalls=381640, ndraw=40, logz=-72.84, remainder_fraction=99.9989%, Lmin=-62.42, Lmax=-50.36
09:33:45 [ultranest] [DEBUG] iteration=2878, ncalls=9933, regioncalls=382880, ndraw=40, logz=-72.49, remainder_fraction=99.9984%, Lmin=-61.98, Lmax=-50.36
09:33:45 [ultranest] [DEBUG] iteration=2880, ncalls=9937, regioncalls=383040, ndraw=40, logz=-72.44, remainder_fraction=99.9983%, Lmin=-61.97, Lmax=-50.36
09:33:45 [ultranest] [DEBUG] iteration=2885, ncalls=9965, regioncalls=384160, ndraw=40, logz=-72.31, remainder_fraction=99.9981%, Lmin=-61.82, Lmax=-50.36
09:33:45 [ultranest] [DEBUG] iteration=2899, ncalls=9994, regioncalls=385320, ndraw=40, logz=-71.92, remainder_fraction=99.9972%, Lmin=-61.22, Lmax=-50.36
09:33:45 [ultranest] [DEBUG] iteration=2911, ncalls=10029, regioncalls=386720, ndraw=40, logz=-71.56, remainder_fraction=99.9959%, Lmin=-60.97, Lmax=-50.36
09:33:45 [ultranest] [DEBUG] iteration=2920, ncalls=10043, regioncalls=387280, ndraw=40, logz=-71.31, remainder_fraction=99.9947%, Lmin=-60.65, Lmax=-50.36
09:33:45 [ultranest] [DEBUG] iteration=2935, ncalls=10075, regioncalls=388560, ndraw=40, logz=-70.90, remainder_fraction=99.9921%, Lmin=-60.31, Lmax=-50.36
09:33:45 [ultranest] [DEBUG] iteration=2947, ncalls=10115, regioncalls=390160, ndraw=40, logz=-70.61, remainder_fraction=99.9893%, Lmin=-59.91, Lmax=-50.36
09:33:45 [ultranest] [DEBUG] iteration=2959, ncalls=10151, regioncalls=391600, ndraw=40, logz=-70.29, remainder_fraction=99.9848%, Lmin=-59.60, Lmax=-50.36
09:33:45 [ultranest] [DEBUG] iteration=2960, ncalls=10152, regioncalls=391640, ndraw=40, logz=-70.26, remainder_fraction=99.9844%, Lmin=-59.58, Lmax=-50.36
09:33:45 [ultranest] [DEBUG] iteration=2971, ncalls=10181, regioncalls=392800, ndraw=40, logz=-69.99, remainder_fraction=99.9806%, Lmin=-59.29, Lmax=-50.36
09:33:45 [ultranest] [DEBUG] iteration=2985, ncalls=10211, regioncalls=394000, ndraw=40, logz=-69.64, remainder_fraction=99.9729%, Lmin=-58.94, Lmax=-50.36
09:33:46 [ultranest] [DEBUG] iteration=2997, ncalls=10247, regioncalls=395440, ndraw=40, logz=-69.35, remainder_fraction=99.9635%, Lmin=-58.68, Lmax=-50.36
09:33:46 [ultranest] [DEBUG] iteration=3000, ncalls=10262, regioncalls=396040, ndraw=40, logz=-69.28, remainder_fraction=99.9609%, Lmin=-58.52, Lmax=-50.36
09:33:46 [ultranest] [DEBUG] iteration=3009, ncalls=10301, regioncalls=397600, ndraw=40, logz=-69.07, remainder_fraction=99.9531%, Lmin=-58.38, Lmax=-50.36
09:33:46 [ultranest] [DEBUG] iteration=3020, ncalls=10336, regioncalls=399000, ndraw=40, logz=-68.83, remainder_fraction=99.9411%, Lmin=-58.10, Lmax=-50.36
09:33:46 [ultranest] [DEBUG] iteration=3032, ncalls=10368, regioncalls=400280, ndraw=40, logz=-68.57, remainder_fraction=99.9256%, Lmin=-57.92, Lmax=-50.36
09:33:46 [ultranest] [DEBUG] iteration=3040, ncalls=10385, regioncalls=400960, ndraw=40, logz=-68.42, remainder_fraction=99.9134%, Lmin=-57.75, Lmax=-50.36
09:33:46 [ultranest] [DEBUG] iteration=3049, ncalls=10415, regioncalls=402160, ndraw=40, logz=-68.23, remainder_fraction=99.8956%, Lmin=-57.48, Lmax=-50.36
09:33:46 [ultranest] [DEBUG] iteration=3061, ncalls=10446, regioncalls=403400, ndraw=40, logz=-67.97, remainder_fraction=99.8672%, Lmin=-57.21, Lmax=-50.36
09:33:46 [ultranest] [DEBUG] iteration=3076, ncalls=10476, regioncalls=404600, ndraw=40, logz=-67.67, remainder_fraction=99.8184%, Lmin=-56.94, Lmax=-50.36
09:33:46 [ultranest] [DEBUG] iteration=3080, ncalls=10486, regioncalls=405000, ndraw=40, logz=-67.60, remainder_fraction=99.8019%, Lmin=-56.90, Lmax=-50.36
09:33:47 [ultranest] [DEBUG] iteration=3094, ncalls=10527, regioncalls=406640, ndraw=40, logz=-67.35, remainder_fraction=99.7441%, Lmin=-56.73, Lmax=-50.29
09:33:47 [ultranest] [DEBUG] iteration=3101, ncalls=10560, regioncalls=407960, ndraw=40, logz=-67.24, remainder_fraction=99.7122%, Lmin=-56.69, Lmax=-50.29
09:33:47 [ultranest] [DEBUG] iteration=3112, ncalls=10593, regioncalls=409280, ndraw=40, logz=-67.08, remainder_fraction=99.6680%, Lmin=-56.56, Lmax=-50.29
09:33:47 [ultranest] [DEBUG] iteration=3120, ncalls=10618, regioncalls=410280, ndraw=40, logz=-66.97, remainder_fraction=99.6318%, Lmin=-56.52, Lmax=-50.29
09:33:47 [ultranest] [DEBUG] iteration=3126, ncalls=10655, regioncalls=411760, ndraw=40, logz=-66.89, remainder_fraction=99.6038%, Lmin=-56.39, Lmax=-50.29
09:33:47 [ultranest] [DEBUG] iteration=3139, ncalls=10687, regioncalls=413040, ndraw=40, logz=-66.72, remainder_fraction=99.5293%, Lmin=-56.22, Lmax=-50.29
09:33:47 [ultranest] [DEBUG] iteration=3145, ncalls=10724, regioncalls=414520, ndraw=40, logz=-66.65, remainder_fraction=99.4852%, Lmin=-56.13, Lmax=-50.29
09:33:47 [ultranest] [DEBUG] iteration=3155, ncalls=10758, regioncalls=415880, ndraw=40, logz=-66.52, remainder_fraction=99.4026%, Lmin=-55.96, Lmax=-50.29
09:33:47 [ultranest] [DEBUG] iteration=3160, ncalls=10772, regioncalls=416440, ndraw=40, logz=-66.45, remainder_fraction=99.3605%, Lmin=-55.91, Lmax=-50.29
09:33:47 [ultranest] [DEBUG] iteration=3164, ncalls=10817, regioncalls=418240, ndraw=40, logz=-66.40, remainder_fraction=99.3325%, Lmin=-55.87, Lmax=-50.29
09:33:48 [ultranest] [DEBUG] iteration=3175, ncalls=10849, regioncalls=419520, ndraw=40, logz=-66.27, remainder_fraction=99.2257%, Lmin=-55.73, Lmax=-50.29
09:33:48 [ultranest] [DEBUG] iteration=3184, ncalls=10886, regioncalls=421000, ndraw=40, logz=-66.16, remainder_fraction=99.1284%, Lmin=-55.62, Lmax=-50.29
09:33:48 [ultranest] [DEBUG] iteration=3191, ncalls=10916, regioncalls=422200, ndraw=40, logz=-66.08, remainder_fraction=99.0394%, Lmin=-55.53, Lmax=-50.29
09:33:48 [ultranest] [DEBUG] iteration=3200, ncalls=10944, regioncalls=423320, ndraw=40, logz=-65.97, remainder_fraction=98.9199%, Lmin=-55.45, Lmax=-50.29
09:33:48 [ultranest] [DEBUG] iteration=3215, ncalls=10975, regioncalls=424560, ndraw=40, logz=-65.81, remainder_fraction=98.7406%, Lmin=-55.29, Lmax=-50.29
09:33:48 [ultranest] [DEBUG] iteration=3216, ncalls=10981, regioncalls=424800, ndraw=40, logz=-65.80, remainder_fraction=98.7239%, Lmin=-55.29, Lmax=-50.29
09:33:48 [ultranest] [DEBUG] iteration=3217, ncalls=10985, regioncalls=424960, ndraw=40, logz=-65.79, remainder_fraction=98.7148%, Lmin=-55.29, Lmax=-50.29
09:33:48 [ultranest] [DEBUG] iteration=3220, ncalls=10990, regioncalls=425160, ndraw=40, logz=-65.76, remainder_fraction=98.6668%, Lmin=-55.26, Lmax=-50.29
09:33:49 [ultranest] [DEBUG] iteration=3222, ncalls=11009, regioncalls=425920, ndraw=40, logz=-65.74, remainder_fraction=98.6414%, Lmin=-55.23, Lmax=-50.29
09:33:49 [ultranest] [DEBUG] iteration=3224, ncalls=11015, regioncalls=426160, ndraw=40, logz=-65.72, remainder_fraction=98.6116%, Lmin=-55.22, Lmax=-50.29
09:33:49 [ultranest] [DEBUG] iteration=3227, ncalls=11019, regioncalls=426320, ndraw=40, logz=-65.69, remainder_fraction=98.5597%, Lmin=-55.17, Lmax=-50.29
09:33:49 [ultranest] [DEBUG] iteration=3229, ncalls=11025, regioncalls=426560, ndraw=40, logz=-65.67, remainder_fraction=98.5334%, Lmin=-55.16, Lmax=-50.29
09:33:49 [ultranest] [DEBUG] iteration=3230, ncalls=11030, regioncalls=426760, ndraw=40, logz=-65.66, remainder_fraction=98.5160%, Lmin=-55.14, Lmax=-50.29
09:33:49 [ultranest] [DEBUG] iteration=3231, ncalls=11036, regioncalls=427000, ndraw=40, logz=-65.65, remainder_fraction=98.5067%, Lmin=-55.13, Lmax=-50.29
09:33:50 [ultranest] [DEBUG] iteration=3233, ncalls=11041, regioncalls=427200, ndraw=40, logz=-65.63, remainder_fraction=98.4737%, Lmin=-55.11, Lmax=-50.29
09:33:50 [ultranest] [DEBUG] iteration=3235, ncalls=11047, regioncalls=427440, ndraw=40, logz=-65.61, remainder_fraction=98.4350%, Lmin=-55.09, Lmax=-50.29
09:33:50 [ultranest] [DEBUG] iteration=3236, ncalls=11053, regioncalls=427680, ndraw=40, logz=-65.60, remainder_fraction=98.4367%, Lmin=-55.09, Lmax=-50.29
09:33:50 [ultranest] [DEBUG] iteration=3237, ncalls=11058, regioncalls=427880, ndraw=40, logz=-65.59, remainder_fraction=98.4212%, Lmin=-55.08, Lmax=-50.29
09:33:50 [ultranest] [DEBUG] iteration=3238, ncalls=11063, regioncalls=428080, ndraw=40, logz=-65.58, remainder_fraction=98.4249%, Lmin=-55.07, Lmax=-50.29
09:33:50 [ultranest] [DEBUG] iteration=3240, ncalls=11065, regioncalls=428160, ndraw=40, logz=-65.56, remainder_fraction=98.3976%, Lmin=-55.04, Lmax=-50.29
09:33:50 [ultranest] [DEBUG] iteration=3243, ncalls=11071, regioncalls=428400, ndraw=40, logz=-65.53, remainder_fraction=98.3406%, Lmin=-55.02, Lmax=-50.29
09:33:51 [ultranest] [DEBUG] iteration=3244, ncalls=11079, regioncalls=428720, ndraw=40, logz=-65.52, remainder_fraction=98.3327%, Lmin=-54.99, Lmax=-50.29
09:33:51 [ultranest] [DEBUG] iteration=3246, ncalls=11083, regioncalls=428880, ndraw=40, logz=-65.50, remainder_fraction=98.3020%, Lmin=-54.97, Lmax=-50.29
09:33:51 [ultranest] [DEBUG] iteration=3248, ncalls=11092, regioncalls=429240, ndraw=40, logz=-65.48, remainder_fraction=98.2713%, Lmin=-54.94, Lmax=-50.29
09:33:51 [ultranest] [DEBUG] iteration=3251, ncalls=11096, regioncalls=429400, ndraw=40, logz=-65.45, remainder_fraction=98.2118%, Lmin=-54.90, Lmax=-50.29
09:33:51 [ultranest] [DEBUG] iteration=3254, ncalls=11102, regioncalls=429640, ndraw=40, logz=-65.43, remainder_fraction=98.1557%, Lmin=-54.89, Lmax=-50.29
09:33:52 [ultranest] [DEBUG] iteration=3256, ncalls=11116, regioncalls=430200, ndraw=40, logz=-65.41, remainder_fraction=98.1172%, Lmin=-54.87, Lmax=-50.29
09:33:52 [ultranest] [DEBUG] iteration=3258, ncalls=11120, regioncalls=430360, ndraw=40, logz=-65.39, remainder_fraction=98.0720%, Lmin=-54.86, Lmax=-50.29
09:33:52 [ultranest] [DEBUG] iteration=3259, ncalls=11124, regioncalls=430520, ndraw=40, logz=-65.38, remainder_fraction=98.0492%, Lmin=-54.85, Lmax=-50.29
09:33:52 [ultranest] [DEBUG] iteration=3260, ncalls=11131, regioncalls=430800, ndraw=40, logz=-65.37, remainder_fraction=98.0258%, Lmin=-54.83, Lmax=-50.29
09:33:52 [ultranest] [DEBUG] iteration=3262, ncalls=11141, regioncalls=431200, ndraw=40, logz=-65.35, remainder_fraction=97.9850%, Lmin=-54.83, Lmax=-50.29
09:33:52 [ultranest] [DEBUG] iteration=3263, ncalls=11154, regioncalls=431720, ndraw=40, logz=-65.34, remainder_fraction=97.9685%, Lmin=-54.83, Lmax=-50.29
09:33:53 [ultranest] [DEBUG] iteration=3270, ncalls=11187, regioncalls=433040, ndraw=40, logz=-65.28, remainder_fraction=97.8248%, Lmin=-54.74, Lmax=-50.29
09:33:53 [ultranest] [DEBUG] iteration=3277, ncalls=11229, regioncalls=434720, ndraw=40, logz=-65.22, remainder_fraction=97.6698%, Lmin=-54.69, Lmax=-50.29
09:33:53 [ultranest] [DEBUG] iteration=3280, ncalls=11239, regioncalls=435160, ndraw=40, logz=-65.19, remainder_fraction=97.5984%, Lmin=-54.63, Lmax=-50.29
09:33:53 [ultranest] [DEBUG] iteration=3286, ncalls=11273, regioncalls=436520, ndraw=40, logz=-65.14, remainder_fraction=97.4404%, Lmin=-54.59, Lmax=-50.29
09:33:53 [ultranest] [DEBUG] iteration=3291, ncalls=11309, regioncalls=437960, ndraw=40, logz=-65.09, remainder_fraction=97.3168%, Lmin=-54.55, Lmax=-50.29
09:33:53 [ultranest] [DEBUG] iteration=3298, ncalls=11349, regioncalls=439560, ndraw=40, logz=-65.03, remainder_fraction=97.1292%, Lmin=-54.50, Lmax=-50.29
09:33:53 [ultranest] [DEBUG] iteration=3303, ncalls=11385, regioncalls=441000, ndraw=40, logz=-64.99, remainder_fraction=96.9817%, Lmin=-54.47, Lmax=-50.29
09:33:53 [ultranest] [DEBUG] iteration=3312, ncalls=11425, regioncalls=442600, ndraw=40, logz=-64.92, remainder_fraction=96.7625%, Lmin=-54.41, Lmax=-50.29
09:33:53 [ultranest] [DEBUG] iteration=3319, ncalls=11464, regioncalls=444160, ndraw=40, logz=-64.86, remainder_fraction=96.5553%, Lmin=-54.35, Lmax=-50.29
09:33:53 [ultranest] [DEBUG] iteration=3320, ncalls=11467, regioncalls=444280, ndraw=40, logz=-64.86, remainder_fraction=96.5197%, Lmin=-54.33, Lmax=-50.29
09:33:54 [ultranest] [DEBUG] iteration=3329, ncalls=11506, regioncalls=445840, ndraw=40, logz=-64.79, remainder_fraction=96.2897%, Lmin=-54.26, Lmax=-50.29
09:33:54 [ultranest] [DEBUG] iteration=3336, ncalls=11546, regioncalls=447440, ndraw=40, logz=-64.73, remainder_fraction=96.0692%, Lmin=-54.17, Lmax=-50.29
09:33:54 [ultranest] [DEBUG] iteration=3344, ncalls=11567, regioncalls=448320, ndraw=40, logz=-64.67, remainder_fraction=95.8194%, Lmin=-54.10, Lmax=-50.29
09:33:54 [ultranest] [DEBUG] iteration=3359, ncalls=11593, regioncalls=449360, ndraw=40, logz=-64.56, remainder_fraction=95.2718%, Lmin=-54.00, Lmax=-50.29
09:33:54 [ultranest] [DEBUG] iteration=3360, ncalls=11594, regioncalls=449400, ndraw=40, logz=-64.55, remainder_fraction=95.2391%, Lmin=-53.99, Lmax=-50.29
09:33:54 [ultranest] [DEBUG] iteration=3373, ncalls=11624, regioncalls=450600, ndraw=40, logz=-64.46, remainder_fraction=94.8304%, Lmin=-53.87, Lmax=-50.29
09:33:54 [ultranest] [DEBUG] iteration=3389, ncalls=11653, regioncalls=451760, ndraw=40, logz=-64.35, remainder_fraction=94.1861%, Lmin=-53.72, Lmax=-50.29
09:33:54 [ultranest] [DEBUG] iteration=3399, ncalls=11688, regioncalls=453160, ndraw=40, logz=-64.28, remainder_fraction=93.7559%, Lmin=-53.62, Lmax=-50.29
09:33:54 [ultranest] [DEBUG] iteration=3400, ncalls=11689, regioncalls=453200, ndraw=40, logz=-64.27, remainder_fraction=93.7198%, Lmin=-53.62, Lmax=-50.29
09:33:54 [ultranest] [DEBUG] iteration=3413, ncalls=11721, regioncalls=454480, ndraw=40, logz=-64.18, remainder_fraction=93.1057%, Lmin=-53.54, Lmax=-50.29
09:33:54 [ultranest] [DEBUG] iteration=3421, ncalls=11752, regioncalls=455800, ndraw=40, logz=-64.13, remainder_fraction=92.7274%, Lmin=-53.49, Lmax=-50.29
09:33:55 [ultranest] [DEBUG] iteration=3436, ncalls=11780, regioncalls=456920, ndraw=40, logz=-64.03, remainder_fraction=91.9815%, Lmin=-53.36, Lmax=-50.29
09:33:55 [ultranest] [DEBUG] iteration=3440, ncalls=11788, regioncalls=457240, ndraw=40, logz=-64.00, remainder_fraction=91.8676%, Lmin=-53.31, Lmax=-50.29
09:33:55 [ultranest] [DEBUG] iteration=3451, ncalls=11820, regioncalls=458520, ndraw=40, logz=-63.93, remainder_fraction=91.2341%, Lmin=-53.22, Lmax=-50.29
09:33:55 [ultranest] [DEBUG] iteration=3460, ncalls=11853, regioncalls=459840, ndraw=40, logz=-63.88, remainder_fraction=90.7549%, Lmin=-53.16, Lmax=-50.29
09:33:55 [ultranest] [DEBUG] iteration=3475, ncalls=11883, regioncalls=461040, ndraw=40, logz=-63.78, remainder_fraction=89.9005%, Lmin=-53.08, Lmax=-50.29
09:33:55 [ultranest] [DEBUG] iteration=3480, ncalls=11899, regioncalls=461680, ndraw=40, logz=-63.75, remainder_fraction=89.5380%, Lmin=-53.04, Lmax=-50.29
09:33:55 [ultranest] [DEBUG] iteration=3488, ncalls=11932, regioncalls=463000, ndraw=40, logz=-63.71, remainder_fraction=88.9676%, Lmin=-52.98, Lmax=-50.29
09:33:55 [ultranest] [DEBUG] iteration=3498, ncalls=11957, regioncalls=464160, ndraw=40, logz=-63.65, remainder_fraction=88.2332%, Lmin=-52.92, Lmax=-50.29
09:33:55 [ultranest] [DEBUG] iteration=3508, ncalls=11987, regioncalls=465360, ndraw=40, logz=-63.59, remainder_fraction=87.5043%, Lmin=-52.85, Lmax=-50.29
09:33:55 [ultranest] [DEBUG] iteration=3518, ncalls=12020, regioncalls=466680, ndraw=40, logz=-63.54, remainder_fraction=86.7288%, Lmin=-52.80, Lmax=-50.29
09:33:55 [ultranest] [DEBUG] iteration=3520, ncalls=12023, regioncalls=466800, ndraw=40, logz=-63.53, remainder_fraction=86.5530%, Lmin=-52.78, Lmax=-50.29
09:33:55 [ultranest] [DEBUG] iteration=3532, ncalls=12055, regioncalls=468080, ndraw=40, logz=-63.46, remainder_fraction=85.5466%, Lmin=-52.74, Lmax=-50.29
09:33:56 [ultranest] [DEBUG] iteration=3544, ncalls=12088, regioncalls=469400, ndraw=40, logz=-63.40, remainder_fraction=84.6456%, Lmin=-52.65, Lmax=-50.29
09:33:56 [ultranest] [DEBUG] iteration=3556, ncalls=12119, regioncalls=470640, ndraw=40, logz=-63.34, remainder_fraction=83.7182%, Lmin=-52.59, Lmax=-50.29
09:33:56 [ultranest] [DEBUG] iteration=3560, ncalls=12130, regioncalls=471080, ndraw=40, logz=-63.32, remainder_fraction=83.3862%, Lmin=-52.58, Lmax=-50.29
09:33:56 [ultranest] [DEBUG] iteration=3572, ncalls=12164, regioncalls=472440, ndraw=40, logz=-63.26, remainder_fraction=82.4955%, Lmin=-52.49, Lmax=-50.29
09:33:56 [ultranest] [DEBUG] iteration=3575, ncalls=12174, regioncalls=472880, ndraw=40, logz=-63.25, remainder_fraction=82.2928%, Lmin=-52.47, Lmax=-50.29
09:33:56 [ultranest] [DEBUG] iteration=3584, ncalls=12203, regioncalls=474040, ndraw=40, logz=-63.21, remainder_fraction=81.5402%, Lmin=-52.43, Lmax=-50.29
09:33:56 [ultranest] [DEBUG] iteration=3599, ncalls=12235, regioncalls=475320, ndraw=40, logz=-63.14, remainder_fraction=80.2274%, Lmin=-52.37, Lmax=-50.29
09:33:56 [ultranest] [DEBUG] iteration=3600, ncalls=12237, regioncalls=475400, ndraw=40, logz=-63.13, remainder_fraction=80.1556%, Lmin=-52.36, Lmax=-50.29
09:33:56 [ultranest] [DEBUG] iteration=3611, ncalls=12269, regioncalls=476680, ndraw=40, logz=-63.09, remainder_fraction=79.2123%, Lmin=-52.33, Lmax=-50.29
09:33:56 [ultranest] [DEBUG] iteration=3625, ncalls=12300, regioncalls=477920, ndraw=40, logz=-63.03, remainder_fraction=78.1430%, Lmin=-52.27, Lmax=-50.29
09:33:56 [ultranest] [DEBUG] iteration=3637, ncalls=12333, regioncalls=479240, ndraw=40, logz=-62.98, remainder_fraction=77.0742%, Lmin=-52.20, Lmax=-50.29
09:33:56 [ultranest] [DEBUG] iteration=3640, ncalls=12339, regioncalls=479480, ndraw=40, logz=-62.97, remainder_fraction=76.7675%, Lmin=-52.19, Lmax=-50.29
09:33:56 [ultranest] [DEBUG] iteration=3647, ncalls=12371, regioncalls=480760, ndraw=40, logz=-62.94, remainder_fraction=76.1556%, Lmin=-52.15, Lmax=-50.29
09:33:57 [ultranest] [DEBUG] iteration=3652, ncalls=12389, regioncalls=481520, ndraw=40, logz=-62.92, remainder_fraction=75.6132%, Lmin=-52.14, Lmax=-50.29
09:33:57 [ultranest] [DEBUG] iteration=3660, ncalls=12422, regioncalls=482840, ndraw=40, logz=-62.89, remainder_fraction=74.9382%, Lmin=-52.11, Lmax=-50.29
09:33:57 [ultranest] [DEBUG] iteration=3671, ncalls=12456, regioncalls=484200, ndraw=40, logz=-62.85, remainder_fraction=73.8677%, Lmin=-52.08, Lmax=-50.29
09:33:57 [ultranest] [DEBUG] iteration=3680, ncalls=12488, regioncalls=485480, ndraw=40, logz=-62.82, remainder_fraction=72.9547%, Lmin=-52.05, Lmax=-50.29
09:33:57 [ultranest] [DEBUG] iteration=3689, ncalls=12522, regioncalls=486840, ndraw=40, logz=-62.79, remainder_fraction=72.2678%, Lmin=-52.03, Lmax=-50.29
09:33:57 [ultranest] [DEBUG] iteration=3704, ncalls=12552, regioncalls=488040, ndraw=40, logz=-62.74, remainder_fraction=70.8761%, Lmin=-51.98, Lmax=-50.29
09:33:57 [ultranest] [DEBUG] iteration=3714, ncalls=12584, regioncalls=489320, ndraw=40, logz=-62.70, remainder_fraction=69.9235%, Lmin=-51.97, Lmax=-50.29
09:33:57 [ultranest] [DEBUG] iteration=3720, ncalls=12598, regioncalls=489880, ndraw=40, logz=-62.69, remainder_fraction=69.2492%, Lmin=-51.95, Lmax=-50.29
09:33:57 [ultranest] [DEBUG] iteration=3735, ncalls=12632, regioncalls=491240, ndraw=40, logz=-62.64, remainder_fraction=67.7839%, Lmin=-51.90, Lmax=-50.29
09:33:57 [ultranest] [DEBUG] iteration=3745, ncalls=12659, regioncalls=492320, ndraw=40, logz=-62.61, remainder_fraction=67.1267%, Lmin=-51.87, Lmax=-50.29
09:33:58 [ultranest] [DEBUG] iteration=3756, ncalls=12691, regioncalls=493600, ndraw=40, logz=-62.58, remainder_fraction=66.0532%, Lmin=-51.84, Lmax=-50.29
09:33:58 [ultranest] [DEBUG] iteration=3760, ncalls=12700, regioncalls=493960, ndraw=40, logz=-62.57, remainder_fraction=65.6422%, Lmin=-51.82, Lmax=-50.29
09:33:58 [ultranest] [DEBUG] iteration=3769, ncalls=12733, regioncalls=495280, ndraw=40, logz=-62.55, remainder_fraction=64.7815%, Lmin=-51.79, Lmax=-50.29
09:33:58 [ultranest] [DEBUG] iteration=3783, ncalls=12768, regioncalls=496680, ndraw=40, logz=-62.51, remainder_fraction=63.2995%, Lmin=-51.75, Lmax=-50.29
09:33:58 [ultranest] [DEBUG] iteration=3793, ncalls=12800, regioncalls=497960, ndraw=40, logz=-62.48, remainder_fraction=62.3956%, Lmin=-51.69, Lmax=-50.29
09:33:58 [ultranest] [DEBUG] iteration=3800, ncalls=12831, regioncalls=499200, ndraw=40, logz=-62.47, remainder_fraction=61.6856%, Lmin=-51.67, Lmax=-50.29
09:33:58 [ultranest] [DEBUG] iteration=3806, ncalls=12855, regioncalls=500200, ndraw=40, logz=-62.45, remainder_fraction=61.0427%, Lmin=-51.66, Lmax=-50.29
09:33:58 [ultranest] [DEBUG] iteration=3818, ncalls=12882, regioncalls=501280, ndraw=40, logz=-62.42, remainder_fraction=59.7732%, Lmin=-51.64, Lmax=-50.29
09:33:58 [ultranest] [DEBUG] iteration=3830, ncalls=12914, regioncalls=502560, ndraw=40, logz=-62.39, remainder_fraction=58.8580%, Lmin=-51.62, Lmax=-50.29
09:33:58 [ultranest] [DEBUG] iteration=3838, ncalls=12947, regioncalls=503880, ndraw=40, logz=-62.37, remainder_fraction=58.1979%, Lmin=-51.60, Lmax=-50.29
09:33:58 [ultranest] [DEBUG] iteration=3840, ncalls=12952, regioncalls=504080, ndraw=40, logz=-62.37, remainder_fraction=58.0588%, Lmin=-51.60, Lmax=-50.29
09:33:59 [ultranest] [DEBUG] iteration=3847, ncalls=12987, regioncalls=505480, ndraw=40, logz=-62.35, remainder_fraction=57.3973%, Lmin=-51.58, Lmax=-50.29
09:33:59 [ultranest] [DEBUG] iteration=3858, ncalls=13018, regioncalls=506720, ndraw=40, logz=-62.33, remainder_fraction=56.3412%, Lmin=-51.56, Lmax=-50.29
09:33:59 [ultranest] [DEBUG] iteration=3868, ncalls=13054, regioncalls=508160, ndraw=40, logz=-62.31, remainder_fraction=55.5423%, Lmin=-51.53, Lmax=-50.29
09:33:59 [ultranest] [DEBUG] iteration=3878, ncalls=13086, regioncalls=509440, ndraw=40, logz=-62.29, remainder_fraction=54.6086%, Lmin=-51.50, Lmax=-50.29
09:33:59 [ultranest] [DEBUG] iteration=3880, ncalls=13095, regioncalls=509800, ndraw=40, logz=-62.29, remainder_fraction=54.4393%, Lmin=-51.50, Lmax=-50.29
09:33:59 [ultranest] [DEBUG] iteration=3889, ncalls=13125, regioncalls=511000, ndraw=40, logz=-62.27, remainder_fraction=53.6124%, Lmin=-51.48, Lmax=-50.29
09:33:59 [ultranest] [DEBUG] iteration=3901, ncalls=13153, regioncalls=512120, ndraw=40, logz=-62.24, remainder_fraction=52.6086%, Lmin=-51.44, Lmax=-50.28
09:33:59 [ultranest] [DEBUG] iteration=3909, ncalls=13188, regioncalls=513520, ndraw=40, logz=-62.23, remainder_fraction=51.8362%, Lmin=-51.42, Lmax=-50.28
09:33:59 [ultranest] [DEBUG] iteration=3917, ncalls=13221, regioncalls=514840, ndraw=40, logz=-62.21, remainder_fraction=51.1201%, Lmin=-51.42, Lmax=-50.28
09:33:59 [ultranest] [DEBUG] iteration=3920, ncalls=13249, regioncalls=515960, ndraw=40, logz=-62.21, remainder_fraction=50.8095%, Lmin=-51.41, Lmax=-50.28
09:34:00 [ultranest] [DEBUG] iteration=3930, ncalls=13283, regioncalls=517320, ndraw=40, logz=-62.19, remainder_fraction=49.9095%, Lmin=-51.39, Lmax=-50.28
09:34:00 [ultranest] [DEBUG] iteration=3936, ncalls=13323, regioncalls=518920, ndraw=40, logz=-62.18, remainder_fraction=49.4262%, Lmin=-51.38, Lmax=-50.28
09:34:00 [ultranest] [DEBUG] iteration=3947, ncalls=13357, regioncalls=520280, ndraw=40, logz=-62.16, remainder_fraction=48.4631%, Lmin=-51.36, Lmax=-50.28
09:34:00 [ultranest] [DEBUG] iteration=3956, ncalls=13396, regioncalls=521840, ndraw=40, logz=-62.15, remainder_fraction=47.6634%, Lmin=-51.35, Lmax=-50.28
09:34:00 [ultranest] [DEBUG] iteration=3960, ncalls=13410, regioncalls=522440, ndraw=40, logz=-62.14, remainder_fraction=47.3122%, Lmin=-51.33, Lmax=-50.28
09:34:00 [ultranest] [DEBUG] iteration=3970, ncalls=13438, regioncalls=523560, ndraw=40, logz=-62.12, remainder_fraction=46.5583%, Lmin=-51.31, Lmax=-50.28
09:34:00 [ultranest] [DEBUG] iteration=3985, ncalls=13467, regioncalls=524720, ndraw=40, logz=-62.10, remainder_fraction=45.2040%, Lmin=-51.29, Lmax=-50.28
09:34:00 [ultranest] [DEBUG] iteration=3995, ncalls=13502, regioncalls=526120, ndraw=40, logz=-62.09, remainder_fraction=44.3289%, Lmin=-51.27, Lmax=-50.28
09:34:00 [ultranest] [DEBUG] iteration=4000, ncalls=13520, regioncalls=526840, ndraw=40, logz=-62.08, remainder_fraction=44.0022%, Lmin=-51.27, Lmax=-50.28
09:34:00 [ultranest] [DEBUG] iteration=4013, ncalls=13550, regioncalls=528040, ndraw=40, logz=-62.06, remainder_fraction=42.9199%, Lmin=-51.26, Lmax=-50.28
09:34:00 [ultranest] [DEBUG] iteration=4026, ncalls=13584, regioncalls=529400, ndraw=40, logz=-62.04, remainder_fraction=41.9700%, Lmin=-51.23, Lmax=-50.28
09:34:01 [ultranest] [DEBUG] iteration=4037, ncalls=13608, regioncalls=530400, ndraw=40, logz=-62.03, remainder_fraction=41.0750%, Lmin=-51.21, Lmax=-50.28
09:34:01 [ultranest] [DEBUG] iteration=4040, ncalls=13615, regioncalls=530680, ndraw=40, logz=-62.02, remainder_fraction=40.8187%, Lmin=-51.21, Lmax=-50.28
09:34:01 [ultranest] [DEBUG] iteration=4052, ncalls=13649, regioncalls=532080, ndraw=40, logz=-62.01, remainder_fraction=39.9182%, Lmin=-51.16, Lmax=-50.28
09:34:01 [ultranest] [DEBUG] iteration=4061, ncalls=13681, regioncalls=533360, ndraw=40, logz=-62.00, remainder_fraction=39.2421%, Lmin=-51.15, Lmax=-50.28
09:34:01 [ultranest] [DEBUG] iteration=4073, ncalls=13715, regioncalls=534720, ndraw=40, logz=-61.98, remainder_fraction=38.4407%, Lmin=-51.13, Lmax=-50.28
09:34:01 [ultranest] [DEBUG] iteration=4080, ncalls=13728, regioncalls=535240, ndraw=40, logz=-61.97, remainder_fraction=37.8697%, Lmin=-51.12, Lmax=-50.28
09:34:01 [ultranest] [DEBUG] iteration=4091, ncalls=13760, regioncalls=536520, ndraw=40, logz=-61.96, remainder_fraction=36.9684%, Lmin=-51.10, Lmax=-50.28
09:34:01 [ultranest] [DEBUG] iteration=4103, ncalls=13792, regioncalls=537800, ndraw=40, logz=-61.95, remainder_fraction=36.1006%, Lmin=-51.08, Lmax=-50.28
09:34:01 [ultranest] [DEBUG] iteration=4114, ncalls=13817, regioncalls=538840, ndraw=40, logz=-61.93, remainder_fraction=35.3101%, Lmin=-51.07, Lmax=-50.28
09:34:01 [ultranest] [DEBUG] iteration=4120, ncalls=13828, regioncalls=539280, ndraw=40, logz=-61.93, remainder_fraction=34.8939%, Lmin=-51.05, Lmax=-50.27
09:34:01 [ultranest] [DEBUG] iteration=4134, ncalls=13854, regioncalls=540320, ndraw=40, logz=-61.91, remainder_fraction=33.9046%, Lmin=-51.03, Lmax=-50.27
09:34:02 [ultranest] [DEBUG] iteration=4146, ncalls=13883, regioncalls=541480, ndraw=40, logz=-61.90, remainder_fraction=33.1198%, Lmin=-51.00, Lmax=-50.27
09:34:02 [ultranest] [DEBUG] iteration=4159, ncalls=13915, regioncalls=542760, ndraw=40, logz=-61.89, remainder_fraction=32.2417%, Lmin=-50.98, Lmax=-50.27
09:34:02 [ultranest] [DEBUG] iteration=4160, ncalls=13916, regioncalls=542800, ndraw=40, logz=-61.89, remainder_fraction=32.1736%, Lmin=-50.98, Lmax=-50.27
09:34:02 [ultranest] [DEBUG] iteration=4172, ncalls=13947, regioncalls=544040, ndraw=40, logz=-61.87, remainder_fraction=31.2985%, Lmin=-50.96, Lmax=-50.27
09:34:02 [ultranest] [DEBUG] iteration=4185, ncalls=13984, regioncalls=545520, ndraw=40, logz=-61.86, remainder_fraction=30.4825%, Lmin=-50.94, Lmax=-50.27
09:34:02 [ultranest] [DEBUG] iteration=4191, ncalls=14001, regioncalls=546240, ndraw=40, logz=-61.86, remainder_fraction=30.0856%, Lmin=-50.93, Lmax=-50.27
09:34:02 [ultranest] [DEBUG] iteration=4200, ncalls=14015, regioncalls=546800, ndraw=40, logz=-61.85, remainder_fraction=29.5381%, Lmin=-50.92, Lmax=-50.27
09:34:02 [ultranest] [DEBUG] iteration=4213, ncalls=14043, regioncalls=547920, ndraw=40, logz=-61.84, remainder_fraction=28.6977%, Lmin=-50.91, Lmax=-50.27
09:34:02 [ultranest] [DEBUG] iteration=4220, ncalls=14074, regioncalls=549160, ndraw=40, logz=-61.83, remainder_fraction=28.2236%, Lmin=-50.90, Lmax=-50.27
09:34:02 [ultranest] [DEBUG] iteration=4233, ncalls=14103, regioncalls=550320, ndraw=40, logz=-61.82, remainder_fraction=27.3902%, Lmin=-50.88, Lmax=-50.27
09:34:02 [ultranest] [DEBUG] iteration=4240, ncalls=14115, regioncalls=550800, ndraw=40, logz=-61.81, remainder_fraction=26.9746%, Lmin=-50.87, Lmax=-50.27
09:34:02 [ultranest] [DEBUG] iteration=4258, ncalls=14143, regioncalls=551920, ndraw=40, logz=-61.80, remainder_fraction=25.8981%, Lmin=-50.85, Lmax=-50.27
09:34:03 [ultranest] [DEBUG] iteration=4272, ncalls=14169, regioncalls=552960, ndraw=40, logz=-61.79, remainder_fraction=25.0595%, Lmin=-50.83, Lmax=-50.27
09:34:03 [ultranest] [DEBUG] iteration=4280, ncalls=14182, regioncalls=553480, ndraw=40, logz=-61.78, remainder_fraction=24.6321%, Lmin=-50.83, Lmax=-50.27
09:34:03 [ultranest] [DEBUG] iteration=4290, ncalls=14214, regioncalls=554760, ndraw=40, logz=-61.77, remainder_fraction=24.0818%, Lmin=-50.82, Lmax=-50.27
09:34:03 [ultranest] [DEBUG] iteration=4306, ncalls=14244, regioncalls=555960, ndraw=40, logz=-61.76, remainder_fraction=23.2148%, Lmin=-50.80, Lmax=-50.27
09:34:03 [ultranest] [DEBUG] iteration=4319, ncalls=14275, regioncalls=557200, ndraw=40, logz=-61.75, remainder_fraction=22.6127%, Lmin=-50.79, Lmax=-50.25
09:34:03 [ultranest] [DEBUG] iteration=4320, ncalls=14276, regioncalls=557240, ndraw=40, logz=-61.75, remainder_fraction=22.5576%, Lmin=-50.78, Lmax=-50.25
09:34:03 [ultranest] [DEBUG] iteration=4336, ncalls=14305, regioncalls=558400, ndraw=40, logz=-61.74, remainder_fraction=21.7329%, Lmin=-50.76, Lmax=-50.25
09:34:03 [ultranest] [DEBUG] iteration=4347, ncalls=14337, regioncalls=559680, ndraw=40, logz=-61.74, remainder_fraction=21.1676%, Lmin=-50.75, Lmax=-50.25
09:34:03 [ultranest] [DEBUG] iteration=4357, ncalls=14365, regioncalls=560800, ndraw=40, logz=-61.73, remainder_fraction=20.6629%, Lmin=-50.75, Lmax=-50.25
09:34:03 [ultranest] [DEBUG] iteration=4360, ncalls=14370, regioncalls=561000, ndraw=40, logz=-61.73, remainder_fraction=20.5273%, Lmin=-50.74, Lmax=-50.25
09:34:03 [ultranest] [DEBUG] iteration=4373, ncalls=14400, regioncalls=562200, ndraw=40, logz=-61.72, remainder_fraction=19.9035%, Lmin=-50.73, Lmax=-50.25
09:34:03 [ultranest] [DEBUG] iteration=4383, ncalls=14436, regioncalls=563640, ndraw=40, logz=-61.71, remainder_fraction=19.4477%, Lmin=-50.72, Lmax=-50.25
09:34:04 [ultranest] [DEBUG] iteration=4393, ncalls=14468, regioncalls=564920, ndraw=40, logz=-61.71, remainder_fraction=18.9602%, Lmin=-50.71, Lmax=-50.25
09:34:04 [ultranest] [DEBUG] iteration=4400, ncalls=14489, regioncalls=565760, ndraw=40, logz=-61.70, remainder_fraction=18.6587%, Lmin=-50.70, Lmax=-50.25
09:34:04 [ultranest] [DEBUG] iteration=4415, ncalls=14519, regioncalls=566960, ndraw=40, logz=-61.70, remainder_fraction=17.9914%, Lmin=-50.69, Lmax=-50.25
09:34:04 [ultranest] [DEBUG] iteration=4422, ncalls=14531, regioncalls=567480, ndraw=40, logz=-61.69, remainder_fraction=17.6944%, Lmin=-50.69, Lmax=-50.25
09:34:04 [ultranest] [DEBUG] iteration=4431, ncalls=14561, regioncalls=568680, ndraw=40, logz=-61.69, remainder_fraction=17.3319%, Lmin=-50.67, Lmax=-50.25
09:34:04 [ultranest] [DEBUG] iteration=4440, ncalls=14581, regioncalls=569480, ndraw=40, logz=-61.68, remainder_fraction=16.9422%, Lmin=-50.67, Lmax=-50.25
09:34:04 [ultranest] [DEBUG] iteration=4455, ncalls=14611, regioncalls=570680, ndraw=40, logz=-61.68, remainder_fraction=16.3489%, Lmin=-50.65, Lmax=-50.25
09:34:04 [ultranest] [DEBUG] iteration=4467, ncalls=14647, regioncalls=572120, ndraw=40, logz=-61.67, remainder_fraction=15.8742%, Lmin=-50.64, Lmax=-50.25
09:34:04 [ultranest] [DEBUG] iteration=4478, ncalls=14679, regioncalls=573400, ndraw=40, logz=-61.67, remainder_fraction=15.4671%, Lmin=-50.63, Lmax=-50.25
09:34:04 [ultranest] [DEBUG] iteration=4480, ncalls=14689, regioncalls=573800, ndraw=40, logz=-61.66, remainder_fraction=15.3928%, Lmin=-50.63, Lmax=-50.25
09:34:04 [ultranest] [DEBUG] iteration=4493, ncalls=14721, regioncalls=575080, ndraw=40, logz=-61.66, remainder_fraction=14.9017%, Lmin=-50.62, Lmax=-50.25
09:34:05 [ultranest] [DEBUG] iteration=4504, ncalls=14748, regioncalls=576160, ndraw=40, logz=-61.65, remainder_fraction=14.5118%, Lmin=-50.62, Lmax=-50.25
09:34:05 [ultranest] [DEBUG] iteration=4514, ncalls=14780, regioncalls=577440, ndraw=40, logz=-61.65, remainder_fraction=14.1431%, Lmin=-50.61, Lmax=-50.25
09:34:05 [ultranest] [DEBUG] iteration=4520, ncalls=14801, regioncalls=578280, ndraw=40, logz=-61.65, remainder_fraction=13.9284%, Lmin=-50.61, Lmax=-50.25
09:34:05 [ultranest] [DEBUG] iteration=4532, ncalls=14832, regioncalls=579520, ndraw=40, logz=-61.64, remainder_fraction=13.5028%, Lmin=-50.59, Lmax=-50.25
09:34:05 [ultranest] [DEBUG] iteration=4543, ncalls=14863, regioncalls=580760, ndraw=40, logz=-61.64, remainder_fraction=13.1372%, Lmin=-50.59, Lmax=-50.25
09:34:05 [ultranest] [DEBUG] iteration=4555, ncalls=14896, regioncalls=582080, ndraw=40, logz=-61.63, remainder_fraction=12.7332%, Lmin=-50.58, Lmax=-50.25
09:34:05 [ultranest] [DEBUG] iteration=4560, ncalls=14907, regioncalls=582520, ndraw=40, logz=-61.63, remainder_fraction=12.5703%, Lmin=-50.58, Lmax=-50.25
09:34:05 [ultranest] [DEBUG] iteration=4575, ncalls=14936, regioncalls=583680, ndraw=40, logz=-61.63, remainder_fraction=12.0893%, Lmin=-50.57, Lmax=-50.25
09:34:05 [ultranest] [DEBUG] iteration=4583, ncalls=14965, regioncalls=584840, ndraw=40, logz=-61.62, remainder_fraction=11.8350%, Lmin=-50.56, Lmax=-50.25
09:34:05 [ultranest] [DEBUG] iteration=4594, ncalls=14997, regioncalls=586120, ndraw=40, logz=-61.62, remainder_fraction=11.5004%, Lmin=-50.56, Lmax=-50.25
09:34:05 [ultranest] [DEBUG] iteration=4600, ncalls=15012, regioncalls=586720, ndraw=40, logz=-61.62, remainder_fraction=11.3275%, Lmin=-50.56, Lmax=-50.25
09:34:06 [ultranest] [DEBUG] iteration=4611, ncalls=15045, regioncalls=588040, ndraw=40, logz=-61.61, remainder_fraction=11.0164%, Lmin=-50.55, Lmax=-50.25
09:34:06 [ultranest] [DEBUG] iteration=4624, ncalls=15076, regioncalls=589280, ndraw=40, logz=-61.61, remainder_fraction=10.6581%, Lmin=-50.54, Lmax=-50.25
09:34:06 [ultranest] [DEBUG] iteration=4640, ncalls=15109, regioncalls=590600, ndraw=40, logz=-61.61, remainder_fraction=10.2406%, Lmin=-50.54, Lmax=-50.25
09:34:06 [ultranest] [DEBUG] iteration=4651, ncalls=15141, regioncalls=591880, ndraw=40, logz=-61.60, remainder_fraction=9.9489%, Lmin=-50.53, Lmax=-50.25
09:34:06 [ultranest] [DEBUG] iteration=4663, ncalls=15168, regioncalls=592960, ndraw=40, logz=-61.60, remainder_fraction=9.6365%, Lmin=-50.53, Lmax=-50.25
09:34:06 [ultranest] [DEBUG] iteration=4673, ncalls=15200, regioncalls=594240, ndraw=40, logz=-61.60, remainder_fraction=9.3878%, Lmin=-50.52, Lmax=-50.25
09:34:06 [ultranest] [DEBUG] iteration=4680, ncalls=15225, regioncalls=595240, ndraw=40, logz=-61.59, remainder_fraction=9.2161%, Lmin=-50.52, Lmax=-50.25
09:34:06 [ultranest] [DEBUG] iteration=4692, ncalls=15261, regioncalls=596680, ndraw=40, logz=-61.59, remainder_fraction=8.9445%, Lmin=-50.51, Lmax=-50.25
09:34:06 [ultranest] [DEBUG] iteration=4705, ncalls=15293, regioncalls=597960, ndraw=40, logz=-61.59, remainder_fraction=8.6425%, Lmin=-50.51, Lmax=-50.25
09:34:06 [ultranest] [DEBUG] iteration=4712, ncalls=15329, regioncalls=599400, ndraw=40, logz=-61.59, remainder_fraction=8.4835%, Lmin=-50.50, Lmax=-50.25
09:34:07 [ultranest] [DEBUG] iteration=4720, ncalls=15349, regioncalls=600200, ndraw=40, logz=-61.58, remainder_fraction=8.3039%, Lmin=-50.50, Lmax=-50.25
09:34:07 [ultranest] [DEBUG] iteration=4730, ncalls=15381, regioncalls=601600, ndraw=40, logz=-61.58, remainder_fraction=8.0951%, Lmin=-50.50, Lmax=-50.25
09:34:07 [ultranest] [DEBUG] iteration=4740, ncalls=15411, regioncalls=602800, ndraw=40, logz=-61.58, remainder_fraction=7.8823%, Lmin=-50.49, Lmax=-50.25
09:34:07 [ultranest] [DEBUG] iteration=4750, ncalls=15445, regioncalls=604160, ndraw=40, logz=-61.58, remainder_fraction=7.6771%, Lmin=-50.48, Lmax=-50.25
09:34:07 [ultranest] [DEBUG] iteration=4760, ncalls=15469, regioncalls=605120, ndraw=40, logz=-61.58, remainder_fraction=7.4803%, Lmin=-50.48, Lmax=-50.25
09:34:07 [ultranest] [DEBUG] iteration=4774, ncalls=15499, regioncalls=606320, ndraw=40, logz=-61.57, remainder_fraction=7.2057%, Lmin=-50.47, Lmax=-50.25
09:34:07 [ultranest] [DEBUG] iteration=4783, ncalls=15535, regioncalls=607760, ndraw=40, logz=-61.57, remainder_fraction=7.0323%, Lmin=-50.47, Lmax=-50.25
09:34:07 [ultranest] [DEBUG] iteration=4793, ncalls=15570, regioncalls=609160, ndraw=40, logz=-61.57, remainder_fraction=6.8473%, Lmin=-50.46, Lmax=-50.25
09:34:07 [ultranest] [DEBUG] iteration=4800, ncalls=15595, regioncalls=610160, ndraw=40, logz=-61.57, remainder_fraction=6.7240%, Lmin=-50.46, Lmax=-50.25
09:34:07 [ultranest] [DEBUG] iteration=4807, ncalls=15617, regioncalls=611080, ndraw=40, logz=-61.57, remainder_fraction=6.6052%, Lmin=-50.46, Lmax=-50.25
09:34:08 [ultranest] [DEBUG] iteration=4819, ncalls=15645, regioncalls=612200, ndraw=40, logz=-61.56, remainder_fraction=6.4000%, Lmin=-50.45, Lmax=-50.25
09:34:08 [ultranest] [DEBUG] iteration=4836, ncalls=15675, regioncalls=613400, ndraw=40, logz=-61.56, remainder_fraction=6.1119%, Lmin=-50.44, Lmax=-50.25
09:34:08 [ultranest] [DEBUG] iteration=4840, ncalls=15684, regioncalls=613760, ndraw=40, logz=-61.56, remainder_fraction=6.0454%, Lmin=-50.44, Lmax=-50.25
09:34:08 [ultranest] [DEBUG] iteration=4861, ncalls=15710, regioncalls=614800, ndraw=40, logz=-61.56, remainder_fraction=5.7110%, Lmin=-50.44, Lmax=-50.25
09:34:08 [ultranest] [DEBUG] iteration=4877, ncalls=15740, regioncalls=616000, ndraw=40, logz=-61.55, remainder_fraction=5.4707%, Lmin=-50.43, Lmax=-50.25
09:34:08 [ultranest] [DEBUG] iteration=4880, ncalls=15745, regioncalls=616200, ndraw=40, logz=-61.55, remainder_fraction=5.4280%, Lmin=-50.43, Lmax=-50.25
09:34:08 [ultranest] [DEBUG] iteration=4896, ncalls=15770, regioncalls=617200, ndraw=40, logz=-61.55, remainder_fraction=5.1999%, Lmin=-50.43, Lmax=-50.25
09:34:08 [ultranest] [DEBUG] iteration=4906, ncalls=15802, regioncalls=618480, ndraw=40, logz=-61.55, remainder_fraction=5.0656%, Lmin=-50.43, Lmax=-50.25
09:34:08 [ultranest] [DEBUG] iteration=4919, ncalls=15837, regioncalls=619880, ndraw=40, logz=-61.55, remainder_fraction=4.8881%, Lmin=-50.42, Lmax=-50.25
09:34:08 [ultranest] [DEBUG] iteration=4920, ncalls=15839, regioncalls=619960, ndraw=40, logz=-61.55, remainder_fraction=4.8740%, Lmin=-50.42, Lmax=-50.25
09:34:08 [ultranest] [DEBUG] iteration=4934, ncalls=15869, regioncalls=621160, ndraw=40, logz=-61.55, remainder_fraction=4.6955%, Lmin=-50.42, Lmax=-50.25
09:34:08 [ultranest] [DEBUG] iteration=4949, ncalls=15900, regioncalls=622400, ndraw=40, logz=-61.54, remainder_fraction=4.5044%, Lmin=-50.41, Lmax=-50.25
09:34:09 [ultranest] [DEBUG] iteration=4960, ncalls=15925, regioncalls=623400, ndraw=40, logz=-61.54, remainder_fraction=4.3738%, Lmin=-50.41, Lmax=-50.25
09:34:09 [ultranest] [DEBUG] iteration=4961, ncalls=15929, regioncalls=623600, ndraw=40, logz=-61.54, remainder_fraction=4.3620%, Lmin=-50.41, Lmax=-50.25
09:34:09 [ultranest] [DEBUG] iteration=4976, ncalls=15957, regioncalls=624720, ndraw=40, logz=-61.54, remainder_fraction=4.1910%, Lmin=-50.41, Lmax=-50.25
09:34:09 [ultranest] [DEBUG] iteration=4990, ncalls=15986, regioncalls=625880, ndraw=40, logz=-61.54, remainder_fraction=4.0346%, Lmin=-50.40, Lmax=-50.25
09:34:09 [ultranest] [DEBUG] iteration=5000, ncalls=16004, regioncalls=626600, ndraw=40, logz=-61.54, remainder_fraction=3.9260%, Lmin=-50.40, Lmax=-50.25
09:34:09 [ultranest] [DEBUG] iteration=5016, ncalls=16034, regioncalls=627800, ndraw=40, logz=-61.54, remainder_fraction=3.7587%, Lmin=-50.39, Lmax=-50.25
09:34:09 [ultranest] [DEBUG] iteration=5030, ncalls=16067, regioncalls=629120, ndraw=40, logz=-61.53, remainder_fraction=3.6192%, Lmin=-50.39, Lmax=-50.25
09:34:09 [ultranest] [DEBUG] iteration=5040, ncalls=16092, regioncalls=630120, ndraw=40, logz=-61.53, remainder_fraction=3.5210%, Lmin=-50.39, Lmax=-50.25
09:34:09 [ultranest] [DEBUG] iteration=5056, ncalls=16121, regioncalls=631280, ndraw=40, logz=-61.53, remainder_fraction=3.3693%, Lmin=-50.38, Lmax=-50.25
09:34:09 [ultranest] [DEBUG] iteration=5068, ncalls=16157, regioncalls=632720, ndraw=40, logz=-61.53, remainder_fraction=3.2603%, Lmin=-50.38, Lmax=-50.25
09:34:09 [ultranest] [DEBUG] iteration=5078, ncalls=16192, regioncalls=634120, ndraw=40, logz=-61.53, remainder_fraction=3.1712%, Lmin=-50.38, Lmax=-50.25
09:34:09 [ultranest] [DEBUG] iteration=5080, ncalls=16195, regioncalls=634240, ndraw=40, logz=-61.53, remainder_fraction=3.1539%, Lmin=-50.38, Lmax=-50.25
09:34:10 [ultranest] [DEBUG] iteration=5096, ncalls=16227, regioncalls=635520, ndraw=40, logz=-61.53, remainder_fraction=3.0178%, Lmin=-50.38, Lmax=-50.25
09:34:10 [ultranest] [DEBUG] iteration=5109, ncalls=16259, regioncalls=636800, ndraw=40, logz=-61.53, remainder_fraction=2.9106%, Lmin=-50.37, Lmax=-50.25
09:34:10 [ultranest] [DEBUG] iteration=5115, ncalls=16275, regioncalls=637520, ndraw=40, logz=-61.53, remainder_fraction=2.8625%, Lmin=-50.37, Lmax=-50.25
09:34:10 [ultranest] [DEBUG] iteration=5120, ncalls=16283, regioncalls=637840, ndraw=40, logz=-61.53, remainder_fraction=2.8235%, Lmin=-50.37, Lmax=-50.25
09:34:10 [ultranest] [DEBUG] iteration=5133, ncalls=16313, regioncalls=639040, ndraw=40, logz=-61.53, remainder_fraction=2.7243%, Lmin=-50.37, Lmax=-50.25
09:34:10 [ultranest] [DEBUG] iteration=5151, ncalls=16344, regioncalls=640280, ndraw=40, logz=-61.52, remainder_fraction=2.5908%, Lmin=-50.36, Lmax=-50.25
09:34:10 [ultranest] [DEBUG] iteration=5160, ncalls=16359, regioncalls=640880, ndraw=40, logz=-61.52, remainder_fraction=2.5273%, Lmin=-50.36, Lmax=-50.25
09:34:10 [ultranest] [DEBUG] iteration=5173, ncalls=16389, regioncalls=642080, ndraw=40, logz=-61.52, remainder_fraction=2.4374%, Lmin=-50.36, Lmax=-50.25
09:34:10 [ultranest] [DEBUG] iteration=5186, ncalls=16423, regioncalls=643440, ndraw=40, logz=-61.52, remainder_fraction=2.3518%, Lmin=-50.35, Lmax=-50.25
09:34:10 [ultranest] [DEBUG] iteration=5192, ncalls=16441, regioncalls=644200, ndraw=40, logz=-61.52, remainder_fraction=2.3129%, Lmin=-50.35, Lmax=-50.25
09:34:10 [ultranest] [DEBUG] iteration=5200, ncalls=16459, regioncalls=644920, ndraw=40, logz=-61.52, remainder_fraction=2.2626%, Lmin=-50.35, Lmax=-50.25
09:34:10 [ultranest] [INFO] Explored until L=-5e+01  
09:34:10 [ultranest] [INFO] Likelihood function evaluations: 16459
09:34:12 [ultranest] [INFO] Writing samples and results to disk ...
09:34:12 [ultranest] [INFO] Writing samples and results to disk ... done
09:34:12 [ultranest] [DEBUG] did a run_iter pass!
09:34:12 [ultranest] [INFO]   logZ = -61.53 +- 0.163
09:34:12 [ultranest] [INFO] Effective samples strategy satisfied (ESS = 1539.7, need >400)
09:34:12 [ultranest] [INFO] Posterior uncertainty strategy is satisfied (KL: 0.46+-0.09 nat, need <0.50 nat)
09:34:12 [ultranest] [INFO] Evidency uncertainty strategy is satisfied (dlogz=0.16, need <0.5)
09:34:12 [ultranest] [INFO]   logZ error budget: single: 0.17 bs:0.16 tail:0.02 total:0.16 required:<0.50
09:34:12 [ultranest] [INFO] done iterating.
09:34:12 [ultranest] [DEBUG] Making corner plot ...
09:34:19 [ultranest] [DEBUG] Making corner plot ... done
09:34:19 [ultranest] [DEBUG] Making run plot ... 
09:34:20 [ultranest] [DEBUG] Making run plot ... done
09:34:20 [ultranest] [DEBUG] Making trace plot ... 
09:34:21 [ultranest] [DEBUG] Making trace plot ... done
