08:28:39 [ultranest] [DEBUG] ReactiveNestedSampler: dims=3+0, resume=True, log_dir=/home/orion51/Desktop/Research/spectral_fitting/FGL_spectral_fitting/Individual_sources/2CXOJ110823.6+091239/mekal_out_, backend=hdf5, vectorized=False, nbootstraps=30, ndraw=128..65536
08:28:39 [ultranest] [INFO] Sampling 400 live points from prior ...
08:28:41 [ultranest] [DEBUG] run_iter dlogz=0.5, dKL=0.5, frac_remain=0.01, Lepsilon=0.1000, min_ess=400
08:28:41 [ultranest] [DEBUG] max_iters=-1, max_ncalls=-1, max_num_improvement_loops=-1, min_num_live_points=400, cluster_num_live_points=40
08:28:41 [ultranest] [DEBUG] minimal_widths_sequence: [(-inf, 400.0), (inf, 400.0)]
08:28:41 [ultranest] [DEBUG] iteration=0, ncalls=401, regioncalls=40, ndraw=40, logz=-inf, remainder_fraction=100.0000%, Lmin=-291643688.85, Lmax=-11.48
08:28:41 [ultranest] [DEBUG] iteration=17, ncalls=418, regioncalls=720, ndraw=40, logz=-26988875.98, remainder_fraction=100.0000%, Lmin=-25080927.53, Lmax=-11.48
08:28:41 [ultranest] [DEBUG] iteration=35, ncalls=437, regioncalls=1480, ndraw=40, logz=-6239819.72, remainder_fraction=100.0000%, Lmin=-6204975.21, Lmax=-11.48
08:28:41 [ultranest] [DEBUG] iteration=40, ncalls=443, regioncalls=1720, ndraw=40, logz=-3978728.93, remainder_fraction=100.0000%, Lmin=-3904462.25, Lmax=-11.48
08:28:41 [ultranest] [DEBUG] iteration=63, ncalls=468, regioncalls=2720, ndraw=40, logz=-727670.06, remainder_fraction=100.0000%, Lmin=-699981.17, Lmax=-11.48
08:28:41 [ultranest] [DEBUG] iteration=80, ncalls=485, regioncalls=3400, ndraw=40, logz=-162910.83, remainder_fraction=100.0000%, Lmin=-152362.04, Lmax=-11.48
08:28:41 [ultranest] [DEBUG] iteration=95, ncalls=503, regioncalls=4120, ndraw=40, logz=-78681.27, remainder_fraction=100.0000%, Lmin=-70324.71, Lmax=-11.48
08:28:41 [ultranest] [DEBUG] iteration=113, ncalls=526, regioncalls=5040, ndraw=40, logz=-27940.40, remainder_fraction=100.0000%, Lmin=-26220.09, Lmax=-11.48
08:28:41 [ultranest] [DEBUG] iteration=120, ncalls=534, regioncalls=5360, ndraw=40, logz=-15157.88, remainder_fraction=100.0000%, Lmin=-14115.92, Lmax=-11.48
08:28:41 [ultranest] [DEBUG] iteration=141, ncalls=559, regioncalls=6360, ndraw=40, logz=-4289.61, remainder_fraction=100.0000%, Lmin=-3973.63, Lmax=-11.48
08:28:42 [ultranest] [DEBUG] iteration=160, ncalls=584, regioncalls=7360, ndraw=40, logz=-1674.43, remainder_fraction=100.0000%, Lmin=-1592.00, Lmax=-11.48
08:28:42 [ultranest] [DEBUG] iteration=180, ncalls=604, regioncalls=8160, ndraw=40, logz=-494.56, remainder_fraction=100.0000%, Lmin=-468.75, Lmax=-11.48
08:28:42 [ultranest] [DEBUG] iteration=195, ncalls=626, regioncalls=9040, ndraw=40, logz=-274.17, remainder_fraction=100.0000%, Lmin=-259.69, Lmax=-11.48
08:28:42 [ultranest] [DEBUG] iteration=200, ncalls=632, regioncalls=9280, ndraw=40, logz=-220.43, remainder_fraction=100.0000%, Lmin=-194.32, Lmax=-11.48
08:28:42 [ultranest] [DEBUG] iteration=218, ncalls=655, regioncalls=10200, ndraw=40, logz=-98.03, remainder_fraction=100.0000%, Lmin=-91.19, Lmax=-11.48
08:28:42 [ultranest] [DEBUG] Plateau detected at L=-8.779603e+01, not replacing live point.
08:28:42 [ultranest] [DEBUG] Plateau detected at L=-8.779603e+01, not replacing live point.
08:28:42 [ultranest] [DEBUG] Plateau detected at L=-8.779603e+01, not replacing live point.
08:28:42 [ultranest] [DEBUG] Plateau detected at L=-8.779603e+01, not replacing live point.
08:28:42 [ultranest] [DEBUG] Plateau detected at L=-8.779603e+01, not replacing live point.
08:28:42 [ultranest] [DEBUG] Plateau detected at L=-8.779603e+01, not replacing live point.
08:28:42 [ultranest] [DEBUG] Plateau detected at L=-8.779603e+01, not replacing live point.
08:28:42 [ultranest] [DEBUG] Plateau detected at L=-8.779603e+01, not replacing live point.
08:28:42 [ultranest] [DEBUG] Plateau detected at L=-8.779603e+01, not replacing live point.
08:28:42 [ultranest] [DEBUG] Plateau detected at L=-8.779603e+01, not replacing live point.
08:28:42 [ultranest] [DEBUG] Plateau detected at L=-8.779603e+01, not replacing live point.
08:28:42 [ultranest] [DEBUG] Plateau detected at L=-8.779603e+01, not replacing live point.
08:28:42 [ultranest] [DEBUG] Plateau detected at L=-8.779603e+01, not replacing live point.
08:28:42 [ultranest] [DEBUG] Plateau detected at L=-8.779603e+01, not replacing live point.
08:28:42 [ultranest] [DEBUG] Plateau detected at L=-8.779603e+01, not replacing live point.
08:28:42 [ultranest] [DEBUG] Plateau detected at L=-8.779603e+01, not replacing live point.
08:28:42 [ultranest] [DEBUG] Plateau detected at L=-8.779603e+01, not replacing live point.
08:28:42 [ultranest] [DEBUG] Plateau detected at L=-8.779603e+01, not replacing live point.
08:28:42 [ultranest] [DEBUG] Plateau detected at L=-8.779603e+01, not replacing live point.
08:28:42 [ultranest] [DEBUG] Plateau detected at L=-8.779603e+01, not replacing live point.
08:28:42 [ultranest] [DEBUG] Plateau detected at L=-8.779603e+01, not replacing live point.
08:28:42 [ultranest] [DEBUG] Plateau detected at L=-8.779603e+01, not replacing live point.
08:28:42 [ultranest] [DEBUG] Plateau detected at L=-8.779603e+01, not replacing live point.
08:28:42 [ultranest] [DEBUG] Plateau detected at L=-8.779603e+01, not replacing live point.
08:28:42 [ultranest] [DEBUG] Plateau detected at L=-8.779603e+01, not replacing live point.
08:28:42 [ultranest] [DEBUG] Plateau detected at L=-8.779603e+01, not replacing live point.
08:28:42 [ultranest] [DEBUG] Plateau detected at L=-8.779603e+01, not replacing live point.
08:28:42 [ultranest] [DEBUG] Plateau detected at L=-8.779603e+01, not replacing live point.
08:28:42 [ultranest] [DEBUG] Plateau detected at L=-8.779603e+01, not replacing live point.
08:28:42 [ultranest] [DEBUG] Plateau detected at L=-8.779603e+01, not replacing live point.
08:28:42 [ultranest] [DEBUG] Plateau detected at L=-8.779603e+01, not replacing live point.
08:28:42 [ultranest] [DEBUG] Plateau detected at L=-8.779603e+01, not replacing live point.
08:28:42 [ultranest] [DEBUG] Plateau detected at L=-8.779603e+01, not replacing live point.
08:28:42 [ultranest] [DEBUG] Plateau detected at L=-8.779603e+01, not replacing live point.
08:28:42 [ultranest] [DEBUG] Plateau detected at L=-8.779603e+01, not replacing live point.
08:28:42 [ultranest] [DEBUG] Plateau detected at L=-8.779603e+01, not replacing live point.
08:28:42 [ultranest] [DEBUG] Plateau detected at L=-8.779603e+01, not replacing live point.
08:28:42 [ultranest] [DEBUG] Plateau detected at L=-8.779603e+01, not replacing live point.
08:28:42 [ultranest] [DEBUG] Plateau detected at L=-8.779603e+01, not replacing live point.
08:28:42 [ultranest] [DEBUG] Plateau detected at L=-8.779603e+01, not replacing live point.
08:28:42 [ultranest] [DEBUG] Plateau detected at L=-8.779603e+01, not replacing live point.
08:28:42 [ultranest] [DEBUG] Plateau detected at L=-8.779603e+01, not replacing live point.
08:28:42 [ultranest] [DEBUG] Plateau detected at L=-8.779603e+01, not replacing live point.
08:28:42 [ultranest] [DEBUG] Plateau detected at L=-8.779603e+01, not replacing live point.
08:28:42 [ultranest] [DEBUG] Plateau detected at L=-8.779603e+01, not replacing live point.
08:28:42 [ultranest] [DEBUG] Plateau detected at L=-8.779603e+01, not replacing live point.
08:28:42 [ultranest] [DEBUG] Plateau detected at L=-8.779603e+01, not replacing live point.
08:28:42 [ultranest] [DEBUG] Plateau detected at L=-8.779603e+01, not replacing live point.
08:28:42 [ultranest] [DEBUG] Plateau detected at L=-8.779603e+01, not replacing live point.
08:28:42 [ultranest] [DEBUG] Plateau detected at L=-8.779603e+01, not replacing live point.
08:28:42 [ultranest] [DEBUG] Plateau detected at L=-8.779603e+01, not replacing live point.
08:28:42 [ultranest] [DEBUG] Plateau detected at L=-8.779603e+01, not replacing live point.
08:28:42 [ultranest] [DEBUG] Plateau detected at L=-8.779603e+01, not replacing live point.
08:28:42 [ultranest] [DEBUG] Plateau detected at L=-8.779603e+01, not replacing live point.
08:28:42 [ultranest] [DEBUG] Plateau detected at L=-8.779603e+01, not replacing live point.
08:28:42 [ultranest] [DEBUG] Plateau detected at L=-8.779603e+01, not replacing live point.
08:28:42 [ultranest] [DEBUG] Plateau detected at L=-8.779603e+01, not replacing live point.
08:28:42 [ultranest] [DEBUG] Plateau detected at L=-8.779603e+01, not replacing live point.
08:28:42 [ultranest] [DEBUG] Plateau detected at L=-8.779603e+01, not replacing live point.
08:28:42 [ultranest] [DEBUG] Plateau detected at L=-8.779603e+01, not replacing live point.
08:28:42 [ultranest] [DEBUG] Plateau detected at L=-8.779603e+01, not replacing live point.
08:28:42 [ultranest] [DEBUG] Plateau detected at L=-8.779603e+01, not replacing live point.
08:28:42 [ultranest] [DEBUG] Plateau detected at L=-8.779603e+01, not replacing live point.
08:28:42 [ultranest] [DEBUG] Plateau detected at L=-8.779603e+01, not replacing live point.
08:28:42 [ultranest] [DEBUG] Plateau detected at L=-8.779603e+01, not replacing live point.
08:28:42 [ultranest] [DEBUG] Plateau detected at L=-8.779603e+01, not replacing live point.
08:28:42 [ultranest] [DEBUG] Plateau detected at L=-8.779603e+01, not replacing live point.
08:28:42 [ultranest] [DEBUG] Plateau detected at L=-8.779603e+01, not replacing live point.
08:28:42 [ultranest] [DEBUG] Plateau detected at L=-8.779603e+01, not replacing live point.
08:28:42 [ultranest] [DEBUG] Plateau detected at L=-8.779603e+01, not replacing live point.
08:28:42 [ultranest] [DEBUG] Plateau detected at L=-8.779603e+01, not replacing live point.
08:28:42 [ultranest] [DEBUG] Plateau detected at L=-8.779603e+01, not replacing live point.
08:28:42 [ultranest] [DEBUG] Plateau detected at L=-8.779603e+01, not replacing live point.
08:28:42 [ultranest] [DEBUG] Plateau detected at L=-8.779603e+01, not replacing live point.
08:28:42 [ultranest] [DEBUG] Plateau detected at L=-8.779603e+01, not replacing live point.
08:28:42 [ultranest] [DEBUG] Plateau detected at L=-8.779603e+01, not replacing live point.
08:28:42 [ultranest] [DEBUG] iteration=302, ncalls=664, regioncalls=10560, ndraw=40, logz=-89.97, remainder_fraction=100.0000%, Lmin=-87.80, Lmax=-11.48
08:28:42 [ultranest] [DEBUG] Plateau detected at L=-8.779603e+01, not replacing live point.
08:28:42 [ultranest] [DEBUG] Plateau detected at L=-8.779603e+01, not replacing live point.
08:28:42 [ultranest] [DEBUG] iteration=305, ncalls=665, regioncalls=10600, ndraw=40, logz=-89.93, remainder_fraction=100.0000%, Lmin=-87.80, Lmax=-11.48
08:28:42 [ultranest] [DEBUG] Plateau detected at L=-8.779603e+01, not replacing live point.
08:28:42 [ultranest] [DEBUG] iteration=307, ncalls=666, regioncalls=10640, ndraw=40, logz=-89.91, remainder_fraction=100.0000%, Lmin=-87.80, Lmax=-11.48
08:28:42 [ultranest] [DEBUG] Plateau detected at L=-8.779603e+01, not replacing live point.
08:28:42 [ultranest] [DEBUG] iteration=312, ncalls=673, regioncalls=10920, ndraw=40, logz=-89.85, remainder_fraction=100.0000%, Lmin=-87.80, Lmax=-11.48
08:28:42 [ultranest] [DEBUG] iteration=320, ncalls=687, regioncalls=11480, ndraw=40, logz=-89.77, remainder_fraction=100.0000%, Lmin=-87.80, Lmax=-11.48
08:28:42 [ultranest] [DEBUG] iteration=335, ncalls=720, regioncalls=12800, ndraw=40, logz=-89.64, remainder_fraction=100.0000%, Lmin=-87.80, Lmax=-11.48
08:28:42 [ultranest] [DEBUG] iteration=350, ncalls=753, regioncalls=14120, ndraw=40, logz=-89.52, remainder_fraction=100.0000%, Lmin=-87.80, Lmax=-11.48
08:28:42 [ultranest] [DEBUG] iteration=360, ncalls=775, regioncalls=15000, ndraw=40, logz=-89.46, remainder_fraction=100.0000%, Lmin=-87.80, Lmax=-10.40
08:28:43 [ultranest] [DEBUG] iteration=373, ncalls=806, regioncalls=16240, ndraw=40, logz=-89.38, remainder_fraction=100.0000%, Lmin=-87.80, Lmax=-10.40
08:28:43 [ultranest] [DEBUG] iteration=384, ncalls=831, regioncalls=17240, ndraw=40, logz=-89.32, remainder_fraction=100.0000%, Lmin=-87.80, Lmax=-10.40
08:28:43 [ultranest] [DEBUG] iteration=395, ncalls=858, regioncalls=18320, ndraw=40, logz=-89.27, remainder_fraction=100.0000%, Lmin=-87.80, Lmax=-10.40
08:28:43 [ultranest] [DEBUG] iteration=400, ncalls=866, regioncalls=18640, ndraw=40, logz=-89.24, remainder_fraction=100.0000%, Lmin=-87.80, Lmax=-10.40
08:28:43 [ultranest] [DEBUG] iteration=413, ncalls=897, regioncalls=19880, ndraw=40, logz=-89.19, remainder_fraction=100.0000%, Lmin=-87.80, Lmax=-10.40
08:28:43 [ultranest] [DEBUG] iteration=429, ncalls=927, regioncalls=21080, ndraw=40, logz=-89.13, remainder_fraction=100.0000%, Lmin=-87.79, Lmax=-10.40
08:28:43 [ultranest] [DEBUG] iteration=440, ncalls=952, regioncalls=22080, ndraw=40, logz=-89.09, remainder_fraction=100.0000%, Lmin=-87.79, Lmax=-10.40
08:28:43 [ultranest] [DEBUG] iteration=453, ncalls=984, regioncalls=23360, ndraw=40, logz=-89.04, remainder_fraction=100.0000%, Lmin=-87.77, Lmax=-10.40
08:28:43 [ultranest] [DEBUG] iteration=456, ncalls=991, regioncalls=23640, ndraw=40, logz=-89.03, remainder_fraction=100.0000%, Lmin=-87.77, Lmax=-10.40
08:28:43 [ultranest] [DEBUG] iteration=465, ncalls=1019, regioncalls=24760, ndraw=40, logz=-89.01, remainder_fraction=100.0000%, Lmin=-87.76, Lmax=-10.40
08:28:43 [ultranest] [DEBUG] iteration=480, ncalls=1045, regioncalls=25800, ndraw=40, logz=-88.96, remainder_fraction=100.0000%, Lmin=-87.71, Lmax=-10.40
08:28:43 [ultranest] [DEBUG] iteration=495, ncalls=1076, regioncalls=27040, ndraw=40, logz=-88.92, remainder_fraction=100.0000%, Lmin=-87.64, Lmax=-10.40
08:28:44 [ultranest] [DEBUG] iteration=510, ncalls=1108, regioncalls=28320, ndraw=40, logz=-88.88, remainder_fraction=100.0000%, Lmin=-87.58, Lmax=-10.40
08:28:44 [ultranest] [DEBUG] iteration=520, ncalls=1133, regioncalls=29320, ndraw=40, logz=-88.85, remainder_fraction=100.0000%, Lmin=-87.52, Lmax=-10.40
08:28:44 [ultranest] [DEBUG] iteration=528, ncalls=1148, regioncalls=29920, ndraw=40, logz=-88.83, remainder_fraction=100.0000%, Lmin=-87.46, Lmax=-10.40
08:28:44 [ultranest] [DEBUG] iteration=537, ncalls=1175, regioncalls=31000, ndraw=40, logz=-88.80, remainder_fraction=100.0000%, Lmin=-87.41, Lmax=-10.40
08:28:44 [ultranest] [DEBUG] iteration=549, ncalls=1206, regioncalls=32240, ndraw=40, logz=-88.77, remainder_fraction=100.0000%, Lmin=-87.32, Lmax=-10.40
08:28:44 [ultranest] [DEBUG] iteration=556, ncalls=1239, regioncalls=33560, ndraw=40, logz=-88.75, remainder_fraction=100.0000%, Lmin=-87.21, Lmax=-10.40
08:28:44 [ultranest] [DEBUG] iteration=560, ncalls=1251, regioncalls=34040, ndraw=40, logz=-88.74, remainder_fraction=100.0000%, Lmin=-87.18, Lmax=-10.40
08:28:44 [ultranest] [DEBUG] iteration=569, ncalls=1279, regioncalls=35160, ndraw=40, logz=-88.71, remainder_fraction=100.0000%, Lmin=-87.07, Lmax=-10.40
08:28:44 [ultranest] [DEBUG] iteration=580, ncalls=1310, regioncalls=36400, ndraw=40, logz=-88.67, remainder_fraction=100.0000%, Lmin=-86.93, Lmax=-10.40
08:28:44 [ultranest] [DEBUG] iteration=595, ncalls=1341, regioncalls=37640, ndraw=40, logz=-88.62, remainder_fraction=100.0000%, Lmin=-86.66, Lmax=-10.40
08:28:44 [ultranest] [DEBUG] iteration=600, ncalls=1361, regioncalls=38440, ndraw=40, logz=-88.60, remainder_fraction=100.0000%, Lmin=-86.56, Lmax=-10.40
08:28:45 [ultranest] [DEBUG] iteration=612, ncalls=1392, regioncalls=39680, ndraw=40, logz=-88.54, remainder_fraction=100.0000%, Lmin=-86.41, Lmax=-10.40
08:28:45 [ultranest] [DEBUG] iteration=619, ncalls=1425, regioncalls=41000, ndraw=40, logz=-88.51, remainder_fraction=100.0000%, Lmin=-86.22, Lmax=-10.40
08:28:45 [ultranest] [DEBUG] iteration=628, ncalls=1458, regioncalls=42320, ndraw=40, logz=-88.45, remainder_fraction=100.0000%, Lmin=-85.79, Lmax=-10.40
08:28:45 [ultranest] [DEBUG] iteration=638, ncalls=1492, regioncalls=43680, ndraw=40, logz=-88.37, remainder_fraction=100.0000%, Lmin=-85.34, Lmax=-10.40
08:28:45 [ultranest] [DEBUG] iteration=640, ncalls=1507, regioncalls=44280, ndraw=40, logz=-88.35, remainder_fraction=100.0000%, Lmin=-85.25, Lmax=-10.40
08:28:45 [ultranest] [DEBUG] iteration=654, ncalls=1541, regioncalls=45640, ndraw=40, logz=-88.16, remainder_fraction=100.0000%, Lmin=-84.78, Lmax=-10.40
08:28:45 [ultranest] [DEBUG] iteration=666, ncalls=1571, regioncalls=46840, ndraw=40, logz=-87.99, remainder_fraction=100.0000%, Lmin=-84.50, Lmax=-10.40
08:28:45 [ultranest] [DEBUG] iteration=672, ncalls=1598, regioncalls=47920, ndraw=40, logz=-87.89, remainder_fraction=100.0000%, Lmin=-84.22, Lmax=-10.40
08:28:45 [ultranest] [DEBUG] iteration=678, ncalls=1628, regioncalls=49120, ndraw=40, logz=-87.78, remainder_fraction=100.0000%, Lmin=-84.04, Lmax=-10.40
08:28:45 [ultranest] [DEBUG] iteration=680, ncalls=1639, regioncalls=49560, ndraw=40, logz=-87.74, remainder_fraction=100.0000%, Lmin=-83.99, Lmax=-10.40
08:28:45 [ultranest] [DEBUG] iteration=689, ncalls=1671, regioncalls=50840, ndraw=40, logz=-87.57, remainder_fraction=100.0000%, Lmin=-83.67, Lmax=-10.40
08:28:46 [ultranest] [DEBUG] iteration=697, ncalls=1705, regioncalls=52200, ndraw=40, logz=-87.40, remainder_fraction=100.0000%, Lmin=-83.40, Lmax=-10.40
08:28:46 [ultranest] [DEBUG] iteration=707, ncalls=1738, regioncalls=53520, ndraw=40, logz=-87.16, remainder_fraction=100.0000%, Lmin=-83.07, Lmax=-10.40
08:28:46 [ultranest] [DEBUG] iteration=712, ncalls=1774, regioncalls=54960, ndraw=40, logz=-87.04, remainder_fraction=100.0000%, Lmin=-82.89, Lmax=-10.40
08:28:46 [ultranest] [DEBUG] iteration=719, ncalls=1809, regioncalls=56360, ndraw=40, logz=-86.86, remainder_fraction=100.0000%, Lmin=-82.66, Lmax=-10.40
08:28:46 [ultranest] [DEBUG] iteration=720, ncalls=1814, regioncalls=56560, ndraw=40, logz=-86.84, remainder_fraction=100.0000%, Lmin=-82.64, Lmax=-10.40
08:28:46 [ultranest] [DEBUG] iteration=727, ncalls=1846, regioncalls=57840, ndraw=40, logz=-86.64, remainder_fraction=100.0000%, Lmin=-82.15, Lmax=-10.40
08:28:46 [ultranest] [DEBUG] iteration=736, ncalls=1879, regioncalls=59160, ndraw=40, logz=-86.33, remainder_fraction=100.0000%, Lmin=-81.66, Lmax=-10.40
08:28:46 [ultranest] [DEBUG] iteration=743, ncalls=1913, regioncalls=60520, ndraw=40, logz=-86.03, remainder_fraction=100.0000%, Lmin=-81.05, Lmax=-9.37
08:28:46 [ultranest] [DEBUG] iteration=754, ncalls=1939, regioncalls=61560, ndraw=40, logz=-85.44, remainder_fraction=100.0000%, Lmin=-80.34, Lmax=-9.37
08:28:46 [ultranest] [DEBUG] iteration=760, ncalls=1973, regioncalls=62920, ndraw=40, logz=-85.12, remainder_fraction=100.0000%, Lmin=-80.08, Lmax=-9.37
08:28:47 [ultranest] [DEBUG] iteration=770, ncalls=2006, regioncalls=64240, ndraw=40, logz=-84.60, remainder_fraction=100.0000%, Lmin=-79.37, Lmax=-9.37
08:28:47 [ultranest] [DEBUG] iteration=778, ncalls=2039, regioncalls=65560, ndraw=40, logz=-84.10, remainder_fraction=100.0000%, Lmin=-78.58, Lmax=-9.37
08:28:47 [ultranest] [DEBUG] iteration=785, ncalls=2075, regioncalls=67000, ndraw=40, logz=-83.59, remainder_fraction=100.0000%, Lmin=-78.25, Lmax=-9.37
08:28:47 [ultranest] [DEBUG] iteration=796, ncalls=2107, regioncalls=68280, ndraw=40, logz=-82.83, remainder_fraction=100.0000%, Lmin=-77.48, Lmax=-9.37
08:28:47 [ultranest] [DEBUG] iteration=800, ncalls=2122, regioncalls=68880, ndraw=40, logz=-82.57, remainder_fraction=100.0000%, Lmin=-77.11, Lmax=-9.37
08:28:47 [ultranest] [DEBUG] iteration=811, ncalls=2155, regioncalls=70200, ndraw=40, logz=-81.77, remainder_fraction=100.0000%, Lmin=-75.96, Lmax=-9.37
08:28:47 [ultranest] [DEBUG] iteration=819, ncalls=2185, regioncalls=71400, ndraw=40, logz=-81.08, remainder_fraction=100.0000%, Lmin=-75.50, Lmax=-9.37
08:28:47 [ultranest] [DEBUG] iteration=828, ncalls=2225, regioncalls=73000, ndraw=40, logz=-80.25, remainder_fraction=100.0000%, Lmin=-74.08, Lmax=-9.37
08:28:47 [ultranest] [DEBUG] iteration=839, ncalls=2264, regioncalls=74560, ndraw=40, logz=-79.10, remainder_fraction=100.0000%, Lmin=-73.15, Lmax=-9.37
08:28:47 [ultranest] [DEBUG] iteration=840, ncalls=2274, regioncalls=74960, ndraw=40, logz=-79.00, remainder_fraction=100.0000%, Lmin=-73.10, Lmax=-9.37
08:28:48 [ultranest] [DEBUG] iteration=846, ncalls=2306, regioncalls=76240, ndraw=40, logz=-78.17, remainder_fraction=100.0000%, Lmin=-71.89, Lmax=-9.37
08:28:48 [ultranest] [DEBUG] iteration=856, ncalls=2343, regioncalls=77720, ndraw=40, logz=-76.76, remainder_fraction=100.0000%, Lmin=-70.70, Lmax=-9.37
08:28:48 [ultranest] [DEBUG] iteration=866, ncalls=2383, regioncalls=79320, ndraw=40, logz=-75.70, remainder_fraction=100.0000%, Lmin=-69.67, Lmax=-9.37
08:28:48 [ultranest] [DEBUG] iteration=873, ncalls=2418, regioncalls=80720, ndraw=40, logz=-74.93, remainder_fraction=100.0000%, Lmin=-68.92, Lmax=-9.37
08:28:48 [ultranest] [DEBUG] iteration=877, ncalls=2455, regioncalls=82200, ndraw=40, logz=-74.58, remainder_fraction=100.0000%, Lmin=-68.70, Lmax=-9.37
08:28:48 [ultranest] [DEBUG] iteration=880, ncalls=2472, regioncalls=82880, ndraw=40, logz=-74.33, remainder_fraction=100.0000%, Lmin=-68.51, Lmax=-9.37
08:28:48 [ultranest] [DEBUG] iteration=887, ncalls=2510, regioncalls=84400, ndraw=40, logz=-73.84, remainder_fraction=100.0000%, Lmin=-68.02, Lmax=-9.37
08:28:48 [ultranest] [DEBUG] iteration=893, ncalls=2543, regioncalls=85720, ndraw=40, logz=-73.30, remainder_fraction=100.0000%, Lmin=-67.46, Lmax=-9.37
08:28:48 [ultranest] [DEBUG] iteration=903, ncalls=2574, regioncalls=86960, ndraw=40, logz=-72.33, remainder_fraction=100.0000%, Lmin=-66.17, Lmax=-9.37
08:28:48 [ultranest] [DEBUG] iteration=911, ncalls=2610, regioncalls=88400, ndraw=40, logz=-71.38, remainder_fraction=100.0000%, Lmin=-64.61, Lmax=-9.37
08:28:49 [ultranest] [DEBUG] iteration=919, ncalls=2647, regioncalls=89880, ndraw=40, logz=-70.21, remainder_fraction=100.0000%, Lmin=-63.86, Lmax=-9.37
08:28:49 [ultranest] [DEBUG] iteration=920, ncalls=2654, regioncalls=90160, ndraw=40, logz=-70.10, remainder_fraction=100.0000%, Lmin=-63.52, Lmax=-9.37
08:28:49 [ultranest] [DEBUG] iteration=927, ncalls=2693, regioncalls=91720, ndraw=40, logz=-69.11, remainder_fraction=100.0000%, Lmin=-62.64, Lmax=-9.37
08:28:49 [ultranest] [DEBUG] iteration=936, ncalls=2732, regioncalls=93280, ndraw=40, logz=-68.22, remainder_fraction=100.0000%, Lmin=-62.10, Lmax=-9.37
08:28:49 [ultranest] [DEBUG] iteration=945, ncalls=2776, regioncalls=95040, ndraw=40, logz=-67.42, remainder_fraction=100.0000%, Lmin=-61.18, Lmax=-9.37
08:28:49 [ultranest] [DEBUG] iteration=953, ncalls=2813, regioncalls=96520, ndraw=40, logz=-66.27, remainder_fraction=100.0000%, Lmin=-59.63, Lmax=-9.37
08:28:49 [ultranest] [DEBUG] iteration=959, ncalls=2851, regioncalls=98040, ndraw=40, logz=-65.58, remainder_fraction=100.0000%, Lmin=-59.23, Lmax=-9.37
08:28:49 [ultranest] [DEBUG] iteration=960, ncalls=2865, regioncalls=98600, ndraw=40, logz=-65.48, remainder_fraction=100.0000%, Lmin=-59.17, Lmax=-9.37
08:28:49 [ultranest] [DEBUG] iteration=969, ncalls=2896, regioncalls=99840, ndraw=40, logz=-64.69, remainder_fraction=100.0000%, Lmin=-58.60, Lmax=-9.37
08:28:49 [ultranest] [DEBUG] iteration=975, ncalls=2936, regioncalls=101440, ndraw=40, logz=-64.04, remainder_fraction=100.0000%, Lmin=-57.49, Lmax=-9.37
08:28:50 [ultranest] [DEBUG] iteration=980, ncalls=2977, regioncalls=103080, ndraw=40, logz=-63.51, remainder_fraction=100.0000%, Lmin=-57.04, Lmax=-9.37
08:28:50 [ultranest] [DEBUG] iteration=987, ncalls=3013, regioncalls=104520, ndraw=40, logz=-62.50, remainder_fraction=100.0000%, Lmin=-55.65, Lmax=-9.37
08:28:50 [ultranest] [DEBUG] iteration=993, ncalls=3052, regioncalls=106080, ndraw=40, logz=-61.73, remainder_fraction=100.0000%, Lmin=-55.07, Lmax=-9.37
08:28:50 [ultranest] [DEBUG] iteration=998, ncalls=3087, regioncalls=107480, ndraw=40, logz=-61.17, remainder_fraction=100.0000%, Lmin=-54.78, Lmax=-9.37
08:28:50 [ultranest] [DEBUG] iteration=1000, ncalls=3101, regioncalls=108040, ndraw=40, logz=-60.98, remainder_fraction=100.0000%, Lmin=-54.53, Lmax=-9.37
08:28:50 [ultranest] [DEBUG] iteration=1007, ncalls=3138, regioncalls=109520, ndraw=40, logz=-60.34, remainder_fraction=100.0000%, Lmin=-53.97, Lmax=-9.37
08:28:50 [ultranest] [DEBUG] iteration=1012, ncalls=3178, regioncalls=111120, ndraw=40, logz=-59.90, remainder_fraction=100.0000%, Lmin=-53.68, Lmax=-9.37
08:28:50 [ultranest] [DEBUG] iteration=1018, ncalls=3220, regioncalls=112800, ndraw=40, logz=-59.39, remainder_fraction=100.0000%, Lmin=-52.73, Lmax=-9.37
08:28:50 [ultranest] [DEBUG] iteration=1023, ncalls=3261, regioncalls=114440, ndraw=40, logz=-58.87, remainder_fraction=100.0000%, Lmin=-52.51, Lmax=-9.37
08:28:51 [ultranest] [DEBUG] iteration=1032, ncalls=3292, regioncalls=115680, ndraw=40, logz=-58.14, remainder_fraction=100.0000%, Lmin=-51.56, Lmax=-9.37
08:28:51 [ultranest] [DEBUG] iteration=1038, ncalls=3319, regioncalls=116760, ndraw=40, logz=-57.63, remainder_fraction=100.0000%, Lmin=-51.45, Lmax=-9.37
08:28:51 [ultranest] [DEBUG] iteration=1040, ncalls=3336, regioncalls=117440, ndraw=40, logz=-57.50, remainder_fraction=100.0000%, Lmin=-51.29, Lmax=-9.37
08:28:51 [ultranest] [DEBUG] iteration=1043, ncalls=3375, regioncalls=119000, ndraw=40, logz=-57.30, remainder_fraction=100.0000%, Lmin=-51.20, Lmax=-9.37
08:28:51 [ultranest] [DEBUG] iteration=1047, ncalls=3425, regioncalls=121000, ndraw=40, logz=-57.06, remainder_fraction=100.0000%, Lmin=-50.81, Lmax=-9.37
08:28:51 [ultranest] [DEBUG] iteration=1056, ncalls=3448, regioncalls=121920, ndraw=40, logz=-56.36, remainder_fraction=100.0000%, Lmin=-50.03, Lmax=-9.37
08:28:51 [ultranest] [DEBUG] iteration=1062, ncalls=3476, regioncalls=123040, ndraw=40, logz=-55.87, remainder_fraction=100.0000%, Lmin=-49.43, Lmax=-9.37
08:28:51 [ultranest] [DEBUG] iteration=1068, ncalls=3510, regioncalls=124400, ndraw=40, logz=-55.38, remainder_fraction=100.0000%, Lmin=-48.78, Lmax=-9.37
08:28:51 [ultranest] [DEBUG] iteration=1073, ncalls=3551, regioncalls=126040, ndraw=40, logz=-54.97, remainder_fraction=100.0000%, Lmin=-48.50, Lmax=-9.37
08:28:52 [ultranest] [DEBUG] iteration=1079, ncalls=3590, regioncalls=127600, ndraw=40, logz=-54.42, remainder_fraction=100.0000%, Lmin=-47.71, Lmax=-9.37
08:28:52 [ultranest] [DEBUG] iteration=1080, ncalls=3595, regioncalls=127800, ndraw=40, logz=-54.32, remainder_fraction=100.0000%, Lmin=-47.58, Lmax=-9.37
08:28:52 [ultranest] [DEBUG] iteration=1083, ncalls=3649, regioncalls=129960, ndraw=40, logz=-54.03, remainder_fraction=100.0000%, Lmin=-47.35, Lmax=-9.37
08:28:52 [ultranest] [DEBUG] iteration=1089, ncalls=3692, regioncalls=131680, ndraw=40, logz=-53.42, remainder_fraction=100.0000%, Lmin=-46.64, Lmax=-9.37
08:28:52 [ultranest] [DEBUG] iteration=1094, ncalls=3736, regioncalls=133440, ndraw=40, logz=-52.92, remainder_fraction=100.0000%, Lmin=-46.21, Lmax=-9.37
08:28:52 [ultranest] [DEBUG] iteration=1095, ncalls=3776, regioncalls=135040, ndraw=40, logz=-52.82, remainder_fraction=100.0000%, Lmin=-46.20, Lmax=-9.37
08:28:52 [ultranest] [DEBUG] iteration=1101, ncalls=3839, regioncalls=137560, ndraw=40, logz=-52.29, remainder_fraction=100.0000%, Lmin=-45.73, Lmax=-9.37
08:28:52 [ultranest] [DEBUG] iteration=1106, ncalls=3875, regioncalls=139000, ndraw=40, logz=-51.87, remainder_fraction=100.0000%, Lmin=-45.00, Lmax=-9.37
08:28:52 [ultranest] [DEBUG] iteration=1111, ncalls=3900, regioncalls=140000, ndraw=40, logz=-51.39, remainder_fraction=100.0000%, Lmin=-44.81, Lmax=-9.37
08:28:53 [ultranest] [DEBUG] iteration=1116, ncalls=3934, regioncalls=141360, ndraw=40, logz=-50.94, remainder_fraction=100.0000%, Lmin=-44.11, Lmax=-9.37
08:28:53 [ultranest] [DEBUG] iteration=1120, ncalls=3963, regioncalls=142520, ndraw=40, logz=-50.53, remainder_fraction=100.0000%, Lmin=-43.68, Lmax=-9.37
08:28:53 [ultranest] [DEBUG] iteration=1128, ncalls=4006, regioncalls=144240, ndraw=40, logz=-49.82, remainder_fraction=100.0000%, Lmin=-42.95, Lmax=-9.37
08:28:53 [ultranest] [DEBUG] iteration=1129, ncalls=4050, regioncalls=146000, ndraw=40, logz=-49.72, remainder_fraction=100.0000%, Lmin=-42.91, Lmax=-9.37
08:28:53 [ultranest] [DEBUG] iteration=1131, ncalls=4088, regioncalls=147520, ndraw=40, logz=-49.51, remainder_fraction=100.0000%, Lmin=-42.57, Lmax=-9.37
08:28:53 [ultranest] [DEBUG] iteration=1136, ncalls=4126, regioncalls=149040, ndraw=40, logz=-48.98, remainder_fraction=100.0000%, Lmin=-42.06, Lmax=-9.37
08:28:53 [ultranest] [DEBUG] iteration=1141, ncalls=4164, regioncalls=150560, ndraw=40, logz=-48.46, remainder_fraction=100.0000%, Lmin=-41.59, Lmax=-9.37
08:28:53 [ultranest] [DEBUG] iteration=1145, ncalls=4213, regioncalls=152520, ndraw=40, logz=-48.08, remainder_fraction=100.0000%, Lmin=-41.28, Lmax=-9.37
08:28:53 [ultranest] [DEBUG] iteration=1148, ncalls=4249, regioncalls=153960, ndraw=40, logz=-47.82, remainder_fraction=100.0000%, Lmin=-41.02, Lmax=-9.37
08:28:54 [ultranest] [DEBUG] iteration=1154, ncalls=4293, regioncalls=155720, ndraw=40, logz=-47.35, remainder_fraction=100.0000%, Lmin=-40.75, Lmax=-9.37
08:28:54 [ultranest] [DEBUG] iteration=1159, ncalls=4336, regioncalls=157440, ndraw=40, logz=-47.00, remainder_fraction=100.0000%, Lmin=-40.40, Lmax=-9.37
08:28:54 [ultranest] [DEBUG] iteration=1160, ncalls=4340, regioncalls=157600, ndraw=40, logz=-46.93, remainder_fraction=100.0000%, Lmin=-40.35, Lmax=-9.37
08:28:54 [ultranest] [DEBUG] iteration=1171, ncalls=4369, regioncalls=158760, ndraw=40, logz=-46.15, remainder_fraction=100.0000%, Lmin=-39.49, Lmax=-9.37
08:28:54 [ultranest] [DEBUG] iteration=1174, ncalls=4408, regioncalls=160320, ndraw=40, logz=-45.95, remainder_fraction=100.0000%, Lmin=-39.13, Lmax=-9.37
08:28:54 [ultranest] [DEBUG] iteration=1176, ncalls=4422, regioncalls=160880, ndraw=40, logz=-45.77, remainder_fraction=100.0000%, Lmin=-38.84, Lmax=-9.37
08:28:54 [ultranest] [DEBUG] iteration=1183, ncalls=4453, regioncalls=162120, ndraw=40, logz=-45.16, remainder_fraction=100.0000%, Lmin=-38.27, Lmax=-9.37
08:28:54 [ultranest] [DEBUG] iteration=1190, ncalls=4486, regioncalls=163440, ndraw=40, logz=-44.53, remainder_fraction=100.0000%, Lmin=-37.53, Lmax=-9.37
08:28:54 [ultranest] [DEBUG] iteration=1195, ncalls=4522, regioncalls=164880, ndraw=40, logz=-44.10, remainder_fraction=100.0000%, Lmin=-37.13, Lmax=-9.37
08:28:54 [ultranest] [DEBUG] iteration=1200, ncalls=4558, regioncalls=166320, ndraw=40, logz=-43.69, remainder_fraction=100.0000%, Lmin=-36.82, Lmax=-9.37
08:28:55 [ultranest] [DEBUG] iteration=1208, ncalls=4595, regioncalls=167800, ndraw=40, logz=-43.06, remainder_fraction=100.0000%, Lmin=-36.08, Lmax=-9.37
08:28:55 [ultranest] [DEBUG] iteration=1215, ncalls=4631, regioncalls=169240, ndraw=40, logz=-42.38, remainder_fraction=100.0000%, Lmin=-35.23, Lmax=-9.37
08:28:55 [ultranest] [DEBUG] iteration=1221, ncalls=4666, regioncalls=170640, ndraw=40, logz=-41.87, remainder_fraction=100.0000%, Lmin=-35.02, Lmax=-9.37
08:28:55 [ultranest] [DEBUG] iteration=1225, ncalls=4722, regioncalls=172880, ndraw=40, logz=-41.57, remainder_fraction=100.0000%, Lmin=-34.77, Lmax=-9.37
08:28:55 [ultranest] [DEBUG] iteration=1234, ncalls=4758, regioncalls=174320, ndraw=40, logz=-41.00, remainder_fraction=100.0000%, Lmin=-34.45, Lmax=-9.37
08:28:55 [ultranest] [DEBUG] iteration=1240, ncalls=4779, regioncalls=175160, ndraw=40, logz=-40.70, remainder_fraction=100.0000%, Lmin=-34.31, Lmax=-9.37
08:28:55 [ultranest] [DEBUG] iteration=1245, ncalls=4812, regioncalls=176480, ndraw=40, logz=-40.40, remainder_fraction=100.0000%, Lmin=-33.65, Lmax=-9.37
08:28:55 [ultranest] [DEBUG] iteration=1250, ncalls=4853, regioncalls=178120, ndraw=40, logz=-40.12, remainder_fraction=100.0000%, Lmin=-33.27, Lmax=-9.37
08:28:55 [ultranest] [DEBUG] iteration=1254, ncalls=4884, regioncalls=179360, ndraw=40, logz=-39.85, remainder_fraction=100.0000%, Lmin=-33.08, Lmax=-9.37
08:28:56 [ultranest] [DEBUG] iteration=1260, ncalls=4921, regioncalls=180840, ndraw=40, logz=-39.45, remainder_fraction=100.0000%, Lmin=-32.55, Lmax=-9.37
08:28:56 [ultranest] [DEBUG] iteration=1265, ncalls=4970, regioncalls=182960, ndraw=40, logz=-39.13, remainder_fraction=100.0000%, Lmin=-32.25, Lmax=-9.37
08:28:56 [ultranest] [DEBUG] iteration=1271, ncalls=5012, regioncalls=184640, ndraw=40, logz=-38.74, remainder_fraction=100.0000%, Lmin=-31.92, Lmax=-9.37
08:28:56 [ultranest] [DEBUG] iteration=1275, ncalls=5048, regioncalls=186080, ndraw=40, logz=-38.49, remainder_fraction=100.0000%, Lmin=-31.75, Lmax=-9.37
08:28:56 [ultranest] [DEBUG] iteration=1280, ncalls=5069, regioncalls=186920, ndraw=40, logz=-38.22, remainder_fraction=100.0000%, Lmin=-31.47, Lmax=-9.37
08:28:56 [ultranest] [DEBUG] iteration=1284, ncalls=5113, regioncalls=188680, ndraw=40, logz=-37.99, remainder_fraction=100.0000%, Lmin=-31.20, Lmax=-9.37
08:28:56 [ultranest] [DEBUG] iteration=1292, ncalls=5148, regioncalls=190080, ndraw=40, logz=-37.58, remainder_fraction=100.0000%, Lmin=-31.00, Lmax=-9.10
08:28:56 [ultranest] [DEBUG] iteration=1297, ncalls=5183, regioncalls=191600, ndraw=40, logz=-37.27, remainder_fraction=100.0000%, Lmin=-30.28, Lmax=-9.10
08:28:56 [ultranest] [DEBUG] iteration=1301, ncalls=5232, regioncalls=193560, ndraw=40, logz=-36.99, remainder_fraction=100.0000%, Lmin=-30.05, Lmax=-9.10
08:28:57 [ultranest] [DEBUG] iteration=1306, ncalls=5275, regioncalls=195280, ndraw=40, logz=-36.69, remainder_fraction=100.0000%, Lmin=-29.86, Lmax=-9.10
08:28:57 [ultranest] [DEBUG] iteration=1312, ncalls=5312, regioncalls=196760, ndraw=40, logz=-36.38, remainder_fraction=100.0000%, Lmin=-29.72, Lmax=-9.10
08:28:57 [ultranest] [DEBUG] iteration=1319, ncalls=5349, regioncalls=198240, ndraw=40, logz=-36.06, remainder_fraction=100.0000%, Lmin=-29.48, Lmax=-9.10
08:28:57 [ultranest] [DEBUG] iteration=1320, ncalls=5352, regioncalls=198360, ndraw=40, logz=-36.02, remainder_fraction=100.0000%, Lmin=-29.45, Lmax=-9.10
08:28:57 [ultranest] [DEBUG] iteration=1323, ncalls=5396, regioncalls=200120, ndraw=40, logz=-35.90, remainder_fraction=100.0000%, Lmin=-29.37, Lmax=-9.10
08:28:57 [ultranest] [DEBUG] iteration=1331, ncalls=5430, regioncalls=201480, ndraw=40, logz=-35.57, remainder_fraction=100.0000%, Lmin=-28.99, Lmax=-9.10
08:28:57 [ultranest] [DEBUG] iteration=1335, ncalls=5465, regioncalls=202880, ndraw=40, logz=-35.40, remainder_fraction=100.0000%, Lmin=-28.69, Lmax=-9.10
08:28:57 [ultranest] [DEBUG] iteration=1339, ncalls=5498, regioncalls=204200, ndraw=40, logz=-35.23, remainder_fraction=100.0000%, Lmin=-28.60, Lmax=-9.10
08:28:57 [ultranest] [DEBUG] iteration=1344, ncalls=5536, regioncalls=205720, ndraw=40, logz=-35.01, remainder_fraction=100.0000%, Lmin=-28.25, Lmax=-9.10
08:28:57 [ultranest] [DEBUG] iteration=1348, ncalls=5576, regioncalls=207320, ndraw=40, logz=-34.80, remainder_fraction=100.0000%, Lmin=-27.93, Lmax=-9.10
08:28:58 [ultranest] [DEBUG] iteration=1354, ncalls=5615, regioncalls=208960, ndraw=40, logz=-34.50, remainder_fraction=100.0000%, Lmin=-27.65, Lmax=-9.10
08:28:58 [ultranest] [DEBUG] iteration=1359, ncalls=5656, regioncalls=210600, ndraw=40, logz=-34.25, remainder_fraction=100.0000%, Lmin=-27.35, Lmax=-9.10
08:28:58 [ultranest] [DEBUG] iteration=1360, ncalls=5659, regioncalls=210720, ndraw=40, logz=-34.20, remainder_fraction=100.0000%, Lmin=-27.31, Lmax=-9.10
08:28:58 [ultranest] [DEBUG] iteration=1366, ncalls=5715, regioncalls=212960, ndraw=40, logz=-33.89, remainder_fraction=100.0000%, Lmin=-26.96, Lmax=-9.10
08:28:58 [ultranest] [DEBUG] iteration=1372, ncalls=5762, regioncalls=214840, ndraw=40, logz=-33.57, remainder_fraction=100.0000%, Lmin=-26.45, Lmax=-9.10
08:28:58 [ultranest] [DEBUG] iteration=1377, ncalls=5797, regioncalls=216240, ndraw=40, logz=-33.26, remainder_fraction=100.0000%, Lmin=-26.13, Lmax=-9.10
08:28:58 [ultranest] [DEBUG] iteration=1382, ncalls=5833, regioncalls=217680, ndraw=40, logz=-32.98, remainder_fraction=100.0000%, Lmin=-26.05, Lmax=-9.10
08:28:58 [ultranest] [DEBUG] iteration=1389, ncalls=5870, regioncalls=219160, ndraw=40, logz=-32.65, remainder_fraction=100.0000%, Lmin=-25.70, Lmax=-9.10
08:28:59 [ultranest] [DEBUG] iteration=1393, ncalls=5902, regioncalls=220440, ndraw=40, logz=-32.46, remainder_fraction=100.0000%, Lmin=-25.63, Lmax=-9.10
08:28:59 [ultranest] [DEBUG] iteration=1399, ncalls=5934, regioncalls=221720, ndraw=40, logz=-32.21, remainder_fraction=100.0000%, Lmin=-25.44, Lmax=-9.10
08:28:59 [ultranest] [DEBUG] iteration=1400, ncalls=5950, regioncalls=222360, ndraw=40, logz=-32.17, remainder_fraction=100.0000%, Lmin=-25.41, Lmax=-9.10
08:28:59 [ultranest] [DEBUG] iteration=1409, ncalls=5985, regioncalls=223760, ndraw=40, logz=-31.81, remainder_fraction=100.0000%, Lmin=-24.97, Lmax=-9.10
08:28:59 [ultranest] [DEBUG] iteration=1416, ncalls=6024, regioncalls=225320, ndraw=40, logz=-31.52, remainder_fraction=100.0000%, Lmin=-24.77, Lmax=-9.10
08:28:59 [ultranest] [DEBUG] iteration=1421, ncalls=6064, regioncalls=226920, ndraw=40, logz=-31.33, remainder_fraction=100.0000%, Lmin=-24.52, Lmax=-9.10
08:28:59 [ultranest] [DEBUG] iteration=1429, ncalls=6098, regioncalls=228280, ndraw=40, logz=-31.01, remainder_fraction=100.0000%, Lmin=-24.06, Lmax=-9.10
08:28:59 [ultranest] [DEBUG] iteration=1437, ncalls=6161, regioncalls=230800, ndraw=40, logz=-30.64, remainder_fraction=99.9999%, Lmin=-23.45, Lmax=-9.10
08:28:59 [ultranest] [DEBUG] iteration=1440, ncalls=6180, regioncalls=231560, ndraw=40, logz=-30.48, remainder_fraction=99.9999%, Lmin=-23.39, Lmax=-9.10
08:28:59 [ultranest] [DEBUG] iteration=1448, ncalls=6227, regioncalls=233440, ndraw=40, logz=-30.14, remainder_fraction=99.9999%, Lmin=-23.20, Lmax=-9.10
08:29:00 [ultranest] [DEBUG] iteration=1453, ncalls=6279, regioncalls=235520, ndraw=40, logz=-29.94, remainder_fraction=99.9999%, Lmin=-23.06, Lmax=-9.10
08:29:00 [ultranest] [DEBUG] iteration=1462, ncalls=6322, regioncalls=237240, ndraw=40, logz=-29.62, remainder_fraction=99.9998%, Lmin=-22.86, Lmax=-9.10
08:29:00 [ultranest] [DEBUG] iteration=1464, ncalls=6331, regioncalls=237600, ndraw=40, logz=-29.56, remainder_fraction=99.9998%, Lmin=-22.77, Lmax=-9.10
08:29:00 [ultranest] [DEBUG] iteration=1471, ncalls=6361, regioncalls=238840, ndraw=40, logz=-29.31, remainder_fraction=99.9998%, Lmin=-22.43, Lmax=-9.10
08:29:00 [ultranest] [DEBUG] iteration=1478, ncalls=6397, regioncalls=240280, ndraw=40, logz=-29.07, remainder_fraction=99.9997%, Lmin=-22.17, Lmax=-9.10
08:29:00 [ultranest] [DEBUG] iteration=1480, ncalls=6402, regioncalls=240480, ndraw=40, logz=-29.00, remainder_fraction=99.9997%, Lmin=-22.13, Lmax=-9.10
08:29:00 [ultranest] [DEBUG] iteration=1489, ncalls=6441, regioncalls=242040, ndraw=40, logz=-28.68, remainder_fraction=99.9996%, Lmin=-21.72, Lmax=-9.10
08:29:00 [ultranest] [DEBUG] iteration=1498, ncalls=6481, regioncalls=243640, ndraw=40, logz=-28.37, remainder_fraction=99.9994%, Lmin=-21.42, Lmax=-9.10
08:29:00 [ultranest] [DEBUG] iteration=1507, ncalls=6512, regioncalls=244880, ndraw=40, logz=-28.03, remainder_fraction=99.9992%, Lmin=-20.85, Lmax=-9.10
08:29:01 [ultranest] [DEBUG] iteration=1515, ncalls=6553, regioncalls=246520, ndraw=40, logz=-27.68, remainder_fraction=99.9989%, Lmin=-20.47, Lmax=-9.10
08:29:01 [ultranest] [DEBUG] iteration=1520, ncalls=6576, regioncalls=247440, ndraw=40, logz=-27.45, remainder_fraction=99.9986%, Lmin=-20.19, Lmax=-9.10
08:29:01 [ultranest] [DEBUG] iteration=1528, ncalls=6608, regioncalls=248720, ndraw=40, logz=-27.10, remainder_fraction=99.9980%, Lmin=-19.84, Lmax=-9.10
08:29:01 [ultranest] [DEBUG] iteration=1536, ncalls=6623, regioncalls=249360, ndraw=40, logz=-26.77, remainder_fraction=99.9973%, Lmin=-19.61, Lmax=-9.07
08:29:01 [ultranest] [DEBUG] iteration=1550, ncalls=6649, regioncalls=250400, ndraw=40, logz=-26.24, remainder_fraction=99.9954%, Lmin=-19.13, Lmax=-9.07
08:29:01 [ultranest] [DEBUG] iteration=1560, ncalls=6664, regioncalls=251000, ndraw=40, logz=-25.92, remainder_fraction=99.9935%, Lmin=-18.96, Lmax=-9.07
08:29:01 [ultranest] [DEBUG] iteration=1576, ncalls=6693, regioncalls=252200, ndraw=40, logz=-25.46, remainder_fraction=99.9898%, Lmin=-18.39, Lmax=-9.07
08:29:01 [ultranest] [DEBUG] iteration=1587, ncalls=6724, regioncalls=253520, ndraw=40, logz=-25.14, remainder_fraction=99.9857%, Lmin=-18.13, Lmax=-9.07
08:29:01 [ultranest] [DEBUG] iteration=1600, ncalls=6752, regioncalls=254640, ndraw=40, logz=-24.77, remainder_fraction=99.9796%, Lmin=-17.84, Lmax=-9.07
08:29:01 [ultranest] [DEBUG] iteration=1608, ncalls=6765, regioncalls=255240, ndraw=40, logz=-24.58, remainder_fraction=99.9750%, Lmin=-17.66, Lmax=-9.07
08:29:01 [ultranest] [DEBUG] iteration=1622, ncalls=6792, regioncalls=256320, ndraw=40, logz=-24.26, remainder_fraction=99.9677%, Lmin=-17.40, Lmax=-9.07
08:29:01 [ultranest] [DEBUG] iteration=1637, ncalls=6820, regioncalls=257440, ndraw=40, logz=-23.90, remainder_fraction=99.9563%, Lmin=-16.84, Lmax=-9.07
08:29:02 [ultranest] [DEBUG] iteration=1640, ncalls=6823, regioncalls=257560, ndraw=40, logz=-23.83, remainder_fraction=99.9527%, Lmin=-16.78, Lmax=-9.07
08:29:02 [ultranest] [DEBUG] iteration=1655, ncalls=6854, regioncalls=258800, ndraw=40, logz=-23.46, remainder_fraction=99.9296%, Lmin=-16.39, Lmax=-9.07
08:29:02 [ultranest] [DEBUG] iteration=1670, ncalls=6884, regioncalls=260000, ndraw=40, logz=-23.11, remainder_fraction=99.9014%, Lmin=-16.05, Lmax=-9.07
08:29:02 [ultranest] [DEBUG] iteration=1680, ncalls=6899, regioncalls=260680, ndraw=40, logz=-22.88, remainder_fraction=99.8751%, Lmin=-15.79, Lmax=-9.07
08:29:02 [ultranest] [DEBUG] iteration=1695, ncalls=6925, regioncalls=261720, ndraw=40, logz=-22.55, remainder_fraction=99.8236%, Lmin=-15.45, Lmax=-9.07
08:29:02 [ultranest] [DEBUG] iteration=1709, ncalls=6955, regioncalls=262920, ndraw=40, logz=-22.24, remainder_fraction=99.7556%, Lmin=-15.12, Lmax=-9.07
08:29:02 [ultranest] [DEBUG] iteration=1720, ncalls=6977, regioncalls=263800, ndraw=40, logz=-22.00, remainder_fraction=99.6861%, Lmin=-14.67, Lmax=-9.07
08:29:02 [ultranest] [DEBUG] iteration=1735, ncalls=7007, regioncalls=265000, ndraw=40, logz=-21.64, remainder_fraction=99.5493%, Lmin=-14.43, Lmax=-9.07
08:29:02 [ultranest] [DEBUG] iteration=1752, ncalls=7037, regioncalls=266240, ndraw=40, logz=-21.30, remainder_fraction=99.3626%, Lmin=-14.21, Lmax=-9.07
08:29:02 [ultranest] [DEBUG] iteration=1760, ncalls=7049, regioncalls=266760, ndraw=40, logz=-21.15, remainder_fraction=99.2690%, Lmin=-14.12, Lmax=-9.07
08:29:02 [ultranest] [DEBUG] iteration=1772, ncalls=7078, regioncalls=267920, ndraw=40, logz=-20.96, remainder_fraction=99.0974%, Lmin=-13.97, Lmax=-9.07
08:29:03 [ultranest] [DEBUG] iteration=1789, ncalls=7107, regioncalls=269080, ndraw=40, logz=-20.69, remainder_fraction=98.8208%, Lmin=-13.62, Lmax=-9.07
08:29:03 [ultranest] [DEBUG] iteration=1800, ncalls=7130, regioncalls=270000, ndraw=40, logz=-20.52, remainder_fraction=98.5919%, Lmin=-13.47, Lmax=-9.07
08:29:03 [ultranest] [DEBUG] iteration=1818, ncalls=7159, regioncalls=271160, ndraw=40, logz=-20.25, remainder_fraction=98.2012%, Lmin=-13.17, Lmax=-9.07
08:29:03 [ultranest] [DEBUG] iteration=1824, ncalls=7169, regioncalls=271600, ndraw=40, logz=-20.16, remainder_fraction=98.0427%, Lmin=-13.09, Lmax=-9.07
08:29:03 [ultranest] [DEBUG] iteration=1835, ncalls=7196, regioncalls=272720, ndraw=40, logz=-20.01, remainder_fraction=97.7189%, Lmin=-12.95, Lmax=-9.07
08:29:03 [ultranest] [DEBUG] iteration=1840, ncalls=7210, regioncalls=273280, ndraw=40, logz=-19.94, remainder_fraction=97.5620%, Lmin=-12.89, Lmax=-9.07
08:29:03 [ultranest] [DEBUG] iteration=1854, ncalls=7241, regioncalls=274520, ndraw=40, logz=-19.75, remainder_fraction=97.0256%, Lmin=-12.69, Lmax=-9.07
08:29:03 [ultranest] [DEBUG] iteration=1870, ncalls=7270, regioncalls=275680, ndraw=40, logz=-19.55, remainder_fraction=96.3362%, Lmin=-12.54, Lmax=-9.07
08:29:03 [ultranest] [DEBUG] iteration=1880, ncalls=7289, regioncalls=276440, ndraw=40, logz=-19.44, remainder_fraction=96.0030%, Lmin=-12.42, Lmax=-9.05
08:29:03 [ultranest] [DEBUG] iteration=1891, ncalls=7321, regioncalls=277720, ndraw=40, logz=-19.31, remainder_fraction=95.4200%, Lmin=-12.33, Lmax=-9.05
08:29:03 [ultranest] [DEBUG] iteration=1896, ncalls=7328, regioncalls=278040, ndraw=40, logz=-19.26, remainder_fraction=95.1661%, Lmin=-12.29, Lmax=-9.05
08:29:03 [ultranest] [DEBUG] iteration=1910, ncalls=7355, regioncalls=279120, ndraw=40, logz=-19.12, remainder_fraction=94.4091%, Lmin=-12.19, Lmax=-9.05
08:29:03 [ultranest] [DEBUG] iteration=1920, ncalls=7367, regioncalls=279600, ndraw=40, logz=-19.03, remainder_fraction=93.8888%, Lmin=-12.11, Lmax=-9.05
08:29:04 [ultranest] [DEBUG] iteration=1935, ncalls=7396, regioncalls=280760, ndraw=40, logz=-18.89, remainder_fraction=93.0141%, Lmin=-12.02, Lmax=-9.05
08:29:04 [ultranest] [DEBUG] iteration=1952, ncalls=7425, regioncalls=281920, ndraw=40, logz=-18.75, remainder_fraction=91.9332%, Lmin=-11.88, Lmax=-9.05
08:29:04 [ultranest] [DEBUG] iteration=1960, ncalls=7445, regioncalls=282720, ndraw=40, logz=-18.69, remainder_fraction=91.4412%, Lmin=-11.85, Lmax=-9.04
08:29:04 [ultranest] [DEBUG] iteration=1968, ncalls=7458, regioncalls=283280, ndraw=40, logz=-18.63, remainder_fraction=90.8707%, Lmin=-11.80, Lmax=-9.04
08:29:04 [ultranest] [DEBUG] iteration=1984, ncalls=7483, regioncalls=284280, ndraw=40, logz=-18.52, remainder_fraction=89.7519%, Lmin=-11.69, Lmax=-9.04
08:29:04 [ultranest] [DEBUG] iteration=2000, ncalls=7507, regioncalls=285240, ndraw=40, logz=-18.41, remainder_fraction=88.5209%, Lmin=-11.62, Lmax=-9.04
08:29:04 [ultranest] [DEBUG] iteration=2013, ncalls=7537, regioncalls=286440, ndraw=40, logz=-18.33, remainder_fraction=87.5269%, Lmin=-11.52, Lmax=-9.04
08:29:04 [ultranest] [DEBUG] iteration=2029, ncalls=7569, regioncalls=287720, ndraw=40, logz=-18.23, remainder_fraction=86.3289%, Lmin=-11.43, Lmax=-9.04
08:29:04 [ultranest] [DEBUG] iteration=2040, ncalls=7588, regioncalls=288560, ndraw=40, logz=-18.17, remainder_fraction=85.2289%, Lmin=-11.39, Lmax=-9.04
08:29:04 [ultranest] [DEBUG] iteration=2051, ncalls=7617, regioncalls=289880, ndraw=40, logz=-18.11, remainder_fraction=84.4005%, Lmin=-11.33, Lmax=-9.04
08:29:05 [ultranest] [DEBUG] iteration=2064, ncalls=7651, regioncalls=291240, ndraw=40, logz=-18.04, remainder_fraction=83.3678%, Lmin=-11.27, Lmax=-9.04
08:29:05 [ultranest] [DEBUG] iteration=2078, ncalls=7681, regioncalls=292440, ndraw=40, logz=-17.97, remainder_fraction=82.0598%, Lmin=-11.20, Lmax=-9.04
08:29:05 [ultranest] [DEBUG] iteration=2080, ncalls=7685, regioncalls=292600, ndraw=40, logz=-17.96, remainder_fraction=81.9434%, Lmin=-11.19, Lmax=-9.04
08:29:05 [ultranest] [DEBUG] iteration=2091, ncalls=7710, regioncalls=293600, ndraw=40, logz=-17.91, remainder_fraction=80.8162%, Lmin=-11.15, Lmax=-9.04
08:29:05 [ultranest] [DEBUG] iteration=2107, ncalls=7738, regioncalls=294720, ndraw=40, logz=-17.84, remainder_fraction=79.2599%, Lmin=-11.08, Lmax=-9.04
08:29:05 [ultranest] [DEBUG] iteration=2112, ncalls=7744, regioncalls=295000, ndraw=40, logz=-17.82, remainder_fraction=78.8002%, Lmin=-11.06, Lmax=-9.04
08:29:05 [ultranest] [DEBUG] iteration=2120, ncalls=7757, regioncalls=295520, ndraw=40, logz=-17.78, remainder_fraction=78.0078%, Lmin=-11.05, Lmax=-9.04
08:29:05 [ultranest] [DEBUG] iteration=2133, ncalls=7785, regioncalls=296640, ndraw=40, logz=-17.73, remainder_fraction=76.6314%, Lmin=-11.00, Lmax=-9.04
08:29:05 [ultranest] [DEBUG] iteration=2151, ncalls=7815, regioncalls=297840, ndraw=40, logz=-17.66, remainder_fraction=75.0808%, Lmin=-10.92, Lmax=-9.04
08:29:05 [ultranest] [DEBUG] iteration=2160, ncalls=7827, regioncalls=298320, ndraw=40, logz=-17.63, remainder_fraction=74.3329%, Lmin=-10.88, Lmax=-9.04
08:29:05 [ultranest] [DEBUG] iteration=2172, ncalls=7861, regioncalls=299680, ndraw=40, logz=-17.59, remainder_fraction=73.1974%, Lmin=-10.85, Lmax=-9.02
08:29:05 [ultranest] [DEBUG] iteration=2187, ncalls=7885, regioncalls=300640, ndraw=40, logz=-17.53, remainder_fraction=71.8744%, Lmin=-10.77, Lmax=-9.02
08:29:05 [ultranest] [DEBUG] iteration=2200, ncalls=7909, regioncalls=301600, ndraw=40, logz=-17.49, remainder_fraction=70.4807%, Lmin=-10.71, Lmax=-9.02
08:29:06 [ultranest] [DEBUG] iteration=2213, ncalls=7943, regioncalls=302960, ndraw=40, logz=-17.45, remainder_fraction=69.2759%, Lmin=-10.67, Lmax=-9.02
08:29:06 [ultranest] [DEBUG] iteration=2224, ncalls=7975, regioncalls=304240, ndraw=40, logz=-17.41, remainder_fraction=68.1395%, Lmin=-10.63, Lmax=-9.02
08:29:06 [ultranest] [DEBUG] iteration=2238, ncalls=8010, regioncalls=305640, ndraw=40, logz=-17.37, remainder_fraction=66.9721%, Lmin=-10.58, Lmax=-9.02
08:29:06 [ultranest] [DEBUG] iteration=2240, ncalls=8014, regioncalls=305800, ndraw=40, logz=-17.36, remainder_fraction=66.7831%, Lmin=-10.57, Lmax=-9.02
08:29:06 [ultranest] [DEBUG] iteration=2254, ncalls=8045, regioncalls=307040, ndraw=40, logz=-17.32, remainder_fraction=65.5705%, Lmin=-10.51, Lmax=-9.02
08:29:06 [ultranest] [DEBUG] iteration=2256, ncalls=8048, regioncalls=307200, ndraw=40, logz=-17.32, remainder_fraction=65.3540%, Lmin=-10.50, Lmax=-9.02
08:29:06 [ultranest] [DEBUG] iteration=2270, ncalls=8073, regioncalls=308200, ndraw=40, logz=-17.28, remainder_fraction=64.1853%, Lmin=-10.46, Lmax=-9.02
08:29:06 [ultranest] [DEBUG] iteration=2280, ncalls=8090, regioncalls=308880, ndraw=40, logz=-17.25, remainder_fraction=63.1941%, Lmin=-10.43, Lmax=-9.02
08:29:06 [ultranest] [DEBUG] iteration=2296, ncalls=8120, regioncalls=310080, ndraw=40, logz=-17.21, remainder_fraction=61.5158%, Lmin=-10.40, Lmax=-9.02
08:29:06 [ultranest] [DEBUG] iteration=2309, ncalls=8151, regioncalls=311320, ndraw=40, logz=-17.17, remainder_fraction=60.2119%, Lmin=-10.35, Lmax=-9.02
08:29:06 [ultranest] [DEBUG] iteration=2320, ncalls=8180, regioncalls=312480, ndraw=40, logz=-17.15, remainder_fraction=59.3504%, Lmin=-10.32, Lmax=-9.02
08:29:06 [ultranest] [DEBUG] iteration=2328, ncalls=8190, regioncalls=312920, ndraw=40, logz=-17.13, remainder_fraction=58.5253%, Lmin=-10.30, Lmax=-9.02
08:29:07 [ultranest] [DEBUG] iteration=2346, ncalls=8216, regioncalls=313960, ndraw=40, logz=-17.09, remainder_fraction=56.8774%, Lmin=-10.25, Lmax=-9.02
08:29:07 [ultranest] [DEBUG] iteration=2360, ncalls=8247, regioncalls=315200, ndraw=40, logz=-17.05, remainder_fraction=55.3955%, Lmin=-10.21, Lmax=-9.02
08:29:07 [ultranest] [DEBUG] iteration=2376, ncalls=8277, regioncalls=316400, ndraw=40, logz=-17.02, remainder_fraction=53.9055%, Lmin=-10.16, Lmax=-9.02
08:29:07 [ultranest] [DEBUG] iteration=2392, ncalls=8306, regioncalls=317560, ndraw=40, logz=-16.99, remainder_fraction=52.4309%, Lmin=-10.08, Lmax=-9.02
08:29:07 [ultranest] [DEBUG] iteration=2400, ncalls=8323, regioncalls=318280, ndraw=40, logz=-16.97, remainder_fraction=51.8018%, Lmin=-10.07, Lmax=-9.02
08:29:07 [ultranest] [DEBUG] iteration=2415, ncalls=8347, regioncalls=319280, ndraw=40, logz=-16.94, remainder_fraction=50.2458%, Lmin=-10.02, Lmax=-9.02
08:29:07 [ultranest] [DEBUG] iteration=2426, ncalls=8377, regioncalls=320480, ndraw=40, logz=-16.92, remainder_fraction=49.2405%, Lmin=-9.99, Lmax=-9.02
08:29:07 [ultranest] [DEBUG] iteration=2439, ncalls=8407, regioncalls=321760, ndraw=40, logz=-16.89, remainder_fraction=48.0271%, Lmin=-9.96, Lmax=-9.02
08:29:07 [ultranest] [DEBUG] iteration=2440, ncalls=8411, regioncalls=321920, ndraw=40, logz=-16.89, remainder_fraction=47.9282%, Lmin=-9.96, Lmax=-9.02
08:29:07 [ultranest] [DEBUG] iteration=2458, ncalls=8440, regioncalls=323080, ndraw=40, logz=-16.86, remainder_fraction=46.1116%, Lmin=-9.91, Lmax=-9.02
08:29:07 [ultranest] [DEBUG] iteration=2474, ncalls=8466, regioncalls=324120, ndraw=40, logz=-16.83, remainder_fraction=44.7301%, Lmin=-9.89, Lmax=-9.02
08:29:08 [ultranest] [DEBUG] iteration=2480, ncalls=8479, regioncalls=324640, ndraw=40, logz=-16.82, remainder_fraction=44.2249%, Lmin=-9.88, Lmax=-9.02
08:29:08 [ultranest] [DEBUG] iteration=2493, ncalls=8510, regioncalls=325880, ndraw=40, logz=-16.80, remainder_fraction=43.0504%, Lmin=-9.84, Lmax=-9.02
08:29:08 [ultranest] [DEBUG] iteration=2509, ncalls=8544, regioncalls=327240, ndraw=40, logz=-16.78, remainder_fraction=41.6256%, Lmin=-9.81, Lmax=-9.02
08:29:08 [ultranest] [DEBUG] iteration=2520, ncalls=8572, regioncalls=328360, ndraw=40, logz=-16.76, remainder_fraction=40.6442%, Lmin=-9.79, Lmax=-9.02
08:29:08 [ultranest] [DEBUG] iteration=2539, ncalls=8601, regioncalls=329520, ndraw=40, logz=-16.73, remainder_fraction=39.1829%, Lmin=-9.76, Lmax=-9.01
08:29:08 [ultranest] [DEBUG] iteration=2544, ncalls=8611, regioncalls=330000, ndraw=40, logz=-16.72, remainder_fraction=38.7064%, Lmin=-9.75, Lmax=-9.01
08:29:08 [ultranest] [DEBUG] iteration=2556, ncalls=8644, regioncalls=331320, ndraw=40, logz=-16.71, remainder_fraction=37.7193%, Lmin=-9.73, Lmax=-9.01
08:29:08 [ultranest] [DEBUG] iteration=2560, ncalls=8652, regioncalls=331640, ndraw=40, logz=-16.70, remainder_fraction=37.3531%, Lmin=-9.73, Lmax=-9.01
08:29:08 [ultranest] [DEBUG] iteration=2574, ncalls=8682, regioncalls=332840, ndraw=40, logz=-16.68, remainder_fraction=36.2886%, Lmin=-9.71, Lmax=-8.99
08:29:08 [ultranest] [DEBUG] iteration=2585, ncalls=8716, regioncalls=334200, ndraw=40, logz=-16.67, remainder_fraction=35.3448%, Lmin=-9.68, Lmax=-8.99
08:29:08 [ultranest] [DEBUG] iteration=2597, ncalls=8751, regioncalls=335600, ndraw=40, logz=-16.66, remainder_fraction=34.4311%, Lmin=-9.66, Lmax=-8.99
08:29:08 [ultranest] [DEBUG] iteration=2600, ncalls=8757, regioncalls=335840, ndraw=40, logz=-16.65, remainder_fraction=34.1593%, Lmin=-9.66, Lmax=-8.99
08:29:09 [ultranest] [DEBUG] iteration=2616, ncalls=8786, regioncalls=337000, ndraw=40, logz=-16.63, remainder_fraction=32.8340%, Lmin=-9.64, Lmax=-8.99
08:29:09 [ultranest] [DEBUG] iteration=2624, ncalls=8814, regioncalls=338120, ndraw=40, logz=-16.63, remainder_fraction=32.2685%, Lmin=-9.62, Lmax=-8.99
08:29:09 [ultranest] [DEBUG] iteration=2637, ncalls=8850, regioncalls=339560, ndraw=40, logz=-16.61, remainder_fraction=31.1903%, Lmin=-9.61, Lmax=-8.99
08:29:09 [ultranest] [DEBUG] iteration=2640, ncalls=8856, regioncalls=339800, ndraw=40, logz=-16.61, remainder_fraction=30.9588%, Lmin=-9.61, Lmax=-8.99
08:29:09 [ultranest] [DEBUG] iteration=2655, ncalls=8889, regioncalls=341120, ndraw=40, logz=-16.59, remainder_fraction=29.8657%, Lmin=-9.59, Lmax=-8.99
08:29:09 [ultranest] [DEBUG] iteration=2667, ncalls=8920, regioncalls=342360, ndraw=40, logz=-16.58, remainder_fraction=29.0289%, Lmin=-9.58, Lmax=-8.99
08:29:09 [ultranest] [DEBUG] iteration=2680, ncalls=8941, regioncalls=343200, ndraw=40, logz=-16.57, remainder_fraction=28.1189%, Lmin=-9.56, Lmax=-8.99
08:29:09 [ultranest] [DEBUG] iteration=2688, ncalls=8965, regioncalls=344200, ndraw=40, logz=-16.56, remainder_fraction=27.5626%, Lmin=-9.56, Lmax=-8.99
08:29:09 [ultranest] [DEBUG] iteration=2702, ncalls=8990, regioncalls=345360, ndraw=40, logz=-16.55, remainder_fraction=26.6074%, Lmin=-9.54, Lmax=-8.99
08:29:09 [ultranest] [DEBUG] iteration=2717, ncalls=9018, regioncalls=346480, ndraw=40, logz=-16.53, remainder_fraction=25.6636%, Lmin=-9.52, Lmax=-8.99
08:29:09 [ultranest] [DEBUG] iteration=2720, ncalls=9021, regioncalls=346600, ndraw=40, logz=-16.53, remainder_fraction=25.4887%, Lmin=-9.51, Lmax=-8.99
08:29:10 [ultranest] [DEBUG] iteration=2734, ncalls=9050, regioncalls=347760, ndraw=40, logz=-16.52, remainder_fraction=24.6188%, Lmin=-9.49, Lmax=-8.99
08:29:10 [ultranest] [DEBUG] iteration=2750, ncalls=9079, regioncalls=348920, ndraw=40, logz=-16.51, remainder_fraction=23.6422%, Lmin=-9.46, Lmax=-8.99
08:29:10 [ultranest] [DEBUG] iteration=2760, ncalls=9098, regioncalls=349720, ndraw=40, logz=-16.50, remainder_fraction=23.0401%, Lmin=-9.45, Lmax=-8.99
08:29:10 [ultranest] [DEBUG] iteration=2771, ncalls=9127, regioncalls=350880, ndraw=40, logz=-16.49, remainder_fraction=22.3814%, Lmin=-9.44, Lmax=-8.99
08:29:10 [ultranest] [DEBUG] iteration=2781, ncalls=9161, regioncalls=352240, ndraw=40, logz=-16.48, remainder_fraction=21.8339%, Lmin=-9.43, Lmax=-8.99
08:29:10 [ultranest] [DEBUG] iteration=2792, ncalls=9192, regioncalls=353480, ndraw=40, logz=-16.48, remainder_fraction=21.1895%, Lmin=-9.42, Lmax=-8.99
08:29:10 [ultranest] [DEBUG] iteration=2800, ncalls=9203, regioncalls=353920, ndraw=40, logz=-16.47, remainder_fraction=20.7721%, Lmin=-9.41, Lmax=-8.99
08:29:10 [ultranest] [DEBUG] iteration=2815, ncalls=9238, regioncalls=355320, ndraw=40, logz=-16.46, remainder_fraction=19.9558%, Lmin=-9.40, Lmax=-8.99
08:29:10 [ultranest] [DEBUG] iteration=2831, ncalls=9269, regioncalls=356560, ndraw=40, logz=-16.45, remainder_fraction=19.1174%, Lmin=-9.38, Lmax=-8.99
08:29:10 [ultranest] [DEBUG] iteration=2832, ncalls=9271, regioncalls=356800, ndraw=40, logz=-16.45, remainder_fraction=19.0663%, Lmin=-9.38, Lmax=-8.99
08:29:10 [ultranest] [DEBUG] iteration=2840, ncalls=9291, regioncalls=357600, ndraw=40, logz=-16.45, remainder_fraction=18.6728%, Lmin=-9.37, Lmax=-8.99
08:29:10 [ultranest] [DEBUG] iteration=2855, ncalls=9318, regioncalls=358680, ndraw=40, logz=-16.44, remainder_fraction=17.9953%, Lmin=-9.36, Lmax=-8.99
08:29:11 [ultranest] [DEBUG] iteration=2870, ncalls=9346, regioncalls=359800, ndraw=40, logz=-16.43, remainder_fraction=17.2673%, Lmin=-9.35, Lmax=-8.99
08:29:11 [ultranest] [DEBUG] iteration=2880, ncalls=9368, regioncalls=360680, ndraw=40, logz=-16.42, remainder_fraction=16.8147%, Lmin=-9.34, Lmax=-8.99
08:29:11 [ultranest] [DEBUG] iteration=2897, ncalls=9394, regioncalls=361720, ndraw=40, logz=-16.41, remainder_fraction=16.0884%, Lmin=-9.33, Lmax=-8.99
08:29:11 [ultranest] [DEBUG] iteration=2904, ncalls=9408, regioncalls=362320, ndraw=40, logz=-16.41, remainder_fraction=15.7712%, Lmin=-9.33, Lmax=-8.99
08:29:11 [ultranest] [DEBUG] iteration=2919, ncalls=9434, regioncalls=363360, ndraw=40, logz=-16.40, remainder_fraction=15.1592%, Lmin=-9.32, Lmax=-8.99
08:29:11 [ultranest] [DEBUG] iteration=2920, ncalls=9436, regioncalls=363440, ndraw=40, logz=-16.40, remainder_fraction=15.1227%, Lmin=-9.32, Lmax=-8.99
08:29:11 [ultranest] [DEBUG] iteration=2937, ncalls=9462, regioncalls=364480, ndraw=40, logz=-16.39, remainder_fraction=14.4463%, Lmin=-9.30, Lmax=-8.99
08:29:11 [ultranest] [DEBUG] iteration=2954, ncalls=9490, regioncalls=365600, ndraw=40, logz=-16.39, remainder_fraction=13.7656%, Lmin=-9.29, Lmax=-8.99
08:29:11 [ultranest] [DEBUG] iteration=2960, ncalls=9504, regioncalls=366160, ndraw=40, logz=-16.38, remainder_fraction=13.5303%, Lmin=-9.28, Lmax=-8.99
08:29:11 [ultranest] [DEBUG] iteration=2975, ncalls=9534, regioncalls=367360, ndraw=40, logz=-16.38, remainder_fraction=12.9743%, Lmin=-9.27, Lmax=-8.99
08:29:11 [ultranest] [DEBUG] iteration=2985, ncalls=9558, regioncalls=368320, ndraw=40, logz=-16.37, remainder_fraction=12.6095%, Lmin=-9.27, Lmax=-8.99
08:29:12 [ultranest] [DEBUG] iteration=2998, ncalls=9591, regioncalls=369640, ndraw=40, logz=-16.37, remainder_fraction=12.1679%, Lmin=-9.26, Lmax=-8.99
08:29:12 [ultranest] [DEBUG] iteration=3000, ncalls=9594, regioncalls=369760, ndraw=40, logz=-16.37, remainder_fraction=12.1032%, Lmin=-9.26, Lmax=-8.99
08:29:12 [ultranest] [DEBUG] iteration=3014, ncalls=9624, regioncalls=370960, ndraw=40, logz=-16.36, remainder_fraction=11.6338%, Lmin=-9.25, Lmax=-8.99
08:29:12 [ultranest] [DEBUG] iteration=3029, ncalls=9650, regioncalls=372000, ndraw=40, logz=-16.36, remainder_fraction=11.1460%, Lmin=-9.24, Lmax=-8.99
08:29:12 [ultranest] [DEBUG] iteration=3040, ncalls=9673, regioncalls=372920, ndraw=40, logz=-16.35, remainder_fraction=10.7929%, Lmin=-9.24, Lmax=-8.99
08:29:12 [ultranest] [DEBUG] iteration=3048, ncalls=9694, regioncalls=373800, ndraw=40, logz=-16.35, remainder_fraction=10.5494%, Lmin=-9.23, Lmax=-8.99
08:29:12 [ultranest] [DEBUG] iteration=3062, ncalls=9719, regioncalls=374800, ndraw=40, logz=-16.35, remainder_fraction=10.1471%, Lmin=-9.22, Lmax=-8.99
08:29:12 [ultranest] [DEBUG] iteration=3076, ncalls=9744, regioncalls=375800, ndraw=40, logz=-16.34, remainder_fraction=9.7558%, Lmin=-9.22, Lmax=-8.99
08:29:12 [ultranest] [DEBUG] iteration=3080, ncalls=9750, regioncalls=376040, ndraw=40, logz=-16.34, remainder_fraction=9.6480%, Lmin=-9.22, Lmax=-8.99
08:29:12 [ultranest] [DEBUG] iteration=3094, ncalls=9772, regioncalls=376920, ndraw=40, logz=-16.34, remainder_fraction=9.2657%, Lmin=-9.21, Lmax=-8.99
08:29:12 [ultranest] [DEBUG] iteration=3106, ncalls=9800, regioncalls=378040, ndraw=40, logz=-16.33, remainder_fraction=8.9495%, Lmin=-9.21, Lmax=-8.99
08:29:12 [ultranest] [DEBUG] iteration=3120, ncalls=9824, regioncalls=379040, ndraw=40, logz=-16.33, remainder_fraction=8.5969%, Lmin=-9.20, Lmax=-8.99
08:29:13 [ultranest] [DEBUG] iteration=3131, ncalls=9850, regioncalls=380080, ndraw=40, logz=-16.33, remainder_fraction=8.3283%, Lmin=-9.19, Lmax=-8.99
08:29:13 [ultranest] [DEBUG] iteration=3147, ncalls=9877, regioncalls=381160, ndraw=40, logz=-16.32, remainder_fraction=7.9548%, Lmin=-9.18, Lmax=-8.99
08:29:13 [ultranest] [DEBUG] iteration=3160, ncalls=9897, regioncalls=382000, ndraw=40, logz=-16.32, remainder_fraction=7.6560%, Lmin=-9.18, Lmax=-8.99
08:29:13 [ultranest] [DEBUG] iteration=3174, ncalls=9928, regioncalls=383240, ndraw=40, logz=-16.32, remainder_fraction=7.3531%, Lmin=-9.17, Lmax=-8.99
08:29:13 [ultranest] [DEBUG] iteration=3191, ncalls=9957, regioncalls=384400, ndraw=40, logz=-16.31, remainder_fraction=6.9981%, Lmin=-9.17, Lmax=-8.99
08:29:13 [ultranest] [DEBUG] iteration=3192, ncalls=9959, regioncalls=384520, ndraw=40, logz=-16.31, remainder_fraction=6.9781%, Lmin=-9.17, Lmax=-8.99
08:29:13 [ultranest] [DEBUG] iteration=3200, ncalls=9970, regioncalls=384960, ndraw=40, logz=-16.31, remainder_fraction=6.8185%, Lmin=-9.16, Lmax=-8.99
08:29:13 [ultranest] [DEBUG] iteration=3218, ncalls=9998, regioncalls=386080, ndraw=40, logz=-16.31, remainder_fraction=6.4649%, Lmin=-9.15, Lmax=-8.99
08:29:13 [ultranest] [DEBUG] iteration=3232, ncalls=10028, regioncalls=387280, ndraw=40, logz=-16.30, remainder_fraction=6.2075%, Lmin=-9.15, Lmax=-8.99
08:29:13 [ultranest] [DEBUG] iteration=3240, ncalls=10040, regioncalls=387760, ndraw=40, logz=-16.30, remainder_fraction=6.0623%, Lmin=-9.14, Lmax=-8.99
08:29:13 [ultranest] [DEBUG] iteration=3262, ncalls=10067, regioncalls=388840, ndraw=40, logz=-16.30, remainder_fraction=5.6795%, Lmin=-9.14, Lmax=-8.99
08:29:13 [ultranest] [DEBUG] iteration=3264, ncalls=10071, regioncalls=389040, ndraw=40, logz=-16.30, remainder_fraction=5.6461%, Lmin=-9.14, Lmax=-8.99
08:29:14 [ultranest] [DEBUG] iteration=3280, ncalls=10096, regioncalls=390040, ndraw=40, logz=-16.29, remainder_fraction=5.3842%, Lmin=-9.13, Lmax=-8.99
08:29:14 [ultranest] [DEBUG] iteration=3295, ncalls=10124, regioncalls=391200, ndraw=40, logz=-16.29, remainder_fraction=5.1528%, Lmin=-9.13, Lmax=-8.99
08:29:14 [ultranest] [DEBUG] iteration=3311, ncalls=10152, regioncalls=392320, ndraw=40, logz=-16.29, remainder_fraction=4.9150%, Lmin=-9.13, Lmax=-8.99
08:29:14 [ultranest] [DEBUG] iteration=3320, ncalls=10161, regioncalls=392680, ndraw=40, logz=-16.29, remainder_fraction=4.7843%, Lmin=-9.12, Lmax=-8.99
08:29:14 [ultranest] [DEBUG] iteration=3334, ncalls=10191, regioncalls=393880, ndraw=40, logz=-16.29, remainder_fraction=4.5879%, Lmin=-9.12, Lmax=-8.99
08:29:14 [ultranest] [DEBUG] iteration=3336, ncalls=10193, regioncalls=394000, ndraw=40, logz=-16.29, remainder_fraction=4.5603%, Lmin=-9.12, Lmax=-8.99
08:29:14 [ultranest] [DEBUG] iteration=3348, ncalls=10218, regioncalls=395000, ndraw=40, logz=-16.28, remainder_fraction=4.4001%, Lmin=-9.11, Lmax=-8.99
08:29:14 [ultranest] [DEBUG] iteration=3360, ncalls=10239, regioncalls=395840, ndraw=40, logz=-16.28, remainder_fraction=4.2462%, Lmin=-9.11, Lmax=-8.99
08:29:14 [ultranest] [DEBUG] iteration=3375, ncalls=10267, regioncalls=397080, ndraw=40, logz=-16.28, remainder_fraction=4.0620%, Lmin=-9.11, Lmax=-8.99
08:29:14 [ultranest] [DEBUG] iteration=3387, ncalls=10298, regioncalls=398320, ndraw=40, logz=-16.28, remainder_fraction=3.9175%, Lmin=-9.10, Lmax=-8.99
08:29:14 [ultranest] [DEBUG] iteration=3400, ncalls=10316, regioncalls=399040, ndraw=40, logz=-16.28, remainder_fraction=3.7678%, Lmin=-9.10, Lmax=-8.99
08:29:14 [ultranest] [DEBUG] iteration=3408, ncalls=10328, regioncalls=399560, ndraw=40, logz=-16.28, remainder_fraction=3.6773%, Lmin=-9.10, Lmax=-8.99
08:29:15 [ultranest] [DEBUG] iteration=3422, ncalls=10354, regioncalls=400600, ndraw=40, logz=-16.27, remainder_fraction=3.5250%, Lmin=-9.10, Lmax=-8.99
08:29:15 [ultranest] [DEBUG] iteration=3439, ncalls=10381, regioncalls=401680, ndraw=40, logz=-16.27, remainder_fraction=3.3486%, Lmin=-9.10, Lmax=-8.99
08:29:15 [ultranest] [DEBUG] iteration=3440, ncalls=10382, regioncalls=401720, ndraw=40, logz=-16.27, remainder_fraction=3.3383%, Lmin=-9.10, Lmax=-8.99
08:29:15 [ultranest] [INFO] Explored until L=-9  
08:29:15 [ultranest] [INFO] Likelihood function evaluations: 10390
08:29:16 [ultranest] [INFO] Writing samples and results to disk ...
08:29:16 [ultranest] [INFO] Writing samples and results to disk ... done
08:29:16 [ultranest] [DEBUG] did a run_iter pass!
08:29:16 [ultranest] [INFO]   logZ = -16.26 +- 0.0988
08:29:16 [ultranest] [INFO] Effective samples strategy satisfied (ESS = 1414.9, need >400)
08:29:16 [ultranest] [INFO] Posterior uncertainty strategy is satisfied (KL: 0.46+-0.07 nat, need <0.50 nat)
08:29:16 [ultranest] [INFO] Evidency uncertainty strategy is satisfied (dlogz=0.10, need <0.5)
08:29:16 [ultranest] [INFO]   logZ error budget: single: 0.14 bs:0.10 tail:0.03 total:0.10 required:<0.50
08:29:16 [ultranest] [INFO] done iterating.
08:29:16 [ultranest] [DEBUG] Making corner plot ...
08:29:17 [ultranest] [DEBUG] Making corner plot ... done
08:29:17 [ultranest] [DEBUG] Making run plot ... 
08:29:18 [ultranest] [DEBUG] Making run plot ... done
08:29:18 [ultranest] [DEBUG] Making trace plot ... 
08:29:19 [ultranest] [DEBUG] Making trace plot ... done
21:41:25 [ultranest] [DEBUG] ReactiveNestedSampler: dims=3+0, resume=True, log_dir=/home/orion51/Desktop/Research/spectral_fitting/FGL_spectral_fitting/Individual_sources/2CXOJ110823.6+091239/mekal_out_, backend=hdf5, vectorized=False, nbootstraps=30, ndraw=128..65536
21:41:25 [ultranest] [DEBUG] Testing resume consistency: [-9.09402713e+00 -9.00602686e+00  0.00000000e+00  3.33016835e-01
  6.28920369e-01  2.48651528e-03 -4.66983165e+00  5.57912013e-01
  1.90174056e+01]: u=[0.33301684 0.62892037 0.00248652] -> p=[-4.66983165  0.55791201 19.01740561] -> L=-9.006026863692842 
21:41:25 [ultranest] [INFO] Resuming from 3766 stored points
21:41:25 [ultranest] [DEBUG] run_iter dlogz=0.5, dKL=0.5, frac_remain=0.01, Lepsilon=0.1000, min_ess=400
21:41:25 [ultranest] [DEBUG] max_iters=-1, max_ncalls=-1, max_num_improvement_loops=-1, min_num_live_points=400, cluster_num_live_points=40
21:41:25 [ultranest] [DEBUG] minimal_widths_sequence: [(-inf, 400.0), (inf, 400.0)]
21:41:26 [ultranest] [DEBUG] iteration=0, ncalls=10390, regioncalls=0, ndraw=40, logz=-inf, remainder_fraction=100.0000%, Lmin=-291643688.85, Lmax=-11.48
21:41:26 [ultranest] [DEBUG] iteration=40, ncalls=10390, regioncalls=0, ndraw=40, logz=-3978728.93, remainder_fraction=100.0000%, Lmin=-3904462.25, Lmax=-11.48
21:41:26 [ultranest] [DEBUG] iteration=80, ncalls=10390, regioncalls=0, ndraw=40, logz=-162910.83, remainder_fraction=100.0000%, Lmin=-152362.04, Lmax=-11.48
21:41:26 [ultranest] [DEBUG] iteration=120, ncalls=10390, regioncalls=0, ndraw=40, logz=-15157.88, remainder_fraction=100.0000%, Lmin=-14115.92, Lmax=-11.48
21:41:26 [ultranest] [DEBUG] iteration=160, ncalls=10390, regioncalls=0, ndraw=40, logz=-1674.43, remainder_fraction=100.0000%, Lmin=-1592.00, Lmax=-11.48
21:41:26 [ultranest] [DEBUG] iteration=200, ncalls=10390, regioncalls=0, ndraw=40, logz=-220.43, remainder_fraction=100.0000%, Lmin=-194.32, Lmax=-11.48
21:41:26 [ultranest] [DEBUG] Plateau detected at L=-8.779603e+01, not replacing live point.
21:41:26 [ultranest] [DEBUG] Plateau detected at L=-8.779603e+01, not replacing live point.
21:41:26 [ultranest] [DEBUG] Plateau detected at L=-8.779603e+01, not replacing live point.
21:41:26 [ultranest] [DEBUG] Plateau detected at L=-8.779603e+01, not replacing live point.
21:41:26 [ultranest] [DEBUG] Plateau detected at L=-8.779603e+01, not replacing live point.
21:41:26 [ultranest] [DEBUG] Plateau detected at L=-8.779603e+01, not replacing live point.
21:41:26 [ultranest] [DEBUG] Plateau detected at L=-8.779603e+01, not replacing live point.
21:41:26 [ultranest] [DEBUG] Plateau detected at L=-8.779603e+01, not replacing live point.
21:41:26 [ultranest] [DEBUG] Plateau detected at L=-8.779603e+01, not replacing live point.
21:41:26 [ultranest] [DEBUG] Plateau detected at L=-8.779603e+01, not replacing live point.
21:41:26 [ultranest] [DEBUG] Plateau detected at L=-8.779603e+01, not replacing live point.
21:41:26 [ultranest] [DEBUG] Plateau detected at L=-8.779603e+01, not replacing live point.
21:41:26 [ultranest] [DEBUG] Plateau detected at L=-8.779603e+01, not replacing live point.
21:41:26 [ultranest] [DEBUG] Plateau detected at L=-8.779603e+01, not replacing live point.
21:41:26 [ultranest] [DEBUG] Plateau detected at L=-8.779603e+01, not replacing live point.
21:41:26 [ultranest] [DEBUG] Plateau detected at L=-8.779603e+01, not replacing live point.
21:41:26 [ultranest] [DEBUG] Plateau detected at L=-8.779603e+01, not replacing live point.
21:41:26 [ultranest] [DEBUG] Plateau detected at L=-8.779603e+01, not replacing live point.
21:41:26 [ultranest] [DEBUG] Plateau detected at L=-8.779603e+01, not replacing live point.
21:41:26 [ultranest] [DEBUG] Plateau detected at L=-8.779603e+01, not replacing live point.
21:41:26 [ultranest] [DEBUG] Plateau detected at L=-8.779603e+01, not replacing live point.
21:41:26 [ultranest] [DEBUG] Plateau detected at L=-8.779603e+01, not replacing live point.
21:41:26 [ultranest] [DEBUG] Plateau detected at L=-8.779603e+01, not replacing live point.
21:41:26 [ultranest] [DEBUG] Plateau detected at L=-8.779603e+01, not replacing live point.
21:41:26 [ultranest] [DEBUG] Plateau detected at L=-8.779603e+01, not replacing live point.
21:41:26 [ultranest] [DEBUG] Plateau detected at L=-8.779603e+01, not replacing live point.
21:41:26 [ultranest] [DEBUG] Plateau detected at L=-8.779603e+01, not replacing live point.
21:41:26 [ultranest] [DEBUG] Plateau detected at L=-8.779603e+01, not replacing live point.
21:41:26 [ultranest] [DEBUG] Plateau detected at L=-8.779603e+01, not replacing live point.
21:41:26 [ultranest] [DEBUG] Plateau detected at L=-8.779603e+01, not replacing live point.
21:41:26 [ultranest] [DEBUG] Plateau detected at L=-8.779603e+01, not replacing live point.
21:41:26 [ultranest] [DEBUG] Plateau detected at L=-8.779603e+01, not replacing live point.
21:41:26 [ultranest] [DEBUG] Plateau detected at L=-8.779603e+01, not replacing live point.
21:41:26 [ultranest] [DEBUG] Plateau detected at L=-8.779603e+01, not replacing live point.
21:41:26 [ultranest] [DEBUG] Plateau detected at L=-8.779603e+01, not replacing live point.
21:41:26 [ultranest] [DEBUG] Plateau detected at L=-8.779603e+01, not replacing live point.
21:41:26 [ultranest] [DEBUG] Plateau detected at L=-8.779603e+01, not replacing live point.
21:41:26 [ultranest] [DEBUG] Plateau detected at L=-8.779603e+01, not replacing live point.
21:41:26 [ultranest] [DEBUG] Plateau detected at L=-8.779603e+01, not replacing live point.
21:41:26 [ultranest] [DEBUG] Plateau detected at L=-8.779603e+01, not replacing live point.
21:41:26 [ultranest] [DEBUG] Plateau detected at L=-8.779603e+01, not replacing live point.
21:41:26 [ultranest] [DEBUG] Plateau detected at L=-8.779603e+01, not replacing live point.
21:41:26 [ultranest] [DEBUG] Plateau detected at L=-8.779603e+01, not replacing live point.
21:41:26 [ultranest] [DEBUG] Plateau detected at L=-8.779603e+01, not replacing live point.
21:41:26 [ultranest] [DEBUG] Plateau detected at L=-8.779603e+01, not replacing live point.
21:41:26 [ultranest] [DEBUG] Plateau detected at L=-8.779603e+01, not replacing live point.
21:41:26 [ultranest] [DEBUG] Plateau detected at L=-8.779603e+01, not replacing live point.
21:41:26 [ultranest] [DEBUG] Plateau detected at L=-8.779603e+01, not replacing live point.
21:41:26 [ultranest] [DEBUG] Plateau detected at L=-8.779603e+01, not replacing live point.
21:41:26 [ultranest] [DEBUG] Plateau detected at L=-8.779603e+01, not replacing live point.
21:41:26 [ultranest] [DEBUG] Plateau detected at L=-8.779603e+01, not replacing live point.
21:41:26 [ultranest] [DEBUG] Plateau detected at L=-8.779603e+01, not replacing live point.
21:41:26 [ultranest] [DEBUG] Plateau detected at L=-8.779603e+01, not replacing live point.
21:41:26 [ultranest] [DEBUG] Plateau detected at L=-8.779603e+01, not replacing live point.
21:41:26 [ultranest] [DEBUG] Plateau detected at L=-8.779603e+01, not replacing live point.
21:41:26 [ultranest] [DEBUG] Plateau detected at L=-8.779603e+01, not replacing live point.
21:41:26 [ultranest] [DEBUG] Plateau detected at L=-8.779603e+01, not replacing live point.
21:41:26 [ultranest] [DEBUG] Plateau detected at L=-8.779603e+01, not replacing live point.
21:41:26 [ultranest] [DEBUG] Plateau detected at L=-8.779603e+01, not replacing live point.
21:41:26 [ultranest] [DEBUG] Plateau detected at L=-8.779603e+01, not replacing live point.
21:41:26 [ultranest] [DEBUG] Plateau detected at L=-8.779603e+01, not replacing live point.
21:41:26 [ultranest] [DEBUG] Plateau detected at L=-8.779603e+01, not replacing live point.
21:41:26 [ultranest] [DEBUG] Plateau detected at L=-8.779603e+01, not replacing live point.
21:41:26 [ultranest] [DEBUG] Plateau detected at L=-8.779603e+01, not replacing live point.
21:41:26 [ultranest] [DEBUG] Plateau detected at L=-8.779603e+01, not replacing live point.
21:41:26 [ultranest] [DEBUG] Plateau detected at L=-8.779603e+01, not replacing live point.
21:41:26 [ultranest] [DEBUG] Plateau detected at L=-8.779603e+01, not replacing live point.
21:41:26 [ultranest] [DEBUG] Plateau detected at L=-8.779603e+01, not replacing live point.
21:41:26 [ultranest] [DEBUG] Plateau detected at L=-8.779603e+01, not replacing live point.
21:41:26 [ultranest] [DEBUG] Plateau detected at L=-8.779603e+01, not replacing live point.
21:41:26 [ultranest] [DEBUG] Plateau detected at L=-8.779603e+01, not replacing live point.
21:41:26 [ultranest] [DEBUG] Plateau detected at L=-8.779603e+01, not replacing live point.
21:41:26 [ultranest] [DEBUG] Plateau detected at L=-8.779603e+01, not replacing live point.
21:41:26 [ultranest] [DEBUG] Plateau detected at L=-8.779603e+01, not replacing live point.
21:41:26 [ultranest] [DEBUG] Plateau detected at L=-8.779603e+01, not replacing live point.
21:41:26 [ultranest] [DEBUG] Plateau detected at L=-8.779603e+01, not replacing live point.
21:41:26 [ultranest] [DEBUG] iteration=302, ncalls=10390, regioncalls=0, ndraw=40, logz=-89.97, remainder_fraction=100.0000%, Lmin=-87.80, Lmax=-11.48
21:41:26 [ultranest] [DEBUG] Plateau detected at L=-8.779603e+01, not replacing live point.
21:41:26 [ultranest] [DEBUG] Plateau detected at L=-8.779603e+01, not replacing live point.
21:41:26 [ultranest] [DEBUG] iteration=305, ncalls=10390, regioncalls=0, ndraw=40, logz=-89.93, remainder_fraction=100.0000%, Lmin=-87.80, Lmax=-11.48
21:41:26 [ultranest] [DEBUG] Plateau detected at L=-8.779603e+01, not replacing live point.
21:41:26 [ultranest] [DEBUG] iteration=307, ncalls=10390, regioncalls=0, ndraw=40, logz=-89.91, remainder_fraction=100.0000%, Lmin=-87.80, Lmax=-11.48
21:41:26 [ultranest] [DEBUG] Plateau detected at L=-8.779603e+01, not replacing live point.
21:41:26 [ultranest] [DEBUG] iteration=312, ncalls=10390, regioncalls=0, ndraw=40, logz=-89.85, remainder_fraction=100.0000%, Lmin=-87.80, Lmax=-11.48
21:41:26 [ultranest] [DEBUG] iteration=320, ncalls=10390, regioncalls=0, ndraw=40, logz=-89.77, remainder_fraction=100.0000%, Lmin=-87.80, Lmax=-11.48
21:41:26 [ultranest] [DEBUG] iteration=360, ncalls=10390, regioncalls=0, ndraw=40, logz=-89.46, remainder_fraction=100.0000%, Lmin=-87.80, Lmax=-10.40
21:41:26 [ultranest] [DEBUG] iteration=400, ncalls=10390, regioncalls=0, ndraw=40, logz=-89.24, remainder_fraction=100.0000%, Lmin=-87.80, Lmax=-10.40
21:41:26 [ultranest] [DEBUG] iteration=440, ncalls=10390, regioncalls=0, ndraw=40, logz=-89.09, remainder_fraction=100.0000%, Lmin=-87.79, Lmax=-10.40
21:41:26 [ultranest] [DEBUG] iteration=456, ncalls=10390, regioncalls=0, ndraw=40, logz=-89.03, remainder_fraction=100.0000%, Lmin=-87.77, Lmax=-10.40
21:41:26 [ultranest] [DEBUG] iteration=480, ncalls=10390, regioncalls=0, ndraw=40, logz=-88.96, remainder_fraction=100.0000%, Lmin=-87.71, Lmax=-10.40
21:41:26 [ultranest] [DEBUG] iteration=520, ncalls=10390, regioncalls=0, ndraw=40, logz=-88.85, remainder_fraction=100.0000%, Lmin=-87.52, Lmax=-10.40
21:41:26 [ultranest] [DEBUG] iteration=528, ncalls=10390, regioncalls=0, ndraw=40, logz=-88.83, remainder_fraction=100.0000%, Lmin=-87.46, Lmax=-10.40
21:41:26 [ultranest] [DEBUG] iteration=560, ncalls=10390, regioncalls=0, ndraw=40, logz=-88.74, remainder_fraction=100.0000%, Lmin=-87.18, Lmax=-10.40
21:41:26 [ultranest] [DEBUG] iteration=600, ncalls=10390, regioncalls=0, ndraw=40, logz=-88.60, remainder_fraction=100.0000%, Lmin=-86.56, Lmax=-10.40
21:41:26 [ultranest] [DEBUG] iteration=640, ncalls=10390, regioncalls=0, ndraw=40, logz=-88.35, remainder_fraction=100.0000%, Lmin=-85.25, Lmax=-10.40
21:41:26 [ultranest] [DEBUG] iteration=680, ncalls=10390, regioncalls=0, ndraw=40, logz=-87.74, remainder_fraction=100.0000%, Lmin=-83.99, Lmax=-10.40
21:41:26 [ultranest] [DEBUG] iteration=720, ncalls=10390, regioncalls=0, ndraw=40, logz=-86.84, remainder_fraction=100.0000%, Lmin=-82.64, Lmax=-10.40
21:41:26 [ultranest] [DEBUG] iteration=760, ncalls=10390, regioncalls=0, ndraw=40, logz=-85.12, remainder_fraction=100.0000%, Lmin=-80.08, Lmax=-9.37
21:41:26 [ultranest] [DEBUG] iteration=800, ncalls=10390, regioncalls=0, ndraw=40, logz=-82.57, remainder_fraction=100.0000%, Lmin=-77.11, Lmax=-9.37
21:41:26 [ultranest] [DEBUG] iteration=816, ncalls=10390, regioncalls=0, ndraw=40, logz=-81.31, remainder_fraction=100.0000%, Lmin=-75.63, Lmax=-9.37
21:41:26 [ultranest] [DEBUG] iteration=840, ncalls=10390, regioncalls=0, ndraw=40, logz=-79.00, remainder_fraction=100.0000%, Lmin=-73.10, Lmax=-9.37
21:41:26 [ultranest] [DEBUG] iteration=880, ncalls=10390, regioncalls=0, ndraw=40, logz=-74.33, remainder_fraction=100.0000%, Lmin=-68.51, Lmax=-9.37
21:41:26 [ultranest] [DEBUG] iteration=920, ncalls=10390, regioncalls=0, ndraw=40, logz=-70.10, remainder_fraction=100.0000%, Lmin=-63.52, Lmax=-9.37
21:41:26 [ultranest] [DEBUG] clustering found some stray points [need_accept=False] (array([1, 2, 3]), array([318,   1,   1]))
21:41:26 [ultranest] [DEBUG] iteration=960, ncalls=10390, regioncalls=0, ndraw=40, logz=-65.48, remainder_fraction=100.0000%, Lmin=-59.17, Lmax=-9.37
21:41:26 [ultranest] [DEBUG] iteration=1000, ncalls=10390, regioncalls=0, ndraw=40, logz=-60.98, remainder_fraction=100.0000%, Lmin=-54.53, Lmax=-9.37
21:41:26 [ultranest] [DEBUG] clustering found some stray points [need_accept=False] (array([1, 2]), array([319,   1]))
21:41:26 [ultranest] [DEBUG] iteration=1040, ncalls=10390, regioncalls=0, ndraw=40, logz=-57.50, remainder_fraction=100.0000%, Lmin=-51.29, Lmax=-9.37
21:41:26 [ultranest] [DEBUG] iteration=1080, ncalls=10390, regioncalls=0, ndraw=40, logz=-54.32, remainder_fraction=100.0000%, Lmin=-47.58, Lmax=-9.37
21:41:26 [ultranest] [DEBUG] clustering found some stray points [need_accept=False] (array([1, 2]), array([319,   1]))
21:41:26 [ultranest] [DEBUG] iteration=1120, ncalls=10390, regioncalls=0, ndraw=40, logz=-50.53, remainder_fraction=100.0000%, Lmin=-43.68, Lmax=-9.37
21:41:26 [ultranest] [DEBUG] iteration=1160, ncalls=10390, regioncalls=0, ndraw=40, logz=-46.93, remainder_fraction=100.0000%, Lmin=-40.35, Lmax=-9.37
21:41:26 [ultranest] [DEBUG] iteration=1176, ncalls=10390, regioncalls=0, ndraw=40, logz=-45.77, remainder_fraction=100.0000%, Lmin=-38.84, Lmax=-9.37
21:41:26 [ultranest] [DEBUG] iteration=1200, ncalls=10390, regioncalls=0, ndraw=40, logz=-43.69, remainder_fraction=100.0000%, Lmin=-36.82, Lmax=-9.37
21:41:26 [ultranest] [DEBUG] iteration=1240, ncalls=10390, regioncalls=0, ndraw=40, logz=-40.70, remainder_fraction=100.0000%, Lmin=-34.31, Lmax=-9.37
21:41:26 [ultranest] [DEBUG] clustering found some stray points [need_accept=False] (array([1, 2]), array([319,   1]))
21:41:26 [ultranest] [DEBUG] iteration=1280, ncalls=10390, regioncalls=0, ndraw=40, logz=-38.22, remainder_fraction=100.0000%, Lmin=-31.47, Lmax=-9.37
21:41:26 [ultranest] [DEBUG] iteration=1320, ncalls=10390, regioncalls=0, ndraw=40, logz=-36.02, remainder_fraction=100.0000%, Lmin=-29.45, Lmax=-9.10
21:41:26 [ultranest] [DEBUG] iteration=1360, ncalls=10390, regioncalls=0, ndraw=40, logz=-34.20, remainder_fraction=100.0000%, Lmin=-27.31, Lmax=-9.10
21:41:26 [ultranest] [DEBUG] iteration=1400, ncalls=10390, regioncalls=0, ndraw=40, logz=-32.17, remainder_fraction=100.0000%, Lmin=-25.41, Lmax=-9.10
21:41:26 [ultranest] [DEBUG] iteration=1440, ncalls=10390, regioncalls=0, ndraw=40, logz=-30.48, remainder_fraction=99.9999%, Lmin=-23.39, Lmax=-9.10
21:41:26 [ultranest] [DEBUG] iteration=1464, ncalls=10390, regioncalls=0, ndraw=40, logz=-29.56, remainder_fraction=99.9998%, Lmin=-22.77, Lmax=-9.10
21:41:26 [ultranest] [DEBUG] iteration=1480, ncalls=10390, regioncalls=0, ndraw=40, logz=-29.00, remainder_fraction=99.9997%, Lmin=-22.13, Lmax=-9.10
21:41:27 [ultranest] [DEBUG] iteration=1520, ncalls=10390, regioncalls=0, ndraw=40, logz=-27.45, remainder_fraction=99.9986%, Lmin=-20.19, Lmax=-9.10
21:41:27 [ultranest] [DEBUG] iteration=1536, ncalls=10390, regioncalls=0, ndraw=40, logz=-26.77, remainder_fraction=99.9973%, Lmin=-19.61, Lmax=-9.07
21:41:27 [ultranest] [DEBUG] iteration=1560, ncalls=10390, regioncalls=0, ndraw=40, logz=-25.92, remainder_fraction=99.9935%, Lmin=-18.96, Lmax=-9.07
21:41:27 [ultranest] [DEBUG] iteration=1600, ncalls=10390, regioncalls=0, ndraw=40, logz=-24.77, remainder_fraction=99.9796%, Lmin=-17.84, Lmax=-9.07
21:41:27 [ultranest] [DEBUG] iteration=1640, ncalls=10390, regioncalls=0, ndraw=40, logz=-23.83, remainder_fraction=99.9527%, Lmin=-16.78, Lmax=-9.07
21:41:27 [ultranest] [DEBUG] iteration=1680, ncalls=10390, regioncalls=0, ndraw=40, logz=-22.88, remainder_fraction=99.8751%, Lmin=-15.79, Lmax=-9.07
21:41:27 [ultranest] [DEBUG] iteration=1720, ncalls=10390, regioncalls=0, ndraw=40, logz=-22.00, remainder_fraction=99.6861%, Lmin=-14.67, Lmax=-9.07
21:41:27 [ultranest] [DEBUG] iteration=1752, ncalls=10390, regioncalls=0, ndraw=40, logz=-21.30, remainder_fraction=99.3626%, Lmin=-14.21, Lmax=-9.07
21:41:27 [ultranest] [DEBUG] iteration=1760, ncalls=10390, regioncalls=0, ndraw=40, logz=-21.15, remainder_fraction=99.2690%, Lmin=-14.12, Lmax=-9.07
21:41:27 [ultranest] [DEBUG] iteration=1800, ncalls=10390, regioncalls=0, ndraw=40, logz=-20.52, remainder_fraction=98.5919%, Lmin=-13.47, Lmax=-9.07
21:41:27 [ultranest] [DEBUG] iteration=1824, ncalls=10390, regioncalls=0, ndraw=40, logz=-20.16, remainder_fraction=98.0427%, Lmin=-13.09, Lmax=-9.07
21:41:27 [ultranest] [DEBUG] iteration=1840, ncalls=10390, regioncalls=0, ndraw=40, logz=-19.94, remainder_fraction=97.5620%, Lmin=-12.89, Lmax=-9.07
21:41:27 [ultranest] [DEBUG] iteration=1880, ncalls=10390, regioncalls=0, ndraw=40, logz=-19.44, remainder_fraction=96.0030%, Lmin=-12.42, Lmax=-9.05
21:41:27 [ultranest] [DEBUG] iteration=1896, ncalls=10390, regioncalls=0, ndraw=40, logz=-19.26, remainder_fraction=95.1661%, Lmin=-12.29, Lmax=-9.05
21:41:27 [ultranest] [DEBUG] iteration=1920, ncalls=10390, regioncalls=0, ndraw=40, logz=-19.03, remainder_fraction=93.8888%, Lmin=-12.11, Lmax=-9.05
21:41:27 [ultranest] [DEBUG] iteration=1960, ncalls=10390, regioncalls=0, ndraw=40, logz=-18.69, remainder_fraction=91.4412%, Lmin=-11.85, Lmax=-9.04
21:41:27 [ultranest] [DEBUG] iteration=1968, ncalls=10390, regioncalls=0, ndraw=40, logz=-18.63, remainder_fraction=90.8707%, Lmin=-11.80, Lmax=-9.04
21:41:27 [ultranest] [DEBUG] iteration=2000, ncalls=10390, regioncalls=0, ndraw=40, logz=-18.41, remainder_fraction=88.5209%, Lmin=-11.62, Lmax=-9.04
21:41:27 [ultranest] [DEBUG] iteration=2040, ncalls=10390, regioncalls=0, ndraw=40, logz=-18.17, remainder_fraction=85.2289%, Lmin=-11.39, Lmax=-9.04
21:41:27 [ultranest] [DEBUG] iteration=2080, ncalls=10390, regioncalls=0, ndraw=40, logz=-17.96, remainder_fraction=81.9434%, Lmin=-11.19, Lmax=-9.04
21:41:27 [ultranest] [DEBUG] iteration=2120, ncalls=10390, regioncalls=0, ndraw=40, logz=-17.78, remainder_fraction=78.0078%, Lmin=-11.05, Lmax=-9.04
21:41:27 [ultranest] [DEBUG] iteration=2160, ncalls=10390, regioncalls=0, ndraw=40, logz=-17.63, remainder_fraction=74.3329%, Lmin=-10.88, Lmax=-9.04
21:41:27 [ultranest] [DEBUG] iteration=2184, ncalls=10390, regioncalls=0, ndraw=40, logz=-17.54, remainder_fraction=72.1944%, Lmin=-10.78, Lmax=-9.02
21:41:27 [ultranest] [DEBUG] iteration=2200, ncalls=10390, regioncalls=0, ndraw=40, logz=-17.49, remainder_fraction=70.4807%, Lmin=-10.71, Lmax=-9.02
21:41:27 [ultranest] [DEBUG] iteration=2240, ncalls=10390, regioncalls=0, ndraw=40, logz=-17.36, remainder_fraction=66.7831%, Lmin=-10.57, Lmax=-9.02
21:41:27 [ultranest] [DEBUG] iteration=2256, ncalls=10390, regioncalls=0, ndraw=40, logz=-17.32, remainder_fraction=65.3540%, Lmin=-10.50, Lmax=-9.02
21:41:27 [ultranest] [DEBUG] iteration=2280, ncalls=10390, regioncalls=0, ndraw=40, logz=-17.25, remainder_fraction=63.1941%, Lmin=-10.43, Lmax=-9.02
21:41:27 [ultranest] [DEBUG] iteration=2320, ncalls=10390, regioncalls=0, ndraw=40, logz=-17.15, remainder_fraction=59.3504%, Lmin=-10.32, Lmax=-9.02
21:41:27 [ultranest] [DEBUG] iteration=2328, ncalls=10390, regioncalls=0, ndraw=40, logz=-17.13, remainder_fraction=58.5253%, Lmin=-10.30, Lmax=-9.02
21:41:27 [ultranest] [DEBUG] iteration=2360, ncalls=10390, regioncalls=0, ndraw=40, logz=-17.05, remainder_fraction=55.3955%, Lmin=-10.21, Lmax=-9.02
21:41:27 [ultranest] [DEBUG] iteration=2400, ncalls=10390, regioncalls=0, ndraw=40, logz=-16.97, remainder_fraction=51.8018%, Lmin=-10.07, Lmax=-9.02
21:41:27 [ultranest] [DEBUG] iteration=2440, ncalls=10390, regioncalls=0, ndraw=40, logz=-16.89, remainder_fraction=47.9282%, Lmin=-9.96, Lmax=-9.02
21:41:27 [ultranest] [DEBUG] iteration=2480, ncalls=10390, regioncalls=0, ndraw=40, logz=-16.82, remainder_fraction=44.2249%, Lmin=-9.88, Lmax=-9.02
21:41:27 [ultranest] [DEBUG] iteration=2520, ncalls=10390, regioncalls=0, ndraw=40, logz=-16.76, remainder_fraction=40.6442%, Lmin=-9.79, Lmax=-9.02
21:41:27 [ultranest] [DEBUG] iteration=2560, ncalls=10390, regioncalls=0, ndraw=40, logz=-16.70, remainder_fraction=37.3531%, Lmin=-9.73, Lmax=-9.01
21:41:27 [ultranest] [DEBUG] iteration=2600, ncalls=10390, regioncalls=0, ndraw=40, logz=-16.65, remainder_fraction=34.1593%, Lmin=-9.66, Lmax=-8.99
21:41:27 [ultranest] [DEBUG] iteration=2616, ncalls=10390, regioncalls=0, ndraw=40, logz=-16.63, remainder_fraction=32.8340%, Lmin=-9.64, Lmax=-8.99
21:41:27 [ultranest] [DEBUG] iteration=2640, ncalls=10390, regioncalls=0, ndraw=40, logz=-16.61, remainder_fraction=30.9588%, Lmin=-9.61, Lmax=-8.99
21:41:27 [ultranest] [DEBUG] iteration=2680, ncalls=10390, regioncalls=0, ndraw=40, logz=-16.57, remainder_fraction=28.1189%, Lmin=-9.56, Lmax=-8.99
21:41:27 [ultranest] [DEBUG] iteration=2688, ncalls=10390, regioncalls=0, ndraw=40, logz=-16.56, remainder_fraction=27.5626%, Lmin=-9.56, Lmax=-8.99
21:41:27 [ultranest] [DEBUG] iteration=2720, ncalls=10390, regioncalls=0, ndraw=40, logz=-16.53, remainder_fraction=25.4887%, Lmin=-9.51, Lmax=-8.99
21:41:27 [ultranest] [DEBUG] iteration=2760, ncalls=10390, regioncalls=0, ndraw=40, logz=-16.50, remainder_fraction=23.0401%, Lmin=-9.45, Lmax=-8.99
21:41:27 [ultranest] [DEBUG] iteration=2800, ncalls=10390, regioncalls=0, ndraw=40, logz=-16.47, remainder_fraction=20.7721%, Lmin=-9.41, Lmax=-8.99
21:41:27 [ultranest] [DEBUG] iteration=2840, ncalls=10390, regioncalls=0, ndraw=40, logz=-16.45, remainder_fraction=18.6728%, Lmin=-9.37, Lmax=-8.99
21:41:27 [ultranest] [DEBUG] iteration=2880, ncalls=10390, regioncalls=0, ndraw=40, logz=-16.42, remainder_fraction=16.8147%, Lmin=-9.34, Lmax=-8.99
21:41:27 [ultranest] [DEBUG] iteration=2904, ncalls=10390, regioncalls=0, ndraw=40, logz=-16.41, remainder_fraction=15.7712%, Lmin=-9.33, Lmax=-8.99
21:41:27 [ultranest] [DEBUG] iteration=2920, ncalls=10390, regioncalls=0, ndraw=40, logz=-16.40, remainder_fraction=15.1227%, Lmin=-9.32, Lmax=-8.99
21:41:27 [ultranest] [DEBUG] iteration=2960, ncalls=10390, regioncalls=0, ndraw=40, logz=-16.38, remainder_fraction=13.5303%, Lmin=-9.28, Lmax=-8.99
21:41:28 [ultranest] [DEBUG] iteration=3000, ncalls=10390, regioncalls=0, ndraw=40, logz=-16.37, remainder_fraction=12.1032%, Lmin=-9.26, Lmax=-8.99
21:41:28 [ultranest] [DEBUG] iteration=3040, ncalls=10390, regioncalls=0, ndraw=40, logz=-16.35, remainder_fraction=10.7929%, Lmin=-9.24, Lmax=-8.99
21:41:28 [ultranest] [DEBUG] iteration=3048, ncalls=10390, regioncalls=0, ndraw=40, logz=-16.35, remainder_fraction=10.5494%, Lmin=-9.23, Lmax=-8.99
21:41:28 [ultranest] [DEBUG] iteration=3080, ncalls=10390, regioncalls=0, ndraw=40, logz=-16.34, remainder_fraction=9.6480%, Lmin=-9.22, Lmax=-8.99
21:41:28 [ultranest] [DEBUG] iteration=3120, ncalls=10390, regioncalls=0, ndraw=40, logz=-16.33, remainder_fraction=8.5969%, Lmin=-9.20, Lmax=-8.99
21:41:28 [ultranest] [DEBUG] iteration=3160, ncalls=10390, regioncalls=0, ndraw=40, logz=-16.32, remainder_fraction=7.6560%, Lmin=-9.18, Lmax=-8.99
21:41:28 [ultranest] [DEBUG] iteration=3200, ncalls=10390, regioncalls=0, ndraw=40, logz=-16.31, remainder_fraction=6.8185%, Lmin=-9.16, Lmax=-8.99
21:41:28 [ultranest] [DEBUG] iteration=3240, ncalls=10390, regioncalls=0, ndraw=40, logz=-16.30, remainder_fraction=6.0623%, Lmin=-9.14, Lmax=-8.99
21:41:28 [ultranest] [DEBUG] iteration=3264, ncalls=10390, regioncalls=0, ndraw=40, logz=-16.30, remainder_fraction=5.6461%, Lmin=-9.14, Lmax=-8.99
21:41:28 [ultranest] [DEBUG] iteration=3280, ncalls=10390, regioncalls=0, ndraw=40, logz=-16.29, remainder_fraction=5.3842%, Lmin=-9.13, Lmax=-8.99
21:41:28 [ultranest] [DEBUG] iteration=3320, ncalls=10390, regioncalls=0, ndraw=40, logz=-16.29, remainder_fraction=4.7843%, Lmin=-9.12, Lmax=-8.99
21:41:28 [ultranest] [DEBUG] iteration=3336, ncalls=10390, regioncalls=0, ndraw=40, logz=-16.29, remainder_fraction=4.5603%, Lmin=-9.12, Lmax=-8.99
21:41:28 [ultranest] [DEBUG] iteration=3360, ncalls=10390, regioncalls=0, ndraw=40, logz=-16.28, remainder_fraction=4.2462%, Lmin=-9.11, Lmax=-8.99
21:41:28 [ultranest] [DEBUG] iteration=3400, ncalls=10390, regioncalls=0, ndraw=40, logz=-16.28, remainder_fraction=3.7678%, Lmin=-9.10, Lmax=-8.99
21:41:28 [ultranest] [DEBUG] iteration=3408, ncalls=10390, regioncalls=0, ndraw=40, logz=-16.28, remainder_fraction=3.6773%, Lmin=-9.10, Lmax=-8.99
21:41:28 [ultranest] [DEBUG] iteration=3440, ncalls=10390, regioncalls=0, ndraw=40, logz=-16.27, remainder_fraction=3.3383%, Lmin=-9.10, Lmax=-8.99
21:41:28 [ultranest] [INFO] Explored until L=-9  
21:41:28 [ultranest] [INFO] Likelihood function evaluations: 10390
21:41:29 [ultranest] [INFO] Writing samples and results to disk ...
21:41:29 [ultranest] [INFO] Writing samples and results to disk ... done
21:41:29 [ultranest] [DEBUG] did a run_iter pass!
21:41:29 [ultranest] [INFO]   logZ = -16.23 +- 0.1079
21:41:29 [ultranest] [INFO] Effective samples strategy satisfied (ESS = 1414.9, need >400)
21:41:29 [ultranest] [INFO] Posterior uncertainty strategy is satisfied (KL: 0.47+-0.08 nat, need <0.50 nat)
21:41:29 [ultranest] [INFO] Evidency uncertainty strategy is satisfied (dlogz=0.11, need <0.5)
21:41:29 [ultranest] [INFO]   logZ error budget: single: 0.14 bs:0.11 tail:0.03 total:0.11 required:<0.50
21:41:29 [ultranest] [INFO] done iterating.
21:41:29 [ultranest] [DEBUG] Making corner plot ...
21:41:35 [ultranest] [DEBUG] Making corner plot ... done
21:41:35 [ultranest] [DEBUG] Making run plot ... 
21:41:35 [ultranest] [DEBUG] Making run plot ... done
21:41:35 [ultranest] [DEBUG] Making trace plot ... 
21:41:36 [ultranest] [DEBUG] Making trace plot ... done
