01:52:54 [ultranest] [DEBUG] ReactiveNestedSampler: dims=3+0, resume=True, log_dir=/home/orion51/Desktop/Research/spectral_fitting/FGL_spectral_fitting/Individual_sources/2CXOJ150237.4+015813/powerlaw_out_, backend=hdf5, vectorized=False, nbootstraps=30, ndraw=128..65536
01:52:54 [ultranest] [INFO] Sampling 400 live points from prior ...
01:52:54 [ultranest] [DEBUG] run_iter dlogz=0.5, dKL=0.5, frac_remain=0.01, Lepsilon=0.1000, min_ess=400
01:52:54 [ultranest] [DEBUG] max_iters=-1, max_ncalls=-1, max_num_improvement_loops=-1, min_num_live_points=400, cluster_num_live_points=40
01:52:54 [ultranest] [DEBUG] minimal_widths_sequence: [(-inf, 400.0), (inf, 400.0)]
01:52:54 [ultranest] [DEBUG] iteration=0, ncalls=401, regioncalls=40, ndraw=40, logz=-inf, remainder_fraction=100.0000%, Lmin=-46188911346.35, Lmax=-7.94
01:52:54 [ultranest] [DEBUG] iteration=31, ncalls=434, regioncalls=1360, ndraw=40, logz=-58069666.95, remainder_fraction=100.0000%, Lmin=-52101678.66, Lmax=-7.94
01:52:54 [ultranest] [DEBUG] iteration=40, ncalls=445, regioncalls=1800, ndraw=40, logz=-28706043.31, remainder_fraction=100.0000%, Lmin=-27133944.83, Lmax=-7.94
01:52:55 [ultranest] [DEBUG] iteration=73, ncalls=482, regioncalls=3280, ndraw=40, logz=-2059095.50, remainder_fraction=100.0000%, Lmin=-1813512.53, Lmax=-7.94
01:52:55 [ultranest] [DEBUG] iteration=80, ncalls=490, regioncalls=3600, ndraw=40, logz=-1340307.93, remainder_fraction=100.0000%, Lmin=-1311373.95, Lmax=-5.52
01:52:55 [ultranest] [DEBUG] iteration=90, ncalls=501, regioncalls=4040, ndraw=40, logz=-762565.88, remainder_fraction=100.0000%, Lmin=-729897.13, Lmax=-5.52
01:52:55 [ultranest] [DEBUG] iteration=119, ncalls=534, regioncalls=5360, ndraw=40, logz=-82512.43, remainder_fraction=100.0000%, Lmin=-74757.69, Lmax=-5.52
01:52:55 [ultranest] [DEBUG] iteration=120, ncalls=535, regioncalls=5400, ndraw=40, logz=-74763.98, remainder_fraction=100.0000%, Lmin=-71612.78, Lmax=-5.52
01:52:55 [ultranest] [DEBUG] iteration=149, ncalls=567, regioncalls=6680, ndraw=40, logz=-12998.68, remainder_fraction=100.0000%, Lmin=-11421.57, Lmax=-5.52
01:52:55 [ultranest] [DEBUG] iteration=160, ncalls=578, regioncalls=7120, ndraw=40, logz=-6346.94, remainder_fraction=100.0000%, Lmin=-6333.80, Lmax=-5.52
01:52:55 [ultranest] [DEBUG] iteration=183, ncalls=608, regioncalls=8320, ndraw=40, logz=-2319.32, remainder_fraction=100.0000%, Lmin=-2117.62, Lmax=-5.52
01:52:55 [ultranest] [DEBUG] iteration=200, ncalls=636, regioncalls=9440, ndraw=40, logz=-962.33, remainder_fraction=100.0000%, Lmin=-939.92, Lmax=-5.52
01:52:55 [ultranest] [DEBUG] iteration=222, ncalls=675, regioncalls=11000, ndraw=40, logz=-380.60, remainder_fraction=100.0000%, Lmin=-371.01, Lmax=-5.52
01:52:55 [ultranest] [DEBUG] iteration=240, ncalls=698, regioncalls=11920, ndraw=40, logz=-213.08, remainder_fraction=100.0000%, Lmin=-203.57, Lmax=-5.52
01:52:55 [ultranest] [DEBUG] Plateau detected at L=-1.825879e+02, not replacing live point.
01:52:55 [ultranest] [DEBUG] Plateau detected at L=-1.825879e+02, not replacing live point.
01:52:55 [ultranest] [DEBUG] Plateau detected at L=-1.825879e+02, not replacing live point.
01:52:55 [ultranest] [DEBUG] Plateau detected at L=-1.825879e+02, not replacing live point.
01:52:55 [ultranest] [DEBUG] Plateau detected at L=-1.825879e+02, not replacing live point.
01:52:55 [ultranest] [DEBUG] Plateau detected at L=-1.825879e+02, not replacing live point.
01:52:55 [ultranest] [DEBUG] Plateau detected at L=-1.825879e+02, not replacing live point.
01:52:55 [ultranest] [DEBUG] Plateau detected at L=-1.825879e+02, not replacing live point.
01:52:55 [ultranest] [DEBUG] Plateau detected at L=-1.825879e+02, not replacing live point.
01:52:55 [ultranest] [DEBUG] Plateau detected at L=-1.825879e+02, not replacing live point.
01:52:55 [ultranest] [DEBUG] Plateau detected at L=-1.825879e+02, not replacing live point.
01:52:55 [ultranest] [DEBUG] Plateau detected at L=-1.825879e+02, not replacing live point.
01:52:55 [ultranest] [DEBUG] Plateau detected at L=-1.825879e+02, not replacing live point.
01:52:55 [ultranest] [DEBUG] Plateau detected at L=-1.825879e+02, not replacing live point.
01:52:55 [ultranest] [DEBUG] Plateau detected at L=-1.825879e+02, not replacing live point.
01:52:55 [ultranest] [DEBUG] Plateau detected at L=-1.825879e+02, not replacing live point.
01:52:55 [ultranest] [DEBUG] Plateau detected at L=-1.825879e+02, not replacing live point.
01:52:55 [ultranest] [DEBUG] Plateau detected at L=-1.825879e+02, not replacing live point.
01:52:55 [ultranest] [DEBUG] Plateau detected at L=-1.825879e+02, not replacing live point.
01:52:55 [ultranest] [DEBUG] Plateau detected at L=-1.825879e+02, not replacing live point.
01:52:55 [ultranest] [DEBUG] Plateau detected at L=-1.825879e+02, not replacing live point.
01:52:55 [ultranest] [DEBUG] Plateau detected at L=-1.825879e+02, not replacing live point.
01:52:55 [ultranest] [DEBUG] Plateau detected at L=-1.825879e+02, not replacing live point.
01:52:55 [ultranest] [DEBUG] Plateau detected at L=-1.825879e+02, not replacing live point.
01:52:55 [ultranest] [DEBUG] Plateau detected at L=-1.825879e+02, not replacing live point.
01:52:55 [ultranest] [DEBUG] Plateau detected at L=-1.825879e+02, not replacing live point.
01:52:55 [ultranest] [DEBUG] Plateau detected at L=-1.825879e+02, not replacing live point.
01:52:55 [ultranest] [DEBUG] Plateau detected at L=-1.825879e+02, not replacing live point.
01:52:55 [ultranest] [DEBUG] Plateau detected at L=-1.825879e+02, not replacing live point.
01:52:55 [ultranest] [DEBUG] Plateau detected at L=-1.825879e+02, not replacing live point.
01:52:55 [ultranest] [DEBUG] Plateau detected at L=-1.825879e+02, not replacing live point.
01:52:55 [ultranest] [DEBUG] Plateau detected at L=-1.825879e+02, not replacing live point.
01:52:55 [ultranest] [DEBUG] Plateau detected at L=-1.825879e+02, not replacing live point.
01:52:55 [ultranest] [DEBUG] Plateau detected at L=-1.825879e+02, not replacing live point.
01:52:55 [ultranest] [DEBUG] Plateau detected at L=-1.825879e+02, not replacing live point.
01:52:55 [ultranest] [DEBUG] Plateau detected at L=-1.825879e+02, not replacing live point.
01:52:55 [ultranest] [DEBUG] Plateau detected at L=-1.825879e+02, not replacing live point.
01:52:55 [ultranest] [DEBUG] Plateau detected at L=-1.825879e+02, not replacing live point.
01:52:55 [ultranest] [DEBUG] Plateau detected at L=-1.825879e+02, not replacing live point.
01:52:55 [ultranest] [DEBUG] Plateau detected at L=-1.825879e+02, not replacing live point.
01:52:55 [ultranest] [DEBUG] Plateau detected at L=-1.825879e+02, not replacing live point.
01:52:55 [ultranest] [DEBUG] Plateau detected at L=-1.825879e+02, not replacing live point.
01:52:55 [ultranest] [DEBUG] Plateau detected at L=-1.825879e+02, not replacing live point.
01:52:55 [ultranest] [DEBUG] Plateau detected at L=-1.825879e+02, not replacing live point.
01:52:55 [ultranest] [DEBUG] Plateau detected at L=-1.825879e+02, not replacing live point.
01:52:55 [ultranest] [DEBUG] Plateau detected at L=-1.825879e+02, not replacing live point.
01:52:55 [ultranest] [DEBUG] Plateau detected at L=-1.825879e+02, not replacing live point.
01:52:55 [ultranest] [DEBUG] Plateau detected at L=-1.825879e+02, not replacing live point.
01:52:55 [ultranest] [DEBUG] Plateau detected at L=-1.825879e+02, not replacing live point.
01:52:55 [ultranest] [DEBUG] Plateau detected at L=-1.825879e+02, not replacing live point.
01:52:55 [ultranest] [DEBUG] Plateau detected at L=-1.825879e+02, not replacing live point.
01:52:55 [ultranest] [DEBUG] Plateau detected at L=-1.825879e+02, not replacing live point.
01:52:55 [ultranest] [DEBUG] Plateau detected at L=-1.825879e+02, not replacing live point.
01:52:55 [ultranest] [DEBUG] Plateau detected at L=-1.825879e+02, not replacing live point.
01:52:55 [ultranest] [DEBUG] Plateau detected at L=-1.825879e+02, not replacing live point.
01:52:55 [ultranest] [DEBUG] Plateau detected at L=-1.825879e+02, not replacing live point.
01:52:55 [ultranest] [DEBUG] Plateau detected at L=-1.825879e+02, not replacing live point.
01:52:55 [ultranest] [DEBUG] Plateau detected at L=-1.825879e+02, not replacing live point.
01:52:55 [ultranest] [DEBUG] iteration=306, ncalls=708, regioncalls=12320, ndraw=40, logz=-185.14, remainder_fraction=100.0000%, Lmin=-182.59, Lmax=-5.52
01:52:55 [ultranest] [DEBUG] Plateau detected at L=-1.825879e+02, not replacing live point.
01:52:55 [ultranest] [DEBUG] iteration=314, ncalls=718, regioncalls=12720, ndraw=40, logz=-185.01, remainder_fraction=100.0000%, Lmin=-182.59, Lmax=-5.52
01:52:55 [ultranest] [DEBUG] iteration=320, ncalls=727, regioncalls=13080, ndraw=40, logz=-184.93, remainder_fraction=100.0000%, Lmin=-182.59, Lmax=-5.52
01:52:55 [ultranest] [DEBUG] iteration=342, ncalls=767, regioncalls=14680, ndraw=40, logz=-184.67, remainder_fraction=100.0000%, Lmin=-182.59, Lmax=-5.52
01:52:56 [ultranest] [DEBUG] iteration=360, ncalls=804, regioncalls=16160, ndraw=40, logz=-184.52, remainder_fraction=100.0000%, Lmin=-182.59, Lmax=-5.52
01:52:56 [ultranest] [DEBUG] iteration=385, ncalls=850, regioncalls=18000, ndraw=40, logz=-184.34, remainder_fraction=100.0000%, Lmin=-182.59, Lmax=-5.52
01:52:56 [ultranest] [DEBUG] iteration=400, ncalls=894, regioncalls=19760, ndraw=40, logz=-184.25, remainder_fraction=100.0000%, Lmin=-182.59, Lmax=-5.52
01:52:56 [ultranest] [DEBUG] iteration=420, ncalls=937, regioncalls=21480, ndraw=40, logz=-184.15, remainder_fraction=100.0000%, Lmin=-182.59, Lmax=-5.52
01:52:56 [ultranest] [DEBUG] iteration=440, ncalls=985, regioncalls=23400, ndraw=40, logz=-184.07, remainder_fraction=100.0000%, Lmin=-182.57, Lmax=-5.52
01:52:56 [ultranest] [DEBUG] iteration=459, ncalls=1036, regioncalls=25440, ndraw=40, logz=-184.00, remainder_fraction=100.0000%, Lmin=-182.53, Lmax=-5.52
01:52:56 [ultranest] [DEBUG] iteration=478, ncalls=1077, regioncalls=27080, ndraw=40, logz=-183.93, remainder_fraction=100.0000%, Lmin=-182.42, Lmax=-5.52
01:52:56 [ultranest] [DEBUG] iteration=480, ncalls=1079, regioncalls=27160, ndraw=40, logz=-183.92, remainder_fraction=100.0000%, Lmin=-182.41, Lmax=-5.52
01:52:56 [ultranest] [DEBUG] iteration=501, ncalls=1121, regioncalls=28840, ndraw=40, logz=-183.84, remainder_fraction=100.0000%, Lmin=-182.04, Lmax=-5.52
01:52:56 [ultranest] [DEBUG] iteration=520, ncalls=1163, regioncalls=30520, ndraw=40, logz=-183.73, remainder_fraction=100.0000%, Lmin=-181.56, Lmax=-5.52
01:52:56 [ultranest] [DEBUG] iteration=537, ncalls=1213, regioncalls=32520, ndraw=40, logz=-183.59, remainder_fraction=100.0000%, Lmin=-180.85, Lmax=-5.52
01:52:57 [ultranest] [DEBUG] iteration=552, ncalls=1259, regioncalls=34360, ndraw=40, logz=-183.37, remainder_fraction=100.0000%, Lmin=-179.83, Lmax=-5.52
01:52:57 [ultranest] [DEBUG] iteration=560, ncalls=1277, regioncalls=35080, ndraw=40, logz=-183.15, remainder_fraction=100.0000%, Lmin=-179.04, Lmax=-5.52
01:52:57 [ultranest] [DEBUG] iteration=574, ncalls=1329, regioncalls=37160, ndraw=40, logz=-182.52, remainder_fraction=100.0000%, Lmin=-178.04, Lmax=-5.52
01:52:57 [ultranest] [DEBUG] iteration=587, ncalls=1382, regioncalls=39280, ndraw=40, logz=-181.80, remainder_fraction=100.0000%, Lmin=-177.17, Lmax=-5.52
01:52:57 [ultranest] [DEBUG] iteration=600, ncalls=1421, regioncalls=40840, ndraw=40, logz=-180.53, remainder_fraction=100.0000%, Lmin=-175.46, Lmax=-5.52
01:52:57 [ultranest] [DEBUG] iteration=612, ncalls=1477, regioncalls=43080, ndraw=40, logz=-179.12, remainder_fraction=100.0000%, Lmin=-173.55, Lmax=-5.52
01:52:57 [ultranest] [DEBUG] iteration=622, ncalls=1526, regioncalls=45040, ndraw=40, logz=-177.56, remainder_fraction=100.0000%, Lmin=-171.72, Lmax=-5.52
01:52:57 [ultranest] [DEBUG] iteration=640, ncalls=1560, regioncalls=46400, ndraw=40, logz=-174.42, remainder_fraction=100.0000%, Lmin=-168.44, Lmax=-5.52
01:52:57 [ultranest] [DEBUG] iteration=657, ncalls=1606, regioncalls=48240, ndraw=40, logz=-172.23, remainder_fraction=100.0000%, Lmin=-166.55, Lmax=-5.52
01:52:57 [ultranest] [DEBUG] iteration=676, ncalls=1656, regioncalls=50240, ndraw=40, logz=-169.79, remainder_fraction=100.0000%, Lmin=-163.76, Lmax=-5.52
01:52:57 [ultranest] [DEBUG] iteration=680, ncalls=1671, regioncalls=50840, ndraw=40, logz=-169.17, remainder_fraction=100.0000%, Lmin=-163.43, Lmax=-5.52
01:52:58 [ultranest] [DEBUG] iteration=696, ncalls=1724, regioncalls=52960, ndraw=40, logz=-166.67, remainder_fraction=100.0000%, Lmin=-160.62, Lmax=-5.52
01:52:58 [ultranest] [DEBUG] iteration=711, ncalls=1766, regioncalls=54640, ndraw=40, logz=-164.68, remainder_fraction=100.0000%, Lmin=-158.91, Lmax=-5.52
01:52:58 [ultranest] [DEBUG] iteration=720, ncalls=1790, regioncalls=55600, ndraw=40, logz=-163.19, remainder_fraction=100.0000%, Lmin=-157.06, Lmax=-5.52
01:52:58 [ultranest] [DEBUG] iteration=734, ncalls=1835, regioncalls=57400, ndraw=40, logz=-161.34, remainder_fraction=100.0000%, Lmin=-155.68, Lmax=-5.52
01:52:58 [ultranest] [DEBUG] iteration=750, ncalls=1887, regioncalls=59480, ndraw=40, logz=-159.43, remainder_fraction=100.0000%, Lmin=-153.37, Lmax=-5.52
01:52:58 [ultranest] [DEBUG] iteration=760, ncalls=1911, regioncalls=60440, ndraw=40, logz=-157.91, remainder_fraction=100.0000%, Lmin=-151.64, Lmax=-5.52
01:52:58 [ultranest] [DEBUG] iteration=776, ncalls=1956, regioncalls=62240, ndraw=40, logz=-155.88, remainder_fraction=100.0000%, Lmin=-150.26, Lmax=-5.52
01:52:58 [ultranest] [DEBUG] iteration=790, ncalls=2009, regioncalls=64360, ndraw=40, logz=-154.64, remainder_fraction=100.0000%, Lmin=-149.12, Lmax=-5.52
01:52:58 [ultranest] [DEBUG] iteration=800, ncalls=2037, regioncalls=65480, ndraw=40, logz=-153.51, remainder_fraction=100.0000%, Lmin=-147.12, Lmax=-5.52
01:52:58 [ultranest] [DEBUG] iteration=817, ncalls=2090, regioncalls=67600, ndraw=40, logz=-150.83, remainder_fraction=100.0000%, Lmin=-144.76, Lmax=-5.52
01:52:58 [ultranest] [DEBUG] iteration=832, ncalls=2141, regioncalls=69640, ndraw=40, logz=-148.75, remainder_fraction=100.0000%, Lmin=-142.57, Lmax=-5.52
01:52:58 [ultranest] [DEBUG] iteration=840, ncalls=2171, regioncalls=70840, ndraw=40, logz=-147.82, remainder_fraction=100.0000%, Lmin=-141.78, Lmax=-5.52
01:52:59 [ultranest] [DEBUG] iteration=853, ncalls=2221, regioncalls=72840, ndraw=40, logz=-146.40, remainder_fraction=100.0000%, Lmin=-140.29, Lmax=-5.52
01:52:59 [ultranest] [DEBUG] iteration=873, ncalls=2267, regioncalls=74680, ndraw=40, logz=-143.74, remainder_fraction=100.0000%, Lmin=-137.52, Lmax=-5.52
01:52:59 [ultranest] [DEBUG] iteration=880, ncalls=2286, regioncalls=75440, ndraw=40, logz=-142.90, remainder_fraction=100.0000%, Lmin=-136.79, Lmax=-5.52
01:52:59 [ultranest] [DEBUG] iteration=896, ncalls=2341, regioncalls=77640, ndraw=40, logz=-141.01, remainder_fraction=100.0000%, Lmin=-134.17, Lmax=-5.52
01:52:59 [ultranest] [DEBUG] iteration=914, ncalls=2390, regioncalls=79600, ndraw=40, logz=-137.08, remainder_fraction=100.0000%, Lmin=-129.99, Lmax=-5.52
01:52:59 [ultranest] [DEBUG] iteration=920, ncalls=2412, regioncalls=80480, ndraw=40, logz=-135.66, remainder_fraction=100.0000%, Lmin=-128.83, Lmax=-5.52
01:52:59 [ultranest] [DEBUG] iteration=930, ncalls=2435, regioncalls=81400, ndraw=40, logz=-133.93, remainder_fraction=100.0000%, Lmin=-127.17, Lmax=-5.52
01:52:59 [ultranest] [DEBUG] iteration=944, ncalls=2483, regioncalls=83320, ndraw=40, logz=-131.28, remainder_fraction=100.0000%, Lmin=-124.61, Lmax=-5.52
01:52:59 [ultranest] [DEBUG] iteration=959, ncalls=2541, regioncalls=85640, ndraw=40, logz=-128.43, remainder_fraction=100.0000%, Lmin=-121.10, Lmax=-5.52
01:52:59 [ultranest] [DEBUG] iteration=960, ncalls=2542, regioncalls=85680, ndraw=40, logz=-128.16, remainder_fraction=100.0000%, Lmin=-120.77, Lmax=-5.52
01:52:59 [ultranest] [DEBUG] iteration=978, ncalls=2592, regioncalls=87680, ndraw=40, logz=-124.73, remainder_fraction=100.0000%, Lmin=-117.46, Lmax=-5.52
01:52:59 [ultranest] [DEBUG] iteration=996, ncalls=2642, regioncalls=89680, ndraw=40, logz=-121.20, remainder_fraction=100.0000%, Lmin=-113.69, Lmax=-5.52
01:53:00 [ultranest] [DEBUG] iteration=1000, ncalls=2661, regioncalls=90440, ndraw=40, logz=-120.28, remainder_fraction=100.0000%, Lmin=-113.35, Lmax=-5.52
01:53:00 [ultranest] [DEBUG] iteration=1007, ncalls=2685, regioncalls=91400, ndraw=40, logz=-118.60, remainder_fraction=100.0000%, Lmin=-110.98, Lmax=-5.52
01:53:00 [ultranest] [DEBUG] iteration=1022, ncalls=2731, regioncalls=93240, ndraw=40, logz=-115.78, remainder_fraction=100.0000%, Lmin=-108.86, Lmax=-5.46
01:53:00 [ultranest] [DEBUG] iteration=1038, ncalls=2778, regioncalls=95120, ndraw=40, logz=-112.82, remainder_fraction=100.0000%, Lmin=-105.21, Lmax=-5.46
01:53:00 [ultranest] [DEBUG] iteration=1040, ncalls=2787, regioncalls=95480, ndraw=40, logz=-112.31, remainder_fraction=100.0000%, Lmin=-105.07, Lmax=-5.46
01:53:00 [ultranest] [DEBUG] iteration=1059, ncalls=2844, regioncalls=97760, ndraw=40, logz=-109.17, remainder_fraction=100.0000%, Lmin=-101.84, Lmax=-5.46
01:53:00 [ultranest] [DEBUG] iteration=1076, ncalls=2895, regioncalls=99800, ndraw=40, logz=-106.49, remainder_fraction=100.0000%, Lmin=-99.20, Lmax=-5.46
01:53:00 [ultranest] [DEBUG] iteration=1080, ncalls=2916, regioncalls=100640, ndraw=40, logz=-105.63, remainder_fraction=100.0000%, Lmin=-98.28, Lmax=-5.46
01:53:00 [ultranest] [DEBUG] iteration=1097, ncalls=2960, regioncalls=102400, ndraw=40, logz=-102.60, remainder_fraction=100.0000%, Lmin=-95.20, Lmax=-5.46
01:53:00 [ultranest] [DEBUG] iteration=1113, ncalls=3010, regioncalls=104440, ndraw=40, logz=-99.69, remainder_fraction=100.0000%, Lmin=-92.45, Lmax=-5.46
01:53:00 [ultranest] [DEBUG] iteration=1120, ncalls=3041, regioncalls=105720, ndraw=40, logz=-98.63, remainder_fraction=100.0000%, Lmin=-91.57, Lmax=-5.46
01:53:00 [ultranest] [DEBUG] iteration=1131, ncalls=3096, regioncalls=107920, ndraw=40, logz=-97.02, remainder_fraction=100.0000%, Lmin=-89.88, Lmax=-5.46
01:53:01 [ultranest] [DEBUG] iteration=1144, ncalls=3149, regioncalls=110040, ndraw=40, logz=-95.09, remainder_fraction=100.0000%, Lmin=-87.71, Lmax=-5.46
01:53:01 [ultranest] [DEBUG] iteration=1160, ncalls=3196, regioncalls=111920, ndraw=40, logz=-91.86, remainder_fraction=100.0000%, Lmin=-84.48, Lmax=-5.46
01:53:01 [ultranest] [DEBUG] iteration=1178, ncalls=3230, regioncalls=113280, ndraw=40, logz=-89.14, remainder_fraction=100.0000%, Lmin=-81.90, Lmax=-5.46
01:53:01 [ultranest] [DEBUG] iteration=1192, ncalls=3281, regioncalls=115320, ndraw=40, logz=-87.24, remainder_fraction=100.0000%, Lmin=-79.77, Lmax=-5.46
01:53:01 [ultranest] [DEBUG] iteration=1200, ncalls=3316, regioncalls=116720, ndraw=40, logz=-86.20, remainder_fraction=100.0000%, Lmin=-78.94, Lmax=-5.46
01:53:01 [ultranest] [DEBUG] iteration=1214, ncalls=3366, regioncalls=118720, ndraw=40, logz=-84.34, remainder_fraction=100.0000%, Lmin=-76.90, Lmax=-5.46
01:53:01 [ultranest] [DEBUG] iteration=1230, ncalls=3418, regioncalls=120800, ndraw=40, logz=-81.90, remainder_fraction=100.0000%, Lmin=-74.22, Lmax=-5.46
01:53:01 [ultranest] [DEBUG] iteration=1240, ncalls=3451, regioncalls=122120, ndraw=40, logz=-79.83, remainder_fraction=100.0000%, Lmin=-72.22, Lmax=-5.46
01:53:01 [ultranest] [DEBUG] iteration=1255, ncalls=3502, regioncalls=124160, ndraw=40, logz=-77.87, remainder_fraction=100.0000%, Lmin=-70.48, Lmax=-5.46
01:53:01 [ultranest] [DEBUG] iteration=1270, ncalls=3557, regioncalls=126360, ndraw=40, logz=-76.20, remainder_fraction=100.0000%, Lmin=-68.69, Lmax=-5.46
01:53:02 [ultranest] [DEBUG] iteration=1280, ncalls=3600, regioncalls=128080, ndraw=40, logz=-74.76, remainder_fraction=100.0000%, Lmin=-67.03, Lmax=-5.46
01:53:02 [ultranest] [DEBUG] iteration=1292, ncalls=3652, regioncalls=130160, ndraw=40, logz=-73.27, remainder_fraction=100.0000%, Lmin=-66.01, Lmax=-5.46
01:53:02 [ultranest] [DEBUG] iteration=1306, ncalls=3707, regioncalls=132360, ndraw=40, logz=-71.47, remainder_fraction=100.0000%, Lmin=-63.82, Lmax=-5.46
01:53:02 [ultranest] [DEBUG] iteration=1315, ncalls=3731, regioncalls=133360, ndraw=40, logz=-70.49, remainder_fraction=100.0000%, Lmin=-63.29, Lmax=-5.46
01:53:02 [ultranest] [DEBUG] iteration=1320, ncalls=3741, regioncalls=133800, ndraw=40, logz=-69.99, remainder_fraction=100.0000%, Lmin=-62.72, Lmax=-5.46
01:53:02 [ultranest] [DEBUG] iteration=1341, ncalls=3781, regioncalls=135400, ndraw=40, logz=-67.42, remainder_fraction=100.0000%, Lmin=-59.79, Lmax=-5.46
01:53:02 [ultranest] [DEBUG] iteration=1360, ncalls=3830, regioncalls=137360, ndraw=40, logz=-64.78, remainder_fraction=100.0000%, Lmin=-57.15, Lmax=-5.46
01:53:02 [ultranest] [DEBUG] iteration=1378, ncalls=3879, regioncalls=139320, ndraw=40, logz=-63.13, remainder_fraction=100.0000%, Lmin=-55.85, Lmax=-5.46
01:53:02 [ultranest] [DEBUG] iteration=1392, ncalls=3928, regioncalls=141280, ndraw=40, logz=-61.74, remainder_fraction=100.0000%, Lmin=-54.50, Lmax=-5.46
01:53:02 [ultranest] [DEBUG] iteration=1400, ncalls=3942, regioncalls=141840, ndraw=40, logz=-61.18, remainder_fraction=100.0000%, Lmin=-54.01, Lmax=-5.46
01:53:02 [ultranest] [DEBUG] iteration=1415, ncalls=3985, regioncalls=143560, ndraw=40, logz=-60.15, remainder_fraction=100.0000%, Lmin=-52.47, Lmax=-5.46
01:53:02 [ultranest] [DEBUG] iteration=1430, ncalls=4037, regioncalls=145640, ndraw=40, logz=-58.92, remainder_fraction=100.0000%, Lmin=-51.35, Lmax=-5.46
01:53:03 [ultranest] [DEBUG] iteration=1440, ncalls=4079, regioncalls=147320, ndraw=40, logz=-57.89, remainder_fraction=100.0000%, Lmin=-50.01, Lmax=-5.46
01:53:03 [ultranest] [DEBUG] iteration=1451, ncalls=4134, regioncalls=149520, ndraw=40, logz=-56.42, remainder_fraction=100.0000%, Lmin=-48.37, Lmax=-5.46
01:53:03 [ultranest] [DEBUG] iteration=1468, ncalls=4191, regioncalls=151800, ndraw=40, logz=-54.45, remainder_fraction=100.0000%, Lmin=-46.74, Lmax=-5.46
01:53:03 [ultranest] [DEBUG] iteration=1469, ncalls=4192, regioncalls=151840, ndraw=40, logz=-54.35, remainder_fraction=100.0000%, Lmin=-46.64, Lmax=-5.46
01:53:03 [ultranest] [DEBUG] iteration=1480, ncalls=4219, regioncalls=152960, ndraw=40, logz=-53.38, remainder_fraction=100.0000%, Lmin=-45.49, Lmax=-5.46
01:53:03 [ultranest] [DEBUG] iteration=1496, ncalls=4262, regioncalls=154680, ndraw=40, logz=-51.58, remainder_fraction=100.0000%, Lmin=-43.75, Lmax=-5.46
01:53:03 [ultranest] [DEBUG] iteration=1508, ncalls=4319, regioncalls=156960, ndraw=40, logz=-50.43, remainder_fraction=100.0000%, Lmin=-42.68, Lmax=-5.46
01:53:03 [ultranest] [DEBUG] iteration=1520, ncalls=4348, regioncalls=158120, ndraw=40, logz=-49.43, remainder_fraction=100.0000%, Lmin=-41.74, Lmax=-5.46
01:53:03 [ultranest] [DEBUG] iteration=1534, ncalls=4401, regioncalls=160240, ndraw=40, logz=-48.44, remainder_fraction=100.0000%, Lmin=-40.77, Lmax=-5.46
01:53:03 [ultranest] [DEBUG] iteration=1546, ncalls=4454, regioncalls=162360, ndraw=40, logz=-47.41, remainder_fraction=100.0000%, Lmin=-39.69, Lmax=-5.46
01:53:03 [ultranest] [DEBUG] iteration=1560, ncalls=4504, regioncalls=164400, ndraw=40, logz=-46.48, remainder_fraction=100.0000%, Lmin=-38.95, Lmax=-5.46
01:53:04 [ultranest] [DEBUG] iteration=1578, ncalls=4551, regioncalls=166280, ndraw=40, logz=-44.80, remainder_fraction=100.0000%, Lmin=-36.48, Lmax=-5.46
01:53:04 [ultranest] [DEBUG] iteration=1600, ncalls=4599, regioncalls=168200, ndraw=40, logz=-42.69, remainder_fraction=100.0000%, Lmin=-34.91, Lmax=-5.46
01:53:04 [ultranest] [DEBUG] iteration=1613, ncalls=4651, regioncalls=170280, ndraw=40, logz=-41.86, remainder_fraction=100.0000%, Lmin=-34.15, Lmax=-5.46
01:53:04 [ultranest] [DEBUG] iteration=1623, ncalls=4684, regioncalls=171600, ndraw=40, logz=-41.19, remainder_fraction=100.0000%, Lmin=-33.33, Lmax=-5.46
01:53:04 [ultranest] [DEBUG] iteration=1638, ncalls=4725, regioncalls=173360, ndraw=40, logz=-40.22, remainder_fraction=100.0000%, Lmin=-32.50, Lmax=-5.46
01:53:04 [ultranest] [DEBUG] iteration=1640, ncalls=4739, regioncalls=173920, ndraw=40, logz=-40.10, remainder_fraction=100.0000%, Lmin=-32.45, Lmax=-5.46
01:53:04 [ultranest] [DEBUG] iteration=1655, ncalls=4779, regioncalls=175520, ndraw=40, logz=-39.32, remainder_fraction=100.0000%, Lmin=-31.46, Lmax=-5.20
01:53:04 [ultranest] [DEBUG] iteration=1668, ncalls=4832, regioncalls=177640, ndraw=40, logz=-38.54, remainder_fraction=100.0000%, Lmin=-30.89, Lmax=-5.20
01:53:04 [ultranest] [DEBUG] iteration=1680, ncalls=4866, regioncalls=179000, ndraw=40, logz=-37.93, remainder_fraction=100.0000%, Lmin=-30.31, Lmax=-4.88
01:53:04 [ultranest] [DEBUG] iteration=1695, ncalls=4917, regioncalls=181040, ndraw=40, logz=-37.22, remainder_fraction=100.0000%, Lmin=-29.60, Lmax=-4.88
01:53:04 [ultranest] [DEBUG] iteration=1706, ncalls=4959, regioncalls=182720, ndraw=40, logz=-36.71, remainder_fraction=100.0000%, Lmin=-29.12, Lmax=-4.88
01:53:05 [ultranest] [DEBUG] iteration=1720, ncalls=4999, regioncalls=184320, ndraw=40, logz=-35.98, remainder_fraction=100.0000%, Lmin=-28.07, Lmax=-4.88
01:53:05 [ultranest] [DEBUG] iteration=1737, ncalls=5049, regioncalls=186320, ndraw=40, logz=-34.89, remainder_fraction=100.0000%, Lmin=-26.91, Lmax=-4.88
01:53:05 [ultranest] [DEBUG] iteration=1751, ncalls=5102, regioncalls=188440, ndraw=40, logz=-33.99, remainder_fraction=100.0000%, Lmin=-26.01, Lmax=-4.88
01:53:05 [ultranest] [DEBUG] iteration=1760, ncalls=5133, regioncalls=189680, ndraw=40, logz=-33.42, remainder_fraction=100.0000%, Lmin=-24.98, Lmax=-4.88
01:53:05 [ultranest] [DEBUG] iteration=1774, ncalls=5184, regioncalls=191720, ndraw=40, logz=-32.53, remainder_fraction=100.0000%, Lmin=-24.51, Lmax=-4.88
01:53:05 [ultranest] [DEBUG] iteration=1777, ncalls=5192, regioncalls=192040, ndraw=40, logz=-32.37, remainder_fraction=100.0000%, Lmin=-24.46, Lmax=-4.88
01:53:05 [ultranest] [DEBUG] iteration=1792, ncalls=5236, regioncalls=193960, ndraw=40, logz=-31.69, remainder_fraction=100.0000%, Lmin=-23.87, Lmax=-4.88
01:53:05 [ultranest] [DEBUG] iteration=1800, ncalls=5250, regioncalls=194520, ndraw=40, logz=-31.36, remainder_fraction=100.0000%, Lmin=-23.53, Lmax=-4.88
01:53:05 [ultranest] [DEBUG] iteration=1820, ncalls=5298, regioncalls=196440, ndraw=40, logz=-30.53, remainder_fraction=100.0000%, Lmin=-22.51, Lmax=-4.70
01:53:05 [ultranest] [DEBUG] iteration=1839, ncalls=5347, regioncalls=198400, ndraw=40, logz=-29.74, remainder_fraction=100.0000%, Lmin=-21.98, Lmax=-4.70
01:53:05 [ultranest] [DEBUG] iteration=1840, ncalls=5349, regioncalls=198480, ndraw=40, logz=-29.71, remainder_fraction=100.0000%, Lmin=-21.95, Lmax=-4.70
01:53:05 [ultranest] [DEBUG] iteration=1854, ncalls=5396, regioncalls=200400, ndraw=40, logz=-29.23, remainder_fraction=100.0000%, Lmin=-21.53, Lmax=-4.70
01:53:05 [ultranest] [DEBUG] iteration=1870, ncalls=5437, regioncalls=202040, ndraw=40, logz=-28.74, remainder_fraction=100.0000%, Lmin=-21.05, Lmax=-4.70
01:53:06 [ultranest] [DEBUG] iteration=1880, ncalls=5455, regioncalls=202760, ndraw=40, logz=-28.44, remainder_fraction=100.0000%, Lmin=-20.67, Lmax=-4.70
01:53:06 [ultranest] [DEBUG] iteration=1902, ncalls=5501, regioncalls=204600, ndraw=40, logz=-27.77, remainder_fraction=100.0000%, Lmin=-19.98, Lmax=-4.70
01:53:06 [ultranest] [DEBUG] iteration=1920, ncalls=5542, regioncalls=206240, ndraw=40, logz=-27.29, remainder_fraction=99.9999%, Lmin=-19.60, Lmax=-4.70
01:53:06 [ultranest] [DEBUG] iteration=1931, ncalls=5576, regioncalls=207640, ndraw=40, logz=-26.99, remainder_fraction=99.9999%, Lmin=-19.10, Lmax=-4.70
01:53:06 [ultranest] [DEBUG] iteration=1948, ncalls=5618, regioncalls=209320, ndraw=40, logz=-26.45, remainder_fraction=99.9998%, Lmin=-18.43, Lmax=-4.70
01:53:06 [ultranest] [DEBUG] iteration=1960, ncalls=5647, regioncalls=210480, ndraw=40, logz=-26.08, remainder_fraction=99.9997%, Lmin=-18.08, Lmax=-4.70
01:53:06 [ultranest] [DEBUG] iteration=1977, ncalls=5694, regioncalls=212480, ndraw=40, logz=-25.55, remainder_fraction=99.9995%, Lmin=-17.36, Lmax=-4.70
01:53:06 [ultranest] [DEBUG] iteration=1995, ncalls=5743, regioncalls=214440, ndraw=40, logz=-25.00, remainder_fraction=99.9992%, Lmin=-17.05, Lmax=-4.70
01:53:06 [ultranest] [DEBUG] iteration=2000, ncalls=5749, regioncalls=214680, ndraw=40, logz=-24.87, remainder_fraction=99.9991%, Lmin=-16.94, Lmax=-4.70
01:53:06 [ultranest] [DEBUG] iteration=2017, ncalls=5789, regioncalls=216280, ndraw=40, logz=-24.43, remainder_fraction=99.9986%, Lmin=-16.45, Lmax=-4.70
01:53:06 [ultranest] [DEBUG] iteration=2033, ncalls=5835, regioncalls=218120, ndraw=40, logz=-24.05, remainder_fraction=99.9980%, Lmin=-16.20, Lmax=-4.70
01:53:06 [ultranest] [DEBUG] iteration=2040, ncalls=5859, regioncalls=219080, ndraw=40, logz=-23.90, remainder_fraction=99.9976%, Lmin=-16.07, Lmax=-4.70
01:53:07 [ultranest] [DEBUG] iteration=2058, ncalls=5908, regioncalls=221040, ndraw=40, logz=-23.49, remainder_fraction=99.9964%, Lmin=-15.44, Lmax=-4.70
01:53:07 [ultranest] [DEBUG] iteration=2075, ncalls=5955, regioncalls=222920, ndraw=40, logz=-23.05, remainder_fraction=99.9945%, Lmin=-14.96, Lmax=-4.70
01:53:07 [ultranest] [DEBUG] iteration=2080, ncalls=5979, regioncalls=223880, ndraw=40, logz=-22.93, remainder_fraction=99.9938%, Lmin=-14.89, Lmax=-4.70
01:53:07 [ultranest] [DEBUG] iteration=2085, ncalls=5998, regioncalls=224680, ndraw=40, logz=-22.82, remainder_fraction=99.9933%, Lmin=-14.81, Lmax=-4.70
01:53:07 [ultranest] [DEBUG] iteration=2104, ncalls=6038, regioncalls=226280, ndraw=40, logz=-22.36, remainder_fraction=99.9894%, Lmin=-14.22, Lmax=-4.70
01:53:07 [ultranest] [DEBUG] iteration=2118, ncalls=6080, regioncalls=227960, ndraw=40, logz=-22.03, remainder_fraction=99.9851%, Lmin=-13.80, Lmax=-4.70
01:53:07 [ultranest] [DEBUG] iteration=2120, ncalls=6083, regioncalls=228080, ndraw=40, logz=-21.98, remainder_fraction=99.9842%, Lmin=-13.76, Lmax=-4.70
01:53:07 [ultranest] [DEBUG] iteration=2142, ncalls=6131, regioncalls=230000, ndraw=40, logz=-21.44, remainder_fraction=99.9736%, Lmin=-13.17, Lmax=-4.70
01:53:07 [ultranest] [DEBUG] iteration=2157, ncalls=6179, regioncalls=231920, ndraw=40, logz=-21.08, remainder_fraction=99.9620%, Lmin=-12.74, Lmax=-4.70
01:53:07 [ultranest] [DEBUG] iteration=2160, ncalls=6183, regioncalls=232080, ndraw=40, logz=-21.01, remainder_fraction=99.9593%, Lmin=-12.59, Lmax=-4.70
01:53:07 [ultranest] [DEBUG] iteration=2178, ncalls=6221, regioncalls=233600, ndraw=40, logz=-20.58, remainder_fraction=99.9402%, Lmin=-12.28, Lmax=-4.70
01:53:07 [ultranest] [DEBUG] iteration=2195, ncalls=6266, regioncalls=235400, ndraw=40, logz=-20.22, remainder_fraction=99.9145%, Lmin=-11.82, Lmax=-4.70
01:53:07 [ultranest] [DEBUG] iteration=2200, ncalls=6285, regioncalls=236160, ndraw=40, logz=-20.10, remainder_fraction=99.9032%, Lmin=-11.64, Lmax=-4.70
01:53:08 [ultranest] [DEBUG] iteration=2221, ncalls=6332, regioncalls=238040, ndraw=40, logz=-19.62, remainder_fraction=99.8472%, Lmin=-11.22, Lmax=-4.70
01:53:08 [ultranest] [DEBUG] iteration=2238, ncalls=6382, regioncalls=240040, ndraw=40, logz=-19.28, remainder_fraction=99.7845%, Lmin=-10.92, Lmax=-4.70
01:53:08 [ultranest] [DEBUG] iteration=2239, ncalls=6385, regioncalls=240200, ndraw=40, logz=-19.26, remainder_fraction=99.7818%, Lmin=-10.81, Lmax=-4.70
01:53:08 [ultranest] [DEBUG] iteration=2240, ncalls=6386, regioncalls=240240, ndraw=40, logz=-19.24, remainder_fraction=99.7767%, Lmin=-10.81, Lmax=-4.70
01:53:08 [ultranest] [DEBUG] iteration=2257, ncalls=6430, regioncalls=242080, ndraw=40, logz=-18.90, remainder_fraction=99.6902%, Lmin=-10.54, Lmax=-4.70
01:53:08 [ultranest] [DEBUG] iteration=2278, ncalls=6475, regioncalls=243880, ndraw=40, logz=-18.52, remainder_fraction=99.5426%, Lmin=-10.19, Lmax=-4.70
01:53:08 [ultranest] [DEBUG] iteration=2280, ncalls=6483, regioncalls=244200, ndraw=40, logz=-18.48, remainder_fraction=99.5250%, Lmin=-10.17, Lmax=-4.70
01:53:08 [ultranest] [DEBUG] iteration=2296, ncalls=6534, regioncalls=246240, ndraw=40, logz=-18.23, remainder_fraction=99.3955%, Lmin=-9.99, Lmax=-4.70
01:53:08 [ultranest] [DEBUG] iteration=2315, ncalls=6583, regioncalls=248200, ndraw=40, logz=-17.96, remainder_fraction=99.2117%, Lmin=-9.68, Lmax=-4.70
01:53:08 [ultranest] [DEBUG] iteration=2316, ncalls=6587, regioncalls=248400, ndraw=40, logz=-17.94, remainder_fraction=99.1980%, Lmin=-9.68, Lmax=-4.70
01:53:08 [ultranest] [DEBUG] iteration=2320, ncalls=6596, regioncalls=248800, ndraw=40, logz=-17.89, remainder_fraction=99.1457%, Lmin=-9.66, Lmax=-4.70
01:53:08 [ultranest] [DEBUG] iteration=2339, ncalls=6638, regioncalls=250480, ndraw=40, logz=-17.64, remainder_fraction=98.8986%, Lmin=-9.46, Lmax=-4.70
01:53:08 [ultranest] [DEBUG] iteration=2359, ncalls=6684, regioncalls=252320, ndraw=40, logz=-17.40, remainder_fraction=98.5948%, Lmin=-9.22, Lmax=-4.70
01:53:08 [ultranest] [DEBUG] iteration=2360, ncalls=6686, regioncalls=252400, ndraw=40, logz=-17.39, remainder_fraction=98.5756%, Lmin=-9.22, Lmax=-4.70
01:53:08 [ultranest] [DEBUG] iteration=2381, ncalls=6730, regioncalls=254160, ndraw=40, logz=-17.15, remainder_fraction=98.2030%, Lmin=-9.02, Lmax=-4.70
01:53:09 [ultranest] [DEBUG] iteration=2393, ncalls=6759, regioncalls=255400, ndraw=40, logz=-17.03, remainder_fraction=97.9616%, Lmin=-8.93, Lmax=-4.70
01:53:09 [ultranest] [DEBUG] iteration=2400, ncalls=6781, regioncalls=256280, ndraw=40, logz=-16.97, remainder_fraction=97.8065%, Lmin=-8.86, Lmax=-4.70
01:53:09 [ultranest] [DEBUG] iteration=2415, ncalls=6822, regioncalls=257920, ndraw=40, logz=-16.81, remainder_fraction=97.3778%, Lmin=-8.63, Lmax=-4.70
01:53:09 [ultranest] [DEBUG] iteration=2432, ncalls=6871, regioncalls=259880, ndraw=40, logz=-16.65, remainder_fraction=96.8908%, Lmin=-8.48, Lmax=-4.70
01:53:09 [ultranest] [DEBUG] iteration=2440, ncalls=6890, regioncalls=260640, ndraw=40, logz=-16.58, remainder_fraction=96.6974%, Lmin=-8.40, Lmax=-4.70
01:53:09 [ultranest] [DEBUG] iteration=2455, ncalls=6942, regioncalls=262720, ndraw=40, logz=-16.44, remainder_fraction=96.2258%, Lmin=-8.26, Lmax=-4.70
01:53:09 [ultranest] [DEBUG] iteration=2470, ncalls=6974, regioncalls=264040, ndraw=40, logz=-16.31, remainder_fraction=95.6881%, Lmin=-8.15, Lmax=-4.70
01:53:09 [ultranest] [DEBUG] iteration=2480, ncalls=6999, regioncalls=265040, ndraw=40, logz=-16.23, remainder_fraction=95.2913%, Lmin=-8.07, Lmax=-4.70
01:53:09 [ultranest] [DEBUG] iteration=2500, ncalls=7042, regioncalls=266760, ndraw=40, logz=-16.08, remainder_fraction=94.5719%, Lmin=-7.92, Lmax=-4.70
01:53:09 [ultranest] [DEBUG] iteration=2520, ncalls=7085, regioncalls=268480, ndraw=40, logz=-15.93, remainder_fraction=93.7809%, Lmin=-7.75, Lmax=-4.70
01:53:09 [ultranest] [DEBUG] iteration=2541, ncalls=7131, regioncalls=270320, ndraw=40, logz=-15.78, remainder_fraction=92.8355%, Lmin=-7.60, Lmax=-4.70
01:53:09 [ultranest] [DEBUG] iteration=2556, ncalls=7167, regioncalls=271760, ndraw=40, logz=-15.68, remainder_fraction=92.0993%, Lmin=-7.50, Lmax=-4.70
01:53:10 [ultranest] [DEBUG] iteration=2560, ncalls=7178, regioncalls=272200, ndraw=40, logz=-15.65, remainder_fraction=91.8547%, Lmin=-7.45, Lmax=-4.70
01:53:10 [ultranest] [DEBUG] iteration=2578, ncalls=7222, regioncalls=273960, ndraw=40, logz=-15.54, remainder_fraction=90.8928%, Lmin=-7.35, Lmax=-4.70
01:53:10 [ultranest] [DEBUG] iteration=2600, ncalls=7269, regioncalls=275840, ndraw=40, logz=-15.41, remainder_fraction=89.6945%, Lmin=-7.19, Lmax=-4.70
01:53:10 [ultranest] [DEBUG] iteration=2623, ncalls=7320, regioncalls=277880, ndraw=40, logz=-15.27, remainder_fraction=88.2098%, Lmin=-7.05, Lmax=-4.70
01:53:10 [ultranest] [DEBUG] iteration=2639, ncalls=7357, regioncalls=279360, ndraw=40, logz=-15.18, remainder_fraction=87.3616%, Lmin=-6.93, Lmax=-4.70
01:53:10 [ultranest] [DEBUG] iteration=2640, ncalls=7361, regioncalls=279520, ndraw=40, logz=-15.18, remainder_fraction=87.3147%, Lmin=-6.93, Lmax=-4.70
01:53:10 [ultranest] [DEBUG] iteration=2659, ncalls=7413, regioncalls=281600, ndraw=40, logz=-15.07, remainder_fraction=85.9080%, Lmin=-6.80, Lmax=-4.70
01:53:10 [ultranest] [DEBUG] iteration=2680, ncalls=7454, regioncalls=283240, ndraw=40, logz=-14.96, remainder_fraction=84.2748%, Lmin=-6.61, Lmax=-4.70
01:53:10 [ultranest] [DEBUG] iteration=2698, ncalls=7501, regioncalls=285120, ndraw=40, logz=-14.87, remainder_fraction=82.6943%, Lmin=-6.51, Lmax=-4.70
01:53:10 [ultranest] [DEBUG] iteration=2701, ncalls=7504, regioncalls=285280, ndraw=40, logz=-14.85, remainder_fraction=82.4521%, Lmin=-6.50, Lmax=-4.70
01:53:10 [ultranest] [DEBUG] iteration=2717, ncalls=7545, regioncalls=286920, ndraw=40, logz=-14.77, remainder_fraction=80.8319%, Lmin=-6.39, Lmax=-4.70
01:53:10 [ultranest] [DEBUG] iteration=2720, ncalls=7552, regioncalls=287200, ndraw=40, logz=-14.76, remainder_fraction=80.4997%, Lmin=-6.39, Lmax=-4.70
01:53:10 [ultranest] [DEBUG] iteration=2740, ncalls=7597, regioncalls=289000, ndraw=40, logz=-14.66, remainder_fraction=78.4322%, Lmin=-6.31, Lmax=-4.70
01:53:11 [ultranest] [DEBUG] iteration=2757, ncalls=7645, regioncalls=290920, ndraw=40, logz=-14.59, remainder_fraction=76.8822%, Lmin=-6.26, Lmax=-4.70
01:53:11 [ultranest] [DEBUG] iteration=2760, ncalls=7649, regioncalls=291080, ndraw=40, logz=-14.57, remainder_fraction=76.5930%, Lmin=-6.25, Lmax=-4.70
01:53:11 [ultranest] [DEBUG] iteration=2777, ncalls=7697, regioncalls=293000, ndraw=40, logz=-14.51, remainder_fraction=75.0093%, Lmin=-6.19, Lmax=-4.70
01:53:11 [ultranest] [DEBUG] iteration=2791, ncalls=7735, regioncalls=294520, ndraw=40, logz=-14.45, remainder_fraction=73.4845%, Lmin=-6.13, Lmax=-4.70
01:53:11 [ultranest] [DEBUG] iteration=2800, ncalls=7752, regioncalls=295200, ndraw=40, logz=-14.42, remainder_fraction=72.6317%, Lmin=-6.08, Lmax=-4.70
01:53:11 [ultranest] [DEBUG] iteration=2822, ncalls=7795, regioncalls=296920, ndraw=40, logz=-14.34, remainder_fraction=70.4712%, Lmin=-6.00, Lmax=-4.70
01:53:11 [ultranest] [DEBUG] iteration=2840, ncalls=7842, regioncalls=298800, ndraw=40, logz=-14.28, remainder_fraction=68.6481%, Lmin=-5.95, Lmax=-4.70
01:53:11 [ultranest] [DEBUG] iteration=2855, ncalls=7882, regioncalls=300440, ndraw=40, logz=-14.23, remainder_fraction=67.0363%, Lmin=-5.91, Lmax=-4.70
01:53:11 [ultranest] [DEBUG] iteration=2874, ncalls=7924, regioncalls=302120, ndraw=40, logz=-14.17, remainder_fraction=64.9525%, Lmin=-5.84, Lmax=-4.70
01:53:11 [ultranest] [DEBUG] iteration=2880, ncalls=7939, regioncalls=302720, ndraw=40, logz=-14.15, remainder_fraction=64.3478%, Lmin=-5.81, Lmax=-4.70
01:53:11 [ultranest] [DEBUG] iteration=2903, ncalls=7983, regioncalls=304480, ndraw=40, logz=-14.09, remainder_fraction=62.0996%, Lmin=-5.75, Lmax=-4.70
01:53:12 [ultranest] [DEBUG] iteration=2919, ncalls=8032, regioncalls=306440, ndraw=40, logz=-14.04, remainder_fraction=60.5031%, Lmin=-5.72, Lmax=-4.70
01:53:12 [ultranest] [DEBUG] iteration=2920, ncalls=8033, regioncalls=306480, ndraw=40, logz=-14.04, remainder_fraction=60.4037%, Lmin=-5.71, Lmax=-4.70
01:53:12 [ultranest] [DEBUG] iteration=2937, ncalls=8073, regioncalls=308080, ndraw=40, logz=-14.00, remainder_fraction=58.7210%, Lmin=-5.68, Lmax=-4.70
01:53:12 [ultranest] [DEBUG] iteration=2953, ncalls=8118, regioncalls=309880, ndraw=40, logz=-13.96, remainder_fraction=56.9907%, Lmin=-5.64, Lmax=-4.70
01:53:12 [ultranest] [DEBUG] iteration=2960, ncalls=8137, regioncalls=310640, ndraw=40, logz=-13.94, remainder_fraction=56.2594%, Lmin=-5.63, Lmax=-4.70
01:53:12 [ultranest] [DEBUG] iteration=2977, ncalls=8192, regioncalls=312840, ndraw=40, logz=-13.90, remainder_fraction=54.4374%, Lmin=-5.58, Lmax=-4.70
01:53:12 [ultranest] [DEBUG] iteration=2998, ncalls=8238, regioncalls=314680, ndraw=40, logz=-13.86, remainder_fraction=52.2380%, Lmin=-5.54, Lmax=-4.70
01:53:12 [ultranest] [DEBUG] iteration=3000, ncalls=8245, regioncalls=314960, ndraw=40, logz=-13.86, remainder_fraction=52.0900%, Lmin=-5.53, Lmax=-4.70
01:53:12 [ultranest] [DEBUG] iteration=3009, ncalls=8269, regioncalls=315960, ndraw=40, logz=-13.84, remainder_fraction=51.2594%, Lmin=-5.51, Lmax=-4.70
01:53:12 [ultranest] [DEBUG] iteration=3025, ncalls=8310, regioncalls=317600, ndraw=40, logz=-13.81, remainder_fraction=49.6737%, Lmin=-5.47, Lmax=-4.70
01:53:12 [ultranest] [DEBUG] iteration=3040, ncalls=8338, regioncalls=318720, ndraw=40, logz=-13.78, remainder_fraction=48.2190%, Lmin=-5.45, Lmax=-4.70
01:53:12 [ultranest] [DEBUG] iteration=3056, ncalls=8386, regioncalls=320640, ndraw=40, logz=-13.75, remainder_fraction=46.7576%, Lmin=-5.43, Lmax=-4.69
01:53:12 [ultranest] [DEBUG] iteration=3078, ncalls=8432, regioncalls=322480, ndraw=40, logz=-13.71, remainder_fraction=44.6506%, Lmin=-5.37, Lmax=-4.69
01:53:12 [ultranest] [DEBUG] iteration=3080, ncalls=8435, regioncalls=322600, ndraw=40, logz=-13.71, remainder_fraction=44.4710%, Lmin=-5.37, Lmax=-4.69
01:53:13 [ultranest] [DEBUG] iteration=3095, ncalls=8474, regioncalls=324160, ndraw=40, logz=-13.68, remainder_fraction=43.2102%, Lmin=-5.33, Lmax=-4.69
01:53:13 [ultranest] [DEBUG] iteration=3108, ncalls=8520, regioncalls=326000, ndraw=40, logz=-13.66, remainder_fraction=42.0434%, Lmin=-5.30, Lmax=-4.69
01:53:13 [ultranest] [DEBUG] iteration=3120, ncalls=8549, regioncalls=327160, ndraw=40, logz=-13.64, remainder_fraction=40.9553%, Lmin=-5.28, Lmax=-4.69
01:53:13 [ultranest] [DEBUG] iteration=3141, ncalls=8597, regioncalls=329080, ndraw=40, logz=-13.61, remainder_fraction=39.0487%, Lmin=-5.25, Lmax=-4.69
01:53:13 [ultranest] [DEBUG] iteration=3159, ncalls=8643, regioncalls=330920, ndraw=40, logz=-13.59, remainder_fraction=37.6043%, Lmin=-5.22, Lmax=-4.69
01:53:13 [ultranest] [DEBUG] iteration=3160, ncalls=8644, regioncalls=330960, ndraw=40, logz=-13.59, remainder_fraction=37.5201%, Lmin=-5.22, Lmax=-4.69
01:53:13 [ultranest] [DEBUG] iteration=3163, ncalls=8649, regioncalls=331200, ndraw=40, logz=-13.58, remainder_fraction=37.2936%, Lmin=-5.22, Lmax=-4.69
01:53:13 [ultranest] [DEBUG] iteration=3179, ncalls=8693, regioncalls=332960, ndraw=40, logz=-13.56, remainder_fraction=35.9814%, Lmin=-5.19, Lmax=-4.69
01:53:13 [ultranest] [DEBUG] iteration=3199, ncalls=8737, regioncalls=334720, ndraw=40, logz=-13.54, remainder_fraction=34.3476%, Lmin=-5.16, Lmax=-4.69
01:53:13 [ultranest] [DEBUG] iteration=3200, ncalls=8739, regioncalls=334800, ndraw=40, logz=-13.54, remainder_fraction=34.2649%, Lmin=-5.15, Lmax=-4.69
01:53:13 [ultranest] [DEBUG] iteration=3222, ncalls=8784, regioncalls=336600, ndraw=40, logz=-13.51, remainder_fraction=32.5168%, Lmin=-5.13, Lmax=-4.69
01:53:13 [ultranest] [DEBUG] iteration=3240, ncalls=8830, regioncalls=338480, ndraw=40, logz=-13.49, remainder_fraction=31.1155%, Lmin=-5.12, Lmax=-4.68
01:53:13 [ultranest] [DEBUG] iteration=3256, ncalls=8869, regioncalls=340040, ndraw=40, logz=-13.47, remainder_fraction=29.9622%, Lmin=-5.10, Lmax=-4.68
01:53:14 [ultranest] [DEBUG] iteration=3279, ncalls=8908, regioncalls=341600, ndraw=40, logz=-13.45, remainder_fraction=28.3288%, Lmin=-5.08, Lmax=-4.68
01:53:14 [ultranest] [DEBUG] iteration=3280, ncalls=8909, regioncalls=341640, ndraw=40, logz=-13.45, remainder_fraction=28.2619%, Lmin=-5.08, Lmax=-4.68
01:53:14 [ultranest] [DEBUG] iteration=3297, ncalls=8952, regioncalls=343360, ndraw=40, logz=-13.44, remainder_fraction=27.1487%, Lmin=-5.05, Lmax=-4.68
01:53:14 [ultranest] [DEBUG] clustering found some stray points [need_accept=False] (array([1, 2]), array([340,   1]))
01:53:14 [ultranest] [DEBUG] iteration=3317, ncalls=8991, regioncalls=345000, ndraw=40, logz=-13.42, remainder_fraction=25.8878%, Lmin=-5.04, Lmax=-4.68
01:53:14 [ultranest] [DEBUG] iteration=3320, ncalls=8997, regioncalls=345240, ndraw=40, logz=-13.41, remainder_fraction=25.6798%, Lmin=-5.03, Lmax=-4.68
01:53:14 [ultranest] [DEBUG] iteration=3336, ncalls=9040, regioncalls=346960, ndraw=40, logz=-13.40, remainder_fraction=24.6681%, Lmin=-5.02, Lmax=-4.68
01:53:14 [ultranest] [DEBUG] iteration=3356, ncalls=9085, regioncalls=348760, ndraw=40, logz=-13.39, remainder_fraction=23.4811%, Lmin=-5.00, Lmax=-4.68
01:53:14 [ultranest] [DEBUG] iteration=3360, ncalls=9092, regioncalls=349040, ndraw=40, logz=-13.38, remainder_fraction=23.2389%, Lmin=-5.00, Lmax=-4.68
01:53:14 [ultranest] [DEBUG] iteration=3381, ncalls=9138, regioncalls=350880, ndraw=40, logz=-13.37, remainder_fraction=22.0361%, Lmin=-4.99, Lmax=-4.68
01:53:14 [ultranest] [DEBUG] iteration=3397, ncalls=9177, regioncalls=352440, ndraw=40, logz=-13.36, remainder_fraction=21.1435%, Lmin=-4.97, Lmax=-4.68
01:53:14 [ultranest] [DEBUG] iteration=3400, ncalls=9182, regioncalls=352640, ndraw=40, logz=-13.35, remainder_fraction=20.9827%, Lmin=-4.97, Lmax=-4.68
01:53:14 [ultranest] [DEBUG] iteration=3417, ncalls=9218, regioncalls=354080, ndraw=40, logz=-13.34, remainder_fraction=20.0813%, Lmin=-4.95, Lmax=-4.68
01:53:14 [ultranest] [DEBUG] iteration=3440, ncalls=9260, regioncalls=355760, ndraw=40, logz=-13.33, remainder_fraction=18.9337%, Lmin=-4.94, Lmax=-4.68
01:53:15 [ultranest] [DEBUG] iteration=3460, ncalls=9307, regioncalls=357640, ndraw=40, logz=-13.32, remainder_fraction=17.9691%, Lmin=-4.92, Lmax=-4.68
01:53:15 [ultranest] [DEBUG] iteration=3476, ncalls=9347, regioncalls=359240, ndraw=40, logz=-13.31, remainder_fraction=17.2328%, Lmin=-4.91, Lmax=-4.68
01:53:15 [ultranest] [DEBUG] iteration=3480, ncalls=9358, regioncalls=359680, ndraw=40, logz=-13.31, remainder_fraction=17.0490%, Lmin=-4.91, Lmax=-4.68
01:53:15 [ultranest] [DEBUG] iteration=3495, ncalls=9402, regioncalls=361440, ndraw=40, logz=-13.30, remainder_fraction=16.3924%, Lmin=-4.90, Lmax=-4.68
01:53:15 [ultranest] [DEBUG] iteration=3512, ncalls=9446, regioncalls=363200, ndraw=40, logz=-13.29, remainder_fraction=15.6716%, Lmin=-4.89, Lmax=-4.68
01:53:15 [ultranest] [DEBUG] iteration=3520, ncalls=9473, regioncalls=364280, ndraw=40, logz=-13.28, remainder_fraction=15.3434%, Lmin=-4.89, Lmax=-4.68
01:53:15 [ultranest] [DEBUG] iteration=3534, ncalls=9523, regioncalls=366280, ndraw=40, logz=-13.28, remainder_fraction=14.7805%, Lmin=-4.88, Lmax=-4.68
01:53:15 [ultranest] [DEBUG] iteration=3549, ncalls=9565, regioncalls=367960, ndraw=40, logz=-13.27, remainder_fraction=14.2068%, Lmin=-4.88, Lmax=-4.68
01:53:15 [ultranest] [DEBUG] iteration=3560, ncalls=9599, regioncalls=369320, ndraw=40, logz=-13.27, remainder_fraction=13.7904%, Lmin=-4.87, Lmax=-4.68
01:53:15 [ultranest] [DEBUG] iteration=3578, ncalls=9648, regioncalls=371280, ndraw=40, logz=-13.26, remainder_fraction=13.1266%, Lmin=-4.86, Lmax=-4.68
01:53:15 [ultranest] [DEBUG] iteration=3597, ncalls=9699, regioncalls=373320, ndraw=40, logz=-13.25, remainder_fraction=12.4713%, Lmin=-4.86, Lmax=-4.68
01:53:15 [ultranest] [DEBUG] iteration=3600, ncalls=9705, regioncalls=373560, ndraw=40, logz=-13.25, remainder_fraction=12.3699%, Lmin=-4.85, Lmax=-4.68
01:53:16 [ultranest] [DEBUG] iteration=3621, ncalls=9749, regioncalls=375320, ndraw=40, logz=-13.24, remainder_fraction=11.6827%, Lmin=-4.85, Lmax=-4.68
01:53:16 [ultranest] [DEBUG] iteration=3625, ncalls=9757, regioncalls=375920, ndraw=40, logz=-13.24, remainder_fraction=11.5589%, Lmin=-4.84, Lmax=-4.68
01:53:16 [ultranest] [DEBUG] iteration=3640, ncalls=9797, regioncalls=377520, ndraw=40, logz=-13.24, remainder_fraction=11.0916%, Lmin=-4.84, Lmax=-4.68
01:53:16 [ultranest] [DEBUG] iteration=3661, ncalls=9846, regioncalls=379480, ndraw=40, logz=-13.23, remainder_fraction=10.4827%, Lmin=-4.83, Lmax=-4.68
01:53:16 [ultranest] [DEBUG] iteration=3680, ncalls=9889, regioncalls=381200, ndraw=40, logz=-13.22, remainder_fraction=9.9513%, Lmin=-4.82, Lmax=-4.68
01:53:16 [ultranest] [DEBUG] iteration=3696, ncalls=9937, regioncalls=383120, ndraw=40, logz=-13.22, remainder_fraction=9.5260%, Lmin=-4.81, Lmax=-4.68
01:53:16 [ultranest] [DEBUG] iteration=3710, ncalls=9975, regioncalls=384640, ndraw=40, logz=-13.21, remainder_fraction=9.1624%, Lmin=-4.81, Lmax=-4.68
01:53:16 [ultranest] [DEBUG] iteration=3720, ncalls=10008, regioncalls=385960, ndraw=40, logz=-13.21, remainder_fraction=8.9224%, Lmin=-4.81, Lmax=-4.68
01:53:16 [ultranest] [DEBUG] iteration=3734, ncalls=10059, regioncalls=388000, ndraw=40, logz=-13.21, remainder_fraction=8.5769%, Lmin=-4.80, Lmax=-4.68
01:53:16 [ultranest] [DEBUG] iteration=3753, ncalls=10107, regioncalls=389920, ndraw=40, logz=-13.20, remainder_fraction=8.1355%, Lmin=-4.80, Lmax=-4.68
01:53:16 [ultranest] [DEBUG] iteration=3760, ncalls=10132, regioncalls=390920, ndraw=40, logz=-13.20, remainder_fraction=7.9818%, Lmin=-4.79, Lmax=-4.68
01:53:17 [ultranest] [DEBUG] iteration=3777, ncalls=10179, regioncalls=392800, ndraw=40, logz=-13.20, remainder_fraction=7.6118%, Lmin=-4.79, Lmax=-4.68
01:53:17 [ultranest] [DEBUG] iteration=3779, ncalls=10183, regioncalls=393000, ndraw=40, logz=-13.20, remainder_fraction=7.5693%, Lmin=-4.79, Lmax=-4.68
01:53:17 [ultranest] [DEBUG] iteration=3797, ncalls=10224, regioncalls=394720, ndraw=40, logz=-13.19, remainder_fraction=7.1999%, Lmin=-4.78, Lmax=-4.68
01:53:17 [ultranest] [DEBUG] iteration=3800, ncalls=10228, regioncalls=394880, ndraw=40, logz=-13.19, remainder_fraction=7.1402%, Lmin=-4.78, Lmax=-4.68
01:53:17 [ultranest] [DEBUG] iteration=3819, ncalls=10272, regioncalls=396680, ndraw=40, logz=-13.19, remainder_fraction=6.7710%, Lmin=-4.78, Lmax=-4.68
01:53:17 [ultranest] [INFO] Explored until L=-5  
01:53:17 [ultranest] [INFO] Likelihood function evaluations: 10282
01:53:18 [ultranest] [INFO] Writing samples and results to disk ...
01:53:18 [ultranest] [INFO] Writing samples and results to disk ... done
01:53:18 [ultranest] [DEBUG] did a run_iter pass!
01:53:18 [ultranest] [INFO]   logZ = -13.11 +- 0.1119
01:53:18 [ultranest] [INFO] Effective samples strategy satisfied (ESS = 1398.7, need >400)
01:53:18 [ultranest] [INFO] Posterior uncertainty strategy is satisfied (KL: 0.46+-0.11 nat, need <0.50 nat)
01:53:18 [ultranest] [INFO] Evidency uncertainty strategy is satisfied (dlogz=0.13, need <0.5)
01:53:18 [ultranest] [INFO]   logZ error budget: single: 0.15 bs:0.11 tail:0.06 total:0.13 required:<0.50
01:53:18 [ultranest] [INFO] done iterating.
01:53:18 [ultranest] [DEBUG] Making corner plot ...
01:53:19 [ultranest] [DEBUG] Making corner plot ... done
01:53:19 [ultranest] [DEBUG] Making run plot ... 
01:53:20 [ultranest] [DEBUG] Making run plot ... done
01:53:20 [ultranest] [DEBUG] Making trace plot ... 
01:53:21 [ultranest] [DEBUG] Making trace plot ... done
21:23:11 [ultranest] [DEBUG] ReactiveNestedSampler: dims=3+0, resume=True, log_dir=/home/orion51/Desktop/Research/spectral_fitting/FGL_spectral_fitting/Individual_sources/2CXOJ150237.4+015813/powerlaw_out_, backend=hdf5, vectorized=False, nbootstraps=30, ndraw=128..65536
21:23:11 [ultranest] [DEBUG] Testing resume consistency: [-4.7756738  -4.71576653  0.          0.29878441  0.35784173  0.20981928
 -5.01215587  1.65194249 20.46873496]: u=[0.29878441 0.35784173 0.20981928] -> p=[-5.01215587  1.65194249 20.46873496] -> L=-4.715766529417902 
21:23:11 [ultranest] [INFO] Resuming from 4165 stored points
21:23:11 [ultranest] [DEBUG] run_iter dlogz=0.5, dKL=0.5, frac_remain=0.01, Lepsilon=0.1000, min_ess=400
21:23:11 [ultranest] [DEBUG] max_iters=-1, max_ncalls=-1, max_num_improvement_loops=-1, min_num_live_points=400, cluster_num_live_points=40
21:23:11 [ultranest] [DEBUG] minimal_widths_sequence: [(-inf, 400.0), (inf, 400.0)]
21:23:11 [ultranest] [DEBUG] iteration=0, ncalls=10282, regioncalls=0, ndraw=40, logz=-inf, remainder_fraction=100.0000%, Lmin=-46188911346.35, Lmax=-7.94
21:23:11 [ultranest] [DEBUG] iteration=40, ncalls=10282, regioncalls=0, ndraw=40, logz=-28706043.31, remainder_fraction=100.0000%, Lmin=-27133944.83, Lmax=-7.94
21:23:11 [ultranest] [DEBUG] iteration=80, ncalls=10282, regioncalls=0, ndraw=40, logz=-1340307.93, remainder_fraction=100.0000%, Lmin=-1311373.95, Lmax=-5.52
21:23:11 [ultranest] [DEBUG] iteration=120, ncalls=10282, regioncalls=0, ndraw=40, logz=-74763.98, remainder_fraction=100.0000%, Lmin=-71612.78, Lmax=-5.52
21:23:11 [ultranest] [DEBUG] iteration=160, ncalls=10282, regioncalls=0, ndraw=40, logz=-6346.94, remainder_fraction=100.0000%, Lmin=-6333.80, Lmax=-5.52
21:23:11 [ultranest] [DEBUG] iteration=180, ncalls=10282, regioncalls=0, ndraw=40, logz=-2780.88, remainder_fraction=100.0000%, Lmin=-2706.38, Lmax=-5.52
21:23:11 [ultranest] [DEBUG] iteration=200, ncalls=10282, regioncalls=0, ndraw=40, logz=-962.33, remainder_fraction=100.0000%, Lmin=-939.92, Lmax=-5.52
21:23:11 [ultranest] [DEBUG] iteration=240, ncalls=10282, regioncalls=0, ndraw=40, logz=-213.08, remainder_fraction=100.0000%, Lmin=-203.57, Lmax=-5.52
21:23:11 [ultranest] [DEBUG] Plateau detected at L=-1.825879e+02, not replacing live point.
21:23:11 [ultranest] [DEBUG] Plateau detected at L=-1.825879e+02, not replacing live point.
21:23:11 [ultranest] [DEBUG] Plateau detected at L=-1.825879e+02, not replacing live point.
21:23:11 [ultranest] [DEBUG] Plateau detected at L=-1.825879e+02, not replacing live point.
21:23:11 [ultranest] [DEBUG] Plateau detected at L=-1.825879e+02, not replacing live point.
21:23:11 [ultranest] [DEBUG] Plateau detected at L=-1.825879e+02, not replacing live point.
21:23:11 [ultranest] [DEBUG] Plateau detected at L=-1.825879e+02, not replacing live point.
21:23:11 [ultranest] [DEBUG] Plateau detected at L=-1.825879e+02, not replacing live point.
21:23:11 [ultranest] [DEBUG] Plateau detected at L=-1.825879e+02, not replacing live point.
21:23:11 [ultranest] [DEBUG] Plateau detected at L=-1.825879e+02, not replacing live point.
21:23:11 [ultranest] [DEBUG] Plateau detected at L=-1.825879e+02, not replacing live point.
21:23:11 [ultranest] [DEBUG] Plateau detected at L=-1.825879e+02, not replacing live point.
21:23:11 [ultranest] [DEBUG] Plateau detected at L=-1.825879e+02, not replacing live point.
21:23:11 [ultranest] [DEBUG] Plateau detected at L=-1.825879e+02, not replacing live point.
21:23:11 [ultranest] [DEBUG] Plateau detected at L=-1.825879e+02, not replacing live point.
21:23:11 [ultranest] [DEBUG] Plateau detected at L=-1.825879e+02, not replacing live point.
21:23:11 [ultranest] [DEBUG] Plateau detected at L=-1.825879e+02, not replacing live point.
21:23:11 [ultranest] [DEBUG] Plateau detected at L=-1.825879e+02, not replacing live point.
21:23:11 [ultranest] [DEBUG] Plateau detected at L=-1.825879e+02, not replacing live point.
21:23:11 [ultranest] [DEBUG] Plateau detected at L=-1.825879e+02, not replacing live point.
21:23:11 [ultranest] [DEBUG] Plateau detected at L=-1.825879e+02, not replacing live point.
21:23:11 [ultranest] [DEBUG] Plateau detected at L=-1.825879e+02, not replacing live point.
21:23:11 [ultranest] [DEBUG] Plateau detected at L=-1.825879e+02, not replacing live point.
21:23:11 [ultranest] [DEBUG] Plateau detected at L=-1.825879e+02, not replacing live point.
21:23:11 [ultranest] [DEBUG] Plateau detected at L=-1.825879e+02, not replacing live point.
21:23:11 [ultranest] [DEBUG] Plateau detected at L=-1.825879e+02, not replacing live point.
21:23:11 [ultranest] [DEBUG] Plateau detected at L=-1.825879e+02, not replacing live point.
21:23:11 [ultranest] [DEBUG] Plateau detected at L=-1.825879e+02, not replacing live point.
21:23:11 [ultranest] [DEBUG] Plateau detected at L=-1.825879e+02, not replacing live point.
21:23:11 [ultranest] [DEBUG] Plateau detected at L=-1.825879e+02, not replacing live point.
21:23:11 [ultranest] [DEBUG] Plateau detected at L=-1.825879e+02, not replacing live point.
21:23:11 [ultranest] [DEBUG] Plateau detected at L=-1.825879e+02, not replacing live point.
21:23:11 [ultranest] [DEBUG] Plateau detected at L=-1.825879e+02, not replacing live point.
21:23:11 [ultranest] [DEBUG] Plateau detected at L=-1.825879e+02, not replacing live point.
21:23:11 [ultranest] [DEBUG] Plateau detected at L=-1.825879e+02, not replacing live point.
21:23:11 [ultranest] [DEBUG] Plateau detected at L=-1.825879e+02, not replacing live point.
21:23:11 [ultranest] [DEBUG] Plateau detected at L=-1.825879e+02, not replacing live point.
21:23:11 [ultranest] [DEBUG] Plateau detected at L=-1.825879e+02, not replacing live point.
21:23:11 [ultranest] [DEBUG] Plateau detected at L=-1.825879e+02, not replacing live point.
21:23:11 [ultranest] [DEBUG] Plateau detected at L=-1.825879e+02, not replacing live point.
21:23:11 [ultranest] [DEBUG] Plateau detected at L=-1.825879e+02, not replacing live point.
21:23:11 [ultranest] [DEBUG] Plateau detected at L=-1.825879e+02, not replacing live point.
21:23:11 [ultranest] [DEBUG] Plateau detected at L=-1.825879e+02, not replacing live point.
21:23:11 [ultranest] [DEBUG] Plateau detected at L=-1.825879e+02, not replacing live point.
21:23:11 [ultranest] [DEBUG] Plateau detected at L=-1.825879e+02, not replacing live point.
21:23:11 [ultranest] [DEBUG] Plateau detected at L=-1.825879e+02, not replacing live point.
21:23:11 [ultranest] [DEBUG] Plateau detected at L=-1.825879e+02, not replacing live point.
21:23:11 [ultranest] [DEBUG] Plateau detected at L=-1.825879e+02, not replacing live point.
21:23:11 [ultranest] [DEBUG] Plateau detected at L=-1.825879e+02, not replacing live point.
21:23:11 [ultranest] [DEBUG] Plateau detected at L=-1.825879e+02, not replacing live point.
21:23:11 [ultranest] [DEBUG] Plateau detected at L=-1.825879e+02, not replacing live point.
21:23:11 [ultranest] [DEBUG] Plateau detected at L=-1.825879e+02, not replacing live point.
21:23:11 [ultranest] [DEBUG] Plateau detected at L=-1.825879e+02, not replacing live point.
21:23:11 [ultranest] [DEBUG] Plateau detected at L=-1.825879e+02, not replacing live point.
21:23:11 [ultranest] [DEBUG] Plateau detected at L=-1.825879e+02, not replacing live point.
21:23:11 [ultranest] [DEBUG] Plateau detected at L=-1.825879e+02, not replacing live point.
21:23:11 [ultranest] [DEBUG] Plateau detected at L=-1.825879e+02, not replacing live point.
21:23:11 [ultranest] [DEBUG] Plateau detected at L=-1.825879e+02, not replacing live point.
21:23:11 [ultranest] [DEBUG] iteration=306, ncalls=10282, regioncalls=0, ndraw=40, logz=-185.14, remainder_fraction=100.0000%, Lmin=-182.59, Lmax=-5.52
21:23:11 [ultranest] [DEBUG] Plateau detected at L=-1.825879e+02, not replacing live point.
21:23:11 [ultranest] [DEBUG] iteration=314, ncalls=10282, regioncalls=0, ndraw=40, logz=-185.01, remainder_fraction=100.0000%, Lmin=-182.59, Lmax=-5.52
21:23:11 [ultranest] [DEBUG] iteration=320, ncalls=10282, regioncalls=0, ndraw=40, logz=-184.93, remainder_fraction=100.0000%, Lmin=-182.59, Lmax=-5.52
21:23:11 [ultranest] [DEBUG] iteration=360, ncalls=10282, regioncalls=0, ndraw=40, logz=-184.52, remainder_fraction=100.0000%, Lmin=-182.59, Lmax=-5.52
21:23:11 [ultranest] [DEBUG] iteration=400, ncalls=10282, regioncalls=0, ndraw=40, logz=-184.25, remainder_fraction=100.0000%, Lmin=-182.59, Lmax=-5.52
21:23:11 [ultranest] [DEBUG] iteration=440, ncalls=10282, regioncalls=0, ndraw=40, logz=-184.07, remainder_fraction=100.0000%, Lmin=-182.57, Lmax=-5.52
21:23:11 [ultranest] [DEBUG] iteration=480, ncalls=10282, regioncalls=0, ndraw=40, logz=-183.92, remainder_fraction=100.0000%, Lmin=-182.41, Lmax=-5.52
21:23:12 [ultranest] [DEBUG] iteration=520, ncalls=10282, regioncalls=0, ndraw=40, logz=-183.73, remainder_fraction=100.0000%, Lmin=-181.56, Lmax=-5.52
21:23:12 [ultranest] [DEBUG] iteration=545, ncalls=10282, regioncalls=0, ndraw=40, logz=-183.49, remainder_fraction=100.0000%, Lmin=-180.38, Lmax=-5.52
21:23:12 [ultranest] [DEBUG] iteration=560, ncalls=10282, regioncalls=0, ndraw=40, logz=-183.15, remainder_fraction=100.0000%, Lmin=-179.04, Lmax=-5.52
21:23:12 [ultranest] [DEBUG] iteration=600, ncalls=10282, regioncalls=0, ndraw=40, logz=-180.53, remainder_fraction=100.0000%, Lmin=-175.46, Lmax=-5.52
21:23:12 [ultranest] [DEBUG] iteration=640, ncalls=10282, regioncalls=0, ndraw=40, logz=-174.42, remainder_fraction=100.0000%, Lmin=-168.44, Lmax=-5.52
21:23:12 [ultranest] [DEBUG] iteration=680, ncalls=10282, regioncalls=0, ndraw=40, logz=-169.17, remainder_fraction=100.0000%, Lmin=-163.43, Lmax=-5.52
21:23:12 [ultranest] [DEBUG] iteration=699, ncalls=10282, regioncalls=0, ndraw=40, logz=-166.20, remainder_fraction=100.0000%, Lmin=-160.35, Lmax=-5.52
21:23:12 [ultranest] [DEBUG] iteration=720, ncalls=10282, regioncalls=0, ndraw=40, logz=-163.19, remainder_fraction=100.0000%, Lmin=-157.06, Lmax=-5.52
21:23:12 [ultranest] [DEBUG] iteration=760, ncalls=10282, regioncalls=0, ndraw=40, logz=-157.91, remainder_fraction=100.0000%, Lmin=-151.64, Lmax=-5.52
21:23:12 [ultranest] [DEBUG] iteration=776, ncalls=10282, regioncalls=0, ndraw=40, logz=-155.88, remainder_fraction=100.0000%, Lmin=-150.26, Lmax=-5.52
21:23:12 [ultranest] [DEBUG] iteration=800, ncalls=10282, regioncalls=0, ndraw=40, logz=-153.51, remainder_fraction=100.0000%, Lmin=-147.12, Lmax=-5.52
21:23:12 [ultranest] [DEBUG] iteration=840, ncalls=10282, regioncalls=0, ndraw=40, logz=-147.82, remainder_fraction=100.0000%, Lmin=-141.78, Lmax=-5.52
21:23:12 [ultranest] [DEBUG] iteration=853, ncalls=10282, regioncalls=0, ndraw=40, logz=-146.40, remainder_fraction=100.0000%, Lmin=-140.29, Lmax=-5.52
21:23:12 [ultranest] [DEBUG] iteration=880, ncalls=10282, regioncalls=0, ndraw=40, logz=-142.90, remainder_fraction=100.0000%, Lmin=-136.79, Lmax=-5.52
21:23:12 [ultranest] [DEBUG] iteration=920, ncalls=10282, regioncalls=0, ndraw=40, logz=-135.66, remainder_fraction=100.0000%, Lmin=-128.83, Lmax=-5.52
21:23:12 [ultranest] [DEBUG] iteration=960, ncalls=10282, regioncalls=0, ndraw=40, logz=-128.16, remainder_fraction=100.0000%, Lmin=-120.77, Lmax=-5.52
21:23:12 [ultranest] [DEBUG] iteration=1000, ncalls=10282, regioncalls=0, ndraw=40, logz=-120.28, remainder_fraction=100.0000%, Lmin=-113.35, Lmax=-5.52
21:23:12 [ultranest] [DEBUG] iteration=1007, ncalls=10282, regioncalls=0, ndraw=40, logz=-118.60, remainder_fraction=100.0000%, Lmin=-110.98, Lmax=-5.52
21:23:12 [ultranest] [DEBUG] iteration=1040, ncalls=10282, regioncalls=0, ndraw=40, logz=-112.31, remainder_fraction=100.0000%, Lmin=-105.07, Lmax=-5.46
21:23:12 [ultranest] [DEBUG] iteration=1080, ncalls=10282, regioncalls=0, ndraw=40, logz=-105.63, remainder_fraction=100.0000%, Lmin=-98.28, Lmax=-5.46
21:23:12 [ultranest] [DEBUG] iteration=1120, ncalls=10282, regioncalls=0, ndraw=40, logz=-98.63, remainder_fraction=100.0000%, Lmin=-91.57, Lmax=-5.46
21:23:12 [ultranest] [DEBUG] iteration=1160, ncalls=10282, regioncalls=0, ndraw=40, logz=-91.86, remainder_fraction=100.0000%, Lmin=-84.48, Lmax=-5.46
21:23:12 [ultranest] [DEBUG] iteration=1200, ncalls=10282, regioncalls=0, ndraw=40, logz=-86.20, remainder_fraction=100.0000%, Lmin=-78.94, Lmax=-5.46
21:23:12 [ultranest] [DEBUG] iteration=1240, ncalls=10282, regioncalls=0, ndraw=40, logz=-79.83, remainder_fraction=100.0000%, Lmin=-72.22, Lmax=-5.46
21:23:12 [ultranest] [DEBUG] iteration=1280, ncalls=10282, regioncalls=0, ndraw=40, logz=-74.76, remainder_fraction=100.0000%, Lmin=-67.03, Lmax=-5.46
21:23:12 [ultranest] [DEBUG] iteration=1315, ncalls=10282, regioncalls=0, ndraw=40, logz=-70.49, remainder_fraction=100.0000%, Lmin=-63.29, Lmax=-5.46
21:23:12 [ultranest] [DEBUG] iteration=1320, ncalls=10282, regioncalls=0, ndraw=40, logz=-69.99, remainder_fraction=100.0000%, Lmin=-62.72, Lmax=-5.46
21:23:12 [ultranest] [DEBUG] iteration=1360, ncalls=10282, regioncalls=0, ndraw=40, logz=-64.78, remainder_fraction=100.0000%, Lmin=-57.15, Lmax=-5.46
21:23:12 [ultranest] [DEBUG] iteration=1400, ncalls=10282, regioncalls=0, ndraw=40, logz=-61.18, remainder_fraction=100.0000%, Lmin=-54.01, Lmax=-5.46
21:23:12 [ultranest] [DEBUG] iteration=1440, ncalls=10282, regioncalls=0, ndraw=40, logz=-57.89, remainder_fraction=100.0000%, Lmin=-50.01, Lmax=-5.46
21:23:12 [ultranest] [DEBUG] iteration=1480, ncalls=10282, regioncalls=0, ndraw=40, logz=-53.38, remainder_fraction=100.0000%, Lmin=-45.49, Lmax=-5.46
21:23:12 [ultranest] [DEBUG] iteration=1520, ncalls=10282, regioncalls=0, ndraw=40, logz=-49.43, remainder_fraction=100.0000%, Lmin=-41.74, Lmax=-5.46
21:23:12 [ultranest] [DEBUG] iteration=1546, ncalls=10282, regioncalls=0, ndraw=40, logz=-47.41, remainder_fraction=100.0000%, Lmin=-39.69, Lmax=-5.46
21:23:12 [ultranest] [DEBUG] iteration=1560, ncalls=10282, regioncalls=0, ndraw=40, logz=-46.48, remainder_fraction=100.0000%, Lmin=-38.95, Lmax=-5.46
21:23:12 [ultranest] [DEBUG] iteration=1600, ncalls=10282, regioncalls=0, ndraw=40, logz=-42.69, remainder_fraction=100.0000%, Lmin=-34.91, Lmax=-5.46
21:23:12 [ultranest] [DEBUG] iteration=1640, ncalls=10282, regioncalls=0, ndraw=40, logz=-40.10, remainder_fraction=100.0000%, Lmin=-32.45, Lmax=-5.46
21:23:12 [ultranest] [DEBUG] iteration=1680, ncalls=10282, regioncalls=0, ndraw=40, logz=-37.93, remainder_fraction=100.0000%, Lmin=-30.31, Lmax=-4.88
21:23:12 [ultranest] [DEBUG] iteration=1700, ncalls=10282, regioncalls=0, ndraw=40, logz=-36.99, remainder_fraction=100.0000%, Lmin=-29.30, Lmax=-4.88
21:23:12 [ultranest] [DEBUG] iteration=1720, ncalls=10282, regioncalls=0, ndraw=40, logz=-35.98, remainder_fraction=100.0000%, Lmin=-28.07, Lmax=-4.88
21:23:12 [ultranest] [DEBUG] iteration=1760, ncalls=10282, regioncalls=0, ndraw=40, logz=-33.42, remainder_fraction=100.0000%, Lmin=-24.98, Lmax=-4.88
21:23:12 [ultranest] [DEBUG] iteration=1800, ncalls=10282, regioncalls=0, ndraw=40, logz=-31.36, remainder_fraction=100.0000%, Lmin=-23.53, Lmax=-4.88
21:23:12 [ultranest] [DEBUG] iteration=1840, ncalls=10282, regioncalls=0, ndraw=40, logz=-29.71, remainder_fraction=100.0000%, Lmin=-21.95, Lmax=-4.70
21:23:12 [ultranest] [DEBUG] iteration=1854, ncalls=10282, regioncalls=0, ndraw=40, logz=-29.23, remainder_fraction=100.0000%, Lmin=-21.53, Lmax=-4.70
21:23:12 [ultranest] [DEBUG] iteration=1880, ncalls=10282, regioncalls=0, ndraw=40, logz=-28.44, remainder_fraction=100.0000%, Lmin=-20.67, Lmax=-4.70
21:23:12 [ultranest] [DEBUG] iteration=1920, ncalls=10282, regioncalls=0, ndraw=40, logz=-27.29, remainder_fraction=99.9999%, Lmin=-19.60, Lmax=-4.70
21:23:12 [ultranest] [DEBUG] iteration=1931, ncalls=10282, regioncalls=0, ndraw=40, logz=-26.99, remainder_fraction=99.9999%, Lmin=-19.10, Lmax=-4.70
21:23:12 [ultranest] [DEBUG] iteration=1960, ncalls=10282, regioncalls=0, ndraw=40, logz=-26.08, remainder_fraction=99.9997%, Lmin=-18.08, Lmax=-4.70
21:23:12 [ultranest] [DEBUG] iteration=2000, ncalls=10282, regioncalls=0, ndraw=40, logz=-24.87, remainder_fraction=99.9991%, Lmin=-16.94, Lmax=-4.70
21:23:12 [ultranest] [DEBUG] clustering found some stray points [need_accept=False] (array([1, 2]), array([340,   1]))
21:23:13 [ultranest] [DEBUG] iteration=2040, ncalls=10282, regioncalls=0, ndraw=40, logz=-23.90, remainder_fraction=99.9976%, Lmin=-16.07, Lmax=-4.70
21:23:13 [ultranest] [DEBUG] iteration=2080, ncalls=10282, regioncalls=0, ndraw=40, logz=-22.93, remainder_fraction=99.9938%, Lmin=-14.89, Lmax=-4.70
21:23:13 [ultranest] [DEBUG] iteration=2085, ncalls=10282, regioncalls=0, ndraw=40, logz=-22.82, remainder_fraction=99.9933%, Lmin=-14.81, Lmax=-4.70
21:23:13 [ultranest] [DEBUG] iteration=2120, ncalls=10282, regioncalls=0, ndraw=40, logz=-21.98, remainder_fraction=99.9842%, Lmin=-13.76, Lmax=-4.70
21:23:13 [ultranest] [DEBUG] iteration=2160, ncalls=10282, regioncalls=0, ndraw=40, logz=-21.01, remainder_fraction=99.9593%, Lmin=-12.59, Lmax=-4.70
21:23:13 [ultranest] [DEBUG] iteration=2200, ncalls=10282, regioncalls=0, ndraw=40, logz=-20.10, remainder_fraction=99.9032%, Lmin=-11.64, Lmax=-4.70
21:23:13 [ultranest] [DEBUG] iteration=2239, ncalls=10282, regioncalls=0, ndraw=40, logz=-19.26, remainder_fraction=99.7818%, Lmin=-10.81, Lmax=-4.70
21:23:13 [ultranest] [DEBUG] iteration=2240, ncalls=10282, regioncalls=0, ndraw=40, logz=-19.24, remainder_fraction=99.7767%, Lmin=-10.81, Lmax=-4.70
21:23:13 [ultranest] [DEBUG] iteration=2280, ncalls=10282, regioncalls=0, ndraw=40, logz=-18.48, remainder_fraction=99.5250%, Lmin=-10.17, Lmax=-4.70
21:23:13 [ultranest] [DEBUG] iteration=2316, ncalls=10282, regioncalls=0, ndraw=40, logz=-17.94, remainder_fraction=99.1980%, Lmin=-9.68, Lmax=-4.70
21:23:13 [ultranest] [DEBUG] iteration=2320, ncalls=10282, regioncalls=0, ndraw=40, logz=-17.89, remainder_fraction=99.1457%, Lmin=-9.66, Lmax=-4.70
21:23:13 [ultranest] [DEBUG] iteration=2360, ncalls=10282, regioncalls=0, ndraw=40, logz=-17.39, remainder_fraction=98.5756%, Lmin=-9.22, Lmax=-4.70
21:23:13 [ultranest] [DEBUG] iteration=2393, ncalls=10282, regioncalls=0, ndraw=40, logz=-17.03, remainder_fraction=97.9616%, Lmin=-8.93, Lmax=-4.70
21:23:13 [ultranest] [DEBUG] iteration=2400, ncalls=10282, regioncalls=0, ndraw=40, logz=-16.97, remainder_fraction=97.8065%, Lmin=-8.86, Lmax=-4.70
21:23:13 [ultranest] [DEBUG] iteration=2440, ncalls=10282, regioncalls=0, ndraw=40, logz=-16.58, remainder_fraction=96.6974%, Lmin=-8.40, Lmax=-4.70
21:23:13 [ultranest] [DEBUG] iteration=2470, ncalls=10282, regioncalls=0, ndraw=40, logz=-16.31, remainder_fraction=95.6881%, Lmin=-8.15, Lmax=-4.70
21:23:13 [ultranest] [DEBUG] iteration=2480, ncalls=10282, regioncalls=0, ndraw=40, logz=-16.23, remainder_fraction=95.2913%, Lmin=-8.07, Lmax=-4.70
21:23:13 [ultranest] [DEBUG] iteration=2520, ncalls=10282, regioncalls=0, ndraw=40, logz=-15.93, remainder_fraction=93.7809%, Lmin=-7.75, Lmax=-4.70
21:23:13 [ultranest] [DEBUG] iteration=2547, ncalls=10282, regioncalls=0, ndraw=40, logz=-15.74, remainder_fraction=92.5625%, Lmin=-7.54, Lmax=-4.70
21:23:13 [ultranest] [DEBUG] iteration=2560, ncalls=10282, regioncalls=0, ndraw=40, logz=-15.65, remainder_fraction=91.8547%, Lmin=-7.45, Lmax=-4.70
21:23:13 [ultranest] [DEBUG] iteration=2600, ncalls=10282, regioncalls=0, ndraw=40, logz=-15.41, remainder_fraction=89.6945%, Lmin=-7.19, Lmax=-4.70
21:23:13 [ultranest] [DEBUG] iteration=2640, ncalls=10282, regioncalls=0, ndraw=40, logz=-15.18, remainder_fraction=87.3147%, Lmin=-6.93, Lmax=-4.70
21:23:13 [ultranest] [DEBUG] iteration=2680, ncalls=10282, regioncalls=0, ndraw=40, logz=-14.96, remainder_fraction=84.2748%, Lmin=-6.61, Lmax=-4.70
21:23:13 [ultranest] [DEBUG] iteration=2720, ncalls=10282, regioncalls=0, ndraw=40, logz=-14.76, remainder_fraction=80.4997%, Lmin=-6.39, Lmax=-4.70
21:23:13 [ultranest] [DEBUG] iteration=2760, ncalls=10282, regioncalls=0, ndraw=40, logz=-14.57, remainder_fraction=76.5930%, Lmin=-6.25, Lmax=-4.70
21:23:13 [ultranest] [DEBUG] iteration=2800, ncalls=10282, regioncalls=0, ndraw=40, logz=-14.42, remainder_fraction=72.6317%, Lmin=-6.08, Lmax=-4.70
21:23:13 [ultranest] [DEBUG] iteration=2840, ncalls=10282, regioncalls=0, ndraw=40, logz=-14.28, remainder_fraction=68.6481%, Lmin=-5.95, Lmax=-4.70
21:23:13 [ultranest] [DEBUG] iteration=2855, ncalls=10282, regioncalls=0, ndraw=40, logz=-14.23, remainder_fraction=67.0363%, Lmin=-5.91, Lmax=-4.70
21:23:13 [ultranest] [DEBUG] iteration=2880, ncalls=10282, regioncalls=0, ndraw=40, logz=-14.15, remainder_fraction=64.3478%, Lmin=-5.81, Lmax=-4.70
21:23:13 [ultranest] [DEBUG] iteration=2920, ncalls=10282, regioncalls=0, ndraw=40, logz=-14.04, remainder_fraction=60.4037%, Lmin=-5.71, Lmax=-4.70
21:23:13 [ultranest] [DEBUG] iteration=2932, ncalls=10282, regioncalls=0, ndraw=40, logz=-14.01, remainder_fraction=59.1886%, Lmin=-5.68, Lmax=-4.70
21:23:13 [ultranest] [DEBUG] iteration=2960, ncalls=10282, regioncalls=0, ndraw=40, logz=-13.94, remainder_fraction=56.2594%, Lmin=-5.63, Lmax=-4.70
21:23:13 [ultranest] [DEBUG] iteration=3000, ncalls=10282, regioncalls=0, ndraw=40, logz=-13.86, remainder_fraction=52.0900%, Lmin=-5.53, Lmax=-4.70
21:23:13 [ultranest] [DEBUG] iteration=3009, ncalls=10282, regioncalls=0, ndraw=40, logz=-13.84, remainder_fraction=51.2594%, Lmin=-5.51, Lmax=-4.70
21:23:13 [ultranest] [DEBUG] iteration=3040, ncalls=10282, regioncalls=0, ndraw=40, logz=-13.78, remainder_fraction=48.2190%, Lmin=-5.45, Lmax=-4.70
21:23:13 [ultranest] [DEBUG] iteration=3080, ncalls=10282, regioncalls=0, ndraw=40, logz=-13.71, remainder_fraction=44.4710%, Lmin=-5.37, Lmax=-4.69
21:23:13 [ultranest] [DEBUG] iteration=3120, ncalls=10282, regioncalls=0, ndraw=40, logz=-13.64, remainder_fraction=40.9553%, Lmin=-5.28, Lmax=-4.69
21:23:13 [ultranest] [DEBUG] iteration=3160, ncalls=10282, regioncalls=0, ndraw=40, logz=-13.59, remainder_fraction=37.5201%, Lmin=-5.22, Lmax=-4.69
21:23:13 [ultranest] [DEBUG] iteration=3200, ncalls=10282, regioncalls=0, ndraw=40, logz=-13.54, remainder_fraction=34.2649%, Lmin=-5.15, Lmax=-4.69
21:23:13 [ultranest] [DEBUG] iteration=3240, ncalls=10282, regioncalls=0, ndraw=40, logz=-13.49, remainder_fraction=31.1155%, Lmin=-5.12, Lmax=-4.68
21:23:13 [ultranest] [DEBUG] iteration=3280, ncalls=10282, regioncalls=0, ndraw=40, logz=-13.45, remainder_fraction=28.2619%, Lmin=-5.08, Lmax=-4.68
21:23:13 [ultranest] [DEBUG] iteration=3317, ncalls=10282, regioncalls=0, ndraw=40, logz=-13.42, remainder_fraction=25.8878%, Lmin=-5.04, Lmax=-4.68
21:23:13 [ultranest] [DEBUG] iteration=3320, ncalls=10282, regioncalls=0, ndraw=40, logz=-13.41, remainder_fraction=25.6798%, Lmin=-5.03, Lmax=-4.68
21:23:13 [ultranest] [DEBUG] iteration=3360, ncalls=10282, regioncalls=0, ndraw=40, logz=-13.38, remainder_fraction=23.2389%, Lmin=-5.00, Lmax=-4.68
21:23:13 [ultranest] [DEBUG] iteration=3394, ncalls=10282, regioncalls=0, ndraw=40, logz=-13.36, remainder_fraction=21.3141%, Lmin=-4.97, Lmax=-4.68
21:23:13 [ultranest] [DEBUG] iteration=3400, ncalls=10282, regioncalls=0, ndraw=40, logz=-13.35, remainder_fraction=20.9827%, Lmin=-4.97, Lmax=-4.68
21:23:13 [ultranest] [DEBUG] iteration=3440, ncalls=10282, regioncalls=0, ndraw=40, logz=-13.33, remainder_fraction=18.9337%, Lmin=-4.94, Lmax=-4.68
21:23:13 [ultranest] [DEBUG] iteration=3471, ncalls=10282, regioncalls=0, ndraw=40, logz=-13.31, remainder_fraction=17.4542%, Lmin=-4.92, Lmax=-4.68
21:23:13 [ultranest] [DEBUG] iteration=3480, ncalls=10282, regioncalls=0, ndraw=40, logz=-13.31, remainder_fraction=17.0490%, Lmin=-4.91, Lmax=-4.68
21:23:13 [ultranest] [DEBUG] iteration=3520, ncalls=10282, regioncalls=0, ndraw=40, logz=-13.28, remainder_fraction=15.3434%, Lmin=-4.89, Lmax=-4.68
21:23:13 [ultranest] [DEBUG] iteration=3560, ncalls=10282, regioncalls=0, ndraw=40, logz=-13.27, remainder_fraction=13.7904%, Lmin=-4.87, Lmax=-4.68
21:23:13 [ultranest] [DEBUG] iteration=3600, ncalls=10282, regioncalls=0, ndraw=40, logz=-13.25, remainder_fraction=12.3699%, Lmin=-4.85, Lmax=-4.68
21:23:13 [ultranest] [DEBUG] iteration=3640, ncalls=10282, regioncalls=0, ndraw=40, logz=-13.24, remainder_fraction=11.0916%, Lmin=-4.84, Lmax=-4.68
21:23:14 [ultranest] [DEBUG] iteration=3680, ncalls=10282, regioncalls=0, ndraw=40, logz=-13.22, remainder_fraction=9.9513%, Lmin=-4.82, Lmax=-4.68
21:23:14 [ultranest] [DEBUG] iteration=3720, ncalls=10282, regioncalls=0, ndraw=40, logz=-13.21, remainder_fraction=8.9224%, Lmin=-4.81, Lmax=-4.68
21:23:14 [ultranest] [DEBUG] iteration=3760, ncalls=10282, regioncalls=0, ndraw=40, logz=-13.20, remainder_fraction=7.9818%, Lmin=-4.79, Lmax=-4.68
21:23:14 [ultranest] [DEBUG] iteration=3779, ncalls=10282, regioncalls=0, ndraw=40, logz=-13.20, remainder_fraction=7.5693%, Lmin=-4.79, Lmax=-4.68
21:23:14 [ultranest] [DEBUG] iteration=3800, ncalls=10282, regioncalls=0, ndraw=40, logz=-13.19, remainder_fraction=7.1402%, Lmin=-4.78, Lmax=-4.68
21:23:14 [ultranest] [INFO] Explored until L=-5  
21:23:14 [ultranest] [INFO] Likelihood function evaluations: 10282
21:23:15 [ultranest] [INFO] Writing samples and results to disk ...
21:23:15 [ultranest] [INFO] Writing samples and results to disk ... done
21:23:15 [ultranest] [DEBUG] did a run_iter pass!
21:23:15 [ultranest] [INFO]   logZ = -13.12 +- 0.1215
21:23:15 [ultranest] [INFO] Effective samples strategy satisfied (ESS = 1398.7, need >400)
21:23:15 [ultranest] [INFO] Posterior uncertainty strategy is satisfied (KL: 0.45+-0.08 nat, need <0.50 nat)
21:23:15 [ultranest] [INFO] Evidency uncertainty strategy is satisfied (dlogz=0.14, need <0.5)
21:23:15 [ultranest] [INFO]   logZ error budget: single: 0.15 bs:0.12 tail:0.06 total:0.14 required:<0.50
21:23:15 [ultranest] [INFO] done iterating.
21:23:15 [ultranest] [DEBUG] Making corner plot ...
21:23:17 [ultranest] [DEBUG] Making corner plot ... done
21:23:17 [ultranest] [DEBUG] Making run plot ... 
21:23:17 [ultranest] [DEBUG] Making run plot ... done
21:23:17 [ultranest] [DEBUG] Making trace plot ... 
21:23:18 [ultranest] [DEBUG] Making trace plot ... done
