09:22:25 [ultranest] [DEBUG] ReactiveNestedSampler: dims=3+0, resume=True, log_dir=/home/orion51/Desktop/Research/spectral_fitting/FGL_spectral_fitting/Individual_sources/2CXOJ103145.7+573401/bb_out_, backend=hdf5, vectorized=False, nbootstraps=30, ndraw=128..65536
09:22:25 [ultranest] [INFO] Sampling 400 live points from prior ...
09:22:26 [ultranest] [DEBUG] run_iter dlogz=0.5, dKL=0.5, frac_remain=0.01, Lepsilon=0.1000, min_ess=400
09:22:26 [ultranest] [DEBUG] max_iters=-1, max_ncalls=-1, max_num_improvement_loops=-1, min_num_live_points=400, cluster_num_live_points=40
09:22:26 [ultranest] [DEBUG] minimal_widths_sequence: [(-inf, 400.0), (inf, 400.0)]
09:22:26 [ultranest] [DEBUG] iteration=0, ncalls=401, regioncalls=40, ndraw=40, logz=-inf, remainder_fraction=100.0000%, Lmin=-107584258.79, Lmax=-23.64
09:22:26 [ultranest] [DEBUG] iteration=31, ncalls=432, regioncalls=1280, ndraw=40, logz=-69111.66, remainder_fraction=100.0000%, Lmin=-41172.52, Lmax=-15.98
09:22:26 [ultranest] [DEBUG] iteration=40, ncalls=442, regioncalls=1680, ndraw=40, logz=-3266.12, remainder_fraction=100.0000%, Lmin=-2037.59, Lmax=-15.98
09:22:26 [ultranest] [DEBUG] Plateau detected at L=-1.745444e+02, not replacing live point.
09:22:26 [ultranest] [DEBUG] Plateau detected at L=-1.745444e+02, not replacing live point.
09:22:26 [ultranest] [DEBUG] Plateau detected at L=-1.745444e+02, not replacing live point.
09:22:26 [ultranest] [DEBUG] Plateau detected at L=-1.745444e+02, not replacing live point.
09:22:26 [ultranest] [DEBUG] Plateau detected at L=-1.745444e+02, not replacing live point.
09:22:26 [ultranest] [DEBUG] Plateau detected at L=-1.745444e+02, not replacing live point.
09:22:26 [ultranest] [DEBUG] Plateau detected at L=-1.745444e+02, not replacing live point.
09:22:26 [ultranest] [DEBUG] Plateau detected at L=-1.745444e+02, not replacing live point.
09:22:26 [ultranest] [DEBUG] Plateau detected at L=-1.745444e+02, not replacing live point.
09:22:26 [ultranest] [DEBUG] Plateau detected at L=-1.745444e+02, not replacing live point.
09:22:26 [ultranest] [DEBUG] Plateau detected at L=-1.745444e+02, not replacing live point.
09:22:26 [ultranest] [DEBUG] Plateau detected at L=-1.745444e+02, not replacing live point.
09:22:26 [ultranest] [DEBUG] Plateau detected at L=-1.745444e+02, not replacing live point.
09:22:26 [ultranest] [DEBUG] Plateau detected at L=-1.745444e+02, not replacing live point.
09:22:26 [ultranest] [DEBUG] Plateau detected at L=-1.745444e+02, not replacing live point.
09:22:26 [ultranest] [DEBUG] Plateau detected at L=-1.745444e+02, not replacing live point.
09:22:26 [ultranest] [DEBUG] Plateau detected at L=-1.745444e+02, not replacing live point.
09:22:26 [ultranest] [DEBUG] Plateau detected at L=-1.745444e+02, not replacing live point.
09:22:26 [ultranest] [DEBUG] Plateau detected at L=-1.745444e+02, not replacing live point.
09:22:26 [ultranest] [DEBUG] Plateau detected at L=-1.745444e+02, not replacing live point.
09:22:26 [ultranest] [DEBUG] Plateau detected at L=-1.745444e+02, not replacing live point.
09:22:26 [ultranest] [DEBUG] Plateau detected at L=-1.745444e+02, not replacing live point.
09:22:26 [ultranest] [DEBUG] Plateau detected at L=-1.745444e+02, not replacing live point.
09:22:26 [ultranest] [DEBUG] Plateau detected at L=-1.745444e+02, not replacing live point.
09:22:26 [ultranest] [DEBUG] Plateau detected at L=-1.745444e+02, not replacing live point.
09:22:26 [ultranest] [DEBUG] Plateau detected at L=-1.745444e+02, not replacing live point.
09:22:26 [ultranest] [DEBUG] Plateau detected at L=-1.745444e+02, not replacing live point.
09:22:26 [ultranest] [DEBUG] Plateau detected at L=-1.745444e+02, not replacing live point.
09:22:26 [ultranest] [DEBUG] Plateau detected at L=-1.745444e+02, not replacing live point.
09:22:26 [ultranest] [DEBUG] Plateau detected at L=-1.745444e+02, not replacing live point.
09:22:26 [ultranest] [DEBUG] Plateau detected at L=-1.745444e+02, not replacing live point.
09:22:26 [ultranest] [DEBUG] Plateau detected at L=-1.745444e+02, not replacing live point.
09:22:26 [ultranest] [DEBUG] Plateau detected at L=-1.745444e+02, not replacing live point.
09:22:26 [ultranest] [DEBUG] Plateau detected at L=-1.745444e+02, not replacing live point.
09:22:26 [ultranest] [DEBUG] Plateau detected at L=-1.745444e+02, not replacing live point.
09:22:26 [ultranest] [DEBUG] Plateau detected at L=-1.745444e+02, not replacing live point.
09:22:26 [ultranest] [DEBUG] Plateau detected at L=-1.745444e+02, not replacing live point.
09:22:26 [ultranest] [DEBUG] Plateau detected at L=-1.745444e+02, not replacing live point.
09:22:26 [ultranest] [DEBUG] Plateau detected at L=-1.745444e+02, not replacing live point.
09:22:26 [ultranest] [DEBUG] Plateau detected at L=-1.745444e+02, not replacing live point.
09:22:26 [ultranest] [DEBUG] Plateau detected at L=-1.745444e+02, not replacing live point.
09:22:26 [ultranest] [DEBUG] Plateau detected at L=-1.745444e+02, not replacing live point.
09:22:26 [ultranest] [DEBUG] Plateau detected at L=-1.745444e+02, not replacing live point.
09:22:26 [ultranest] [DEBUG] Plateau detected at L=-1.745444e+02, not replacing live point.
09:22:26 [ultranest] [DEBUG] Plateau detected at L=-1.745444e+02, not replacing live point.
09:22:26 [ultranest] [DEBUG] Plateau detected at L=-1.745444e+02, not replacing live point.
09:22:26 [ultranest] [DEBUG] Plateau detected at L=-1.745444e+02, not replacing live point.
09:22:26 [ultranest] [DEBUG] Plateau detected at L=-1.745444e+02, not replacing live point.
09:22:26 [ultranest] [DEBUG] Plateau detected at L=-1.745444e+02, not replacing live point.
09:22:26 [ultranest] [DEBUG] Plateau detected at L=-1.745444e+02, not replacing live point.
09:22:26 [ultranest] [DEBUG] Plateau detected at L=-1.745444e+02, not replacing live point.
09:22:26 [ultranest] [DEBUG] Plateau detected at L=-1.745444e+02, not replacing live point.
09:22:26 [ultranest] [DEBUG] Plateau detected at L=-1.745444e+02, not replacing live point.
09:22:26 [ultranest] [DEBUG] Plateau detected at L=-1.745444e+02, not replacing live point.
09:22:26 [ultranest] [DEBUG] Plateau detected at L=-1.745444e+02, not replacing live point.
09:22:26 [ultranest] [DEBUG] Plateau detected at L=-1.745444e+02, not replacing live point.
09:22:26 [ultranest] [DEBUG] Plateau detected at L=-1.745444e+02, not replacing live point.
09:22:26 [ultranest] [DEBUG] Plateau detected at L=-1.745444e+02, not replacing live point.
09:22:26 [ultranest] [DEBUG] Plateau detected at L=-1.745444e+02, not replacing live point.
09:22:26 [ultranest] [DEBUG] Plateau detected at L=-1.745444e+02, not replacing live point.
09:22:26 [ultranest] [DEBUG] Plateau detected at L=-1.745444e+02, not replacing live point.
09:22:26 [ultranest] [DEBUG] Plateau detected at L=-1.745444e+02, not replacing live point.
09:22:26 [ultranest] [DEBUG] Plateau detected at L=-1.745444e+02, not replacing live point.
09:22:26 [ultranest] [DEBUG] Plateau detected at L=-1.745444e+02, not replacing live point.
09:22:26 [ultranest] [DEBUG] Plateau detected at L=-1.745444e+02, not replacing live point.
09:22:26 [ultranest] [DEBUG] Plateau detected at L=-1.745444e+02, not replacing live point.
09:22:26 [ultranest] [DEBUG] Plateau detected at L=-1.745444e+02, not replacing live point.
09:22:26 [ultranest] [DEBUG] Plateau detected at L=-1.745444e+02, not replacing live point.
09:22:26 [ultranest] [DEBUG] Plateau detected at L=-1.745444e+02, not replacing live point.
09:22:26 [ultranest] [DEBUG] Plateau detected at L=-1.745444e+02, not replacing live point.
09:22:26 [ultranest] [DEBUG] Plateau detected at L=-1.745444e+02, not replacing live point.
09:22:26 [ultranest] [DEBUG] Plateau detected at L=-1.745444e+02, not replacing live point.
09:22:26 [ultranest] [DEBUG] Plateau detected at L=-1.745444e+02, not replacing live point.
09:22:26 [ultranest] [DEBUG] Plateau detected at L=-1.745444e+02, not replacing live point.
09:22:26 [ultranest] [DEBUG] Plateau detected at L=-1.745444e+02, not replacing live point.
09:22:26 [ultranest] [DEBUG] Plateau detected at L=-1.745444e+02, not replacing live point.
09:22:26 [ultranest] [DEBUG] Plateau detected at L=-1.745444e+02, not replacing live point.
09:22:26 [ultranest] [DEBUG] Plateau detected at L=-1.745444e+02, not replacing live point.
09:22:26 [ultranest] [DEBUG] Plateau detected at L=-1.745444e+02, not replacing live point.
09:22:26 [ultranest] [DEBUG] Plateau detected at L=-1.745444e+02, not replacing live point.
09:22:26 [ultranest] [DEBUG] Plateau detected at L=-1.745444e+02, not replacing live point.
09:22:26 [ultranest] [DEBUG] Plateau detected at L=-1.745444e+02, not replacing live point.
09:22:26 [ultranest] [DEBUG] Plateau detected at L=-1.745444e+02, not replacing live point.
09:22:26 [ultranest] [DEBUG] Plateau detected at L=-1.745444e+02, not replacing live point.
09:22:26 [ultranest] [DEBUG] Plateau detected at L=-1.745444e+02, not replacing live point.
09:22:26 [ultranest] [DEBUG] Plateau detected at L=-1.745444e+02, not replacing live point.
09:22:26 [ultranest] [DEBUG] Plateau detected at L=-1.745444e+02, not replacing live point.
09:22:26 [ultranest] [DEBUG] Plateau detected at L=-1.745444e+02, not replacing live point.
09:22:26 [ultranest] [DEBUG] Plateau detected at L=-1.745444e+02, not replacing live point.
09:22:26 [ultranest] [DEBUG] Plateau detected at L=-1.745444e+02, not replacing live point.
09:22:26 [ultranest] [DEBUG] Plateau detected at L=-1.745444e+02, not replacing live point.
09:22:26 [ultranest] [DEBUG] Plateau detected at L=-1.745444e+02, not replacing live point.
09:22:26 [ultranest] [DEBUG] Plateau detected at L=-1.745444e+02, not replacing live point.
09:22:26 [ultranest] [DEBUG] Plateau detected at L=-1.745444e+02, not replacing live point.
09:22:26 [ultranest] [DEBUG] Plateau detected at L=-1.745444e+02, not replacing live point.
09:22:26 [ultranest] [DEBUG] Plateau detected at L=-1.745444e+02, not replacing live point.
09:22:26 [ultranest] [DEBUG] Plateau detected at L=-1.745444e+02, not replacing live point.
09:22:26 [ultranest] [DEBUG] Plateau detected at L=-1.745444e+02, not replacing live point.
09:22:26 [ultranest] [DEBUG] Plateau detected at L=-1.745444e+02, not replacing live point.
09:22:26 [ultranest] [DEBUG] Plateau detected at L=-1.745444e+02, not replacing live point.
09:22:26 [ultranest] [DEBUG] Plateau detected at L=-1.745444e+02, not replacing live point.
09:22:26 [ultranest] [DEBUG] Plateau detected at L=-1.745444e+02, not replacing live point.
09:22:26 [ultranest] [DEBUG] Plateau detected at L=-1.745444e+02, not replacing live point.
09:22:26 [ultranest] [DEBUG] Plateau detected at L=-1.745444e+02, not replacing live point.
09:22:26 [ultranest] [DEBUG] Plateau detected at L=-1.745444e+02, not replacing live point.
09:22:26 [ultranest] [DEBUG] Plateau detected at L=-1.745444e+02, not replacing live point.
09:22:26 [ultranest] [DEBUG] Plateau detected at L=-1.745444e+02, not replacing live point.
09:22:26 [ultranest] [DEBUG] Plateau detected at L=-1.745444e+02, not replacing live point.
09:22:26 [ultranest] [DEBUG] Plateau detected at L=-1.745444e+02, not replacing live point.
09:22:26 [ultranest] [DEBUG] Plateau detected at L=-1.745444e+02, not replacing live point.
09:22:26 [ultranest] [DEBUG] Plateau detected at L=-1.745444e+02, not replacing live point.
09:22:26 [ultranest] [DEBUG] Plateau detected at L=-1.745444e+02, not replacing live point.
09:22:26 [ultranest] [DEBUG] Plateau detected at L=-1.745444e+02, not replacing live point.
09:22:26 [ultranest] [DEBUG] Plateau detected at L=-1.745444e+02, not replacing live point.
09:22:26 [ultranest] [DEBUG] Plateau detected at L=-1.745444e+02, not replacing live point.
09:22:26 [ultranest] [DEBUG] Plateau detected at L=-1.745444e+02, not replacing live point.
09:22:26 [ultranest] [DEBUG] Plateau detected at L=-1.745444e+02, not replacing live point.
09:22:26 [ultranest] [DEBUG] Plateau detected at L=-1.745444e+02, not replacing live point.
09:22:26 [ultranest] [DEBUG] Plateau detected at L=-1.745444e+02, not replacing live point.
09:22:26 [ultranest] [DEBUG] Plateau detected at L=-1.745444e+02, not replacing live point.
09:22:26 [ultranest] [DEBUG] Plateau detected at L=-1.745444e+02, not replacing live point.
09:22:26 [ultranest] [DEBUG] Plateau detected at L=-1.745444e+02, not replacing live point.
09:22:26 [ultranest] [DEBUG] Plateau detected at L=-1.745444e+02, not replacing live point.
09:22:26 [ultranest] [DEBUG] Plateau detected at L=-1.745444e+02, not replacing live point.
09:22:26 [ultranest] [DEBUG] Plateau detected at L=-1.745444e+02, not replacing live point.
09:22:26 [ultranest] [DEBUG] Plateau detected at L=-1.745444e+02, not replacing live point.
09:22:26 [ultranest] [DEBUG] Plateau detected at L=-1.745444e+02, not replacing live point.
09:22:26 [ultranest] [DEBUG] Plateau detected at L=-1.745444e+02, not replacing live point.
09:22:26 [ultranest] [DEBUG] Plateau detected at L=-1.745444e+02, not replacing live point.
09:22:26 [ultranest] [DEBUG] Plateau detected at L=-1.745444e+02, not replacing live point.
09:22:26 [ultranest] [DEBUG] Plateau detected at L=-1.745444e+02, not replacing live point.
09:22:26 [ultranest] [DEBUG] Plateau detected at L=-1.745444e+02, not replacing live point.
09:22:26 [ultranest] [DEBUG] Plateau detected at L=-1.745444e+02, not replacing live point.
09:22:26 [ultranest] [DEBUG] Plateau detected at L=-1.745444e+02, not replacing live point.
09:22:26 [ultranest] [DEBUG] Plateau detected at L=-1.745444e+02, not replacing live point.
09:22:26 [ultranest] [DEBUG] Plateau detected at L=-1.745444e+02, not replacing live point.
09:22:26 [ultranest] [DEBUG] Plateau detected at L=-1.745444e+02, not replacing live point.
09:22:26 [ultranest] [DEBUG] Plateau detected at L=-1.745444e+02, not replacing live point.
09:22:26 [ultranest] [DEBUG] Plateau detected at L=-1.745444e+02, not replacing live point.
09:22:26 [ultranest] [DEBUG] Plateau detected at L=-1.745444e+02, not replacing live point.
09:22:26 [ultranest] [DEBUG] Plateau detected at L=-1.745444e+02, not replacing live point.
09:22:26 [ultranest] [DEBUG] Plateau detected at L=-1.745444e+02, not replacing live point.
09:22:26 [ultranest] [DEBUG] Plateau detected at L=-1.745444e+02, not replacing live point.
09:22:26 [ultranest] [DEBUG] Plateau detected at L=-1.745444e+02, not replacing live point.
09:22:26 [ultranest] [DEBUG] Plateau detected at L=-1.745444e+02, not replacing live point.
09:22:26 [ultranest] [DEBUG] Plateau detected at L=-1.745444e+02, not replacing live point.
09:22:26 [ultranest] [DEBUG] Plateau detected at L=-1.745444e+02, not replacing live point.
09:22:26 [ultranest] [DEBUG] Plateau detected at L=-1.745444e+02, not replacing live point.
09:22:26 [ultranest] [DEBUG] Plateau detected at L=-1.745444e+02, not replacing live point.
09:22:26 [ultranest] [DEBUG] Plateau detected at L=-1.745444e+02, not replacing live point.
09:22:26 [ultranest] [DEBUG] Plateau detected at L=-1.745444e+02, not replacing live point.
09:22:26 [ultranest] [DEBUG] Plateau detected at L=-1.745444e+02, not replacing live point.
09:22:26 [ultranest] [DEBUG] Plateau detected at L=-1.745444e+02, not replacing live point.
09:22:26 [ultranest] [DEBUG] Plateau detected at L=-1.745444e+02, not replacing live point.
09:22:26 [ultranest] [DEBUG] Plateau detected at L=-1.745444e+02, not replacing live point.
09:22:26 [ultranest] [DEBUG] Plateau detected at L=-1.745444e+02, not replacing live point.
09:22:26 [ultranest] [DEBUG] Plateau detected at L=-1.745444e+02, not replacing live point.
09:22:26 [ultranest] [DEBUG] Plateau detected at L=-1.745444e+02, not replacing live point.
09:22:26 [ultranest] [DEBUG] Plateau detected at L=-1.745444e+02, not replacing live point.
09:22:26 [ultranest] [DEBUG] Plateau detected at L=-1.745444e+02, not replacing live point.
09:22:26 [ultranest] [DEBUG] Plateau detected at L=-1.745444e+02, not replacing live point.
09:22:26 [ultranest] [DEBUG] Plateau detected at L=-1.745444e+02, not replacing live point.
09:22:26 [ultranest] [DEBUG] Plateau detected at L=-1.745444e+02, not replacing live point.
09:22:26 [ultranest] [DEBUG] Plateau detected at L=-1.745444e+02, not replacing live point.
09:22:26 [ultranest] [DEBUG] Plateau detected at L=-1.745444e+02, not replacing live point.
09:22:26 [ultranest] [DEBUG] Plateau detected at L=-1.745444e+02, not replacing live point.
09:22:26 [ultranest] [DEBUG] Plateau detected at L=-1.745444e+02, not replacing live point.
09:22:26 [ultranest] [DEBUG] Plateau detected at L=-1.745444e+02, not replacing live point.
09:22:26 [ultranest] [DEBUG] Plateau detected at L=-1.745444e+02, not replacing live point.
09:22:26 [ultranest] [DEBUG] Plateau detected at L=-1.745444e+02, not replacing live point.
09:22:26 [ultranest] [DEBUG] Plateau detected at L=-1.745444e+02, not replacing live point.
09:22:26 [ultranest] [DEBUG] Plateau detected at L=-1.745444e+02, not replacing live point.
09:22:26 [ultranest] [DEBUG] Plateau detected at L=-1.745444e+02, not replacing live point.
09:22:26 [ultranest] [DEBUG] Plateau detected at L=-1.745444e+02, not replacing live point.
09:22:26 [ultranest] [DEBUG] Plateau detected at L=-1.745444e+02, not replacing live point.
09:22:26 [ultranest] [DEBUG] Plateau detected at L=-1.745444e+02, not replacing live point.
09:22:26 [ultranest] [DEBUG] Plateau detected at L=-1.745444e+02, not replacing live point.
09:22:26 [ultranest] [DEBUG] Plateau detected at L=-1.745444e+02, not replacing live point.
09:22:26 [ultranest] [DEBUG] Plateau detected at L=-1.745444e+02, not replacing live point.
09:22:26 [ultranest] [DEBUG] Plateau detected at L=-1.745444e+02, not replacing live point.
09:22:26 [ultranest] [DEBUG] Plateau detected at L=-1.745444e+02, not replacing live point.
09:22:26 [ultranest] [DEBUG] Plateau detected at L=-1.745444e+02, not replacing live point.
09:22:26 [ultranest] [DEBUG] Plateau detected at L=-1.745444e+02, not replacing live point.
09:22:26 [ultranest] [DEBUG] Plateau detected at L=-1.745444e+02, not replacing live point.
09:22:26 [ultranest] [DEBUG] Plateau detected at L=-1.745444e+02, not replacing live point.
09:22:26 [ultranest] [DEBUG] Plateau detected at L=-1.745444e+02, not replacing live point.
09:22:26 [ultranest] [DEBUG] Plateau detected at L=-1.745444e+02, not replacing live point.
09:22:26 [ultranest] [DEBUG] Plateau detected at L=-1.745444e+02, not replacing live point.
09:22:26 [ultranest] [DEBUG] iteration=244, ncalls=462, regioncalls=2480, ndraw=40, logz=-175.43, remainder_fraction=100.0000%, Lmin=-174.54, Lmax=-15.98
09:22:26 [ultranest] [DEBUG] Plateau detected at L=-1.745444e+02, not replacing live point.
09:22:26 [ultranest] [DEBUG] iteration=246, ncalls=464, regioncalls=2560, ndraw=40, logz=-175.42, remainder_fraction=100.0000%, Lmin=-174.54, Lmax=-15.98
09:22:26 [ultranest] [DEBUG] Plateau detected at L=-1.745444e+02, not replacing live point.
09:22:26 [ultranest] [DEBUG] iteration=249, ncalls=466, regioncalls=2640, ndraw=40, logz=-175.41, remainder_fraction=100.0000%, Lmin=-174.54, Lmax=-15.98
09:22:26 [ultranest] [DEBUG] iteration=272, ncalls=506, regioncalls=4240, ndraw=40, logz=-175.30, remainder_fraction=100.0000%, Lmin=-174.54, Lmax=-15.98
09:22:26 [ultranest] [DEBUG] iteration=280, ncalls=518, regioncalls=4720, ndraw=40, logz=-175.27, remainder_fraction=100.0000%, Lmin=-174.54, Lmax=-13.26
09:22:26 [ultranest] [DEBUG] iteration=301, ncalls=554, regioncalls=6160, ndraw=40, logz=-175.20, remainder_fraction=100.0000%, Lmin=-174.54, Lmax=-13.26
09:22:26 [ultranest] [DEBUG] iteration=319, ncalls=594, regioncalls=7760, ndraw=40, logz=-175.14, remainder_fraction=100.0000%, Lmin=-174.54, Lmax=-13.26
09:22:26 [ultranest] [DEBUG] iteration=320, ncalls=595, regioncalls=7800, ndraw=40, logz=-175.14, remainder_fraction=100.0000%, Lmin=-174.54, Lmax=-13.26
09:22:27 [ultranest] [DEBUG] iteration=340, ncalls=640, regioncalls=9600, ndraw=40, logz=-175.09, remainder_fraction=100.0000%, Lmin=-174.54, Lmax=-13.26
09:22:27 [ultranest] [DEBUG] iteration=343, ncalls=643, regioncalls=9720, ndraw=40, logz=-175.08, remainder_fraction=100.0000%, Lmin=-174.54, Lmax=-13.26
09:22:27 [ultranest] [DEBUG] iteration=360, ncalls=675, regioncalls=11000, ndraw=40, logz=-175.04, remainder_fraction=100.0000%, Lmin=-174.54, Lmax=-13.26
09:22:27 [ultranest] [DEBUG] iteration=381, ncalls=715, regioncalls=12600, ndraw=40, logz=-175.00, remainder_fraction=100.0000%, Lmin=-174.54, Lmax=-13.26
09:22:27 [ultranest] [DEBUG] iteration=390, ncalls=736, regioncalls=13440, ndraw=40, logz=-174.99, remainder_fraction=100.0000%, Lmin=-174.54, Lmax=-13.26
09:22:27 [ultranest] [DEBUG] iteration=400, ncalls=756, regioncalls=14240, ndraw=40, logz=-174.97, remainder_fraction=100.0000%, Lmin=-174.53, Lmax=-13.26
09:22:27 [ultranest] [DEBUG] iteration=423, ncalls=795, regioncalls=15800, ndraw=40, logz=-174.94, remainder_fraction=100.0000%, Lmin=-174.50, Lmax=-7.47
09:22:27 [ultranest] [DEBUG] iteration=437, ncalls=817, regioncalls=16680, ndraw=40, logz=-174.92, remainder_fraction=100.0000%, Lmin=-174.46, Lmax=-7.47
09:22:27 [ultranest] [DEBUG] iteration=440, ncalls=826, regioncalls=17040, ndraw=40, logz=-174.91, remainder_fraction=100.0000%, Lmin=-174.42, Lmax=-7.47
09:22:27 [ultranest] [DEBUG] iteration=460, ncalls=869, regioncalls=18760, ndraw=40, logz=-174.88, remainder_fraction=100.0000%, Lmin=-174.23, Lmax=-7.47
09:22:27 [ultranest] [DEBUG] iteration=480, ncalls=913, regioncalls=20520, ndraw=40, logz=-174.85, remainder_fraction=100.0000%, Lmin=-173.86, Lmax=-7.47
09:22:27 [ultranest] [DEBUG] iteration=484, ncalls=917, regioncalls=20680, ndraw=40, logz=-174.84, remainder_fraction=100.0000%, Lmin=-173.81, Lmax=-7.47
09:22:27 [ultranest] [DEBUG] iteration=503, ncalls=956, regioncalls=22240, ndraw=40, logz=-174.79, remainder_fraction=100.0000%, Lmin=-173.25, Lmax=-7.47
09:22:27 [ultranest] [DEBUG] iteration=520, ncalls=1000, regioncalls=24000, ndraw=40, logz=-174.72, remainder_fraction=100.0000%, Lmin=-172.05, Lmax=-7.47
09:22:28 [ultranest] [DEBUG] iteration=537, ncalls=1036, regioncalls=25440, ndraw=40, logz=-174.56, remainder_fraction=100.0000%, Lmin=-171.29, Lmax=-7.47
09:22:28 [ultranest] [DEBUG] iteration=554, ncalls=1074, regioncalls=26960, ndraw=40, logz=-173.82, remainder_fraction=100.0000%, Lmin=-169.07, Lmax=-7.47
09:22:28 [ultranest] [DEBUG] iteration=560, ncalls=1086, regioncalls=27440, ndraw=40, logz=-173.46, remainder_fraction=100.0000%, Lmin=-168.48, Lmax=-7.47
09:22:28 [ultranest] [DEBUG] iteration=578, ncalls=1120, regioncalls=28800, ndraw=40, logz=-171.32, remainder_fraction=100.0000%, Lmin=-165.44, Lmax=-7.47
09:22:28 [ultranest] [DEBUG] iteration=595, ncalls=1160, regioncalls=30400, ndraw=40, logz=-168.91, remainder_fraction=100.0000%, Lmin=-162.59, Lmax=-7.47
09:22:28 [ultranest] [DEBUG] iteration=600, ncalls=1167, regioncalls=30680, ndraw=40, logz=-167.91, remainder_fraction=100.0000%, Lmin=-161.76, Lmax=-7.47
09:22:28 [ultranest] [DEBUG] iteration=613, ncalls=1198, regioncalls=31920, ndraw=40, logz=-164.37, remainder_fraction=100.0000%, Lmin=-157.69, Lmax=-7.47
09:22:28 [ultranest] [DEBUG] iteration=622, ncalls=1225, regioncalls=33000, ndraw=40, logz=-162.06, remainder_fraction=100.0000%, Lmin=-155.15, Lmax=-7.47
09:22:28 [ultranest] [DEBUG] iteration=631, ncalls=1246, regioncalls=33840, ndraw=40, logz=-160.46, remainder_fraction=100.0000%, Lmin=-154.49, Lmax=-7.47
09:22:28 [ultranest] [DEBUG] iteration=638, ncalls=1267, regioncalls=34680, ndraw=40, logz=-159.06, remainder_fraction=100.0000%, Lmin=-152.04, Lmax=-7.47
09:22:28 [ultranest] [DEBUG] iteration=640, ncalls=1274, regioncalls=34960, ndraw=40, logz=-158.45, remainder_fraction=100.0000%, Lmin=-150.94, Lmax=-7.47
09:22:28 [ultranest] [DEBUG] iteration=649, ncalls=1295, regioncalls=35800, ndraw=40, logz=-155.53, remainder_fraction=100.0000%, Lmin=-148.95, Lmax=-7.47
09:22:29 [ultranest] [DEBUG] iteration=662, ncalls=1321, regioncalls=36840, ndraw=40, logz=-151.61, remainder_fraction=100.0000%, Lmin=-144.70, Lmax=-7.47
09:22:29 [ultranest] [DEBUG] iteration=672, ncalls=1347, regioncalls=37880, ndraw=40, logz=-148.94, remainder_fraction=100.0000%, Lmin=-141.24, Lmax=-7.47
09:22:29 [ultranest] [DEBUG] iteration=680, ncalls=1370, regioncalls=38800, ndraw=40, logz=-145.69, remainder_fraction=100.0000%, Lmin=-137.90, Lmax=-7.47
09:22:29 [ultranest] [DEBUG] iteration=695, ncalls=1410, regioncalls=40400, ndraw=40, logz=-140.18, remainder_fraction=100.0000%, Lmin=-132.24, Lmax=-7.47
09:22:29 [ultranest] [DEBUG] iteration=706, ncalls=1447, regioncalls=41880, ndraw=40, logz=-135.60, remainder_fraction=100.0000%, Lmin=-127.85, Lmax=-7.47
09:22:29 [ultranest] [DEBUG] iteration=719, ncalls=1482, regioncalls=43320, ndraw=40, logz=-129.01, remainder_fraction=100.0000%, Lmin=-121.10, Lmax=-7.47
09:22:29 [ultranest] [DEBUG] iteration=720, ncalls=1486, regioncalls=43480, ndraw=40, logz=-128.52, remainder_fraction=100.0000%, Lmin=-120.97, Lmax=-7.47
09:22:29 [ultranest] [DEBUG] iteration=732, ncalls=1522, regioncalls=44920, ndraw=40, logz=-123.76, remainder_fraction=100.0000%, Lmin=-116.33, Lmax=-7.47
09:22:29 [ultranest] [DEBUG] iteration=745, ncalls=1567, regioncalls=46720, ndraw=40, logz=-119.80, remainder_fraction=100.0000%, Lmin=-112.26, Lmax=-7.47
09:22:29 [ultranest] [DEBUG] iteration=760, ncalls=1599, regioncalls=48000, ndraw=40, logz=-116.29, remainder_fraction=100.0000%, Lmin=-109.75, Lmax=-6.56
09:22:30 [ultranest] [DEBUG] iteration=774, ncalls=1641, regioncalls=49680, ndraw=40, logz=-112.98, remainder_fraction=100.0000%, Lmin=-105.49, Lmax=-6.56
09:22:30 [ultranest] [DEBUG] iteration=787, ncalls=1699, regioncalls=52000, ndraw=40, logz=-109.40, remainder_fraction=100.0000%, Lmin=-101.32, Lmax=-6.56
09:22:30 [ultranest] [DEBUG] iteration=800, ncalls=1722, regioncalls=52920, ndraw=40, logz=-106.36, remainder_fraction=100.0000%, Lmin=-98.87, Lmax=-6.56
09:22:30 [ultranest] [DEBUG] iteration=815, ncalls=1767, regioncalls=54840, ndraw=40, logz=-103.18, remainder_fraction=100.0000%, Lmin=-95.39, Lmax=-6.56
09:22:30 [ultranest] [DEBUG] iteration=828, ncalls=1810, regioncalls=56560, ndraw=40, logz=-99.14, remainder_fraction=100.0000%, Lmin=-91.32, Lmax=-6.56
09:22:30 [ultranest] [DEBUG] iteration=840, ncalls=1847, regioncalls=58040, ndraw=40, logz=-96.20, remainder_fraction=100.0000%, Lmin=-88.56, Lmax=-6.56
09:22:30 [ultranest] [DEBUG] iteration=854, ncalls=1901, regioncalls=60200, ndraw=40, logz=-92.80, remainder_fraction=100.0000%, Lmin=-85.25, Lmax=-6.56
09:22:30 [ultranest] [DEBUG] iteration=861, ncalls=1937, regioncalls=61640, ndraw=40, logz=-91.64, remainder_fraction=100.0000%, Lmin=-84.08, Lmax=-6.56
09:22:30 [ultranest] [DEBUG] iteration=870, ncalls=1983, regioncalls=63480, ndraw=40, logz=-89.72, remainder_fraction=100.0000%, Lmin=-81.50, Lmax=-6.56
09:22:30 [ultranest] [DEBUG] iteration=880, ncalls=2022, regioncalls=65040, ndraw=40, logz=-86.89, remainder_fraction=100.0000%, Lmin=-78.99, Lmax=-6.56
09:22:31 [ultranest] [DEBUG] iteration=896, ncalls=2068, regioncalls=66880, ndraw=40, logz=-82.52, remainder_fraction=100.0000%, Lmin=-74.44, Lmax=-6.56
09:22:31 [ultranest] [DEBUG] iteration=911, ncalls=2112, regioncalls=68640, ndraw=40, logz=-79.40, remainder_fraction=100.0000%, Lmin=-72.04, Lmax=-5.94
09:22:31 [ultranest] [DEBUG] iteration=919, ncalls=2160, regioncalls=70560, ndraw=40, logz=-78.05, remainder_fraction=100.0000%, Lmin=-70.57, Lmax=-5.94
09:22:31 [ultranest] [DEBUG] iteration=920, ncalls=2162, regioncalls=70640, ndraw=40, logz=-77.91, remainder_fraction=100.0000%, Lmin=-70.26, Lmax=-5.94
09:22:31 [ultranest] [DEBUG] iteration=931, ncalls=2215, regioncalls=72760, ndraw=40, logz=-75.67, remainder_fraction=100.0000%, Lmin=-67.54, Lmax=-5.94
09:22:31 [ultranest] [DEBUG] iteration=939, ncalls=2264, regioncalls=74920, ndraw=40, logz=-73.57, remainder_fraction=100.0000%, Lmin=-65.39, Lmax=-5.94
09:22:31 [ultranest] [DEBUG] iteration=949, ncalls=2311, regioncalls=76800, ndraw=40, logz=-71.71, remainder_fraction=100.0000%, Lmin=-63.83, Lmax=-5.94
09:22:31 [ultranest] [DEBUG] iteration=954, ncalls=2329, regioncalls=77520, ndraw=40, logz=-70.78, remainder_fraction=100.0000%, Lmin=-63.11, Lmax=-5.94
09:22:31 [ultranest] [DEBUG] iteration=960, ncalls=2339, regioncalls=77960, ndraw=40, logz=-69.91, remainder_fraction=100.0000%, Lmin=-62.34, Lmax=-5.94
09:22:31 [ultranest] [DEBUG] iteration=974, ncalls=2376, regioncalls=79440, ndraw=40, logz=-68.12, remainder_fraction=100.0000%, Lmin=-60.40, Lmax=-5.94
09:22:31 [ultranest] [DEBUG] iteration=987, ncalls=2423, regioncalls=81320, ndraw=40, logz=-65.50, remainder_fraction=100.0000%, Lmin=-56.88, Lmax=-5.94
09:22:31 [ultranest] [DEBUG] iteration=999, ncalls=2472, regioncalls=83280, ndraw=40, logz=-62.79, remainder_fraction=100.0000%, Lmin=-54.36, Lmax=-5.94
09:22:31 [ultranest] [DEBUG] iteration=1000, ncalls=2476, regioncalls=83440, ndraw=40, logz=-62.54, remainder_fraction=100.0000%, Lmin=-54.35, Lmax=-5.94
09:22:32 [ultranest] [DEBUG] iteration=1012, ncalls=2509, regioncalls=84760, ndraw=40, logz=-60.70, remainder_fraction=100.0000%, Lmin=-52.70, Lmax=-5.94
09:22:32 [ultranest] [DEBUG] iteration=1026, ncalls=2552, regioncalls=86480, ndraw=40, logz=-58.84, remainder_fraction=100.0000%, Lmin=-50.74, Lmax=-5.94
09:22:32 [ultranest] [DEBUG] iteration=1040, ncalls=2594, regioncalls=88160, ndraw=40, logz=-56.96, remainder_fraction=100.0000%, Lmin=-48.96, Lmax=-5.94
09:22:32 [ultranest] [DEBUG] iteration=1052, ncalls=2633, regioncalls=89720, ndraw=40, logz=-55.44, remainder_fraction=100.0000%, Lmin=-47.43, Lmax=-5.94
09:22:32 [ultranest] [DEBUG] iteration=1059, ncalls=2678, regioncalls=91520, ndraw=40, logz=-54.59, remainder_fraction=100.0000%, Lmin=-46.83, Lmax=-5.94
09:22:32 [ultranest] [DEBUG] iteration=1073, ncalls=2721, regioncalls=93240, ndraw=40, logz=-52.84, remainder_fraction=100.0000%, Lmin=-44.93, Lmax=-5.94
09:22:32 [ultranest] [DEBUG] iteration=1080, ncalls=2739, regioncalls=93960, ndraw=40, logz=-52.10, remainder_fraction=100.0000%, Lmin=-44.33, Lmax=-5.94
09:22:32 [ultranest] [DEBUG] iteration=1092, ncalls=2786, regioncalls=95840, ndraw=40, logz=-50.88, remainder_fraction=100.0000%, Lmin=-43.19, Lmax=-5.94
09:22:32 [ultranest] [DEBUG] iteration=1105, ncalls=2823, regioncalls=97320, ndraw=40, logz=-49.80, remainder_fraction=100.0000%, Lmin=-42.10, Lmax=-5.94
09:22:32 [ultranest] [DEBUG] iteration=1119, ncalls=2868, regioncalls=99120, ndraw=40, logz=-48.48, remainder_fraction=100.0000%, Lmin=-40.40, Lmax=-5.94
09:22:32 [ultranest] [DEBUG] iteration=1120, ncalls=2869, regioncalls=99160, ndraw=40, logz=-48.38, remainder_fraction=100.0000%, Lmin=-40.39, Lmax=-5.94
09:22:33 [ultranest] [DEBUG] iteration=1132, ncalls=2924, regioncalls=101360, ndraw=40, logz=-47.26, remainder_fraction=100.0000%, Lmin=-39.05, Lmax=-5.94
09:22:33 [ultranest] [DEBUG] iteration=1142, ncalls=2956, regioncalls=102680, ndraw=40, logz=-46.34, remainder_fraction=100.0000%, Lmin=-38.22, Lmax=-5.94
09:22:33 [ultranest] [DEBUG] iteration=1154, ncalls=2994, regioncalls=104200, ndraw=40, logz=-45.07, remainder_fraction=100.0000%, Lmin=-36.87, Lmax=-5.94
09:22:33 [ultranest] [DEBUG] iteration=1160, ncalls=3022, regioncalls=105360, ndraw=40, logz=-44.44, remainder_fraction=100.0000%, Lmin=-36.20, Lmax=-5.94
09:22:33 [ultranest] [DEBUG] iteration=1171, ncalls=3070, regioncalls=107280, ndraw=40, logz=-43.47, remainder_fraction=100.0000%, Lmin=-35.44, Lmax=-5.94
09:22:33 [ultranest] [DEBUG] iteration=1188, ncalls=3116, regioncalls=109120, ndraw=40, logz=-41.81, remainder_fraction=100.0000%, Lmin=-33.45, Lmax=-5.94
09:22:33 [ultranest] [DEBUG] iteration=1189, ncalls=3117, regioncalls=109200, ndraw=40, logz=-41.71, remainder_fraction=100.0000%, Lmin=-33.32, Lmax=-5.94
09:22:33 [ultranest] [DEBUG] iteration=1200, ncalls=3133, regioncalls=109840, ndraw=40, logz=-40.64, remainder_fraction=100.0000%, Lmin=-32.43, Lmax=-5.94
09:22:33 [ultranest] [DEBUG] iteration=1213, ncalls=3171, regioncalls=111400, ndraw=40, logz=-39.39, remainder_fraction=100.0000%, Lmin=-30.84, Lmax=-5.94
09:22:33 [ultranest] [DEBUG] iteration=1229, ncalls=3213, regioncalls=113080, ndraw=40, logz=-37.86, remainder_fraction=100.0000%, Lmin=-29.51, Lmax=-5.94
09:22:33 [ultranest] [DEBUG] iteration=1236, ncalls=3225, regioncalls=113600, ndraw=40, logz=-37.24, remainder_fraction=100.0000%, Lmin=-28.94, Lmax=-5.94
09:22:33 [ultranest] [DEBUG] iteration=1240, ncalls=3236, regioncalls=114040, ndraw=40, logz=-36.95, remainder_fraction=100.0000%, Lmin=-28.72, Lmax=-5.94
09:22:33 [ultranest] [DEBUG] iteration=1260, ncalls=3275, regioncalls=115640, ndraw=40, logz=-35.58, remainder_fraction=100.0000%, Lmin=-27.37, Lmax=-5.94
09:22:34 [ultranest] [DEBUG] iteration=1278, ncalls=3320, regioncalls=117480, ndraw=40, logz=-34.26, remainder_fraction=100.0000%, Lmin=-25.71, Lmax=-5.94
09:22:34 [ultranest] [DEBUG] iteration=1280, ncalls=3326, regioncalls=117720, ndraw=40, logz=-34.09, remainder_fraction=100.0000%, Lmin=-25.52, Lmax=-5.94
09:22:34 [ultranest] [DEBUG] iteration=1283, ncalls=3334, regioncalls=118160, ndraw=40, logz=-33.84, remainder_fraction=100.0000%, Lmin=-25.05, Lmax=-5.94
09:22:34 [ultranest] [DEBUG] iteration=1301, ncalls=3374, regioncalls=119800, ndraw=40, logz=-32.58, remainder_fraction=100.0000%, Lmin=-24.35, Lmax=-5.94
09:22:34 [ultranest] [DEBUG] iteration=1320, ncalls=3415, regioncalls=121440, ndraw=40, logz=-31.54, remainder_fraction=100.0000%, Lmin=-23.31, Lmax=-5.94
09:22:34 [ultranest] [DEBUG] iteration=1336, ncalls=3455, regioncalls=123040, ndraw=40, logz=-30.86, remainder_fraction=100.0000%, Lmin=-22.61, Lmax=-5.94
09:22:34 [ultranest] [DEBUG] iteration=1349, ncalls=3496, regioncalls=124680, ndraw=40, logz=-30.22, remainder_fraction=100.0000%, Lmin=-21.73, Lmax=-5.94
09:22:34 [ultranest] [DEBUG] iteration=1360, ncalls=3525, regioncalls=125840, ndraw=40, logz=-29.62, remainder_fraction=99.9999%, Lmin=-21.10, Lmax=-5.94
09:22:34 [ultranest] [DEBUG] iteration=1375, ncalls=3569, regioncalls=127600, ndraw=40, logz=-28.86, remainder_fraction=99.9999%, Lmin=-20.33, Lmax=-5.94
09:22:34 [ultranest] [DEBUG] iteration=1377, ncalls=3573, regioncalls=127800, ndraw=40, logz=-28.76, remainder_fraction=99.9999%, Lmin=-20.28, Lmax=-5.94
09:22:34 [ultranest] [DEBUG] iteration=1393, ncalls=3605, regioncalls=129080, ndraw=40, logz=-28.02, remainder_fraction=99.9997%, Lmin=-19.61, Lmax=-5.94
09:22:34 [ultranest] [DEBUG] iteration=1400, ncalls=3615, regioncalls=129480, ndraw=40, logz=-27.75, remainder_fraction=99.9996%, Lmin=-19.33, Lmax=-5.94
09:22:34 [ultranest] [DEBUG] iteration=1417, ncalls=3653, regioncalls=131040, ndraw=40, logz=-26.99, remainder_fraction=99.9992%, Lmin=-18.19, Lmax=-5.94
09:22:35 [ultranest] [DEBUG] iteration=1432, ncalls=3689, regioncalls=132480, ndraw=40, logz=-26.22, remainder_fraction=99.9985%, Lmin=-17.47, Lmax=-5.83
09:22:35 [ultranest] [DEBUG] iteration=1440, ncalls=3704, regioncalls=133080, ndraw=40, logz=-25.86, remainder_fraction=99.9978%, Lmin=-17.25, Lmax=-5.83
09:22:35 [ultranest] [DEBUG] iteration=1462, ncalls=3745, regioncalls=134720, ndraw=40, logz=-24.94, remainder_fraction=99.9948%, Lmin=-16.10, Lmax=-5.83
09:22:35 [ultranest] [DEBUG] iteration=1471, ncalls=3761, regioncalls=135400, ndraw=40, logz=-24.57, remainder_fraction=99.9929%, Lmin=-15.85, Lmax=-5.83
09:22:35 [ultranest] [DEBUG] iteration=1480, ncalls=3774, regioncalls=135960, ndraw=40, logz=-24.21, remainder_fraction=99.9900%, Lmin=-15.38, Lmax=-5.83
09:22:35 [ultranest] [DEBUG] iteration=1498, ncalls=3813, regioncalls=137560, ndraw=40, logz=-23.50, remainder_fraction=99.9791%, Lmin=-14.64, Lmax=-5.83
09:22:35 [ultranest] [DEBUG] iteration=1518, ncalls=3852, regioncalls=139160, ndraw=40, logz=-22.76, remainder_fraction=99.9564%, Lmin=-13.86, Lmax=-5.83
09:22:35 [ultranest] [DEBUG] iteration=1520, ncalls=3858, regioncalls=139400, ndraw=40, logz=-22.69, remainder_fraction=99.9545%, Lmin=-13.82, Lmax=-5.83
09:22:35 [ultranest] [DEBUG] iteration=1539, ncalls=3891, regioncalls=140720, ndraw=40, logz=-22.09, remainder_fraction=99.9163%, Lmin=-13.40, Lmax=-5.83
09:22:35 [ultranest] [DEBUG] iteration=1553, ncalls=3932, regioncalls=142360, ndraw=40, logz=-21.74, remainder_fraction=99.8824%, Lmin=-13.17, Lmax=-5.83
09:22:35 [ultranest] [DEBUG] iteration=1560, ncalls=3948, regioncalls=143000, ndraw=40, logz=-21.58, remainder_fraction=99.8588%, Lmin=-13.00, Lmax=-5.83
09:22:35 [ultranest] [DEBUG] iteration=1565, ncalls=3960, regioncalls=143520, ndraw=40, logz=-21.47, remainder_fraction=99.8414%, Lmin=-12.90, Lmax=-5.83
09:22:35 [ultranest] [DEBUG] iteration=1585, ncalls=3995, regioncalls=144920, ndraw=40, logz=-21.03, remainder_fraction=99.7403%, Lmin=-12.32, Lmax=-5.83
09:22:36 [ultranest] [DEBUG] iteration=1600, ncalls=4027, regioncalls=146200, ndraw=40, logz=-20.71, remainder_fraction=99.6400%, Lmin=-11.97, Lmax=-5.83
09:22:36 [ultranest] [DEBUG] iteration=1612, ncalls=4054, regioncalls=147320, ndraw=40, logz=-20.46, remainder_fraction=99.5419%, Lmin=-11.71, Lmax=-5.83
09:22:36 [ultranest] [DEBUG] iteration=1637, ncalls=4090, regioncalls=148760, ndraw=40, logz=-19.97, remainder_fraction=99.2359%, Lmin=-11.13, Lmax=-5.83
09:22:36 [ultranest] [DEBUG] iteration=1640, ncalls=4096, regioncalls=149000, ndraw=40, logz=-19.91, remainder_fraction=99.1851%, Lmin=-11.07, Lmax=-5.83
09:22:36 [ultranest] [DEBUG] iteration=1659, ncalls=4140, regioncalls=150840, ndraw=40, logz=-19.56, remainder_fraction=98.8452%, Lmin=-10.68, Lmax=-5.83
09:22:36 [ultranest] [DEBUG] iteration=1678, ncalls=4178, regioncalls=152360, ndraw=40, logz=-19.19, remainder_fraction=98.3287%, Lmin=-10.25, Lmax=-5.83
09:22:36 [ultranest] [DEBUG] iteration=1680, ncalls=4183, regioncalls=152560, ndraw=40, logz=-19.16, remainder_fraction=98.2734%, Lmin=-10.18, Lmax=-5.83
09:22:36 [ultranest] [DEBUG] iteration=1701, ncalls=4224, regioncalls=154280, ndraw=40, logz=-18.80, remainder_fraction=97.5556%, Lmin=-9.83, Lmax=-5.83
09:22:36 [ultranest] [DEBUG] iteration=1711, ncalls=4256, regioncalls=155560, ndraw=40, logz=-18.64, remainder_fraction=97.1085%, Lmin=-9.65, Lmax=-5.83
09:22:36 [ultranest] [DEBUG] iteration=1720, ncalls=4282, regioncalls=156600, ndraw=40, logz=-18.50, remainder_fraction=96.6544%, Lmin=-9.55, Lmax=-5.83
09:22:36 [ultranest] [DEBUG] iteration=1731, ncalls=4317, regioncalls=158000, ndraw=40, logz=-18.35, remainder_fraction=96.0737%, Lmin=-9.40, Lmax=-5.83
09:22:36 [ultranest] [DEBUG] iteration=1750, ncalls=4360, regioncalls=159720, ndraw=40, logz=-18.09, remainder_fraction=95.0599%, Lmin=-9.15, Lmax=-5.83
09:22:36 [ultranest] [DEBUG] iteration=1753, ncalls=4363, regioncalls=159840, ndraw=40, logz=-18.05, remainder_fraction=94.9127%, Lmin=-9.11, Lmax=-5.83
09:22:36 [ultranest] [DEBUG] iteration=1760, ncalls=4373, regioncalls=160280, ndraw=40, logz=-17.96, remainder_fraction=94.3803%, Lmin=-9.00, Lmax=-5.83
09:22:37 [ultranest] [DEBUG] iteration=1778, ncalls=4405, regioncalls=161560, ndraw=40, logz=-17.74, remainder_fraction=93.0421%, Lmin=-8.73, Lmax=-5.83
09:22:37 [ultranest] [DEBUG] iteration=1794, ncalls=4439, regioncalls=162920, ndraw=40, logz=-17.56, remainder_fraction=91.8809%, Lmin=-8.59, Lmax=-5.83
09:22:37 [ultranest] [DEBUG] iteration=1800, ncalls=4453, regioncalls=163520, ndraw=40, logz=-17.50, remainder_fraction=91.3013%, Lmin=-8.54, Lmax=-5.83
09:22:37 [ultranest] [DEBUG] iteration=1817, ncalls=4487, regioncalls=164880, ndraw=40, logz=-17.32, remainder_fraction=89.6681%, Lmin=-8.33, Lmax=-5.83
09:22:37 [ultranest] [DEBUG] iteration=1832, ncalls=4530, regioncalls=166600, ndraw=40, logz=-17.18, remainder_fraction=87.9581%, Lmin=-8.21, Lmax=-5.83
09:22:37 [ultranest] [DEBUG] iteration=1840, ncalls=4549, regioncalls=167360, ndraw=40, logz=-17.11, remainder_fraction=87.0713%, Lmin=-8.14, Lmax=-5.83
09:22:37 [ultranest] [DEBUG] iteration=1847, ncalls=4558, regioncalls=167760, ndraw=40, logz=-17.05, remainder_fraction=86.2633%, Lmin=-8.07, Lmax=-5.83
09:22:37 [ultranest] [DEBUG] iteration=1864, ncalls=4596, regioncalls=169320, ndraw=40, logz=-16.92, remainder_fraction=84.2377%, Lmin=-7.95, Lmax=-5.83
09:22:37 [ultranest] [DEBUG] iteration=1880, ncalls=4630, regioncalls=170680, ndraw=40, logz=-16.80, remainder_fraction=82.2203%, Lmin=-7.84, Lmax=-5.83
09:22:37 [ultranest] [DEBUG] iteration=1894, ncalls=4659, regioncalls=171880, ndraw=40, logz=-16.70, remainder_fraction=80.1366%, Lmin=-7.73, Lmax=-5.83
09:22:37 [ultranest] [DEBUG] iteration=1912, ncalls=4692, regioncalls=173200, ndraw=40, logz=-16.59, remainder_fraction=77.7791%, Lmin=-7.56, Lmax=-5.81
09:22:37 [ultranest] [DEBUG] iteration=1920, ncalls=4705, regioncalls=173720, ndraw=40, logz=-16.53, remainder_fraction=76.4512%, Lmin=-7.50, Lmax=-5.81
09:22:38 [ultranest] [DEBUG] iteration=1936, ncalls=4743, regioncalls=175240, ndraw=40, logz=-16.44, remainder_fraction=74.0334%, Lmin=-7.38, Lmax=-5.81
09:22:38 [ultranest] [DEBUG] iteration=1941, ncalls=4752, regioncalls=175640, ndraw=40, logz=-16.41, remainder_fraction=73.2308%, Lmin=-7.36, Lmax=-5.81
09:22:38 [ultranest] [DEBUG] iteration=1960, ncalls=4780, regioncalls=176800, ndraw=40, logz=-16.30, remainder_fraction=70.2255%, Lmin=-7.23, Lmax=-5.81
09:22:38 [ultranest] [DEBUG] iteration=1977, ncalls=4819, regioncalls=178360, ndraw=40, logz=-16.21, remainder_fraction=67.3548%, Lmin=-7.09, Lmax=-5.81
09:22:38 [ultranest] [DEBUG] iteration=1988, ncalls=4837, regioncalls=179120, ndraw=40, logz=-16.15, remainder_fraction=65.4233%, Lmin=-7.04, Lmax=-5.81
09:22:38 [ultranest] [DEBUG] iteration=2000, ncalls=4853, regioncalls=179760, ndraw=40, logz=-16.10, remainder_fraction=63.3400%, Lmin=-6.98, Lmax=-5.81
09:22:38 [ultranest] [DEBUG] iteration=2019, ncalls=4891, regioncalls=181280, ndraw=40, logz=-16.01, remainder_fraction=59.9423%, Lmin=-6.90, Lmax=-5.81
09:22:38 [ultranest] [DEBUG] iteration=2035, ncalls=4923, regioncalls=182600, ndraw=40, logz=-15.95, remainder_fraction=57.5646%, Lmin=-6.82, Lmax=-5.81
09:22:38 [ultranest] [DEBUG] iteration=2040, ncalls=4929, regioncalls=182840, ndraw=40, logz=-15.93, remainder_fraction=56.7852%, Lmin=-6.80, Lmax=-5.81
09:22:38 [ultranest] [DEBUG] iteration=2053, ncalls=4962, regioncalls=184200, ndraw=40, logz=-15.88, remainder_fraction=54.6097%, Lmin=-6.74, Lmax=-5.81
09:22:38 [ultranest] [DEBUG] iteration=2067, ncalls=4999, regioncalls=185680, ndraw=40, logz=-15.83, remainder_fraction=52.3089%, Lmin=-6.69, Lmax=-5.81
09:22:38 [ultranest] [DEBUG] iteration=2080, ncalls=5025, regioncalls=186720, ndraw=40, logz=-15.79, remainder_fraction=50.1387%, Lmin=-6.66, Lmax=-5.81
09:22:38 [ultranest] [DEBUG] iteration=2099, ncalls=5061, regioncalls=188160, ndraw=40, logz=-15.73, remainder_fraction=47.1394%, Lmin=-6.61, Lmax=-5.81
09:22:39 [ultranest] [DEBUG] iteration=2117, ncalls=5102, regioncalls=189800, ndraw=40, logz=-15.68, remainder_fraction=44.3222%, Lmin=-6.56, Lmax=-5.81
09:22:39 [ultranest] [DEBUG] iteration=2120, ncalls=5110, regioncalls=190120, ndraw=40, logz=-15.67, remainder_fraction=43.9329%, Lmin=-6.56, Lmax=-5.81
09:22:39 [ultranest] [DEBUG] iteration=2129, ncalls=5134, regioncalls=191120, ndraw=40, logz=-15.65, remainder_fraction=42.6339%, Lmin=-6.52, Lmax=-5.81
09:22:39 [ultranest] [DEBUG] iteration=2147, ncalls=5174, regioncalls=192760, ndraw=40, logz=-15.60, remainder_fraction=40.0388%, Lmin=-6.48, Lmax=-5.81
09:22:39 [ultranest] [DEBUG] iteration=2160, ncalls=5205, regioncalls=194000, ndraw=40, logz=-15.57, remainder_fraction=38.2418%, Lmin=-6.46, Lmax=-5.81
09:22:39 [ultranest] [DEBUG] iteration=2177, ncalls=5244, regioncalls=195560, ndraw=40, logz=-15.54, remainder_fraction=36.0112%, Lmin=-6.43, Lmax=-5.81
09:22:39 [ultranest] [DEBUG] iteration=2195, ncalls=5280, regioncalls=197000, ndraw=40, logz=-15.50, remainder_fraction=33.7271%, Lmin=-6.37, Lmax=-5.81
09:22:39 [ultranest] [DEBUG] iteration=2200, ncalls=5289, regioncalls=197360, ndraw=40, logz=-15.49, remainder_fraction=33.0860%, Lmin=-6.37, Lmax=-5.81
09:22:39 [ultranest] [DEBUG] iteration=2222, ncalls=5327, regioncalls=198880, ndraw=40, logz=-15.46, remainder_fraction=30.4769%, Lmin=-6.33, Lmax=-5.81
09:22:39 [ultranest] [DEBUG] iteration=2223, ncalls=5328, regioncalls=199000, ndraw=40, logz=-15.45, remainder_fraction=30.3625%, Lmin=-6.33, Lmax=-5.81
09:22:39 [ultranest] [DEBUG] iteration=2238, ncalls=5368, regioncalls=200600, ndraw=40, logz=-15.43, remainder_fraction=28.6836%, Lmin=-6.29, Lmax=-5.81
09:22:39 [ultranest] [DEBUG] iteration=2240, ncalls=5370, regioncalls=200680, ndraw=40, logz=-15.43, remainder_fraction=28.4661%, Lmin=-6.29, Lmax=-5.81
09:22:39 [ultranest] [DEBUG] iteration=2258, ncalls=5412, regioncalls=202360, ndraw=40, logz=-15.40, remainder_fraction=26.4897%, Lmin=-6.26, Lmax=-5.81
09:22:39 [ultranest] [DEBUG] iteration=2270, ncalls=5433, regioncalls=203240, ndraw=40, logz=-15.38, remainder_fraction=25.3180%, Lmin=-6.23, Lmax=-5.81
09:22:39 [ultranest] [DEBUG] iteration=2280, ncalls=5452, regioncalls=204000, ndraw=40, logz=-15.37, remainder_fraction=24.3740%, Lmin=-6.22, Lmax=-5.81
09:22:40 [ultranest] [DEBUG] iteration=2301, ncalls=5493, regioncalls=205680, ndraw=40, logz=-15.35, remainder_fraction=22.4337%, Lmin=-6.19, Lmax=-5.81
09:22:40 [ultranest] [DEBUG] iteration=2317, ncalls=5530, regioncalls=207200, ndraw=40, logz=-15.33, remainder_fraction=20.9948%, Lmin=-6.17, Lmax=-5.81
09:22:40 [ultranest] [DEBUG] iteration=2320, ncalls=5536, regioncalls=207440, ndraw=40, logz=-15.33, remainder_fraction=20.7524%, Lmin=-6.17, Lmax=-5.81
09:22:40 [ultranest] [DEBUG] iteration=2341, ncalls=5571, regioncalls=208840, ndraw=40, logz=-15.30, remainder_fraction=19.0562%, Lmin=-6.13, Lmax=-5.80
09:22:40 [ultranest] [DEBUG] iteration=2360, ncalls=5607, regioncalls=210280, ndraw=40, logz=-15.29, remainder_fraction=17.6273%, Lmin=-6.11, Lmax=-5.80
09:22:40 [ultranest] [DEBUG] iteration=2364, ncalls=5613, regioncalls=210560, ndraw=40, logz=-15.28, remainder_fraction=17.3404%, Lmin=-6.10, Lmax=-5.80
09:22:40 [ultranest] [DEBUG] iteration=2387, ncalls=5649, regioncalls=212000, ndraw=40, logz=-15.26, remainder_fraction=15.7327%, Lmin=-6.08, Lmax=-5.80
09:22:40 [ultranest] [DEBUG] iteration=2400, ncalls=5678, regioncalls=213160, ndraw=40, logz=-15.25, remainder_fraction=14.8999%, Lmin=-6.06, Lmax=-5.80
09:22:40 [ultranest] [DEBUG] iteration=2413, ncalls=5717, regioncalls=214720, ndraw=40, logz=-15.24, remainder_fraction=14.1044%, Lmin=-6.06, Lmax=-5.80
09:22:40 [ultranest] [DEBUG] iteration=2437, ncalls=5751, regioncalls=216080, ndraw=40, logz=-15.23, remainder_fraction=12.7670%, Lmin=-6.04, Lmax=-5.80
09:22:40 [ultranest] [DEBUG] iteration=2440, ncalls=5755, regioncalls=216240, ndraw=40, logz=-15.23, remainder_fraction=12.6031%, Lmin=-6.03, Lmax=-5.80
09:22:40 [ultranest] [DEBUG] iteration=2456, ncalls=5805, regioncalls=218240, ndraw=40, logz=-15.22, remainder_fraction=11.7650%, Lmin=-6.02, Lmax=-5.80
09:22:40 [ultranest] [DEBUG] iteration=2458, ncalls=5814, regioncalls=218640, ndraw=40, logz=-15.22, remainder_fraction=11.6611%, Lmin=-6.02, Lmax=-5.80
09:22:41 [ultranest] [DEBUG] iteration=2477, ncalls=5852, regioncalls=220160, ndraw=40, logz=-15.21, remainder_fraction=10.7372%, Lmin=-6.00, Lmax=-5.80
09:22:41 [ultranest] [DEBUG] iteration=2480, ncalls=5856, regioncalls=220320, ndraw=40, logz=-15.20, remainder_fraction=10.6001%, Lmin=-6.00, Lmax=-5.80
09:22:41 [ultranest] [DEBUG] iteration=2503, ncalls=5893, regioncalls=221800, ndraw=40, logz=-15.19, remainder_fraction=9.5789%, Lmin=-5.98, Lmax=-5.80
09:22:41 [ultranest] [DEBUG] iteration=2505, ncalls=5897, regioncalls=222040, ndraw=40, logz=-15.19, remainder_fraction=9.4988%, Lmin=-5.98, Lmax=-5.80
09:22:41 [ultranest] [DEBUG] iteration=2520, ncalls=5919, regioncalls=222920, ndraw=40, logz=-15.18, remainder_fraction=8.9089%, Lmin=-5.97, Lmax=-5.80
09:22:41 [ultranest] [DEBUG] iteration=2543, ncalls=5965, regioncalls=224800, ndraw=40, logz=-15.18, remainder_fraction=8.0438%, Lmin=-5.96, Lmax=-5.79
09:22:41 [ultranest] [DEBUG] iteration=2552, ncalls=5988, regioncalls=225840, ndraw=40, logz=-15.17, remainder_fraction=7.7211%, Lmin=-5.95, Lmax=-5.79
09:22:41 [ultranest] [DEBUG] iteration=2560, ncalls=5998, regioncalls=226240, ndraw=40, logz=-15.17, remainder_fraction=7.4497%, Lmin=-5.95, Lmax=-5.79
09:22:41 [ultranest] [DEBUG] iteration=2580, ncalls=6034, regioncalls=227680, ndraw=40, logz=-15.16, remainder_fraction=6.8181%, Lmin=-5.94, Lmax=-5.79
09:22:41 [ultranest] [DEBUG] iteration=2599, ncalls=6073, regioncalls=229280, ndraw=40, logz=-15.16, remainder_fraction=6.2608%, Lmin=-5.93, Lmax=-5.79
09:22:41 [ultranest] [DEBUG] iteration=2600, ncalls=6074, regioncalls=229320, ndraw=40, logz=-15.16, remainder_fraction=6.2314%, Lmin=-5.93, Lmax=-5.79
09:22:41 [ultranest] [DEBUG] iteration=2621, ncalls=6112, regioncalls=230840, ndraw=40, logz=-15.15, remainder_fraction=5.6668%, Lmin=-5.92, Lmax=-5.79
09:22:41 [ultranest] [DEBUG] iteration=2640, ncalls=6144, regioncalls=232120, ndraw=40, logz=-15.14, remainder_fraction=5.2050%, Lmin=-5.91, Lmax=-5.79
09:22:41 [ultranest] [DEBUG] iteration=2646, ncalls=6160, regioncalls=232800, ndraw=40, logz=-15.14, remainder_fraction=5.0656%, Lmin=-5.91, Lmax=-5.79
09:22:42 [ultranest] [DEBUG] iteration=2663, ncalls=6197, regioncalls=234280, ndraw=40, logz=-15.14, remainder_fraction=4.6863%, Lmin=-5.90, Lmax=-5.79
09:22:42 [ultranest] [DEBUG] iteration=2680, ncalls=6238, regioncalls=235960, ndraw=40, logz=-15.14, remainder_fraction=4.3350%, Lmin=-5.90, Lmax=-5.79
09:22:42 [ultranest] [INFO] Explored until L=-6  
09:22:42 [ultranest] [INFO] Likelihood function evaluations: 6242
09:22:42 [ultranest] [INFO] Writing samples and results to disk ...
09:22:42 [ultranest] [INFO] Writing samples and results to disk ... done
09:22:42 [ultranest] [DEBUG] did a run_iter pass!
09:22:42 [ultranest] [INFO]   logZ = -15.08 +- 0.1393
09:22:42 [ultranest] [INFO] Effective samples strategy satisfied (ESS = 884.8, need >400)
09:22:42 [ultranest] [INFO] Posterior uncertainty strategy is satisfied (KL: 0.46+-0.11 nat, need <0.50 nat)
09:22:42 [ultranest] [INFO] Evidency uncertainty strategy is satisfied (dlogz=0.15, need <0.5)
09:22:42 [ultranest] [INFO]   logZ error budget: single: 0.20 bs:0.14 tail:0.04 total:0.15 required:<0.50
09:22:42 [ultranest] [INFO] done iterating.
09:22:43 [ultranest] [DEBUG] Making corner plot ...
09:22:44 [ultranest] [DEBUG] Making corner plot ... done
09:22:44 [ultranest] [DEBUG] Making run plot ... 
09:22:46 [ultranest] [DEBUG] Making run plot ... done
09:22:46 [ultranest] [DEBUG] Making trace plot ... 
09:22:51 [ultranest] [DEBUG] Making trace plot ... done
21:59:30 [ultranest] [DEBUG] ReactiveNestedSampler: dims=3+0, resume=True, log_dir=/home/orion51/Desktop/Research/spectral_fitting/FGL_spectral_fitting/Individual_sources/2CXOJ103145.7+573401/bb_out_, backend=hdf5, vectorized=False, nbootstraps=30, ndraw=128..65536
21:59:30 [ultranest] [DEBUG] Testing resume consistency: [-5.8954275  -5.87733561  0.          0.54833944  0.73806288  0.11042448
 -2.5166056  -0.0477485  19.77297137]: u=[0.54833944 0.73806288 0.11042448] -> p=[-2.5166056  -0.0477485  19.77297137] -> L=-5.8773356128301515 
21:59:30 [ultranest] [INFO] Resuming from 2894 stored points
21:59:30 [ultranest] [DEBUG] run_iter dlogz=0.5, dKL=0.5, frac_remain=0.01, Lepsilon=0.1000, min_ess=400
21:59:30 [ultranest] [DEBUG] max_iters=-1, max_ncalls=-1, max_num_improvement_loops=-1, min_num_live_points=400, cluster_num_live_points=40
21:59:30 [ultranest] [DEBUG] minimal_widths_sequence: [(-inf, 400.0), (inf, 400.0)]
21:59:30 [ultranest] [DEBUG] iteration=0, ncalls=6242, regioncalls=0, ndraw=40, logz=-inf, remainder_fraction=100.0000%, Lmin=-107584258.79, Lmax=-23.64
21:59:30 [ultranest] [DEBUG] iteration=40, ncalls=6242, regioncalls=0, ndraw=40, logz=-3266.12, remainder_fraction=100.0000%, Lmin=-2037.59, Lmax=-15.98
21:59:30 [ultranest] [DEBUG] Plateau detected at L=-1.745444e+02, not replacing live point.
21:59:30 [ultranest] [DEBUG] Plateau detected at L=-1.745444e+02, not replacing live point.
21:59:30 [ultranest] [DEBUG] Plateau detected at L=-1.745444e+02, not replacing live point.
21:59:30 [ultranest] [DEBUG] Plateau detected at L=-1.745444e+02, not replacing live point.
21:59:30 [ultranest] [DEBUG] Plateau detected at L=-1.745444e+02, not replacing live point.
21:59:30 [ultranest] [DEBUG] Plateau detected at L=-1.745444e+02, not replacing live point.
21:59:30 [ultranest] [DEBUG] Plateau detected at L=-1.745444e+02, not replacing live point.
21:59:30 [ultranest] [DEBUG] Plateau detected at L=-1.745444e+02, not replacing live point.
21:59:30 [ultranest] [DEBUG] Plateau detected at L=-1.745444e+02, not replacing live point.
21:59:30 [ultranest] [DEBUG] Plateau detected at L=-1.745444e+02, not replacing live point.
21:59:30 [ultranest] [DEBUG] Plateau detected at L=-1.745444e+02, not replacing live point.
21:59:30 [ultranest] [DEBUG] Plateau detected at L=-1.745444e+02, not replacing live point.
21:59:30 [ultranest] [DEBUG] Plateau detected at L=-1.745444e+02, not replacing live point.
21:59:30 [ultranest] [DEBUG] Plateau detected at L=-1.745444e+02, not replacing live point.
21:59:30 [ultranest] [DEBUG] Plateau detected at L=-1.745444e+02, not replacing live point.
21:59:30 [ultranest] [DEBUG] Plateau detected at L=-1.745444e+02, not replacing live point.
21:59:30 [ultranest] [DEBUG] Plateau detected at L=-1.745444e+02, not replacing live point.
21:59:30 [ultranest] [DEBUG] Plateau detected at L=-1.745444e+02, not replacing live point.
21:59:30 [ultranest] [DEBUG] Plateau detected at L=-1.745444e+02, not replacing live point.
21:59:30 [ultranest] [DEBUG] Plateau detected at L=-1.745444e+02, not replacing live point.
21:59:30 [ultranest] [DEBUG] Plateau detected at L=-1.745444e+02, not replacing live point.
21:59:30 [ultranest] [DEBUG] Plateau detected at L=-1.745444e+02, not replacing live point.
21:59:30 [ultranest] [DEBUG] Plateau detected at L=-1.745444e+02, not replacing live point.
21:59:30 [ultranest] [DEBUG] Plateau detected at L=-1.745444e+02, not replacing live point.
21:59:30 [ultranest] [DEBUG] Plateau detected at L=-1.745444e+02, not replacing live point.
21:59:30 [ultranest] [DEBUG] Plateau detected at L=-1.745444e+02, not replacing live point.
21:59:30 [ultranest] [DEBUG] Plateau detected at L=-1.745444e+02, not replacing live point.
21:59:30 [ultranest] [DEBUG] Plateau detected at L=-1.745444e+02, not replacing live point.
21:59:30 [ultranest] [DEBUG] Plateau detected at L=-1.745444e+02, not replacing live point.
21:59:30 [ultranest] [DEBUG] Plateau detected at L=-1.745444e+02, not replacing live point.
21:59:30 [ultranest] [DEBUG] Plateau detected at L=-1.745444e+02, not replacing live point.
21:59:30 [ultranest] [DEBUG] Plateau detected at L=-1.745444e+02, not replacing live point.
21:59:30 [ultranest] [DEBUG] Plateau detected at L=-1.745444e+02, not replacing live point.
21:59:30 [ultranest] [DEBUG] Plateau detected at L=-1.745444e+02, not replacing live point.
21:59:30 [ultranest] [DEBUG] Plateau detected at L=-1.745444e+02, not replacing live point.
21:59:30 [ultranest] [DEBUG] Plateau detected at L=-1.745444e+02, not replacing live point.
21:59:30 [ultranest] [DEBUG] Plateau detected at L=-1.745444e+02, not replacing live point.
21:59:30 [ultranest] [DEBUG] Plateau detected at L=-1.745444e+02, not replacing live point.
21:59:30 [ultranest] [DEBUG] Plateau detected at L=-1.745444e+02, not replacing live point.
21:59:30 [ultranest] [DEBUG] Plateau detected at L=-1.745444e+02, not replacing live point.
21:59:30 [ultranest] [DEBUG] Plateau detected at L=-1.745444e+02, not replacing live point.
21:59:30 [ultranest] [DEBUG] Plateau detected at L=-1.745444e+02, not replacing live point.
21:59:30 [ultranest] [DEBUG] Plateau detected at L=-1.745444e+02, not replacing live point.
21:59:30 [ultranest] [DEBUG] Plateau detected at L=-1.745444e+02, not replacing live point.
21:59:30 [ultranest] [DEBUG] Plateau detected at L=-1.745444e+02, not replacing live point.
21:59:30 [ultranest] [DEBUG] Plateau detected at L=-1.745444e+02, not replacing live point.
21:59:30 [ultranest] [DEBUG] Plateau detected at L=-1.745444e+02, not replacing live point.
21:59:30 [ultranest] [DEBUG] Plateau detected at L=-1.745444e+02, not replacing live point.
21:59:30 [ultranest] [DEBUG] Plateau detected at L=-1.745444e+02, not replacing live point.
21:59:30 [ultranest] [DEBUG] Plateau detected at L=-1.745444e+02, not replacing live point.
21:59:30 [ultranest] [DEBUG] Plateau detected at L=-1.745444e+02, not replacing live point.
21:59:30 [ultranest] [DEBUG] Plateau detected at L=-1.745444e+02, not replacing live point.
21:59:30 [ultranest] [DEBUG] Plateau detected at L=-1.745444e+02, not replacing live point.
21:59:30 [ultranest] [DEBUG] Plateau detected at L=-1.745444e+02, not replacing live point.
21:59:30 [ultranest] [DEBUG] Plateau detected at L=-1.745444e+02, not replacing live point.
21:59:30 [ultranest] [DEBUG] Plateau detected at L=-1.745444e+02, not replacing live point.
21:59:30 [ultranest] [DEBUG] Plateau detected at L=-1.745444e+02, not replacing live point.
21:59:30 [ultranest] [DEBUG] Plateau detected at L=-1.745444e+02, not replacing live point.
21:59:30 [ultranest] [DEBUG] Plateau detected at L=-1.745444e+02, not replacing live point.
21:59:30 [ultranest] [DEBUG] Plateau detected at L=-1.745444e+02, not replacing live point.
21:59:30 [ultranest] [DEBUG] Plateau detected at L=-1.745444e+02, not replacing live point.
21:59:30 [ultranest] [DEBUG] Plateau detected at L=-1.745444e+02, not replacing live point.
21:59:30 [ultranest] [DEBUG] Plateau detected at L=-1.745444e+02, not replacing live point.
21:59:30 [ultranest] [DEBUG] Plateau detected at L=-1.745444e+02, not replacing live point.
21:59:30 [ultranest] [DEBUG] Plateau detected at L=-1.745444e+02, not replacing live point.
21:59:30 [ultranest] [DEBUG] Plateau detected at L=-1.745444e+02, not replacing live point.
21:59:30 [ultranest] [DEBUG] Plateau detected at L=-1.745444e+02, not replacing live point.
21:59:30 [ultranest] [DEBUG] Plateau detected at L=-1.745444e+02, not replacing live point.
21:59:30 [ultranest] [DEBUG] Plateau detected at L=-1.745444e+02, not replacing live point.
21:59:30 [ultranest] [DEBUG] Plateau detected at L=-1.745444e+02, not replacing live point.
21:59:30 [ultranest] [DEBUG] Plateau detected at L=-1.745444e+02, not replacing live point.
21:59:30 [ultranest] [DEBUG] Plateau detected at L=-1.745444e+02, not replacing live point.
21:59:30 [ultranest] [DEBUG] Plateau detected at L=-1.745444e+02, not replacing live point.
21:59:30 [ultranest] [DEBUG] Plateau detected at L=-1.745444e+02, not replacing live point.
21:59:30 [ultranest] [DEBUG] Plateau detected at L=-1.745444e+02, not replacing live point.
21:59:30 [ultranest] [DEBUG] Plateau detected at L=-1.745444e+02, not replacing live point.
21:59:30 [ultranest] [DEBUG] Plateau detected at L=-1.745444e+02, not replacing live point.
21:59:30 [ultranest] [DEBUG] Plateau detected at L=-1.745444e+02, not replacing live point.
21:59:30 [ultranest] [DEBUG] Plateau detected at L=-1.745444e+02, not replacing live point.
21:59:30 [ultranest] [DEBUG] Plateau detected at L=-1.745444e+02, not replacing live point.
21:59:30 [ultranest] [DEBUG] Plateau detected at L=-1.745444e+02, not replacing live point.
21:59:30 [ultranest] [DEBUG] Plateau detected at L=-1.745444e+02, not replacing live point.
21:59:30 [ultranest] [DEBUG] Plateau detected at L=-1.745444e+02, not replacing live point.
21:59:30 [ultranest] [DEBUG] Plateau detected at L=-1.745444e+02, not replacing live point.
21:59:30 [ultranest] [DEBUG] Plateau detected at L=-1.745444e+02, not replacing live point.
21:59:30 [ultranest] [DEBUG] Plateau detected at L=-1.745444e+02, not replacing live point.
21:59:30 [ultranest] [DEBUG] Plateau detected at L=-1.745444e+02, not replacing live point.
21:59:30 [ultranest] [DEBUG] Plateau detected at L=-1.745444e+02, not replacing live point.
21:59:30 [ultranest] [DEBUG] Plateau detected at L=-1.745444e+02, not replacing live point.
21:59:30 [ultranest] [DEBUG] Plateau detected at L=-1.745444e+02, not replacing live point.
21:59:30 [ultranest] [DEBUG] Plateau detected at L=-1.745444e+02, not replacing live point.
21:59:30 [ultranest] [DEBUG] Plateau detected at L=-1.745444e+02, not replacing live point.
21:59:30 [ultranest] [DEBUG] Plateau detected at L=-1.745444e+02, not replacing live point.
21:59:30 [ultranest] [DEBUG] Plateau detected at L=-1.745444e+02, not replacing live point.
21:59:30 [ultranest] [DEBUG] Plateau detected at L=-1.745444e+02, not replacing live point.
21:59:30 [ultranest] [DEBUG] Plateau detected at L=-1.745444e+02, not replacing live point.
21:59:30 [ultranest] [DEBUG] Plateau detected at L=-1.745444e+02, not replacing live point.
21:59:30 [ultranest] [DEBUG] Plateau detected at L=-1.745444e+02, not replacing live point.
21:59:30 [ultranest] [DEBUG] Plateau detected at L=-1.745444e+02, not replacing live point.
21:59:30 [ultranest] [DEBUG] Plateau detected at L=-1.745444e+02, not replacing live point.
21:59:30 [ultranest] [DEBUG] Plateau detected at L=-1.745444e+02, not replacing live point.
21:59:30 [ultranest] [DEBUG] Plateau detected at L=-1.745444e+02, not replacing live point.
21:59:30 [ultranest] [DEBUG] Plateau detected at L=-1.745444e+02, not replacing live point.
21:59:30 [ultranest] [DEBUG] Plateau detected at L=-1.745444e+02, not replacing live point.
21:59:30 [ultranest] [DEBUG] Plateau detected at L=-1.745444e+02, not replacing live point.
21:59:30 [ultranest] [DEBUG] Plateau detected at L=-1.745444e+02, not replacing live point.
21:59:30 [ultranest] [DEBUG] Plateau detected at L=-1.745444e+02, not replacing live point.
21:59:30 [ultranest] [DEBUG] Plateau detected at L=-1.745444e+02, not replacing live point.
21:59:30 [ultranest] [DEBUG] Plateau detected at L=-1.745444e+02, not replacing live point.
21:59:30 [ultranest] [DEBUG] Plateau detected at L=-1.745444e+02, not replacing live point.
21:59:30 [ultranest] [DEBUG] Plateau detected at L=-1.745444e+02, not replacing live point.
21:59:30 [ultranest] [DEBUG] Plateau detected at L=-1.745444e+02, not replacing live point.
21:59:30 [ultranest] [DEBUG] Plateau detected at L=-1.745444e+02, not replacing live point.
21:59:30 [ultranest] [DEBUG] Plateau detected at L=-1.745444e+02, not replacing live point.
21:59:30 [ultranest] [DEBUG] Plateau detected at L=-1.745444e+02, not replacing live point.
21:59:30 [ultranest] [DEBUG] Plateau detected at L=-1.745444e+02, not replacing live point.
21:59:30 [ultranest] [DEBUG] Plateau detected at L=-1.745444e+02, not replacing live point.
21:59:30 [ultranest] [DEBUG] Plateau detected at L=-1.745444e+02, not replacing live point.
21:59:30 [ultranest] [DEBUG] Plateau detected at L=-1.745444e+02, not replacing live point.
21:59:30 [ultranest] [DEBUG] Plateau detected at L=-1.745444e+02, not replacing live point.
21:59:30 [ultranest] [DEBUG] Plateau detected at L=-1.745444e+02, not replacing live point.
21:59:30 [ultranest] [DEBUG] Plateau detected at L=-1.745444e+02, not replacing live point.
21:59:30 [ultranest] [DEBUG] Plateau detected at L=-1.745444e+02, not replacing live point.
21:59:30 [ultranest] [DEBUG] Plateau detected at L=-1.745444e+02, not replacing live point.
21:59:30 [ultranest] [DEBUG] Plateau detected at L=-1.745444e+02, not replacing live point.
21:59:30 [ultranest] [DEBUG] Plateau detected at L=-1.745444e+02, not replacing live point.
21:59:30 [ultranest] [DEBUG] Plateau detected at L=-1.745444e+02, not replacing live point.
21:59:30 [ultranest] [DEBUG] Plateau detected at L=-1.745444e+02, not replacing live point.
21:59:30 [ultranest] [DEBUG] Plateau detected at L=-1.745444e+02, not replacing live point.
21:59:30 [ultranest] [DEBUG] Plateau detected at L=-1.745444e+02, not replacing live point.
21:59:30 [ultranest] [DEBUG] Plateau detected at L=-1.745444e+02, not replacing live point.
21:59:30 [ultranest] [DEBUG] Plateau detected at L=-1.745444e+02, not replacing live point.
21:59:30 [ultranest] [DEBUG] Plateau detected at L=-1.745444e+02, not replacing live point.
21:59:30 [ultranest] [DEBUG] Plateau detected at L=-1.745444e+02, not replacing live point.
21:59:30 [ultranest] [DEBUG] Plateau detected at L=-1.745444e+02, not replacing live point.
21:59:30 [ultranest] [DEBUG] Plateau detected at L=-1.745444e+02, not replacing live point.
21:59:30 [ultranest] [DEBUG] Plateau detected at L=-1.745444e+02, not replacing live point.
21:59:30 [ultranest] [DEBUG] Plateau detected at L=-1.745444e+02, not replacing live point.
21:59:30 [ultranest] [DEBUG] Plateau detected at L=-1.745444e+02, not replacing live point.
21:59:30 [ultranest] [DEBUG] Plateau detected at L=-1.745444e+02, not replacing live point.
21:59:30 [ultranest] [DEBUG] Plateau detected at L=-1.745444e+02, not replacing live point.
21:59:30 [ultranest] [DEBUG] Plateau detected at L=-1.745444e+02, not replacing live point.
21:59:30 [ultranest] [DEBUG] Plateau detected at L=-1.745444e+02, not replacing live point.
21:59:30 [ultranest] [DEBUG] Plateau detected at L=-1.745444e+02, not replacing live point.
21:59:30 [ultranest] [DEBUG] Plateau detected at L=-1.745444e+02, not replacing live point.
21:59:30 [ultranest] [DEBUG] Plateau detected at L=-1.745444e+02, not replacing live point.
21:59:30 [ultranest] [DEBUG] Plateau detected at L=-1.745444e+02, not replacing live point.
21:59:30 [ultranest] [DEBUG] Plateau detected at L=-1.745444e+02, not replacing live point.
21:59:30 [ultranest] [DEBUG] Plateau detected at L=-1.745444e+02, not replacing live point.
21:59:30 [ultranest] [DEBUG] Plateau detected at L=-1.745444e+02, not replacing live point.
21:59:30 [ultranest] [DEBUG] Plateau detected at L=-1.745444e+02, not replacing live point.
21:59:30 [ultranest] [DEBUG] Plateau detected at L=-1.745444e+02, not replacing live point.
21:59:30 [ultranest] [DEBUG] Plateau detected at L=-1.745444e+02, not replacing live point.
21:59:30 [ultranest] [DEBUG] Plateau detected at L=-1.745444e+02, not replacing live point.
21:59:30 [ultranest] [DEBUG] Plateau detected at L=-1.745444e+02, not replacing live point.
21:59:30 [ultranest] [DEBUG] Plateau detected at L=-1.745444e+02, not replacing live point.
21:59:30 [ultranest] [DEBUG] Plateau detected at L=-1.745444e+02, not replacing live point.
21:59:30 [ultranest] [DEBUG] Plateau detected at L=-1.745444e+02, not replacing live point.
21:59:30 [ultranest] [DEBUG] Plateau detected at L=-1.745444e+02, not replacing live point.
21:59:30 [ultranest] [DEBUG] Plateau detected at L=-1.745444e+02, not replacing live point.
21:59:30 [ultranest] [DEBUG] Plateau detected at L=-1.745444e+02, not replacing live point.
21:59:30 [ultranest] [DEBUG] Plateau detected at L=-1.745444e+02, not replacing live point.
21:59:30 [ultranest] [DEBUG] Plateau detected at L=-1.745444e+02, not replacing live point.
21:59:30 [ultranest] [DEBUG] Plateau detected at L=-1.745444e+02, not replacing live point.
21:59:30 [ultranest] [DEBUG] Plateau detected at L=-1.745444e+02, not replacing live point.
21:59:30 [ultranest] [DEBUG] Plateau detected at L=-1.745444e+02, not replacing live point.
21:59:30 [ultranest] [DEBUG] Plateau detected at L=-1.745444e+02, not replacing live point.
21:59:30 [ultranest] [DEBUG] Plateau detected at L=-1.745444e+02, not replacing live point.
21:59:30 [ultranest] [DEBUG] Plateau detected at L=-1.745444e+02, not replacing live point.
21:59:30 [ultranest] [DEBUG] Plateau detected at L=-1.745444e+02, not replacing live point.
21:59:30 [ultranest] [DEBUG] Plateau detected at L=-1.745444e+02, not replacing live point.
21:59:30 [ultranest] [DEBUG] Plateau detected at L=-1.745444e+02, not replacing live point.
21:59:30 [ultranest] [DEBUG] Plateau detected at L=-1.745444e+02, not replacing live point.
21:59:30 [ultranest] [DEBUG] Plateau detected at L=-1.745444e+02, not replacing live point.
21:59:30 [ultranest] [DEBUG] Plateau detected at L=-1.745444e+02, not replacing live point.
21:59:30 [ultranest] [DEBUG] Plateau detected at L=-1.745444e+02, not replacing live point.
21:59:30 [ultranest] [DEBUG] Plateau detected at L=-1.745444e+02, not replacing live point.
21:59:30 [ultranest] [DEBUG] Plateau detected at L=-1.745444e+02, not replacing live point.
21:59:30 [ultranest] [DEBUG] Plateau detected at L=-1.745444e+02, not replacing live point.
21:59:30 [ultranest] [DEBUG] Plateau detected at L=-1.745444e+02, not replacing live point.
21:59:30 [ultranest] [DEBUG] Plateau detected at L=-1.745444e+02, not replacing live point.
21:59:30 [ultranest] [DEBUG] Plateau detected at L=-1.745444e+02, not replacing live point.
21:59:30 [ultranest] [DEBUG] Plateau detected at L=-1.745444e+02, not replacing live point.
21:59:30 [ultranest] [DEBUG] Plateau detected at L=-1.745444e+02, not replacing live point.
21:59:30 [ultranest] [DEBUG] Plateau detected at L=-1.745444e+02, not replacing live point.
21:59:30 [ultranest] [DEBUG] Plateau detected at L=-1.745444e+02, not replacing live point.
21:59:30 [ultranest] [DEBUG] Plateau detected at L=-1.745444e+02, not replacing live point.
21:59:30 [ultranest] [DEBUG] Plateau detected at L=-1.745444e+02, not replacing live point.
21:59:30 [ultranest] [DEBUG] iteration=244, ncalls=6242, regioncalls=0, ndraw=40, logz=-175.43, remainder_fraction=100.0000%, Lmin=-174.54, Lmax=-15.98
21:59:30 [ultranest] [DEBUG] Plateau detected at L=-1.745444e+02, not replacing live point.
21:59:30 [ultranest] [DEBUG] iteration=246, ncalls=6242, regioncalls=0, ndraw=40, logz=-175.42, remainder_fraction=100.0000%, Lmin=-174.54, Lmax=-15.98
21:59:30 [ultranest] [DEBUG] Plateau detected at L=-1.745444e+02, not replacing live point.
21:59:30 [ultranest] [DEBUG] iteration=249, ncalls=6242, regioncalls=0, ndraw=40, logz=-175.41, remainder_fraction=100.0000%, Lmin=-174.54, Lmax=-15.98
21:59:30 [ultranest] [DEBUG] iteration=280, ncalls=6242, regioncalls=0, ndraw=40, logz=-175.27, remainder_fraction=100.0000%, Lmin=-174.54, Lmax=-13.26
21:59:30 [ultranest] [DEBUG] iteration=296, ncalls=6242, regioncalls=0, ndraw=40, logz=-175.21, remainder_fraction=100.0000%, Lmin=-174.54, Lmax=-13.26
21:59:30 [ultranest] [DEBUG] iteration=320, ncalls=6242, regioncalls=0, ndraw=40, logz=-175.14, remainder_fraction=100.0000%, Lmin=-174.54, Lmax=-13.26
21:59:31 [ultranest] [DEBUG] iteration=343, ncalls=6242, regioncalls=0, ndraw=40, logz=-175.08, remainder_fraction=100.0000%, Lmin=-174.54, Lmax=-13.26
21:59:31 [ultranest] [DEBUG] iteration=360, ncalls=6242, regioncalls=0, ndraw=40, logz=-175.04, remainder_fraction=100.0000%, Lmin=-174.54, Lmax=-13.26
21:59:31 [ultranest] [DEBUG] iteration=390, ncalls=6242, regioncalls=0, ndraw=40, logz=-174.99, remainder_fraction=100.0000%, Lmin=-174.54, Lmax=-13.26
21:59:31 [ultranest] [DEBUG] iteration=400, ncalls=6242, regioncalls=0, ndraw=40, logz=-174.97, remainder_fraction=100.0000%, Lmin=-174.53, Lmax=-13.26
21:59:31 [ultranest] [DEBUG] iteration=440, ncalls=6242, regioncalls=0, ndraw=40, logz=-174.91, remainder_fraction=100.0000%, Lmin=-174.42, Lmax=-7.47
21:59:31 [ultranest] [DEBUG] iteration=480, ncalls=6242, regioncalls=0, ndraw=40, logz=-174.85, remainder_fraction=100.0000%, Lmin=-173.86, Lmax=-7.47
21:59:31 [ultranest] [DEBUG] iteration=520, ncalls=6242, regioncalls=0, ndraw=40, logz=-174.72, remainder_fraction=100.0000%, Lmin=-172.05, Lmax=-7.47
21:59:31 [ultranest] [DEBUG] iteration=560, ncalls=6242, regioncalls=0, ndraw=40, logz=-173.46, remainder_fraction=100.0000%, Lmin=-168.48, Lmax=-7.47
21:59:31 [ultranest] [DEBUG] iteration=578, ncalls=6242, regioncalls=0, ndraw=40, logz=-171.32, remainder_fraction=100.0000%, Lmin=-165.44, Lmax=-7.47
21:59:31 [ultranest] [DEBUG] iteration=600, ncalls=6242, regioncalls=0, ndraw=40, logz=-167.91, remainder_fraction=100.0000%, Lmin=-161.76, Lmax=-7.47
21:59:31 [ultranest] [DEBUG] iteration=640, ncalls=6242, regioncalls=0, ndraw=40, logz=-158.45, remainder_fraction=100.0000%, Lmin=-150.94, Lmax=-7.47
21:59:31 [ultranest] [DEBUG] iteration=680, ncalls=6242, regioncalls=0, ndraw=40, logz=-145.69, remainder_fraction=100.0000%, Lmin=-137.90, Lmax=-7.47
21:59:31 [ultranest] [DEBUG] iteration=720, ncalls=6242, regioncalls=0, ndraw=40, logz=-128.52, remainder_fraction=100.0000%, Lmin=-120.97, Lmax=-7.47
21:59:31 [ultranest] [DEBUG] iteration=760, ncalls=6242, regioncalls=0, ndraw=40, logz=-116.29, remainder_fraction=100.0000%, Lmin=-109.75, Lmax=-6.56
21:59:31 [ultranest] [DEBUG] iteration=800, ncalls=6242, regioncalls=0, ndraw=40, logz=-106.36, remainder_fraction=100.0000%, Lmin=-98.87, Lmax=-6.56
21:59:31 [ultranest] [DEBUG] iteration=813, ncalls=6242, regioncalls=0, ndraw=40, logz=-103.60, remainder_fraction=100.0000%, Lmin=-96.23, Lmax=-6.56
21:59:31 [ultranest] [DEBUG] iteration=840, ncalls=6242, regioncalls=0, ndraw=40, logz=-96.20, remainder_fraction=100.0000%, Lmin=-88.56, Lmax=-6.56
21:59:31 [ultranest] [DEBUG] iteration=860, ncalls=6242, regioncalls=0, ndraw=40, logz=-91.77, remainder_fraction=100.0000%, Lmin=-84.65, Lmax=-6.56
21:59:31 [ultranest] [DEBUG] iteration=880, ncalls=6242, regioncalls=0, ndraw=40, logz=-86.89, remainder_fraction=100.0000%, Lmin=-78.99, Lmax=-6.56
21:59:31 [ultranest] [DEBUG] iteration=907, ncalls=6242, regioncalls=0, ndraw=40, logz=-79.90, remainder_fraction=100.0000%, Lmin=-72.59, Lmax=-5.94
21:59:31 [ultranest] [DEBUG] iteration=920, ncalls=6242, regioncalls=0, ndraw=40, logz=-77.91, remainder_fraction=100.0000%, Lmin=-70.26, Lmax=-5.94
21:59:31 [ultranest] [DEBUG] iteration=960, ncalls=6242, regioncalls=0, ndraw=40, logz=-69.91, remainder_fraction=100.0000%, Lmin=-62.34, Lmax=-5.94
21:59:31 [ultranest] [DEBUG] iteration=1000, ncalls=6242, regioncalls=0, ndraw=40, logz=-62.54, remainder_fraction=100.0000%, Lmin=-54.35, Lmax=-5.94
21:59:31 [ultranest] [DEBUG] iteration=1040, ncalls=6242, regioncalls=0, ndraw=40, logz=-56.96, remainder_fraction=100.0000%, Lmin=-48.96, Lmax=-5.94
21:59:31 [ultranest] [DEBUG] iteration=1080, ncalls=6242, regioncalls=0, ndraw=40, logz=-52.10, remainder_fraction=100.0000%, Lmin=-44.33, Lmax=-5.94
21:59:31 [ultranest] [DEBUG] iteration=1095, ncalls=6242, regioncalls=0, ndraw=40, logz=-50.63, remainder_fraction=100.0000%, Lmin=-42.97, Lmax=-5.94
21:59:31 [ultranest] [DEBUG] iteration=1120, ncalls=6242, regioncalls=0, ndraw=40, logz=-48.38, remainder_fraction=100.0000%, Lmin=-40.39, Lmax=-5.94
21:59:31 [ultranest] [DEBUG] iteration=1160, ncalls=6242, regioncalls=0, ndraw=40, logz=-44.44, remainder_fraction=100.0000%, Lmin=-36.20, Lmax=-5.94
21:59:31 [ultranest] [DEBUG] iteration=1189, ncalls=6242, regioncalls=0, ndraw=40, logz=-41.71, remainder_fraction=100.0000%, Lmin=-33.32, Lmax=-5.94
21:59:31 [ultranest] [DEBUG] iteration=1200, ncalls=6242, regioncalls=0, ndraw=40, logz=-40.64, remainder_fraction=100.0000%, Lmin=-32.43, Lmax=-5.94
21:59:31 [ultranest] [DEBUG] iteration=1240, ncalls=6242, regioncalls=0, ndraw=40, logz=-36.95, remainder_fraction=100.0000%, Lmin=-28.72, Lmax=-5.94
21:59:31 [ultranest] [DEBUG] iteration=1280, ncalls=6242, regioncalls=0, ndraw=40, logz=-34.09, remainder_fraction=100.0000%, Lmin=-25.52, Lmax=-5.94
21:59:31 [ultranest] [DEBUG] iteration=1320, ncalls=6242, regioncalls=0, ndraw=40, logz=-31.54, remainder_fraction=100.0000%, Lmin=-23.31, Lmax=-5.94
21:59:31 [ultranest] [DEBUG] iteration=1360, ncalls=6242, regioncalls=0, ndraw=40, logz=-29.62, remainder_fraction=99.9999%, Lmin=-21.10, Lmax=-5.94
21:59:31 [ultranest] [DEBUG] iteration=1377, ncalls=6242, regioncalls=0, ndraw=40, logz=-28.76, remainder_fraction=99.9999%, Lmin=-20.28, Lmax=-5.94
21:59:31 [ultranest] [DEBUG] iteration=1400, ncalls=6242, regioncalls=0, ndraw=40, logz=-27.75, remainder_fraction=99.9996%, Lmin=-19.33, Lmax=-5.94
21:59:31 [ultranest] [DEBUG] iteration=1424, ncalls=6242, regioncalls=0, ndraw=40, logz=-26.61, remainder_fraction=99.9989%, Lmin=-17.80, Lmax=-5.94
21:59:31 [ultranest] [DEBUG] iteration=1440, ncalls=6242, regioncalls=0, ndraw=40, logz=-25.86, remainder_fraction=99.9978%, Lmin=-17.25, Lmax=-5.83
21:59:31 [ultranest] [DEBUG] iteration=1471, ncalls=6242, regioncalls=0, ndraw=40, logz=-24.57, remainder_fraction=99.9929%, Lmin=-15.85, Lmax=-5.83
21:59:31 [ultranest] [DEBUG] iteration=1480, ncalls=6242, regioncalls=0, ndraw=40, logz=-24.21, remainder_fraction=99.9900%, Lmin=-15.38, Lmax=-5.83
21:59:31 [ultranest] [DEBUG] iteration=1518, ncalls=6242, regioncalls=0, ndraw=40, logz=-22.76, remainder_fraction=99.9564%, Lmin=-13.86, Lmax=-5.83
21:59:31 [ultranest] [DEBUG] iteration=1520, ncalls=6242, regioncalls=0, ndraw=40, logz=-22.69, remainder_fraction=99.9545%, Lmin=-13.82, Lmax=-5.83
21:59:31 [ultranest] [DEBUG] iteration=1560, ncalls=6242, regioncalls=0, ndraw=40, logz=-21.58, remainder_fraction=99.8588%, Lmin=-13.00, Lmax=-5.83
21:59:31 [ultranest] [DEBUG] iteration=1565, ncalls=6242, regioncalls=0, ndraw=40, logz=-21.47, remainder_fraction=99.8414%, Lmin=-12.90, Lmax=-5.83
21:59:31 [ultranest] [DEBUG] iteration=1600, ncalls=6242, regioncalls=0, ndraw=40, logz=-20.71, remainder_fraction=99.6400%, Lmin=-11.97, Lmax=-5.83
21:59:31 [ultranest] [DEBUG] iteration=1640, ncalls=6242, regioncalls=0, ndraw=40, logz=-19.91, remainder_fraction=99.1851%, Lmin=-11.07, Lmax=-5.83
21:59:31 [ultranest] [DEBUG] iteration=1659, ncalls=6242, regioncalls=0, ndraw=40, logz=-19.56, remainder_fraction=98.8452%, Lmin=-10.68, Lmax=-5.83
21:59:31 [ultranest] [DEBUG] iteration=1680, ncalls=6242, regioncalls=0, ndraw=40, logz=-19.16, remainder_fraction=98.2734%, Lmin=-10.18, Lmax=-5.83
21:59:31 [ultranest] [DEBUG] iteration=1720, ncalls=6242, regioncalls=0, ndraw=40, logz=-18.50, remainder_fraction=96.6544%, Lmin=-9.55, Lmax=-5.83
21:59:31 [ultranest] [DEBUG] iteration=1753, ncalls=6242, regioncalls=0, ndraw=40, logz=-18.05, remainder_fraction=94.9127%, Lmin=-9.11, Lmax=-5.83
21:59:31 [ultranest] [DEBUG] iteration=1760, ncalls=6242, regioncalls=0, ndraw=40, logz=-17.96, remainder_fraction=94.3803%, Lmin=-9.00, Lmax=-5.83
21:59:31 [ultranest] [DEBUG] iteration=1800, ncalls=6242, regioncalls=0, ndraw=40, logz=-17.50, remainder_fraction=91.3013%, Lmin=-8.54, Lmax=-5.83
21:59:31 [ultranest] [DEBUG] iteration=1840, ncalls=6242, regioncalls=0, ndraw=40, logz=-17.11, remainder_fraction=87.0713%, Lmin=-8.14, Lmax=-5.83
21:59:31 [ultranest] [DEBUG] iteration=1880, ncalls=6242, regioncalls=0, ndraw=40, logz=-16.80, remainder_fraction=82.2203%, Lmin=-7.84, Lmax=-5.83
21:59:31 [ultranest] [DEBUG] iteration=1894, ncalls=6242, regioncalls=0, ndraw=40, logz=-16.70, remainder_fraction=80.1366%, Lmin=-7.73, Lmax=-5.83
21:59:31 [ultranest] [DEBUG] iteration=1920, ncalls=6242, regioncalls=0, ndraw=40, logz=-16.53, remainder_fraction=76.4512%, Lmin=-7.50, Lmax=-5.81
21:59:31 [ultranest] [DEBUG] iteration=1941, ncalls=6242, regioncalls=0, ndraw=40, logz=-16.41, remainder_fraction=73.2308%, Lmin=-7.36, Lmax=-5.81
21:59:31 [ultranest] [DEBUG] iteration=1960, ncalls=6242, regioncalls=0, ndraw=40, logz=-16.30, remainder_fraction=70.2255%, Lmin=-7.23, Lmax=-5.81
21:59:32 [ultranest] [DEBUG] iteration=1988, ncalls=6242, regioncalls=0, ndraw=40, logz=-16.15, remainder_fraction=65.4233%, Lmin=-7.04, Lmax=-5.81
21:59:32 [ultranest] [DEBUG] iteration=2000, ncalls=6242, regioncalls=0, ndraw=40, logz=-16.10, remainder_fraction=63.3400%, Lmin=-6.98, Lmax=-5.81
21:59:32 [ultranest] [DEBUG] iteration=2035, ncalls=6242, regioncalls=0, ndraw=40, logz=-15.95, remainder_fraction=57.5646%, Lmin=-6.82, Lmax=-5.81
21:59:32 [ultranest] [DEBUG] iteration=2040, ncalls=6242, regioncalls=0, ndraw=40, logz=-15.93, remainder_fraction=56.7852%, Lmin=-6.80, Lmax=-5.81
21:59:32 [ultranest] [DEBUG] iteration=2080, ncalls=6242, regioncalls=0, ndraw=40, logz=-15.79, remainder_fraction=50.1387%, Lmin=-6.66, Lmax=-5.81
21:59:32 [ultranest] [DEBUG] iteration=2082, ncalls=6242, regioncalls=0, ndraw=40, logz=-15.78, remainder_fraction=49.7854%, Lmin=-6.66, Lmax=-5.81
21:59:32 [ultranest] [DEBUG] iteration=2120, ncalls=6242, regioncalls=0, ndraw=40, logz=-15.67, remainder_fraction=43.9329%, Lmin=-6.56, Lmax=-5.81
21:59:32 [ultranest] [DEBUG] iteration=2129, ncalls=6242, regioncalls=0, ndraw=40, logz=-15.65, remainder_fraction=42.6339%, Lmin=-6.52, Lmax=-5.81
21:59:32 [ultranest] [DEBUG] iteration=2160, ncalls=6242, regioncalls=0, ndraw=40, logz=-15.57, remainder_fraction=38.2418%, Lmin=-6.46, Lmax=-5.81
21:59:32 [ultranest] [DEBUG] iteration=2176, ncalls=6242, regioncalls=0, ndraw=40, logz=-15.54, remainder_fraction=36.1046%, Lmin=-6.43, Lmax=-5.81
21:59:32 [ultranest] [DEBUG] iteration=2200, ncalls=6242, regioncalls=0, ndraw=40, logz=-15.49, remainder_fraction=33.0860%, Lmin=-6.37, Lmax=-5.81
21:59:32 [ultranest] [DEBUG] iteration=2223, ncalls=6242, regioncalls=0, ndraw=40, logz=-15.45, remainder_fraction=30.3625%, Lmin=-6.33, Lmax=-5.81
21:59:32 [ultranest] [DEBUG] iteration=2240, ncalls=6242, regioncalls=0, ndraw=40, logz=-15.43, remainder_fraction=28.4661%, Lmin=-6.29, Lmax=-5.81
21:59:32 [ultranest] [DEBUG] iteration=2280, ncalls=6242, regioncalls=0, ndraw=40, logz=-15.37, remainder_fraction=24.3740%, Lmin=-6.22, Lmax=-5.81
21:59:32 [ultranest] [DEBUG] iteration=2317, ncalls=6242, regioncalls=0, ndraw=40, logz=-15.33, remainder_fraction=20.9948%, Lmin=-6.17, Lmax=-5.81
21:59:32 [ultranest] [DEBUG] iteration=2320, ncalls=6242, regioncalls=0, ndraw=40, logz=-15.33, remainder_fraction=20.7524%, Lmin=-6.17, Lmax=-5.81
21:59:32 [ultranest] [DEBUG] iteration=2360, ncalls=6242, regioncalls=0, ndraw=40, logz=-15.29, remainder_fraction=17.6273%, Lmin=-6.11, Lmax=-5.80
21:59:32 [ultranest] [DEBUG] iteration=2400, ncalls=6242, regioncalls=0, ndraw=40, logz=-15.25, remainder_fraction=14.8999%, Lmin=-6.06, Lmax=-5.80
21:59:32 [ultranest] [DEBUG] iteration=2440, ncalls=6242, regioncalls=0, ndraw=40, logz=-15.23, remainder_fraction=12.6031%, Lmin=-6.03, Lmax=-5.80
21:59:32 [ultranest] [DEBUG] iteration=2458, ncalls=6242, regioncalls=0, ndraw=40, logz=-15.22, remainder_fraction=11.6611%, Lmin=-6.02, Lmax=-5.80
21:59:32 [ultranest] [DEBUG] iteration=2480, ncalls=6242, regioncalls=0, ndraw=40, logz=-15.20, remainder_fraction=10.6001%, Lmin=-6.00, Lmax=-5.80
21:59:32 [ultranest] [DEBUG] iteration=2505, ncalls=6242, regioncalls=0, ndraw=40, logz=-15.19, remainder_fraction=9.4988%, Lmin=-5.98, Lmax=-5.80
21:59:32 [ultranest] [DEBUG] iteration=2520, ncalls=6242, regioncalls=0, ndraw=40, logz=-15.18, remainder_fraction=8.9089%, Lmin=-5.97, Lmax=-5.80
21:59:32 [ultranest] [DEBUG] iteration=2560, ncalls=6242, regioncalls=0, ndraw=40, logz=-15.17, remainder_fraction=7.4497%, Lmin=-5.95, Lmax=-5.79
21:59:32 [ultranest] [DEBUG] iteration=2599, ncalls=6242, regioncalls=0, ndraw=40, logz=-15.16, remainder_fraction=6.2608%, Lmin=-5.93, Lmax=-5.79
21:59:32 [ultranest] [DEBUG] iteration=2600, ncalls=6242, regioncalls=0, ndraw=40, logz=-15.16, remainder_fraction=6.2314%, Lmin=-5.93, Lmax=-5.79
21:59:32 [ultranest] [DEBUG] iteration=2640, ncalls=6242, regioncalls=0, ndraw=40, logz=-15.14, remainder_fraction=5.2050%, Lmin=-5.91, Lmax=-5.79
21:59:32 [ultranest] [DEBUG] iteration=2646, ncalls=6242, regioncalls=0, ndraw=40, logz=-15.14, remainder_fraction=5.0656%, Lmin=-5.91, Lmax=-5.79
21:59:32 [ultranest] [DEBUG] iteration=2680, ncalls=6242, regioncalls=0, ndraw=40, logz=-15.14, remainder_fraction=4.3350%, Lmin=-5.90, Lmax=-5.79
21:59:32 [ultranest] [INFO] Explored until L=-6  
21:59:32 [ultranest] [INFO] Likelihood function evaluations: 6242
21:59:33 [ultranest] [INFO] Writing samples and results to disk ...
21:59:33 [ultranest] [INFO] Writing samples and results to disk ... done
21:59:33 [ultranest] [DEBUG] did a run_iter pass!
21:59:33 [ultranest] [INFO]   logZ = -15.1 +- 0.1288
21:59:33 [ultranest] [INFO] Effective samples strategy satisfied (ESS = 884.8, need >400)
21:59:33 [ultranest] [INFO] Posterior uncertainty strategy is satisfied (KL: 0.45+-0.11 nat, need <0.50 nat)
21:59:33 [ultranest] [INFO] Evidency uncertainty strategy is satisfied (dlogz=0.14, need <0.5)
21:59:33 [ultranest] [INFO]   logZ error budget: single: 0.20 bs:0.13 tail:0.04 total:0.14 required:<0.50
21:59:33 [ultranest] [INFO] done iterating.
21:59:33 [ultranest] [DEBUG] Making corner plot ...
21:59:34 [ultranest] [DEBUG] Making corner plot ... done
21:59:34 [ultranest] [DEBUG] Making run plot ... 
21:59:35 [ultranest] [DEBUG] Making run plot ... done
21:59:35 [ultranest] [DEBUG] Making trace plot ... 
21:59:36 [ultranest] [DEBUG] Making trace plot ... done
