15:43:03 [ultranest] [DEBUG] ReactiveNestedSampler: dims=3+0, resume=True, log_dir=/home/orion51/Desktop/Research/spectral_fitting/FGL_spectral_fitting/Individual_sources/2CXOJ085903.2-434834/bb_out_, backend=hdf5, vectorized=False, nbootstraps=30, ndraw=128..65536
15:43:03 [ultranest] [INFO] Sampling 400 live points from prior ...
15:43:04 [ultranest] [DEBUG] run_iter dlogz=0.5, dKL=0.5, frac_remain=0.01, Lepsilon=0.1000, min_ess=400
15:43:04 [ultranest] [DEBUG] max_iters=-1, max_ncalls=-1, max_num_improvement_loops=-1, min_num_live_points=400, cluster_num_live_points=40
15:43:04 [ultranest] [DEBUG] minimal_widths_sequence: [(-inf, 400.0), (inf, 400.0)]
15:43:04 [ultranest] [DEBUG] iteration=0, ncalls=401, regioncalls=40, ndraw=40, logz=-inf, remainder_fraction=100.0000%, Lmin=-245359129.22, Lmax=-102.10
15:43:04 [ultranest] [DEBUG] iteration=30, ncalls=432, regioncalls=1280, ndraw=40, logz=-47054.91, remainder_fraction=100.0000%, Lmin=-42554.01, Lmax=-102.10
15:43:04 [ultranest] [DEBUG] iteration=40, ncalls=442, regioncalls=1680, ndraw=40, logz=-6770.04, remainder_fraction=100.0000%, Lmin=-4402.50, Lmax=-102.10
15:43:04 [ultranest] [DEBUG] Plateau detected at L=-2.472901e+03, not replacing live point.
15:43:04 [ultranest] [DEBUG] Plateau detected at L=-2.472901e+03, not replacing live point.
15:43:04 [ultranest] [DEBUG] Plateau detected at L=-2.472901e+03, not replacing live point.
15:43:04 [ultranest] [DEBUG] Plateau detected at L=-2.472901e+03, not replacing live point.
15:43:04 [ultranest] [DEBUG] Plateau detected at L=-2.472901e+03, not replacing live point.
15:43:04 [ultranest] [DEBUG] Plateau detected at L=-2.472901e+03, not replacing live point.
15:43:04 [ultranest] [DEBUG] Plateau detected at L=-2.472901e+03, not replacing live point.
15:43:04 [ultranest] [DEBUG] Plateau detected at L=-2.472901e+03, not replacing live point.
15:43:04 [ultranest] [DEBUG] Plateau detected at L=-2.472901e+03, not replacing live point.
15:43:04 [ultranest] [DEBUG] Plateau detected at L=-2.472901e+03, not replacing live point.
15:43:04 [ultranest] [DEBUG] Plateau detected at L=-2.472901e+03, not replacing live point.
15:43:04 [ultranest] [DEBUG] Plateau detected at L=-2.472901e+03, not replacing live point.
15:43:04 [ultranest] [DEBUG] Plateau detected at L=-2.472901e+03, not replacing live point.
15:43:04 [ultranest] [DEBUG] Plateau detected at L=-2.472901e+03, not replacing live point.
15:43:04 [ultranest] [DEBUG] Plateau detected at L=-2.472901e+03, not replacing live point.
15:43:04 [ultranest] [DEBUG] Plateau detected at L=-2.472901e+03, not replacing live point.
15:43:04 [ultranest] [DEBUG] Plateau detected at L=-2.472901e+03, not replacing live point.
15:43:04 [ultranest] [DEBUG] Plateau detected at L=-2.472901e+03, not replacing live point.
15:43:04 [ultranest] [DEBUG] Plateau detected at L=-2.472901e+03, not replacing live point.
15:43:04 [ultranest] [DEBUG] Plateau detected at L=-2.472901e+03, not replacing live point.
15:43:04 [ultranest] [DEBUG] Plateau detected at L=-2.472901e+03, not replacing live point.
15:43:04 [ultranest] [DEBUG] Plateau detected at L=-2.472901e+03, not replacing live point.
15:43:04 [ultranest] [DEBUG] Plateau detected at L=-2.472901e+03, not replacing live point.
15:43:04 [ultranest] [DEBUG] Plateau detected at L=-2.472901e+03, not replacing live point.
15:43:04 [ultranest] [DEBUG] Plateau detected at L=-2.472901e+03, not replacing live point.
15:43:04 [ultranest] [DEBUG] Plateau detected at L=-2.472901e+03, not replacing live point.
15:43:04 [ultranest] [DEBUG] Plateau detected at L=-2.472901e+03, not replacing live point.
15:43:04 [ultranest] [DEBUG] Plateau detected at L=-2.472901e+03, not replacing live point.
15:43:04 [ultranest] [DEBUG] Plateau detected at L=-2.472901e+03, not replacing live point.
15:43:04 [ultranest] [DEBUG] Plateau detected at L=-2.472901e+03, not replacing live point.
15:43:04 [ultranest] [DEBUG] Plateau detected at L=-2.472901e+03, not replacing live point.
15:43:04 [ultranest] [DEBUG] Plateau detected at L=-2.472901e+03, not replacing live point.
15:43:04 [ultranest] [DEBUG] Plateau detected at L=-2.472901e+03, not replacing live point.
15:43:04 [ultranest] [DEBUG] Plateau detected at L=-2.472901e+03, not replacing live point.
15:43:04 [ultranest] [DEBUG] Plateau detected at L=-2.472901e+03, not replacing live point.
15:43:04 [ultranest] [DEBUG] Plateau detected at L=-2.472901e+03, not replacing live point.
15:43:04 [ultranest] [DEBUG] Plateau detected at L=-2.472901e+03, not replacing live point.
15:43:04 [ultranest] [DEBUG] Plateau detected at L=-2.472901e+03, not replacing live point.
15:43:04 [ultranest] [DEBUG] Plateau detected at L=-2.472901e+03, not replacing live point.
15:43:04 [ultranest] [DEBUG] Plateau detected at L=-2.472901e+03, not replacing live point.
15:43:04 [ultranest] [DEBUG] Plateau detected at L=-2.472901e+03, not replacing live point.
15:43:04 [ultranest] [DEBUG] Plateau detected at L=-2.472901e+03, not replacing live point.
15:43:04 [ultranest] [DEBUG] Plateau detected at L=-2.472901e+03, not replacing live point.
15:43:04 [ultranest] [DEBUG] Plateau detected at L=-2.472901e+03, not replacing live point.
15:43:04 [ultranest] [DEBUG] Plateau detected at L=-2.472901e+03, not replacing live point.
15:43:04 [ultranest] [DEBUG] Plateau detected at L=-2.472901e+03, not replacing live point.
15:43:04 [ultranest] [DEBUG] Plateau detected at L=-2.472901e+03, not replacing live point.
15:43:04 [ultranest] [DEBUG] Plateau detected at L=-2.472901e+03, not replacing live point.
15:43:04 [ultranest] [DEBUG] Plateau detected at L=-2.472901e+03, not replacing live point.
15:43:04 [ultranest] [DEBUG] Plateau detected at L=-2.472901e+03, not replacing live point.
15:43:04 [ultranest] [DEBUG] Plateau detected at L=-2.472901e+03, not replacing live point.
15:43:04 [ultranest] [DEBUG] Plateau detected at L=-2.472901e+03, not replacing live point.
15:43:04 [ultranest] [DEBUG] Plateau detected at L=-2.472901e+03, not replacing live point.
15:43:04 [ultranest] [DEBUG] Plateau detected at L=-2.472901e+03, not replacing live point.
15:43:04 [ultranest] [DEBUG] Plateau detected at L=-2.472901e+03, not replacing live point.
15:43:04 [ultranest] [DEBUG] Plateau detected at L=-2.472901e+03, not replacing live point.
15:43:04 [ultranest] [DEBUG] Plateau detected at L=-2.472901e+03, not replacing live point.
15:43:04 [ultranest] [DEBUG] Plateau detected at L=-2.472901e+03, not replacing live point.
15:43:04 [ultranest] [DEBUG] Plateau detected at L=-2.472901e+03, not replacing live point.
15:43:04 [ultranest] [DEBUG] Plateau detected at L=-2.472901e+03, not replacing live point.
15:43:04 [ultranest] [DEBUG] Plateau detected at L=-2.472901e+03, not replacing live point.
15:43:04 [ultranest] [DEBUG] Plateau detected at L=-2.472901e+03, not replacing live point.
15:43:04 [ultranest] [DEBUG] Plateau detected at L=-2.472901e+03, not replacing live point.
15:43:04 [ultranest] [DEBUG] Plateau detected at L=-2.472901e+03, not replacing live point.
15:43:04 [ultranest] [DEBUG] Plateau detected at L=-2.472901e+03, not replacing live point.
15:43:04 [ultranest] [DEBUG] Plateau detected at L=-2.472901e+03, not replacing live point.
15:43:04 [ultranest] [DEBUG] Plateau detected at L=-2.472901e+03, not replacing live point.
15:43:04 [ultranest] [DEBUG] Plateau detected at L=-2.472901e+03, not replacing live point.
15:43:04 [ultranest] [DEBUG] Plateau detected at L=-2.472901e+03, not replacing live point.
15:43:04 [ultranest] [DEBUG] Plateau detected at L=-2.472901e+03, not replacing live point.
15:43:04 [ultranest] [DEBUG] Plateau detected at L=-2.472901e+03, not replacing live point.
15:43:04 [ultranest] [DEBUG] Plateau detected at L=-2.472901e+03, not replacing live point.
15:43:04 [ultranest] [DEBUG] Plateau detected at L=-2.472901e+03, not replacing live point.
15:43:04 [ultranest] [DEBUG] Plateau detected at L=-2.472901e+03, not replacing live point.
15:43:04 [ultranest] [DEBUG] Plateau detected at L=-2.472901e+03, not replacing live point.
15:43:04 [ultranest] [DEBUG] Plateau detected at L=-2.472901e+03, not replacing live point.
15:43:04 [ultranest] [DEBUG] Plateau detected at L=-2.472901e+03, not replacing live point.
15:43:04 [ultranest] [DEBUG] Plateau detected at L=-2.472901e+03, not replacing live point.
15:43:04 [ultranest] [DEBUG] Plateau detected at L=-2.472901e+03, not replacing live point.
15:43:04 [ultranest] [DEBUG] Plateau detected at L=-2.472901e+03, not replacing live point.
15:43:04 [ultranest] [DEBUG] Plateau detected at L=-2.472901e+03, not replacing live point.
15:43:04 [ultranest] [DEBUG] Plateau detected at L=-2.472901e+03, not replacing live point.
15:43:04 [ultranest] [DEBUG] Plateau detected at L=-2.472901e+03, not replacing live point.
15:43:04 [ultranest] [DEBUG] Plateau detected at L=-2.472901e+03, not replacing live point.
15:43:04 [ultranest] [DEBUG] Plateau detected at L=-2.472901e+03, not replacing live point.
15:43:04 [ultranest] [DEBUG] Plateau detected at L=-2.472901e+03, not replacing live point.
15:43:04 [ultranest] [DEBUG] Plateau detected at L=-2.472901e+03, not replacing live point.
15:43:04 [ultranest] [DEBUG] Plateau detected at L=-2.472901e+03, not replacing live point.
15:43:04 [ultranest] [DEBUG] Plateau detected at L=-2.472901e+03, not replacing live point.
15:43:04 [ultranest] [DEBUG] Plateau detected at L=-2.472901e+03, not replacing live point.
15:43:04 [ultranest] [DEBUG] Plateau detected at L=-2.472901e+03, not replacing live point.
15:43:04 [ultranest] [DEBUG] Plateau detected at L=-2.472901e+03, not replacing live point.
15:43:04 [ultranest] [DEBUG] Plateau detected at L=-2.472901e+03, not replacing live point.
15:43:04 [ultranest] [DEBUG] Plateau detected at L=-2.472901e+03, not replacing live point.
15:43:04 [ultranest] [DEBUG] Plateau detected at L=-2.472901e+03, not replacing live point.
15:43:04 [ultranest] [DEBUG] Plateau detected at L=-2.472901e+03, not replacing live point.
15:43:04 [ultranest] [DEBUG] Plateau detected at L=-2.472901e+03, not replacing live point.
15:43:04 [ultranest] [DEBUG] Plateau detected at L=-2.472901e+03, not replacing live point.
15:43:04 [ultranest] [DEBUG] Plateau detected at L=-2.472901e+03, not replacing live point.
15:43:04 [ultranest] [DEBUG] Plateau detected at L=-2.472901e+03, not replacing live point.
15:43:04 [ultranest] [DEBUG] Plateau detected at L=-2.472901e+03, not replacing live point.
15:43:04 [ultranest] [DEBUG] Plateau detected at L=-2.472901e+03, not replacing live point.
15:43:04 [ultranest] [DEBUG] Plateau detected at L=-2.472901e+03, not replacing live point.
15:43:04 [ultranest] [DEBUG] Plateau detected at L=-2.472901e+03, not replacing live point.
15:43:04 [ultranest] [DEBUG] Plateau detected at L=-2.472901e+03, not replacing live point.
15:43:04 [ultranest] [DEBUG] Plateau detected at L=-2.472901e+03, not replacing live point.
15:43:04 [ultranest] [DEBUG] Plateau detected at L=-2.472901e+03, not replacing live point.
15:43:04 [ultranest] [DEBUG] Plateau detected at L=-2.472901e+03, not replacing live point.
15:43:04 [ultranest] [DEBUG] Plateau detected at L=-2.472901e+03, not replacing live point.
15:43:04 [ultranest] [DEBUG] Plateau detected at L=-2.472901e+03, not replacing live point.
15:43:04 [ultranest] [DEBUG] Plateau detected at L=-2.472901e+03, not replacing live point.
15:43:04 [ultranest] [DEBUG] Plateau detected at L=-2.472901e+03, not replacing live point.
15:43:04 [ultranest] [DEBUG] Plateau detected at L=-2.472901e+03, not replacing live point.
15:43:04 [ultranest] [DEBUG] Plateau detected at L=-2.472901e+03, not replacing live point.
15:43:04 [ultranest] [DEBUG] Plateau detected at L=-2.472901e+03, not replacing live point.
15:43:04 [ultranest] [DEBUG] Plateau detected at L=-2.472901e+03, not replacing live point.
15:43:04 [ultranest] [DEBUG] Plateau detected at L=-2.472901e+03, not replacing live point.
15:43:04 [ultranest] [DEBUG] Plateau detected at L=-2.472901e+03, not replacing live point.
15:43:04 [ultranest] [DEBUG] Plateau detected at L=-2.472901e+03, not replacing live point.
15:43:04 [ultranest] [DEBUG] Plateau detected at L=-2.472901e+03, not replacing live point.
15:43:04 [ultranest] [DEBUG] Plateau detected at L=-2.472901e+03, not replacing live point.
15:43:04 [ultranest] [DEBUG] Plateau detected at L=-2.472901e+03, not replacing live point.
15:43:04 [ultranest] [DEBUG] Plateau detected at L=-2.472901e+03, not replacing live point.
15:43:04 [ultranest] [DEBUG] Plateau detected at L=-2.472901e+03, not replacing live point.
15:43:04 [ultranest] [DEBUG] Plateau detected at L=-2.472901e+03, not replacing live point.
15:43:04 [ultranest] [DEBUG] Plateau detected at L=-2.472901e+03, not replacing live point.
15:43:04 [ultranest] [DEBUG] Plateau detected at L=-2.472901e+03, not replacing live point.
15:43:04 [ultranest] [DEBUG] Plateau detected at L=-2.472901e+03, not replacing live point.
15:43:04 [ultranest] [DEBUG] Plateau detected at L=-2.472901e+03, not replacing live point.
15:43:04 [ultranest] [DEBUG] Plateau detected at L=-2.472901e+03, not replacing live point.
15:43:04 [ultranest] [DEBUG] Plateau detected at L=-2.472901e+03, not replacing live point.
15:43:04 [ultranest] [DEBUG] Plateau detected at L=-2.472901e+03, not replacing live point.
15:43:04 [ultranest] [DEBUG] Plateau detected at L=-2.472901e+03, not replacing live point.
15:43:04 [ultranest] [DEBUG] Plateau detected at L=-2.472901e+03, not replacing live point.
15:43:04 [ultranest] [DEBUG] Plateau detected at L=-2.472901e+03, not replacing live point.
15:43:04 [ultranest] [DEBUG] Plateau detected at L=-2.472901e+03, not replacing live point.
15:43:04 [ultranest] [DEBUG] Plateau detected at L=-2.472901e+03, not replacing live point.
15:43:04 [ultranest] [DEBUG] Plateau detected at L=-2.472901e+03, not replacing live point.
15:43:04 [ultranest] [DEBUG] Plateau detected at L=-2.472901e+03, not replacing live point.
15:43:04 [ultranest] [DEBUG] Plateau detected at L=-2.472901e+03, not replacing live point.
15:43:04 [ultranest] [DEBUG] Plateau detected at L=-2.472901e+03, not replacing live point.
15:43:04 [ultranest] [DEBUG] Plateau detected at L=-2.472901e+03, not replacing live point.
15:43:04 [ultranest] [DEBUG] Plateau detected at L=-2.472901e+03, not replacing live point.
15:43:04 [ultranest] [DEBUG] Plateau detected at L=-2.472901e+03, not replacing live point.
15:43:04 [ultranest] [DEBUG] Plateau detected at L=-2.472901e+03, not replacing live point.
15:43:04 [ultranest] [DEBUG] Plateau detected at L=-2.472901e+03, not replacing live point.
15:43:04 [ultranest] [DEBUG] Plateau detected at L=-2.472901e+03, not replacing live point.
15:43:04 [ultranest] [DEBUG] Plateau detected at L=-2.472901e+03, not replacing live point.
15:43:04 [ultranest] [DEBUG] Plateau detected at L=-2.472901e+03, not replacing live point.
15:43:04 [ultranest] [DEBUG] Plateau detected at L=-2.472901e+03, not replacing live point.
15:43:04 [ultranest] [DEBUG] Plateau detected at L=-2.472901e+03, not replacing live point.
15:43:04 [ultranest] [DEBUG] Plateau detected at L=-2.472901e+03, not replacing live point.
15:43:04 [ultranest] [DEBUG] Plateau detected at L=-2.472901e+03, not replacing live point.
15:43:04 [ultranest] [DEBUG] Plateau detected at L=-2.472901e+03, not replacing live point.
15:43:04 [ultranest] [DEBUG] Plateau detected at L=-2.472901e+03, not replacing live point.
15:43:04 [ultranest] [DEBUG] Plateau detected at L=-2.472901e+03, not replacing live point.
15:43:04 [ultranest] [DEBUG] Plateau detected at L=-2.472901e+03, not replacing live point.
15:43:04 [ultranest] [DEBUG] Plateau detected at L=-2.472901e+03, not replacing live point.
15:43:04 [ultranest] [DEBUG] Plateau detected at L=-2.472901e+03, not replacing live point.
15:43:04 [ultranest] [DEBUG] Plateau detected at L=-2.472901e+03, not replacing live point.
15:43:04 [ultranest] [DEBUG] Plateau detected at L=-2.472901e+03, not replacing live point.
15:43:04 [ultranest] [DEBUG] Plateau detected at L=-2.472901e+03, not replacing live point.
15:43:04 [ultranest] [DEBUG] Plateau detected at L=-2.472901e+03, not replacing live point.
15:43:04 [ultranest] [DEBUG] Plateau detected at L=-2.472901e+03, not replacing live point.
15:43:04 [ultranest] [DEBUG] Plateau detected at L=-2.472901e+03, not replacing live point.
15:43:04 [ultranest] [DEBUG] Plateau detected at L=-2.472901e+03, not replacing live point.
15:43:04 [ultranest] [DEBUG] Plateau detected at L=-2.472901e+03, not replacing live point.
15:43:04 [ultranest] [DEBUG] Plateau detected at L=-2.472901e+03, not replacing live point.
15:43:04 [ultranest] [DEBUG] Plateau detected at L=-2.472901e+03, not replacing live point.
15:43:04 [ultranest] [DEBUG] Plateau detected at L=-2.472901e+03, not replacing live point.
15:43:04 [ultranest] [DEBUG] Plateau detected at L=-2.472901e+03, not replacing live point.
15:43:04 [ultranest] [DEBUG] Plateau detected at L=-2.472901e+03, not replacing live point.
15:43:04 [ultranest] [DEBUG] Plateau detected at L=-2.472901e+03, not replacing live point.
15:43:04 [ultranest] [DEBUG] Plateau detected at L=-2.472901e+03, not replacing live point.
15:43:04 [ultranest] [DEBUG] Plateau detected at L=-2.472901e+03, not replacing live point.
15:43:04 [ultranest] [DEBUG] Plateau detected at L=-2.472901e+03, not replacing live point.
15:43:04 [ultranest] [DEBUG] Plateau detected at L=-2.472901e+03, not replacing live point.
15:43:04 [ultranest] [DEBUG] Plateau detected at L=-2.472901e+03, not replacing live point.
15:43:04 [ultranest] [DEBUG] Plateau detected at L=-2.472901e+03, not replacing live point.
15:43:04 [ultranest] [DEBUG] Plateau detected at L=-2.472901e+03, not replacing live point.
15:43:04 [ultranest] [DEBUG] Plateau detected at L=-2.472901e+03, not replacing live point.
15:43:04 [ultranest] [DEBUG] Plateau detected at L=-2.472901e+03, not replacing live point.
15:43:04 [ultranest] [DEBUG] Plateau detected at L=-2.472901e+03, not replacing live point.
15:43:04 [ultranest] [DEBUG] Plateau detected at L=-2.472901e+03, not replacing live point.
15:43:04 [ultranest] [DEBUG] Plateau detected at L=-2.472901e+03, not replacing live point.
15:43:04 [ultranest] [DEBUG] Plateau detected at L=-2.472901e+03, not replacing live point.
15:43:04 [ultranest] [DEBUG] Plateau detected at L=-2.472901e+03, not replacing live point.
15:43:04 [ultranest] [DEBUG] Plateau detected at L=-2.472901e+03, not replacing live point.
15:43:04 [ultranest] [DEBUG] Plateau detected at L=-2.472901e+03, not replacing live point.
15:43:04 [ultranest] [DEBUG] iteration=233, ncalls=446, regioncalls=1840, ndraw=40, logz=-2473.76, remainder_fraction=100.0000%, Lmin=-2472.90, Lmax=-102.10
15:43:04 [ultranest] [DEBUG] Plateau detected at L=-2.472901e+03, not replacing live point.
15:43:04 [ultranest] [DEBUG] Plateau detected at L=-2.472901e+03, not replacing live point.
15:43:04 [ultranest] [DEBUG] Plateau detected at L=-2.472901e+03, not replacing live point.
15:43:04 [ultranest] [DEBUG] Plateau detected at L=-2.472901e+03, not replacing live point.
15:43:04 [ultranest] [DEBUG] iteration=238, ncalls=448, regioncalls=1920, ndraw=40, logz=-2473.73, remainder_fraction=100.0000%, Lmin=-2472.90, Lmax=-102.10
15:43:04 [ultranest] [DEBUG] iteration=240, ncalls=450, regioncalls=2000, ndraw=40, logz=-2473.72, remainder_fraction=100.0000%, Lmin=-2472.90, Lmax=-102.10
15:43:04 [ultranest] [DEBUG] iteration=264, ncalls=482, regioncalls=3280, ndraw=40, logz=-2473.62, remainder_fraction=100.0000%, Lmin=-2472.90, Lmax=-102.10
15:43:05 [ultranest] [DEBUG] iteration=280, ncalls=507, regioncalls=4280, ndraw=40, logz=-2473.56, remainder_fraction=100.0000%, Lmin=-2472.90, Lmax=-102.10
15:43:05 [ultranest] [DEBUG] iteration=299, ncalls=539, regioncalls=5560, ndraw=40, logz=-2473.49, remainder_fraction=100.0000%, Lmin=-2472.90, Lmax=-102.10
15:43:05 [ultranest] [DEBUG] iteration=319, ncalls=578, regioncalls=7120, ndraw=40, logz=-2473.44, remainder_fraction=100.0000%, Lmin=-2472.90, Lmax=-102.10
15:43:05 [ultranest] [DEBUG] iteration=320, ncalls=579, regioncalls=7160, ndraw=40, logz=-2473.44, remainder_fraction=100.0000%, Lmin=-2472.90, Lmax=-102.10
15:43:05 [ultranest] [DEBUG] iteration=341, ncalls=612, regioncalls=8480, ndraw=40, logz=-2473.39, remainder_fraction=100.0000%, Lmin=-2472.90, Lmax=-102.10
15:43:05 [ultranest] [DEBUG] iteration=360, ncalls=645, regioncalls=9800, ndraw=40, logz=-2473.35, remainder_fraction=100.0000%, Lmin=-2472.89, Lmax=-102.10
15:43:05 [ultranest] [DEBUG] iteration=379, ncalls=684, regioncalls=11360, ndraw=40, logz=-2473.31, remainder_fraction=100.0000%, Lmin=-2472.87, Lmax=-102.10
15:43:05 [ultranest] [DEBUG] iteration=398, ncalls=722, regioncalls=12880, ndraw=40, logz=-2473.28, remainder_fraction=100.0000%, Lmin=-2472.77, Lmax=-102.10
15:43:05 [ultranest] [DEBUG] iteration=400, ncalls=725, regioncalls=13000, ndraw=40, logz=-2473.28, remainder_fraction=100.0000%, Lmin=-2472.72, Lmax=-102.10
15:43:05 [ultranest] [DEBUG] iteration=423, ncalls=765, regioncalls=14600, ndraw=40, logz=-2473.23, remainder_fraction=100.0000%, Lmin=-2472.31, Lmax=-102.10
15:43:05 [ultranest] [DEBUG] iteration=439, ncalls=804, regioncalls=16160, ndraw=40, logz=-2473.19, remainder_fraction=100.0000%, Lmin=-2471.81, Lmax=-102.10
15:43:05 [ultranest] [DEBUG] iteration=440, ncalls=807, regioncalls=16280, ndraw=40, logz=-2473.18, remainder_fraction=100.0000%, Lmin=-2471.80, Lmax=-102.10
15:43:05 [ultranest] [DEBUG] iteration=460, ncalls=851, regioncalls=18040, ndraw=40, logz=-2473.05, remainder_fraction=100.0000%, Lmin=-2470.47, Lmax=-102.10
15:43:06 [ultranest] [DEBUG] iteration=477, ncalls=887, regioncalls=19480, ndraw=40, logz=-2472.61, remainder_fraction=100.0000%, Lmin=-2467.68, Lmax=-102.10
15:43:06 [ultranest] [DEBUG] iteration=480, ncalls=897, regioncalls=19880, ndraw=40, logz=-2472.34, remainder_fraction=100.0000%, Lmin=-2467.55, Lmax=-102.10
15:43:06 [ultranest] [DEBUG] iteration=501, ncalls=935, regioncalls=21400, ndraw=40, logz=-2468.09, remainder_fraction=100.0000%, Lmin=-2462.19, Lmax=-102.10
15:43:06 [ultranest] [DEBUG] iteration=520, ncalls=974, regioncalls=22960, ndraw=40, logz=-2462.77, remainder_fraction=100.0000%, Lmin=-2454.44, Lmax=-102.10
15:43:06 [ultranest] [DEBUG] iteration=539, ncalls=1008, regioncalls=24320, ndraw=40, logz=-2443.57, remainder_fraction=100.0000%, Lmin=-2436.32, Lmax=-102.10
15:43:06 [ultranest] [DEBUG] iteration=560, ncalls=1047, regioncalls=25880, ndraw=40, logz=-2423.11, remainder_fraction=100.0000%, Lmin=-2414.76, Lmax=-102.10
15:43:06 [ultranest] [DEBUG] iteration=576, ncalls=1090, regioncalls=27600, ndraw=40, logz=-2403.49, remainder_fraction=100.0000%, Lmin=-2394.65, Lmax=-102.10
15:43:06 [ultranest] [DEBUG] iteration=600, ncalls=1124, regioncalls=28960, ndraw=40, logz=-2354.85, remainder_fraction=100.0000%, Lmin=-2341.17, Lmax=-102.10
15:43:06 [ultranest] [DEBUG] iteration=616, ncalls=1166, regioncalls=30640, ndraw=40, logz=-2315.80, remainder_fraction=100.0000%, Lmin=-2307.33, Lmax=-102.10
15:43:06 [ultranest] [DEBUG] iteration=631, ncalls=1207, regioncalls=32280, ndraw=40, logz=-2278.77, remainder_fraction=100.0000%, Lmin=-2269.81, Lmax=-102.10
15:43:06 [ultranest] [DEBUG] iteration=640, ncalls=1224, regioncalls=32960, ndraw=40, logz=-2254.58, remainder_fraction=100.0000%, Lmin=-2245.99, Lmax=-102.10
15:43:07 [ultranest] [DEBUG] iteration=661, ncalls=1259, regioncalls=34360, ndraw=40, logz=-2160.13, remainder_fraction=100.0000%, Lmin=-2149.68, Lmax=-102.10
15:43:07 [ultranest] [DEBUG] iteration=680, ncalls=1294, regioncalls=35760, ndraw=40, logz=-2071.62, remainder_fraction=100.0000%, Lmin=-2060.50, Lmax=-102.10
15:43:07 [ultranest] [DEBUG] iteration=700, ncalls=1337, regioncalls=37480, ndraw=40, logz=-1987.83, remainder_fraction=100.0000%, Lmin=-1977.57, Lmax=-102.10
15:43:07 [ultranest] [DEBUG] iteration=708, ncalls=1356, regioncalls=38240, ndraw=40, logz=-1977.40, remainder_fraction=100.0000%, Lmin=-1968.19, Lmax=-102.10
15:43:07 [ultranest] [DEBUG] iteration=720, ncalls=1389, regioncalls=39600, ndraw=40, logz=-1917.65, remainder_fraction=100.0000%, Lmin=-1905.63, Lmax=-102.10
15:43:07 [ultranest] [DEBUG] iteration=741, ncalls=1429, regioncalls=41240, ndraw=40, logz=-1789.57, remainder_fraction=100.0000%, Lmin=-1771.36, Lmax=-102.10
15:43:07 [ultranest] [DEBUG] iteration=755, ncalls=1472, regioncalls=42960, ndraw=40, logz=-1685.67, remainder_fraction=100.0000%, Lmin=-1674.95, Lmax=-102.10
15:43:07 [ultranest] [DEBUG] iteration=760, ncalls=1477, regioncalls=43200, ndraw=40, logz=-1655.89, remainder_fraction=100.0000%, Lmin=-1641.91, Lmax=-102.10
15:43:07 [ultranest] [DEBUG] iteration=779, ncalls=1511, regioncalls=44560, ndraw=40, logz=-1585.53, remainder_fraction=100.0000%, Lmin=-1575.65, Lmax=-102.10
15:43:07 [ultranest] [DEBUG] iteration=796, ncalls=1555, regioncalls=46320, ndraw=40, logz=-1481.32, remainder_fraction=100.0000%, Lmin=-1465.84, Lmax=-102.10
15:43:07 [ultranest] [DEBUG] iteration=800, ncalls=1561, regioncalls=46560, ndraw=40, logz=-1455.60, remainder_fraction=100.0000%, Lmin=-1442.77, Lmax=-102.10
15:43:07 [ultranest] [DEBUG] iteration=817, ncalls=1598, regioncalls=48040, ndraw=40, logz=-1357.94, remainder_fraction=100.0000%, Lmin=-1334.87, Lmax=-102.10
15:43:08 [ultranest] [DEBUG] iteration=834, ncalls=1641, regioncalls=49760, ndraw=40, logz=-1278.11, remainder_fraction=100.0000%, Lmin=-1247.68, Lmax=-102.10
15:43:08 [ultranest] [DEBUG] iteration=840, ncalls=1649, regioncalls=50080, ndraw=40, logz=-1241.25, remainder_fraction=100.0000%, Lmin=-1231.59, Lmax=-102.10
15:43:08 [ultranest] [DEBUG] iteration=855, ncalls=1687, regioncalls=51600, ndraw=40, logz=-1165.66, remainder_fraction=100.0000%, Lmin=-1151.01, Lmax=-102.10
15:43:08 [ultranest] [DEBUG] iteration=869, ncalls=1739, regioncalls=53680, ndraw=40, logz=-1119.68, remainder_fraction=100.0000%, Lmin=-1102.85, Lmax=-102.10
15:43:08 [ultranest] [DEBUG] iteration=880, ncalls=1774, regioncalls=55080, ndraw=40, logz=-1078.56, remainder_fraction=100.0000%, Lmin=-1068.40, Lmax=-102.10
15:43:08 [ultranest] [DEBUG] iteration=892, ncalls=1826, regioncalls=57160, ndraw=40, logz=-1032.46, remainder_fraction=100.0000%, Lmin=-1017.88, Lmax=-102.10
15:43:08 [ultranest] [DEBUG] iteration=908, ncalls=1867, regioncalls=58800, ndraw=40, logz=-975.19, remainder_fraction=100.0000%, Lmin=-965.42, Lmax=-102.10
15:43:08 [ultranest] [DEBUG] iteration=920, ncalls=1908, regioncalls=60440, ndraw=40, logz=-922.73, remainder_fraction=100.0000%, Lmin=-911.08, Lmax=-102.10
15:43:08 [ultranest] [DEBUG] iteration=933, ncalls=1960, regioncalls=62520, ndraw=40, logz=-882.24, remainder_fraction=100.0000%, Lmin=-872.86, Lmax=-102.10
15:43:08 [ultranest] [DEBUG] clustering found some stray points [need_accept=False] (array([1, 2]), array([206,   1]))
15:43:08 [ultranest] [DEBUG] iteration=944, ncalls=2008, regioncalls=64440, ndraw=40, logz=-847.25, remainder_fraction=100.0000%, Lmin=-835.40, Lmax=-102.10
15:43:08 [ultranest] [DEBUG] iteration=959, ncalls=2047, regioncalls=66000, ndraw=40, logz=-812.18, remainder_fraction=100.0000%, Lmin=-802.37, Lmax=-102.10
15:43:08 [ultranest] [DEBUG] iteration=960, ncalls=2049, regioncalls=66080, ndraw=40, logz=-811.37, remainder_fraction=100.0000%, Lmin=-801.97, Lmax=-102.10
15:43:09 [ultranest] [DEBUG] iteration=972, ncalls=2097, regioncalls=68000, ndraw=40, logz=-787.03, remainder_fraction=100.0000%, Lmin=-777.55, Lmax=-102.10
15:43:09 [ultranest] [DEBUG] iteration=984, ncalls=2140, regioncalls=69720, ndraw=40, logz=-765.78, remainder_fraction=100.0000%, Lmin=-756.27, Lmax=-102.10
15:43:09 [ultranest] [DEBUG] iteration=992, ncalls=2184, regioncalls=71480, ndraw=40, logz=-757.21, remainder_fraction=100.0000%, Lmin=-746.80, Lmax=-101.72
15:43:09 [ultranest] [DEBUG] iteration=1000, ncalls=2203, regioncalls=72240, ndraw=40, logz=-750.85, remainder_fraction=100.0000%, Lmin=-740.74, Lmax=-101.72
15:43:09 [ultranest] [DEBUG] iteration=1017, ncalls=2254, regioncalls=74280, ndraw=40, logz=-722.48, remainder_fraction=100.0000%, Lmin=-710.56, Lmax=-101.72
15:43:09 [ultranest] [DEBUG] iteration=1028, ncalls=2316, regioncalls=76760, ndraw=40, logz=-697.64, remainder_fraction=100.0000%, Lmin=-684.95, Lmax=-101.72
15:43:09 [ultranest] [DEBUG] iteration=1037, ncalls=2366, regioncalls=78760, ndraw=40, logz=-674.67, remainder_fraction=100.0000%, Lmin=-662.66, Lmax=-87.62
15:43:09 [ultranest] [DEBUG] iteration=1040, ncalls=2380, regioncalls=79360, ndraw=40, logz=-669.50, remainder_fraction=100.0000%, Lmin=-659.04, Lmax=-87.62
15:43:09 [ultranest] [DEBUG] iteration=1055, ncalls=2419, regioncalls=80960, ndraw=40, logz=-640.09, remainder_fraction=100.0000%, Lmin=-625.86, Lmax=-87.62
15:43:09 [ultranest] [DEBUG] iteration=1073, ncalls=2463, regioncalls=82720, ndraw=40, logz=-610.28, remainder_fraction=100.0000%, Lmin=-600.89, Lmax=-87.62
15:43:09 [ultranest] [DEBUG] iteration=1080, ncalls=2476, regioncalls=83240, ndraw=40, logz=-601.35, remainder_fraction=100.0000%, Lmin=-590.79, Lmax=-87.62
15:43:10 [ultranest] [DEBUG] iteration=1090, ncalls=2517, regioncalls=84880, ndraw=40, logz=-591.81, remainder_fraction=100.0000%, Lmin=-580.89, Lmax=-87.62
15:43:10 [ultranest] [DEBUG] iteration=1103, ncalls=2561, regioncalls=86640, ndraw=40, logz=-579.09, remainder_fraction=100.0000%, Lmin=-565.03, Lmax=-87.62
15:43:10 [ultranest] [DEBUG] iteration=1120, ncalls=2606, regioncalls=88440, ndraw=40, logz=-544.06, remainder_fraction=100.0000%, Lmin=-532.75, Lmax=-87.62
15:43:10 [ultranest] [DEBUG] iteration=1135, ncalls=2647, regioncalls=90080, ndraw=40, logz=-506.86, remainder_fraction=100.0000%, Lmin=-495.81, Lmax=-87.62
15:43:10 [ultranest] [DEBUG] iteration=1151, ncalls=2690, regioncalls=91800, ndraw=40, logz=-472.71, remainder_fraction=100.0000%, Lmin=-458.96, Lmax=-87.62
15:43:10 [ultranest] [DEBUG] iteration=1160, ncalls=2717, regioncalls=92880, ndraw=40, logz=-456.99, remainder_fraction=100.0000%, Lmin=-444.93, Lmax=-87.62
15:43:10 [ultranest] [DEBUG] iteration=1174, ncalls=2772, regioncalls=95080, ndraw=40, logz=-441.05, remainder_fraction=100.0000%, Lmin=-430.63, Lmax=-87.62
15:43:10 [ultranest] [DEBUG] iteration=1183, ncalls=2808, regioncalls=96520, ndraw=40, logz=-432.86, remainder_fraction=100.0000%, Lmin=-423.00, Lmax=-87.62
15:43:10 [ultranest] [DEBUG] iteration=1192, ncalls=2858, regioncalls=98520, ndraw=40, logz=-427.67, remainder_fraction=100.0000%, Lmin=-417.25, Lmax=-87.62
15:43:10 [ultranest] [DEBUG] iteration=1200, ncalls=2884, regioncalls=99560, ndraw=40, logz=-423.00, remainder_fraction=100.0000%, Lmin=-412.63, Lmax=-87.62
15:43:11 [ultranest] [DEBUG] iteration=1210, ncalls=2933, regioncalls=101520, ndraw=40, logz=-416.69, remainder_fraction=100.0000%, Lmin=-406.31, Lmax=-87.62
15:43:11 [ultranest] [DEBUG] iteration=1223, ncalls=2981, regioncalls=103440, ndraw=40, logz=-405.68, remainder_fraction=100.0000%, Lmin=-394.48, Lmax=-87.62
15:43:11 [ultranest] [DEBUG] iteration=1225, ncalls=2985, regioncalls=103640, ndraw=40, logz=-403.66, remainder_fraction=100.0000%, Lmin=-389.65, Lmax=-87.62
15:43:11 [ultranest] [DEBUG] iteration=1240, ncalls=3027, regioncalls=105320, ndraw=40, logz=-382.24, remainder_fraction=100.0000%, Lmin=-370.04, Lmax=-84.19
15:43:11 [ultranest] [DEBUG] iteration=1255, ncalls=3071, regioncalls=107080, ndraw=40, logz=-356.99, remainder_fraction=100.0000%, Lmin=-341.10, Lmax=-84.19
15:43:11 [ultranest] [DEBUG] iteration=1272, ncalls=3113, regioncalls=108760, ndraw=40, logz=-336.05, remainder_fraction=100.0000%, Lmin=-325.62, Lmax=-84.19
15:43:11 [ultranest] [DEBUG] iteration=1280, ncalls=3149, regioncalls=110200, ndraw=40, logz=-328.17, remainder_fraction=100.0000%, Lmin=-317.42, Lmax=-84.19
15:43:11 [ultranest] [DEBUG] iteration=1296, ncalls=3196, regioncalls=112080, ndraw=40, logz=-314.61, remainder_fraction=100.0000%, Lmin=-303.65, Lmax=-84.19
15:43:11 [ultranest] [DEBUG] iteration=1313, ncalls=3243, regioncalls=113960, ndraw=40, logz=-300.68, remainder_fraction=100.0000%, Lmin=-289.99, Lmax=-84.19
15:43:11 [ultranest] [DEBUG] iteration=1320, ncalls=3272, regioncalls=115120, ndraw=40, logz=-296.62, remainder_fraction=100.0000%, Lmin=-285.35, Lmax=-84.19
15:43:11 [ultranest] [DEBUG] iteration=1333, ncalls=3317, regioncalls=116920, ndraw=40, logz=-284.64, remainder_fraction=100.0000%, Lmin=-273.56, Lmax=-84.19
15:43:12 [ultranest] [DEBUG] iteration=1344, ncalls=3367, regioncalls=118920, ndraw=40, logz=-278.29, remainder_fraction=100.0000%, Lmin=-265.73, Lmax=-84.19
15:43:12 [ultranest] [DEBUG] iteration=1359, ncalls=3422, regioncalls=121120, ndraw=40, logz=-268.96, remainder_fraction=100.0000%, Lmin=-258.21, Lmax=-84.19
15:43:12 [ultranest] [DEBUG] iteration=1360, ncalls=3423, regioncalls=121160, ndraw=40, logz=-268.58, remainder_fraction=100.0000%, Lmin=-257.79, Lmax=-84.19
15:43:12 [ultranest] [DEBUG] iteration=1366, ncalls=3452, regioncalls=122360, ndraw=40, logz=-264.84, remainder_fraction=100.0000%, Lmin=-251.83, Lmax=-84.19
15:43:12 [ultranest] [DEBUG] iteration=1381, ncalls=3492, regioncalls=124080, ndraw=40, logz=-249.91, remainder_fraction=100.0000%, Lmin=-238.14, Lmax=-81.03
15:43:12 [ultranest] [DEBUG] iteration=1399, ncalls=3534, regioncalls=125760, ndraw=40, logz=-236.87, remainder_fraction=100.0000%, Lmin=-225.85, Lmax=-81.03
15:43:12 [ultranest] [DEBUG] iteration=1400, ncalls=3536, regioncalls=125840, ndraw=40, logz=-236.46, remainder_fraction=100.0000%, Lmin=-225.79, Lmax=-81.03
15:43:12 [ultranest] [DEBUG] iteration=1413, ncalls=3575, regioncalls=127440, ndraw=40, logz=-229.03, remainder_fraction=100.0000%, Lmin=-218.23, Lmax=-81.03
15:43:12 [ultranest] [DEBUG] iteration=1432, ncalls=3616, regioncalls=129080, ndraw=40, logz=-219.94, remainder_fraction=100.0000%, Lmin=-209.20, Lmax=-81.03
15:43:12 [ultranest] [DEBUG] iteration=1440, ncalls=3637, regioncalls=129920, ndraw=40, logz=-218.01, remainder_fraction=100.0000%, Lmin=-207.99, Lmax=-81.03
15:43:12 [ultranest] [DEBUG] iteration=1460, ncalls=3680, regioncalls=131640, ndraw=40, logz=-210.20, remainder_fraction=100.0000%, Lmin=-198.60, Lmax=-81.03
15:43:12 [ultranest] [DEBUG] iteration=1474, ncalls=3717, regioncalls=133120, ndraw=40, logz=-201.26, remainder_fraction=100.0000%, Lmin=-189.56, Lmax=-81.03
15:43:12 [ultranest] [DEBUG] iteration=1480, ncalls=3739, regioncalls=134000, ndraw=40, logz=-198.27, remainder_fraction=100.0000%, Lmin=-186.77, Lmax=-81.03
15:43:13 [ultranest] [DEBUG] iteration=1495, ncalls=3791, regioncalls=136080, ndraw=40, logz=-193.05, remainder_fraction=100.0000%, Lmin=-182.16, Lmax=-77.84
15:43:13 [ultranest] [DEBUG] iteration=1507, ncalls=3821, regioncalls=137320, ndraw=40, logz=-189.83, remainder_fraction=100.0000%, Lmin=-178.85, Lmax=-77.84
15:43:13 [ultranest] [DEBUG] iteration=1517, ncalls=3862, regioncalls=139000, ndraw=40, logz=-186.30, remainder_fraction=100.0000%, Lmin=-174.10, Lmax=-77.84
15:43:13 [ultranest] [DEBUG] iteration=1520, ncalls=3870, regioncalls=139320, ndraw=40, logz=-184.27, remainder_fraction=100.0000%, Lmin=-172.60, Lmax=-77.84
15:43:13 [ultranest] [DEBUG] iteration=1531, ncalls=3912, regioncalls=141040, ndraw=40, logz=-179.96, remainder_fraction=100.0000%, Lmin=-168.75, Lmax=-77.14
15:43:13 [ultranest] [DEBUG] iteration=1544, ncalls=3959, regioncalls=142960, ndraw=40, logz=-175.96, remainder_fraction=100.0000%, Lmin=-164.21, Lmax=-77.14
15:43:13 [ultranest] [DEBUG] iteration=1560, ncalls=3994, regioncalls=144360, ndraw=40, logz=-171.58, remainder_fraction=100.0000%, Lmin=-160.52, Lmax=-77.14
15:43:13 [ultranest] [DEBUG] iteration=1572, ncalls=4035, regioncalls=146000, ndraw=40, logz=-168.59, remainder_fraction=100.0000%, Lmin=-156.15, Lmax=-77.14
15:43:13 [ultranest] [DEBUG] iteration=1584, ncalls=4087, regioncalls=148080, ndraw=40, logz=-162.38, remainder_fraction=100.0000%, Lmin=-150.56, Lmax=-77.14
15:43:13 [ultranest] [DEBUG] iteration=1597, ncalls=4134, regioncalls=149960, ndraw=40, logz=-158.51, remainder_fraction=100.0000%, Lmin=-146.78, Lmax=-77.14
15:43:13 [ultranest] [DEBUG] iteration=1600, ncalls=4139, regioncalls=150160, ndraw=40, logz=-157.60, remainder_fraction=100.0000%, Lmin=-146.28, Lmax=-77.14
15:43:13 [ultranest] [DEBUG] iteration=1601, ncalls=4141, regioncalls=150280, ndraw=40, logz=-157.37, remainder_fraction=100.0000%, Lmin=-145.58, Lmax=-77.14
15:43:14 [ultranest] [DEBUG] iteration=1614, ncalls=4181, regioncalls=151880, ndraw=40, logz=-154.21, remainder_fraction=100.0000%, Lmin=-143.40, Lmax=-77.14
15:43:14 [ultranest] [DEBUG] iteration=1632, ncalls=4223, regioncalls=153560, ndraw=40, logz=-150.34, remainder_fraction=100.0000%, Lmin=-138.86, Lmax=-77.14
15:43:14 [ultranest] [DEBUG] iteration=1640, ncalls=4263, regioncalls=155160, ndraw=40, logz=-148.69, remainder_fraction=100.0000%, Lmin=-137.35, Lmax=-77.14
15:43:14 [ultranest] [DEBUG] iteration=1648, ncalls=4289, regioncalls=156280, ndraw=40, logz=-147.57, remainder_fraction=100.0000%, Lmin=-136.48, Lmax=-77.14
15:43:14 [ultranest] [DEBUG] iteration=1662, ncalls=4329, regioncalls=157880, ndraw=40, logz=-144.80, remainder_fraction=100.0000%, Lmin=-133.02, Lmax=-77.14
15:43:14 [ultranest] [DEBUG] iteration=1674, ncalls=4375, regioncalls=159720, ndraw=40, logz=-142.19, remainder_fraction=100.0000%, Lmin=-130.91, Lmax=-77.14
15:43:14 [ultranest] [DEBUG] iteration=1680, ncalls=4402, regioncalls=160800, ndraw=40, logz=-141.05, remainder_fraction=100.0000%, Lmin=-129.45, Lmax=-77.14
15:43:14 [ultranest] [DEBUG] iteration=1698, ncalls=4446, regioncalls=162560, ndraw=40, logz=-137.87, remainder_fraction=100.0000%, Lmin=-126.54, Lmax=-77.14
15:43:14 [ultranest] [DEBUG] iteration=1711, ncalls=4489, regioncalls=164280, ndraw=40, logz=-136.18, remainder_fraction=100.0000%, Lmin=-124.91, Lmax=-77.14
15:43:14 [ultranest] [DEBUG] iteration=1720, ncalls=4509, regioncalls=165080, ndraw=40, logz=-134.44, remainder_fraction=100.0000%, Lmin=-122.88, Lmax=-77.14
15:43:14 [ultranest] [DEBUG] iteration=1731, ncalls=4566, regioncalls=167360, ndraw=40, logz=-132.92, remainder_fraction=100.0000%, Lmin=-121.83, Lmax=-77.14
15:43:15 [ultranest] [DEBUG] iteration=1742, ncalls=4608, regioncalls=169040, ndraw=40, logz=-131.90, remainder_fraction=100.0000%, Lmin=-121.04, Lmax=-77.14
15:43:15 [ultranest] [DEBUG] iteration=1751, ncalls=4652, regioncalls=170800, ndraw=40, logz=-131.13, remainder_fraction=100.0000%, Lmin=-119.79, Lmax=-77.14
15:43:15 [ultranest] [DEBUG] iteration=1756, ncalls=4702, regioncalls=172800, ndraw=40, logz=-130.55, remainder_fraction=100.0000%, Lmin=-119.09, Lmax=-77.14
15:43:15 [ultranest] [DEBUG] iteration=1760, ncalls=4716, regioncalls=173360, ndraw=40, logz=-130.05, remainder_fraction=100.0000%, Lmin=-118.67, Lmax=-76.50
15:43:15 [ultranest] [DEBUG] iteration=1774, ncalls=4764, regioncalls=175280, ndraw=40, logz=-128.45, remainder_fraction=100.0000%, Lmin=-117.13, Lmax=-76.50
15:43:15 [ultranest] [DEBUG] iteration=1786, ncalls=4820, regioncalls=177520, ndraw=40, logz=-127.34, remainder_fraction=100.0000%, Lmin=-116.10, Lmax=-76.50
15:43:15 [ultranest] [DEBUG] iteration=1793, ncalls=4871, regioncalls=179560, ndraw=40, logz=-126.61, remainder_fraction=100.0000%, Lmin=-115.06, Lmax=-76.50
15:43:15 [ultranest] [DEBUG] iteration=1800, ncalls=4905, regioncalls=180920, ndraw=40, logz=-125.76, remainder_fraction=100.0000%, Lmin=-113.84, Lmax=-76.50
15:43:15 [ultranest] [DEBUG] iteration=1810, ncalls=4955, regioncalls=182920, ndraw=40, logz=-124.56, remainder_fraction=100.0000%, Lmin=-113.29, Lmax=-76.50
15:43:15 [ultranest] [DEBUG] iteration=1823, ncalls=5004, regioncalls=184880, ndraw=40, logz=-123.09, remainder_fraction=100.0000%, Lmin=-111.60, Lmax=-75.24
15:43:15 [ultranest] [DEBUG] iteration=1831, ncalls=5056, regioncalls=186960, ndraw=40, logz=-122.31, remainder_fraction=100.0000%, Lmin=-110.92, Lmax=-75.24
15:43:16 [ultranest] [DEBUG] iteration=1840, ncalls=5111, regioncalls=189160, ndraw=40, logz=-121.64, remainder_fraction=100.0000%, Lmin=-110.56, Lmax=-75.24
15:43:16 [ultranest] [DEBUG] iteration=1844, ncalls=5159, regioncalls=191080, ndraw=40, logz=-121.36, remainder_fraction=100.0000%, Lmin=-110.07, Lmax=-75.24
15:43:16 [ultranest] [DEBUG] iteration=1849, ncalls=5221, regioncalls=193560, ndraw=40, logz=-120.99, remainder_fraction=100.0000%, Lmin=-109.64, Lmax=-75.24
15:43:16 [ultranest] [DEBUG] iteration=1860, ncalls=5273, regioncalls=195640, ndraw=40, logz=-120.27, remainder_fraction=100.0000%, Lmin=-109.10, Lmax=-75.24
15:43:16 [ultranest] [DEBUG] iteration=1866, ncalls=5326, regioncalls=197760, ndraw=40, logz=-119.91, remainder_fraction=100.0000%, Lmin=-108.65, Lmax=-75.24
15:43:16 [ultranest] [DEBUG] iteration=1874, ncalls=5377, regioncalls=199800, ndraw=40, logz=-119.38, remainder_fraction=100.0000%, Lmin=-107.91, Lmax=-75.24
15:43:16 [ultranest] [DEBUG] iteration=1880, ncalls=5423, regioncalls=201640, ndraw=40, logz=-118.94, remainder_fraction=100.0000%, Lmin=-107.47, Lmax=-75.24
15:43:16 [ultranest] [DEBUG] iteration=1890, ncalls=5476, regioncalls=203760, ndraw=40, logz=-118.21, remainder_fraction=100.0000%, Lmin=-106.54, Lmax=-75.24
15:43:16 [ultranest] [DEBUG] iteration=1898, ncalls=5533, regioncalls=206040, ndraw=40, logz=-117.62, remainder_fraction=100.0000%, Lmin=-106.17, Lmax=-75.24
15:43:17 [ultranest] [DEBUG] iteration=1908, ncalls=5591, regioncalls=208360, ndraw=40, logz=-116.91, remainder_fraction=100.0000%, Lmin=-105.30, Lmax=-75.24
15:43:17 [ultranest] [DEBUG] iteration=1915, ncalls=5645, regioncalls=210520, ndraw=40, logz=-116.36, remainder_fraction=100.0000%, Lmin=-104.76, Lmax=-75.24
15:43:17 [ultranest] [DEBUG] iteration=1920, ncalls=5694, regioncalls=212480, ndraw=40, logz=-116.02, remainder_fraction=100.0000%, Lmin=-104.41, Lmax=-75.24
15:43:17 [ultranest] [DEBUG] iteration=1930, ncalls=5743, regioncalls=214520, ndraw=40, logz=-115.33, remainder_fraction=100.0000%, Lmin=-103.66, Lmax=-75.24
15:43:17 [ultranest] [DEBUG] iteration=1936, ncalls=5798, regioncalls=216720, ndraw=40, logz=-114.94, remainder_fraction=100.0000%, Lmin=-103.45, Lmax=-75.24
15:43:17 [ultranest] [DEBUG] iteration=1942, ncalls=5856, regioncalls=219040, ndraw=40, logz=-114.61, remainder_fraction=100.0000%, Lmin=-103.22, Lmax=-75.24
15:43:17 [ultranest] [DEBUG] iteration=1950, ncalls=5908, regioncalls=221120, ndraw=40, logz=-114.21, remainder_fraction=100.0000%, Lmin=-102.82, Lmax=-75.24
15:43:17 [ultranest] [DEBUG] iteration=1959, ncalls=5961, regioncalls=223240, ndraw=40, logz=-113.79, remainder_fraction=100.0000%, Lmin=-102.48, Lmax=-75.24
15:43:17 [ultranest] [DEBUG] iteration=1960, ncalls=5966, regioncalls=223440, ndraw=40, logz=-113.74, remainder_fraction=100.0000%, Lmin=-102.32, Lmax=-75.24
15:43:17 [ultranest] [DEBUG] iteration=1972, ncalls=6017, regioncalls=225480, ndraw=40, logz=-113.22, remainder_fraction=100.0000%, Lmin=-101.98, Lmax=-75.24
15:43:18 [ultranest] [DEBUG] iteration=1977, ncalls=6046, regioncalls=226680, ndraw=40, logz=-113.03, remainder_fraction=100.0000%, Lmin=-101.79, Lmax=-75.24
15:43:18 [ultranest] [DEBUG] iteration=1988, ncalls=6085, regioncalls=228240, ndraw=40, logz=-112.65, remainder_fraction=100.0000%, Lmin=-101.44, Lmax=-75.24
15:43:18 [ultranest] [DEBUG] iteration=2000, ncalls=6124, regioncalls=229800, ndraw=40, logz=-112.25, remainder_fraction=100.0000%, Lmin=-100.88, Lmax=-75.24
15:43:18 [ultranest] [DEBUG] iteration=2009, ncalls=6175, regioncalls=231840, ndraw=40, logz=-111.91, remainder_fraction=100.0000%, Lmin=-100.53, Lmax=-75.24
15:43:18 [ultranest] [DEBUG] iteration=2022, ncalls=6226, regioncalls=233880, ndraw=40, logz=-111.38, remainder_fraction=100.0000%, Lmin=-99.89, Lmax=-75.24
15:43:18 [ultranest] [DEBUG] clustering found some stray points [need_accept=False] (array([1, 2, 3]), array([204,   2,   1]))
15:43:18 [ultranest] [DEBUG] iteration=2032, ncalls=6265, regioncalls=235440, ndraw=40, logz=-111.01, remainder_fraction=100.0000%, Lmin=-99.48, Lmax=-75.24
15:43:18 [ultranest] [DEBUG] iteration=2040, ncalls=6296, regioncalls=236680, ndraw=40, logz=-110.71, remainder_fraction=100.0000%, Lmin=-99.12, Lmax=-75.24
15:43:18 [ultranest] [DEBUG] iteration=2045, ncalls=6351, regioncalls=238880, ndraw=40, logz=-110.52, remainder_fraction=100.0000%, Lmin=-98.91, Lmax=-75.24
15:43:18 [ultranest] [DEBUG] iteration=2056, ncalls=6400, regioncalls=240840, ndraw=40, logz=-110.11, remainder_fraction=100.0000%, Lmin=-98.48, Lmax=-75.24
15:43:18 [ultranest] [DEBUG] iteration=2066, ncalls=6447, regioncalls=242720, ndraw=40, logz=-109.67, remainder_fraction=100.0000%, Lmin=-97.68, Lmax=-75.24
15:43:18 [ultranest] [DEBUG] iteration=2071, ncalls=6468, regioncalls=243600, ndraw=40, logz=-109.41, remainder_fraction=100.0000%, Lmin=-97.43, Lmax=-75.24
15:43:19 [ultranest] [DEBUG] iteration=2080, ncalls=6503, regioncalls=245040, ndraw=40, logz=-108.95, remainder_fraction=100.0000%, Lmin=-97.02, Lmax=-75.24
15:43:19 [ultranest] [DEBUG] iteration=2094, ncalls=6550, regioncalls=246920, ndraw=40, logz=-108.25, remainder_fraction=100.0000%, Lmin=-96.09, Lmax=-75.24
15:43:19 [ultranest] [DEBUG] iteration=2110, ncalls=6597, regioncalls=248800, ndraw=40, logz=-107.47, remainder_fraction=100.0000%, Lmin=-95.36, Lmax=-75.24
15:43:19 [ultranest] [DEBUG] iteration=2120, ncalls=6637, regioncalls=250400, ndraw=40, logz=-107.02, remainder_fraction=100.0000%, Lmin=-94.89, Lmax=-75.24
15:43:19 [ultranest] [DEBUG] iteration=2131, ncalls=6680, regioncalls=252120, ndraw=40, logz=-106.54, remainder_fraction=100.0000%, Lmin=-94.41, Lmax=-75.24
15:43:19 [ultranest] [DEBUG] iteration=2147, ncalls=6725, regioncalls=253920, ndraw=40, logz=-105.95, remainder_fraction=100.0000%, Lmin=-93.90, Lmax=-75.24
15:43:19 [ultranest] [DEBUG] iteration=2160, ncalls=6772, regioncalls=255800, ndraw=40, logz=-105.45, remainder_fraction=100.0000%, Lmin=-93.29, Lmax=-75.24
15:43:19 [ultranest] [DEBUG] iteration=2165, ncalls=6783, regioncalls=256280, ndraw=40, logz=-105.25, remainder_fraction=100.0000%, Lmin=-93.06, Lmax=-75.24
15:43:19 [ultranest] [DEBUG] iteration=2178, ncalls=6821, regioncalls=257800, ndraw=40, logz=-104.71, remainder_fraction=100.0000%, Lmin=-92.43, Lmax=-75.24
15:43:19 [ultranest] [DEBUG] iteration=2191, ncalls=6867, regioncalls=259640, ndraw=40, logz=-104.23, remainder_fraction=100.0000%, Lmin=-91.90, Lmax=-75.09
15:43:20 [ultranest] [DEBUG] iteration=2200, ncalls=6903, regioncalls=261080, ndraw=40, logz=-103.88, remainder_fraction=100.0000%, Lmin=-91.59, Lmax=-75.09
15:43:20 [ultranest] [DEBUG] iteration=2212, ncalls=6953, regioncalls=263120, ndraw=40, logz=-103.42, remainder_fraction=99.9999%, Lmin=-91.01, Lmax=-75.09
15:43:20 [ultranest] [DEBUG] iteration=2229, ncalls=6990, regioncalls=264600, ndraw=40, logz=-102.73, remainder_fraction=99.9999%, Lmin=-90.28, Lmax=-75.09
15:43:20 [ultranest] [DEBUG] iteration=2240, ncalls=7028, regioncalls=266120, ndraw=40, logz=-102.30, remainder_fraction=99.9998%, Lmin=-89.71, Lmax=-75.09
15:43:20 [ultranest] [DEBUG] iteration=2258, ncalls=7075, regioncalls=268000, ndraw=40, logz=-101.67, remainder_fraction=99.9997%, Lmin=-89.21, Lmax=-75.09
15:43:20 [ultranest] [DEBUG] iteration=2269, ncalls=7118, regioncalls=269720, ndraw=40, logz=-101.32, remainder_fraction=99.9996%, Lmin=-88.89, Lmax=-75.09
15:43:20 [ultranest] [DEBUG] iteration=2280, ncalls=7155, regioncalls=271200, ndraw=40, logz=-100.98, remainder_fraction=99.9994%, Lmin=-88.37, Lmax=-75.09
15:43:20 [ultranest] [DEBUG] iteration=2296, ncalls=7202, regioncalls=273080, ndraw=40, logz=-100.45, remainder_fraction=99.9989%, Lmin=-87.75, Lmax=-75.09
15:43:20 [ultranest] [DEBUG] iteration=2306, ncalls=7235, regioncalls=274440, ndraw=40, logz=-100.10, remainder_fraction=99.9983%, Lmin=-87.35, Lmax=-75.09
15:43:20 [ultranest] [DEBUG] iteration=2320, ncalls=7262, regioncalls=275520, ndraw=40, logz=-99.64, remainder_fraction=99.9973%, Lmin=-86.97, Lmax=-75.09
15:43:20 [ultranest] [DEBUG] iteration=2338, ncalls=7301, regioncalls=277080, ndraw=40, logz=-99.11, remainder_fraction=99.9952%, Lmin=-86.45, Lmax=-75.09
15:43:21 [ultranest] [DEBUG] iteration=2355, ncalls=7340, regioncalls=278640, ndraw=40, logz=-98.62, remainder_fraction=99.9921%, Lmin=-85.80, Lmax=-75.09
15:43:21 [ultranest] [DEBUG] iteration=2360, ncalls=7357, regioncalls=279360, ndraw=40, logz=-98.47, remainder_fraction=99.9906%, Lmin=-85.61, Lmax=-75.09
15:43:21 [ultranest] [DEBUG] iteration=2381, ncalls=7397, regioncalls=280960, ndraw=40, logz=-97.85, remainder_fraction=99.9809%, Lmin=-84.86, Lmax=-75.09
15:43:21 [ultranest] [DEBUG] iteration=2397, ncalls=7443, regioncalls=282800, ndraw=40, logz=-97.41, remainder_fraction=99.9705%, Lmin=-84.58, Lmax=-75.09
15:43:21 [ultranest] [DEBUG] iteration=2400, ncalls=7448, regioncalls=283040, ndraw=40, logz=-97.34, remainder_fraction=99.9682%, Lmin=-84.54, Lmax=-75.09
15:43:21 [ultranest] [DEBUG] iteration=2416, ncalls=7484, regioncalls=284480, ndraw=40, logz=-96.97, remainder_fraction=99.9514%, Lmin=-84.10, Lmax=-75.09
15:43:21 [ultranest] [DEBUG] iteration=2433, ncalls=7527, regioncalls=286200, ndraw=40, logz=-96.59, remainder_fraction=99.9314%, Lmin=-83.69, Lmax=-75.09
15:43:21 [ultranest] [DEBUG] iteration=2440, ncalls=7547, regioncalls=287000, ndraw=40, logz=-96.44, remainder_fraction=99.9185%, Lmin=-83.53, Lmax=-75.09
15:43:21 [ultranest] [DEBUG] iteration=2447, ncalls=7572, regioncalls=288080, ndraw=40, logz=-96.29, remainder_fraction=99.9097%, Lmin=-83.40, Lmax=-75.09
15:43:21 [ultranest] [DEBUG] iteration=2465, ncalls=7615, regioncalls=289800, ndraw=40, logz=-95.93, remainder_fraction=99.8659%, Lmin=-82.95, Lmax=-75.09
15:43:21 [ultranest] [DEBUG] iteration=2480, ncalls=7658, regioncalls=291520, ndraw=40, logz=-95.62, remainder_fraction=99.8106%, Lmin=-82.61, Lmax=-75.09
15:43:21 [ultranest] [DEBUG] iteration=2494, ncalls=7693, regioncalls=292960, ndraw=40, logz=-95.35, remainder_fraction=99.7578%, Lmin=-82.24, Lmax=-75.09
15:43:22 [ultranest] [DEBUG] iteration=2505, ncalls=7733, regioncalls=294640, ndraw=40, logz=-95.13, remainder_fraction=99.6886%, Lmin=-81.96, Lmax=-75.09
15:43:22 [ultranest] [DEBUG] iteration=2520, ncalls=7757, regioncalls=295600, ndraw=40, logz=-94.83, remainder_fraction=99.5921%, Lmin=-81.69, Lmax=-75.09
15:43:22 [ultranest] [DEBUG] iteration=2537, ncalls=7806, regioncalls=297560, ndraw=40, logz=-94.52, remainder_fraction=99.4201%, Lmin=-81.42, Lmax=-75.09
15:43:22 [ultranest] [DEBUG] iteration=2541, ncalls=7816, regioncalls=298000, ndraw=40, logz=-94.46, remainder_fraction=99.3834%, Lmin=-81.36, Lmax=-75.09
15:43:22 [ultranest] [DEBUG] iteration=2557, ncalls=7856, regioncalls=299640, ndraw=40, logz=-94.22, remainder_fraction=99.2197%, Lmin=-81.17, Lmax=-75.09
15:43:22 [ultranest] [DEBUG] iteration=2560, ncalls=7859, regioncalls=299760, ndraw=40, logz=-94.18, remainder_fraction=99.1842%, Lmin=-81.16, Lmax=-75.09
15:43:22 [ultranest] [DEBUG] iteration=2579, ncalls=7893, regioncalls=301120, ndraw=40, logz=-93.93, remainder_fraction=98.9630%, Lmin=-80.84, Lmax=-75.09
15:43:22 [ultranest] [DEBUG] iteration=2591, ncalls=7935, regioncalls=302800, ndraw=40, logz=-93.78, remainder_fraction=98.7544%, Lmin=-80.71, Lmax=-75.09
15:43:22 [ultranest] [DEBUG] iteration=2600, ncalls=7955, regioncalls=303600, ndraw=40, logz=-93.67, remainder_fraction=98.5794%, Lmin=-80.58, Lmax=-75.09
15:43:22 [ultranest] [DEBUG] iteration=2614, ncalls=7997, regioncalls=305280, ndraw=40, logz=-93.50, remainder_fraction=98.2829%, Lmin=-80.29, Lmax=-75.09
15:43:22 [ultranest] [DEBUG] iteration=2635, ncalls=8041, regioncalls=307080, ndraw=40, logz=-93.23, remainder_fraction=97.7006%, Lmin=-79.93, Lmax=-75.09
15:43:22 [ultranest] [DEBUG] iteration=2640, ncalls=8055, regioncalls=307640, ndraw=40, logz=-93.17, remainder_fraction=97.5287%, Lmin=-79.90, Lmax=-75.09
15:43:23 [ultranest] [DEBUG] iteration=2657, ncalls=8088, regioncalls=308960, ndraw=40, logz=-92.97, remainder_fraction=97.1101%, Lmin=-79.61, Lmax=-75.09
15:43:23 [ultranest] [DEBUG] iteration=2674, ncalls=8132, regioncalls=310720, ndraw=40, logz=-92.77, remainder_fraction=96.4201%, Lmin=-79.32, Lmax=-75.09
15:43:23 [ultranest] [DEBUG] iteration=2680, ncalls=8151, regioncalls=311480, ndraw=40, logz=-92.70, remainder_fraction=96.1557%, Lmin=-79.21, Lmax=-75.09
15:43:23 [ultranest] [DEBUG] iteration=2695, ncalls=8186, regioncalls=312880, ndraw=40, logz=-92.52, remainder_fraction=95.2626%, Lmin=-78.97, Lmax=-75.09
15:43:23 [ultranest] [DEBUG] iteration=2710, ncalls=8227, regioncalls=314520, ndraw=40, logz=-92.34, remainder_fraction=94.2740%, Lmin=-78.77, Lmax=-75.09
15:43:23 [ultranest] [DEBUG] iteration=2720, ncalls=8258, regioncalls=315760, ndraw=40, logz=-92.23, remainder_fraction=93.6040%, Lmin=-78.66, Lmax=-75.09
15:43:23 [ultranest] [DEBUG] iteration=2729, ncalls=8267, regioncalls=316200, ndraw=40, logz=-92.13, remainder_fraction=92.8786%, Lmin=-78.60, Lmax=-75.09
15:43:23 [ultranest] [DEBUG] iteration=2746, ncalls=8306, regioncalls=317760, ndraw=40, logz=-91.96, remainder_fraction=91.6799%, Lmin=-78.35, Lmax=-75.09
15:43:23 [ultranest] [DEBUG] iteration=2759, ncalls=8355, regioncalls=319720, ndraw=40, logz=-91.84, remainder_fraction=90.4376%, Lmin=-78.25, Lmax=-75.09
15:43:23 [ultranest] [DEBUG] iteration=2760, ncalls=8358, regioncalls=319840, ndraw=40, logz=-91.83, remainder_fraction=90.3181%, Lmin=-78.24, Lmax=-75.09
15:43:23 [ultranest] [DEBUG] iteration=2775, ncalls=8406, regioncalls=321760, ndraw=40, logz=-91.70, remainder_fraction=88.9008%, Lmin=-78.10, Lmax=-75.09
15:43:23 [ultranest] [DEBUG] iteration=2792, ncalls=8443, regioncalls=323240, ndraw=40, logz=-91.56, remainder_fraction=87.2675%, Lmin=-77.95, Lmax=-75.09
15:43:23 [ultranest] [DEBUG] iteration=2800, ncalls=8457, regioncalls=323800, ndraw=40, logz=-91.50, remainder_fraction=86.4178%, Lmin=-77.85, Lmax=-75.09
15:43:24 [ultranest] [DEBUG] iteration=2813, ncalls=8508, regioncalls=325840, ndraw=40, logz=-91.40, remainder_fraction=85.0216%, Lmin=-77.77, Lmax=-75.09
15:43:24 [ultranest] [DEBUG] iteration=2823, ncalls=8547, regioncalls=327440, ndraw=40, logz=-91.33, remainder_fraction=83.6653%, Lmin=-77.71, Lmax=-75.09
15:43:24 [ultranest] [DEBUG] iteration=2840, ncalls=8583, regioncalls=328880, ndraw=40, logz=-91.22, remainder_fraction=82.2375%, Lmin=-77.58, Lmax=-75.09
15:43:24 [ultranest] [DEBUG] iteration=2860, ncalls=8625, regioncalls=330560, ndraw=40, logz=-91.09, remainder_fraction=79.6266%, Lmin=-77.40, Lmax=-75.09
15:43:24 [ultranest] [DEBUG] iteration=2870, ncalls=8647, regioncalls=331520, ndraw=40, logz=-91.03, remainder_fraction=78.2670%, Lmin=-77.32, Lmax=-75.09
15:43:24 [ultranest] [DEBUG] iteration=2880, ncalls=8668, regioncalls=332360, ndraw=40, logz=-90.97, remainder_fraction=77.1121%, Lmin=-77.29, Lmax=-75.09
15:43:24 [ultranest] [DEBUG] iteration=2898, ncalls=8707, regioncalls=333920, ndraw=40, logz=-90.87, remainder_fraction=74.8414%, Lmin=-77.15, Lmax=-75.09
15:43:24 [ultranest] [DEBUG] iteration=2913, ncalls=8747, regioncalls=335520, ndraw=40, logz=-90.80, remainder_fraction=72.5687%, Lmin=-77.08, Lmax=-75.09
15:43:24 [ultranest] [DEBUG] iteration=2917, ncalls=8754, regioncalls=335920, ndraw=40, logz=-90.78, remainder_fraction=72.0274%, Lmin=-77.06, Lmax=-75.09
15:43:24 [ultranest] [DEBUG] iteration=2920, ncalls=8760, regioncalls=336160, ndraw=40, logz=-90.76, remainder_fraction=71.6445%, Lmin=-77.04, Lmax=-75.09
15:43:24 [ultranest] [DEBUG] iteration=2940, ncalls=8795, regioncalls=337560, ndraw=40, logz=-90.67, remainder_fraction=69.3349%, Lmin=-76.95, Lmax=-75.09
15:43:24 [ultranest] [DEBUG] iteration=2958, ncalls=8837, regioncalls=339240, ndraw=40, logz=-90.60, remainder_fraction=66.7817%, Lmin=-76.83, Lmax=-75.09
15:43:24 [ultranest] [DEBUG] iteration=2960, ncalls=8841, regioncalls=339400, ndraw=40, logz=-90.59, remainder_fraction=66.5421%, Lmin=-76.83, Lmax=-75.09
15:43:25 [ultranest] [DEBUG] iteration=2981, ncalls=8872, regioncalls=340640, ndraw=40, logz=-90.51, remainder_fraction=63.4125%, Lmin=-76.73, Lmax=-75.09
15:43:25 [ultranest] [DEBUG] iteration=3000, ncalls=8905, regioncalls=341960, ndraw=40, logz=-90.44, remainder_fraction=60.9426%, Lmin=-76.63, Lmax=-75.09
15:43:25 [ultranest] [DEBUG] iteration=3019, ncalls=8942, regioncalls=343440, ndraw=40, logz=-90.37, remainder_fraction=58.3525%, Lmin=-76.55, Lmax=-75.09
15:43:25 [ultranest] [DEBUG] iteration=3037, ncalls=8981, regioncalls=345040, ndraw=40, logz=-90.31, remainder_fraction=55.5702%, Lmin=-76.44, Lmax=-75.09
15:43:25 [ultranest] [DEBUG] iteration=3040, ncalls=8984, regioncalls=345160, ndraw=40, logz=-90.30, remainder_fraction=55.1980%, Lmin=-76.42, Lmax=-75.09
15:43:25 [ultranest] [DEBUG] iteration=3058, ncalls=9023, regioncalls=346880, ndraw=40, logz=-90.25, remainder_fraction=52.5906%, Lmin=-76.35, Lmax=-75.09
15:43:25 [ultranest] [DEBUG] iteration=3080, ncalls=9056, regioncalls=348200, ndraw=40, logz=-90.19, remainder_fraction=49.4052%, Lmin=-76.24, Lmax=-75.09
15:43:25 [ultranest] [DEBUG] iteration=3101, ncalls=9094, regioncalls=349720, ndraw=40, logz=-90.13, remainder_fraction=46.5076%, Lmin=-76.13, Lmax=-75.09
15:43:25 [ultranest] [DEBUG] iteration=3105, ncalls=9101, regioncalls=350040, ndraw=40, logz=-90.12, remainder_fraction=45.9877%, Lmin=-76.12, Lmax=-75.09
15:43:25 [ultranest] [DEBUG] iteration=3120, ncalls=9128, regioncalls=351120, ndraw=40, logz=-90.08, remainder_fraction=43.8270%, Lmin=-76.07, Lmax=-75.07
15:43:25 [ultranest] [DEBUG] iteration=3138, ncalls=9167, regioncalls=352680, ndraw=40, logz=-90.04, remainder_fraction=41.4277%, Lmin=-76.01, Lmax=-75.07
15:43:25 [ultranest] [DEBUG] iteration=3153, ncalls=9201, regioncalls=354040, ndraw=40, logz=-90.01, remainder_fraction=39.5190%, Lmin=-75.94, Lmax=-75.07
15:43:26 [ultranest] [DEBUG] iteration=3160, ncalls=9218, regioncalls=354720, ndraw=40, logz=-89.99, remainder_fraction=38.6502%, Lmin=-75.92, Lmax=-75.07
15:43:26 [ultranest] [DEBUG] iteration=3175, ncalls=9259, regioncalls=356360, ndraw=40, logz=-89.96, remainder_fraction=36.8958%, Lmin=-75.88, Lmax=-75.07
15:43:26 [ultranest] [DEBUG] iteration=3191, ncalls=9307, regioncalls=358280, ndraw=40, logz=-89.93, remainder_fraction=35.0380%, Lmin=-75.84, Lmax=-75.07
15:43:26 [ultranest] [DEBUG] iteration=3199, ncalls=9332, regioncalls=359320, ndraw=40, logz=-89.92, remainder_fraction=34.0926%, Lmin=-75.82, Lmax=-75.07
15:43:26 [ultranest] [DEBUG] iteration=3200, ncalls=9334, regioncalls=359400, ndraw=40, logz=-89.91, remainder_fraction=33.9551%, Lmin=-75.82, Lmax=-75.07
15:43:26 [ultranest] [DEBUG] iteration=3219, ncalls=9372, regioncalls=360920, ndraw=40, logz=-89.88, remainder_fraction=31.5417%, Lmin=-75.78, Lmax=-75.07
15:43:26 [ultranest] [DEBUG] iteration=3240, ncalls=9402, regioncalls=362120, ndraw=40, logz=-89.85, remainder_fraction=29.2291%, Lmin=-75.74, Lmax=-75.06
15:43:26 [ultranest] [DEBUG] iteration=3246, ncalls=9415, regioncalls=362680, ndraw=40, logz=-89.84, remainder_fraction=28.6123%, Lmin=-75.73, Lmax=-75.06
15:43:26 [ultranest] [DEBUG] iteration=3266, ncalls=9449, regioncalls=364120, ndraw=40, logz=-89.81, remainder_fraction=26.5496%, Lmin=-75.69, Lmax=-75.06
15:43:26 [ultranest] [DEBUG] iteration=3280, ncalls=9470, regioncalls=365000, ndraw=40, logz=-89.79, remainder_fraction=25.1985%, Lmin=-75.66, Lmax=-75.06
15:43:26 [ultranest] [DEBUG] iteration=3293, ncalls=9496, regioncalls=366080, ndraw=40, logz=-89.78, remainder_fraction=24.0326%, Lmin=-75.64, Lmax=-75.06
15:43:26 [ultranest] [DEBUG] iteration=3318, ncalls=9531, regioncalls=367480, ndraw=40, logz=-89.75, remainder_fraction=21.9730%, Lmin=-75.60, Lmax=-75.01
15:43:26 [ultranest] [DEBUG] iteration=3320, ncalls=9537, regioncalls=367720, ndraw=40, logz=-89.75, remainder_fraction=21.8220%, Lmin=-75.60, Lmax=-75.01
15:43:26 [ultranest] [DEBUG] iteration=3340, ncalls=9573, regioncalls=369160, ndraw=40, logz=-89.73, remainder_fraction=20.1906%, Lmin=-75.56, Lmax=-75.01
15:43:27 [ultranest] [DEBUG] iteration=3360, ncalls=9610, regioncalls=370680, ndraw=40, logz=-89.71, remainder_fraction=18.7078%, Lmin=-75.53, Lmax=-75.01
15:43:27 [ultranest] [DEBUG] iteration=3375, ncalls=9655, regioncalls=372480, ndraw=40, logz=-89.69, remainder_fraction=17.5852%, Lmin=-75.51, Lmax=-75.01
15:43:27 [ultranest] [DEBUG] iteration=3387, ncalls=9685, regioncalls=373720, ndraw=40, logz=-89.68, remainder_fraction=16.8623%, Lmin=-75.49, Lmax=-75.01
15:43:27 [ultranest] [DEBUG] iteration=3400, ncalls=9705, regioncalls=374560, ndraw=40, logz=-89.67, remainder_fraction=16.0493%, Lmin=-75.47, Lmax=-75.01
15:43:27 [ultranest] [DEBUG] iteration=3422, ncalls=9741, regioncalls=376000, ndraw=40, logz=-89.66, remainder_fraction=14.6757%, Lmin=-75.43, Lmax=-75.01
15:43:27 [ultranest] [DEBUG] iteration=3440, ncalls=9779, regioncalls=377520, ndraw=40, logz=-89.65, remainder_fraction=13.6705%, Lmin=-75.42, Lmax=-75.01
15:43:27 [ultranest] [DEBUG] iteration=3462, ncalls=9816, regioncalls=379000, ndraw=40, logz=-89.63, remainder_fraction=12.4958%, Lmin=-75.38, Lmax=-75.01
15:43:27 [ultranest] [DEBUG] iteration=3480, ncalls=9862, regioncalls=380840, ndraw=40, logz=-89.62, remainder_fraction=11.6123%, Lmin=-75.35, Lmax=-75.01
15:43:27 [ultranest] [DEBUG] iteration=3481, ncalls=9863, regioncalls=380920, ndraw=40, logz=-89.62, remainder_fraction=11.5662%, Lmin=-75.35, Lmax=-75.01
15:43:27 [ultranest] [DEBUG] iteration=3501, ncalls=9900, regioncalls=382400, ndraw=40, logz=-89.61, remainder_fraction=10.6247%, Lmin=-75.33, Lmax=-75.01
15:43:27 [ultranest] [DEBUG] iteration=3520, ncalls=9937, regioncalls=383880, ndraw=40, logz=-89.60, remainder_fraction=9.8194%, Lmin=-75.31, Lmax=-75.01
15:43:27 [ultranest] [DEBUG] iteration=3528, ncalls=9946, regioncalls=384280, ndraw=40, logz=-89.60, remainder_fraction=9.4921%, Lmin=-75.30, Lmax=-75.01
15:43:28 [ultranest] [DEBUG] iteration=3550, ncalls=9982, regioncalls=385720, ndraw=40, logz=-89.59, remainder_fraction=8.6156%, Lmin=-75.29, Lmax=-75.01
15:43:28 [ultranest] [DEBUG] iteration=3560, ncalls=10001, regioncalls=386480, ndraw=40, logz=-89.58, remainder_fraction=8.2572%, Lmin=-75.28, Lmax=-75.01
15:43:28 [ultranest] [DEBUG] iteration=3575, ncalls=10036, regioncalls=387960, ndraw=40, logz=-89.58, remainder_fraction=7.7398%, Lmin=-75.27, Lmax=-75.01
15:43:28 [ultranest] [DEBUG] iteration=3599, ncalls=10069, regioncalls=389280, ndraw=40, logz=-89.57, remainder_fraction=6.9670%, Lmin=-75.24, Lmax=-75.01
15:43:28 [ultranest] [DEBUG] iteration=3600, ncalls=10072, regioncalls=389400, ndraw=40, logz=-89.57, remainder_fraction=6.9355%, Lmin=-75.24, Lmax=-75.01
15:43:28 [ultranest] [DEBUG] iteration=3619, ncalls=10114, regioncalls=391120, ndraw=40, logz=-89.56, remainder_fraction=6.3780%, Lmin=-75.23, Lmax=-75.01
15:43:28 [ultranest] [DEBUG] iteration=3638, ncalls=10148, regioncalls=392480, ndraw=40, logz=-89.56, remainder_fraction=5.8677%, Lmin=-75.22, Lmax=-75.01
15:43:28 [ultranest] [DEBUG] iteration=3640, ncalls=10151, regioncalls=392600, ndraw=40, logz=-89.56, remainder_fraction=5.8187%, Lmin=-75.21, Lmax=-75.01
15:43:28 [ultranest] [DEBUG] iteration=3658, ncalls=10187, regioncalls=394040, ndraw=40, logz=-89.55, remainder_fraction=5.3786%, Lmin=-75.20, Lmax=-75.01
15:43:28 [ultranest] [DEBUG] iteration=3669, ncalls=10218, regioncalls=395320, ndraw=40, logz=-89.55, remainder_fraction=5.1229%, Lmin=-75.20, Lmax=-75.01
15:43:28 [ultranest] [DEBUG] iteration=3680, ncalls=10232, regioncalls=395880, ndraw=40, logz=-89.55, remainder_fraction=4.8733%, Lmin=-75.19, Lmax=-75.01
15:43:28 [ultranest] [DEBUG] iteration=3703, ncalls=10268, regioncalls=397360, ndraw=40, logz=-89.54, remainder_fraction=4.3952%, Lmin=-75.17, Lmax=-75.01
15:43:28 [ultranest] [DEBUG] iteration=3716, ncalls=10295, regioncalls=398480, ndraw=40, logz=-89.54, remainder_fraction=4.1460%, Lmin=-75.17, Lmax=-75.01
15:43:28 [ultranest] [DEBUG] iteration=3720, ncalls=10299, regioncalls=398640, ndraw=40, logz=-89.54, remainder_fraction=4.0720%, Lmin=-75.17, Lmax=-75.01
15:43:29 [ultranest] [DEBUG] iteration=3738, ncalls=10335, regioncalls=400080, ndraw=40, logz=-89.54, remainder_fraction=3.7544%, Lmin=-75.16, Lmax=-75.01
15:43:29 [ultranest] [DEBUG] iteration=3758, ncalls=10378, regioncalls=401800, ndraw=40, logz=-89.53, remainder_fraction=3.4248%, Lmin=-75.14, Lmax=-75.01
15:43:29 [ultranest] [DEBUG] iteration=3760, ncalls=10380, regioncalls=401880, ndraw=40, logz=-89.53, remainder_fraction=3.3939%, Lmin=-75.14, Lmax=-75.01
15:43:29 [ultranest] [DEBUG] iteration=3763, ncalls=10385, regioncalls=402120, ndraw=40, logz=-89.53, remainder_fraction=3.3481%, Lmin=-75.14, Lmax=-75.01
15:43:29 [ultranest] [DEBUG] iteration=3783, ncalls=10423, regioncalls=403640, ndraw=40, logz=-89.53, remainder_fraction=3.0520%, Lmin=-75.14, Lmax=-75.01
15:43:29 [ultranest] [DEBUG] iteration=3800, ncalls=10465, regioncalls=405320, ndraw=40, logz=-89.53, remainder_fraction=2.8248%, Lmin=-75.13, Lmax=-75.01
15:43:29 [ultranest] [DEBUG] iteration=3810, ncalls=10480, regioncalls=405960, ndraw=40, logz=-89.53, remainder_fraction=2.6964%, Lmin=-75.13, Lmax=-75.01
15:43:29 [ultranest] [DEBUG] iteration=3830, ncalls=10516, regioncalls=407400, ndraw=40, logz=-89.52, remainder_fraction=2.4568%, Lmin=-75.12, Lmax=-75.01
15:43:29 [ultranest] [DEBUG] iteration=3840, ncalls=10549, regioncalls=408720, ndraw=40, logz=-89.52, remainder_fraction=2.3466%, Lmin=-75.12, Lmax=-75.01
15:43:29 [ultranest] [DEBUG] iteration=3860, ncalls=10586, regioncalls=410200, ndraw=40, logz=-89.52, remainder_fraction=2.1399%, Lmin=-75.11, Lmax=-75.01
15:43:29 [ultranest] [INFO] Explored until L=-8e+01  
15:43:29 [ultranest] [INFO] Likelihood function evaluations: 10596
15:43:30 [ultranest] [INFO] Writing samples and results to disk ...
15:43:30 [ultranest] [INFO] Writing samples and results to disk ... done
15:43:30 [ultranest] [DEBUG] did a run_iter pass!
15:43:30 [ultranest] [INFO]   logZ = -89.5 +- 0.1916
15:43:30 [ultranest] [INFO] Effective samples strategy satisfied (ESS = 1000.5, need >400)
15:43:30 [ultranest] [INFO] Posterior uncertainty strategy is satisfied (KL: 0.45+-0.08 nat, need <0.50 nat)
15:43:30 [ultranest] [INFO] Evidency uncertainty strategy is satisfied (dlogz=0.19, need <0.5)
15:43:30 [ultranest] [INFO]   logZ error budget: single: 0.25 bs:0.19 tail:0.02 total:0.19 required:<0.50
15:43:30 [ultranest] [INFO] done iterating.
15:43:30 [ultranest] [DEBUG] Making corner plot ...
15:43:32 [ultranest] [DEBUG] Making corner plot ... done
15:43:32 [ultranest] [DEBUG] Making run plot ... 
15:43:32 [ultranest] [DEBUG] Making run plot ... done
15:43:32 [ultranest] [DEBUG] Making trace plot ... 
15:43:34 [ultranest] [DEBUG] Making trace plot ... done
