09:02:27 [ultranest] [DEBUG] ReactiveNestedSampler: dims=3+0, resume=True, log_dir=/home/orion51/Desktop/Research/spectral_fitting/FGL_spectral_fitting/Individual_sources/2CXOJ103142.0+573015/bb_out_, backend=hdf5, vectorized=False, nbootstraps=30, ndraw=128..65536
09:02:27 [ultranest] [INFO] Sampling 400 live points from prior ...
09:02:28 [ultranest] [DEBUG] run_iter dlogz=0.5, dKL=0.5, frac_remain=0.01, Lepsilon=0.1000, min_ess=400
09:02:28 [ultranest] [DEBUG] max_iters=-1, max_ncalls=-1, max_num_improvement_loops=-1, min_num_live_points=400, cluster_num_live_points=40
09:02:28 [ultranest] [DEBUG] minimal_widths_sequence: [(-inf, 400.0), (inf, 400.0)]
09:02:28 [ultranest] [DEBUG] iteration=0, ncalls=401, regioncalls=40, ndraw=40, logz=-inf, remainder_fraction=100.0000%, Lmin=-54229826.82, Lmax=-15.62
09:02:28 [ultranest] [DEBUG] iteration=29, ncalls=431, regioncalls=1240, ndraw=40, logz=-17163.13, remainder_fraction=100.0000%, Lmin=-16229.55, Lmax=-15.62
09:02:28 [ultranest] [DEBUG] iteration=40, ncalls=442, regioncalls=1680, ndraw=40, logz=-3520.76, remainder_fraction=100.0000%, Lmin=-3225.58, Lmax=-15.62
09:02:28 [ultranest] [DEBUG] Plateau detected at L=-1.854791e+02, not replacing live point.
09:02:28 [ultranest] [DEBUG] Plateau detected at L=-1.854791e+02, not replacing live point.
09:02:28 [ultranest] [DEBUG] Plateau detected at L=-1.854791e+02, not replacing live point.
09:02:28 [ultranest] [DEBUG] Plateau detected at L=-1.854791e+02, not replacing live point.
09:02:28 [ultranest] [DEBUG] Plateau detected at L=-1.854791e+02, not replacing live point.
09:02:28 [ultranest] [DEBUG] Plateau detected at L=-1.854791e+02, not replacing live point.
09:02:28 [ultranest] [DEBUG] Plateau detected at L=-1.854791e+02, not replacing live point.
09:02:28 [ultranest] [DEBUG] Plateau detected at L=-1.854791e+02, not replacing live point.
09:02:28 [ultranest] [DEBUG] Plateau detected at L=-1.854791e+02, not replacing live point.
09:02:28 [ultranest] [DEBUG] Plateau detected at L=-1.854791e+02, not replacing live point.
09:02:28 [ultranest] [DEBUG] Plateau detected at L=-1.854791e+02, not replacing live point.
09:02:28 [ultranest] [DEBUG] Plateau detected at L=-1.854791e+02, not replacing live point.
09:02:28 [ultranest] [DEBUG] Plateau detected at L=-1.854791e+02, not replacing live point.
09:02:28 [ultranest] [DEBUG] Plateau detected at L=-1.854791e+02, not replacing live point.
09:02:28 [ultranest] [DEBUG] Plateau detected at L=-1.854791e+02, not replacing live point.
09:02:28 [ultranest] [DEBUG] Plateau detected at L=-1.854791e+02, not replacing live point.
09:02:28 [ultranest] [DEBUG] Plateau detected at L=-1.854791e+02, not replacing live point.
09:02:28 [ultranest] [DEBUG] Plateau detected at L=-1.854791e+02, not replacing live point.
09:02:28 [ultranest] [DEBUG] Plateau detected at L=-1.854791e+02, not replacing live point.
09:02:28 [ultranest] [DEBUG] Plateau detected at L=-1.854791e+02, not replacing live point.
09:02:28 [ultranest] [DEBUG] Plateau detected at L=-1.854791e+02, not replacing live point.
09:02:28 [ultranest] [DEBUG] Plateau detected at L=-1.854791e+02, not replacing live point.
09:02:28 [ultranest] [DEBUG] Plateau detected at L=-1.854791e+02, not replacing live point.
09:02:28 [ultranest] [DEBUG] Plateau detected at L=-1.854791e+02, not replacing live point.
09:02:28 [ultranest] [DEBUG] Plateau detected at L=-1.854791e+02, not replacing live point.
09:02:28 [ultranest] [DEBUG] Plateau detected at L=-1.854791e+02, not replacing live point.
09:02:28 [ultranest] [DEBUG] Plateau detected at L=-1.854791e+02, not replacing live point.
09:02:28 [ultranest] [DEBUG] Plateau detected at L=-1.854791e+02, not replacing live point.
09:02:28 [ultranest] [DEBUG] Plateau detected at L=-1.854791e+02, not replacing live point.
09:02:28 [ultranest] [DEBUG] Plateau detected at L=-1.854791e+02, not replacing live point.
09:02:28 [ultranest] [DEBUG] Plateau detected at L=-1.854791e+02, not replacing live point.
09:02:28 [ultranest] [DEBUG] Plateau detected at L=-1.854791e+02, not replacing live point.
09:02:28 [ultranest] [DEBUG] Plateau detected at L=-1.854791e+02, not replacing live point.
09:02:28 [ultranest] [DEBUG] Plateau detected at L=-1.854791e+02, not replacing live point.
09:02:28 [ultranest] [DEBUG] Plateau detected at L=-1.854791e+02, not replacing live point.
09:02:28 [ultranest] [DEBUG] Plateau detected at L=-1.854791e+02, not replacing live point.
09:02:28 [ultranest] [DEBUG] Plateau detected at L=-1.854791e+02, not replacing live point.
09:02:28 [ultranest] [DEBUG] Plateau detected at L=-1.854791e+02, not replacing live point.
09:02:28 [ultranest] [DEBUG] Plateau detected at L=-1.854791e+02, not replacing live point.
09:02:28 [ultranest] [DEBUG] Plateau detected at L=-1.854791e+02, not replacing live point.
09:02:28 [ultranest] [DEBUG] Plateau detected at L=-1.854791e+02, not replacing live point.
09:02:28 [ultranest] [DEBUG] Plateau detected at L=-1.854791e+02, not replacing live point.
09:02:28 [ultranest] [DEBUG] Plateau detected at L=-1.854791e+02, not replacing live point.
09:02:28 [ultranest] [DEBUG] Plateau detected at L=-1.854791e+02, not replacing live point.
09:02:28 [ultranest] [DEBUG] Plateau detected at L=-1.854791e+02, not replacing live point.
09:02:28 [ultranest] [DEBUG] Plateau detected at L=-1.854791e+02, not replacing live point.
09:02:28 [ultranest] [DEBUG] Plateau detected at L=-1.854791e+02, not replacing live point.
09:02:28 [ultranest] [DEBUG] Plateau detected at L=-1.854791e+02, not replacing live point.
09:02:28 [ultranest] [DEBUG] Plateau detected at L=-1.854791e+02, not replacing live point.
09:02:28 [ultranest] [DEBUG] Plateau detected at L=-1.854791e+02, not replacing live point.
09:02:28 [ultranest] [DEBUG] Plateau detected at L=-1.854791e+02, not replacing live point.
09:02:28 [ultranest] [DEBUG] Plateau detected at L=-1.854791e+02, not replacing live point.
09:02:28 [ultranest] [DEBUG] Plateau detected at L=-1.854791e+02, not replacing live point.
09:02:28 [ultranest] [DEBUG] Plateau detected at L=-1.854791e+02, not replacing live point.
09:02:28 [ultranest] [DEBUG] Plateau detected at L=-1.854791e+02, not replacing live point.
09:02:28 [ultranest] [DEBUG] Plateau detected at L=-1.854791e+02, not replacing live point.
09:02:28 [ultranest] [DEBUG] Plateau detected at L=-1.854791e+02, not replacing live point.
09:02:28 [ultranest] [DEBUG] Plateau detected at L=-1.854791e+02, not replacing live point.
09:02:28 [ultranest] [DEBUG] Plateau detected at L=-1.854791e+02, not replacing live point.
09:02:28 [ultranest] [DEBUG] Plateau detected at L=-1.854791e+02, not replacing live point.
09:02:28 [ultranest] [DEBUG] Plateau detected at L=-1.854791e+02, not replacing live point.
09:02:28 [ultranest] [DEBUG] Plateau detected at L=-1.854791e+02, not replacing live point.
09:02:28 [ultranest] [DEBUG] Plateau detected at L=-1.854791e+02, not replacing live point.
09:02:28 [ultranest] [DEBUG] Plateau detected at L=-1.854791e+02, not replacing live point.
09:02:28 [ultranest] [DEBUG] Plateau detected at L=-1.854791e+02, not replacing live point.
09:02:28 [ultranest] [DEBUG] Plateau detected at L=-1.854791e+02, not replacing live point.
09:02:28 [ultranest] [DEBUG] Plateau detected at L=-1.854791e+02, not replacing live point.
09:02:28 [ultranest] [DEBUG] Plateau detected at L=-1.854791e+02, not replacing live point.
09:02:28 [ultranest] [DEBUG] Plateau detected at L=-1.854791e+02, not replacing live point.
09:02:28 [ultranest] [DEBUG] Plateau detected at L=-1.854791e+02, not replacing live point.
09:02:28 [ultranest] [DEBUG] Plateau detected at L=-1.854791e+02, not replacing live point.
09:02:28 [ultranest] [DEBUG] Plateau detected at L=-1.854791e+02, not replacing live point.
09:02:28 [ultranest] [DEBUG] Plateau detected at L=-1.854791e+02, not replacing live point.
09:02:28 [ultranest] [DEBUG] Plateau detected at L=-1.854791e+02, not replacing live point.
09:02:28 [ultranest] [DEBUG] Plateau detected at L=-1.854791e+02, not replacing live point.
09:02:28 [ultranest] [DEBUG] Plateau detected at L=-1.854791e+02, not replacing live point.
09:02:28 [ultranest] [DEBUG] Plateau detected at L=-1.854791e+02, not replacing live point.
09:02:28 [ultranest] [DEBUG] Plateau detected at L=-1.854791e+02, not replacing live point.
09:02:28 [ultranest] [DEBUG] Plateau detected at L=-1.854791e+02, not replacing live point.
09:02:28 [ultranest] [DEBUG] Plateau detected at L=-1.854791e+02, not replacing live point.
09:02:28 [ultranest] [DEBUG] Plateau detected at L=-1.854791e+02, not replacing live point.
09:02:28 [ultranest] [DEBUG] Plateau detected at L=-1.854791e+02, not replacing live point.
09:02:28 [ultranest] [DEBUG] Plateau detected at L=-1.854791e+02, not replacing live point.
09:02:28 [ultranest] [DEBUG] Plateau detected at L=-1.854791e+02, not replacing live point.
09:02:28 [ultranest] [DEBUG] Plateau detected at L=-1.854791e+02, not replacing live point.
09:02:28 [ultranest] [DEBUG] Plateau detected at L=-1.854791e+02, not replacing live point.
09:02:28 [ultranest] [DEBUG] Plateau detected at L=-1.854791e+02, not replacing live point.
09:02:28 [ultranest] [DEBUG] Plateau detected at L=-1.854791e+02, not replacing live point.
09:02:28 [ultranest] [DEBUG] Plateau detected at L=-1.854791e+02, not replacing live point.
09:02:28 [ultranest] [DEBUG] Plateau detected at L=-1.854791e+02, not replacing live point.
09:02:28 [ultranest] [DEBUG] Plateau detected at L=-1.854791e+02, not replacing live point.
09:02:28 [ultranest] [DEBUG] Plateau detected at L=-1.854791e+02, not replacing live point.
09:02:28 [ultranest] [DEBUG] Plateau detected at L=-1.854791e+02, not replacing live point.
09:02:28 [ultranest] [DEBUG] Plateau detected at L=-1.854791e+02, not replacing live point.
09:02:28 [ultranest] [DEBUG] Plateau detected at L=-1.854791e+02, not replacing live point.
09:02:28 [ultranest] [DEBUG] Plateau detected at L=-1.854791e+02, not replacing live point.
09:02:28 [ultranest] [DEBUG] Plateau detected at L=-1.854791e+02, not replacing live point.
09:02:28 [ultranest] [DEBUG] Plateau detected at L=-1.854791e+02, not replacing live point.
09:02:28 [ultranest] [DEBUG] Plateau detected at L=-1.854791e+02, not replacing live point.
09:02:28 [ultranest] [DEBUG] Plateau detected at L=-1.854791e+02, not replacing live point.
09:02:28 [ultranest] [DEBUG] Plateau detected at L=-1.854791e+02, not replacing live point.
09:02:28 [ultranest] [DEBUG] Plateau detected at L=-1.854791e+02, not replacing live point.
09:02:28 [ultranest] [DEBUG] Plateau detected at L=-1.854791e+02, not replacing live point.
09:02:28 [ultranest] [DEBUG] Plateau detected at L=-1.854791e+02, not replacing live point.
09:02:28 [ultranest] [DEBUG] Plateau detected at L=-1.854791e+02, not replacing live point.
09:02:28 [ultranest] [DEBUG] Plateau detected at L=-1.854791e+02, not replacing live point.
09:02:28 [ultranest] [DEBUG] Plateau detected at L=-1.854791e+02, not replacing live point.
09:02:28 [ultranest] [DEBUG] Plateau detected at L=-1.854791e+02, not replacing live point.
09:02:28 [ultranest] [DEBUG] Plateau detected at L=-1.854791e+02, not replacing live point.
09:02:28 [ultranest] [DEBUG] Plateau detected at L=-1.854791e+02, not replacing live point.
09:02:28 [ultranest] [DEBUG] Plateau detected at L=-1.854791e+02, not replacing live point.
09:02:28 [ultranest] [DEBUG] Plateau detected at L=-1.854791e+02, not replacing live point.
09:02:28 [ultranest] [DEBUG] Plateau detected at L=-1.854791e+02, not replacing live point.
09:02:28 [ultranest] [DEBUG] Plateau detected at L=-1.854791e+02, not replacing live point.
09:02:28 [ultranest] [DEBUG] Plateau detected at L=-1.854791e+02, not replacing live point.
09:02:28 [ultranest] [DEBUG] Plateau detected at L=-1.854791e+02, not replacing live point.
09:02:28 [ultranest] [DEBUG] Plateau detected at L=-1.854791e+02, not replacing live point.
09:02:28 [ultranest] [DEBUG] Plateau detected at L=-1.854791e+02, not replacing live point.
09:02:28 [ultranest] [DEBUG] Plateau detected at L=-1.854791e+02, not replacing live point.
09:02:28 [ultranest] [DEBUG] Plateau detected at L=-1.854791e+02, not replacing live point.
09:02:28 [ultranest] [DEBUG] Plateau detected at L=-1.854791e+02, not replacing live point.
09:02:28 [ultranest] [DEBUG] Plateau detected at L=-1.854791e+02, not replacing live point.
09:02:28 [ultranest] [DEBUG] Plateau detected at L=-1.854791e+02, not replacing live point.
09:02:28 [ultranest] [DEBUG] Plateau detected at L=-1.854791e+02, not replacing live point.
09:02:28 [ultranest] [DEBUG] Plateau detected at L=-1.854791e+02, not replacing live point.
09:02:28 [ultranest] [DEBUG] Plateau detected at L=-1.854791e+02, not replacing live point.
09:02:28 [ultranest] [DEBUG] Plateau detected at L=-1.854791e+02, not replacing live point.
09:02:28 [ultranest] [DEBUG] Plateau detected at L=-1.854791e+02, not replacing live point.
09:02:28 [ultranest] [DEBUG] Plateau detected at L=-1.854791e+02, not replacing live point.
09:02:28 [ultranest] [DEBUG] Plateau detected at L=-1.854791e+02, not replacing live point.
09:02:28 [ultranest] [DEBUG] Plateau detected at L=-1.854791e+02, not replacing live point.
09:02:28 [ultranest] [DEBUG] Plateau detected at L=-1.854791e+02, not replacing live point.
09:02:28 [ultranest] [DEBUG] Plateau detected at L=-1.854791e+02, not replacing live point.
09:02:28 [ultranest] [DEBUG] Plateau detected at L=-1.854791e+02, not replacing live point.
09:02:28 [ultranest] [DEBUG] Plateau detected at L=-1.854791e+02, not replacing live point.
09:02:28 [ultranest] [DEBUG] Plateau detected at L=-1.854791e+02, not replacing live point.
09:02:28 [ultranest] [DEBUG] Plateau detected at L=-1.854791e+02, not replacing live point.
09:02:28 [ultranest] [DEBUG] Plateau detected at L=-1.854791e+02, not replacing live point.
09:02:28 [ultranest] [DEBUG] Plateau detected at L=-1.854791e+02, not replacing live point.
09:02:28 [ultranest] [DEBUG] Plateau detected at L=-1.854791e+02, not replacing live point.
09:02:28 [ultranest] [DEBUG] Plateau detected at L=-1.854791e+02, not replacing live point.
09:02:28 [ultranest] [DEBUG] Plateau detected at L=-1.854791e+02, not replacing live point.
09:02:28 [ultranest] [DEBUG] Plateau detected at L=-1.854791e+02, not replacing live point.
09:02:28 [ultranest] [DEBUG] Plateau detected at L=-1.854791e+02, not replacing live point.
09:02:28 [ultranest] [DEBUG] Plateau detected at L=-1.854791e+02, not replacing live point.
09:02:28 [ultranest] [DEBUG] Plateau detected at L=-1.854791e+02, not replacing live point.
09:02:28 [ultranest] [DEBUG] Plateau detected at L=-1.854791e+02, not replacing live point.
09:02:28 [ultranest] [DEBUG] Plateau detected at L=-1.854791e+02, not replacing live point.
09:02:28 [ultranest] [DEBUG] Plateau detected at L=-1.854791e+02, not replacing live point.
09:02:28 [ultranest] [DEBUG] Plateau detected at L=-1.854791e+02, not replacing live point.
09:02:28 [ultranest] [DEBUG] Plateau detected at L=-1.854791e+02, not replacing live point.
09:02:28 [ultranest] [DEBUG] Plateau detected at L=-1.854791e+02, not replacing live point.
09:02:28 [ultranest] [DEBUG] Plateau detected at L=-1.854791e+02, not replacing live point.
09:02:28 [ultranest] [DEBUG] Plateau detected at L=-1.854791e+02, not replacing live point.
09:02:28 [ultranest] [DEBUG] Plateau detected at L=-1.854791e+02, not replacing live point.
09:02:28 [ultranest] [DEBUG] Plateau detected at L=-1.854791e+02, not replacing live point.
09:02:28 [ultranest] [DEBUG] Plateau detected at L=-1.854791e+02, not replacing live point.
09:02:28 [ultranest] [DEBUG] Plateau detected at L=-1.854791e+02, not replacing live point.
09:02:28 [ultranest] [DEBUG] Plateau detected at L=-1.854791e+02, not replacing live point.
09:02:28 [ultranest] [DEBUG] Plateau detected at L=-1.854791e+02, not replacing live point.
09:02:28 [ultranest] [DEBUG] Plateau detected at L=-1.854791e+02, not replacing live point.
09:02:28 [ultranest] [DEBUG] Plateau detected at L=-1.854791e+02, not replacing live point.
09:02:28 [ultranest] [DEBUG] Plateau detected at L=-1.854791e+02, not replacing live point.
09:02:28 [ultranest] [DEBUG] Plateau detected at L=-1.854791e+02, not replacing live point.
09:02:28 [ultranest] [DEBUG] Plateau detected at L=-1.854791e+02, not replacing live point.
09:02:28 [ultranest] [DEBUG] Plateau detected at L=-1.854791e+02, not replacing live point.
09:02:28 [ultranest] [DEBUG] Plateau detected at L=-1.854791e+02, not replacing live point.
09:02:28 [ultranest] [DEBUG] Plateau detected at L=-1.854791e+02, not replacing live point.
09:02:28 [ultranest] [DEBUG] Plateau detected at L=-1.854791e+02, not replacing live point.
09:02:28 [ultranest] [DEBUG] Plateau detected at L=-1.854791e+02, not replacing live point.
09:02:28 [ultranest] [DEBUG] Plateau detected at L=-1.854791e+02, not replacing live point.
09:02:28 [ultranest] [DEBUG] Plateau detected at L=-1.854791e+02, not replacing live point.
09:02:28 [ultranest] [DEBUG] Plateau detected at L=-1.854791e+02, not replacing live point.
09:02:28 [ultranest] [DEBUG] Plateau detected at L=-1.854791e+02, not replacing live point.
09:02:28 [ultranest] [DEBUG] Plateau detected at L=-1.854791e+02, not replacing live point.
09:02:28 [ultranest] [DEBUG] Plateau detected at L=-1.854791e+02, not replacing live point.
09:02:28 [ultranest] [DEBUG] Plateau detected at L=-1.854791e+02, not replacing live point.
09:02:28 [ultranest] [DEBUG] Plateau detected at L=-1.854791e+02, not replacing live point.
09:02:28 [ultranest] [DEBUG] Plateau detected at L=-1.854791e+02, not replacing live point.
09:02:28 [ultranest] [DEBUG] Plateau detected at L=-1.854791e+02, not replacing live point.
09:02:28 [ultranest] [DEBUG] Plateau detected at L=-1.854791e+02, not replacing live point.
09:02:28 [ultranest] [DEBUG] Plateau detected at L=-1.854791e+02, not replacing live point.
09:02:28 [ultranest] [DEBUG] Plateau detected at L=-1.854791e+02, not replacing live point.
09:02:28 [ultranest] [DEBUG] Plateau detected at L=-1.854791e+02, not replacing live point.
09:02:28 [ultranest] [DEBUG] Plateau detected at L=-1.854791e+02, not replacing live point.
09:02:28 [ultranest] [DEBUG] Plateau detected at L=-1.854791e+02, not replacing live point.
09:02:28 [ultranest] [DEBUG] Plateau detected at L=-1.854791e+02, not replacing live point.
09:02:28 [ultranest] [DEBUG] Plateau detected at L=-1.854791e+02, not replacing live point.
09:02:28 [ultranest] [DEBUG] Plateau detected at L=-1.854791e+02, not replacing live point.
09:02:28 [ultranest] [DEBUG] Plateau detected at L=-1.854791e+02, not replacing live point.
09:02:28 [ultranest] [DEBUG] iteration=249, ncalls=467, regioncalls=2680, ndraw=40, logz=-186.37, remainder_fraction=100.0000%, Lmin=-185.48, Lmax=-15.62
09:02:28 [ultranest] [DEBUG] Plateau detected at L=-1.854791e+02, not replacing live point.
09:02:28 [ultranest] [DEBUG] iteration=251, ncalls=468, regioncalls=2720, ndraw=40, logz=-186.36, remainder_fraction=100.0000%, Lmin=-185.48, Lmax=-15.62
09:02:28 [ultranest] [DEBUG] Plateau detected at L=-1.854791e+02, not replacing live point.
09:02:28 [ultranest] [DEBUG] Plateau detected at L=-1.854791e+02, not replacing live point.
09:02:28 [ultranest] [DEBUG] Plateau detected at L=-1.854791e+02, not replacing live point.
09:02:28 [ultranest] [DEBUG] iteration=256, ncalls=477, regioncalls=3080, ndraw=40, logz=-186.34, remainder_fraction=100.0000%, Lmin=-185.48, Lmax=-15.62
09:02:28 [ultranest] [DEBUG] iteration=280, ncalls=506, regioncalls=4240, ndraw=40, logz=-186.23, remainder_fraction=100.0000%, Lmin=-185.48, Lmax=-15.62
09:02:29 [ultranest] [DEBUG] iteration=302, ncalls=539, regioncalls=5560, ndraw=40, logz=-186.15, remainder_fraction=100.0000%, Lmin=-185.48, Lmax=-15.62
09:02:29 [ultranest] [DEBUG] iteration=317, ncalls=578, regioncalls=7120, ndraw=40, logz=-186.10, remainder_fraction=100.0000%, Lmin=-185.48, Lmax=-15.62
09:02:29 [ultranest] [DEBUG] iteration=320, ncalls=582, regioncalls=7280, ndraw=40, logz=-186.09, remainder_fraction=100.0000%, Lmin=-185.48, Lmax=-15.62
09:02:29 [ultranest] [DEBUG] iteration=342, ncalls=623, regioncalls=8920, ndraw=40, logz=-186.03, remainder_fraction=100.0000%, Lmin=-185.48, Lmax=-15.62
09:02:29 [ultranest] [DEBUG] iteration=360, ncalls=651, regioncalls=10040, ndraw=40, logz=-185.99, remainder_fraction=100.0000%, Lmin=-185.48, Lmax=-15.62
09:02:29 [ultranest] [DEBUG] iteration=379, ncalls=689, regioncalls=11560, ndraw=40, logz=-185.95, remainder_fraction=100.0000%, Lmin=-185.48, Lmax=-15.62
09:02:29 [ultranest] [DEBUG] iteration=394, ncalls=723, regioncalls=12920, ndraw=40, logz=-185.93, remainder_fraction=100.0000%, Lmin=-185.48, Lmax=-15.62
09:02:29 [ultranest] [DEBUG] iteration=400, ncalls=733, regioncalls=13320, ndraw=40, logz=-185.92, remainder_fraction=100.0000%, Lmin=-185.48, Lmax=-15.62
09:02:29 [ultranest] [DEBUG] iteration=416, ncalls=776, regioncalls=15040, ndraw=40, logz=-185.89, remainder_fraction=100.0000%, Lmin=-185.47, Lmax=-15.62
09:02:29 [ultranest] [DEBUG] iteration=431, ncalls=823, regioncalls=16920, ndraw=40, logz=-185.87, remainder_fraction=100.0000%, Lmin=-185.47, Lmax=-15.62
09:02:29 [ultranest] [DEBUG] iteration=440, ncalls=840, regioncalls=17600, ndraw=40, logz=-185.86, remainder_fraction=100.0000%, Lmin=-185.46, Lmax=-15.62
09:02:29 [ultranest] [DEBUG] iteration=459, ncalls=879, regioncalls=19160, ndraw=40, logz=-185.84, remainder_fraction=100.0000%, Lmin=-185.42, Lmax=-15.62
09:02:30 [ultranest] [DEBUG] iteration=477, ncalls=923, regioncalls=20920, ndraw=40, logz=-185.81, remainder_fraction=100.0000%, Lmin=-185.35, Lmax=-15.62
09:02:30 [ultranest] [DEBUG] iteration=480, ncalls=928, regioncalls=21120, ndraw=40, logz=-185.81, remainder_fraction=100.0000%, Lmin=-185.33, Lmax=-15.62
09:02:30 [ultranest] [DEBUG] iteration=486, ncalls=939, regioncalls=21560, ndraw=40, logz=-185.80, remainder_fraction=100.0000%, Lmin=-185.30, Lmax=-15.62
09:02:30 [ultranest] [DEBUG] iteration=505, ncalls=982, regioncalls=23280, ndraw=40, logz=-185.78, remainder_fraction=100.0000%, Lmin=-185.14, Lmax=-15.62
09:02:30 [ultranest] [DEBUG] iteration=520, ncalls=1021, regioncalls=24840, ndraw=40, logz=-185.76, remainder_fraction=100.0000%, Lmin=-184.89, Lmax=-15.62
09:02:30 [ultranest] [DEBUG] iteration=536, ncalls=1060, regioncalls=26400, ndraw=40, logz=-185.74, remainder_fraction=100.0000%, Lmin=-184.49, Lmax=-15.62
09:02:30 [ultranest] [DEBUG] iteration=549, ncalls=1105, regioncalls=28200, ndraw=40, logz=-185.71, remainder_fraction=100.0000%, Lmin=-184.29, Lmax=-15.62
09:02:30 [ultranest] [DEBUG] iteration=560, ncalls=1144, regioncalls=29760, ndraw=40, logz=-185.68, remainder_fraction=100.0000%, Lmin=-183.64, Lmax=-15.62
09:02:30 [ultranest] [DEBUG] iteration=577, ncalls=1193, regioncalls=31720, ndraw=40, logz=-185.60, remainder_fraction=100.0000%, Lmin=-182.68, Lmax=-15.62
09:02:30 [ultranest] [DEBUG] iteration=590, ncalls=1233, regioncalls=33320, ndraw=40, logz=-185.45, remainder_fraction=100.0000%, Lmin=-181.61, Lmax=-14.19
09:02:30 [ultranest] [DEBUG] iteration=600, ncalls=1262, regioncalls=34480, ndraw=40, logz=-185.23, remainder_fraction=100.0000%, Lmin=-180.98, Lmax=-14.19
09:02:30 [ultranest] [DEBUG] iteration=617, ncalls=1308, regioncalls=36320, ndraw=40, logz=-184.59, remainder_fraction=100.0000%, Lmin=-179.45, Lmax=-14.19
09:02:31 [ultranest] [DEBUG] iteration=624, ncalls=1338, regioncalls=37520, ndraw=40, logz=-184.05, remainder_fraction=100.0000%, Lmin=-178.35, Lmax=-14.19
09:02:31 [ultranest] [DEBUG] iteration=639, ncalls=1381, regioncalls=39240, ndraw=40, logz=-182.51, remainder_fraction=100.0000%, Lmin=-176.68, Lmax=-14.19
09:02:31 [ultranest] [DEBUG] iteration=640, ncalls=1386, regioncalls=39440, ndraw=40, logz=-182.41, remainder_fraction=100.0000%, Lmin=-176.67, Lmax=-14.19
09:02:31 [ultranest] [DEBUG] iteration=662, ncalls=1431, regioncalls=41240, ndraw=40, logz=-178.95, remainder_fraction=100.0000%, Lmin=-171.29, Lmax=-14.19
09:02:31 [ultranest] [DEBUG] iteration=670, ncalls=1453, regioncalls=42120, ndraw=40, logz=-176.67, remainder_fraction=100.0000%, Lmin=-169.51, Lmax=-14.19
09:02:31 [ultranest] [DEBUG] iteration=680, ncalls=1474, regioncalls=42960, ndraw=40, logz=-174.56, remainder_fraction=100.0000%, Lmin=-168.19, Lmax=-14.19
09:02:31 [ultranest] [DEBUG] iteration=698, ncalls=1517, regioncalls=44680, ndraw=40, logz=-171.09, remainder_fraction=100.0000%, Lmin=-163.49, Lmax=-14.19
09:02:31 [ultranest] [DEBUG] iteration=716, ncalls=1561, regioncalls=46480, ndraw=40, logz=-164.03, remainder_fraction=100.0000%, Lmin=-156.90, Lmax=-14.19
09:02:31 [ultranest] [DEBUG] iteration=720, ncalls=1568, regioncalls=46760, ndraw=40, logz=-163.10, remainder_fraction=100.0000%, Lmin=-155.66, Lmax=-14.19
09:02:31 [ultranest] [DEBUG] iteration=739, ncalls=1608, regioncalls=48360, ndraw=40, logz=-156.20, remainder_fraction=100.0000%, Lmin=-148.56, Lmax=-14.19
09:02:31 [ultranest] [DEBUG] iteration=757, ncalls=1668, regioncalls=50760, ndraw=40, logz=-148.57, remainder_fraction=100.0000%, Lmin=-140.98, Lmax=-14.19
09:02:31 [ultranest] [DEBUG] iteration=760, ncalls=1684, regioncalls=51400, ndraw=40, logz=-147.54, remainder_fraction=100.0000%, Lmin=-139.59, Lmax=-14.19
09:02:31 [ultranest] [DEBUG] iteration=762, ncalls=1688, regioncalls=51560, ndraw=40, logz=-146.69, remainder_fraction=100.0000%, Lmin=-139.10, Lmax=-14.19
09:02:31 [ultranest] [DEBUG] iteration=779, ncalls=1728, regioncalls=53200, ndraw=40, logz=-141.37, remainder_fraction=100.0000%, Lmin=-134.05, Lmax=-14.19
09:02:32 [ultranest] [DEBUG] iteration=793, ncalls=1771, regioncalls=54920, ndraw=40, logz=-137.47, remainder_fraction=100.0000%, Lmin=-130.17, Lmax=-14.19
09:02:32 [ultranest] [DEBUG] iteration=800, ncalls=1791, regioncalls=55720, ndraw=40, logz=-135.65, remainder_fraction=100.0000%, Lmin=-128.11, Lmax=-14.19
09:02:32 [ultranest] [DEBUG] iteration=813, ncalls=1831, regioncalls=57360, ndraw=40, logz=-131.63, remainder_fraction=100.0000%, Lmin=-124.05, Lmax=-14.19
09:02:32 [ultranest] [DEBUG] iteration=828, ncalls=1877, regioncalls=59200, ndraw=40, logz=-128.01, remainder_fraction=100.0000%, Lmin=-119.04, Lmax=-14.19
09:02:32 [ultranest] [DEBUG] iteration=840, ncalls=1902, regioncalls=60200, ndraw=40, logz=-123.60, remainder_fraction=100.0000%, Lmin=-116.48, Lmax=-14.19
09:02:32 [ultranest] [DEBUG] iteration=851, ncalls=1953, regioncalls=62240, ndraw=40, logz=-121.79, remainder_fraction=100.0000%, Lmin=-114.56, Lmax=-14.19
09:02:32 [ultranest] [DEBUG] iteration=863, ncalls=1994, regioncalls=63880, ndraw=40, logz=-119.70, remainder_fraction=100.0000%, Lmin=-112.10, Lmax=-14.19
09:02:32 [ultranest] [DEBUG] iteration=877, ncalls=2040, regioncalls=65720, ndraw=40, logz=-113.72, remainder_fraction=100.0000%, Lmin=-105.12, Lmax=-14.19
09:02:32 [ultranest] [DEBUG] iteration=880, ncalls=2047, regioncalls=66000, ndraw=40, logz=-112.48, remainder_fraction=100.0000%, Lmin=-104.24, Lmax=-14.19
09:02:32 [ultranest] [DEBUG] iteration=897, ncalls=2085, regioncalls=67520, ndraw=40, logz=-107.21, remainder_fraction=100.0000%, Lmin=-99.64, Lmax=-14.19
09:02:32 [ultranest] [DEBUG] iteration=911, ncalls=2120, regioncalls=68920, ndraw=40, logz=-103.37, remainder_fraction=100.0000%, Lmin=-95.23, Lmax=-14.19
09:02:33 [ultranest] [DEBUG] iteration=920, ncalls=2157, regioncalls=70400, ndraw=40, logz=-101.31, remainder_fraction=100.0000%, Lmin=-93.56, Lmax=-14.19
09:02:33 [ultranest] [DEBUG] iteration=929, ncalls=2214, regioncalls=72680, ndraw=40, logz=-99.83, remainder_fraction=100.0000%, Lmin=-91.68, Lmax=-14.19
09:02:33 [ultranest] [DEBUG] iteration=943, ncalls=2263, regioncalls=74640, ndraw=40, logz=-96.38, remainder_fraction=100.0000%, Lmin=-88.59, Lmax=-14.19
09:02:33 [ultranest] [DEBUG] iteration=946, ncalls=2273, regioncalls=75040, ndraw=40, logz=-95.90, remainder_fraction=100.0000%, Lmin=-88.29, Lmax=-14.19
09:02:33 [ultranest] [DEBUG] iteration=960, ncalls=2315, regioncalls=76800, ndraw=40, logz=-93.92, remainder_fraction=100.0000%, Lmin=-86.08, Lmax=-14.19
09:02:33 [ultranest] [DEBUG] iteration=979, ncalls=2357, regioncalls=78480, ndraw=40, logz=-90.63, remainder_fraction=100.0000%, Lmin=-82.79, Lmax=-14.19
09:02:33 [ultranest] [DEBUG] iteration=992, ncalls=2403, regioncalls=80320, ndraw=40, logz=-87.88, remainder_fraction=100.0000%, Lmin=-79.59, Lmax=-14.19
09:02:33 [ultranest] [DEBUG] iteration=1000, ncalls=2415, regioncalls=80800, ndraw=40, logz=-86.30, remainder_fraction=100.0000%, Lmin=-78.39, Lmax=-14.19
09:02:33 [ultranest] [DEBUG] iteration=1014, ncalls=2457, regioncalls=82480, ndraw=40, logz=-83.77, remainder_fraction=100.0000%, Lmin=-75.74, Lmax=-14.19
09:02:33 [ultranest] [DEBUG] iteration=1024, ncalls=2503, regioncalls=84320, ndraw=40, logz=-82.68, remainder_fraction=100.0000%, Lmin=-75.13, Lmax=-14.19
09:02:33 [ultranest] [DEBUG] iteration=1036, ncalls=2541, regioncalls=85840, ndraw=40, logz=-80.90, remainder_fraction=100.0000%, Lmin=-72.91, Lmax=-14.19
09:02:33 [ultranest] [DEBUG] iteration=1040, ncalls=2546, regioncalls=86040, ndraw=40, logz=-80.34, remainder_fraction=100.0000%, Lmin=-71.99, Lmax=-14.19
09:02:34 [ultranest] [DEBUG] iteration=1055, ncalls=2589, regioncalls=87760, ndraw=40, logz=-77.97, remainder_fraction=100.0000%, Lmin=-69.54, Lmax=-14.19
09:02:34 [ultranest] [DEBUG] iteration=1074, ncalls=2637, regioncalls=89680, ndraw=40, logz=-74.90, remainder_fraction=100.0000%, Lmin=-66.73, Lmax=-14.19
09:02:34 [ultranest] [DEBUG] iteration=1080, ncalls=2650, regioncalls=90200, ndraw=40, logz=-73.84, remainder_fraction=100.0000%, Lmin=-65.21, Lmax=-14.19
09:02:34 [ultranest] [DEBUG] iteration=1092, ncalls=2693, regioncalls=91920, ndraw=40, logz=-71.11, remainder_fraction=100.0000%, Lmin=-62.90, Lmax=-14.19
09:02:34 [ultranest] [DEBUG] iteration=1107, ncalls=2739, regioncalls=93760, ndraw=40, logz=-68.82, remainder_fraction=100.0000%, Lmin=-60.43, Lmax=-14.19
09:02:34 [ultranest] [DEBUG] iteration=1120, ncalls=2781, regioncalls=95440, ndraw=40, logz=-66.87, remainder_fraction=100.0000%, Lmin=-58.74, Lmax=-14.19
09:02:34 [ultranest] [DEBUG] iteration=1134, ncalls=2824, regioncalls=97160, ndraw=40, logz=-65.14, remainder_fraction=100.0000%, Lmin=-56.47, Lmax=-14.19
09:02:34 [ultranest] [DEBUG] iteration=1146, ncalls=2871, regioncalls=99040, ndraw=40, logz=-63.13, remainder_fraction=100.0000%, Lmin=-54.39, Lmax=-14.19
09:02:34 [ultranest] [DEBUG] iteration=1160, ncalls=2919, regioncalls=100960, ndraw=40, logz=-61.02, remainder_fraction=100.0000%, Lmin=-52.32, Lmax=-14.19
09:02:34 [ultranest] [DEBUG] iteration=1169, ncalls=2973, regioncalls=103120, ndraw=40, logz=-59.85, remainder_fraction=100.0000%, Lmin=-51.43, Lmax=-14.19
09:02:34 [ultranest] [DEBUG] iteration=1176, ncalls=2993, regioncalls=103960, ndraw=40, logz=-59.16, remainder_fraction=100.0000%, Lmin=-50.65, Lmax=-14.19
09:02:35 [ultranest] [DEBUG] iteration=1195, ncalls=3032, regioncalls=105520, ndraw=40, logz=-57.02, remainder_fraction=100.0000%, Lmin=-48.52, Lmax=-14.19
09:02:35 [ultranest] [DEBUG] iteration=1200, ncalls=3042, regioncalls=105920, ndraw=40, logz=-56.55, remainder_fraction=100.0000%, Lmin=-48.00, Lmax=-14.19
09:02:35 [ultranest] [DEBUG] iteration=1212, ncalls=3092, regioncalls=107920, ndraw=40, logz=-55.15, remainder_fraction=100.0000%, Lmin=-46.52, Lmax=-14.19
09:02:35 [ultranest] [DEBUG] iteration=1222, ncalls=3120, regioncalls=109080, ndraw=40, logz=-53.68, remainder_fraction=100.0000%, Lmin=-45.00, Lmax=-14.19
09:02:35 [ultranest] [DEBUG] iteration=1235, ncalls=3162, regioncalls=110800, ndraw=40, logz=-52.38, remainder_fraction=100.0000%, Lmin=-43.84, Lmax=-14.19
09:02:35 [ultranest] [DEBUG] iteration=1240, ncalls=3179, regioncalls=111480, ndraw=40, logz=-51.95, remainder_fraction=100.0000%, Lmin=-43.31, Lmax=-14.19
09:02:35 [ultranest] [DEBUG] iteration=1258, ncalls=3222, regioncalls=113200, ndraw=40, logz=-49.73, remainder_fraction=100.0000%, Lmin=-40.63, Lmax=-14.19
09:02:35 [ultranest] [DEBUG] iteration=1268, ncalls=3237, regioncalls=113840, ndraw=40, logz=-48.60, remainder_fraction=100.0000%, Lmin=-39.90, Lmax=-14.19
09:02:35 [ultranest] [DEBUG] iteration=1280, ncalls=3268, regioncalls=115080, ndraw=40, logz=-47.70, remainder_fraction=100.0000%, Lmin=-39.28, Lmax=-14.19
09:02:35 [ultranest] [DEBUG] iteration=1299, ncalls=3311, regioncalls=116800, ndraw=40, logz=-46.67, remainder_fraction=100.0000%, Lmin=-38.54, Lmax=-14.19
09:02:35 [ultranest] [DEBUG] iteration=1314, ncalls=3343, regioncalls=118120, ndraw=40, logz=-45.88, remainder_fraction=100.0000%, Lmin=-37.06, Lmax=-14.19
09:02:35 [ultranest] [DEBUG] iteration=1320, ncalls=3351, regioncalls=118440, ndraw=40, logz=-45.41, remainder_fraction=100.0000%, Lmin=-36.56, Lmax=-14.19
09:02:35 [ultranest] [DEBUG] iteration=1340, ncalls=3390, regioncalls=120000, ndraw=40, logz=-43.98, remainder_fraction=100.0000%, Lmin=-35.14, Lmax=-14.19
09:02:36 [ultranest] [DEBUG] iteration=1360, ncalls=3434, regioncalls=121760, ndraw=40, logz=-42.55, remainder_fraction=100.0000%, Lmin=-33.61, Lmax=-14.19
09:02:36 [ultranest] [DEBUG] iteration=1375, ncalls=3476, regioncalls=123440, ndraw=40, logz=-41.46, remainder_fraction=100.0000%, Lmin=-32.60, Lmax=-14.19
09:02:36 [ultranest] [DEBUG] iteration=1394, ncalls=3521, regioncalls=125240, ndraw=40, logz=-40.37, remainder_fraction=100.0000%, Lmin=-31.52, Lmax=-14.19
09:02:36 [ultranest] [DEBUG] iteration=1400, ncalls=3540, regioncalls=126000, ndraw=40, logz=-40.03, remainder_fraction=100.0000%, Lmin=-31.13, Lmax=-14.19
09:02:36 [ultranest] [DEBUG] iteration=1406, ncalls=3552, regioncalls=126520, ndraw=40, logz=-39.61, remainder_fraction=100.0000%, Lmin=-30.54, Lmax=-14.19
09:02:36 [ultranest] [DEBUG] iteration=1428, ncalls=3587, regioncalls=127920, ndraw=40, logz=-38.26, remainder_fraction=100.0000%, Lmin=-29.34, Lmax=-14.19
09:02:36 [ultranest] [DEBUG] iteration=1440, ncalls=3622, regioncalls=129320, ndraw=40, logz=-37.64, remainder_fraction=99.9999%, Lmin=-28.72, Lmax=-14.19
09:02:36 [ultranest] [DEBUG] iteration=1455, ncalls=3663, regioncalls=130960, ndraw=40, logz=-36.89, remainder_fraction=99.9999%, Lmin=-27.83, Lmax=-14.19
09:02:36 [ultranest] [DEBUG] iteration=1475, ncalls=3704, regioncalls=132600, ndraw=40, logz=-35.78, remainder_fraction=99.9995%, Lmin=-26.60, Lmax=-14.19
09:02:36 [ultranest] [DEBUG] iteration=1480, ncalls=3721, regioncalls=133280, ndraw=40, logz=-35.48, remainder_fraction=99.9994%, Lmin=-26.19, Lmax=-14.19
09:02:36 [ultranest] [DEBUG] iteration=1497, ncalls=3773, regioncalls=135360, ndraw=40, logz=-34.64, remainder_fraction=99.9985%, Lmin=-25.62, Lmax=-14.19
09:02:36 [ultranest] [DEBUG] iteration=1498, ncalls=3775, regioncalls=135520, ndraw=40, logz=-34.60, remainder_fraction=99.9984%, Lmin=-25.58, Lmax=-14.19
09:02:37 [ultranest] [DEBUG] iteration=1520, ncalls=3812, regioncalls=137000, ndraw=40, logz=-33.39, remainder_fraction=99.9949%, Lmin=-23.73, Lmax=-14.13
09:02:37 [ultranest] [DEBUG] iteration=1541, ncalls=3853, regioncalls=138640, ndraw=40, logz=-32.07, remainder_fraction=99.9816%, Lmin=-22.64, Lmax=-14.13
09:02:37 [ultranest] [DEBUG] iteration=1544, ncalls=3859, regioncalls=138920, ndraw=40, logz=-31.92, remainder_fraction=99.9795%, Lmin=-22.52, Lmax=-14.02
09:02:37 [ultranest] [DEBUG] iteration=1560, ncalls=3894, regioncalls=140320, ndraw=40, logz=-31.22, remainder_fraction=99.9612%, Lmin=-21.95, Lmax=-14.02
09:02:37 [ultranest] [DEBUG] iteration=1582, ncalls=3934, regioncalls=141920, ndraw=40, logz=-30.52, remainder_fraction=99.9207%, Lmin=-21.56, Lmax=-14.02
09:02:37 [ultranest] [DEBUG] iteration=1590, ncalls=3943, regioncalls=142320, ndraw=40, logz=-30.32, remainder_fraction=99.9021%, Lmin=-21.39, Lmax=-14.02
09:02:37 [ultranest] [DEBUG] iteration=1600, ncalls=3957, regioncalls=142880, ndraw=40, logz=-30.07, remainder_fraction=99.8781%, Lmin=-21.18, Lmax=-14.02
09:02:37 [ultranest] [DEBUG] iteration=1621, ncalls=3998, regioncalls=144520, ndraw=40, logz=-29.62, remainder_fraction=99.8186%, Lmin=-20.65, Lmax=-14.02
09:02:37 [ultranest] [DEBUG] iteration=1640, ncalls=4028, regioncalls=145720, ndraw=40, logz=-29.19, remainder_fraction=99.7323%, Lmin=-20.00, Lmax=-14.02
09:02:37 [ultranest] [DEBUG] iteration=1661, ncalls=4065, regioncalls=147200, ndraw=40, logz=-28.70, remainder_fraction=99.5628%, Lmin=-19.46, Lmax=-14.02
09:02:37 [ultranest] [DEBUG] iteration=1680, ncalls=4107, regioncalls=148880, ndraw=40, logz=-28.27, remainder_fraction=99.3107%, Lmin=-19.05, Lmax=-14.02
09:02:37 [ultranest] [DEBUG] iteration=1682, ncalls=4115, regioncalls=149280, ndraw=40, logz=-28.23, remainder_fraction=99.2809%, Lmin=-19.00, Lmax=-14.02
09:02:37 [ultranest] [DEBUG] iteration=1704, ncalls=4153, regioncalls=150800, ndraw=40, logz=-27.80, remainder_fraction=98.8497%, Lmin=-18.58, Lmax=-14.02
09:02:37 [ultranest] [DEBUG] iteration=1720, ncalls=4176, regioncalls=151720, ndraw=40, logz=-27.51, remainder_fraction=98.4054%, Lmin=-18.25, Lmax=-14.02
09:02:38 [ultranest] [DEBUG] iteration=1728, ncalls=4195, regioncalls=152520, ndraw=40, logz=-27.37, remainder_fraction=98.1794%, Lmin=-18.11, Lmax=-14.02
09:02:38 [ultranest] [DEBUG] iteration=1749, ncalls=4231, regioncalls=154080, ndraw=40, logz=-27.02, remainder_fraction=97.3696%, Lmin=-17.80, Lmax=-14.02
09:02:38 [ultranest] [DEBUG] iteration=1760, ncalls=4251, regioncalls=154880, ndraw=40, logz=-26.86, remainder_fraction=96.9208%, Lmin=-17.64, Lmax=-14.02
09:02:38 [ultranest] [DEBUG] iteration=1774, ncalls=4275, regioncalls=155880, ndraw=40, logz=-26.66, remainder_fraction=96.2129%, Lmin=-17.31, Lmax=-14.02
09:02:38 [ultranest] [DEBUG] iteration=1796, ncalls=4313, regioncalls=157400, ndraw=40, logz=-26.33, remainder_fraction=94.6569%, Lmin=-16.94, Lmax=-13.97
09:02:38 [ultranest] [DEBUG] iteration=1800, ncalls=4320, regioncalls=157680, ndraw=40, logz=-26.27, remainder_fraction=94.3480%, Lmin=-16.86, Lmax=-13.97
09:02:38 [ultranest] [DEBUG] iteration=1820, ncalls=4360, regioncalls=159320, ndraw=40, logz=-26.01, remainder_fraction=92.5161%, Lmin=-16.69, Lmax=-13.97
09:02:38 [ultranest] [DEBUG] iteration=1839, ncalls=4401, regioncalls=160960, ndraw=40, logz=-25.79, remainder_fraction=90.5495%, Lmin=-16.42, Lmax=-13.97
09:02:38 [ultranest] [DEBUG] iteration=1840, ncalls=4403, regioncalls=161040, ndraw=40, logz=-25.78, remainder_fraction=90.4216%, Lmin=-16.41, Lmax=-13.97
09:02:38 [ultranest] [DEBUG] iteration=1861, ncalls=4446, regioncalls=162760, ndraw=40, logz=-25.56, remainder_fraction=87.7112%, Lmin=-16.21, Lmax=-13.97
09:02:38 [ultranest] [DEBUG] iteration=1866, ncalls=4458, regioncalls=163320, ndraw=40, logz=-25.51, remainder_fraction=87.1315%, Lmin=-16.18, Lmax=-13.97
09:02:38 [ultranest] [DEBUG] iteration=1880, ncalls=4481, regioncalls=164240, ndraw=40, logz=-25.38, remainder_fraction=85.3946%, Lmin=-16.07, Lmax=-13.97
09:02:38 [ultranest] [DEBUG] iteration=1902, ncalls=4524, regioncalls=165960, ndraw=40, logz=-25.19, remainder_fraction=82.2328%, Lmin=-15.87, Lmax=-13.97
09:02:39 [ultranest] [DEBUG] iteration=1920, ncalls=4556, regioncalls=167240, ndraw=40, logz=-25.06, remainder_fraction=79.5260%, Lmin=-15.77, Lmax=-13.97
09:02:39 [ultranest] [DEBUG] iteration=1941, ncalls=4595, regioncalls=168800, ndraw=40, logz=-24.91, remainder_fraction=76.0764%, Lmin=-15.57, Lmax=-13.97
09:02:39 [ultranest] [DEBUG] iteration=1958, ncalls=4620, regioncalls=169840, ndraw=40, logz=-24.80, remainder_fraction=73.2644%, Lmin=-15.48, Lmax=-13.97
09:02:39 [ultranest] [DEBUG] iteration=1960, ncalls=4630, regioncalls=170280, ndraw=40, logz=-24.79, remainder_fraction=72.8690%, Lmin=-15.47, Lmax=-13.97
09:02:39 [ultranest] [DEBUG] iteration=1980, ncalls=4663, regioncalls=171600, ndraw=40, logz=-24.67, remainder_fraction=69.4906%, Lmin=-15.31, Lmax=-13.97
09:02:39 [ultranest] [DEBUG] iteration=2000, ncalls=4699, regioncalls=173040, ndraw=40, logz=-24.56, remainder_fraction=65.9141%, Lmin=-15.21, Lmax=-13.97
09:02:39 [ultranest] [DEBUG] iteration=2004, ncalls=4712, regioncalls=173600, ndraw=40, logz=-24.54, remainder_fraction=65.0704%, Lmin=-15.19, Lmax=-13.97
09:02:39 [ultranest] [DEBUG] iteration=2025, ncalls=4749, regioncalls=175080, ndraw=40, logz=-24.44, remainder_fraction=61.4711%, Lmin=-15.06, Lmax=-13.97
09:02:39 [ultranest] [DEBUG] iteration=2040, ncalls=4776, regioncalls=176160, ndraw=40, logz=-24.37, remainder_fraction=58.4556%, Lmin=-15.02, Lmax=-13.97
09:02:39 [ultranest] [DEBUG] iteration=2050, ncalls=4790, regioncalls=176800, ndraw=40, logz=-24.33, remainder_fraction=56.8412%, Lmin=-14.98, Lmax=-13.97
09:02:39 [ultranest] [DEBUG] iteration=2069, ncalls=4835, regioncalls=178760, ndraw=40, logz=-24.26, remainder_fraction=53.6803%, Lmin=-14.93, Lmax=-13.97
09:02:39 [ultranest] [DEBUG] iteration=2080, ncalls=4862, regioncalls=179840, ndraw=40, logz=-24.22, remainder_fraction=51.8344%, Lmin=-14.90, Lmax=-13.97
09:02:39 [ultranest] [DEBUG] iteration=2096, ncalls=4891, regioncalls=181040, ndraw=40, logz=-24.17, remainder_fraction=49.3160%, Lmin=-14.86, Lmax=-13.97
09:02:40 [ultranest] [DEBUG] iteration=2118, ncalls=4930, regioncalls=182600, ndraw=40, logz=-24.10, remainder_fraction=45.7655%, Lmin=-14.81, Lmax=-13.93
09:02:40 [ultranest] [DEBUG] iteration=2120, ncalls=4936, regioncalls=182840, ndraw=40, logz=-24.10, remainder_fraction=45.5057%, Lmin=-14.80, Lmax=-13.93
09:02:40 [ultranest] [DEBUG] iteration=2140, ncalls=4980, regioncalls=184600, ndraw=40, logz=-24.05, remainder_fraction=42.4673%, Lmin=-14.73, Lmax=-13.93
09:02:40 [ultranest] [DEBUG] iteration=2142, ncalls=4983, regioncalls=184760, ndraw=40, logz=-24.04, remainder_fraction=42.2203%, Lmin=-14.72, Lmax=-13.93
09:02:40 [ultranest] [DEBUG] iteration=2160, ncalls=5011, regioncalls=185880, ndraw=40, logz=-24.00, remainder_fraction=39.6742%, Lmin=-14.67, Lmax=-13.93
09:02:40 [ultranest] [DEBUG] iteration=2182, ncalls=5056, regioncalls=187680, ndraw=40, logz=-23.95, remainder_fraction=36.6185%, Lmin=-14.64, Lmax=-13.93
09:02:40 [ultranest] [DEBUG] iteration=2200, ncalls=5094, regioncalls=189200, ndraw=40, logz=-23.92, remainder_fraction=34.3099%, Lmin=-14.60, Lmax=-13.93
09:02:40 [ultranest] [DEBUG] iteration=2220, ncalls=5136, regioncalls=190880, ndraw=40, logz=-23.88, remainder_fraction=31.8063%, Lmin=-14.56, Lmax=-13.93
09:02:40 [ultranest] [DEBUG] iteration=2234, ncalls=5168, regioncalls=192200, ndraw=40, logz=-23.86, remainder_fraction=30.1602%, Lmin=-14.52, Lmax=-13.93
09:02:40 [ultranest] [DEBUG] iteration=2240, ncalls=5180, regioncalls=192680, ndraw=40, logz=-23.85, remainder_fraction=29.4375%, Lmin=-14.51, Lmax=-13.93
09:02:40 [ultranest] [DEBUG] iteration=2257, ncalls=5219, regioncalls=194240, ndraw=40, logz=-23.82, remainder_fraction=27.6847%, Lmin=-14.47, Lmax=-13.93
09:02:40 [ultranest] [DEBUG] iteration=2277, ncalls=5263, regioncalls=196000, ndraw=40, logz=-23.79, remainder_fraction=25.5890%, Lmin=-14.44, Lmax=-13.93
09:02:40 [ultranest] [DEBUG] iteration=2280, ncalls=5275, regioncalls=196560, ndraw=40, logz=-23.79, remainder_fraction=25.2719%, Lmin=-14.44, Lmax=-13.93
09:02:40 [ultranest] [DEBUG] iteration=2296, ncalls=5316, regioncalls=198200, ndraw=40, logz=-23.77, remainder_fraction=23.7429%, Lmin=-14.41, Lmax=-13.93
09:02:41 [ultranest] [DEBUG] iteration=2318, ncalls=5357, regioncalls=199840, ndraw=40, logz=-23.74, remainder_fraction=21.7180%, Lmin=-14.38, Lmax=-13.93
09:02:41 [ultranest] [DEBUG] iteration=2320, ncalls=5361, regioncalls=200000, ndraw=40, logz=-23.74, remainder_fraction=21.5773%, Lmin=-14.38, Lmax=-13.93
09:02:41 [ultranest] [DEBUG] iteration=2326, ncalls=5373, regioncalls=200560, ndraw=40, logz=-23.73, remainder_fraction=21.0993%, Lmin=-14.36, Lmax=-13.93
09:02:41 [ultranest] [DEBUG] iteration=2344, ncalls=5413, regioncalls=202200, ndraw=40, logz=-23.71, remainder_fraction=19.6468%, Lmin=-14.33, Lmax=-13.93
09:02:41 [ultranest] [DEBUG] iteration=2360, ncalls=5447, regioncalls=203560, ndraw=40, logz=-23.70, remainder_fraction=18.3605%, Lmin=-14.31, Lmax=-13.93
09:02:41 [ultranest] [DEBUG] iteration=2374, ncalls=5487, regioncalls=205160, ndraw=40, logz=-23.69, remainder_fraction=17.3353%, Lmin=-14.30, Lmax=-13.93
09:02:41 [ultranest] [DEBUG] iteration=2394, ncalls=5523, regioncalls=206600, ndraw=40, logz=-23.67, remainder_fraction=15.9696%, Lmin=-14.28, Lmax=-13.93
09:02:41 [ultranest] [DEBUG] iteration=2400, ncalls=5538, regioncalls=207200, ndraw=40, logz=-23.67, remainder_fraction=15.5978%, Lmin=-14.27, Lmax=-13.93
09:02:41 [ultranest] [DEBUG] iteration=2417, ncalls=5583, regioncalls=209000, ndraw=40, logz=-23.65, remainder_fraction=14.5238%, Lmin=-14.25, Lmax=-13.93
09:02:41 [ultranest] [DEBUG] iteration=2418, ncalls=5584, regioncalls=209080, ndraw=40, logz=-23.65, remainder_fraction=14.4587%, Lmin=-14.25, Lmax=-13.93
09:02:41 [ultranest] [DEBUG] iteration=2436, ncalls=5620, regioncalls=210520, ndraw=40, logz=-23.64, remainder_fraction=13.3743%, Lmin=-14.22, Lmax=-13.93
09:02:41 [ultranest] [DEBUG] iteration=2440, ncalls=5626, regioncalls=210760, ndraw=40, logz=-23.64, remainder_fraction=13.1611%, Lmin=-14.22, Lmax=-13.93
09:02:41 [ultranest] [DEBUG] iteration=2460, ncalls=5669, regioncalls=212480, ndraw=40, logz=-23.62, remainder_fraction=12.0909%, Lmin=-14.20, Lmax=-13.93
09:02:41 [ultranest] [DEBUG] iteration=2464, ncalls=5674, regioncalls=212760, ndraw=40, logz=-23.62, remainder_fraction=11.8851%, Lmin=-14.19, Lmax=-13.93
09:02:42 [ultranest] [DEBUG] iteration=2480, ncalls=5702, regioncalls=213880, ndraw=40, logz=-23.61, remainder_fraction=11.1073%, Lmin=-14.18, Lmax=-13.93
09:02:42 [ultranest] [DEBUG] iteration=2496, ncalls=5745, regioncalls=215600, ndraw=40, logz=-23.60, remainder_fraction=10.3396%, Lmin=-14.16, Lmax=-13.93
09:02:42 [ultranest] [DEBUG] iteration=2510, ncalls=5773, regioncalls=216760, ndraw=40, logz=-23.60, remainder_fraction=9.7056%, Lmin=-14.15, Lmax=-13.93
09:02:42 [ultranest] [DEBUG] iteration=2520, ncalls=5792, regioncalls=217520, ndraw=40, logz=-23.59, remainder_fraction=9.2853%, Lmin=-14.14, Lmax=-13.93
09:02:42 [ultranest] [DEBUG] iteration=2539, ncalls=5830, regioncalls=219040, ndraw=40, logz=-23.58, remainder_fraction=8.5326%, Lmin=-14.13, Lmax=-13.93
09:02:42 [ultranest] [DEBUG] iteration=2556, ncalls=5872, regioncalls=220760, ndraw=40, logz=-23.58, remainder_fraction=7.9117%, Lmin=-14.12, Lmax=-13.93
09:02:42 [ultranest] [DEBUG] iteration=2560, ncalls=5879, regioncalls=221040, ndraw=40, logz=-23.58, remainder_fraction=7.7683%, Lmin=-14.12, Lmax=-13.93
09:02:42 [ultranest] [DEBUG] iteration=2579, ncalls=5912, regioncalls=222360, ndraw=40, logz=-23.57, remainder_fraction=7.1483%, Lmin=-14.11, Lmax=-13.93
09:02:42 [ultranest] [DEBUG] iteration=2599, ncalls=5952, regioncalls=223960, ndraw=40, logz=-23.56, remainder_fraction=6.5404%, Lmin=-14.10, Lmax=-13.93
09:02:42 [ultranest] [DEBUG] iteration=2600, ncalls=5953, regioncalls=224000, ndraw=40, logz=-23.56, remainder_fraction=6.5099%, Lmin=-14.09, Lmax=-13.93
09:02:42 [ultranest] [DEBUG] iteration=2602, ncalls=5956, regioncalls=224160, ndraw=40, logz=-23.56, remainder_fraction=6.4487%, Lmin=-14.09, Lmax=-13.93
09:02:42 [ultranest] [DEBUG] iteration=2620, ncalls=5997, regioncalls=225800, ndraw=40, logz=-23.56, remainder_fraction=5.9474%, Lmin=-14.08, Lmax=-13.93
09:02:42 [ultranest] [DEBUG] iteration=2638, ncalls=6039, regioncalls=227480, ndraw=40, logz=-23.55, remainder_fraction=5.4877%, Lmin=-14.08, Lmax=-13.92
09:02:42 [ultranest] [DEBUG] iteration=2640, ncalls=6043, regioncalls=227640, ndraw=40, logz=-23.55, remainder_fraction=5.4377%, Lmin=-14.08, Lmax=-13.92
09:02:42 [ultranest] [DEBUG] iteration=2648, ncalls=6057, regioncalls=228240, ndraw=40, logz=-23.55, remainder_fraction=5.2432%, Lmin=-14.07, Lmax=-13.92
09:02:43 [ultranest] [DEBUG] iteration=2668, ncalls=6095, regioncalls=229760, ndraw=40, logz=-23.54, remainder_fraction=4.7895%, Lmin=-14.06, Lmax=-13.92
09:02:43 [ultranest] [DEBUG] iteration=2680, ncalls=6121, regioncalls=230800, ndraw=40, logz=-23.54, remainder_fraction=4.5360%, Lmin=-14.05, Lmax=-13.92
09:02:43 [ultranest] [DEBUG] iteration=2699, ncalls=6164, regioncalls=232560, ndraw=40, logz=-23.54, remainder_fraction=4.1567%, Lmin=-14.04, Lmax=-13.92
09:02:43 [ultranest] [DEBUG] iteration=2717, ncalls=6203, regioncalls=234120, ndraw=40, logz=-23.53, remainder_fraction=3.8248%, Lmin=-14.04, Lmax=-13.92
09:02:43 [ultranest] [DEBUG] iteration=2720, ncalls=6211, regioncalls=234440, ndraw=40, logz=-23.53, remainder_fraction=3.7711%, Lmin=-14.03, Lmax=-13.92
09:02:43 [ultranest] [DEBUG] iteration=2738, ncalls=6253, regioncalls=236120, ndraw=40, logz=-23.53, remainder_fraction=3.4684%, Lmin=-14.03, Lmax=-13.92
09:02:43 [ultranest] [DEBUG] iteration=2740, ncalls=6255, regioncalls=236240, ndraw=40, logz=-23.53, remainder_fraction=3.4352%, Lmin=-14.03, Lmax=-13.92
09:02:43 [ultranest] [DEBUG] iteration=2760, ncalls=6294, regioncalls=237800, ndraw=40, logz=-23.53, remainder_fraction=3.1302%, Lmin=-14.02, Lmax=-13.92
09:02:43 [ultranest] [DEBUG] iteration=2780, ncalls=6330, regioncalls=239240, ndraw=40, logz=-23.52, remainder_fraction=2.8509%, Lmin=-14.02, Lmax=-13.92
09:02:43 [ultranest] [DEBUG] iteration=2786, ncalls=6346, regioncalls=239920, ndraw=40, logz=-23.52, remainder_fraction=2.7722%, Lmin=-14.02, Lmax=-13.92
09:02:43 [ultranest] [INFO] Explored until L=-1e+01  
09:02:43 [ultranest] [INFO] Likelihood function evaluations: 6346
09:02:44 [ultranest] [INFO] Writing samples and results to disk ...
09:02:44 [ultranest] [INFO] Writing samples and results to disk ... done
09:02:44 [ultranest] [DEBUG] did a run_iter pass!
09:02:44 [ultranest] [INFO]   logZ = -23.55 +- 0.1768
09:02:44 [ultranest] [INFO] Effective samples strategy satisfied (ESS = 852.1, need >400)
09:02:44 [ultranest] [INFO] Posterior uncertainty strategy is satisfied (KL: 0.46+-0.14 nat, need <0.50 nat)
09:02:44 [ultranest] [INFO] Evidency uncertainty strategy is satisfied (dlogz=0.18, need <0.5)
09:02:44 [ultranest] [INFO]   logZ error budget: single: 0.20 bs:0.18 tail:0.03 total:0.18 required:<0.50
09:02:44 [ultranest] [INFO] done iterating.
09:02:44 [ultranest] [DEBUG] Making corner plot ...
09:02:50 [ultranest] [DEBUG] Making corner plot ... done
09:02:50 [ultranest] [DEBUG] Making run plot ... 
09:02:52 [ultranest] [DEBUG] Making run plot ... done
09:02:52 [ultranest] [DEBUG] Making trace plot ... 
09:02:53 [ultranest] [DEBUG] Making trace plot ... done
21:51:14 [ultranest] [DEBUG] ReactiveNestedSampler: dims=3+0, resume=True, log_dir=/home/orion51/Desktop/Research/spectral_fitting/FGL_spectral_fitting/Individual_sources/2CXOJ103142.0+573015/bb_out_, backend=hdf5, vectorized=False, nbootstraps=30, ndraw=128..65536
21:51:14 [ultranest] [DEBUG] Testing resume consistency: [-14.01647539 -13.95689515   0.           0.61015177   0.69949101
   0.07008868  -1.89848232  -0.20203595  19.49062079]: u=[0.61015177 0.69949101 0.07008868] -> p=[-1.89848232 -0.20203595 19.49062079] -> L=-13.956895148370906 
21:51:14 [ultranest] [INFO] Resuming from 2993 stored points
21:51:14 [ultranest] [DEBUG] run_iter dlogz=0.5, dKL=0.5, frac_remain=0.01, Lepsilon=0.1000, min_ess=400
21:51:14 [ultranest] [DEBUG] max_iters=-1, max_ncalls=-1, max_num_improvement_loops=-1, min_num_live_points=400, cluster_num_live_points=40
21:51:14 [ultranest] [DEBUG] minimal_widths_sequence: [(-inf, 400.0), (inf, 400.0)]
21:51:14 [ultranest] [DEBUG] iteration=0, ncalls=6346, regioncalls=0, ndraw=40, logz=-inf, remainder_fraction=100.0000%, Lmin=-54229826.82, Lmax=-15.62
21:51:14 [ultranest] [DEBUG] iteration=40, ncalls=6346, regioncalls=0, ndraw=40, logz=-3520.76, remainder_fraction=100.0000%, Lmin=-3225.58, Lmax=-15.62
21:51:14 [ultranest] [DEBUG] Plateau detected at L=-1.854791e+02, not replacing live point.
21:51:14 [ultranest] [DEBUG] Plateau detected at L=-1.854791e+02, not replacing live point.
21:51:14 [ultranest] [DEBUG] Plateau detected at L=-1.854791e+02, not replacing live point.
21:51:14 [ultranest] [DEBUG] Plateau detected at L=-1.854791e+02, not replacing live point.
21:51:14 [ultranest] [DEBUG] Plateau detected at L=-1.854791e+02, not replacing live point.
21:51:14 [ultranest] [DEBUG] Plateau detected at L=-1.854791e+02, not replacing live point.
21:51:14 [ultranest] [DEBUG] Plateau detected at L=-1.854791e+02, not replacing live point.
21:51:14 [ultranest] [DEBUG] Plateau detected at L=-1.854791e+02, not replacing live point.
21:51:14 [ultranest] [DEBUG] Plateau detected at L=-1.854791e+02, not replacing live point.
21:51:14 [ultranest] [DEBUG] Plateau detected at L=-1.854791e+02, not replacing live point.
21:51:14 [ultranest] [DEBUG] Plateau detected at L=-1.854791e+02, not replacing live point.
21:51:14 [ultranest] [DEBUG] Plateau detected at L=-1.854791e+02, not replacing live point.
21:51:14 [ultranest] [DEBUG] Plateau detected at L=-1.854791e+02, not replacing live point.
21:51:14 [ultranest] [DEBUG] Plateau detected at L=-1.854791e+02, not replacing live point.
21:51:14 [ultranest] [DEBUG] Plateau detected at L=-1.854791e+02, not replacing live point.
21:51:14 [ultranest] [DEBUG] Plateau detected at L=-1.854791e+02, not replacing live point.
21:51:14 [ultranest] [DEBUG] Plateau detected at L=-1.854791e+02, not replacing live point.
21:51:14 [ultranest] [DEBUG] Plateau detected at L=-1.854791e+02, not replacing live point.
21:51:14 [ultranest] [DEBUG] Plateau detected at L=-1.854791e+02, not replacing live point.
21:51:14 [ultranest] [DEBUG] Plateau detected at L=-1.854791e+02, not replacing live point.
21:51:14 [ultranest] [DEBUG] Plateau detected at L=-1.854791e+02, not replacing live point.
21:51:14 [ultranest] [DEBUG] Plateau detected at L=-1.854791e+02, not replacing live point.
21:51:14 [ultranest] [DEBUG] Plateau detected at L=-1.854791e+02, not replacing live point.
21:51:14 [ultranest] [DEBUG] Plateau detected at L=-1.854791e+02, not replacing live point.
21:51:14 [ultranest] [DEBUG] Plateau detected at L=-1.854791e+02, not replacing live point.
21:51:14 [ultranest] [DEBUG] Plateau detected at L=-1.854791e+02, not replacing live point.
21:51:14 [ultranest] [DEBUG] Plateau detected at L=-1.854791e+02, not replacing live point.
21:51:14 [ultranest] [DEBUG] Plateau detected at L=-1.854791e+02, not replacing live point.
21:51:14 [ultranest] [DEBUG] Plateau detected at L=-1.854791e+02, not replacing live point.
21:51:14 [ultranest] [DEBUG] Plateau detected at L=-1.854791e+02, not replacing live point.
21:51:14 [ultranest] [DEBUG] Plateau detected at L=-1.854791e+02, not replacing live point.
21:51:14 [ultranest] [DEBUG] Plateau detected at L=-1.854791e+02, not replacing live point.
21:51:14 [ultranest] [DEBUG] Plateau detected at L=-1.854791e+02, not replacing live point.
21:51:14 [ultranest] [DEBUG] Plateau detected at L=-1.854791e+02, not replacing live point.
21:51:14 [ultranest] [DEBUG] Plateau detected at L=-1.854791e+02, not replacing live point.
21:51:14 [ultranest] [DEBUG] Plateau detected at L=-1.854791e+02, not replacing live point.
21:51:14 [ultranest] [DEBUG] Plateau detected at L=-1.854791e+02, not replacing live point.
21:51:14 [ultranest] [DEBUG] Plateau detected at L=-1.854791e+02, not replacing live point.
21:51:14 [ultranest] [DEBUG] Plateau detected at L=-1.854791e+02, not replacing live point.
21:51:14 [ultranest] [DEBUG] Plateau detected at L=-1.854791e+02, not replacing live point.
21:51:14 [ultranest] [DEBUG] Plateau detected at L=-1.854791e+02, not replacing live point.
21:51:14 [ultranest] [DEBUG] Plateau detected at L=-1.854791e+02, not replacing live point.
21:51:14 [ultranest] [DEBUG] Plateau detected at L=-1.854791e+02, not replacing live point.
21:51:14 [ultranest] [DEBUG] Plateau detected at L=-1.854791e+02, not replacing live point.
21:51:14 [ultranest] [DEBUG] Plateau detected at L=-1.854791e+02, not replacing live point.
21:51:14 [ultranest] [DEBUG] Plateau detected at L=-1.854791e+02, not replacing live point.
21:51:14 [ultranest] [DEBUG] Plateau detected at L=-1.854791e+02, not replacing live point.
21:51:14 [ultranest] [DEBUG] Plateau detected at L=-1.854791e+02, not replacing live point.
21:51:14 [ultranest] [DEBUG] Plateau detected at L=-1.854791e+02, not replacing live point.
21:51:14 [ultranest] [DEBUG] Plateau detected at L=-1.854791e+02, not replacing live point.
21:51:14 [ultranest] [DEBUG] Plateau detected at L=-1.854791e+02, not replacing live point.
21:51:14 [ultranest] [DEBUG] Plateau detected at L=-1.854791e+02, not replacing live point.
21:51:14 [ultranest] [DEBUG] Plateau detected at L=-1.854791e+02, not replacing live point.
21:51:14 [ultranest] [DEBUG] Plateau detected at L=-1.854791e+02, not replacing live point.
21:51:14 [ultranest] [DEBUG] Plateau detected at L=-1.854791e+02, not replacing live point.
21:51:14 [ultranest] [DEBUG] Plateau detected at L=-1.854791e+02, not replacing live point.
21:51:14 [ultranest] [DEBUG] Plateau detected at L=-1.854791e+02, not replacing live point.
21:51:14 [ultranest] [DEBUG] Plateau detected at L=-1.854791e+02, not replacing live point.
21:51:14 [ultranest] [DEBUG] Plateau detected at L=-1.854791e+02, not replacing live point.
21:51:14 [ultranest] [DEBUG] Plateau detected at L=-1.854791e+02, not replacing live point.
21:51:14 [ultranest] [DEBUG] Plateau detected at L=-1.854791e+02, not replacing live point.
21:51:14 [ultranest] [DEBUG] Plateau detected at L=-1.854791e+02, not replacing live point.
21:51:14 [ultranest] [DEBUG] Plateau detected at L=-1.854791e+02, not replacing live point.
21:51:14 [ultranest] [DEBUG] Plateau detected at L=-1.854791e+02, not replacing live point.
21:51:14 [ultranest] [DEBUG] Plateau detected at L=-1.854791e+02, not replacing live point.
21:51:14 [ultranest] [DEBUG] Plateau detected at L=-1.854791e+02, not replacing live point.
21:51:14 [ultranest] [DEBUG] Plateau detected at L=-1.854791e+02, not replacing live point.
21:51:14 [ultranest] [DEBUG] Plateau detected at L=-1.854791e+02, not replacing live point.
21:51:14 [ultranest] [DEBUG] Plateau detected at L=-1.854791e+02, not replacing live point.
21:51:14 [ultranest] [DEBUG] Plateau detected at L=-1.854791e+02, not replacing live point.
21:51:14 [ultranest] [DEBUG] Plateau detected at L=-1.854791e+02, not replacing live point.
21:51:14 [ultranest] [DEBUG] Plateau detected at L=-1.854791e+02, not replacing live point.
21:51:14 [ultranest] [DEBUG] Plateau detected at L=-1.854791e+02, not replacing live point.
21:51:14 [ultranest] [DEBUG] Plateau detected at L=-1.854791e+02, not replacing live point.
21:51:14 [ultranest] [DEBUG] Plateau detected at L=-1.854791e+02, not replacing live point.
21:51:14 [ultranest] [DEBUG] Plateau detected at L=-1.854791e+02, not replacing live point.
21:51:14 [ultranest] [DEBUG] Plateau detected at L=-1.854791e+02, not replacing live point.
21:51:14 [ultranest] [DEBUG] Plateau detected at L=-1.854791e+02, not replacing live point.
21:51:14 [ultranest] [DEBUG] Plateau detected at L=-1.854791e+02, not replacing live point.
21:51:14 [ultranest] [DEBUG] Plateau detected at L=-1.854791e+02, not replacing live point.
21:51:14 [ultranest] [DEBUG] Plateau detected at L=-1.854791e+02, not replacing live point.
21:51:14 [ultranest] [DEBUG] Plateau detected at L=-1.854791e+02, not replacing live point.
21:51:14 [ultranest] [DEBUG] Plateau detected at L=-1.854791e+02, not replacing live point.
21:51:14 [ultranest] [DEBUG] Plateau detected at L=-1.854791e+02, not replacing live point.
21:51:14 [ultranest] [DEBUG] Plateau detected at L=-1.854791e+02, not replacing live point.
21:51:14 [ultranest] [DEBUG] Plateau detected at L=-1.854791e+02, not replacing live point.
21:51:14 [ultranest] [DEBUG] Plateau detected at L=-1.854791e+02, not replacing live point.
21:51:14 [ultranest] [DEBUG] Plateau detected at L=-1.854791e+02, not replacing live point.
21:51:14 [ultranest] [DEBUG] Plateau detected at L=-1.854791e+02, not replacing live point.
21:51:14 [ultranest] [DEBUG] Plateau detected at L=-1.854791e+02, not replacing live point.
21:51:14 [ultranest] [DEBUG] Plateau detected at L=-1.854791e+02, not replacing live point.
21:51:14 [ultranest] [DEBUG] Plateau detected at L=-1.854791e+02, not replacing live point.
21:51:14 [ultranest] [DEBUG] Plateau detected at L=-1.854791e+02, not replacing live point.
21:51:14 [ultranest] [DEBUG] Plateau detected at L=-1.854791e+02, not replacing live point.
21:51:14 [ultranest] [DEBUG] Plateau detected at L=-1.854791e+02, not replacing live point.
21:51:14 [ultranest] [DEBUG] Plateau detected at L=-1.854791e+02, not replacing live point.
21:51:14 [ultranest] [DEBUG] Plateau detected at L=-1.854791e+02, not replacing live point.
21:51:14 [ultranest] [DEBUG] Plateau detected at L=-1.854791e+02, not replacing live point.
21:51:14 [ultranest] [DEBUG] Plateau detected at L=-1.854791e+02, not replacing live point.
21:51:14 [ultranest] [DEBUG] Plateau detected at L=-1.854791e+02, not replacing live point.
21:51:14 [ultranest] [DEBUG] Plateau detected at L=-1.854791e+02, not replacing live point.
21:51:14 [ultranest] [DEBUG] Plateau detected at L=-1.854791e+02, not replacing live point.
21:51:14 [ultranest] [DEBUG] Plateau detected at L=-1.854791e+02, not replacing live point.
21:51:14 [ultranest] [DEBUG] Plateau detected at L=-1.854791e+02, not replacing live point.
21:51:14 [ultranest] [DEBUG] Plateau detected at L=-1.854791e+02, not replacing live point.
21:51:14 [ultranest] [DEBUG] Plateau detected at L=-1.854791e+02, not replacing live point.
21:51:14 [ultranest] [DEBUG] Plateau detected at L=-1.854791e+02, not replacing live point.
21:51:14 [ultranest] [DEBUG] Plateau detected at L=-1.854791e+02, not replacing live point.
21:51:14 [ultranest] [DEBUG] Plateau detected at L=-1.854791e+02, not replacing live point.
21:51:14 [ultranest] [DEBUG] Plateau detected at L=-1.854791e+02, not replacing live point.
21:51:14 [ultranest] [DEBUG] Plateau detected at L=-1.854791e+02, not replacing live point.
21:51:14 [ultranest] [DEBUG] Plateau detected at L=-1.854791e+02, not replacing live point.
21:51:14 [ultranest] [DEBUG] Plateau detected at L=-1.854791e+02, not replacing live point.
21:51:14 [ultranest] [DEBUG] Plateau detected at L=-1.854791e+02, not replacing live point.
21:51:14 [ultranest] [DEBUG] Plateau detected at L=-1.854791e+02, not replacing live point.
21:51:14 [ultranest] [DEBUG] Plateau detected at L=-1.854791e+02, not replacing live point.
21:51:14 [ultranest] [DEBUG] Plateau detected at L=-1.854791e+02, not replacing live point.
21:51:14 [ultranest] [DEBUG] Plateau detected at L=-1.854791e+02, not replacing live point.
21:51:14 [ultranest] [DEBUG] Plateau detected at L=-1.854791e+02, not replacing live point.
21:51:14 [ultranest] [DEBUG] Plateau detected at L=-1.854791e+02, not replacing live point.
21:51:14 [ultranest] [DEBUG] Plateau detected at L=-1.854791e+02, not replacing live point.
21:51:14 [ultranest] [DEBUG] Plateau detected at L=-1.854791e+02, not replacing live point.
21:51:14 [ultranest] [DEBUG] Plateau detected at L=-1.854791e+02, not replacing live point.
21:51:14 [ultranest] [DEBUG] Plateau detected at L=-1.854791e+02, not replacing live point.
21:51:14 [ultranest] [DEBUG] Plateau detected at L=-1.854791e+02, not replacing live point.
21:51:14 [ultranest] [DEBUG] Plateau detected at L=-1.854791e+02, not replacing live point.
21:51:14 [ultranest] [DEBUG] Plateau detected at L=-1.854791e+02, not replacing live point.
21:51:14 [ultranest] [DEBUG] Plateau detected at L=-1.854791e+02, not replacing live point.
21:51:14 [ultranest] [DEBUG] Plateau detected at L=-1.854791e+02, not replacing live point.
21:51:14 [ultranest] [DEBUG] Plateau detected at L=-1.854791e+02, not replacing live point.
21:51:14 [ultranest] [DEBUG] Plateau detected at L=-1.854791e+02, not replacing live point.
21:51:14 [ultranest] [DEBUG] Plateau detected at L=-1.854791e+02, not replacing live point.
21:51:14 [ultranest] [DEBUG] Plateau detected at L=-1.854791e+02, not replacing live point.
21:51:14 [ultranest] [DEBUG] Plateau detected at L=-1.854791e+02, not replacing live point.
21:51:14 [ultranest] [DEBUG] Plateau detected at L=-1.854791e+02, not replacing live point.
21:51:14 [ultranest] [DEBUG] Plateau detected at L=-1.854791e+02, not replacing live point.
21:51:14 [ultranest] [DEBUG] Plateau detected at L=-1.854791e+02, not replacing live point.
21:51:14 [ultranest] [DEBUG] Plateau detected at L=-1.854791e+02, not replacing live point.
21:51:14 [ultranest] [DEBUG] Plateau detected at L=-1.854791e+02, not replacing live point.
21:51:14 [ultranest] [DEBUG] Plateau detected at L=-1.854791e+02, not replacing live point.
21:51:14 [ultranest] [DEBUG] Plateau detected at L=-1.854791e+02, not replacing live point.
21:51:14 [ultranest] [DEBUG] Plateau detected at L=-1.854791e+02, not replacing live point.
21:51:14 [ultranest] [DEBUG] Plateau detected at L=-1.854791e+02, not replacing live point.
21:51:14 [ultranest] [DEBUG] Plateau detected at L=-1.854791e+02, not replacing live point.
21:51:14 [ultranest] [DEBUG] Plateau detected at L=-1.854791e+02, not replacing live point.
21:51:14 [ultranest] [DEBUG] Plateau detected at L=-1.854791e+02, not replacing live point.
21:51:14 [ultranest] [DEBUG] Plateau detected at L=-1.854791e+02, not replacing live point.
21:51:14 [ultranest] [DEBUG] Plateau detected at L=-1.854791e+02, not replacing live point.
21:51:14 [ultranest] [DEBUG] Plateau detected at L=-1.854791e+02, not replacing live point.
21:51:14 [ultranest] [DEBUG] Plateau detected at L=-1.854791e+02, not replacing live point.
21:51:14 [ultranest] [DEBUG] Plateau detected at L=-1.854791e+02, not replacing live point.
21:51:14 [ultranest] [DEBUG] Plateau detected at L=-1.854791e+02, not replacing live point.
21:51:14 [ultranest] [DEBUG] Plateau detected at L=-1.854791e+02, not replacing live point.
21:51:14 [ultranest] [DEBUG] Plateau detected at L=-1.854791e+02, not replacing live point.
21:51:14 [ultranest] [DEBUG] Plateau detected at L=-1.854791e+02, not replacing live point.
21:51:14 [ultranest] [DEBUG] Plateau detected at L=-1.854791e+02, not replacing live point.
21:51:14 [ultranest] [DEBUG] Plateau detected at L=-1.854791e+02, not replacing live point.
21:51:14 [ultranest] [DEBUG] Plateau detected at L=-1.854791e+02, not replacing live point.
21:51:14 [ultranest] [DEBUG] Plateau detected at L=-1.854791e+02, not replacing live point.
21:51:14 [ultranest] [DEBUG] Plateau detected at L=-1.854791e+02, not replacing live point.
21:51:14 [ultranest] [DEBUG] Plateau detected at L=-1.854791e+02, not replacing live point.
21:51:14 [ultranest] [DEBUG] Plateau detected at L=-1.854791e+02, not replacing live point.
21:51:14 [ultranest] [DEBUG] Plateau detected at L=-1.854791e+02, not replacing live point.
21:51:14 [ultranest] [DEBUG] Plateau detected at L=-1.854791e+02, not replacing live point.
21:51:14 [ultranest] [DEBUG] Plateau detected at L=-1.854791e+02, not replacing live point.
21:51:14 [ultranest] [DEBUG] Plateau detected at L=-1.854791e+02, not replacing live point.
21:51:14 [ultranest] [DEBUG] Plateau detected at L=-1.854791e+02, not replacing live point.
21:51:14 [ultranest] [DEBUG] Plateau detected at L=-1.854791e+02, not replacing live point.
21:51:14 [ultranest] [DEBUG] Plateau detected at L=-1.854791e+02, not replacing live point.
21:51:14 [ultranest] [DEBUG] Plateau detected at L=-1.854791e+02, not replacing live point.
21:51:14 [ultranest] [DEBUG] Plateau detected at L=-1.854791e+02, not replacing live point.
21:51:14 [ultranest] [DEBUG] Plateau detected at L=-1.854791e+02, not replacing live point.
21:51:14 [ultranest] [DEBUG] Plateau detected at L=-1.854791e+02, not replacing live point.
21:51:14 [ultranest] [DEBUG] Plateau detected at L=-1.854791e+02, not replacing live point.
21:51:14 [ultranest] [DEBUG] Plateau detected at L=-1.854791e+02, not replacing live point.
21:51:14 [ultranest] [DEBUG] Plateau detected at L=-1.854791e+02, not replacing live point.
21:51:14 [ultranest] [DEBUG] Plateau detected at L=-1.854791e+02, not replacing live point.
21:51:14 [ultranest] [DEBUG] Plateau detected at L=-1.854791e+02, not replacing live point.
21:51:14 [ultranest] [DEBUG] Plateau detected at L=-1.854791e+02, not replacing live point.
21:51:14 [ultranest] [DEBUG] Plateau detected at L=-1.854791e+02, not replacing live point.
21:51:14 [ultranest] [DEBUG] Plateau detected at L=-1.854791e+02, not replacing live point.
21:51:14 [ultranest] [DEBUG] Plateau detected at L=-1.854791e+02, not replacing live point.
21:51:14 [ultranest] [DEBUG] Plateau detected at L=-1.854791e+02, not replacing live point.
21:51:14 [ultranest] [DEBUG] Plateau detected at L=-1.854791e+02, not replacing live point.
21:51:14 [ultranest] [DEBUG] Plateau detected at L=-1.854791e+02, not replacing live point.
21:51:14 [ultranest] [DEBUG] Plateau detected at L=-1.854791e+02, not replacing live point.
21:51:14 [ultranest] [DEBUG] Plateau detected at L=-1.854791e+02, not replacing live point.
21:51:14 [ultranest] [DEBUG] Plateau detected at L=-1.854791e+02, not replacing live point.
21:51:14 [ultranest] [DEBUG] Plateau detected at L=-1.854791e+02, not replacing live point.
21:51:14 [ultranest] [DEBUG] Plateau detected at L=-1.854791e+02, not replacing live point.
21:51:14 [ultranest] [DEBUG] iteration=249, ncalls=6346, regioncalls=0, ndraw=40, logz=-186.37, remainder_fraction=100.0000%, Lmin=-185.48, Lmax=-15.62
21:51:14 [ultranest] [DEBUG] Plateau detected at L=-1.854791e+02, not replacing live point.
21:51:14 [ultranest] [DEBUG] iteration=251, ncalls=6346, regioncalls=0, ndraw=40, logz=-186.36, remainder_fraction=100.0000%, Lmin=-185.48, Lmax=-15.62
21:51:14 [ultranest] [DEBUG] Plateau detected at L=-1.854791e+02, not replacing live point.
21:51:14 [ultranest] [DEBUG] Plateau detected at L=-1.854791e+02, not replacing live point.
21:51:14 [ultranest] [DEBUG] Plateau detected at L=-1.854791e+02, not replacing live point.
21:51:14 [ultranest] [DEBUG] iteration=256, ncalls=6346, regioncalls=0, ndraw=40, logz=-186.34, remainder_fraction=100.0000%, Lmin=-185.48, Lmax=-15.62
21:51:14 [ultranest] [DEBUG] iteration=280, ncalls=6346, regioncalls=0, ndraw=40, logz=-186.23, remainder_fraction=100.0000%, Lmin=-185.48, Lmax=-15.62
21:51:14 [ultranest] [DEBUG] iteration=302, ncalls=6346, regioncalls=0, ndraw=40, logz=-186.15, remainder_fraction=100.0000%, Lmin=-185.48, Lmax=-15.62
21:51:14 [ultranest] [DEBUG] iteration=320, ncalls=6346, regioncalls=0, ndraw=40, logz=-186.09, remainder_fraction=100.0000%, Lmin=-185.48, Lmax=-15.62
21:51:14 [ultranest] [DEBUG] iteration=360, ncalls=6346, regioncalls=0, ndraw=40, logz=-185.99, remainder_fraction=100.0000%, Lmin=-185.48, Lmax=-15.62
21:51:14 [ultranest] [DEBUG] iteration=400, ncalls=6346, regioncalls=0, ndraw=40, logz=-185.92, remainder_fraction=100.0000%, Lmin=-185.48, Lmax=-15.62
21:51:14 [ultranest] [DEBUG] iteration=440, ncalls=6346, regioncalls=0, ndraw=40, logz=-185.86, remainder_fraction=100.0000%, Lmin=-185.46, Lmax=-15.62
21:51:14 [ultranest] [DEBUG] iteration=480, ncalls=6346, regioncalls=0, ndraw=40, logz=-185.81, remainder_fraction=100.0000%, Lmin=-185.33, Lmax=-15.62
21:51:14 [ultranest] [DEBUG] iteration=486, ncalls=6346, regioncalls=0, ndraw=40, logz=-185.80, remainder_fraction=100.0000%, Lmin=-185.30, Lmax=-15.62
21:51:14 [ultranest] [DEBUG] iteration=520, ncalls=6346, regioncalls=0, ndraw=40, logz=-185.76, remainder_fraction=100.0000%, Lmin=-184.89, Lmax=-15.62
21:51:14 [ultranest] [DEBUG] iteration=532, ncalls=6346, regioncalls=0, ndraw=40, logz=-185.74, remainder_fraction=100.0000%, Lmin=-184.57, Lmax=-15.62
21:51:14 [ultranest] [DEBUG] iteration=560, ncalls=6346, regioncalls=0, ndraw=40, logz=-185.68, remainder_fraction=100.0000%, Lmin=-183.64, Lmax=-15.62
21:51:14 [ultranest] [DEBUG] iteration=600, ncalls=6346, regioncalls=0, ndraw=40, logz=-185.23, remainder_fraction=100.0000%, Lmin=-180.98, Lmax=-14.19
21:51:14 [ultranest] [DEBUG] iteration=624, ncalls=6346, regioncalls=0, ndraw=40, logz=-184.05, remainder_fraction=100.0000%, Lmin=-178.35, Lmax=-14.19
21:51:14 [ultranest] [DEBUG] iteration=640, ncalls=6346, regioncalls=0, ndraw=40, logz=-182.41, remainder_fraction=100.0000%, Lmin=-176.67, Lmax=-14.19
21:51:14 [ultranest] [DEBUG] iteration=680, ncalls=6346, regioncalls=0, ndraw=40, logz=-174.56, remainder_fraction=100.0000%, Lmin=-168.19, Lmax=-14.19
21:51:14 [ultranest] [DEBUG] iteration=716, ncalls=6346, regioncalls=0, ndraw=40, logz=-164.03, remainder_fraction=100.0000%, Lmin=-156.90, Lmax=-14.19
21:51:14 [ultranest] [DEBUG] iteration=720, ncalls=6346, regioncalls=0, ndraw=40, logz=-163.10, remainder_fraction=100.0000%, Lmin=-155.66, Lmax=-14.19
21:51:14 [ultranest] [DEBUG] iteration=760, ncalls=6346, regioncalls=0, ndraw=40, logz=-147.54, remainder_fraction=100.0000%, Lmin=-139.59, Lmax=-14.19
21:51:14 [ultranest] [DEBUG] iteration=800, ncalls=6346, regioncalls=0, ndraw=40, logz=-135.65, remainder_fraction=100.0000%, Lmin=-128.11, Lmax=-14.19
21:51:14 [ultranest] [DEBUG] iteration=840, ncalls=6346, regioncalls=0, ndraw=40, logz=-123.60, remainder_fraction=100.0000%, Lmin=-116.48, Lmax=-14.19
21:51:14 [ultranest] [DEBUG] iteration=880, ncalls=6346, regioncalls=0, ndraw=40, logz=-112.48, remainder_fraction=100.0000%, Lmin=-104.24, Lmax=-14.19
21:51:14 [ultranest] [DEBUG] iteration=900, ncalls=6346, regioncalls=0, ndraw=40, logz=-106.63, remainder_fraction=100.0000%, Lmin=-98.99, Lmax=-14.19
21:51:14 [ultranest] [DEBUG] iteration=920, ncalls=6346, regioncalls=0, ndraw=40, logz=-101.31, remainder_fraction=100.0000%, Lmin=-93.56, Lmax=-14.19
21:51:14 [ultranest] [DEBUG] iteration=960, ncalls=6346, regioncalls=0, ndraw=40, logz=-93.92, remainder_fraction=100.0000%, Lmin=-86.08, Lmax=-14.19
21:51:14 [ultranest] [DEBUG] iteration=992, ncalls=6346, regioncalls=0, ndraw=40, logz=-87.88, remainder_fraction=100.0000%, Lmin=-79.59, Lmax=-14.19
21:51:14 [ultranest] [DEBUG] iteration=1000, ncalls=6346, regioncalls=0, ndraw=40, logz=-86.30, remainder_fraction=100.0000%, Lmin=-78.39, Lmax=-14.19
21:51:14 [ultranest] [DEBUG] iteration=1038, ncalls=6346, regioncalls=0, ndraw=40, logz=-80.64, remainder_fraction=100.0000%, Lmin=-72.52, Lmax=-14.19
21:51:14 [ultranest] [DEBUG] iteration=1040, ncalls=6346, regioncalls=0, ndraw=40, logz=-80.34, remainder_fraction=100.0000%, Lmin=-71.99, Lmax=-14.19
21:51:14 [ultranest] [DEBUG] iteration=1080, ncalls=6346, regioncalls=0, ndraw=40, logz=-73.84, remainder_fraction=100.0000%, Lmin=-65.21, Lmax=-14.19
21:51:14 [ultranest] [DEBUG] iteration=1120, ncalls=6346, regioncalls=0, ndraw=40, logz=-66.87, remainder_fraction=100.0000%, Lmin=-58.74, Lmax=-14.19
21:51:14 [ultranest] [DEBUG] iteration=1160, ncalls=6346, regioncalls=0, ndraw=40, logz=-61.02, remainder_fraction=100.0000%, Lmin=-52.32, Lmax=-14.19
21:51:14 [ultranest] [DEBUG] iteration=1176, ncalls=6346, regioncalls=0, ndraw=40, logz=-59.16, remainder_fraction=100.0000%, Lmin=-50.65, Lmax=-14.19
21:51:14 [ultranest] [DEBUG] iteration=1200, ncalls=6346, regioncalls=0, ndraw=40, logz=-56.55, remainder_fraction=100.0000%, Lmin=-48.00, Lmax=-14.19
21:51:15 [ultranest] [DEBUG] iteration=1240, ncalls=6346, regioncalls=0, ndraw=40, logz=-51.95, remainder_fraction=100.0000%, Lmin=-43.31, Lmax=-14.19
21:51:15 [ultranest] [DEBUG] iteration=1268, ncalls=6346, regioncalls=0, ndraw=40, logz=-48.60, remainder_fraction=100.0000%, Lmin=-39.90, Lmax=-14.19
21:51:15 [ultranest] [DEBUG] iteration=1280, ncalls=6346, regioncalls=0, ndraw=40, logz=-47.70, remainder_fraction=100.0000%, Lmin=-39.28, Lmax=-14.19
21:51:15 [ultranest] [DEBUG] iteration=1314, ncalls=6346, regioncalls=0, ndraw=40, logz=-45.88, remainder_fraction=100.0000%, Lmin=-37.06, Lmax=-14.19
21:51:15 [ultranest] [DEBUG] iteration=1320, ncalls=6346, regioncalls=0, ndraw=40, logz=-45.41, remainder_fraction=100.0000%, Lmin=-36.56, Lmax=-14.19
21:51:15 [ultranest] [DEBUG] iteration=1360, ncalls=6346, regioncalls=0, ndraw=40, logz=-42.55, remainder_fraction=100.0000%, Lmin=-33.61, Lmax=-14.19
21:51:15 [ultranest] [DEBUG] iteration=1400, ncalls=6346, regioncalls=0, ndraw=40, logz=-40.03, remainder_fraction=100.0000%, Lmin=-31.13, Lmax=-14.19
21:51:15 [ultranest] [DEBUG] iteration=1406, ncalls=6346, regioncalls=0, ndraw=40, logz=-39.61, remainder_fraction=100.0000%, Lmin=-30.54, Lmax=-14.19
21:51:15 [ultranest] [DEBUG] iteration=1440, ncalls=6346, regioncalls=0, ndraw=40, logz=-37.64, remainder_fraction=99.9999%, Lmin=-28.72, Lmax=-14.19
21:51:15 [ultranest] [DEBUG] iteration=1480, ncalls=6346, regioncalls=0, ndraw=40, logz=-35.48, remainder_fraction=99.9994%, Lmin=-26.19, Lmax=-14.19
21:51:15 [ultranest] [DEBUG] iteration=1498, ncalls=6346, regioncalls=0, ndraw=40, logz=-34.60, remainder_fraction=99.9984%, Lmin=-25.58, Lmax=-14.19
21:51:15 [ultranest] [DEBUG] iteration=1520, ncalls=6346, regioncalls=0, ndraw=40, logz=-33.39, remainder_fraction=99.9949%, Lmin=-23.73, Lmax=-14.13
21:51:15 [ultranest] [DEBUG] iteration=1544, ncalls=6346, regioncalls=0, ndraw=40, logz=-31.92, remainder_fraction=99.9795%, Lmin=-22.52, Lmax=-14.02
21:51:15 [ultranest] [DEBUG] iteration=1560, ncalls=6346, regioncalls=0, ndraw=40, logz=-31.22, remainder_fraction=99.9612%, Lmin=-21.95, Lmax=-14.02
21:51:15 [ultranest] [DEBUG] iteration=1590, ncalls=6346, regioncalls=0, ndraw=40, logz=-30.32, remainder_fraction=99.9021%, Lmin=-21.39, Lmax=-14.02
21:51:15 [ultranest] [DEBUG] iteration=1600, ncalls=6346, regioncalls=0, ndraw=40, logz=-30.07, remainder_fraction=99.8781%, Lmin=-21.18, Lmax=-14.02
21:51:15 [ultranest] [DEBUG] iteration=1640, ncalls=6346, regioncalls=0, ndraw=40, logz=-29.19, remainder_fraction=99.7323%, Lmin=-20.00, Lmax=-14.02
21:51:15 [ultranest] [DEBUG] iteration=1680, ncalls=6346, regioncalls=0, ndraw=40, logz=-28.27, remainder_fraction=99.3107%, Lmin=-19.05, Lmax=-14.02
21:51:15 [ultranest] [DEBUG] iteration=1682, ncalls=6346, regioncalls=0, ndraw=40, logz=-28.23, remainder_fraction=99.2809%, Lmin=-19.00, Lmax=-14.02
21:51:15 [ultranest] [DEBUG] iteration=1720, ncalls=6346, regioncalls=0, ndraw=40, logz=-27.51, remainder_fraction=98.4054%, Lmin=-18.25, Lmax=-14.02
21:51:15 [ultranest] [DEBUG] iteration=1728, ncalls=6346, regioncalls=0, ndraw=40, logz=-27.37, remainder_fraction=98.1794%, Lmin=-18.11, Lmax=-14.02
21:51:15 [ultranest] [DEBUG] iteration=1760, ncalls=6346, regioncalls=0, ndraw=40, logz=-26.86, remainder_fraction=96.9208%, Lmin=-17.64, Lmax=-14.02
21:51:15 [ultranest] [DEBUG] iteration=1774, ncalls=6346, regioncalls=0, ndraw=40, logz=-26.66, remainder_fraction=96.2129%, Lmin=-17.31, Lmax=-14.02
21:51:15 [ultranest] [DEBUG] iteration=1800, ncalls=6346, regioncalls=0, ndraw=40, logz=-26.27, remainder_fraction=94.3480%, Lmin=-16.86, Lmax=-13.97
21:51:15 [ultranest] [DEBUG] iteration=1820, ncalls=6346, regioncalls=0, ndraw=40, logz=-26.01, remainder_fraction=92.5161%, Lmin=-16.69, Lmax=-13.97
21:51:15 [ultranest] [DEBUG] iteration=1840, ncalls=6346, regioncalls=0, ndraw=40, logz=-25.78, remainder_fraction=90.4216%, Lmin=-16.41, Lmax=-13.97
21:51:15 [ultranest] [DEBUG] iteration=1866, ncalls=6346, regioncalls=0, ndraw=40, logz=-25.51, remainder_fraction=87.1315%, Lmin=-16.18, Lmax=-13.97
21:51:15 [ultranest] [DEBUG] iteration=1880, ncalls=6346, regioncalls=0, ndraw=40, logz=-25.38, remainder_fraction=85.3946%, Lmin=-16.07, Lmax=-13.97
21:51:15 [ultranest] [DEBUG] iteration=1912, ncalls=6346, regioncalls=0, ndraw=40, logz=-25.11, remainder_fraction=80.6228%, Lmin=-15.81, Lmax=-13.97
21:51:15 [ultranest] [DEBUG] iteration=1920, ncalls=6346, regioncalls=0, ndraw=40, logz=-25.06, remainder_fraction=79.5260%, Lmin=-15.77, Lmax=-13.97
21:51:15 [ultranest] [DEBUG] iteration=1960, ncalls=6346, regioncalls=0, ndraw=40, logz=-24.79, remainder_fraction=72.8690%, Lmin=-15.47, Lmax=-13.97
21:51:15 [ultranest] [DEBUG] iteration=2000, ncalls=6346, regioncalls=0, ndraw=40, logz=-24.56, remainder_fraction=65.9141%, Lmin=-15.21, Lmax=-13.97
21:51:15 [ultranest] [DEBUG] iteration=2004, ncalls=6346, regioncalls=0, ndraw=40, logz=-24.54, remainder_fraction=65.0704%, Lmin=-15.19, Lmax=-13.97
21:51:15 [ultranest] [DEBUG] iteration=2040, ncalls=6346, regioncalls=0, ndraw=40, logz=-24.37, remainder_fraction=58.4556%, Lmin=-15.02, Lmax=-13.97
21:51:15 [ultranest] [DEBUG] iteration=2050, ncalls=6346, regioncalls=0, ndraw=40, logz=-24.33, remainder_fraction=56.8412%, Lmin=-14.98, Lmax=-13.97
21:51:15 [ultranest] [DEBUG] iteration=2080, ncalls=6346, regioncalls=0, ndraw=40, logz=-24.22, remainder_fraction=51.8344%, Lmin=-14.90, Lmax=-13.97
21:51:15 [ultranest] [DEBUG] iteration=2096, ncalls=6346, regioncalls=0, ndraw=40, logz=-24.17, remainder_fraction=49.3160%, Lmin=-14.86, Lmax=-13.97
21:51:15 [ultranest] [DEBUG] iteration=2120, ncalls=6346, regioncalls=0, ndraw=40, logz=-24.10, remainder_fraction=45.5057%, Lmin=-14.80, Lmax=-13.93
21:51:15 [ultranest] [DEBUG] iteration=2142, ncalls=6346, regioncalls=0, ndraw=40, logz=-24.04, remainder_fraction=42.2203%, Lmin=-14.72, Lmax=-13.93
21:51:15 [ultranest] [DEBUG] iteration=2160, ncalls=6346, regioncalls=0, ndraw=40, logz=-24.00, remainder_fraction=39.6742%, Lmin=-14.67, Lmax=-13.93
21:51:15 [ultranest] [DEBUG] iteration=2188, ncalls=6346, regioncalls=0, ndraw=40, logz=-23.94, remainder_fraction=35.8220%, Lmin=-14.63, Lmax=-13.93
21:51:15 [ultranest] [DEBUG] iteration=2200, ncalls=6346, regioncalls=0, ndraw=40, logz=-23.92, remainder_fraction=34.3099%, Lmin=-14.60, Lmax=-13.93
21:51:15 [ultranest] [DEBUG] iteration=2234, ncalls=6346, regioncalls=0, ndraw=40, logz=-23.86, remainder_fraction=30.1602%, Lmin=-14.52, Lmax=-13.93
21:51:15 [ultranest] [DEBUG] iteration=2240, ncalls=6346, regioncalls=0, ndraw=40, logz=-23.85, remainder_fraction=29.4375%, Lmin=-14.51, Lmax=-13.93
21:51:15 [ultranest] [DEBUG] iteration=2280, ncalls=6346, regioncalls=0, ndraw=40, logz=-23.79, remainder_fraction=25.2719%, Lmin=-14.44, Lmax=-13.93
21:51:15 [ultranest] [DEBUG] iteration=2320, ncalls=6346, regioncalls=0, ndraw=40, logz=-23.74, remainder_fraction=21.5773%, Lmin=-14.38, Lmax=-13.93
21:51:15 [ultranest] [DEBUG] iteration=2360, ncalls=6346, regioncalls=0, ndraw=40, logz=-23.70, remainder_fraction=18.3605%, Lmin=-14.31, Lmax=-13.93
21:51:15 [ultranest] [DEBUG] iteration=2372, ncalls=6346, regioncalls=0, ndraw=40, logz=-23.69, remainder_fraction=17.4761%, Lmin=-14.30, Lmax=-13.93
21:51:15 [ultranest] [DEBUG] iteration=2400, ncalls=6346, regioncalls=0, ndraw=40, logz=-23.67, remainder_fraction=15.5978%, Lmin=-14.27, Lmax=-13.93
21:51:15 [ultranest] [DEBUG] iteration=2418, ncalls=6346, regioncalls=0, ndraw=40, logz=-23.65, remainder_fraction=14.4587%, Lmin=-14.25, Lmax=-13.93
21:51:15 [ultranest] [DEBUG] iteration=2440, ncalls=6346, regioncalls=0, ndraw=40, logz=-23.64, remainder_fraction=13.1611%, Lmin=-14.22, Lmax=-13.93
21:51:15 [ultranest] [DEBUG] iteration=2464, ncalls=6346, regioncalls=0, ndraw=40, logz=-23.62, remainder_fraction=11.8851%, Lmin=-14.19, Lmax=-13.93
21:51:15 [ultranest] [DEBUG] iteration=2480, ncalls=6346, regioncalls=0, ndraw=40, logz=-23.61, remainder_fraction=11.1073%, Lmin=-14.18, Lmax=-13.93
21:51:15 [ultranest] [DEBUG] iteration=2510, ncalls=6346, regioncalls=0, ndraw=40, logz=-23.60, remainder_fraction=9.7056%, Lmin=-14.15, Lmax=-13.93
21:51:15 [ultranest] [DEBUG] iteration=2520, ncalls=6346, regioncalls=0, ndraw=40, logz=-23.59, remainder_fraction=9.2853%, Lmin=-14.14, Lmax=-13.93
21:51:15 [ultranest] [DEBUG] iteration=2560, ncalls=6346, regioncalls=0, ndraw=40, logz=-23.58, remainder_fraction=7.7683%, Lmin=-14.12, Lmax=-13.93
21:51:15 [ultranest] [DEBUG] iteration=2600, ncalls=6346, regioncalls=0, ndraw=40, logz=-23.56, remainder_fraction=6.5099%, Lmin=-14.09, Lmax=-13.93
21:51:15 [ultranest] [DEBUG] iteration=2602, ncalls=6346, regioncalls=0, ndraw=40, logz=-23.56, remainder_fraction=6.4487%, Lmin=-14.09, Lmax=-13.93
21:51:15 [ultranest] [DEBUG] iteration=2640, ncalls=6346, regioncalls=0, ndraw=40, logz=-23.55, remainder_fraction=5.4377%, Lmin=-14.08, Lmax=-13.92
21:51:15 [ultranest] [DEBUG] iteration=2648, ncalls=6346, regioncalls=0, ndraw=40, logz=-23.55, remainder_fraction=5.2432%, Lmin=-14.07, Lmax=-13.92
21:51:15 [ultranest] [DEBUG] iteration=2680, ncalls=6346, regioncalls=0, ndraw=40, logz=-23.54, remainder_fraction=4.5360%, Lmin=-14.05, Lmax=-13.92
21:51:15 [ultranest] [DEBUG] iteration=2694, ncalls=6346, regioncalls=0, ndraw=40, logz=-23.54, remainder_fraction=4.2531%, Lmin=-14.05, Lmax=-13.92
21:51:16 [ultranest] [DEBUG] iteration=2720, ncalls=6346, regioncalls=0, ndraw=40, logz=-23.53, remainder_fraction=3.7711%, Lmin=-14.03, Lmax=-13.92
21:51:16 [ultranest] [DEBUG] iteration=2740, ncalls=6346, regioncalls=0, ndraw=40, logz=-23.53, remainder_fraction=3.4352%, Lmin=-14.03, Lmax=-13.92
21:51:16 [ultranest] [DEBUG] iteration=2760, ncalls=6346, regioncalls=0, ndraw=40, logz=-23.53, remainder_fraction=3.1302%, Lmin=-14.02, Lmax=-13.92
21:51:16 [ultranest] [DEBUG] iteration=2786, ncalls=6346, regioncalls=0, ndraw=40, logz=-23.52, remainder_fraction=2.7722%, Lmin=-14.02, Lmax=-13.92
21:51:16 [ultranest] [INFO] Explored until L=-1e+01  
21:51:16 [ultranest] [INFO] Likelihood function evaluations: 6346
21:51:16 [ultranest] [INFO] Writing samples and results to disk ...
21:51:16 [ultranest] [INFO] Writing samples and results to disk ... done
21:51:16 [ultranest] [DEBUG] did a run_iter pass!
21:51:16 [ultranest] [INFO]   logZ = -23.44 +- 0.1304
21:51:16 [ultranest] [INFO] Effective samples strategy satisfied (ESS = 852.1, need >400)
21:51:16 [ultranest] [INFO] Posterior uncertainty strategy is satisfied (KL: 0.46+-0.08 nat, need <0.50 nat)
21:51:16 [ultranest] [INFO] Evidency uncertainty strategy is satisfied (dlogz=0.13, need <0.5)
21:51:16 [ultranest] [INFO]   logZ error budget: single: 0.20 bs:0.13 tail:0.03 total:0.13 required:<0.50
21:51:16 [ultranest] [INFO] done iterating.
21:51:17 [ultranest] [DEBUG] Making corner plot ...
21:51:18 [ultranest] [DEBUG] Making corner plot ... done
21:51:18 [ultranest] [DEBUG] Making run plot ... 
21:51:19 [ultranest] [DEBUG] Making run plot ... done
21:51:19 [ultranest] [DEBUG] Making trace plot ... 
21:51:20 [ultranest] [DEBUG] Making trace plot ... done
