09:57:33 [ultranest] [DEBUG] ReactiveNestedSampler: dims=3+0, resume=True, log_dir=/home/orion51/Desktop/Research/spectral_fitting/FGL_spectral_fitting/Individual_sources/2CXOJ184332.8-322122/mekal_out_, backend=hdf5, vectorized=False, nbootstraps=30, ndraw=128..65536
09:57:34 [ultranest] [INFO] Sampling 400 live points from prior ...
09:57:35 [ultranest] [DEBUG] run_iter dlogz=0.5, dKL=0.5, frac_remain=0.01, Lepsilon=0.1000, min_ess=400
09:57:35 [ultranest] [DEBUG] max_iters=-1, max_ncalls=-1, max_num_improvement_loops=-1, min_num_live_points=400, cluster_num_live_points=40
09:57:35 [ultranest] [DEBUG] minimal_widths_sequence: [(-inf, 400.0), (inf, 400.0)]
09:57:35 [ultranest] [DEBUG] iteration=0, ncalls=401, regioncalls=40, ndraw=40, logz=-inf, remainder_fraction=100.0000%, Lmin=-1379935542.78, Lmax=-7.64
09:57:35 [ultranest] [DEBUG] iteration=20, ncalls=422, regioncalls=880, ndraw=40, logz=-40216294.90, remainder_fraction=100.0000%, Lmin=-36118133.94, Lmax=-7.64
09:57:35 [ultranest] [DEBUG] iteration=40, ncalls=442, regioncalls=1680, ndraw=40, logz=-7196407.22, remainder_fraction=100.0000%, Lmin=-6832815.77, Lmax=-7.64
09:57:35 [ultranest] [DEBUG] iteration=60, ncalls=463, regioncalls=2520, ndraw=40, logz=-1041612.41, remainder_fraction=100.0000%, Lmin=-1003387.36, Lmax=-7.64
09:57:35 [ultranest] [DEBUG] iteration=77, ncalls=483, regioncalls=3320, ndraw=40, logz=-454690.81, remainder_fraction=100.0000%, Lmin=-440980.27, Lmax=-5.78
09:57:35 [ultranest] [DEBUG] iteration=80, ncalls=487, regioncalls=3480, ndraw=40, logz=-386816.97, remainder_fraction=100.0000%, Lmin=-367832.34, Lmax=-5.78
09:57:35 [ultranest] [DEBUG] iteration=90, ncalls=498, regioncalls=3920, ndraw=40, logz=-180776.00, remainder_fraction=100.0000%, Lmin=-179157.74, Lmax=-5.78
09:57:35 [ultranest] [DEBUG] iteration=109, ncalls=523, regioncalls=4920, ndraw=40, logz=-35949.31, remainder_fraction=100.0000%, Lmin=-35668.66, Lmax=-5.78
09:57:35 [ultranest] [DEBUG] iteration=120, ncalls=534, regioncalls=5360, ndraw=40, logz=-21667.54, remainder_fraction=100.0000%, Lmin=-21212.05, Lmax=-5.78
09:57:35 [ultranest] [DEBUG] iteration=138, ncalls=560, regioncalls=6400, ndraw=40, logz=-9835.97, remainder_fraction=100.0000%, Lmin=-9448.76, Lmax=-5.78
09:57:36 [ultranest] [DEBUG] iteration=159, ncalls=585, regioncalls=7400, ndraw=40, logz=-4819.38, remainder_fraction=100.0000%, Lmin=-4620.95, Lmax=-5.78
09:57:36 [ultranest] [DEBUG] iteration=160, ncalls=586, regioncalls=7440, ndraw=40, logz=-4627.34, remainder_fraction=100.0000%, Lmin=-3194.28, Lmax=-5.78
09:57:36 [ultranest] [DEBUG] iteration=180, ncalls=611, regioncalls=8440, ndraw=40, logz=-886.59, remainder_fraction=100.0000%, Lmin=-874.74, Lmax=-5.78
09:57:36 [ultranest] [DEBUG] iteration=200, ncalls=634, regioncalls=9360, ndraw=40, logz=-322.91, remainder_fraction=100.0000%, Lmin=-287.24, Lmax=-5.78
09:57:36 [ultranest] [DEBUG] iteration=223, ncalls=661, regioncalls=10440, ndraw=40, logz=-128.22, remainder_fraction=100.0000%, Lmin=-120.40, Lmax=-5.78
09:57:36 [ultranest] [DEBUG] Plateau detected at L=-1.133978e+02, not replacing live point.
09:57:36 [ultranest] [DEBUG] Plateau detected at L=-1.133978e+02, not replacing live point.
09:57:36 [ultranest] [DEBUG] Plateau detected at L=-1.133978e+02, not replacing live point.
09:57:36 [ultranest] [DEBUG] Plateau detected at L=-1.133978e+02, not replacing live point.
09:57:36 [ultranest] [DEBUG] Plateau detected at L=-1.133978e+02, not replacing live point.
09:57:36 [ultranest] [DEBUG] Plateau detected at L=-1.133978e+02, not replacing live point.
09:57:36 [ultranest] [DEBUG] Plateau detected at L=-1.133978e+02, not replacing live point.
09:57:36 [ultranest] [DEBUG] Plateau detected at L=-1.133978e+02, not replacing live point.
09:57:36 [ultranest] [DEBUG] Plateau detected at L=-1.133978e+02, not replacing live point.
09:57:36 [ultranest] [DEBUG] Plateau detected at L=-1.133978e+02, not replacing live point.
09:57:36 [ultranest] [DEBUG] Plateau detected at L=-1.133978e+02, not replacing live point.
09:57:36 [ultranest] [DEBUG] Plateau detected at L=-1.133978e+02, not replacing live point.
09:57:36 [ultranest] [DEBUG] Plateau detected at L=-1.133978e+02, not replacing live point.
09:57:36 [ultranest] [DEBUG] Plateau detected at L=-1.133978e+02, not replacing live point.
09:57:36 [ultranest] [DEBUG] Plateau detected at L=-1.133978e+02, not replacing live point.
09:57:36 [ultranest] [DEBUG] Plateau detected at L=-1.133978e+02, not replacing live point.
09:57:36 [ultranest] [DEBUG] Plateau detected at L=-1.133978e+02, not replacing live point.
09:57:36 [ultranest] [DEBUG] Plateau detected at L=-1.133978e+02, not replacing live point.
09:57:36 [ultranest] [DEBUG] Plateau detected at L=-1.133978e+02, not replacing live point.
09:57:36 [ultranest] [DEBUG] Plateau detected at L=-1.133978e+02, not replacing live point.
09:57:36 [ultranest] [DEBUG] Plateau detected at L=-1.133978e+02, not replacing live point.
09:57:36 [ultranest] [DEBUG] Plateau detected at L=-1.133978e+02, not replacing live point.
09:57:36 [ultranest] [DEBUG] Plateau detected at L=-1.133978e+02, not replacing live point.
09:57:36 [ultranest] [DEBUG] Plateau detected at L=-1.133978e+02, not replacing live point.
09:57:36 [ultranest] [DEBUG] Plateau detected at L=-1.133978e+02, not replacing live point.
09:57:36 [ultranest] [DEBUG] Plateau detected at L=-1.133978e+02, not replacing live point.
09:57:36 [ultranest] [DEBUG] Plateau detected at L=-1.133978e+02, not replacing live point.
09:57:36 [ultranest] [DEBUG] Plateau detected at L=-1.133978e+02, not replacing live point.
09:57:36 [ultranest] [DEBUG] Plateau detected at L=-1.133978e+02, not replacing live point.
09:57:36 [ultranest] [DEBUG] Plateau detected at L=-1.133978e+02, not replacing live point.
09:57:36 [ultranest] [DEBUG] Plateau detected at L=-1.133978e+02, not replacing live point.
09:57:36 [ultranest] [DEBUG] Plateau detected at L=-1.133978e+02, not replacing live point.
09:57:36 [ultranest] [DEBUG] Plateau detected at L=-1.133978e+02, not replacing live point.
09:57:36 [ultranest] [DEBUG] Plateau detected at L=-1.133978e+02, not replacing live point.
09:57:36 [ultranest] [DEBUG] Plateau detected at L=-1.133978e+02, not replacing live point.
09:57:36 [ultranest] [DEBUG] Plateau detected at L=-1.133978e+02, not replacing live point.
09:57:36 [ultranest] [DEBUG] Plateau detected at L=-1.133978e+02, not replacing live point.
09:57:36 [ultranest] [DEBUG] Plateau detected at L=-1.133978e+02, not replacing live point.
09:57:36 [ultranest] [DEBUG] Plateau detected at L=-1.133978e+02, not replacing live point.
09:57:36 [ultranest] [DEBUG] Plateau detected at L=-1.133978e+02, not replacing live point.
09:57:36 [ultranest] [DEBUG] Plateau detected at L=-1.133978e+02, not replacing live point.
09:57:36 [ultranest] [DEBUG] Plateau detected at L=-1.133978e+02, not replacing live point.
09:57:36 [ultranest] [DEBUG] Plateau detected at L=-1.133978e+02, not replacing live point.
09:57:36 [ultranest] [DEBUG] Plateau detected at L=-1.133978e+02, not replacing live point.
09:57:36 [ultranest] [DEBUG] Plateau detected at L=-1.133978e+02, not replacing live point.
09:57:36 [ultranest] [DEBUG] Plateau detected at L=-1.133978e+02, not replacing live point.
09:57:36 [ultranest] [DEBUG] Plateau detected at L=-1.133978e+02, not replacing live point.
09:57:36 [ultranest] [DEBUG] Plateau detected at L=-1.133978e+02, not replacing live point.
09:57:36 [ultranest] [DEBUG] Plateau detected at L=-1.133978e+02, not replacing live point.
09:57:36 [ultranest] [DEBUG] Plateau detected at L=-1.133978e+02, not replacing live point.
09:57:36 [ultranest] [DEBUG] Plateau detected at L=-1.133978e+02, not replacing live point.
09:57:36 [ultranest] [DEBUG] Plateau detected at L=-1.133978e+02, not replacing live point.
09:57:36 [ultranest] [DEBUG] Plateau detected at L=-1.133978e+02, not replacing live point.
09:57:36 [ultranest] [DEBUG] Plateau detected at L=-1.133978e+02, not replacing live point.
09:57:36 [ultranest] [DEBUG] Plateau detected at L=-1.133978e+02, not replacing live point.
09:57:36 [ultranest] [DEBUG] Plateau detected at L=-1.133978e+02, not replacing live point.
09:57:36 [ultranest] [DEBUG] Plateau detected at L=-1.133978e+02, not replacing live point.
09:57:36 [ultranest] [DEBUG] Plateau detected at L=-1.133978e+02, not replacing live point.
09:57:36 [ultranest] [DEBUG] Plateau detected at L=-1.133978e+02, not replacing live point.
09:57:36 [ultranest] [DEBUG] Plateau detected at L=-1.133978e+02, not replacing live point.
09:57:36 [ultranest] [DEBUG] Plateau detected at L=-1.133978e+02, not replacing live point.
09:57:36 [ultranest] [DEBUG] Plateau detected at L=-1.133978e+02, not replacing live point.
09:57:36 [ultranest] [DEBUG] Plateau detected at L=-1.133978e+02, not replacing live point.
09:57:36 [ultranest] [DEBUG] Plateau detected at L=-1.133978e+02, not replacing live point.
09:57:36 [ultranest] [DEBUG] Plateau detected at L=-1.133978e+02, not replacing live point.
09:57:36 [ultranest] [DEBUG] Plateau detected at L=-1.133978e+02, not replacing live point.
09:57:36 [ultranest] [DEBUG] Plateau detected at L=-1.133978e+02, not replacing live point.
09:57:36 [ultranest] [DEBUG] Plateau detected at L=-1.133978e+02, not replacing live point.
09:57:36 [ultranest] [DEBUG] iteration=296, ncalls=669, regioncalls=10760, ndraw=40, logz=-115.72, remainder_fraction=100.0000%, Lmin=-113.40, Lmax=-5.78
09:57:36 [ultranest] [DEBUG] Plateau detected at L=-1.133978e+02, not replacing live point.
09:57:36 [ultranest] [DEBUG] iteration=299, ncalls=672, regioncalls=10880, ndraw=40, logz=-115.67, remainder_fraction=100.0000%, Lmin=-113.40, Lmax=-5.78
09:57:36 [ultranest] [DEBUG] iteration=313, ncalls=696, regioncalls=11840, ndraw=40, logz=-115.50, remainder_fraction=100.0000%, Lmin=-113.40, Lmax=-5.78
09:57:36 [ultranest] [DEBUG] iteration=320, ncalls=704, regioncalls=12160, ndraw=40, logz=-115.43, remainder_fraction=100.0000%, Lmin=-113.40, Lmax=-5.78
09:57:36 [ultranest] [DEBUG] iteration=340, ncalls=734, regioncalls=13360, ndraw=40, logz=-115.25, remainder_fraction=100.0000%, Lmin=-113.40, Lmax=-5.78
09:57:36 [ultranest] [DEBUG] iteration=355, ncalls=762, regioncalls=14480, ndraw=40, logz=-115.14, remainder_fraction=100.0000%, Lmin=-113.40, Lmax=-5.78
09:57:36 [ultranest] [DEBUG] iteration=360, ncalls=773, regioncalls=14920, ndraw=40, logz=-115.11, remainder_fraction=100.0000%, Lmin=-113.40, Lmax=-5.78
09:57:36 [ultranest] [DEBUG] iteration=375, ncalls=802, regioncalls=16080, ndraw=40, logz=-115.02, remainder_fraction=100.0000%, Lmin=-113.40, Lmax=-5.78
09:57:37 [ultranest] [DEBUG] iteration=390, ncalls=832, regioncalls=17280, ndraw=40, logz=-114.94, remainder_fraction=100.0000%, Lmin=-113.40, Lmax=-5.78
09:57:37 [ultranest] [DEBUG] iteration=400, ncalls=857, regioncalls=18280, ndraw=40, logz=-114.89, remainder_fraction=100.0000%, Lmin=-113.40, Lmax=-5.78
09:57:37 [ultranest] [DEBUG] iteration=410, ncalls=892, regioncalls=19680, ndraw=40, logz=-114.84, remainder_fraction=100.0000%, Lmin=-113.39, Lmax=-5.78
09:57:37 [ultranest] [DEBUG] iteration=424, ncalls=926, regioncalls=21040, ndraw=40, logz=-114.79, remainder_fraction=100.0000%, Lmin=-113.39, Lmax=-5.78
09:57:37 [ultranest] [DEBUG] iteration=438, ncalls=955, regioncalls=22200, ndraw=40, logz=-114.73, remainder_fraction=100.0000%, Lmin=-113.36, Lmax=-5.64
09:57:37 [ultranest] [DEBUG] iteration=440, ncalls=966, regioncalls=22640, ndraw=40, logz=-114.73, remainder_fraction=100.0000%, Lmin=-113.36, Lmax=-5.64
09:57:37 [ultranest] [DEBUG] clustering found some stray points [need_accept=False] (array([1, 2, 3]), array([329,   1,   1]))
09:57:37 [ultranest] [DEBUG] iteration=455, ncalls=992, regioncalls=23680, ndraw=40, logz=-114.68, remainder_fraction=100.0000%, Lmin=-113.34, Lmax=-5.64
09:57:37 [ultranest] [DEBUG] iteration=469, ncalls=1026, regioncalls=25040, ndraw=40, logz=-114.63, remainder_fraction=100.0000%, Lmin=-113.30, Lmax=-5.64
09:57:37 [ultranest] [DEBUG] iteration=480, ncalls=1052, regioncalls=26080, ndraw=40, logz=-114.60, remainder_fraction=100.0000%, Lmin=-113.23, Lmax=-5.64
09:57:37 [ultranest] [DEBUG] iteration=491, ncalls=1089, regioncalls=27560, ndraw=40, logz=-114.56, remainder_fraction=100.0000%, Lmin=-113.17, Lmax=-5.64
09:57:37 [ultranest] [DEBUG] iteration=505, ncalls=1120, regioncalls=28800, ndraw=40, logz=-114.52, remainder_fraction=100.0000%, Lmin=-113.08, Lmax=-5.64
09:57:38 [ultranest] [DEBUG] iteration=516, ncalls=1148, regioncalls=29920, ndraw=40, logz=-114.48, remainder_fraction=100.0000%, Lmin=-112.89, Lmax=-5.64
09:57:38 [ultranest] [DEBUG] iteration=520, ncalls=1157, regioncalls=30280, ndraw=40, logz=-114.47, remainder_fraction=100.0000%, Lmin=-112.84, Lmax=-5.64
09:57:38 [ultranest] [DEBUG] iteration=528, ncalls=1184, regioncalls=31360, ndraw=40, logz=-114.43, remainder_fraction=100.0000%, Lmin=-112.70, Lmax=-5.64
09:57:38 [ultranest] [DEBUG] iteration=539, ncalls=1213, regioncalls=32520, ndraw=40, logz=-114.39, remainder_fraction=100.0000%, Lmin=-112.45, Lmax=-5.64
09:57:38 [ultranest] [DEBUG] iteration=551, ncalls=1250, regioncalls=34000, ndraw=40, logz=-114.33, remainder_fraction=100.0000%, Lmin=-112.33, Lmax=-5.64
09:57:38 [ultranest] [DEBUG] iteration=560, ncalls=1275, regioncalls=35000, ndraw=40, logz=-114.28, remainder_fraction=100.0000%, Lmin=-112.10, Lmax=-5.64
09:57:38 [ultranest] [DEBUG] iteration=574, ncalls=1310, regioncalls=36400, ndraw=40, logz=-114.20, remainder_fraction=100.0000%, Lmin=-111.89, Lmax=-5.53
09:57:38 [ultranest] [DEBUG] iteration=586, ncalls=1342, regioncalls=37680, ndraw=40, logz=-114.12, remainder_fraction=100.0000%, Lmin=-111.48, Lmax=-5.53
09:57:38 [ultranest] [DEBUG] iteration=595, ncalls=1363, regioncalls=38520, ndraw=40, logz=-114.03, remainder_fraction=100.0000%, Lmin=-111.05, Lmax=-5.53
09:57:38 [ultranest] [DEBUG] iteration=600, ncalls=1372, regioncalls=38880, ndraw=40, logz=-113.98, remainder_fraction=100.0000%, Lmin=-110.95, Lmax=-5.53
09:57:38 [ultranest] [DEBUG] iteration=607, ncalls=1402, regioncalls=40080, ndraw=40, logz=-113.89, remainder_fraction=100.0000%, Lmin=-110.80, Lmax=-5.53
09:57:39 [ultranest] [DEBUG] iteration=621, ncalls=1433, regioncalls=41320, ndraw=40, logz=-113.68, remainder_fraction=100.0000%, Lmin=-110.15, Lmax=-5.53
09:57:39 [ultranest] [DEBUG] iteration=627, ncalls=1459, regioncalls=42360, ndraw=40, logz=-113.57, remainder_fraction=100.0000%, Lmin=-109.94, Lmax=-5.53
09:57:39 [ultranest] [DEBUG] iteration=639, ncalls=1486, regioncalls=43440, ndraw=40, logz=-113.30, remainder_fraction=100.0000%, Lmin=-109.48, Lmax=-5.44
09:57:39 [ultranest] [DEBUG] iteration=640, ncalls=1492, regioncalls=43680, ndraw=40, logz=-113.28, remainder_fraction=100.0000%, Lmin=-109.46, Lmax=-5.44
09:57:39 [ultranest] [DEBUG] iteration=648, ncalls=1527, regioncalls=45080, ndraw=40, logz=-113.06, remainder_fraction=100.0000%, Lmin=-108.78, Lmax=-5.44
09:57:39 [ultranest] [DEBUG] iteration=658, ncalls=1559, regioncalls=46360, ndraw=40, logz=-112.71, remainder_fraction=100.0000%, Lmin=-108.36, Lmax=-5.44
09:57:39 [ultranest] [DEBUG] iteration=666, ncalls=1591, regioncalls=47640, ndraw=40, logz=-112.38, remainder_fraction=100.0000%, Lmin=-107.76, Lmax=-5.13
09:57:39 [ultranest] [DEBUG] iteration=669, ncalls=1594, regioncalls=47760, ndraw=40, logz=-112.25, remainder_fraction=100.0000%, Lmin=-107.76, Lmax=-5.13
09:57:39 [ultranest] [DEBUG] iteration=679, ncalls=1622, regioncalls=48880, ndraw=40, logz=-111.80, remainder_fraction=100.0000%, Lmin=-107.09, Lmax=-5.13
09:57:39 [ultranest] [DEBUG] iteration=680, ncalls=1625, regioncalls=49000, ndraw=40, logz=-111.75, remainder_fraction=100.0000%, Lmin=-107.04, Lmax=-5.13
09:57:39 [ultranest] [DEBUG] iteration=693, ncalls=1658, regioncalls=50320, ndraw=40, logz=-111.16, remainder_fraction=100.0000%, Lmin=-106.43, Lmax=-5.13
09:57:39 [ultranest] [DEBUG] iteration=704, ncalls=1691, regioncalls=51640, ndraw=40, logz=-110.56, remainder_fraction=100.0000%, Lmin=-105.59, Lmax=-5.13
09:57:40 [ultranest] [DEBUG] iteration=716, ncalls=1726, regioncalls=53040, ndraw=40, logz=-109.79, remainder_fraction=100.0000%, Lmin=-104.76, Lmax=-5.13
09:57:40 [ultranest] [DEBUG] iteration=720, ncalls=1739, regioncalls=53560, ndraw=40, logz=-109.53, remainder_fraction=100.0000%, Lmin=-104.34, Lmax=-5.13
09:57:40 [ultranest] [DEBUG] iteration=733, ncalls=1773, regioncalls=54920, ndraw=40, logz=-108.55, remainder_fraction=100.0000%, Lmin=-103.05, Lmax=-5.13
09:57:40 [ultranest] [DEBUG] iteration=743, ncalls=1796, regioncalls=55840, ndraw=40, logz=-107.78, remainder_fraction=100.0000%, Lmin=-102.57, Lmax=-5.13
09:57:40 [ultranest] [DEBUG] iteration=755, ncalls=1826, regioncalls=57040, ndraw=40, logz=-106.85, remainder_fraction=100.0000%, Lmin=-101.22, Lmax=-5.13
09:57:40 [ultranest] [DEBUG] iteration=760, ncalls=1847, regioncalls=57880, ndraw=40, logz=-106.32, remainder_fraction=100.0000%, Lmin=-100.48, Lmax=-5.13
09:57:40 [ultranest] [DEBUG] iteration=768, ncalls=1882, regioncalls=59280, ndraw=40, logz=-105.44, remainder_fraction=100.0000%, Lmin=-99.77, Lmax=-5.13
09:57:40 [ultranest] [DEBUG] iteration=781, ncalls=1926, regioncalls=61040, ndraw=40, logz=-104.31, remainder_fraction=100.0000%, Lmin=-98.75, Lmax=-5.13
09:57:40 [ultranest] [DEBUG] iteration=791, ncalls=1964, regioncalls=62560, ndraw=40, logz=-103.10, remainder_fraction=100.0000%, Lmin=-97.13, Lmax=-5.13
09:57:40 [ultranest] [DEBUG] iteration=800, ncalls=1987, regioncalls=63480, ndraw=40, logz=-102.04, remainder_fraction=100.0000%, Lmin=-96.21, Lmax=-5.13
09:57:40 [ultranest] [DEBUG] iteration=810, ncalls=2021, regioncalls=64840, ndraw=40, logz=-101.03, remainder_fraction=100.0000%, Lmin=-95.08, Lmax=-5.13
09:57:41 [ultranest] [DEBUG] iteration=821, ncalls=2050, regioncalls=66000, ndraw=40, logz=-99.99, remainder_fraction=100.0000%, Lmin=-94.30, Lmax=-5.13
09:57:41 [ultranest] [DEBUG] iteration=832, ncalls=2085, regioncalls=67400, ndraw=40, logz=-99.04, remainder_fraction=100.0000%, Lmin=-93.08, Lmax=-5.13
09:57:41 [ultranest] [DEBUG] iteration=840, ncalls=2108, regioncalls=68320, ndraw=40, logz=-98.20, remainder_fraction=100.0000%, Lmin=-92.15, Lmax=-5.13
09:57:41 [ultranest] [DEBUG] iteration=850, ncalls=2155, regioncalls=70200, ndraw=40, logz=-97.20, remainder_fraction=100.0000%, Lmin=-91.12, Lmax=-5.13
09:57:41 [ultranest] [DEBUG] iteration=859, ncalls=2188, regioncalls=71520, ndraw=40, logz=-96.17, remainder_fraction=100.0000%, Lmin=-89.65, Lmax=-5.13
09:57:41 [ultranest] [DEBUG] iteration=868, ncalls=2227, regioncalls=73080, ndraw=40, logz=-94.91, remainder_fraction=100.0000%, Lmin=-88.86, Lmax=-5.13
09:57:41 [ultranest] [DEBUG] iteration=877, ncalls=2265, regioncalls=74600, ndraw=40, logz=-94.07, remainder_fraction=100.0000%, Lmin=-88.33, Lmax=-5.13
09:57:41 [ultranest] [DEBUG] iteration=880, ncalls=2278, regioncalls=75120, ndraw=40, logz=-93.84, remainder_fraction=100.0000%, Lmin=-87.80, Lmax=-5.13
09:57:41 [ultranest] [DEBUG] iteration=888, ncalls=2316, regioncalls=76640, ndraw=40, logz=-92.78, remainder_fraction=100.0000%, Lmin=-86.20, Lmax=-5.13
09:57:41 [ultranest] [DEBUG] iteration=897, ncalls=2347, regioncalls=77880, ndraw=40, logz=-91.29, remainder_fraction=100.0000%, Lmin=-84.56, Lmax=-5.13
09:57:42 [ultranest] [DEBUG] iteration=907, ncalls=2380, regioncalls=79200, ndraw=40, logz=-89.97, remainder_fraction=100.0000%, Lmin=-83.71, Lmax=-5.13
09:57:42 [ultranest] [DEBUG] iteration=920, ncalls=2418, regioncalls=80720, ndraw=40, logz=-88.66, remainder_fraction=100.0000%, Lmin=-82.47, Lmax=-5.13
09:57:42 [ultranest] [DEBUG] iteration=927, ncalls=2454, regioncalls=82160, ndraw=40, logz=-87.86, remainder_fraction=100.0000%, Lmin=-81.41, Lmax=-5.13
09:57:42 [ultranest] [DEBUG] iteration=938, ncalls=2489, regioncalls=83560, ndraw=40, logz=-86.50, remainder_fraction=100.0000%, Lmin=-79.76, Lmax=-5.13
09:57:42 [ultranest] [DEBUG] iteration=949, ncalls=2524, regioncalls=84960, ndraw=40, logz=-84.40, remainder_fraction=100.0000%, Lmin=-77.52, Lmax=-5.13
09:57:42 [ultranest] [DEBUG] iteration=959, ncalls=2560, regioncalls=86400, ndraw=40, logz=-82.99, remainder_fraction=100.0000%, Lmin=-76.33, Lmax=-5.13
09:57:42 [ultranest] [DEBUG] iteration=960, ncalls=2561, regioncalls=86440, ndraw=40, logz=-82.85, remainder_fraction=100.0000%, Lmin=-76.01, Lmax=-5.13
09:57:42 [ultranest] [DEBUG] iteration=969, ncalls=2591, regioncalls=87640, ndraw=40, logz=-81.44, remainder_fraction=100.0000%, Lmin=-74.72, Lmax=-5.13
09:57:42 [ultranest] [DEBUG] iteration=976, ncalls=2623, regioncalls=88920, ndraw=40, logz=-80.34, remainder_fraction=100.0000%, Lmin=-73.60, Lmax=-5.13
09:57:42 [ultranest] [DEBUG] iteration=986, ncalls=2658, regioncalls=90320, ndraw=40, logz=-78.94, remainder_fraction=100.0000%, Lmin=-72.22, Lmax=-5.13
09:57:43 [ultranest] [DEBUG] iteration=999, ncalls=2700, regioncalls=92000, ndraw=40, logz=-77.20, remainder_fraction=100.0000%, Lmin=-70.55, Lmax=-5.13
09:57:43 [ultranest] [DEBUG] iteration=1000, ncalls=2701, regioncalls=92040, ndraw=40, logz=-77.08, remainder_fraction=100.0000%, Lmin=-70.23, Lmax=-5.13
09:57:43 [ultranest] [DEBUG] iteration=1012, ncalls=2733, regioncalls=93320, ndraw=40, logz=-75.13, remainder_fraction=100.0000%, Lmin=-68.14, Lmax=-5.13
09:57:43 [ultranest] [DEBUG] iteration=1023, ncalls=2767, regioncalls=94680, ndraw=40, logz=-73.53, remainder_fraction=100.0000%, Lmin=-66.96, Lmax=-5.13
09:57:43 [ultranest] [DEBUG] iteration=1033, ncalls=2804, regioncalls=96160, ndraw=40, logz=-72.48, remainder_fraction=100.0000%, Lmin=-65.61, Lmax=-5.13
09:57:43 [ultranest] [DEBUG] iteration=1040, ncalls=2836, regioncalls=97440, ndraw=40, logz=-71.60, remainder_fraction=100.0000%, Lmin=-64.82, Lmax=-5.13
09:57:43 [ultranest] [DEBUG] iteration=1049, ncalls=2870, regioncalls=98800, ndraw=40, logz=-70.48, remainder_fraction=100.0000%, Lmin=-63.57, Lmax=-5.13
09:57:43 [ultranest] [DEBUG] iteration=1055, ncalls=2906, regioncalls=100240, ndraw=40, logz=-69.74, remainder_fraction=100.0000%, Lmin=-62.94, Lmax=-5.13
09:57:43 [ultranest] [DEBUG] iteration=1066, ncalls=2945, regioncalls=101800, ndraw=40, logz=-68.21, remainder_fraction=100.0000%, Lmin=-61.08, Lmax=-5.13
09:57:43 [ultranest] [DEBUG] iteration=1074, ncalls=2985, regioncalls=103400, ndraw=40, logz=-67.14, remainder_fraction=100.0000%, Lmin=-60.24, Lmax=-5.13
09:57:44 [ultranest] [DEBUG] iteration=1080, ncalls=3023, regioncalls=104920, ndraw=40, logz=-66.49, remainder_fraction=100.0000%, Lmin=-59.91, Lmax=-5.13
09:57:44 [ultranest] [DEBUG] iteration=1088, ncalls=3059, regioncalls=106360, ndraw=40, logz=-65.69, remainder_fraction=100.0000%, Lmin=-59.06, Lmax=-5.13
09:57:44 [ultranest] [DEBUG] iteration=1095, ncalls=3098, regioncalls=107920, ndraw=40, logz=-64.86, remainder_fraction=100.0000%, Lmin=-57.96, Lmax=-5.13
09:57:44 [ultranest] [DEBUG] iteration=1104, ncalls=3134, regioncalls=109360, ndraw=40, logz=-63.67, remainder_fraction=100.0000%, Lmin=-56.94, Lmax=-5.13
09:57:44 [ultranest] [DEBUG] clustering found some stray points [need_accept=False] (array([1, 2]), array([330,   1]))
09:57:44 [ultranest] [DEBUG] iteration=1113, ncalls=3170, regioncalls=110800, ndraw=40, logz=-62.83, remainder_fraction=100.0000%, Lmin=-56.02, Lmax=-5.13
09:57:44 [ultranest] [DEBUG] iteration=1119, ncalls=3206, regioncalls=112240, ndraw=40, logz=-62.10, remainder_fraction=100.0000%, Lmin=-54.80, Lmax=-5.13
09:57:44 [ultranest] [DEBUG] iteration=1120, ncalls=3207, regioncalls=112280, ndraw=40, logz=-61.94, remainder_fraction=100.0000%, Lmin=-54.79, Lmax=-5.13
09:57:44 [ultranest] [DEBUG] iteration=1124, ncalls=3242, regioncalls=113680, ndraw=40, logz=-61.40, remainder_fraction=100.0000%, Lmin=-54.07, Lmax=-5.13
09:57:44 [ultranest] [DEBUG] iteration=1132, ncalls=3273, regioncalls=114920, ndraw=40, logz=-60.06, remainder_fraction=100.0000%, Lmin=-52.91, Lmax=-5.13
09:57:44 [ultranest] [DEBUG] iteration=1141, ncalls=3305, regioncalls=116200, ndraw=40, logz=-58.90, remainder_fraction=100.0000%, Lmin=-51.89, Lmax=-5.13
09:57:45 [ultranest] [DEBUG] iteration=1146, ncalls=3346, regioncalls=117840, ndraw=40, logz=-58.19, remainder_fraction=100.0000%, Lmin=-50.90, Lmax=-5.13
09:57:45 [ultranest] [DEBUG] iteration=1158, ncalls=3382, regioncalls=119280, ndraw=40, logz=-56.31, remainder_fraction=100.0000%, Lmin=-49.20, Lmax=-5.13
09:57:45 [ultranest] [DEBUG] iteration=1160, ncalls=3393, regioncalls=119720, ndraw=40, logz=-56.08, remainder_fraction=100.0000%, Lmin=-48.93, Lmax=-5.13
09:57:45 [ultranest] [DEBUG] iteration=1166, ncalls=3428, regioncalls=121120, ndraw=40, logz=-55.38, remainder_fraction=100.0000%, Lmin=-48.44, Lmax=-5.13
09:57:45 [ultranest] [DEBUG] iteration=1168, ncalls=3436, regioncalls=121440, ndraw=40, logz=-55.19, remainder_fraction=100.0000%, Lmin=-48.39, Lmax=-5.13
09:57:45 [ultranest] [DEBUG] iteration=1170, ncalls=3441, regioncalls=121640, ndraw=40, logz=-55.02, remainder_fraction=100.0000%, Lmin=-48.15, Lmax=-5.13
09:57:45 [ultranest] [DEBUG] iteration=1173, ncalls=3450, regioncalls=122000, ndraw=40, logz=-54.75, remainder_fraction=100.0000%, Lmin=-48.01, Lmax=-5.13
09:57:45 [ultranest] [DEBUG] iteration=1176, ncalls=3458, regioncalls=122320, ndraw=40, logz=-54.46, remainder_fraction=100.0000%, Lmin=-47.43, Lmax=-5.13
09:57:46 [ultranest] [DEBUG] iteration=1177, ncalls=3483, regioncalls=123320, ndraw=40, logz=-54.35, remainder_fraction=100.0000%, Lmin=-47.39, Lmax=-5.13
09:57:46 [ultranest] [DEBUG] iteration=1179, ncalls=3489, regioncalls=123560, ndraw=40, logz=-54.15, remainder_fraction=100.0000%, Lmin=-47.27, Lmax=-5.13
09:57:46 [ultranest] [DEBUG] iteration=1182, ncalls=3494, regioncalls=123760, ndraw=40, logz=-53.89, remainder_fraction=100.0000%, Lmin=-47.08, Lmax=-5.13
09:57:47 [ultranest] [DEBUG] iteration=1183, ncalls=3504, regioncalls=124160, ndraw=40, logz=-53.81, remainder_fraction=100.0000%, Lmin=-47.04, Lmax=-5.13
09:57:47 [ultranest] [DEBUG] iteration=1186, ncalls=3516, regioncalls=124640, ndraw=40, logz=-53.51, remainder_fraction=100.0000%, Lmin=-46.23, Lmax=-5.13
09:57:47 [ultranest] [DEBUG] iteration=1187, ncalls=3517, regioncalls=124680, ndraw=40, logz=-53.38, remainder_fraction=100.0000%, Lmin=-46.19, Lmax=-5.13
09:57:47 [ultranest] [DEBUG] iteration=1189, ncalls=3526, regioncalls=125040, ndraw=40, logz=-53.14, remainder_fraction=100.0000%, Lmin=-46.02, Lmax=-5.13
09:57:47 [ultranest] [DEBUG] iteration=1191, ncalls=3538, regioncalls=125520, ndraw=40, logz=-52.92, remainder_fraction=100.0000%, Lmin=-45.83, Lmax=-5.13
09:57:48 [ultranest] [DEBUG] iteration=1192, ncalls=3544, regioncalls=125760, ndraw=40, logz=-52.81, remainder_fraction=100.0000%, Lmin=-45.80, Lmax=-5.03
09:57:48 [ultranest] [DEBUG] iteration=1193, ncalls=3552, regioncalls=126080, ndraw=40, logz=-52.71, remainder_fraction=100.0000%, Lmin=-45.76, Lmax=-5.03
09:57:48 [ultranest] [DEBUG] iteration=1194, ncalls=3565, regioncalls=126600, ndraw=40, logz=-52.62, remainder_fraction=100.0000%, Lmin=-45.62, Lmax=-5.03
09:57:48 [ultranest] [DEBUG] iteration=1196, ncalls=3576, regioncalls=127040, ndraw=40, logz=-52.42, remainder_fraction=100.0000%, Lmin=-45.53, Lmax=-5.03
09:57:48 [ultranest] [DEBUG] iteration=1198, ncalls=3581, regioncalls=127240, ndraw=40, logz=-52.25, remainder_fraction=100.0000%, Lmin=-45.07, Lmax=-5.03
09:57:49 [ultranest] [DEBUG] iteration=1200, ncalls=3590, regioncalls=127600, ndraw=40, logz=-52.02, remainder_fraction=100.0000%, Lmin=-44.97, Lmax=-5.03
09:57:49 [ultranest] [DEBUG] iteration=1202, ncalls=3597, regioncalls=127880, ndraw=40, logz=-51.83, remainder_fraction=100.0000%, Lmin=-44.41, Lmax=-5.03
09:57:49 [ultranest] [DEBUG] iteration=1204, ncalls=3606, regioncalls=128240, ndraw=40, logz=-51.54, remainder_fraction=100.0000%, Lmin=-44.12, Lmax=-5.03
09:57:49 [ultranest] [DEBUG] iteration=1205, ncalls=3611, regioncalls=128440, ndraw=40, logz=-51.40, remainder_fraction=100.0000%, Lmin=-44.04, Lmax=-5.03
09:57:49 [ultranest] [DEBUG] iteration=1207, ncalls=3618, regioncalls=128720, ndraw=40, logz=-51.14, remainder_fraction=100.0000%, Lmin=-43.59, Lmax=-5.03
09:57:49 [ultranest] [DEBUG] iteration=1215, ncalls=3654, regioncalls=130160, ndraw=40, logz=-50.02, remainder_fraction=100.0000%, Lmin=-42.72, Lmax=-5.03
09:57:50 [ultranest] [DEBUG] iteration=1226, ncalls=3692, regioncalls=131680, ndraw=40, logz=-48.64, remainder_fraction=100.0000%, Lmin=-41.39, Lmax=-5.03
09:57:50 [ultranest] [DEBUG] iteration=1234, ncalls=3730, regioncalls=133320, ndraw=40, logz=-47.90, remainder_fraction=100.0000%, Lmin=-40.93, Lmax=-5.03
09:57:50 [ultranest] [DEBUG] iteration=1240, ncalls=3750, regioncalls=134120, ndraw=40, logz=-47.35, remainder_fraction=100.0000%, Lmin=-40.40, Lmax=-5.03
09:57:50 [ultranest] [DEBUG] iteration=1243, ncalls=3792, regioncalls=135800, ndraw=40, logz=-47.10, remainder_fraction=100.0000%, Lmin=-40.16, Lmax=-5.03
09:57:50 [ultranest] [DEBUG] iteration=1247, ncalls=3839, regioncalls=137680, ndraw=40, logz=-46.73, remainder_fraction=100.0000%, Lmin=-39.41, Lmax=-5.03
09:57:50 [ultranest] [DEBUG] iteration=1252, ncalls=3876, regioncalls=139160, ndraw=40, logz=-46.17, remainder_fraction=100.0000%, Lmin=-38.71, Lmax=-5.03
09:57:50 [ultranest] [DEBUG] iteration=1261, ncalls=3899, regioncalls=140080, ndraw=40, logz=-45.15, remainder_fraction=100.0000%, Lmin=-37.92, Lmax=-5.03
09:57:50 [ultranest] [DEBUG] iteration=1270, ncalls=3932, regioncalls=141440, ndraw=40, logz=-43.84, remainder_fraction=100.0000%, Lmin=-36.27, Lmax=-5.03
09:57:50 [ultranest] [DEBUG] iteration=1279, ncalls=3965, regioncalls=142760, ndraw=40, logz=-42.60, remainder_fraction=100.0000%, Lmin=-35.19, Lmax=-5.03
09:57:50 [ultranest] [DEBUG] iteration=1280, ncalls=3976, regioncalls=143200, ndraw=40, logz=-42.49, remainder_fraction=100.0000%, Lmin=-35.16, Lmax=-5.03
09:57:50 [ultranest] [DEBUG] iteration=1292, ncalls=4009, regioncalls=144520, ndraw=40, logz=-41.25, remainder_fraction=100.0000%, Lmin=-33.95, Lmax=-5.03
09:57:51 [ultranest] [DEBUG] iteration=1301, ncalls=4044, regioncalls=145920, ndraw=40, logz=-40.41, remainder_fraction=100.0000%, Lmin=-33.11, Lmax=-5.03
09:57:51 [ultranest] [DEBUG] iteration=1307, ncalls=4081, regioncalls=147400, ndraw=40, logz=-39.87, remainder_fraction=100.0000%, Lmin=-32.80, Lmax=-5.03
09:57:51 [ultranest] [DEBUG] iteration=1318, ncalls=4119, regioncalls=148920, ndraw=40, logz=-38.81, remainder_fraction=100.0000%, Lmin=-31.49, Lmax=-5.03
09:57:51 [ultranest] [DEBUG] iteration=1320, ncalls=4125, regioncalls=149160, ndraw=40, logz=-38.63, remainder_fraction=100.0000%, Lmin=-31.17, Lmax=-5.03
09:57:51 [ultranest] [DEBUG] iteration=1329, ncalls=4165, regioncalls=150760, ndraw=40, logz=-37.63, remainder_fraction=100.0000%, Lmin=-30.15, Lmax=-5.03
09:57:51 [ultranest] [DEBUG] iteration=1342, ncalls=4195, regioncalls=151960, ndraw=40, logz=-36.67, remainder_fraction=100.0000%, Lmin=-29.70, Lmax=-5.03
09:57:51 [ultranest] [DEBUG] iteration=1348, ncalls=4227, regioncalls=153240, ndraw=40, logz=-36.32, remainder_fraction=100.0000%, Lmin=-29.44, Lmax=-5.03
09:57:51 [ultranest] [DEBUG] iteration=1357, ncalls=4265, regioncalls=154760, ndraw=40, logz=-35.74, remainder_fraction=100.0000%, Lmin=-28.56, Lmax=-5.03
09:57:51 [ultranest] [DEBUG] iteration=1360, ncalls=4278, regioncalls=155280, ndraw=40, logz=-35.52, remainder_fraction=100.0000%, Lmin=-28.35, Lmax=-5.03
09:57:51 [ultranest] [DEBUG] iteration=1373, ncalls=4313, regioncalls=156680, ndraw=40, logz=-34.50, remainder_fraction=100.0000%, Lmin=-27.12, Lmax=-5.03
09:57:52 [ultranest] [DEBUG] iteration=1382, ncalls=4351, regioncalls=158200, ndraw=40, logz=-33.80, remainder_fraction=100.0000%, Lmin=-26.53, Lmax=-5.03
09:57:52 [ultranest] [DEBUG] iteration=1392, ncalls=4389, regioncalls=159720, ndraw=40, logz=-33.06, remainder_fraction=100.0000%, Lmin=-25.75, Lmax=-5.03
09:57:52 [ultranest] [DEBUG] iteration=1399, ncalls=4427, regioncalls=161240, ndraw=40, logz=-32.55, remainder_fraction=100.0000%, Lmin=-25.29, Lmax=-5.03
09:57:52 [ultranest] [DEBUG] iteration=1400, ncalls=4432, regioncalls=161440, ndraw=40, logz=-32.48, remainder_fraction=100.0000%, Lmin=-25.21, Lmax=-5.03
09:57:52 [ultranest] [DEBUG] iteration=1407, ncalls=4472, regioncalls=163040, ndraw=40, logz=-32.01, remainder_fraction=100.0000%, Lmin=-24.79, Lmax=-5.03
09:57:52 [ultranest] [DEBUG] iteration=1409, ncalls=4476, regioncalls=163200, ndraw=40, logz=-31.88, remainder_fraction=100.0000%, Lmin=-24.75, Lmax=-5.03
09:57:52 [ultranest] [DEBUG] iteration=1417, ncalls=4507, regioncalls=164520, ndraw=40, logz=-31.41, remainder_fraction=100.0000%, Lmin=-24.29, Lmax=-5.03
09:57:52 [ultranest] [DEBUG] iteration=1427, ncalls=4540, regioncalls=165840, ndraw=40, logz=-30.84, remainder_fraction=100.0000%, Lmin=-23.65, Lmax=-5.03
09:57:52 [ultranest] [DEBUG] iteration=1440, ncalls=4573, regioncalls=167160, ndraw=40, logz=-30.03, remainder_fraction=100.0000%, Lmin=-22.71, Lmax=-5.03
09:57:52 [ultranest] [DEBUG] iteration=1452, ncalls=4609, regioncalls=168600, ndraw=40, logz=-29.29, remainder_fraction=100.0000%, Lmin=-21.97, Lmax=-5.03
09:57:52 [ultranest] [DEBUG] iteration=1457, ncalls=4628, regioncalls=169360, ndraw=40, logz=-28.98, remainder_fraction=100.0000%, Lmin=-21.60, Lmax=-5.03
09:57:53 [ultranest] [DEBUG] iteration=1459, ncalls=4632, regioncalls=169520, ndraw=40, logz=-28.85, remainder_fraction=100.0000%, Lmin=-21.57, Lmax=-5.03
09:57:53 [ultranest] [DEBUG] iteration=1460, ncalls=4636, regioncalls=169680, ndraw=40, logz=-28.79, remainder_fraction=100.0000%, Lmin=-21.53, Lmax=-5.03
09:57:53 [ultranest] [DEBUG] iteration=1462, ncalls=4643, regioncalls=169960, ndraw=40, logz=-28.67, remainder_fraction=100.0000%, Lmin=-21.44, Lmax=-5.03
09:57:53 [ultranest] [DEBUG] iteration=1464, ncalls=4650, regioncalls=170240, ndraw=40, logz=-28.56, remainder_fraction=100.0000%, Lmin=-21.38, Lmax=-5.03
09:57:53 [ultranest] [DEBUG] iteration=1466, ncalls=4656, regioncalls=170480, ndraw=40, logz=-28.45, remainder_fraction=100.0000%, Lmin=-21.15, Lmax=-5.03
09:57:53 [ultranest] [DEBUG] iteration=1468, ncalls=4660, regioncalls=170640, ndraw=40, logz=-28.33, remainder_fraction=100.0000%, Lmin=-21.10, Lmax=-5.03
09:57:53 [ultranest] [DEBUG] iteration=1470, ncalls=4665, regioncalls=170840, ndraw=40, logz=-28.22, remainder_fraction=100.0000%, Lmin=-20.99, Lmax=-5.03
09:57:54 [ultranest] [DEBUG] iteration=1471, ncalls=4670, regioncalls=171040, ndraw=40, logz=-28.17, remainder_fraction=100.0000%, Lmin=-20.91, Lmax=-5.03
09:57:54 [ultranest] [DEBUG] iteration=1474, ncalls=4675, regioncalls=171240, ndraw=40, logz=-27.97, remainder_fraction=100.0000%, Lmin=-20.55, Lmax=-5.03
09:57:54 [ultranest] [DEBUG] iteration=1477, ncalls=4684, regioncalls=171600, ndraw=40, logz=-27.79, remainder_fraction=100.0000%, Lmin=-20.52, Lmax=-5.03
09:57:54 [ultranest] [DEBUG] iteration=1480, ncalls=4688, regioncalls=171760, ndraw=40, logz=-27.62, remainder_fraction=100.0000%, Lmin=-20.41, Lmax=-5.03
09:57:54 [ultranest] [DEBUG] iteration=1481, ncalls=4693, regioncalls=171960, ndraw=40, logz=-27.57, remainder_fraction=100.0000%, Lmin=-20.41, Lmax=-5.03
09:57:55 [ultranest] [DEBUG] iteration=1482, ncalls=4708, regioncalls=172560, ndraw=40, logz=-27.52, remainder_fraction=100.0000%, Lmin=-20.36, Lmax=-5.03
09:57:55 [ultranest] [DEBUG] iteration=1483, ncalls=4712, regioncalls=172720, ndraw=40, logz=-27.47, remainder_fraction=100.0000%, Lmin=-20.35, Lmax=-5.03
09:57:55 [ultranest] [DEBUG] iteration=1485, ncalls=4718, regioncalls=172960, ndraw=40, logz=-27.37, remainder_fraction=100.0000%, Lmin=-20.20, Lmax=-5.03
09:57:55 [ultranest] [DEBUG] iteration=1487, ncalls=4723, regioncalls=173160, ndraw=40, logz=-27.28, remainder_fraction=100.0000%, Lmin=-20.15, Lmax=-5.03
09:57:55 [ultranest] [DEBUG] iteration=1489, ncalls=4734, regioncalls=173600, ndraw=40, logz=-27.18, remainder_fraction=100.0000%, Lmin=-19.75, Lmax=-5.03
09:57:55 [ultranest] [DEBUG] iteration=1492, ncalls=4739, regioncalls=173800, ndraw=40, logz=-27.00, remainder_fraction=100.0000%, Lmin=-19.69, Lmax=-5.03
09:57:56 [ultranest] [DEBUG] iteration=1494, ncalls=4744, regioncalls=174000, ndraw=40, logz=-26.88, remainder_fraction=100.0000%, Lmin=-19.52, Lmax=-5.03
09:57:56 [ultranest] [DEBUG] iteration=1497, ncalls=4759, regioncalls=174600, ndraw=40, logz=-26.70, remainder_fraction=100.0000%, Lmin=-19.32, Lmax=-5.03
09:57:56 [ultranest] [DEBUG] iteration=1498, ncalls=4768, regioncalls=174960, ndraw=40, logz=-26.65, remainder_fraction=100.0000%, Lmin=-19.16, Lmax=-5.03
09:57:56 [ultranest] [DEBUG] iteration=1501, ncalls=4773, regioncalls=175160, ndraw=40, logz=-26.45, remainder_fraction=100.0000%, Lmin=-19.01, Lmax=-5.03
09:57:56 [ultranest] [DEBUG] iteration=1502, ncalls=4779, regioncalls=175400, ndraw=40, logz=-26.39, remainder_fraction=100.0000%, Lmin=-18.72, Lmax=-5.03
09:57:56 [ultranest] [DEBUG] iteration=1505, ncalls=4783, regioncalls=175560, ndraw=40, logz=-26.17, remainder_fraction=99.9999%, Lmin=-18.61, Lmax=-5.03
09:57:57 [ultranest] [DEBUG] iteration=1506, ncalls=4788, regioncalls=175760, ndraw=40, logz=-26.10, remainder_fraction=99.9999%, Lmin=-18.57, Lmax=-5.03
09:57:57 [ultranest] [DEBUG] iteration=1509, ncalls=4795, regioncalls=176040, ndraw=40, logz=-25.90, remainder_fraction=99.9999%, Lmin=-18.40, Lmax=-5.03
09:57:57 [ultranest] [DEBUG] iteration=1510, ncalls=4802, regioncalls=176320, ndraw=40, logz=-25.83, remainder_fraction=99.9999%, Lmin=-18.26, Lmax=-5.03
09:57:57 [ultranest] [DEBUG] iteration=1516, ncalls=4832, regioncalls=177520, ndraw=40, logz=-25.47, remainder_fraction=99.9999%, Lmin=-18.15, Lmax=-5.03
09:57:57 [ultranest] [DEBUG] iteration=1520, ncalls=4839, regioncalls=177800, ndraw=40, logz=-25.26, remainder_fraction=99.9999%, Lmin=-17.95, Lmax=-5.03
09:57:57 [ultranest] [DEBUG] iteration=1529, ncalls=4876, regioncalls=179280, ndraw=40, logz=-24.84, remainder_fraction=99.9998%, Lmin=-17.70, Lmax=-5.03
09:57:57 [ultranest] [DEBUG] iteration=1540, ncalls=4915, regioncalls=180840, ndraw=40, logz=-24.33, remainder_fraction=99.9996%, Lmin=-17.03, Lmax=-5.03
09:57:57 [ultranest] [DEBUG] iteration=1549, ncalls=4951, regioncalls=182280, ndraw=40, logz=-23.91, remainder_fraction=99.9994%, Lmin=-16.64, Lmax=-5.03
09:57:57 [ultranest] [DEBUG] iteration=1553, ncalls=4989, regioncalls=183800, ndraw=40, logz=-23.73, remainder_fraction=99.9993%, Lmin=-16.46, Lmax=-5.03
09:57:58 [ultranest] [DEBUG] iteration=1560, ncalls=5008, regioncalls=184560, ndraw=40, logz=-23.41, remainder_fraction=99.9990%, Lmin=-16.18, Lmax=-5.03
09:57:58 [ultranest] [DEBUG] iteration=1569, ncalls=5042, regioncalls=185920, ndraw=40, logz=-23.04, remainder_fraction=99.9986%, Lmin=-15.77, Lmax=-5.03
09:57:58 [ultranest] [DEBUG] iteration=1581, ncalls=5077, regioncalls=187320, ndraw=40, logz=-22.56, remainder_fraction=99.9978%, Lmin=-15.44, Lmax=-5.03
09:57:58 [ultranest] [DEBUG] iteration=1586, ncalls=5113, regioncalls=188760, ndraw=40, logz=-22.39, remainder_fraction=99.9973%, Lmin=-15.31, Lmax=-5.03
09:57:58 [ultranest] [DEBUG] iteration=1595, ncalls=5147, regioncalls=190120, ndraw=40, logz=-22.09, remainder_fraction=99.9963%, Lmin=-14.92, Lmax=-5.03
09:57:58 [ultranest] [DEBUG] iteration=1600, ncalls=5188, regioncalls=191760, ndraw=40, logz=-21.91, remainder_fraction=99.9956%, Lmin=-14.76, Lmax=-5.03
09:57:58 [ultranest] [DEBUG] iteration=1607, ncalls=5226, regioncalls=193280, ndraw=40, logz=-21.67, remainder_fraction=99.9943%, Lmin=-14.52, Lmax=-5.03
09:57:58 [ultranest] [DEBUG] iteration=1617, ncalls=5260, regioncalls=194640, ndraw=40, logz=-21.36, remainder_fraction=99.9922%, Lmin=-14.26, Lmax=-5.03
09:57:58 [ultranest] [DEBUG] iteration=1626, ncalls=5296, regioncalls=196080, ndraw=40, logz=-21.07, remainder_fraction=99.9898%, Lmin=-13.84, Lmax=-5.03
09:57:58 [ultranest] [DEBUG] iteration=1631, ncalls=5310, regioncalls=196680, ndraw=40, logz=-20.90, remainder_fraction=99.9878%, Lmin=-13.72, Lmax=-5.03
09:57:58 [ultranest] [DEBUG] iteration=1640, ncalls=5322, regioncalls=197240, ndraw=40, logz=-20.59, remainder_fraction=99.9834%, Lmin=-13.30, Lmax=-5.03
09:57:59 [ultranest] [DEBUG] iteration=1656, ncalls=5355, regioncalls=198560, ndraw=40, logz=-20.04, remainder_fraction=99.9715%, Lmin=-12.87, Lmax=-5.03
09:57:59 [ultranest] [DEBUG] iteration=1672, ncalls=5390, regioncalls=199960, ndraw=40, logz=-19.55, remainder_fraction=99.9529%, Lmin=-12.19, Lmax=-5.03
09:57:59 [ultranest] [DEBUG] iteration=1680, ncalls=5408, regioncalls=200680, ndraw=40, logz=-19.29, remainder_fraction=99.9393%, Lmin=-12.09, Lmax=-5.03
09:57:59 [ultranest] [DEBUG] iteration=1694, ncalls=5440, regioncalls=201960, ndraw=40, logz=-18.93, remainder_fraction=99.9133%, Lmin=-11.74, Lmax=-5.03
09:57:59 [ultranest] [DEBUG] iteration=1705, ncalls=5470, regioncalls=203160, ndraw=40, logz=-18.65, remainder_fraction=99.8867%, Lmin=-11.50, Lmax=-5.03
09:57:59 [ultranest] [DEBUG] iteration=1719, ncalls=5504, regioncalls=204520, ndraw=40, logz=-18.33, remainder_fraction=99.8464%, Lmin=-11.28, Lmax=-5.03
09:57:59 [ultranest] [DEBUG] iteration=1720, ncalls=5507, regioncalls=204640, ndraw=40, logz=-18.31, remainder_fraction=99.8425%, Lmin=-11.27, Lmax=-5.03
09:57:59 [ultranest] [DEBUG] iteration=1736, ncalls=5538, regioncalls=205880, ndraw=40, logz=-17.98, remainder_fraction=99.7848%, Lmin=-11.01, Lmax=-5.03
09:57:59 [ultranest] [DEBUG] iteration=1750, ncalls=5569, regioncalls=207120, ndraw=40, logz=-17.70, remainder_fraction=99.7171%, Lmin=-10.64, Lmax=-5.03
09:57:59 [ultranest] [DEBUG] iteration=1760, ncalls=5589, regioncalls=207920, ndraw=40, logz=-17.51, remainder_fraction=99.6531%, Lmin=-10.45, Lmax=-5.03
09:57:59 [ultranest] [DEBUG] iteration=1775, ncalls=5621, regioncalls=209200, ndraw=40, logz=-17.22, remainder_fraction=99.5388%, Lmin=-10.20, Lmax=-5.03
09:58:00 [ultranest] [DEBUG] iteration=1779, ncalls=5627, regioncalls=209480, ndraw=40, logz=-17.15, remainder_fraction=99.5060%, Lmin=-10.14, Lmax=-5.03
09:58:00 [ultranest] [DEBUG] iteration=1788, ncalls=5661, regioncalls=210840, ndraw=40, logz=-17.00, remainder_fraction=99.4186%, Lmin=-10.02, Lmax=-5.03
09:58:00 [ultranest] [DEBUG] iteration=1800, ncalls=5686, regioncalls=211840, ndraw=40, logz=-16.80, remainder_fraction=99.3016%, Lmin=-9.85, Lmax=-5.03
09:58:00 [ultranest] [DEBUG] iteration=1815, ncalls=5719, regioncalls=213160, ndraw=40, logz=-16.58, remainder_fraction=99.1210%, Lmin=-9.65, Lmax=-5.03
09:58:00 [ultranest] [DEBUG] iteration=1830, ncalls=5751, regioncalls=214440, ndraw=40, logz=-16.37, remainder_fraction=98.9157%, Lmin=-9.49, Lmax=-5.03
09:58:00 [ultranest] [DEBUG] iteration=1840, ncalls=5784, regioncalls=215760, ndraw=40, logz=-16.24, remainder_fraction=98.7642%, Lmin=-9.35, Lmax=-5.03
09:58:00 [ultranest] [DEBUG] iteration=1853, ncalls=5808, regioncalls=216760, ndraw=40, logz=-16.06, remainder_fraction=98.5003%, Lmin=-9.12, Lmax=-5.03
09:58:00 [ultranest] [DEBUG] iteration=1870, ncalls=5838, regioncalls=218000, ndraw=40, logz=-15.84, remainder_fraction=98.1438%, Lmin=-8.86, Lmax=-5.03
09:58:00 [ultranest] [DEBUG] iteration=1880, ncalls=5857, regioncalls=218760, ndraw=40, logz=-15.71, remainder_fraction=97.8836%, Lmin=-8.70, Lmax=-5.03
09:58:00 [ultranest] [DEBUG] iteration=1897, ncalls=5890, regioncalls=220080, ndraw=40, logz=-15.49, remainder_fraction=97.3777%, Lmin=-8.49, Lmax=-5.03
09:58:00 [ultranest] [DEBUG] iteration=1914, ncalls=5920, regioncalls=221280, ndraw=40, logz=-15.29, remainder_fraction=96.7490%, Lmin=-8.30, Lmax=-5.03
09:58:01 [ultranest] [DEBUG] iteration=1920, ncalls=5936, regioncalls=221920, ndraw=40, logz=-15.22, remainder_fraction=96.4787%, Lmin=-8.20, Lmax=-5.03
09:58:01 [ultranest] [DEBUG] iteration=1935, ncalls=5962, regioncalls=222960, ndraw=40, logz=-15.05, remainder_fraction=95.8718%, Lmin=-8.06, Lmax=-5.03
09:58:01 [ultranest] [DEBUG] iteration=1949, ncalls=5992, regioncalls=224160, ndraw=40, logz=-14.90, remainder_fraction=95.1763%, Lmin=-7.87, Lmax=-5.03
09:58:01 [ultranest] [DEBUG] iteration=1960, ncalls=6013, regioncalls=225000, ndraw=40, logz=-14.78, remainder_fraction=94.5308%, Lmin=-7.74, Lmax=-5.03
09:58:01 [ultranest] [DEBUG] iteration=1980, ncalls=6043, regioncalls=226200, ndraw=40, logz=-14.58, remainder_fraction=93.4104%, Lmin=-7.55, Lmax=-5.03
09:58:01 [ultranest] [DEBUG] iteration=1996, ncalls=6074, regioncalls=227440, ndraw=40, logz=-14.43, remainder_fraction=92.3737%, Lmin=-7.45, Lmax=-5.03
09:58:01 [ultranest] [DEBUG] iteration=2000, ncalls=6090, regioncalls=228080, ndraw=40, logz=-14.39, remainder_fraction=92.1002%, Lmin=-7.43, Lmax=-5.03
09:58:01 [ultranest] [DEBUG] iteration=2001, ncalls=6091, regioncalls=228200, ndraw=40, logz=-14.39, remainder_fraction=92.0228%, Lmin=-7.43, Lmax=-5.03
09:58:01 [ultranest] [DEBUG] iteration=2018, ncalls=6119, regioncalls=229320, ndraw=40, logz=-14.24, remainder_fraction=90.8241%, Lmin=-7.31, Lmax=-5.03
09:58:01 [ultranest] [DEBUG] iteration=2033, ncalls=6153, regioncalls=230680, ndraw=40, logz=-14.13, remainder_fraction=89.6610%, Lmin=-7.20, Lmax=-5.03
09:58:01 [ultranest] [DEBUG] iteration=2040, ncalls=6163, regioncalls=231080, ndraw=40, logz=-14.07, remainder_fraction=89.0714%, Lmin=-7.15, Lmax=-5.03
09:58:01 [ultranest] [DEBUG] iteration=2056, ncalls=6196, regioncalls=232400, ndraw=40, logz=-13.96, remainder_fraction=87.8491%, Lmin=-7.04, Lmax=-5.03
09:58:02 [ultranest] [DEBUG] iteration=2073, ncalls=6227, regioncalls=233640, ndraw=40, logz=-13.84, remainder_fraction=86.3314%, Lmin=-6.88, Lmax=-5.03
09:58:02 [ultranest] [DEBUG] iteration=2075, ncalls=6231, regioncalls=233840, ndraw=40, logz=-13.83, remainder_fraction=86.1903%, Lmin=-6.87, Lmax=-5.03
09:58:02 [ultranest] [DEBUG] iteration=2080, ncalls=6245, regioncalls=234400, ndraw=40, logz=-13.79, remainder_fraction=85.7297%, Lmin=-6.83, Lmax=-5.03
09:58:02 [ultranest] [DEBUG] iteration=2097, ncalls=6272, regioncalls=235560, ndraw=40, logz=-13.68, remainder_fraction=84.0518%, Lmin=-6.76, Lmax=-5.03
09:58:02 [ultranest] [DEBUG] iteration=2116, ncalls=6302, regioncalls=236800, ndraw=40, logz=-13.57, remainder_fraction=82.1135%, Lmin=-6.66, Lmax=-5.03
09:58:02 [ultranest] [DEBUG] iteration=2120, ncalls=6313, regioncalls=237240, ndraw=40, logz=-13.54, remainder_fraction=81.7133%, Lmin=-6.65, Lmax=-5.03
09:58:02 [ultranest] [DEBUG] iteration=2136, ncalls=6346, regioncalls=238560, ndraw=40, logz=-13.46, remainder_fraction=80.0093%, Lmin=-6.56, Lmax=-5.03
09:58:02 [ultranest] [DEBUG] iteration=2148, ncalls=6382, regioncalls=240000, ndraw=40, logz=-13.39, remainder_fraction=78.6671%, Lmin=-6.51, Lmax=-5.03
09:58:02 [ultranest] [DEBUG] iteration=2149, ncalls=6384, regioncalls=240120, ndraw=40, logz=-13.39, remainder_fraction=78.5670%, Lmin=-6.50, Lmax=-5.03
09:58:02 [ultranest] [DEBUG] iteration=2160, ncalls=6407, regioncalls=241040, ndraw=40, logz=-13.33, remainder_fraction=77.2702%, Lmin=-6.44, Lmax=-5.03
09:58:02 [ultranest] [DEBUG] iteration=2174, ncalls=6440, regioncalls=242360, ndraw=40, logz=-13.26, remainder_fraction=75.6613%, Lmin=-6.36, Lmax=-5.03
09:58:02 [ultranest] [DEBUG] iteration=2186, ncalls=6483, regioncalls=244080, ndraw=40, logz=-13.21, remainder_fraction=74.4109%, Lmin=-6.32, Lmax=-5.03
09:58:02 [ultranest] [DEBUG] iteration=2200, ncalls=6513, regioncalls=245280, ndraw=40, logz=-13.15, remainder_fraction=72.8204%, Lmin=-6.28, Lmax=-5.03
09:58:03 [ultranest] [DEBUG] iteration=2215, ncalls=6545, regioncalls=246560, ndraw=40, logz=-13.08, remainder_fraction=71.0272%, Lmin=-6.20, Lmax=-5.03
09:58:03 [ultranest] [DEBUG] iteration=2223, ncalls=6557, regioncalls=247080, ndraw=40, logz=-13.05, remainder_fraction=70.0176%, Lmin=-6.18, Lmax=-5.03
09:58:03 [ultranest] [DEBUG] iteration=2235, ncalls=6586, regioncalls=248320, ndraw=40, logz=-13.00, remainder_fraction=68.6307%, Lmin=-6.15, Lmax=-5.03
09:58:03 [ultranest] [DEBUG] iteration=2240, ncalls=6599, regioncalls=248880, ndraw=40, logz=-12.98, remainder_fraction=67.9935%, Lmin=-6.13, Lmax=-5.03
09:58:03 [ultranest] [DEBUG] iteration=2254, ncalls=6633, regioncalls=250240, ndraw=40, logz=-12.93, remainder_fraction=66.4209%, Lmin=-6.09, Lmax=-5.03
09:58:03 [ultranest] [DEBUG] iteration=2264, ncalls=6666, regioncalls=251560, ndraw=40, logz=-12.90, remainder_fraction=65.2090%, Lmin=-6.06, Lmax=-5.03
09:58:03 [ultranest] [DEBUG] iteration=2278, ncalls=6700, regioncalls=252920, ndraw=40, logz=-12.85, remainder_fraction=63.6251%, Lmin=-6.02, Lmax=-5.03
09:58:03 [ultranest] [DEBUG] iteration=2280, ncalls=6704, regioncalls=253080, ndraw=40, logz=-12.84, remainder_fraction=63.3703%, Lmin=-6.02, Lmax=-5.03
09:58:03 [ultranest] [DEBUG] iteration=2294, ncalls=6740, regioncalls=254520, ndraw=40, logz=-12.80, remainder_fraction=61.7121%, Lmin=-5.95, Lmax=-5.03
09:58:03 [ultranest] [DEBUG] iteration=2297, ncalls=6748, regioncalls=254880, ndraw=40, logz=-12.79, remainder_fraction=61.2885%, Lmin=-5.95, Lmax=-5.03
09:58:03 [ultranest] [DEBUG] iteration=2311, ncalls=6777, regioncalls=256040, ndraw=40, logz=-12.75, remainder_fraction=59.4973%, Lmin=-5.90, Lmax=-5.03
09:58:03 [ultranest] [DEBUG] iteration=2320, ncalls=6805, regioncalls=257160, ndraw=40, logz=-12.72, remainder_fraction=58.5104%, Lmin=-5.87, Lmax=-5.03
09:58:04 [ultranest] [DEBUG] iteration=2336, ncalls=6837, regioncalls=258440, ndraw=40, logz=-12.67, remainder_fraction=56.5946%, Lmin=-5.84, Lmax=-5.03
09:58:04 [ultranest] [DEBUG] iteration=2355, ncalls=6871, regioncalls=259800, ndraw=40, logz=-12.62, remainder_fraction=54.3691%, Lmin=-5.79, Lmax=-5.03
09:58:04 [ultranest] [DEBUG] iteration=2360, ncalls=6887, regioncalls=260440, ndraw=40, logz=-12.61, remainder_fraction=53.8264%, Lmin=-5.79, Lmax=-5.03
09:58:04 [ultranest] [DEBUG] iteration=2373, ncalls=6920, regioncalls=261760, ndraw=40, logz=-12.58, remainder_fraction=52.3281%, Lmin=-5.76, Lmax=-5.03
09:58:04 [ultranest] [DEBUG] iteration=2385, ncalls=6951, regioncalls=263000, ndraw=40, logz=-12.55, remainder_fraction=50.9737%, Lmin=-5.74, Lmax=-5.03
09:58:04 [ultranest] [DEBUG] iteration=2393, ncalls=6991, regioncalls=264600, ndraw=40, logz=-12.53, remainder_fraction=50.1224%, Lmin=-5.73, Lmax=-5.03
09:58:04 [ultranest] [DEBUG] iteration=2400, ncalls=7004, regioncalls=265120, ndraw=40, logz=-12.51, remainder_fraction=49.3420%, Lmin=-5.72, Lmax=-5.03
09:58:04 [ultranest] [DEBUG] iteration=2415, ncalls=7036, regioncalls=266400, ndraw=40, logz=-12.48, remainder_fraction=47.6798%, Lmin=-5.68, Lmax=-5.03
09:58:04 [ultranest] [DEBUG] iteration=2426, ncalls=7075, regioncalls=267960, ndraw=40, logz=-12.46, remainder_fraction=46.4331%, Lmin=-5.65, Lmax=-5.03
09:58:04 [ultranest] [DEBUG] iteration=2439, ncalls=7109, regioncalls=269320, ndraw=40, logz=-12.43, remainder_fraction=45.0741%, Lmin=-5.64, Lmax=-5.03
09:58:04 [ultranest] [DEBUG] iteration=2440, ncalls=7112, regioncalls=269440, ndraw=40, logz=-12.43, remainder_fraction=44.9585%, Lmin=-5.64, Lmax=-5.03
09:58:05 [ultranest] [DEBUG] iteration=2445, ncalls=7127, regioncalls=270080, ndraw=40, logz=-12.42, remainder_fraction=44.3980%, Lmin=-5.63, Lmax=-5.03
09:58:05 [ultranest] [DEBUG] iteration=2464, ncalls=7154, regioncalls=271160, ndraw=40, logz=-12.39, remainder_fraction=42.4046%, Lmin=-5.60, Lmax=-5.03
09:58:05 [ultranest] [DEBUG] iteration=2477, ncalls=7186, regioncalls=272440, ndraw=40, logz=-12.36, remainder_fraction=41.0938%, Lmin=-5.58, Lmax=-5.03
09:58:05 [ultranest] [DEBUG] iteration=2480, ncalls=7193, regioncalls=272720, ndraw=40, logz=-12.36, remainder_fraction=40.7812%, Lmin=-5.58, Lmax=-5.03
09:58:05 [ultranest] [DEBUG] iteration=2495, ncalls=7226, regioncalls=274040, ndraw=40, logz=-12.33, remainder_fraction=39.3281%, Lmin=-5.56, Lmax=-5.03
09:58:05 [ultranest] [DEBUG] iteration=2510, ncalls=7258, regioncalls=275320, ndraw=40, logz=-12.31, remainder_fraction=37.8903%, Lmin=-5.55, Lmax=-5.03
09:58:05 [ultranest] [DEBUG] iteration=2519, ncalls=7280, regioncalls=276280, ndraw=40, logz=-12.30, remainder_fraction=37.0436%, Lmin=-5.53, Lmax=-5.03
09:58:05 [ultranest] [DEBUG] iteration=2520, ncalls=7281, regioncalls=276320, ndraw=40, logz=-12.30, remainder_fraction=36.9511%, Lmin=-5.53, Lmax=-5.03
09:58:05 [ultranest] [DEBUG] iteration=2529, ncalls=7311, regioncalls=277520, ndraw=40, logz=-12.28, remainder_fraction=36.1396%, Lmin=-5.52, Lmax=-5.03
09:58:05 [ultranest] [DEBUG] iteration=2546, ncalls=7342, regioncalls=278760, ndraw=40, logz=-12.26, remainder_fraction=34.6083%, Lmin=-5.50, Lmax=-5.03
09:58:05 [ultranest] [DEBUG] iteration=2559, ncalls=7376, regioncalls=280120, ndraw=40, logz=-12.24, remainder_fraction=33.4515%, Lmin=-5.49, Lmax=-5.03
09:58:05 [ultranest] [DEBUG] iteration=2560, ncalls=7380, regioncalls=280280, ndraw=40, logz=-12.24, remainder_fraction=33.3612%, Lmin=-5.49, Lmax=-5.03
09:58:05 [ultranest] [DEBUG] iteration=2580, ncalls=7410, regioncalls=281480, ndraw=40, logz=-12.21, remainder_fraction=31.6498%, Lmin=-5.47, Lmax=-5.03
09:58:06 [ultranest] [DEBUG] iteration=2593, ncalls=7441, regioncalls=282760, ndraw=40, logz=-12.20, remainder_fraction=30.6089%, Lmin=-5.47, Lmax=-5.02
09:58:06 [ultranest] [DEBUG] iteration=2600, ncalls=7450, regioncalls=283120, ndraw=40, logz=-12.19, remainder_fraction=30.0853%, Lmin=-5.46, Lmax=-5.02
09:58:06 [ultranest] [DEBUG] iteration=2614, ncalls=7487, regioncalls=284600, ndraw=40, logz=-12.18, remainder_fraction=28.9944%, Lmin=-5.45, Lmax=-5.02
09:58:06 [ultranest] [DEBUG] iteration=2629, ncalls=7519, regioncalls=285880, ndraw=40, logz=-12.16, remainder_fraction=27.8790%, Lmin=-5.44, Lmax=-5.02
09:58:06 [ultranest] [DEBUG] iteration=2640, ncalls=7547, regioncalls=287000, ndraw=40, logz=-12.15, remainder_fraction=27.1190%, Lmin=-5.44, Lmax=-5.02
09:58:06 [ultranest] [DEBUG] iteration=2653, ncalls=7584, regioncalls=288480, ndraw=40, logz=-12.14, remainder_fraction=26.1938%, Lmin=-5.43, Lmax=-5.02
09:58:06 [ultranest] [DEBUG] iteration=2663, ncalls=7627, regioncalls=290200, ndraw=40, logz=-12.13, remainder_fraction=25.5505%, Lmin=-5.42, Lmax=-5.02
09:58:06 [ultranest] [DEBUG] iteration=2670, ncalls=7654, regioncalls=291280, ndraw=40, logz=-12.12, remainder_fraction=25.0693%, Lmin=-5.42, Lmax=-5.02
09:58:06 [ultranest] [DEBUG] iteration=2680, ncalls=7678, regioncalls=292240, ndraw=40, logz=-12.11, remainder_fraction=24.4103%, Lmin=-5.42, Lmax=-5.02
09:58:06 [ultranest] [DEBUG] iteration=2695, ncalls=7712, regioncalls=293600, ndraw=40, logz=-12.10, remainder_fraction=23.4929%, Lmin=-5.41, Lmax=-5.02
09:58:07 [ultranest] [DEBUG] iteration=2709, ncalls=7746, regioncalls=294960, ndraw=40, logz=-12.09, remainder_fraction=22.6092%, Lmin=-5.40, Lmax=-5.02
09:58:07 [ultranest] [DEBUG] iteration=2717, ncalls=7783, regioncalls=296440, ndraw=40, logz=-12.08, remainder_fraction=22.1401%, Lmin=-5.40, Lmax=-5.02
09:58:07 [ultranest] [DEBUG] iteration=2720, ncalls=7788, regioncalls=296640, ndraw=40, logz=-12.08, remainder_fraction=21.9586%, Lmin=-5.40, Lmax=-5.02
09:58:07 [ultranest] [DEBUG] iteration=2729, ncalls=7821, regioncalls=297960, ndraw=40, logz=-12.07, remainder_fraction=21.4177%, Lmin=-5.39, Lmax=-5.02
09:58:07 [ultranest] [DEBUG] iteration=2740, ncalls=7858, regioncalls=299440, ndraw=40, logz=-12.07, remainder_fraction=20.8030%, Lmin=-5.39, Lmax=-5.02
09:58:07 [ultranest] [DEBUG] iteration=2741, ncalls=7859, regioncalls=299520, ndraw=40, logz=-12.07, remainder_fraction=20.7449%, Lmin=-5.39, Lmax=-5.02
09:58:07 [ultranest] [DEBUG] iteration=2750, ncalls=7891, regioncalls=300800, ndraw=40, logz=-12.06, remainder_fraction=20.2593%, Lmin=-5.39, Lmax=-5.02
09:58:07 [ultranest] [DEBUG] iteration=2760, ncalls=7910, regioncalls=301560, ndraw=40, logz=-12.05, remainder_fraction=19.7170%, Lmin=-5.38, Lmax=-5.02
09:58:07 [ultranest] [DEBUG] iteration=2770, ncalls=7944, regioncalls=302920, ndraw=40, logz=-12.05, remainder_fraction=19.1900%, Lmin=-5.38, Lmax=-5.02
09:58:07 [ultranest] [DEBUG] iteration=2782, ncalls=7979, regioncalls=304320, ndraw=40, logz=-12.04, remainder_fraction=18.5798%, Lmin=-5.37, Lmax=-5.02
09:58:07 [ultranest] [DEBUG] iteration=2795, ncalls=8015, regioncalls=305760, ndraw=40, logz=-12.03, remainder_fraction=17.9213%, Lmin=-5.36, Lmax=-5.02
09:58:07 [ultranest] [DEBUG] iteration=2800, ncalls=8028, regioncalls=306280, ndraw=40, logz=-12.03, remainder_fraction=17.6869%, Lmin=-5.36, Lmax=-5.02
09:58:08 [ultranest] [DEBUG] iteration=2808, ncalls=8067, regioncalls=307840, ndraw=40, logz=-12.02, remainder_fraction=17.3127%, Lmin=-5.36, Lmax=-5.02
09:58:08 [ultranest] [DEBUG] iteration=2818, ncalls=8090, regioncalls=308760, ndraw=40, logz=-12.02, remainder_fraction=16.8458%, Lmin=-5.36, Lmax=-5.02
09:58:08 [ultranest] [DEBUG] iteration=2826, ncalls=8115, regioncalls=309760, ndraw=40, logz=-12.01, remainder_fraction=16.4842%, Lmin=-5.35, Lmax=-5.02
09:58:08 [ultranest] [DEBUG] iteration=2832, ncalls=8151, regioncalls=311200, ndraw=40, logz=-12.01, remainder_fraction=16.2186%, Lmin=-5.35, Lmax=-5.02
09:58:08 [ultranest] [DEBUG] iteration=2839, ncalls=8180, regioncalls=312360, ndraw=40, logz=-12.01, remainder_fraction=15.9115%, Lmin=-5.35, Lmax=-5.02
09:58:08 [ultranest] [DEBUG] iteration=2840, ncalls=8181, regioncalls=312400, ndraw=40, logz=-12.01, remainder_fraction=15.8714%, Lmin=-5.35, Lmax=-5.02
09:58:08 [ultranest] [DEBUG] iteration=2851, ncalls=8208, regioncalls=313480, ndraw=40, logz=-12.00, remainder_fraction=15.4267%, Lmin=-5.34, Lmax=-5.02
09:58:08 [ultranest] [DEBUG] iteration=2861, ncalls=8237, regioncalls=314640, ndraw=40, logz=-12.00, remainder_fraction=15.0231%, Lmin=-5.34, Lmax=-5.02
09:58:08 [ultranest] [DEBUG] iteration=2868, ncalls=8266, regioncalls=315800, ndraw=40, logz=-11.99, remainder_fraction=14.7295%, Lmin=-5.34, Lmax=-5.02
09:58:09 [ultranest] [DEBUG] iteration=2876, ncalls=8302, regioncalls=317240, ndraw=40, logz=-11.99, remainder_fraction=14.4089%, Lmin=-5.34, Lmax=-5.02
09:58:09 [ultranest] [DEBUG] iteration=2880, ncalls=8312, regioncalls=317640, ndraw=40, logz=-11.99, remainder_fraction=14.2540%, Lmin=-5.33, Lmax=-5.02
09:58:09 [ultranest] [DEBUG] iteration=2889, ncalls=8348, regioncalls=319120, ndraw=40, logz=-11.98, remainder_fraction=13.9118%, Lmin=-5.33, Lmax=-5.02
09:58:09 [ultranest] [DEBUG] iteration=2901, ncalls=8376, regioncalls=320240, ndraw=40, logz=-11.98, remainder_fraction=13.4607%, Lmin=-5.32, Lmax=-5.02
09:58:09 [ultranest] [DEBUG] iteration=2913, ncalls=8411, regioncalls=321640, ndraw=40, logz=-11.97, remainder_fraction=13.0266%, Lmin=-5.32, Lmax=-5.02
09:58:09 [ultranest] [DEBUG] iteration=2920, ncalls=8433, regioncalls=322520, ndraw=40, logz=-11.97, remainder_fraction=12.7801%, Lmin=-5.32, Lmax=-5.02
09:58:09 [ultranest] [DEBUG] iteration=2932, ncalls=8467, regioncalls=323880, ndraw=40, logz=-11.97, remainder_fraction=12.3536%, Lmin=-5.31, Lmax=-5.02
09:58:09 [ultranest] [DEBUG] iteration=2942, ncalls=8495, regioncalls=325000, ndraw=40, logz=-11.96, remainder_fraction=12.0249%, Lmin=-5.31, Lmax=-5.02
09:58:09 [ultranest] [DEBUG] iteration=2954, ncalls=8527, regioncalls=326280, ndraw=40, logz=-11.96, remainder_fraction=11.6504%, Lmin=-5.31, Lmax=-5.02
09:58:09 [ultranest] [DEBUG] iteration=2960, ncalls=8545, regioncalls=327000, ndraw=40, logz=-11.96, remainder_fraction=11.4585%, Lmin=-5.30, Lmax=-5.02
09:58:09 [ultranest] [DEBUG] iteration=2963, ncalls=8567, regioncalls=327960, ndraw=40, logz=-11.95, remainder_fraction=11.3594%, Lmin=-5.30, Lmax=-5.02
09:58:10 [ultranest] [DEBUG] iteration=2980, ncalls=8595, regioncalls=329080, ndraw=40, logz=-11.95, remainder_fraction=10.8264%, Lmin=-5.29, Lmax=-5.02
09:58:10 [ultranest] [DEBUG] iteration=2989, ncalls=8626, regioncalls=330320, ndraw=40, logz=-11.95, remainder_fraction=10.5623%, Lmin=-5.29, Lmax=-5.02
09:58:10 [ultranest] [DEBUG] iteration=3000, ncalls=8655, regioncalls=331480, ndraw=40, logz=-11.94, remainder_fraction=10.2466%, Lmin=-5.29, Lmax=-5.02
09:58:10 [ultranest] [DEBUG] iteration=3011, ncalls=8689, regioncalls=332840, ndraw=40, logz=-11.94, remainder_fraction=9.9361%, Lmin=-5.28, Lmax=-5.02
09:58:10 [ultranest] [DEBUG] iteration=3026, ncalls=8720, regioncalls=334080, ndraw=40, logz=-11.93, remainder_fraction=9.5419%, Lmin=-5.28, Lmax=-5.02
09:58:10 [ultranest] [DEBUG] iteration=3037, ncalls=8746, regioncalls=335160, ndraw=40, logz=-11.93, remainder_fraction=9.2580%, Lmin=-5.27, Lmax=-5.02
09:58:10 [ultranest] [DEBUG] iteration=3040, ncalls=8751, regioncalls=335360, ndraw=40, logz=-11.93, remainder_fraction=9.1834%, Lmin=-5.27, Lmax=-5.02
09:58:10 [ultranest] [DEBUG] iteration=3051, ncalls=8778, regioncalls=336440, ndraw=40, logz=-11.93, remainder_fraction=8.9107%, Lmin=-5.27, Lmax=-5.02
09:58:10 [ultranest] [DEBUG] iteration=3064, ncalls=8804, regioncalls=337480, ndraw=40, logz=-11.92, remainder_fraction=8.5980%, Lmin=-5.26, Lmax=-5.02
09:58:10 [ultranest] [DEBUG] iteration=3075, ncalls=8836, regioncalls=338840, ndraw=40, logz=-11.92, remainder_fraction=8.3327%, Lmin=-5.26, Lmax=-5.02
09:58:10 [ultranest] [DEBUG] iteration=3080, ncalls=8849, regioncalls=339360, ndraw=40, logz=-11.92, remainder_fraction=8.2139%, Lmin=-5.25, Lmax=-5.02
09:58:11 [ultranest] [DEBUG] iteration=3093, ncalls=8881, regioncalls=340640, ndraw=40, logz=-11.92, remainder_fraction=7.9269%, Lmin=-5.24, Lmax=-5.02
09:58:11 [ultranest] [DEBUG] iteration=3108, ncalls=8914, regioncalls=341960, ndraw=40, logz=-11.91, remainder_fraction=7.5960%, Lmin=-5.24, Lmax=-5.02
09:58:11 [ultranest] [DEBUG] iteration=3111, ncalls=8929, regioncalls=342600, ndraw=40, logz=-11.91, remainder_fraction=7.5338%, Lmin=-5.24, Lmax=-5.02
09:58:11 [ultranest] [DEBUG] iteration=3120, ncalls=8953, regioncalls=343600, ndraw=40, logz=-11.91, remainder_fraction=7.3482%, Lmin=-5.24, Lmax=-5.02
09:58:11 [ultranest] [DEBUG] iteration=3131, ncalls=8985, regioncalls=344880, ndraw=40, logz=-11.91, remainder_fraction=7.1261%, Lmin=-5.23, Lmax=-5.02
09:58:11 [ultranest] [DEBUG] iteration=3147, ncalls=9016, regioncalls=346120, ndraw=40, logz=-11.90, remainder_fraction=6.8129%, Lmin=-5.23, Lmax=-5.02
09:58:11 [ultranest] [DEBUG] iteration=3160, ncalls=9042, regioncalls=347160, ndraw=40, logz=-11.90, remainder_fraction=6.5756%, Lmin=-5.22, Lmax=-5.02
09:58:11 [ultranest] [DEBUG] iteration=3172, ncalls=9073, regioncalls=348400, ndraw=40, logz=-11.90, remainder_fraction=6.3599%, Lmin=-5.22, Lmax=-5.02
09:58:11 [ultranest] [DEBUG] iteration=3185, ncalls=9102, regioncalls=349600, ndraw=40, logz=-11.90, remainder_fraction=6.1313%, Lmin=-5.22, Lmax=-5.02
09:58:11 [ultranest] [DEBUG] iteration=3200, ncalls=9125, regioncalls=350520, ndraw=40, logz=-11.89, remainder_fraction=5.8773%, Lmin=-5.21, Lmax=-5.02
09:58:11 [ultranest] [DEBUG] iteration=3211, ncalls=9152, regioncalls=351600, ndraw=40, logz=-11.89, remainder_fraction=5.6971%, Lmin=-5.21, Lmax=-5.02
09:58:12 [ultranest] [DEBUG] iteration=3225, ncalls=9185, regioncalls=352920, ndraw=40, logz=-11.89, remainder_fraction=5.4813%, Lmin=-5.20, Lmax=-5.02
09:58:12 [ultranest] [DEBUG] iteration=3235, ncalls=9219, regioncalls=354280, ndraw=40, logz=-11.89, remainder_fraction=5.3259%, Lmin=-5.20, Lmax=-5.02
09:58:12 [ultranest] [DEBUG] iteration=3240, ncalls=9227, regioncalls=354600, ndraw=40, logz=-11.89, remainder_fraction=5.2522%, Lmin=-5.19, Lmax=-5.02
09:58:12 [ultranest] [DEBUG] iteration=3251, ncalls=9261, regioncalls=355960, ndraw=40, logz=-11.89, remainder_fraction=5.0913%, Lmin=-5.19, Lmax=-5.02
09:58:12 [ultranest] [DEBUG] iteration=3259, ncalls=9287, regioncalls=357160, ndraw=40, logz=-11.89, remainder_fraction=4.9783%, Lmin=-5.19, Lmax=-5.02
09:58:12 [ultranest] [DEBUG] iteration=3272, ncalls=9317, regioncalls=358360, ndraw=40, logz=-11.88, remainder_fraction=4.8028%, Lmin=-5.19, Lmax=-5.02
09:58:12 [ultranest] [DEBUG] iteration=3280, ncalls=9333, regioncalls=359000, ndraw=40, logz=-11.88, remainder_fraction=4.6977%, Lmin=-5.19, Lmax=-5.02
09:58:12 [ultranest] [DEBUG] iteration=3297, ncalls=9365, regioncalls=360280, ndraw=40, logz=-11.88, remainder_fraction=4.4760%, Lmin=-5.18, Lmax=-5.02
09:58:12 [ultranest] [DEBUG] iteration=3314, ncalls=9395, regioncalls=361480, ndraw=40, logz=-11.88, remainder_fraction=4.2654%, Lmin=-5.18, Lmax=-5.02
09:58:12 [ultranest] [DEBUG] iteration=3320, ncalls=9406, regioncalls=361920, ndraw=40, logz=-11.88, remainder_fraction=4.1924%, Lmin=-5.18, Lmax=-5.02
09:58:12 [ultranest] [DEBUG] iteration=3330, ncalls=9442, regioncalls=363360, ndraw=40, logz=-11.88, remainder_fraction=4.0748%, Lmin=-5.17, Lmax=-5.02
09:58:12 [ultranest] [DEBUG] iteration=3333, ncalls=9452, regioncalls=363800, ndraw=40, logz=-11.88, remainder_fraction=4.0403%, Lmin=-5.17, Lmax=-5.02
09:58:13 [ultranest] [DEBUG] iteration=3350, ncalls=9479, regioncalls=364880, ndraw=40, logz=-11.87, remainder_fraction=3.8499%, Lmin=-5.17, Lmax=-5.02
09:58:13 [ultranest] [DEBUG] iteration=3360, ncalls=9499, regioncalls=365680, ndraw=40, logz=-11.87, remainder_fraction=3.7434%, Lmin=-5.17, Lmax=-5.02
09:58:13 [ultranest] [DEBUG] iteration=3374, ncalls=9533, regioncalls=367040, ndraw=40, logz=-11.87, remainder_fraction=3.5973%, Lmin=-5.16, Lmax=-5.02
09:58:13 [ultranest] [DEBUG] iteration=3392, ncalls=9567, regioncalls=368400, ndraw=40, logz=-11.87, remainder_fraction=3.4179%, Lmin=-5.16, Lmax=-5.02
09:58:13 [ultranest] [DEBUG] iteration=3400, ncalls=9590, regioncalls=369320, ndraw=40, logz=-11.87, remainder_fraction=3.3417%, Lmin=-5.16, Lmax=-5.02
09:58:13 [ultranest] [DEBUG] iteration=3407, ncalls=9602, regioncalls=369880, ndraw=40, logz=-11.87, remainder_fraction=3.2739%, Lmin=-5.15, Lmax=-5.02
09:58:13 [ultranest] [DEBUG] iteration=3422, ncalls=9631, regioncalls=371040, ndraw=40, logz=-11.87, remainder_fraction=3.1367%, Lmin=-5.15, Lmax=-5.02
09:58:13 [ultranest] [DEBUG] iteration=3434, ncalls=9662, regioncalls=372280, ndraw=40, logz=-11.86, remainder_fraction=3.0296%, Lmin=-5.15, Lmax=-5.02
09:58:13 [ultranest] [DEBUG] iteration=3440, ncalls=9676, regioncalls=372840, ndraw=40, logz=-11.86, remainder_fraction=2.9768%, Lmin=-5.15, Lmax=-5.02
09:58:13 [ultranest] [DEBUG] iteration=3459, ncalls=9705, regioncalls=374000, ndraw=40, logz=-11.86, remainder_fraction=2.8164%, Lmin=-5.14, Lmax=-5.02
09:58:13 [ultranest] [DEBUG] iteration=3475, ncalls=9737, regioncalls=375280, ndraw=40, logz=-11.86, remainder_fraction=2.6888%, Lmin=-5.14, Lmax=-5.02
09:58:13 [ultranest] [DEBUG] iteration=3480, ncalls=9744, regioncalls=375560, ndraw=40, logz=-11.86, remainder_fraction=2.6499%, Lmin=-5.13, Lmax=-5.02
09:58:13 [ultranest] [DEBUG] iteration=3481, ncalls=9749, regioncalls=375800, ndraw=40, logz=-11.86, remainder_fraction=2.6426%, Lmin=-5.13, Lmax=-5.02
09:58:14 [ultranest] [DEBUG] iteration=3498, ncalls=9776, regioncalls=376880, ndraw=40, logz=-11.86, remainder_fraction=2.5155%, Lmin=-5.13, Lmax=-5.02
09:58:14 [ultranest] [DEBUG] iteration=3512, ncalls=9811, regioncalls=378280, ndraw=40, logz=-11.86, remainder_fraction=2.4143%, Lmin=-5.13, Lmax=-5.02
09:58:14 [ultranest] [DEBUG] iteration=3520, ncalls=9829, regioncalls=379000, ndraw=40, logz=-11.86, remainder_fraction=2.3585%, Lmin=-5.13, Lmax=-5.02
09:58:14 [ultranest] [DEBUG] iteration=3531, ncalls=9860, regioncalls=380240, ndraw=40, logz=-11.86, remainder_fraction=2.2842%, Lmin=-5.12, Lmax=-5.02
09:58:14 [ultranest] [DEBUG] iteration=3545, ncalls=9893, regioncalls=381560, ndraw=40, logz=-11.86, remainder_fraction=2.1931%, Lmin=-5.12, Lmax=-5.02
09:58:14 [ultranest] [INFO] Explored until L=-5  
09:58:14 [ultranest] [INFO] Likelihood function evaluations: 9906
09:58:15 [ultranest] [INFO] Writing samples and results to disk ...
09:58:15 [ultranest] [INFO] Writing samples and results to disk ... done
09:58:15 [ultranest] [DEBUG] did a run_iter pass!
09:58:15 [ultranest] [INFO]   logZ = -11.83 +- 0.09938
09:58:15 [ultranest] [INFO] Effective samples strategy satisfied (ESS = 1230.8, need >400)
09:58:15 [ultranest] [INFO] Posterior uncertainty strategy is satisfied (KL: 0.46+-0.10 nat, need <0.50 nat)
09:58:15 [ultranest] [INFO] Evidency uncertainty strategy is satisfied (dlogz=0.10, need <0.5)
09:58:15 [ultranest] [INFO]   logZ error budget: single: 0.13 bs:0.10 tail:0.02 total:0.10 required:<0.50
09:58:15 [ultranest] [INFO] done iterating.
09:58:15 [ultranest] [DEBUG] Making corner plot ...
09:58:17 [ultranest] [DEBUG] Making corner plot ... done
09:58:17 [ultranest] [DEBUG] Making run plot ... 
09:58:17 [ultranest] [DEBUG] Making run plot ... done
09:58:17 [ultranest] [DEBUG] Making trace plot ... 
09:58:18 [ultranest] [DEBUG] Making trace plot ... done
22:13:30 [ultranest] [DEBUG] ReactiveNestedSampler: dims=3+0, resume=True, log_dir=/home/orion51/Desktop/Research/spectral_fitting/FGL_spectral_fitting/Individual_sources/2CXOJ184332.8-322122/mekal_out_, backend=hdf5, vectorized=False, nbootstraps=30, ndraw=128..65536
22:13:30 [ultranest] [DEBUG] Testing resume consistency: [-5.12039595 -5.10346819  0.          0.30022556  0.73273839  0.33842168
 -4.99774445  0.81508184 21.36895173]: u=[0.30022556 0.73273839 0.33842168] -> p=[-4.99774445  0.81508184 21.36895173] -> L=-5.103468191286855 
22:13:30 [ultranest] [INFO] Resuming from 3884 stored points
22:13:30 [ultranest] [DEBUG] run_iter dlogz=0.5, dKL=0.5, frac_remain=0.01, Lepsilon=0.1000, min_ess=400
22:13:30 [ultranest] [DEBUG] max_iters=-1, max_ncalls=-1, max_num_improvement_loops=-1, min_num_live_points=400, cluster_num_live_points=40
22:13:30 [ultranest] [DEBUG] minimal_widths_sequence: [(-inf, 400.0), (inf, 400.0)]
22:13:30 [ultranest] [DEBUG] iteration=0, ncalls=9906, regioncalls=0, ndraw=40, logz=-inf, remainder_fraction=100.0000%, Lmin=-1379935542.78, Lmax=-7.64
22:13:30 [ultranest] [DEBUG] iteration=40, ncalls=9906, regioncalls=0, ndraw=40, logz=-7196407.22, remainder_fraction=100.0000%, Lmin=-6832815.77, Lmax=-7.64
22:13:30 [ultranest] [DEBUG] iteration=80, ncalls=9906, regioncalls=0, ndraw=40, logz=-386816.97, remainder_fraction=100.0000%, Lmin=-367832.34, Lmax=-5.78
22:13:30 [ultranest] [DEBUG] iteration=90, ncalls=9906, regioncalls=0, ndraw=40, logz=-180776.00, remainder_fraction=100.0000%, Lmin=-179157.74, Lmax=-5.78
22:13:30 [ultranest] [DEBUG] iteration=120, ncalls=9906, regioncalls=0, ndraw=40, logz=-21667.54, remainder_fraction=100.0000%, Lmin=-21212.05, Lmax=-5.78
22:13:30 [ultranest] [DEBUG] iteration=160, ncalls=9906, regioncalls=0, ndraw=40, logz=-4627.34, remainder_fraction=100.0000%, Lmin=-3194.28, Lmax=-5.78
22:13:30 [ultranest] [DEBUG] iteration=200, ncalls=9906, regioncalls=0, ndraw=40, logz=-322.91, remainder_fraction=100.0000%, Lmin=-287.24, Lmax=-5.78
22:13:30 [ultranest] [DEBUG] Plateau detected at L=-1.133978e+02, not replacing live point.
22:13:30 [ultranest] [DEBUG] Plateau detected at L=-1.133978e+02, not replacing live point.
22:13:30 [ultranest] [DEBUG] Plateau detected at L=-1.133978e+02, not replacing live point.
22:13:30 [ultranest] [DEBUG] Plateau detected at L=-1.133978e+02, not replacing live point.
22:13:30 [ultranest] [DEBUG] Plateau detected at L=-1.133978e+02, not replacing live point.
22:13:30 [ultranest] [DEBUG] Plateau detected at L=-1.133978e+02, not replacing live point.
22:13:30 [ultranest] [DEBUG] Plateau detected at L=-1.133978e+02, not replacing live point.
22:13:30 [ultranest] [DEBUG] Plateau detected at L=-1.133978e+02, not replacing live point.
22:13:30 [ultranest] [DEBUG] Plateau detected at L=-1.133978e+02, not replacing live point.
22:13:30 [ultranest] [DEBUG] Plateau detected at L=-1.133978e+02, not replacing live point.
22:13:30 [ultranest] [DEBUG] Plateau detected at L=-1.133978e+02, not replacing live point.
22:13:30 [ultranest] [DEBUG] Plateau detected at L=-1.133978e+02, not replacing live point.
22:13:30 [ultranest] [DEBUG] Plateau detected at L=-1.133978e+02, not replacing live point.
22:13:30 [ultranest] [DEBUG] Plateau detected at L=-1.133978e+02, not replacing live point.
22:13:30 [ultranest] [DEBUG] Plateau detected at L=-1.133978e+02, not replacing live point.
22:13:30 [ultranest] [DEBUG] Plateau detected at L=-1.133978e+02, not replacing live point.
22:13:30 [ultranest] [DEBUG] Plateau detected at L=-1.133978e+02, not replacing live point.
22:13:30 [ultranest] [DEBUG] Plateau detected at L=-1.133978e+02, not replacing live point.
22:13:30 [ultranest] [DEBUG] Plateau detected at L=-1.133978e+02, not replacing live point.
22:13:30 [ultranest] [DEBUG] Plateau detected at L=-1.133978e+02, not replacing live point.
22:13:30 [ultranest] [DEBUG] Plateau detected at L=-1.133978e+02, not replacing live point.
22:13:30 [ultranest] [DEBUG] Plateau detected at L=-1.133978e+02, not replacing live point.
22:13:30 [ultranest] [DEBUG] Plateau detected at L=-1.133978e+02, not replacing live point.
22:13:30 [ultranest] [DEBUG] Plateau detected at L=-1.133978e+02, not replacing live point.
22:13:30 [ultranest] [DEBUG] Plateau detected at L=-1.133978e+02, not replacing live point.
22:13:30 [ultranest] [DEBUG] Plateau detected at L=-1.133978e+02, not replacing live point.
22:13:30 [ultranest] [DEBUG] Plateau detected at L=-1.133978e+02, not replacing live point.
22:13:30 [ultranest] [DEBUG] Plateau detected at L=-1.133978e+02, not replacing live point.
22:13:30 [ultranest] [DEBUG] Plateau detected at L=-1.133978e+02, not replacing live point.
22:13:30 [ultranest] [DEBUG] Plateau detected at L=-1.133978e+02, not replacing live point.
22:13:30 [ultranest] [DEBUG] Plateau detected at L=-1.133978e+02, not replacing live point.
22:13:30 [ultranest] [DEBUG] Plateau detected at L=-1.133978e+02, not replacing live point.
22:13:30 [ultranest] [DEBUG] Plateau detected at L=-1.133978e+02, not replacing live point.
22:13:30 [ultranest] [DEBUG] Plateau detected at L=-1.133978e+02, not replacing live point.
22:13:30 [ultranest] [DEBUG] Plateau detected at L=-1.133978e+02, not replacing live point.
22:13:30 [ultranest] [DEBUG] Plateau detected at L=-1.133978e+02, not replacing live point.
22:13:30 [ultranest] [DEBUG] Plateau detected at L=-1.133978e+02, not replacing live point.
22:13:30 [ultranest] [DEBUG] Plateau detected at L=-1.133978e+02, not replacing live point.
22:13:30 [ultranest] [DEBUG] Plateau detected at L=-1.133978e+02, not replacing live point.
22:13:30 [ultranest] [DEBUG] Plateau detected at L=-1.133978e+02, not replacing live point.
22:13:30 [ultranest] [DEBUG] Plateau detected at L=-1.133978e+02, not replacing live point.
22:13:30 [ultranest] [DEBUG] Plateau detected at L=-1.133978e+02, not replacing live point.
22:13:30 [ultranest] [DEBUG] Plateau detected at L=-1.133978e+02, not replacing live point.
22:13:30 [ultranest] [DEBUG] Plateau detected at L=-1.133978e+02, not replacing live point.
22:13:30 [ultranest] [DEBUG] Plateau detected at L=-1.133978e+02, not replacing live point.
22:13:30 [ultranest] [DEBUG] Plateau detected at L=-1.133978e+02, not replacing live point.
22:13:30 [ultranest] [DEBUG] Plateau detected at L=-1.133978e+02, not replacing live point.
22:13:30 [ultranest] [DEBUG] Plateau detected at L=-1.133978e+02, not replacing live point.
22:13:30 [ultranest] [DEBUG] Plateau detected at L=-1.133978e+02, not replacing live point.
22:13:30 [ultranest] [DEBUG] Plateau detected at L=-1.133978e+02, not replacing live point.
22:13:30 [ultranest] [DEBUG] Plateau detected at L=-1.133978e+02, not replacing live point.
22:13:30 [ultranest] [DEBUG] Plateau detected at L=-1.133978e+02, not replacing live point.
22:13:30 [ultranest] [DEBUG] Plateau detected at L=-1.133978e+02, not replacing live point.
22:13:30 [ultranest] [DEBUG] Plateau detected at L=-1.133978e+02, not replacing live point.
22:13:30 [ultranest] [DEBUG] Plateau detected at L=-1.133978e+02, not replacing live point.
22:13:30 [ultranest] [DEBUG] Plateau detected at L=-1.133978e+02, not replacing live point.
22:13:30 [ultranest] [DEBUG] Plateau detected at L=-1.133978e+02, not replacing live point.
22:13:30 [ultranest] [DEBUG] Plateau detected at L=-1.133978e+02, not replacing live point.
22:13:30 [ultranest] [DEBUG] Plateau detected at L=-1.133978e+02, not replacing live point.
22:13:30 [ultranest] [DEBUG] Plateau detected at L=-1.133978e+02, not replacing live point.
22:13:30 [ultranest] [DEBUG] Plateau detected at L=-1.133978e+02, not replacing live point.
22:13:30 [ultranest] [DEBUG] Plateau detected at L=-1.133978e+02, not replacing live point.
22:13:30 [ultranest] [DEBUG] Plateau detected at L=-1.133978e+02, not replacing live point.
22:13:30 [ultranest] [DEBUG] Plateau detected at L=-1.133978e+02, not replacing live point.
22:13:30 [ultranest] [DEBUG] Plateau detected at L=-1.133978e+02, not replacing live point.
22:13:30 [ultranest] [DEBUG] Plateau detected at L=-1.133978e+02, not replacing live point.
22:13:30 [ultranest] [DEBUG] Plateau detected at L=-1.133978e+02, not replacing live point.
22:13:30 [ultranest] [DEBUG] Plateau detected at L=-1.133978e+02, not replacing live point.
22:13:30 [ultranest] [DEBUG] iteration=296, ncalls=9906, regioncalls=0, ndraw=40, logz=-115.72, remainder_fraction=100.0000%, Lmin=-113.40, Lmax=-5.78
22:13:30 [ultranest] [DEBUG] Plateau detected at L=-1.133978e+02, not replacing live point.
22:13:30 [ultranest] [DEBUG] iteration=299, ncalls=9906, regioncalls=0, ndraw=40, logz=-115.67, remainder_fraction=100.0000%, Lmin=-113.40, Lmax=-5.78
22:13:30 [ultranest] [DEBUG] iteration=320, ncalls=9906, regioncalls=0, ndraw=40, logz=-115.43, remainder_fraction=100.0000%, Lmin=-113.40, Lmax=-5.78
22:13:30 [ultranest] [DEBUG] iteration=360, ncalls=9906, regioncalls=0, ndraw=40, logz=-115.11, remainder_fraction=100.0000%, Lmin=-113.40, Lmax=-5.78
22:13:30 [ultranest] [DEBUG] iteration=400, ncalls=9906, regioncalls=0, ndraw=40, logz=-114.89, remainder_fraction=100.0000%, Lmin=-113.40, Lmax=-5.78
22:13:30 [ultranest] [DEBUG] iteration=440, ncalls=9906, regioncalls=0, ndraw=40, logz=-114.73, remainder_fraction=100.0000%, Lmin=-113.36, Lmax=-5.64
22:13:30 [ultranest] [DEBUG] clustering found some stray points [need_accept=False] (array([1, 2, 3]), array([329,   1,   1]))
22:13:30 [ultranest] [DEBUG] iteration=480, ncalls=9906, regioncalls=0, ndraw=40, logz=-114.60, remainder_fraction=100.0000%, Lmin=-113.23, Lmax=-5.64
22:13:30 [ultranest] [DEBUG] iteration=520, ncalls=9906, regioncalls=0, ndraw=40, logz=-114.47, remainder_fraction=100.0000%, Lmin=-112.84, Lmax=-5.64
22:13:30 [ultranest] [DEBUG] iteration=560, ncalls=9906, regioncalls=0, ndraw=40, logz=-114.28, remainder_fraction=100.0000%, Lmin=-112.10, Lmax=-5.64
22:13:30 [ultranest] [DEBUG] iteration=595, ncalls=9906, regioncalls=0, ndraw=40, logz=-114.03, remainder_fraction=100.0000%, Lmin=-111.05, Lmax=-5.53
22:13:30 [ultranest] [DEBUG] iteration=600, ncalls=9906, regioncalls=0, ndraw=40, logz=-113.98, remainder_fraction=100.0000%, Lmin=-110.95, Lmax=-5.53
22:13:30 [ultranest] [DEBUG] iteration=640, ncalls=9906, regioncalls=0, ndraw=40, logz=-113.28, remainder_fraction=100.0000%, Lmin=-109.46, Lmax=-5.44
22:13:30 [ultranest] [DEBUG] iteration=669, ncalls=9906, regioncalls=0, ndraw=40, logz=-112.25, remainder_fraction=100.0000%, Lmin=-107.76, Lmax=-5.13
22:13:30 [ultranest] [DEBUG] iteration=680, ncalls=9906, regioncalls=0, ndraw=40, logz=-111.75, remainder_fraction=100.0000%, Lmin=-107.04, Lmax=-5.13
22:13:30 [ultranest] [DEBUG] iteration=720, ncalls=9906, regioncalls=0, ndraw=40, logz=-109.53, remainder_fraction=100.0000%, Lmin=-104.34, Lmax=-5.13
22:13:30 [ultranest] [DEBUG] iteration=743, ncalls=9906, regioncalls=0, ndraw=40, logz=-107.78, remainder_fraction=100.0000%, Lmin=-102.57, Lmax=-5.13
22:13:30 [ultranest] [DEBUG] iteration=760, ncalls=9906, regioncalls=0, ndraw=40, logz=-106.32, remainder_fraction=100.0000%, Lmin=-100.48, Lmax=-5.13
22:13:30 [ultranest] [DEBUG] iteration=800, ncalls=9906, regioncalls=0, ndraw=40, logz=-102.04, remainder_fraction=100.0000%, Lmin=-96.21, Lmax=-5.13
22:13:30 [ultranest] [DEBUG] iteration=840, ncalls=9906, regioncalls=0, ndraw=40, logz=-98.20, remainder_fraction=100.0000%, Lmin=-92.15, Lmax=-5.13
22:13:30 [ultranest] [DEBUG] iteration=880, ncalls=9906, regioncalls=0, ndraw=40, logz=-93.84, remainder_fraction=100.0000%, Lmin=-87.80, Lmax=-5.13
22:13:30 [ultranest] [DEBUG] iteration=920, ncalls=9906, regioncalls=0, ndraw=40, logz=-88.66, remainder_fraction=100.0000%, Lmin=-82.47, Lmax=-5.13
22:13:30 [ultranest] [DEBUG] iteration=960, ncalls=9906, regioncalls=0, ndraw=40, logz=-82.85, remainder_fraction=100.0000%, Lmin=-76.01, Lmax=-5.13
22:13:30 [ultranest] [DEBUG] iteration=1000, ncalls=9906, regioncalls=0, ndraw=40, logz=-77.08, remainder_fraction=100.0000%, Lmin=-70.23, Lmax=-5.13
22:13:30 [ultranest] [DEBUG] iteration=1040, ncalls=9906, regioncalls=0, ndraw=40, logz=-71.60, remainder_fraction=100.0000%, Lmin=-64.82, Lmax=-5.13
22:13:30 [ultranest] [DEBUG] iteration=1080, ncalls=9906, regioncalls=0, ndraw=40, logz=-66.49, remainder_fraction=100.0000%, Lmin=-59.91, Lmax=-5.13
22:13:30 [ultranest] [DEBUG] clustering found some stray points [need_accept=False] (array([1, 2]), array([330,   1]))
22:13:30 [ultranest] [DEBUG] iteration=1120, ncalls=9906, regioncalls=0, ndraw=40, logz=-61.94, remainder_fraction=100.0000%, Lmin=-54.79, Lmax=-5.13
22:13:30 [ultranest] [DEBUG] iteration=1160, ncalls=9906, regioncalls=0, ndraw=40, logz=-56.08, remainder_fraction=100.0000%, Lmin=-48.93, Lmax=-5.13
22:13:30 [ultranest] [DEBUG] iteration=1200, ncalls=9906, regioncalls=0, ndraw=40, logz=-52.02, remainder_fraction=100.0000%, Lmin=-44.97, Lmax=-5.03
22:13:30 [ultranest] [DEBUG] iteration=1240, ncalls=9906, regioncalls=0, ndraw=40, logz=-47.35, remainder_fraction=100.0000%, Lmin=-40.40, Lmax=-5.03
22:13:30 [ultranest] [DEBUG] iteration=1261, ncalls=9906, regioncalls=0, ndraw=40, logz=-45.15, remainder_fraction=100.0000%, Lmin=-37.92, Lmax=-5.03
22:13:30 [ultranest] [DEBUG] iteration=1280, ncalls=9906, regioncalls=0, ndraw=40, logz=-42.49, remainder_fraction=100.0000%, Lmin=-35.16, Lmax=-5.03
22:13:30 [ultranest] [DEBUG] iteration=1320, ncalls=9906, regioncalls=0, ndraw=40, logz=-38.63, remainder_fraction=100.0000%, Lmin=-31.17, Lmax=-5.03
22:13:30 [ultranest] [DEBUG] iteration=1335, ncalls=9906, regioncalls=0, ndraw=40, logz=-37.11, remainder_fraction=100.0000%, Lmin=-30.03, Lmax=-5.03
22:13:30 [ultranest] [DEBUG] iteration=1360, ncalls=9906, regioncalls=0, ndraw=40, logz=-35.52, remainder_fraction=100.0000%, Lmin=-28.35, Lmax=-5.03
22:13:30 [ultranest] [DEBUG] iteration=1400, ncalls=9906, regioncalls=0, ndraw=40, logz=-32.48, remainder_fraction=100.0000%, Lmin=-25.21, Lmax=-5.03
22:13:30 [ultranest] [DEBUG] iteration=1409, ncalls=9906, regioncalls=0, ndraw=40, logz=-31.88, remainder_fraction=100.0000%, Lmin=-24.75, Lmax=-5.03
22:13:31 [ultranest] [DEBUG] iteration=1440, ncalls=9906, regioncalls=0, ndraw=40, logz=-30.03, remainder_fraction=100.0000%, Lmin=-22.71, Lmax=-5.03
22:13:31 [ultranest] [DEBUG] iteration=1480, ncalls=9906, regioncalls=0, ndraw=40, logz=-27.62, remainder_fraction=100.0000%, Lmin=-20.41, Lmax=-5.03
22:13:31 [ultranest] [DEBUG] iteration=1520, ncalls=9906, regioncalls=0, ndraw=40, logz=-25.26, remainder_fraction=99.9999%, Lmin=-17.95, Lmax=-5.03
22:13:31 [ultranest] [DEBUG] iteration=1560, ncalls=9906, regioncalls=0, ndraw=40, logz=-23.41, remainder_fraction=99.9990%, Lmin=-16.18, Lmax=-5.03
22:13:31 [ultranest] [DEBUG] iteration=1600, ncalls=9906, regioncalls=0, ndraw=40, logz=-21.91, remainder_fraction=99.9956%, Lmin=-14.76, Lmax=-5.03
22:13:31 [ultranest] [DEBUG] iteration=1631, ncalls=9906, regioncalls=0, ndraw=40, logz=-20.90, remainder_fraction=99.9878%, Lmin=-13.72, Lmax=-5.03
22:13:31 [ultranest] [DEBUG] iteration=1640, ncalls=9906, regioncalls=0, ndraw=40, logz=-20.59, remainder_fraction=99.9834%, Lmin=-13.30, Lmax=-5.03
22:13:31 [ultranest] [DEBUG] iteration=1680, ncalls=9906, regioncalls=0, ndraw=40, logz=-19.29, remainder_fraction=99.9393%, Lmin=-12.09, Lmax=-5.03
22:13:31 [ultranest] [DEBUG] iteration=1705, ncalls=9906, regioncalls=0, ndraw=40, logz=-18.65, remainder_fraction=99.8867%, Lmin=-11.50, Lmax=-5.03
22:13:31 [ultranest] [DEBUG] iteration=1720, ncalls=9906, regioncalls=0, ndraw=40, logz=-18.31, remainder_fraction=99.8425%, Lmin=-11.27, Lmax=-5.03
22:13:31 [ultranest] [DEBUG] iteration=1760, ncalls=9906, regioncalls=0, ndraw=40, logz=-17.51, remainder_fraction=99.6531%, Lmin=-10.45, Lmax=-5.03
22:13:31 [ultranest] [DEBUG] iteration=1800, ncalls=9906, regioncalls=0, ndraw=40, logz=-16.80, remainder_fraction=99.3016%, Lmin=-9.85, Lmax=-5.03
22:13:31 [ultranest] [DEBUG] iteration=1840, ncalls=9906, regioncalls=0, ndraw=40, logz=-16.24, remainder_fraction=98.7642%, Lmin=-9.35, Lmax=-5.03
22:13:31 [ultranest] [DEBUG] iteration=1853, ncalls=9906, regioncalls=0, ndraw=40, logz=-16.06, remainder_fraction=98.5003%, Lmin=-9.12, Lmax=-5.03
22:13:31 [ultranest] [DEBUG] iteration=1880, ncalls=9906, regioncalls=0, ndraw=40, logz=-15.71, remainder_fraction=97.8836%, Lmin=-8.70, Lmax=-5.03
22:13:31 [ultranest] [DEBUG] iteration=1920, ncalls=9906, regioncalls=0, ndraw=40, logz=-15.22, remainder_fraction=96.4787%, Lmin=-8.20, Lmax=-5.03
22:13:31 [ultranest] [DEBUG] iteration=1960, ncalls=9906, regioncalls=0, ndraw=40, logz=-14.78, remainder_fraction=94.5308%, Lmin=-7.74, Lmax=-5.03
22:13:31 [ultranest] [DEBUG] iteration=2000, ncalls=9906, regioncalls=0, ndraw=40, logz=-14.39, remainder_fraction=92.1002%, Lmin=-7.43, Lmax=-5.03
22:13:31 [ultranest] [DEBUG] iteration=2040, ncalls=9906, regioncalls=0, ndraw=40, logz=-14.07, remainder_fraction=89.0714%, Lmin=-7.15, Lmax=-5.03
22:13:31 [ultranest] [DEBUG] iteration=2075, ncalls=9906, regioncalls=0, ndraw=40, logz=-13.83, remainder_fraction=86.1903%, Lmin=-6.87, Lmax=-5.03
22:13:31 [ultranest] [DEBUG] iteration=2080, ncalls=9906, regioncalls=0, ndraw=40, logz=-13.79, remainder_fraction=85.7297%, Lmin=-6.83, Lmax=-5.03
22:13:31 [ultranest] [DEBUG] iteration=2120, ncalls=9906, regioncalls=0, ndraw=40, logz=-13.54, remainder_fraction=81.7133%, Lmin=-6.65, Lmax=-5.03
22:13:31 [ultranest] [DEBUG] iteration=2149, ncalls=9906, regioncalls=0, ndraw=40, logz=-13.39, remainder_fraction=78.5670%, Lmin=-6.50, Lmax=-5.03
22:13:31 [ultranest] [DEBUG] iteration=2160, ncalls=9906, regioncalls=0, ndraw=40, logz=-13.33, remainder_fraction=77.2702%, Lmin=-6.44, Lmax=-5.03
22:13:31 [ultranest] [DEBUG] iteration=2200, ncalls=9906, regioncalls=0, ndraw=40, logz=-13.15, remainder_fraction=72.8204%, Lmin=-6.28, Lmax=-5.03
22:13:31 [ultranest] [DEBUG] iteration=2240, ncalls=9906, regioncalls=0, ndraw=40, logz=-12.98, remainder_fraction=67.9935%, Lmin=-6.13, Lmax=-5.03
22:13:31 [ultranest] [DEBUG] iteration=2280, ncalls=9906, regioncalls=0, ndraw=40, logz=-12.84, remainder_fraction=63.3703%, Lmin=-6.02, Lmax=-5.03
22:13:31 [ultranest] [DEBUG] iteration=2320, ncalls=9906, regioncalls=0, ndraw=40, logz=-12.72, remainder_fraction=58.5104%, Lmin=-5.87, Lmax=-5.03
22:13:31 [ultranest] [DEBUG] iteration=2360, ncalls=9906, regioncalls=0, ndraw=40, logz=-12.61, remainder_fraction=53.8264%, Lmin=-5.79, Lmax=-5.03
22:13:31 [ultranest] [DEBUG] iteration=2400, ncalls=9906, regioncalls=0, ndraw=40, logz=-12.51, remainder_fraction=49.3420%, Lmin=-5.72, Lmax=-5.03
22:13:31 [ultranest] [DEBUG] iteration=2440, ncalls=9906, regioncalls=0, ndraw=40, logz=-12.43, remainder_fraction=44.9585%, Lmin=-5.64, Lmax=-5.03
22:13:31 [ultranest] [DEBUG] iteration=2445, ncalls=9906, regioncalls=0, ndraw=40, logz=-12.42, remainder_fraction=44.3980%, Lmin=-5.63, Lmax=-5.03
22:13:31 [ultranest] [DEBUG] iteration=2480, ncalls=9906, regioncalls=0, ndraw=40, logz=-12.36, remainder_fraction=40.7812%, Lmin=-5.58, Lmax=-5.03
22:13:31 [ultranest] [DEBUG] iteration=2520, ncalls=9906, regioncalls=0, ndraw=40, logz=-12.30, remainder_fraction=36.9511%, Lmin=-5.53, Lmax=-5.03
22:13:31 [ultranest] [DEBUG] iteration=2560, ncalls=9906, regioncalls=0, ndraw=40, logz=-12.24, remainder_fraction=33.3612%, Lmin=-5.49, Lmax=-5.03
22:13:31 [ultranest] [DEBUG] iteration=2593, ncalls=9906, regioncalls=0, ndraw=40, logz=-12.20, remainder_fraction=30.6089%, Lmin=-5.47, Lmax=-5.02
22:13:31 [ultranest] [DEBUG] iteration=2600, ncalls=9906, regioncalls=0, ndraw=40, logz=-12.19, remainder_fraction=30.0853%, Lmin=-5.46, Lmax=-5.02
22:13:31 [ultranest] [DEBUG] iteration=2640, ncalls=9906, regioncalls=0, ndraw=40, logz=-12.15, remainder_fraction=27.1190%, Lmin=-5.44, Lmax=-5.02
22:13:31 [ultranest] [DEBUG] iteration=2667, ncalls=9906, regioncalls=0, ndraw=40, logz=-12.12, remainder_fraction=25.2694%, Lmin=-5.42, Lmax=-5.02
22:13:31 [ultranest] [DEBUG] iteration=2680, ncalls=9906, regioncalls=0, ndraw=40, logz=-12.11, remainder_fraction=24.4103%, Lmin=-5.42, Lmax=-5.02
22:13:31 [ultranest] [DEBUG] iteration=2720, ncalls=9906, regioncalls=0, ndraw=40, logz=-12.08, remainder_fraction=21.9586%, Lmin=-5.40, Lmax=-5.02
22:13:31 [ultranest] [DEBUG] iteration=2760, ncalls=9906, regioncalls=0, ndraw=40, logz=-12.05, remainder_fraction=19.7170%, Lmin=-5.38, Lmax=-5.02
22:13:31 [ultranest] [DEBUG] iteration=2800, ncalls=9906, regioncalls=0, ndraw=40, logz=-12.03, remainder_fraction=17.6869%, Lmin=-5.36, Lmax=-5.02
22:13:31 [ultranest] [DEBUG] iteration=2815, ncalls=9906, regioncalls=0, ndraw=40, logz=-12.02, remainder_fraction=16.9861%, Lmin=-5.36, Lmax=-5.02
22:13:31 [ultranest] [DEBUG] iteration=2840, ncalls=9906, regioncalls=0, ndraw=40, logz=-12.01, remainder_fraction=15.8714%, Lmin=-5.35, Lmax=-5.02
22:13:31 [ultranest] [DEBUG] iteration=2880, ncalls=9906, regioncalls=0, ndraw=40, logz=-11.99, remainder_fraction=14.2540%, Lmin=-5.33, Lmax=-5.02
22:13:31 [ultranest] [DEBUG] iteration=2889, ncalls=9906, regioncalls=0, ndraw=40, logz=-11.98, remainder_fraction=13.9118%, Lmin=-5.33, Lmax=-5.02
22:13:31 [ultranest] [DEBUG] iteration=2920, ncalls=9906, regioncalls=0, ndraw=40, logz=-11.97, remainder_fraction=12.7801%, Lmin=-5.32, Lmax=-5.02
22:13:31 [ultranest] [DEBUG] iteration=2960, ncalls=9906, regioncalls=0, ndraw=40, logz=-11.96, remainder_fraction=11.4585%, Lmin=-5.30, Lmax=-5.02
22:13:31 [ultranest] [DEBUG] iteration=2963, ncalls=9906, regioncalls=0, ndraw=40, logz=-11.95, remainder_fraction=11.3594%, Lmin=-5.30, Lmax=-5.02
22:13:31 [ultranest] [DEBUG] iteration=3000, ncalls=9906, regioncalls=0, ndraw=40, logz=-11.94, remainder_fraction=10.2466%, Lmin=-5.29, Lmax=-5.02
22:13:31 [ultranest] [DEBUG] iteration=3037, ncalls=9906, regioncalls=0, ndraw=40, logz=-11.93, remainder_fraction=9.2580%, Lmin=-5.27, Lmax=-5.02
22:13:31 [ultranest] [DEBUG] iteration=3040, ncalls=9906, regioncalls=0, ndraw=40, logz=-11.93, remainder_fraction=9.1834%, Lmin=-5.27, Lmax=-5.02
22:13:32 [ultranest] [DEBUG] iteration=3080, ncalls=9906, regioncalls=0, ndraw=40, logz=-11.92, remainder_fraction=8.2139%, Lmin=-5.25, Lmax=-5.02
22:13:32 [ultranest] [DEBUG] iteration=3120, ncalls=9906, regioncalls=0, ndraw=40, logz=-11.91, remainder_fraction=7.3482%, Lmin=-5.24, Lmax=-5.02
22:13:32 [ultranest] [DEBUG] iteration=3160, ncalls=9906, regioncalls=0, ndraw=40, logz=-11.90, remainder_fraction=6.5756%, Lmin=-5.22, Lmax=-5.02
22:13:32 [ultranest] [DEBUG] iteration=3185, ncalls=9906, regioncalls=0, ndraw=40, logz=-11.90, remainder_fraction=6.1313%, Lmin=-5.22, Lmax=-5.02
22:13:32 [ultranest] [DEBUG] iteration=3200, ncalls=9906, regioncalls=0, ndraw=40, logz=-11.89, remainder_fraction=5.8773%, Lmin=-5.21, Lmax=-5.02
22:13:32 [ultranest] [DEBUG] iteration=3240, ncalls=9906, regioncalls=0, ndraw=40, logz=-11.89, remainder_fraction=5.2522%, Lmin=-5.19, Lmax=-5.02
22:13:32 [ultranest] [DEBUG] iteration=3259, ncalls=9906, regioncalls=0, ndraw=40, logz=-11.89, remainder_fraction=4.9783%, Lmin=-5.19, Lmax=-5.02
22:13:32 [ultranest] [DEBUG] iteration=3280, ncalls=9906, regioncalls=0, ndraw=40, logz=-11.88, remainder_fraction=4.6977%, Lmin=-5.19, Lmax=-5.02
22:13:32 [ultranest] [DEBUG] iteration=3320, ncalls=9906, regioncalls=0, ndraw=40, logz=-11.88, remainder_fraction=4.1924%, Lmin=-5.18, Lmax=-5.02
22:13:32 [ultranest] [DEBUG] iteration=3360, ncalls=9906, regioncalls=0, ndraw=40, logz=-11.87, remainder_fraction=3.7434%, Lmin=-5.17, Lmax=-5.02
22:13:32 [ultranest] [DEBUG] iteration=3400, ncalls=9906, regioncalls=0, ndraw=40, logz=-11.87, remainder_fraction=3.3417%, Lmin=-5.16, Lmax=-5.02
22:13:32 [ultranest] [DEBUG] iteration=3407, ncalls=9906, regioncalls=0, ndraw=40, logz=-11.87, remainder_fraction=3.2739%, Lmin=-5.15, Lmax=-5.02
22:13:32 [ultranest] [DEBUG] iteration=3440, ncalls=9906, regioncalls=0, ndraw=40, logz=-11.86, remainder_fraction=2.9768%, Lmin=-5.15, Lmax=-5.02
22:13:32 [ultranest] [DEBUG] iteration=3480, ncalls=9906, regioncalls=0, ndraw=40, logz=-11.86, remainder_fraction=2.6499%, Lmin=-5.13, Lmax=-5.02
22:13:32 [ultranest] [DEBUG] iteration=3481, ncalls=9906, regioncalls=0, ndraw=40, logz=-11.86, remainder_fraction=2.6426%, Lmin=-5.13, Lmax=-5.02
22:13:32 [ultranest] [DEBUG] iteration=3520, ncalls=9906, regioncalls=0, ndraw=40, logz=-11.86, remainder_fraction=2.3585%, Lmin=-5.13, Lmax=-5.02
22:13:32 [ultranest] [INFO] Explored until L=-5  
22:13:32 [ultranest] [INFO] Likelihood function evaluations: 9906
22:13:33 [ultranest] [INFO] Writing samples and results to disk ...
22:13:33 [ultranest] [INFO] Writing samples and results to disk ... done
22:13:33 [ultranest] [DEBUG] did a run_iter pass!
22:13:33 [ultranest] [INFO]   logZ = -11.84 +- 0.09725
22:13:33 [ultranest] [INFO] Effective samples strategy satisfied (ESS = 1230.8, need >400)
22:13:33 [ultranest] [INFO] Posterior uncertainty strategy is satisfied (KL: 0.45+-0.12 nat, need <0.50 nat)
22:13:33 [ultranest] [INFO] Evidency uncertainty strategy is satisfied (dlogz=0.10, need <0.5)
22:13:33 [ultranest] [INFO]   logZ error budget: single: 0.13 bs:0.10 tail:0.02 total:0.10 required:<0.50
22:13:33 [ultranest] [INFO] done iterating.
22:13:33 [ultranest] [DEBUG] Making corner plot ...
22:13:35 [ultranest] [DEBUG] Making corner plot ... done
22:13:35 [ultranest] [DEBUG] Making run plot ... 
22:13:35 [ultranest] [DEBUG] Making run plot ... done
22:13:35 [ultranest] [DEBUG] Making trace plot ... 
22:13:36 [ultranest] [DEBUG] Making trace plot ... done
