15:23:54 [ultranest] [DEBUG] ReactiveNestedSampler: dims=3+0, resume=True, log_dir=/home/orion51/Desktop/Research/spectral_fitting/FGL_spectral_fitting/Individual_sources/2CXOJ085926.2-434527/powerlaw_out_, backend=hdf5, vectorized=False, nbootstraps=30, ndraw=128..65536
15:23:54 [ultranest] [INFO] Sampling 400 live points from prior ...
15:23:55 [ultranest] [DEBUG] run_iter dlogz=0.5, dKL=0.5, frac_remain=0.01, Lepsilon=0.1000, min_ess=400
15:23:55 [ultranest] [DEBUG] max_iters=-1, max_ncalls=-1, max_num_improvement_loops=-1, min_num_live_points=400, cluster_num_live_points=40
15:23:55 [ultranest] [DEBUG] minimal_widths_sequence: [(-inf, 400.0), (inf, 400.0)]
15:23:55 [ultranest] [DEBUG] iteration=0, ncalls=401, regioncalls=40, ndraw=40, logz=-inf, remainder_fraction=100.0000%, Lmin=-215819809873.21, Lmax=-191.00
15:23:55 [ultranest] [DEBUG] iteration=30, ncalls=432, regioncalls=1280, ndraw=40, logz=-649548638.58, remainder_fraction=100.0000%, Lmin=-618710174.88, Lmax=-191.00
15:23:55 [ultranest] [DEBUG] iteration=40, ncalls=442, regioncalls=1680, ndraw=40, logz=-324020561.77, remainder_fraction=100.0000%, Lmin=-320179208.29, Lmax=-191.00
15:23:55 [ultranest] [DEBUG] iteration=72, ncalls=476, regioncalls=3040, ndraw=40, logz=-47997307.38, remainder_fraction=100.0000%, Lmin=-42818560.63, Lmax=-191.00
15:23:55 [ultranest] [DEBUG] iteration=80, ncalls=484, regioncalls=3360, ndraw=40, logz=-25644195.81, remainder_fraction=100.0000%, Lmin=-24212957.24, Lmax=-191.00
15:23:55 [ultranest] [DEBUG] iteration=90, ncalls=495, regioncalls=3800, ndraw=40, logz=-14483233.22, remainder_fraction=100.0000%, Lmin=-13332636.51, Lmax=-191.00
15:23:56 [ultranest] [DEBUG] iteration=117, ncalls=526, regioncalls=5040, ndraw=40, logz=-2905292.60, remainder_fraction=100.0000%, Lmin=-2684303.91, Lmax=-191.00
15:23:56 [ultranest] [DEBUG] iteration=120, ncalls=530, regioncalls=5200, ndraw=40, logz=-2662310.91, remainder_fraction=100.0000%, Lmin=-2437262.85, Lmax=-191.00
15:23:56 [ultranest] [DEBUG] iteration=149, ncalls=565, regioncalls=6600, ndraw=40, logz=-628521.02, remainder_fraction=100.0000%, Lmin=-628188.29, Lmax=-191.00
15:23:56 [ultranest] [DEBUG] iteration=160, ncalls=576, regioncalls=7040, ndraw=40, logz=-310751.18, remainder_fraction=100.0000%, Lmin=-290964.08, Lmax=-191.00
15:23:56 [ultranest] [DEBUG] iteration=187, ncalls=607, regioncalls=8280, ndraw=40, logz=-49345.31, remainder_fraction=100.0000%, Lmin=-44430.41, Lmax=-191.00
15:23:56 [ultranest] [DEBUG] iteration=200, ncalls=622, regioncalls=8880, ndraw=40, logz=-34823.80, remainder_fraction=100.0000%, Lmin=-26500.62, Lmax=-189.79
15:23:56 [ultranest] [DEBUG] iteration=228, ncalls=657, regioncalls=10280, ndraw=40, logz=-7830.82, remainder_fraction=100.0000%, Lmin=-7728.56, Lmax=-189.79
15:23:56 [ultranest] [DEBUG] iteration=240, ncalls=676, regioncalls=11040, ndraw=40, logz=-5505.97, remainder_fraction=100.0000%, Lmin=-5445.72, Lmax=-189.79
15:23:56 [ultranest] [DEBUG] iteration=270, ncalls=713, regioncalls=12520, ndraw=40, logz=-2625.09, remainder_fraction=100.0000%, Lmin=-2618.09, Lmax=-189.79
15:23:56 [ultranest] [DEBUG] Plateau detected at L=-2.578949e+03, not replacing live point.
15:23:56 [ultranest] [DEBUG] Plateau detected at L=-2.578949e+03, not replacing live point.
15:23:56 [ultranest] [DEBUG] Plateau detected at L=-2.578949e+03, not replacing live point.
15:23:56 [ultranest] [DEBUG] Plateau detected at L=-2.578949e+03, not replacing live point.
15:23:56 [ultranest] [DEBUG] Plateau detected at L=-2.578949e+03, not replacing live point.
15:23:56 [ultranest] [DEBUG] Plateau detected at L=-2.578949e+03, not replacing live point.
15:23:56 [ultranest] [DEBUG] Plateau detected at L=-2.578949e+03, not replacing live point.
15:23:56 [ultranest] [DEBUG] Plateau detected at L=-2.578949e+03, not replacing live point.
15:23:56 [ultranest] [DEBUG] Plateau detected at L=-2.578949e+03, not replacing live point.
15:23:56 [ultranest] [DEBUG] Plateau detected at L=-2.578949e+03, not replacing live point.
15:23:56 [ultranest] [DEBUG] Plateau detected at L=-2.578949e+03, not replacing live point.
15:23:56 [ultranest] [DEBUG] Plateau detected at L=-2.578949e+03, not replacing live point.
15:23:56 [ultranest] [DEBUG] Plateau detected at L=-2.578949e+03, not replacing live point.
15:23:56 [ultranest] [DEBUG] Plateau detected at L=-2.578949e+03, not replacing live point.
15:23:56 [ultranest] [DEBUG] Plateau detected at L=-2.578949e+03, not replacing live point.
15:23:56 [ultranest] [DEBUG] Plateau detected at L=-2.578949e+03, not replacing live point.
15:23:56 [ultranest] [DEBUG] Plateau detected at L=-2.578949e+03, not replacing live point.
15:23:56 [ultranest] [DEBUG] Plateau detected at L=-2.578949e+03, not replacing live point.
15:23:56 [ultranest] [DEBUG] Plateau detected at L=-2.578949e+03, not replacing live point.
15:23:56 [ultranest] [DEBUG] Plateau detected at L=-2.578949e+03, not replacing live point.
15:23:56 [ultranest] [DEBUG] Plateau detected at L=-2.578949e+03, not replacing live point.
15:23:56 [ultranest] [DEBUG] Plateau detected at L=-2.578949e+03, not replacing live point.
15:23:56 [ultranest] [DEBUG] Plateau detected at L=-2.578949e+03, not replacing live point.
15:23:56 [ultranest] [DEBUG] Plateau detected at L=-2.578949e+03, not replacing live point.
15:23:56 [ultranest] [DEBUG] Plateau detected at L=-2.578949e+03, not replacing live point.
15:23:56 [ultranest] [DEBUG] Plateau detected at L=-2.578949e+03, not replacing live point.
15:23:56 [ultranest] [DEBUG] Plateau detected at L=-2.578949e+03, not replacing live point.
15:23:56 [ultranest] [DEBUG] Plateau detected at L=-2.578949e+03, not replacing live point.
15:23:56 [ultranest] [DEBUG] Plateau detected at L=-2.578949e+03, not replacing live point.
15:23:56 [ultranest] [DEBUG] Plateau detected at L=-2.578949e+03, not replacing live point.
15:23:56 [ultranest] [DEBUG] Plateau detected at L=-2.578949e+03, not replacing live point.
15:23:56 [ultranest] [DEBUG] Plateau detected at L=-2.578949e+03, not replacing live point.
15:23:56 [ultranest] [DEBUG] Plateau detected at L=-2.578949e+03, not replacing live point.
15:23:56 [ultranest] [DEBUG] Plateau detected at L=-2.578949e+03, not replacing live point.
15:23:56 [ultranest] [DEBUG] Plateau detected at L=-2.578949e+03, not replacing live point.
15:23:56 [ultranest] [DEBUG] Plateau detected at L=-2.578949e+03, not replacing live point.
15:23:56 [ultranest] [DEBUG] Plateau detected at L=-2.578949e+03, not replacing live point.
15:23:56 [ultranest] [DEBUG] Plateau detected at L=-2.578949e+03, not replacing live point.
15:23:56 [ultranest] [DEBUG] Plateau detected at L=-2.578949e+03, not replacing live point.
15:23:56 [ultranest] [DEBUG] Plateau detected at L=-2.578949e+03, not replacing live point.
15:23:56 [ultranest] [DEBUG] Plateau detected at L=-2.578949e+03, not replacing live point.
15:23:56 [ultranest] [DEBUG] Plateau detected at L=-2.578949e+03, not replacing live point.
15:23:56 [ultranest] [DEBUG] Plateau detected at L=-2.578949e+03, not replacing live point.
15:23:56 [ultranest] [DEBUG] Plateau detected at L=-2.578949e+03, not replacing live point.
15:23:56 [ultranest] [DEBUG] Plateau detected at L=-2.578949e+03, not replacing live point.
15:23:56 [ultranest] [DEBUG] iteration=319, ncalls=718, regioncalls=12720, ndraw=40, logz=-2581.82, remainder_fraction=100.0000%, Lmin=-2578.95, Lmax=-189.79
15:23:56 [ultranest] [DEBUG] Plateau detected at L=-2.578949e+03, not replacing live point.
15:23:56 [ultranest] [DEBUG] Plateau detected at L=-2.578949e+03, not replacing live point.
15:23:56 [ultranest] [DEBUG] iteration=322, ncalls=719, regioncalls=12760, ndraw=40, logz=-2581.75, remainder_fraction=100.0000%, Lmin=-2578.95, Lmax=-189.79
15:23:56 [ultranest] [DEBUG] Plateau detected at L=-2.578949e+03, not replacing live point.
15:23:56 [ultranest] [DEBUG] iteration=324, ncalls=720, regioncalls=12800, ndraw=40, logz=-2581.71, remainder_fraction=100.0000%, Lmin=-2578.95, Lmax=-189.79
15:23:56 [ultranest] [DEBUG] Plateau detected at L=-2.578949e+03, not replacing live point.
15:23:56 [ultranest] [DEBUG] iteration=326, ncalls=721, regioncalls=12840, ndraw=40, logz=-2581.67, remainder_fraction=100.0000%, Lmin=-2578.95, Lmax=-189.79
15:23:56 [ultranest] [DEBUG] iteration=349, ncalls=757, regioncalls=14280, ndraw=40, logz=-2581.32, remainder_fraction=100.0000%, Lmin=-2578.95, Lmax=-189.79
15:23:56 [ultranest] [DEBUG] iteration=360, ncalls=775, regioncalls=15000, ndraw=40, logz=-2581.19, remainder_fraction=100.0000%, Lmin=-2578.95, Lmax=-189.79
15:23:56 [ultranest] [DEBUG] iteration=381, ncalls=816, regioncalls=16640, ndraw=40, logz=-2581.00, remainder_fraction=100.0000%, Lmin=-2578.95, Lmax=-189.79
15:23:57 [ultranest] [DEBUG] iteration=400, ncalls=859, regioncalls=18360, ndraw=40, logz=-2580.85, remainder_fraction=100.0000%, Lmin=-2578.95, Lmax=-189.79
15:23:57 [ultranest] [DEBUG] iteration=405, ncalls=868, regioncalls=18720, ndraw=40, logz=-2580.82, remainder_fraction=100.0000%, Lmin=-2578.95, Lmax=-189.79
15:23:57 [ultranest] [DEBUG] iteration=426, ncalls=905, regioncalls=20200, ndraw=40, logz=-2580.70, remainder_fraction=100.0000%, Lmin=-2578.94, Lmax=-189.79
15:23:57 [ultranest] [DEBUG] iteration=440, ncalls=933, regioncalls=21320, ndraw=40, logz=-2580.62, remainder_fraction=100.0000%, Lmin=-2578.90, Lmax=-189.79
15:23:57 [ultranest] [DEBUG] iteration=461, ncalls=971, regioncalls=22840, ndraw=40, logz=-2580.52, remainder_fraction=100.0000%, Lmin=-2578.71, Lmax=-189.79
15:23:57 [ultranest] [DEBUG] iteration=480, ncalls=1005, regioncalls=24200, ndraw=40, logz=-2580.39, remainder_fraction=100.0000%, Lmin=-2577.85, Lmax=-189.79
15:23:57 [ultranest] [DEBUG] clustering found some stray points [need_accept=False] (array([1, 2]), array([350,   1]))
15:23:57 [ultranest] [DEBUG] iteration=498, ncalls=1039, regioncalls=25560, ndraw=40, logz=-2580.01, remainder_fraction=100.0000%, Lmin=-2576.20, Lmax=-189.79
15:23:57 [ultranest] [DEBUG] iteration=517, ncalls=1079, regioncalls=27160, ndraw=40, logz=-2578.72, remainder_fraction=100.0000%, Lmin=-2573.78, Lmax=-189.79
15:23:57 [ultranest] [DEBUG] iteration=520, ncalls=1090, regioncalls=27600, ndraw=40, logz=-2578.44, remainder_fraction=100.0000%, Lmin=-2573.58, Lmax=-189.79
15:23:57 [ultranest] [DEBUG] iteration=540, ncalls=1136, regioncalls=29440, ndraw=40, logz=-2575.51, remainder_fraction=100.0000%, Lmin=-2569.75, Lmax=-189.79
15:23:57 [ultranest] [DEBUG] iteration=559, ncalls=1182, regioncalls=31280, ndraw=40, logz=-2570.87, remainder_fraction=100.0000%, Lmin=-2564.46, Lmax=-189.79
15:23:57 [ultranest] [DEBUG] iteration=560, ncalls=1184, regioncalls=31360, ndraw=40, logz=-2570.54, remainder_fraction=100.0000%, Lmin=-2563.19, Lmax=-189.79
15:23:57 [ultranest] [DEBUG] clustering found some stray points [need_accept=False] (array([1, 2]), array([350,   1]))
15:23:58 [ultranest] [DEBUG] iteration=574, ncalls=1221, regioncalls=32840, ndraw=40, logz=-2565.24, remainder_fraction=100.0000%, Lmin=-2557.79, Lmax=-189.79
15:23:58 [ultranest] [DEBUG] iteration=589, ncalls=1264, regioncalls=34560, ndraw=40, logz=-2556.05, remainder_fraction=100.0000%, Lmin=-2548.15, Lmax=-189.79
15:23:58 [ultranest] [DEBUG] iteration=600, ncalls=1289, regioncalls=35560, ndraw=40, logz=-2548.25, remainder_fraction=100.0000%, Lmin=-2541.26, Lmax=-189.79
15:23:58 [ultranest] [DEBUG] iteration=613, ncalls=1340, regioncalls=37600, ndraw=40, logz=-2542.66, remainder_fraction=100.0000%, Lmin=-2535.03, Lmax=-189.79
15:23:58 [ultranest] [DEBUG] iteration=622, ncalls=1392, regioncalls=39680, ndraw=40, logz=-2537.69, remainder_fraction=100.0000%, Lmin=-2530.84, Lmax=-189.79
15:23:58 [ultranest] [DEBUG] iteration=634, ncalls=1441, regioncalls=41640, ndraw=40, logz=-2528.85, remainder_fraction=100.0000%, Lmin=-2521.81, Lmax=-189.79
15:23:58 [ultranest] [DEBUG] iteration=640, ncalls=1462, regioncalls=42480, ndraw=40, logz=-2523.96, remainder_fraction=100.0000%, Lmin=-2517.37, Lmax=-189.79
15:23:58 [ultranest] [DEBUG] iteration=642, ncalls=1464, regioncalls=42560, ndraw=40, logz=-2523.41, remainder_fraction=100.0000%, Lmin=-2517.15, Lmax=-189.79
15:23:58 [ultranest] [DEBUG] iteration=657, ncalls=1506, regioncalls=44240, ndraw=40, logz=-2514.06, remainder_fraction=100.0000%, Lmin=-2505.06, Lmax=-189.79
15:23:58 [ultranest] [DEBUG] iteration=670, ncalls=1554, regioncalls=46160, ndraw=40, logz=-2502.71, remainder_fraction=100.0000%, Lmin=-2495.47, Lmax=-189.79
15:23:58 [ultranest] [DEBUG] iteration=680, ncalls=1601, regioncalls=48040, ndraw=40, logz=-2497.48, remainder_fraction=100.0000%, Lmin=-2489.59, Lmax=-189.79
15:23:58 [ultranest] [DEBUG] iteration=696, ncalls=1650, regioncalls=50000, ndraw=40, logz=-2477.20, remainder_fraction=100.0000%, Lmin=-2468.94, Lmax=-189.79
15:23:59 [ultranest] [DEBUG] iteration=709, ncalls=1699, regioncalls=51960, ndraw=40, logz=-2467.43, remainder_fraction=100.0000%, Lmin=-2459.54, Lmax=-189.79
15:23:59 [ultranest] [DEBUG] iteration=720, ncalls=1752, regioncalls=54080, ndraw=40, logz=-2443.70, remainder_fraction=100.0000%, Lmin=-2434.54, Lmax=-189.79
15:23:59 [ultranest] [DEBUG] iteration=721, ncalls=1753, regioncalls=54120, ndraw=40, logz=-2442.12, remainder_fraction=100.0000%, Lmin=-2433.89, Lmax=-189.79
15:23:59 [ultranest] [DEBUG] iteration=736, ncalls=1792, regioncalls=55680, ndraw=40, logz=-2426.31, remainder_fraction=100.0000%, Lmin=-2417.46, Lmax=-189.79
15:23:59 [ultranest] [DEBUG] iteration=753, ncalls=1834, regioncalls=57360, ndraw=40, logz=-2400.28, remainder_fraction=100.0000%, Lmin=-2391.95, Lmax=-189.79
15:23:59 [ultranest] [DEBUG] iteration=760, ncalls=1849, regioncalls=57960, ndraw=40, logz=-2394.68, remainder_fraction=100.0000%, Lmin=-2387.04, Lmax=-189.79
15:23:59 [ultranest] [DEBUG] iteration=778, ncalls=1895, regioncalls=59800, ndraw=40, logz=-2364.99, remainder_fraction=100.0000%, Lmin=-2357.11, Lmax=-189.79
15:23:59 [ultranest] [DEBUG] iteration=788, ncalls=1948, regioncalls=61920, ndraw=40, logz=-2347.12, remainder_fraction=100.0000%, Lmin=-2337.99, Lmax=-189.79
15:23:59 [ultranest] [DEBUG] iteration=800, ncalls=1992, regioncalls=63680, ndraw=40, logz=-2321.78, remainder_fraction=100.0000%, Lmin=-2313.46, Lmax=-189.79
15:23:59 [ultranest] [DEBUG] iteration=816, ncalls=2035, regioncalls=65400, ndraw=40, logz=-2297.98, remainder_fraction=100.0000%, Lmin=-2290.31, Lmax=-189.79
15:23:59 [ultranest] [DEBUG] iteration=835, ncalls=2078, regioncalls=67120, ndraw=40, logz=-2256.47, remainder_fraction=100.0000%, Lmin=-2245.36, Lmax=-104.44
15:24:00 [ultranest] [DEBUG] iteration=840, ncalls=2095, regioncalls=67800, ndraw=40, logz=-2246.85, remainder_fraction=100.0000%, Lmin=-2231.27, Lmax=-104.44
15:24:00 [ultranest] [DEBUG] iteration=856, ncalls=2143, regioncalls=69720, ndraw=40, logz=-2194.45, remainder_fraction=100.0000%, Lmin=-2183.56, Lmax=-104.44
15:24:00 [ultranest] [DEBUG] iteration=874, ncalls=2189, regioncalls=71560, ndraw=40, logz=-2150.70, remainder_fraction=100.0000%, Lmin=-2139.29, Lmax=-104.44
15:24:00 [ultranest] [DEBUG] iteration=880, ncalls=2208, regioncalls=72320, ndraw=40, logz=-2130.16, remainder_fraction=100.0000%, Lmin=-2114.82, Lmax=-104.44
15:24:00 [ultranest] [DEBUG] iteration=893, ncalls=2268, regioncalls=74720, ndraw=40, logz=-2082.27, remainder_fraction=100.0000%, Lmin=-2070.79, Lmax=-104.44
15:24:00 [ultranest] [DEBUG] iteration=907, ncalls=2324, regioncalls=76960, ndraw=40, logz=-2028.52, remainder_fraction=100.0000%, Lmin=-2019.21, Lmax=-104.44
15:24:00 [ultranest] [DEBUG] iteration=919, ncalls=2373, regioncalls=78920, ndraw=40, logz=-1993.29, remainder_fraction=100.0000%, Lmin=-1977.11, Lmax=-104.44
15:24:00 [ultranest] [DEBUG] iteration=920, ncalls=2376, regioncalls=79040, ndraw=40, logz=-1985.48, remainder_fraction=100.0000%, Lmin=-1964.81, Lmax=-104.44
15:24:00 [ultranest] [DEBUG] iteration=937, ncalls=2420, regioncalls=80800, ndraw=40, logz=-1946.38, remainder_fraction=100.0000%, Lmin=-1937.65, Lmax=-104.44
15:24:00 [ultranest] [DEBUG] iteration=952, ncalls=2471, regioncalls=82840, ndraw=40, logz=-1920.90, remainder_fraction=100.0000%, Lmin=-1910.52, Lmax=-104.44
15:24:00 [ultranest] [DEBUG] iteration=958, ncalls=2495, regioncalls=83800, ndraw=40, logz=-1900.05, remainder_fraction=100.0000%, Lmin=-1890.59, Lmax=-104.44
15:24:00 [ultranest] [DEBUG] iteration=960, ncalls=2508, regioncalls=84320, ndraw=40, logz=-1896.50, remainder_fraction=100.0000%, Lmin=-1884.19, Lmax=-104.44
15:24:01 [ultranest] [DEBUG] iteration=977, ncalls=2551, regioncalls=86040, ndraw=40, logz=-1862.55, remainder_fraction=100.0000%, Lmin=-1852.90, Lmax=-104.44
15:24:01 [ultranest] [DEBUG] iteration=994, ncalls=2599, regioncalls=87960, ndraw=40, logz=-1802.28, remainder_fraction=100.0000%, Lmin=-1782.15, Lmax=-104.44
15:24:01 [ultranest] [DEBUG] iteration=1000, ncalls=2614, regioncalls=88560, ndraw=40, logz=-1784.66, remainder_fraction=100.0000%, Lmin=-1776.05, Lmax=-104.44
15:24:01 [ultranest] [DEBUG] iteration=1015, ncalls=2666, regioncalls=90640, ndraw=40, logz=-1750.46, remainder_fraction=100.0000%, Lmin=-1741.02, Lmax=-104.44
15:24:01 [ultranest] [DEBUG] iteration=1033, ncalls=2727, regioncalls=93080, ndraw=40, logz=-1706.92, remainder_fraction=100.0000%, Lmin=-1698.38, Lmax=-104.44
15:24:01 [ultranest] [DEBUG] iteration=1040, ncalls=2756, regioncalls=94240, ndraw=40, logz=-1691.84, remainder_fraction=100.0000%, Lmin=-1680.27, Lmax=-104.44
15:24:01 [ultranest] [DEBUG] iteration=1050, ncalls=2802, regioncalls=96080, ndraw=40, logz=-1658.18, remainder_fraction=100.0000%, Lmin=-1649.22, Lmax=-104.44
15:24:01 [ultranest] [DEBUG] iteration=1063, ncalls=2851, regioncalls=98040, ndraw=40, logz=-1634.66, remainder_fraction=100.0000%, Lmin=-1626.05, Lmax=-104.44
15:24:01 [ultranest] [DEBUG] iteration=1076, ncalls=2905, regioncalls=100200, ndraw=40, logz=-1597.95, remainder_fraction=100.0000%, Lmin=-1580.09, Lmax=-104.44
15:24:01 [ultranest] [DEBUG] iteration=1080, ncalls=2939, regioncalls=101560, ndraw=40, logz=-1573.75, remainder_fraction=100.0000%, Lmin=-1565.00, Lmax=-104.44
15:24:02 [ultranest] [DEBUG] iteration=1099, ncalls=2992, regioncalls=103680, ndraw=40, logz=-1539.14, remainder_fraction=100.0000%, Lmin=-1528.47, Lmax=-104.44
15:24:02 [ultranest] [DEBUG] iteration=1114, ncalls=3042, regioncalls=105680, ndraw=40, logz=-1506.48, remainder_fraction=100.0000%, Lmin=-1497.39, Lmax=-104.44
15:24:02 [ultranest] [DEBUG] iteration=1116, ncalls=3045, regioncalls=105800, ndraw=40, logz=-1501.17, remainder_fraction=100.0000%, Lmin=-1490.51, Lmax=-104.44
15:24:02 [ultranest] [DEBUG] iteration=1120, ncalls=3055, regioncalls=106200, ndraw=40, logz=-1495.43, remainder_fraction=100.0000%, Lmin=-1482.01, Lmax=-104.44
15:24:02 [ultranest] [DEBUG] iteration=1131, ncalls=3096, regioncalls=107840, ndraw=40, logz=-1477.26, remainder_fraction=100.0000%, Lmin=-1468.02, Lmax=-104.44
15:24:02 [ultranest] [DEBUG] iteration=1146, ncalls=3145, regioncalls=109800, ndraw=40, logz=-1432.10, remainder_fraction=100.0000%, Lmin=-1418.94, Lmax=-104.44
15:24:02 [ultranest] [DEBUG] iteration=1156, ncalls=3203, regioncalls=112120, ndraw=40, logz=-1406.32, remainder_fraction=100.0000%, Lmin=-1394.62, Lmax=-104.44
15:24:02 [ultranest] [DEBUG] iteration=1160, ncalls=3243, regioncalls=113720, ndraw=40, logz=-1390.78, remainder_fraction=100.0000%, Lmin=-1381.03, Lmax=-104.44
15:24:02 [ultranest] [DEBUG] iteration=1171, ncalls=3293, regioncalls=115720, ndraw=40, logz=-1363.06, remainder_fraction=100.0000%, Lmin=-1347.90, Lmax=-104.44
15:24:02 [ultranest] [DEBUG] iteration=1183, ncalls=3356, regioncalls=118240, ndraw=40, logz=-1328.17, remainder_fraction=100.0000%, Lmin=-1318.78, Lmax=-104.44
15:24:02 [ultranest] [DEBUG] iteration=1193, ncalls=3408, regioncalls=120320, ndraw=40, logz=-1314.35, remainder_fraction=100.0000%, Lmin=-1303.34, Lmax=-104.44
15:24:02 [ultranest] [DEBUG] iteration=1195, ncalls=3422, regioncalls=120880, ndraw=40, logz=-1308.38, remainder_fraction=100.0000%, Lmin=-1297.82, Lmax=-104.44
15:24:02 [ultranest] [DEBUG] iteration=1200, ncalls=3453, regioncalls=122120, ndraw=40, logz=-1301.73, remainder_fraction=100.0000%, Lmin=-1291.79, Lmax=-104.44
15:24:03 [ultranest] [DEBUG] iteration=1213, ncalls=3501, regioncalls=124040, ndraw=40, logz=-1270.19, remainder_fraction=100.0000%, Lmin=-1259.17, Lmax=-104.44
15:24:03 [ultranest] [DEBUG] iteration=1225, ncalls=3552, regioncalls=126080, ndraw=40, logz=-1243.34, remainder_fraction=100.0000%, Lmin=-1234.56, Lmax=-104.44
15:24:03 [ultranest] [DEBUG] iteration=1234, ncalls=3611, regioncalls=128440, ndraw=40, logz=-1229.09, remainder_fraction=100.0000%, Lmin=-1219.05, Lmax=-104.44
15:24:03 [ultranest] [DEBUG] iteration=1240, ncalls=3633, regioncalls=129320, ndraw=40, logz=-1221.75, remainder_fraction=100.0000%, Lmin=-1207.04, Lmax=-104.44
15:24:03 [ultranest] [DEBUG] iteration=1250, ncalls=3681, regioncalls=131240, ndraw=40, logz=-1205.46, remainder_fraction=100.0000%, Lmin=-1189.03, Lmax=-104.44
15:24:03 [ultranest] [DEBUG] iteration=1265, ncalls=3731, regioncalls=133240, ndraw=40, logz=-1167.47, remainder_fraction=100.0000%, Lmin=-1155.77, Lmax=-104.44
15:24:03 [ultranest] [DEBUG] iteration=1274, ncalls=3760, regioncalls=134400, ndraw=40, logz=-1150.27, remainder_fraction=100.0000%, Lmin=-1141.81, Lmax=-104.44
15:24:03 [ultranest] [DEBUG] iteration=1280, ncalls=3784, regioncalls=135360, ndraw=40, logz=-1139.84, remainder_fraction=100.0000%, Lmin=-1130.01, Lmax=-104.44
15:24:03 [ultranest] [DEBUG] iteration=1294, ncalls=3827, regioncalls=137080, ndraw=40, logz=-1105.90, remainder_fraction=100.0000%, Lmin=-1090.90, Lmax=-104.44
15:24:03 [ultranest] [DEBUG] iteration=1307, ncalls=3877, regioncalls=139080, ndraw=40, logz=-1079.38, remainder_fraction=100.0000%, Lmin=-1064.29, Lmax=-104.44
15:24:04 [ultranest] [DEBUG] iteration=1319, ncalls=3926, regioncalls=141040, ndraw=40, logz=-1060.19, remainder_fraction=100.0000%, Lmin=-1047.33, Lmax=-104.44
15:24:04 [ultranest] [DEBUG] iteration=1320, ncalls=3928, regioncalls=141120, ndraw=40, logz=-1056.81, remainder_fraction=100.0000%, Lmin=-1046.65, Lmax=-104.44
15:24:04 [ultranest] [DEBUG] iteration=1331, ncalls=3979, regioncalls=143200, ndraw=40, logz=-1028.21, remainder_fraction=100.0000%, Lmin=-1012.49, Lmax=-104.44
15:24:04 [ultranest] [DEBUG] iteration=1344, ncalls=4025, regioncalls=145040, ndraw=40, logz=-993.33, remainder_fraction=100.0000%, Lmin=-983.32, Lmax=-104.44
15:24:04 [ultranest] [DEBUG] iteration=1353, ncalls=4064, regioncalls=146600, ndraw=40, logz=-982.34, remainder_fraction=100.0000%, Lmin=-967.52, Lmax=-104.44
15:24:04 [ultranest] [DEBUG] iteration=1360, ncalls=4093, regioncalls=147760, ndraw=40, logz=-963.09, remainder_fraction=100.0000%, Lmin=-952.77, Lmax=-104.44
15:24:04 [ultranest] [DEBUG] iteration=1369, ncalls=4147, regioncalls=149920, ndraw=40, logz=-949.19, remainder_fraction=100.0000%, Lmin=-939.64, Lmax=-104.44
15:24:04 [ultranest] [DEBUG] iteration=1381, ncalls=4195, regioncalls=151880, ndraw=40, logz=-934.37, remainder_fraction=100.0000%, Lmin=-924.55, Lmax=-102.57
15:24:04 [ultranest] [DEBUG] iteration=1393, ncalls=4242, regioncalls=153760, ndraw=40, logz=-919.64, remainder_fraction=100.0000%, Lmin=-909.69, Lmax=-102.57
15:24:04 [ultranest] [DEBUG] iteration=1400, ncalls=4283, regioncalls=155400, ndraw=40, logz=-905.43, remainder_fraction=100.0000%, Lmin=-895.13, Lmax=-102.57
15:24:04 [ultranest] [DEBUG] iteration=1414, ncalls=4331, regioncalls=157320, ndraw=40, logz=-878.54, remainder_fraction=100.0000%, Lmin=-865.73, Lmax=-102.57
15:24:05 [ultranest] [DEBUG] iteration=1423, ncalls=4382, regioncalls=159360, ndraw=40, logz=-854.57, remainder_fraction=100.0000%, Lmin=-841.56, Lmax=-102.57
15:24:05 [ultranest] [DEBUG] iteration=1436, ncalls=4423, regioncalls=161000, ndraw=40, logz=-830.55, remainder_fraction=100.0000%, Lmin=-817.69, Lmax=-102.57
15:24:05 [ultranest] [DEBUG] iteration=1440, ncalls=4436, regioncalls=161520, ndraw=40, logz=-823.47, remainder_fraction=100.0000%, Lmin=-810.84, Lmax=-102.57
15:24:05 [ultranest] [DEBUG] iteration=1455, ncalls=4480, regioncalls=163280, ndraw=40, logz=-795.03, remainder_fraction=100.0000%, Lmin=-783.68, Lmax=-102.57
15:24:05 [ultranest] [DEBUG] iteration=1462, ncalls=4532, regioncalls=165360, ndraw=40, logz=-780.90, remainder_fraction=100.0000%, Lmin=-770.54, Lmax=-102.57
15:24:05 [ultranest] [DEBUG] iteration=1470, ncalls=4587, regioncalls=167560, ndraw=40, logz=-770.62, remainder_fraction=100.0000%, Lmin=-757.73, Lmax=-102.57
15:24:05 [ultranest] [DEBUG] iteration=1480, ncalls=4634, regioncalls=169440, ndraw=40, logz=-752.18, remainder_fraction=100.0000%, Lmin=-740.46, Lmax=-102.57
15:24:05 [ultranest] [DEBUG] iteration=1487, ncalls=4692, regioncalls=171760, ndraw=40, logz=-737.15, remainder_fraction=100.0000%, Lmin=-727.09, Lmax=-102.57
15:24:05 [ultranest] [DEBUG] iteration=1497, ncalls=4744, regioncalls=173840, ndraw=40, logz=-717.94, remainder_fraction=100.0000%, Lmin=-702.87, Lmax=-102.57
15:24:05 [ultranest] [DEBUG] iteration=1511, ncalls=4791, regioncalls=175720, ndraw=40, logz=-701.17, remainder_fraction=100.0000%, Lmin=-689.70, Lmax=-102.57
15:24:05 [ultranest] [DEBUG] iteration=1519, ncalls=4836, regioncalls=177600, ndraw=40, logz=-692.65, remainder_fraction=100.0000%, Lmin=-683.24, Lmax=-102.57
15:24:06 [ultranest] [DEBUG] iteration=1520, ncalls=4841, regioncalls=177800, ndraw=40, logz=-692.24, remainder_fraction=100.0000%, Lmin=-682.87, Lmax=-102.57
15:24:06 [ultranest] [DEBUG] iteration=1532, ncalls=4892, regioncalls=179840, ndraw=40, logz=-680.37, remainder_fraction=100.0000%, Lmin=-668.23, Lmax=-102.57
15:24:06 [ultranest] [DEBUG] iteration=1546, ncalls=4938, regioncalls=181680, ndraw=40, logz=-651.97, remainder_fraction=100.0000%, Lmin=-640.99, Lmax=-102.57
15:24:06 [ultranest] [DEBUG] iteration=1556, ncalls=4990, regioncalls=183760, ndraw=40, logz=-639.39, remainder_fraction=100.0000%, Lmin=-629.26, Lmax=-102.57
15:24:06 [ultranest] [DEBUG] iteration=1560, ncalls=5013, regioncalls=184680, ndraw=40, logz=-635.85, remainder_fraction=100.0000%, Lmin=-623.39, Lmax=-102.57
15:24:06 [ultranest] [DEBUG] iteration=1568, ncalls=5061, regioncalls=186600, ndraw=40, logz=-628.16, remainder_fraction=100.0000%, Lmin=-618.62, Lmax=-102.57
15:24:06 [ultranest] [DEBUG] iteration=1578, ncalls=5111, regioncalls=188600, ndraw=40, logz=-613.46, remainder_fraction=100.0000%, Lmin=-603.88, Lmax=-92.59
15:24:06 [ultranest] [DEBUG] iteration=1589, ncalls=5160, regioncalls=190560, ndraw=40, logz=-602.83, remainder_fraction=100.0000%, Lmin=-592.25, Lmax=-92.59
15:24:06 [ultranest] [DEBUG] iteration=1598, ncalls=5206, regioncalls=192400, ndraw=40, logz=-594.71, remainder_fraction=100.0000%, Lmin=-583.74, Lmax=-92.59
15:24:06 [ultranest] [DEBUG] iteration=1600, ncalls=5220, regioncalls=192960, ndraw=40, logz=-592.45, remainder_fraction=100.0000%, Lmin=-581.82, Lmax=-92.59
15:24:06 [ultranest] [DEBUG] iteration=1613, ncalls=5273, regioncalls=195080, ndraw=40, logz=-577.19, remainder_fraction=100.0000%, Lmin=-566.80, Lmax=-92.59
15:24:07 [ultranest] [DEBUG] iteration=1623, ncalls=5323, regioncalls=197080, ndraw=40, logz=-567.35, remainder_fraction=100.0000%, Lmin=-555.38, Lmax=-92.59
15:24:07 [ultranest] [DEBUG] iteration=1631, ncalls=5380, regioncalls=199360, ndraw=40, logz=-556.19, remainder_fraction=100.0000%, Lmin=-545.31, Lmax=-92.59
15:24:07 [ultranest] [DEBUG] iteration=1640, ncalls=5426, regioncalls=201200, ndraw=40, logz=-547.82, remainder_fraction=100.0000%, Lmin=-537.49, Lmax=-92.59
15:24:07 [ultranest] [DEBUG] iteration=1650, ncalls=5493, regioncalls=203880, ndraw=40, logz=-531.95, remainder_fraction=100.0000%, Lmin=-521.58, Lmax=-92.59
15:24:07 [ultranest] [DEBUG] iteration=1658, ncalls=5568, regioncalls=206880, ndraw=40, logz=-523.94, remainder_fraction=100.0000%, Lmin=-513.79, Lmax=-92.59
15:24:07 [ultranest] [DEBUG] iteration=1667, ncalls=5625, regioncalls=209160, ndraw=40, logz=-516.83, remainder_fraction=100.0000%, Lmin=-506.14, Lmax=-92.59
15:24:07 [ultranest] [DEBUG] iteration=1673, ncalls=5668, regioncalls=210880, ndraw=40, logz=-513.14, remainder_fraction=100.0000%, Lmin=-503.49, Lmax=-92.59
15:24:07 [ultranest] [DEBUG] iteration=1680, ncalls=5695, regioncalls=211960, ndraw=40, logz=-504.28, remainder_fraction=100.0000%, Lmin=-493.69, Lmax=-92.59
15:24:07 [ultranest] [DEBUG] iteration=1687, ncalls=5752, regioncalls=214240, ndraw=40, logz=-499.16, remainder_fraction=100.0000%, Lmin=-488.89, Lmax=-92.59
15:24:08 [ultranest] [DEBUG] iteration=1691, ncalls=5805, regioncalls=216360, ndraw=40, logz=-494.75, remainder_fraction=100.0000%, Lmin=-483.44, Lmax=-92.59
15:24:08 [ultranest] [DEBUG] iteration=1702, ncalls=5856, regioncalls=218400, ndraw=40, logz=-486.65, remainder_fraction=100.0000%, Lmin=-475.84, Lmax=-92.59
15:24:08 [ultranest] [DEBUG] iteration=1711, ncalls=5913, regioncalls=220680, ndraw=40, logz=-477.13, remainder_fraction=100.0000%, Lmin=-466.73, Lmax=-92.59
15:24:08 [ultranest] [DEBUG] iteration=1719, ncalls=5999, regioncalls=224120, ndraw=40, logz=-472.51, remainder_fraction=100.0000%, Lmin=-462.72, Lmax=-92.59
15:24:08 [ultranest] [DEBUG] iteration=1720, ncalls=6024, regioncalls=225120, ndraw=40, logz=-472.16, remainder_fraction=100.0000%, Lmin=-461.65, Lmax=-92.59
15:24:08 [ultranest] [DEBUG] iteration=1732, ncalls=6071, regioncalls=227000, ndraw=40, logz=-466.67, remainder_fraction=100.0000%, Lmin=-456.81, Lmax=-92.59
15:24:08 [ultranest] [DEBUG] iteration=1735, ncalls=6137, regioncalls=229640, ndraw=40, logz=-465.72, remainder_fraction=100.0000%, Lmin=-456.20, Lmax=-92.59
15:24:08 [ultranest] [DEBUG] iteration=1745, ncalls=6198, regioncalls=232080, ndraw=40, logz=-461.69, remainder_fraction=100.0000%, Lmin=-451.22, Lmax=-92.59
15:24:08 [ultranest] [DEBUG] iteration=1748, ncalls=6229, regioncalls=233320, ndraw=40, logz=-458.95, remainder_fraction=100.0000%, Lmin=-448.27, Lmax=-92.59
15:24:08 [ultranest] [DEBUG] iteration=1756, ncalls=6273, regioncalls=235120, ndraw=40, logz=-451.98, remainder_fraction=100.0000%, Lmin=-440.68, Lmax=-92.59
15:24:09 [ultranest] [DEBUG] iteration=1760, ncalls=6297, regioncalls=236080, ndraw=40, logz=-448.47, remainder_fraction=100.0000%, Lmin=-438.31, Lmax=-92.59
15:24:09 [ultranest] [DEBUG] iteration=1769, ncalls=6350, regioncalls=238200, ndraw=40, logz=-442.48, remainder_fraction=100.0000%, Lmin=-432.27, Lmax=-86.27
15:24:09 [ultranest] [DEBUG] iteration=1777, ncalls=6406, regioncalls=240440, ndraw=40, logz=-436.77, remainder_fraction=100.0000%, Lmin=-426.24, Lmax=-86.27
15:24:09 [ultranest] [DEBUG] iteration=1785, ncalls=6472, regioncalls=243080, ndraw=40, logz=-431.34, remainder_fraction=100.0000%, Lmin=-421.12, Lmax=-86.27
15:24:09 [ultranest] [DEBUG] iteration=1793, ncalls=6532, regioncalls=245480, ndraw=40, logz=-427.66, remainder_fraction=100.0000%, Lmin=-417.23, Lmax=-86.27
15:24:09 [ultranest] [DEBUG] iteration=1797, ncalls=6586, regioncalls=247640, ndraw=40, logz=-423.82, remainder_fraction=100.0000%, Lmin=-413.02, Lmax=-86.27
15:24:09 [ultranest] [DEBUG] iteration=1800, ncalls=6631, regioncalls=249440, ndraw=40, logz=-422.11, remainder_fraction=100.0000%, Lmin=-412.05, Lmax=-86.27
15:24:09 [ultranest] [DEBUG] iteration=1807, ncalls=6681, regioncalls=251440, ndraw=40, logz=-417.68, remainder_fraction=100.0000%, Lmin=-407.11, Lmax=-86.27
15:24:09 [ultranest] [DEBUG] iteration=1813, ncalls=6734, regioncalls=253560, ndraw=40, logz=-414.34, remainder_fraction=100.0000%, Lmin=-403.17, Lmax=-86.27
15:24:09 [ultranest] [DEBUG] iteration=1822, ncalls=6783, regioncalls=255520, ndraw=40, logz=-409.36, remainder_fraction=100.0000%, Lmin=-399.04, Lmax=-86.27
15:24:10 [ultranest] [DEBUG] iteration=1827, ncalls=6816, regioncalls=256840, ndraw=40, logz=-406.56, remainder_fraction=100.0000%, Lmin=-395.49, Lmax=-86.27
15:24:10 [ultranest] [DEBUG] iteration=1833, ncalls=6866, regioncalls=258920, ndraw=40, logz=-402.62, remainder_fraction=100.0000%, Lmin=-391.71, Lmax=-86.27
15:24:10 [ultranest] [DEBUG] iteration=1840, ncalls=6899, regioncalls=260240, ndraw=40, logz=-399.39, remainder_fraction=100.0000%, Lmin=-388.21, Lmax=-86.27
15:24:10 [ultranest] [DEBUG] iteration=1849, ncalls=6949, regioncalls=262240, ndraw=40, logz=-394.70, remainder_fraction=100.0000%, Lmin=-384.15, Lmax=-86.27
15:24:10 [ultranest] [DEBUG] iteration=1858, ncalls=7002, regioncalls=264360, ndraw=40, logz=-389.61, remainder_fraction=100.0000%, Lmin=-378.68, Lmax=-86.27
15:24:10 [ultranest] [DEBUG] iteration=1869, ncalls=7054, regioncalls=266440, ndraw=40, logz=-382.64, remainder_fraction=100.0000%, Lmin=-372.34, Lmax=-86.27
15:24:10 [ultranest] [DEBUG] iteration=1880, ncalls=7094, regioncalls=268040, ndraw=40, logz=-377.15, remainder_fraction=100.0000%, Lmin=-364.75, Lmax=-86.27
15:24:10 [ultranest] [DEBUG] iteration=1887, ncalls=7146, regioncalls=270120, ndraw=40, logz=-372.72, remainder_fraction=100.0000%, Lmin=-362.60, Lmax=-86.27
15:24:10 [ultranest] [DEBUG] iteration=1893, ncalls=7199, regioncalls=272240, ndraw=40, logz=-370.37, remainder_fraction=100.0000%, Lmin=-360.55, Lmax=-86.27
15:24:10 [ultranest] [DEBUG] iteration=1898, ncalls=7265, regioncalls=274880, ndraw=40, logz=-368.99, remainder_fraction=100.0000%, Lmin=-358.63, Lmax=-86.27
15:24:11 [ultranest] [DEBUG] iteration=1906, ncalls=7315, regioncalls=276880, ndraw=40, logz=-365.86, remainder_fraction=100.0000%, Lmin=-355.01, Lmax=-86.27
15:24:11 [ultranest] [DEBUG] iteration=1914, ncalls=7367, regioncalls=278960, ndraw=40, logz=-362.21, remainder_fraction=100.0000%, Lmin=-350.57, Lmax=-86.27
15:24:11 [ultranest] [DEBUG] iteration=1920, ncalls=7409, regioncalls=280640, ndraw=40, logz=-358.91, remainder_fraction=100.0000%, Lmin=-348.88, Lmax=-86.27
15:24:11 [ultranest] [DEBUG] iteration=1929, ncalls=7467, regioncalls=282960, ndraw=40, logz=-356.27, remainder_fraction=100.0000%, Lmin=-345.80, Lmax=-81.13
15:24:11 [ultranest] [DEBUG] iteration=1935, ncalls=7519, regioncalls=285040, ndraw=40, logz=-354.35, remainder_fraction=100.0000%, Lmin=-344.29, Lmax=-81.13
15:24:11 [ultranest] [DEBUG] iteration=1938, ncalls=7591, regioncalls=287920, ndraw=40, logz=-353.47, remainder_fraction=100.0000%, Lmin=-342.87, Lmax=-81.13
15:24:11 [ultranest] [DEBUG] iteration=1943, ncalls=7641, regioncalls=289920, ndraw=40, logz=-351.96, remainder_fraction=100.0000%, Lmin=-341.84, Lmax=-81.13
15:24:11 [ultranest] [DEBUG] iteration=1952, ncalls=7694, regioncalls=292040, ndraw=40, logz=-349.58, remainder_fraction=100.0000%, Lmin=-339.34, Lmax=-81.13
15:24:11 [ultranest] [DEBUG] iteration=1957, ncalls=7746, regioncalls=294120, ndraw=40, logz=-348.33, remainder_fraction=100.0000%, Lmin=-338.22, Lmax=-81.13
15:24:11 [ultranest] [DEBUG] iteration=1960, ncalls=7755, regioncalls=294480, ndraw=40, logz=-347.64, remainder_fraction=100.0000%, Lmin=-337.78, Lmax=-81.13
15:24:12 [ultranest] [DEBUG] iteration=1967, ncalls=7807, regioncalls=296560, ndraw=40, logz=-344.96, remainder_fraction=100.0000%, Lmin=-334.13, Lmax=-81.13
15:24:12 [ultranest] [DEBUG] iteration=1975, ncalls=7878, regioncalls=299400, ndraw=40, logz=-341.15, remainder_fraction=100.0000%, Lmin=-330.67, Lmax=-81.13
15:24:12 [ultranest] [DEBUG] iteration=1984, ncalls=7945, regioncalls=302080, ndraw=40, logz=-338.62, remainder_fraction=100.0000%, Lmin=-328.13, Lmax=-81.13
15:24:12 [ultranest] [DEBUG] iteration=1985, ncalls=7953, regioncalls=302440, ndraw=40, logz=-338.28, remainder_fraction=100.0000%, Lmin=-328.01, Lmax=-81.13
15:24:12 [ultranest] [DEBUG] iteration=1994, ncalls=7998, regioncalls=304240, ndraw=40, logz=-334.66, remainder_fraction=100.0000%, Lmin=-323.66, Lmax=-81.13
15:24:12 [ultranest] [DEBUG] iteration=2000, ncalls=8019, regioncalls=305080, ndraw=40, logz=-332.05, remainder_fraction=100.0000%, Lmin=-321.33, Lmax=-81.13
15:24:12 [ultranest] [DEBUG] iteration=2004, ncalls=8079, regioncalls=307480, ndraw=40, logz=-330.84, remainder_fraction=100.0000%, Lmin=-320.87, Lmax=-81.13
15:24:12 [ultranest] [DEBUG] iteration=2013, ncalls=8139, regioncalls=309880, ndraw=40, logz=-327.58, remainder_fraction=100.0000%, Lmin=-317.07, Lmax=-81.13
15:24:12 [ultranest] [DEBUG] iteration=2023, ncalls=8205, regioncalls=312520, ndraw=40, logz=-320.42, remainder_fraction=100.0000%, Lmin=-309.75, Lmax=-81.13
15:24:13 [ultranest] [DEBUG] iteration=2029, ncalls=8261, regioncalls=314760, ndraw=40, logz=-318.95, remainder_fraction=100.0000%, Lmin=-307.89, Lmax=-81.13
15:24:13 [ultranest] [DEBUG] iteration=2038, ncalls=8311, regioncalls=316760, ndraw=40, logz=-315.46, remainder_fraction=100.0000%, Lmin=-305.24, Lmax=-81.13
15:24:13 [ultranest] [DEBUG] iteration=2040, ncalls=8321, regioncalls=317160, ndraw=40, logz=-315.00, remainder_fraction=100.0000%, Lmin=-304.49, Lmax=-81.13
15:24:13 [ultranest] [DEBUG] iteration=2047, ncalls=8372, regioncalls=319200, ndraw=40, logz=-313.03, remainder_fraction=100.0000%, Lmin=-302.87, Lmax=-81.13
15:24:13 [ultranest] [DEBUG] iteration=2056, ncalls=8433, regioncalls=321640, ndraw=40, logz=-309.90, remainder_fraction=100.0000%, Lmin=-299.70, Lmax=-81.13
15:24:13 [ultranest] [DEBUG] iteration=2063, ncalls=8497, regioncalls=324200, ndraw=40, logz=-308.73, remainder_fraction=100.0000%, Lmin=-298.77, Lmax=-81.13
15:24:13 [ultranest] [DEBUG] iteration=2064, ncalls=8505, regioncalls=324560, ndraw=40, logz=-308.56, remainder_fraction=100.0000%, Lmin=-298.63, Lmax=-81.13
15:24:13 [ultranest] [DEBUG] iteration=2069, ncalls=8557, regioncalls=326640, ndraw=40, logz=-307.64, remainder_fraction=100.0000%, Lmin=-297.59, Lmax=-81.13
15:24:13 [ultranest] [DEBUG] iteration=2080, ncalls=8590, regioncalls=327960, ndraw=40, logz=-305.36, remainder_fraction=100.0000%, Lmin=-295.29, Lmax=-78.78
15:24:13 [ultranest] [DEBUG] iteration=2090, ncalls=8643, regioncalls=330080, ndraw=40, logz=-303.49, remainder_fraction=100.0000%, Lmin=-293.58, Lmax=-78.78
15:24:13 [ultranest] [DEBUG] iteration=2096, ncalls=8696, regioncalls=332200, ndraw=40, logz=-302.39, remainder_fraction=100.0000%, Lmin=-291.85, Lmax=-78.78
15:24:14 [ultranest] [DEBUG] iteration=2106, ncalls=8746, regioncalls=334200, ndraw=40, logz=-299.99, remainder_fraction=100.0000%, Lmin=-289.77, Lmax=-78.78
15:24:14 [ultranest] [DEBUG] iteration=2116, ncalls=8799, regioncalls=336320, ndraw=40, logz=-297.24, remainder_fraction=100.0000%, Lmin=-286.77, Lmax=-78.78
15:24:14 [ultranest] [DEBUG] iteration=2120, ncalls=8813, regioncalls=336880, ndraw=40, logz=-296.38, remainder_fraction=100.0000%, Lmin=-286.35, Lmax=-78.78
15:24:14 [ultranest] [DEBUG] iteration=2129, ncalls=8863, regioncalls=338880, ndraw=40, logz=-294.94, remainder_fraction=100.0000%, Lmin=-284.74, Lmax=-78.78
15:24:14 [ultranest] [DEBUG] iteration=2138, ncalls=8913, regioncalls=340880, ndraw=40, logz=-292.86, remainder_fraction=100.0000%, Lmin=-282.51, Lmax=-78.78
15:24:14 [ultranest] [DEBUG] iteration=2144, ncalls=8955, regioncalls=342560, ndraw=40, logz=-291.21, remainder_fraction=100.0000%, Lmin=-280.66, Lmax=-78.78
15:24:14 [ultranest] [DEBUG] iteration=2149, ncalls=9000, regioncalls=344360, ndraw=40, logz=-290.22, remainder_fraction=100.0000%, Lmin=-280.04, Lmax=-78.78
15:24:14 [ultranest] [DEBUG] iteration=2158, ncalls=9062, regioncalls=346840, ndraw=40, logz=-288.66, remainder_fraction=100.0000%, Lmin=-278.69, Lmax=-78.78
15:24:14 [ultranest] [DEBUG] iteration=2160, ncalls=9069, regioncalls=347120, ndraw=40, logz=-288.32, remainder_fraction=100.0000%, Lmin=-277.53, Lmax=-78.78
15:24:14 [ultranest] [DEBUG] iteration=2167, ncalls=9125, regioncalls=349360, ndraw=40, logz=-285.36, remainder_fraction=100.0000%, Lmin=-273.98, Lmax=-78.78
15:24:14 [ultranest] [DEBUG] iteration=2175, ncalls=9177, regioncalls=351440, ndraw=40, logz=-282.66, remainder_fraction=100.0000%, Lmin=-271.71, Lmax=-74.49
15:24:15 [ultranest] [DEBUG] iteration=2183, ncalls=9228, regioncalls=353480, ndraw=40, logz=-280.70, remainder_fraction=100.0000%, Lmin=-269.86, Lmax=-74.49
15:24:15 [ultranest] [DEBUG] iteration=2192, ncalls=9295, regioncalls=356160, ndraw=40, logz=-278.83, remainder_fraction=100.0000%, Lmin=-268.51, Lmax=-74.49
15:24:15 [ultranest] [DEBUG] iteration=2200, ncalls=9343, regioncalls=358080, ndraw=40, logz=-277.42, remainder_fraction=100.0000%, Lmin=-267.10, Lmax=-74.49
15:24:15 [ultranest] [DEBUG] iteration=2205, ncalls=9401, regioncalls=360400, ndraw=40, logz=-276.60, remainder_fraction=100.0000%, Lmin=-266.01, Lmax=-74.49
15:24:15 [ultranest] [DEBUG] iteration=2210, ncalls=9452, regioncalls=362440, ndraw=40, logz=-275.66, remainder_fraction=100.0000%, Lmin=-265.00, Lmax=-74.49
15:24:15 [ultranest] [DEBUG] iteration=2219, ncalls=9506, regioncalls=364600, ndraw=40, logz=-274.26, remainder_fraction=100.0000%, Lmin=-264.21, Lmax=-74.49
15:24:15 [ultranest] [DEBUG] iteration=2226, ncalls=9561, regioncalls=366800, ndraw=40, logz=-273.07, remainder_fraction=100.0000%, Lmin=-262.64, Lmax=-74.49
15:24:15 [ultranest] [DEBUG] iteration=2235, ncalls=9623, regioncalls=369280, ndraw=40, logz=-271.66, remainder_fraction=100.0000%, Lmin=-261.29, Lmax=-74.49
15:24:15 [ultranest] [DEBUG] iteration=2240, ncalls=9673, regioncalls=371280, ndraw=40, logz=-270.97, remainder_fraction=100.0000%, Lmin=-260.92, Lmax=-74.49
15:24:16 [ultranest] [DEBUG] iteration=2251, ncalls=9736, regioncalls=373800, ndraw=40, logz=-269.46, remainder_fraction=100.0000%, Lmin=-259.30, Lmax=-74.49
15:24:16 [ultranest] [DEBUG] iteration=2263, ncalls=9785, regioncalls=375760, ndraw=40, logz=-267.26, remainder_fraction=100.0000%, Lmin=-256.29, Lmax=-74.49
15:24:16 [ultranest] [DEBUG] iteration=2267, ncalls=9837, regioncalls=377840, ndraw=40, logz=-266.08, remainder_fraction=100.0000%, Lmin=-255.12, Lmax=-74.49
15:24:16 [ultranest] [DEBUG] iteration=2275, ncalls=9887, regioncalls=379840, ndraw=40, logz=-264.54, remainder_fraction=100.0000%, Lmin=-253.25, Lmax=-74.49
15:24:16 [ultranest] [DEBUG] iteration=2280, ncalls=9912, regioncalls=380840, ndraw=40, logz=-262.93, remainder_fraction=100.0000%, Lmin=-252.05, Lmax=-74.49
15:24:16 [ultranest] [DEBUG] iteration=2291, ncalls=9962, regioncalls=382840, ndraw=40, logz=-260.34, remainder_fraction=100.0000%, Lmin=-249.47, Lmax=-74.49
15:24:16 [ultranest] [DEBUG] iteration=2298, ncalls=10014, regioncalls=384920, ndraw=40, logz=-258.62, remainder_fraction=100.0000%, Lmin=-247.44, Lmax=-74.49
15:24:16 [ultranest] [DEBUG] iteration=2301, ncalls=10025, regioncalls=385400, ndraw=40, logz=-257.91, remainder_fraction=100.0000%, Lmin=-246.64, Lmax=-74.49
15:24:16 [ultranest] [DEBUG] iteration=2311, ncalls=10068, regioncalls=387280, ndraw=40, logz=-255.24, remainder_fraction=100.0000%, Lmin=-243.88, Lmax=-74.49
15:24:16 [ultranest] [DEBUG] iteration=2318, ncalls=10121, regioncalls=389440, ndraw=40, logz=-252.76, remainder_fraction=100.0000%, Lmin=-241.11, Lmax=-74.49
15:24:16 [ultranest] [DEBUG] iteration=2320, ncalls=10132, regioncalls=389880, ndraw=40, logz=-252.03, remainder_fraction=100.0000%, Lmin=-240.84, Lmax=-74.49
15:24:17 [ultranest] [DEBUG] iteration=2329, ncalls=10177, regioncalls=391680, ndraw=40, logz=-250.41, remainder_fraction=100.0000%, Lmin=-240.01, Lmax=-74.49
15:24:17 [ultranest] [DEBUG] iteration=2340, ncalls=10232, regioncalls=393880, ndraw=40, logz=-248.61, remainder_fraction=100.0000%, Lmin=-238.15, Lmax=-74.49
15:24:17 [ultranest] [DEBUG] iteration=2351, ncalls=10281, regioncalls=395840, ndraw=40, logz=-245.93, remainder_fraction=100.0000%, Lmin=-234.43, Lmax=-71.06
15:24:17 [ultranest] [DEBUG] iteration=2358, ncalls=10338, regioncalls=398120, ndraw=40, logz=-244.15, remainder_fraction=100.0000%, Lmin=-233.17, Lmax=-71.06
15:24:17 [ultranest] [DEBUG] iteration=2360, ncalls=10351, regioncalls=398640, ndraw=40, logz=-243.75, remainder_fraction=100.0000%, Lmin=-232.80, Lmax=-71.06
15:24:17 [ultranest] [DEBUG] iteration=2373, ncalls=10399, regioncalls=400560, ndraw=40, logz=-240.95, remainder_fraction=100.0000%, Lmin=-229.85, Lmax=-71.06
15:24:17 [ultranest] [DEBUG] iteration=2380, ncalls=10438, regioncalls=402160, ndraw=40, logz=-239.40, remainder_fraction=100.0000%, Lmin=-228.18, Lmax=-71.06
15:24:17 [ultranest] [DEBUG] iteration=2390, ncalls=10482, regioncalls=403960, ndraw=40, logz=-237.49, remainder_fraction=100.0000%, Lmin=-226.41, Lmax=-71.06
15:24:17 [ultranest] [DEBUG] iteration=2400, ncalls=10519, regioncalls=405440, ndraw=40, logz=-235.79, remainder_fraction=100.0000%, Lmin=-224.81, Lmax=-71.06
15:24:17 [ultranest] [DEBUG] iteration=2413, ncalls=10569, regioncalls=407440, ndraw=40, logz=-232.92, remainder_fraction=100.0000%, Lmin=-221.29, Lmax=-71.06
15:24:17 [ultranest] [DEBUG] iteration=2427, ncalls=10617, regioncalls=409360, ndraw=40, logz=-229.71, remainder_fraction=100.0000%, Lmin=-219.00, Lmax=-71.06
15:24:18 [ultranest] [DEBUG] iteration=2440, ncalls=10663, regioncalls=411200, ndraw=40, logz=-227.44, remainder_fraction=100.0000%, Lmin=-215.89, Lmax=-71.06
15:24:18 [ultranest] [DEBUG] iteration=2449, ncalls=10714, regioncalls=413240, ndraw=40, logz=-224.91, remainder_fraction=100.0000%, Lmin=-213.11, Lmax=-71.06
15:24:18 [ultranest] [DEBUG] iteration=2462, ncalls=10753, regioncalls=414800, ndraw=40, logz=-221.70, remainder_fraction=100.0000%, Lmin=-210.49, Lmax=-71.06
15:24:18 [ultranest] [DEBUG] iteration=2471, ncalls=10797, regioncalls=416560, ndraw=40, logz=-219.80, remainder_fraction=100.0000%, Lmin=-208.64, Lmax=-71.06
15:24:18 [ultranest] [DEBUG] iteration=2480, ncalls=10838, regioncalls=418200, ndraw=40, logz=-218.41, remainder_fraction=100.0000%, Lmin=-207.06, Lmax=-71.06
15:24:18 [ultranest] [DEBUG] iteration=2491, ncalls=10886, regioncalls=420120, ndraw=40, logz=-215.22, remainder_fraction=100.0000%, Lmin=-203.60, Lmax=-71.06
15:24:18 [ultranest] [DEBUG] iteration=2501, ncalls=10937, regioncalls=422160, ndraw=40, logz=-212.58, remainder_fraction=100.0000%, Lmin=-201.27, Lmax=-71.06
15:24:18 [ultranest] [DEBUG] iteration=2508, ncalls=10996, regioncalls=424520, ndraw=40, logz=-210.79, remainder_fraction=100.0000%, Lmin=-199.21, Lmax=-71.06
15:24:18 [ultranest] [DEBUG] iteration=2518, ncalls=11048, regioncalls=426600, ndraw=40, logz=-208.42, remainder_fraction=100.0000%, Lmin=-196.76, Lmax=-71.06
15:24:18 [ultranest] [DEBUG] iteration=2520, ncalls=11051, regioncalls=426720, ndraw=40, logz=-207.97, remainder_fraction=100.0000%, Lmin=-196.50, Lmax=-71.06
15:24:19 [ultranest] [DEBUG] iteration=2530, ncalls=11100, regioncalls=428680, ndraw=40, logz=-205.61, remainder_fraction=100.0000%, Lmin=-193.97, Lmax=-71.06
15:24:19 [ultranest] [DEBUG] iteration=2536, ncalls=11151, regioncalls=430720, ndraw=40, logz=-204.24, remainder_fraction=100.0000%, Lmin=-192.38, Lmax=-71.06
15:24:19 [ultranest] [DEBUG] iteration=2538, ncalls=11156, regioncalls=431120, ndraw=40, logz=-203.67, remainder_fraction=100.0000%, Lmin=-191.88, Lmax=-71.06
15:24:19 [ultranest] [DEBUG] iteration=2551, ncalls=11197, regioncalls=432760, ndraw=40, logz=-201.02, remainder_fraction=100.0000%, Lmin=-189.29, Lmax=-71.06
15:24:19 [ultranest] [DEBUG] iteration=2560, ncalls=11227, regioncalls=433960, ndraw=40, logz=-198.66, remainder_fraction=100.0000%, Lmin=-186.58, Lmax=-71.06
15:24:19 [ultranest] [DEBUG] iteration=2576, ncalls=11270, regioncalls=435680, ndraw=40, logz=-194.76, remainder_fraction=100.0000%, Lmin=-183.11, Lmax=-71.06
15:24:19 [ultranest] [DEBUG] iteration=2593, ncalls=11315, regioncalls=437480, ndraw=40, logz=-191.17, remainder_fraction=100.0000%, Lmin=-179.81, Lmax=-71.06
15:24:19 [ultranest] [DEBUG] iteration=2600, ncalls=11334, regioncalls=438240, ndraw=40, logz=-189.90, remainder_fraction=100.0000%, Lmin=-178.48, Lmax=-71.06
15:24:19 [ultranest] [DEBUG] iteration=2611, ncalls=11391, regioncalls=440520, ndraw=40, logz=-188.05, remainder_fraction=100.0000%, Lmin=-176.50, Lmax=-71.06
15:24:19 [ultranest] [DEBUG] iteration=2626, ncalls=11432, regioncalls=442160, ndraw=40, logz=-185.65, remainder_fraction=100.0000%, Lmin=-174.12, Lmax=-71.06
15:24:19 [ultranest] [DEBUG] iteration=2640, ncalls=11464, regioncalls=443440, ndraw=40, logz=-183.12, remainder_fraction=100.0000%, Lmin=-171.70, Lmax=-71.06
15:24:19 [ultranest] [DEBUG] iteration=2654, ncalls=11509, regioncalls=445240, ndraw=40, logz=-180.59, remainder_fraction=100.0000%, Lmin=-168.93, Lmax=-71.06
15:24:20 [ultranest] [DEBUG] iteration=2671, ncalls=11555, regioncalls=447080, ndraw=40, logz=-177.22, remainder_fraction=100.0000%, Lmin=-166.01, Lmax=-71.06
15:24:20 [ultranest] [DEBUG] iteration=2680, ncalls=11597, regioncalls=448760, ndraw=40, logz=-176.12, remainder_fraction=100.0000%, Lmin=-164.60, Lmax=-71.06
15:24:20 [ultranest] [DEBUG] iteration=2690, ncalls=11653, regioncalls=451000, ndraw=40, logz=-174.54, remainder_fraction=100.0000%, Lmin=-163.07, Lmax=-71.06
15:24:20 [ultranest] [DEBUG] iteration=2696, ncalls=11663, regioncalls=451440, ndraw=40, logz=-173.80, remainder_fraction=100.0000%, Lmin=-162.50, Lmax=-71.06
15:24:20 [ultranest] [DEBUG] iteration=2711, ncalls=11699, regioncalls=452880, ndraw=40, logz=-171.10, remainder_fraction=100.0000%, Lmin=-159.52, Lmax=-71.06
15:24:20 [ultranest] [DEBUG] iteration=2720, ncalls=11723, regioncalls=453840, ndraw=40, logz=-170.11, remainder_fraction=100.0000%, Lmin=-158.81, Lmax=-71.06
15:24:20 [ultranest] [DEBUG] iteration=2742, ncalls=11769, regioncalls=455680, ndraw=40, logz=-167.06, remainder_fraction=100.0000%, Lmin=-155.47, Lmax=-71.06
15:24:20 [ultranest] [DEBUG] iteration=2758, ncalls=11818, regioncalls=457640, ndraw=40, logz=-164.76, remainder_fraction=100.0000%, Lmin=-153.14, Lmax=-71.06
15:24:20 [ultranest] [DEBUG] iteration=2760, ncalls=11828, regioncalls=458040, ndraw=40, logz=-164.50, remainder_fraction=100.0000%, Lmin=-152.98, Lmax=-71.06
15:24:20 [ultranest] [DEBUG] iteration=2774, ncalls=11877, regioncalls=460000, ndraw=40, logz=-162.39, remainder_fraction=100.0000%, Lmin=-150.53, Lmax=-71.06
15:24:20 [ultranest] [DEBUG] iteration=2775, ncalls=11880, regioncalls=460160, ndraw=40, logz=-162.24, remainder_fraction=100.0000%, Lmin=-150.48, Lmax=-71.06
15:24:20 [ultranest] [DEBUG] iteration=2791, ncalls=11920, regioncalls=461760, ndraw=40, logz=-160.05, remainder_fraction=100.0000%, Lmin=-147.89, Lmax=-71.06
15:24:20 [ultranest] [DEBUG] iteration=2800, ncalls=11939, regioncalls=462520, ndraw=40, logz=-158.67, remainder_fraction=100.0000%, Lmin=-146.84, Lmax=-71.06
15:24:21 [ultranest] [DEBUG] iteration=2816, ncalls=11983, regioncalls=464280, ndraw=40, logz=-156.80, remainder_fraction=100.0000%, Lmin=-145.26, Lmax=-71.06
15:24:21 [ultranest] [DEBUG] iteration=2832, ncalls=12028, regioncalls=466080, ndraw=40, logz=-155.01, remainder_fraction=100.0000%, Lmin=-143.15, Lmax=-71.06
15:24:21 [ultranest] [DEBUG] iteration=2840, ncalls=12045, regioncalls=466760, ndraw=40, logz=-153.91, remainder_fraction=100.0000%, Lmin=-142.00, Lmax=-71.06
15:24:21 [ultranest] [DEBUG] iteration=2854, ncalls=12076, regioncalls=468080, ndraw=40, logz=-152.25, remainder_fraction=100.0000%, Lmin=-140.36, Lmax=-71.06
15:24:21 [ultranest] [DEBUG] iteration=2874, ncalls=12119, regioncalls=469800, ndraw=40, logz=-149.92, remainder_fraction=100.0000%, Lmin=-137.72, Lmax=-71.06
15:24:21 [ultranest] [DEBUG] iteration=2880, ncalls=12130, regioncalls=470240, ndraw=40, logz=-149.09, remainder_fraction=100.0000%, Lmin=-137.24, Lmax=-71.06
15:24:21 [ultranest] [DEBUG] iteration=2900, ncalls=12172, regioncalls=471920, ndraw=40, logz=-146.85, remainder_fraction=100.0000%, Lmin=-134.87, Lmax=-71.06
15:24:21 [ultranest] [DEBUG] iteration=2916, ncalls=12219, regioncalls=473800, ndraw=40, logz=-145.23, remainder_fraction=100.0000%, Lmin=-133.51, Lmax=-71.06
15:24:21 [ultranest] [DEBUG] iteration=2920, ncalls=12225, regioncalls=474040, ndraw=40, logz=-144.90, remainder_fraction=100.0000%, Lmin=-133.01, Lmax=-71.06
15:24:21 [ultranest] [DEBUG] iteration=2933, ncalls=12250, regioncalls=475080, ndraw=40, logz=-143.34, remainder_fraction=100.0000%, Lmin=-131.06, Lmax=-71.06
15:24:21 [ultranest] [DEBUG] iteration=2950, ncalls=12287, regioncalls=476600, ndraw=40, logz=-141.62, remainder_fraction=100.0000%, Lmin=-130.01, Lmax=-71.06
15:24:21 [ultranest] [DEBUG] iteration=2960, ncalls=12316, regioncalls=477760, ndraw=40, logz=-140.91, remainder_fraction=100.0000%, Lmin=-129.20, Lmax=-71.06
15:24:22 [ultranest] [DEBUG] iteration=2979, ncalls=12359, regioncalls=479480, ndraw=40, logz=-139.36, remainder_fraction=100.0000%, Lmin=-127.35, Lmax=-71.06
15:24:22 [ultranest] [DEBUG] iteration=2998, ncalls=12404, regioncalls=481280, ndraw=40, logz=-137.43, remainder_fraction=100.0000%, Lmin=-125.48, Lmax=-71.06
15:24:22 [ultranest] [DEBUG] iteration=3000, ncalls=12406, regioncalls=481360, ndraw=40, logz=-137.24, remainder_fraction=100.0000%, Lmin=-125.06, Lmax=-71.06
15:24:22 [ultranest] [DEBUG] iteration=3012, ncalls=12443, regioncalls=482880, ndraw=40, logz=-136.22, remainder_fraction=100.0000%, Lmin=-124.60, Lmax=-71.06
15:24:22 [ultranest] [DEBUG] iteration=3032, ncalls=12483, regioncalls=484480, ndraw=40, logz=-134.65, remainder_fraction=100.0000%, Lmin=-122.93, Lmax=-71.06
15:24:22 [ultranest] [DEBUG] iteration=3040, ncalls=12501, regioncalls=485200, ndraw=40, logz=-134.07, remainder_fraction=100.0000%, Lmin=-122.26, Lmax=-71.06
15:24:22 [ultranest] [DEBUG] iteration=3059, ncalls=12548, regioncalls=487080, ndraw=40, logz=-132.50, remainder_fraction=100.0000%, Lmin=-120.57, Lmax=-71.06
15:24:22 [ultranest] [DEBUG] iteration=3077, ncalls=12592, regioncalls=488840, ndraw=40, logz=-130.87, remainder_fraction=100.0000%, Lmin=-118.91, Lmax=-71.06
15:24:22 [ultranest] [DEBUG] iteration=3080, ncalls=12596, regioncalls=489000, ndraw=40, logz=-130.66, remainder_fraction=100.0000%, Lmin=-118.75, Lmax=-71.06
15:24:22 [ultranest] [DEBUG] iteration=3091, ncalls=12626, regioncalls=490240, ndraw=40, logz=-129.76, remainder_fraction=100.0000%, Lmin=-117.44, Lmax=-71.06
15:24:22 [ultranest] [DEBUG] iteration=3107, ncalls=12667, regioncalls=491880, ndraw=40, logz=-128.46, remainder_fraction=100.0000%, Lmin=-116.52, Lmax=-71.06
15:24:22 [ultranest] [DEBUG] iteration=3120, ncalls=12690, regioncalls=492800, ndraw=40, logz=-127.48, remainder_fraction=100.0000%, Lmin=-115.25, Lmax=-71.06
15:24:22 [ultranest] [DEBUG] iteration=3143, ncalls=12736, regioncalls=494640, ndraw=40, logz=-125.38, remainder_fraction=100.0000%, Lmin=-113.15, Lmax=-71.06
15:24:23 [ultranest] [DEBUG] iteration=3160, ncalls=12775, regioncalls=496200, ndraw=40, logz=-123.89, remainder_fraction=100.0000%, Lmin=-111.66, Lmax=-71.06
15:24:23 [ultranest] [DEBUG] iteration=3170, ncalls=12792, regioncalls=496960, ndraw=40, logz=-123.08, remainder_fraction=100.0000%, Lmin=-110.70, Lmax=-71.06
15:24:23 [ultranest] [DEBUG] iteration=3186, ncalls=12831, regioncalls=498520, ndraw=40, logz=-121.99, remainder_fraction=100.0000%, Lmin=-109.80, Lmax=-71.06
15:24:23 [ultranest] [DEBUG] iteration=3200, ncalls=12861, regioncalls=499720, ndraw=40, logz=-121.01, remainder_fraction=100.0000%, Lmin=-108.85, Lmax=-71.06
15:24:23 [ultranest] [DEBUG] iteration=3224, ncalls=12900, regioncalls=501280, ndraw=40, logz=-119.39, remainder_fraction=100.0000%, Lmin=-107.27, Lmax=-71.06
15:24:23 [ultranest] [DEBUG] iteration=3240, ncalls=12938, regioncalls=502800, ndraw=40, logz=-118.53, remainder_fraction=100.0000%, Lmin=-106.38, Lmax=-71.06
15:24:23 [ultranest] [DEBUG] iteration=3249, ncalls=12957, regioncalls=503640, ndraw=40, logz=-118.04, remainder_fraction=100.0000%, Lmin=-105.90, Lmax=-71.06
15:24:23 [ultranest] [DEBUG] iteration=3264, ncalls=12995, regioncalls=505160, ndraw=40, logz=-117.23, remainder_fraction=100.0000%, Lmin=-105.17, Lmax=-71.06
15:24:23 [ultranest] [DEBUG] iteration=3280, ncalls=13032, regioncalls=506680, ndraw=40, logz=-116.47, remainder_fraction=100.0000%, Lmin=-104.46, Lmax=-71.06
15:24:23 [ultranest] [DEBUG] iteration=3295, ncalls=13077, regioncalls=508480, ndraw=40, logz=-115.65, remainder_fraction=100.0000%, Lmin=-103.32, Lmax=-71.06
15:24:23 [ultranest] [DEBUG] iteration=3314, ncalls=13118, regioncalls=510120, ndraw=40, logz=-114.35, remainder_fraction=100.0000%, Lmin=-101.74, Lmax=-71.06
15:24:23 [ultranest] [DEBUG] iteration=3320, ncalls=13131, regioncalls=510640, ndraw=40, logz=-113.95, remainder_fraction=100.0000%, Lmin=-101.50, Lmax=-71.06
15:24:24 [ultranest] [DEBUG] iteration=3328, ncalls=13147, regioncalls=511360, ndraw=40, logz=-113.52, remainder_fraction=100.0000%, Lmin=-101.24, Lmax=-71.06
15:24:24 [ultranest] [DEBUG] iteration=3347, ncalls=13188, regioncalls=513000, ndraw=40, logz=-112.69, remainder_fraction=100.0000%, Lmin=-100.67, Lmax=-71.06
15:24:24 [ultranest] [DEBUG] iteration=3360, ncalls=13220, regioncalls=514280, ndraw=40, logz=-112.19, remainder_fraction=100.0000%, Lmin=-100.17, Lmax=-71.06
15:24:24 [ultranest] [DEBUG] iteration=3380, ncalls=13261, regioncalls=515920, ndraw=40, logz=-111.45, remainder_fraction=100.0000%, Lmin=-99.21, Lmax=-71.06
15:24:24 [ultranest] [DEBUG] iteration=3400, ncalls=13302, regioncalls=517560, ndraw=40, logz=-110.53, remainder_fraction=100.0000%, Lmin=-98.17, Lmax=-71.06
15:24:24 [ultranest] [DEBUG] iteration=3407, ncalls=13315, regioncalls=518120, ndraw=40, logz=-110.20, remainder_fraction=100.0000%, Lmin=-97.78, Lmax=-71.06
15:24:24 [ultranest] [DEBUG] iteration=3424, ncalls=13354, regioncalls=519680, ndraw=40, logz=-109.45, remainder_fraction=100.0000%, Lmin=-97.04, Lmax=-71.06
15:24:24 [ultranest] [DEBUG] iteration=3440, ncalls=13390, regioncalls=521120, ndraw=40, logz=-108.70, remainder_fraction=100.0000%, Lmin=-96.10, Lmax=-71.06
15:24:24 [ultranest] [DEBUG] iteration=3462, ncalls=13434, regioncalls=522880, ndraw=40, logz=-107.65, remainder_fraction=100.0000%, Lmin=-94.92, Lmax=-71.06
15:24:24 [ultranest] [DEBUG] iteration=3479, ncalls=13477, regioncalls=524600, ndraw=40, logz=-106.91, remainder_fraction=100.0000%, Lmin=-94.46, Lmax=-71.06
15:24:24 [ultranest] [DEBUG] iteration=3480, ncalls=13480, regioncalls=524720, ndraw=40, logz=-106.87, remainder_fraction=100.0000%, Lmin=-94.28, Lmax=-71.06
15:24:24 [ultranest] [DEBUG] iteration=3486, ncalls=13493, regioncalls=525280, ndraw=40, logz=-106.61, remainder_fraction=100.0000%, Lmin=-94.06, Lmax=-71.06
15:24:25 [ultranest] [DEBUG] iteration=3501, ncalls=13533, regioncalls=526880, ndraw=40, logz=-105.95, remainder_fraction=100.0000%, Lmin=-93.23, Lmax=-71.06
15:24:25 [ultranest] [DEBUG] iteration=3519, ncalls=13576, regioncalls=528600, ndraw=40, logz=-105.10, remainder_fraction=100.0000%, Lmin=-92.45, Lmax=-71.06
15:24:25 [ultranest] [DEBUG] iteration=3520, ncalls=13579, regioncalls=528720, ndraw=40, logz=-105.06, remainder_fraction=100.0000%, Lmin=-92.45, Lmax=-71.06
15:24:25 [ultranest] [DEBUG] iteration=3536, ncalls=13617, regioncalls=530240, ndraw=40, logz=-104.48, remainder_fraction=100.0000%, Lmin=-91.94, Lmax=-71.06
15:24:25 [ultranest] [DEBUG] iteration=3551, ncalls=13661, regioncalls=532000, ndraw=40, logz=-103.99, remainder_fraction=100.0000%, Lmin=-91.58, Lmax=-71.06
15:24:25 [ultranest] [DEBUG] iteration=3560, ncalls=13684, regioncalls=533040, ndraw=40, logz=-103.72, remainder_fraction=100.0000%, Lmin=-91.34, Lmax=-71.06
15:24:25 [ultranest] [DEBUG] iteration=3565, ncalls=13692, regioncalls=533400, ndraw=40, logz=-103.57, remainder_fraction=100.0000%, Lmin=-91.12, Lmax=-71.06
15:24:25 [ultranest] [DEBUG] iteration=3585, ncalls=13727, regioncalls=534800, ndraw=40, logz=-102.91, remainder_fraction=100.0000%, Lmin=-90.34, Lmax=-71.06
15:24:25 [ultranest] [DEBUG] iteration=3600, ncalls=13759, regioncalls=536120, ndraw=40, logz=-102.45, remainder_fraction=100.0000%, Lmin=-89.80, Lmax=-71.06
15:24:25 [ultranest] [DEBUG] iteration=3621, ncalls=13801, regioncalls=537800, ndraw=40, logz=-101.73, remainder_fraction=100.0000%, Lmin=-89.02, Lmax=-71.06
15:24:25 [ultranest] [DEBUG] iteration=3635, ncalls=13846, regioncalls=539600, ndraw=40, logz=-101.27, remainder_fraction=100.0000%, Lmin=-88.56, Lmax=-71.06
15:24:25 [ultranest] [DEBUG] iteration=3640, ncalls=13856, regioncalls=540000, ndraw=40, logz=-101.10, remainder_fraction=100.0000%, Lmin=-88.40, Lmax=-71.06
15:24:25 [ultranest] [DEBUG] iteration=3644, ncalls=13861, regioncalls=540240, ndraw=40, logz=-100.98, remainder_fraction=100.0000%, Lmin=-88.37, Lmax=-71.06
15:24:25 [ultranest] [DEBUG] iteration=3667, ncalls=13896, regioncalls=541640, ndraw=40, logz=-100.32, remainder_fraction=100.0000%, Lmin=-87.72, Lmax=-71.06
15:24:26 [ultranest] [DEBUG] iteration=3680, ncalls=13914, regioncalls=542360, ndraw=40, logz=-99.97, remainder_fraction=100.0000%, Lmin=-87.34, Lmax=-71.06
15:24:26 [ultranest] [DEBUG] iteration=3702, ncalls=13955, regioncalls=544000, ndraw=40, logz=-99.38, remainder_fraction=99.9999%, Lmin=-86.65, Lmax=-71.06
15:24:26 [ultranest] [DEBUG] iteration=3720, ncalls=13988, regioncalls=545320, ndraw=40, logz=-98.88, remainder_fraction=99.9999%, Lmin=-86.05, Lmax=-71.06
15:24:26 [ultranest] [DEBUG] iteration=3740, ncalls=14020, regioncalls=546600, ndraw=40, logz=-98.36, remainder_fraction=99.9998%, Lmin=-85.68, Lmax=-71.06
15:24:26 [ultranest] [DEBUG] iteration=3759, ncalls=14059, regioncalls=548160, ndraw=40, logz=-97.87, remainder_fraction=99.9997%, Lmin=-85.02, Lmax=-71.06
15:24:26 [ultranest] [DEBUG] iteration=3760, ncalls=14060, regioncalls=548200, ndraw=40, logz=-97.85, remainder_fraction=99.9997%, Lmin=-85.02, Lmax=-71.06
15:24:26 [ultranest] [DEBUG] iteration=3781, ncalls=14103, regioncalls=549920, ndraw=40, logz=-97.31, remainder_fraction=99.9995%, Lmin=-84.38, Lmax=-71.06
15:24:26 [ultranest] [DEBUG] iteration=3799, ncalls=14145, regioncalls=551600, ndraw=40, logz=-96.89, remainder_fraction=99.9992%, Lmin=-84.22, Lmax=-71.06
15:24:26 [ultranest] [DEBUG] iteration=3800, ncalls=14148, regioncalls=551720, ndraw=40, logz=-96.87, remainder_fraction=99.9992%, Lmin=-84.21, Lmax=-71.06
15:24:26 [ultranest] [DEBUG] iteration=3802, ncalls=14152, regioncalls=551960, ndraw=40, logz=-96.83, remainder_fraction=99.9991%, Lmin=-84.16, Lmax=-71.06
15:24:26 [ultranest] [DEBUG] iteration=3820, ncalls=14190, regioncalls=553560, ndraw=40, logz=-96.48, remainder_fraction=99.9987%, Lmin=-83.71, Lmax=-71.06
15:24:26 [ultranest] [DEBUG] iteration=3840, ncalls=14231, regioncalls=555200, ndraw=40, logz=-96.05, remainder_fraction=99.9980%, Lmin=-83.12, Lmax=-71.06
15:24:26 [ultranest] [DEBUG] iteration=3859, ncalls=14274, regioncalls=556920, ndraw=40, logz=-95.63, remainder_fraction=99.9969%, Lmin=-82.76, Lmax=-71.06
15:24:27 [ultranest] [DEBUG] iteration=3877, ncalls=14317, regioncalls=558640, ndraw=40, logz=-95.27, remainder_fraction=99.9953%, Lmin=-82.42, Lmax=-71.06
15:24:27 [ultranest] [DEBUG] iteration=3880, ncalls=14322, regioncalls=558840, ndraw=40, logz=-95.21, remainder_fraction=99.9950%, Lmin=-82.36, Lmax=-71.06
15:24:27 [ultranest] [DEBUG] iteration=3881, ncalls=14323, regioncalls=558920, ndraw=40, logz=-95.19, remainder_fraction=99.9949%, Lmin=-82.27, Lmax=-71.06
15:24:27 [ultranest] [DEBUG] iteration=3901, ncalls=14357, regioncalls=560280, ndraw=40, logz=-94.81, remainder_fraction=99.9931%, Lmin=-81.99, Lmax=-71.06
15:24:27 [ultranest] [DEBUG] iteration=3920, ncalls=14396, regioncalls=561880, ndraw=40, logz=-94.47, remainder_fraction=99.9905%, Lmin=-81.41, Lmax=-71.06
15:24:27 [ultranest] [DEBUG] iteration=3936, ncalls=14434, regioncalls=563440, ndraw=40, logz=-94.13, remainder_fraction=99.9862%, Lmin=-81.09, Lmax=-71.06
15:24:27 [ultranest] [DEBUG] iteration=3954, ncalls=14477, regioncalls=565160, ndraw=40, logz=-93.79, remainder_fraction=99.9807%, Lmin=-80.76, Lmax=-71.06
15:24:27 [ultranest] [DEBUG] iteration=3960, ncalls=14490, regioncalls=565800, ndraw=40, logz=-93.68, remainder_fraction=99.9782%, Lmin=-80.68, Lmax=-71.06
15:24:27 [ultranest] [DEBUG] iteration=3981, ncalls=14524, regioncalls=567160, ndraw=40, logz=-93.34, remainder_fraction=99.9679%, Lmin=-80.33, Lmax=-71.06
15:24:27 [ultranest] [DEBUG] iteration=4000, ncalls=14559, regioncalls=568560, ndraw=40, logz=-93.01, remainder_fraction=99.9578%, Lmin=-79.89, Lmax=-71.06
15:24:27 [ultranest] [DEBUG] iteration=4019, ncalls=14601, regioncalls=570240, ndraw=40, logz=-92.68, remainder_fraction=99.9422%, Lmin=-79.51, Lmax=-71.06
15:24:27 [ultranest] [DEBUG] iteration=4039, ncalls=14637, regioncalls=571720, ndraw=40, logz=-92.33, remainder_fraction=99.9158%, Lmin=-79.17, Lmax=-71.06
15:24:27 [ultranest] [DEBUG] iteration=4040, ncalls=14638, regioncalls=571760, ndraw=40, logz=-92.32, remainder_fraction=99.9142%, Lmin=-79.16, Lmax=-71.06
15:24:28 [ultranest] [DEBUG] iteration=4062, ncalls=14674, regioncalls=573200, ndraw=40, logz=-91.95, remainder_fraction=99.8769%, Lmin=-78.80, Lmax=-71.06
15:24:28 [ultranest] [DEBUG] iteration=4080, ncalls=14706, regioncalls=574520, ndraw=40, logz=-91.69, remainder_fraction=99.8365%, Lmin=-78.58, Lmax=-71.06
15:24:28 [ultranest] [DEBUG] iteration=4104, ncalls=14746, regioncalls=576120, ndraw=40, logz=-91.35, remainder_fraction=99.7727%, Lmin=-78.15, Lmax=-71.06
15:24:28 [ultranest] [DEBUG] iteration=4118, ncalls=14773, regioncalls=577240, ndraw=40, logz=-91.16, remainder_fraction=99.7203%, Lmin=-77.98, Lmax=-71.06
15:24:28 [ultranest] [DEBUG] iteration=4120, ncalls=14775, regioncalls=577320, ndraw=40, logz=-91.13, remainder_fraction=99.7164%, Lmin=-77.98, Lmax=-71.06
15:24:28 [ultranest] [DEBUG] iteration=4139, ncalls=14812, regioncalls=578800, ndraw=40, logz=-90.88, remainder_fraction=99.6275%, Lmin=-77.65, Lmax=-71.06
15:24:28 [ultranest] [DEBUG] iteration=4160, ncalls=14846, regioncalls=580160, ndraw=40, logz=-90.59, remainder_fraction=99.4870%, Lmin=-77.27, Lmax=-71.06
15:24:28 [ultranest] [DEBUG] iteration=4179, ncalls=14890, regioncalls=581920, ndraw=40, logz=-90.35, remainder_fraction=99.3526%, Lmin=-77.13, Lmax=-71.06
15:24:28 [ultranest] [DEBUG] iteration=4199, ncalls=14926, regioncalls=583360, ndraw=40, logz=-90.13, remainder_fraction=99.1895%, Lmin=-76.93, Lmax=-71.06
15:24:28 [ultranest] [DEBUG] iteration=4200, ncalls=14927, regioncalls=583400, ndraw=40, logz=-90.12, remainder_fraction=99.1840%, Lmin=-76.93, Lmax=-71.06
15:24:28 [ultranest] [DEBUG] iteration=4220, ncalls=14968, regioncalls=585040, ndraw=40, logz=-89.91, remainder_fraction=98.9968%, Lmin=-76.71, Lmax=-71.06
15:24:28 [ultranest] [DEBUG] iteration=4240, ncalls=15003, regioncalls=586440, ndraw=40, logz=-89.71, remainder_fraction=98.8008%, Lmin=-76.52, Lmax=-71.06
15:24:29 [ultranest] [DEBUG] iteration=4259, ncalls=15047, regioncalls=588200, ndraw=40, logz=-89.54, remainder_fraction=98.5548%, Lmin=-76.35, Lmax=-71.06
15:24:29 [ultranest] [DEBUG] iteration=4276, ncalls=15094, regioncalls=590080, ndraw=40, logz=-89.39, remainder_fraction=98.3076%, Lmin=-76.21, Lmax=-71.06
15:24:29 [ultranest] [DEBUG] iteration=4280, ncalls=15101, regioncalls=590360, ndraw=40, logz=-89.35, remainder_fraction=98.2335%, Lmin=-76.17, Lmax=-71.06
15:24:29 [ultranest] [DEBUG] iteration=4295, ncalls=15141, regioncalls=591960, ndraw=40, logz=-89.23, remainder_fraction=98.0245%, Lmin=-76.09, Lmax=-71.06
15:24:29 [ultranest] [DEBUG] iteration=4315, ncalls=15182, regioncalls=593600, ndraw=40, logz=-89.08, remainder_fraction=97.7668%, Lmin=-75.94, Lmax=-70.89
15:24:29 [ultranest] [DEBUG] iteration=4320, ncalls=15194, regioncalls=594080, ndraw=40, logz=-89.05, remainder_fraction=97.7120%, Lmin=-75.91, Lmax=-70.89
15:24:29 [ultranest] [DEBUG] iteration=4339, ncalls=15238, regioncalls=595840, ndraw=40, logz=-88.91, remainder_fraction=97.3399%, Lmin=-75.81, Lmax=-70.89
15:24:29 [ultranest] [DEBUG] iteration=4353, ncalls=15281, regioncalls=597560, ndraw=40, logz=-88.82, remainder_fraction=97.1027%, Lmin=-75.69, Lmax=-70.89
15:24:29 [ultranest] [DEBUG] iteration=4355, ncalls=15287, regioncalls=597840, ndraw=40, logz=-88.81, remainder_fraction=97.0612%, Lmin=-75.68, Lmax=-70.89
15:24:29 [ultranest] [DEBUG] iteration=4360, ncalls=15302, regioncalls=598560, ndraw=40, logz=-88.78, remainder_fraction=96.9597%, Lmin=-75.66, Lmax=-70.89
15:24:29 [ultranest] [DEBUG] iteration=4383, ncalls=15338, regioncalls=600040, ndraw=40, logz=-88.64, remainder_fraction=96.4612%, Lmin=-75.51, Lmax=-70.89
15:24:29 [ultranest] [DEBUG] iteration=4400, ncalls=15361, regioncalls=600960, ndraw=40, logz=-88.54, remainder_fraction=96.0651%, Lmin=-75.37, Lmax=-70.89
15:24:29 [ultranest] [DEBUG] iteration=4425, ncalls=15401, regioncalls=602560, ndraw=40, logz=-88.40, remainder_fraction=95.4851%, Lmin=-75.23, Lmax=-70.89
15:24:29 [ultranest] [DEBUG] iteration=4434, ncalls=15414, regioncalls=603120, ndraw=40, logz=-88.35, remainder_fraction=95.2632%, Lmin=-75.14, Lmax=-70.89
15:24:30 [ultranest] [DEBUG] iteration=4440, ncalls=15420, regioncalls=603400, ndraw=40, logz=-88.31, remainder_fraction=95.0807%, Lmin=-75.10, Lmax=-70.89
15:24:30 [ultranest] [DEBUG] iteration=4466, ncalls=15452, regioncalls=604880, ndraw=40, logz=-88.18, remainder_fraction=94.4315%, Lmin=-74.95, Lmax=-70.89
15:24:30 [ultranest] [DEBUG] iteration=4480, ncalls=15469, regioncalls=605640, ndraw=40, logz=-88.10, remainder_fraction=93.9231%, Lmin=-74.85, Lmax=-70.89
15:24:30 [ultranest] [DEBUG] iteration=4507, ncalls=15508, regioncalls=607200, ndraw=40, logz=-87.97, remainder_fraction=93.0872%, Lmin=-74.72, Lmax=-70.89
15:24:30 [ultranest] [DEBUG] iteration=4513, ncalls=15518, regioncalls=607680, ndraw=40, logz=-87.94, remainder_fraction=92.8971%, Lmin=-74.66, Lmax=-70.89
15:24:30 [ultranest] [DEBUG] iteration=4520, ncalls=15531, regioncalls=608200, ndraw=40, logz=-87.91, remainder_fraction=92.5776%, Lmin=-74.58, Lmax=-70.89
15:24:30 [ultranest] [DEBUG] iteration=4542, ncalls=15567, regioncalls=609640, ndraw=40, logz=-87.80, remainder_fraction=91.6641%, Lmin=-74.42, Lmax=-70.89
15:24:30 [ultranest] [DEBUG] iteration=4560, ncalls=15592, regioncalls=610640, ndraw=40, logz=-87.71, remainder_fraction=90.8144%, Lmin=-74.28, Lmax=-70.89
15:24:30 [ultranest] [DEBUG] iteration=4586, ncalls=15631, regioncalls=612200, ndraw=40, logz=-87.59, remainder_fraction=89.8785%, Lmin=-74.14, Lmax=-70.89
15:24:30 [ultranest] [DEBUG] iteration=4592, ncalls=15650, regioncalls=613000, ndraw=40, logz=-87.56, remainder_fraction=89.6350%, Lmin=-74.09, Lmax=-70.89
15:24:30 [ultranest] [DEBUG] iteration=4600, ncalls=15665, regioncalls=613600, ndraw=40, logz=-87.52, remainder_fraction=89.1708%, Lmin=-74.06, Lmax=-70.89
15:24:30 [ultranest] [DEBUG] iteration=4620, ncalls=15701, regioncalls=615040, ndraw=40, logz=-87.43, remainder_fraction=88.1785%, Lmin=-73.92, Lmax=-70.89
15:24:30 [ultranest] [DEBUG] iteration=4640, ncalls=15735, regioncalls=616440, ndraw=40, logz=-87.34, remainder_fraction=87.0716%, Lmin=-73.78, Lmax=-70.89
15:24:30 [ultranest] [DEBUG] iteration=4664, ncalls=15774, regioncalls=618000, ndraw=40, logz=-87.24, remainder_fraction=85.5474%, Lmin=-73.66, Lmax=-70.89
15:24:31 [ultranest] [DEBUG] iteration=4671, ncalls=15786, regioncalls=618560, ndraw=40, logz=-87.21, remainder_fraction=85.1556%, Lmin=-73.63, Lmax=-70.89
15:24:31 [ultranest] [DEBUG] iteration=4680, ncalls=15802, regioncalls=619200, ndraw=40, logz=-87.17, remainder_fraction=84.5443%, Lmin=-73.57, Lmax=-70.89
15:24:31 [ultranest] [DEBUG] iteration=4699, ncalls=15841, regioncalls=620760, ndraw=40, logz=-87.10, remainder_fraction=83.3197%, Lmin=-73.47, Lmax=-70.89
15:24:31 [ultranest] [DEBUG] iteration=4720, ncalls=15881, regioncalls=622360, ndraw=40, logz=-87.02, remainder_fraction=81.6461%, Lmin=-73.37, Lmax=-70.89
15:24:31 [ultranest] [DEBUG] iteration=4739, ncalls=15925, regioncalls=624120, ndraw=40, logz=-86.94, remainder_fraction=80.1060%, Lmin=-73.26, Lmax=-70.89
15:24:31 [ultranest] [DEBUG] iteration=4750, ncalls=15950, regioncalls=625160, ndraw=40, logz=-86.90, remainder_fraction=79.1970%, Lmin=-73.21, Lmax=-70.89
15:24:31 [ultranest] [DEBUG] iteration=4760, ncalls=15969, regioncalls=626000, ndraw=40, logz=-86.86, remainder_fraction=78.5666%, Lmin=-73.17, Lmax=-70.89
15:24:31 [ultranest] [DEBUG] iteration=4779, ncalls=16007, regioncalls=627520, ndraw=40, logz=-86.80, remainder_fraction=77.2003%, Lmin=-73.08, Lmax=-70.89
15:24:31 [ultranest] [DEBUG] iteration=4800, ncalls=16038, regioncalls=628760, ndraw=40, logz=-86.73, remainder_fraction=75.8602%, Lmin=-73.00, Lmax=-70.89
15:24:31 [ultranest] [DEBUG] iteration=4821, ncalls=16083, regioncalls=630560, ndraw=40, logz=-86.66, remainder_fraction=74.2572%, Lmin=-72.91, Lmax=-70.89
15:24:31 [ultranest] [DEBUG] iteration=4829, ncalls=16099, regioncalls=631240, ndraw=40, logz=-86.63, remainder_fraction=73.5940%, Lmin=-72.88, Lmax=-70.89
15:24:31 [ultranest] [DEBUG] iteration=4840, ncalls=16116, regioncalls=631920, ndraw=40, logz=-86.60, remainder_fraction=72.6486%, Lmin=-72.83, Lmax=-70.89
15:24:32 [ultranest] [DEBUG] iteration=4862, ncalls=16155, regioncalls=633480, ndraw=40, logz=-86.53, remainder_fraction=71.0413%, Lmin=-72.76, Lmax=-70.89
15:24:32 [ultranest] [DEBUG] iteration=4880, ncalls=16181, regioncalls=634520, ndraw=40, logz=-86.48, remainder_fraction=69.5998%, Lmin=-72.72, Lmax=-70.89
15:24:32 [ultranest] [DEBUG] iteration=4903, ncalls=16224, regioncalls=636240, ndraw=40, logz=-86.42, remainder_fraction=67.7145%, Lmin=-72.62, Lmax=-70.89
15:24:32 [ultranest] [DEBUG] iteration=4920, ncalls=16258, regioncalls=637600, ndraw=40, logz=-86.37, remainder_fraction=66.1518%, Lmin=-72.59, Lmax=-70.89
15:24:32 [ultranest] [DEBUG] iteration=4936, ncalls=16298, regioncalls=639200, ndraw=40, logz=-86.34, remainder_fraction=64.7177%, Lmin=-72.55, Lmax=-70.89
15:24:32 [ultranest] [DEBUG] iteration=4956, ncalls=16340, regioncalls=640880, ndraw=40, logz=-86.29, remainder_fraction=62.9541%, Lmin=-72.50, Lmax=-70.89
15:24:32 [ultranest] [DEBUG] iteration=4960, ncalls=16346, regioncalls=641120, ndraw=40, logz=-86.28, remainder_fraction=62.7036%, Lmin=-72.48, Lmax=-70.89
15:24:32 [ultranest] [DEBUG] iteration=4980, ncalls=16389, regioncalls=642840, ndraw=40, logz=-86.23, remainder_fraction=61.0762%, Lmin=-72.41, Lmax=-70.89
15:24:32 [ultranest] [DEBUG] iteration=4987, ncalls=16406, regioncalls=643560, ndraw=40, logz=-86.22, remainder_fraction=60.4388%, Lmin=-72.38, Lmax=-70.89
15:24:32 [ultranest] [DEBUG] iteration=5000, ncalls=16423, regioncalls=644280, ndraw=40, logz=-86.19, remainder_fraction=59.4043%, Lmin=-72.35, Lmax=-70.89
15:24:32 [ultranest] [DEBUG] iteration=5023, ncalls=16458, regioncalls=645680, ndraw=40, logz=-86.14, remainder_fraction=57.3918%, Lmin=-72.27, Lmax=-70.89
15:24:32 [ultranest] [DEBUG] iteration=5040, ncalls=16486, regioncalls=646800, ndraw=40, logz=-86.11, remainder_fraction=56.0474%, Lmin=-72.23, Lmax=-70.87
15:24:33 [ultranest] [DEBUG] iteration=5061, ncalls=16528, regioncalls=648480, ndraw=40, logz=-86.07, remainder_fraction=54.6389%, Lmin=-72.18, Lmax=-70.87
15:24:33 [ultranest] [DEBUG] iteration=5066, ncalls=16536, regioncalls=648880, ndraw=40, logz=-86.06, remainder_fraction=54.1578%, Lmin=-72.17, Lmax=-70.87
15:24:33 [ultranest] [DEBUG] iteration=5080, ncalls=16559, regioncalls=649920, ndraw=40, logz=-86.03, remainder_fraction=53.1284%, Lmin=-72.13, Lmax=-70.87
15:24:33 [ultranest] [DEBUG] iteration=5100, ncalls=16596, regioncalls=651400, ndraw=40, logz=-86.00, remainder_fraction=51.3463%, Lmin=-72.08, Lmax=-70.87
15:24:33 [ultranest] [DEBUG] iteration=5120, ncalls=16633, regioncalls=652880, ndraw=40, logz=-85.97, remainder_fraction=49.6187%, Lmin=-72.05, Lmax=-70.87
15:24:33 [ultranest] [DEBUG] iteration=5142, ncalls=16675, regioncalls=654560, ndraw=40, logz=-85.93, remainder_fraction=47.6780%, Lmin=-71.99, Lmax=-70.87
15:24:33 [ultranest] [DEBUG] iteration=5145, ncalls=16681, regioncalls=654880, ndraw=40, logz=-85.93, remainder_fraction=47.4404%, Lmin=-71.98, Lmax=-70.87
15:24:33 [ultranest] [DEBUG] iteration=5160, ncalls=16702, regioncalls=655720, ndraw=40, logz=-85.90, remainder_fraction=46.0602%, Lmin=-71.95, Lmax=-70.87
15:24:33 [ultranest] [DEBUG] iteration=5183, ncalls=16738, regioncalls=657160, ndraw=40, logz=-85.87, remainder_fraction=44.3154%, Lmin=-71.89, Lmax=-70.87
15:24:33 [ultranest] [DEBUG] iteration=5200, ncalls=16772, regioncalls=658520, ndraw=40, logz=-85.85, remainder_fraction=43.0917%, Lmin=-71.85, Lmax=-70.87
15:24:33 [ultranest] [DEBUG] iteration=5223, ncalls=16814, regioncalls=660200, ndraw=40, logz=-85.81, remainder_fraction=41.3361%, Lmin=-71.81, Lmax=-70.87
15:24:33 [ultranest] [DEBUG] iteration=5224, ncalls=16815, regioncalls=660320, ndraw=40, logz=-85.81, remainder_fraction=41.2404%, Lmin=-71.80, Lmax=-70.87
15:24:33 [ultranest] [DEBUG] iteration=5240, ncalls=16835, regioncalls=661120, ndraw=40, logz=-85.79, remainder_fraction=39.9830%, Lmin=-71.77, Lmax=-70.87
15:24:33 [ultranest] [DEBUG] iteration=5265, ncalls=16870, regioncalls=662520, ndraw=40, logz=-85.76, remainder_fraction=38.1612%, Lmin=-71.72, Lmax=-70.87
15:24:34 [ultranest] [DEBUG] iteration=5280, ncalls=16892, regioncalls=663400, ndraw=40, logz=-85.74, remainder_fraction=37.0487%, Lmin=-71.70, Lmax=-70.87
15:24:34 [ultranest] [DEBUG] iteration=5303, ncalls=16930, regioncalls=665000, ndraw=40, logz=-85.72, remainder_fraction=35.3274%, Lmin=-71.65, Lmax=-70.87
15:24:34 [ultranest] [DEBUG] iteration=5320, ncalls=16957, regioncalls=666080, ndraw=40, logz=-85.70, remainder_fraction=34.1410%, Lmin=-71.62, Lmax=-70.87
15:24:34 [ultranest] [DEBUG] iteration=5343, ncalls=16993, regioncalls=667520, ndraw=40, logz=-85.67, remainder_fraction=32.4902%, Lmin=-71.58, Lmax=-70.87
15:24:34 [ultranest] [DEBUG] iteration=5360, ncalls=17030, regioncalls=669000, ndraw=40, logz=-85.66, remainder_fraction=31.3209%, Lmin=-71.56, Lmax=-70.87
15:24:34 [ultranest] [DEBUG] iteration=5384, ncalls=17063, regioncalls=670320, ndraw=40, logz=-85.64, remainder_fraction=29.7029%, Lmin=-71.54, Lmax=-70.87
15:24:34 [ultranest] [DEBUG] iteration=5400, ncalls=17095, regioncalls=671600, ndraw=40, logz=-85.62, remainder_fraction=28.6834%, Lmin=-71.52, Lmax=-70.87
15:24:34 [ultranest] [DEBUG] iteration=5420, ncalls=17135, regioncalls=673200, ndraw=40, logz=-85.60, remainder_fraction=27.4611%, Lmin=-71.50, Lmax=-70.87
15:24:34 [ultranest] [DEBUG] iteration=5440, ncalls=17174, regioncalls=674760, ndraw=40, logz=-85.59, remainder_fraction=26.4123%, Lmin=-71.46, Lmax=-70.87
15:24:34 [ultranest] [DEBUG] iteration=5457, ncalls=17217, regioncalls=676480, ndraw=40, logz=-85.57, remainder_fraction=25.5002%, Lmin=-71.45, Lmax=-70.87
15:24:34 [ultranest] [DEBUG] iteration=5461, ncalls=17223, regioncalls=676760, ndraw=40, logz=-85.57, remainder_fraction=25.2412%, Lmin=-71.44, Lmax=-70.87
15:24:35 [ultranest] [DEBUG] iteration=5480, ncalls=17245, regioncalls=677680, ndraw=40, logz=-85.56, remainder_fraction=24.1520%, Lmin=-71.42, Lmax=-70.87
15:24:35 [ultranest] [DEBUG] iteration=5504, ncalls=17279, regioncalls=679040, ndraw=40, logz=-85.54, remainder_fraction=22.8903%, Lmin=-71.40, Lmax=-70.87
15:24:35 [ultranest] [DEBUG] iteration=5520, ncalls=17302, regioncalls=679960, ndraw=40, logz=-85.53, remainder_fraction=22.0311%, Lmin=-71.39, Lmax=-70.87
15:24:35 [ultranest] [DEBUG] iteration=5540, ncalls=17334, regioncalls=681400, ndraw=40, logz=-85.52, remainder_fraction=21.0683%, Lmin=-71.36, Lmax=-70.87
15:24:35 [ultranest] [DEBUG] iteration=5560, ncalls=17362, regioncalls=682520, ndraw=40, logz=-85.51, remainder_fraction=20.1407%, Lmin=-71.34, Lmax=-70.87
15:24:35 [ultranest] [DEBUG] iteration=5582, ncalls=17395, regioncalls=683840, ndraw=40, logz=-85.49, remainder_fraction=19.1353%, Lmin=-71.33, Lmax=-70.87
15:24:35 [ultranest] [DEBUG] iteration=5600, ncalls=17417, regioncalls=684720, ndraw=40, logz=-85.48, remainder_fraction=18.3325%, Lmin=-71.32, Lmax=-70.86
15:24:35 [ultranest] [DEBUG] iteration=5619, ncalls=17442, regioncalls=685760, ndraw=40, logz=-85.47, remainder_fraction=17.5239%, Lmin=-71.30, Lmax=-70.86
15:24:35 [ultranest] [DEBUG] iteration=5640, ncalls=17469, regioncalls=686840, ndraw=40, logz=-85.46, remainder_fraction=16.6805%, Lmin=-71.28, Lmax=-70.86
15:24:35 [ultranest] [DEBUG] iteration=5658, ncalls=17505, regioncalls=688280, ndraw=40, logz=-85.45, remainder_fraction=16.0000%, Lmin=-71.27, Lmax=-70.86
15:24:35 [ultranest] [DEBUG] iteration=5680, ncalls=17543, regioncalls=689800, ndraw=40, logz=-85.44, remainder_fraction=15.2042%, Lmin=-71.25, Lmax=-70.86
15:24:36 [ultranest] [DEBUG] iteration=5698, ncalls=17574, regioncalls=691200, ndraw=40, logz=-85.44, remainder_fraction=14.5442%, Lmin=-71.24, Lmax=-70.86
15:24:36 [ultranest] [DEBUG] iteration=5720, ncalls=17607, regioncalls=692520, ndraw=40, logz=-85.43, remainder_fraction=13.7772%, Lmin=-71.23, Lmax=-70.86
15:24:36 [ultranest] [DEBUG] iteration=5742, ncalls=17646, regioncalls=694080, ndraw=40, logz=-85.42, remainder_fraction=13.0651%, Lmin=-71.21, Lmax=-70.86
15:24:36 [ultranest] [DEBUG] iteration=5760, ncalls=17681, regioncalls=695480, ndraw=40, logz=-85.41, remainder_fraction=12.4955%, Lmin=-71.19, Lmax=-70.86
15:24:36 [ultranest] [DEBUG] iteration=5780, ncalls=17717, regioncalls=696920, ndraw=40, logz=-85.41, remainder_fraction=11.9037%, Lmin=-71.18, Lmax=-70.86
15:24:36 [ultranest] [DEBUG] iteration=5800, ncalls=17754, regioncalls=698400, ndraw=40, logz=-85.40, remainder_fraction=11.3382%, Lmin=-71.17, Lmax=-70.86
15:24:36 [ultranest] [DEBUG] iteration=5820, ncalls=17796, regioncalls=700080, ndraw=40, logz=-85.39, remainder_fraction=10.7831%, Lmin=-71.16, Lmax=-70.85
15:24:36 [ultranest] [DEBUG] iteration=5839, ncalls=17839, regioncalls=701800, ndraw=40, logz=-85.39, remainder_fraction=10.2989%, Lmin=-71.14, Lmax=-70.85
15:24:36 [ultranest] [DEBUG] iteration=5840, ncalls=17840, regioncalls=701840, ndraw=40, logz=-85.39, remainder_fraction=10.2719%, Lmin=-71.14, Lmax=-70.85
15:24:36 [ultranest] [DEBUG] iteration=5856, ncalls=17876, regioncalls=703320, ndraw=40, logz=-85.38, remainder_fraction=9.8572%, Lmin=-71.13, Lmax=-70.85
15:24:36 [ultranest] [DEBUG] iteration=5880, ncalls=17910, regioncalls=704680, ndraw=40, logz=-85.38, remainder_fraction=9.2629%, Lmin=-71.12, Lmax=-70.85
15:24:36 [ultranest] [DEBUG] iteration=5904, ncalls=17948, regioncalls=706200, ndraw=40, logz=-85.37, remainder_fraction=8.7262%, Lmin=-71.11, Lmax=-70.85
15:24:37 [ultranest] [DEBUG] iteration=5920, ncalls=17973, regioncalls=707200, ndraw=40, logz=-85.37, remainder_fraction=8.3788%, Lmin=-71.10, Lmax=-70.85
15:24:37 [ultranest] [DEBUG] iteration=5935, ncalls=18003, regioncalls=708440, ndraw=40, logz=-85.36, remainder_fraction=8.0578%, Lmin=-71.09, Lmax=-70.85
15:24:37 [ultranest] [DEBUG] iteration=5957, ncalls=18040, regioncalls=709960, ndraw=40, logz=-85.36, remainder_fraction=7.6101%, Lmin=-71.08, Lmax=-70.85
15:24:37 [ultranest] [DEBUG] iteration=5960, ncalls=18043, regioncalls=710080, ndraw=40, logz=-85.36, remainder_fraction=7.5523%, Lmin=-71.08, Lmax=-70.85
15:24:37 [ultranest] [DEBUG] iteration=5985, ncalls=18080, regioncalls=711560, ndraw=40, logz=-85.35, remainder_fraction=7.0747%, Lmin=-71.07, Lmax=-70.85
15:24:37 [ultranest] [DEBUG] iteration=6000, ncalls=18105, regioncalls=712560, ndraw=40, logz=-85.35, remainder_fraction=6.8013%, Lmin=-71.07, Lmax=-70.85
15:24:37 [ultranest] [DEBUG] iteration=6019, ncalls=18142, regioncalls=714040, ndraw=40, logz=-85.35, remainder_fraction=6.4665%, Lmin=-71.06, Lmax=-70.85
15:24:37 [ultranest] [DEBUG] iteration=6039, ncalls=18180, regioncalls=715560, ndraw=40, logz=-85.34, remainder_fraction=6.1414%, Lmin=-71.05, Lmax=-70.85
15:24:37 [ultranest] [DEBUG] iteration=6040, ncalls=18181, regioncalls=715600, ndraw=40, logz=-85.34, remainder_fraction=6.1246%, Lmin=-71.05, Lmax=-70.85
15:24:37 [ultranest] [DEBUG] iteration=6061, ncalls=18221, regioncalls=717200, ndraw=40, logz=-85.34, remainder_fraction=5.7909%, Lmin=-71.04, Lmax=-70.85
15:24:37 [ultranest] [DEBUG] iteration=6080, ncalls=18261, regioncalls=718800, ndraw=40, logz=-85.34, remainder_fraction=5.5111%, Lmin=-71.04, Lmax=-70.85
15:24:37 [ultranest] [DEBUG] iteration=6098, ncalls=18300, regioncalls=720360, ndraw=40, logz=-85.33, remainder_fraction=5.2613%, Lmin=-71.03, Lmax=-70.85
15:24:38 [ultranest] [DEBUG] iteration=6116, ncalls=18335, regioncalls=721760, ndraw=40, logz=-85.33, remainder_fraction=5.0174%, Lmin=-71.02, Lmax=-70.85
15:24:38 [ultranest] [DEBUG] iteration=6120, ncalls=18341, regioncalls=722000, ndraw=40, logz=-85.33, remainder_fraction=4.9650%, Lmin=-71.02, Lmax=-70.85
15:24:38 [ultranest] [DEBUG] iteration=6138, ncalls=18385, regioncalls=723760, ndraw=40, logz=-85.33, remainder_fraction=4.7310%, Lmin=-71.02, Lmax=-70.85
15:24:38 [ultranest] [DEBUG] iteration=6154, ncalls=18431, regioncalls=725600, ndraw=40, logz=-85.33, remainder_fraction=4.5354%, Lmin=-71.01, Lmax=-70.85
15:24:38 [ultranest] [DEBUG] iteration=6160, ncalls=18448, regioncalls=726280, ndraw=40, logz=-85.32, remainder_fraction=4.4646%, Lmin=-71.01, Lmax=-70.85
15:24:38 [ultranest] [DEBUG] iteration=6172, ncalls=18490, regioncalls=728040, ndraw=40, logz=-85.32, remainder_fraction=4.3240%, Lmin=-71.01, Lmax=-70.85
15:24:38 [ultranest] [DEBUG] iteration=6197, ncalls=18525, regioncalls=729440, ndraw=40, logz=-85.32, remainder_fraction=4.0420%, Lmin=-71.00, Lmax=-70.85
15:24:38 [ultranest] [DEBUG] iteration=6200, ncalls=18530, regioncalls=729640, ndraw=40, logz=-85.32, remainder_fraction=4.0096%, Lmin=-71.00, Lmax=-70.85
15:24:38 [ultranest] [DEBUG] iteration=6224, ncalls=18570, regioncalls=731240, ndraw=40, logz=-85.32, remainder_fraction=3.7618%, Lmin=-70.99, Lmax=-70.85
15:24:38 [ultranest] [DEBUG] iteration=6240, ncalls=18605, regioncalls=732640, ndraw=40, logz=-85.32, remainder_fraction=3.6039%, Lmin=-70.99, Lmax=-70.85
15:24:38 [ultranest] [DEBUG] iteration=6251, ncalls=18619, regioncalls=733280, ndraw=40, logz=-85.31, remainder_fraction=3.5005%, Lmin=-70.98, Lmax=-70.85
15:24:38 [ultranest] [DEBUG] iteration=6274, ncalls=18654, regioncalls=734680, ndraw=40, logz=-85.31, remainder_fraction=3.2899%, Lmin=-70.98, Lmax=-70.85
15:24:38 [ultranest] [DEBUG] iteration=6280, ncalls=18662, regioncalls=735000, ndraw=40, logz=-85.31, remainder_fraction=3.2359%, Lmin=-70.98, Lmax=-70.85
15:24:39 [ultranest] [DEBUG] iteration=6305, ncalls=18703, regioncalls=736640, ndraw=40, logz=-85.31, remainder_fraction=3.0248%, Lmin=-70.97, Lmax=-70.85
15:24:39 [ultranest] [DEBUG] iteration=6320, ncalls=18724, regioncalls=737480, ndraw=40, logz=-85.31, remainder_fraction=2.9040%, Lmin=-70.97, Lmax=-70.85
15:24:39 [ultranest] [DEBUG] iteration=6330, ncalls=18741, regioncalls=738280, ndraw=40, logz=-85.31, remainder_fraction=2.8249%, Lmin=-70.96, Lmax=-70.85
15:24:39 [ultranest] [DEBUG] iteration=6355, ncalls=18775, regioncalls=739680, ndraw=40, logz=-85.31, remainder_fraction=2.6388%, Lmin=-70.96, Lmax=-70.85
15:24:39 [ultranest] [DEBUG] iteration=6360, ncalls=18782, regioncalls=739960, ndraw=40, logz=-85.31, remainder_fraction=2.6037%, Lmin=-70.96, Lmax=-70.85
15:24:39 [ultranest] [INFO] Explored until L=-7e+01  
15:24:39 [ultranest] [INFO] Likelihood function evaluations: 18807
15:24:46 [ultranest] [INFO] Writing samples and results to disk ...
15:24:46 [ultranest] [INFO] Writing samples and results to disk ... done
15:24:46 [ultranest] [DEBUG] did a run_iter pass!
15:24:46 [ultranest] [INFO]   logZ = -85.25 +- 0.1343
15:24:46 [ultranest] [INFO] Effective samples strategy satisfied (ESS = 1688.7, need >400)
15:24:46 [ultranest] [INFO] Posterior uncertainty strategy is satisfied (KL: 0.45+-0.07 nat, need <0.50 nat)
15:24:46 [ultranest] [INFO] Evidency uncertainty strategy is satisfied (dlogz=0.14, need <0.5)
15:24:46 [ultranest] [INFO]   logZ error budget: single: 0.19 bs:0.13 tail:0.02 total:0.14 required:<0.50
15:24:46 [ultranest] [INFO] done iterating.
15:24:46 [ultranest] [DEBUG] Making corner plot ...
15:24:47 [ultranest] [DEBUG] Making corner plot ... done
15:24:47 [ultranest] [DEBUG] Making run plot ... 
15:24:48 [ultranest] [DEBUG] Making run plot ... done
15:24:48 [ultranest] [DEBUG] Making trace plot ... 
15:24:50 [ultranest] [DEBUG] Making trace plot ... done
