15:03:18 [ultranest] [DEBUG] ReactiveNestedSampler: dims=3+0, resume=False, log_dir=/home/orion51/Desktop/Research/spectral_fitting/FGL_spectral_fitting/Individual_sources/2CXOJ111459.1-611707/powerlaw_out_, backend=hdf5, vectorized=False, nbootstraps=30, ndraw=128..65536
15:03:18 [ultranest] [INFO] Sampling 400 live points from prior ...
15:03:19 [ultranest] [DEBUG] run_iter dlogz=0.5, dKL=0.5, frac_remain=0.01, Lepsilon=0.1000, min_ess=400
15:03:19 [ultranest] [DEBUG] max_iters=-1, max_ncalls=-1, max_num_improvement_loops=-1, min_num_live_points=400, cluster_num_live_points=40
15:03:19 [ultranest] [DEBUG] minimal_widths_sequence: [(-inf, 400.0), (inf, 400.0)]
15:03:19 [ultranest] [DEBUG] iteration=0, ncalls=401, regioncalls=40, ndraw=40, logz=-inf, remainder_fraction=100.0000%, Lmin=-227198978074.33, Lmax=-21.69
15:03:19 [ultranest] [DEBUG] iteration=31, ncalls=433, regioncalls=1320, ndraw=40, logz=-344169809.83, remainder_fraction=100.0000%, Lmin=-338288722.24, Lmax=-21.69
15:03:19 [ultranest] [DEBUG] iteration=40, ncalls=444, regioncalls=1760, ndraw=40, logz=-180737264.84, remainder_fraction=100.0000%, Lmin=-170476966.83, Lmax=-21.69
15:03:19 [ultranest] [DEBUG] iteration=74, ncalls=480, regioncalls=3200, ndraw=40, logz=-8614685.06, remainder_fraction=100.0000%, Lmin=-8588126.55, Lmax=-13.43
15:03:19 [ultranest] [DEBUG] iteration=80, ncalls=488, regioncalls=3520, ndraw=40, logz=-5977705.27, remainder_fraction=100.0000%, Lmin=-5912317.27, Lmax=-13.43
15:03:20 [ultranest] [DEBUG] iteration=105, ncalls=520, regioncalls=4800, ndraw=40, logz=-1423567.02, remainder_fraction=100.0000%, Lmin=-1306200.97, Lmax=-13.43
15:03:20 [ultranest] [DEBUG] iteration=120, ncalls=539, regioncalls=5560, ndraw=40, logz=-460297.13, remainder_fraction=100.0000%, Lmin=-425606.52, Lmax=-13.43
15:03:20 [ultranest] [DEBUG] iteration=150, ncalls=574, regioncalls=6960, ndraw=40, logz=-40301.74, remainder_fraction=100.0000%, Lmin=-39969.80, Lmax=-7.82
15:03:20 [ultranest] [DEBUG] iteration=160, ncalls=587, regioncalls=7480, ndraw=40, logz=-33250.85, remainder_fraction=100.0000%, Lmin=-29128.47, Lmax=-7.82
15:03:20 [ultranest] [DEBUG] iteration=180, ncalls=611, regioncalls=8440, ndraw=40, logz=-16392.03, remainder_fraction=100.0000%, Lmin=-14492.15, Lmax=-7.82
15:03:20 [ultranest] [DEBUG] iteration=200, ncalls=638, regioncalls=9520, ndraw=40, logz=-4869.71, remainder_fraction=100.0000%, Lmin=-4663.12, Lmax=-7.82
15:03:20 [ultranest] [DEBUG] iteration=225, ncalls=676, regioncalls=11040, ndraw=40, logz=-1476.29, remainder_fraction=100.0000%, Lmin=-1446.15, Lmax=-7.82
15:03:20 [ultranest] [DEBUG] iteration=240, ncalls=698, regioncalls=11920, ndraw=40, logz=-921.21, remainder_fraction=100.0000%, Lmin=-906.96, Lmax=-7.82
15:03:20 [ultranest] [DEBUG] iteration=268, ncalls=739, regioncalls=13560, ndraw=40, logz=-358.55, remainder_fraction=100.0000%, Lmin=-347.81, Lmax=-7.82
15:03:20 [ultranest] [DEBUG] iteration=270, ncalls=741, regioncalls=13640, ndraw=40, logz=-351.85, remainder_fraction=100.0000%, Lmin=-345.12, Lmax=-7.82
15:03:20 [ultranest] [DEBUG] iteration=280, ncalls=755, regioncalls=14200, ndraw=40, logz=-249.93, remainder_fraction=100.0000%, Lmin=-229.33, Lmax=-7.82
15:03:20 [ultranest] [DEBUG] Plateau detected at L=-1.205577e+02, not replacing live point.
15:03:20 [ultranest] [DEBUG] Plateau detected at L=-1.205577e+02, not replacing live point.
15:03:20 [ultranest] [DEBUG] Plateau detected at L=-1.205577e+02, not replacing live point.
15:03:20 [ultranest] [DEBUG] Plateau detected at L=-1.205577e+02, not replacing live point.
15:03:20 [ultranest] [DEBUG] Plateau detected at L=-1.205577e+02, not replacing live point.
15:03:20 [ultranest] [DEBUG] Plateau detected at L=-1.205577e+02, not replacing live point.
15:03:20 [ultranest] [DEBUG] Plateau detected at L=-1.205577e+02, not replacing live point.
15:03:20 [ultranest] [DEBUG] Plateau detected at L=-1.205577e+02, not replacing live point.
15:03:20 [ultranest] [DEBUG] Plateau detected at L=-1.205577e+02, not replacing live point.
15:03:20 [ultranest] [DEBUG] Plateau detected at L=-1.205577e+02, not replacing live point.
15:03:20 [ultranest] [DEBUG] Plateau detected at L=-1.205577e+02, not replacing live point.
15:03:20 [ultranest] [DEBUG] Plateau detected at L=-1.205577e+02, not replacing live point.
15:03:20 [ultranest] [DEBUG] Plateau detected at L=-1.205577e+02, not replacing live point.
15:03:20 [ultranest] [DEBUG] Plateau detected at L=-1.205577e+02, not replacing live point.
15:03:20 [ultranest] [DEBUG] Plateau detected at L=-1.205577e+02, not replacing live point.
15:03:20 [ultranest] [DEBUG] Plateau detected at L=-1.205577e+02, not replacing live point.
15:03:20 [ultranest] [DEBUG] Plateau detected at L=-1.205577e+02, not replacing live point.
15:03:20 [ultranest] [DEBUG] Plateau detected at L=-1.205577e+02, not replacing live point.
15:03:20 [ultranest] [DEBUG] Plateau detected at L=-1.205577e+02, not replacing live point.
15:03:20 [ultranest] [DEBUG] Plateau detected at L=-1.205577e+02, not replacing live point.
15:03:20 [ultranest] [DEBUG] Plateau detected at L=-1.205577e+02, not replacing live point.
15:03:20 [ultranest] [DEBUG] Plateau detected at L=-1.205577e+02, not replacing live point.
15:03:20 [ultranest] [DEBUG] Plateau detected at L=-1.205577e+02, not replacing live point.
15:03:20 [ultranest] [DEBUG] Plateau detected at L=-1.205577e+02, not replacing live point.
15:03:20 [ultranest] [DEBUG] Plateau detected at L=-1.205577e+02, not replacing live point.
15:03:20 [ultranest] [DEBUG] Plateau detected at L=-1.205577e+02, not replacing live point.
15:03:20 [ultranest] [DEBUG] Plateau detected at L=-1.205577e+02, not replacing live point.
15:03:20 [ultranest] [DEBUG] Plateau detected at L=-1.205577e+02, not replacing live point.
15:03:20 [ultranest] [DEBUG] Plateau detected at L=-1.205577e+02, not replacing live point.
15:03:20 [ultranest] [DEBUG] Plateau detected at L=-1.205577e+02, not replacing live point.
15:03:20 [ultranest] [DEBUG] Plateau detected at L=-1.205577e+02, not replacing live point.
15:03:20 [ultranest] [DEBUG] Plateau detected at L=-1.205577e+02, not replacing live point.
15:03:20 [ultranest] [DEBUG] Plateau detected at L=-1.205577e+02, not replacing live point.
15:03:20 [ultranest] [DEBUG] Plateau detected at L=-1.205577e+02, not replacing live point.
15:03:20 [ultranest] [DEBUG] Plateau detected at L=-1.205577e+02, not replacing live point.
15:03:20 [ultranest] [DEBUG] Plateau detected at L=-1.205577e+02, not replacing live point.
15:03:20 [ultranest] [DEBUG] Plateau detected at L=-1.205577e+02, not replacing live point.
15:03:20 [ultranest] [DEBUG] Plateau detected at L=-1.205577e+02, not replacing live point.
15:03:20 [ultranest] [DEBUG] Plateau detected at L=-1.205577e+02, not replacing live point.
15:03:20 [ultranest] [DEBUG] Plateau detected at L=-1.205577e+02, not replacing live point.
15:03:20 [ultranest] [DEBUG] Plateau detected at L=-1.205577e+02, not replacing live point.
15:03:20 [ultranest] [DEBUG] iteration=347, ncalls=790, regioncalls=15600, ndraw=40, logz=-123.58, remainder_fraction=100.0000%, Lmin=-120.56, Lmax=-7.82
15:03:20 [ultranest] [DEBUG] iteration=360, ncalls=810, regioncalls=16400, ndraw=40, logz=-123.31, remainder_fraction=100.0000%, Lmin=-120.56, Lmax=-7.82
15:03:20 [ultranest] [DEBUG] iteration=383, ncalls=850, regioncalls=18000, ndraw=40, logz=-122.98, remainder_fraction=100.0000%, Lmin=-120.56, Lmax=-7.82
15:03:21 [ultranest] [DEBUG] iteration=400, ncalls=882, regioncalls=19280, ndraw=40, logz=-122.80, remainder_fraction=100.0000%, Lmin=-120.56, Lmax=-7.82
15:03:21 [ultranest] [DEBUG] iteration=419, ncalls=930, regioncalls=21200, ndraw=40, logz=-122.64, remainder_fraction=100.0000%, Lmin=-120.56, Lmax=-7.82
15:03:21 [ultranest] [DEBUG] iteration=438, ncalls=967, regioncalls=22680, ndraw=40, logz=-122.51, remainder_fraction=100.0000%, Lmin=-120.56, Lmax=-7.82
15:03:21 [ultranest] [DEBUG] iteration=440, ncalls=971, regioncalls=22840, ndraw=40, logz=-122.50, remainder_fraction=100.0000%, Lmin=-120.56, Lmax=-7.82
15:03:21 [ultranest] [DEBUG] iteration=462, ncalls=1015, regioncalls=24600, ndraw=40, logz=-122.37, remainder_fraction=100.0000%, Lmin=-120.56, Lmax=-7.82
15:03:21 [ultranest] [DEBUG] iteration=479, ncalls=1068, regioncalls=26720, ndraw=40, logz=-122.29, remainder_fraction=100.0000%, Lmin=-120.55, Lmax=-7.82
15:03:21 [ultranest] [DEBUG] iteration=480, ncalls=1069, regioncalls=26760, ndraw=40, logz=-122.28, remainder_fraction=100.0000%, Lmin=-120.55, Lmax=-7.82
15:03:21 [ultranest] [DEBUG] iteration=501, ncalls=1115, regioncalls=28600, ndraw=40, logz=-122.19, remainder_fraction=100.0000%, Lmin=-120.53, Lmax=-7.82
15:03:21 [ultranest] [DEBUG] clustering found some stray points [need_accept=False] (array([1, 2]), array([358,   1]))
15:03:21 [ultranest] [DEBUG] iteration=514, ncalls=1166, regioncalls=30640, ndraw=40, logz=-122.14, remainder_fraction=100.0000%, Lmin=-120.50, Lmax=-7.82
15:03:21 [ultranest] [DEBUG] iteration=520, ncalls=1183, regioncalls=31320, ndraw=40, logz=-122.12, remainder_fraction=100.0000%, Lmin=-120.47, Lmax=-7.82
15:03:21 [ultranest] [DEBUG] iteration=532, ncalls=1233, regioncalls=33320, ndraw=40, logz=-122.08, remainder_fraction=100.0000%, Lmin=-120.41, Lmax=-7.82
15:03:21 [ultranest] [DEBUG] iteration=548, ncalls=1283, regioncalls=35320, ndraw=40, logz=-122.02, remainder_fraction=100.0000%, Lmin=-120.22, Lmax=-7.82
15:03:22 [ultranest] [DEBUG] iteration=560, ncalls=1330, regioncalls=37200, ndraw=40, logz=-121.97, remainder_fraction=100.0000%, Lmin=-120.05, Lmax=-7.82
15:03:22 [ultranest] [DEBUG] iteration=574, ncalls=1380, regioncalls=39200, ndraw=40, logz=-121.90, remainder_fraction=100.0000%, Lmin=-119.71, Lmax=-7.82
15:03:22 [ultranest] [DEBUG] iteration=588, ncalls=1428, regioncalls=41120, ndraw=40, logz=-121.81, remainder_fraction=100.0000%, Lmin=-119.43, Lmax=-7.82
15:03:22 [ultranest] [DEBUG] iteration=590, ncalls=1434, regioncalls=41360, ndraw=40, logz=-121.80, remainder_fraction=100.0000%, Lmin=-119.39, Lmax=-7.82
15:03:22 [ultranest] [DEBUG] iteration=600, ncalls=1464, regioncalls=42560, ndraw=40, logz=-121.73, remainder_fraction=100.0000%, Lmin=-119.18, Lmax=-7.82
15:03:22 [ultranest] [DEBUG] iteration=613, ncalls=1510, regioncalls=44400, ndraw=40, logz=-121.63, remainder_fraction=100.0000%, Lmin=-118.86, Lmax=-7.82
15:03:22 [ultranest] [DEBUG] iteration=631, ncalls=1558, regioncalls=46320, ndraw=40, logz=-121.46, remainder_fraction=100.0000%, Lmin=-118.53, Lmax=-7.82
15:03:22 [ultranest] [DEBUG] iteration=640, ncalls=1587, regioncalls=47480, ndraw=40, logz=-121.37, remainder_fraction=100.0000%, Lmin=-118.29, Lmax=-7.82
15:03:22 [ultranest] [DEBUG] iteration=662, ncalls=1632, regioncalls=49280, ndraw=40, logz=-121.09, remainder_fraction=100.0000%, Lmin=-117.69, Lmax=-7.82
15:03:22 [ultranest] [DEBUG] iteration=673, ncalls=1683, regioncalls=51320, ndraw=40, logz=-120.91, remainder_fraction=100.0000%, Lmin=-117.17, Lmax=-7.82
15:03:22 [ultranest] [DEBUG] iteration=680, ncalls=1722, regioncalls=52880, ndraw=40, logz=-120.77, remainder_fraction=100.0000%, Lmin=-116.94, Lmax=-7.82
15:03:23 [ultranest] [DEBUG] iteration=693, ncalls=1776, regioncalls=55040, ndraw=40, logz=-120.46, remainder_fraction=100.0000%, Lmin=-116.31, Lmax=-7.82
15:03:23 [ultranest] [DEBUG] iteration=711, ncalls=1822, regioncalls=56880, ndraw=40, logz=-119.86, remainder_fraction=100.0000%, Lmin=-115.00, Lmax=-7.82
15:03:23 [ultranest] [DEBUG] iteration=720, ncalls=1863, regioncalls=58520, ndraw=40, logz=-119.38, remainder_fraction=100.0000%, Lmin=-114.33, Lmax=-7.82
15:03:23 [ultranest] [DEBUG] iteration=734, ncalls=1912, regioncalls=60480, ndraw=40, logz=-118.43, remainder_fraction=100.0000%, Lmin=-113.15, Lmax=-7.82
15:03:23 [ultranest] [DEBUG] iteration=746, ncalls=1964, regioncalls=62560, ndraw=40, logz=-117.43, remainder_fraction=100.0000%, Lmin=-112.19, Lmax=-7.82
15:03:23 [ultranest] [DEBUG] iteration=752, ncalls=1997, regioncalls=63880, ndraw=40, logz=-117.00, remainder_fraction=100.0000%, Lmin=-111.54, Lmax=-7.82
15:03:23 [ultranest] [DEBUG] iteration=760, ncalls=2032, regioncalls=65280, ndraw=40, logz=-116.21, remainder_fraction=100.0000%, Lmin=-110.70, Lmax=-7.82
15:03:23 [ultranest] [DEBUG] iteration=773, ncalls=2084, regioncalls=67360, ndraw=40, logz=-114.77, remainder_fraction=100.0000%, Lmin=-109.13, Lmax=-7.82
15:03:23 [ultranest] [DEBUG] iteration=786, ncalls=2136, regioncalls=69440, ndraw=40, logz=-113.83, remainder_fraction=100.0000%, Lmin=-108.58, Lmax=-7.82
15:03:23 [ultranest] [DEBUG] iteration=797, ncalls=2188, regioncalls=71520, ndraw=40, logz=-112.95, remainder_fraction=100.0000%, Lmin=-107.22, Lmax=-7.82
15:03:23 [ultranest] [DEBUG] iteration=800, ncalls=2207, regioncalls=72280, ndraw=40, logz=-112.68, remainder_fraction=100.0000%, Lmin=-107.06, Lmax=-7.82
15:03:24 [ultranest] [DEBUG] iteration=808, ncalls=2267, regioncalls=74680, ndraw=40, logz=-112.10, remainder_fraction=100.0000%, Lmin=-106.78, Lmax=-7.82
15:03:24 [ultranest] [DEBUG] iteration=818, ncalls=2321, regioncalls=76840, ndraw=40, logz=-111.34, remainder_fraction=100.0000%, Lmin=-105.48, Lmax=-7.82
15:03:24 [ultranest] [DEBUG] iteration=830, ncalls=2376, regioncalls=79040, ndraw=40, logz=-110.04, remainder_fraction=100.0000%, Lmin=-103.94, Lmax=-7.82
15:03:24 [ultranest] [DEBUG] iteration=833, ncalls=2383, regioncalls=79320, ndraw=40, logz=-109.59, remainder_fraction=100.0000%, Lmin=-103.28, Lmax=-7.82
15:03:24 [ultranest] [DEBUG] iteration=840, ncalls=2402, regioncalls=80080, ndraw=40, logz=-108.66, remainder_fraction=100.0000%, Lmin=-102.62, Lmax=-7.82
15:03:24 [ultranest] [DEBUG] iteration=856, ncalls=2444, regioncalls=81760, ndraw=40, logz=-106.90, remainder_fraction=100.0000%, Lmin=-101.07, Lmax=-7.82
15:03:24 [ultranest] [DEBUG] iteration=873, ncalls=2491, regioncalls=83640, ndraw=40, logz=-105.18, remainder_fraction=100.0000%, Lmin=-99.25, Lmax=-7.82
15:03:24 [ultranest] [DEBUG] iteration=880, ncalls=2523, regioncalls=84920, ndraw=40, logz=-104.45, remainder_fraction=100.0000%, Lmin=-98.33, Lmax=-7.82
15:03:24 [ultranest] [DEBUG] iteration=895, ncalls=2576, regioncalls=87040, ndraw=40, logz=-102.94, remainder_fraction=100.0000%, Lmin=-96.92, Lmax=-7.82
15:03:24 [ultranest] [DEBUG] iteration=912, ncalls=2623, regioncalls=88920, ndraw=40, logz=-101.31, remainder_fraction=100.0000%, Lmin=-95.27, Lmax=-7.82
15:03:24 [ultranest] [DEBUG] iteration=920, ncalls=2644, regioncalls=89760, ndraw=40, logz=-100.56, remainder_fraction=100.0000%, Lmin=-94.59, Lmax=-7.82
15:03:24 [ultranest] [DEBUG] iteration=932, ncalls=2693, regioncalls=91720, ndraw=40, logz=-99.01, remainder_fraction=100.0000%, Lmin=-92.66, Lmax=-7.82
15:03:25 [ultranest] [DEBUG] iteration=947, ncalls=2742, regioncalls=93680, ndraw=40, logz=-97.61, remainder_fraction=100.0000%, Lmin=-91.73, Lmax=-7.82
15:03:25 [ultranest] [DEBUG] iteration=959, ncalls=2796, regioncalls=95840, ndraw=40, logz=-96.50, remainder_fraction=100.0000%, Lmin=-90.21, Lmax=-7.82
15:03:25 [ultranest] [DEBUG] iteration=960, ncalls=2797, regioncalls=95880, ndraw=40, logz=-96.39, remainder_fraction=100.0000%, Lmin=-90.18, Lmax=-7.82
15:03:25 [ultranest] [DEBUG] iteration=972, ncalls=2853, regioncalls=98120, ndraw=40, logz=-95.16, remainder_fraction=100.0000%, Lmin=-89.10, Lmax=-7.82
15:03:25 [ultranest] [DEBUG] iteration=983, ncalls=2912, regioncalls=100480, ndraw=40, logz=-94.09, remainder_fraction=100.0000%, Lmin=-87.88, Lmax=-7.82
15:03:25 [ultranest] [DEBUG] iteration=1000, ncalls=2953, regioncalls=102120, ndraw=40, logz=-92.13, remainder_fraction=100.0000%, Lmin=-85.70, Lmax=-7.82
15:03:25 [ultranest] [DEBUG] iteration=1013, ncalls=2998, regioncalls=103920, ndraw=40, logz=-90.51, remainder_fraction=100.0000%, Lmin=-84.12, Lmax=-7.82
15:03:25 [ultranest] [DEBUG] iteration=1028, ncalls=3046, regioncalls=105840, ndraw=40, logz=-89.00, remainder_fraction=100.0000%, Lmin=-82.46, Lmax=-7.82
15:03:25 [ultranest] [DEBUG] iteration=1040, ncalls=3089, regioncalls=107560, ndraw=40, logz=-87.00, remainder_fraction=100.0000%, Lmin=-80.35, Lmax=-7.82
15:03:25 [ultranest] [DEBUG] iteration=1055, ncalls=3143, regioncalls=109720, ndraw=40, logz=-84.78, remainder_fraction=100.0000%, Lmin=-78.13, Lmax=-7.82
15:03:25 [ultranest] [DEBUG] iteration=1068, ncalls=3186, regioncalls=111440, ndraw=40, logz=-83.30, remainder_fraction=100.0000%, Lmin=-76.67, Lmax=-7.82
15:03:26 [ultranest] [DEBUG] iteration=1076, ncalls=3206, regioncalls=112240, ndraw=40, logz=-82.29, remainder_fraction=100.0000%, Lmin=-75.53, Lmax=-7.82
15:03:26 [ultranest] [DEBUG] iteration=1080, ncalls=3220, regioncalls=112800, ndraw=40, logz=-81.78, remainder_fraction=100.0000%, Lmin=-74.62, Lmax=-7.82
15:03:26 [ultranest] [DEBUG] iteration=1093, ncalls=3267, regioncalls=114680, ndraw=40, logz=-79.88, remainder_fraction=100.0000%, Lmin=-73.01, Lmax=-7.82
15:03:26 [ultranest] [DEBUG] iteration=1109, ncalls=3316, regioncalls=116640, ndraw=40, logz=-78.21, remainder_fraction=100.0000%, Lmin=-71.34, Lmax=-7.82
15:03:26 [ultranest] [DEBUG] iteration=1120, ncalls=3351, regioncalls=118080, ndraw=40, logz=-76.95, remainder_fraction=100.0000%, Lmin=-70.43, Lmax=-7.82
15:03:26 [ultranest] [DEBUG] iteration=1136, ncalls=3403, regioncalls=120160, ndraw=40, logz=-74.79, remainder_fraction=100.0000%, Lmin=-67.72, Lmax=-7.82
15:03:26 [ultranest] [DEBUG] iteration=1146, ncalls=3454, regioncalls=122200, ndraw=40, logz=-73.71, remainder_fraction=100.0000%, Lmin=-66.94, Lmax=-7.82
15:03:26 [ultranest] [DEBUG] iteration=1159, ncalls=3500, regioncalls=124040, ndraw=40, logz=-72.29, remainder_fraction=100.0000%, Lmin=-65.55, Lmax=-7.82
15:03:26 [ultranest] [DEBUG] iteration=1160, ncalls=3504, regioncalls=124200, ndraw=40, logz=-72.19, remainder_fraction=100.0000%, Lmin=-65.37, Lmax=-7.82
15:03:26 [ultranest] [DEBUG] iteration=1173, ncalls=3551, regioncalls=126080, ndraw=40, logz=-71.02, remainder_fraction=100.0000%, Lmin=-64.15, Lmax=-7.82
15:03:26 [ultranest] [DEBUG] iteration=1187, ncalls=3605, regioncalls=128240, ndraw=40, logz=-69.75, remainder_fraction=100.0000%, Lmin=-63.04, Lmax=-7.82
15:03:26 [ultranest] [DEBUG] iteration=1200, ncalls=3643, regioncalls=129760, ndraw=40, logz=-68.56, remainder_fraction=100.0000%, Lmin=-61.72, Lmax=-7.82
15:03:27 [ultranest] [DEBUG] iteration=1214, ncalls=3701, regioncalls=132080, ndraw=40, logz=-67.21, remainder_fraction=100.0000%, Lmin=-60.41, Lmax=-7.82
15:03:27 [ultranest] [DEBUG] iteration=1228, ncalls=3749, regioncalls=134000, ndraw=40, logz=-65.91, remainder_fraction=100.0000%, Lmin=-58.83, Lmax=-7.82
15:03:27 [ultranest] [DEBUG] iteration=1240, ncalls=3790, regioncalls=135640, ndraw=40, logz=-64.85, remainder_fraction=100.0000%, Lmin=-58.00, Lmax=-7.82
15:03:27 [ultranest] [DEBUG] iteration=1252, ncalls=3835, regioncalls=137440, ndraw=40, logz=-63.75, remainder_fraction=100.0000%, Lmin=-56.79, Lmax=-7.82
15:03:27 [ultranest] [DEBUG] iteration=1263, ncalls=3893, regioncalls=139760, ndraw=40, logz=-62.67, remainder_fraction=100.0000%, Lmin=-55.55, Lmax=-7.82
15:03:27 [ultranest] [DEBUG] iteration=1274, ncalls=3944, regioncalls=141800, ndraw=40, logz=-61.58, remainder_fraction=100.0000%, Lmin=-54.31, Lmax=-7.82
15:03:27 [ultranest] [DEBUG] iteration=1280, ncalls=3967, regioncalls=142720, ndraw=40, logz=-60.89, remainder_fraction=100.0000%, Lmin=-53.57, Lmax=-7.82
15:03:27 [ultranest] [DEBUG] iteration=1291, ncalls=4020, regioncalls=144840, ndraw=40, logz=-59.71, remainder_fraction=100.0000%, Lmin=-52.39, Lmax=-7.82
15:03:27 [ultranest] [DEBUG] iteration=1309, ncalls=4066, regioncalls=146680, ndraw=40, logz=-58.07, remainder_fraction=100.0000%, Lmin=-51.04, Lmax=-7.82
15:03:27 [ultranest] [DEBUG] iteration=1318, ncalls=4119, regioncalls=148800, ndraw=40, logz=-57.45, remainder_fraction=100.0000%, Lmin=-50.51, Lmax=-7.82
15:03:28 [ultranest] [DEBUG] iteration=1320, ncalls=4127, regioncalls=149120, ndraw=40, logz=-57.30, remainder_fraction=100.0000%, Lmin=-50.40, Lmax=-7.82
15:03:28 [ultranest] [DEBUG] iteration=1332, ncalls=4172, regioncalls=150920, ndraw=40, logz=-56.50, remainder_fraction=100.0000%, Lmin=-49.80, Lmax=-7.82
15:03:28 [ultranest] [DEBUG] iteration=1350, ncalls=4228, regioncalls=153160, ndraw=40, logz=-55.51, remainder_fraction=100.0000%, Lmin=-48.95, Lmax=-7.82
15:03:28 [ultranest] [DEBUG] iteration=1357, ncalls=4286, regioncalls=155480, ndraw=40, logz=-55.14, remainder_fraction=100.0000%, Lmin=-48.34, Lmax=-7.82
15:03:28 [ultranest] [DEBUG] iteration=1360, ncalls=4294, regioncalls=155800, ndraw=40, logz=-54.95, remainder_fraction=100.0000%, Lmin=-48.00, Lmax=-7.82
15:03:28 [ultranest] [DEBUG] iteration=1370, ncalls=4353, regioncalls=158160, ndraw=40, logz=-54.18, remainder_fraction=100.0000%, Lmin=-47.21, Lmax=-7.82
15:03:28 [ultranest] [DEBUG] iteration=1381, ncalls=4409, regioncalls=160400, ndraw=40, logz=-53.41, remainder_fraction=100.0000%, Lmin=-46.50, Lmax=-7.82
15:03:28 [ultranest] [DEBUG] iteration=1393, ncalls=4461, regioncalls=162480, ndraw=40, logz=-52.33, remainder_fraction=100.0000%, Lmin=-45.14, Lmax=-7.82
15:03:28 [ultranest] [DEBUG] iteration=1400, ncalls=4480, regioncalls=163240, ndraw=40, logz=-51.78, remainder_fraction=100.0000%, Lmin=-44.70, Lmax=-7.82
15:03:28 [ultranest] [DEBUG] iteration=1409, ncalls=4531, regioncalls=165280, ndraw=40, logz=-51.20, remainder_fraction=100.0000%, Lmin=-44.21, Lmax=-7.82
15:03:28 [ultranest] [DEBUG] iteration=1421, ncalls=4595, regioncalls=167840, ndraw=40, logz=-50.38, remainder_fraction=100.0000%, Lmin=-43.10, Lmax=-7.82
15:03:29 [ultranest] [DEBUG] iteration=1435, ncalls=4651, regioncalls=170080, ndraw=40, logz=-49.28, remainder_fraction=100.0000%, Lmin=-42.08, Lmax=-7.82
15:03:29 [ultranest] [DEBUG] iteration=1440, ncalls=4673, regioncalls=170960, ndraw=40, logz=-48.92, remainder_fraction=100.0000%, Lmin=-41.71, Lmax=-7.82
15:03:29 [ultranest] [DEBUG] iteration=1453, ncalls=4724, regioncalls=173000, ndraw=40, logz=-47.77, remainder_fraction=100.0000%, Lmin=-40.30, Lmax=-7.82
15:03:29 [ultranest] [DEBUG] iteration=1465, ncalls=4772, regioncalls=174920, ndraw=40, logz=-46.77, remainder_fraction=100.0000%, Lmin=-39.29, Lmax=-7.82
15:03:29 [ultranest] [DEBUG] iteration=1473, ncalls=4827, regioncalls=177120, ndraw=40, logz=-46.12, remainder_fraction=100.0000%, Lmin=-38.79, Lmax=-7.82
15:03:29 [ultranest] [DEBUG] iteration=1480, ncalls=4875, regioncalls=179040, ndraw=40, logz=-45.65, remainder_fraction=100.0000%, Lmin=-38.58, Lmax=-7.82
15:03:29 [ultranest] [DEBUG] iteration=1481, ncalls=4878, regioncalls=179160, ndraw=40, logz=-45.59, remainder_fraction=100.0000%, Lmin=-38.39, Lmax=-7.82
15:03:29 [ultranest] [DEBUG] iteration=1492, ncalls=4920, regioncalls=180920, ndraw=40, logz=-44.85, remainder_fraction=100.0000%, Lmin=-37.70, Lmax=-7.82
15:03:29 [ultranest] [DEBUG] iteration=1511, ncalls=4992, regioncalls=183800, ndraw=40, logz=-43.73, remainder_fraction=100.0000%, Lmin=-36.62, Lmax=-6.19
15:03:29 [ultranest] [DEBUG] iteration=1520, ncalls=5020, regioncalls=184920, ndraw=40, logz=-43.20, remainder_fraction=100.0000%, Lmin=-35.79, Lmax=-6.19
15:03:29 [ultranest] [DEBUG] iteration=1533, ncalls=5071, regioncalls=186960, ndraw=40, logz=-42.38, remainder_fraction=100.0000%, Lmin=-34.92, Lmax=-6.19
15:03:30 [ultranest] [DEBUG] iteration=1543, ncalls=5121, regioncalls=188960, ndraw=40, logz=-41.71, remainder_fraction=100.0000%, Lmin=-34.35, Lmax=-6.19
15:03:30 [ultranest] [DEBUG] iteration=1560, ncalls=5169, regioncalls=190880, ndraw=40, logz=-40.70, remainder_fraction=100.0000%, Lmin=-33.38, Lmax=-6.19
15:03:30 [ultranest] [DEBUG] clustering found some stray points [need_accept=False] (array([1, 2]), array([358,   1]))
15:03:30 [ultranest] [DEBUG] iteration=1571, ncalls=5213, regioncalls=192640, ndraw=40, logz=-40.09, remainder_fraction=100.0000%, Lmin=-32.85, Lmax=-6.19
15:03:30 [ultranest] [DEBUG] iteration=1579, ncalls=5264, regioncalls=194680, ndraw=40, logz=-39.67, remainder_fraction=100.0000%, Lmin=-32.49, Lmax=-6.19
15:03:30 [ultranest] [DEBUG] iteration=1594, ncalls=5315, regioncalls=196720, ndraw=40, logz=-39.01, remainder_fraction=100.0000%, Lmin=-32.02, Lmax=-6.19
15:03:30 [ultranest] [DEBUG] iteration=1600, ncalls=5335, regioncalls=197520, ndraw=40, logz=-38.77, remainder_fraction=100.0000%, Lmin=-31.64, Lmax=-6.19
15:03:30 [ultranest] [DEBUG] iteration=1609, ncalls=5389, regioncalls=199680, ndraw=40, logz=-38.41, remainder_fraction=100.0000%, Lmin=-31.27, Lmax=-6.19
15:03:30 [ultranest] [DEBUG] iteration=1622, ncalls=5434, regioncalls=201480, ndraw=40, logz=-37.91, remainder_fraction=100.0000%, Lmin=-30.96, Lmax=-6.19
15:03:30 [ultranest] [DEBUG] iteration=1633, ncalls=5487, regioncalls=203600, ndraw=40, logz=-37.52, remainder_fraction=100.0000%, Lmin=-30.57, Lmax=-6.19
15:03:30 [ultranest] [DEBUG] iteration=1640, ncalls=5525, regioncalls=205120, ndraw=40, logz=-37.23, remainder_fraction=100.0000%, Lmin=-29.91, Lmax=-6.19
15:03:31 [ultranest] [DEBUG] iteration=1648, ncalls=5582, regioncalls=207400, ndraw=40, logz=-36.84, remainder_fraction=100.0000%, Lmin=-29.33, Lmax=-6.19
15:03:31 [ultranest] [DEBUG] iteration=1658, ncalls=5633, regioncalls=209440, ndraw=40, logz=-36.36, remainder_fraction=100.0000%, Lmin=-28.97, Lmax=-6.19
15:03:31 [ultranest] [DEBUG] iteration=1668, ncalls=5685, regioncalls=211520, ndraw=40, logz=-35.82, remainder_fraction=100.0000%, Lmin=-28.22, Lmax=-6.19
15:03:31 [ultranest] [DEBUG] iteration=1677, ncalls=5739, regioncalls=213680, ndraw=40, logz=-35.29, remainder_fraction=100.0000%, Lmin=-27.70, Lmax=-6.19
15:03:31 [ultranest] [DEBUG] iteration=1680, ncalls=5749, regioncalls=214080, ndraw=40, logz=-35.12, remainder_fraction=100.0000%, Lmin=-27.51, Lmax=-6.19
15:03:31 [ultranest] [DEBUG] iteration=1693, ncalls=5799, regioncalls=216080, ndraw=40, logz=-34.46, remainder_fraction=100.0000%, Lmin=-26.83, Lmax=-6.19
15:03:31 [ultranest] [DEBUG] iteration=1701, ncalls=5856, regioncalls=218360, ndraw=40, logz=-34.03, remainder_fraction=100.0000%, Lmin=-26.43, Lmax=-6.19
15:03:31 [ultranest] [DEBUG] iteration=1711, ncalls=5911, regioncalls=220560, ndraw=40, logz=-33.56, remainder_fraction=100.0000%, Lmin=-26.20, Lmax=-6.19
15:03:31 [ultranest] [DEBUG] iteration=1720, ncalls=5956, regioncalls=222360, ndraw=40, logz=-33.20, remainder_fraction=100.0000%, Lmin=-25.81, Lmax=-6.19
15:03:31 [ultranest] [DEBUG] iteration=1729, ncalls=6004, regioncalls=224280, ndraw=40, logz=-32.84, remainder_fraction=100.0000%, Lmin=-25.41, Lmax=-6.19
15:03:32 [ultranest] [DEBUG] iteration=1736, ncalls=6055, regioncalls=226320, ndraw=40, logz=-32.54, remainder_fraction=100.0000%, Lmin=-24.97, Lmax=-6.19
15:03:32 [ultranest] [DEBUG] iteration=1740, ncalls=6114, regioncalls=228680, ndraw=40, logz=-32.36, remainder_fraction=100.0000%, Lmin=-24.87, Lmax=-6.19
15:03:32 [ultranest] [DEBUG] iteration=1751, ncalls=6169, regioncalls=230880, ndraw=40, logz=-31.91, remainder_fraction=100.0000%, Lmin=-24.48, Lmax=-6.19
15:03:32 [ultranest] [DEBUG] iteration=1759, ncalls=6241, regioncalls=233760, ndraw=40, logz=-31.63, remainder_fraction=100.0000%, Lmin=-24.32, Lmax=-6.19
15:03:32 [ultranest] [DEBUG] iteration=1760, ncalls=6253, regioncalls=234240, ndraw=40, logz=-31.59, remainder_fraction=100.0000%, Lmin=-24.31, Lmax=-6.19
15:03:32 [ultranest] [DEBUG] iteration=1771, ncalls=6301, regioncalls=236160, ndraw=40, logz=-31.19, remainder_fraction=100.0000%, Lmin=-23.74, Lmax=-6.19
15:03:32 [ultranest] [DEBUG] iteration=1777, ncalls=6360, regioncalls=238520, ndraw=40, logz=-30.97, remainder_fraction=100.0000%, Lmin=-23.56, Lmax=-6.19
15:03:32 [ultranest] [DEBUG] iteration=1789, ncalls=6412, regioncalls=240600, ndraw=40, logz=-30.56, remainder_fraction=100.0000%, Lmin=-23.07, Lmax=-6.19
15:03:32 [ultranest] [DEBUG] iteration=1800, ncalls=6473, regioncalls=243040, ndraw=40, logz=-30.20, remainder_fraction=100.0000%, Lmin=-22.86, Lmax=-6.19
15:03:32 [ultranest] [DEBUG] iteration=1805, ncalls=6510, regioncalls=244560, ndraw=40, logz=-30.05, remainder_fraction=100.0000%, Lmin=-22.73, Lmax=-6.19
15:03:33 [ultranest] [DEBUG] iteration=1817, ncalls=6556, regioncalls=246440, ndraw=40, logz=-29.70, remainder_fraction=99.9999%, Lmin=-22.23, Lmax=-6.19
15:03:33 [ultranest] [DEBUG] iteration=1827, ncalls=6605, regioncalls=248400, ndraw=40, logz=-29.36, remainder_fraction=99.9999%, Lmin=-21.86, Lmax=-6.19
15:03:33 [ultranest] [DEBUG] iteration=1840, ncalls=6655, regioncalls=250400, ndraw=40, logz=-28.93, remainder_fraction=99.9999%, Lmin=-21.47, Lmax=-6.19
15:03:33 [ultranest] [DEBUG] iteration=1852, ncalls=6705, regioncalls=252400, ndraw=40, logz=-28.56, remainder_fraction=99.9998%, Lmin=-21.13, Lmax=-6.19
15:03:33 [ultranest] [DEBUG] iteration=1870, ncalls=6760, regioncalls=254600, ndraw=40, logz=-28.05, remainder_fraction=99.9997%, Lmin=-20.72, Lmax=-6.19
15:03:33 [ultranest] [DEBUG] iteration=1880, ncalls=6797, regioncalls=256080, ndraw=40, logz=-27.80, remainder_fraction=99.9996%, Lmin=-20.39, Lmax=-6.19
15:03:33 [ultranest] [DEBUG] iteration=1886, ncalls=6829, regioncalls=257440, ndraw=40, logz=-27.63, remainder_fraction=99.9995%, Lmin=-20.16, Lmax=-6.19
15:03:33 [ultranest] [DEBUG] iteration=1894, ncalls=6877, regioncalls=259360, ndraw=40, logz=-27.42, remainder_fraction=99.9994%, Lmin=-19.95, Lmax=-6.19
15:03:33 [ultranest] [DEBUG] iteration=1906, ncalls=6928, regioncalls=261400, ndraw=40, logz=-27.10, remainder_fraction=99.9992%, Lmin=-19.64, Lmax=-6.19
15:03:33 [ultranest] [DEBUG] iteration=1920, ncalls=6968, regioncalls=263000, ndraw=40, logz=-26.77, remainder_fraction=99.9989%, Lmin=-19.43, Lmax=-6.19
15:03:34 [ultranest] [DEBUG] iteration=1934, ncalls=7018, regioncalls=265000, ndraw=40, logz=-26.44, remainder_fraction=99.9986%, Lmin=-19.06, Lmax=-6.19
15:03:34 [ultranest] [DEBUG] iteration=1948, ncalls=7069, regioncalls=267040, ndraw=40, logz=-26.12, remainder_fraction=99.9983%, Lmin=-18.60, Lmax=-5.98
15:03:34 [ultranest] [DEBUG] iteration=1956, ncalls=7131, regioncalls=269520, ndraw=40, logz=-25.93, remainder_fraction=99.9979%, Lmin=-18.45, Lmax=-5.98
15:03:34 [ultranest] [DEBUG] iteration=1960, ncalls=7138, regioncalls=269800, ndraw=40, logz=-25.84, remainder_fraction=99.9977%, Lmin=-18.35, Lmax=-5.98
15:03:34 [ultranest] [DEBUG] iteration=1968, ncalls=7183, regioncalls=271600, ndraw=40, logz=-25.66, remainder_fraction=99.9972%, Lmin=-18.22, Lmax=-5.98
15:03:34 [ultranest] [DEBUG] iteration=1978, ncalls=7229, regioncalls=273440, ndraw=40, logz=-25.44, remainder_fraction=99.9966%, Lmin=-17.99, Lmax=-5.98
15:03:34 [ultranest] [DEBUG] iteration=1986, ncalls=7281, regioncalls=275520, ndraw=40, logz=-25.27, remainder_fraction=99.9961%, Lmin=-17.84, Lmax=-5.98
15:03:34 [ultranest] [DEBUG] iteration=1993, ncalls=7334, regioncalls=277640, ndraw=40, logz=-25.13, remainder_fraction=99.9954%, Lmin=-17.65, Lmax=-5.98
15:03:34 [ultranest] [DEBUG] iteration=2000, ncalls=7352, regioncalls=278360, ndraw=40, logz=-24.98, remainder_fraction=99.9946%, Lmin=-17.48, Lmax=-5.98
15:03:34 [ultranest] [DEBUG] iteration=2009, ncalls=7403, regioncalls=280400, ndraw=40, logz=-24.80, remainder_fraction=99.9933%, Lmin=-17.34, Lmax=-5.98
15:03:34 [ultranest] [DEBUG] iteration=2017, ncalls=7462, regioncalls=282760, ndraw=40, logz=-24.65, remainder_fraction=99.9921%, Lmin=-17.20, Lmax=-5.98
15:03:35 [ultranest] [DEBUG] iteration=2030, ncalls=7530, regioncalls=285480, ndraw=40, logz=-24.42, remainder_fraction=99.9897%, Lmin=-17.07, Lmax=-5.98
15:03:35 [ultranest] [DEBUG] iteration=2040, ncalls=7564, regioncalls=286840, ndraw=40, logz=-24.26, remainder_fraction=99.9877%, Lmin=-16.90, Lmax=-5.98
15:03:35 [ultranest] [DEBUG] iteration=2050, ncalls=7621, regioncalls=289120, ndraw=40, logz=-24.10, remainder_fraction=99.9854%, Lmin=-16.77, Lmax=-5.98
15:03:35 [ultranest] [DEBUG] iteration=2055, ncalls=7680, regioncalls=291480, ndraw=40, logz=-24.02, remainder_fraction=99.9840%, Lmin=-16.69, Lmax=-5.98
15:03:35 [ultranest] [DEBUG] iteration=2060, ncalls=7737, regioncalls=293760, ndraw=40, logz=-23.95, remainder_fraction=99.9825%, Lmin=-16.58, Lmax=-5.98
15:03:35 [ultranest] [DEBUG] iteration=2075, ncalls=7788, regioncalls=295800, ndraw=40, logz=-23.71, remainder_fraction=99.9777%, Lmin=-16.28, Lmax=-5.98
15:03:35 [ultranest] [DEBUG] iteration=2080, ncalls=7810, regioncalls=296680, ndraw=40, logz=-23.62, remainder_fraction=99.9763%, Lmin=-16.13, Lmax=-5.98
15:03:35 [ultranest] [DEBUG] iteration=2086, ncalls=7867, regioncalls=298960, ndraw=40, logz=-23.53, remainder_fraction=99.9735%, Lmin=-16.04, Lmax=-5.98
15:03:35 [ultranest] [DEBUG] iteration=2098, ncalls=7918, regioncalls=301000, ndraw=40, logz=-23.33, remainder_fraction=99.9673%, Lmin=-15.82, Lmax=-5.98
15:03:35 [ultranest] [DEBUG] iteration=2108, ncalls=7971, regioncalls=303120, ndraw=40, logz=-23.17, remainder_fraction=99.9609%, Lmin=-15.65, Lmax=-5.98
15:03:36 [ultranest] [DEBUG] iteration=2117, ncalls=8029, regioncalls=305440, ndraw=40, logz=-23.03, remainder_fraction=99.9549%, Lmin=-15.48, Lmax=-5.98
15:03:36 [ultranest] [DEBUG] iteration=2120, ncalls=8038, regioncalls=305800, ndraw=40, logz=-22.98, remainder_fraction=99.9524%, Lmin=-15.45, Lmax=-5.98
15:03:36 [ultranest] [DEBUG] iteration=2131, ncalls=8096, regioncalls=308120, ndraw=40, logz=-22.82, remainder_fraction=99.9426%, Lmin=-15.32, Lmax=-5.98
15:03:36 [ultranest] [DEBUG] iteration=2138, ncalls=8168, regioncalls=311000, ndraw=40, logz=-22.72, remainder_fraction=99.9362%, Lmin=-15.22, Lmax=-5.98
15:03:36 [ultranest] [DEBUG] iteration=2144, ncalls=8225, regioncalls=313280, ndraw=40, logz=-22.64, remainder_fraction=99.9295%, Lmin=-15.14, Lmax=-5.98
15:03:36 [ultranest] [DEBUG] iteration=2151, ncalls=8280, regioncalls=315480, ndraw=40, logz=-22.54, remainder_fraction=99.9208%, Lmin=-15.04, Lmax=-5.98
15:03:36 [ultranest] [DEBUG] iteration=2156, ncalls=8333, regioncalls=317600, ndraw=40, logz=-22.47, remainder_fraction=99.9155%, Lmin=-14.95, Lmax=-5.98
15:03:36 [ultranest] [DEBUG] iteration=2160, ncalls=8345, regioncalls=318080, ndraw=40, logz=-22.41, remainder_fraction=99.9118%, Lmin=-14.91, Lmax=-5.98
15:03:36 [ultranest] [DEBUG] iteration=2171, ncalls=8398, regioncalls=320200, ndraw=40, logz=-22.27, remainder_fraction=99.8967%, Lmin=-14.73, Lmax=-5.98
15:03:36 [ultranest] [DEBUG] iteration=2181, ncalls=8457, regioncalls=322560, ndraw=40, logz=-22.14, remainder_fraction=99.8842%, Lmin=-14.64, Lmax=-5.98
15:03:37 [ultranest] [DEBUG] iteration=2188, ncalls=8527, regioncalls=325360, ndraw=40, logz=-22.05, remainder_fraction=99.8715%, Lmin=-14.56, Lmax=-5.98
15:03:37 [ultranest] [DEBUG] iteration=2195, ncalls=8604, regioncalls=328440, ndraw=40, logz=-21.96, remainder_fraction=99.8607%, Lmin=-14.43, Lmax=-5.98
15:03:37 [ultranest] [DEBUG] iteration=2200, ncalls=8626, regioncalls=329320, ndraw=40, logz=-21.90, remainder_fraction=99.8502%, Lmin=-14.38, Lmax=-5.98
15:03:37 [ultranest] [DEBUG] iteration=2206, ncalls=8689, regioncalls=331840, ndraw=40, logz=-21.83, remainder_fraction=99.8410%, Lmin=-14.32, Lmax=-5.98
15:03:37 [ultranest] [DEBUG] iteration=2211, ncalls=8736, regioncalls=333720, ndraw=40, logz=-21.77, remainder_fraction=99.8305%, Lmin=-14.27, Lmax=-5.98
15:03:37 [ultranest] [DEBUG] iteration=2219, ncalls=8783, regioncalls=335600, ndraw=40, logz=-21.68, remainder_fraction=99.8155%, Lmin=-14.23, Lmax=-5.98
15:03:37 [ultranest] [DEBUG] iteration=2227, ncalls=8832, regioncalls=337560, ndraw=40, logz=-21.59, remainder_fraction=99.8178%, Lmin=-14.14, Lmax=-5.98
15:03:37 [ultranest] [DEBUG] iteration=2233, ncalls=8885, regioncalls=339680, ndraw=40, logz=-21.53, remainder_fraction=99.8067%, Lmin=-14.07, Lmax=-5.98
15:03:37 [ultranest] [DEBUG] iteration=2240, ncalls=8961, regioncalls=342720, ndraw=40, logz=-21.46, remainder_fraction=99.7931%, Lmin=-14.01, Lmax=-5.98
15:03:38 [ultranest] [DEBUG] iteration=2248, ncalls=9014, regioncalls=344840, ndraw=40, logz=-21.38, remainder_fraction=99.7723%, Lmin=-13.93, Lmax=-5.98
15:03:38 [ultranest] [DEBUG] iteration=2260, ncalls=9082, regioncalls=347560, ndraw=40, logz=-21.26, remainder_fraction=99.7539%, Lmin=-13.82, Lmax=-5.88
15:03:38 [ultranest] [DEBUG] iteration=2271, ncalls=9142, regioncalls=349960, ndraw=40, logz=-21.15, remainder_fraction=99.7246%, Lmin=-13.70, Lmax=-5.88
15:03:38 [ultranest] [DEBUG] iteration=2276, ncalls=9194, regioncalls=352040, ndraw=40, logz=-21.11, remainder_fraction=99.7078%, Lmin=-13.68, Lmax=-5.88
15:03:38 [ultranest] [DEBUG] iteration=2280, ncalls=9237, regioncalls=353760, ndraw=40, logz=-21.07, remainder_fraction=99.6963%, Lmin=-13.62, Lmax=-5.88
15:03:38 [ultranest] [DEBUG] iteration=2287, ncalls=9289, regioncalls=355840, ndraw=40, logz=-21.01, remainder_fraction=99.6835%, Lmin=-13.58, Lmax=-5.88
15:03:38 [ultranest] [DEBUG] iteration=2291, ncalls=9326, regioncalls=357360, ndraw=40, logz=-20.97, remainder_fraction=99.6708%, Lmin=-13.55, Lmax=-5.88
15:03:38 [ultranest] [DEBUG] iteration=2302, ncalls=9371, regioncalls=359200, ndraw=40, logz=-20.88, remainder_fraction=99.6427%, Lmin=-13.46, Lmax=-5.88
15:03:38 [ultranest] [DEBUG] iteration=2317, ncalls=9429, regioncalls=361520, ndraw=40, logz=-20.76, remainder_fraction=99.5828%, Lmin=-13.32, Lmax=-5.88
15:03:38 [ultranest] [DEBUG] iteration=2320, ncalls=9440, regioncalls=361960, ndraw=40, logz=-20.73, remainder_fraction=99.5690%, Lmin=-13.27, Lmax=-5.88
15:03:39 [ultranest] [DEBUG] iteration=2330, ncalls=9492, regioncalls=364040, ndraw=40, logz=-20.65, remainder_fraction=99.5285%, Lmin=-13.20, Lmax=-5.88
15:03:39 [ultranest] [DEBUG] iteration=2341, ncalls=9540, regioncalls=365960, ndraw=40, logz=-20.57, remainder_fraction=99.4861%, Lmin=-13.14, Lmax=-5.88
15:03:39 [ultranest] [DEBUG] iteration=2351, ncalls=9600, regioncalls=368360, ndraw=40, logz=-20.49, remainder_fraction=99.4504%, Lmin=-13.01, Lmax=-5.88
15:03:39 [ultranest] [DEBUG] iteration=2360, ncalls=9625, regioncalls=369360, ndraw=40, logz=-20.42, remainder_fraction=99.4377%, Lmin=-12.92, Lmax=-5.88
15:03:39 [ultranest] [DEBUG] iteration=2368, ncalls=9683, regioncalls=371680, ndraw=40, logz=-20.36, remainder_fraction=99.3990%, Lmin=-12.86, Lmax=-5.88
15:03:39 [ultranest] [DEBUG] iteration=2380, ncalls=9726, regioncalls=373400, ndraw=40, logz=-20.27, remainder_fraction=99.3325%, Lmin=-12.79, Lmax=-5.88
15:03:39 [ultranest] [DEBUG] iteration=2385, ncalls=9776, regioncalls=375400, ndraw=40, logz=-20.24, remainder_fraction=99.3475%, Lmin=-12.75, Lmax=-5.87
15:03:39 [ultranest] [DEBUG] iteration=2395, ncalls=9827, regioncalls=377440, ndraw=40, logz=-20.17, remainder_fraction=99.2929%, Lmin=-12.67, Lmax=-5.87
15:03:39 [ultranest] [DEBUG] iteration=2400, ncalls=9844, regioncalls=378120, ndraw=40, logz=-20.13, remainder_fraction=99.2789%, Lmin=-12.64, Lmax=-5.87
15:03:39 [ultranest] [DEBUG] iteration=2411, ncalls=9895, regioncalls=380160, ndraw=40, logz=-20.06, remainder_fraction=99.2223%, Lmin=-12.60, Lmax=-5.87
15:03:39 [ultranest] [DEBUG] iteration=2422, ncalls=9945, regioncalls=382160, ndraw=40, logz=-19.99, remainder_fraction=99.1701%, Lmin=-12.54, Lmax=-5.87
15:03:40 [ultranest] [DEBUG] iteration=2434, ncalls=9993, regioncalls=384080, ndraw=40, logz=-19.92, remainder_fraction=99.1231%, Lmin=-12.48, Lmax=-5.87
15:03:40 [ultranest] [DEBUG] iteration=2440, ncalls=10019, regioncalls=385120, ndraw=40, logz=-19.89, remainder_fraction=99.0804%, Lmin=-12.42, Lmax=-5.87
15:03:40 [ultranest] [DEBUG] iteration=2449, ncalls=10077, regioncalls=387440, ndraw=40, logz=-19.83, remainder_fraction=99.0210%, Lmin=-12.35, Lmax=-5.87
15:03:40 [ultranest] [DEBUG] iteration=2453, ncalls=10108, regioncalls=388720, ndraw=40, logz=-19.81, remainder_fraction=99.0179%, Lmin=-12.33, Lmax=-5.87
15:03:40 [ultranest] [DEBUG] iteration=2472, ncalls=10146, regioncalls=390240, ndraw=40, logz=-19.70, remainder_fraction=98.9404%, Lmin=-12.19, Lmax=-5.83
15:03:40 [ultranest] [DEBUG] iteration=2480, ncalls=10173, regioncalls=391320, ndraw=40, logz=-19.65, remainder_fraction=98.8861%, Lmin=-12.13, Lmax=-5.83
15:03:40 [ultranest] [DEBUG] iteration=2493, ncalls=10222, regioncalls=393280, ndraw=40, logz=-19.58, remainder_fraction=98.7858%, Lmin=-12.05, Lmax=-5.83
15:03:40 [ultranest] [DEBUG] iteration=2508, ncalls=10275, regioncalls=395400, ndraw=40, logz=-19.50, remainder_fraction=98.6958%, Lmin=-11.94, Lmax=-5.83
15:03:40 [ultranest] [DEBUG] iteration=2520, ncalls=10310, regioncalls=396800, ndraw=40, logz=-19.43, remainder_fraction=98.6130%, Lmin=-11.83, Lmax=-5.83
15:03:40 [ultranest] [DEBUG] iteration=2532, ncalls=10362, regioncalls=398880, ndraw=40, logz=-19.37, remainder_fraction=98.5200%, Lmin=-11.74, Lmax=-5.83
15:03:40 [ultranest] [DEBUG] iteration=2534, ncalls=10365, regioncalls=399080, ndraw=40, logz=-19.36, remainder_fraction=98.4964%, Lmin=-11.73, Lmax=-5.83
15:03:40 [ultranest] [DEBUG] iteration=2549, ncalls=10408, regioncalls=400800, ndraw=40, logz=-19.28, remainder_fraction=98.3394%, Lmin=-11.61, Lmax=-5.83
15:03:41 [ultranest] [DEBUG] iteration=2560, ncalls=10442, regioncalls=402160, ndraw=40, logz=-19.22, remainder_fraction=98.2226%, Lmin=-11.50, Lmax=-5.83
15:03:41 [ultranest] [DEBUG] iteration=2577, ncalls=10492, regioncalls=404160, ndraw=40, logz=-19.12, remainder_fraction=98.0182%, Lmin=-11.30, Lmax=-5.83
15:03:41 [ultranest] [DEBUG] iteration=2588, ncalls=10542, regioncalls=406160, ndraw=40, logz=-19.06, remainder_fraction=97.8958%, Lmin=-11.24, Lmax=-5.83
15:03:41 [ultranest] [DEBUG] iteration=2600, ncalls=10577, regioncalls=407560, ndraw=40, logz=-18.99, remainder_fraction=97.7519%, Lmin=-11.13, Lmax=-5.83
15:03:41 [ultranest] [DEBUG] iteration=2615, ncalls=10605, regioncalls=408720, ndraw=40, logz=-18.90, remainder_fraction=97.5097%, Lmin=-10.96, Lmax=-5.83
15:03:41 [ultranest] [DEBUG] iteration=2626, ncalls=10649, regioncalls=410480, ndraw=40, logz=-18.84, remainder_fraction=97.3251%, Lmin=-10.84, Lmax=-5.83
15:03:41 [ultranest] [DEBUG] iteration=2640, ncalls=10690, regioncalls=412120, ndraw=40, logz=-18.75, remainder_fraction=97.1078%, Lmin=-10.74, Lmax=-5.83
15:03:41 [ultranest] [DEBUG] iteration=2653, ncalls=10740, regioncalls=414120, ndraw=40, logz=-18.68, remainder_fraction=96.9472%, Lmin=-10.65, Lmax=-5.83
15:03:41 [ultranest] [DEBUG] iteration=2665, ncalls=10790, regioncalls=416120, ndraw=40, logz=-18.61, remainder_fraction=96.7224%, Lmin=-10.58, Lmax=-5.83
15:03:41 [ultranest] [DEBUG] iteration=2680, ncalls=10835, regioncalls=417920, ndraw=40, logz=-18.53, remainder_fraction=96.4038%, Lmin=-10.48, Lmax=-5.83
15:03:42 [ultranest] [DEBUG] iteration=2696, ncalls=10877, regioncalls=419600, ndraw=40, logz=-18.44, remainder_fraction=96.0094%, Lmin=-10.39, Lmax=-5.83
15:03:42 [ultranest] [DEBUG] iteration=2709, ncalls=10923, regioncalls=421440, ndraw=40, logz=-18.37, remainder_fraction=95.8443%, Lmin=-10.28, Lmax=-5.83
15:03:42 [ultranest] [DEBUG] iteration=2720, ncalls=10960, regioncalls=422920, ndraw=40, logz=-18.32, remainder_fraction=95.6615%, Lmin=-10.23, Lmax=-5.83
15:03:42 [ultranest] [DEBUG] iteration=2739, ncalls=11006, regioncalls=424760, ndraw=40, logz=-18.22, remainder_fraction=95.1266%, Lmin=-10.09, Lmax=-5.83
15:03:42 [ultranest] [DEBUG] iteration=2753, ncalls=11050, regioncalls=426520, ndraw=40, logz=-18.15, remainder_fraction=94.6887%, Lmin=-9.94, Lmax=-5.83
15:03:42 [ultranest] [DEBUG] iteration=2760, ncalls=11073, regioncalls=427440, ndraw=40, logz=-18.11, remainder_fraction=94.5339%, Lmin=-9.90, Lmax=-5.83
15:03:42 [ultranest] [DEBUG] iteration=2773, ncalls=11119, regioncalls=429280, ndraw=40, logz=-18.04, remainder_fraction=94.0790%, Lmin=-9.78, Lmax=-5.83
15:03:42 [ultranest] [DEBUG] iteration=2777, ncalls=11125, regioncalls=429560, ndraw=40, logz=-18.02, remainder_fraction=94.0120%, Lmin=-9.76, Lmax=-5.83
15:03:42 [ultranest] [DEBUG] iteration=2794, ncalls=11164, regioncalls=431200, ndraw=40, logz=-17.94, remainder_fraction=93.4805%, Lmin=-9.67, Lmax=-5.83
15:03:42 [ultranest] [DEBUG] iteration=2800, ncalls=11178, regioncalls=431760, ndraw=40, logz=-17.91, remainder_fraction=93.2852%, Lmin=-9.61, Lmax=-5.83
15:03:42 [ultranest] [DEBUG] iteration=2817, ncalls=11221, regioncalls=433560, ndraw=40, logz=-17.82, remainder_fraction=92.6078%, Lmin=-9.46, Lmax=-5.83
15:03:42 [ultranest] [DEBUG] iteration=2836, ncalls=11263, regioncalls=435240, ndraw=40, logz=-17.72, remainder_fraction=91.7637%, Lmin=-9.34, Lmax=-5.83
15:03:42 [ultranest] [DEBUG] iteration=2840, ncalls=11276, regioncalls=435760, ndraw=40, logz=-17.70, remainder_fraction=91.6077%, Lmin=-9.32, Lmax=-5.83
15:03:43 [ultranest] [DEBUG] iteration=2860, ncalls=11314, regioncalls=437280, ndraw=40, logz=-17.61, remainder_fraction=90.8465%, Lmin=-9.20, Lmax=-5.72
15:03:43 [ultranest] [DEBUG] iteration=2876, ncalls=11355, regioncalls=438920, ndraw=40, logz=-17.53, remainder_fraction=90.1803%, Lmin=-9.07, Lmax=-5.72
15:03:43 [ultranest] [DEBUG] iteration=2880, ncalls=11366, regioncalls=439360, ndraw=40, logz=-17.51, remainder_fraction=90.0145%, Lmin=-9.05, Lmax=-5.72
15:03:43 [ultranest] [DEBUG] iteration=2893, ncalls=11413, regioncalls=441240, ndraw=40, logz=-17.45, remainder_fraction=89.4704%, Lmin=-8.97, Lmax=-5.72
15:03:43 [ultranest] [DEBUG] iteration=2909, ncalls=11462, regioncalls=443200, ndraw=40, logz=-17.38, remainder_fraction=88.8301%, Lmin=-8.87, Lmax=-5.72
15:03:43 [ultranest] [DEBUG] iteration=2920, ncalls=11482, regioncalls=444000, ndraw=40, logz=-17.33, remainder_fraction=88.2531%, Lmin=-8.81, Lmax=-5.72
15:03:43 [ultranest] [DEBUG] iteration=2936, ncalls=11526, regioncalls=445760, ndraw=40, logz=-17.26, remainder_fraction=87.3860%, Lmin=-8.74, Lmax=-5.72
15:03:43 [ultranest] [DEBUG] iteration=2939, ncalls=11529, regioncalls=445920, ndraw=40, logz=-17.24, remainder_fraction=87.2630%, Lmin=-8.73, Lmax=-5.72
15:03:43 [ultranest] [DEBUG] iteration=2959, ncalls=11566, regioncalls=447400, ndraw=40, logz=-17.16, remainder_fraction=86.3097%, Lmin=-8.59, Lmax=-5.72
15:03:43 [ultranest] [DEBUG] iteration=2960, ncalls=11568, regioncalls=447480, ndraw=40, logz=-17.15, remainder_fraction=86.2369%, Lmin=-8.58, Lmax=-5.72
15:03:43 [ultranest] [DEBUG] iteration=2979, ncalls=11608, regioncalls=449200, ndraw=40, logz=-17.08, remainder_fraction=85.4146%, Lmin=-8.50, Lmax=-5.71
15:03:43 [ultranest] [DEBUG] iteration=2997, ncalls=11647, regioncalls=450800, ndraw=40, logz=-17.01, remainder_fraction=84.3430%, Lmin=-8.40, Lmax=-5.71
15:03:43 [ultranest] [DEBUG] iteration=3000, ncalls=11651, regioncalls=450960, ndraw=40, logz=-16.99, remainder_fraction=84.1536%, Lmin=-8.38, Lmax=-5.71
15:03:44 [ultranest] [DEBUG] iteration=3019, ncalls=11693, regioncalls=452640, ndraw=40, logz=-16.92, remainder_fraction=83.1336%, Lmin=-8.31, Lmax=-5.71
15:03:44 [ultranest] [DEBUG] iteration=3036, ncalls=11728, regioncalls=454040, ndraw=40, logz=-16.86, remainder_fraction=82.0073%, Lmin=-8.23, Lmax=-5.71
15:03:44 [ultranest] [DEBUG] iteration=3040, ncalls=11732, regioncalls=454200, ndraw=40, logz=-16.84, remainder_fraction=81.7916%, Lmin=-8.22, Lmax=-5.71
15:03:44 [ultranest] [DEBUG] iteration=3057, ncalls=11778, regioncalls=456040, ndraw=40, logz=-16.78, remainder_fraction=80.6526%, Lmin=-8.14, Lmax=-5.71
15:03:44 [ultranest] [DEBUG] iteration=3076, ncalls=11822, regioncalls=457800, ndraw=40, logz=-16.72, remainder_fraction=79.6023%, Lmin=-8.02, Lmax=-5.71
15:03:44 [ultranest] [DEBUG] iteration=3080, ncalls=11829, regioncalls=458080, ndraw=40, logz=-16.70, remainder_fraction=79.3333%, Lmin=-8.01, Lmax=-5.71
15:03:44 [ultranest] [DEBUG] iteration=3094, ncalls=11878, regioncalls=460040, ndraw=40, logz=-16.66, remainder_fraction=78.2858%, Lmin=-7.98, Lmax=-5.71
15:03:44 [ultranest] [DEBUG] iteration=3101, ncalls=11895, regioncalls=460760, ndraw=40, logz=-16.63, remainder_fraction=77.7854%, Lmin=-7.95, Lmax=-5.71
15:03:44 [ultranest] [DEBUG] iteration=3120, ncalls=11938, regioncalls=462480, ndraw=40, logz=-16.57, remainder_fraction=76.4127%, Lmin=-7.85, Lmax=-5.71
15:03:44 [ultranest] [DEBUG] iteration=3137, ncalls=11981, regioncalls=464200, ndraw=40, logz=-16.52, remainder_fraction=75.0802%, Lmin=-7.78, Lmax=-5.71
15:03:44 [ultranest] [DEBUG] iteration=3159, ncalls=12025, regioncalls=465960, ndraw=40, logz=-16.46, remainder_fraction=73.2244%, Lmin=-7.70, Lmax=-5.71
15:03:44 [ultranest] [DEBUG] iteration=3160, ncalls=12028, regioncalls=466080, ndraw=40, logz=-16.45, remainder_fraction=73.2048%, Lmin=-7.70, Lmax=-5.71
15:03:44 [ultranest] [DEBUG] iteration=3178, ncalls=12074, regioncalls=467920, ndraw=40, logz=-16.40, remainder_fraction=71.8093%, Lmin=-7.61, Lmax=-5.71
15:03:44 [ultranest] [DEBUG] iteration=3182, ncalls=12092, regioncalls=468680, ndraw=40, logz=-16.39, remainder_fraction=71.5056%, Lmin=-7.59, Lmax=-5.71
15:03:45 [ultranest] [DEBUG] iteration=3200, ncalls=12124, regioncalls=469960, ndraw=40, logz=-16.34, remainder_fraction=69.8562%, Lmin=-7.52, Lmax=-5.71
15:03:45 [ultranest] [DEBUG] iteration=3217, ncalls=12166, regioncalls=471640, ndraw=40, logz=-16.29, remainder_fraction=68.3198%, Lmin=-7.46, Lmax=-5.71
15:03:45 [ultranest] [DEBUG] iteration=3240, ncalls=12205, regioncalls=473200, ndraw=40, logz=-16.23, remainder_fraction=66.2015%, Lmin=-7.38, Lmax=-5.71
15:03:45 [ultranest] [DEBUG] iteration=3260, ncalls=12250, regioncalls=475000, ndraw=40, logz=-16.18, remainder_fraction=64.2941%, Lmin=-7.33, Lmax=-5.71
15:03:45 [ultranest] [DEBUG] iteration=3263, ncalls=12261, regioncalls=475520, ndraw=40, logz=-16.17, remainder_fraction=64.0374%, Lmin=-7.32, Lmax=-5.71
15:03:45 [ultranest] [DEBUG] iteration=3280, ncalls=12293, regioncalls=476800, ndraw=40, logz=-16.13, remainder_fraction=62.6117%, Lmin=-7.27, Lmax=-5.71
15:03:45 [ultranest] [DEBUG] iteration=3300, ncalls=12333, regioncalls=478400, ndraw=40, logz=-16.09, remainder_fraction=61.0653%, Lmin=-7.21, Lmax=-5.71
15:03:45 [ultranest] [DEBUG] iteration=3320, ncalls=12374, regioncalls=480040, ndraw=40, logz=-16.05, remainder_fraction=59.4834%, Lmin=-7.17, Lmax=-5.71
15:03:45 [ultranest] [DEBUG] iteration=3340, ncalls=12415, regioncalls=481680, ndraw=40, logz=-16.00, remainder_fraction=57.9225%, Lmin=-7.11, Lmax=-5.71
15:03:45 [ultranest] [DEBUG] iteration=3359, ncalls=12450, regioncalls=483080, ndraw=40, logz=-15.97, remainder_fraction=56.3136%, Lmin=-7.07, Lmax=-5.71
15:03:45 [ultranest] [DEBUG] iteration=3360, ncalls=12452, regioncalls=483160, ndraw=40, logz=-15.96, remainder_fraction=56.2076%, Lmin=-7.07, Lmax=-5.71
15:03:46 [ultranest] [DEBUG] iteration=3380, ncalls=12493, regioncalls=484800, ndraw=40, logz=-15.93, remainder_fraction=54.7199%, Lmin=-7.00, Lmax=-5.71
15:03:46 [ultranest] [DEBUG] iteration=3399, ncalls=12535, regioncalls=486480, ndraw=40, logz=-15.89, remainder_fraction=53.2321%, Lmin=-6.95, Lmax=-5.71
15:03:46 [ultranest] [DEBUG] iteration=3400, ncalls=12539, regioncalls=486640, ndraw=40, logz=-15.89, remainder_fraction=53.1767%, Lmin=-6.95, Lmax=-5.71
15:03:46 [ultranest] [DEBUG] iteration=3421, ncalls=12584, regioncalls=488440, ndraw=40, logz=-15.85, remainder_fraction=51.2684%, Lmin=-6.89, Lmax=-5.71
15:03:46 [ultranest] [DEBUG] iteration=3425, ncalls=12591, regioncalls=488760, ndraw=40, logz=-15.85, remainder_fraction=50.9493%, Lmin=-6.88, Lmax=-5.71
15:03:46 [ultranest] [DEBUG] iteration=3440, ncalls=12609, regioncalls=489480, ndraw=40, logz=-15.82, remainder_fraction=49.8273%, Lmin=-6.86, Lmax=-5.71
15:03:46 [ultranest] [DEBUG] iteration=3460, ncalls=12646, regioncalls=490960, ndraw=40, logz=-15.79, remainder_fraction=48.2748%, Lmin=-6.82, Lmax=-5.71
15:03:46 [ultranest] [DEBUG] iteration=3479, ncalls=12685, regioncalls=492520, ndraw=40, logz=-15.76, remainder_fraction=46.7543%, Lmin=-6.78, Lmax=-5.71
15:03:46 [ultranest] [DEBUG] iteration=3480, ncalls=12689, regioncalls=492680, ndraw=40, logz=-15.76, remainder_fraction=46.6601%, Lmin=-6.78, Lmax=-5.71
15:03:46 [ultranest] [DEBUG] iteration=3502, ncalls=12728, regioncalls=494240, ndraw=40, logz=-15.73, remainder_fraction=44.8995%, Lmin=-6.74, Lmax=-5.71
15:03:46 [ultranest] [DEBUG] iteration=3520, ncalls=12761, regioncalls=495560, ndraw=40, logz=-15.70, remainder_fraction=43.4682%, Lmin=-6.70, Lmax=-5.69
15:03:46 [ultranest] [DEBUG] iteration=3538, ncalls=12799, regioncalls=497080, ndraw=40, logz=-15.68, remainder_fraction=42.0089%, Lmin=-6.66, Lmax=-5.69
15:03:46 [ultranest] [DEBUG] iteration=3556, ncalls=12840, regioncalls=498720, ndraw=40, logz=-15.65, remainder_fraction=40.6501%, Lmin=-6.63, Lmax=-5.69
15:03:46 [ultranest] [DEBUG] iteration=3560, ncalls=12847, regioncalls=499040, ndraw=40, logz=-15.65, remainder_fraction=40.3108%, Lmin=-6.62, Lmax=-5.69
15:03:47 [ultranest] [DEBUG] iteration=3578, ncalls=12889, regioncalls=500720, ndraw=40, logz=-15.63, remainder_fraction=38.9963%, Lmin=-6.59, Lmax=-5.69
15:03:47 [ultranest] [DEBUG] iteration=3596, ncalls=12925, regioncalls=502160, ndraw=40, logz=-15.61, remainder_fraction=37.7709%, Lmin=-6.57, Lmax=-5.69
15:03:47 [ultranest] [DEBUG] iteration=3600, ncalls=12930, regioncalls=502360, ndraw=40, logz=-15.60, remainder_fraction=37.4353%, Lmin=-6.56, Lmax=-5.69
15:03:47 [ultranest] [DEBUG] iteration=3617, ncalls=12973, regioncalls=504080, ndraw=40, logz=-15.58, remainder_fraction=36.1782%, Lmin=-6.53, Lmax=-5.69
15:03:47 [ultranest] [DEBUG] iteration=3634, ncalls=13016, regioncalls=505800, ndraw=40, logz=-15.56, remainder_fraction=35.0478%, Lmin=-6.49, Lmax=-5.69
15:03:47 [ultranest] [DEBUG] iteration=3640, ncalls=13026, regioncalls=506200, ndraw=40, logz=-15.56, remainder_fraction=34.6555%, Lmin=-6.49, Lmax=-5.69
15:03:47 [ultranest] [DEBUG] iteration=3658, ncalls=13070, regioncalls=507960, ndraw=40, logz=-15.54, remainder_fraction=33.4335%, Lmin=-6.46, Lmax=-5.69
15:03:47 [ultranest] [DEBUG] iteration=3668, ncalls=13094, regioncalls=508960, ndraw=40, logz=-15.53, remainder_fraction=32.7693%, Lmin=-6.45, Lmax=-5.69
15:03:47 [ultranest] [DEBUG] iteration=3680, ncalls=13115, regioncalls=509800, ndraw=40, logz=-15.52, remainder_fraction=31.9691%, Lmin=-6.44, Lmax=-5.69
15:03:47 [ultranest] [DEBUG] iteration=3703, ncalls=13151, regioncalls=511240, ndraw=40, logz=-15.50, remainder_fraction=30.4302%, Lmin=-6.41, Lmax=-5.69
15:03:47 [ultranest] [DEBUG] iteration=3720, ncalls=13178, regioncalls=512320, ndraw=40, logz=-15.48, remainder_fraction=29.3934%, Lmin=-6.39, Lmax=-5.69
15:03:47 [ultranest] [DEBUG] iteration=3741, ncalls=13222, regioncalls=514080, ndraw=40, logz=-15.46, remainder_fraction=28.1921%, Lmin=-6.35, Lmax=-5.69
15:03:48 [ultranest] [DEBUG] iteration=3760, ncalls=13258, regioncalls=515520, ndraw=40, logz=-15.45, remainder_fraction=27.0200%, Lmin=-6.33, Lmax=-5.69
15:03:48 [ultranest] [DEBUG] iteration=3781, ncalls=13295, regioncalls=517000, ndraw=40, logz=-15.43, remainder_fraction=25.7642%, Lmin=-6.30, Lmax=-5.69
15:03:48 [ultranest] [DEBUG] iteration=3800, ncalls=13334, regioncalls=518560, ndraw=40, logz=-15.42, remainder_fraction=24.8036%, Lmin=-6.29, Lmax=-5.68
15:03:48 [ultranest] [DEBUG] iteration=3821, ncalls=13374, regioncalls=520160, ndraw=40, logz=-15.40, remainder_fraction=23.6897%, Lmin=-6.27, Lmax=-5.68
15:03:48 [ultranest] [DEBUG] iteration=3830, ncalls=13396, regioncalls=521080, ndraw=40, logz=-15.40, remainder_fraction=23.2434%, Lmin=-6.26, Lmax=-5.68
15:03:48 [ultranest] [DEBUG] iteration=3840, ncalls=13410, regioncalls=521640, ndraw=40, logz=-15.39, remainder_fraction=22.7413%, Lmin=-6.24, Lmax=-5.68
15:03:48 [ultranest] [DEBUG] iteration=3860, ncalls=13450, regioncalls=523240, ndraw=40, logz=-15.38, remainder_fraction=21.7480%, Lmin=-6.22, Lmax=-5.68
15:03:48 [ultranest] [DEBUG] iteration=3879, ncalls=13482, regioncalls=524520, ndraw=40, logz=-15.37, remainder_fraction=20.8177%, Lmin=-6.20, Lmax=-5.68
15:03:48 [ultranest] [DEBUG] iteration=3880, ncalls=13485, regioncalls=524640, ndraw=40, logz=-15.37, remainder_fraction=20.7630%, Lmin=-6.20, Lmax=-5.68
15:03:48 [ultranest] [DEBUG] iteration=3901, ncalls=13527, regioncalls=526320, ndraw=40, logz=-15.35, remainder_fraction=19.7973%, Lmin=-6.18, Lmax=-5.68
15:03:48 [ultranest] [DEBUG] iteration=3911, ncalls=13541, regioncalls=526920, ndraw=40, logz=-15.35, remainder_fraction=19.3680%, Lmin=-6.17, Lmax=-5.68
15:03:48 [ultranest] [DEBUG] iteration=3920, ncalls=13565, regioncalls=527880, ndraw=40, logz=-15.34, remainder_fraction=18.9793%, Lmin=-6.16, Lmax=-5.68
15:03:48 [ultranest] [DEBUG] iteration=3940, ncalls=13604, regioncalls=529440, ndraw=40, logz=-15.33, remainder_fraction=18.0926%, Lmin=-6.15, Lmax=-5.68
15:03:49 [ultranest] [DEBUG] iteration=3960, ncalls=13646, regioncalls=531120, ndraw=40, logz=-15.32, remainder_fraction=17.3112%, Lmin=-6.13, Lmax=-5.68
15:03:49 [ultranest] [DEBUG] iteration=3979, ncalls=13689, regioncalls=532840, ndraw=40, logz=-15.31, remainder_fraction=16.5764%, Lmin=-6.12, Lmax=-5.68
15:03:49 [ultranest] [DEBUG] iteration=3992, ncalls=13725, regioncalls=534320, ndraw=40, logz=-15.31, remainder_fraction=16.1019%, Lmin=-6.11, Lmax=-5.68
15:03:49 [ultranest] [DEBUG] iteration=4000, ncalls=13735, regioncalls=534720, ndraw=40, logz=-15.30, remainder_fraction=15.7840%, Lmin=-6.10, Lmax=-5.68
15:03:49 [ultranest] [DEBUG] iteration=4022, ncalls=13773, regioncalls=536240, ndraw=40, logz=-15.30, remainder_fraction=15.0056%, Lmin=-6.08, Lmax=-5.68
15:03:49 [ultranest] [DEBUG] iteration=4040, ncalls=13807, regioncalls=537600, ndraw=40, logz=-15.29, remainder_fraction=14.3730%, Lmin=-6.07, Lmax=-5.68
15:03:49 [ultranest] [DEBUG] iteration=4065, ncalls=13845, regioncalls=539120, ndraw=40, logz=-15.28, remainder_fraction=13.5630%, Lmin=-6.06, Lmax=-5.68
15:03:49 [ultranest] [DEBUG] iteration=4080, ncalls=13878, regioncalls=540440, ndraw=40, logz=-15.27, remainder_fraction=13.0701%, Lmin=-6.04, Lmax=-5.68
15:03:49 [ultranest] [DEBUG] iteration=4100, ncalls=13916, regioncalls=541960, ndraw=40, logz=-15.27, remainder_fraction=12.4652%, Lmin=-6.03, Lmax=-5.68
15:03:49 [ultranest] [DEBUG] iteration=4120, ncalls=13952, regioncalls=543400, ndraw=40, logz=-15.26, remainder_fraction=11.8906%, Lmin=-6.02, Lmax=-5.68
15:03:49 [ultranest] [DEBUG] iteration=4144, ncalls=13994, regioncalls=545080, ndraw=40, logz=-15.25, remainder_fraction=11.2057%, Lmin=-6.01, Lmax=-5.68
15:03:50 [ultranest] [DEBUG] iteration=4154, ncalls=14010, regioncalls=545760, ndraw=40, logz=-15.25, remainder_fraction=10.9415%, Lmin=-6.01, Lmax=-5.68
15:03:50 [ultranest] [DEBUG] iteration=4160, ncalls=14020, regioncalls=546160, ndraw=40, logz=-15.25, remainder_fraction=10.7761%, Lmin=-6.00, Lmax=-5.68
15:03:50 [ultranest] [DEBUG] iteration=4184, ncalls=14053, regioncalls=547520, ndraw=40, logz=-15.24, remainder_fraction=10.1494%, Lmin=-5.99, Lmax=-5.68
15:03:50 [ultranest] [DEBUG] iteration=4200, ncalls=14077, regioncalls=548480, ndraw=40, logz=-15.24, remainder_fraction=9.7658%, Lmin=-5.98, Lmax=-5.68
15:03:50 [ultranest] [DEBUG] iteration=4222, ncalls=14118, regioncalls=550120, ndraw=40, logz=-15.23, remainder_fraction=9.2661%, Lmin=-5.97, Lmax=-5.68
15:03:50 [ultranest] [DEBUG] iteration=4235, ncalls=14148, regioncalls=551360, ndraw=40, logz=-15.23, remainder_fraction=8.9674%, Lmin=-5.95, Lmax=-5.68
15:03:50 [ultranest] [DEBUG] iteration=4240, ncalls=14157, regioncalls=551720, ndraw=40, logz=-15.23, remainder_fraction=8.8671%, Lmin=-5.95, Lmax=-5.68
15:03:50 [ultranest] [DEBUG] iteration=4258, ncalls=14195, regioncalls=553240, ndraw=40, logz=-15.22, remainder_fraction=8.4867%, Lmin=-5.94, Lmax=-5.68
15:03:50 [ultranest] [DEBUG] iteration=4277, ncalls=14238, regioncalls=554960, ndraw=40, logz=-15.22, remainder_fraction=8.0952%, Lmin=-5.94, Lmax=-5.68
15:03:50 [ultranest] [DEBUG] iteration=4280, ncalls=14242, regioncalls=555120, ndraw=40, logz=-15.22, remainder_fraction=8.0376%, Lmin=-5.93, Lmax=-5.68
15:03:50 [ultranest] [DEBUG] iteration=4299, ncalls=14284, regioncalls=556800, ndraw=40, logz=-15.21, remainder_fraction=7.6595%, Lmin=-5.92, Lmax=-5.68
15:03:50 [ultranest] [DEBUG] iteration=4316, ncalls=14321, regioncalls=558320, ndraw=40, logz=-15.21, remainder_fraction=7.3392%, Lmin=-5.91, Lmax=-5.68
15:03:50 [ultranest] [DEBUG] iteration=4320, ncalls=14331, regioncalls=558720, ndraw=40, logz=-15.21, remainder_fraction=7.2674%, Lmin=-5.91, Lmax=-5.68
15:03:51 [ultranest] [DEBUG] iteration=4343, ncalls=14365, regioncalls=560080, ndraw=40, logz=-15.20, remainder_fraction=6.8635%, Lmin=-5.90, Lmax=-5.68
15:03:51 [ultranest] [DEBUG] iteration=4360, ncalls=14406, regioncalls=561720, ndraw=40, logz=-15.20, remainder_fraction=6.5688%, Lmin=-5.89, Lmax=-5.68
15:03:51 [ultranest] [DEBUG] iteration=4381, ncalls=14449, regioncalls=563440, ndraw=40, logz=-15.20, remainder_fraction=6.2297%, Lmin=-5.89, Lmax=-5.68
15:03:51 [ultranest] [DEBUG] iteration=4397, ncalls=14478, regioncalls=564640, ndraw=40, logz=-15.19, remainder_fraction=5.9842%, Lmin=-5.88, Lmax=-5.68
15:03:51 [ultranest] [DEBUG] iteration=4400, ncalls=14481, regioncalls=564840, ndraw=40, logz=-15.19, remainder_fraction=5.9401%, Lmin=-5.88, Lmax=-5.68
15:03:51 [ultranest] [DEBUG] iteration=4424, ncalls=14514, regioncalls=566160, ndraw=40, logz=-15.19, remainder_fraction=5.5872%, Lmin=-5.87, Lmax=-5.68
15:03:51 [ultranest] [DEBUG] iteration=4440, ncalls=14539, regioncalls=567160, ndraw=40, logz=-15.19, remainder_fraction=5.3630%, Lmin=-5.87, Lmax=-5.68
15:03:51 [ultranest] [DEBUG] iteration=4456, ncalls=14586, regioncalls=569040, ndraw=40, logz=-15.19, remainder_fraction=5.1459%, Lmin=-5.86, Lmax=-5.68
15:03:51 [ultranest] [DEBUG] iteration=4476, ncalls=14630, regioncalls=570800, ndraw=40, logz=-15.18, remainder_fraction=4.8900%, Lmin=-5.85, Lmax=-5.68
15:03:51 [ultranest] [DEBUG] iteration=4478, ncalls=14633, regioncalls=571000, ndraw=40, logz=-15.18, remainder_fraction=4.8655%, Lmin=-5.85, Lmax=-5.68
15:03:51 [ultranest] [DEBUG] iteration=4480, ncalls=14637, regioncalls=571160, ndraw=40, logz=-15.18, remainder_fraction=4.8416%, Lmin=-5.85, Lmax=-5.68
15:03:51 [ultranest] [DEBUG] iteration=4504, ncalls=14671, regioncalls=572520, ndraw=40, logz=-15.18, remainder_fraction=4.5470%, Lmin=-5.84, Lmax=-5.68
15:03:51 [ultranest] [DEBUG] iteration=4520, ncalls=14696, regioncalls=573520, ndraw=40, logz=-15.18, remainder_fraction=4.3642%, Lmin=-5.84, Lmax=-5.68
15:03:51 [ultranest] [DEBUG] iteration=4545, ncalls=14733, regioncalls=575000, ndraw=40, logz=-15.17, remainder_fraction=4.0894%, Lmin=-5.83, Lmax=-5.68
15:03:52 [ultranest] [DEBUG] iteration=4559, ncalls=14760, regioncalls=576120, ndraw=40, logz=-15.17, remainder_fraction=3.9406%, Lmin=-5.83, Lmax=-5.68
15:03:52 [ultranest] [DEBUG] iteration=4560, ncalls=14762, regioncalls=576200, ndraw=40, logz=-15.17, remainder_fraction=3.9305%, Lmin=-5.82, Lmax=-5.68
15:03:52 [ultranest] [DEBUG] iteration=4580, ncalls=14800, regioncalls=577720, ndraw=40, logz=-15.17, remainder_fraction=3.7296%, Lmin=-5.82, Lmax=-5.68
15:03:52 [ultranest] [DEBUG] iteration=4600, ncalls=14838, regioncalls=579240, ndraw=40, logz=-15.17, remainder_fraction=3.5365%, Lmin=-5.81, Lmax=-5.68
15:03:52 [ultranest] [DEBUG] iteration=4621, ncalls=14880, regioncalls=580920, ndraw=40, logz=-15.17, remainder_fraction=3.3465%, Lmin=-5.81, Lmax=-5.68
15:03:52 [ultranest] [DEBUG] iteration=4640, ncalls=14918, regioncalls=582640, ndraw=40, logz=-15.16, remainder_fraction=3.1815%, Lmin=-5.80, Lmax=-5.68
15:03:52 [ultranest] [DEBUG] iteration=4661, ncalls=14954, regioncalls=584080, ndraw=40, logz=-15.16, remainder_fraction=3.0085%, Lmin=-5.80, Lmax=-5.68
15:03:52 [ultranest] [DEBUG] iteration=4680, ncalls=14983, regioncalls=585240, ndraw=40, logz=-15.16, remainder_fraction=2.8604%, Lmin=-5.79, Lmax=-5.68
15:03:52 [ultranest] [DEBUG] iteration=4697, ncalls=15033, regioncalls=587240, ndraw=40, logz=-15.16, remainder_fraction=2.7345%, Lmin=-5.79, Lmax=-5.68
15:03:52 [ultranest] [DEBUG] iteration=4720, ncalls=15072, regioncalls=588800, ndraw=40, logz=-15.16, remainder_fraction=2.5752%, Lmin=-5.78, Lmax=-5.68
15:03:52 [ultranest] [DEBUG] iteration=4721, ncalls=15074, regioncalls=588920, ndraw=40, logz=-15.16, remainder_fraction=2.5685%, Lmin=-5.78, Lmax=-5.68
15:03:52 [ultranest] [DEBUG] iteration=4745, ncalls=15109, regioncalls=590320, ndraw=40, logz=-15.16, remainder_fraction=2.4088%, Lmin=-5.78, Lmax=-5.68
15:03:53 [ultranest] [DEBUG] iteration=4760, ncalls=15130, regioncalls=591160, ndraw=40, logz=-15.16, remainder_fraction=2.3140%, Lmin=-5.78, Lmax=-5.68
15:03:53 [ultranest] [INFO] Explored until L=-6  
15:03:53 [ultranest] [INFO] Likelihood function evaluations: 15136
15:03:54 [ultranest] [INFO] Writing samples and results to disk ...
15:03:54 [ultranest] [INFO] Writing samples and results to disk ... done
15:03:54 [ultranest] [DEBUG] did a run_iter pass!
15:03:54 [ultranest] [INFO]   logZ = -15.13 +- 0.1089
15:03:54 [ultranest] [INFO] Effective samples strategy satisfied (ESS = 1728.7, need >400)
15:03:54 [ultranest] [INFO] Posterior uncertainty strategy is satisfied (KL: 0.45+-0.07 nat, need <0.50 nat)
15:03:54 [ultranest] [INFO] Evidency uncertainty strategy is satisfied (dlogz=0.11, need <0.5)
15:03:54 [ultranest] [INFO]   logZ error budget: single: 0.15 bs:0.11 tail:0.02 total:0.11 required:<0.50
15:03:54 [ultranest] [INFO] done iterating.
15:03:54 [ultranest] [DEBUG] Making corner plot ...
15:03:56 [ultranest] [DEBUG] Making corner plot ... done
15:03:56 [ultranest] [DEBUG] Making run plot ... 
15:03:56 [ultranest] [DEBUG] Making run plot ... done
15:03:56 [ultranest] [DEBUG] Making trace plot ... 
15:03:57 [ultranest] [DEBUG] Making trace plot ... done
