15:26:57 [ultranest] [DEBUG] ReactiveNestedSampler: dims=3+0, resume=True, log_dir=/home/orion51/Desktop/Research/spectral_fitting/FGL_spectral_fitting/Individual_sources/2CXOJ005806.2-460419/powerlaw_out_, backend=hdf5, vectorized=False, nbootstraps=30, ndraw=128..65536
15:26:57 [ultranest] [INFO] Sampling 400 live points from prior ...
15:26:58 [ultranest] [DEBUG] run_iter dlogz=0.5, dKL=0.5, frac_remain=0.01, Lepsilon=0.1000, min_ess=400
15:26:58 [ultranest] [DEBUG] max_iters=-1, max_ncalls=-1, max_num_improvement_loops=-1, min_num_live_points=400, cluster_num_live_points=40
15:26:58 [ultranest] [DEBUG] minimal_widths_sequence: [(-inf, 400.0), (inf, 400.0)]
15:26:58 [ultranest] [DEBUG] iteration=0, ncalls=401, regioncalls=40, ndraw=40, logz=-inf, remainder_fraction=100.0000%, Lmin=-1904341994.84, Lmax=-11.41
15:26:58 [ultranest] [DEBUG] iteration=32, ncalls=435, regioncalls=1400, ndraw=40, logz=-25808180.02, remainder_fraction=100.0000%, Lmin=-20543063.91, Lmax=-11.41
15:26:58 [ultranest] [DEBUG] iteration=40, ncalls=443, regioncalls=1720, ndraw=40, logz=-11392714.98, remainder_fraction=100.0000%, Lmin=-10658392.62, Lmax=-11.41
15:26:58 [ultranest] [DEBUG] iteration=72, ncalls=481, regioncalls=3240, ndraw=40, logz=-1600666.20, remainder_fraction=100.0000%, Lmin=-1523823.71, Lmax=-11.41
15:26:58 [ultranest] [DEBUG] iteration=80, ncalls=490, regioncalls=3600, ndraw=40, logz=-881584.55, remainder_fraction=100.0000%, Lmin=-719412.76, Lmax=-11.41
15:26:58 [ultranest] [DEBUG] iteration=90, ncalls=501, regioncalls=4040, ndraw=40, logz=-344438.86, remainder_fraction=100.0000%, Lmin=-333123.60, Lmax=-11.41
15:26:59 [ultranest] [DEBUG] iteration=120, ncalls=533, regioncalls=5320, ndraw=40, logz=-53370.12, remainder_fraction=100.0000%, Lmin=-43827.52, Lmax=-11.41
15:26:59 [ultranest] [DEBUG] iteration=148, ncalls=569, regioncalls=6760, ndraw=40, logz=-6287.47, remainder_fraction=100.0000%, Lmin=-5663.89, Lmax=-11.41
15:26:59 [ultranest] [DEBUG] iteration=160, ncalls=583, regioncalls=7320, ndraw=40, logz=-2911.56, remainder_fraction=100.0000%, Lmin=-2853.57, Lmax=-11.41
15:26:59 [ultranest] [DEBUG] iteration=180, ncalls=607, regioncalls=8280, ndraw=40, logz=-1030.47, remainder_fraction=100.0000%, Lmin=-1012.48, Lmax=-11.41
15:26:59 [ultranest] [DEBUG] iteration=200, ncalls=636, regioncalls=9440, ndraw=40, logz=-476.70, remainder_fraction=100.0000%, Lmin=-470.17, Lmax=-11.41
15:26:59 [ultranest] [DEBUG] Plateau detected at L=-2.135009e+02, not replacing live point.
15:26:59 [ultranest] [DEBUG] Plateau detected at L=-2.135009e+02, not replacing live point.
15:26:59 [ultranest] [DEBUG] Plateau detected at L=-2.135009e+02, not replacing live point.
15:26:59 [ultranest] [DEBUG] Plateau detected at L=-2.135009e+02, not replacing live point.
15:26:59 [ultranest] [DEBUG] Plateau detected at L=-2.135009e+02, not replacing live point.
15:26:59 [ultranest] [DEBUG] Plateau detected at L=-2.135009e+02, not replacing live point.
15:26:59 [ultranest] [DEBUG] Plateau detected at L=-2.135009e+02, not replacing live point.
15:26:59 [ultranest] [DEBUG] Plateau detected at L=-2.135009e+02, not replacing live point.
15:26:59 [ultranest] [DEBUG] Plateau detected at L=-2.135009e+02, not replacing live point.
15:26:59 [ultranest] [DEBUG] Plateau detected at L=-2.135009e+02, not replacing live point.
15:26:59 [ultranest] [DEBUG] Plateau detected at L=-2.135009e+02, not replacing live point.
15:26:59 [ultranest] [DEBUG] Plateau detected at L=-2.135009e+02, not replacing live point.
15:26:59 [ultranest] [DEBUG] Plateau detected at L=-2.135009e+02, not replacing live point.
15:26:59 [ultranest] [DEBUG] Plateau detected at L=-2.135009e+02, not replacing live point.
15:26:59 [ultranest] [DEBUG] Plateau detected at L=-2.135009e+02, not replacing live point.
15:26:59 [ultranest] [DEBUG] Plateau detected at L=-2.135009e+02, not replacing live point.
15:26:59 [ultranest] [DEBUG] Plateau detected at L=-2.135009e+02, not replacing live point.
15:26:59 [ultranest] [DEBUG] Plateau detected at L=-2.135009e+02, not replacing live point.
15:26:59 [ultranest] [DEBUG] Plateau detected at L=-2.135009e+02, not replacing live point.
15:26:59 [ultranest] [DEBUG] Plateau detected at L=-2.135009e+02, not replacing live point.
15:26:59 [ultranest] [DEBUG] Plateau detected at L=-2.135009e+02, not replacing live point.
15:26:59 [ultranest] [DEBUG] Plateau detected at L=-2.135009e+02, not replacing live point.
15:26:59 [ultranest] [DEBUG] Plateau detected at L=-2.135009e+02, not replacing live point.
15:26:59 [ultranest] [DEBUG] Plateau detected at L=-2.135009e+02, not replacing live point.
15:26:59 [ultranest] [DEBUG] Plateau detected at L=-2.135009e+02, not replacing live point.
15:26:59 [ultranest] [DEBUG] Plateau detected at L=-2.135009e+02, not replacing live point.
15:26:59 [ultranest] [DEBUG] Plateau detected at L=-2.135009e+02, not replacing live point.
15:26:59 [ultranest] [DEBUG] Plateau detected at L=-2.135009e+02, not replacing live point.
15:26:59 [ultranest] [DEBUG] Plateau detected at L=-2.135009e+02, not replacing live point.
15:26:59 [ultranest] [DEBUG] Plateau detected at L=-2.135009e+02, not replacing live point.
15:26:59 [ultranest] [DEBUG] Plateau detected at L=-2.135009e+02, not replacing live point.
15:26:59 [ultranest] [DEBUG] Plateau detected at L=-2.135009e+02, not replacing live point.
15:26:59 [ultranest] [DEBUG] Plateau detected at L=-2.135009e+02, not replacing live point.
15:26:59 [ultranest] [DEBUG] Plateau detected at L=-2.135009e+02, not replacing live point.
15:26:59 [ultranest] [DEBUG] Plateau detected at L=-2.135009e+02, not replacing live point.
15:26:59 [ultranest] [DEBUG] Plateau detected at L=-2.135009e+02, not replacing live point.
15:26:59 [ultranest] [DEBUG] Plateau detected at L=-2.135009e+02, not replacing live point.
15:26:59 [ultranest] [DEBUG] Plateau detected at L=-2.135009e+02, not replacing live point.
15:26:59 [ultranest] [DEBUG] Plateau detected at L=-2.135009e+02, not replacing live point.
15:26:59 [ultranest] [DEBUG] Plateau detected at L=-2.135009e+02, not replacing live point.
15:26:59 [ultranest] [DEBUG] Plateau detected at L=-2.135009e+02, not replacing live point.
15:26:59 [ultranest] [DEBUG] Plateau detected at L=-2.135009e+02, not replacing live point.
15:26:59 [ultranest] [DEBUG] Plateau detected at L=-2.135009e+02, not replacing live point.
15:26:59 [ultranest] [DEBUG] Plateau detected at L=-2.135009e+02, not replacing live point.
15:26:59 [ultranest] [DEBUG] Plateau detected at L=-2.135009e+02, not replacing live point.
15:26:59 [ultranest] [DEBUG] Plateau detected at L=-2.135009e+02, not replacing live point.
15:26:59 [ultranest] [DEBUG] Plateau detected at L=-2.135009e+02, not replacing live point.
15:26:59 [ultranest] [DEBUG] Plateau detected at L=-2.135009e+02, not replacing live point.
15:26:59 [ultranest] [DEBUG] Plateau detected at L=-2.135009e+02, not replacing live point.
15:26:59 [ultranest] [DEBUG] Plateau detected at L=-2.135009e+02, not replacing live point.
15:26:59 [ultranest] [DEBUG] Plateau detected at L=-2.135009e+02, not replacing live point.
15:26:59 [ultranest] [DEBUG] Plateau detected at L=-2.135009e+02, not replacing live point.
15:26:59 [ultranest] [DEBUG] Plateau detected at L=-2.135009e+02, not replacing live point.
15:26:59 [ultranest] [DEBUG] Plateau detected at L=-2.135009e+02, not replacing live point.
15:26:59 [ultranest] [DEBUG] Plateau detected at L=-2.135009e+02, not replacing live point.
15:26:59 [ultranest] [DEBUG] Plateau detected at L=-2.135009e+02, not replacing live point.
15:26:59 [ultranest] [DEBUG] iteration=284, ncalls=671, regioncalls=10840, ndraw=40, logz=-216.04, remainder_fraction=100.0000%, Lmin=-213.50, Lmax=-11.41
15:26:59 [ultranest] [DEBUG] Plateau detected at L=-2.135009e+02, not replacing live point.
15:26:59 [ultranest] [DEBUG] Plateau detected at L=-2.135009e+02, not replacing live point.
15:26:59 [ultranest] [DEBUG] iteration=287, ncalls=672, regioncalls=10880, ndraw=40, logz=-215.98, remainder_fraction=100.0000%, Lmin=-213.50, Lmax=-11.41
15:26:59 [ultranest] [DEBUG] iteration=312, ncalls=711, regioncalls=12440, ndraw=40, logz=-215.64, remainder_fraction=100.0000%, Lmin=-213.50, Lmax=-11.41
15:26:59 [ultranest] [DEBUG] iteration=320, ncalls=726, regioncalls=13040, ndraw=40, logz=-215.56, remainder_fraction=100.0000%, Lmin=-213.50, Lmax=-11.41
15:26:59 [ultranest] [DEBUG] iteration=342, ncalls=774, regioncalls=14960, ndraw=40, logz=-215.36, remainder_fraction=100.0000%, Lmin=-213.50, Lmax=-11.41
15:26:59 [ultranest] [DEBUG] iteration=360, ncalls=811, regioncalls=16440, ndraw=40, logz=-215.24, remainder_fraction=100.0000%, Lmin=-213.50, Lmax=-11.41
15:26:59 [ultranest] [DEBUG] iteration=364, ncalls=818, regioncalls=16720, ndraw=40, logz=-215.21, remainder_fraction=100.0000%, Lmin=-213.50, Lmax=-11.41
15:26:59 [ultranest] [DEBUG] iteration=386, ncalls=858, regioncalls=18320, ndraw=40, logz=-215.09, remainder_fraction=100.0000%, Lmin=-213.50, Lmax=-11.41
15:27:00 [ultranest] [DEBUG] iteration=400, ncalls=892, regioncalls=19680, ndraw=40, logz=-215.02, remainder_fraction=100.0000%, Lmin=-213.50, Lmax=-11.41
15:27:00 [ultranest] [DEBUG] iteration=425, ncalls=938, regioncalls=21520, ndraw=40, logz=-214.91, remainder_fraction=100.0000%, Lmin=-213.49, Lmax=-11.41
15:27:00 [ultranest] [DEBUG] iteration=440, ncalls=962, regioncalls=22480, ndraw=40, logz=-214.86, remainder_fraction=100.0000%, Lmin=-213.47, Lmax=-11.41
15:27:00 [ultranest] [DEBUG] iteration=441, ncalls=964, regioncalls=22560, ndraw=40, logz=-214.85, remainder_fraction=100.0000%, Lmin=-213.47, Lmax=-11.41
15:27:00 [ultranest] [DEBUG] iteration=460, ncalls=1009, regioncalls=24360, ndraw=40, logz=-214.79, remainder_fraction=100.0000%, Lmin=-213.39, Lmax=-11.41
15:27:00 [ultranest] [DEBUG] iteration=480, ncalls=1046, regioncalls=25840, ndraw=40, logz=-214.72, remainder_fraction=100.0000%, Lmin=-213.23, Lmax=-11.41
15:27:00 [ultranest] [DEBUG] iteration=499, ncalls=1100, regioncalls=28000, ndraw=40, logz=-214.65, remainder_fraction=100.0000%, Lmin=-212.96, Lmax=-11.41
15:27:00 [ultranest] [DEBUG] iteration=516, ncalls=1152, regioncalls=30080, ndraw=40, logz=-214.57, remainder_fraction=100.0000%, Lmin=-212.69, Lmax=-11.41
15:27:00 [ultranest] [DEBUG] iteration=518, ncalls=1154, regioncalls=30160, ndraw=40, logz=-214.56, remainder_fraction=100.0000%, Lmin=-212.66, Lmax=-11.41
15:27:00 [ultranest] [DEBUG] iteration=520, ncalls=1156, regioncalls=30240, ndraw=40, logz=-214.55, remainder_fraction=100.0000%, Lmin=-212.58, Lmax=-11.41
15:27:00 [ultranest] [DEBUG] iteration=543, ncalls=1197, regioncalls=31880, ndraw=40, logz=-214.41, remainder_fraction=100.0000%, Lmin=-211.97, Lmax=-11.41
15:27:00 [ultranest] [DEBUG] iteration=560, ncalls=1240, regioncalls=33600, ndraw=40, logz=-214.26, remainder_fraction=100.0000%, Lmin=-211.48, Lmax=-11.41
15:27:00 [ultranest] [DEBUG] iteration=579, ncalls=1290, regioncalls=35600, ndraw=40, logz=-214.03, remainder_fraction=100.0000%, Lmin=-210.87, Lmax=-11.41
15:27:00 [ultranest] [DEBUG] clustering found some stray points [need_accept=False] (array([1, 2, 3, 4]), array([338,   2,   1,   1]))
15:27:01 [ultranest] [DEBUG] iteration=599, ncalls=1334, regioncalls=37360, ndraw=40, logz=-213.73, remainder_fraction=100.0000%, Lmin=-210.32, Lmax=-11.41
15:27:01 [ultranest] [DEBUG] iteration=600, ncalls=1335, regioncalls=37400, ndraw=40, logz=-213.72, remainder_fraction=100.0000%, Lmin=-210.27, Lmax=-11.41
15:27:01 [ultranest] [DEBUG] iteration=617, ncalls=1381, regioncalls=39240, ndraw=40, logz=-213.43, remainder_fraction=100.0000%, Lmin=-209.95, Lmax=-11.41
15:27:01 [ultranest] [DEBUG] iteration=640, ncalls=1420, regioncalls=40800, ndraw=40, logz=-212.70, remainder_fraction=100.0000%, Lmin=-208.23, Lmax=-11.41
15:27:01 [ultranest] [DEBUG] iteration=658, ncalls=1469, regioncalls=42760, ndraw=40, logz=-211.64, remainder_fraction=100.0000%, Lmin=-206.38, Lmax=-11.41
15:27:01 [ultranest] [DEBUG] iteration=676, ncalls=1512, regioncalls=44480, ndraw=40, logz=-210.21, remainder_fraction=100.0000%, Lmin=-205.20, Lmax=-11.41
15:27:01 [ultranest] [DEBUG] iteration=680, ncalls=1522, regioncalls=44880, ndraw=40, logz=-209.92, remainder_fraction=100.0000%, Lmin=-204.79, Lmax=-11.41
15:27:01 [ultranest] [DEBUG] iteration=694, ncalls=1570, regioncalls=46800, ndraw=40, logz=-208.37, remainder_fraction=100.0000%, Lmin=-202.58, Lmax=-11.41
15:27:01 [ultranest] [DEBUG] iteration=711, ncalls=1619, regioncalls=48760, ndraw=40, logz=-206.83, remainder_fraction=100.0000%, Lmin=-201.53, Lmax=-11.41
15:27:01 [ultranest] [DEBUG] iteration=720, ncalls=1652, regioncalls=50080, ndraw=40, logz=-206.07, remainder_fraction=100.0000%, Lmin=-200.69, Lmax=-11.41
15:27:01 [ultranest] [DEBUG] iteration=738, ncalls=1701, regioncalls=52040, ndraw=40, logz=-204.05, remainder_fraction=100.0000%, Lmin=-198.10, Lmax=-11.41
15:27:01 [ultranest] [DEBUG] iteration=749, ncalls=1741, regioncalls=53640, ndraw=40, logz=-202.74, remainder_fraction=100.0000%, Lmin=-196.92, Lmax=-11.41
15:27:02 [ultranest] [DEBUG] iteration=760, ncalls=1783, regioncalls=55320, ndraw=40, logz=-201.51, remainder_fraction=100.0000%, Lmin=-195.44, Lmax=-10.44
15:27:02 [ultranest] [DEBUG] iteration=773, ncalls=1834, regioncalls=57360, ndraw=40, logz=-199.32, remainder_fraction=100.0000%, Lmin=-193.34, Lmax=-10.44
15:27:02 [ultranest] [DEBUG] iteration=795, ncalls=1884, regioncalls=59360, ndraw=40, logz=-196.91, remainder_fraction=100.0000%, Lmin=-191.19, Lmax=-10.44
15:27:02 [ultranest] [DEBUG] iteration=800, ncalls=1906, regioncalls=60240, ndraw=40, logz=-196.24, remainder_fraction=100.0000%, Lmin=-190.09, Lmax=-10.44
15:27:02 [ultranest] [DEBUG] iteration=814, ncalls=1960, regioncalls=62400, ndraw=40, logz=-194.23, remainder_fraction=100.0000%, Lmin=-188.18, Lmax=-10.44
15:27:02 [ultranest] [DEBUG] iteration=826, ncalls=1990, regioncalls=63600, ndraw=40, logz=-192.41, remainder_fraction=100.0000%, Lmin=-186.32, Lmax=-10.44
15:27:02 [ultranest] [DEBUG] iteration=838, ncalls=2038, regioncalls=65520, ndraw=40, logz=-190.21, remainder_fraction=100.0000%, Lmin=-183.84, Lmax=-10.44
15:27:02 [ultranest] [DEBUG] iteration=840, ncalls=2043, regioncalls=65720, ndraw=40, logz=-189.92, remainder_fraction=100.0000%, Lmin=-183.62, Lmax=-10.44
15:27:02 [ultranest] [DEBUG] iteration=854, ncalls=2097, regioncalls=67880, ndraw=40, logz=-188.40, remainder_fraction=100.0000%, Lmin=-182.44, Lmax=-10.44
15:27:02 [ultranest] [DEBUG] iteration=871, ncalls=2149, regioncalls=69960, ndraw=40, logz=-185.23, remainder_fraction=100.0000%, Lmin=-177.74, Lmax=-10.44
15:27:02 [ultranest] [DEBUG] iteration=880, ncalls=2183, regioncalls=71320, ndraw=40, logz=-182.72, remainder_fraction=100.0000%, Lmin=-175.86, Lmax=-10.44
15:27:02 [ultranest] [DEBUG] iteration=894, ncalls=2236, regioncalls=73440, ndraw=40, logz=-179.99, remainder_fraction=100.0000%, Lmin=-173.47, Lmax=-10.44
15:27:03 [ultranest] [DEBUG] iteration=906, ncalls=2282, regioncalls=75280, ndraw=40, logz=-177.07, remainder_fraction=100.0000%, Lmin=-169.78, Lmax=-10.44
15:27:03 [ultranest] [DEBUG] iteration=920, ncalls=2330, regioncalls=77200, ndraw=40, logz=-173.28, remainder_fraction=100.0000%, Lmin=-166.37, Lmax=-10.44
15:27:03 [ultranest] [DEBUG] iteration=934, ncalls=2390, regioncalls=79600, ndraw=40, logz=-170.82, remainder_fraction=100.0000%, Lmin=-164.28, Lmax=-10.44
15:27:03 [ultranest] [DEBUG] iteration=944, ncalls=2448, regioncalls=81920, ndraw=40, logz=-169.33, remainder_fraction=100.0000%, Lmin=-162.32, Lmax=-10.44
15:27:03 [ultranest] [DEBUG] iteration=959, ncalls=2499, regioncalls=83960, ndraw=40, logz=-166.33, remainder_fraction=100.0000%, Lmin=-159.14, Lmax=-10.44
15:27:03 [ultranest] [DEBUG] iteration=960, ncalls=2500, regioncalls=84000, ndraw=40, logz=-166.09, remainder_fraction=100.0000%, Lmin=-159.02, Lmax=-10.44
15:27:03 [ultranest] [DEBUG] iteration=975, ncalls=2558, regioncalls=86320, ndraw=40, logz=-163.99, remainder_fraction=100.0000%, Lmin=-157.59, Lmax=-10.44
15:27:03 [ultranest] [DEBUG] iteration=980, ncalls=2577, regioncalls=87080, ndraw=40, logz=-162.89, remainder_fraction=100.0000%, Lmin=-155.50, Lmax=-10.44
15:27:03 [ultranest] [DEBUG] iteration=995, ncalls=2632, regioncalls=89280, ndraw=40, logz=-159.55, remainder_fraction=100.0000%, Lmin=-152.53, Lmax=-10.44
15:27:03 [ultranest] [DEBUG] iteration=1000, ncalls=2639, regioncalls=89560, ndraw=40, logz=-158.40, remainder_fraction=100.0000%, Lmin=-150.14, Lmax=-10.44
15:27:03 [ultranest] [DEBUG] iteration=1018, ncalls=2690, regioncalls=91600, ndraw=40, logz=-152.26, remainder_fraction=100.0000%, Lmin=-144.80, Lmax=-10.44
15:27:03 [ultranest] [DEBUG] iteration=1032, ncalls=2744, regioncalls=93760, ndraw=40, logz=-148.68, remainder_fraction=100.0000%, Lmin=-141.21, Lmax=-10.44
15:27:04 [ultranest] [DEBUG] iteration=1040, ncalls=2765, regioncalls=94600, ndraw=40, logz=-147.05, remainder_fraction=100.0000%, Lmin=-140.05, Lmax=-10.44
15:27:04 [ultranest] [DEBUG] iteration=1054, ncalls=2816, regioncalls=96640, ndraw=40, logz=-145.02, remainder_fraction=100.0000%, Lmin=-137.18, Lmax=-10.44
15:27:04 [ultranest] [DEBUG] iteration=1057, ncalls=2819, regioncalls=96760, ndraw=40, logz=-144.11, remainder_fraction=100.0000%, Lmin=-136.68, Lmax=-10.44
15:27:04 [ultranest] [DEBUG] iteration=1075, ncalls=2863, regioncalls=98520, ndraw=40, logz=-141.17, remainder_fraction=100.0000%, Lmin=-134.27, Lmax=-10.44
15:27:04 [ultranest] [DEBUG] iteration=1080, ncalls=2876, regioncalls=99040, ndraw=40, logz=-140.44, remainder_fraction=100.0000%, Lmin=-132.84, Lmax=-10.44
15:27:04 [ultranest] [DEBUG] iteration=1093, ncalls=2929, regioncalls=101160, ndraw=40, logz=-135.92, remainder_fraction=100.0000%, Lmin=-128.84, Lmax=-10.44
15:27:04 [ultranest] [DEBUG] iteration=1111, ncalls=2977, regioncalls=103080, ndraw=40, logz=-132.31, remainder_fraction=100.0000%, Lmin=-125.31, Lmax=-10.44
15:27:04 [ultranest] [DEBUG] iteration=1120, ncalls=3017, regioncalls=104680, ndraw=40, logz=-130.85, remainder_fraction=100.0000%, Lmin=-123.71, Lmax=-10.44
15:27:04 [ultranest] [DEBUG] iteration=1134, ncalls=3068, regioncalls=106720, ndraw=40, logz=-128.07, remainder_fraction=100.0000%, Lmin=-120.22, Lmax=-10.44
15:27:04 [ultranest] [DEBUG] iteration=1153, ncalls=3111, regioncalls=108480, ndraw=40, logz=-123.59, remainder_fraction=100.0000%, Lmin=-116.07, Lmax=-10.44
15:27:04 [ultranest] [DEBUG] iteration=1160, ncalls=3127, regioncalls=109120, ndraw=40, logz=-122.47, remainder_fraction=100.0000%, Lmin=-115.28, Lmax=-10.44
15:27:04 [ultranest] [DEBUG] iteration=1179, ncalls=3176, regioncalls=111080, ndraw=40, logz=-118.67, remainder_fraction=100.0000%, Lmin=-111.29, Lmax=-10.44
15:27:04 [ultranest] [DEBUG] iteration=1197, ncalls=3222, regioncalls=112920, ndraw=40, logz=-114.32, remainder_fraction=100.0000%, Lmin=-106.34, Lmax=-10.44
15:27:05 [ultranest] [DEBUG] iteration=1200, ncalls=3229, regioncalls=113200, ndraw=40, logz=-113.66, remainder_fraction=100.0000%, Lmin=-106.17, Lmax=-10.44
15:27:05 [ultranest] [DEBUG] iteration=1221, ncalls=3268, regioncalls=114760, ndraw=40, logz=-110.25, remainder_fraction=100.0000%, Lmin=-102.94, Lmax=-10.44
15:27:05 [ultranest] [DEBUG] iteration=1233, ncalls=3315, regioncalls=116640, ndraw=40, logz=-108.12, remainder_fraction=100.0000%, Lmin=-100.46, Lmax=-10.44
15:27:05 [ultranest] [DEBUG] iteration=1240, ncalls=3330, regioncalls=117240, ndraw=40, logz=-106.37, remainder_fraction=100.0000%, Lmin=-98.50, Lmax=-10.44
15:27:05 [ultranest] [DEBUG] iteration=1256, ncalls=3376, regioncalls=119080, ndraw=40, logz=-103.44, remainder_fraction=100.0000%, Lmin=-96.16, Lmax=-10.44
15:27:05 [ultranest] [DEBUG] iteration=1274, ncalls=3425, regioncalls=121040, ndraw=40, logz=-101.09, remainder_fraction=100.0000%, Lmin=-93.51, Lmax=-10.44
15:27:05 [ultranest] [DEBUG] iteration=1280, ncalls=3446, regioncalls=121880, ndraw=40, logz=-100.18, remainder_fraction=100.0000%, Lmin=-92.31, Lmax=-10.44
15:27:05 [ultranest] [DEBUG] iteration=1297, ncalls=3490, regioncalls=123640, ndraw=40, logz=-97.01, remainder_fraction=100.0000%, Lmin=-88.82, Lmax=-10.44
15:27:05 [ultranest] [DEBUG] iteration=1312, ncalls=3538, regioncalls=125560, ndraw=40, logz=-93.85, remainder_fraction=100.0000%, Lmin=-85.64, Lmax=-10.44
15:27:05 [ultranest] [DEBUG] iteration=1320, ncalls=3566, regioncalls=126680, ndraw=40, logz=-91.82, remainder_fraction=100.0000%, Lmin=-83.99, Lmax=-10.44
15:27:05 [ultranest] [DEBUG] iteration=1336, ncalls=3616, regioncalls=128680, ndraw=40, logz=-88.91, remainder_fraction=100.0000%, Lmin=-81.09, Lmax=-10.44
15:27:05 [ultranest] [DEBUG] iteration=1346, ncalls=3678, regioncalls=131160, ndraw=40, logz=-87.42, remainder_fraction=100.0000%, Lmin=-79.26, Lmax=-10.44
15:27:06 [ultranest] [DEBUG] iteration=1360, ncalls=3709, regioncalls=132400, ndraw=40, logz=-85.46, remainder_fraction=100.0000%, Lmin=-77.72, Lmax=-10.44
15:27:06 [ultranest] [DEBUG] iteration=1376, ncalls=3749, regioncalls=134000, ndraw=40, logz=-83.08, remainder_fraction=100.0000%, Lmin=-74.91, Lmax=-10.35
15:27:06 [ultranest] [DEBUG] iteration=1392, ncalls=3799, regioncalls=136000, ndraw=40, logz=-80.69, remainder_fraction=100.0000%, Lmin=-72.93, Lmax=-10.35
15:27:06 [ultranest] [DEBUG] iteration=1400, ncalls=3856, regioncalls=138280, ndraw=40, logz=-79.72, remainder_fraction=100.0000%, Lmin=-71.77, Lmax=-10.35
15:27:06 [ultranest] [DEBUG] iteration=1417, ncalls=3909, regioncalls=140400, ndraw=40, logz=-77.29, remainder_fraction=100.0000%, Lmin=-69.14, Lmax=-10.35
15:27:06 [ultranest] [DEBUG] iteration=1433, ncalls=3964, regioncalls=142600, ndraw=40, logz=-75.37, remainder_fraction=100.0000%, Lmin=-67.89, Lmax=-10.35
15:27:06 [ultranest] [DEBUG] iteration=1440, ncalls=3986, regioncalls=143480, ndraw=40, logz=-74.63, remainder_fraction=100.0000%, Lmin=-66.75, Lmax=-10.35
15:27:06 [ultranest] [DEBUG] iteration=1455, ncalls=4026, regioncalls=145080, ndraw=40, logz=-72.88, remainder_fraction=100.0000%, Lmin=-64.95, Lmax=-10.35
15:27:06 [ultranest] [DEBUG] iteration=1470, ncalls=4080, regioncalls=147240, ndraw=40, logz=-70.88, remainder_fraction=100.0000%, Lmin=-62.71, Lmax=-10.35
15:27:06 [ultranest] [DEBUG] iteration=1480, ncalls=4113, regioncalls=148560, ndraw=40, logz=-69.28, remainder_fraction=100.0000%, Lmin=-61.12, Lmax=-10.35
15:27:07 [ultranest] [DEBUG] iteration=1497, ncalls=4165, regioncalls=150640, ndraw=40, logz=-66.79, remainder_fraction=100.0000%, Lmin=-58.88, Lmax=-10.35
15:27:07 [ultranest] [DEBUG] iteration=1512, ncalls=4215, regioncalls=152640, ndraw=40, logz=-65.03, remainder_fraction=100.0000%, Lmin=-57.13, Lmax=-10.35
15:27:07 [ultranest] [DEBUG] iteration=1520, ncalls=4235, regioncalls=153440, ndraw=40, logz=-64.36, remainder_fraction=100.0000%, Lmin=-56.80, Lmax=-10.35
15:27:07 [ultranest] [DEBUG] iteration=1537, ncalls=4287, regioncalls=155520, ndraw=40, logz=-62.64, remainder_fraction=100.0000%, Lmin=-54.43, Lmax=-10.35
15:27:07 [ultranest] [DEBUG] iteration=1549, ncalls=4343, regioncalls=157760, ndraw=40, logz=-61.00, remainder_fraction=100.0000%, Lmin=-52.70, Lmax=-10.35
15:27:07 [ultranest] [DEBUG] iteration=1560, ncalls=4396, regioncalls=159880, ndraw=40, logz=-59.83, remainder_fraction=100.0000%, Lmin=-51.90, Lmax=-10.35
15:27:07 [ultranest] [DEBUG] iteration=1573, ncalls=4452, regioncalls=162120, ndraw=40, logz=-58.70, remainder_fraction=100.0000%, Lmin=-50.58, Lmax=-10.35
15:27:07 [ultranest] [DEBUG] iteration=1588, ncalls=4511, regioncalls=164480, ndraw=40, logz=-57.20, remainder_fraction=100.0000%, Lmin=-49.25, Lmax=-10.35
15:27:07 [ultranest] [DEBUG] iteration=1600, ncalls=4543, regioncalls=165760, ndraw=40, logz=-55.84, remainder_fraction=100.0000%, Lmin=-47.57, Lmax=-10.35
15:27:07 [ultranest] [DEBUG] iteration=1614, ncalls=4601, regioncalls=168080, ndraw=40, logz=-54.25, remainder_fraction=100.0000%, Lmin=-45.90, Lmax=-10.35
15:27:08 [ultranest] [DEBUG] iteration=1624, ncalls=4663, regioncalls=170560, ndraw=40, logz=-53.29, remainder_fraction=100.0000%, Lmin=-45.25, Lmax=-10.35
15:27:08 [ultranest] [DEBUG] iteration=1637, ncalls=4719, regioncalls=172800, ndraw=40, logz=-52.36, remainder_fraction=100.0000%, Lmin=-44.56, Lmax=-10.35
15:27:08 [ultranest] [DEBUG] iteration=1640, ncalls=4735, regioncalls=173440, ndraw=40, logz=-52.17, remainder_fraction=100.0000%, Lmin=-44.20, Lmax=-10.35
15:27:08 [ultranest] [DEBUG] iteration=1651, ncalls=4789, regioncalls=175600, ndraw=40, logz=-51.26, remainder_fraction=100.0000%, Lmin=-43.07, Lmax=-10.35
15:27:08 [ultranest] [DEBUG] iteration=1661, ncalls=4843, regioncalls=177760, ndraw=40, logz=-50.34, remainder_fraction=100.0000%, Lmin=-42.25, Lmax=-10.35
15:27:08 [ultranest] [DEBUG] iteration=1667, ncalls=4903, regioncalls=180160, ndraw=40, logz=-49.84, remainder_fraction=100.0000%, Lmin=-41.65, Lmax=-10.35
15:27:08 [ultranest] [DEBUG] iteration=1675, ncalls=4956, regioncalls=182280, ndraw=40, logz=-49.26, remainder_fraction=100.0000%, Lmin=-41.32, Lmax=-10.35
15:27:08 [ultranest] [DEBUG] iteration=1680, ncalls=4989, regioncalls=183600, ndraw=40, logz=-48.92, remainder_fraction=100.0000%, Lmin=-40.89, Lmax=-10.35
15:27:08 [ultranest] [DEBUG] iteration=1693, ncalls=5042, regioncalls=185720, ndraw=40, logz=-48.08, remainder_fraction=100.0000%, Lmin=-40.17, Lmax=-10.35
15:27:08 [ultranest] [DEBUG] iteration=1703, ncalls=5112, regioncalls=188520, ndraw=40, logz=-47.50, remainder_fraction=100.0000%, Lmin=-39.48, Lmax=-10.35
15:27:08 [ultranest] [DEBUG] iteration=1707, ncalls=5171, regioncalls=190880, ndraw=40, logz=-47.23, remainder_fraction=100.0000%, Lmin=-39.19, Lmax=-10.35
15:27:09 [ultranest] [DEBUG] iteration=1715, ncalls=5229, regioncalls=193200, ndraw=40, logz=-46.74, remainder_fraction=100.0000%, Lmin=-38.87, Lmax=-10.35
15:27:09 [ultranest] [DEBUG] iteration=1720, ncalls=5248, regioncalls=193960, ndraw=40, logz=-46.45, remainder_fraction=100.0000%, Lmin=-38.50, Lmax=-10.35
15:27:09 [ultranest] [DEBUG] iteration=1727, ncalls=5306, regioncalls=196280, ndraw=40, logz=-46.03, remainder_fraction=100.0000%, Lmin=-38.00, Lmax=-10.35
15:27:09 [ultranest] [DEBUG] iteration=1736, ncalls=5372, regioncalls=198920, ndraw=40, logz=-45.51, remainder_fraction=100.0000%, Lmin=-37.60, Lmax=-10.35
15:27:09 [ultranest] [DEBUG] iteration=1743, ncalls=5430, regioncalls=201240, ndraw=40, logz=-45.14, remainder_fraction=100.0000%, Lmin=-37.15, Lmax=-10.35
15:27:09 [ultranest] [DEBUG] iteration=1753, ncalls=5480, regioncalls=203240, ndraw=40, logz=-44.53, remainder_fraction=100.0000%, Lmin=-36.47, Lmax=-10.35
15:27:09 [ultranest] [DEBUG] iteration=1760, ncalls=5496, regioncalls=203880, ndraw=40, logz=-44.14, remainder_fraction=100.0000%, Lmin=-36.00, Lmax=-10.35
15:27:09 [ultranest] [DEBUG] iteration=1766, ncalls=5560, regioncalls=206440, ndraw=40, logz=-43.79, remainder_fraction=100.0000%, Lmin=-35.77, Lmax=-10.35
15:27:09 [ultranest] [DEBUG] iteration=1774, ncalls=5614, regioncalls=208600, ndraw=40, logz=-43.29, remainder_fraction=100.0000%, Lmin=-35.08, Lmax=-10.35
15:27:09 [ultranest] [DEBUG] iteration=1785, ncalls=5666, regioncalls=210680, ndraw=40, logz=-42.64, remainder_fraction=100.0000%, Lmin=-34.58, Lmax=-10.35
15:27:10 [ultranest] [DEBUG] iteration=1797, ncalls=5728, regioncalls=213160, ndraw=40, logz=-42.01, remainder_fraction=100.0000%, Lmin=-33.89, Lmax=-10.35
15:27:10 [ultranest] [DEBUG] iteration=1800, ncalls=5743, regioncalls=213760, ndraw=40, logz=-41.83, remainder_fraction=100.0000%, Lmin=-33.64, Lmax=-10.35
15:27:10 [ultranest] [DEBUG] iteration=1811, ncalls=5801, regioncalls=216080, ndraw=40, logz=-41.27, remainder_fraction=100.0000%, Lmin=-33.26, Lmax=-10.35
15:27:10 [ultranest] [DEBUG] iteration=1820, ncalls=5857, regioncalls=218320, ndraw=40, logz=-40.87, remainder_fraction=100.0000%, Lmin=-32.94, Lmax=-10.35
15:27:10 [ultranest] [DEBUG] iteration=1827, ncalls=5899, regioncalls=220000, ndraw=40, logz=-40.55, remainder_fraction=100.0000%, Lmin=-32.60, Lmax=-10.35
15:27:10 [ultranest] [DEBUG] iteration=1836, ncalls=5951, regioncalls=222200, ndraw=40, logz=-40.15, remainder_fraction=100.0000%, Lmin=-32.16, Lmax=-10.35
15:27:10 [ultranest] [DEBUG] iteration=1840, ncalls=5968, regioncalls=222880, ndraw=40, logz=-39.97, remainder_fraction=100.0000%, Lmin=-32.06, Lmax=-10.35
15:27:10 [ultranest] [DEBUG] iteration=1851, ncalls=6023, regioncalls=225080, ndraw=40, logz=-39.55, remainder_fraction=100.0000%, Lmin=-31.65, Lmax=-10.35
15:27:10 [ultranest] [DEBUG] iteration=1861, ncalls=6079, regioncalls=227320, ndraw=40, logz=-39.14, remainder_fraction=100.0000%, Lmin=-30.98, Lmax=-10.35
15:27:10 [ultranest] [DEBUG] iteration=1867, ncalls=6146, regioncalls=230000, ndraw=40, logz=-38.87, remainder_fraction=100.0000%, Lmin=-30.81, Lmax=-10.35
15:27:10 [ultranest] [DEBUG] iteration=1872, ncalls=6201, regioncalls=232200, ndraw=40, logz=-38.65, remainder_fraction=100.0000%, Lmin=-30.56, Lmax=-10.35
15:27:11 [ultranest] [DEBUG] iteration=1880, ncalls=6246, regioncalls=234000, ndraw=40, logz=-38.30, remainder_fraction=100.0000%, Lmin=-30.29, Lmax=-10.35
15:27:11 [ultranest] [DEBUG] iteration=1892, ncalls=6301, regioncalls=236200, ndraw=40, logz=-37.81, remainder_fraction=100.0000%, Lmin=-29.66, Lmax=-10.35
15:27:11 [ultranest] [DEBUG] iteration=1900, ncalls=6357, regioncalls=238440, ndraw=40, logz=-37.47, remainder_fraction=100.0000%, Lmin=-29.26, Lmax=-10.35
15:27:11 [ultranest] [DEBUG] iteration=1904, ncalls=6380, regioncalls=239360, ndraw=40, logz=-37.28, remainder_fraction=100.0000%, Lmin=-29.08, Lmax=-10.35
15:27:11 [ultranest] [DEBUG] iteration=1917, ncalls=6428, regioncalls=241360, ndraw=40, logz=-36.68, remainder_fraction=100.0000%, Lmin=-28.17, Lmax=-10.35
15:27:11 [ultranest] [DEBUG] iteration=1920, ncalls=6435, regioncalls=241640, ndraw=40, logz=-36.51, remainder_fraction=100.0000%, Lmin=-28.11, Lmax=-10.35
15:27:11 [ultranest] [DEBUG] iteration=1929, ncalls=6490, regioncalls=243840, ndraw=40, logz=-36.05, remainder_fraction=100.0000%, Lmin=-27.58, Lmax=-10.35
15:27:11 [ultranest] [DEBUG] iteration=1939, ncalls=6545, regioncalls=246040, ndraw=40, logz=-35.46, remainder_fraction=100.0000%, Lmin=-26.76, Lmax=-10.35
15:27:11 [ultranest] [DEBUG] iteration=1951, ncalls=6597, regioncalls=248120, ndraw=40, logz=-34.71, remainder_fraction=100.0000%, Lmin=-26.12, Lmax=-10.35
15:27:11 [ultranest] [DEBUG] iteration=1960, ncalls=6651, regioncalls=250280, ndraw=40, logz=-34.26, remainder_fraction=99.9999%, Lmin=-25.88, Lmax=-10.35
15:27:11 [ultranest] [DEBUG] iteration=1971, ncalls=6727, regioncalls=253320, ndraw=40, logz=-33.81, remainder_fraction=99.9999%, Lmin=-25.56, Lmax=-10.35
15:27:12 [ultranest] [DEBUG] iteration=1978, ncalls=6790, regioncalls=255840, ndraw=40, logz=-33.54, remainder_fraction=99.9999%, Lmin=-25.14, Lmax=-10.35
15:27:12 [ultranest] [DEBUG] iteration=1981, ncalls=6798, regioncalls=256160, ndraw=40, logz=-33.41, remainder_fraction=99.9999%, Lmin=-25.07, Lmax=-10.35
15:27:12 [ultranest] [DEBUG] iteration=1992, ncalls=6848, regioncalls=258200, ndraw=40, logz=-33.01, remainder_fraction=99.9998%, Lmin=-24.78, Lmax=-10.35
15:27:12 [ultranest] [DEBUG] iteration=2000, ncalls=6891, regioncalls=259920, ndraw=40, logz=-32.74, remainder_fraction=99.9998%, Lmin=-24.63, Lmax=-10.35
15:27:12 [ultranest] [DEBUG] iteration=2016, ncalls=6949, regioncalls=262240, ndraw=40, logz=-32.23, remainder_fraction=99.9996%, Lmin=-24.08, Lmax=-10.35
15:27:12 [ultranest] [DEBUG] iteration=2031, ncalls=7005, regioncalls=264480, ndraw=40, logz=-31.76, remainder_fraction=99.9993%, Lmin=-23.63, Lmax=-10.35
15:27:12 [ultranest] [DEBUG] iteration=2040, ncalls=7033, regioncalls=265600, ndraw=40, logz=-31.50, remainder_fraction=99.9991%, Lmin=-23.39, Lmax=-10.35
15:27:12 [ultranest] [DEBUG] iteration=2052, ncalls=7085, regioncalls=267680, ndraw=40, logz=-31.19, remainder_fraction=99.9988%, Lmin=-23.18, Lmax=-10.35
15:27:12 [ultranest] [DEBUG] iteration=2064, ncalls=7134, regioncalls=269640, ndraw=40, logz=-30.92, remainder_fraction=99.9983%, Lmin=-23.08, Lmax=-10.35
15:27:12 [ultranest] [DEBUG] iteration=2074, ncalls=7183, regioncalls=271600, ndraw=40, logz=-30.72, remainder_fraction=99.9982%, Lmin=-22.75, Lmax=-10.24
15:27:12 [ultranest] [DEBUG] iteration=2080, ncalls=7212, regioncalls=272760, ndraw=40, logz=-30.57, remainder_fraction=99.9978%, Lmin=-22.36, Lmax=-10.24
15:27:13 [ultranest] [DEBUG] iteration=2089, ncalls=7270, regioncalls=275080, ndraw=40, logz=-30.34, remainder_fraction=99.9972%, Lmin=-22.15, Lmax=-10.24
15:27:13 [ultranest] [DEBUG] iteration=2098, ncalls=7333, regioncalls=277600, ndraw=40, logz=-30.11, remainder_fraction=99.9964%, Lmin=-21.95, Lmax=-10.24
15:27:13 [ultranest] [DEBUG] iteration=2110, ncalls=7388, regioncalls=279800, ndraw=40, logz=-29.83, remainder_fraction=99.9951%, Lmin=-21.76, Lmax=-10.24
15:27:13 [ultranest] [DEBUG] iteration=2120, ncalls=7430, regioncalls=281480, ndraw=40, logz=-29.62, remainder_fraction=99.9938%, Lmin=-21.50, Lmax=-10.24
15:27:13 [ultranest] [DEBUG] iteration=2136, ncalls=7480, regioncalls=283480, ndraw=40, logz=-29.27, remainder_fraction=99.9908%, Lmin=-21.19, Lmax=-10.24
15:27:13 [ultranest] [DEBUG] iteration=2146, ncalls=7530, regioncalls=285480, ndraw=40, logz=-29.07, remainder_fraction=99.9888%, Lmin=-20.99, Lmax=-10.24
15:27:13 [ultranest] [DEBUG] iteration=2157, ncalls=7586, regioncalls=287720, ndraw=40, logz=-28.86, remainder_fraction=99.9859%, Lmin=-20.77, Lmax=-10.24
15:27:13 [ultranest] [DEBUG] iteration=2160, ncalls=7593, regioncalls=288000, ndraw=40, logz=-28.80, remainder_fraction=99.9849%, Lmin=-20.68, Lmax=-10.24
15:27:13 [ultranest] [DEBUG] iteration=2173, ncalls=7648, regioncalls=290200, ndraw=40, logz=-28.56, remainder_fraction=99.9802%, Lmin=-20.48, Lmax=-10.24
15:27:13 [ultranest] [DEBUG] iteration=2182, ncalls=7703, regioncalls=292400, ndraw=40, logz=-28.40, remainder_fraction=99.9764%, Lmin=-20.33, Lmax=-10.24
15:27:14 [ultranest] [DEBUG] iteration=2190, ncalls=7763, regioncalls=294800, ndraw=40, logz=-28.26, remainder_fraction=99.9724%, Lmin=-20.27, Lmax=-10.24
15:27:14 [ultranest] [DEBUG] iteration=2199, ncalls=7818, regioncalls=297000, ndraw=40, logz=-28.11, remainder_fraction=99.9677%, Lmin=-20.00, Lmax=-10.24
15:27:14 [ultranest] [DEBUG] iteration=2200, ncalls=7820, regioncalls=297080, ndraw=40, logz=-28.09, remainder_fraction=99.9670%, Lmin=-19.95, Lmax=-10.24
15:27:14 [ultranest] [DEBUG] iteration=2210, ncalls=7876, regioncalls=299320, ndraw=40, logz=-27.91, remainder_fraction=99.9597%, Lmin=-19.80, Lmax=-10.24
15:27:14 [ultranest] [DEBUG] iteration=2220, ncalls=7920, regioncalls=301080, ndraw=40, logz=-27.73, remainder_fraction=99.9519%, Lmin=-19.49, Lmax=-10.24
15:27:14 [ultranest] [DEBUG] iteration=2227, ncalls=7973, regioncalls=303200, ndraw=40, logz=-27.60, remainder_fraction=99.9464%, Lmin=-19.42, Lmax=-10.24
15:27:14 [ultranest] [DEBUG] iteration=2237, ncalls=8029, regioncalls=305440, ndraw=40, logz=-27.42, remainder_fraction=99.9364%, Lmin=-19.20, Lmax=-10.24
15:27:14 [ultranest] [DEBUG] iteration=2240, ncalls=8039, regioncalls=305840, ndraw=40, logz=-27.37, remainder_fraction=99.9324%, Lmin=-19.14, Lmax=-10.24
15:27:14 [ultranest] [DEBUG] iteration=2245, ncalls=8101, regioncalls=308320, ndraw=40, logz=-27.28, remainder_fraction=99.9270%, Lmin=-19.06, Lmax=-10.24
15:27:14 [ultranest] [DEBUG] iteration=2259, ncalls=8160, regioncalls=310680, ndraw=40, logz=-27.05, remainder_fraction=99.9080%, Lmin=-18.82, Lmax=-10.24
15:27:14 [ultranest] [DEBUG] iteration=2270, ncalls=8213, regioncalls=312800, ndraw=40, logz=-26.87, remainder_fraction=99.8914%, Lmin=-18.68, Lmax=-10.24
15:27:14 [ultranest] [DEBUG] iteration=2277, ncalls=8286, regioncalls=315720, ndraw=40, logz=-26.77, remainder_fraction=99.8773%, Lmin=-18.60, Lmax=-10.24
15:27:15 [ultranest] [DEBUG] iteration=2280, ncalls=8310, regioncalls=316680, ndraw=40, logz=-26.72, remainder_fraction=99.8709%, Lmin=-18.56, Lmax=-10.24
15:27:15 [ultranest] [DEBUG] iteration=2289, ncalls=8367, regioncalls=319040, ndraw=40, logz=-26.59, remainder_fraction=99.8573%, Lmin=-18.42, Lmax=-10.24
15:27:15 [ultranest] [DEBUG] iteration=2301, ncalls=8417, regioncalls=321040, ndraw=40, logz=-26.43, remainder_fraction=99.8371%, Lmin=-18.28, Lmax=-10.24
15:27:15 [ultranest] [DEBUG] iteration=2306, ncalls=8473, regioncalls=323280, ndraw=40, logz=-26.36, remainder_fraction=99.8242%, Lmin=-18.17, Lmax=-10.24
15:27:15 [ultranest] [DEBUG] iteration=2316, ncalls=8528, regioncalls=325480, ndraw=40, logz=-26.22, remainder_fraction=99.7944%, Lmin=-18.02, Lmax=-10.24
15:27:15 [ultranest] [DEBUG] iteration=2320, ncalls=8553, regioncalls=326480, ndraw=40, logz=-26.17, remainder_fraction=99.7848%, Lmin=-17.95, Lmax=-10.24
15:27:15 [ultranest] [DEBUG] iteration=2333, ncalls=8621, regioncalls=329200, ndraw=40, logz=-25.99, remainder_fraction=99.7422%, Lmin=-17.71, Lmax=-10.24
15:27:15 [ultranest] [DEBUG] iteration=2346, ncalls=8676, regioncalls=331400, ndraw=40, logz=-25.82, remainder_fraction=99.6991%, Lmin=-17.60, Lmax=-10.24
15:27:15 [ultranest] [DEBUG] iteration=2356, ncalls=8741, regioncalls=334000, ndraw=40, logz=-25.69, remainder_fraction=99.6583%, Lmin=-17.46, Lmax=-10.24
15:27:15 [ultranest] [DEBUG] iteration=2360, ncalls=8762, regioncalls=334840, ndraw=40, logz=-25.64, remainder_fraction=99.6374%, Lmin=-17.40, Lmax=-10.24
15:27:16 [ultranest] [DEBUG] iteration=2369, ncalls=8807, regioncalls=336640, ndraw=40, logz=-25.53, remainder_fraction=99.5857%, Lmin=-17.28, Lmax=-10.24
15:27:16 [ultranest] [DEBUG] iteration=2377, ncalls=8863, regioncalls=338880, ndraw=40, logz=-25.44, remainder_fraction=99.5379%, Lmin=-17.22, Lmax=-10.24
15:27:16 [ultranest] [DEBUG] iteration=2389, ncalls=8920, regioncalls=341160, ndraw=40, logz=-25.31, remainder_fraction=99.4621%, Lmin=-17.09, Lmax=-10.24
15:27:16 [ultranest] [DEBUG] iteration=2400, ncalls=8974, regioncalls=343320, ndraw=40, logz=-25.18, remainder_fraction=99.4059%, Lmin=-16.96, Lmax=-10.24
15:27:16 [ultranest] [DEBUG] iteration=2405, ncalls=9032, regioncalls=345640, ndraw=40, logz=-25.13, remainder_fraction=99.3674%, Lmin=-16.93, Lmax=-10.24
15:27:16 [ultranest] [DEBUG] iteration=2415, ncalls=9087, regioncalls=347840, ndraw=40, logz=-25.03, remainder_fraction=99.3387%, Lmin=-16.86, Lmax=-10.24
15:27:16 [ultranest] [DEBUG] iteration=2423, ncalls=9140, regioncalls=349960, ndraw=40, logz=-24.95, remainder_fraction=99.2857%, Lmin=-16.78, Lmax=-10.24
15:27:16 [ultranest] [DEBUG] iteration=2431, ncalls=9195, regioncalls=352160, ndraw=40, logz=-24.87, remainder_fraction=99.2201%, Lmin=-16.65, Lmax=-10.24
15:27:16 [ultranest] [DEBUG] iteration=2440, ncalls=9248, regioncalls=354280, ndraw=40, logz=-24.79, remainder_fraction=99.1329%, Lmin=-16.55, Lmax=-10.24
15:27:16 [ultranest] [DEBUG] iteration=2443, ncalls=9254, regioncalls=354560, ndraw=40, logz=-24.76, remainder_fraction=99.1093%, Lmin=-16.53, Lmax=-10.24
15:27:16 [ultranest] [DEBUG] iteration=2455, ncalls=9310, regioncalls=356800, ndraw=40, logz=-24.64, remainder_fraction=99.0291%, Lmin=-16.41, Lmax=-10.24
15:27:17 [ultranest] [DEBUG] iteration=2465, ncalls=9369, regioncalls=359160, ndraw=40, logz=-24.55, remainder_fraction=98.9165%, Lmin=-16.36, Lmax=-10.24
15:27:17 [ultranest] [DEBUG] iteration=2476, ncalls=9430, regioncalls=361600, ndraw=40, logz=-24.46, remainder_fraction=98.7876%, Lmin=-16.23, Lmax=-10.24
15:27:17 [ultranest] [DEBUG] iteration=2480, ncalls=9479, regioncalls=363560, ndraw=40, logz=-24.42, remainder_fraction=98.7361%, Lmin=-16.21, Lmax=-10.24
15:27:17 [ultranest] [DEBUG] iteration=2493, ncalls=9537, regioncalls=365880, ndraw=40, logz=-24.31, remainder_fraction=98.6043%, Lmin=-16.09, Lmax=-10.24
15:27:17 [ultranest] [DEBUG] iteration=2500, ncalls=9597, regioncalls=368280, ndraw=40, logz=-24.25, remainder_fraction=98.5195%, Lmin=-16.01, Lmax=-10.24
15:27:17 [ultranest] [DEBUG] iteration=2506, ncalls=9657, regioncalls=370680, ndraw=40, logz=-24.20, remainder_fraction=98.4448%, Lmin=-15.96, Lmax=-10.24
15:27:17 [ultranest] [DEBUG] iteration=2513, ncalls=9716, regioncalls=373040, ndraw=40, logz=-24.15, remainder_fraction=98.3579%, Lmin=-15.88, Lmax=-10.24
15:27:17 [ultranest] [DEBUG] iteration=2520, ncalls=9755, regioncalls=374640, ndraw=40, logz=-24.09, remainder_fraction=98.2585%, Lmin=-15.85, Lmax=-10.24
15:27:17 [ultranest] [DEBUG] iteration=2531, ncalls=9803, regioncalls=376560, ndraw=40, logz=-24.01, remainder_fraction=98.0675%, Lmin=-15.74, Lmax=-10.24
15:27:18 [ultranest] [DEBUG] iteration=2540, ncalls=9867, regioncalls=379120, ndraw=40, logz=-23.94, remainder_fraction=97.9141%, Lmin=-15.65, Lmax=-10.24
15:27:18 [ultranest] [DEBUG] iteration=2547, ncalls=9928, regioncalls=381560, ndraw=40, logz=-23.88, remainder_fraction=97.7679%, Lmin=-15.60, Lmax=-10.24
15:27:18 [ultranest] [DEBUG] iteration=2556, ncalls=9987, regioncalls=383920, ndraw=40, logz=-23.82, remainder_fraction=97.5735%, Lmin=-15.55, Lmax=-10.24
15:27:18 [ultranest] [DEBUG] iteration=2560, ncalls=10006, regioncalls=384680, ndraw=40, logz=-23.79, remainder_fraction=97.4983%, Lmin=-15.53, Lmax=-10.24
15:27:18 [ultranest] [DEBUG] iteration=2570, ncalls=10061, regioncalls=386880, ndraw=40, logz=-23.72, remainder_fraction=97.3274%, Lmin=-15.46, Lmax=-10.24
15:27:18 [ultranest] [DEBUG] iteration=2582, ncalls=10113, regioncalls=388960, ndraw=40, logz=-23.64, remainder_fraction=97.0663%, Lmin=-15.39, Lmax=-10.24
15:27:18 [ultranest] [DEBUG] iteration=2594, ncalls=10160, regioncalls=390840, ndraw=40, logz=-23.56, remainder_fraction=96.7761%, Lmin=-15.30, Lmax=-10.24
15:27:18 [ultranest] [DEBUG] iteration=2597, ncalls=10182, regioncalls=391760, ndraw=40, logz=-23.54, remainder_fraction=96.6942%, Lmin=-15.26, Lmax=-10.24
15:27:18 [ultranest] [DEBUG] iteration=2600, ncalls=10209, regioncalls=392840, ndraw=40, logz=-23.52, remainder_fraction=96.6078%, Lmin=-15.23, Lmax=-10.24
15:27:18 [ultranest] [DEBUG] iteration=2615, ncalls=10257, regioncalls=394760, ndraw=40, logz=-23.43, remainder_fraction=96.4849%, Lmin=-15.17, Lmax=-10.09
15:27:18 [ultranest] [DEBUG] iteration=2630, ncalls=10308, regioncalls=396880, ndraw=40, logz=-23.34, remainder_fraction=96.3039%, Lmin=-15.09, Lmax=-10.06
15:27:18 [ultranest] [DEBUG] iteration=2640, ncalls=10356, regioncalls=398800, ndraw=40, logz=-23.29, remainder_fraction=96.1297%, Lmin=-15.04, Lmax=-10.06
15:27:19 [ultranest] [DEBUG] iteration=2646, ncalls=10414, regioncalls=401120, ndraw=40, logz=-23.25, remainder_fraction=95.9456%, Lmin=-15.02, Lmax=-10.06
15:27:19 [ultranest] [DEBUG] iteration=2657, ncalls=10471, regioncalls=403480, ndraw=40, logz=-23.20, remainder_fraction=95.6956%, Lmin=-14.97, Lmax=-10.06
15:27:19 [ultranest] [DEBUG] iteration=2670, ncalls=10523, regioncalls=405560, ndraw=40, logz=-23.13, remainder_fraction=95.3521%, Lmin=-14.87, Lmax=-10.06
15:27:19 [ultranest] [DEBUG] iteration=2680, ncalls=10565, regioncalls=407240, ndraw=40, logz=-23.08, remainder_fraction=95.0371%, Lmin=-14.84, Lmax=-10.06
15:27:19 [ultranest] [DEBUG] iteration=2695, ncalls=10613, regioncalls=409160, ndraw=40, logz=-23.01, remainder_fraction=94.8788%, Lmin=-14.77, Lmax=-10.06
15:27:19 [ultranest] [DEBUG] iteration=2709, ncalls=10656, regioncalls=410880, ndraw=40, logz=-22.94, remainder_fraction=94.6784%, Lmin=-14.71, Lmax=-10.06
15:27:19 [ultranest] [DEBUG] iteration=2720, ncalls=10694, regioncalls=412400, ndraw=40, logz=-22.90, remainder_fraction=94.4121%, Lmin=-14.63, Lmax=-10.06
15:27:19 [ultranest] [DEBUG] iteration=2733, ncalls=10747, regioncalls=414520, ndraw=40, logz=-22.84, remainder_fraction=94.1368%, Lmin=-14.57, Lmax=-10.05
15:27:19 [ultranest] [DEBUG] iteration=2745, ncalls=10800, regioncalls=416640, ndraw=40, logz=-22.79, remainder_fraction=93.9684%, Lmin=-14.49, Lmax=-10.05
15:27:19 [ultranest] [DEBUG] iteration=2756, ncalls=10845, regioncalls=418600, ndraw=40, logz=-22.74, remainder_fraction=93.5925%, Lmin=-14.41, Lmax=-10.05
15:27:20 [ultranest] [DEBUG] iteration=2760, ncalls=10856, regioncalls=419040, ndraw=40, logz=-22.72, remainder_fraction=93.5780%, Lmin=-14.38, Lmax=-10.05
15:27:20 [ultranest] [DEBUG] iteration=2770, ncalls=10906, regioncalls=421120, ndraw=40, logz=-22.68, remainder_fraction=93.4090%, Lmin=-14.33, Lmax=-9.96
15:27:20 [ultranest] [DEBUG] iteration=2780, ncalls=10964, regioncalls=423480, ndraw=40, logz=-22.64, remainder_fraction=93.0722%, Lmin=-14.29, Lmax=-9.96
15:27:20 [ultranest] [DEBUG] iteration=2787, ncalls=11019, regioncalls=425760, ndraw=40, logz=-22.61, remainder_fraction=92.8637%, Lmin=-14.20, Lmax=-9.96
15:27:20 [ultranest] [DEBUG] iteration=2800, ncalls=11059, regioncalls=427360, ndraw=40, logz=-22.56, remainder_fraction=92.4575%, Lmin=-14.12, Lmax=-9.96
15:27:20 [ultranest] [DEBUG] iteration=2811, ncalls=11112, regioncalls=429480, ndraw=40, logz=-22.51, remainder_fraction=92.3096%, Lmin=-14.03, Lmax=-9.96
15:27:20 [ultranest] [DEBUG] iteration=2823, ncalls=11165, regioncalls=431640, ndraw=40, logz=-22.46, remainder_fraction=91.7947%, Lmin=-13.94, Lmax=-9.96
15:27:20 [ultranest] [DEBUG] iteration=2828, ncalls=11187, regioncalls=432560, ndraw=40, logz=-22.44, remainder_fraction=91.6488%, Lmin=-13.92, Lmax=-9.96
15:27:20 [ultranest] [DEBUG] iteration=2838, ncalls=11228, regioncalls=434200, ndraw=40, logz=-22.40, remainder_fraction=91.2983%, Lmin=-13.85, Lmax=-9.96
15:27:20 [ultranest] [DEBUG] iteration=2840, ncalls=11233, regioncalls=434400, ndraw=40, logz=-22.39, remainder_fraction=91.1930%, Lmin=-13.83, Lmax=-9.96
15:27:20 [ultranest] [DEBUG] iteration=2854, ncalls=11283, regioncalls=436400, ndraw=40, logz=-22.33, remainder_fraction=90.6224%, Lmin=-13.74, Lmax=-9.96
15:27:20 [ultranest] [DEBUG] iteration=2869, ncalls=11332, regioncalls=438360, ndraw=40, logz=-22.27, remainder_fraction=90.0957%, Lmin=-13.67, Lmax=-9.96
15:27:21 [ultranest] [DEBUG] iteration=2880, ncalls=11362, regioncalls=439560, ndraw=40, logz=-22.22, remainder_fraction=89.7298%, Lmin=-13.58, Lmax=-9.96
15:27:21 [ultranest] [DEBUG] iteration=2896, ncalls=11414, regioncalls=441640, ndraw=40, logz=-22.16, remainder_fraction=88.9795%, Lmin=-13.47, Lmax=-9.96
15:27:21 [ultranest] [DEBUG] iteration=2911, ncalls=11465, regioncalls=443680, ndraw=40, logz=-22.10, remainder_fraction=88.2370%, Lmin=-13.40, Lmax=-9.96
15:27:21 [ultranest] [DEBUG] iteration=2920, ncalls=11492, regioncalls=444760, ndraw=40, logz=-22.06, remainder_fraction=87.9596%, Lmin=-13.35, Lmax=-9.96
15:27:21 [ultranest] [DEBUG] iteration=2935, ncalls=11546, regioncalls=446920, ndraw=40, logz=-22.00, remainder_fraction=87.2758%, Lmin=-13.21, Lmax=-9.86
15:27:21 [ultranest] [DEBUG] iteration=2950, ncalls=11595, regioncalls=448880, ndraw=40, logz=-21.94, remainder_fraction=86.5147%, Lmin=-13.15, Lmax=-9.86
15:27:21 [ultranest] [DEBUG] iteration=2960, ncalls=11621, regioncalls=449920, ndraw=40, logz=-21.91, remainder_fraction=85.9232%, Lmin=-13.08, Lmax=-9.86
15:27:21 [ultranest] [DEBUG] iteration=2973, ncalls=11674, regioncalls=452040, ndraw=40, logz=-21.86, remainder_fraction=85.4338%, Lmin=-13.02, Lmax=-9.86
15:27:21 [ultranest] [DEBUG] iteration=2982, ncalls=11704, regioncalls=453280, ndraw=40, logz=-21.82, remainder_fraction=85.0510%, Lmin=-12.97, Lmax=-9.86
15:27:21 [ultranest] [DEBUG] iteration=3000, ncalls=11742, regioncalls=454800, ndraw=40, logz=-21.76, remainder_fraction=83.7864%, Lmin=-12.86, Lmax=-9.86
15:27:21 [ultranest] [DEBUG] iteration=3020, ncalls=11787, regioncalls=456600, ndraw=40, logz=-21.68, remainder_fraction=82.7694%, Lmin=-12.77, Lmax=-9.86
15:27:22 [ultranest] [DEBUG] iteration=3040, ncalls=11832, regioncalls=458400, ndraw=40, logz=-21.62, remainder_fraction=81.5542%, Lmin=-12.73, Lmax=-9.86
15:27:22 [ultranest] [DEBUG] iteration=3061, ncalls=11873, regioncalls=460040, ndraw=40, logz=-21.55, remainder_fraction=80.0983%, Lmin=-12.60, Lmax=-9.86
15:27:22 [ultranest] [DEBUG] iteration=3078, ncalls=11916, regioncalls=461760, ndraw=40, logz=-21.49, remainder_fraction=78.9489%, Lmin=-12.53, Lmax=-9.86
15:27:22 [ultranest] [DEBUG] iteration=3080, ncalls=11920, regioncalls=461920, ndraw=40, logz=-21.49, remainder_fraction=78.9117%, Lmin=-12.52, Lmax=-9.86
15:27:22 [ultranest] [DEBUG] iteration=3101, ncalls=11965, regioncalls=463720, ndraw=40, logz=-21.42, remainder_fraction=77.8824%, Lmin=-12.41, Lmax=-9.86
15:27:22 [ultranest] [DEBUG] iteration=3118, ncalls=12016, regioncalls=465760, ndraw=40, logz=-21.37, remainder_fraction=76.5985%, Lmin=-12.32, Lmax=-9.86
15:27:22 [ultranest] [DEBUG] iteration=3120, ncalls=12021, regioncalls=465960, ndraw=40, logz=-21.36, remainder_fraction=76.4007%, Lmin=-12.28, Lmax=-9.86
15:27:22 [ultranest] [DEBUG] iteration=3137, ncalls=12062, regioncalls=467600, ndraw=40, logz=-21.31, remainder_fraction=75.2766%, Lmin=-12.23, Lmax=-9.86
15:27:22 [ultranest] [DEBUG] iteration=3151, ncalls=12105, regioncalls=469320, ndraw=40, logz=-21.27, remainder_fraction=74.1059%, Lmin=-12.17, Lmax=-9.86
15:27:22 [ultranest] [DEBUG] iteration=3160, ncalls=12134, regioncalls=470480, ndraw=40, logz=-21.25, remainder_fraction=73.6696%, Lmin=-12.15, Lmax=-9.86
15:27:22 [ultranest] [DEBUG] iteration=3181, ncalls=12179, regioncalls=472280, ndraw=40, logz=-21.19, remainder_fraction=72.1209%, Lmin=-12.07, Lmax=-9.86
15:27:22 [ultranest] [DEBUG] iteration=3200, ncalls=12221, regioncalls=473960, ndraw=40, logz=-21.14, remainder_fraction=70.6269%, Lmin=-11.99, Lmax=-9.86
15:27:23 [ultranest] [DEBUG] iteration=3213, ncalls=12259, regioncalls=475600, ndraw=40, logz=-21.10, remainder_fraction=69.7307%, Lmin=-11.95, Lmax=-9.86
15:27:23 [ultranest] [DEBUG] iteration=3227, ncalls=12303, regioncalls=477360, ndraw=40, logz=-21.07, remainder_fraction=68.6641%, Lmin=-11.92, Lmax=-9.86
15:27:23 [ultranest] [DEBUG] iteration=3240, ncalls=12334, regioncalls=478600, ndraw=40, logz=-21.04, remainder_fraction=67.7942%, Lmin=-11.86, Lmax=-9.86
15:27:23 [ultranest] [DEBUG] iteration=3251, ncalls=12388, regioncalls=480760, ndraw=40, logz=-21.01, remainder_fraction=66.9422%, Lmin=-11.83, Lmax=-9.86
15:27:23 [ultranest] [DEBUG] iteration=3270, ncalls=12434, regioncalls=482600, ndraw=40, logz=-20.97, remainder_fraction=65.5831%, Lmin=-11.77, Lmax=-9.86
15:27:23 [ultranest] [DEBUG] iteration=3280, ncalls=12450, regioncalls=483240, ndraw=40, logz=-20.94, remainder_fraction=64.9233%, Lmin=-11.74, Lmax=-9.86
15:27:23 [ultranest] [DEBUG] iteration=3290, ncalls=12475, regioncalls=484280, ndraw=40, logz=-20.92, remainder_fraction=64.2201%, Lmin=-11.70, Lmax=-9.86
15:27:23 [ultranest] [DEBUG] iteration=3306, ncalls=12516, regioncalls=486080, ndraw=40, logz=-20.89, remainder_fraction=62.8819%, Lmin=-11.62, Lmax=-9.86
15:27:23 [ultranest] [DEBUG] iteration=3320, ncalls=12543, regioncalls=487160, ndraw=40, logz=-20.86, remainder_fraction=61.8571%, Lmin=-11.58, Lmax=-9.86
15:27:23 [ultranest] [DEBUG] iteration=3343, ncalls=12587, regioncalls=488920, ndraw=40, logz=-20.81, remainder_fraction=59.7484%, Lmin=-11.48, Lmax=-9.86
15:27:23 [ultranest] [DEBUG] iteration=3360, ncalls=12636, regioncalls=490880, ndraw=40, logz=-20.77, remainder_fraction=58.1986%, Lmin=-11.44, Lmax=-9.86
15:27:23 [ultranest] [DEBUG] iteration=3367, ncalls=12653, regioncalls=491600, ndraw=40, logz=-20.76, remainder_fraction=57.5361%, Lmin=-11.41, Lmax=-9.86
15:27:24 [ultranest] [DEBUG] iteration=3389, ncalls=12690, regioncalls=493080, ndraw=40, logz=-20.72, remainder_fraction=55.5449%, Lmin=-11.36, Lmax=-9.86
15:27:24 [ultranest] [DEBUG] iteration=3400, ncalls=12721, regioncalls=494320, ndraw=40, logz=-20.70, remainder_fraction=54.5491%, Lmin=-11.33, Lmax=-9.86
15:27:24 [ultranest] [DEBUG] iteration=3424, ncalls=12763, regioncalls=496000, ndraw=40, logz=-20.65, remainder_fraction=52.6703%, Lmin=-11.26, Lmax=-9.86
15:27:24 [ultranest] [DEBUG] iteration=3440, ncalls=12806, regioncalls=497720, ndraw=40, logz=-20.63, remainder_fraction=51.2811%, Lmin=-11.20, Lmax=-9.86
15:27:24 [ultranest] [DEBUG] iteration=3444, ncalls=12823, regioncalls=498440, ndraw=40, logz=-20.62, remainder_fraction=51.0021%, Lmin=-11.19, Lmax=-9.86
15:27:24 [ultranest] [DEBUG] iteration=3465, ncalls=12863, regioncalls=500040, ndraw=40, logz=-20.58, remainder_fraction=49.1975%, Lmin=-11.13, Lmax=-9.86
15:27:24 [ultranest] [DEBUG] iteration=3480, ncalls=12892, regioncalls=501200, ndraw=40, logz=-20.56, remainder_fraction=47.7865%, Lmin=-11.11, Lmax=-9.86
15:27:24 [ultranest] [DEBUG] iteration=3500, ncalls=12939, regioncalls=503080, ndraw=40, logz=-20.53, remainder_fraction=46.2754%, Lmin=-11.05, Lmax=-9.86
15:27:24 [ultranest] [DEBUG] iteration=3520, ncalls=12974, regioncalls=504480, ndraw=40, logz=-20.50, remainder_fraction=44.5825%, Lmin=-11.00, Lmax=-9.86
15:27:24 [ultranest] [DEBUG] iteration=3521, ncalls=12975, regioncalls=504560, ndraw=40, logz=-20.50, remainder_fraction=44.5365%, Lmin=-11.00, Lmax=-9.86
15:27:24 [ultranest] [DEBUG] iteration=3539, ncalls=13009, regioncalls=505920, ndraw=40, logz=-20.47, remainder_fraction=43.0428%, Lmin=-10.97, Lmax=-9.86
15:27:24 [ultranest] [DEBUG] iteration=3557, ncalls=13054, regioncalls=507720, ndraw=40, logz=-20.45, remainder_fraction=41.5053%, Lmin=-10.93, Lmax=-9.86
15:27:25 [ultranest] [DEBUG] iteration=3560, ncalls=13066, regioncalls=508200, ndraw=40, logz=-20.44, remainder_fraction=41.2536%, Lmin=-10.92, Lmax=-9.86
15:27:25 [ultranest] [DEBUG] iteration=3582, ncalls=13116, regioncalls=510200, ndraw=40, logz=-20.41, remainder_fraction=39.6620%, Lmin=-10.89, Lmax=-9.86
15:27:25 [ultranest] [DEBUG] iteration=3598, ncalls=13150, regioncalls=511600, ndraw=40, logz=-20.39, remainder_fraction=38.5227%, Lmin=-10.87, Lmax=-9.86
15:27:25 [ultranest] [DEBUG] iteration=3600, ncalls=13158, regioncalls=511920, ndraw=40, logz=-20.39, remainder_fraction=38.3905%, Lmin=-10.87, Lmax=-9.86
15:27:25 [ultranest] [DEBUG] iteration=3618, ncalls=13197, regioncalls=513480, ndraw=40, logz=-20.37, remainder_fraction=37.2659%, Lmin=-10.84, Lmax=-9.86
15:27:25 [ultranest] [DEBUG] iteration=3639, ncalls=13238, regioncalls=515120, ndraw=40, logz=-20.35, remainder_fraction=35.9078%, Lmin=-10.81, Lmax=-9.86
15:27:25 [ultranest] [DEBUG] iteration=3640, ncalls=13239, regioncalls=515160, ndraw=40, logz=-20.35, remainder_fraction=35.8172%, Lmin=-10.81, Lmax=-9.86
15:27:25 [ultranest] [DEBUG] iteration=3659, ncalls=13285, regioncalls=517000, ndraw=40, logz=-20.33, remainder_fraction=34.3454%, Lmin=-10.78, Lmax=-9.86
15:27:25 [ultranest] [DEBUG] iteration=3676, ncalls=13328, regioncalls=518720, ndraw=40, logz=-20.31, remainder_fraction=33.2015%, Lmin=-10.75, Lmax=-9.86
15:27:25 [ultranest] [DEBUG] iteration=3680, ncalls=13335, regioncalls=519000, ndraw=40, logz=-20.30, remainder_fraction=32.8820%, Lmin=-10.75, Lmax=-9.86
15:27:25 [ultranest] [DEBUG] iteration=3699, ncalls=13377, regioncalls=520680, ndraw=40, logz=-20.29, remainder_fraction=31.5234%, Lmin=-10.71, Lmax=-9.86
15:27:25 [ultranest] [DEBUG] iteration=3720, ncalls=13421, regioncalls=522440, ndraw=40, logz=-20.27, remainder_fraction=30.2029%, Lmin=-10.69, Lmax=-9.86
15:27:25 [ultranest] [DEBUG] iteration=3738, ncalls=13468, regioncalls=524320, ndraw=40, logz=-20.25, remainder_fraction=29.0229%, Lmin=-10.66, Lmax=-9.86
15:27:26 [ultranest] [DEBUG] iteration=3752, ncalls=13509, regioncalls=526000, ndraw=40, logz=-20.24, remainder_fraction=28.2163%, Lmin=-10.63, Lmax=-9.86
15:27:26 [ultranest] [DEBUG] iteration=3760, ncalls=13526, regioncalls=526680, ndraw=40, logz=-20.23, remainder_fraction=27.7342%, Lmin=-10.62, Lmax=-9.86
15:27:26 [ultranest] [DEBUG] iteration=3783, ncalls=13562, regioncalls=528160, ndraw=40, logz=-20.21, remainder_fraction=26.3327%, Lmin=-10.59, Lmax=-9.86
15:27:26 [ultranest] [DEBUG] iteration=3800, ncalls=13595, regioncalls=529480, ndraw=40, logz=-20.20, remainder_fraction=25.3975%, Lmin=-10.57, Lmax=-9.86
15:27:26 [ultranest] [DEBUG] iteration=3822, ncalls=13640, regioncalls=531280, ndraw=40, logz=-20.19, remainder_fraction=24.1862%, Lmin=-10.53, Lmax=-9.86
15:27:26 [ultranest] [DEBUG] iteration=3829, ncalls=13653, regioncalls=531840, ndraw=40, logz=-20.18, remainder_fraction=23.8127%, Lmin=-10.53, Lmax=-9.86
15:27:26 [ultranest] [DEBUG] iteration=3840, ncalls=13678, regioncalls=532840, ndraw=40, logz=-20.17, remainder_fraction=23.2137%, Lmin=-10.51, Lmax=-9.86
15:27:26 [ultranest] [DEBUG] iteration=3863, ncalls=13716, regioncalls=534360, ndraw=40, logz=-20.16, remainder_fraction=22.0814%, Lmin=-10.48, Lmax=-9.86
15:27:26 [ultranest] [DEBUG] iteration=3880, ncalls=13745, regioncalls=535520, ndraw=40, logz=-20.15, remainder_fraction=21.2540%, Lmin=-10.45, Lmax=-9.86
15:27:26 [ultranest] [DEBUG] iteration=3899, ncalls=13788, regioncalls=537240, ndraw=40, logz=-20.14, remainder_fraction=20.3345%, Lmin=-10.44, Lmax=-9.86
15:27:26 [ultranest] [DEBUG] iteration=3916, ncalls=13826, regioncalls=538760, ndraw=40, logz=-20.13, remainder_fraction=19.5477%, Lmin=-10.42, Lmax=-9.86
15:27:26 [ultranest] [DEBUG] iteration=3920, ncalls=13836, regioncalls=539160, ndraw=40, logz=-20.12, remainder_fraction=19.3607%, Lmin=-10.42, Lmax=-9.86
15:27:27 [ultranest] [DEBUG] iteration=3941, ncalls=13876, regioncalls=540760, ndraw=40, logz=-20.11, remainder_fraction=18.4336%, Lmin=-10.40, Lmax=-9.86
15:27:27 [ultranest] [DEBUG] iteration=3960, ncalls=13909, regioncalls=542080, ndraw=40, logz=-20.10, remainder_fraction=17.6308%, Lmin=-10.38, Lmax=-9.86
15:27:27 [ultranest] [DEBUG] iteration=3983, ncalls=13953, regioncalls=543840, ndraw=40, logz=-20.09, remainder_fraction=16.6804%, Lmin=-10.36, Lmax=-9.86
15:27:27 [ultranest] [DEBUG] iteration=3997, ncalls=13998, regioncalls=545640, ndraw=40, logz=-20.08, remainder_fraction=16.1309%, Lmin=-10.34, Lmax=-9.86
15:27:27 [ultranest] [DEBUG] iteration=4000, ncalls=14005, regioncalls=545920, ndraw=40, logz=-20.08, remainder_fraction=16.0182%, Lmin=-10.34, Lmax=-9.86
15:27:27 [ultranest] [DEBUG] iteration=4021, ncalls=14048, regioncalls=547640, ndraw=40, logz=-20.07, remainder_fraction=15.2338%, Lmin=-10.32, Lmax=-9.86
15:27:27 [ultranest] [DEBUG] iteration=4040, ncalls=14084, regioncalls=549080, ndraw=40, logz=-20.07, remainder_fraction=14.5253%, Lmin=-10.31, Lmax=-9.86
15:27:27 [ultranest] [DEBUG] iteration=4060, ncalls=14122, regioncalls=550640, ndraw=40, logz=-20.06, remainder_fraction=13.8559%, Lmin=-10.30, Lmax=-9.86
15:27:27 [ultranest] [DEBUG] iteration=4080, ncalls=14160, regioncalls=552160, ndraw=40, logz=-20.05, remainder_fraction=13.2026%, Lmin=-10.28, Lmax=-9.86
15:27:27 [ultranest] [DEBUG] iteration=4102, ncalls=14202, regioncalls=553840, ndraw=40, logz=-20.04, remainder_fraction=12.4910%, Lmin=-10.26, Lmax=-9.86
15:27:27 [ultranest] [DEBUG] iteration=4119, ncalls=14243, regioncalls=555480, ndraw=40, logz=-20.04, remainder_fraction=11.9651%, Lmin=-10.25, Lmax=-9.86
15:27:27 [ultranest] [DEBUG] iteration=4120, ncalls=14245, regioncalls=555560, ndraw=40, logz=-20.04, remainder_fraction=11.9309%, Lmin=-10.25, Lmax=-9.86
15:27:27 [ultranest] [DEBUG] iteration=4137, ncalls=14275, regioncalls=556800, ndraw=40, logz=-20.03, remainder_fraction=11.4313%, Lmin=-10.24, Lmax=-9.86
15:27:28 [ultranest] [DEBUG] iteration=4156, ncalls=14315, regioncalls=558400, ndraw=40, logz=-20.02, remainder_fraction=10.9086%, Lmin=-10.22, Lmax=-9.86
15:27:28 [ultranest] [DEBUG] iteration=4160, ncalls=14321, regioncalls=558640, ndraw=40, logz=-20.02, remainder_fraction=10.8067%, Lmin=-10.22, Lmax=-9.86
15:27:28 [ultranest] [DEBUG] iteration=4184, ncalls=14365, regioncalls=560400, ndraw=40, logz=-20.02, remainder_fraction=10.1678%, Lmin=-10.20, Lmax=-9.86
15:27:28 [ultranest] [DEBUG] iteration=4200, ncalls=14386, regioncalls=561240, ndraw=40, logz=-20.01, remainder_fraction=9.7650%, Lmin=-10.19, Lmax=-9.86
15:27:28 [ultranest] [DEBUG] iteration=4214, ncalls=14406, regioncalls=562160, ndraw=40, logz=-20.01, remainder_fraction=9.4317%, Lmin=-10.19, Lmax=-9.86
15:27:28 [ultranest] [DEBUG] iteration=4236, ncalls=14448, regioncalls=563840, ndraw=40, logz=-20.00, remainder_fraction=8.9183%, Lmin=-10.18, Lmax=-9.86
15:27:28 [ultranest] [DEBUG] iteration=4240, ncalls=14458, regioncalls=564240, ndraw=40, logz=-20.00, remainder_fraction=8.8253%, Lmin=-10.18, Lmax=-9.86
15:27:28 [ultranest] [DEBUG] iteration=4261, ncalls=14503, regioncalls=566040, ndraw=40, logz=-19.99, remainder_fraction=8.3739%, Lmin=-10.17, Lmax=-9.86
15:27:28 [ultranest] [DEBUG] iteration=4280, ncalls=14542, regioncalls=567600, ndraw=40, logz=-19.99, remainder_fraction=7.9687%, Lmin=-10.15, Lmax=-9.86
15:27:28 [ultranest] [DEBUG] iteration=4291, ncalls=14569, regioncalls=568720, ndraw=40, logz=-19.99, remainder_fraction=7.7495%, Lmin=-10.15, Lmax=-9.86
15:27:28 [ultranest] [DEBUG] iteration=4310, ncalls=14604, regioncalls=570200, ndraw=40, logz=-19.98, remainder_fraction=7.3866%, Lmin=-10.14, Lmax=-9.86
15:27:28 [ultranest] [DEBUG] iteration=4320, ncalls=14620, regioncalls=570840, ndraw=40, logz=-19.98, remainder_fraction=7.1982%, Lmin=-10.13, Lmax=-9.86
15:27:28 [ultranest] [DEBUG] iteration=4343, ncalls=14663, regioncalls=572560, ndraw=40, logz=-19.98, remainder_fraction=6.7840%, Lmin=-10.12, Lmax=-9.86
15:27:29 [ultranest] [DEBUG] iteration=4360, ncalls=14697, regioncalls=573920, ndraw=40, logz=-19.97, remainder_fraction=6.4950%, Lmin=-10.11, Lmax=-9.86
15:27:29 [ultranest] [DEBUG] iteration=4368, ncalls=14724, regioncalls=575080, ndraw=40, logz=-19.97, remainder_fraction=6.3561%, Lmin=-10.10, Lmax=-9.86
15:27:29 [ultranest] [DEBUG] iteration=4390, ncalls=14761, regioncalls=576560, ndraw=40, logz=-19.97, remainder_fraction=5.9994%, Lmin=-10.09, Lmax=-9.86
15:27:29 [ultranest] [DEBUG] iteration=4400, ncalls=14781, regioncalls=577360, ndraw=40, logz=-19.97, remainder_fraction=5.8468%, Lmin=-10.09, Lmax=-9.86
15:27:29 [ultranest] [DEBUG] iteration=4423, ncalls=14826, regioncalls=579160, ndraw=40, logz=-19.96, remainder_fraction=5.4965%, Lmin=-10.08, Lmax=-9.86
15:27:29 [ultranest] [DEBUG] iteration=4440, ncalls=14855, regioncalls=580320, ndraw=40, logz=-19.96, remainder_fraction=5.2482%, Lmin=-10.07, Lmax=-9.86
15:27:29 [ultranest] [DEBUG] iteration=4445, ncalls=14864, regioncalls=580760, ndraw=40, logz=-19.96, remainder_fraction=5.1771%, Lmin=-10.07, Lmax=-9.86
15:27:29 [ultranest] [DEBUG] iteration=4465, ncalls=14899, regioncalls=582160, ndraw=40, logz=-19.96, remainder_fraction=4.9082%, Lmin=-10.06, Lmax=-9.86
15:27:29 [ultranest] [DEBUG] iteration=4480, ncalls=14924, regioncalls=583160, ndraw=40, logz=-19.96, remainder_fraction=4.7107%, Lmin=-10.05, Lmax=-9.86
15:27:29 [ultranest] [DEBUG] iteration=4501, ncalls=14972, regioncalls=585080, ndraw=40, logz=-19.95, remainder_fraction=4.4517%, Lmin=-10.05, Lmax=-9.86
15:27:29 [ultranest] [DEBUG] iteration=4520, ncalls=15012, regioncalls=586680, ndraw=40, logz=-19.95, remainder_fraction=4.2344%, Lmin=-10.04, Lmax=-9.86
15:27:29 [ultranest] [DEBUG] iteration=4522, ncalls=15014, regioncalls=586800, ndraw=40, logz=-19.95, remainder_fraction=4.2113%, Lmin=-10.04, Lmax=-9.86
15:27:29 [ultranest] [DEBUG] iteration=4544, ncalls=15049, regioncalls=588200, ndraw=40, logz=-19.95, remainder_fraction=3.9678%, Lmin=-10.03, Lmax=-9.86
15:27:30 [ultranest] [DEBUG] iteration=4560, ncalls=15075, regioncalls=589240, ndraw=40, logz=-19.95, remainder_fraction=3.7968%, Lmin=-10.02, Lmax=-9.86
15:27:30 [ultranest] [DEBUG] iteration=4584, ncalls=15117, regioncalls=590920, ndraw=40, logz=-19.94, remainder_fraction=3.5578%, Lmin=-10.01, Lmax=-9.86
15:27:30 [ultranest] [DEBUG] iteration=4599, ncalls=15150, regioncalls=592320, ndraw=40, logz=-19.94, remainder_fraction=3.4140%, Lmin=-10.01, Lmax=-9.86
15:27:30 [ultranest] [DEBUG] iteration=4600, ncalls=15153, regioncalls=592440, ndraw=40, logz=-19.94, remainder_fraction=3.4045%, Lmin=-10.01, Lmax=-9.86
15:27:30 [ultranest] [DEBUG] iteration=4623, ncalls=15187, regioncalls=593800, ndraw=40, logz=-19.94, remainder_fraction=3.1938%, Lmin=-10.00, Lmax=-9.86
15:27:30 [ultranest] [DEBUG] iteration=4640, ncalls=15208, regioncalls=594640, ndraw=40, logz=-19.94, remainder_fraction=3.0476%, Lmin=-10.00, Lmax=-9.86
15:27:30 [ultranest] [DEBUG] iteration=4662, ncalls=15251, regioncalls=596360, ndraw=40, logz=-19.94, remainder_fraction=2.8676%, Lmin=-9.99, Lmax=-9.86
15:27:30 [ultranest] [DEBUG] iteration=4676, ncalls=15283, regioncalls=597680, ndraw=40, logz=-19.94, remainder_fraction=2.7581%, Lmin=-9.99, Lmax=-9.86
15:27:30 [ultranest] [DEBUG] iteration=4680, ncalls=15289, regioncalls=597920, ndraw=40, logz=-19.93, remainder_fraction=2.7286%, Lmin=-9.99, Lmax=-9.86
15:27:30 [ultranest] [DEBUG] iteration=4704, ncalls=15325, regioncalls=599360, ndraw=40, logz=-19.93, remainder_fraction=2.5507%, Lmin=-9.98, Lmax=-9.86
15:27:30 [ultranest] [DEBUG] iteration=4720, ncalls=15349, regioncalls=600320, ndraw=40, logz=-19.93, remainder_fraction=2.4403%, Lmin=-9.98, Lmax=-9.86
15:27:30 [ultranest] [DEBUG] iteration=4743, ncalls=15391, regioncalls=602000, ndraw=40, logz=-19.93, remainder_fraction=2.2896%, Lmin=-9.97, Lmax=-9.86
15:27:30 [ultranest] [DEBUG] iteration=4753, ncalls=15415, regioncalls=603000, ndraw=40, logz=-19.93, remainder_fraction=2.2275%, Lmin=-9.97, Lmax=-9.86
15:27:30 [ultranest] [DEBUG] iteration=4760, ncalls=15429, regioncalls=603560, ndraw=40, logz=-19.93, remainder_fraction=2.1853%, Lmin=-9.97, Lmax=-9.86
15:27:31 [ultranest] [DEBUG] iteration=4780, ncalls=15471, regioncalls=605240, ndraw=40, logz=-19.93, remainder_fraction=2.0659%, Lmin=-9.96, Lmax=-9.86
15:27:31 [ultranest] [DEBUG] iteration=4800, ncalls=15518, regioncalls=607120, ndraw=40, logz=-19.93, remainder_fraction=1.9545%, Lmin=-9.96, Lmax=-9.86
15:27:31 [ultranest] [INFO] Explored until L=-1e+01  
15:27:31 [ultranest] [INFO] Likelihood function evaluations: 15550
15:27:32 [ultranest] [INFO] Writing samples and results to disk ...
15:27:32 [ultranest] [INFO] Writing samples and results to disk ... done
15:27:32 [ultranest] [DEBUG] did a run_iter pass!
15:27:32 [ultranest] [INFO]   logZ = -19.91 +- 0.1238
15:27:32 [ultranest] [INFO] Effective samples strategy satisfied (ESS = 1762.5, need >400)
15:27:32 [ultranest] [INFO] Posterior uncertainty strategy is satisfied (KL: 0.46+-0.05 nat, need <0.50 nat)
15:27:32 [ultranest] [INFO] Evidency uncertainty strategy is satisfied (dlogz=0.13, need <0.5)
15:27:32 [ultranest] [INFO]   logZ error budget: single: 0.16 bs:0.12 tail:0.02 total:0.13 required:<0.50
15:27:32 [ultranest] [INFO] done iterating.
15:27:32 [ultranest] [DEBUG] Making corner plot ...
15:27:34 [ultranest] [DEBUG] Making corner plot ... done
15:27:34 [ultranest] [DEBUG] Making run plot ... 
15:27:34 [ultranest] [DEBUG] Making run plot ... done
15:27:34 [ultranest] [DEBUG] Making trace plot ... 
15:27:36 [ultranest] [DEBUG] Making trace plot ... done
