08:17:02 [ultranest] [DEBUG] ReactiveNestedSampler: dims=3+0, resume=True, log_dir=/home/orion51/Desktop/Research/spectral_fitting/FGL_spectral_fitting/Individual_sources/2CXOJ111633.3+181420/powerlaw_out_, backend=hdf5, vectorized=False, nbootstraps=30, ndraw=128..65536
08:17:02 [ultranest] [INFO] Sampling 400 live points from prior ...
08:17:07 [ultranest] [DEBUG] run_iter dlogz=0.5, dKL=0.5, frac_remain=0.01, Lepsilon=0.1000, min_ess=400
08:17:07 [ultranest] [DEBUG] max_iters=-1, max_ncalls=-1, max_num_improvement_loops=-1, min_num_live_points=400, cluster_num_live_points=40
08:17:07 [ultranest] [DEBUG] minimal_widths_sequence: [(-inf, 400.0), (inf, 400.0)]
08:17:08 [ultranest] [DEBUG] iteration=0, ncalls=401, regioncalls=40, ndraw=40, logz=-inf, remainder_fraction=100.0000%, Lmin=-191302786324.45, Lmax=-31.21
08:17:08 [ultranest] [DEBUG] iteration=5, ncalls=406, regioncalls=240, ndraw=40, logz=-6135952827.28, remainder_fraction=100.0000%, Lmin=-4338494351.75, Lmax=-31.21
08:17:08 [ultranest] [DEBUG] iteration=9, ncalls=411, regioncalls=440, ndraw=40, logz=-3349490224.67, remainder_fraction=100.0000%, Lmin=-3280801023.63, Lmax=-31.21
08:17:08 [ultranest] [DEBUG] iteration=14, ncalls=416, regioncalls=640, ndraw=40, logz=-1633094521.67, remainder_fraction=100.0000%, Lmin=-1529638919.68, Lmax=-31.21
08:17:08 [ultranest] [DEBUG] iteration=19, ncalls=421, regioncalls=840, ndraw=40, logz=-1024290429.76, remainder_fraction=100.0000%, Lmin=-968549501.77, Lmax=-31.21
08:17:08 [ultranest] [DEBUG] iteration=24, ncalls=426, regioncalls=1040, ndraw=40, logz=-381678274.99, remainder_fraction=100.0000%, Lmin=-356919522.35, Lmax=-31.21
08:17:08 [ultranest] [DEBUG] iteration=29, ncalls=432, regioncalls=1280, ndraw=40, logz=-321703661.18, remainder_fraction=100.0000%, Lmin=-252533955.68, Lmax=-31.21
08:17:08 [ultranest] [DEBUG] iteration=40, ncalls=443, regioncalls=1720, ndraw=40, logz=-108944085.36, remainder_fraction=100.0000%, Lmin=-101673439.23, Lmax=-31.21
08:17:08 [ultranest] [DEBUG] iteration=70, ncalls=480, regioncalls=3200, ndraw=40, logz=-8417052.73, remainder_fraction=100.0000%, Lmin=-8200789.53, Lmax=-31.21
08:17:08 [ultranest] [DEBUG] iteration=80, ncalls=492, regioncalls=3680, ndraw=40, logz=-4359174.70, remainder_fraction=100.0000%, Lmin=-4173038.23, Lmax=-31.21
08:17:08 [ultranest] [DEBUG] iteration=90, ncalls=504, regioncalls=4160, ndraw=40, logz=-1885859.81, remainder_fraction=100.0000%, Lmin=-1833874.13, Lmax=-31.21
08:17:09 [ultranest] [DEBUG] iteration=118, ncalls=537, regioncalls=5480, ndraw=40, logz=-283265.75, remainder_fraction=100.0000%, Lmin=-268538.99, Lmax=-31.21
08:17:09 [ultranest] [DEBUG] iteration=120, ncalls=539, regioncalls=5560, ndraw=40, logz=-250534.29, remainder_fraction=100.0000%, Lmin=-239676.07, Lmax=-31.21
08:17:09 [ultranest] [DEBUG] iteration=149, ncalls=575, regioncalls=7000, ndraw=40, logz=-38559.80, remainder_fraction=100.0000%, Lmin=-34956.53, Lmax=-31.21
08:17:09 [ultranest] [DEBUG] iteration=160, ncalls=589, regioncalls=7560, ndraw=40, logz=-20795.07, remainder_fraction=100.0000%, Lmin=-19339.41, Lmax=-31.21
08:17:09 [ultranest] [DEBUG] iteration=180, ncalls=614, regioncalls=8560, ndraw=40, logz=-11279.04, remainder_fraction=100.0000%, Lmin=-10261.02, Lmax=-31.21
08:17:09 [ultranest] [DEBUG] iteration=200, ncalls=646, regioncalls=9840, ndraw=40, logz=-4738.64, remainder_fraction=100.0000%, Lmin=-4582.90, Lmax=-31.21
08:17:09 [ultranest] [DEBUG] iteration=227, ncalls=681, regioncalls=11240, ndraw=40, logz=-1139.50, remainder_fraction=100.0000%, Lmin=-1129.14, Lmax=-31.21
08:17:09 [ultranest] [DEBUG] iteration=240, ncalls=700, regioncalls=12000, ndraw=40, logz=-757.11, remainder_fraction=100.0000%, Lmin=-718.00, Lmax=-31.21
08:17:09 [ultranest] [DEBUG] iteration=269, ncalls=738, regioncalls=13520, ndraw=40, logz=-228.41, remainder_fraction=100.0000%, Lmin=-212.45, Lmax=-31.21
08:17:09 [ultranest] [DEBUG] iteration=270, ncalls=740, regioncalls=13600, ndraw=40, logz=-219.12, remainder_fraction=100.0000%, Lmin=-210.33, Lmax=-31.21
08:17:09 [ultranest] [DEBUG] iteration=280, ncalls=751, regioncalls=14040, ndraw=40, logz=-183.76, remainder_fraction=100.0000%, Lmin=-174.58, Lmax=-31.21
08:17:09 [ultranest] [DEBUG] Plateau detected at L=-1.512325e+02, not replacing live point.
08:17:09 [ultranest] [DEBUG] Plateau detected at L=-1.512325e+02, not replacing live point.
08:17:09 [ultranest] [DEBUG] iteration=299, ncalls=773, regioncalls=14920, ndraw=40, logz=-157.20, remainder_fraction=100.0000%, Lmin=-151.23, Lmax=-31.21
08:17:09 [ultranest] [DEBUG] Plateau detected at L=-1.512325e+02, not replacing live point.
08:17:09 [ultranest] [DEBUG] Plateau detected at L=-1.512325e+02, not replacing live point.
08:17:09 [ultranest] [DEBUG] Plateau detected at L=-1.512325e+02, not replacing live point.
08:17:09 [ultranest] [DEBUG] Plateau detected at L=-1.512325e+02, not replacing live point.
08:17:09 [ultranest] [DEBUG] Plateau detected at L=-1.512325e+02, not replacing live point.
08:17:09 [ultranest] [DEBUG] Plateau detected at L=-1.512325e+02, not replacing live point.
08:17:09 [ultranest] [DEBUG] Plateau detected at L=-1.512325e+02, not replacing live point.
08:17:09 [ultranest] [DEBUG] Plateau detected at L=-1.512325e+02, not replacing live point.
08:17:09 [ultranest] [DEBUG] Plateau detected at L=-1.512325e+02, not replacing live point.
08:17:09 [ultranest] [DEBUG] Plateau detected at L=-1.512325e+02, not replacing live point.
08:17:09 [ultranest] [DEBUG] Plateau detected at L=-1.512325e+02, not replacing live point.
08:17:09 [ultranest] [DEBUG] Plateau detected at L=-1.512325e+02, not replacing live point.
08:17:09 [ultranest] [DEBUG] Plateau detected at L=-1.512325e+02, not replacing live point.
08:17:09 [ultranest] [DEBUG] Plateau detected at L=-1.512325e+02, not replacing live point.
08:17:09 [ultranest] [DEBUG] Plateau detected at L=-1.512325e+02, not replacing live point.
08:17:09 [ultranest] [DEBUG] Plateau detected at L=-1.512325e+02, not replacing live point.
08:17:09 [ultranest] [DEBUG] Plateau detected at L=-1.512325e+02, not replacing live point.
08:17:09 [ultranest] [DEBUG] Plateau detected at L=-1.512325e+02, not replacing live point.
08:17:09 [ultranest] [DEBUG] Plateau detected at L=-1.512325e+02, not replacing live point.
08:17:09 [ultranest] [DEBUG] Plateau detected at L=-1.512325e+02, not replacing live point.
08:17:09 [ultranest] [DEBUG] Plateau detected at L=-1.512325e+02, not replacing live point.
08:17:09 [ultranest] [DEBUG] Plateau detected at L=-1.512325e+02, not replacing live point.
08:17:09 [ultranest] [DEBUG] Plateau detected at L=-1.512325e+02, not replacing live point.
08:17:09 [ultranest] [DEBUG] Plateau detected at L=-1.512325e+02, not replacing live point.
08:17:09 [ultranest] [DEBUG] Plateau detected at L=-1.512325e+02, not replacing live point.
08:17:09 [ultranest] [DEBUG] Plateau detected at L=-1.512325e+02, not replacing live point.
08:17:09 [ultranest] [DEBUG] Plateau detected at L=-1.512325e+02, not replacing live point.
08:17:09 [ultranest] [DEBUG] Plateau detected at L=-1.512325e+02, not replacing live point.
08:17:09 [ultranest] [DEBUG] Plateau detected at L=-1.512325e+02, not replacing live point.
08:17:09 [ultranest] [DEBUG] Plateau detected at L=-1.512325e+02, not replacing live point.
08:17:09 [ultranest] [DEBUG] Plateau detected at L=-1.512325e+02, not replacing live point.
08:17:09 [ultranest] [DEBUG] Plateau detected at L=-1.512325e+02, not replacing live point.
08:17:09 [ultranest] [DEBUG] Plateau detected at L=-1.512325e+02, not replacing live point.
08:17:09 [ultranest] [DEBUG] Plateau detected at L=-1.512325e+02, not replacing live point.
08:17:09 [ultranest] [DEBUG] Plateau detected at L=-1.512325e+02, not replacing live point.
08:17:09 [ultranest] [DEBUG] Plateau detected at L=-1.512325e+02, not replacing live point.
08:17:09 [ultranest] [DEBUG] Plateau detected at L=-1.512325e+02, not replacing live point.
08:17:09 [ultranest] [DEBUG] Plateau detected at L=-1.512325e+02, not replacing live point.
08:17:09 [ultranest] [DEBUG] Plateau detected at L=-1.512325e+02, not replacing live point.
08:17:09 [ultranest] [DEBUG] Plateau detected at L=-1.512325e+02, not replacing live point.
08:17:09 [ultranest] [DEBUG] Plateau detected at L=-1.512325e+02, not replacing live point.
08:17:09 [ultranest] [DEBUG] Plateau detected at L=-1.512325e+02, not replacing live point.
08:17:09 [ultranest] [DEBUG] Plateau detected at L=-1.512325e+02, not replacing live point.
08:17:09 [ultranest] [DEBUG] Plateau detected at L=-1.512325e+02, not replacing live point.
08:17:09 [ultranest] [DEBUG] Plateau detected at L=-1.512325e+02, not replacing live point.
08:17:09 [ultranest] [DEBUG] Plateau detected at L=-1.512325e+02, not replacing live point.
08:17:09 [ultranest] [DEBUG] Plateau detected at L=-1.512325e+02, not replacing live point.
08:17:09 [ultranest] [DEBUG] Plateau detected at L=-1.512325e+02, not replacing live point.
08:17:09 [ultranest] [DEBUG] Plateau detected at L=-1.512325e+02, not replacing live point.
08:17:09 [ultranest] [DEBUG] Plateau detected at L=-1.512325e+02, not replacing live point.
08:17:09 [ultranest] [DEBUG] Plateau detected at L=-1.512325e+02, not replacing live point.
08:17:09 [ultranest] [DEBUG] Plateau detected at L=-1.512325e+02, not replacing live point.
08:17:09 [ultranest] [DEBUG] Plateau detected at L=-1.512325e+02, not replacing live point.
08:17:09 [ultranest] [DEBUG] Plateau detected at L=-1.512325e+02, not replacing live point.
08:17:09 [ultranest] [DEBUG] Plateau detected at L=-1.512325e+02, not replacing live point.
08:17:09 [ultranest] [DEBUG] Plateau detected at L=-1.512325e+02, not replacing live point.
08:17:09 [ultranest] [DEBUG] Plateau detected at L=-1.512325e+02, not replacing live point.
08:17:09 [ultranest] [DEBUG] Plateau detected at L=-1.512325e+02, not replacing live point.
08:17:09 [ultranest] [DEBUG] Plateau detected at L=-1.512325e+02, not replacing live point.
08:17:09 [ultranest] [DEBUG] Plateau detected at L=-1.512325e+02, not replacing live point.
08:17:09 [ultranest] [DEBUG] Plateau detected at L=-1.512325e+02, not replacing live point.
08:17:09 [ultranest] [DEBUG] Plateau detected at L=-1.512325e+02, not replacing live point.
08:17:09 [ultranest] [DEBUG] Plateau detected at L=-1.512325e+02, not replacing live point.
08:17:09 [ultranest] [DEBUG] Plateau detected at L=-1.512325e+02, not replacing live point.
08:17:09 [ultranest] [DEBUG] Plateau detected at L=-1.512325e+02, not replacing live point.
08:17:09 [ultranest] [DEBUG] Plateau detected at L=-1.512325e+02, not replacing live point.
08:17:09 [ultranest] [DEBUG] Plateau detected at L=-1.512325e+02, not replacing live point.
08:17:09 [ultranest] [DEBUG] Plateau detected at L=-1.512325e+02, not replacing live point.
08:17:09 [ultranest] [DEBUG] iteration=368, ncalls=774, regioncalls=14960, ndraw=40, logz=-153.70, remainder_fraction=100.0000%, Lmin=-151.23, Lmax=-31.21
08:17:09 [ultranest] [DEBUG] Plateau detected at L=-1.512325e+02, not replacing live point.
08:17:09 [ultranest] [DEBUG] iteration=370, ncalls=777, regioncalls=15080, ndraw=40, logz=-153.68, remainder_fraction=100.0000%, Lmin=-151.23, Lmax=-31.21
08:17:09 [ultranest] [DEBUG] iteration=389, ncalls=814, regioncalls=16560, ndraw=40, logz=-153.45, remainder_fraction=100.0000%, Lmin=-151.23, Lmax=-31.21
08:17:09 [ultranest] [DEBUG] iteration=400, ncalls=828, regioncalls=17120, ndraw=40, logz=-153.35, remainder_fraction=100.0000%, Lmin=-151.23, Lmax=-31.21
08:17:10 [ultranest] [DEBUG] iteration=423, ncalls=872, regioncalls=18880, ndraw=40, logz=-153.17, remainder_fraction=100.0000%, Lmin=-151.23, Lmax=-31.21
08:17:10 [ultranest] [DEBUG] iteration=440, ncalls=916, regioncalls=20640, ndraw=40, logz=-153.06, remainder_fraction=100.0000%, Lmin=-151.23, Lmax=-31.21
08:17:10 [ultranest] [DEBUG] iteration=444, ncalls=926, regioncalls=21040, ndraw=40, logz=-153.03, remainder_fraction=100.0000%, Lmin=-151.23, Lmax=-31.21
08:17:10 [ultranest] [DEBUG] iteration=464, ncalls=967, regioncalls=22680, ndraw=40, logz=-152.93, remainder_fraction=100.0000%, Lmin=-151.23, Lmax=-31.21
08:17:10 [ultranest] [DEBUG] iteration=478, ncalls=1013, regioncalls=24520, ndraw=40, logz=-152.86, remainder_fraction=100.0000%, Lmin=-151.23, Lmax=-31.21
08:17:10 [ultranest] [DEBUG] iteration=480, ncalls=1017, regioncalls=24680, ndraw=40, logz=-152.85, remainder_fraction=100.0000%, Lmin=-151.23, Lmax=-31.21
08:17:10 [ultranest] [DEBUG] iteration=498, ncalls=1066, regioncalls=26640, ndraw=40, logz=-152.78, remainder_fraction=100.0000%, Lmin=-151.23, Lmax=-31.21
08:17:10 [ultranest] [DEBUG] iteration=519, ncalls=1104, regioncalls=28160, ndraw=40, logz=-152.71, remainder_fraction=100.0000%, Lmin=-151.22, Lmax=-31.21
08:17:10 [ultranest] [DEBUG] iteration=520, ncalls=1105, regioncalls=28200, ndraw=40, logz=-152.70, remainder_fraction=100.0000%, Lmin=-151.22, Lmax=-31.21
08:17:10 [ultranest] [DEBUG] iteration=537, ncalls=1147, regioncalls=29880, ndraw=40, logz=-152.65, remainder_fraction=100.0000%, Lmin=-151.20, Lmax=-22.39
08:17:10 [ultranest] [DEBUG] iteration=550, ncalls=1202, regioncalls=32080, ndraw=40, logz=-152.61, remainder_fraction=100.0000%, Lmin=-151.18, Lmax=-22.39
08:17:10 [ultranest] [DEBUG] iteration=560, ncalls=1242, regioncalls=33680, ndraw=40, logz=-152.58, remainder_fraction=100.0000%, Lmin=-151.12, Lmax=-22.39
08:17:11 [ultranest] [DEBUG] iteration=575, ncalls=1293, regioncalls=35720, ndraw=40, logz=-152.54, remainder_fraction=100.0000%, Lmin=-151.01, Lmax=-22.39
08:17:11 [ultranest] [DEBUG] iteration=590, ncalls=1342, regioncalls=37680, ndraw=40, logz=-152.50, remainder_fraction=100.0000%, Lmin=-150.88, Lmax=-17.90
08:17:11 [ultranest] [DEBUG] iteration=592, ncalls=1345, regioncalls=37800, ndraw=40, logz=-152.49, remainder_fraction=100.0000%, Lmin=-150.87, Lmax=-17.90
08:17:11 [ultranest] [DEBUG] iteration=600, ncalls=1356, regioncalls=38240, ndraw=40, logz=-152.47, remainder_fraction=100.0000%, Lmin=-150.75, Lmax=-17.90
08:17:11 [ultranest] [DEBUG] iteration=618, ncalls=1400, regioncalls=40000, ndraw=40, logz=-152.40, remainder_fraction=100.0000%, Lmin=-150.44, Lmax=-17.90
08:17:11 [ultranest] [DEBUG] iteration=632, ncalls=1457, regioncalls=42280, ndraw=40, logz=-152.34, remainder_fraction=100.0000%, Lmin=-150.20, Lmax=-17.90
08:17:11 [ultranest] [DEBUG] iteration=640, ncalls=1473, regioncalls=42920, ndraw=40, logz=-152.30, remainder_fraction=100.0000%, Lmin=-150.01, Lmax=-17.90
08:17:11 [ultranest] [DEBUG] iteration=657, ncalls=1521, regioncalls=44840, ndraw=40, logz=-152.21, remainder_fraction=100.0000%, Lmin=-149.53, Lmax=-17.90
08:17:11 [ultranest] [DEBUG] iteration=672, ncalls=1567, regioncalls=46680, ndraw=40, logz=-152.09, remainder_fraction=100.0000%, Lmin=-149.18, Lmax=-17.90
08:17:11 [ultranest] [DEBUG] iteration=680, ncalls=1590, regioncalls=47600, ndraw=40, logz=-152.01, remainder_fraction=100.0000%, Lmin=-148.90, Lmax=-17.90
08:17:11 [ultranest] [DEBUG] iteration=696, ncalls=1638, regioncalls=49520, ndraw=40, logz=-151.83, remainder_fraction=100.0000%, Lmin=-148.37, Lmax=-17.90
08:17:11 [ultranest] [DEBUG] iteration=711, ncalls=1686, regioncalls=51440, ndraw=40, logz=-151.59, remainder_fraction=100.0000%, Lmin=-147.82, Lmax=-17.90
08:17:11 [ultranest] [DEBUG] iteration=720, ncalls=1703, regioncalls=52120, ndraw=40, logz=-151.43, remainder_fraction=100.0000%, Lmin=-147.58, Lmax=-17.90
08:17:12 [ultranest] [DEBUG] iteration=735, ncalls=1752, regioncalls=54080, ndraw=40, logz=-151.06, remainder_fraction=100.0000%, Lmin=-146.70, Lmax=-17.90
08:17:12 [ultranest] [DEBUG] iteration=740, ncalls=1768, regioncalls=54720, ndraw=40, logz=-150.88, remainder_fraction=100.0000%, Lmin=-146.21, Lmax=-17.90
08:17:12 [ultranest] [DEBUG] iteration=760, ncalls=1804, regioncalls=56160, ndraw=40, logz=-150.07, remainder_fraction=100.0000%, Lmin=-145.36, Lmax=-17.90
08:17:12 [ultranest] [DEBUG] iteration=778, ncalls=1848, regioncalls=57920, ndraw=40, logz=-149.11, remainder_fraction=100.0000%, Lmin=-143.98, Lmax=-17.90
08:17:12 [ultranest] [DEBUG] iteration=793, ncalls=1900, regioncalls=60000, ndraw=40, logz=-148.16, remainder_fraction=100.0000%, Lmin=-142.61, Lmax=-17.90
08:17:12 [ultranest] [DEBUG] iteration=800, ncalls=1913, regioncalls=60520, ndraw=40, logz=-147.56, remainder_fraction=100.0000%, Lmin=-141.91, Lmax=-17.90
08:17:12 [ultranest] [DEBUG] iteration=814, ncalls=1943, regioncalls=61720, ndraw=40, logz=-146.39, remainder_fraction=100.0000%, Lmin=-140.20, Lmax=-17.90
08:17:12 [ultranest] [DEBUG] iteration=833, ncalls=1983, regioncalls=63320, ndraw=40, logz=-143.94, remainder_fraction=100.0000%, Lmin=-138.10, Lmax=-17.90
08:17:12 [ultranest] [DEBUG] iteration=840, ncalls=1996, regioncalls=63840, ndraw=40, logz=-143.14, remainder_fraction=100.0000%, Lmin=-137.14, Lmax=-17.90
08:17:12 [ultranest] [DEBUG] iteration=854, ncalls=2044, regioncalls=65760, ndraw=40, logz=-141.72, remainder_fraction=100.0000%, Lmin=-135.63, Lmax=-17.90
08:17:12 [ultranest] [DEBUG] iteration=867, ncalls=2097, regioncalls=67880, ndraw=40, logz=-139.97, remainder_fraction=100.0000%, Lmin=-133.70, Lmax=-17.90
08:17:12 [ultranest] [DEBUG] iteration=880, ncalls=2146, regioncalls=69840, ndraw=40, logz=-138.66, remainder_fraction=100.0000%, Lmin=-132.85, Lmax=-17.90
08:17:13 [ultranest] [DEBUG] iteration=888, ncalls=2167, regioncalls=70680, ndraw=40, logz=-137.96, remainder_fraction=100.0000%, Lmin=-132.01, Lmax=-17.90
08:17:13 [ultranest] [DEBUG] iteration=908, ncalls=2210, regioncalls=72400, ndraw=40, logz=-136.36, remainder_fraction=100.0000%, Lmin=-130.74, Lmax=-17.90
08:17:13 [ultranest] [DEBUG] iteration=920, ncalls=2241, regioncalls=73640, ndraw=40, logz=-135.59, remainder_fraction=100.0000%, Lmin=-129.56, Lmax=-17.90
08:17:13 [ultranest] [DEBUG] iteration=940, ncalls=2287, regioncalls=75480, ndraw=40, logz=-133.73, remainder_fraction=100.0000%, Lmin=-127.48, Lmax=-17.90
08:17:13 [ultranest] [DEBUG] iteration=954, ncalls=2337, regioncalls=77480, ndraw=40, logz=-132.35, remainder_fraction=100.0000%, Lmin=-125.98, Lmax=-17.90
08:17:13 [ultranest] [DEBUG] iteration=960, ncalls=2354, regioncalls=78160, ndraw=40, logz=-131.65, remainder_fraction=100.0000%, Lmin=-125.14, Lmax=-17.90
08:17:13 [ultranest] [DEBUG] iteration=972, ncalls=2399, regioncalls=79960, ndraw=40, logz=-130.04, remainder_fraction=100.0000%, Lmin=-122.61, Lmax=-17.90
08:17:13 [ultranest] [DEBUG] iteration=985, ncalls=2445, regioncalls=81800, ndraw=40, logz=-127.72, remainder_fraction=100.0000%, Lmin=-121.19, Lmax=-17.90
08:17:13 [ultranest] [DEBUG] iteration=997, ncalls=2494, regioncalls=83760, ndraw=40, logz=-126.36, remainder_fraction=100.0000%, Lmin=-119.80, Lmax=-17.90
08:17:13 [ultranest] [DEBUG] iteration=1000, ncalls=2507, regioncalls=84280, ndraw=40, logz=-126.00, remainder_fraction=100.0000%, Lmin=-119.50, Lmax=-17.90
08:17:13 [ultranest] [DEBUG] iteration=1013, ncalls=2568, regioncalls=86720, ndraw=40, logz=-124.73, remainder_fraction=100.0000%, Lmin=-118.48, Lmax=-17.90
08:17:14 [ultranest] [DEBUG] iteration=1030, ncalls=2614, regioncalls=88560, ndraw=40, logz=-122.97, remainder_fraction=100.0000%, Lmin=-116.26, Lmax=-17.90
08:17:14 [ultranest] [DEBUG] iteration=1040, ncalls=2640, regioncalls=89600, ndraw=40, logz=-121.43, remainder_fraction=100.0000%, Lmin=-114.44, Lmax=-17.90
08:17:14 [ultranest] [DEBUG] iteration=1053, ncalls=2682, regioncalls=91280, ndraw=40, logz=-119.33, remainder_fraction=100.0000%, Lmin=-112.52, Lmax=-17.90
08:17:14 [ultranest] [DEBUG] iteration=1066, ncalls=2732, regioncalls=93280, ndraw=40, logz=-117.62, remainder_fraction=100.0000%, Lmin=-110.78, Lmax=-17.90
08:17:14 [ultranest] [DEBUG] iteration=1079, ncalls=2782, regioncalls=95280, ndraw=40, logz=-115.55, remainder_fraction=100.0000%, Lmin=-107.99, Lmax=-17.90
08:17:14 [ultranest] [DEBUG] iteration=1080, ncalls=2783, regioncalls=95320, ndraw=40, logz=-115.32, remainder_fraction=100.0000%, Lmin=-107.65, Lmax=-17.90
08:17:14 [ultranest] [DEBUG] iteration=1094, ncalls=2832, regioncalls=97280, ndraw=40, logz=-113.03, remainder_fraction=100.0000%, Lmin=-106.30, Lmax=-17.90
08:17:14 [ultranest] [DEBUG] iteration=1110, ncalls=2881, regioncalls=99240, ndraw=40, logz=-110.00, remainder_fraction=100.0000%, Lmin=-102.76, Lmax=-17.90
08:17:14 [ultranest] [DEBUG] iteration=1120, ncalls=2923, regioncalls=100920, ndraw=40, logz=-107.99, remainder_fraction=100.0000%, Lmin=-100.23, Lmax=-17.90
08:17:14 [ultranest] [DEBUG] iteration=1135, ncalls=2970, regioncalls=102800, ndraw=40, logz=-105.45, remainder_fraction=100.0000%, Lmin=-98.29, Lmax=-17.90
08:17:14 [ultranest] [DEBUG] iteration=1151, ncalls=3018, regioncalls=104720, ndraw=40, logz=-102.69, remainder_fraction=100.0000%, Lmin=-95.49, Lmax=-17.90
08:17:14 [ultranest] [DEBUG] iteration=1160, ncalls=3041, regioncalls=105640, ndraw=40, logz=-101.00, remainder_fraction=100.0000%, Lmin=-93.31, Lmax=-17.90
08:17:15 [ultranest] [DEBUG] iteration=1176, ncalls=3089, regioncalls=107560, ndraw=40, logz=-98.75, remainder_fraction=100.0000%, Lmin=-91.80, Lmax=-17.90
08:17:15 [ultranest] [DEBUG] iteration=1184, ncalls=3120, regioncalls=108800, ndraw=40, logz=-97.78, remainder_fraction=100.0000%, Lmin=-90.48, Lmax=-17.90
08:17:15 [ultranest] [DEBUG] iteration=1199, ncalls=3163, regioncalls=110520, ndraw=40, logz=-96.22, remainder_fraction=100.0000%, Lmin=-89.08, Lmax=-17.90
08:17:15 [ultranest] [DEBUG] iteration=1200, ncalls=3167, regioncalls=110680, ndraw=40, logz=-96.11, remainder_fraction=100.0000%, Lmin=-89.04, Lmax=-17.90
08:17:15 [ultranest] [DEBUG] iteration=1207, ncalls=3222, regioncalls=112920, ndraw=40, logz=-95.42, remainder_fraction=100.0000%, Lmin=-88.15, Lmax=-17.90
08:17:15 [ultranest] [DEBUG] iteration=1220, ncalls=3273, regioncalls=114960, ndraw=40, logz=-93.21, remainder_fraction=100.0000%, Lmin=-85.69, Lmax=-17.90
08:17:15 [ultranest] [DEBUG] iteration=1234, ncalls=3325, regioncalls=117040, ndraw=40, logz=-91.23, remainder_fraction=100.0000%, Lmin=-83.83, Lmax=-17.90
08:17:15 [ultranest] [DEBUG] iteration=1240, ncalls=3344, regioncalls=117800, ndraw=40, logz=-90.14, remainder_fraction=100.0000%, Lmin=-82.42, Lmax=-17.90
08:17:15 [ultranest] [DEBUG] iteration=1258, ncalls=3392, regioncalls=119720, ndraw=40, logz=-87.78, remainder_fraction=100.0000%, Lmin=-80.67, Lmax=-17.90
08:17:15 [ultranest] [DEBUG] iteration=1270, ncalls=3437, regioncalls=121520, ndraw=40, logz=-86.58, remainder_fraction=100.0000%, Lmin=-78.99, Lmax=-17.90
08:17:15 [ultranest] [DEBUG] iteration=1280, ncalls=3469, regioncalls=122800, ndraw=40, logz=-85.19, remainder_fraction=100.0000%, Lmin=-77.85, Lmax=-17.90
08:17:15 [ultranest] [DEBUG] iteration=1292, ncalls=3519, regioncalls=124800, ndraw=40, logz=-83.76, remainder_fraction=100.0000%, Lmin=-76.19, Lmax=-17.90
08:17:16 [ultranest] [DEBUG] iteration=1305, ncalls=3570, regioncalls=126840, ndraw=40, logz=-82.06, remainder_fraction=100.0000%, Lmin=-73.91, Lmax=-17.90
08:17:16 [ultranest] [DEBUG] iteration=1315, ncalls=3620, regioncalls=128840, ndraw=40, logz=-80.46, remainder_fraction=100.0000%, Lmin=-72.79, Lmax=-17.90
08:17:16 [ultranest] [DEBUG] iteration=1320, ncalls=3657, regioncalls=130320, ndraw=40, logz=-79.86, remainder_fraction=100.0000%, Lmin=-72.34, Lmax=-17.90
08:17:16 [ultranest] [DEBUG] iteration=1331, ncalls=3709, regioncalls=132400, ndraw=40, logz=-78.31, remainder_fraction=100.0000%, Lmin=-70.67, Lmax=-17.90
08:17:16 [ultranest] [DEBUG] iteration=1344, ncalls=3753, regioncalls=134160, ndraw=40, logz=-77.04, remainder_fraction=100.0000%, Lmin=-69.18, Lmax=-17.90
08:17:16 [ultranest] [DEBUG] iteration=1352, ncalls=3804, regioncalls=136200, ndraw=40, logz=-75.88, remainder_fraction=100.0000%, Lmin=-68.32, Lmax=-17.90
08:17:16 [ultranest] [DEBUG] iteration=1360, ncalls=3822, regioncalls=136920, ndraw=40, logz=-74.77, remainder_fraction=100.0000%, Lmin=-66.62, Lmax=-17.90
08:17:16 [ultranest] [DEBUG] iteration=1372, ncalls=3871, regioncalls=138880, ndraw=40, logz=-72.78, remainder_fraction=100.0000%, Lmin=-65.18, Lmax=-17.90
08:17:16 [ultranest] [DEBUG] iteration=1382, ncalls=3924, regioncalls=141040, ndraw=40, logz=-71.53, remainder_fraction=100.0000%, Lmin=-63.85, Lmax=-17.90
08:17:16 [ultranest] [DEBUG] iteration=1392, ncalls=3978, regioncalls=143200, ndraw=40, logz=-70.53, remainder_fraction=100.0000%, Lmin=-63.05, Lmax=-17.90
08:17:17 [ultranest] [DEBUG] iteration=1400, ncalls=4022, regioncalls=144960, ndraw=40, logz=-69.90, remainder_fraction=100.0000%, Lmin=-62.47, Lmax=-17.90
08:17:17 [ultranest] [DEBUG] iteration=1406, ncalls=4059, regioncalls=146440, ndraw=40, logz=-69.43, remainder_fraction=100.0000%, Lmin=-62.09, Lmax=-17.90
08:17:17 [ultranest] [DEBUG] iteration=1421, ncalls=4111, regioncalls=148560, ndraw=40, logz=-67.99, remainder_fraction=100.0000%, Lmin=-60.58, Lmax=-17.90
08:17:17 [ultranest] [DEBUG] iteration=1433, ncalls=4162, regioncalls=150600, ndraw=40, logz=-66.80, remainder_fraction=100.0000%, Lmin=-58.89, Lmax=-17.90
08:17:17 [ultranest] [DEBUG] iteration=1440, ncalls=4216, regioncalls=152760, ndraw=40, logz=-65.94, remainder_fraction=100.0000%, Lmin=-57.96, Lmax=-17.90
08:17:17 [ultranest] [DEBUG] iteration=1452, ncalls=4275, regioncalls=155120, ndraw=40, logz=-64.62, remainder_fraction=100.0000%, Lmin=-56.71, Lmax=-17.90
08:17:17 [ultranest] [DEBUG] iteration=1461, ncalls=4330, regioncalls=157320, ndraw=40, logz=-63.79, remainder_fraction=100.0000%, Lmin=-56.01, Lmax=-17.90
08:17:17 [ultranest] [DEBUG] iteration=1473, ncalls=4380, regioncalls=159320, ndraw=40, logz=-62.68, remainder_fraction=100.0000%, Lmin=-54.85, Lmax=-17.90
08:17:17 [ultranest] [DEBUG] iteration=1480, ncalls=4412, regioncalls=160600, ndraw=40, logz=-62.03, remainder_fraction=100.0000%, Lmin=-54.26, Lmax=-17.90
08:17:17 [ultranest] [DEBUG] iteration=1490, ncalls=4468, regioncalls=162960, ndraw=40, logz=-61.10, remainder_fraction=100.0000%, Lmin=-53.21, Lmax=-17.90
08:17:18 [ultranest] [DEBUG] iteration=1500, ncalls=4518, regioncalls=164960, ndraw=40, logz=-60.19, remainder_fraction=100.0000%, Lmin=-52.42, Lmax=-17.90
08:17:18 [ultranest] [DEBUG] iteration=1510, ncalls=4569, regioncalls=167000, ndraw=40, logz=-59.47, remainder_fraction=100.0000%, Lmin=-51.99, Lmax=-17.90
08:17:18 [ultranest] [DEBUG] iteration=1517, ncalls=4625, regioncalls=169240, ndraw=40, logz=-59.04, remainder_fraction=100.0000%, Lmin=-51.54, Lmax=-17.90
08:17:18 [ultranest] [DEBUG] iteration=1520, ncalls=4639, regioncalls=169800, ndraw=40, logz=-58.86, remainder_fraction=100.0000%, Lmin=-51.27, Lmax=-17.90
08:17:18 [ultranest] [DEBUG] iteration=1525, ncalls=4694, regioncalls=172000, ndraw=40, logz=-58.54, remainder_fraction=100.0000%, Lmin=-50.91, Lmax=-17.90
08:17:18 [ultranest] [DEBUG] iteration=1536, ncalls=4753, regioncalls=174360, ndraw=40, logz=-57.53, remainder_fraction=100.0000%, Lmin=-49.64, Lmax=-17.90
08:17:18 [ultranest] [DEBUG] iteration=1544, ncalls=4809, regioncalls=176600, ndraw=40, logz=-56.77, remainder_fraction=100.0000%, Lmin=-48.80, Lmax=-17.90
08:17:18 [ultranest] [DEBUG] iteration=1553, ncalls=4862, regioncalls=178720, ndraw=40, logz=-56.06, remainder_fraction=100.0000%, Lmin=-48.39, Lmax=-17.90
08:17:18 [ultranest] [DEBUG] iteration=1554, ncalls=4871, regioncalls=179120, ndraw=40, logz=-55.99, remainder_fraction=100.0000%, Lmin=-48.34, Lmax=-17.90
08:17:18 [ultranest] [DEBUG] iteration=1560, ncalls=4886, regioncalls=179720, ndraw=40, logz=-55.57, remainder_fraction=100.0000%, Lmin=-47.78, Lmax=-17.40
08:17:18 [ultranest] [DEBUG] iteration=1572, ncalls=4932, regioncalls=181560, ndraw=40, logz=-54.81, remainder_fraction=100.0000%, Lmin=-47.23, Lmax=-17.40
08:17:19 [ultranest] [DEBUG] iteration=1580, ncalls=4987, regioncalls=183760, ndraw=40, logz=-54.37, remainder_fraction=100.0000%, Lmin=-46.76, Lmax=-17.40
08:17:19 [ultranest] [DEBUG] iteration=1588, ncalls=5039, regioncalls=185840, ndraw=40, logz=-53.91, remainder_fraction=100.0000%, Lmin=-46.09, Lmax=-17.40
08:17:19 [ultranest] [DEBUG] iteration=1599, ncalls=5090, regioncalls=187880, ndraw=40, logz=-53.11, remainder_fraction=100.0000%, Lmin=-45.10, Lmax=-17.40
08:17:19 [ultranest] [DEBUG] iteration=1600, ncalls=5097, regioncalls=188160, ndraw=40, logz=-53.03, remainder_fraction=100.0000%, Lmin=-45.06, Lmax=-17.40
08:17:19 [ultranest] [DEBUG] iteration=1606, ncalls=5175, regioncalls=191280, ndraw=40, logz=-52.57, remainder_fraction=100.0000%, Lmin=-44.65, Lmax=-17.40
08:17:19 [ultranest] [DEBUG] iteration=1615, ncalls=5226, regioncalls=193320, ndraw=40, logz=-51.94, remainder_fraction=100.0000%, Lmin=-43.85, Lmax=-17.40
08:17:19 [ultranest] [DEBUG] iteration=1625, ncalls=5277, regioncalls=195360, ndraw=40, logz=-51.22, remainder_fraction=100.0000%, Lmin=-43.44, Lmax=-17.40
08:17:19 [ultranest] [DEBUG] iteration=1633, ncalls=5328, regioncalls=197400, ndraw=40, logz=-50.74, remainder_fraction=100.0000%, Lmin=-43.00, Lmax=-17.40
08:17:19 [ultranest] [DEBUG] iteration=1640, ncalls=5352, regioncalls=198360, ndraw=40, logz=-50.34, remainder_fraction=100.0000%, Lmin=-42.46, Lmax=-17.40
08:17:19 [ultranest] [DEBUG] iteration=1645, ncalls=5408, regioncalls=200600, ndraw=40, logz=-50.02, remainder_fraction=100.0000%, Lmin=-42.12, Lmax=-17.40
08:17:19 [ultranest] [DEBUG] iteration=1651, ncalls=5461, regioncalls=202720, ndraw=40, logz=-49.67, remainder_fraction=100.0000%, Lmin=-41.95, Lmax=-17.40
08:17:20 [ultranest] [DEBUG] iteration=1661, ncalls=5520, regioncalls=205080, ndraw=40, logz=-49.16, remainder_fraction=100.0000%, Lmin=-41.49, Lmax=-17.40
08:17:20 [ultranest] [DEBUG] iteration=1668, ncalls=5592, regioncalls=207960, ndraw=40, logz=-48.82, remainder_fraction=100.0000%, Lmin=-41.15, Lmax=-17.40
08:17:20 [ultranest] [DEBUG] iteration=1675, ncalls=5664, regioncalls=210840, ndraw=40, logz=-48.48, remainder_fraction=100.0000%, Lmin=-40.76, Lmax=-17.40
08:17:20 [ultranest] [DEBUG] iteration=1680, ncalls=5689, regioncalls=211840, ndraw=40, logz=-48.23, remainder_fraction=100.0000%, Lmin=-40.43, Lmax=-17.40
08:17:20 [ultranest] [DEBUG] iteration=1687, ncalls=5749, regioncalls=214240, ndraw=40, logz=-47.85, remainder_fraction=100.0000%, Lmin=-40.02, Lmax=-17.40
08:17:20 [ultranest] [DEBUG] iteration=1697, ncalls=5801, regioncalls=216320, ndraw=40, logz=-47.36, remainder_fraction=100.0000%, Lmin=-39.70, Lmax=-17.40
08:17:20 [ultranest] [DEBUG] iteration=1702, ncalls=5851, regioncalls=218480, ndraw=40, logz=-47.15, remainder_fraction=100.0000%, Lmin=-39.39, Lmax=-17.40
08:17:20 [ultranest] [DEBUG] iteration=1712, ncalls=5901, regioncalls=220560, ndraw=40, logz=-46.70, remainder_fraction=100.0000%, Lmin=-38.96, Lmax=-17.40
08:17:20 [ultranest] [DEBUG] iteration=1718, ncalls=5954, regioncalls=222680, ndraw=40, logz=-46.43, remainder_fraction=100.0000%, Lmin=-38.48, Lmax=-17.40
08:17:20 [ultranest] [DEBUG] iteration=1720, ncalls=5959, regioncalls=222880, ndraw=40, logz=-46.32, remainder_fraction=100.0000%, Lmin=-38.35, Lmax=-17.40
08:17:21 [ultranest] [DEBUG] iteration=1731, ncalls=6010, regioncalls=224920, ndraw=40, logz=-45.71, remainder_fraction=100.0000%, Lmin=-37.77, Lmax=-17.40
08:17:21 [ultranest] [DEBUG] iteration=1743, ncalls=6060, regioncalls=226920, ndraw=40, logz=-45.08, remainder_fraction=100.0000%, Lmin=-37.14, Lmax=-17.40
08:17:21 [ultranest] [DEBUG] iteration=1751, ncalls=6112, regioncalls=229000, ndraw=40, logz=-44.70, remainder_fraction=100.0000%, Lmin=-36.77, Lmax=-17.40
08:17:21 [ultranest] [DEBUG] iteration=1760, ncalls=6158, regioncalls=230840, ndraw=40, logz=-44.26, remainder_fraction=100.0000%, Lmin=-36.27, Lmax=-17.40
08:17:21 [ultranest] [DEBUG] iteration=1775, ncalls=6208, regioncalls=232840, ndraw=40, logz=-43.55, remainder_fraction=100.0000%, Lmin=-35.64, Lmax=-17.40
08:17:21 [ultranest] [DEBUG] iteration=1776, ncalls=6214, regioncalls=233160, ndraw=40, logz=-43.51, remainder_fraction=100.0000%, Lmin=-35.63, Lmax=-17.40
08:17:21 [ultranest] [DEBUG] iteration=1788, ncalls=6258, regioncalls=234920, ndraw=40, logz=-43.06, remainder_fraction=100.0000%, Lmin=-35.11, Lmax=-17.40
08:17:21 [ultranest] [DEBUG] iteration=1800, ncalls=6307, regioncalls=236880, ndraw=40, logz=-42.47, remainder_fraction=100.0000%, Lmin=-34.26, Lmax=-17.40
08:17:21 [ultranest] [DEBUG] iteration=1807, ncalls=6350, regioncalls=238600, ndraw=40, logz=-42.12, remainder_fraction=100.0000%, Lmin=-34.06, Lmax=-17.40
08:17:21 [ultranest] [DEBUG] iteration=1818, ncalls=6407, regioncalls=240880, ndraw=40, logz=-41.65, remainder_fraction=100.0000%, Lmin=-33.66, Lmax=-17.40
08:17:21 [ultranest] [DEBUG] iteration=1829, ncalls=6455, regioncalls=242800, ndraw=40, logz=-41.22, remainder_fraction=100.0000%, Lmin=-33.39, Lmax=-17.40
08:17:22 [ultranest] [DEBUG] iteration=1840, ncalls=6497, regioncalls=244480, ndraw=40, logz=-40.83, remainder_fraction=100.0000%, Lmin=-32.82, Lmax=-17.40
08:17:22 [ultranest] [DEBUG] iteration=1850, ncalls=6544, regioncalls=246360, ndraw=40, logz=-40.45, remainder_fraction=100.0000%, Lmin=-32.49, Lmax=-17.40
08:17:22 [ultranest] [DEBUG] iteration=1865, ncalls=6603, regioncalls=248720, ndraw=40, logz=-39.89, remainder_fraction=99.9999%, Lmin=-31.76, Lmax=-17.40
08:17:22 [ultranest] [DEBUG] iteration=1874, ncalls=6654, regioncalls=250760, ndraw=40, logz=-39.51, remainder_fraction=99.9999%, Lmin=-31.35, Lmax=-17.40
08:17:22 [ultranest] [DEBUG] iteration=1880, ncalls=6669, regioncalls=251360, ndraw=40, logz=-39.26, remainder_fraction=99.9998%, Lmin=-31.14, Lmax=-17.40
08:17:22 [ultranest] [DEBUG] iteration=1891, ncalls=6729, regioncalls=253760, ndraw=40, logz=-38.86, remainder_fraction=99.9998%, Lmin=-30.73, Lmax=-17.40
08:17:22 [ultranest] [DEBUG] iteration=1899, ncalls=6784, regioncalls=255960, ndraw=40, logz=-38.57, remainder_fraction=99.9997%, Lmin=-30.53, Lmax=-17.40
08:17:22 [ultranest] [DEBUG] iteration=1909, ncalls=6836, regioncalls=258040, ndraw=40, logz=-38.25, remainder_fraction=99.9996%, Lmin=-30.34, Lmax=-17.40
08:17:22 [ultranest] [DEBUG] iteration=1919, ncalls=6898, regioncalls=260520, ndraw=40, logz=-37.96, remainder_fraction=99.9995%, Lmin=-30.10, Lmax=-17.40
08:17:22 [ultranest] [DEBUG] iteration=1920, ncalls=6899, regioncalls=260560, ndraw=40, logz=-37.94, remainder_fraction=99.9994%, Lmin=-30.04, Lmax=-17.40
08:17:22 [ultranest] [DEBUG] iteration=1924, ncalls=6916, regioncalls=261320, ndraw=40, logz=-37.83, remainder_fraction=99.9994%, Lmin=-29.94, Lmax=-17.40
08:17:23 [ultranest] [DEBUG] iteration=1934, ncalls=6965, regioncalls=263280, ndraw=40, logz=-37.57, remainder_fraction=99.9992%, Lmin=-29.69, Lmax=-17.40
08:17:23 [ultranest] [DEBUG] iteration=1944, ncalls=7016, regioncalls=265320, ndraw=40, logz=-37.30, remainder_fraction=99.9990%, Lmin=-29.40, Lmax=-17.40
08:17:23 [ultranest] [DEBUG] iteration=1958, ncalls=7064, regioncalls=267240, ndraw=40, logz=-36.94, remainder_fraction=99.9985%, Lmin=-28.99, Lmax=-17.40
08:17:23 [ultranest] [DEBUG] iteration=1960, ncalls=7073, regioncalls=267600, ndraw=40, logz=-36.88, remainder_fraction=99.9984%, Lmin=-28.96, Lmax=-17.40
08:17:23 [ultranest] [DEBUG] iteration=1974, ncalls=7125, regioncalls=269680, ndraw=40, logz=-36.50, remainder_fraction=99.9976%, Lmin=-28.39, Lmax=-17.40
08:17:23 [ultranest] [DEBUG] iteration=1983, ncalls=7176, regioncalls=271720, ndraw=40, logz=-36.24, remainder_fraction=99.9969%, Lmin=-28.08, Lmax=-17.40
08:17:23 [ultranest] [DEBUG] iteration=1998, ncalls=7219, regioncalls=273440, ndraw=40, logz=-35.78, remainder_fraction=99.9949%, Lmin=-27.57, Lmax=-17.40
08:17:23 [ultranest] [DEBUG] iteration=2000, ncalls=7240, regioncalls=274280, ndraw=40, logz=-35.72, remainder_fraction=99.9946%, Lmin=-27.54, Lmax=-17.40
08:17:23 [ultranest] [DEBUG] iteration=2011, ncalls=7285, regioncalls=276080, ndraw=40, logz=-35.40, remainder_fraction=99.9928%, Lmin=-27.33, Lmax=-17.40
08:17:23 [ultranest] [DEBUG] iteration=2023, ncalls=7338, regioncalls=278200, ndraw=40, logz=-35.09, remainder_fraction=99.9901%, Lmin=-27.00, Lmax=-17.40
08:17:23 [ultranest] [DEBUG] iteration=2036, ncalls=7397, regioncalls=280560, ndraw=40, logz=-34.79, remainder_fraction=99.9872%, Lmin=-26.80, Lmax=-17.21
08:17:24 [ultranest] [DEBUG] iteration=2040, ncalls=7410, regioncalls=281080, ndraw=40, logz=-34.70, remainder_fraction=99.9859%, Lmin=-26.70, Lmax=-17.21
08:17:24 [ultranest] [DEBUG] iteration=2053, ncalls=7465, regioncalls=283280, ndraw=40, logz=-34.41, remainder_fraction=99.9810%, Lmin=-26.40, Lmax=-17.21
08:17:24 [ultranest] [DEBUG] iteration=2067, ncalls=7523, regioncalls=285600, ndraw=40, logz=-34.09, remainder_fraction=99.9740%, Lmin=-25.94, Lmax=-17.21
08:17:24 [ultranest] [DEBUG] iteration=2072, ncalls=7567, regioncalls=287480, ndraw=40, logz=-33.98, remainder_fraction=99.9705%, Lmin=-25.83, Lmax=-17.21
08:17:24 [ultranest] [DEBUG] iteration=2080, ncalls=7604, regioncalls=289000, ndraw=40, logz=-33.80, remainder_fraction=99.9655%, Lmin=-25.75, Lmax=-17.21
08:17:24 [ultranest] [DEBUG] iteration=2090, ncalls=7655, regioncalls=291040, ndraw=40, logz=-33.59, remainder_fraction=99.9578%, Lmin=-25.48, Lmax=-17.21
08:17:24 [ultranest] [DEBUG] iteration=2104, ncalls=7703, regioncalls=292960, ndraw=40, logz=-33.30, remainder_fraction=99.9437%, Lmin=-25.11, Lmax=-17.21
08:17:24 [ultranest] [DEBUG] iteration=2118, ncalls=7750, regioncalls=294840, ndraw=40, logz=-33.02, remainder_fraction=99.9248%, Lmin=-24.98, Lmax=-17.21
08:17:24 [ultranest] [DEBUG] iteration=2120, ncalls=7757, regioncalls=295120, ndraw=40, logz=-32.99, remainder_fraction=99.9217%, Lmin=-24.96, Lmax=-17.21
08:17:24 [ultranest] [DEBUG] iteration=2132, ncalls=7814, regioncalls=297400, ndraw=40, logz=-32.77, remainder_fraction=99.9031%, Lmin=-24.67, Lmax=-17.21
08:17:24 [ultranest] [DEBUG] iteration=2143, ncalls=7872, regioncalls=299720, ndraw=40, logz=-32.57, remainder_fraction=99.8841%, Lmin=-24.43, Lmax=-17.21
08:17:25 [ultranest] [DEBUG] iteration=2146, ncalls=7881, regioncalls=300120, ndraw=40, logz=-32.52, remainder_fraction=99.8772%, Lmin=-24.42, Lmax=-17.21
08:17:25 [ultranest] [DEBUG] iteration=2158, ncalls=7925, regioncalls=301960, ndraw=40, logz=-32.31, remainder_fraction=99.8484%, Lmin=-24.18, Lmax=-17.21
08:17:25 [ultranest] [DEBUG] iteration=2160, ncalls=7934, regioncalls=302320, ndraw=40, logz=-32.27, remainder_fraction=99.8423%, Lmin=-24.10, Lmax=-17.21
08:17:25 [ultranest] [DEBUG] iteration=2171, ncalls=7983, regioncalls=304280, ndraw=40, logz=-32.07, remainder_fraction=99.8021%, Lmin=-23.84, Lmax=-17.21
08:17:25 [ultranest] [DEBUG] iteration=2185, ncalls=8030, regioncalls=306160, ndraw=40, logz=-31.82, remainder_fraction=99.7413%, Lmin=-23.56, Lmax=-17.21
08:17:25 [ultranest] [DEBUG] iteration=2199, ncalls=8080, regioncalls=308160, ndraw=40, logz=-31.57, remainder_fraction=99.6680%, Lmin=-23.25, Lmax=-17.21
08:17:25 [ultranest] [DEBUG] iteration=2200, ncalls=8081, regioncalls=308200, ndraw=40, logz=-31.55, remainder_fraction=99.6636%, Lmin=-23.22, Lmax=-17.21
08:17:25 [ultranest] [DEBUG] iteration=2212, ncalls=8131, regioncalls=310200, ndraw=40, logz=-31.34, remainder_fraction=99.5775%, Lmin=-23.07, Lmax=-17.21
08:17:25 [ultranest] [DEBUG] iteration=2226, ncalls=8173, regioncalls=311880, ndraw=40, logz=-31.12, remainder_fraction=99.4638%, Lmin=-22.97, Lmax=-17.21
08:17:25 [ultranest] [DEBUG] iteration=2239, ncalls=8219, regioncalls=313720, ndraw=40, logz=-30.93, remainder_fraction=99.3742%, Lmin=-22.75, Lmax=-17.21
08:17:25 [ultranest] [DEBUG] iteration=2240, ncalls=8227, regioncalls=314040, ndraw=40, logz=-30.92, remainder_fraction=99.3648%, Lmin=-22.72, Lmax=-17.21
08:17:25 [ultranest] [DEBUG] iteration=2253, ncalls=8274, regioncalls=315920, ndraw=40, logz=-30.72, remainder_fraction=99.2257%, Lmin=-22.47, Lmax=-17.21
08:17:25 [ultranest] [DEBUG] iteration=2266, ncalls=8325, regioncalls=317960, ndraw=40, logz=-30.53, remainder_fraction=99.0772%, Lmin=-22.24, Lmax=-17.07
08:17:26 [ultranest] [DEBUG] iteration=2277, ncalls=8376, regioncalls=320000, ndraw=40, logz=-30.38, remainder_fraction=98.9263%, Lmin=-22.11, Lmax=-17.07
08:17:26 [ultranest] [DEBUG] iteration=2280, ncalls=8392, regioncalls=320640, ndraw=40, logz=-30.34, remainder_fraction=98.8809%, Lmin=-22.06, Lmax=-17.07
08:17:26 [ultranest] [DEBUG] iteration=2290, ncalls=8446, regioncalls=322800, ndraw=40, logz=-30.20, remainder_fraction=98.7522%, Lmin=-21.95, Lmax=-17.07
08:17:26 [ultranest] [DEBUG] iteration=2301, ncalls=8493, regioncalls=324680, ndraw=40, logz=-30.06, remainder_fraction=98.5938%, Lmin=-21.87, Lmax=-17.07
08:17:26 [ultranest] [DEBUG] iteration=2312, ncalls=8540, regioncalls=326560, ndraw=40, logz=-29.93, remainder_fraction=98.3783%, Lmin=-21.77, Lmax=-17.07
08:17:26 [ultranest] [DEBUG] iteration=2320, ncalls=8575, regioncalls=327960, ndraw=40, logz=-29.84, remainder_fraction=98.2397%, Lmin=-21.68, Lmax=-17.07
08:17:26 [ultranest] [DEBUG] iteration=2333, ncalls=8633, regioncalls=330280, ndraw=40, logz=-29.70, remainder_fraction=97.9916%, Lmin=-21.52, Lmax=-17.07
08:17:26 [ultranest] [DEBUG] iteration=2340, ncalls=8693, regioncalls=332680, ndraw=40, logz=-29.63, remainder_fraction=97.8512%, Lmin=-21.47, Lmax=-17.07
08:17:26 [ultranest] [DEBUG] iteration=2352, ncalls=8743, regioncalls=334680, ndraw=40, logz=-29.51, remainder_fraction=97.5838%, Lmin=-21.33, Lmax=-17.07
08:17:26 [ultranest] [DEBUG] iteration=2358, ncalls=8797, regioncalls=336840, ndraw=40, logz=-29.45, remainder_fraction=97.4367%, Lmin=-21.30, Lmax=-17.07
08:17:26 [ultranest] [DEBUG] iteration=2360, ncalls=8809, regioncalls=337320, ndraw=40, logz=-29.43, remainder_fraction=97.3952%, Lmin=-21.28, Lmax=-17.07
08:17:27 [ultranest] [DEBUG] iteration=2368, ncalls=8861, regioncalls=339680, ndraw=40, logz=-29.35, remainder_fraction=97.1821%, Lmin=-21.21, Lmax=-17.07
08:17:27 [ultranest] [DEBUG] iteration=2376, ncalls=8909, regioncalls=341600, ndraw=40, logz=-29.28, remainder_fraction=96.9333%, Lmin=-21.15, Lmax=-17.07
08:17:27 [ultranest] [DEBUG] iteration=2382, ncalls=8966, regioncalls=343880, ndraw=40, logz=-29.23, remainder_fraction=96.7597%, Lmin=-21.05, Lmax=-17.07
08:17:27 [ultranest] [DEBUG] iteration=2396, ncalls=9024, regioncalls=346200, ndraw=40, logz=-29.10, remainder_fraction=96.3447%, Lmin=-20.94, Lmax=-17.07
08:17:27 [ultranest] [DEBUG] iteration=2400, ncalls=9038, regioncalls=346760, ndraw=40, logz=-29.07, remainder_fraction=96.2007%, Lmin=-20.92, Lmax=-17.07
08:17:27 [ultranest] [DEBUG] iteration=2413, ncalls=9090, regioncalls=348840, ndraw=40, logz=-28.96, remainder_fraction=95.6961%, Lmin=-20.79, Lmax=-17.07
08:17:27 [ultranest] [DEBUG] iteration=2425, ncalls=9144, regioncalls=351000, ndraw=40, logz=-28.86, remainder_fraction=95.2150%, Lmin=-20.70, Lmax=-17.07
08:17:27 [ultranest] [DEBUG] iteration=2434, ncalls=9206, regioncalls=353480, ndraw=40, logz=-28.79, remainder_fraction=94.8195%, Lmin=-20.64, Lmax=-17.07
08:17:27 [ultranest] [DEBUG] iteration=2440, ncalls=9239, regioncalls=354800, ndraw=40, logz=-28.74, remainder_fraction=94.6238%, Lmin=-20.59, Lmax=-17.07
08:17:27 [ultranest] [DEBUG] iteration=2442, ncalls=9257, regioncalls=355680, ndraw=40, logz=-28.73, remainder_fraction=94.6165%, Lmin=-20.58, Lmax=-17.07
08:17:28 [ultranest] [DEBUG] iteration=2451, ncalls=9310, regioncalls=357800, ndraw=40, logz=-28.66, remainder_fraction=94.1919%, Lmin=-20.47, Lmax=-17.07
08:17:28 [ultranest] [DEBUG] iteration=2465, ncalls=9357, regioncalls=359680, ndraw=40, logz=-28.55, remainder_fraction=93.5282%, Lmin=-20.34, Lmax=-17.07
08:17:28 [ultranest] [DEBUG] iteration=2477, ncalls=9410, regioncalls=361800, ndraw=40, logz=-28.47, remainder_fraction=92.9620%, Lmin=-20.26, Lmax=-17.07
08:17:28 [ultranest] [DEBUG] iteration=2480, ncalls=9415, regioncalls=362000, ndraw=40, logz=-28.44, remainder_fraction=92.8137%, Lmin=-20.24, Lmax=-17.07
08:17:28 [ultranest] [DEBUG] iteration=2493, ncalls=9465, regioncalls=364000, ndraw=40, logz=-28.35, remainder_fraction=91.9660%, Lmin=-20.11, Lmax=-17.07
08:17:28 [ultranest] [DEBUG] iteration=2510, ncalls=9510, regioncalls=365800, ndraw=40, logz=-28.24, remainder_fraction=90.9491%, Lmin=-20.01, Lmax=-17.07
08:17:28 [ultranest] [DEBUG] iteration=2516, ncalls=9528, regioncalls=366560, ndraw=40, logz=-28.20, remainder_fraction=90.6538%, Lmin=-19.99, Lmax=-17.07
08:17:28 [ultranest] [DEBUG] iteration=2520, ncalls=9534, regioncalls=366800, ndraw=40, logz=-28.17, remainder_fraction=90.4068%, Lmin=-19.97, Lmax=-17.07
08:17:28 [ultranest] [DEBUG] iteration=2534, ncalls=9578, regioncalls=368560, ndraw=40, logz=-28.09, remainder_fraction=89.5308%, Lmin=-19.85, Lmax=-17.07
08:17:28 [ultranest] [DEBUG] iteration=2553, ncalls=9621, regioncalls=370280, ndraw=40, logz=-27.97, remainder_fraction=88.2465%, Lmin=-19.73, Lmax=-17.07
08:17:28 [ultranest] [DEBUG] iteration=2560, ncalls=9640, regioncalls=371040, ndraw=40, logz=-27.93, remainder_fraction=87.6529%, Lmin=-19.69, Lmax=-17.07
08:17:28 [ultranest] [DEBUG] iteration=2576, ncalls=9688, regioncalls=372960, ndraw=40, logz=-27.84, remainder_fraction=86.5051%, Lmin=-19.59, Lmax=-17.07
08:17:28 [ultranest] [DEBUG] iteration=2586, ncalls=9740, regioncalls=375040, ndraw=40, logz=-27.79, remainder_fraction=85.7501%, Lmin=-19.54, Lmax=-17.07
08:17:29 [ultranest] [DEBUG] iteration=2590, ncalls=9757, regioncalls=375760, ndraw=40, logz=-27.77, remainder_fraction=85.4391%, Lmin=-19.50, Lmax=-17.07
08:17:29 [ultranest] [DEBUG] iteration=2600, ncalls=9788, regioncalls=377000, ndraw=40, logz=-27.71, remainder_fraction=84.7000%, Lmin=-19.46, Lmax=-17.07
08:17:29 [ultranest] [DEBUG] iteration=2616, ncalls=9830, regioncalls=378800, ndraw=40, logz=-27.63, remainder_fraction=83.4568%, Lmin=-19.37, Lmax=-17.07
08:17:29 [ultranest] [DEBUG] iteration=2632, ncalls=9878, regioncalls=380720, ndraw=40, logz=-27.55, remainder_fraction=82.1151%, Lmin=-19.26, Lmax=-17.07
08:17:29 [ultranest] [DEBUG] iteration=2640, ncalls=9907, regioncalls=381880, ndraw=40, logz=-27.52, remainder_fraction=81.4778%, Lmin=-19.24, Lmax=-17.07
08:17:29 [ultranest] [DEBUG] iteration=2652, ncalls=9958, regioncalls=383920, ndraw=40, logz=-27.46, remainder_fraction=80.5614%, Lmin=-19.19, Lmax=-17.07
08:17:29 [ultranest] [DEBUG] iteration=2664, ncalls=9978, regioncalls=384760, ndraw=40, logz=-27.41, remainder_fraction=79.4138%, Lmin=-19.15, Lmax=-17.07
08:17:29 [ultranest] [DEBUG] iteration=2675, ncalls=10022, regioncalls=386560, ndraw=40, logz=-27.36, remainder_fraction=78.3146%, Lmin=-19.12, Lmax=-17.07
08:17:29 [ultranest] [DEBUG] iteration=2680, ncalls=10039, regioncalls=387240, ndraw=40, logz=-27.34, remainder_fraction=77.8264%, Lmin=-19.10, Lmax=-17.07
08:17:29 [ultranest] [DEBUG] iteration=2699, ncalls=10083, regioncalls=389000, ndraw=40, logz=-27.27, remainder_fraction=75.9082%, Lmin=-18.97, Lmax=-17.07
08:17:29 [ultranest] [DEBUG] iteration=2715, ncalls=10138, regioncalls=391200, ndraw=40, logz=-27.20, remainder_fraction=74.3665%, Lmin=-18.90, Lmax=-17.07
08:17:29 [ultranest] [DEBUG] iteration=2720, ncalls=10148, regioncalls=391600, ndraw=40, logz=-27.19, remainder_fraction=73.8252%, Lmin=-18.88, Lmax=-17.07
08:17:30 [ultranest] [DEBUG] iteration=2737, ncalls=10193, regioncalls=393400, ndraw=40, logz=-27.12, remainder_fraction=71.9597%, Lmin=-18.82, Lmax=-17.07
08:17:30 [ultranest] [DEBUG] iteration=2749, ncalls=10233, regioncalls=395000, ndraw=40, logz=-27.08, remainder_fraction=70.9147%, Lmin=-18.77, Lmax=-17.07
08:17:30 [ultranest] [DEBUG] iteration=2758, ncalls=10283, regioncalls=397000, ndraw=40, logz=-27.05, remainder_fraction=69.8715%, Lmin=-18.75, Lmax=-17.07
08:17:30 [ultranest] [DEBUG] iteration=2760, ncalls=10291, regioncalls=397320, ndraw=40, logz=-27.04, remainder_fraction=69.6798%, Lmin=-18.74, Lmax=-17.07
08:17:30 [ultranest] [DEBUG] iteration=2776, ncalls=10336, regioncalls=399120, ndraw=40, logz=-26.99, remainder_fraction=67.9881%, Lmin=-18.68, Lmax=-17.07
08:17:30 [ultranest] [DEBUG] iteration=2792, ncalls=10386, regioncalls=401120, ndraw=40, logz=-26.94, remainder_fraction=66.1691%, Lmin=-18.62, Lmax=-17.07
08:17:30 [ultranest] [DEBUG] iteration=2800, ncalls=10417, regioncalls=402360, ndraw=40, logz=-26.92, remainder_fraction=65.3681%, Lmin=-18.59, Lmax=-17.07
08:17:30 [ultranest] [DEBUG] iteration=2812, ncalls=10438, regioncalls=403240, ndraw=40, logz=-26.88, remainder_fraction=64.1240%, Lmin=-18.56, Lmax=-17.07
08:17:30 [ultranest] [DEBUG] iteration=2826, ncalls=10479, regioncalls=404880, ndraw=40, logz=-26.84, remainder_fraction=62.8824%, Lmin=-18.53, Lmax=-17.07
08:17:30 [ultranest] [DEBUG] iteration=2840, ncalls=10523, regioncalls=406640, ndraw=40, logz=-26.80, remainder_fraction=61.4861%, Lmin=-18.50, Lmax=-17.07
08:17:30 [ultranest] [DEBUG] iteration=2857, ncalls=10571, regioncalls=408560, ndraw=40, logz=-26.76, remainder_fraction=59.8430%, Lmin=-18.45, Lmax=-17.07
08:17:31 [ultranest] [DEBUG] iteration=2869, ncalls=10624, regioncalls=410680, ndraw=40, logz=-26.73, remainder_fraction=58.6045%, Lmin=-18.42, Lmax=-17.07
08:17:31 [ultranest] [DEBUG] iteration=2880, ncalls=10670, regioncalls=412520, ndraw=40, logz=-26.70, remainder_fraction=57.6351%, Lmin=-18.39, Lmax=-17.07
08:17:31 [ultranest] [DEBUG] iteration=2893, ncalls=10712, regioncalls=414200, ndraw=40, logz=-26.67, remainder_fraction=56.2359%, Lmin=-18.35, Lmax=-17.07
08:17:31 [ultranest] [DEBUG] iteration=2907, ncalls=10761, regioncalls=416160, ndraw=40, logz=-26.64, remainder_fraction=54.7879%, Lmin=-18.32, Lmax=-17.07
08:17:31 [ultranest] [DEBUG] iteration=2918, ncalls=10811, regioncalls=418160, ndraw=40, logz=-26.62, remainder_fraction=53.7149%, Lmin=-18.28, Lmax=-17.07
08:17:31 [ultranest] [DEBUG] iteration=2920, ncalls=10816, regioncalls=418360, ndraw=40, logz=-26.62, remainder_fraction=53.5093%, Lmin=-18.28, Lmax=-17.07
08:17:31 [ultranest] [DEBUG] iteration=2935, ncalls=10863, regioncalls=420240, ndraw=40, logz=-26.58, remainder_fraction=51.9923%, Lmin=-18.25, Lmax=-17.07
08:17:31 [ultranest] [DEBUG] iteration=2947, ncalls=10912, regioncalls=422200, ndraw=40, logz=-26.56, remainder_fraction=50.8158%, Lmin=-18.22, Lmax=-17.07
08:17:31 [ultranest] [DEBUG] iteration=2960, ncalls=10961, regioncalls=424280, ndraw=40, logz=-26.54, remainder_fraction=49.4965%, Lmin=-18.20, Lmax=-17.07
08:17:31 [ultranest] [DEBUG] iteration=2974, ncalls=11001, regioncalls=425960, ndraw=40, logz=-26.51, remainder_fraction=48.2216%, Lmin=-18.18, Lmax=-17.07
08:17:31 [ultranest] [DEBUG] iteration=2986, ncalls=11053, regioncalls=428040, ndraw=40, logz=-26.49, remainder_fraction=47.0984%, Lmin=-18.16, Lmax=-17.07
08:17:32 [ultranest] [DEBUG] iteration=2997, ncalls=11095, regioncalls=429720, ndraw=40, logz=-26.47, remainder_fraction=46.1366%, Lmin=-18.13, Lmax=-17.07
08:17:32 [ultranest] [DEBUG] iteration=3000, ncalls=11118, regioncalls=430640, ndraw=40, logz=-26.46, remainder_fraction=45.7921%, Lmin=-18.13, Lmax=-17.02
08:17:32 [ultranest] [DEBUG] iteration=3014, ncalls=11168, regioncalls=432640, ndraw=40, logz=-26.44, remainder_fraction=44.6514%, Lmin=-18.11, Lmax=-17.02
08:17:32 [ultranest] [DEBUG] iteration=3024, ncalls=11223, regioncalls=434840, ndraw=40, logz=-26.43, remainder_fraction=43.8071%, Lmin=-18.08, Lmax=-17.02
08:17:32 [ultranest] [DEBUG] iteration=3034, ncalls=11276, regioncalls=436960, ndraw=40, logz=-26.41, remainder_fraction=42.9650%, Lmin=-18.07, Lmax=-17.02
08:17:32 [ultranest] [DEBUG] iteration=3040, ncalls=11289, regioncalls=437480, ndraw=40, logz=-26.40, remainder_fraction=42.4414%, Lmin=-18.06, Lmax=-17.02
08:17:32 [ultranest] [DEBUG] iteration=3051, ncalls=11335, regioncalls=439320, ndraw=40, logz=-26.39, remainder_fraction=41.3855%, Lmin=-18.03, Lmax=-17.02
08:17:32 [ultranest] [DEBUG] iteration=3063, ncalls=11387, regioncalls=441400, ndraw=40, logz=-26.37, remainder_fraction=40.2196%, Lmin=-18.01, Lmax=-17.02
08:17:32 [ultranest] [DEBUG] iteration=3071, ncalls=11439, regioncalls=443480, ndraw=40, logz=-26.36, remainder_fraction=39.5453%, Lmin=-17.99, Lmax=-17.02
08:17:32 [ultranest] [DEBUG] iteration=3080, ncalls=11479, regioncalls=445080, ndraw=40, logz=-26.35, remainder_fraction=38.8923%, Lmin=-17.98, Lmax=-17.02
08:17:32 [ultranest] [DEBUG] iteration=3092, ncalls=11532, regioncalls=447200, ndraw=40, logz=-26.33, remainder_fraction=37.8819%, Lmin=-17.96, Lmax=-17.02
08:17:33 [ultranest] [DEBUG] iteration=3101, ncalls=11583, regioncalls=449240, ndraw=40, logz=-26.32, remainder_fraction=37.1427%, Lmin=-17.95, Lmax=-17.02
08:17:33 [ultranest] [DEBUG] iteration=3108, ncalls=11599, regioncalls=449920, ndraw=40, logz=-26.31, remainder_fraction=36.5740%, Lmin=-17.94, Lmax=-17.02
08:17:33 [ultranest] [DEBUG] iteration=3119, ncalls=11645, regioncalls=451880, ndraw=40, logz=-26.30, remainder_fraction=35.6814%, Lmin=-17.93, Lmax=-17.02
08:17:33 [ultranest] [DEBUG] iteration=3120, ncalls=11656, regioncalls=452320, ndraw=40, logz=-26.29, remainder_fraction=35.6059%, Lmin=-17.93, Lmax=-17.02
08:17:33 [ultranest] [DEBUG] iteration=3131, ncalls=11719, regioncalls=454840, ndraw=40, logz=-26.28, remainder_fraction=34.7398%, Lmin=-17.91, Lmax=-17.02
08:17:33 [ultranest] [DEBUG] iteration=3145, ncalls=11769, regioncalls=456840, ndraw=40, logz=-26.27, remainder_fraction=33.5763%, Lmin=-17.89, Lmax=-17.02
08:17:33 [ultranest] [DEBUG] iteration=3159, ncalls=11818, regioncalls=458800, ndraw=40, logz=-26.25, remainder_fraction=32.4724%, Lmin=-17.87, Lmax=-17.02
08:17:33 [ultranest] [DEBUG] iteration=3160, ncalls=11829, regioncalls=459240, ndraw=40, logz=-26.25, remainder_fraction=32.3950%, Lmin=-17.87, Lmax=-17.02
08:17:33 [ultranest] [DEBUG] iteration=3170, ncalls=11879, regioncalls=461240, ndraw=40, logz=-26.24, remainder_fraction=31.6125%, Lmin=-17.86, Lmax=-17.02
08:17:33 [ultranest] [DEBUG] iteration=3180, ncalls=11934, regioncalls=463440, ndraw=40, logz=-26.23, remainder_fraction=30.8762%, Lmin=-17.85, Lmax=-17.02
08:17:33 [ultranest] [DEBUG] iteration=3182, ncalls=11962, regioncalls=464680, ndraw=40, logz=-26.23, remainder_fraction=30.7336%, Lmin=-17.85, Lmax=-17.02
08:17:34 [ultranest] [DEBUG] iteration=3197, ncalls=12003, regioncalls=466320, ndraw=40, logz=-26.21, remainder_fraction=29.7016%, Lmin=-17.83, Lmax=-17.02
08:17:34 [ultranest] [DEBUG] iteration=3200, ncalls=12014, regioncalls=466760, ndraw=40, logz=-26.21, remainder_fraction=29.4793%, Lmin=-17.83, Lmax=-17.02
08:17:34 [ultranest] [DEBUG] iteration=3214, ncalls=12062, regioncalls=468680, ndraw=40, logz=-26.20, remainder_fraction=28.5456%, Lmin=-17.82, Lmax=-17.02
08:17:34 [ultranest] [DEBUG] iteration=3226, ncalls=12111, regioncalls=470640, ndraw=40, logz=-26.19, remainder_fraction=27.7979%, Lmin=-17.80, Lmax=-17.02
08:17:34 [ultranest] [DEBUG] iteration=3238, ncalls=12168, regioncalls=472920, ndraw=40, logz=-26.17, remainder_fraction=27.0255%, Lmin=-17.79, Lmax=-17.02
08:17:34 [ultranest] [DEBUG] iteration=3240, ncalls=12179, regioncalls=473360, ndraw=40, logz=-26.17, remainder_fraction=26.8735%, Lmin=-17.79, Lmax=-17.02
08:17:34 [ultranest] [DEBUG] iteration=3254, ncalls=12226, regioncalls=475240, ndraw=40, logz=-26.16, remainder_fraction=25.9906%, Lmin=-17.78, Lmax=-17.02
08:17:34 [ultranest] [DEBUG] iteration=3262, ncalls=12268, regioncalls=476920, ndraw=40, logz=-26.16, remainder_fraction=25.5301%, Lmin=-17.77, Lmax=-17.02
08:17:34 [ultranest] [DEBUG] iteration=3275, ncalls=12317, regioncalls=478880, ndraw=40, logz=-26.15, remainder_fraction=24.7650%, Lmin=-17.75, Lmax=-17.02
08:17:34 [ultranest] [DEBUG] iteration=3280, ncalls=12332, regioncalls=479480, ndraw=40, logz=-26.14, remainder_fraction=24.5024%, Lmin=-17.75, Lmax=-17.02
08:17:34 [ultranest] [DEBUG] iteration=3292, ncalls=12384, regioncalls=481560, ndraw=40, logz=-26.13, remainder_fraction=23.8193%, Lmin=-17.74, Lmax=-17.02
08:17:34 [ultranest] [DEBUG] iteration=3300, ncalls=12436, regioncalls=483640, ndraw=40, logz=-26.13, remainder_fraction=23.3988%, Lmin=-17.73, Lmax=-17.02
08:17:35 [ultranest] [DEBUG] iteration=3316, ncalls=12483, regioncalls=485520, ndraw=40, logz=-26.12, remainder_fraction=22.5609%, Lmin=-17.71, Lmax=-17.02
08:17:35 [ultranest] [DEBUG] iteration=3320, ncalls=12505, regioncalls=486400, ndraw=40, logz=-26.11, remainder_fraction=22.3965%, Lmin=-17.71, Lmax=-17.02
08:17:35 [ultranest] [DEBUG] iteration=3330, ncalls=12535, regioncalls=487640, ndraw=40, logz=-26.11, remainder_fraction=21.9111%, Lmin=-17.69, Lmax=-17.02
08:17:35 [ultranest] [DEBUG] iteration=3345, ncalls=12575, regioncalls=489240, ndraw=40, logz=-26.10, remainder_fraction=21.1296%, Lmin=-17.67, Lmax=-17.02
08:17:35 [ultranest] [DEBUG] iteration=3358, ncalls=12623, regioncalls=491160, ndraw=40, logz=-26.09, remainder_fraction=20.4538%, Lmin=-17.65, Lmax=-17.02
08:17:35 [ultranest] [DEBUG] iteration=3360, ncalls=12645, regioncalls=492040, ndraw=40, logz=-26.09, remainder_fraction=20.3508%, Lmin=-17.65, Lmax=-17.02
08:17:35 [ultranest] [DEBUG] iteration=3377, ncalls=12693, regioncalls=493960, ndraw=40, logz=-26.08, remainder_fraction=19.5341%, Lmin=-17.64, Lmax=-17.02
08:17:35 [ultranest] [DEBUG] iteration=3397, ncalls=12735, regioncalls=495640, ndraw=40, logz=-26.07, remainder_fraction=18.6366%, Lmin=-17.61, Lmax=-17.02
08:17:35 [ultranest] [DEBUG] iteration=3400, ncalls=12751, regioncalls=496280, ndraw=40, logz=-26.06, remainder_fraction=18.5049%, Lmin=-17.61, Lmax=-17.02
08:17:35 [ultranest] [DEBUG] iteration=3404, ncalls=12769, regioncalls=497040, ndraw=40, logz=-26.06, remainder_fraction=18.3182%, Lmin=-17.61, Lmax=-17.02
08:17:35 [ultranest] [DEBUG] iteration=3418, ncalls=12810, regioncalls=498680, ndraw=40, logz=-26.05, remainder_fraction=17.7328%, Lmin=-17.60, Lmax=-17.02
08:17:35 [ultranest] [DEBUG] iteration=3434, ncalls=12858, regioncalls=500600, ndraw=40, logz=-26.05, remainder_fraction=17.0653%, Lmin=-17.59, Lmax=-17.02
08:17:35 [ultranest] [DEBUG] iteration=3440, ncalls=12872, regioncalls=501160, ndraw=40, logz=-26.04, remainder_fraction=16.8169%, Lmin=-17.58, Lmax=-17.02
08:17:36 [ultranest] [DEBUG] iteration=3456, ncalls=12922, regioncalls=503160, ndraw=40, logz=-26.03, remainder_fraction=16.1469%, Lmin=-17.56, Lmax=-17.02
08:17:36 [ultranest] [DEBUG] iteration=3474, ncalls=12967, regioncalls=504960, ndraw=40, logz=-26.03, remainder_fraction=15.4446%, Lmin=-17.55, Lmax=-17.02
08:17:36 [ultranest] [DEBUG] iteration=3478, ncalls=12980, regioncalls=505520, ndraw=40, logz=-26.02, remainder_fraction=15.2856%, Lmin=-17.55, Lmax=-17.02
08:17:36 [ultranest] [DEBUG] iteration=3480, ncalls=12986, regioncalls=505760, ndraw=40, logz=-26.02, remainder_fraction=15.2097%, Lmin=-17.54, Lmax=-17.02
08:17:36 [ultranest] [DEBUG] iteration=3500, ncalls=13028, regioncalls=507440, ndraw=40, logz=-26.01, remainder_fraction=14.4718%, Lmin=-17.52, Lmax=-17.02
08:17:36 [ultranest] [DEBUG] iteration=3516, ncalls=13072, regioncalls=509200, ndraw=40, logz=-26.01, remainder_fraction=13.9009%, Lmin=-17.51, Lmax=-17.02
08:17:36 [ultranest] [DEBUG] iteration=3520, ncalls=13083, regioncalls=509640, ndraw=40, logz=-26.01, remainder_fraction=13.7704%, Lmin=-17.51, Lmax=-17.02
08:17:36 [ultranest] [DEBUG] iteration=3543, ncalls=13133, regioncalls=511640, ndraw=40, logz=-26.00, remainder_fraction=12.9890%, Lmin=-17.49, Lmax=-17.02
08:17:36 [ultranest] [DEBUG] iteration=3552, ncalls=13164, regioncalls=512920, ndraw=40, logz=-25.99, remainder_fraction=12.6922%, Lmin=-17.48, Lmax=-17.02
08:17:36 [ultranest] [DEBUG] iteration=3560, ncalls=13178, regioncalls=513480, ndraw=40, logz=-25.99, remainder_fraction=12.4363%, Lmin=-17.47, Lmax=-17.02
08:17:36 [ultranest] [DEBUG] iteration=3578, ncalls=13216, regioncalls=515000, ndraw=40, logz=-25.98, remainder_fraction=11.9007%, Lmin=-17.46, Lmax=-17.02
08:17:36 [ultranest] [DEBUG] iteration=3594, ncalls=13260, regioncalls=516800, ndraw=40, logz=-25.98, remainder_fraction=11.4177%, Lmin=-17.45, Lmax=-17.02
08:17:36 [ultranest] [DEBUG] iteration=3600, ncalls=13269, regioncalls=517160, ndraw=40, logz=-25.98, remainder_fraction=11.2329%, Lmin=-17.45, Lmax=-17.02
08:17:36 [ultranest] [DEBUG] iteration=3622, ncalls=13311, regioncalls=518840, ndraw=40, logz=-25.97, remainder_fraction=10.5956%, Lmin=-17.44, Lmax=-17.02
08:17:37 [ultranest] [DEBUG] iteration=3626, ncalls=13324, regioncalls=519440, ndraw=40, logz=-25.97, remainder_fraction=10.5073%, Lmin=-17.43, Lmax=-17.02
08:17:37 [ultranest] [DEBUG] iteration=3638, ncalls=13366, regioncalls=521120, ndraw=40, logz=-25.97, remainder_fraction=10.1956%, Lmin=-17.43, Lmax=-17.02
08:17:37 [ultranest] [DEBUG] iteration=3640, ncalls=13368, regioncalls=521200, ndraw=40, logz=-25.97, remainder_fraction=10.1457%, Lmin=-17.43, Lmax=-17.02
08:17:37 [ultranest] [DEBUG] iteration=3658, ncalls=13416, regioncalls=523120, ndraw=40, logz=-25.96, remainder_fraction=9.6782%, Lmin=-17.41, Lmax=-17.02
08:17:37 [ultranest] [DEBUG] iteration=3679, ncalls=13459, regioncalls=524840, ndraw=40, logz=-25.95, remainder_fraction=9.1651%, Lmin=-17.40, Lmax=-17.02
08:17:37 [ultranest] [DEBUG] iteration=3680, ncalls=13462, regioncalls=524960, ndraw=40, logz=-25.95, remainder_fraction=9.1416%, Lmin=-17.40, Lmax=-17.02
08:17:37 [ultranest] [DEBUG] iteration=3699, ncalls=13506, regioncalls=526720, ndraw=40, logz=-25.95, remainder_fraction=8.7150%, Lmin=-17.38, Lmax=-17.02
08:17:37 [ultranest] [DEBUG] iteration=3700, ncalls=13507, regioncalls=526880, ndraw=40, logz=-25.95, remainder_fraction=8.6896%, Lmin=-17.38, Lmax=-17.02
08:17:37 [ultranest] [DEBUG] iteration=3719, ncalls=13546, regioncalls=528440, ndraw=40, logz=-25.94, remainder_fraction=8.2638%, Lmin=-17.37, Lmax=-17.02
08:17:37 [ultranest] [DEBUG] iteration=3720, ncalls=13547, regioncalls=528480, ndraw=40, logz=-25.94, remainder_fraction=8.2391%, Lmin=-17.37, Lmax=-17.02
08:17:37 [ultranest] [DEBUG] iteration=3736, ncalls=13595, regioncalls=530400, ndraw=40, logz=-25.94, remainder_fraction=7.8901%, Lmin=-17.35, Lmax=-17.02
08:17:37 [ultranest] [DEBUG] iteration=3755, ncalls=13640, regioncalls=532200, ndraw=40, logz=-25.94, remainder_fraction=7.4945%, Lmin=-17.34, Lmax=-17.02
08:17:37 [ultranest] [DEBUG] iteration=3760, ncalls=13651, regioncalls=532640, ndraw=40, logz=-25.94, remainder_fraction=7.3945%, Lmin=-17.34, Lmax=-17.02
08:17:37 [ultranest] [DEBUG] iteration=3774, ncalls=13677, regioncalls=533720, ndraw=40, logz=-25.93, remainder_fraction=7.1253%, Lmin=-17.33, Lmax=-17.02
08:17:37 [ultranest] [DEBUG] iteration=3789, ncalls=13719, regioncalls=535400, ndraw=40, logz=-25.93, remainder_fraction=6.8569%, Lmin=-17.32, Lmax=-17.02
08:17:38 [ultranest] [DEBUG] iteration=3800, ncalls=13742, regioncalls=536320, ndraw=40, logz=-25.93, remainder_fraction=6.6530%, Lmin=-17.32, Lmax=-17.02
08:17:38 [ultranest] [DEBUG] iteration=3821, ncalls=13787, regioncalls=538120, ndraw=40, logz=-25.92, remainder_fraction=6.2840%, Lmin=-17.31, Lmax=-17.02
08:17:38 [ultranest] [DEBUG] iteration=3839, ncalls=13830, regioncalls=539840, ndraw=40, logz=-25.92, remainder_fraction=5.9906%, Lmin=-17.30, Lmax=-17.02
08:17:38 [ultranest] [DEBUG] iteration=3840, ncalls=13832, regioncalls=539920, ndraw=40, logz=-25.92, remainder_fraction=5.9746%, Lmin=-17.30, Lmax=-17.02
08:17:38 [ultranest] [DEBUG] iteration=3848, ncalls=13852, regioncalls=540840, ndraw=40, logz=-25.92, remainder_fraction=5.8478%, Lmin=-17.29, Lmax=-17.02
08:17:38 [ultranest] [DEBUG] iteration=3866, ncalls=13891, regioncalls=542400, ndraw=40, logz=-25.92, remainder_fraction=5.5670%, Lmin=-17.28, Lmax=-17.02
08:17:38 [ultranest] [DEBUG] iteration=3880, ncalls=13921, regioncalls=543600, ndraw=40, logz=-25.91, remainder_fraction=5.3606%, Lmin=-17.27, Lmax=-17.02
08:17:38 [ultranest] [DEBUG] iteration=3897, ncalls=13960, regioncalls=545160, ndraw=40, logz=-25.91, remainder_fraction=5.1212%, Lmin=-17.26, Lmax=-17.02
08:17:38 [ultranest] [DEBUG] iteration=3914, ncalls=14005, regioncalls=546960, ndraw=40, logz=-25.91, remainder_fraction=4.8846%, Lmin=-17.25, Lmax=-17.02
08:17:38 [ultranest] [DEBUG] iteration=3920, ncalls=14018, regioncalls=547480, ndraw=40, logz=-25.91, remainder_fraction=4.8053%, Lmin=-17.25, Lmax=-17.02
08:17:38 [ultranest] [DEBUG] iteration=3922, ncalls=14023, regioncalls=547720, ndraw=40, logz=-25.91, remainder_fraction=4.7807%, Lmin=-17.25, Lmax=-17.02
08:17:38 [ultranest] [DEBUG] iteration=3942, ncalls=14061, regioncalls=549240, ndraw=40, logz=-25.90, remainder_fraction=4.5221%, Lmin=-17.24, Lmax=-17.02
08:17:38 [ultranest] [DEBUG] iteration=3959, ncalls=14105, regioncalls=551000, ndraw=40, logz=-25.90, remainder_fraction=4.3145%, Lmin=-17.23, Lmax=-17.02
08:17:38 [ultranest] [DEBUG] iteration=3960, ncalls=14108, regioncalls=551120, ndraw=40, logz=-25.90, remainder_fraction=4.3018%, Lmin=-17.23, Lmax=-17.02
08:17:39 [ultranest] [DEBUG] iteration=3980, ncalls=14151, regioncalls=552840, ndraw=40, logz=-25.90, remainder_fraction=4.0685%, Lmin=-17.22, Lmax=-17.02
08:17:39 [ultranest] [DEBUG] iteration=3996, ncalls=14176, regioncalls=554080, ndraw=40, logz=-25.90, remainder_fraction=3.8903%, Lmin=-17.22, Lmax=-17.02
08:17:39 [ultranest] [DEBUG] iteration=4000, ncalls=14190, regioncalls=554640, ndraw=40, logz=-25.90, remainder_fraction=3.8449%, Lmin=-17.22, Lmax=-17.02
08:17:39 [ultranest] [DEBUG] iteration=4019, ncalls=14226, regioncalls=556080, ndraw=40, logz=-25.90, remainder_fraction=3.6433%, Lmin=-17.21, Lmax=-17.02
08:17:39 [ultranest] [DEBUG] iteration=4038, ncalls=14268, regioncalls=557760, ndraw=40, logz=-25.89, remainder_fraction=3.4541%, Lmin=-17.20, Lmax=-17.02
08:17:39 [ultranest] [DEBUG] iteration=4040, ncalls=14277, regioncalls=558120, ndraw=40, logz=-25.89, remainder_fraction=3.4354%, Lmin=-17.20, Lmax=-17.02
08:17:39 [ultranest] [DEBUG] iteration=4061, ncalls=14317, regioncalls=559760, ndraw=40, logz=-25.89, remainder_fraction=3.2335%, Lmin=-17.20, Lmax=-17.02
08:17:39 [ultranest] [DEBUG] iteration=4079, ncalls=14354, regioncalls=561240, ndraw=40, logz=-25.89, remainder_fraction=3.0719%, Lmin=-17.19, Lmax=-17.02
08:17:39 [ultranest] [DEBUG] iteration=4080, ncalls=14355, regioncalls=561280, ndraw=40, logz=-25.89, remainder_fraction=3.0637%, Lmin=-17.19, Lmax=-17.02
08:17:39 [ultranest] [DEBUG] iteration=4097, ncalls=14390, regioncalls=562680, ndraw=40, logz=-25.89, remainder_fraction=2.9185%, Lmin=-17.18, Lmax=-17.02
08:17:39 [ultranest] [DEBUG] iteration=4119, ncalls=14432, regioncalls=564360, ndraw=40, logz=-25.89, remainder_fraction=2.7443%, Lmin=-17.18, Lmax=-17.02
08:17:39 [ultranest] [DEBUG] iteration=4120, ncalls=14433, regioncalls=564400, ndraw=40, logz=-25.89, remainder_fraction=2.7364%, Lmin=-17.18, Lmax=-17.02
08:17:39 [ultranest] [DEBUG] iteration=4137, ncalls=14479, regioncalls=566240, ndraw=40, logz=-25.88, remainder_fraction=2.6057%, Lmin=-17.17, Lmax=-17.02
08:17:39 [ultranest] [DEBUG] iteration=4144, ncalls=14490, regioncalls=566720, ndraw=40, logz=-25.88, remainder_fraction=2.5546%, Lmin=-17.17, Lmax=-17.02
08:17:40 [ultranest] [DEBUG] iteration=4159, ncalls=14527, regioncalls=568400, ndraw=40, logz=-25.88, remainder_fraction=2.4475%, Lmin=-17.16, Lmax=-17.02
08:17:40 [ultranest] [DEBUG] iteration=4160, ncalls=14528, regioncalls=568440, ndraw=40, logz=-25.88, remainder_fraction=2.4402%, Lmin=-17.16, Lmax=-17.02
08:17:40 [ultranest] [DEBUG] iteration=4178, ncalls=14572, regioncalls=570200, ndraw=40, logz=-25.88, remainder_fraction=2.3166%, Lmin=-17.16, Lmax=-17.02
08:17:40 [ultranest] [DEBUG] iteration=4198, ncalls=14615, regioncalls=571920, ndraw=40, logz=-25.88, remainder_fraction=2.1879%, Lmin=-17.16, Lmax=-17.02
08:17:40 [ultranest] [DEBUG] iteration=4200, ncalls=14618, regioncalls=572040, ndraw=40, logz=-25.88, remainder_fraction=2.1752%, Lmin=-17.16, Lmax=-17.02
08:17:40 [ultranest] [DEBUG] iteration=4218, ncalls=14654, regioncalls=573560, ndraw=40, logz=-25.88, remainder_fraction=2.0651%, Lmin=-17.15, Lmax=-17.02
08:17:40 [ultranest] [DEBUG] iteration=4236, ncalls=14691, regioncalls=575040, ndraw=40, logz=-25.88, remainder_fraction=1.9609%, Lmin=-17.14, Lmax=-17.02
08:17:40 [ultranest] [DEBUG] iteration=4240, ncalls=14702, regioncalls=575480, ndraw=40, logz=-25.88, remainder_fraction=1.9386%, Lmin=-17.14, Lmax=-17.02
08:17:40 [ultranest] [DEBUG] iteration=4257, ncalls=14747, regioncalls=577320, ndraw=40, logz=-25.88, remainder_fraction=1.8452%, Lmin=-17.14, Lmax=-17.02
08:17:40 [ultranest] [DEBUG] iteration=4273, ncalls=14792, regioncalls=579120, ndraw=40, logz=-25.88, remainder_fraction=1.7610%, Lmin=-17.14, Lmax=-17.02
08:17:40 [ultranest] [DEBUG] iteration=4280, ncalls=14814, regioncalls=580000, ndraw=40, logz=-25.88, remainder_fraction=1.7248%, Lmin=-17.13, Lmax=-17.02
08:17:40 [ultranest] [DEBUG] iteration=4292, ncalls=14843, regioncalls=581280, ndraw=40, logz=-25.87, remainder_fraction=1.6661%, Lmin=-17.13, Lmax=-17.02
08:17:40 [ultranest] [DEBUG] iteration=4310, ncalls=14882, regioncalls=582840, ndraw=40, logz=-25.87, remainder_fraction=1.5816%, Lmin=-17.13, Lmax=-17.02
08:17:40 [ultranest] [DEBUG] iteration=4320, ncalls=14903, regioncalls=583680, ndraw=40, logz=-25.87, remainder_fraction=1.5369%, Lmin=-17.12, Lmax=-17.02
08:17:41 [ultranest] [INFO] Explored until L=-2e+01  
08:17:41 [ultranest] [INFO] Likelihood function evaluations: 14907
08:17:42 [ultranest] [INFO] Writing samples and results to disk ...
08:17:42 [ultranest] [INFO] Writing samples and results to disk ... done
08:17:42 [ultranest] [DEBUG] did a run_iter pass!
08:17:42 [ultranest] [INFO]   logZ = -25.85 +- 0.1253
08:17:42 [ultranest] [INFO] Effective samples strategy satisfied (ESS = 1446.0, need >400)
08:17:42 [ultranest] [INFO] Posterior uncertainty strategy is satisfied (KL: 0.45+-0.06 nat, need <0.50 nat)
08:17:42 [ultranest] [INFO] Evidency uncertainty strategy is satisfied (dlogz=0.13, need <0.5)
08:17:42 [ultranest] [INFO]   logZ error budget: single: 0.15 bs:0.13 tail:0.02 total:0.13 required:<0.50
08:17:42 [ultranest] [INFO] done iterating.
08:17:42 [ultranest] [DEBUG] Making corner plot ...
08:17:43 [ultranest] [DEBUG] Making corner plot ... done
08:17:43 [ultranest] [DEBUG] Making run plot ... 
08:17:44 [ultranest] [DEBUG] Making run plot ... done
08:17:44 [ultranest] [DEBUG] Making trace plot ... 
08:17:45 [ultranest] [DEBUG] Making trace plot ... done
21:36:04 [ultranest] [DEBUG] ReactiveNestedSampler: dims=3+0, resume=True, log_dir=/home/orion51/Desktop/Research/spectral_fitting/FGL_spectral_fitting/Individual_sources/2CXOJ111633.3+181420/powerlaw_out_, backend=hdf5, vectorized=False, nbootstraps=30, ndraw=128..65536
21:36:04 [ultranest] [DEBUG] Testing resume consistency: [-17.12405925 -17.07185935   0.           0.28813096   0.37622838
   0.34041901  -5.11869036   1.89096894  21.38293306]: u=[0.28813096 0.37622838 0.34041901] -> p=[-5.11869036  1.89096894 21.38293306] -> L=-17.071859346448996 
21:36:04 [ultranest] [INFO] Resuming from 4652 stored points
21:36:04 [ultranest] [DEBUG] run_iter dlogz=0.5, dKL=0.5, frac_remain=0.01, Lepsilon=0.1000, min_ess=400
21:36:04 [ultranest] [DEBUG] max_iters=-1, max_ncalls=-1, max_num_improvement_loops=-1, min_num_live_points=400, cluster_num_live_points=40
21:36:04 [ultranest] [DEBUG] minimal_widths_sequence: [(-inf, 400.0), (inf, 400.0)]
21:36:04 [ultranest] [DEBUG] iteration=0, ncalls=14907, regioncalls=0, ndraw=40, logz=-inf, remainder_fraction=100.0000%, Lmin=-191302786324.45, Lmax=-31.21
21:36:04 [ultranest] [DEBUG] iteration=40, ncalls=14907, regioncalls=0, ndraw=40, logz=-108944085.36, remainder_fraction=100.0000%, Lmin=-101673439.23, Lmax=-31.21
21:36:04 [ultranest] [DEBUG] iteration=80, ncalls=14907, regioncalls=0, ndraw=40, logz=-4359174.70, remainder_fraction=100.0000%, Lmin=-4173038.23, Lmax=-31.21
21:36:04 [ultranest] [DEBUG] iteration=120, ncalls=14907, regioncalls=0, ndraw=40, logz=-250534.29, remainder_fraction=100.0000%, Lmin=-239676.07, Lmax=-31.21
21:36:04 [ultranest] [DEBUG] iteration=160, ncalls=14907, regioncalls=0, ndraw=40, logz=-20795.07, remainder_fraction=100.0000%, Lmin=-19339.41, Lmax=-31.21
21:36:04 [ultranest] [DEBUG] iteration=200, ncalls=14907, regioncalls=0, ndraw=40, logz=-4738.64, remainder_fraction=100.0000%, Lmin=-4582.90, Lmax=-31.21
21:36:04 [ultranest] [DEBUG] iteration=240, ncalls=14907, regioncalls=0, ndraw=40, logz=-757.11, remainder_fraction=100.0000%, Lmin=-718.00, Lmax=-31.21
21:36:05 [ultranest] [DEBUG] iteration=270, ncalls=14907, regioncalls=0, ndraw=40, logz=-219.12, remainder_fraction=100.0000%, Lmin=-210.33, Lmax=-31.21
21:36:05 [ultranest] [DEBUG] iteration=280, ncalls=14907, regioncalls=0, ndraw=40, logz=-183.76, remainder_fraction=100.0000%, Lmin=-174.58, Lmax=-31.21
21:36:05 [ultranest] [DEBUG] Plateau detected at L=-1.512325e+02, not replacing live point.
21:36:05 [ultranest] [DEBUG] Plateau detected at L=-1.512325e+02, not replacing live point.
21:36:05 [ultranest] [DEBUG] iteration=299, ncalls=14907, regioncalls=0, ndraw=40, logz=-157.20, remainder_fraction=100.0000%, Lmin=-151.23, Lmax=-31.21
21:36:05 [ultranest] [DEBUG] Plateau detected at L=-1.512325e+02, not replacing live point.
21:36:05 [ultranest] [DEBUG] Plateau detected at L=-1.512325e+02, not replacing live point.
21:36:05 [ultranest] [DEBUG] Plateau detected at L=-1.512325e+02, not replacing live point.
21:36:05 [ultranest] [DEBUG] Plateau detected at L=-1.512325e+02, not replacing live point.
21:36:05 [ultranest] [DEBUG] Plateau detected at L=-1.512325e+02, not replacing live point.
21:36:05 [ultranest] [DEBUG] Plateau detected at L=-1.512325e+02, not replacing live point.
21:36:05 [ultranest] [DEBUG] Plateau detected at L=-1.512325e+02, not replacing live point.
21:36:05 [ultranest] [DEBUG] Plateau detected at L=-1.512325e+02, not replacing live point.
21:36:05 [ultranest] [DEBUG] Plateau detected at L=-1.512325e+02, not replacing live point.
21:36:05 [ultranest] [DEBUG] Plateau detected at L=-1.512325e+02, not replacing live point.
21:36:05 [ultranest] [DEBUG] Plateau detected at L=-1.512325e+02, not replacing live point.
21:36:05 [ultranest] [DEBUG] Plateau detected at L=-1.512325e+02, not replacing live point.
21:36:05 [ultranest] [DEBUG] Plateau detected at L=-1.512325e+02, not replacing live point.
21:36:05 [ultranest] [DEBUG] Plateau detected at L=-1.512325e+02, not replacing live point.
21:36:05 [ultranest] [DEBUG] Plateau detected at L=-1.512325e+02, not replacing live point.
21:36:05 [ultranest] [DEBUG] Plateau detected at L=-1.512325e+02, not replacing live point.
21:36:05 [ultranest] [DEBUG] Plateau detected at L=-1.512325e+02, not replacing live point.
21:36:05 [ultranest] [DEBUG] Plateau detected at L=-1.512325e+02, not replacing live point.
21:36:05 [ultranest] [DEBUG] Plateau detected at L=-1.512325e+02, not replacing live point.
21:36:05 [ultranest] [DEBUG] Plateau detected at L=-1.512325e+02, not replacing live point.
21:36:05 [ultranest] [DEBUG] Plateau detected at L=-1.512325e+02, not replacing live point.
21:36:05 [ultranest] [DEBUG] Plateau detected at L=-1.512325e+02, not replacing live point.
21:36:05 [ultranest] [DEBUG] Plateau detected at L=-1.512325e+02, not replacing live point.
21:36:05 [ultranest] [DEBUG] Plateau detected at L=-1.512325e+02, not replacing live point.
21:36:05 [ultranest] [DEBUG] Plateau detected at L=-1.512325e+02, not replacing live point.
21:36:05 [ultranest] [DEBUG] Plateau detected at L=-1.512325e+02, not replacing live point.
21:36:05 [ultranest] [DEBUG] Plateau detected at L=-1.512325e+02, not replacing live point.
21:36:05 [ultranest] [DEBUG] Plateau detected at L=-1.512325e+02, not replacing live point.
21:36:05 [ultranest] [DEBUG] Plateau detected at L=-1.512325e+02, not replacing live point.
21:36:05 [ultranest] [DEBUG] Plateau detected at L=-1.512325e+02, not replacing live point.
21:36:05 [ultranest] [DEBUG] Plateau detected at L=-1.512325e+02, not replacing live point.
21:36:05 [ultranest] [DEBUG] Plateau detected at L=-1.512325e+02, not replacing live point.
21:36:05 [ultranest] [DEBUG] Plateau detected at L=-1.512325e+02, not replacing live point.
21:36:05 [ultranest] [DEBUG] Plateau detected at L=-1.512325e+02, not replacing live point.
21:36:05 [ultranest] [DEBUG] Plateau detected at L=-1.512325e+02, not replacing live point.
21:36:05 [ultranest] [DEBUG] Plateau detected at L=-1.512325e+02, not replacing live point.
21:36:05 [ultranest] [DEBUG] Plateau detected at L=-1.512325e+02, not replacing live point.
21:36:05 [ultranest] [DEBUG] Plateau detected at L=-1.512325e+02, not replacing live point.
21:36:05 [ultranest] [DEBUG] Plateau detected at L=-1.512325e+02, not replacing live point.
21:36:05 [ultranest] [DEBUG] Plateau detected at L=-1.512325e+02, not replacing live point.
21:36:05 [ultranest] [DEBUG] Plateau detected at L=-1.512325e+02, not replacing live point.
21:36:05 [ultranest] [DEBUG] Plateau detected at L=-1.512325e+02, not replacing live point.
21:36:05 [ultranest] [DEBUG] Plateau detected at L=-1.512325e+02, not replacing live point.
21:36:05 [ultranest] [DEBUG] Plateau detected at L=-1.512325e+02, not replacing live point.
21:36:05 [ultranest] [DEBUG] Plateau detected at L=-1.512325e+02, not replacing live point.
21:36:05 [ultranest] [DEBUG] Plateau detected at L=-1.512325e+02, not replacing live point.
21:36:05 [ultranest] [DEBUG] Plateau detected at L=-1.512325e+02, not replacing live point.
21:36:05 [ultranest] [DEBUG] Plateau detected at L=-1.512325e+02, not replacing live point.
21:36:05 [ultranest] [DEBUG] Plateau detected at L=-1.512325e+02, not replacing live point.
21:36:05 [ultranest] [DEBUG] Plateau detected at L=-1.512325e+02, not replacing live point.
21:36:05 [ultranest] [DEBUG] Plateau detected at L=-1.512325e+02, not replacing live point.
21:36:05 [ultranest] [DEBUG] Plateau detected at L=-1.512325e+02, not replacing live point.
21:36:05 [ultranest] [DEBUG] Plateau detected at L=-1.512325e+02, not replacing live point.
21:36:05 [ultranest] [DEBUG] Plateau detected at L=-1.512325e+02, not replacing live point.
21:36:05 [ultranest] [DEBUG] Plateau detected at L=-1.512325e+02, not replacing live point.
21:36:05 [ultranest] [DEBUG] Plateau detected at L=-1.512325e+02, not replacing live point.
21:36:05 [ultranest] [DEBUG] Plateau detected at L=-1.512325e+02, not replacing live point.
21:36:05 [ultranest] [DEBUG] Plateau detected at L=-1.512325e+02, not replacing live point.
21:36:05 [ultranest] [DEBUG] Plateau detected at L=-1.512325e+02, not replacing live point.
21:36:05 [ultranest] [DEBUG] Plateau detected at L=-1.512325e+02, not replacing live point.
21:36:05 [ultranest] [DEBUG] Plateau detected at L=-1.512325e+02, not replacing live point.
21:36:05 [ultranest] [DEBUG] Plateau detected at L=-1.512325e+02, not replacing live point.
21:36:05 [ultranest] [DEBUG] Plateau detected at L=-1.512325e+02, not replacing live point.
21:36:05 [ultranest] [DEBUG] Plateau detected at L=-1.512325e+02, not replacing live point.
21:36:05 [ultranest] [DEBUG] Plateau detected at L=-1.512325e+02, not replacing live point.
21:36:05 [ultranest] [DEBUG] Plateau detected at L=-1.512325e+02, not replacing live point.
21:36:05 [ultranest] [DEBUG] Plateau detected at L=-1.512325e+02, not replacing live point.
21:36:05 [ultranest] [DEBUG] Plateau detected at L=-1.512325e+02, not replacing live point.
21:36:05 [ultranest] [DEBUG] iteration=368, ncalls=14907, regioncalls=0, ndraw=40, logz=-153.70, remainder_fraction=100.0000%, Lmin=-151.23, Lmax=-31.21
21:36:05 [ultranest] [DEBUG] Plateau detected at L=-1.512325e+02, not replacing live point.
21:36:05 [ultranest] [DEBUG] iteration=370, ncalls=14907, regioncalls=0, ndraw=40, logz=-153.68, remainder_fraction=100.0000%, Lmin=-151.23, Lmax=-31.21
21:36:05 [ultranest] [DEBUG] iteration=400, ncalls=14907, regioncalls=0, ndraw=40, logz=-153.35, remainder_fraction=100.0000%, Lmin=-151.23, Lmax=-31.21
21:36:05 [ultranest] [DEBUG] iteration=440, ncalls=14907, regioncalls=0, ndraw=40, logz=-153.06, remainder_fraction=100.0000%, Lmin=-151.23, Lmax=-31.21
21:36:05 [ultranest] [DEBUG] iteration=480, ncalls=14907, regioncalls=0, ndraw=40, logz=-152.85, remainder_fraction=100.0000%, Lmin=-151.23, Lmax=-31.21
21:36:05 [ultranest] [DEBUG] iteration=520, ncalls=14907, regioncalls=0, ndraw=40, logz=-152.70, remainder_fraction=100.0000%, Lmin=-151.22, Lmax=-31.21
21:36:05 [ultranest] [DEBUG] iteration=560, ncalls=14907, regioncalls=0, ndraw=40, logz=-152.58, remainder_fraction=100.0000%, Lmin=-151.12, Lmax=-22.39
21:36:05 [ultranest] [DEBUG] iteration=592, ncalls=14907, regioncalls=0, ndraw=40, logz=-152.49, remainder_fraction=100.0000%, Lmin=-150.87, Lmax=-17.90
21:36:05 [ultranest] [DEBUG] iteration=600, ncalls=14907, regioncalls=0, ndraw=40, logz=-152.47, remainder_fraction=100.0000%, Lmin=-150.75, Lmax=-17.90
21:36:05 [ultranest] [DEBUG] iteration=640, ncalls=14907, regioncalls=0, ndraw=40, logz=-152.30, remainder_fraction=100.0000%, Lmin=-150.01, Lmax=-17.90
21:36:05 [ultranest] [DEBUG] iteration=666, ncalls=14907, regioncalls=0, ndraw=40, logz=-152.14, remainder_fraction=100.0000%, Lmin=-149.26, Lmax=-17.90
21:36:05 [ultranest] [DEBUG] iteration=680, ncalls=14907, regioncalls=0, ndraw=40, logz=-152.01, remainder_fraction=100.0000%, Lmin=-148.90, Lmax=-17.90
21:36:05 [ultranest] [DEBUG] iteration=720, ncalls=14907, regioncalls=0, ndraw=40, logz=-151.43, remainder_fraction=100.0000%, Lmin=-147.58, Lmax=-17.90
21:36:05 [ultranest] [DEBUG] iteration=740, ncalls=14907, regioncalls=0, ndraw=40, logz=-150.88, remainder_fraction=100.0000%, Lmin=-146.21, Lmax=-17.90
21:36:05 [ultranest] [DEBUG] iteration=760, ncalls=14907, regioncalls=0, ndraw=40, logz=-150.07, remainder_fraction=100.0000%, Lmin=-145.36, Lmax=-17.90
21:36:05 [ultranest] [DEBUG] iteration=800, ncalls=14907, regioncalls=0, ndraw=40, logz=-147.56, remainder_fraction=100.0000%, Lmin=-141.91, Lmax=-17.90
21:36:05 [ultranest] [DEBUG] iteration=814, ncalls=14907, regioncalls=0, ndraw=40, logz=-146.39, remainder_fraction=100.0000%, Lmin=-140.20, Lmax=-17.90
21:36:05 [ultranest] [DEBUG] iteration=840, ncalls=14907, regioncalls=0, ndraw=40, logz=-143.14, remainder_fraction=100.0000%, Lmin=-137.14, Lmax=-17.90
21:36:05 [ultranest] [DEBUG] iteration=880, ncalls=14907, regioncalls=0, ndraw=40, logz=-138.66, remainder_fraction=100.0000%, Lmin=-132.85, Lmax=-17.90
21:36:05 [ultranest] [DEBUG] iteration=888, ncalls=14907, regioncalls=0, ndraw=40, logz=-137.96, remainder_fraction=100.0000%, Lmin=-132.01, Lmax=-17.90
21:36:05 [ultranest] [DEBUG] iteration=920, ncalls=14907, regioncalls=0, ndraw=40, logz=-135.59, remainder_fraction=100.0000%, Lmin=-129.56, Lmax=-17.90
21:36:05 [ultranest] [DEBUG] iteration=960, ncalls=14907, regioncalls=0, ndraw=40, logz=-131.65, remainder_fraction=100.0000%, Lmin=-125.14, Lmax=-17.90
21:36:05 [ultranest] [DEBUG] iteration=1000, ncalls=14907, regioncalls=0, ndraw=40, logz=-126.00, remainder_fraction=100.0000%, Lmin=-119.50, Lmax=-17.90
21:36:05 [ultranest] [DEBUG] iteration=1040, ncalls=14907, regioncalls=0, ndraw=40, logz=-121.43, remainder_fraction=100.0000%, Lmin=-114.44, Lmax=-17.90
21:36:05 [ultranest] [DEBUG] iteration=1080, ncalls=14907, regioncalls=0, ndraw=40, logz=-115.32, remainder_fraction=100.0000%, Lmin=-107.65, Lmax=-17.90
21:36:05 [ultranest] [DEBUG] iteration=1120, ncalls=14907, regioncalls=0, ndraw=40, logz=-107.99, remainder_fraction=100.0000%, Lmin=-100.23, Lmax=-17.90
21:36:05 [ultranest] [DEBUG] iteration=1160, ncalls=14907, regioncalls=0, ndraw=40, logz=-101.00, remainder_fraction=100.0000%, Lmin=-93.31, Lmax=-17.90
21:36:05 [ultranest] [DEBUG] iteration=1200, ncalls=14907, regioncalls=0, ndraw=40, logz=-96.11, remainder_fraction=100.0000%, Lmin=-89.04, Lmax=-17.90
21:36:05 [ultranest] [DEBUG] iteration=1240, ncalls=14907, regioncalls=0, ndraw=40, logz=-90.14, remainder_fraction=100.0000%, Lmin=-82.42, Lmax=-17.90
21:36:05 [ultranest] [DEBUG] iteration=1280, ncalls=14907, regioncalls=0, ndraw=40, logz=-85.19, remainder_fraction=100.0000%, Lmin=-77.85, Lmax=-17.90
21:36:05 [ultranest] [DEBUG] iteration=1320, ncalls=14907, regioncalls=0, ndraw=40, logz=-79.86, remainder_fraction=100.0000%, Lmin=-72.34, Lmax=-17.90
21:36:05 [ultranest] [DEBUG] iteration=1360, ncalls=14907, regioncalls=0, ndraw=40, logz=-74.77, remainder_fraction=100.0000%, Lmin=-66.62, Lmax=-17.90
21:36:05 [ultranest] [DEBUG] iteration=1400, ncalls=14907, regioncalls=0, ndraw=40, logz=-69.90, remainder_fraction=100.0000%, Lmin=-62.47, Lmax=-17.90
21:36:05 [ultranest] [DEBUG] iteration=1440, ncalls=14907, regioncalls=0, ndraw=40, logz=-65.94, remainder_fraction=100.0000%, Lmin=-57.96, Lmax=-17.90
21:36:05 [ultranest] [DEBUG] iteration=1480, ncalls=14907, regioncalls=0, ndraw=40, logz=-62.03, remainder_fraction=100.0000%, Lmin=-54.26, Lmax=-17.90
21:36:05 [ultranest] [DEBUG] iteration=1520, ncalls=14907, regioncalls=0, ndraw=40, logz=-58.86, remainder_fraction=100.0000%, Lmin=-51.27, Lmax=-17.90
21:36:05 [ultranest] [DEBUG] iteration=1554, ncalls=14907, regioncalls=0, ndraw=40, logz=-55.99, remainder_fraction=100.0000%, Lmin=-48.34, Lmax=-17.90
21:36:05 [ultranest] [DEBUG] iteration=1560, ncalls=14907, regioncalls=0, ndraw=40, logz=-55.57, remainder_fraction=100.0000%, Lmin=-47.78, Lmax=-17.40
21:36:05 [ultranest] [DEBUG] iteration=1600, ncalls=14907, regioncalls=0, ndraw=40, logz=-53.03, remainder_fraction=100.0000%, Lmin=-45.06, Lmax=-17.40
21:36:05 [ultranest] [DEBUG] iteration=1640, ncalls=14907, regioncalls=0, ndraw=40, logz=-50.34, remainder_fraction=100.0000%, Lmin=-42.46, Lmax=-17.40
21:36:05 [ultranest] [DEBUG] iteration=1680, ncalls=14907, regioncalls=0, ndraw=40, logz=-48.23, remainder_fraction=100.0000%, Lmin=-40.43, Lmax=-17.40
21:36:05 [ultranest] [DEBUG] iteration=1702, ncalls=14907, regioncalls=0, ndraw=40, logz=-47.15, remainder_fraction=100.0000%, Lmin=-39.39, Lmax=-17.40
21:36:05 [ultranest] [DEBUG] iteration=1720, ncalls=14907, regioncalls=0, ndraw=40, logz=-46.32, remainder_fraction=100.0000%, Lmin=-38.35, Lmax=-17.40
21:36:05 [ultranest] [DEBUG] iteration=1760, ncalls=14907, regioncalls=0, ndraw=40, logz=-44.26, remainder_fraction=100.0000%, Lmin=-36.27, Lmax=-17.40
21:36:05 [ultranest] [DEBUG] iteration=1776, ncalls=14907, regioncalls=0, ndraw=40, logz=-43.51, remainder_fraction=100.0000%, Lmin=-35.63, Lmax=-17.40
21:36:05 [ultranest] [DEBUG] iteration=1800, ncalls=14907, regioncalls=0, ndraw=40, logz=-42.47, remainder_fraction=100.0000%, Lmin=-34.26, Lmax=-17.40
21:36:06 [ultranest] [DEBUG] iteration=1840, ncalls=14907, regioncalls=0, ndraw=40, logz=-40.83, remainder_fraction=100.0000%, Lmin=-32.82, Lmax=-17.40
21:36:06 [ultranest] [DEBUG] iteration=1880, ncalls=14907, regioncalls=0, ndraw=40, logz=-39.26, remainder_fraction=99.9998%, Lmin=-31.14, Lmax=-17.40
21:36:06 [ultranest] [DEBUG] iteration=1920, ncalls=14907, regioncalls=0, ndraw=40, logz=-37.94, remainder_fraction=99.9994%, Lmin=-30.04, Lmax=-17.40
21:36:06 [ultranest] [DEBUG] iteration=1924, ncalls=14907, regioncalls=0, ndraw=40, logz=-37.83, remainder_fraction=99.9994%, Lmin=-29.94, Lmax=-17.40
21:36:06 [ultranest] [DEBUG] iteration=1960, ncalls=14907, regioncalls=0, ndraw=40, logz=-36.88, remainder_fraction=99.9984%, Lmin=-28.96, Lmax=-17.40
21:36:06 [ultranest] [DEBUG] iteration=1998, ncalls=14907, regioncalls=0, ndraw=40, logz=-35.78, remainder_fraction=99.9949%, Lmin=-27.57, Lmax=-17.40
21:36:06 [ultranest] [DEBUG] iteration=2000, ncalls=14907, regioncalls=0, ndraw=40, logz=-35.72, remainder_fraction=99.9946%, Lmin=-27.54, Lmax=-17.40
21:36:06 [ultranest] [DEBUG] iteration=2040, ncalls=14907, regioncalls=0, ndraw=40, logz=-34.70, remainder_fraction=99.9859%, Lmin=-26.70, Lmax=-17.21
21:36:06 [ultranest] [DEBUG] iteration=2080, ncalls=14907, regioncalls=0, ndraw=40, logz=-33.80, remainder_fraction=99.9655%, Lmin=-25.75, Lmax=-17.21
21:36:06 [ultranest] [DEBUG] iteration=2120, ncalls=14907, regioncalls=0, ndraw=40, logz=-32.99, remainder_fraction=99.9217%, Lmin=-24.96, Lmax=-17.21
21:36:06 [ultranest] [DEBUG] iteration=2146, ncalls=14907, regioncalls=0, ndraw=40, logz=-32.52, remainder_fraction=99.8772%, Lmin=-24.42, Lmax=-17.21
21:36:06 [ultranest] [DEBUG] iteration=2160, ncalls=14907, regioncalls=0, ndraw=40, logz=-32.27, remainder_fraction=99.8423%, Lmin=-24.10, Lmax=-17.21
21:36:06 [ultranest] [DEBUG] iteration=2200, ncalls=14907, regioncalls=0, ndraw=40, logz=-31.55, remainder_fraction=99.6636%, Lmin=-23.22, Lmax=-17.21
21:36:06 [ultranest] [DEBUG] iteration=2240, ncalls=14907, regioncalls=0, ndraw=40, logz=-30.92, remainder_fraction=99.3648%, Lmin=-22.72, Lmax=-17.21
21:36:06 [ultranest] [DEBUG] iteration=2280, ncalls=14907, regioncalls=0, ndraw=40, logz=-30.34, remainder_fraction=98.8809%, Lmin=-22.06, Lmax=-17.07
21:36:06 [ultranest] [DEBUG] iteration=2294, ncalls=14907, regioncalls=0, ndraw=40, logz=-30.15, remainder_fraction=98.7033%, Lmin=-21.92, Lmax=-17.07
21:36:06 [ultranest] [DEBUG] iteration=2320, ncalls=14907, regioncalls=0, ndraw=40, logz=-29.84, remainder_fraction=98.2397%, Lmin=-21.68, Lmax=-17.07
21:36:06 [ultranest] [DEBUG] iteration=2360, ncalls=14907, regioncalls=0, ndraw=40, logz=-29.43, remainder_fraction=97.3952%, Lmin=-21.28, Lmax=-17.07
21:36:06 [ultranest] [DEBUG] iteration=2368, ncalls=14907, regioncalls=0, ndraw=40, logz=-29.35, remainder_fraction=97.1821%, Lmin=-21.21, Lmax=-17.07
21:36:06 [ultranest] [DEBUG] iteration=2400, ncalls=14907, regioncalls=0, ndraw=40, logz=-29.07, remainder_fraction=96.2007%, Lmin=-20.92, Lmax=-17.07
21:36:06 [ultranest] [DEBUG] iteration=2440, ncalls=14907, regioncalls=0, ndraw=40, logz=-28.74, remainder_fraction=94.6238%, Lmin=-20.59, Lmax=-17.07
21:36:06 [ultranest] [DEBUG] iteration=2442, ncalls=14907, regioncalls=0, ndraw=40, logz=-28.73, remainder_fraction=94.6165%, Lmin=-20.58, Lmax=-17.07
21:36:06 [ultranest] [DEBUG] iteration=2480, ncalls=14907, regioncalls=0, ndraw=40, logz=-28.44, remainder_fraction=92.8137%, Lmin=-20.24, Lmax=-17.07
21:36:06 [ultranest] [DEBUG] iteration=2516, ncalls=14907, regioncalls=0, ndraw=40, logz=-28.20, remainder_fraction=90.6538%, Lmin=-19.99, Lmax=-17.07
21:36:06 [ultranest] [DEBUG] iteration=2520, ncalls=14907, regioncalls=0, ndraw=40, logz=-28.17, remainder_fraction=90.4068%, Lmin=-19.97, Lmax=-17.07
21:36:06 [ultranest] [DEBUG] iteration=2560, ncalls=14907, regioncalls=0, ndraw=40, logz=-27.93, remainder_fraction=87.6529%, Lmin=-19.69, Lmax=-17.07
21:36:06 [ultranest] [DEBUG] iteration=2590, ncalls=14907, regioncalls=0, ndraw=40, logz=-27.77, remainder_fraction=85.4391%, Lmin=-19.50, Lmax=-17.07
21:36:06 [ultranest] [DEBUG] iteration=2600, ncalls=14907, regioncalls=0, ndraw=40, logz=-27.71, remainder_fraction=84.7000%, Lmin=-19.46, Lmax=-17.07
21:36:06 [ultranest] [DEBUG] iteration=2640, ncalls=14907, regioncalls=0, ndraw=40, logz=-27.52, remainder_fraction=81.4778%, Lmin=-19.24, Lmax=-17.07
21:36:06 [ultranest] [DEBUG] iteration=2680, ncalls=14907, regioncalls=0, ndraw=40, logz=-27.34, remainder_fraction=77.8264%, Lmin=-19.10, Lmax=-17.07
21:36:06 [ultranest] [DEBUG] iteration=2720, ncalls=14907, regioncalls=0, ndraw=40, logz=-27.19, remainder_fraction=73.8252%, Lmin=-18.88, Lmax=-17.07
21:36:06 [ultranest] [DEBUG] iteration=2760, ncalls=14907, regioncalls=0, ndraw=40, logz=-27.04, remainder_fraction=69.6798%, Lmin=-18.74, Lmax=-17.07
21:36:06 [ultranest] [DEBUG] iteration=2800, ncalls=14907, regioncalls=0, ndraw=40, logz=-26.92, remainder_fraction=65.3681%, Lmin=-18.59, Lmax=-17.07
21:36:06 [ultranest] [DEBUG] iteration=2840, ncalls=14907, regioncalls=0, ndraw=40, logz=-26.80, remainder_fraction=61.4861%, Lmin=-18.50, Lmax=-17.07
21:36:06 [ultranest] [DEBUG] iteration=2880, ncalls=14907, regioncalls=0, ndraw=40, logz=-26.70, remainder_fraction=57.6351%, Lmin=-18.39, Lmax=-17.07
21:36:06 [ultranest] [DEBUG] iteration=2920, ncalls=14907, regioncalls=0, ndraw=40, logz=-26.62, remainder_fraction=53.5093%, Lmin=-18.28, Lmax=-17.07
21:36:06 [ultranest] [DEBUG] iteration=2960, ncalls=14907, regioncalls=0, ndraw=40, logz=-26.54, remainder_fraction=49.4965%, Lmin=-18.20, Lmax=-17.07
21:36:06 [ultranest] [DEBUG] iteration=3000, ncalls=14907, regioncalls=0, ndraw=40, logz=-26.46, remainder_fraction=45.7921%, Lmin=-18.13, Lmax=-17.02
21:36:06 [ultranest] [DEBUG] iteration=3040, ncalls=14907, regioncalls=0, ndraw=40, logz=-26.40, remainder_fraction=42.4414%, Lmin=-18.06, Lmax=-17.02
21:36:06 [ultranest] [DEBUG] iteration=3080, ncalls=14907, regioncalls=0, ndraw=40, logz=-26.35, remainder_fraction=38.8923%, Lmin=-17.98, Lmax=-17.02
21:36:06 [ultranest] [DEBUG] iteration=3108, ncalls=14907, regioncalls=0, ndraw=40, logz=-26.31, remainder_fraction=36.5740%, Lmin=-17.94, Lmax=-17.02
21:36:06 [ultranest] [DEBUG] iteration=3120, ncalls=14907, regioncalls=0, ndraw=40, logz=-26.29, remainder_fraction=35.6059%, Lmin=-17.93, Lmax=-17.02
21:36:06 [ultranest] [DEBUG] iteration=3160, ncalls=14907, regioncalls=0, ndraw=40, logz=-26.25, remainder_fraction=32.3950%, Lmin=-17.87, Lmax=-17.02
21:36:06 [ultranest] [DEBUG] iteration=3200, ncalls=14907, regioncalls=0, ndraw=40, logz=-26.21, remainder_fraction=29.4793%, Lmin=-17.83, Lmax=-17.02
21:36:06 [ultranest] [DEBUG] iteration=3240, ncalls=14907, regioncalls=0, ndraw=40, logz=-26.17, remainder_fraction=26.8735%, Lmin=-17.79, Lmax=-17.02
21:36:06 [ultranest] [DEBUG] iteration=3256, ncalls=14907, regioncalls=0, ndraw=40, logz=-26.16, remainder_fraction=25.8750%, Lmin=-17.78, Lmax=-17.02
21:36:06 [ultranest] [DEBUG] iteration=3280, ncalls=14907, regioncalls=0, ndraw=40, logz=-26.14, remainder_fraction=24.5024%, Lmin=-17.75, Lmax=-17.02
21:36:06 [ultranest] [DEBUG] iteration=3320, ncalls=14907, regioncalls=0, ndraw=40, logz=-26.11, remainder_fraction=22.3965%, Lmin=-17.71, Lmax=-17.02
21:36:06 [ultranest] [DEBUG] iteration=3330, ncalls=14907, regioncalls=0, ndraw=40, logz=-26.11, remainder_fraction=21.9111%, Lmin=-17.69, Lmax=-17.02
21:36:07 [ultranest] [DEBUG] iteration=3360, ncalls=14907, regioncalls=0, ndraw=40, logz=-26.09, remainder_fraction=20.3508%, Lmin=-17.65, Lmax=-17.02
21:36:07 [ultranest] [DEBUG] iteration=3400, ncalls=14907, regioncalls=0, ndraw=40, logz=-26.06, remainder_fraction=18.5049%, Lmin=-17.61, Lmax=-17.02
21:36:07 [ultranest] [DEBUG] iteration=3404, ncalls=14907, regioncalls=0, ndraw=40, logz=-26.06, remainder_fraction=18.3182%, Lmin=-17.61, Lmax=-17.02
21:36:07 [ultranest] [DEBUG] iteration=3440, ncalls=14907, regioncalls=0, ndraw=40, logz=-26.04, remainder_fraction=16.8169%, Lmin=-17.58, Lmax=-17.02
21:36:07 [ultranest] [DEBUG] iteration=3478, ncalls=14907, regioncalls=0, ndraw=40, logz=-26.02, remainder_fraction=15.2856%, Lmin=-17.55, Lmax=-17.02
21:36:07 [ultranest] [DEBUG] iteration=3480, ncalls=14907, regioncalls=0, ndraw=40, logz=-26.02, remainder_fraction=15.2097%, Lmin=-17.54, Lmax=-17.02
21:36:07 [ultranest] [DEBUG] iteration=3520, ncalls=14907, regioncalls=0, ndraw=40, logz=-26.01, remainder_fraction=13.7704%, Lmin=-17.51, Lmax=-17.02
21:36:07 [ultranest] [DEBUG] iteration=3552, ncalls=14907, regioncalls=0, ndraw=40, logz=-25.99, remainder_fraction=12.6922%, Lmin=-17.48, Lmax=-17.02
21:36:07 [ultranest] [DEBUG] iteration=3560, ncalls=14907, regioncalls=0, ndraw=40, logz=-25.99, remainder_fraction=12.4363%, Lmin=-17.47, Lmax=-17.02
21:36:07 [ultranest] [DEBUG] iteration=3600, ncalls=14907, regioncalls=0, ndraw=40, logz=-25.98, remainder_fraction=11.2329%, Lmin=-17.45, Lmax=-17.02
21:36:07 [ultranest] [DEBUG] iteration=3626, ncalls=14907, regioncalls=0, ndraw=40, logz=-25.97, remainder_fraction=10.5073%, Lmin=-17.43, Lmax=-17.02
21:36:07 [ultranest] [DEBUG] iteration=3640, ncalls=14907, regioncalls=0, ndraw=40, logz=-25.97, remainder_fraction=10.1457%, Lmin=-17.43, Lmax=-17.02
21:36:07 [ultranest] [DEBUG] iteration=3680, ncalls=14907, regioncalls=0, ndraw=40, logz=-25.95, remainder_fraction=9.1416%, Lmin=-17.40, Lmax=-17.02
21:36:07 [ultranest] [DEBUG] iteration=3720, ncalls=14907, regioncalls=0, ndraw=40, logz=-25.94, remainder_fraction=8.2391%, Lmin=-17.37, Lmax=-17.02
21:36:07 [ultranest] [DEBUG] iteration=3760, ncalls=14907, regioncalls=0, ndraw=40, logz=-25.94, remainder_fraction=7.3945%, Lmin=-17.34, Lmax=-17.02
21:36:07 [ultranest] [DEBUG] iteration=3774, ncalls=14907, regioncalls=0, ndraw=40, logz=-25.93, remainder_fraction=7.1253%, Lmin=-17.33, Lmax=-17.02
21:36:07 [ultranest] [DEBUG] iteration=3800, ncalls=14907, regioncalls=0, ndraw=40, logz=-25.93, remainder_fraction=6.6530%, Lmin=-17.32, Lmax=-17.02
21:36:07 [ultranest] [DEBUG] iteration=3840, ncalls=14907, regioncalls=0, ndraw=40, logz=-25.92, remainder_fraction=5.9746%, Lmin=-17.30, Lmax=-17.02
21:36:07 [ultranest] [DEBUG] iteration=3848, ncalls=14907, regioncalls=0, ndraw=40, logz=-25.92, remainder_fraction=5.8478%, Lmin=-17.29, Lmax=-17.02
21:36:07 [ultranest] [DEBUG] iteration=3880, ncalls=14907, regioncalls=0, ndraw=40, logz=-25.91, remainder_fraction=5.3606%, Lmin=-17.27, Lmax=-17.02
21:36:07 [ultranest] [DEBUG] iteration=3920, ncalls=14907, regioncalls=0, ndraw=40, logz=-25.91, remainder_fraction=4.8053%, Lmin=-17.25, Lmax=-17.02
21:36:07 [ultranest] [DEBUG] iteration=3922, ncalls=14907, regioncalls=0, ndraw=40, logz=-25.91, remainder_fraction=4.7807%, Lmin=-17.25, Lmax=-17.02
21:36:07 [ultranest] [DEBUG] iteration=3960, ncalls=14907, regioncalls=0, ndraw=40, logz=-25.90, remainder_fraction=4.3018%, Lmin=-17.23, Lmax=-17.02
21:36:07 [ultranest] [DEBUG] iteration=3996, ncalls=14907, regioncalls=0, ndraw=40, logz=-25.90, remainder_fraction=3.8903%, Lmin=-17.22, Lmax=-17.02
21:36:07 [ultranest] [DEBUG] iteration=4000, ncalls=14907, regioncalls=0, ndraw=40, logz=-25.90, remainder_fraction=3.8449%, Lmin=-17.22, Lmax=-17.02
21:36:07 [ultranest] [DEBUG] iteration=4040, ncalls=14907, regioncalls=0, ndraw=40, logz=-25.89, remainder_fraction=3.4354%, Lmin=-17.20, Lmax=-17.02
21:36:07 [ultranest] [DEBUG] iteration=4070, ncalls=14907, regioncalls=0, ndraw=40, logz=-25.89, remainder_fraction=3.1518%, Lmin=-17.19, Lmax=-17.02
21:36:07 [ultranest] [DEBUG] iteration=4080, ncalls=14907, regioncalls=0, ndraw=40, logz=-25.89, remainder_fraction=3.0637%, Lmin=-17.19, Lmax=-17.02
21:36:07 [ultranest] [DEBUG] iteration=4120, ncalls=14907, regioncalls=0, ndraw=40, logz=-25.89, remainder_fraction=2.7364%, Lmin=-17.18, Lmax=-17.02
21:36:07 [ultranest] [DEBUG] iteration=4160, ncalls=14907, regioncalls=0, ndraw=40, logz=-25.88, remainder_fraction=2.4402%, Lmin=-17.16, Lmax=-17.02
21:36:07 [ultranest] [DEBUG] iteration=4200, ncalls=14907, regioncalls=0, ndraw=40, logz=-25.88, remainder_fraction=2.1752%, Lmin=-17.16, Lmax=-17.02
21:36:07 [ultranest] [DEBUG] iteration=4240, ncalls=14907, regioncalls=0, ndraw=40, logz=-25.88, remainder_fraction=1.9386%, Lmin=-17.14, Lmax=-17.02
21:36:07 [ultranest] [DEBUG] iteration=4280, ncalls=14907, regioncalls=0, ndraw=40, logz=-25.88, remainder_fraction=1.7248%, Lmin=-17.13, Lmax=-17.02
21:36:07 [ultranest] [DEBUG] iteration=4292, ncalls=14907, regioncalls=0, ndraw=40, logz=-25.87, remainder_fraction=1.6661%, Lmin=-17.13, Lmax=-17.02
21:36:07 [ultranest] [DEBUG] iteration=4320, ncalls=14907, regioncalls=0, ndraw=40, logz=-25.87, remainder_fraction=1.5369%, Lmin=-17.12, Lmax=-17.02
21:36:07 [ultranest] [INFO] Explored until L=-2e+01  
21:36:07 [ultranest] [INFO] Likelihood function evaluations: 14907
21:36:08 [ultranest] [INFO] Writing samples and results to disk ...
21:36:08 [ultranest] [INFO] Writing samples and results to disk ... done
21:36:08 [ultranest] [DEBUG] did a run_iter pass!
21:36:08 [ultranest] [INFO]   logZ = -25.85 +- 0.1181
21:36:08 [ultranest] [INFO] Effective samples strategy satisfied (ESS = 1446.0, need >400)
21:36:08 [ultranest] [INFO] Posterior uncertainty strategy is satisfied (KL: 0.47+-0.13 nat, need <0.50 nat)
21:36:08 [ultranest] [INFO] Evidency uncertainty strategy is satisfied (dlogz=0.12, need <0.5)
21:36:08 [ultranest] [INFO]   logZ error budget: single: 0.15 bs:0.12 tail:0.02 total:0.12 required:<0.50
21:36:08 [ultranest] [INFO] done iterating.
21:36:09 [ultranest] [DEBUG] Making corner plot ...
21:36:10 [ultranest] [DEBUG] Making corner plot ... done
21:36:10 [ultranest] [DEBUG] Making run plot ... 
21:36:11 [ultranest] [DEBUG] Making run plot ... done
21:36:11 [ultranest] [DEBUG] Making trace plot ... 
21:36:12 [ultranest] [DEBUG] Making trace plot ... done
