15:55:29 [ultranest] [DEBUG] ReactiveNestedSampler: dims=3+0, resume=True, log_dir=/home/orion51/Desktop/Research/spectral_fitting/FGL_spectral_fitting/Individual_sources/2CXOJ085910.9-434343/bb_out_, backend=hdf5, vectorized=False, nbootstraps=30, ndraw=128..65536
15:55:29 [ultranest] [INFO] Sampling 400 live points from prior ...
15:55:30 [ultranest] [DEBUG] run_iter dlogz=0.5, dKL=0.5, frac_remain=0.01, Lepsilon=0.1000, min_ess=400
15:55:30 [ultranest] [DEBUG] max_iters=-1, max_ncalls=-1, max_num_improvement_loops=-1, min_num_live_points=400, cluster_num_live_points=40
15:55:30 [ultranest] [DEBUG] minimal_widths_sequence: [(-inf, 400.0), (inf, 400.0)]
15:55:30 [ultranest] [DEBUG] iteration=0, ncalls=401, regioncalls=40, ndraw=40, logz=-inf, remainder_fraction=100.0000%, Lmin=-132092454.65, Lmax=-109.81
15:55:30 [ultranest] [DEBUG] iteration=31, ncalls=433, regioncalls=1320, ndraw=40, logz=-28401.80, remainder_fraction=100.0000%, Lmin=-25384.19, Lmax=-109.81
15:55:30 [ultranest] [DEBUG] iteration=40, ncalls=444, regioncalls=1760, ndraw=40, logz=-13750.29, remainder_fraction=100.0000%, Lmin=-12761.88, Lmax=-109.81
15:55:30 [ultranest] [DEBUG] Plateau detected at L=-1.006527e+03, not replacing live point.
15:55:30 [ultranest] [DEBUG] Plateau detected at L=-1.006527e+03, not replacing live point.
15:55:30 [ultranest] [DEBUG] Plateau detected at L=-1.006527e+03, not replacing live point.
15:55:30 [ultranest] [DEBUG] Plateau detected at L=-1.006527e+03, not replacing live point.
15:55:30 [ultranest] [DEBUG] Plateau detected at L=-1.006527e+03, not replacing live point.
15:55:30 [ultranest] [DEBUG] Plateau detected at L=-1.006527e+03, not replacing live point.
15:55:30 [ultranest] [DEBUG] Plateau detected at L=-1.006527e+03, not replacing live point.
15:55:30 [ultranest] [DEBUG] Plateau detected at L=-1.006527e+03, not replacing live point.
15:55:30 [ultranest] [DEBUG] Plateau detected at L=-1.006527e+03, not replacing live point.
15:55:30 [ultranest] [DEBUG] Plateau detected at L=-1.006527e+03, not replacing live point.
15:55:30 [ultranest] [DEBUG] Plateau detected at L=-1.006527e+03, not replacing live point.
15:55:30 [ultranest] [DEBUG] Plateau detected at L=-1.006527e+03, not replacing live point.
15:55:30 [ultranest] [DEBUG] Plateau detected at L=-1.006527e+03, not replacing live point.
15:55:30 [ultranest] [DEBUG] Plateau detected at L=-1.006527e+03, not replacing live point.
15:55:30 [ultranest] [DEBUG] Plateau detected at L=-1.006527e+03, not replacing live point.
15:55:30 [ultranest] [DEBUG] Plateau detected at L=-1.006527e+03, not replacing live point.
15:55:30 [ultranest] [DEBUG] Plateau detected at L=-1.006527e+03, not replacing live point.
15:55:30 [ultranest] [DEBUG] Plateau detected at L=-1.006527e+03, not replacing live point.
15:55:30 [ultranest] [DEBUG] Plateau detected at L=-1.006527e+03, not replacing live point.
15:55:30 [ultranest] [DEBUG] Plateau detected at L=-1.006527e+03, not replacing live point.
15:55:30 [ultranest] [DEBUG] Plateau detected at L=-1.006527e+03, not replacing live point.
15:55:30 [ultranest] [DEBUG] Plateau detected at L=-1.006527e+03, not replacing live point.
15:55:30 [ultranest] [DEBUG] Plateau detected at L=-1.006527e+03, not replacing live point.
15:55:30 [ultranest] [DEBUG] Plateau detected at L=-1.006527e+03, not replacing live point.
15:55:30 [ultranest] [DEBUG] Plateau detected at L=-1.006527e+03, not replacing live point.
15:55:30 [ultranest] [DEBUG] Plateau detected at L=-1.006527e+03, not replacing live point.
15:55:30 [ultranest] [DEBUG] Plateau detected at L=-1.006527e+03, not replacing live point.
15:55:30 [ultranest] [DEBUG] Plateau detected at L=-1.006527e+03, not replacing live point.
15:55:30 [ultranest] [DEBUG] Plateau detected at L=-1.006527e+03, not replacing live point.
15:55:30 [ultranest] [DEBUG] Plateau detected at L=-1.006527e+03, not replacing live point.
15:55:30 [ultranest] [DEBUG] Plateau detected at L=-1.006527e+03, not replacing live point.
15:55:30 [ultranest] [DEBUG] Plateau detected at L=-1.006527e+03, not replacing live point.
15:55:30 [ultranest] [DEBUG] Plateau detected at L=-1.006527e+03, not replacing live point.
15:55:30 [ultranest] [DEBUG] Plateau detected at L=-1.006527e+03, not replacing live point.
15:55:30 [ultranest] [DEBUG] Plateau detected at L=-1.006527e+03, not replacing live point.
15:55:30 [ultranest] [DEBUG] Plateau detected at L=-1.006527e+03, not replacing live point.
15:55:30 [ultranest] [DEBUG] Plateau detected at L=-1.006527e+03, not replacing live point.
15:55:30 [ultranest] [DEBUG] Plateau detected at L=-1.006527e+03, not replacing live point.
15:55:30 [ultranest] [DEBUG] Plateau detected at L=-1.006527e+03, not replacing live point.
15:55:30 [ultranest] [DEBUG] Plateau detected at L=-1.006527e+03, not replacing live point.
15:55:30 [ultranest] [DEBUG] Plateau detected at L=-1.006527e+03, not replacing live point.
15:55:30 [ultranest] [DEBUG] Plateau detected at L=-1.006527e+03, not replacing live point.
15:55:30 [ultranest] [DEBUG] Plateau detected at L=-1.006527e+03, not replacing live point.
15:55:30 [ultranest] [DEBUG] Plateau detected at L=-1.006527e+03, not replacing live point.
15:55:30 [ultranest] [DEBUG] Plateau detected at L=-1.006527e+03, not replacing live point.
15:55:30 [ultranest] [DEBUG] Plateau detected at L=-1.006527e+03, not replacing live point.
15:55:30 [ultranest] [DEBUG] Plateau detected at L=-1.006527e+03, not replacing live point.
15:55:30 [ultranest] [DEBUG] Plateau detected at L=-1.006527e+03, not replacing live point.
15:55:30 [ultranest] [DEBUG] Plateau detected at L=-1.006527e+03, not replacing live point.
15:55:30 [ultranest] [DEBUG] Plateau detected at L=-1.006527e+03, not replacing live point.
15:55:30 [ultranest] [DEBUG] Plateau detected at L=-1.006527e+03, not replacing live point.
15:55:30 [ultranest] [DEBUG] Plateau detected at L=-1.006527e+03, not replacing live point.
15:55:30 [ultranest] [DEBUG] Plateau detected at L=-1.006527e+03, not replacing live point.
15:55:30 [ultranest] [DEBUG] Plateau detected at L=-1.006527e+03, not replacing live point.
15:55:30 [ultranest] [DEBUG] Plateau detected at L=-1.006527e+03, not replacing live point.
15:55:30 [ultranest] [DEBUG] Plateau detected at L=-1.006527e+03, not replacing live point.
15:55:30 [ultranest] [DEBUG] Plateau detected at L=-1.006527e+03, not replacing live point.
15:55:30 [ultranest] [DEBUG] Plateau detected at L=-1.006527e+03, not replacing live point.
15:55:30 [ultranest] [DEBUG] Plateau detected at L=-1.006527e+03, not replacing live point.
15:55:30 [ultranest] [DEBUG] Plateau detected at L=-1.006527e+03, not replacing live point.
15:55:30 [ultranest] [DEBUG] Plateau detected at L=-1.006527e+03, not replacing live point.
15:55:30 [ultranest] [DEBUG] Plateau detected at L=-1.006527e+03, not replacing live point.
15:55:30 [ultranest] [DEBUG] Plateau detected at L=-1.006527e+03, not replacing live point.
15:55:30 [ultranest] [DEBUG] Plateau detected at L=-1.006527e+03, not replacing live point.
15:55:30 [ultranest] [DEBUG] Plateau detected at L=-1.006527e+03, not replacing live point.
15:55:30 [ultranest] [DEBUG] Plateau detected at L=-1.006527e+03, not replacing live point.
15:55:30 [ultranest] [DEBUG] Plateau detected at L=-1.006527e+03, not replacing live point.
15:55:30 [ultranest] [DEBUG] Plateau detected at L=-1.006527e+03, not replacing live point.
15:55:30 [ultranest] [DEBUG] Plateau detected at L=-1.006527e+03, not replacing live point.
15:55:30 [ultranest] [DEBUG] Plateau detected at L=-1.006527e+03, not replacing live point.
15:55:30 [ultranest] [DEBUG] Plateau detected at L=-1.006527e+03, not replacing live point.
15:55:30 [ultranest] [DEBUG] Plateau detected at L=-1.006527e+03, not replacing live point.
15:55:30 [ultranest] [DEBUG] Plateau detected at L=-1.006527e+03, not replacing live point.
15:55:30 [ultranest] [DEBUG] Plateau detected at L=-1.006527e+03, not replacing live point.
15:55:30 [ultranest] [DEBUG] Plateau detected at L=-1.006527e+03, not replacing live point.
15:55:30 [ultranest] [DEBUG] Plateau detected at L=-1.006527e+03, not replacing live point.
15:55:30 [ultranest] [DEBUG] Plateau detected at L=-1.006527e+03, not replacing live point.
15:55:30 [ultranest] [DEBUG] Plateau detected at L=-1.006527e+03, not replacing live point.
15:55:30 [ultranest] [DEBUG] Plateau detected at L=-1.006527e+03, not replacing live point.
15:55:30 [ultranest] [DEBUG] Plateau detected at L=-1.006527e+03, not replacing live point.
15:55:30 [ultranest] [DEBUG] Plateau detected at L=-1.006527e+03, not replacing live point.
15:55:30 [ultranest] [DEBUG] Plateau detected at L=-1.006527e+03, not replacing live point.
15:55:30 [ultranest] [DEBUG] Plateau detected at L=-1.006527e+03, not replacing live point.
15:55:30 [ultranest] [DEBUG] Plateau detected at L=-1.006527e+03, not replacing live point.
15:55:30 [ultranest] [DEBUG] Plateau detected at L=-1.006527e+03, not replacing live point.
15:55:30 [ultranest] [DEBUG] Plateau detected at L=-1.006527e+03, not replacing live point.
15:55:30 [ultranest] [DEBUG] Plateau detected at L=-1.006527e+03, not replacing live point.
15:55:30 [ultranest] [DEBUG] Plateau detected at L=-1.006527e+03, not replacing live point.
15:55:30 [ultranest] [DEBUG] Plateau detected at L=-1.006527e+03, not replacing live point.
15:55:30 [ultranest] [DEBUG] Plateau detected at L=-1.006527e+03, not replacing live point.
15:55:30 [ultranest] [DEBUG] Plateau detected at L=-1.006527e+03, not replacing live point.
15:55:30 [ultranest] [DEBUG] Plateau detected at L=-1.006527e+03, not replacing live point.
15:55:30 [ultranest] [DEBUG] Plateau detected at L=-1.006527e+03, not replacing live point.
15:55:30 [ultranest] [DEBUG] Plateau detected at L=-1.006527e+03, not replacing live point.
15:55:30 [ultranest] [DEBUG] Plateau detected at L=-1.006527e+03, not replacing live point.
15:55:30 [ultranest] [DEBUG] Plateau detected at L=-1.006527e+03, not replacing live point.
15:55:30 [ultranest] [DEBUG] Plateau detected at L=-1.006527e+03, not replacing live point.
15:55:30 [ultranest] [DEBUG] Plateau detected at L=-1.006527e+03, not replacing live point.
15:55:30 [ultranest] [DEBUG] Plateau detected at L=-1.006527e+03, not replacing live point.
15:55:30 [ultranest] [DEBUG] Plateau detected at L=-1.006527e+03, not replacing live point.
15:55:30 [ultranest] [DEBUG] Plateau detected at L=-1.006527e+03, not replacing live point.
15:55:30 [ultranest] [DEBUG] Plateau detected at L=-1.006527e+03, not replacing live point.
15:55:30 [ultranest] [DEBUG] Plateau detected at L=-1.006527e+03, not replacing live point.
15:55:30 [ultranest] [DEBUG] Plateau detected at L=-1.006527e+03, not replacing live point.
15:55:30 [ultranest] [DEBUG] Plateau detected at L=-1.006527e+03, not replacing live point.
15:55:30 [ultranest] [DEBUG] Plateau detected at L=-1.006527e+03, not replacing live point.
15:55:30 [ultranest] [DEBUG] Plateau detected at L=-1.006527e+03, not replacing live point.
15:55:30 [ultranest] [DEBUG] Plateau detected at L=-1.006527e+03, not replacing live point.
15:55:30 [ultranest] [DEBUG] Plateau detected at L=-1.006527e+03, not replacing live point.
15:55:30 [ultranest] [DEBUG] Plateau detected at L=-1.006527e+03, not replacing live point.
15:55:30 [ultranest] [DEBUG] Plateau detected at L=-1.006527e+03, not replacing live point.
15:55:30 [ultranest] [DEBUG] Plateau detected at L=-1.006527e+03, not replacing live point.
15:55:30 [ultranest] [DEBUG] Plateau detected at L=-1.006527e+03, not replacing live point.
15:55:30 [ultranest] [DEBUG] Plateau detected at L=-1.006527e+03, not replacing live point.
15:55:30 [ultranest] [DEBUG] Plateau detected at L=-1.006527e+03, not replacing live point.
15:55:30 [ultranest] [DEBUG] Plateau detected at L=-1.006527e+03, not replacing live point.
15:55:30 [ultranest] [DEBUG] Plateau detected at L=-1.006527e+03, not replacing live point.
15:55:30 [ultranest] [DEBUG] Plateau detected at L=-1.006527e+03, not replacing live point.
15:55:30 [ultranest] [DEBUG] Plateau detected at L=-1.006527e+03, not replacing live point.
15:55:30 [ultranest] [DEBUG] Plateau detected at L=-1.006527e+03, not replacing live point.
15:55:30 [ultranest] [DEBUG] Plateau detected at L=-1.006527e+03, not replacing live point.
15:55:30 [ultranest] [DEBUG] Plateau detected at L=-1.006527e+03, not replacing live point.
15:55:30 [ultranest] [DEBUG] Plateau detected at L=-1.006527e+03, not replacing live point.
15:55:30 [ultranest] [DEBUG] Plateau detected at L=-1.006527e+03, not replacing live point.
15:55:30 [ultranest] [DEBUG] Plateau detected at L=-1.006527e+03, not replacing live point.
15:55:30 [ultranest] [DEBUG] Plateau detected at L=-1.006527e+03, not replacing live point.
15:55:30 [ultranest] [DEBUG] Plateau detected at L=-1.006527e+03, not replacing live point.
15:55:30 [ultranest] [DEBUG] Plateau detected at L=-1.006527e+03, not replacing live point.
15:55:30 [ultranest] [DEBUG] Plateau detected at L=-1.006527e+03, not replacing live point.
15:55:30 [ultranest] [DEBUG] Plateau detected at L=-1.006527e+03, not replacing live point.
15:55:30 [ultranest] [DEBUG] Plateau detected at L=-1.006527e+03, not replacing live point.
15:55:30 [ultranest] [DEBUG] Plateau detected at L=-1.006527e+03, not replacing live point.
15:55:30 [ultranest] [DEBUG] Plateau detected at L=-1.006527e+03, not replacing live point.
15:55:30 [ultranest] [DEBUG] Plateau detected at L=-1.006527e+03, not replacing live point.
15:55:30 [ultranest] [DEBUG] Plateau detected at L=-1.006527e+03, not replacing live point.
15:55:30 [ultranest] [DEBUG] Plateau detected at L=-1.006527e+03, not replacing live point.
15:55:30 [ultranest] [DEBUG] Plateau detected at L=-1.006527e+03, not replacing live point.
15:55:30 [ultranest] [DEBUG] Plateau detected at L=-1.006527e+03, not replacing live point.
15:55:30 [ultranest] [DEBUG] Plateau detected at L=-1.006527e+03, not replacing live point.
15:55:30 [ultranest] [DEBUG] Plateau detected at L=-1.006527e+03, not replacing live point.
15:55:30 [ultranest] [DEBUG] Plateau detected at L=-1.006527e+03, not replacing live point.
15:55:30 [ultranest] [DEBUG] Plateau detected at L=-1.006527e+03, not replacing live point.
15:55:30 [ultranest] [DEBUG] Plateau detected at L=-1.006527e+03, not replacing live point.
15:55:30 [ultranest] [DEBUG] Plateau detected at L=-1.006527e+03, not replacing live point.
15:55:30 [ultranest] [DEBUG] Plateau detected at L=-1.006527e+03, not replacing live point.
15:55:30 [ultranest] [DEBUG] Plateau detected at L=-1.006527e+03, not replacing live point.
15:55:30 [ultranest] [DEBUG] Plateau detected at L=-1.006527e+03, not replacing live point.
15:55:30 [ultranest] [DEBUG] Plateau detected at L=-1.006527e+03, not replacing live point.
15:55:30 [ultranest] [DEBUG] Plateau detected at L=-1.006527e+03, not replacing live point.
15:55:30 [ultranest] [DEBUG] Plateau detected at L=-1.006527e+03, not replacing live point.
15:55:30 [ultranest] [DEBUG] Plateau detected at L=-1.006527e+03, not replacing live point.
15:55:30 [ultranest] [DEBUG] Plateau detected at L=-1.006527e+03, not replacing live point.
15:55:30 [ultranest] [DEBUG] Plateau detected at L=-1.006527e+03, not replacing live point.
15:55:30 [ultranest] [DEBUG] Plateau detected at L=-1.006527e+03, not replacing live point.
15:55:30 [ultranest] [DEBUG] Plateau detected at L=-1.006527e+03, not replacing live point.
15:55:30 [ultranest] [DEBUG] Plateau detected at L=-1.006527e+03, not replacing live point.
15:55:30 [ultranest] [DEBUG] Plateau detected at L=-1.006527e+03, not replacing live point.
15:55:30 [ultranest] [DEBUG] Plateau detected at L=-1.006527e+03, not replacing live point.
15:55:30 [ultranest] [DEBUG] Plateau detected at L=-1.006527e+03, not replacing live point.
15:55:30 [ultranest] [DEBUG] Plateau detected at L=-1.006527e+03, not replacing live point.
15:55:30 [ultranest] [DEBUG] Plateau detected at L=-1.006527e+03, not replacing live point.
15:55:30 [ultranest] [DEBUG] Plateau detected at L=-1.006527e+03, not replacing live point.
15:55:30 [ultranest] [DEBUG] Plateau detected at L=-1.006527e+03, not replacing live point.
15:55:30 [ultranest] [DEBUG] Plateau detected at L=-1.006527e+03, not replacing live point.
15:55:30 [ultranest] [DEBUG] Plateau detected at L=-1.006527e+03, not replacing live point.
15:55:30 [ultranest] [DEBUG] Plateau detected at L=-1.006527e+03, not replacing live point.
15:55:30 [ultranest] [DEBUG] Plateau detected at L=-1.006527e+03, not replacing live point.
15:55:30 [ultranest] [DEBUG] Plateau detected at L=-1.006527e+03, not replacing live point.
15:55:30 [ultranest] [DEBUG] Plateau detected at L=-1.006527e+03, not replacing live point.
15:55:30 [ultranest] [DEBUG] Plateau detected at L=-1.006527e+03, not replacing live point.
15:55:30 [ultranest] [DEBUG] Plateau detected at L=-1.006527e+03, not replacing live point.
15:55:30 [ultranest] [DEBUG] Plateau detected at L=-1.006527e+03, not replacing live point.
15:55:30 [ultranest] [DEBUG] Plateau detected at L=-1.006527e+03, not replacing live point.
15:55:30 [ultranest] [DEBUG] Plateau detected at L=-1.006527e+03, not replacing live point.
15:55:30 [ultranest] [DEBUG] Plateau detected at L=-1.006527e+03, not replacing live point.
15:55:30 [ultranest] [DEBUG] Plateau detected at L=-1.006527e+03, not replacing live point.
15:55:30 [ultranest] [DEBUG] Plateau detected at L=-1.006527e+03, not replacing live point.
15:55:30 [ultranest] [DEBUG] Plateau detected at L=-1.006527e+03, not replacing live point.
15:55:30 [ultranest] [DEBUG] Plateau detected at L=-1.006527e+03, not replacing live point.
15:55:30 [ultranest] [DEBUG] Plateau detected at L=-1.006527e+03, not replacing live point.
15:55:30 [ultranest] [DEBUG] Plateau detected at L=-1.006527e+03, not replacing live point.
15:55:30 [ultranest] [DEBUG] Plateau detected at L=-1.006527e+03, not replacing live point.
15:55:30 [ultranest] [DEBUG] Plateau detected at L=-1.006527e+03, not replacing live point.
15:55:30 [ultranest] [DEBUG] Plateau detected at L=-1.006527e+03, not replacing live point.
15:55:30 [ultranest] [DEBUG] Plateau detected at L=-1.006527e+03, not replacing live point.
15:55:30 [ultranest] [DEBUG] Plateau detected at L=-1.006527e+03, not replacing live point.
15:55:30 [ultranest] [DEBUG] Plateau detected at L=-1.006527e+03, not replacing live point.
15:55:30 [ultranest] [DEBUG] Plateau detected at L=-1.006527e+03, not replacing live point.
15:55:30 [ultranest] [DEBUG] Plateau detected at L=-1.006527e+03, not replacing live point.
15:55:30 [ultranest] [DEBUG] Plateau detected at L=-1.006527e+03, not replacing live point.
15:55:30 [ultranest] [DEBUG] Plateau detected at L=-1.006527e+03, not replacing live point.
15:55:30 [ultranest] [DEBUG] Plateau detected at L=-1.006527e+03, not replacing live point.
15:55:30 [ultranest] [DEBUG] Plateau detected at L=-1.006527e+03, not replacing live point.
15:55:30 [ultranest] [DEBUG] Plateau detected at L=-1.006527e+03, not replacing live point.
15:55:30 [ultranest] [DEBUG] Plateau detected at L=-1.006527e+03, not replacing live point.
15:55:30 [ultranest] [DEBUG] Plateau detected at L=-1.006527e+03, not replacing live point.
15:55:30 [ultranest] [DEBUG] Plateau detected at L=-1.006527e+03, not replacing live point.
15:55:30 [ultranest] [DEBUG] Plateau detected at L=-1.006527e+03, not replacing live point.
15:55:30 [ultranest] [DEBUG] Plateau detected at L=-1.006527e+03, not replacing live point.
15:55:30 [ultranest] [DEBUG] Plateau detected at L=-1.006527e+03, not replacing live point.
15:55:30 [ultranest] [DEBUG] Plateau detected at L=-1.006527e+03, not replacing live point.
15:55:30 [ultranest] [DEBUG] Plateau detected at L=-1.006527e+03, not replacing live point.
15:55:30 [ultranest] [DEBUG] Plateau detected at L=-1.006527e+03, not replacing live point.
15:55:30 [ultranest] [DEBUG] Plateau detected at L=-1.006527e+03, not replacing live point.
15:55:30 [ultranest] [DEBUG] iteration=262, ncalls=465, regioncalls=2600, ndraw=40, logz=-1007.35, remainder_fraction=100.0000%, Lmin=-1006.53, Lmax=-109.81
15:55:30 [ultranest] [DEBUG] Plateau detected at L=-1.006527e+03, not replacing live point.
15:55:30 [ultranest] [DEBUG] iteration=264, ncalls=466, regioncalls=2640, ndraw=40, logz=-1007.34, remainder_fraction=100.0000%, Lmin=-1006.53, Lmax=-109.81
15:55:30 [ultranest] [DEBUG] Plateau detected at L=-1.006527e+03, not replacing live point.
15:55:30 [ultranest] [DEBUG] iteration=268, ncalls=469, regioncalls=2760, ndraw=40, logz=-1007.32, remainder_fraction=100.0000%, Lmin=-1006.53, Lmax=-109.81
15:55:30 [ultranest] [DEBUG] iteration=280, ncalls=486, regioncalls=3440, ndraw=40, logz=-1007.26, remainder_fraction=100.0000%, Lmin=-1006.53, Lmax=-109.81
15:55:30 [ultranest] [DEBUG] iteration=302, ncalls=523, regioncalls=4920, ndraw=40, logz=-1007.18, remainder_fraction=100.0000%, Lmin=-1006.53, Lmax=-109.81
15:55:30 [ultranest] [DEBUG] iteration=312, ncalls=537, regioncalls=5480, ndraw=40, logz=-1007.15, remainder_fraction=100.0000%, Lmin=-1006.53, Lmax=-109.81
15:55:30 [ultranest] [DEBUG] iteration=320, ncalls=549, regioncalls=5960, ndraw=40, logz=-1007.12, remainder_fraction=100.0000%, Lmin=-1006.53, Lmax=-66.40
15:55:30 [ultranest] [DEBUG] iteration=344, ncalls=586, regioncalls=7440, ndraw=40, logz=-1007.06, remainder_fraction=100.0000%, Lmin=-1006.53, Lmax=-66.40
15:55:30 [ultranest] [DEBUG] iteration=356, ncalls=612, regioncalls=8480, ndraw=40, logz=-1007.03, remainder_fraction=100.0000%, Lmin=-1006.52, Lmax=-66.40
15:55:30 [ultranest] [DEBUG] iteration=360, ncalls=619, regioncalls=8760, ndraw=40, logz=-1007.02, remainder_fraction=100.0000%, Lmin=-1006.52, Lmax=-66.40
15:55:30 [ultranest] [DEBUG] iteration=385, ncalls=657, regioncalls=10280, ndraw=40, logz=-1006.97, remainder_fraction=100.0000%, Lmin=-1006.50, Lmax=-66.40
15:55:31 [ultranest] [DEBUG] iteration=400, ncalls=688, regioncalls=11520, ndraw=40, logz=-1006.95, remainder_fraction=100.0000%, Lmin=-1006.45, Lmax=-63.81
15:55:31 [ultranest] [DEBUG] iteration=424, ncalls=724, regioncalls=12960, ndraw=40, logz=-1006.90, remainder_fraction=100.0000%, Lmin=-1006.02, Lmax=-63.81
15:55:31 [ultranest] [DEBUG] iteration=440, ncalls=763, regioncalls=14520, ndraw=40, logz=-1006.86, remainder_fraction=100.0000%, Lmin=-1005.56, Lmax=-63.81
15:55:31 [ultranest] [DEBUG] iteration=457, ncalls=806, regioncalls=16240, ndraw=40, logz=-1006.79, remainder_fraction=100.0000%, Lmin=-1004.81, Lmax=-63.81
15:55:31 [ultranest] [DEBUG] iteration=476, ncalls=852, regioncalls=18080, ndraw=40, logz=-1006.57, remainder_fraction=100.0000%, Lmin=-1003.10, Lmax=-63.81
15:55:31 [ultranest] [DEBUG] iteration=480, ncalls=859, regioncalls=18360, ndraw=40, logz=-1006.46, remainder_fraction=100.0000%, Lmin=-1002.65, Lmax=-63.81
15:55:31 [ultranest] [DEBUG] iteration=494, ncalls=901, regioncalls=20040, ndraw=40, logz=-1005.38, remainder_fraction=100.0000%, Lmin=-1000.29, Lmax=-63.81
15:55:31 [ultranest] [DEBUG] iteration=516, ncalls=947, regioncalls=21880, ndraw=40, logz=-1000.93, remainder_fraction=100.0000%, Lmin=-994.20, Lmax=-63.81
15:55:31 [ultranest] [DEBUG] iteration=520, ncalls=957, regioncalls=22280, ndraw=40, logz=-999.67, remainder_fraction=100.0000%, Lmin=-993.76, Lmax=-63.81
15:55:31 [ultranest] [DEBUG] iteration=535, ncalls=999, regioncalls=23960, ndraw=40, logz=-995.35, remainder_fraction=100.0000%, Lmin=-988.42, Lmax=-63.81
15:55:31 [ultranest] [DEBUG] iteration=550, ncalls=1037, regioncalls=25480, ndraw=40, logz=-988.08, remainder_fraction=100.0000%, Lmin=-981.33, Lmax=-63.81
15:55:31 [ultranest] [DEBUG] iteration=560, ncalls=1059, regioncalls=26360, ndraw=40, logz=-983.96, remainder_fraction=100.0000%, Lmin=-977.19, Lmax=-63.81
15:55:32 [ultranest] [DEBUG] iteration=579, ncalls=1099, regioncalls=27960, ndraw=40, logz=-973.88, remainder_fraction=100.0000%, Lmin=-966.41, Lmax=-63.81
15:55:32 [ultranest] [DEBUG] iteration=597, ncalls=1140, regioncalls=29600, ndraw=40, logz=-951.33, remainder_fraction=100.0000%, Lmin=-943.32, Lmax=-55.14
15:55:32 [ultranest] [DEBUG] iteration=600, ncalls=1155, regioncalls=30200, ndraw=40, logz=-949.56, remainder_fraction=100.0000%, Lmin=-941.35, Lmax=-55.14
15:55:32 [ultranest] [DEBUG] iteration=621, ncalls=1198, regioncalls=31920, ndraw=40, logz=-919.22, remainder_fraction=100.0000%, Lmin=-911.01, Lmax=-55.14
15:55:32 [ultranest] [DEBUG] iteration=638, ncalls=1242, regioncalls=33680, ndraw=40, logz=-886.29, remainder_fraction=100.0000%, Lmin=-876.95, Lmax=-55.14
15:55:32 [ultranest] [DEBUG] iteration=640, ncalls=1253, regioncalls=34120, ndraw=40, logz=-882.41, remainder_fraction=100.0000%, Lmin=-874.28, Lmax=-55.14
15:55:32 [ultranest] [DEBUG] iteration=655, ncalls=1305, regioncalls=36200, ndraw=40, logz=-865.64, remainder_fraction=100.0000%, Lmin=-849.47, Lmax=-55.14
15:55:32 [ultranest] [DEBUG] iteration=664, ncalls=1360, regioncalls=38400, ndraw=40, logz=-842.60, remainder_fraction=100.0000%, Lmin=-834.46, Lmax=-55.14
15:55:32 [ultranest] [DEBUG] iteration=678, ncalls=1409, regioncalls=40360, ndraw=40, logz=-806.07, remainder_fraction=100.0000%, Lmin=-795.54, Lmax=-55.14
15:55:32 [ultranest] [DEBUG] iteration=680, ncalls=1415, regioncalls=40600, ndraw=40, logz=-802.94, remainder_fraction=100.0000%, Lmin=-792.59, Lmax=-55.14
15:55:32 [ultranest] [DEBUG] iteration=691, ncalls=1466, regioncalls=42640, ndraw=40, logz=-772.12, remainder_fraction=100.0000%, Lmin=-763.70, Lmax=-55.14
15:55:32 [ultranest] [DEBUG] iteration=703, ncalls=1525, regioncalls=45000, ndraw=40, logz=-746.62, remainder_fraction=100.0000%, Lmin=-730.32, Lmax=-55.14
15:55:33 [ultranest] [DEBUG] iteration=718, ncalls=1567, regioncalls=46680, ndraw=40, logz=-717.46, remainder_fraction=100.0000%, Lmin=-699.58, Lmax=-55.14
15:55:33 [ultranest] [DEBUG] iteration=720, ncalls=1582, regioncalls=47280, ndraw=40, logz=-704.99, remainder_fraction=100.0000%, Lmin=-692.52, Lmax=-55.14
15:55:33 [ultranest] [DEBUG] iteration=734, ncalls=1630, regioncalls=49200, ndraw=40, logz=-646.94, remainder_fraction=100.0000%, Lmin=-630.25, Lmax=-55.14
15:55:33 [ultranest] [DEBUG] iteration=749, ncalls=1680, regioncalls=51240, ndraw=40, logz=-595.06, remainder_fraction=100.0000%, Lmin=-586.20, Lmax=-55.14
15:55:33 [ultranest] [DEBUG] iteration=760, ncalls=1714, regioncalls=52600, ndraw=40, logz=-569.51, remainder_fraction=100.0000%, Lmin=-559.03, Lmax=-55.14
15:55:33 [ultranest] [DEBUG] iteration=770, ncalls=1761, regioncalls=54480, ndraw=40, logz=-532.85, remainder_fraction=100.0000%, Lmin=-519.65, Lmax=-55.14
15:55:33 [ultranest] [DEBUG] iteration=784, ncalls=1810, regioncalls=56440, ndraw=40, logz=-475.29, remainder_fraction=100.0000%, Lmin=-464.63, Lmax=-55.14
15:55:33 [ultranest] [DEBUG] iteration=794, ncalls=1861, regioncalls=58480, ndraw=40, logz=-455.20, remainder_fraction=100.0000%, Lmin=-440.95, Lmax=-55.14
15:55:33 [ultranest] [DEBUG] iteration=796, ncalls=1867, regioncalls=58720, ndraw=40, logz=-448.62, remainder_fraction=100.0000%, Lmin=-439.90, Lmax=-55.14
15:55:33 [ultranest] [DEBUG] iteration=800, ncalls=1880, regioncalls=59240, ndraw=40, logz=-440.93, remainder_fraction=100.0000%, Lmin=-431.87, Lmax=-55.14
15:55:33 [ultranest] [DEBUG] iteration=807, ncalls=1927, regioncalls=61120, ndraw=40, logz=-423.70, remainder_fraction=100.0000%, Lmin=-413.55, Lmax=-55.14
15:55:33 [ultranest] [DEBUG] iteration=817, ncalls=1976, regioncalls=63160, ndraw=40, logz=-400.85, remainder_fraction=100.0000%, Lmin=-387.54, Lmax=-55.14
15:55:34 [ultranest] [DEBUG] iteration=824, ncalls=2028, regioncalls=65240, ndraw=40, logz=-387.85, remainder_fraction=100.0000%, Lmin=-378.80, Lmax=-55.14
15:55:34 [ultranest] [DEBUG] iteration=826, ncalls=2053, regioncalls=66240, ndraw=40, logz=-386.14, remainder_fraction=100.0000%, Lmin=-376.60, Lmax=-55.14
15:55:34 [ultranest] [DEBUG] iteration=828, ncalls=2060, regioncalls=66520, ndraw=40, logz=-382.83, remainder_fraction=100.0000%, Lmin=-373.40, Lmax=-55.14
15:55:34 [ultranest] [DEBUG] iteration=829, ncalls=2072, regioncalls=67000, ndraw=40, logz=-381.92, remainder_fraction=100.0000%, Lmin=-372.34, Lmax=-51.87
15:55:34 [ultranest] [DEBUG] iteration=831, ncalls=2079, regioncalls=67280, ndraw=40, logz=-380.25, remainder_fraction=100.0000%, Lmin=-357.87, Lmax=-51.87
15:55:35 [ultranest] [DEBUG] iteration=833, ncalls=2088, regioncalls=67640, ndraw=40, logz=-366.23, remainder_fraction=100.0000%, Lmin=-355.05, Lmax=-51.87
15:55:35 [ultranest] [DEBUG] iteration=834, ncalls=2103, regioncalls=68240, ndraw=40, logz=-364.01, remainder_fraction=100.0000%, Lmin=-353.56, Lmax=-51.87
15:55:35 [ultranest] [DEBUG] iteration=836, ncalls=2111, regioncalls=68560, ndraw=40, logz=-361.12, remainder_fraction=100.0000%, Lmin=-351.28, Lmax=-51.87
15:55:35 [ultranest] [DEBUG] iteration=837, ncalls=2121, regioncalls=68960, ndraw=40, logz=-359.98, remainder_fraction=100.0000%, Lmin=-349.48, Lmax=-51.87
15:55:35 [ultranest] [DEBUG] iteration=838, ncalls=2128, regioncalls=69240, ndraw=40, logz=-358.36, remainder_fraction=100.0000%, Lmin=-345.83, Lmax=-51.87
15:55:35 [ultranest] [DEBUG] iteration=840, ncalls=2131, regioncalls=69360, ndraw=40, logz=-353.72, remainder_fraction=100.0000%, Lmin=-344.15, Lmax=-51.87
15:55:36 [ultranest] [DEBUG] iteration=843, ncalls=2139, regioncalls=69680, ndraw=40, logz=-341.69, remainder_fraction=100.0000%, Lmin=-332.56, Lmax=-51.87
15:55:36 [ultranest] [DEBUG] iteration=845, ncalls=2154, regioncalls=70280, ndraw=40, logz=-340.53, remainder_fraction=100.0000%, Lmin=-331.86, Lmax=-46.72
15:55:36 [ultranest] [DEBUG] iteration=847, ncalls=2163, regioncalls=70640, ndraw=40, logz=-339.65, remainder_fraction=100.0000%, Lmin=-330.86, Lmax=-46.72
15:55:36 [ultranest] [DEBUG] iteration=850, ncalls=2173, regioncalls=71040, ndraw=40, logz=-338.14, remainder_fraction=100.0000%, Lmin=-327.27, Lmax=-46.72
15:55:36 [ultranest] [DEBUG] iteration=853, ncalls=2186, regioncalls=71560, ndraw=40, logz=-334.70, remainder_fraction=100.0000%, Lmin=-325.07, Lmax=-46.72
15:55:36 [ultranest] [DEBUG] iteration=855, ncalls=2198, regioncalls=72040, ndraw=40, logz=-333.22, remainder_fraction=100.0000%, Lmin=-323.21, Lmax=-46.72
15:55:37 [ultranest] [DEBUG] iteration=856, ncalls=2208, regioncalls=72440, ndraw=40, logz=-332.03, remainder_fraction=100.0000%, Lmin=-323.00, Lmax=-46.72
15:55:37 [ultranest] [DEBUG] iteration=859, ncalls=2214, regioncalls=72680, ndraw=40, logz=-329.86, remainder_fraction=100.0000%, Lmin=-316.87, Lmax=-46.72
15:55:37 [ultranest] [DEBUG] iteration=860, ncalls=2227, regioncalls=73240, ndraw=40, logz=-326.05, remainder_fraction=100.0000%, Lmin=-314.26, Lmax=-46.72
15:55:37 [ultranest] [DEBUG] iteration=862, ncalls=2237, regioncalls=73640, ndraw=40, logz=-322.12, remainder_fraction=100.0000%, Lmin=-312.72, Lmax=-46.72
15:55:37 [ultranest] [DEBUG] iteration=865, ncalls=2245, regioncalls=73960, ndraw=40, logz=-319.62, remainder_fraction=100.0000%, Lmin=-310.86, Lmax=-46.72
15:55:37 [ultranest] [DEBUG] iteration=867, ncalls=2254, regioncalls=74320, ndraw=40, logz=-317.29, remainder_fraction=100.0000%, Lmin=-306.75, Lmax=-46.72
15:55:38 [ultranest] [DEBUG] iteration=871, ncalls=2259, regioncalls=74520, ndraw=40, logz=-313.20, remainder_fraction=100.0000%, Lmin=-304.25, Lmax=-46.72
15:55:38 [ultranest] [DEBUG] iteration=872, ncalls=2267, regioncalls=74840, ndraw=40, logz=-312.65, remainder_fraction=100.0000%, Lmin=-303.93, Lmax=-46.72
15:55:38 [ultranest] [DEBUG] iteration=874, ncalls=2279, regioncalls=75320, ndraw=40, logz=-311.87, remainder_fraction=100.0000%, Lmin=-301.33, Lmax=-46.72
15:55:38 [ultranest] [DEBUG] iteration=876, ncalls=2290, regioncalls=75760, ndraw=40, logz=-309.75, remainder_fraction=100.0000%, Lmin=-301.17, Lmax=-46.72
15:55:38 [ultranest] [DEBUG] iteration=877, ncalls=2302, regioncalls=76240, ndraw=40, logz=-309.35, remainder_fraction=100.0000%, Lmin=-300.83, Lmax=-46.72
15:55:38 [ultranest] [DEBUG] iteration=879, ncalls=2312, regioncalls=76640, ndraw=40, logz=-308.68, remainder_fraction=100.0000%, Lmin=-300.28, Lmax=-46.72
15:55:38 [ultranest] [DEBUG] iteration=880, ncalls=2322, regioncalls=77080, ndraw=40, logz=-308.34, remainder_fraction=100.0000%, Lmin=-298.97, Lmax=-46.72
15:55:39 [ultranest] [DEBUG] iteration=881, ncalls=2331, regioncalls=77440, ndraw=40, logz=-307.62, remainder_fraction=100.0000%, Lmin=-298.84, Lmax=-46.72
15:55:39 [ultranest] [DEBUG] iteration=884, ncalls=2339, regioncalls=77760, ndraw=40, logz=-305.94, remainder_fraction=100.0000%, Lmin=-293.14, Lmax=-46.72
15:55:39 [ultranest] [DEBUG] iteration=886, ncalls=2345, regioncalls=78000, ndraw=40, logz=-301.16, remainder_fraction=100.0000%, Lmin=-289.56, Lmax=-46.72
15:55:39 [ultranest] [DEBUG] iteration=889, ncalls=2351, regioncalls=78240, ndraw=40, logz=-296.74, remainder_fraction=100.0000%, Lmin=-281.15, Lmax=-46.72
15:55:39 [ultranest] [DEBUG] iteration=890, ncalls=2360, regioncalls=78600, ndraw=40, logz=-290.51, remainder_fraction=100.0000%, Lmin=-278.17, Lmax=-46.72
15:55:39 [ultranest] [DEBUG] iteration=891, ncalls=2367, regioncalls=78880, ndraw=40, logz=-287.48, remainder_fraction=100.0000%, Lmin=-277.61, Lmax=-46.72
15:55:40 [ultranest] [DEBUG] iteration=894, ncalls=2405, regioncalls=80480, ndraw=40, logz=-283.74, remainder_fraction=100.0000%, Lmin=-272.07, Lmax=-46.72
15:55:40 [ultranest] [DEBUG] iteration=901, ncalls=2465, regioncalls=82880, ndraw=40, logz=-272.85, remainder_fraction=100.0000%, Lmin=-261.44, Lmax=-46.72
15:55:40 [ultranest] [DEBUG] iteration=907, ncalls=2529, regioncalls=85440, ndraw=40, logz=-264.45, remainder_fraction=100.0000%, Lmin=-255.28, Lmax=-46.72
15:55:40 [ultranest] [DEBUG] iteration=911, ncalls=2579, regioncalls=87440, ndraw=40, logz=-260.17, remainder_fraction=100.0000%, Lmin=-250.77, Lmax=-46.72
15:55:40 [ultranest] [DEBUG] iteration=919, ncalls=2635, regioncalls=89680, ndraw=40, logz=-250.16, remainder_fraction=100.0000%, Lmin=-239.65, Lmax=-46.72
15:55:40 [ultranest] [DEBUG] iteration=920, ncalls=2675, regioncalls=91280, ndraw=40, logz=-248.85, remainder_fraction=100.0000%, Lmin=-235.90, Lmax=-46.72
15:55:40 [ultranest] [DEBUG] iteration=928, ncalls=2712, regioncalls=92800, ndraw=40, logz=-240.58, remainder_fraction=100.0000%, Lmin=-231.84, Lmax=-41.55
15:55:40 [ultranest] [DEBUG] iteration=942, ncalls=2756, regioncalls=94560, ndraw=40, logz=-230.36, remainder_fraction=100.0000%, Lmin=-220.07, Lmax=-38.30
15:55:40 [ultranest] [DEBUG] iteration=960, ncalls=2786, regioncalls=95760, ndraw=40, logz=-209.38, remainder_fraction=100.0000%, Lmin=-198.64, Lmax=-38.30
15:55:41 [ultranest] [DEBUG] iteration=976, ncalls=2829, regioncalls=97480, ndraw=40, logz=-192.73, remainder_fraction=100.0000%, Lmin=-182.79, Lmax=-38.30
15:55:41 [ultranest] [DEBUG] iteration=988, ncalls=2874, regioncalls=99280, ndraw=40, logz=-186.53, remainder_fraction=100.0000%, Lmin=-177.11, Lmax=-38.30
15:55:41 [ultranest] [DEBUG] iteration=1000, ncalls=2920, regioncalls=101120, ndraw=40, logz=-179.45, remainder_fraction=100.0000%, Lmin=-170.09, Lmax=-33.43
15:55:41 [ultranest] [DEBUG] iteration=1017, ncalls=2964, regioncalls=102880, ndraw=40, logz=-165.40, remainder_fraction=100.0000%, Lmin=-154.84, Lmax=-33.43
15:55:41 [ultranest] [DEBUG] iteration=1029, ncalls=3007, regioncalls=104600, ndraw=40, logz=-157.78, remainder_fraction=100.0000%, Lmin=-148.69, Lmax=-33.43
15:55:41 [ultranest] [DEBUG] iteration=1038, ncalls=3066, regioncalls=106960, ndraw=40, logz=-155.30, remainder_fraction=100.0000%, Lmin=-145.38, Lmax=-33.43
15:55:41 [ultranest] [DEBUG] iteration=1040, ncalls=3080, regioncalls=107520, ndraw=40, logz=-154.24, remainder_fraction=100.0000%, Lmin=-145.09, Lmax=-33.43
15:55:41 [ultranest] [DEBUG] iteration=1052, ncalls=3130, regioncalls=109520, ndraw=40, logz=-148.74, remainder_fraction=100.0000%, Lmin=-139.23, Lmax=-33.43
15:55:41 [ultranest] [DEBUG] clustering found some stray points [need_accept=False] (array([1, 2]), array([193,   1]))
15:55:41 [ultranest] [DEBUG] iteration=1066, ncalls=3171, regioncalls=111160, ndraw=40, logz=-143.28, remainder_fraction=100.0000%, Lmin=-134.23, Lmax=-33.43
15:55:41 [ultranest] [DEBUG] iteration=1076, ncalls=3225, regioncalls=113320, ndraw=40, logz=-138.31, remainder_fraction=100.0000%, Lmin=-128.34, Lmax=-33.43
15:55:41 [ultranest] [DEBUG] iteration=1080, ncalls=3231, regioncalls=113560, ndraw=40, logz=-135.83, remainder_fraction=100.0000%, Lmin=-125.59, Lmax=-33.43
15:55:42 [ultranest] [DEBUG] iteration=1087, ncalls=3289, regioncalls=115880, ndraw=40, logz=-130.68, remainder_fraction=100.0000%, Lmin=-119.55, Lmax=-33.43
15:55:42 [ultranest] [DEBUG] iteration=1099, ncalls=3342, regioncalls=118000, ndraw=40, logz=-123.90, remainder_fraction=100.0000%, Lmin=-114.08, Lmax=-33.43
15:55:42 [ultranest] [DEBUG] iteration=1110, ncalls=3382, regioncalls=119600, ndraw=40, logz=-120.85, remainder_fraction=100.0000%, Lmin=-112.01, Lmax=-33.43
15:55:42 [ultranest] [DEBUG] iteration=1120, ncalls=3421, regioncalls=121160, ndraw=40, logz=-118.55, remainder_fraction=100.0000%, Lmin=-109.15, Lmax=-33.43
15:55:42 [ultranest] [DEBUG] iteration=1128, ncalls=3490, regioncalls=123920, ndraw=40, logz=-115.94, remainder_fraction=100.0000%, Lmin=-106.04, Lmax=-33.43
15:55:42 [ultranest] [DEBUG] iteration=1138, ncalls=3547, regioncalls=126200, ndraw=40, logz=-113.15, remainder_fraction=100.0000%, Lmin=-103.62, Lmax=-33.43
15:55:42 [ultranest] [DEBUG] clustering found some stray points [need_accept=False] (array([1, 2]), array([193,   1]))
15:55:42 [ultranest] [DEBUG] iteration=1148, ncalls=3595, regioncalls=128120, ndraw=40, logz=-110.03, remainder_fraction=100.0000%, Lmin=-100.30, Lmax=-33.43
15:55:42 [ultranest] [DEBUG] iteration=1159, ncalls=3640, regioncalls=129920, ndraw=40, logz=-107.30, remainder_fraction=100.0000%, Lmin=-98.56, Lmax=-33.43
15:55:42 [ultranest] [DEBUG] iteration=1160, ncalls=3641, regioncalls=129960, ndraw=40, logz=-107.18, remainder_fraction=100.0000%, Lmin=-98.52, Lmax=-33.43
15:55:42 [ultranest] [DEBUG] iteration=1173, ncalls=3691, regioncalls=131960, ndraw=40, logz=-105.20, remainder_fraction=100.0000%, Lmin=-95.42, Lmax=-33.43
15:55:42 [ultranest] [DEBUG] iteration=1184, ncalls=3746, regioncalls=134160, ndraw=40, logz=-102.21, remainder_fraction=100.0000%, Lmin=-93.17, Lmax=-33.43
15:55:43 [ultranest] [DEBUG] iteration=1193, ncalls=3798, regioncalls=136240, ndraw=40, logz=-100.38, remainder_fraction=100.0000%, Lmin=-90.59, Lmax=-33.43
15:55:43 [ultranest] [DEBUG] iteration=1200, ncalls=3845, regioncalls=138120, ndraw=40, logz=-98.57, remainder_fraction=100.0000%, Lmin=-89.38, Lmax=-33.43
15:55:43 [ultranest] [DEBUG] iteration=1212, ncalls=3900, regioncalls=140320, ndraw=40, logz=-96.87, remainder_fraction=100.0000%, Lmin=-87.89, Lmax=-33.43
15:55:43 [ultranest] [DEBUG] iteration=1221, ncalls=3957, regioncalls=142600, ndraw=40, logz=-95.87, remainder_fraction=100.0000%, Lmin=-86.94, Lmax=-33.43
15:55:43 [ultranest] [DEBUG] iteration=1228, ncalls=4023, regioncalls=145240, ndraw=40, logz=-94.93, remainder_fraction=100.0000%, Lmin=-85.81, Lmax=-33.43
15:55:43 [ultranest] [DEBUG] iteration=1238, ncalls=4091, regioncalls=147960, ndraw=40, logz=-93.58, remainder_fraction=100.0000%, Lmin=-84.38, Lmax=-33.43
15:55:43 [ultranest] [DEBUG] iteration=1240, ncalls=4121, regioncalls=149160, ndraw=40, logz=-93.32, remainder_fraction=100.0000%, Lmin=-84.18, Lmax=-33.43
15:55:43 [ultranest] [DEBUG] iteration=1248, ncalls=4167, regioncalls=151000, ndraw=40, logz=-92.39, remainder_fraction=100.0000%, Lmin=-83.34, Lmax=-33.43
15:55:43 [ultranest] [DEBUG] iteration=1255, ncalls=4233, regioncalls=153640, ndraw=40, logz=-91.50, remainder_fraction=100.0000%, Lmin=-81.62, Lmax=-33.43
15:55:44 [ultranest] [DEBUG] iteration=1261, ncalls=4287, regioncalls=155800, ndraw=40, logz=-90.36, remainder_fraction=100.0000%, Lmin=-81.06, Lmax=-33.43
15:55:44 [ultranest] [DEBUG] iteration=1271, ncalls=4342, regioncalls=158000, ndraw=40, logz=-89.23, remainder_fraction=100.0000%, Lmin=-80.05, Lmax=-33.43
15:55:44 [ultranest] [DEBUG] iteration=1279, ncalls=4394, regioncalls=160080, ndraw=40, logz=-88.06, remainder_fraction=100.0000%, Lmin=-78.63, Lmax=-33.43
15:55:44 [ultranest] [DEBUG] iteration=1280, ncalls=4396, regioncalls=160160, ndraw=40, logz=-87.92, remainder_fraction=100.0000%, Lmin=-78.60, Lmax=-33.43
15:55:44 [ultranest] [DEBUG] iteration=1285, ncalls=4445, regioncalls=162120, ndraw=40, logz=-87.26, remainder_fraction=100.0000%, Lmin=-77.96, Lmax=-33.43
15:55:44 [ultranest] [DEBUG] iteration=1294, ncalls=4495, regioncalls=164120, ndraw=40, logz=-86.25, remainder_fraction=100.0000%, Lmin=-77.12, Lmax=-33.43
15:55:44 [ultranest] [DEBUG] iteration=1304, ncalls=4551, regioncalls=166360, ndraw=40, logz=-84.80, remainder_fraction=100.0000%, Lmin=-75.34, Lmax=-33.43
15:55:44 [ultranest] [DEBUG] iteration=1312, ncalls=4622, regioncalls=169200, ndraw=40, logz=-83.99, remainder_fraction=100.0000%, Lmin=-74.80, Lmax=-33.43
15:55:44 [ultranest] [DEBUG] iteration=1317, ncalls=4677, regioncalls=171400, ndraw=40, logz=-83.42, remainder_fraction=100.0000%, Lmin=-73.69, Lmax=-33.43
15:55:44 [ultranest] [DEBUG] iteration=1320, ncalls=4690, regioncalls=171920, ndraw=40, logz=-83.00, remainder_fraction=100.0000%, Lmin=-73.42, Lmax=-33.43
15:55:44 [ultranest] [DEBUG] iteration=1325, ncalls=4740, regioncalls=173920, ndraw=40, logz=-82.36, remainder_fraction=100.0000%, Lmin=-72.73, Lmax=-33.43
15:55:45 [ultranest] [DEBUG] iteration=1334, ncalls=4789, regioncalls=175880, ndraw=40, logz=-81.40, remainder_fraction=100.0000%, Lmin=-72.16, Lmax=-33.43
15:55:45 [ultranest] [DEBUG] iteration=1339, ncalls=4845, regioncalls=178120, ndraw=40, logz=-81.00, remainder_fraction=100.0000%, Lmin=-71.92, Lmax=-33.43
15:55:45 [ultranest] [DEBUG] iteration=1348, ncalls=4899, regioncalls=180280, ndraw=40, logz=-80.23, remainder_fraction=100.0000%, Lmin=-70.96, Lmax=-33.43
15:55:45 [ultranest] [DEBUG] iteration=1356, ncalls=4976, regioncalls=183360, ndraw=40, logz=-79.57, remainder_fraction=100.0000%, Lmin=-70.34, Lmax=-33.43
15:55:45 [ultranest] [DEBUG] iteration=1360, ncalls=5041, regioncalls=185960, ndraw=40, logz=-79.26, remainder_fraction=100.0000%, Lmin=-69.90, Lmax=-33.43
15:55:45 [ultranest] [DEBUG] iteration=1367, ncalls=5106, regioncalls=188560, ndraw=40, logz=-78.63, remainder_fraction=100.0000%, Lmin=-69.13, Lmax=-33.43
15:55:45 [ultranest] [DEBUG] iteration=1368, ncalls=5109, regioncalls=188720, ndraw=40, logz=-78.54, remainder_fraction=100.0000%, Lmin=-69.06, Lmax=-33.43
15:55:45 [ultranest] [DEBUG] iteration=1378, ncalls=5152, regioncalls=190440, ndraw=40, logz=-77.69, remainder_fraction=100.0000%, Lmin=-68.31, Lmax=-33.43
15:55:45 [ultranest] [DEBUG] iteration=1389, ncalls=5203, regioncalls=192480, ndraw=40, logz=-76.86, remainder_fraction=100.0000%, Lmin=-67.38, Lmax=-33.43
15:55:46 [ultranest] [DEBUG] iteration=1400, ncalls=5259, regioncalls=194720, ndraw=40, logz=-76.07, remainder_fraction=100.0000%, Lmin=-66.69, Lmax=-33.43
15:55:46 [ultranest] [DEBUG] iteration=1413, ncalls=5308, regioncalls=196680, ndraw=40, logz=-75.25, remainder_fraction=100.0000%, Lmin=-66.09, Lmax=-33.43
15:55:46 [ultranest] [DEBUG] iteration=1423, ncalls=5355, regioncalls=198600, ndraw=40, logz=-74.78, remainder_fraction=100.0000%, Lmin=-65.88, Lmax=-33.43
15:55:46 [ultranest] [DEBUG] iteration=1434, ncalls=5408, regioncalls=200720, ndraw=40, logz=-74.37, remainder_fraction=100.0000%, Lmin=-65.43, Lmax=-33.43
15:55:46 [ultranest] [DEBUG] iteration=1440, ncalls=5445, regioncalls=202200, ndraw=40, logz=-74.14, remainder_fraction=100.0000%, Lmin=-65.20, Lmax=-33.43
15:55:46 [ultranest] [DEBUG] iteration=1445, ncalls=5506, regioncalls=204640, ndraw=40, logz=-73.96, remainder_fraction=100.0000%, Lmin=-65.11, Lmax=-33.43
15:55:46 [ultranest] [DEBUG] iteration=1454, ncalls=5562, regioncalls=206880, ndraw=40, logz=-73.66, remainder_fraction=100.0000%, Lmin=-64.74, Lmax=-33.43
15:55:46 [ultranest] [DEBUG] iteration=1456, ncalls=5569, regioncalls=207200, ndraw=40, logz=-73.59, remainder_fraction=100.0000%, Lmin=-64.59, Lmax=-33.43
15:55:46 [ultranest] [DEBUG] iteration=1464, ncalls=5614, regioncalls=209000, ndraw=40, logz=-73.31, remainder_fraction=100.0000%, Lmin=-64.17, Lmax=-33.43
15:55:46 [ultranest] [DEBUG] iteration=1472, ncalls=5694, regioncalls=212280, ndraw=40, logz=-72.94, remainder_fraction=100.0000%, Lmin=-63.67, Lmax=-33.43
15:55:46 [ultranest] [DEBUG] iteration=1480, ncalls=5724, regioncalls=213480, ndraw=40, logz=-72.56, remainder_fraction=100.0000%, Lmin=-63.29, Lmax=-33.43
15:55:47 [ultranest] [DEBUG] iteration=1486, ncalls=5789, regioncalls=216080, ndraw=40, logz=-72.31, remainder_fraction=100.0000%, Lmin=-63.10, Lmax=-33.43
15:55:47 [ultranest] [DEBUG] iteration=1495, ncalls=5842, regioncalls=218200, ndraw=40, logz=-71.94, remainder_fraction=100.0000%, Lmin=-62.59, Lmax=-33.43
15:55:47 [ultranest] [DEBUG] iteration=1503, ncalls=5886, regioncalls=219960, ndraw=40, logz=-71.59, remainder_fraction=100.0000%, Lmin=-62.16, Lmax=-33.43
15:55:47 [ultranest] [DEBUG] iteration=1511, ncalls=5939, regioncalls=222120, ndraw=40, logz=-71.26, remainder_fraction=100.0000%, Lmin=-61.92, Lmax=-33.43
15:55:47 [ultranest] [DEBUG] iteration=1519, ncalls=6000, regioncalls=224560, ndraw=40, logz=-70.93, remainder_fraction=100.0000%, Lmin=-61.49, Lmax=-33.43
15:55:47 [ultranest] [DEBUG] iteration=1520, ncalls=6005, regioncalls=224760, ndraw=40, logz=-70.89, remainder_fraction=100.0000%, Lmin=-61.47, Lmax=-33.43
15:55:47 [ultranest] [DEBUG] iteration=1531, ncalls=6061, regioncalls=227000, ndraw=40, logz=-70.32, remainder_fraction=100.0000%, Lmin=-60.56, Lmax=-33.43
15:55:47 [ultranest] [DEBUG] iteration=1541, ncalls=6110, regioncalls=228960, ndraw=40, logz=-69.81, remainder_fraction=100.0000%, Lmin=-60.09, Lmax=-33.43
15:55:47 [ultranest] [DEBUG] iteration=1544, ncalls=6129, regioncalls=229760, ndraw=40, logz=-69.66, remainder_fraction=100.0000%, Lmin=-59.85, Lmax=-33.43
15:55:47 [ultranest] [DEBUG] iteration=1553, ncalls=6173, regioncalls=231520, ndraw=40, logz=-69.21, remainder_fraction=100.0000%, Lmin=-59.44, Lmax=-33.43
15:55:47 [ultranest] [DEBUG] iteration=1560, ncalls=6187, regioncalls=232080, ndraw=40, logz=-68.90, remainder_fraction=100.0000%, Lmin=-59.23, Lmax=-33.43
15:55:48 [ultranest] [DEBUG] iteration=1568, ncalls=6260, regioncalls=235000, ndraw=40, logz=-68.53, remainder_fraction=100.0000%, Lmin=-58.72, Lmax=-33.43
15:55:48 [ultranest] [DEBUG] iteration=1576, ncalls=6312, regioncalls=237080, ndraw=40, logz=-68.14, remainder_fraction=100.0000%, Lmin=-58.25, Lmax=-33.43
15:55:48 [ultranest] [DEBUG] iteration=1584, ncalls=6377, regioncalls=239680, ndraw=40, logz=-67.76, remainder_fraction=100.0000%, Lmin=-57.84, Lmax=-33.43
15:55:48 [ultranest] [DEBUG] iteration=1594, ncalls=6422, regioncalls=241480, ndraw=40, logz=-67.28, remainder_fraction=100.0000%, Lmin=-57.35, Lmax=-33.43
15:55:48 [ultranest] [DEBUG] iteration=1600, ncalls=6436, regioncalls=242040, ndraw=40, logz=-66.98, remainder_fraction=100.0000%, Lmin=-56.96, Lmax=-33.43
15:55:48 [ultranest] [DEBUG] iteration=1612, ncalls=6491, regioncalls=244240, ndraw=40, logz=-66.46, remainder_fraction=100.0000%, Lmin=-56.56, Lmax=-33.43
15:55:48 [ultranest] [DEBUG] iteration=1620, ncalls=6543, regioncalls=246320, ndraw=40, logz=-66.09, remainder_fraction=100.0000%, Lmin=-55.76, Lmax=-33.43
15:55:48 [ultranest] [DEBUG] iteration=1626, ncalls=6633, regioncalls=249920, ndraw=40, logz=-65.75, remainder_fraction=100.0000%, Lmin=-55.44, Lmax=-33.43
15:55:48 [ultranest] [DEBUG] iteration=1632, ncalls=6664, regioncalls=251200, ndraw=40, logz=-65.43, remainder_fraction=100.0000%, Lmin=-55.18, Lmax=-33.43
15:55:48 [ultranest] [DEBUG] iteration=1640, ncalls=6701, regioncalls=252680, ndraw=40, logz=-65.03, remainder_fraction=100.0000%, Lmin=-54.66, Lmax=-33.43
15:55:49 [ultranest] [DEBUG] iteration=1649, ncalls=6757, regioncalls=254920, ndraw=40, logz=-64.55, remainder_fraction=100.0000%, Lmin=-54.33, Lmax=-33.43
15:55:49 [ultranest] [DEBUG] iteration=1659, ncalls=6809, regioncalls=257000, ndraw=40, logz=-64.11, remainder_fraction=100.0000%, Lmin=-54.04, Lmax=-33.43
15:55:49 [ultranest] [DEBUG] iteration=1675, ncalls=6857, regioncalls=258920, ndraw=40, logz=-63.31, remainder_fraction=100.0000%, Lmin=-52.82, Lmax=-32.93
15:55:49 [ultranest] [DEBUG] iteration=1680, ncalls=6870, regioncalls=259440, ndraw=40, logz=-63.07, remainder_fraction=100.0000%, Lmin=-52.72, Lmax=-32.93
15:55:49 [ultranest] [DEBUG] iteration=1688, ncalls=6917, regioncalls=261320, ndraw=40, logz=-62.73, remainder_fraction=100.0000%, Lmin=-52.40, Lmax=-32.93
15:55:49 [ultranest] [DEBUG] iteration=1699, ncalls=6971, regioncalls=263480, ndraw=40, logz=-62.26, remainder_fraction=100.0000%, Lmin=-51.80, Lmax=-32.93
15:55:49 [ultranest] [DEBUG] iteration=1710, ncalls=7028, regioncalls=265760, ndraw=40, logz=-61.77, remainder_fraction=100.0000%, Lmin=-51.31, Lmax=-32.93
15:55:49 [ultranest] [DEBUG] iteration=1719, ncalls=7081, regioncalls=267880, ndraw=40, logz=-61.33, remainder_fraction=100.0000%, Lmin=-50.67, Lmax=-32.93
15:55:49 [ultranest] [DEBUG] iteration=1720, ncalls=7084, regioncalls=268040, ndraw=40, logz=-61.28, remainder_fraction=100.0000%, Lmin=-50.59, Lmax=-32.93
15:55:49 [ultranest] [DEBUG] iteration=1731, ncalls=7126, regioncalls=269720, ndraw=40, logz=-60.73, remainder_fraction=100.0000%, Lmin=-50.01, Lmax=-32.93
15:55:49 [ultranest] [DEBUG] iteration=1744, ncalls=7173, regioncalls=271600, ndraw=40, logz=-60.21, remainder_fraction=100.0000%, Lmin=-49.80, Lmax=-32.93
15:55:50 [ultranest] [DEBUG] iteration=1758, ncalls=7218, regioncalls=273400, ndraw=40, logz=-59.71, remainder_fraction=99.9999%, Lmin=-49.11, Lmax=-32.93
15:55:50 [ultranest] [DEBUG] iteration=1760, ncalls=7221, regioncalls=273520, ndraw=40, logz=-59.63, remainder_fraction=99.9999%, Lmin=-48.86, Lmax=-32.93
15:55:50 [ultranest] [DEBUG] iteration=1772, ncalls=7260, regioncalls=275080, ndraw=40, logz=-59.15, remainder_fraction=99.9999%, Lmin=-48.37, Lmax=-32.93
15:55:50 [ultranest] [DEBUG] iteration=1781, ncalls=7309, regioncalls=277040, ndraw=40, logz=-58.76, remainder_fraction=99.9998%, Lmin=-47.84, Lmax=-32.93
15:55:50 [ultranest] [DEBUG] iteration=1795, ncalls=7361, regioncalls=279160, ndraw=40, logz=-58.16, remainder_fraction=99.9997%, Lmin=-47.26, Lmax=-32.93
15:55:50 [ultranest] [DEBUG] iteration=1800, ncalls=7387, regioncalls=280200, ndraw=40, logz=-57.96, remainder_fraction=99.9997%, Lmin=-47.15, Lmax=-32.93
15:55:50 [ultranest] [DEBUG] iteration=1808, ncalls=7412, regioncalls=281240, ndraw=40, logz=-57.66, remainder_fraction=99.9995%, Lmin=-46.83, Lmax=-32.93
15:55:50 [ultranest] [DEBUG] iteration=1817, ncalls=7456, regioncalls=283080, ndraw=40, logz=-57.32, remainder_fraction=99.9993%, Lmin=-46.49, Lmax=-32.93
15:55:50 [ultranest] [DEBUG] iteration=1832, ncalls=7503, regioncalls=284960, ndraw=40, logz=-56.81, remainder_fraction=99.9988%, Lmin=-45.99, Lmax=-32.93
15:55:50 [ultranest] [DEBUG] iteration=1840, ncalls=7526, regioncalls=285880, ndraw=40, logz=-56.50, remainder_fraction=99.9984%, Lmin=-45.39, Lmax=-32.93
15:55:50 [ultranest] [DEBUG] iteration=1852, ncalls=7563, regioncalls=287400, ndraw=40, logz=-56.02, remainder_fraction=99.9972%, Lmin=-44.98, Lmax=-32.93
15:55:50 [ultranest] [DEBUG] iteration=1871, ncalls=7603, regioncalls=289000, ndraw=40, logz=-55.33, remainder_fraction=99.9940%, Lmin=-44.08, Lmax=-32.93
15:55:50 [ultranest] [DEBUG] iteration=1880, ncalls=7626, regioncalls=289920, ndraw=40, logz=-54.98, remainder_fraction=99.9920%, Lmin=-43.78, Lmax=-32.93
15:55:51 [ultranest] [DEBUG] iteration=1898, ncalls=7667, regioncalls=291560, ndraw=40, logz=-54.34, remainder_fraction=99.9847%, Lmin=-43.19, Lmax=-32.93
15:55:51 [ultranest] [DEBUG] iteration=1910, ncalls=7710, regioncalls=293280, ndraw=40, logz=-53.98, remainder_fraction=99.9771%, Lmin=-42.92, Lmax=-32.93
15:55:51 [ultranest] [DEBUG] iteration=1920, ncalls=7746, regioncalls=294720, ndraw=40, logz=-53.71, remainder_fraction=99.9710%, Lmin=-42.71, Lmax=-32.93
15:55:51 [ultranest] [DEBUG] iteration=1938, ncalls=7792, regioncalls=296560, ndraw=40, logz=-53.29, remainder_fraction=99.9537%, Lmin=-42.29, Lmax=-32.93
15:55:51 [ultranest] [DEBUG] iteration=1948, ncalls=7834, regioncalls=298240, ndraw=40, logz=-53.06, remainder_fraction=99.9391%, Lmin=-41.94, Lmax=-32.93
15:55:51 [ultranest] [DEBUG] iteration=1960, ncalls=7865, regioncalls=299480, ndraw=40, logz=-52.76, remainder_fraction=99.9137%, Lmin=-41.54, Lmax=-32.93
15:55:51 [ultranest] [DEBUG] iteration=1976, ncalls=7915, regioncalls=301480, ndraw=40, logz=-52.38, remainder_fraction=99.8703%, Lmin=-41.27, Lmax=-32.93
15:55:51 [ultranest] [DEBUG] iteration=1984, ncalls=7939, regioncalls=302480, ndraw=40, logz=-52.22, remainder_fraction=99.8415%, Lmin=-41.07, Lmax=-32.93
15:55:51 [ultranest] [DEBUG] iteration=2000, ncalls=7979, regioncalls=304080, ndraw=40, logz=-51.88, remainder_fraction=99.7799%, Lmin=-40.64, Lmax=-32.93
15:55:51 [ultranest] [DEBUG] iteration=2017, ncalls=8024, regioncalls=305880, ndraw=40, logz=-51.54, remainder_fraction=99.7106%, Lmin=-40.22, Lmax=-32.93
15:55:52 [ultranest] [DEBUG] iteration=2034, ncalls=8064, regioncalls=307480, ndraw=40, logz=-51.21, remainder_fraction=99.5971%, Lmin=-39.96, Lmax=-32.93
15:55:52 [ultranest] [DEBUG] iteration=2040, ncalls=8085, regioncalls=308320, ndraw=40, logz=-51.11, remainder_fraction=99.5708%, Lmin=-39.90, Lmax=-32.93
15:55:52 [ultranest] [DEBUG] iteration=2057, ncalls=8128, regioncalls=310080, ndraw=40, logz=-50.81, remainder_fraction=99.4164%, Lmin=-39.46, Lmax=-32.93
15:55:52 [ultranest] [DEBUG] iteration=2072, ncalls=8175, regioncalls=311960, ndraw=40, logz=-50.56, remainder_fraction=99.2637%, Lmin=-39.25, Lmax=-32.93
15:55:52 [ultranest] [DEBUG] iteration=2080, ncalls=8204, regioncalls=313120, ndraw=40, logz=-50.44, remainder_fraction=99.2183%, Lmin=-39.10, Lmax=-32.93
15:55:52 [ultranest] [DEBUG] iteration=2095, ncalls=8249, regioncalls=314920, ndraw=40, logz=-50.21, remainder_fraction=98.9980%, Lmin=-38.82, Lmax=-32.93
15:55:52 [ultranest] [DEBUG] iteration=2115, ncalls=8303, regioncalls=317080, ndraw=40, logz=-49.92, remainder_fraction=98.5743%, Lmin=-38.54, Lmax=-32.93
15:55:52 [ultranest] [DEBUG] iteration=2120, ncalls=8312, regioncalls=317440, ndraw=40, logz=-49.85, remainder_fraction=98.4554%, Lmin=-38.46, Lmax=-32.93
15:55:52 [ultranest] [DEBUG] iteration=2138, ncalls=8353, regioncalls=319080, ndraw=40, logz=-49.61, remainder_fraction=97.9996%, Lmin=-38.16, Lmax=-32.93
15:55:52 [ultranest] [DEBUG] iteration=2157, ncalls=8401, regioncalls=321000, ndraw=40, logz=-49.37, remainder_fraction=97.5025%, Lmin=-37.78, Lmax=-32.93
15:55:52 [ultranest] [DEBUG] iteration=2160, ncalls=8415, regioncalls=321560, ndraw=40, logz=-49.33, remainder_fraction=97.3821%, Lmin=-37.71, Lmax=-32.93
15:55:52 [ultranest] [DEBUG] iteration=2178, ncalls=8455, regioncalls=323160, ndraw=40, logz=-49.10, remainder_fraction=96.7936%, Lmin=-37.56, Lmax=-32.93
15:55:53 [ultranest] [DEBUG] iteration=2189, ncalls=8513, regioncalls=325480, ndraw=40, logz=-48.98, remainder_fraction=96.3041%, Lmin=-37.44, Lmax=-32.93
15:55:53 [ultranest] [DEBUG] iteration=2200, ncalls=8541, regioncalls=326600, ndraw=40, logz=-48.86, remainder_fraction=95.7010%, Lmin=-37.19, Lmax=-32.93
15:55:53 [ultranest] [DEBUG] iteration=2204, ncalls=8554, regioncalls=327200, ndraw=40, logz=-48.81, remainder_fraction=95.4798%, Lmin=-37.16, Lmax=-32.93
15:55:53 [ultranest] [DEBUG] iteration=2218, ncalls=8596, regioncalls=328880, ndraw=40, logz=-48.66, remainder_fraction=94.7782%, Lmin=-36.96, Lmax=-32.93
15:55:53 [ultranest] [DEBUG] iteration=2236, ncalls=8643, regioncalls=330760, ndraw=40, logz=-48.47, remainder_fraction=93.5857%, Lmin=-36.69, Lmax=-32.93
15:55:53 [ultranest] [DEBUG] iteration=2240, ncalls=8661, regioncalls=331480, ndraw=40, logz=-48.42, remainder_fraction=93.3496%, Lmin=-36.62, Lmax=-32.93
15:55:53 [ultranest] [DEBUG] iteration=2248, ncalls=8697, regioncalls=333000, ndraw=40, logz=-48.34, remainder_fraction=92.6808%, Lmin=-36.50, Lmax=-32.93
15:55:53 [ultranest] [DEBUG] iteration=2267, ncalls=8739, regioncalls=334680, ndraw=40, logz=-48.14, remainder_fraction=90.9774%, Lmin=-36.35, Lmax=-32.93
15:55:53 [ultranest] [DEBUG] iteration=2280, ncalls=8770, regioncalls=335920, ndraw=40, logz=-48.03, remainder_fraction=89.8799%, Lmin=-36.25, Lmax=-32.93
15:55:53 [ultranest] [DEBUG] iteration=2301, ncalls=8808, regioncalls=337440, ndraw=40, logz=-47.85, remainder_fraction=88.0117%, Lmin=-35.96, Lmax=-32.93
15:55:53 [ultranest] [DEBUG] iteration=2315, ncalls=8851, regioncalls=339160, ndraw=40, logz=-47.73, remainder_fraction=86.7522%, Lmin=-35.83, Lmax=-32.93
15:55:53 [ultranest] [DEBUG] iteration=2320, ncalls=8868, regioncalls=339840, ndraw=40, logz=-47.69, remainder_fraction=86.2533%, Lmin=-35.78, Lmax=-32.93
15:55:54 [ultranest] [DEBUG] iteration=2336, ncalls=8903, regioncalls=341280, ndraw=40, logz=-47.56, remainder_fraction=84.4408%, Lmin=-35.64, Lmax=-32.93
15:55:54 [ultranest] [DEBUG] iteration=2352, ncalls=8944, regioncalls=342920, ndraw=40, logz=-47.45, remainder_fraction=82.7181%, Lmin=-35.46, Lmax=-32.89
15:55:54 [ultranest] [DEBUG] iteration=2360, ncalls=8960, regioncalls=343560, ndraw=40, logz=-47.39, remainder_fraction=81.5989%, Lmin=-35.40, Lmax=-32.89
15:55:54 [ultranest] [DEBUG] iteration=2377, ncalls=9016, regioncalls=345800, ndraw=40, logz=-47.27, remainder_fraction=79.3543%, Lmin=-35.26, Lmax=-32.89
15:55:54 [ultranest] [DEBUG] iteration=2380, ncalls=9021, regioncalls=346040, ndraw=40, logz=-47.25, remainder_fraction=78.9956%, Lmin=-35.25, Lmax=-32.89
15:55:54 [ultranest] [DEBUG] iteration=2397, ncalls=9057, regioncalls=347480, ndraw=40, logz=-47.15, remainder_fraction=77.3877%, Lmin=-35.17, Lmax=-32.89
15:55:54 [ultranest] [DEBUG] iteration=2400, ncalls=9060, regioncalls=347600, ndraw=40, logz=-47.13, remainder_fraction=77.1124%, Lmin=-35.16, Lmax=-32.89
15:55:54 [ultranest] [DEBUG] iteration=2418, ncalls=9106, regioncalls=349440, ndraw=40, logz=-47.04, remainder_fraction=74.4454%, Lmin=-35.02, Lmax=-32.89
15:55:54 [ultranest] [DEBUG] iteration=2424, ncalls=9112, regioncalls=349720, ndraw=40, logz=-47.00, remainder_fraction=73.7468%, Lmin=-35.00, Lmax=-32.89
15:55:54 [ultranest] [DEBUG] iteration=2440, ncalls=9141, regioncalls=350880, ndraw=40, logz=-46.92, remainder_fraction=71.6996%, Lmin=-34.91, Lmax=-32.89
15:55:54 [ultranest] [DEBUG] iteration=2456, ncalls=9183, regioncalls=352560, ndraw=40, logz=-46.85, remainder_fraction=68.8500%, Lmin=-34.78, Lmax=-32.89
15:55:54 [ultranest] [DEBUG] iteration=2468, ncalls=9205, regioncalls=353480, ndraw=40, logz=-46.79, remainder_fraction=67.2247%, Lmin=-34.66, Lmax=-32.89
15:55:54 [ultranest] [DEBUG] iteration=2480, ncalls=9226, regioncalls=354320, ndraw=40, logz=-46.74, remainder_fraction=65.6139%, Lmin=-34.58, Lmax=-32.89
15:55:54 [ultranest] [DEBUG] iteration=2499, ncalls=9271, regioncalls=356120, ndraw=40, logz=-46.66, remainder_fraction=62.7223%, Lmin=-34.50, Lmax=-32.89
15:55:55 [ultranest] [DEBUG] iteration=2512, ncalls=9299, regioncalls=357360, ndraw=40, logz=-46.61, remainder_fraction=60.6046%, Lmin=-34.45, Lmax=-32.89
15:55:55 [ultranest] [DEBUG] iteration=2520, ncalls=9319, regioncalls=358160, ndraw=40, logz=-46.58, remainder_fraction=59.1257%, Lmin=-34.42, Lmax=-32.89
15:55:55 [ultranest] [DEBUG] iteration=2541, ncalls=9358, regioncalls=359720, ndraw=40, logz=-46.50, remainder_fraction=56.0346%, Lmin=-34.31, Lmax=-32.89
15:55:55 [ultranest] [DEBUG] iteration=2556, ncalls=9387, regioncalls=360920, ndraw=40, logz=-46.45, remainder_fraction=53.9137%, Lmin=-34.25, Lmax=-32.89
15:55:55 [ultranest] [DEBUG] iteration=2560, ncalls=9398, regioncalls=361360, ndraw=40, logz=-46.44, remainder_fraction=53.2191%, Lmin=-34.23, Lmax=-32.89
15:55:55 [ultranest] [DEBUG] iteration=2580, ncalls=9435, regioncalls=362880, ndraw=40, logz=-46.38, remainder_fraction=50.2126%, Lmin=-34.13, Lmax=-32.88
15:55:55 [ultranest] [DEBUG] iteration=2599, ncalls=9485, regioncalls=364880, ndraw=40, logz=-46.32, remainder_fraction=47.2010%, Lmin=-34.07, Lmax=-32.88
15:55:55 [ultranest] [DEBUG] iteration=2600, ncalls=9487, regioncalls=365000, ndraw=40, logz=-46.32, remainder_fraction=47.0099%, Lmin=-34.07, Lmax=-32.88
15:55:55 [ultranest] [DEBUG] iteration=2618, ncalls=9527, regioncalls=366600, ndraw=40, logz=-46.28, remainder_fraction=44.2180%, Lmin=-33.99, Lmax=-32.88
15:55:55 [ultranest] [DEBUG] iteration=2640, ncalls=9567, regioncalls=368200, ndraw=40, logz=-46.22, remainder_fraction=41.2078%, Lmin=-33.92, Lmax=-32.88
15:55:55 [ultranest] [DEBUG] iteration=2658, ncalls=9602, regioncalls=369600, ndraw=40, logz=-46.18, remainder_fraction=38.7379%, Lmin=-33.85, Lmax=-32.88
15:55:55 [ultranest] [DEBUG] iteration=2680, ncalls=9643, regioncalls=371240, ndraw=40, logz=-46.14, remainder_fraction=35.7089%, Lmin=-33.79, Lmax=-32.88
15:55:55 [ultranest] [DEBUG] iteration=2688, ncalls=9665, regioncalls=372160, ndraw=40, logz=-46.12, remainder_fraction=34.6549%, Lmin=-33.77, Lmax=-32.88
15:55:56 [ultranest] [DEBUG] iteration=2708, ncalls=9704, regioncalls=373760, ndraw=40, logz=-46.09, remainder_fraction=32.4572%, Lmin=-33.74, Lmax=-32.88
15:55:56 [ultranest] [DEBUG] iteration=2720, ncalls=9726, regioncalls=374640, ndraw=40, logz=-46.07, remainder_fraction=31.1580%, Lmin=-33.70, Lmax=-32.88
15:55:56 [ultranest] [DEBUG] iteration=2732, ncalls=9752, regioncalls=375720, ndraw=40, logz=-46.05, remainder_fraction=29.8807%, Lmin=-33.67, Lmax=-32.88
15:55:56 [ultranest] [DEBUG] iteration=2753, ncalls=9791, regioncalls=377280, ndraw=40, logz=-46.02, remainder_fraction=27.5651%, Lmin=-33.62, Lmax=-32.88
15:55:56 [ultranest] [DEBUG] iteration=2760, ncalls=9801, regioncalls=377680, ndraw=40, logz=-46.01, remainder_fraction=26.8974%, Lmin=-33.61, Lmax=-32.88
15:55:56 [ultranest] [DEBUG] iteration=2776, ncalls=9843, regioncalls=379360, ndraw=40, logz=-45.99, remainder_fraction=25.2941%, Lmin=-33.56, Lmax=-32.88
15:55:56 [ultranest] [DEBUG] iteration=2797, ncalls=9881, regioncalls=380880, ndraw=40, logz=-45.96, remainder_fraction=23.3253%, Lmin=-33.51, Lmax=-32.88
15:55:56 [ultranest] [DEBUG] iteration=2800, ncalls=9889, regioncalls=381200, ndraw=40, logz=-45.96, remainder_fraction=23.1261%, Lmin=-33.50, Lmax=-32.88
15:55:56 [ultranest] [DEBUG] iteration=2814, ncalls=9937, regioncalls=383120, ndraw=40, logz=-45.94, remainder_fraction=21.8595%, Lmin=-33.48, Lmax=-32.88
15:55:56 [ultranest] [DEBUG] iteration=2820, ncalls=9950, regioncalls=383720, ndraw=40, logz=-45.94, remainder_fraction=21.3470%, Lmin=-33.46, Lmax=-32.88
15:55:56 [ultranest] [DEBUG] iteration=2840, ncalls=9986, regioncalls=385280, ndraw=40, logz=-45.91, remainder_fraction=19.7259%, Lmin=-33.41, Lmax=-32.88
15:55:56 [ultranest] [DEBUG] iteration=2859, ncalls=10030, regioncalls=387040, ndraw=40, logz=-45.90, remainder_fraction=18.2276%, Lmin=-33.36, Lmax=-32.88
15:55:56 [ultranest] [DEBUG] iteration=2864, ncalls=10044, regioncalls=387680, ndraw=40, logz=-45.89, remainder_fraction=17.8975%, Lmin=-33.35, Lmax=-32.87
15:55:57 [ultranest] [DEBUG] iteration=2880, ncalls=10077, regioncalls=389000, ndraw=40, logz=-45.88, remainder_fraction=16.6821%, Lmin=-33.33, Lmax=-32.87
15:55:57 [ultranest] [DEBUG] iteration=2902, ncalls=10119, regioncalls=390680, ndraw=40, logz=-45.86, remainder_fraction=15.2756%, Lmin=-33.29, Lmax=-32.87
15:55:57 [ultranest] [DEBUG] iteration=2908, ncalls=10128, regioncalls=391120, ndraw=40, logz=-45.86, remainder_fraction=14.8699%, Lmin=-33.28, Lmax=-32.87
15:55:57 [ultranest] [DEBUG] iteration=2920, ncalls=10149, regioncalls=391960, ndraw=40, logz=-45.85, remainder_fraction=14.1308%, Lmin=-33.26, Lmax=-32.87
15:55:57 [ultranest] [DEBUG] iteration=2937, ncalls=10190, regioncalls=393680, ndraw=40, logz=-45.84, remainder_fraction=13.1318%, Lmin=-33.24, Lmax=-32.87
15:55:57 [ultranest] [DEBUG] iteration=2952, ncalls=10225, regioncalls=395160, ndraw=40, logz=-45.83, remainder_fraction=12.2945%, Lmin=-33.23, Lmax=-32.87
15:55:57 [ultranest] [DEBUG] iteration=2960, ncalls=10240, regioncalls=395760, ndraw=40, logz=-45.82, remainder_fraction=11.8843%, Lmin=-33.21, Lmax=-32.87
15:55:57 [ultranest] [DEBUG] iteration=2979, ncalls=10281, regioncalls=397400, ndraw=40, logz=-45.81, remainder_fraction=10.9150%, Lmin=-33.19, Lmax=-32.87
15:55:57 [ultranest] [DEBUG] iteration=2998, ncalls=10323, regioncalls=399080, ndraw=40, logz=-45.80, remainder_fraction=10.0108%, Lmin=-33.17, Lmax=-32.87
15:55:57 [ultranest] [DEBUG] iteration=3000, ncalls=10326, regioncalls=399200, ndraw=40, logz=-45.80, remainder_fraction=9.9181%, Lmin=-33.17, Lmax=-32.87
15:55:57 [ultranest] [DEBUG] iteration=3014, ncalls=10373, regioncalls=401080, ndraw=40, logz=-45.79, remainder_fraction=9.3085%, Lmin=-33.15, Lmax=-32.87
15:55:57 [ultranest] [DEBUG] iteration=3032, ncalls=10420, regioncalls=402960, ndraw=40, logz=-45.78, remainder_fraction=8.5694%, Lmin=-33.13, Lmax=-32.87
15:55:57 [ultranest] [DEBUG] iteration=3040, ncalls=10453, regioncalls=404400, ndraw=40, logz=-45.78, remainder_fraction=8.2511%, Lmin=-33.12, Lmax=-32.87
15:55:58 [ultranest] [DEBUG] iteration=3055, ncalls=10503, regioncalls=406400, ndraw=40, logz=-45.77, remainder_fraction=7.6986%, Lmin=-33.10, Lmax=-32.87
15:55:58 [ultranest] [DEBUG] iteration=3074, ncalls=10547, regioncalls=408160, ndraw=40, logz=-45.77, remainder_fraction=7.0490%, Lmin=-33.08, Lmax=-32.87
15:55:58 [ultranest] [DEBUG] iteration=3080, ncalls=10561, regioncalls=408720, ndraw=40, logz=-45.77, remainder_fraction=6.8496%, Lmin=-33.08, Lmax=-32.87
15:55:58 [ultranest] [DEBUG] iteration=3084, ncalls=10569, regioncalls=409080, ndraw=40, logz=-45.76, remainder_fraction=6.7232%, Lmin=-33.08, Lmax=-32.87
15:55:58 [ultranest] [DEBUG] iteration=3101, ncalls=10606, regioncalls=410560, ndraw=40, logz=-45.76, remainder_fraction=6.2005%, Lmin=-33.06, Lmax=-32.87
15:55:58 [ultranest] [DEBUG] iteration=3119, ncalls=10650, regioncalls=412320, ndraw=40, logz=-45.75, remainder_fraction=5.6967%, Lmin=-33.06, Lmax=-32.87
15:55:58 [ultranest] [DEBUG] iteration=3120, ncalls=10651, regioncalls=412360, ndraw=40, logz=-45.75, remainder_fraction=5.6700%, Lmin=-33.05, Lmax=-32.87
15:55:58 [ultranest] [DEBUG] iteration=3128, ncalls=10666, regioncalls=413080, ndraw=40, logz=-45.75, remainder_fraction=5.4472%, Lmin=-33.05, Lmax=-32.87
15:55:58 [ultranest] [DEBUG] iteration=3150, ncalls=10708, regioncalls=414760, ndraw=40, logz=-45.74, remainder_fraction=4.9042%, Lmin=-33.04, Lmax=-32.87
15:55:58 [ultranest] [DEBUG] iteration=3160, ncalls=10736, regioncalls=415880, ndraw=40, logz=-45.74, remainder_fraction=4.6721%, Lmin=-33.03, Lmax=-32.87
15:55:58 [ultranest] [DEBUG] iteration=3172, ncalls=10770, regioncalls=417280, ndraw=40, logz=-45.74, remainder_fraction=4.4060%, Lmin=-33.02, Lmax=-32.87
15:55:58 [ultranest] [DEBUG] iteration=3193, ncalls=10808, regioncalls=418800, ndraw=40, logz=-45.74, remainder_fraction=3.9817%, Lmin=-33.01, Lmax=-32.87
15:55:58 [ultranest] [DEBUG] iteration=3200, ncalls=10821, regioncalls=419320, ndraw=40, logz=-45.73, remainder_fraction=3.8497%, Lmin=-33.01, Lmax=-32.87
15:55:58 [ultranest] [DEBUG] iteration=3216, ncalls=10850, regioncalls=420520, ndraw=40, logz=-45.73, remainder_fraction=3.5629%, Lmin=-33.00, Lmax=-32.87
15:55:59 [ultranest] [DEBUG] iteration=3238, ncalls=10888, regioncalls=422040, ndraw=40, logz=-45.73, remainder_fraction=3.2006%, Lmin=-32.99, Lmax=-32.87
15:55:59 [ultranest] [DEBUG] iteration=3240, ncalls=10892, regioncalls=422200, ndraw=40, logz=-45.73, remainder_fraction=3.1690%, Lmin=-32.99, Lmax=-32.87
15:55:59 [ultranest] [DEBUG] iteration=3260, ncalls=10924, regioncalls=423520, ndraw=40, logz=-45.72, remainder_fraction=2.8732%, Lmin=-32.98, Lmax=-32.87
15:55:59 [ultranest] [DEBUG] iteration=3280, ncalls=10955, regioncalls=424760, ndraw=40, logz=-45.72, remainder_fraction=2.6030%, Lmin=-32.97, Lmax=-32.87
15:55:59 [ultranest] [INFO] Explored until L=-3e+01  
15:55:59 [ultranest] [INFO] Likelihood function evaluations: 10962
15:55:59 [ultranest] [INFO] Writing samples and results to disk ...
15:56:00 [ultranest] [INFO] Writing samples and results to disk ... done
15:56:00 [ultranest] [DEBUG] did a run_iter pass!
15:56:00 [ultranest] [INFO]   logZ = -45.68 +- 0.1399
15:56:00 [ultranest] [INFO] Effective samples strategy satisfied (ESS = 948.9, need >400)
15:56:00 [ultranest] [INFO] Posterior uncertainty strategy is satisfied (KL: 0.45+-0.10 nat, need <0.50 nat)
15:56:00 [ultranest] [INFO] Evidency uncertainty strategy is satisfied (dlogz=0.14, need <0.5)
15:56:00 [ultranest] [INFO]   logZ error budget: single: 0.24 bs:0.14 tail:0.03 total:0.14 required:<0.50
15:56:00 [ultranest] [INFO] done iterating.
15:56:00 [ultranest] [DEBUG] Making corner plot ...
15:56:01 [ultranest] [DEBUG] Making corner plot ... done
15:56:01 [ultranest] [DEBUG] Making run plot ... 
15:56:02 [ultranest] [DEBUG] Making run plot ... done
15:56:02 [ultranest] [DEBUG] Making trace plot ... 
15:56:03 [ultranest] [DEBUG] Making trace plot ... done
