15:10:49 [ultranest] [DEBUG] ReactiveNestedSampler: dims=4+0, resume=True, log_dir=/home/orion51/Desktop/Research/spectral_fitting/FGL_spectral_fitting/Individual_sources/2CXOJ174347.2-314025/bb_out_, backend=hdf5, vectorized=False, nbootstraps=30, ndraw=128..65536
15:10:49 [ultranest] [INFO] Sampling 400 live points from prior ...
15:10:50 [ultranest] [DEBUG] run_iter dlogz=0.5, dKL=0.5, frac_remain=0.01, Lepsilon=0.1000, min_ess=400
15:10:50 [ultranest] [DEBUG] max_iters=-1, max_ncalls=-1, max_num_improvement_loops=-1, min_num_live_points=400, cluster_num_live_points=40
15:10:50 [ultranest] [DEBUG] minimal_widths_sequence: [(-inf, 400.0), (inf, 400.0)]
15:10:50 [ultranest] [DEBUG] iteration=0, ncalls=401, regioncalls=40, ndraw=40, logz=-inf, remainder_fraction=100.0000%, Lmin=-1791084.50, Lmax=-295.56
15:10:50 [ultranest] [DEBUG] iteration=24, ncalls=428, regioncalls=1120, ndraw=40, logz=-21989.66, remainder_fraction=100.0000%, Lmin=-9504.95, Lmax=-295.56
15:10:51 [ultranest] [DEBUG] iteration=40, ncalls=445, regioncalls=1800, ndraw=40, logz=-1713.59, remainder_fraction=100.0000%, Lmin=-1461.09, Lmax=-295.56
15:10:51 [ultranest] [DEBUG] Plateau detected at L=-6.618228e+02, not replacing live point.
15:10:51 [ultranest] [DEBUG] Plateau detected at L=-6.618228e+02, not replacing live point.
15:10:51 [ultranest] [DEBUG] Plateau detected at L=-6.618228e+02, not replacing live point.
15:10:51 [ultranest] [DEBUG] Plateau detected at L=-6.618228e+02, not replacing live point.
15:10:51 [ultranest] [DEBUG] Plateau detected at L=-6.618228e+02, not replacing live point.
15:10:51 [ultranest] [DEBUG] Plateau detected at L=-6.618228e+02, not replacing live point.
15:10:51 [ultranest] [DEBUG] Plateau detected at L=-6.618228e+02, not replacing live point.
15:10:51 [ultranest] [DEBUG] Plateau detected at L=-6.618228e+02, not replacing live point.
15:10:51 [ultranest] [DEBUG] Plateau detected at L=-6.618228e+02, not replacing live point.
15:10:51 [ultranest] [DEBUG] Plateau detected at L=-6.618228e+02, not replacing live point.
15:10:51 [ultranest] [DEBUG] Plateau detected at L=-6.618228e+02, not replacing live point.
15:10:51 [ultranest] [DEBUG] Plateau detected at L=-6.618228e+02, not replacing live point.
15:10:51 [ultranest] [DEBUG] Plateau detected at L=-6.618228e+02, not replacing live point.
15:10:51 [ultranest] [DEBUG] Plateau detected at L=-6.618228e+02, not replacing live point.
15:10:51 [ultranest] [DEBUG] Plateau detected at L=-6.618228e+02, not replacing live point.
15:10:51 [ultranest] [DEBUG] Plateau detected at L=-6.618228e+02, not replacing live point.
15:10:51 [ultranest] [DEBUG] Plateau detected at L=-6.618228e+02, not replacing live point.
15:10:51 [ultranest] [DEBUG] Plateau detected at L=-6.618228e+02, not replacing live point.
15:10:51 [ultranest] [DEBUG] Plateau detected at L=-6.618228e+02, not replacing live point.
15:10:51 [ultranest] [DEBUG] Plateau detected at L=-6.618228e+02, not replacing live point.
15:10:51 [ultranest] [DEBUG] Plateau detected at L=-6.618228e+02, not replacing live point.
15:10:51 [ultranest] [DEBUG] Plateau detected at L=-6.618228e+02, not replacing live point.
15:10:51 [ultranest] [DEBUG] Plateau detected at L=-6.618228e+02, not replacing live point.
15:10:51 [ultranest] [DEBUG] Plateau detected at L=-6.618228e+02, not replacing live point.
15:10:51 [ultranest] [DEBUG] Plateau detected at L=-6.618228e+02, not replacing live point.
15:10:51 [ultranest] [DEBUG] Plateau detected at L=-6.618228e+02, not replacing live point.
15:10:51 [ultranest] [DEBUG] Plateau detected at L=-6.618228e+02, not replacing live point.
15:10:51 [ultranest] [DEBUG] Plateau detected at L=-6.618228e+02, not replacing live point.
15:10:51 [ultranest] [DEBUG] Plateau detected at L=-6.618228e+02, not replacing live point.
15:10:51 [ultranest] [DEBUG] Plateau detected at L=-6.618228e+02, not replacing live point.
15:10:51 [ultranest] [DEBUG] Plateau detected at L=-6.618228e+02, not replacing live point.
15:10:51 [ultranest] [DEBUG] Plateau detected at L=-6.618228e+02, not replacing live point.
15:10:51 [ultranest] [DEBUG] Plateau detected at L=-6.618228e+02, not replacing live point.
15:10:51 [ultranest] [DEBUG] Plateau detected at L=-6.618228e+02, not replacing live point.
15:10:51 [ultranest] [DEBUG] Plateau detected at L=-6.618228e+02, not replacing live point.
15:10:51 [ultranest] [DEBUG] Plateau detected at L=-6.618228e+02, not replacing live point.
15:10:51 [ultranest] [DEBUG] Plateau detected at L=-6.618228e+02, not replacing live point.
15:10:51 [ultranest] [DEBUG] Plateau detected at L=-6.618228e+02, not replacing live point.
15:10:51 [ultranest] [DEBUG] Plateau detected at L=-6.618228e+02, not replacing live point.
15:10:51 [ultranest] [DEBUG] Plateau detected at L=-6.618228e+02, not replacing live point.
15:10:51 [ultranest] [DEBUG] Plateau detected at L=-6.618228e+02, not replacing live point.
15:10:51 [ultranest] [DEBUG] Plateau detected at L=-6.618228e+02, not replacing live point.
15:10:51 [ultranest] [DEBUG] Plateau detected at L=-6.618228e+02, not replacing live point.
15:10:51 [ultranest] [DEBUG] Plateau detected at L=-6.618228e+02, not replacing live point.
15:10:51 [ultranest] [DEBUG] Plateau detected at L=-6.618228e+02, not replacing live point.
15:10:51 [ultranest] [DEBUG] Plateau detected at L=-6.618228e+02, not replacing live point.
15:10:51 [ultranest] [DEBUG] Plateau detected at L=-6.618228e+02, not replacing live point.
15:10:51 [ultranest] [DEBUG] Plateau detected at L=-6.618228e+02, not replacing live point.
15:10:51 [ultranest] [DEBUG] Plateau detected at L=-6.618228e+02, not replacing live point.
15:10:51 [ultranest] [DEBUG] Plateau detected at L=-6.618228e+02, not replacing live point.
15:10:51 [ultranest] [DEBUG] Plateau detected at L=-6.618228e+02, not replacing live point.
15:10:51 [ultranest] [DEBUG] Plateau detected at L=-6.618228e+02, not replacing live point.
15:10:51 [ultranest] [DEBUG] Plateau detected at L=-6.618228e+02, not replacing live point.
15:10:51 [ultranest] [DEBUG] Plateau detected at L=-6.618228e+02, not replacing live point.
15:10:51 [ultranest] [DEBUG] Plateau detected at L=-6.618228e+02, not replacing live point.
15:10:51 [ultranest] [DEBUG] Plateau detected at L=-6.618228e+02, not replacing live point.
15:10:51 [ultranest] [DEBUG] Plateau detected at L=-6.618228e+02, not replacing live point.
15:10:51 [ultranest] [DEBUG] Plateau detected at L=-6.618228e+02, not replacing live point.
15:10:51 [ultranest] [DEBUG] Plateau detected at L=-6.618228e+02, not replacing live point.
15:10:51 [ultranest] [DEBUG] Plateau detected at L=-6.618228e+02, not replacing live point.
15:10:51 [ultranest] [DEBUG] Plateau detected at L=-6.618228e+02, not replacing live point.
15:10:51 [ultranest] [DEBUG] Plateau detected at L=-6.618228e+02, not replacing live point.
15:10:51 [ultranest] [DEBUG] Plateau detected at L=-6.618228e+02, not replacing live point.
15:10:51 [ultranest] [DEBUG] Plateau detected at L=-6.618228e+02, not replacing live point.
15:10:51 [ultranest] [DEBUG] Plateau detected at L=-6.618228e+02, not replacing live point.
15:10:51 [ultranest] [DEBUG] Plateau detected at L=-6.618228e+02, not replacing live point.
15:10:51 [ultranest] [DEBUG] Plateau detected at L=-6.618228e+02, not replacing live point.
15:10:51 [ultranest] [DEBUG] Plateau detected at L=-6.618228e+02, not replacing live point.
15:10:51 [ultranest] [DEBUG] Plateau detected at L=-6.618228e+02, not replacing live point.
15:10:51 [ultranest] [DEBUG] Plateau detected at L=-6.618228e+02, not replacing live point.
15:10:51 [ultranest] [DEBUG] Plateau detected at L=-6.618228e+02, not replacing live point.
15:10:51 [ultranest] [DEBUG] Plateau detected at L=-6.618228e+02, not replacing live point.
15:10:51 [ultranest] [DEBUG] Plateau detected at L=-6.618228e+02, not replacing live point.
15:10:51 [ultranest] [DEBUG] Plateau detected at L=-6.618228e+02, not replacing live point.
15:10:51 [ultranest] [DEBUG] Plateau detected at L=-6.618228e+02, not replacing live point.
15:10:51 [ultranest] [DEBUG] Plateau detected at L=-6.618228e+02, not replacing live point.
15:10:51 [ultranest] [DEBUG] Plateau detected at L=-6.618228e+02, not replacing live point.
15:10:51 [ultranest] [DEBUG] Plateau detected at L=-6.618228e+02, not replacing live point.
15:10:51 [ultranest] [DEBUG] Plateau detected at L=-6.618228e+02, not replacing live point.
15:10:51 [ultranest] [DEBUG] Plateau detected at L=-6.618228e+02, not replacing live point.
15:10:51 [ultranest] [DEBUG] Plateau detected at L=-6.618228e+02, not replacing live point.
15:10:51 [ultranest] [DEBUG] Plateau detected at L=-6.618228e+02, not replacing live point.
15:10:51 [ultranest] [DEBUG] Plateau detected at L=-6.618228e+02, not replacing live point.
15:10:51 [ultranest] [DEBUG] Plateau detected at L=-6.618228e+02, not replacing live point.
15:10:51 [ultranest] [DEBUG] Plateau detected at L=-6.618228e+02, not replacing live point.
15:10:51 [ultranest] [DEBUG] Plateau detected at L=-6.618228e+02, not replacing live point.
15:10:51 [ultranest] [DEBUG] Plateau detected at L=-6.618228e+02, not replacing live point.
15:10:51 [ultranest] [DEBUG] Plateau detected at L=-6.618228e+02, not replacing live point.
15:10:51 [ultranest] [DEBUG] Plateau detected at L=-6.618228e+02, not replacing live point.
15:10:51 [ultranest] [DEBUG] Plateau detected at L=-6.618228e+02, not replacing live point.
15:10:51 [ultranest] [DEBUG] Plateau detected at L=-6.618228e+02, not replacing live point.
15:10:51 [ultranest] [DEBUG] Plateau detected at L=-6.618228e+02, not replacing live point.
15:10:51 [ultranest] [DEBUG] Plateau detected at L=-6.618228e+02, not replacing live point.
15:10:51 [ultranest] [DEBUG] Plateau detected at L=-6.618228e+02, not replacing live point.
15:10:51 [ultranest] [DEBUG] Plateau detected at L=-6.618228e+02, not replacing live point.
15:10:51 [ultranest] [DEBUG] Plateau detected at L=-6.618228e+02, not replacing live point.
15:10:51 [ultranest] [DEBUG] Plateau detected at L=-6.618228e+02, not replacing live point.
15:10:51 [ultranest] [DEBUG] Plateau detected at L=-6.618228e+02, not replacing live point.
15:10:51 [ultranest] [DEBUG] Plateau detected at L=-6.618228e+02, not replacing live point.
15:10:51 [ultranest] [DEBUG] Plateau detected at L=-6.618228e+02, not replacing live point.
15:10:51 [ultranest] [DEBUG] Plateau detected at L=-6.618228e+02, not replacing live point.
15:10:51 [ultranest] [DEBUG] Plateau detected at L=-6.618228e+02, not replacing live point.
15:10:51 [ultranest] [DEBUG] Plateau detected at L=-6.618228e+02, not replacing live point.
15:10:51 [ultranest] [DEBUG] Plateau detected at L=-6.618228e+02, not replacing live point.
15:10:51 [ultranest] [DEBUG] Plateau detected at L=-6.618228e+02, not replacing live point.
15:10:51 [ultranest] [DEBUG] Plateau detected at L=-6.618228e+02, not replacing live point.
15:10:51 [ultranest] [DEBUG] Plateau detected at L=-6.618228e+02, not replacing live point.
15:10:51 [ultranest] [DEBUG] Plateau detected at L=-6.618228e+02, not replacing live point.
15:10:51 [ultranest] [DEBUG] Plateau detected at L=-6.618228e+02, not replacing live point.
15:10:51 [ultranest] [DEBUG] Plateau detected at L=-6.618228e+02, not replacing live point.
15:10:51 [ultranest] [DEBUG] Plateau detected at L=-6.618228e+02, not replacing live point.
15:10:51 [ultranest] [DEBUG] Plateau detected at L=-6.618228e+02, not replacing live point.
15:10:51 [ultranest] [DEBUG] Plateau detected at L=-6.618228e+02, not replacing live point.
15:10:51 [ultranest] [DEBUG] Plateau detected at L=-6.618228e+02, not replacing live point.
15:10:51 [ultranest] [DEBUG] Plateau detected at L=-6.618228e+02, not replacing live point.
15:10:51 [ultranest] [DEBUG] Plateau detected at L=-6.618228e+02, not replacing live point.
15:10:51 [ultranest] [DEBUG] Plateau detected at L=-6.618228e+02, not replacing live point.
15:10:51 [ultranest] [DEBUG] Plateau detected at L=-6.618228e+02, not replacing live point.
15:10:51 [ultranest] [DEBUG] Plateau detected at L=-6.618228e+02, not replacing live point.
15:10:51 [ultranest] [DEBUG] Plateau detected at L=-6.618228e+02, not replacing live point.
15:10:51 [ultranest] [DEBUG] Plateau detected at L=-6.618228e+02, not replacing live point.
15:10:51 [ultranest] [DEBUG] Plateau detected at L=-6.618228e+02, not replacing live point.
15:10:51 [ultranest] [DEBUG] Plateau detected at L=-6.618228e+02, not replacing live point.
15:10:51 [ultranest] [DEBUG] Plateau detected at L=-6.618228e+02, not replacing live point.
15:10:51 [ultranest] [DEBUG] Plateau detected at L=-6.618228e+02, not replacing live point.
15:10:51 [ultranest] [DEBUG] Plateau detected at L=-6.618228e+02, not replacing live point.
15:10:51 [ultranest] [DEBUG] Plateau detected at L=-6.618228e+02, not replacing live point.
15:10:51 [ultranest] [DEBUG] Plateau detected at L=-6.618228e+02, not replacing live point.
15:10:51 [ultranest] [DEBUG] Plateau detected at L=-6.618228e+02, not replacing live point.
15:10:51 [ultranest] [DEBUG] Plateau detected at L=-6.618228e+02, not replacing live point.
15:10:51 [ultranest] [DEBUG] Plateau detected at L=-6.618228e+02, not replacing live point.
15:10:51 [ultranest] [DEBUG] Plateau detected at L=-6.618228e+02, not replacing live point.
15:10:51 [ultranest] [DEBUG] Plateau detected at L=-6.618228e+02, not replacing live point.
15:10:51 [ultranest] [DEBUG] Plateau detected at L=-6.618228e+02, not replacing live point.
15:10:51 [ultranest] [DEBUG] Plateau detected at L=-6.618228e+02, not replacing live point.
15:10:51 [ultranest] [DEBUG] Plateau detected at L=-6.618228e+02, not replacing live point.
15:10:51 [ultranest] [DEBUG] Plateau detected at L=-6.618228e+02, not replacing live point.
15:10:51 [ultranest] [DEBUG] Plateau detected at L=-6.618228e+02, not replacing live point.
15:10:51 [ultranest] [DEBUG] Plateau detected at L=-6.618228e+02, not replacing live point.
15:10:51 [ultranest] [DEBUG] Plateau detected at L=-6.618228e+02, not replacing live point.
15:10:51 [ultranest] [DEBUG] Plateau detected at L=-6.618228e+02, not replacing live point.
15:10:51 [ultranest] [DEBUG] Plateau detected at L=-6.618228e+02, not replacing live point.
15:10:51 [ultranest] [DEBUG] Plateau detected at L=-6.618228e+02, not replacing live point.
15:10:51 [ultranest] [DEBUG] Plateau detected at L=-6.618228e+02, not replacing live point.
15:10:51 [ultranest] [DEBUG] Plateau detected at L=-6.618228e+02, not replacing live point.
15:10:51 [ultranest] [DEBUG] Plateau detected at L=-6.618228e+02, not replacing live point.
15:10:51 [ultranest] [DEBUG] Plateau detected at L=-6.618228e+02, not replacing live point.
15:10:51 [ultranest] [DEBUG] Plateau detected at L=-6.618228e+02, not replacing live point.
15:10:51 [ultranest] [DEBUG] Plateau detected at L=-6.618228e+02, not replacing live point.
15:10:51 [ultranest] [DEBUG] Plateau detected at L=-6.618228e+02, not replacing live point.
15:10:51 [ultranest] [DEBUG] Plateau detected at L=-6.618228e+02, not replacing live point.
15:10:51 [ultranest] [DEBUG] Plateau detected at L=-6.618228e+02, not replacing live point.
15:10:51 [ultranest] [DEBUG] Plateau detected at L=-6.618228e+02, not replacing live point.
15:10:51 [ultranest] [DEBUG] Plateau detected at L=-6.618228e+02, not replacing live point.
15:10:51 [ultranest] [DEBUG] Plateau detected at L=-6.618228e+02, not replacing live point.
15:10:51 [ultranest] [DEBUG] Plateau detected at L=-6.618228e+02, not replacing live point.
15:10:51 [ultranest] [DEBUG] Plateau detected at L=-6.618228e+02, not replacing live point.
15:10:51 [ultranest] [DEBUG] Plateau detected at L=-6.618228e+02, not replacing live point.
15:10:51 [ultranest] [DEBUG] Plateau detected at L=-6.618228e+02, not replacing live point.
15:10:51 [ultranest] [DEBUG] Plateau detected at L=-6.618228e+02, not replacing live point.
15:10:51 [ultranest] [DEBUG] Plateau detected at L=-6.618228e+02, not replacing live point.
15:10:51 [ultranest] [DEBUG] Plateau detected at L=-6.618228e+02, not replacing live point.
15:10:51 [ultranest] [DEBUG] Plateau detected at L=-6.618228e+02, not replacing live point.
15:10:51 [ultranest] [DEBUG] Plateau detected at L=-6.618228e+02, not replacing live point.
15:10:51 [ultranest] [DEBUG] Plateau detected at L=-6.618228e+02, not replacing live point.
15:10:51 [ultranest] [DEBUG] Plateau detected at L=-6.618228e+02, not replacing live point.
15:10:51 [ultranest] [DEBUG] Plateau detected at L=-6.618228e+02, not replacing live point.
15:10:51 [ultranest] [DEBUG] Plateau detected at L=-6.618228e+02, not replacing live point.
15:10:51 [ultranest] [DEBUG] Plateau detected at L=-6.618228e+02, not replacing live point.
15:10:51 [ultranest] [DEBUG] Plateau detected at L=-6.618228e+02, not replacing live point.
15:10:51 [ultranest] [DEBUG] Plateau detected at L=-6.618228e+02, not replacing live point.
15:10:51 [ultranest] [DEBUG] Plateau detected at L=-6.618228e+02, not replacing live point.
15:10:51 [ultranest] [DEBUG] Plateau detected at L=-6.618228e+02, not replacing live point.
15:10:51 [ultranest] [DEBUG] Plateau detected at L=-6.618228e+02, not replacing live point.
15:10:51 [ultranest] [DEBUG] Plateau detected at L=-6.618228e+02, not replacing live point.
15:10:51 [ultranest] [DEBUG] Plateau detected at L=-6.618228e+02, not replacing live point.
15:10:51 [ultranest] [DEBUG] Plateau detected at L=-6.618228e+02, not replacing live point.
15:10:51 [ultranest] [DEBUG] Plateau detected at L=-6.618228e+02, not replacing live point.
15:10:51 [ultranest] [DEBUG] Plateau detected at L=-6.618228e+02, not replacing live point.
15:10:51 [ultranest] [DEBUG] Plateau detected at L=-6.618228e+02, not replacing live point.
15:10:51 [ultranest] [DEBUG] Plateau detected at L=-6.618228e+02, not replacing live point.
15:10:51 [ultranest] [DEBUG] Plateau detected at L=-6.618228e+02, not replacing live point.
15:10:51 [ultranest] [DEBUG] Plateau detected at L=-6.618228e+02, not replacing live point.
15:10:51 [ultranest] [DEBUG] Plateau detected at L=-6.618228e+02, not replacing live point.
15:10:51 [ultranest] [DEBUG] Plateau detected at L=-6.618228e+02, not replacing live point.
15:10:51 [ultranest] [DEBUG] Plateau detected at L=-6.618228e+02, not replacing live point.
15:10:51 [ultranest] [DEBUG] Plateau detected at L=-6.618228e+02, not replacing live point.
15:10:51 [ultranest] [DEBUG] Plateau detected at L=-6.618228e+02, not replacing live point.
15:10:51 [ultranest] [DEBUG] Plateau detected at L=-6.618228e+02, not replacing live point.
15:10:51 [ultranest] [DEBUG] Plateau detected at L=-6.618228e+02, not replacing live point.
15:10:51 [ultranest] [DEBUG] Plateau detected at L=-6.618228e+02, not replacing live point.
15:10:51 [ultranest] [DEBUG] Plateau detected at L=-6.618228e+02, not replacing live point.
15:10:51 [ultranest] [DEBUG] Plateau detected at L=-6.618228e+02, not replacing live point.
15:10:51 [ultranest] [DEBUG] iteration=248, ncalls=462, regioncalls=2480, ndraw=40, logz=-662.69, remainder_fraction=100.0000%, Lmin=-661.82, Lmax=-295.56
15:10:51 [ultranest] [DEBUG] Plateau detected at L=-6.618228e+02, not replacing live point.
15:10:51 [ultranest] [DEBUG] iteration=250, ncalls=463, regioncalls=2520, ndraw=40, logz=-662.68, remainder_fraction=100.0000%, Lmin=-661.82, Lmax=-295.56
15:10:51 [ultranest] [DEBUG] iteration=270, ncalls=495, regioncalls=3800, ndraw=40, logz=-662.59, remainder_fraction=100.0000%, Lmin=-661.82, Lmax=-295.56
15:10:51 [ultranest] [DEBUG] iteration=280, ncalls=513, regioncalls=4520, ndraw=40, logz=-662.55, remainder_fraction=100.0000%, Lmin=-661.82, Lmax=-295.56
15:10:51 [ultranest] [DEBUG] iteration=299, ncalls=552, regioncalls=6080, ndraw=40, logz=-662.48, remainder_fraction=100.0000%, Lmin=-661.82, Lmax=-295.56
15:10:51 [ultranest] [DEBUG] iteration=311, ncalls=585, regioncalls=7400, ndraw=40, logz=-662.44, remainder_fraction=100.0000%, Lmin=-661.82, Lmax=-295.56
15:10:51 [ultranest] [DEBUG] iteration=320, ncalls=607, regioncalls=8280, ndraw=40, logz=-662.41, remainder_fraction=100.0000%, Lmin=-661.82, Lmax=-295.56
15:10:51 [ultranest] [DEBUG] iteration=339, ncalls=647, regioncalls=9880, ndraw=40, logz=-662.36, remainder_fraction=100.0000%, Lmin=-661.82, Lmax=-295.56
15:10:51 [ultranest] [DEBUG] iteration=355, ncalls=678, regioncalls=11120, ndraw=40, logz=-662.33, remainder_fraction=100.0000%, Lmin=-661.82, Lmax=-295.56
15:10:51 [ultranest] [DEBUG] iteration=360, ncalls=686, regioncalls=11440, ndraw=40, logz=-662.32, remainder_fraction=100.0000%, Lmin=-661.82, Lmax=-295.56
15:10:51 [ultranest] [DEBUG] iteration=377, ncalls=723, regioncalls=12920, ndraw=40, logz=-662.28, remainder_fraction=100.0000%, Lmin=-661.81, Lmax=-295.56
15:10:52 [ultranest] [DEBUG] iteration=393, ncalls=757, regioncalls=14280, ndraw=40, logz=-662.26, remainder_fraction=100.0000%, Lmin=-661.79, Lmax=-295.56
15:10:52 [ultranest] [DEBUG] iteration=400, ncalls=778, regioncalls=15120, ndraw=40, logz=-662.24, remainder_fraction=100.0000%, Lmin=-661.76, Lmax=-257.96
15:10:52 [ultranest] [DEBUG] iteration=414, ncalls=817, regioncalls=16680, ndraw=40, logz=-662.22, remainder_fraction=100.0000%, Lmin=-661.69, Lmax=-205.07
15:10:52 [ultranest] [DEBUG] iteration=431, ncalls=856, regioncalls=18240, ndraw=40, logz=-662.19, remainder_fraction=100.0000%, Lmin=-661.51, Lmax=-205.07
15:10:52 [ultranest] [DEBUG] iteration=440, ncalls=882, regioncalls=19280, ndraw=40, logz=-662.17, remainder_fraction=100.0000%, Lmin=-661.25, Lmax=-205.07
15:10:52 [ultranest] [DEBUG] iteration=450, ncalls=920, regioncalls=20800, ndraw=40, logz=-662.15, remainder_fraction=100.0000%, Lmin=-661.13, Lmax=-205.07
15:10:52 [ultranest] [DEBUG] iteration=462, ncalls=964, regioncalls=22560, ndraw=40, logz=-662.12, remainder_fraction=100.0000%, Lmin=-660.56, Lmax=-205.07
15:10:52 [ultranest] [DEBUG] iteration=475, ncalls=1005, regioncalls=24200, ndraw=40, logz=-662.06, remainder_fraction=100.0000%, Lmin=-660.20, Lmax=-205.07
15:10:52 [ultranest] [DEBUG] iteration=480, ncalls=1027, regioncalls=25080, ndraw=40, logz=-662.04, remainder_fraction=100.0000%, Lmin=-659.95, Lmax=-205.07
15:10:52 [ultranest] [DEBUG] iteration=495, ncalls=1056, regioncalls=26240, ndraw=40, logz=-661.89, remainder_fraction=100.0000%, Lmin=-658.53, Lmax=-201.15
15:10:52 [ultranest] [DEBUG] iteration=505, ncalls=1098, regioncalls=27920, ndraw=40, logz=-661.60, remainder_fraction=100.0000%, Lmin=-656.96, Lmax=-201.15
15:10:53 [ultranest] [DEBUG] iteration=515, ncalls=1147, regioncalls=29880, ndraw=40, logz=-660.79, remainder_fraction=100.0000%, Lmin=-655.42, Lmax=-201.15
15:10:53 [ultranest] [DEBUG] iteration=520, ncalls=1162, regioncalls=30480, ndraw=40, logz=-660.19, remainder_fraction=100.0000%, Lmin=-654.72, Lmax=-201.15
15:10:53 [ultranest] [DEBUG] iteration=531, ncalls=1198, regioncalls=31920, ndraw=40, logz=-658.40, remainder_fraction=100.0000%, Lmin=-651.84, Lmax=-201.15
15:10:53 [ultranest] [DEBUG] iteration=541, ncalls=1234, regioncalls=33360, ndraw=40, logz=-655.08, remainder_fraction=100.0000%, Lmin=-648.91, Lmax=-201.15
15:10:53 [ultranest] [DEBUG] iteration=556, ncalls=1275, regioncalls=35000, ndraw=40, logz=-650.57, remainder_fraction=100.0000%, Lmin=-644.22, Lmax=-201.15
15:10:53 [ultranest] [DEBUG] iteration=560, ncalls=1304, regioncalls=36160, ndraw=40, logz=-649.25, remainder_fraction=100.0000%, Lmin=-642.90, Lmax=-201.15
15:10:53 [ultranest] [DEBUG] iteration=571, ncalls=1348, regioncalls=37920, ndraw=40, logz=-645.76, remainder_fraction=100.0000%, Lmin=-639.10, Lmax=-201.15
15:10:53 [ultranest] [DEBUG] iteration=572, ncalls=1355, regioncalls=38200, ndraw=40, logz=-645.45, remainder_fraction=100.0000%, Lmin=-638.93, Lmax=-201.15
15:10:53 [ultranest] [DEBUG] iteration=580, ncalls=1393, regioncalls=39720, ndraw=40, logz=-641.21, remainder_fraction=100.0000%, Lmin=-634.29, Lmax=-92.84
15:10:53 [ultranest] [DEBUG] iteration=598, ncalls=1437, regioncalls=41480, ndraw=40, logz=-628.49, remainder_fraction=100.0000%, Lmin=-621.18, Lmax=-92.84
15:10:53 [ultranest] [DEBUG] iteration=600, ncalls=1442, regioncalls=41680, ndraw=40, logz=-627.59, remainder_fraction=100.0000%, Lmin=-617.25, Lmax=-92.84
15:10:53 [ultranest] [DEBUG] iteration=611, ncalls=1485, regioncalls=43400, ndraw=40, logz=-619.62, remainder_fraction=100.0000%, Lmin=-612.38, Lmax=-92.84
15:10:54 [ultranest] [DEBUG] iteration=618, ncalls=1531, regioncalls=45240, ndraw=40, logz=-615.51, remainder_fraction=100.0000%, Lmin=-608.56, Lmax=-92.84
15:10:54 [ultranest] [DEBUG] iteration=623, ncalls=1568, regioncalls=46720, ndraw=40, logz=-613.54, remainder_fraction=100.0000%, Lmin=-605.63, Lmax=-92.84
15:10:54 [ultranest] [DEBUG] iteration=636, ncalls=1613, regioncalls=48520, ndraw=40, logz=-606.21, remainder_fraction=100.0000%, Lmin=-599.18, Lmax=-69.61
15:10:54 [ultranest] [DEBUG] iteration=640, ncalls=1626, regioncalls=49040, ndraw=40, logz=-604.68, remainder_fraction=100.0000%, Lmin=-596.89, Lmax=-69.61
15:10:54 [ultranest] [DEBUG] iteration=650, ncalls=1670, regioncalls=50800, ndraw=40, logz=-595.29, remainder_fraction=100.0000%, Lmin=-586.86, Lmax=-69.61
15:10:54 [ultranest] [DEBUG] iteration=658, ncalls=1720, regioncalls=52800, ndraw=40, logz=-590.71, remainder_fraction=100.0000%, Lmin=-583.74, Lmax=-69.61
15:10:54 [ultranest] [DEBUG] iteration=668, ncalls=1756, regioncalls=54240, ndraw=40, logz=-581.27, remainder_fraction=100.0000%, Lmin=-573.63, Lmax=-69.61
15:10:54 [ultranest] [DEBUG] iteration=674, ncalls=1801, regioncalls=56040, ndraw=40, logz=-575.10, remainder_fraction=100.0000%, Lmin=-566.41, Lmax=-69.61
15:10:54 [ultranest] [DEBUG] iteration=680, ncalls=1840, regioncalls=57600, ndraw=40, logz=-571.25, remainder_fraction=100.0000%, Lmin=-563.36, Lmax=-69.61
15:10:54 [ultranest] [DEBUG] iteration=688, ncalls=1884, regioncalls=59360, ndraw=40, logz=-567.65, remainder_fraction=100.0000%, Lmin=-559.34, Lmax=-69.61
15:10:55 [ultranest] [DEBUG] iteration=695, ncalls=1928, regioncalls=61120, ndraw=40, logz=-561.74, remainder_fraction=100.0000%, Lmin=-553.55, Lmax=-69.61
15:10:55 [ultranest] [DEBUG] iteration=704, ncalls=1978, regioncalls=63120, ndraw=40, logz=-557.59, remainder_fraction=100.0000%, Lmin=-549.31, Lmax=-69.61
15:10:55 [ultranest] [DEBUG] iteration=710, ncalls=2002, regioncalls=64080, ndraw=40, logz=-553.27, remainder_fraction=100.0000%, Lmin=-545.30, Lmax=-69.61
15:10:55 [ultranest] [DEBUG] iteration=719, ncalls=2038, regioncalls=65520, ndraw=40, logz=-546.06, remainder_fraction=100.0000%, Lmin=-537.48, Lmax=-69.61
15:10:55 [ultranest] [DEBUG] iteration=720, ncalls=2041, regioncalls=65640, ndraw=40, logz=-545.28, remainder_fraction=100.0000%, Lmin=-536.26, Lmax=-69.61
15:10:55 [ultranest] [DEBUG] iteration=727, ncalls=2085, regioncalls=67400, ndraw=40, logz=-541.66, remainder_fraction=100.0000%, Lmin=-534.46, Lmax=-69.61
15:10:55 [ultranest] [DEBUG] iteration=739, ncalls=2128, regioncalls=69120, ndraw=40, logz=-533.63, remainder_fraction=100.0000%, Lmin=-524.36, Lmax=-69.61
15:10:55 [ultranest] [DEBUG] iteration=746, ncalls=2173, regioncalls=70920, ndraw=40, logz=-529.94, remainder_fraction=100.0000%, Lmin=-520.64, Lmax=-69.61
15:10:55 [ultranest] [DEBUG] iteration=753, ncalls=2216, regioncalls=72640, ndraw=40, logz=-525.45, remainder_fraction=100.0000%, Lmin=-517.61, Lmax=-69.61
15:10:55 [ultranest] [DEBUG] iteration=760, ncalls=2247, regioncalls=73880, ndraw=40, logz=-522.52, remainder_fraction=100.0000%, Lmin=-514.58, Lmax=-69.61
15:10:55 [ultranest] [DEBUG] iteration=765, ncalls=2288, regioncalls=75520, ndraw=40, logz=-519.46, remainder_fraction=100.0000%, Lmin=-509.83, Lmax=-69.61
15:10:56 [ultranest] [DEBUG] iteration=772, ncalls=2338, regioncalls=77520, ndraw=40, logz=-514.24, remainder_fraction=100.0000%, Lmin=-505.90, Lmax=-69.61
15:10:56 [ultranest] [DEBUG] iteration=780, ncalls=2384, regioncalls=79360, ndraw=40, logz=-505.69, remainder_fraction=100.0000%, Lmin=-496.25, Lmax=-69.61
15:10:56 [ultranest] [DEBUG] iteration=784, ncalls=2431, regioncalls=81240, ndraw=40, logz=-501.89, remainder_fraction=100.0000%, Lmin=-493.33, Lmax=-69.61
15:10:56 [ultranest] [DEBUG] iteration=794, ncalls=2489, regioncalls=83560, ndraw=40, logz=-495.53, remainder_fraction=100.0000%, Lmin=-487.46, Lmax=-69.61
15:10:56 [ultranest] [DEBUG] iteration=800, ncalls=2535, regioncalls=85400, ndraw=40, logz=-492.18, remainder_fraction=100.0000%, Lmin=-483.98, Lmax=-69.61
15:10:56 [ultranest] [DEBUG] iteration=806, ncalls=2589, regioncalls=87560, ndraw=40, logz=-490.01, remainder_fraction=100.0000%, Lmin=-482.22, Lmax=-69.61
15:10:56 [ultranest] [DEBUG] iteration=810, ncalls=2637, regioncalls=89480, ndraw=40, logz=-488.74, remainder_fraction=100.0000%, Lmin=-480.38, Lmax=-69.61
15:10:56 [ultranest] [DEBUG] iteration=816, ncalls=2686, regioncalls=91440, ndraw=40, logz=-485.72, remainder_fraction=100.0000%, Lmin=-477.35, Lmax=-69.61
15:10:57 [ultranest] [DEBUG] iteration=824, ncalls=2731, regioncalls=93240, ndraw=40, logz=-480.92, remainder_fraction=100.0000%, Lmin=-472.50, Lmax=-69.61
15:10:57 [ultranest] [DEBUG] iteration=830, ncalls=2775, regioncalls=95000, ndraw=40, logz=-478.79, remainder_fraction=100.0000%, Lmin=-470.91, Lmax=-69.61
15:10:57 [ultranest] [DEBUG] iteration=838, ncalls=2822, regioncalls=96880, ndraw=40, logz=-472.59, remainder_fraction=100.0000%, Lmin=-462.54, Lmax=-69.61
15:10:57 [ultranest] [DEBUG] iteration=840, ncalls=2850, regioncalls=98000, ndraw=40, logz=-470.47, remainder_fraction=100.0000%, Lmin=-461.57, Lmax=-69.61
15:10:57 [ultranest] [DEBUG] iteration=846, ncalls=2923, regioncalls=100920, ndraw=40, logz=-467.41, remainder_fraction=100.0000%, Lmin=-458.43, Lmax=-69.61
15:10:57 [ultranest] [DEBUG] iteration=848, ncalls=2937, regioncalls=101480, ndraw=40, logz=-464.71, remainder_fraction=100.0000%, Lmin=-455.59, Lmax=-69.61
15:10:57 [ultranest] [DEBUG] iteration=853, ncalls=2982, regioncalls=103280, ndraw=40, logz=-459.53, remainder_fraction=100.0000%, Lmin=-450.24, Lmax=-69.61
15:10:57 [ultranest] [DEBUG] iteration=857, ncalls=3034, regioncalls=105360, ndraw=40, logz=-455.28, remainder_fraction=100.0000%, Lmin=-445.32, Lmax=-69.61
15:10:57 [ultranest] [DEBUG] iteration=859, ncalls=3091, regioncalls=107640, ndraw=40, logz=-453.25, remainder_fraction=100.0000%, Lmin=-444.59, Lmax=-69.61
15:10:57 [ultranest] [DEBUG] iteration=862, ncalls=3137, regioncalls=109480, ndraw=40, logz=-451.32, remainder_fraction=100.0000%, Lmin=-442.71, Lmax=-69.61
15:10:58 [ultranest] [DEBUG] iteration=866, ncalls=3183, regioncalls=111320, ndraw=40, logz=-449.60, remainder_fraction=100.0000%, Lmin=-440.90, Lmax=-69.61
15:10:58 [ultranest] [DEBUG] iteration=869, ncalls=3237, regioncalls=113480, ndraw=40, logz=-448.17, remainder_fraction=100.0000%, Lmin=-439.83, Lmax=-69.61
15:10:58 [ultranest] [DEBUG] iteration=874, ncalls=3282, regioncalls=115280, ndraw=40, logz=-445.89, remainder_fraction=100.0000%, Lmin=-437.08, Lmax=-69.61
15:10:58 [ultranest] [DEBUG] iteration=880, ncalls=3322, regioncalls=116880, ndraw=40, logz=-443.23, remainder_fraction=100.0000%, Lmin=-434.75, Lmax=-69.61
15:10:58 [ultranest] [DEBUG] iteration=886, ncalls=3372, regioncalls=118880, ndraw=40, logz=-441.29, remainder_fraction=100.0000%, Lmin=-433.33, Lmax=-69.61
15:10:58 [ultranest] [DEBUG] iteration=892, ncalls=3420, regioncalls=120800, ndraw=40, logz=-438.61, remainder_fraction=100.0000%, Lmin=-430.15, Lmax=-69.61
15:10:58 [ultranest] [DEBUG] iteration=894, ncalls=3433, regioncalls=121320, ndraw=40, logz=-436.48, remainder_fraction=100.0000%, Lmin=-427.08, Lmax=-69.61
15:10:58 [ultranest] [DEBUG] iteration=899, ncalls=3475, regioncalls=123000, ndraw=40, logz=-433.76, remainder_fraction=100.0000%, Lmin=-424.96, Lmax=-69.61
15:10:58 [ultranest] [DEBUG] iteration=905, ncalls=3530, regioncalls=125200, ndraw=40, logz=-430.12, remainder_fraction=100.0000%, Lmin=-421.18, Lmax=-69.61
15:10:59 [ultranest] [DEBUG] iteration=915, ncalls=3572, regioncalls=126880, ndraw=40, logz=-426.61, remainder_fraction=100.0000%, Lmin=-418.65, Lmax=-69.61
15:10:59 [ultranest] [DEBUG] iteration=920, ncalls=3618, regioncalls=128760, ndraw=40, logz=-425.29, remainder_fraction=100.0000%, Lmin=-417.03, Lmax=-69.61
15:10:59 [ultranest] [DEBUG] iteration=927, ncalls=3660, regioncalls=130440, ndraw=40, logz=-423.42, remainder_fraction=100.0000%, Lmin=-414.69, Lmax=-69.61
15:10:59 [ultranest] [DEBUG] iteration=932, ncalls=3706, regioncalls=132280, ndraw=40, logz=-421.32, remainder_fraction=100.0000%, Lmin=-412.47, Lmax=-69.61
15:10:59 [ultranest] [DEBUG] iteration=937, ncalls=3754, regioncalls=134200, ndraw=40, logz=-419.81, remainder_fraction=100.0000%, Lmin=-411.20, Lmax=-69.61
15:10:59 [ultranest] [DEBUG] iteration=942, ncalls=3805, regioncalls=136240, ndraw=40, logz=-418.16, remainder_fraction=100.0000%, Lmin=-409.24, Lmax=-69.61
15:10:59 [ultranest] [DEBUG] iteration=945, ncalls=3877, regioncalls=139120, ndraw=40, logz=-417.11, remainder_fraction=100.0000%, Lmin=-408.87, Lmax=-69.61
15:10:59 [ultranest] [DEBUG] iteration=946, ncalls=3927, regioncalls=141120, ndraw=40, logz=-416.86, remainder_fraction=100.0000%, Lmin=-407.75, Lmax=-69.61
15:10:59 [ultranest] [DEBUG] iteration=951, ncalls=3977, regioncalls=143120, ndraw=40, logz=-415.06, remainder_fraction=100.0000%, Lmin=-406.98, Lmax=-69.61
15:11:00 [ultranest] [DEBUG] iteration=956, ncalls=4026, regioncalls=145080, ndraw=40, logz=-414.10, remainder_fraction=100.0000%, Lmin=-406.10, Lmax=-69.61
15:11:00 [ultranest] [DEBUG] iteration=959, ncalls=4094, regioncalls=147800, ndraw=40, logz=-413.59, remainder_fraction=100.0000%, Lmin=-405.57, Lmax=-69.61
15:11:00 [ultranest] [DEBUG] iteration=960, ncalls=4099, regioncalls=148000, ndraw=40, logz=-413.40, remainder_fraction=100.0000%, Lmin=-405.42, Lmax=-69.61
15:11:00 [ultranest] [DEBUG] iteration=965, ncalls=4159, regioncalls=150400, ndraw=40, logz=-412.44, remainder_fraction=100.0000%, Lmin=-404.42, Lmax=-69.61
15:11:00 [ultranest] [DEBUG] iteration=969, ncalls=4210, regioncalls=152440, ndraw=40, logz=-411.45, remainder_fraction=100.0000%, Lmin=-403.15, Lmax=-69.61
15:11:00 [ultranest] [DEBUG] iteration=972, ncalls=4273, regioncalls=154960, ndraw=40, logz=-410.80, remainder_fraction=100.0000%, Lmin=-402.37, Lmax=-69.61
15:11:00 [ultranest] [DEBUG] iteration=977, ncalls=4326, regioncalls=157080, ndraw=40, logz=-409.37, remainder_fraction=100.0000%, Lmin=-400.87, Lmax=-69.61
15:11:00 [ultranest] [DEBUG] iteration=980, ncalls=4376, regioncalls=159080, ndraw=40, logz=-407.51, remainder_fraction=100.0000%, Lmin=-398.35, Lmax=-69.61
15:11:00 [ultranest] [DEBUG] iteration=982, ncalls=4426, regioncalls=161080, ndraw=40, logz=-406.38, remainder_fraction=100.0000%, Lmin=-397.36, Lmax=-69.61
15:11:01 [ultranest] [DEBUG] iteration=987, ncalls=4464, regioncalls=162600, ndraw=40, logz=-404.94, remainder_fraction=100.0000%, Lmin=-396.71, Lmax=-69.61
15:11:01 [ultranest] [DEBUG] iteration=995, ncalls=4527, regioncalls=165120, ndraw=40, logz=-402.90, remainder_fraction=100.0000%, Lmin=-393.67, Lmax=-69.61
15:11:02 [ultranest] [DEBUG] iteration=996, ncalls=4580, regioncalls=167240, ndraw=40, logz=-402.43, remainder_fraction=100.0000%, Lmin=-393.43, Lmax=-69.61
15:11:03 [ultranest] [DEBUG] iteration=997, ncalls=4613, regioncalls=168560, ndraw=40, logz=-402.05, remainder_fraction=100.0000%, Lmin=-393.27, Lmax=-69.61
15:11:03 [ultranest] [DEBUG] iteration=999, ncalls=4631, regioncalls=169280, ndraw=40, logz=-401.46, remainder_fraction=100.0000%, Lmin=-393.02, Lmax=-69.61
15:11:03 [ultranest] [DEBUG] iteration=1000, ncalls=4652, regioncalls=170120, ndraw=40, logz=-401.23, remainder_fraction=100.0000%, Lmin=-392.78, Lmax=-69.61
15:11:04 [ultranest] [DEBUG] iteration=1001, ncalls=4669, regioncalls=170800, ndraw=40, logz=-400.99, remainder_fraction=100.0000%, Lmin=-392.50, Lmax=-69.61
15:11:04 [ultranest] [DEBUG] iteration=1003, ncalls=4699, regioncalls=172000, ndraw=40, logz=-400.48, remainder_fraction=100.0000%, Lmin=-391.88, Lmax=-69.61
15:11:05 [ultranest] [DEBUG] iteration=1004, ncalls=4765, regioncalls=174640, ndraw=40, logz=-400.22, remainder_fraction=100.0000%, Lmin=-391.02, Lmax=-69.61
15:11:06 [ultranest] [DEBUG] iteration=1006, ncalls=4778, regioncalls=175160, ndraw=40, logz=-399.45, remainder_fraction=100.0000%, Lmin=-390.69, Lmax=-69.61
15:11:06 [ultranest] [DEBUG] iteration=1008, ncalls=4791, regioncalls=175680, ndraw=40, logz=-398.86, remainder_fraction=100.0000%, Lmin=-390.11, Lmax=-69.61
15:11:06 [ultranest] [DEBUG] iteration=1009, ncalls=4805, regioncalls=176240, ndraw=40, logz=-398.56, remainder_fraction=100.0000%, Lmin=-390.04, Lmax=-69.61
15:11:07 [ultranest] [DEBUG] iteration=1011, ncalls=4851, regioncalls=178080, ndraw=40, logz=-398.13, remainder_fraction=100.0000%, Lmin=-389.25, Lmax=-69.61
15:11:07 [ultranest] [DEBUG] iteration=1014, ncalls=4917, regioncalls=180720, ndraw=40, logz=-397.17, remainder_fraction=100.0000%, Lmin=-388.38, Lmax=-69.61
15:11:07 [ultranest] [DEBUG] iteration=1019, ncalls=4962, regioncalls=182520, ndraw=40, logz=-395.38, remainder_fraction=100.0000%, Lmin=-386.38, Lmax=-69.61
15:11:07 [ultranest] [DEBUG] iteration=1024, ncalls=5005, regioncalls=184240, ndraw=40, logz=-394.07, remainder_fraction=100.0000%, Lmin=-385.80, Lmax=-69.61
15:11:07 [ultranest] [DEBUG] iteration=1029, ncalls=5056, regioncalls=186280, ndraw=40, logz=-393.16, remainder_fraction=100.0000%, Lmin=-385.09, Lmax=-69.61
15:11:07 [ultranest] [DEBUG] iteration=1033, ncalls=5131, regioncalls=189280, ndraw=40, logz=-392.49, remainder_fraction=100.0000%, Lmin=-384.06, Lmax=-69.61
15:11:08 [ultranest] [DEBUG] iteration=1037, ncalls=5176, regioncalls=191080, ndraw=40, logz=-391.47, remainder_fraction=100.0000%, Lmin=-382.66, Lmax=-69.61
15:11:08 [ultranest] [DEBUG] iteration=1040, ncalls=5217, regioncalls=192720, ndraw=40, logz=-390.66, remainder_fraction=100.0000%, Lmin=-381.94, Lmax=-69.61
15:11:08 [ultranest] [DEBUG] iteration=1044, ncalls=5262, regioncalls=194520, ndraw=40, logz=-389.87, remainder_fraction=100.0000%, Lmin=-381.70, Lmax=-69.61
15:11:08 [ultranest] [DEBUG] iteration=1047, ncalls=5312, regioncalls=196520, ndraw=40, logz=-389.06, remainder_fraction=100.0000%, Lmin=-379.97, Lmax=-69.61
15:11:08 [ultranest] [DEBUG] iteration=1054, ncalls=5400, regioncalls=200040, ndraw=40, logz=-386.55, remainder_fraction=100.0000%, Lmin=-377.89, Lmax=-55.04
15:11:08 [ultranest] [DEBUG] iteration=1059, ncalls=5454, regioncalls=202200, ndraw=40, logz=-385.04, remainder_fraction=100.0000%, Lmin=-376.22, Lmax=-55.04
15:11:08 [ultranest] [DEBUG] iteration=1061, ncalls=5530, regioncalls=205240, ndraw=40, logz=-384.53, remainder_fraction=100.0000%, Lmin=-375.74, Lmax=-55.04
15:11:08 [ultranest] [DEBUG] iteration=1067, ncalls=5573, regioncalls=206960, ndraw=40, logz=-383.32, remainder_fraction=100.0000%, Lmin=-374.15, Lmax=-55.04
15:11:09 [ultranest] [DEBUG] iteration=1072, ncalls=5629, regioncalls=209200, ndraw=40, logz=-381.87, remainder_fraction=100.0000%, Lmin=-372.82, Lmax=-55.04
15:11:09 [ultranest] [DEBUG] iteration=1076, ncalls=5690, regioncalls=211640, ndraw=40, logz=-380.91, remainder_fraction=100.0000%, Lmin=-372.29, Lmax=-55.04
15:11:09 [ultranest] [DEBUG] iteration=1077, ncalls=5741, regioncalls=213680, ndraw=40, logz=-380.71, remainder_fraction=100.0000%, Lmin=-372.23, Lmax=-55.04
15:11:09 [ultranest] [DEBUG] iteration=1078, ncalls=5789, regioncalls=215600, ndraw=40, logz=-380.54, remainder_fraction=100.0000%, Lmin=-371.69, Lmax=-55.04
15:11:09 [ultranest] [DEBUG] iteration=1080, ncalls=5795, regioncalls=215840, ndraw=40, logz=-379.95, remainder_fraction=100.0000%, Lmin=-370.36, Lmax=-55.04
15:11:09 [ultranest] [DEBUG] iteration=1086, ncalls=5950, regioncalls=222040, ndraw=40, logz=-378.18, remainder_fraction=100.0000%, Lmin=-369.59, Lmax=-55.04
15:11:09 [ultranest] [DEBUG] iteration=1089, ncalls=6015, regioncalls=224640, ndraw=40, logz=-377.67, remainder_fraction=100.0000%, Lmin=-368.86, Lmax=-55.04
15:11:10 [ultranest] [DEBUG] iteration=1093, ncalls=6087, regioncalls=227520, ndraw=40, logz=-376.82, remainder_fraction=100.0000%, Lmin=-367.56, Lmax=-55.04
15:11:10 [ultranest] [DEBUG] iteration=1096, ncalls=6132, regioncalls=229320, ndraw=40, logz=-376.01, remainder_fraction=100.0000%, Lmin=-367.41, Lmax=-55.04
15:11:10 [ultranest] [DEBUG] iteration=1099, ncalls=6222, regioncalls=232920, ndraw=40, logz=-375.34, remainder_fraction=100.0000%, Lmin=-366.36, Lmax=-55.04
15:11:10 [ultranest] [DEBUG] iteration=1102, ncalls=6288, regioncalls=235640, ndraw=40, logz=-374.46, remainder_fraction=100.0000%, Lmin=-364.83, Lmax=-55.04
15:11:10 [ultranest] [DEBUG] iteration=1105, ncalls=6334, regioncalls=237480, ndraw=40, logz=-373.46, remainder_fraction=100.0000%, Lmin=-364.35, Lmax=-55.04
15:11:10 [ultranest] [DEBUG] iteration=1108, ncalls=6391, regioncalls=239760, ndraw=40, logz=-372.67, remainder_fraction=100.0000%, Lmin=-363.04, Lmax=-55.04
15:11:10 [ultranest] [DEBUG] iteration=1113, ncalls=6442, regioncalls=241800, ndraw=40, logz=-370.68, remainder_fraction=100.0000%, Lmin=-361.13, Lmax=-55.04
15:11:11 [ultranest] [DEBUG] iteration=1116, ncalls=6520, regioncalls=244920, ndraw=40, logz=-369.77, remainder_fraction=100.0000%, Lmin=-360.85, Lmax=-55.04
15:11:11 [ultranest] [DEBUG] iteration=1120, ncalls=6554, regioncalls=246280, ndraw=40, logz=-368.52, remainder_fraction=100.0000%, Lmin=-359.24, Lmax=-55.04
15:11:11 [ultranest] [DEBUG] iteration=1123, ncalls=6615, regioncalls=248720, ndraw=40, logz=-367.64, remainder_fraction=100.0000%, Lmin=-358.35, Lmax=-55.04
15:11:11 [ultranest] [DEBUG] iteration=1124, ncalls=6632, regioncalls=249480, ndraw=40, logz=-367.35, remainder_fraction=100.0000%, Lmin=-358.22, Lmax=-55.04
15:11:11 [ultranest] [DEBUG] iteration=1129, ncalls=6673, regioncalls=251120, ndraw=40, logz=-365.84, remainder_fraction=100.0000%, Lmin=-356.55, Lmax=-55.04
15:11:11 [ultranest] [DEBUG] iteration=1135, ncalls=6727, regioncalls=253280, ndraw=40, logz=-363.66, remainder_fraction=100.0000%, Lmin=-354.43, Lmax=-55.04
15:11:11 [ultranest] [DEBUG] iteration=1138, ncalls=6780, regioncalls=255400, ndraw=40, logz=-362.78, remainder_fraction=100.0000%, Lmin=-353.48, Lmax=-55.04
15:11:11 [ultranest] [DEBUG] iteration=1142, ncalls=6831, regioncalls=257440, ndraw=40, logz=-361.95, remainder_fraction=100.0000%, Lmin=-353.21, Lmax=-55.04
15:11:11 [ultranest] [DEBUG] iteration=1149, ncalls=6888, regioncalls=259720, ndraw=40, logz=-361.00, remainder_fraction=100.0000%, Lmin=-352.49, Lmax=-54.38
15:11:12 [ultranest] [DEBUG] iteration=1154, ncalls=6941, regioncalls=261840, ndraw=40, logz=-359.79, remainder_fraction=100.0000%, Lmin=-350.32, Lmax=-54.38
15:11:12 [ultranest] [DEBUG] iteration=1157, ncalls=7002, regioncalls=264280, ndraw=40, logz=-358.97, remainder_fraction=100.0000%, Lmin=-349.62, Lmax=-54.38
15:11:12 [ultranest] [DEBUG] iteration=1160, ncalls=7046, regioncalls=266040, ndraw=40, logz=-358.18, remainder_fraction=100.0000%, Lmin=-349.13, Lmax=-54.38
15:11:12 [ultranest] [DEBUG] iteration=1166, ncalls=7097, regioncalls=268080, ndraw=40, logz=-356.62, remainder_fraction=100.0000%, Lmin=-347.04, Lmax=-54.38
15:11:12 [ultranest] [DEBUG] iteration=1170, ncalls=7117, regioncalls=268960, ndraw=40, logz=-353.92, remainder_fraction=100.0000%, Lmin=-343.63, Lmax=-54.38
15:11:12 [ultranest] [DEBUG] iteration=1174, ncalls=7157, regioncalls=270560, ndraw=40, logz=-352.18, remainder_fraction=100.0000%, Lmin=-342.78, Lmax=-54.38
15:11:12 [ultranest] [DEBUG] iteration=1178, ncalls=7207, regioncalls=272560, ndraw=40, logz=-351.16, remainder_fraction=100.0000%, Lmin=-341.90, Lmax=-54.38
15:11:12 [ultranest] [DEBUG] iteration=1183, ncalls=7264, regioncalls=274840, ndraw=40, logz=-349.99, remainder_fraction=100.0000%, Lmin=-340.91, Lmax=-54.38
15:11:12 [ultranest] [DEBUG] iteration=1185, ncalls=7315, regioncalls=276880, ndraw=40, logz=-349.61, remainder_fraction=100.0000%, Lmin=-340.61, Lmax=-54.38
15:11:13 [ultranest] [DEBUG] iteration=1187, ncalls=7388, regioncalls=279800, ndraw=40, logz=-349.27, remainder_fraction=100.0000%, Lmin=-340.06, Lmax=-54.38
15:11:13 [ultranest] [DEBUG] iteration=1190, ncalls=7453, regioncalls=282400, ndraw=40, logz=-348.59, remainder_fraction=100.0000%, Lmin=-339.31, Lmax=-54.38
15:11:13 [ultranest] [DEBUG] iteration=1195, ncalls=7505, regioncalls=284480, ndraw=40, logz=-347.48, remainder_fraction=100.0000%, Lmin=-338.39, Lmax=-54.38
15:11:13 [ultranest] [DEBUG] iteration=1200, ncalls=7549, regioncalls=286240, ndraw=40, logz=-346.62, remainder_fraction=100.0000%, Lmin=-337.73, Lmax=-54.38
15:11:13 [ultranest] [DEBUG] iteration=1207, ncalls=7612, regioncalls=288760, ndraw=40, logz=-345.76, remainder_fraction=100.0000%, Lmin=-337.24, Lmax=-54.38
15:11:13 [ultranest] [DEBUG] iteration=1214, ncalls=7690, regioncalls=291880, ndraw=40, logz=-344.81, remainder_fraction=100.0000%, Lmin=-335.85, Lmax=-54.38
15:11:13 [ultranest] [DEBUG] iteration=1217, ncalls=7727, regioncalls=293360, ndraw=40, logz=-344.24, remainder_fraction=100.0000%, Lmin=-335.03, Lmax=-54.38
15:11:13 [ultranest] [DEBUG] iteration=1223, ncalls=7777, regioncalls=295400, ndraw=40, logz=-342.70, remainder_fraction=100.0000%, Lmin=-333.11, Lmax=-54.38
15:11:14 [ultranest] [DEBUG] iteration=1228, ncalls=7827, regioncalls=297400, ndraw=40, logz=-341.68, remainder_fraction=100.0000%, Lmin=-332.20, Lmax=-54.38
15:11:14 [ultranest] [DEBUG] iteration=1234, ncalls=7870, regioncalls=299160, ndraw=40, logz=-340.20, remainder_fraction=100.0000%, Lmin=-329.98, Lmax=-54.38
15:11:14 [ultranest] [DEBUG] iteration=1240, ncalls=7903, regioncalls=300480, ndraw=40, logz=-338.02, remainder_fraction=100.0000%, Lmin=-328.41, Lmax=-54.38
15:11:14 [ultranest] [DEBUG] iteration=1245, ncalls=7948, regioncalls=302280, ndraw=40, logz=-336.86, remainder_fraction=100.0000%, Lmin=-326.99, Lmax=-54.38
15:11:14 [ultranest] [DEBUG] iteration=1254, ncalls=7992, regioncalls=304040, ndraw=40, logz=-334.20, remainder_fraction=100.0000%, Lmin=-323.89, Lmax=-54.38
15:11:14 [ultranest] [DEBUG] iteration=1262, ncalls=8029, regioncalls=305560, ndraw=40, logz=-328.75, remainder_fraction=100.0000%, Lmin=-318.10, Lmax=-54.38
15:11:14 [ultranest] [DEBUG] iteration=1269, ncalls=8080, regioncalls=307600, ndraw=40, logz=-323.08, remainder_fraction=100.0000%, Lmin=-312.25, Lmax=-54.38
15:11:14 [ultranest] [DEBUG] iteration=1276, ncalls=8126, regioncalls=309440, ndraw=40, logz=-318.76, remainder_fraction=100.0000%, Lmin=-307.61, Lmax=-54.38
15:11:14 [ultranest] [DEBUG] iteration=1280, ncalls=8148, regioncalls=310320, ndraw=40, logz=-316.45, remainder_fraction=100.0000%, Lmin=-306.44, Lmax=-50.40
15:11:14 [ultranest] [DEBUG] iteration=1284, ncalls=8195, regioncalls=312200, ndraw=40, logz=-314.00, remainder_fraction=100.0000%, Lmin=-303.59, Lmax=-50.40
15:11:15 [ultranest] [DEBUG] iteration=1292, ncalls=8239, regioncalls=313960, ndraw=40, logz=-311.23, remainder_fraction=100.0000%, Lmin=-299.72, Lmax=-50.40
15:11:15 [ultranest] [DEBUG] iteration=1300, ncalls=8283, regioncalls=315720, ndraw=40, logz=-306.46, remainder_fraction=100.0000%, Lmin=-296.00, Lmax=-50.40
15:11:15 [ultranest] [DEBUG] iteration=1308, ncalls=8323, regioncalls=317320, ndraw=40, logz=-302.93, remainder_fraction=100.0000%, Lmin=-291.81, Lmax=-50.40
15:11:15 [ultranest] [DEBUG] iteration=1316, ncalls=8368, regioncalls=319120, ndraw=40, logz=-298.70, remainder_fraction=100.0000%, Lmin=-287.39, Lmax=-50.40
15:11:15 [ultranest] [DEBUG] iteration=1320, ncalls=8405, regioncalls=320600, ndraw=40, logz=-296.41, remainder_fraction=100.0000%, Lmin=-284.91, Lmax=-50.40
15:11:15 [ultranest] [DEBUG] iteration=1329, ncalls=8451, regioncalls=322440, ndraw=40, logz=-290.64, remainder_fraction=100.0000%, Lmin=-278.33, Lmax=-50.40
15:11:15 [ultranest] [DEBUG] iteration=1338, ncalls=8503, regioncalls=324520, ndraw=40, logz=-285.77, remainder_fraction=100.0000%, Lmin=-274.51, Lmax=-50.40
15:11:15 [ultranest] [DEBUG] iteration=1345, ncalls=8550, regioncalls=326400, ndraw=40, logz=-281.98, remainder_fraction=100.0000%, Lmin=-271.95, Lmax=-50.40
15:11:15 [ultranest] [DEBUG] iteration=1352, ncalls=8620, regioncalls=329200, ndraw=40, logz=-280.15, remainder_fraction=100.0000%, Lmin=-269.84, Lmax=-50.40
15:11:16 [ultranest] [DEBUG] iteration=1354, ncalls=8643, regioncalls=330240, ndraw=40, logz=-279.61, remainder_fraction=100.0000%, Lmin=-269.42, Lmax=-50.40
15:11:16 [ultranest] [DEBUG] iteration=1360, ncalls=8667, regioncalls=331280, ndraw=40, logz=-276.79, remainder_fraction=100.0000%, Lmin=-265.52, Lmax=-50.40
15:11:16 [ultranest] [DEBUG] iteration=1365, ncalls=8709, regioncalls=332960, ndraw=40, logz=-274.60, remainder_fraction=100.0000%, Lmin=-264.20, Lmax=-50.40
15:11:16 [ultranest] [DEBUG] iteration=1373, ncalls=8758, regioncalls=334920, ndraw=40, logz=-270.09, remainder_fraction=100.0000%, Lmin=-258.48, Lmax=-50.40
15:11:16 [ultranest] [DEBUG] iteration=1382, ncalls=8812, regioncalls=337080, ndraw=40, logz=-266.21, remainder_fraction=100.0000%, Lmin=-255.67, Lmax=-50.40
15:11:16 [ultranest] [DEBUG] iteration=1392, ncalls=8853, regioncalls=338720, ndraw=40, logz=-260.75, remainder_fraction=100.0000%, Lmin=-250.25, Lmax=-50.40
15:11:16 [ultranest] [DEBUG] iteration=1397, ncalls=8900, regioncalls=340600, ndraw=40, logz=-258.34, remainder_fraction=100.0000%, Lmin=-247.51, Lmax=-50.40
15:11:16 [ultranest] [DEBUG] iteration=1400, ncalls=8906, regioncalls=340880, ndraw=40, logz=-257.47, remainder_fraction=100.0000%, Lmin=-246.15, Lmax=-50.40
15:11:16 [ultranest] [DEBUG] iteration=1412, ncalls=8950, regioncalls=342640, ndraw=40, logz=-252.94, remainder_fraction=100.0000%, Lmin=-240.80, Lmax=-49.17
15:11:16 [ultranest] [DEBUG] iteration=1424, ncalls=8994, regioncalls=344400, ndraw=40, logz=-246.67, remainder_fraction=100.0000%, Lmin=-236.13, Lmax=-49.17
15:11:17 [ultranest] [DEBUG] iteration=1432, ncalls=9037, regioncalls=346120, ndraw=40, logz=-244.50, remainder_fraction=100.0000%, Lmin=-233.56, Lmax=-49.17
15:11:17 [ultranest] [DEBUG] iteration=1440, ncalls=9069, regioncalls=347400, ndraw=40, logz=-239.57, remainder_fraction=100.0000%, Lmin=-228.14, Lmax=-49.17
15:11:17 [ultranest] [DEBUG] iteration=1447, ncalls=9108, regioncalls=348960, ndraw=40, logz=-236.34, remainder_fraction=100.0000%, Lmin=-224.61, Lmax=-49.17
15:11:17 [ultranest] [DEBUG] iteration=1453, ncalls=9144, regioncalls=350400, ndraw=40, logz=-232.68, remainder_fraction=100.0000%, Lmin=-221.08, Lmax=-49.17
15:11:17 [ultranest] [DEBUG] iteration=1459, ncalls=9187, regioncalls=352120, ndraw=40, logz=-230.22, remainder_fraction=100.0000%, Lmin=-218.39, Lmax=-49.17
15:11:17 [ultranest] [DEBUG] iteration=1471, ncalls=9233, regioncalls=353960, ndraw=40, logz=-224.33, remainder_fraction=100.0000%, Lmin=-212.98, Lmax=-49.17
15:11:17 [ultranest] [DEBUG] iteration=1480, ncalls=9282, regioncalls=355920, ndraw=40, logz=-218.76, remainder_fraction=100.0000%, Lmin=-207.67, Lmax=-49.17
15:11:17 [ultranest] [DEBUG] iteration=1489, ncalls=9324, regioncalls=357600, ndraw=40, logz=-215.66, remainder_fraction=100.0000%, Lmin=-204.31, Lmax=-49.17
15:11:17 [ultranest] [DEBUG] iteration=1492, ncalls=9346, regioncalls=358520, ndraw=40, logz=-214.59, remainder_fraction=100.0000%, Lmin=-203.59, Lmax=-49.17
15:11:17 [ultranest] [DEBUG] iteration=1498, ncalls=9379, regioncalls=359840, ndraw=40, logz=-212.59, remainder_fraction=100.0000%, Lmin=-201.15, Lmax=-49.17
15:11:18 [ultranest] [DEBUG] iteration=1505, ncalls=9425, regioncalls=361720, ndraw=40, logz=-209.94, remainder_fraction=100.0000%, Lmin=-198.80, Lmax=-49.17
15:11:18 [ultranest] [DEBUG] iteration=1510, ncalls=9475, regioncalls=363720, ndraw=40, logz=-208.80, remainder_fraction=100.0000%, Lmin=-198.25, Lmax=-49.17
15:11:18 [ultranest] [DEBUG] iteration=1515, ncalls=9524, regioncalls=365680, ndraw=40, logz=-207.45, remainder_fraction=100.0000%, Lmin=-196.27, Lmax=-49.17
15:11:18 [ultranest] [DEBUG] iteration=1520, ncalls=9536, regioncalls=366160, ndraw=40, logz=-206.36, remainder_fraction=100.0000%, Lmin=-195.72, Lmax=-49.17
15:11:18 [ultranest] [DEBUG] iteration=1533, ncalls=9577, regioncalls=367800, ndraw=40, logz=-203.54, remainder_fraction=100.0000%, Lmin=-192.93, Lmax=-49.17
15:11:18 [ultranest] [DEBUG] iteration=1538, ncalls=9603, regioncalls=368880, ndraw=40, logz=-202.60, remainder_fraction=100.0000%, Lmin=-190.04, Lmax=-49.17
15:11:18 [ultranest] [DEBUG] iteration=1546, ncalls=9639, regioncalls=370320, ndraw=40, logz=-197.31, remainder_fraction=100.0000%, Lmin=-185.87, Lmax=-49.17
15:11:18 [ultranest] [DEBUG] iteration=1555, ncalls=9681, regioncalls=372000, ndraw=40, logz=-191.70, remainder_fraction=100.0000%, Lmin=-179.45, Lmax=-49.17
15:11:18 [ultranest] [DEBUG] iteration=1560, ncalls=9719, regioncalls=373520, ndraw=40, logz=-189.65, remainder_fraction=100.0000%, Lmin=-178.25, Lmax=-49.17
15:11:18 [ultranest] [DEBUG] iteration=1569, ncalls=9764, regioncalls=375320, ndraw=40, logz=-187.00, remainder_fraction=100.0000%, Lmin=-175.24, Lmax=-49.17
15:11:19 [ultranest] [DEBUG] iteration=1581, ncalls=9809, regioncalls=377120, ndraw=40, logz=-183.74, remainder_fraction=100.0000%, Lmin=-172.21, Lmax=-49.17
15:11:19 [ultranest] [DEBUG] iteration=1584, ncalls=9830, regioncalls=378000, ndraw=40, logz=-182.96, remainder_fraction=100.0000%, Lmin=-171.26, Lmax=-49.17
15:11:19 [ultranest] [DEBUG] iteration=1592, ncalls=9866, regioncalls=379440, ndraw=40, logz=-178.76, remainder_fraction=100.0000%, Lmin=-166.67, Lmax=-49.17
15:11:19 [ultranest] [DEBUG] iteration=1600, ncalls=9884, regioncalls=380160, ndraw=40, logz=-175.99, remainder_fraction=100.0000%, Lmin=-164.64, Lmax=-49.17
15:11:19 [ultranest] [DEBUG] iteration=1608, ncalls=9933, regioncalls=382120, ndraw=40, logz=-172.94, remainder_fraction=100.0000%, Lmin=-160.73, Lmax=-49.17
15:11:19 [ultranest] [DEBUG] iteration=1620, ncalls=9973, regioncalls=383720, ndraw=40, logz=-169.59, remainder_fraction=100.0000%, Lmin=-157.90, Lmax=-49.17
15:11:19 [ultranest] [DEBUG] iteration=1630, ncalls=10008, regioncalls=385160, ndraw=40, logz=-165.19, remainder_fraction=100.0000%, Lmin=-152.88, Lmax=-49.17
15:11:19 [ultranest] [DEBUG] iteration=1638, ncalls=10053, regioncalls=386960, ndraw=40, logz=-161.84, remainder_fraction=100.0000%, Lmin=-150.00, Lmax=-49.17
15:11:19 [ultranest] [DEBUG] iteration=1640, ncalls=10071, regioncalls=387680, ndraw=40, logz=-161.29, remainder_fraction=100.0000%, Lmin=-149.14, Lmax=-49.17
15:11:19 [ultranest] [DEBUG] iteration=1646, ncalls=10115, regioncalls=389440, ndraw=40, logz=-159.06, remainder_fraction=100.0000%, Lmin=-146.91, Lmax=-49.17
15:11:19 [ultranest] [DEBUG] iteration=1657, ncalls=10159, regioncalls=391200, ndraw=40, logz=-155.93, remainder_fraction=100.0000%, Lmin=-144.09, Lmax=-49.17
15:11:20 [ultranest] [DEBUG] iteration=1667, ncalls=10204, regioncalls=393000, ndraw=40, logz=-153.38, remainder_fraction=100.0000%, Lmin=-141.52, Lmax=-49.17
15:11:20 [ultranest] [DEBUG] iteration=1677, ncalls=10244, regioncalls=394600, ndraw=40, logz=-151.56, remainder_fraction=100.0000%, Lmin=-140.31, Lmax=-49.17
15:11:20 [ultranest] [DEBUG] iteration=1680, ncalls=10270, regioncalls=395640, ndraw=40, logz=-151.12, remainder_fraction=100.0000%, Lmin=-139.68, Lmax=-49.17
15:11:20 [ultranest] [DEBUG] iteration=1685, ncalls=10312, regioncalls=397320, ndraw=40, logz=-150.10, remainder_fraction=100.0000%, Lmin=-138.05, Lmax=-47.84
15:11:20 [ultranest] [DEBUG] iteration=1690, ncalls=10355, regioncalls=399040, ndraw=40, logz=-148.84, remainder_fraction=100.0000%, Lmin=-136.75, Lmax=-47.48
15:11:20 [ultranest] [DEBUG] iteration=1698, ncalls=10400, regioncalls=400840, ndraw=40, logz=-146.10, remainder_fraction=100.0000%, Lmin=-134.11, Lmax=-47.48
15:11:20 [ultranest] [DEBUG] iteration=1706, ncalls=10446, regioncalls=402680, ndraw=40, logz=-144.34, remainder_fraction=100.0000%, Lmin=-132.51, Lmax=-47.48
15:11:20 [ultranest] [DEBUG] iteration=1717, ncalls=10488, regioncalls=404360, ndraw=40, logz=-140.05, remainder_fraction=100.0000%, Lmin=-127.79, Lmax=-47.48
15:11:20 [ultranest] [DEBUG] iteration=1720, ncalls=10497, regioncalls=404720, ndraw=40, logz=-138.75, remainder_fraction=100.0000%, Lmin=-125.55, Lmax=-47.48
15:11:20 [ultranest] [DEBUG] iteration=1729, ncalls=10535, regioncalls=406240, ndraw=40, logz=-136.09, remainder_fraction=100.0000%, Lmin=-124.58, Lmax=-47.48
15:11:20 [ultranest] [DEBUG] iteration=1731, ncalls=10579, regioncalls=408000, ndraw=40, logz=-135.80, remainder_fraction=100.0000%, Lmin=-124.38, Lmax=-47.48
15:11:21 [ultranest] [DEBUG] iteration=1739, ncalls=10622, regioncalls=409720, ndraw=40, logz=-134.53, remainder_fraction=100.0000%, Lmin=-122.82, Lmax=-47.48
15:11:21 [ultranest] [DEBUG] iteration=1744, ncalls=10686, regioncalls=412280, ndraw=40, logz=-133.78, remainder_fraction=100.0000%, Lmin=-121.95, Lmax=-47.48
15:11:21 [ultranest] [DEBUG] iteration=1753, ncalls=10730, regioncalls=414040, ndraw=40, logz=-131.31, remainder_fraction=100.0000%, Lmin=-118.73, Lmax=-47.48
15:11:21 [ultranest] [DEBUG] iteration=1760, ncalls=10771, regioncalls=415680, ndraw=40, logz=-129.48, remainder_fraction=100.0000%, Lmin=-117.01, Lmax=-47.48
15:11:21 [ultranest] [DEBUG] iteration=1764, ncalls=10822, regioncalls=417720, ndraw=40, logz=-128.48, remainder_fraction=100.0000%, Lmin=-116.49, Lmax=-47.48
15:11:21 [ultranest] [DEBUG] iteration=1768, ncalls=10856, regioncalls=419120, ndraw=40, logz=-127.75, remainder_fraction=100.0000%, Lmin=-115.91, Lmax=-47.48
15:11:21 [ultranest] [DEBUG] iteration=1774, ncalls=10891, regioncalls=420520, ndraw=40, logz=-126.83, remainder_fraction=100.0000%, Lmin=-115.19, Lmax=-47.29
15:11:21 [ultranest] [DEBUG] iteration=1782, ncalls=10931, regioncalls=422120, ndraw=40, logz=-125.70, remainder_fraction=100.0000%, Lmin=-113.87, Lmax=-47.29
15:11:21 [ultranest] [DEBUG] iteration=1789, ncalls=10975, regioncalls=423880, ndraw=40, logz=-124.80, remainder_fraction=100.0000%, Lmin=-113.34, Lmax=-47.29
15:11:22 [ultranest] [DEBUG] iteration=1800, ncalls=11008, regioncalls=425240, ndraw=40, logz=-123.33, remainder_fraction=100.0000%, Lmin=-111.51, Lmax=-46.55
15:11:22 [ultranest] [DEBUG] iteration=1807, ncalls=11057, regioncalls=427200, ndraw=40, logz=-122.32, remainder_fraction=100.0000%, Lmin=-110.44, Lmax=-46.55
15:11:22 [ultranest] [DEBUG] iteration=1814, ncalls=11085, regioncalls=428400, ndraw=40, logz=-121.45, remainder_fraction=100.0000%, Lmin=-109.90, Lmax=-43.29
15:11:22 [ultranest] [DEBUG] iteration=1824, ncalls=11121, regioncalls=429960, ndraw=40, logz=-120.43, remainder_fraction=100.0000%, Lmin=-108.50, Lmax=-43.29
15:11:22 [ultranest] [DEBUG] iteration=1837, ncalls=11161, regioncalls=431560, ndraw=40, logz=-118.35, remainder_fraction=100.0000%, Lmin=-106.00, Lmax=-43.29
15:11:22 [ultranest] [DEBUG] iteration=1840, ncalls=11168, regioncalls=431840, ndraw=40, logz=-117.54, remainder_fraction=100.0000%, Lmin=-104.62, Lmax=-43.29
15:11:22 [ultranest] [DEBUG] iteration=1853, ncalls=11213, regioncalls=433640, ndraw=40, logz=-114.74, remainder_fraction=100.0000%, Lmin=-102.66, Lmax=-43.29
15:11:22 [ultranest] [DEBUG] iteration=1860, ncalls=11247, regioncalls=435040, ndraw=40, logz=-113.78, remainder_fraction=100.0000%, Lmin=-101.86, Lmax=-43.29
15:11:22 [ultranest] [DEBUG] iteration=1872, ncalls=11281, regioncalls=436400, ndraw=40, logz=-111.70, remainder_fraction=100.0000%, Lmin=-99.50, Lmax=-43.29
15:11:22 [ultranest] [DEBUG] iteration=1880, ncalls=11306, regioncalls=437400, ndraw=40, logz=-110.41, remainder_fraction=100.0000%, Lmin=-98.21, Lmax=-43.29
15:11:22 [ultranest] [DEBUG] iteration=1893, ncalls=11348, regioncalls=439080, ndraw=40, logz=-108.61, remainder_fraction=100.0000%, Lmin=-96.27, Lmax=-43.29
15:11:23 [ultranest] [DEBUG] iteration=1905, ncalls=11390, regioncalls=440760, ndraw=40, logz=-107.13, remainder_fraction=100.0000%, Lmin=-95.11, Lmax=-43.29
15:11:23 [ultranest] [DEBUG] iteration=1917, ncalls=11421, regioncalls=442000, ndraw=40, logz=-105.74, remainder_fraction=100.0000%, Lmin=-93.43, Lmax=-43.29
15:11:23 [ultranest] [DEBUG] iteration=1920, ncalls=11432, regioncalls=442440, ndraw=40, logz=-105.34, remainder_fraction=100.0000%, Lmin=-93.20, Lmax=-43.29
15:11:23 [ultranest] [DEBUG] iteration=1934, ncalls=11473, regioncalls=444080, ndraw=40, logz=-104.00, remainder_fraction=100.0000%, Lmin=-92.16, Lmax=-43.29
15:11:23 [ultranest] [DEBUG] iteration=1945, ncalls=11515, regioncalls=445760, ndraw=40, logz=-102.71, remainder_fraction=100.0000%, Lmin=-90.29, Lmax=-43.29
15:11:23 [ultranest] [DEBUG] iteration=1954, ncalls=11556, regioncalls=447400, ndraw=40, logz=-101.40, remainder_fraction=100.0000%, Lmin=-88.99, Lmax=-43.29
15:11:23 [ultranest] [DEBUG] iteration=1960, ncalls=11571, regioncalls=448000, ndraw=40, logz=-100.39, remainder_fraction=100.0000%, Lmin=-87.86, Lmax=-42.85
15:11:23 [ultranest] [DEBUG] iteration=1975, ncalls=11607, regioncalls=449440, ndraw=40, logz=-98.52, remainder_fraction=100.0000%, Lmin=-85.89, Lmax=-42.85
15:11:23 [ultranest] [DEBUG] iteration=1990, ncalls=11655, regioncalls=451360, ndraw=40, logz=-96.71, remainder_fraction=100.0000%, Lmin=-83.98, Lmax=-42.85
15:11:23 [ultranest] [DEBUG] iteration=2000, ncalls=11691, regioncalls=452800, ndraw=40, logz=-95.05, remainder_fraction=100.0000%, Lmin=-82.26, Lmax=-42.85
15:11:24 [ultranest] [DEBUG] iteration=2004, ncalls=11736, regioncalls=454600, ndraw=40, logz=-94.41, remainder_fraction=100.0000%, Lmin=-81.49, Lmax=-42.85
15:11:24 [ultranest] [DEBUG] iteration=2012, ncalls=11783, regioncalls=456480, ndraw=40, logz=-93.09, remainder_fraction=100.0000%, Lmin=-79.78, Lmax=-42.85
15:11:24 [ultranest] [DEBUG] iteration=2020, ncalls=11830, regioncalls=458360, ndraw=40, logz=-91.71, remainder_fraction=100.0000%, Lmin=-79.01, Lmax=-42.85
15:11:24 [ultranest] [DEBUG] iteration=2034, ncalls=11869, regioncalls=459920, ndraw=40, logz=-90.08, remainder_fraction=100.0000%, Lmin=-77.41, Lmax=-41.70
15:11:24 [ultranest] [DEBUG] iteration=2040, ncalls=11898, regioncalls=461080, ndraw=40, logz=-89.17, remainder_fraction=100.0000%, Lmin=-76.00, Lmax=-41.70
15:11:24 [ultranest] [DEBUG] iteration=2044, ncalls=11912, regioncalls=461680, ndraw=40, logz=-88.58, remainder_fraction=100.0000%, Lmin=-75.83, Lmax=-41.70
15:11:24 [ultranest] [DEBUG] iteration=2056, ncalls=11947, regioncalls=463080, ndraw=40, logz=-87.38, remainder_fraction=100.0000%, Lmin=-74.48, Lmax=-41.70
15:11:24 [ultranest] [DEBUG] iteration=2065, ncalls=11988, regioncalls=464720, ndraw=40, logz=-86.24, remainder_fraction=100.0000%, Lmin=-73.30, Lmax=-41.70
15:11:24 [ultranest] [DEBUG] iteration=2078, ncalls=12030, regioncalls=466400, ndraw=40, logz=-85.01, remainder_fraction=100.0000%, Lmin=-72.46, Lmax=-41.70
15:11:24 [ultranest] [DEBUG] iteration=2080, ncalls=12033, regioncalls=466520, ndraw=40, logz=-84.85, remainder_fraction=100.0000%, Lmin=-72.39, Lmax=-41.70
15:11:24 [ultranest] [DEBUG] iteration=2090, ncalls=12070, regioncalls=468000, ndraw=40, logz=-84.11, remainder_fraction=100.0000%, Lmin=-71.63, Lmax=-40.93
15:11:24 [ultranest] [DEBUG] iteration=2098, ncalls=12105, regioncalls=469400, ndraw=40, logz=-83.58, remainder_fraction=100.0000%, Lmin=-71.09, Lmax=-40.93
15:11:25 [ultranest] [DEBUG] iteration=2109, ncalls=12146, regioncalls=471040, ndraw=40, logz=-82.76, remainder_fraction=100.0000%, Lmin=-69.94, Lmax=-40.93
15:11:25 [ultranest] [DEBUG] iteration=2117, ncalls=12194, regioncalls=472960, ndraw=40, logz=-82.09, remainder_fraction=100.0000%, Lmin=-69.36, Lmax=-40.93
15:11:25 [ultranest] [DEBUG] iteration=2120, ncalls=12209, regioncalls=473560, ndraw=40, logz=-81.85, remainder_fraction=100.0000%, Lmin=-69.16, Lmax=-40.93
15:11:25 [ultranest] [DEBUG] iteration=2131, ncalls=12252, regioncalls=475280, ndraw=40, logz=-81.03, remainder_fraction=100.0000%, Lmin=-68.41, Lmax=-40.93
15:11:25 [ultranest] [DEBUG] iteration=2136, ncalls=12278, regioncalls=476400, ndraw=40, logz=-80.67, remainder_fraction=100.0000%, Lmin=-67.51, Lmax=-40.93
15:11:25 [ultranest] [DEBUG] iteration=2147, ncalls=12317, regioncalls=477960, ndraw=40, logz=-79.65, remainder_fraction=100.0000%, Lmin=-66.73, Lmax=-40.93
15:11:25 [ultranest] [DEBUG] iteration=2160, ncalls=12352, regioncalls=479360, ndraw=40, logz=-78.63, remainder_fraction=100.0000%, Lmin=-65.79, Lmax=-40.93
15:11:25 [ultranest] [DEBUG] iteration=2172, ncalls=12389, regioncalls=480840, ndraw=40, logz=-77.83, remainder_fraction=100.0000%, Lmin=-65.07, Lmax=-40.93
15:11:25 [ultranest] [DEBUG] iteration=2182, ncalls=12414, regioncalls=481880, ndraw=40, logz=-77.16, remainder_fraction=100.0000%, Lmin=-64.08, Lmax=-40.93
15:11:25 [ultranest] [DEBUG] iteration=2197, ncalls=12448, regioncalls=483240, ndraw=40, logz=-76.09, remainder_fraction=100.0000%, Lmin=-63.40, Lmax=-40.93
15:11:25 [ultranest] [DEBUG] iteration=2200, ncalls=12461, regioncalls=483800, ndraw=40, logz=-75.93, remainder_fraction=100.0000%, Lmin=-63.15, Lmax=-40.93
15:11:26 [ultranest] [DEBUG] iteration=2214, ncalls=12502, regioncalls=485440, ndraw=40, logz=-74.92, remainder_fraction=100.0000%, Lmin=-61.97, Lmax=-40.93
15:11:26 [ultranest] [DEBUG] iteration=2228, ncalls=12543, regioncalls=487120, ndraw=40, logz=-73.91, remainder_fraction=100.0000%, Lmin=-60.70, Lmax=-40.93
15:11:26 [ultranest] [DEBUG] iteration=2240, ncalls=12570, regioncalls=488200, ndraw=40, logz=-73.09, remainder_fraction=100.0000%, Lmin=-59.94, Lmax=-40.93
15:11:26 [ultranest] [DEBUG] iteration=2252, ncalls=12614, regioncalls=489960, ndraw=40, logz=-72.36, remainder_fraction=100.0000%, Lmin=-59.42, Lmax=-40.93
15:11:26 [ultranest] [DEBUG] iteration=2266, ncalls=12655, regioncalls=491600, ndraw=40, logz=-71.68, remainder_fraction=100.0000%, Lmin=-58.76, Lmax=-40.93
15:11:26 [ultranest] [DEBUG] iteration=2274, ncalls=12677, regioncalls=492520, ndraw=40, logz=-71.31, remainder_fraction=100.0000%, Lmin=-58.41, Lmax=-40.82
15:11:26 [ultranest] [DEBUG] iteration=2280, ncalls=12692, regioncalls=493120, ndraw=40, logz=-71.05, remainder_fraction=100.0000%, Lmin=-58.22, Lmax=-40.82
15:11:26 [ultranest] [DEBUG] iteration=2297, ncalls=12726, regioncalls=494480, ndraw=40, logz=-70.11, remainder_fraction=100.0000%, Lmin=-56.70, Lmax=-40.82
15:11:26 [ultranest] [DEBUG] iteration=2310, ncalls=12771, regioncalls=496280, ndraw=40, logz=-69.36, remainder_fraction=99.9999%, Lmin=-56.27, Lmax=-40.82
15:11:26 [ultranest] [DEBUG] iteration=2320, ncalls=12801, regioncalls=497560, ndraw=40, logz=-68.86, remainder_fraction=99.9999%, Lmin=-55.61, Lmax=-40.82
15:11:26 [ultranest] [DEBUG] iteration=2330, ncalls=12833, regioncalls=498840, ndraw=40, logz=-68.37, remainder_fraction=99.9998%, Lmin=-55.25, Lmax=-40.82
15:11:27 [ultranest] [DEBUG] iteration=2342, ncalls=12869, regioncalls=500280, ndraw=40, logz=-67.89, remainder_fraction=99.9997%, Lmin=-54.77, Lmax=-40.82
15:11:27 [ultranest] [DEBUG] iteration=2353, ncalls=12909, regioncalls=501880, ndraw=40, logz=-67.40, remainder_fraction=99.9995%, Lmin=-54.20, Lmax=-40.82
15:11:27 [ultranest] [DEBUG] iteration=2360, ncalls=12926, regioncalls=502600, ndraw=40, logz=-67.10, remainder_fraction=99.9993%, Lmin=-53.83, Lmax=-40.82
15:11:27 [ultranest] [DEBUG] iteration=2366, ncalls=12939, regioncalls=503200, ndraw=40, logz=-66.83, remainder_fraction=99.9991%, Lmin=-53.63, Lmax=-40.82
15:11:27 [ultranest] [DEBUG] iteration=2381, ncalls=12971, regioncalls=504480, ndraw=40, logz=-66.24, remainder_fraction=99.9983%, Lmin=-53.07, Lmax=-40.82
15:11:27 [ultranest] [DEBUG] iteration=2391, ncalls=13011, regioncalls=506080, ndraw=40, logz=-65.83, remainder_fraction=99.9977%, Lmin=-52.48, Lmax=-40.51
15:11:27 [ultranest] [DEBUG] iteration=2400, ncalls=13042, regioncalls=507320, ndraw=40, logz=-65.47, remainder_fraction=99.9966%, Lmin=-52.13, Lmax=-40.51
15:11:27 [ultranest] [DEBUG] iteration=2412, ncalls=13075, regioncalls=508800, ndraw=40, logz=-65.03, remainder_fraction=99.9948%, Lmin=-51.80, Lmax=-40.51
15:11:27 [ultranest] [DEBUG] iteration=2422, ncalls=13109, regioncalls=510160, ndraw=40, logz=-64.70, remainder_fraction=99.9928%, Lmin=-51.51, Lmax=-40.51
15:11:27 [ultranest] [DEBUG] iteration=2432, ncalls=13157, regioncalls=512120, ndraw=40, logz=-64.41, remainder_fraction=99.9907%, Lmin=-51.22, Lmax=-40.51
15:11:28 [ultranest] [DEBUG] iteration=2440, ncalls=13195, regioncalls=513640, ndraw=40, logz=-64.18, remainder_fraction=99.9885%, Lmin=-50.96, Lmax=-40.51
15:11:28 [ultranest] [DEBUG] iteration=2452, ncalls=13237, regioncalls=515320, ndraw=40, logz=-63.84, remainder_fraction=99.9831%, Lmin=-50.62, Lmax=-40.51
15:11:28 [ultranest] [DEBUG] iteration=2458, ncalls=13254, regioncalls=516040, ndraw=40, logz=-63.68, remainder_fraction=99.9795%, Lmin=-50.45, Lmax=-40.51
15:11:28 [ultranest] [DEBUG] iteration=2471, ncalls=13287, regioncalls=517360, ndraw=40, logz=-63.32, remainder_fraction=99.9716%, Lmin=-49.99, Lmax=-40.51
15:11:28 [ultranest] [DEBUG] iteration=2480, ncalls=13313, regioncalls=518440, ndraw=40, logz=-63.10, remainder_fraction=99.9664%, Lmin=-49.86, Lmax=-40.51
15:11:28 [ultranest] [DEBUG] iteration=2493, ncalls=13354, regioncalls=520080, ndraw=40, logz=-62.78, remainder_fraction=99.9536%, Lmin=-49.50, Lmax=-40.51
15:11:28 [ultranest] [DEBUG] iteration=2504, ncalls=13391, regioncalls=521600, ndraw=40, logz=-62.52, remainder_fraction=99.9371%, Lmin=-49.21, Lmax=-40.51
15:11:28 [ultranest] [DEBUG] iteration=2518, ncalls=13423, regioncalls=522920, ndraw=40, logz=-62.19, remainder_fraction=99.9081%, Lmin=-48.76, Lmax=-40.51
15:11:28 [ultranest] [DEBUG] iteration=2520, ncalls=13431, regioncalls=523240, ndraw=40, logz=-62.14, remainder_fraction=99.9024%, Lmin=-48.60, Lmax=-40.51
15:11:28 [ultranest] [DEBUG] iteration=2533, ncalls=13472, regioncalls=524880, ndraw=40, logz=-61.82, remainder_fraction=99.8657%, Lmin=-48.33, Lmax=-40.51
15:11:28 [ultranest] [DEBUG] iteration=2545, ncalls=13516, regioncalls=526640, ndraw=40, logz=-61.54, remainder_fraction=99.8230%, Lmin=-48.07, Lmax=-40.51
15:11:28 [ultranest] [DEBUG] iteration=2557, ncalls=13549, regioncalls=527960, ndraw=40, logz=-61.27, remainder_fraction=99.7859%, Lmin=-47.75, Lmax=-40.51
15:11:29 [ultranest] [DEBUG] iteration=2560, ncalls=13555, regioncalls=528200, ndraw=40, logz=-61.21, remainder_fraction=99.7685%, Lmin=-47.67, Lmax=-40.51
15:11:29 [ultranest] [DEBUG] iteration=2573, ncalls=13594, regioncalls=529760, ndraw=40, logz=-60.92, remainder_fraction=99.6774%, Lmin=-47.37, Lmax=-40.51
15:11:29 [ultranest] [DEBUG] iteration=2581, ncalls=13641, regioncalls=531640, ndraw=40, logz=-60.76, remainder_fraction=99.6232%, Lmin=-47.23, Lmax=-40.51
15:11:29 [ultranest] [DEBUG] iteration=2593, ncalls=13678, regioncalls=533120, ndraw=40, logz=-60.52, remainder_fraction=99.5535%, Lmin=-47.02, Lmax=-40.51
15:11:29 [ultranest] [DEBUG] iteration=2596, ncalls=13699, regioncalls=534000, ndraw=40, logz=-60.47, remainder_fraction=99.5231%, Lmin=-47.00, Lmax=-40.51
15:11:29 [ultranest] [DEBUG] iteration=2600, ncalls=13709, regioncalls=534400, ndraw=40, logz=-60.40, remainder_fraction=99.4821%, Lmin=-46.91, Lmax=-40.51
15:11:29 [ultranest] [DEBUG] iteration=2611, ncalls=13745, regioncalls=535840, ndraw=40, logz=-60.22, remainder_fraction=99.3828%, Lmin=-46.73, Lmax=-40.51
15:11:29 [ultranest] [DEBUG] iteration=2622, ncalls=13787, regioncalls=537520, ndraw=40, logz=-60.04, remainder_fraction=99.2581%, Lmin=-46.55, Lmax=-40.51
15:11:29 [ultranest] [DEBUG] iteration=2632, ncalls=13832, regioncalls=539440, ndraw=40, logz=-59.89, remainder_fraction=99.1233%, Lmin=-46.39, Lmax=-40.51
15:11:29 [ultranest] [DEBUG] iteration=2640, ncalls=13870, regioncalls=540960, ndraw=40, logz=-59.77, remainder_fraction=98.9867%, Lmin=-46.18, Lmax=-40.51
15:11:29 [ultranest] [DEBUG] iteration=2642, ncalls=13873, regioncalls=541160, ndraw=40, logz=-59.74, remainder_fraction=98.9461%, Lmin=-46.16, Lmax=-40.51
15:11:29 [ultranest] [DEBUG] iteration=2658, ncalls=13907, regioncalls=542520, ndraw=40, logz=-59.49, remainder_fraction=98.6249%, Lmin=-45.85, Lmax=-40.51
15:11:30 [ultranest] [DEBUG] iteration=2672, ncalls=13945, regioncalls=544040, ndraw=40, logz=-59.29, remainder_fraction=98.3067%, Lmin=-45.65, Lmax=-40.51
15:11:30 [ultranest] [DEBUG] iteration=2680, ncalls=13970, regioncalls=545040, ndraw=40, logz=-59.18, remainder_fraction=98.0901%, Lmin=-45.57, Lmax=-40.51
15:11:30 [ultranest] [DEBUG] iteration=2692, ncalls=14004, regioncalls=546400, ndraw=40, logz=-59.03, remainder_fraction=97.7830%, Lmin=-45.45, Lmax=-40.51
15:11:30 [ultranest] [DEBUG] iteration=2704, ncalls=14043, regioncalls=547960, ndraw=40, logz=-58.89, remainder_fraction=97.6043%, Lmin=-45.33, Lmax=-40.41
15:11:30 [ultranest] [DEBUG] iteration=2718, ncalls=14082, regioncalls=549520, ndraw=40, logz=-58.73, remainder_fraction=97.2868%, Lmin=-45.13, Lmax=-40.41
15:11:30 [ultranest] [DEBUG] iteration=2720, ncalls=14092, regioncalls=549920, ndraw=40, logz=-58.71, remainder_fraction=97.2048%, Lmin=-45.10, Lmax=-40.41
15:11:30 [ultranest] [DEBUG] iteration=2731, ncalls=14134, regioncalls=551600, ndraw=40, logz=-58.59, remainder_fraction=97.0111%, Lmin=-44.90, Lmax=-40.41
15:11:30 [ultranest] [DEBUG] iteration=2734, ncalls=14142, regioncalls=552000, ndraw=40, logz=-58.56, remainder_fraction=96.8942%, Lmin=-44.85, Lmax=-40.41
15:11:30 [ultranest] [DEBUG] iteration=2747, ncalls=14178, regioncalls=553440, ndraw=40, logz=-58.42, remainder_fraction=96.3950%, Lmin=-44.73, Lmax=-40.41
15:11:30 [ultranest] [DEBUG] iteration=2760, ncalls=14205, regioncalls=554520, ndraw=40, logz=-58.29, remainder_fraction=95.7950%, Lmin=-44.57, Lmax=-40.41
15:11:30 [ultranest] [DEBUG] iteration=2777, ncalls=14243, regioncalls=556040, ndraw=40, logz=-58.12, remainder_fraction=95.0091%, Lmin=-44.33, Lmax=-40.41
15:11:31 [ultranest] [DEBUG] iteration=2790, ncalls=14275, regioncalls=557320, ndraw=40, logz=-57.99, remainder_fraction=94.2302%, Lmin=-44.18, Lmax=-40.41
15:11:31 [ultranest] [DEBUG] iteration=2800, ncalls=14299, regioncalls=558280, ndraw=40, logz=-57.90, remainder_fraction=93.6781%, Lmin=-44.10, Lmax=-40.41
15:11:31 [ultranest] [DEBUG] iteration=2809, ncalls=14340, regioncalls=559920, ndraw=40, logz=-57.82, remainder_fraction=93.1601%, Lmin=-43.93, Lmax=-40.41
15:11:31 [ultranest] [DEBUG] iteration=2820, ncalls=14380, regioncalls=561520, ndraw=40, logz=-57.72, remainder_fraction=92.5511%, Lmin=-43.82, Lmax=-40.41
15:11:31 [ultranest] [DEBUG] iteration=2830, ncalls=14415, regioncalls=562920, ndraw=40, logz=-57.63, remainder_fraction=91.8969%, Lmin=-43.72, Lmax=-40.41
15:11:31 [ultranest] [DEBUG] iteration=2839, ncalls=14450, regioncalls=564320, ndraw=40, logz=-57.55, remainder_fraction=91.2140%, Lmin=-43.57, Lmax=-40.41
15:11:31 [ultranest] [DEBUG] iteration=2840, ncalls=14457, regioncalls=564600, ndraw=40, logz=-57.54, remainder_fraction=91.1039%, Lmin=-43.54, Lmax=-40.41
15:11:31 [ultranest] [DEBUG] iteration=2850, ncalls=14502, regioncalls=566400, ndraw=40, logz=-57.46, remainder_fraction=90.2304%, Lmin=-43.44, Lmax=-40.41
15:11:31 [ultranest] [DEBUG] iteration=2862, ncalls=14542, regioncalls=568000, ndraw=40, logz=-57.35, remainder_fraction=89.1769%, Lmin=-43.32, Lmax=-40.37
15:11:31 [ultranest] [DEBUG] iteration=2872, ncalls=14568, regioncalls=569200, ndraw=40, logz=-57.27, remainder_fraction=88.1095%, Lmin=-43.27, Lmax=-40.37
15:11:31 [ultranest] [DEBUG] iteration=2880, ncalls=14602, regioncalls=570560, ndraw=40, logz=-57.21, remainder_fraction=87.2228%, Lmin=-43.16, Lmax=-40.37
15:11:31 [ultranest] [DEBUG] iteration=2895, ncalls=14638, regioncalls=572000, ndraw=40, logz=-57.09, remainder_fraction=85.6487%, Lmin=-42.96, Lmax=-40.37
15:11:32 [ultranest] [DEBUG] iteration=2907, ncalls=14678, regioncalls=573600, ndraw=40, logz=-57.00, remainder_fraction=84.5690%, Lmin=-42.82, Lmax=-40.37
15:11:32 [ultranest] [DEBUG] iteration=2918, ncalls=14707, regioncalls=574840, ndraw=40, logz=-56.92, remainder_fraction=83.4272%, Lmin=-42.75, Lmax=-40.37
15:11:32 [ultranest] [DEBUG] iteration=2920, ncalls=14714, regioncalls=575120, ndraw=40, logz=-56.90, remainder_fraction=83.2005%, Lmin=-42.74, Lmax=-40.37
15:11:32 [ultranest] [DEBUG] iteration=2934, ncalls=14745, regioncalls=576360, ndraw=40, logz=-56.81, remainder_fraction=81.2805%, Lmin=-42.65, Lmax=-40.37
15:11:32 [ultranest] [DEBUG] iteration=2949, ncalls=14783, regioncalls=577880, ndraw=40, logz=-56.71, remainder_fraction=79.3955%, Lmin=-42.53, Lmax=-40.37
15:11:32 [ultranest] [DEBUG] iteration=2960, ncalls=14813, regioncalls=579080, ndraw=40, logz=-56.64, remainder_fraction=78.1195%, Lmin=-42.45, Lmax=-40.37
15:11:32 [ultranest] [DEBUG] iteration=2964, ncalls=14820, regioncalls=579400, ndraw=40, logz=-56.62, remainder_fraction=77.6037%, Lmin=-42.42, Lmax=-40.37
15:11:32 [ultranest] [DEBUG] iteration=2978, ncalls=14852, regioncalls=580680, ndraw=40, logz=-56.53, remainder_fraction=76.0390%, Lmin=-42.33, Lmax=-40.37
15:11:32 [ultranest] [DEBUG] iteration=2985, ncalls=14892, regioncalls=582320, ndraw=40, logz=-56.50, remainder_fraction=75.4921%, Lmin=-42.28, Lmax=-40.27
15:11:32 [ultranest] [DEBUG] iteration=3000, ncalls=14924, regioncalls=583600, ndraw=40, logz=-56.42, remainder_fraction=73.7785%, Lmin=-42.21, Lmax=-40.23
15:11:32 [ultranest] [DEBUG] iteration=3017, ncalls=14960, regioncalls=585040, ndraw=40, logz=-56.33, remainder_fraction=71.5748%, Lmin=-42.11, Lmax=-40.23
15:11:33 [ultranest] [DEBUG] iteration=3026, ncalls=14998, regioncalls=586560, ndraw=40, logz=-56.29, remainder_fraction=70.0781%, Lmin=-42.04, Lmax=-40.23
15:11:33 [ultranest] [DEBUG] iteration=3040, ncalls=15041, regioncalls=588280, ndraw=40, logz=-56.23, remainder_fraction=67.8606%, Lmin=-41.97, Lmax=-40.23
15:11:33 [ultranest] [DEBUG] iteration=3052, ncalls=15082, regioncalls=589920, ndraw=40, logz=-56.17, remainder_fraction=66.1811%, Lmin=-41.88, Lmax=-40.23
15:11:33 [ultranest] [DEBUG] iteration=3056, ncalls=15113, regioncalls=591240, ndraw=40, logz=-56.16, remainder_fraction=65.7214%, Lmin=-41.85, Lmax=-40.17
15:11:33 [ultranest] [DEBUG] iteration=3066, ncalls=15148, regioncalls=592640, ndraw=40, logz=-56.12, remainder_fraction=64.3007%, Lmin=-41.79, Lmax=-40.17
15:11:33 [ultranest] [DEBUG] iteration=3078, ncalls=15186, regioncalls=594160, ndraw=40, logz=-56.07, remainder_fraction=62.4231%, Lmin=-41.72, Lmax=-40.17
15:11:33 [ultranest] [DEBUG] iteration=3080, ncalls=15197, regioncalls=594600, ndraw=40, logz=-56.06, remainder_fraction=62.1276%, Lmin=-41.70, Lmax=-40.17
15:11:33 [ultranest] [DEBUG] iteration=3093, ncalls=15239, regioncalls=596280, ndraw=40, logz=-56.01, remainder_fraction=60.2295%, Lmin=-41.64, Lmax=-40.17
15:11:33 [ultranest] [DEBUG] iteration=3102, ncalls=15280, regioncalls=598000, ndraw=40, logz=-55.97, remainder_fraction=58.9525%, Lmin=-41.60, Lmax=-40.17
15:11:33 [ultranest] [DEBUG] iteration=3111, ncalls=15316, regioncalls=599440, ndraw=40, logz=-55.94, remainder_fraction=57.6945%, Lmin=-41.55, Lmax=-40.17
15:11:33 [ultranest] [DEBUG] iteration=3120, ncalls=15356, regioncalls=601040, ndraw=40, logz=-55.91, remainder_fraction=56.3533%, Lmin=-41.50, Lmax=-40.17
15:11:34 [ultranest] [DEBUG] iteration=3134, ncalls=15399, regioncalls=602760, ndraw=40, logz=-55.86, remainder_fraction=53.9886%, Lmin=-41.44, Lmax=-40.17
15:11:34 [ultranest] [DEBUG] iteration=3144, ncalls=15441, regioncalls=604440, ndraw=40, logz=-55.83, remainder_fraction=52.3513%, Lmin=-41.38, Lmax=-40.17
15:11:34 [ultranest] [DEBUG] iteration=3148, ncalls=15451, regioncalls=604880, ndraw=40, logz=-55.82, remainder_fraction=51.7050%, Lmin=-41.37, Lmax=-40.14
15:11:34 [ultranest] [DEBUG] iteration=3160, ncalls=15479, regioncalls=606000, ndraw=40, logz=-55.78, remainder_fraction=50.0707%, Lmin=-41.34, Lmax=-40.14
15:11:34 [ultranest] [DEBUG] iteration=3174, ncalls=15519, regioncalls=607600, ndraw=40, logz=-55.74, remainder_fraction=48.0658%, Lmin=-41.31, Lmax=-40.14
15:11:34 [ultranest] [DEBUG] iteration=3191, ncalls=15556, regioncalls=609080, ndraw=40, logz=-55.69, remainder_fraction=45.6796%, Lmin=-41.25, Lmax=-40.14
15:11:34 [ultranest] [DEBUG] iteration=3200, ncalls=15582, regioncalls=610120, ndraw=40, logz=-55.67, remainder_fraction=44.3521%, Lmin=-41.23, Lmax=-40.14
15:11:34 [ultranest] [DEBUG] iteration=3216, ncalls=15616, regioncalls=611480, ndraw=40, logz=-55.63, remainder_fraction=42.4437%, Lmin=-41.15, Lmax=-40.08
15:11:34 [ultranest] [DEBUG] iteration=3227, ncalls=15658, regioncalls=613160, ndraw=40, logz=-55.61, remainder_fraction=41.0577%, Lmin=-41.11, Lmax=-40.08
15:11:34 [ultranest] [DEBUG] iteration=3240, ncalls=15689, regioncalls=614480, ndraw=40, logz=-55.58, remainder_fraction=39.2606%, Lmin=-41.08, Lmax=-40.08
15:11:35 [ultranest] [DEBUG] iteration=3260, ncalls=15723, regioncalls=615840, ndraw=40, logz=-55.54, remainder_fraction=36.8569%, Lmin=-41.01, Lmax=-40.08
15:11:35 [ultranest] [DEBUG] iteration=3274, ncalls=15761, regioncalls=617360, ndraw=40, logz=-55.51, remainder_fraction=35.1130%, Lmin=-40.97, Lmax=-40.08
15:11:35 [ultranest] [DEBUG] iteration=3280, ncalls=15783, regioncalls=618240, ndraw=40, logz=-55.50, remainder_fraction=34.2916%, Lmin=-40.94, Lmax=-40.08
15:11:35 [ultranest] [DEBUG] iteration=3291, ncalls=15824, regioncalls=619880, ndraw=40, logz=-55.48, remainder_fraction=33.0157%, Lmin=-40.92, Lmax=-40.08
15:11:35 [ultranest] [DEBUG] iteration=3301, ncalls=15860, regioncalls=621320, ndraw=40, logz=-55.46, remainder_fraction=32.0140%, Lmin=-40.90, Lmax=-40.08
15:11:35 [ultranest] [DEBUG] iteration=3315, ncalls=15900, regioncalls=622920, ndraw=40, logz=-55.44, remainder_fraction=30.5119%, Lmin=-40.87, Lmax=-40.08
15:11:35 [ultranest] [DEBUG] iteration=3320, ncalls=15911, regioncalls=623360, ndraw=40, logz=-55.43, remainder_fraction=30.0253%, Lmin=-40.87, Lmax=-40.08
15:11:35 [ultranest] [DEBUG] iteration=3331, ncalls=15954, regioncalls=625080, ndraw=40, logz=-55.41, remainder_fraction=28.8439%, Lmin=-40.83, Lmax=-40.08
15:11:35 [ultranest] [DEBUG] iteration=3332, ncalls=15955, regioncalls=625160, ndraw=40, logz=-55.41, remainder_fraction=28.7280%, Lmin=-40.83, Lmax=-40.08
15:11:35 [ultranest] [DEBUG] iteration=3349, ncalls=15986, regioncalls=626400, ndraw=40, logz=-55.39, remainder_fraction=26.9715%, Lmin=-40.80, Lmax=-40.08
15:11:35 [ultranest] [DEBUG] iteration=3358, ncalls=16024, regioncalls=627920, ndraw=40, logz=-55.38, remainder_fraction=26.0692%, Lmin=-40.78, Lmax=-40.08
15:11:35 [ultranest] [DEBUG] iteration=3360, ncalls=16031, regioncalls=628200, ndraw=40, logz=-55.37, remainder_fraction=25.8861%, Lmin=-40.78, Lmax=-40.08
15:11:36 [ultranest] [DEBUG] iteration=3369, ncalls=16073, regioncalls=629880, ndraw=40, logz=-55.36, remainder_fraction=25.0536%, Lmin=-40.76, Lmax=-40.08
15:11:36 [ultranest] [DEBUG] iteration=3378, ncalls=16098, regioncalls=630960, ndraw=40, logz=-55.35, remainder_fraction=24.2074%, Lmin=-40.75, Lmax=-40.08
15:11:36 [ultranest] [DEBUG] iteration=3391, ncalls=16132, regioncalls=632320, ndraw=40, logz=-55.34, remainder_fraction=23.0701%, Lmin=-40.72, Lmax=-40.08
15:11:36 [ultranest] [DEBUG] iteration=3400, ncalls=16160, regioncalls=633440, ndraw=40, logz=-55.33, remainder_fraction=22.2944%, Lmin=-40.71, Lmax=-40.08
15:11:36 [ultranest] [DEBUG] iteration=3410, ncalls=16200, regioncalls=635040, ndraw=40, logz=-55.31, remainder_fraction=21.4843%, Lmin=-40.69, Lmax=-40.08
15:11:36 [ultranest] [DEBUG] iteration=3424, ncalls=16242, regioncalls=636800, ndraw=40, logz=-55.30, remainder_fraction=20.4098%, Lmin=-40.68, Lmax=-40.08
15:11:36 [ultranest] [DEBUG] iteration=3436, ncalls=16277, regioncalls=638200, ndraw=40, logz=-55.29, remainder_fraction=19.4726%, Lmin=-40.66, Lmax=-40.08
15:11:36 [ultranest] [DEBUG] iteration=3440, ncalls=16283, regioncalls=638440, ndraw=40, logz=-55.29, remainder_fraction=19.1652%, Lmin=-40.65, Lmax=-40.08
15:11:36 [ultranest] [DEBUG] iteration=3453, ncalls=16323, regioncalls=640040, ndraw=40, logz=-55.27, remainder_fraction=18.2353%, Lmin=-40.63, Lmax=-40.08
15:11:36 [ultranest] [DEBUG] iteration=3464, ncalls=16362, regioncalls=641600, ndraw=40, logz=-55.26, remainder_fraction=17.4670%, Lmin=-40.62, Lmax=-40.08
15:11:36 [ultranest] [DEBUG] iteration=3478, ncalls=16393, regioncalls=642840, ndraw=40, logz=-55.25, remainder_fraction=16.5383%, Lmin=-40.60, Lmax=-40.08
15:11:36 [ultranest] [DEBUG] iteration=3480, ncalls=16395, regioncalls=642920, ndraw=40, logz=-55.25, remainder_fraction=16.3929%, Lmin=-40.59, Lmax=-40.08
15:11:37 [ultranest] [DEBUG] iteration=3494, ncalls=16430, regioncalls=644320, ndraw=40, logz=-55.24, remainder_fraction=15.5321%, Lmin=-40.57, Lmax=-40.08
15:11:37 [ultranest] [DEBUG] iteration=3507, ncalls=16470, regioncalls=645920, ndraw=40, logz=-55.23, remainder_fraction=14.7152%, Lmin=-40.55, Lmax=-40.08
15:11:37 [ultranest] [DEBUG] iteration=3517, ncalls=16507, regioncalls=647400, ndraw=40, logz=-55.22, remainder_fraction=14.1175%, Lmin=-40.54, Lmax=-40.08
15:11:37 [ultranest] [DEBUG] iteration=3520, ncalls=16512, regioncalls=647600, ndraw=40, logz=-55.22, remainder_fraction=13.9612%, Lmin=-40.54, Lmax=-40.08
15:11:37 [ultranest] [DEBUG] iteration=3529, ncalls=16546, regioncalls=648960, ndraw=40, logz=-55.22, remainder_fraction=13.4611%, Lmin=-40.52, Lmax=-40.08
15:11:37 [ultranest] [DEBUG] iteration=3545, ncalls=16584, regioncalls=650480, ndraw=40, logz=-55.21, remainder_fraction=12.5990%, Lmin=-40.50, Lmax=-40.08
15:11:37 [ultranest] [DEBUG] iteration=3553, ncalls=16627, regioncalls=652200, ndraw=40, logz=-55.20, remainder_fraction=12.1574%, Lmin=-40.49, Lmax=-40.08
15:11:37 [ultranest] [DEBUG] iteration=3560, ncalls=16640, regioncalls=652720, ndraw=40, logz=-55.20, remainder_fraction=11.8263%, Lmin=-40.48, Lmax=-40.08
15:11:37 [ultranest] [DEBUG] iteration=3571, ncalls=16673, regioncalls=654040, ndraw=40, logz=-55.19, remainder_fraction=11.2712%, Lmin=-40.47, Lmax=-40.08
15:11:37 [ultranest] [DEBUG] iteration=3584, ncalls=16708, regioncalls=655440, ndraw=40, logz=-55.19, remainder_fraction=10.6923%, Lmin=-40.46, Lmax=-40.08
15:11:37 [ultranest] [DEBUG] iteration=3599, ncalls=16746, regioncalls=656960, ndraw=40, logz=-55.18, remainder_fraction=10.0296%, Lmin=-40.44, Lmax=-40.08
15:11:37 [ultranest] [DEBUG] iteration=3600, ncalls=16753, regioncalls=657240, ndraw=40, logz=-55.18, remainder_fraction=9.9942%, Lmin=-40.44, Lmax=-40.08
15:11:38 [ultranest] [DEBUG] iteration=3608, ncalls=16790, regioncalls=658760, ndraw=40, logz=-55.17, remainder_fraction=9.6685%, Lmin=-40.44, Lmax=-40.08
15:11:38 [ultranest] [DEBUG] iteration=3620, ncalls=16824, regioncalls=660120, ndraw=40, logz=-55.17, remainder_fraction=9.2093%, Lmin=-40.42, Lmax=-40.08
15:11:38 [ultranest] [DEBUG] iteration=3634, ncalls=16867, regioncalls=661840, ndraw=40, logz=-55.16, remainder_fraction=8.6740%, Lmin=-40.41, Lmax=-40.08
15:11:38 [ultranest] [DEBUG] iteration=3640, ncalls=16894, regioncalls=662920, ndraw=40, logz=-55.16, remainder_fraction=8.4655%, Lmin=-40.41, Lmax=-40.04
15:11:38 [ultranest] [DEBUG] iteration=3645, ncalls=16941, regioncalls=664800, ndraw=40, logz=-55.16, remainder_fraction=8.2922%, Lmin=-40.40, Lmax=-40.04
15:11:38 [ultranest] [DEBUG] iteration=3654, ncalls=16972, regioncalls=666080, ndraw=40, logz=-55.15, remainder_fraction=7.9933%, Lmin=-40.39, Lmax=-40.02
15:11:38 [ultranest] [DEBUG] iteration=3670, ncalls=17004, regioncalls=667360, ndraw=40, logz=-55.15, remainder_fraction=7.4704%, Lmin=-40.37, Lmax=-40.02
15:11:38 [ultranest] [DEBUG] iteration=3680, ncalls=17040, regioncalls=668800, ndraw=40, logz=-55.15, remainder_fraction=7.1544%, Lmin=-40.37, Lmax=-40.02
15:11:38 [ultranest] [DEBUG] iteration=3690, ncalls=17078, regioncalls=670320, ndraw=40, logz=-55.14, remainder_fraction=6.8392%, Lmin=-40.36, Lmax=-40.02
15:11:38 [ultranest] [DEBUG] iteration=3700, ncalls=17121, regioncalls=672080, ndraw=40, logz=-55.14, remainder_fraction=6.5539%, Lmin=-40.35, Lmax=-40.02
15:11:39 [ultranest] [DEBUG] iteration=3708, ncalls=17157, regioncalls=673520, ndraw=40, logz=-55.14, remainder_fraction=6.3285%, Lmin=-40.35, Lmax=-40.02
15:11:39 [ultranest] [DEBUG] iteration=3720, ncalls=17186, regioncalls=674680, ndraw=40, logz=-55.13, remainder_fraction=5.9828%, Lmin=-40.34, Lmax=-40.02
15:11:39 [ultranest] [DEBUG] iteration=3724, ncalls=17198, regioncalls=675160, ndraw=40, logz=-55.13, remainder_fraction=5.8786%, Lmin=-40.34, Lmax=-40.02
15:11:39 [ultranest] [DEBUG] iteration=3726, ncalls=17203, regioncalls=675360, ndraw=40, logz=-55.13, remainder_fraction=5.8294%, Lmin=-40.34, Lmax=-40.02
15:11:39 [ultranest] [DEBUG] iteration=3729, ncalls=17208, regioncalls=675560, ndraw=40, logz=-55.13, remainder_fraction=5.7538%, Lmin=-40.34, Lmax=-40.02
15:11:39 [ultranest] [DEBUG] iteration=3731, ncalls=17214, regioncalls=675800, ndraw=40, logz=-55.13, remainder_fraction=5.7006%, Lmin=-40.33, Lmax=-40.02
15:11:39 [ultranest] [DEBUG] iteration=3734, ncalls=17224, regioncalls=676200, ndraw=40, logz=-55.13, remainder_fraction=5.6270%, Lmin=-40.33, Lmax=-40.02
15:11:39 [ultranest] [DEBUG] iteration=3735, ncalls=17230, regioncalls=676440, ndraw=40, logz=-55.13, remainder_fraction=5.5999%, Lmin=-40.33, Lmax=-40.02
15:11:40 [ultranest] [DEBUG] iteration=3738, ncalls=17238, regioncalls=676760, ndraw=40, logz=-55.13, remainder_fraction=5.5273%, Lmin=-40.33, Lmax=-40.02
15:11:40 [ultranest] [DEBUG] iteration=3741, ncalls=17243, regioncalls=676960, ndraw=40, logz=-55.13, remainder_fraction=5.4580%, Lmin=-40.33, Lmax=-40.02
15:11:40 [ultranest] [DEBUG] iteration=3744, ncalls=17262, regioncalls=677720, ndraw=40, logz=-55.13, remainder_fraction=5.3845%, Lmin=-40.33, Lmax=-40.02
15:11:40 [ultranest] [DEBUG] iteration=3746, ncalls=17266, regioncalls=678000, ndraw=40, logz=-55.13, remainder_fraction=5.3385%, Lmin=-40.32, Lmax=-40.02
15:11:40 [ultranest] [DEBUG] iteration=3749, ncalls=17271, regioncalls=678240, ndraw=40, logz=-55.13, remainder_fraction=5.2708%, Lmin=-40.32, Lmax=-40.02
15:11:41 [ultranest] [DEBUG] iteration=3752, ncalls=17279, regioncalls=678560, ndraw=40, logz=-55.13, remainder_fraction=5.2032%, Lmin=-40.32, Lmax=-40.02
15:11:41 [ultranest] [DEBUG] iteration=3753, ncalls=17286, regioncalls=678840, ndraw=40, logz=-55.12, remainder_fraction=5.1788%, Lmin=-40.32, Lmax=-40.02
15:11:41 [ultranest] [DEBUG] iteration=3755, ncalls=17292, regioncalls=679080, ndraw=40, logz=-55.12, remainder_fraction=5.1366%, Lmin=-40.32, Lmax=-40.02
15:11:41 [ultranest] [DEBUG] iteration=3756, ncalls=17300, regioncalls=679400, ndraw=40, logz=-55.12, remainder_fraction=5.1172%, Lmin=-40.32, Lmax=-40.02
15:11:41 [ultranest] [DEBUG] iteration=3758, ncalls=17306, regioncalls=679640, ndraw=40, logz=-55.12, remainder_fraction=5.0739%, Lmin=-40.32, Lmax=-40.02
15:11:41 [ultranest] [DEBUG] iteration=3760, ncalls=17311, regioncalls=679840, ndraw=40, logz=-55.12, remainder_fraction=5.0298%, Lmin=-40.32, Lmax=-40.02
15:11:41 [ultranest] [DEBUG] iteration=3763, ncalls=17321, regioncalls=680240, ndraw=40, logz=-55.12, remainder_fraction=4.9633%, Lmin=-40.31, Lmax=-40.02
15:11:41 [ultranest] [DEBUG] iteration=3764, ncalls=17327, regioncalls=680480, ndraw=40, logz=-55.12, remainder_fraction=4.9406%, Lmin=-40.31, Lmax=-40.02
15:11:42 [ultranest] [DEBUG] iteration=3767, ncalls=17344, regioncalls=681160, ndraw=40, logz=-55.12, remainder_fraction=4.8741%, Lmin=-40.31, Lmax=-40.02
15:11:42 [ultranest] [DEBUG] iteration=3771, ncalls=17359, regioncalls=681760, ndraw=40, logz=-55.12, remainder_fraction=4.7820%, Lmin=-40.31, Lmax=-40.02
15:11:42 [ultranest] [DEBUG] iteration=3774, ncalls=17365, regioncalls=682000, ndraw=40, logz=-55.12, remainder_fraction=4.7178%, Lmin=-40.31, Lmax=-40.02
15:11:42 [ultranest] [DEBUG] iteration=3775, ncalls=17371, regioncalls=682240, ndraw=40, logz=-55.12, remainder_fraction=4.6975%, Lmin=-40.31, Lmax=-40.02
15:11:43 [ultranest] [DEBUG] iteration=3776, ncalls=17384, regioncalls=682760, ndraw=40, logz=-55.12, remainder_fraction=4.6757%, Lmin=-40.31, Lmax=-40.02
15:11:43 [ultranest] [DEBUG] iteration=3778, ncalls=17393, regioncalls=683120, ndraw=40, logz=-55.12, remainder_fraction=4.6345%, Lmin=-40.31, Lmax=-40.02
15:11:43 [ultranest] [DEBUG] iteration=3780, ncalls=17405, regioncalls=683600, ndraw=40, logz=-55.12, remainder_fraction=4.5920%, Lmin=-40.31, Lmax=-40.02
15:11:43 [ultranest] [DEBUG] iteration=3782, ncalls=17410, regioncalls=683800, ndraw=40, logz=-55.12, remainder_fraction=4.5552%, Lmin=-40.30, Lmax=-40.02
15:11:43 [ultranest] [DEBUG] iteration=3784, ncalls=17415, regioncalls=684000, ndraw=40, logz=-55.12, remainder_fraction=4.5184%, Lmin=-40.30, Lmax=-40.02
15:11:43 [ultranest] [DEBUG] iteration=3791, ncalls=17448, regioncalls=685320, ndraw=40, logz=-55.12, remainder_fraction=4.3830%, Lmin=-40.30, Lmax=-40.02
15:11:43 [ultranest] [DEBUG] iteration=3800, ncalls=17466, regioncalls=686040, ndraw=40, logz=-55.11, remainder_fraction=4.2161%, Lmin=-40.29, Lmax=-40.02
15:11:43 [ultranest] [DEBUG] iteration=3811, ncalls=17511, regioncalls=687840, ndraw=40, logz=-55.11, remainder_fraction=4.0196%, Lmin=-40.28, Lmax=-40.02
15:11:44 [ultranest] [DEBUG] iteration=3819, ncalls=17554, regioncalls=689560, ndraw=40, logz=-55.11, remainder_fraction=3.8789%, Lmin=-40.28, Lmax=-40.02
15:11:44 [ultranest] [DEBUG] iteration=3830, ncalls=17595, regioncalls=691200, ndraw=40, logz=-55.11, remainder_fraction=3.6960%, Lmin=-40.27, Lmax=-40.02
15:11:44 [ultranest] [DEBUG] iteration=3838, ncalls=17624, regioncalls=692400, ndraw=40, logz=-55.11, remainder_fraction=3.5655%, Lmin=-40.27, Lmax=-40.02
15:11:44 [ultranest] [DEBUG] iteration=3840, ncalls=17640, regioncalls=693040, ndraw=40, logz=-55.11, remainder_fraction=3.5316%, Lmin=-40.27, Lmax=-40.02
15:11:44 [ultranest] [DEBUG] iteration=3857, ncalls=17676, regioncalls=694480, ndraw=40, logz=-55.10, remainder_fraction=3.2666%, Lmin=-40.26, Lmax=-40.02
15:11:44 [ultranest] [DEBUG] iteration=3872, ncalls=17716, regioncalls=696080, ndraw=40, logz=-55.10, remainder_fraction=3.0547%, Lmin=-40.25, Lmax=-40.02
15:11:44 [ultranest] [DEBUG] iteration=3880, ncalls=17753, regioncalls=697560, ndraw=40, logz=-55.10, remainder_fraction=2.9465%, Lmin=-40.24, Lmax=-40.02
15:11:44 [ultranest] [DEBUG] iteration=3884, ncalls=17778, regioncalls=698600, ndraw=40, logz=-55.10, remainder_fraction=2.8934%, Lmin=-40.24, Lmax=-40.02
15:11:44 [ultranest] [DEBUG] iteration=3899, ncalls=17810, regioncalls=699880, ndraw=40, logz=-55.10, remainder_fraction=2.7030%, Lmin=-40.23, Lmax=-40.02
15:11:44 [ultranest] [DEBUG] iteration=3907, ncalls=17852, regioncalls=701560, ndraw=40, logz=-55.10, remainder_fraction=2.6105%, Lmin=-40.23, Lmax=-40.02
15:11:44 [ultranest] [DEBUG] iteration=3920, ncalls=17891, regioncalls=703120, ndraw=40, logz=-55.10, remainder_fraction=2.4610%, Lmin=-40.22, Lmax=-40.02
15:11:45 [ultranest] [DEBUG] iteration=3929, ncalls=17937, regioncalls=704960, ndraw=40, logz=-55.10, remainder_fraction=2.3626%, Lmin=-40.22, Lmax=-40.02
15:11:45 [ultranest] [DEBUG] iteration=3930, ncalls=17938, regioncalls=705040, ndraw=40, logz=-55.10, remainder_fraction=2.3522%, Lmin=-40.22, Lmax=-40.02
15:11:45 [ultranest] [DEBUG] iteration=3942, ncalls=17971, regioncalls=706360, ndraw=40, logz=-55.09, remainder_fraction=2.2294%, Lmin=-40.21, Lmax=-40.02
15:11:45 [ultranest] [DEBUG] iteration=3956, ncalls=18010, regioncalls=707920, ndraw=40, logz=-55.09, remainder_fraction=2.0915%, Lmin=-40.21, Lmax=-40.02
15:11:45 [ultranest] [DEBUG] iteration=3960, ncalls=18019, regioncalls=708280, ndraw=40, logz=-55.09, remainder_fraction=2.0552%, Lmin=-40.20, Lmax=-40.02
15:11:45 [ultranest] [DEBUG] iteration=3976, ncalls=18053, regioncalls=709680, ndraw=40, logz=-55.09, remainder_fraction=1.9112%, Lmin=-40.20, Lmax=-40.02
15:11:45 [ultranest] [DEBUG] iteration=3990, ncalls=18087, regioncalls=711040, ndraw=40, logz=-55.09, remainder_fraction=1.7923%, Lmin=-40.19, Lmax=-40.02
15:11:45 [ultranest] [DEBUG] iteration=4000, ncalls=18118, regioncalls=712280, ndraw=40, logz=-55.09, remainder_fraction=1.7133%, Lmin=-40.19, Lmax=-40.02
15:11:45 [ultranest] [DEBUG] iteration=4020, ncalls=18155, regioncalls=713760, ndraw=40, logz=-55.09, remainder_fraction=1.5647%, Lmin=-40.18, Lmax=-40.02
15:11:45 [ultranest] [DEBUG] iteration=4022, ncalls=18162, regioncalls=714080, ndraw=40, logz=-55.09, remainder_fraction=1.5506%, Lmin=-40.18, Lmax=-40.02
15:11:45 [ultranest] [DEBUG] iteration=4035, ncalls=18195, regioncalls=715400, ndraw=40, logz=-55.09, remainder_fraction=1.4602%, Lmin=-40.17, Lmax=-40.02
15:11:45 [ultranest] [DEBUG] iteration=4040, ncalls=18218, regioncalls=716320, ndraw=40, logz=-55.09, remainder_fraction=1.4272%, Lmin=-40.17, Lmax=-40.02
15:11:46 [ultranest] [DEBUG] iteration=4051, ncalls=18258, regioncalls=717920, ndraw=40, logz=-55.09, remainder_fraction=1.3567%, Lmin=-40.17, Lmax=-40.02
15:11:46 [ultranest] [DEBUG] iteration=4063, ncalls=18298, regioncalls=719520, ndraw=40, logz=-55.08, remainder_fraction=1.2831%, Lmin=-40.16, Lmax=-40.02
15:11:46 [ultranest] [DEBUG] iteration=4072, ncalls=18334, regioncalls=720960, ndraw=40, logz=-55.08, remainder_fraction=1.2318%, Lmin=-40.16, Lmax=-40.02
15:11:46 [ultranest] [DEBUG] iteration=4080, ncalls=18367, regioncalls=722280, ndraw=40, logz=-55.08, remainder_fraction=1.1865%, Lmin=-40.15, Lmax=-40.02
15:11:46 [ultranest] [DEBUG] iteration=4086, ncalls=18413, regioncalls=724120, ndraw=40, logz=-55.08, remainder_fraction=1.1537%, Lmin=-40.15, Lmax=-40.02
15:11:46 [ultranest] [DEBUG] iteration=4096, ncalls=18458, regioncalls=725920, ndraw=40, logz=-55.08, remainder_fraction=1.1029%, Lmin=-40.15, Lmax=-40.02
15:11:46 [ultranest] [DEBUG] iteration=4106, ncalls=18501, regioncalls=727640, ndraw=40, logz=-55.08, remainder_fraction=1.0534%, Lmin=-40.15, Lmax=-40.02
15:11:46 [ultranest] [DEBUG] iteration=4114, ncalls=18535, regioncalls=729040, ndraw=40, logz=-55.08, remainder_fraction=1.0144%, Lmin=-40.15, Lmax=-40.02
15:11:46 [ultranest] [INFO] Explored until L=-4e+01  
15:11:46 [ultranest] [INFO] Likelihood function evaluations: 18547
15:11:47 [ultranest] [INFO] Writing samples and results to disk ...
15:11:47 [ultranest] [INFO] Writing samples and results to disk ... done
15:11:47 [ultranest] [DEBUG] did a run_iter pass!
15:11:47 [ultranest] [INFO]   logZ = -55.07 +- 0.204
15:11:47 [ultranest] [INFO] Effective samples strategy satisfied (ESS = 986.2, need >400)
15:11:47 [ultranest] [INFO] Posterior uncertainty strategy is satisfied (KL: 0.47+-0.11 nat, need <0.50 nat)
15:11:47 [ultranest] [DEBUG]   conservative estimate says at least 132 live points are needed to reach dlogz goal
15:11:47 [ultranest] [DEBUG]   number of live points vary between 1 and inf, most (2685/2936 iterations) have 204
15:11:47 [ultranest] [DEBUG]   at least 204 live points are needed to reach dlogz goal
15:11:47 [ultranest] [INFO] Evidency uncertainty strategy wants 204 minimum live points (dlogz from 0.16 to 0.51, need <0.5)
15:11:47 [ultranest] [INFO]   logZ error budget: single: 0.25 bs:0.20 tail:0.01 total:0.20 required:<0.50
15:11:47 [ultranest] [INFO] done iterating.
15:11:47 [ultranest] [DEBUG] Making corner plot ...
15:11:49 [ultranest] [DEBUG] Making corner plot ... done
15:11:49 [ultranest] [DEBUG] Making run plot ... 
15:11:50 [ultranest] [DEBUG] Making run plot ... done
15:11:50 [ultranest] [DEBUG] Making trace plot ... 
15:11:51 [ultranest] [DEBUG] Making trace plot ... done
