15:40:19 [ultranest] [DEBUG] ReactiveNestedSampler: dims=3+0, resume=True, log_dir=/home/orion51/Desktop/Research/spectral_fitting/FGL_spectral_fitting/Individual_sources/2CXOJ085903.2-434834/mekal_out_, backend=hdf5, vectorized=False, nbootstraps=30, ndraw=128..65536
15:40:19 [ultranest] [INFO] Sampling 400 live points from prior ...
15:40:20 [ultranest] [DEBUG] run_iter dlogz=0.5, dKL=0.5, frac_remain=0.01, Lepsilon=0.1000, min_ess=400
15:40:20 [ultranest] [DEBUG] max_iters=-1, max_ncalls=-1, max_num_improvement_loops=-1, min_num_live_points=400, cluster_num_live_points=40
15:40:20 [ultranest] [DEBUG] minimal_widths_sequence: [(-inf, 400.0), (inf, 400.0)]
15:40:20 [ultranest] [DEBUG] iteration=0, ncalls=401, regioncalls=40, ndraw=40, logz=-inf, remainder_fraction=100.0000%, Lmin=-1228938926.34, Lmax=-207.29
15:40:20 [ultranest] [DEBUG] iteration=22, ncalls=423, regioncalls=920, ndraw=40, logz=-39076036.36, remainder_fraction=100.0000%, Lmin=-38213509.01, Lmax=-207.29
15:40:20 [ultranest] [DEBUG] iteration=40, ncalls=442, regioncalls=1680, ndraw=40, logz=-9681359.41, remainder_fraction=100.0000%, Lmin=-9229436.84, Lmax=-207.29
15:40:20 [ultranest] [DEBUG] iteration=63, ncalls=466, regioncalls=2640, ndraw=40, logz=-2900007.89, remainder_fraction=100.0000%, Lmin=-2870497.24, Lmax=-202.15
15:40:20 [ultranest] [DEBUG] iteration=80, ncalls=486, regioncalls=3440, ndraw=40, logz=-1237501.67, remainder_fraction=100.0000%, Lmin=-1145280.92, Lmax=-202.15
15:40:20 [ultranest] [DEBUG] iteration=96, ncalls=509, regioncalls=4360, ndraw=40, logz=-538400.17, remainder_fraction=100.0000%, Lmin=-513931.47, Lmax=-202.15
15:40:20 [ultranest] [DEBUG] iteration=113, ncalls=533, regioncalls=5320, ndraw=40, logz=-174267.51, remainder_fraction=100.0000%, Lmin=-165788.54, Lmax=-202.15
15:40:20 [ultranest] [DEBUG] iteration=120, ncalls=540, regioncalls=5600, ndraw=40, logz=-127568.89, remainder_fraction=100.0000%, Lmin=-111363.86, Lmax=-202.15
15:40:21 [ultranest] [DEBUG] iteration=144, ncalls=566, regioncalls=6640, ndraw=40, logz=-19209.01, remainder_fraction=100.0000%, Lmin=-18444.17, Lmax=-202.15
15:40:21 [ultranest] [DEBUG] iteration=160, ncalls=588, regioncalls=7520, ndraw=40, logz=-7846.10, remainder_fraction=100.0000%, Lmin=-7515.81, Lmax=-202.15
15:40:21 [ultranest] [DEBUG] iteration=180, ncalls=610, regioncalls=8400, ndraw=40, logz=-2987.20, remainder_fraction=100.0000%, Lmin=-2761.60, Lmax=-202.15
15:40:21 [ultranest] [DEBUG] Plateau detected at L=-2.472901e+03, not replacing live point.
15:40:21 [ultranest] [DEBUG] Plateau detected at L=-2.472901e+03, not replacing live point.
15:40:21 [ultranest] [DEBUG] Plateau detected at L=-2.472901e+03, not replacing live point.
15:40:21 [ultranest] [DEBUG] Plateau detected at L=-2.472901e+03, not replacing live point.
15:40:21 [ultranest] [DEBUG] Plateau detected at L=-2.472901e+03, not replacing live point.
15:40:21 [ultranest] [DEBUG] Plateau detected at L=-2.472901e+03, not replacing live point.
15:40:21 [ultranest] [DEBUG] Plateau detected at L=-2.472901e+03, not replacing live point.
15:40:21 [ultranest] [DEBUG] Plateau detected at L=-2.472901e+03, not replacing live point.
15:40:21 [ultranest] [DEBUG] Plateau detected at L=-2.472901e+03, not replacing live point.
15:40:21 [ultranest] [DEBUG] Plateau detected at L=-2.472901e+03, not replacing live point.
15:40:21 [ultranest] [DEBUG] Plateau detected at L=-2.472901e+03, not replacing live point.
15:40:21 [ultranest] [DEBUG] Plateau detected at L=-2.472901e+03, not replacing live point.
15:40:21 [ultranest] [DEBUG] Plateau detected at L=-2.472901e+03, not replacing live point.
15:40:21 [ultranest] [DEBUG] Plateau detected at L=-2.472901e+03, not replacing live point.
15:40:21 [ultranest] [DEBUG] Plateau detected at L=-2.472901e+03, not replacing live point.
15:40:21 [ultranest] [DEBUG] Plateau detected at L=-2.472901e+03, not replacing live point.
15:40:21 [ultranest] [DEBUG] Plateau detected at L=-2.472901e+03, not replacing live point.
15:40:21 [ultranest] [DEBUG] Plateau detected at L=-2.472901e+03, not replacing live point.
15:40:21 [ultranest] [DEBUG] Plateau detected at L=-2.472901e+03, not replacing live point.
15:40:21 [ultranest] [DEBUG] Plateau detected at L=-2.472901e+03, not replacing live point.
15:40:21 [ultranest] [DEBUG] Plateau detected at L=-2.472901e+03, not replacing live point.
15:40:21 [ultranest] [DEBUG] Plateau detected at L=-2.472901e+03, not replacing live point.
15:40:21 [ultranest] [DEBUG] Plateau detected at L=-2.472901e+03, not replacing live point.
15:40:21 [ultranest] [DEBUG] Plateau detected at L=-2.472901e+03, not replacing live point.
15:40:21 [ultranest] [DEBUG] Plateau detected at L=-2.472901e+03, not replacing live point.
15:40:21 [ultranest] [DEBUG] Plateau detected at L=-2.472901e+03, not replacing live point.
15:40:21 [ultranest] [DEBUG] Plateau detected at L=-2.472901e+03, not replacing live point.
15:40:21 [ultranest] [DEBUG] Plateau detected at L=-2.472901e+03, not replacing live point.
15:40:21 [ultranest] [DEBUG] Plateau detected at L=-2.472901e+03, not replacing live point.
15:40:21 [ultranest] [DEBUG] Plateau detected at L=-2.472901e+03, not replacing live point.
15:40:21 [ultranest] [DEBUG] Plateau detected at L=-2.472901e+03, not replacing live point.
15:40:21 [ultranest] [DEBUG] Plateau detected at L=-2.472901e+03, not replacing live point.
15:40:21 [ultranest] [DEBUG] Plateau detected at L=-2.472901e+03, not replacing live point.
15:40:21 [ultranest] [DEBUG] Plateau detected at L=-2.472901e+03, not replacing live point.
15:40:21 [ultranest] [DEBUG] Plateau detected at L=-2.472901e+03, not replacing live point.
15:40:21 [ultranest] [DEBUG] Plateau detected at L=-2.472901e+03, not replacing live point.
15:40:21 [ultranest] [DEBUG] Plateau detected at L=-2.472901e+03, not replacing live point.
15:40:21 [ultranest] [DEBUG] Plateau detected at L=-2.472901e+03, not replacing live point.
15:40:21 [ultranest] [DEBUG] Plateau detected at L=-2.472901e+03, not replacing live point.
15:40:21 [ultranest] [DEBUG] Plateau detected at L=-2.472901e+03, not replacing live point.
15:40:21 [ultranest] [DEBUG] Plateau detected at L=-2.472901e+03, not replacing live point.
15:40:21 [ultranest] [DEBUG] Plateau detected at L=-2.472901e+03, not replacing live point.
15:40:21 [ultranest] [DEBUG] Plateau detected at L=-2.472901e+03, not replacing live point.
15:40:21 [ultranest] [DEBUG] Plateau detected at L=-2.472901e+03, not replacing live point.
15:40:21 [ultranest] [DEBUG] Plateau detected at L=-2.472901e+03, not replacing live point.
15:40:21 [ultranest] [DEBUG] Plateau detected at L=-2.472901e+03, not replacing live point.
15:40:21 [ultranest] [DEBUG] Plateau detected at L=-2.472901e+03, not replacing live point.
15:40:21 [ultranest] [DEBUG] Plateau detected at L=-2.472901e+03, not replacing live point.
15:40:21 [ultranest] [DEBUG] Plateau detected at L=-2.472901e+03, not replacing live point.
15:40:21 [ultranest] [DEBUG] Plateau detected at L=-2.472901e+03, not replacing live point.
15:40:21 [ultranest] [DEBUG] Plateau detected at L=-2.472901e+03, not replacing live point.
15:40:21 [ultranest] [DEBUG] Plateau detected at L=-2.472901e+03, not replacing live point.
15:40:21 [ultranest] [DEBUG] Plateau detected at L=-2.472901e+03, not replacing live point.
15:40:21 [ultranest] [DEBUG] Plateau detected at L=-2.472901e+03, not replacing live point.
15:40:21 [ultranest] [DEBUG] Plateau detected at L=-2.472901e+03, not replacing live point.
15:40:21 [ultranest] [DEBUG] Plateau detected at L=-2.472901e+03, not replacing live point.
15:40:21 [ultranest] [DEBUG] Plateau detected at L=-2.472901e+03, not replacing live point.
15:40:21 [ultranest] [DEBUG] iteration=247, ncalls=624, regioncalls=8960, ndraw=40, logz=-2475.32, remainder_fraction=100.0000%, Lmin=-2472.90, Lmax=-202.15
15:40:21 [ultranest] [DEBUG] Plateau detected at L=-2.472901e+03, not replacing live point.
15:40:21 [ultranest] [DEBUG] Plateau detected at L=-2.472901e+03, not replacing live point.
15:40:21 [ultranest] [DEBUG] Plateau detected at L=-2.472901e+03, not replacing live point.
15:40:21 [ultranest] [DEBUG] iteration=251, ncalls=625, regioncalls=9000, ndraw=40, logz=-2475.26, remainder_fraction=100.0000%, Lmin=-2472.90, Lmax=-202.15
15:40:21 [ultranest] [DEBUG] iteration=268, ncalls=650, regioncalls=10000, ndraw=40, logz=-2475.02, remainder_fraction=100.0000%, Lmin=-2472.90, Lmax=-202.15
15:40:21 [ultranest] [DEBUG] iteration=280, ncalls=665, regioncalls=10600, ndraw=40, logz=-2474.88, remainder_fraction=100.0000%, Lmin=-2472.90, Lmax=-202.15
15:40:21 [ultranest] [DEBUG] iteration=299, ncalls=692, regioncalls=11680, ndraw=40, logz=-2474.71, remainder_fraction=100.0000%, Lmin=-2472.90, Lmax=-202.15
15:40:21 [ultranest] [DEBUG] iteration=318, ncalls=721, regioncalls=12840, ndraw=40, logz=-2474.57, remainder_fraction=100.0000%, Lmin=-2472.90, Lmax=-202.15
15:40:21 [ultranest] [DEBUG] iteration=320, ncalls=723, regioncalls=12920, ndraw=40, logz=-2474.55, remainder_fraction=100.0000%, Lmin=-2472.90, Lmax=-202.15
15:40:21 [ultranest] [DEBUG] iteration=327, ncalls=736, regioncalls=13440, ndraw=40, logz=-2474.51, remainder_fraction=100.0000%, Lmin=-2472.90, Lmax=-202.15
15:40:21 [ultranest] [DEBUG] iteration=343, ncalls=759, regioncalls=14360, ndraw=40, logz=-2474.42, remainder_fraction=100.0000%, Lmin=-2472.90, Lmax=-202.15
15:40:21 [ultranest] [DEBUG] iteration=360, ncalls=787, regioncalls=15480, ndraw=40, logz=-2474.33, remainder_fraction=100.0000%, Lmin=-2472.88, Lmax=-202.15
15:40:22 [ultranest] [DEBUG] iteration=377, ncalls=818, regioncalls=16720, ndraw=40, logz=-2474.25, remainder_fraction=100.0000%, Lmin=-2472.78, Lmax=-202.15
15:40:22 [ultranest] [DEBUG] iteration=397, ncalls=850, regioncalls=18000, ndraw=40, logz=-2474.15, remainder_fraction=100.0000%, Lmin=-2472.41, Lmax=-202.15
15:40:22 [ultranest] [DEBUG] iteration=400, ncalls=854, regioncalls=18160, ndraw=40, logz=-2474.13, remainder_fraction=100.0000%, Lmin=-2472.36, Lmax=-202.15
15:40:22 [ultranest] [DEBUG] iteration=403, ncalls=860, regioncalls=18400, ndraw=40, logz=-2474.11, remainder_fraction=100.0000%, Lmin=-2472.31, Lmax=-202.15
15:40:22 [ultranest] [DEBUG] iteration=415, ncalls=887, regioncalls=19480, ndraw=40, logz=-2474.04, remainder_fraction=100.0000%, Lmin=-2472.03, Lmax=-202.15
15:40:22 [ultranest] [DEBUG] iteration=435, ncalls=916, regioncalls=20640, ndraw=40, logz=-2473.85, remainder_fraction=100.0000%, Lmin=-2471.20, Lmax=-202.15
15:40:22 [ultranest] [DEBUG] iteration=440, ncalls=923, regioncalls=20920, ndraw=40, logz=-2473.78, remainder_fraction=100.0000%, Lmin=-2470.92, Lmax=-202.15
15:40:22 [ultranest] [DEBUG] iteration=455, ncalls=952, regioncalls=22080, ndraw=40, logz=-2473.42, remainder_fraction=100.0000%, Lmin=-2469.71, Lmax=-202.15
15:40:22 [ultranest] [DEBUG] iteration=467, ncalls=984, regioncalls=23360, ndraw=40, logz=-2472.83, remainder_fraction=100.0000%, Lmin=-2468.34, Lmax=-202.15
15:40:22 [ultranest] [DEBUG] iteration=480, ncalls=1012, regioncalls=24480, ndraw=40, logz=-2471.95, remainder_fraction=100.0000%, Lmin=-2466.93, Lmax=-202.15
15:40:22 [ultranest] [DEBUG] iteration=491, ncalls=1042, regioncalls=25680, ndraw=40, logz=-2470.46, remainder_fraction=100.0000%, Lmin=-2465.06, Lmax=-202.15
15:40:23 [ultranest] [DEBUG] iteration=508, ncalls=1072, regioncalls=26880, ndraw=40, logz=-2468.27, remainder_fraction=100.0000%, Lmin=-2463.08, Lmax=-202.15
15:40:23 [ultranest] [DEBUG] iteration=520, ncalls=1097, regioncalls=27880, ndraw=40, logz=-2466.20, remainder_fraction=100.0000%, Lmin=-2459.55, Lmax=-202.15
15:40:23 [ultranest] [DEBUG] iteration=529, ncalls=1134, regioncalls=29360, ndraw=40, logz=-2463.63, remainder_fraction=100.0000%, Lmin=-2457.95, Lmax=-202.15
15:40:23 [ultranest] [DEBUG] iteration=543, ncalls=1166, regioncalls=30640, ndraw=40, logz=-2461.30, remainder_fraction=100.0000%, Lmin=-2455.73, Lmax=-202.15
15:40:23 [ultranest] [DEBUG] iteration=555, ncalls=1190, regioncalls=31600, ndraw=40, logz=-2459.49, remainder_fraction=100.0000%, Lmin=-2453.87, Lmax=-202.15
15:40:23 [ultranest] [DEBUG] iteration=560, ncalls=1203, regioncalls=32120, ndraw=40, logz=-2458.78, remainder_fraction=100.0000%, Lmin=-2452.69, Lmax=-202.15
15:40:23 [ultranest] [DEBUG] iteration=568, ncalls=1233, regioncalls=33320, ndraw=40, logz=-2456.11, remainder_fraction=100.0000%, Lmin=-2449.83, Lmax=-202.15
15:40:23 [ultranest] [DEBUG] iteration=583, ncalls=1266, regioncalls=34640, ndraw=40, logz=-2449.07, remainder_fraction=100.0000%, Lmin=-2442.29, Lmax=-202.15
15:40:23 [ultranest] [DEBUG] iteration=600, ncalls=1296, regioncalls=35840, ndraw=40, logz=-2440.28, remainder_fraction=100.0000%, Lmin=-2432.96, Lmax=-194.75
15:40:23 [ultranest] [DEBUG] iteration=615, ncalls=1330, regioncalls=37200, ndraw=40, logz=-2429.62, remainder_fraction=100.0000%, Lmin=-2422.54, Lmax=-194.75
15:40:23 [ultranest] [DEBUG] iteration=630, ncalls=1365, regioncalls=38600, ndraw=40, logz=-2421.15, remainder_fraction=100.0000%, Lmin=-2412.85, Lmax=-194.75
15:40:23 [ultranest] [DEBUG] iteration=631, ncalls=1366, regioncalls=38640, ndraw=40, logz=-2420.04, remainder_fraction=100.0000%, Lmin=-2412.09, Lmax=-194.75
15:40:24 [ultranest] [DEBUG] iteration=640, ncalls=1396, regioncalls=39840, ndraw=40, logz=-2409.47, remainder_fraction=100.0000%, Lmin=-2401.07, Lmax=-160.21
15:40:24 [ultranest] [DEBUG] iteration=654, ncalls=1426, regioncalls=41040, ndraw=40, logz=-2383.99, remainder_fraction=100.0000%, Lmin=-2374.93, Lmax=-160.21
15:40:24 [ultranest] [DEBUG] iteration=666, ncalls=1465, regioncalls=42600, ndraw=40, logz=-2368.98, remainder_fraction=100.0000%, Lmin=-2360.88, Lmax=-160.21
15:40:24 [ultranest] [DEBUG] iteration=680, ncalls=1496, regioncalls=43840, ndraw=40, logz=-2355.02, remainder_fraction=100.0000%, Lmin=-2346.92, Lmax=-135.53
15:40:24 [ultranest] [DEBUG] iteration=687, ncalls=1531, regioncalls=45240, ndraw=40, logz=-2346.46, remainder_fraction=100.0000%, Lmin=-2336.78, Lmax=-135.53
15:40:24 [ultranest] [DEBUG] iteration=700, ncalls=1561, regioncalls=46440, ndraw=40, logz=-2328.74, remainder_fraction=100.0000%, Lmin=-2321.08, Lmax=-135.53
15:40:24 [ultranest] [DEBUG] iteration=708, ncalls=1601, regioncalls=48040, ndraw=40, logz=-2320.18, remainder_fraction=100.0000%, Lmin=-2311.06, Lmax=-135.53
15:40:24 [ultranest] [DEBUG] iteration=717, ncalls=1632, regioncalls=49280, ndraw=40, logz=-2308.64, remainder_fraction=100.0000%, Lmin=-2300.87, Lmax=-135.53
15:40:24 [ultranest] [DEBUG] iteration=720, ncalls=1643, regioncalls=49720, ndraw=40, logz=-2306.84, remainder_fraction=100.0000%, Lmin=-2294.55, Lmax=-135.53
15:40:25 [ultranest] [DEBUG] iteration=732, ncalls=1677, regioncalls=51080, ndraw=40, logz=-2281.46, remainder_fraction=100.0000%, Lmin=-2270.03, Lmax=-135.53
15:40:25 [ultranest] [DEBUG] iteration=742, ncalls=1711, regioncalls=52440, ndraw=40, logz=-2265.82, remainder_fraction=100.0000%, Lmin=-2255.21, Lmax=-125.84
15:40:25 [ultranest] [DEBUG] iteration=755, ncalls=1746, regioncalls=53840, ndraw=40, logz=-2230.25, remainder_fraction=100.0000%, Lmin=-2221.10, Lmax=-99.05
15:40:25 [ultranest] [DEBUG] iteration=760, ncalls=1751, regioncalls=54040, ndraw=40, logz=-2219.81, remainder_fraction=100.0000%, Lmin=-2211.49, Lmax=-99.05
15:40:25 [ultranest] [DEBUG] iteration=773, ncalls=1782, regioncalls=55280, ndraw=40, logz=-2195.27, remainder_fraction=100.0000%, Lmin=-2186.06, Lmax=-99.05
15:40:25 [ultranest] [DEBUG] iteration=788, ncalls=1810, regioncalls=56400, ndraw=40, logz=-2167.26, remainder_fraction=100.0000%, Lmin=-2155.48, Lmax=-99.05
15:40:25 [ultranest] [DEBUG] iteration=796, ncalls=1846, regioncalls=57840, ndraw=40, logz=-2144.60, remainder_fraction=100.0000%, Lmin=-2134.36, Lmax=-99.05
15:40:25 [ultranest] [DEBUG] iteration=800, ncalls=1858, regioncalls=58320, ndraw=40, logz=-2116.42, remainder_fraction=100.0000%, Lmin=-2107.69, Lmax=-99.05
15:40:25 [ultranest] [DEBUG] iteration=809, ncalls=1892, regioncalls=59680, ndraw=40, logz=-2094.02, remainder_fraction=100.0000%, Lmin=-2070.53, Lmax=-99.05
15:40:25 [ultranest] [DEBUG] iteration=817, ncalls=1926, regioncalls=61040, ndraw=40, logz=-2057.73, remainder_fraction=100.0000%, Lmin=-2047.86, Lmax=-99.05
15:40:25 [ultranest] [DEBUG] iteration=826, ncalls=1959, regioncalls=62360, ndraw=40, logz=-2017.51, remainder_fraction=100.0000%, Lmin=-2008.46, Lmax=-99.05
15:40:26 [ultranest] [DEBUG] iteration=840, ncalls=1989, regioncalls=63560, ndraw=40, logz=-1979.69, remainder_fraction=100.0000%, Lmin=-1972.04, Lmax=-99.05
15:40:26 [ultranest] [DEBUG] iteration=853, ncalls=2025, regioncalls=65000, ndraw=40, logz=-1959.44, remainder_fraction=100.0000%, Lmin=-1950.28, Lmax=-71.11
15:40:26 [ultranest] [DEBUG] iteration=859, ncalls=2055, regioncalls=66200, ndraw=40, logz=-1934.92, remainder_fraction=100.0000%, Lmin=-1919.06, Lmax=-71.11
15:40:26 [ultranest] [DEBUG] iteration=868, ncalls=2088, regioncalls=67520, ndraw=40, logz=-1907.58, remainder_fraction=100.0000%, Lmin=-1898.89, Lmax=-71.11
15:40:26 [ultranest] [DEBUG] iteration=880, ncalls=2118, regioncalls=68720, ndraw=40, logz=-1881.88, remainder_fraction=100.0000%, Lmin=-1869.53, Lmax=-71.11
15:40:26 [ultranest] [DEBUG] iteration=888, ncalls=2150, regioncalls=70000, ndraw=40, logz=-1853.14, remainder_fraction=100.0000%, Lmin=-1844.21, Lmax=-71.11
15:40:26 [ultranest] [DEBUG] iteration=899, ncalls=2184, regioncalls=71360, ndraw=40, logz=-1815.17, remainder_fraction=100.0000%, Lmin=-1806.55, Lmax=-71.11
15:40:26 [ultranest] [DEBUG] iteration=910, ncalls=2218, regioncalls=72720, ndraw=40, logz=-1792.57, remainder_fraction=100.0000%, Lmin=-1780.97, Lmax=-71.11
15:40:26 [ultranest] [DEBUG] iteration=919, ncalls=2254, regioncalls=74160, ndraw=40, logz=-1764.05, remainder_fraction=100.0000%, Lmin=-1753.51, Lmax=-71.11
15:40:26 [ultranest] [DEBUG] iteration=920, ncalls=2255, regioncalls=74200, ndraw=40, logz=-1761.83, remainder_fraction=100.0000%, Lmin=-1751.56, Lmax=-71.11
15:40:26 [ultranest] [DEBUG] iteration=933, ncalls=2289, regioncalls=75560, ndraw=40, logz=-1726.97, remainder_fraction=100.0000%, Lmin=-1715.90, Lmax=-71.11
15:40:27 [ultranest] [DEBUG] iteration=941, ncalls=2316, regioncalls=76640, ndraw=40, logz=-1704.42, remainder_fraction=100.0000%, Lmin=-1694.25, Lmax=-71.11
15:40:27 [ultranest] [DEBUG] iteration=951, ncalls=2355, regioncalls=78200, ndraw=40, logz=-1650.50, remainder_fraction=100.0000%, Lmin=-1642.46, Lmax=-71.11
15:40:27 [ultranest] [DEBUG] iteration=960, ncalls=2382, regioncalls=79280, ndraw=40, logz=-1618.57, remainder_fraction=100.0000%, Lmin=-1607.59, Lmax=-71.11
15:40:27 [ultranest] [DEBUG] iteration=971, ncalls=2421, regioncalls=80840, ndraw=40, logz=-1574.69, remainder_fraction=100.0000%, Lmin=-1564.36, Lmax=-71.11
15:40:27 [ultranest] [DEBUG] iteration=983, ncalls=2460, regioncalls=82400, ndraw=40, logz=-1539.52, remainder_fraction=100.0000%, Lmin=-1528.74, Lmax=-71.11
15:40:27 [ultranest] [DEBUG] iteration=991, ncalls=2494, regioncalls=83760, ndraw=40, logz=-1528.32, remainder_fraction=100.0000%, Lmin=-1517.62, Lmax=-71.11
15:40:27 [ultranest] [DEBUG] iteration=1000, ncalls=2523, regioncalls=84920, ndraw=40, logz=-1506.43, remainder_fraction=100.0000%, Lmin=-1493.32, Lmax=-71.11
15:40:27 [ultranest] [DEBUG] iteration=1009, ncalls=2557, regioncalls=86280, ndraw=40, logz=-1464.95, remainder_fraction=100.0000%, Lmin=-1452.69, Lmax=-71.11
15:40:27 [ultranest] [DEBUG] iteration=1020, ncalls=2587, regioncalls=87480, ndraw=40, logz=-1425.49, remainder_fraction=100.0000%, Lmin=-1417.07, Lmax=-71.11
15:40:28 [ultranest] [DEBUG] iteration=1031, ncalls=2626, regioncalls=89040, ndraw=40, logz=-1391.10, remainder_fraction=100.0000%, Lmin=-1382.60, Lmax=-71.11
15:40:28 [ultranest] [DEBUG] iteration=1036, ncalls=2663, regioncalls=90520, ndraw=40, logz=-1374.40, remainder_fraction=100.0000%, Lmin=-1363.64, Lmax=-71.11
15:40:28 [ultranest] [DEBUG] iteration=1040, ncalls=2685, regioncalls=91400, ndraw=40, logz=-1366.36, remainder_fraction=100.0000%, Lmin=-1357.29, Lmax=-71.11
15:40:28 [ultranest] [DEBUG] iteration=1048, ncalls=2721, regioncalls=92840, ndraw=40, logz=-1339.69, remainder_fraction=100.0000%, Lmin=-1331.10, Lmax=-71.11
15:40:28 [ultranest] [DEBUG] iteration=1054, ncalls=2757, regioncalls=94280, ndraw=40, logz=-1319.75, remainder_fraction=100.0000%, Lmin=-1308.07, Lmax=-71.11
15:40:28 [ultranest] [DEBUG] iteration=1062, ncalls=2792, regioncalls=95680, ndraw=40, logz=-1278.01, remainder_fraction=100.0000%, Lmin=-1265.43, Lmax=-71.11
15:40:28 [ultranest] [DEBUG] iteration=1074, ncalls=2829, regioncalls=97160, ndraw=40, logz=-1250.32, remainder_fraction=100.0000%, Lmin=-1239.36, Lmax=-71.11
15:40:28 [ultranest] [DEBUG] iteration=1080, ncalls=2860, regioncalls=98400, ndraw=40, logz=-1238.54, remainder_fraction=100.0000%, Lmin=-1229.97, Lmax=-71.11
15:40:28 [ultranest] [DEBUG] iteration=1087, ncalls=2885, regioncalls=99400, ndraw=40, logz=-1222.34, remainder_fraction=100.0000%, Lmin=-1213.88, Lmax=-71.11
15:40:28 [ultranest] [DEBUG] iteration=1098, ncalls=2915, regioncalls=100600, ndraw=40, logz=-1200.40, remainder_fraction=100.0000%, Lmin=-1191.14, Lmax=-71.11
15:40:29 [ultranest] [DEBUG] iteration=1108, ncalls=2960, regioncalls=102400, ndraw=40, logz=-1165.88, remainder_fraction=100.0000%, Lmin=-1156.37, Lmax=-71.11
15:40:29 [ultranest] [DEBUG] iteration=1113, ncalls=3000, regioncalls=104000, ndraw=40, logz=-1156.09, remainder_fraction=100.0000%, Lmin=-1147.21, Lmax=-71.11
15:40:29 [ultranest] [DEBUG] iteration=1120, ncalls=3021, regioncalls=104840, ndraw=40, logz=-1146.97, remainder_fraction=100.0000%, Lmin=-1137.82, Lmax=-71.11
15:40:29 [ultranest] [DEBUG] iteration=1129, ncalls=3055, regioncalls=106200, ndraw=40, logz=-1126.84, remainder_fraction=100.0000%, Lmin=-1117.28, Lmax=-71.11
15:40:29 [ultranest] [DEBUG] iteration=1139, ncalls=3091, regioncalls=107640, ndraw=40, logz=-1096.20, remainder_fraction=100.0000%, Lmin=-1086.41, Lmax=-71.11
15:40:29 [ultranest] [DEBUG] iteration=1147, ncalls=3129, regioncalls=109160, ndraw=40, logz=-1068.75, remainder_fraction=100.0000%, Lmin=-1057.39, Lmax=-71.11
15:40:29 [ultranest] [DEBUG] iteration=1156, ncalls=3175, regioncalls=111000, ndraw=40, logz=-1037.76, remainder_fraction=100.0000%, Lmin=-1027.97, Lmax=-71.11
15:40:29 [ultranest] [DEBUG] iteration=1160, ncalls=3191, regioncalls=111640, ndraw=40, logz=-1033.13, remainder_fraction=100.0000%, Lmin=-1021.55, Lmax=-71.11
15:40:29 [ultranest] [DEBUG] clustering found some stray points [need_accept=False] (array([1, 2]), array([339,   1]))
15:40:29 [ultranest] [DEBUG] iteration=1166, ncalls=3223, regioncalls=112920, ndraw=40, logz=-1019.06, remainder_fraction=100.0000%, Lmin=-1009.33, Lmax=-71.11
15:40:29 [ultranest] [DEBUG] iteration=1175, ncalls=3258, regioncalls=114320, ndraw=40, logz=-1006.82, remainder_fraction=100.0000%, Lmin=-996.83, Lmax=-71.11
15:40:30 [ultranest] [DEBUG] iteration=1184, ncalls=3299, regioncalls=116000, ndraw=40, logz=-978.74, remainder_fraction=100.0000%, Lmin=-969.14, Lmax=-71.11
15:40:30 [ultranest] [DEBUG] iteration=1192, ncalls=3334, regioncalls=117400, ndraw=40, logz=-963.50, remainder_fraction=100.0000%, Lmin=-954.59, Lmax=-71.11
15:40:30 [ultranest] [DEBUG] iteration=1200, ncalls=3365, regioncalls=118640, ndraw=40, logz=-947.85, remainder_fraction=100.0000%, Lmin=-936.52, Lmax=-71.11
15:40:30 [ultranest] [DEBUG] iteration=1214, ncalls=3398, regioncalls=119960, ndraw=40, logz=-916.70, remainder_fraction=100.0000%, Lmin=-904.18, Lmax=-71.11
15:40:30 [ultranest] [DEBUG] iteration=1222, ncalls=3446, regioncalls=121880, ndraw=40, logz=-900.08, remainder_fraction=100.0000%, Lmin=-886.86, Lmax=-71.11
15:40:30 [ultranest] [DEBUG] iteration=1228, ncalls=3484, regioncalls=123400, ndraw=40, logz=-885.84, remainder_fraction=100.0000%, Lmin=-876.19, Lmax=-71.11
15:40:30 [ultranest] [DEBUG] iteration=1237, ncalls=3517, regioncalls=124720, ndraw=40, logz=-874.60, remainder_fraction=100.0000%, Lmin=-860.76, Lmax=-71.11
15:40:30 [ultranest] [DEBUG] iteration=1240, ncalls=3524, regioncalls=125000, ndraw=40, logz=-859.86, remainder_fraction=100.0000%, Lmin=-849.08, Lmax=-71.11
15:40:30 [ultranest] [DEBUG] iteration=1247, ncalls=3553, regioncalls=126160, ndraw=40, logz=-850.44, remainder_fraction=100.0000%, Lmin=-841.66, Lmax=-71.11
15:40:31 [ultranest] [DEBUG] iteration=1255, ncalls=3584, regioncalls=127400, ndraw=40, logz=-837.30, remainder_fraction=100.0000%, Lmin=-826.93, Lmax=-71.11
15:40:31 [ultranest] [DEBUG] iteration=1265, ncalls=3615, regioncalls=128640, ndraw=40, logz=-823.73, remainder_fraction=100.0000%, Lmin=-813.38, Lmax=-71.11
15:40:31 [ultranest] [DEBUG] iteration=1271, ncalls=3658, regioncalls=130360, ndraw=40, logz=-816.97, remainder_fraction=100.0000%, Lmin=-804.27, Lmax=-71.11
15:40:31 [ultranest] [DEBUG] iteration=1280, ncalls=3688, regioncalls=131560, ndraw=40, logz=-797.80, remainder_fraction=100.0000%, Lmin=-773.01, Lmax=-71.11
15:40:31 [ultranest] [DEBUG] iteration=1286, ncalls=3726, regioncalls=133080, ndraw=40, logz=-775.86, remainder_fraction=100.0000%, Lmin=-766.29, Lmax=-71.11
15:40:31 [ultranest] [DEBUG] iteration=1294, ncalls=3760, regioncalls=134440, ndraw=40, logz=-765.55, remainder_fraction=100.0000%, Lmin=-756.51, Lmax=-71.11
15:40:31 [ultranest] [DEBUG] iteration=1303, ncalls=3796, regioncalls=135880, ndraw=40, logz=-752.21, remainder_fraction=100.0000%, Lmin=-738.99, Lmax=-71.11
15:40:31 [ultranest] [DEBUG] iteration=1308, ncalls=3830, regioncalls=137240, ndraw=40, logz=-735.66, remainder_fraction=100.0000%, Lmin=-726.06, Lmax=-71.11
15:40:31 [ultranest] [DEBUG] iteration=1314, ncalls=3867, regioncalls=138720, ndraw=40, logz=-721.28, remainder_fraction=100.0000%, Lmin=-710.55, Lmax=-71.11
15:40:31 [ultranest] [DEBUG] iteration=1320, ncalls=3891, regioncalls=139680, ndraw=40, logz=-711.10, remainder_fraction=100.0000%, Lmin=-698.79, Lmax=-71.11
15:40:32 [ultranest] [DEBUG] iteration=1324, ncalls=3927, regioncalls=141120, ndraw=40, logz=-706.11, remainder_fraction=100.0000%, Lmin=-696.13, Lmax=-71.11
15:40:32 [ultranest] [DEBUG] iteration=1331, ncalls=3961, regioncalls=142480, ndraw=40, logz=-693.66, remainder_fraction=100.0000%, Lmin=-682.20, Lmax=-71.11
15:40:32 [ultranest] [DEBUG] iteration=1341, ncalls=3999, regioncalls=144000, ndraw=40, logz=-671.98, remainder_fraction=100.0000%, Lmin=-662.94, Lmax=-71.11
15:40:32 [ultranest] [DEBUG] iteration=1348, ncalls=4037, regioncalls=145520, ndraw=40, logz=-664.40, remainder_fraction=100.0000%, Lmin=-654.72, Lmax=-71.11
15:40:32 [ultranest] [DEBUG] iteration=1354, ncalls=4081, regioncalls=147280, ndraw=40, logz=-659.98, remainder_fraction=100.0000%, Lmin=-650.97, Lmax=-71.11
15:40:32 [ultranest] [DEBUG] iteration=1360, ncalls=4109, regioncalls=148400, ndraw=40, logz=-650.23, remainder_fraction=100.0000%, Lmin=-639.98, Lmax=-71.11
15:40:32 [ultranest] [DEBUG] iteration=1369, ncalls=4145, regioncalls=149840, ndraw=40, logz=-638.07, remainder_fraction=100.0000%, Lmin=-628.15, Lmax=-71.11
15:40:32 [ultranest] [DEBUG] iteration=1375, ncalls=4179, regioncalls=151200, ndraw=40, logz=-632.26, remainder_fraction=100.0000%, Lmin=-622.53, Lmax=-71.11
15:40:32 [ultranest] [DEBUG] iteration=1385, ncalls=4214, regioncalls=152600, ndraw=40, logz=-603.93, remainder_fraction=100.0000%, Lmin=-594.78, Lmax=-71.11
15:40:33 [ultranest] [DEBUG] iteration=1390, ncalls=4250, regioncalls=154040, ndraw=40, logz=-594.18, remainder_fraction=100.0000%, Lmin=-583.63, Lmax=-71.11
15:40:33 [ultranest] [DEBUG] iteration=1391, ncalls=4253, regioncalls=154160, ndraw=40, logz=-593.06, remainder_fraction=100.0000%, Lmin=-583.26, Lmax=-71.11
15:40:33 [ultranest] [DEBUG] iteration=1399, ncalls=4283, regioncalls=155400, ndraw=40, logz=-582.20, remainder_fraction=100.0000%, Lmin=-570.39, Lmax=-71.11
15:40:33 [ultranest] [DEBUG] iteration=1400, ncalls=4289, regioncalls=155640, ndraw=40, logz=-580.10, remainder_fraction=100.0000%, Lmin=-569.97, Lmax=-71.11
15:40:33 [ultranest] [DEBUG] iteration=1408, ncalls=4331, regioncalls=157320, ndraw=40, logz=-572.75, remainder_fraction=100.0000%, Lmin=-562.66, Lmax=-71.11
15:40:33 [ultranest] [DEBUG] iteration=1413, ncalls=4364, regioncalls=158680, ndraw=40, logz=-569.11, remainder_fraction=100.0000%, Lmin=-559.10, Lmax=-71.11
15:40:33 [ultranest] [DEBUG] iteration=1423, ncalls=4401, regioncalls=160240, ndraw=40, logz=-557.52, remainder_fraction=100.0000%, Lmin=-547.66, Lmax=-71.11
15:40:33 [ultranest] [DEBUG] iteration=1429, ncalls=4439, regioncalls=161880, ndraw=40, logz=-547.98, remainder_fraction=100.0000%, Lmin=-535.69, Lmax=-71.11
15:40:33 [ultranest] [DEBUG] iteration=1440, ncalls=4473, regioncalls=163240, ndraw=40, logz=-529.14, remainder_fraction=100.0000%, Lmin=-519.21, Lmax=-71.11
15:40:33 [ultranest] [DEBUG] iteration=1452, ncalls=4508, regioncalls=164680, ndraw=40, logz=-510.58, remainder_fraction=100.0000%, Lmin=-501.02, Lmax=-71.11
15:40:33 [ultranest] [DEBUG] iteration=1464, ncalls=4541, regioncalls=166000, ndraw=40, logz=-495.71, remainder_fraction=100.0000%, Lmin=-485.34, Lmax=-71.11
15:40:34 [ultranest] [DEBUG] iteration=1467, ncalls=4559, regioncalls=166720, ndraw=40, logz=-492.69, remainder_fraction=100.0000%, Lmin=-481.19, Lmax=-71.11
15:40:34 [ultranest] [DEBUG] iteration=1477, ncalls=4588, regioncalls=167960, ndraw=40, logz=-476.93, remainder_fraction=100.0000%, Lmin=-465.76, Lmax=-71.11
15:40:34 [ultranest] [DEBUG] iteration=1480, ncalls=4598, regioncalls=168360, ndraw=40, logz=-474.14, remainder_fraction=100.0000%, Lmin=-463.91, Lmax=-71.11
15:40:34 [ultranest] [DEBUG] iteration=1492, ncalls=4637, regioncalls=169920, ndraw=40, logz=-464.42, remainder_fraction=100.0000%, Lmin=-454.72, Lmax=-71.11
15:40:34 [ultranest] [DEBUG] iteration=1505, ncalls=4669, regioncalls=171200, ndraw=40, logz=-446.87, remainder_fraction=100.0000%, Lmin=-436.87, Lmax=-71.11
15:40:34 [ultranest] [DEBUG] iteration=1516, ncalls=4709, regioncalls=172800, ndraw=40, logz=-435.47, remainder_fraction=100.0000%, Lmin=-425.11, Lmax=-71.11
15:40:34 [ultranest] [DEBUG] iteration=1520, ncalls=4718, regioncalls=173160, ndraw=40, logz=-430.31, remainder_fraction=100.0000%, Lmin=-418.53, Lmax=-71.11
15:40:34 [ultranest] [DEBUG] iteration=1531, ncalls=4751, regioncalls=174480, ndraw=40, logz=-421.84, remainder_fraction=100.0000%, Lmin=-412.50, Lmax=-71.11
15:40:34 [ultranest] [DEBUG] iteration=1540, ncalls=4790, regioncalls=176040, ndraw=40, logz=-414.68, remainder_fraction=100.0000%, Lmin=-402.69, Lmax=-71.11
15:40:34 [ultranest] [DEBUG] iteration=1547, ncalls=4821, regioncalls=177280, ndraw=40, logz=-406.91, remainder_fraction=100.0000%, Lmin=-397.78, Lmax=-71.11
15:40:34 [ultranest] [DEBUG] iteration=1560, ncalls=4851, regioncalls=178480, ndraw=40, logz=-400.47, remainder_fraction=100.0000%, Lmin=-390.26, Lmax=-71.11
15:40:35 [ultranest] [DEBUG] iteration=1572, ncalls=4883, regioncalls=179760, ndraw=40, logz=-391.61, remainder_fraction=100.0000%, Lmin=-381.45, Lmax=-71.11
15:40:35 [ultranest] [DEBUG] iteration=1584, ncalls=4915, regioncalls=181040, ndraw=40, logz=-386.26, remainder_fraction=100.0000%, Lmin=-376.59, Lmax=-71.11
15:40:35 [ultranest] [DEBUG] iteration=1590, ncalls=4950, regioncalls=182440, ndraw=40, logz=-380.90, remainder_fraction=100.0000%, Lmin=-371.21, Lmax=-71.11
15:40:35 [ultranest] [DEBUG] iteration=1600, ncalls=4974, regioncalls=183400, ndraw=40, logz=-374.33, remainder_fraction=100.0000%, Lmin=-364.34, Lmax=-71.11
15:40:35 [ultranest] [DEBUG] iteration=1609, ncalls=5008, regioncalls=184760, ndraw=40, logz=-368.31, remainder_fraction=100.0000%, Lmin=-358.34, Lmax=-71.11
15:40:35 [ultranest] [DEBUG] iteration=1617, ncalls=5044, regioncalls=186200, ndraw=40, logz=-365.11, remainder_fraction=100.0000%, Lmin=-355.05, Lmax=-71.11
15:40:35 [ultranest] [DEBUG] iteration=1626, ncalls=5073, regioncalls=187360, ndraw=40, logz=-359.18, remainder_fraction=100.0000%, Lmin=-349.08, Lmax=-71.11
15:40:35 [ultranest] [DEBUG] iteration=1634, ncalls=5106, regioncalls=188680, ndraw=40, logz=-355.92, remainder_fraction=100.0000%, Lmin=-346.57, Lmax=-71.11
15:40:35 [ultranest] [DEBUG] iteration=1640, ncalls=5125, regioncalls=189440, ndraw=40, logz=-353.47, remainder_fraction=100.0000%, Lmin=-343.26, Lmax=-71.11
15:40:35 [ultranest] [DEBUG] iteration=1645, ncalls=5165, regioncalls=191040, ndraw=40, logz=-350.53, remainder_fraction=100.0000%, Lmin=-340.55, Lmax=-71.11
15:40:36 [ultranest] [DEBUG] iteration=1655, ncalls=5200, regioncalls=192440, ndraw=40, logz=-344.00, remainder_fraction=100.0000%, Lmin=-333.24, Lmax=-71.11
15:40:36 [ultranest] [DEBUG] iteration=1666, ncalls=5234, regioncalls=193800, ndraw=40, logz=-337.10, remainder_fraction=100.0000%, Lmin=-326.95, Lmax=-71.11
15:40:36 [ultranest] [DEBUG] iteration=1671, ncalls=5269, regioncalls=195200, ndraw=40, logz=-333.37, remainder_fraction=100.0000%, Lmin=-323.11, Lmax=-71.11
15:40:36 [ultranest] [DEBUG] iteration=1680, ncalls=5317, regioncalls=197120, ndraw=40, logz=-328.20, remainder_fraction=100.0000%, Lmin=-318.84, Lmax=-71.11
15:40:36 [ultranest] [DEBUG] iteration=1690, ncalls=5352, regioncalls=198520, ndraw=40, logz=-325.81, remainder_fraction=100.0000%, Lmin=-315.34, Lmax=-71.11
15:40:36 [ultranest] [DEBUG] iteration=1697, ncalls=5381, regioncalls=199680, ndraw=40, logz=-322.74, remainder_fraction=100.0000%, Lmin=-313.12, Lmax=-71.11
15:40:36 [ultranest] [DEBUG] iteration=1703, ncalls=5413, regioncalls=200960, ndraw=40, logz=-320.22, remainder_fraction=100.0000%, Lmin=-310.54, Lmax=-71.11
15:40:36 [ultranest] [DEBUG] iteration=1711, ncalls=5446, regioncalls=202280, ndraw=40, logz=-316.43, remainder_fraction=100.0000%, Lmin=-306.94, Lmax=-71.11
15:40:36 [ultranest] [DEBUG] iteration=1717, ncalls=5481, regioncalls=203680, ndraw=40, logz=-314.97, remainder_fraction=100.0000%, Lmin=-304.09, Lmax=-71.11
15:40:36 [ultranest] [DEBUG] iteration=1720, ncalls=5492, regioncalls=204120, ndraw=40, logz=-312.67, remainder_fraction=100.0000%, Lmin=-301.59, Lmax=-71.11
15:40:37 [ultranest] [DEBUG] iteration=1725, ncalls=5530, regioncalls=205640, ndraw=40, logz=-309.92, remainder_fraction=100.0000%, Lmin=-299.92, Lmax=-71.11
15:40:37 [ultranest] [DEBUG] iteration=1732, ncalls=5574, regioncalls=207400, ndraw=40, logz=-307.65, remainder_fraction=100.0000%, Lmin=-298.03, Lmax=-71.11
15:40:37 [ultranest] [DEBUG] iteration=1743, ncalls=5607, regioncalls=208720, ndraw=40, logz=-303.40, remainder_fraction=100.0000%, Lmin=-293.36, Lmax=-71.11
15:40:37 [ultranest] [DEBUG] iteration=1750, ncalls=5642, regioncalls=210120, ndraw=40, logz=-301.73, remainder_fraction=100.0000%, Lmin=-291.49, Lmax=-71.11
15:40:37 [ultranest] [DEBUG] iteration=1758, ncalls=5678, regioncalls=211560, ndraw=40, logz=-297.15, remainder_fraction=100.0000%, Lmin=-286.74, Lmax=-71.11
15:40:37 [ultranest] [DEBUG] iteration=1760, ncalls=5693, regioncalls=212160, ndraw=40, logz=-296.01, remainder_fraction=100.0000%, Lmin=-285.55, Lmax=-71.11
15:40:37 [ultranest] [DEBUG] iteration=1770, ncalls=5726, regioncalls=213480, ndraw=40, logz=-291.26, remainder_fraction=100.0000%, Lmin=-281.41, Lmax=-71.11
15:40:37 [ultranest] [DEBUG] iteration=1771, ncalls=5731, regioncalls=213800, ndraw=40, logz=-290.97, remainder_fraction=100.0000%, Lmin=-281.32, Lmax=-71.11
15:40:37 [ultranest] [DEBUG] iteration=1779, ncalls=5759, regioncalls=214960, ndraw=40, logz=-288.03, remainder_fraction=100.0000%, Lmin=-278.01, Lmax=-71.11
15:40:37 [ultranest] [DEBUG] iteration=1794, ncalls=5791, regioncalls=216240, ndraw=40, logz=-280.71, remainder_fraction=100.0000%, Lmin=-271.00, Lmax=-71.11
15:40:37 [ultranest] [DEBUG] iteration=1800, ncalls=5799, regioncalls=216560, ndraw=40, logz=-278.69, remainder_fraction=100.0000%, Lmin=-268.27, Lmax=-71.11
15:40:38 [ultranest] [DEBUG] iteration=1813, ncalls=5831, regioncalls=217840, ndraw=40, logz=-273.63, remainder_fraction=100.0000%, Lmin=-263.32, Lmax=-71.11
15:40:38 [ultranest] [DEBUG] iteration=1824, ncalls=5862, regioncalls=219080, ndraw=40, logz=-269.24, remainder_fraction=100.0000%, Lmin=-259.38, Lmax=-71.11
15:40:38 [ultranest] [DEBUG] iteration=1836, ncalls=5895, regioncalls=220440, ndraw=40, logz=-264.40, remainder_fraction=100.0000%, Lmin=-254.18, Lmax=-71.11
15:40:38 [ultranest] [DEBUG] iteration=1840, ncalls=5902, regioncalls=220720, ndraw=40, logz=-263.20, remainder_fraction=100.0000%, Lmin=-253.36, Lmax=-71.11
15:40:38 [ultranest] [DEBUG] iteration=1849, ncalls=5931, regioncalls=221880, ndraw=40, logz=-259.97, remainder_fraction=100.0000%, Lmin=-250.13, Lmax=-71.11
15:40:38 [ultranest] [DEBUG] iteration=1858, ncalls=5962, regioncalls=223120, ndraw=40, logz=-256.99, remainder_fraction=100.0000%, Lmin=-246.49, Lmax=-71.11
15:40:38 [ultranest] [DEBUG] iteration=1871, ncalls=5998, regioncalls=224560, ndraw=40, logz=-253.53, remainder_fraction=100.0000%, Lmin=-243.46, Lmax=-71.11
15:40:38 [ultranest] [DEBUG] iteration=1879, ncalls=6034, regioncalls=226000, ndraw=40, logz=-251.57, remainder_fraction=100.0000%, Lmin=-241.61, Lmax=-71.11
15:40:38 [ultranest] [DEBUG] iteration=1880, ncalls=6037, regioncalls=226120, ndraw=40, logz=-251.33, remainder_fraction=100.0000%, Lmin=-241.11, Lmax=-71.11
15:40:38 [ultranest] [DEBUG] iteration=1891, ncalls=6071, regioncalls=227480, ndraw=40, logz=-248.41, remainder_fraction=100.0000%, Lmin=-238.81, Lmax=-71.11
15:40:38 [ultranest] [DEBUG] iteration=1903, ncalls=6106, regioncalls=228880, ndraw=40, logz=-245.96, remainder_fraction=100.0000%, Lmin=-236.06, Lmax=-69.03
15:40:39 [ultranest] [DEBUG] iteration=1919, ncalls=6137, regioncalls=230120, ndraw=40, logz=-242.42, remainder_fraction=100.0000%, Lmin=-232.58, Lmax=-69.03
15:40:39 [ultranest] [DEBUG] iteration=1920, ncalls=6139, regioncalls=230200, ndraw=40, logz=-242.23, remainder_fraction=100.0000%, Lmin=-232.24, Lmax=-69.03
15:40:39 [ultranest] [DEBUG] clustering found some stray points [need_accept=False] (array([1, 2]), array([339,   1]))
15:40:39 [ultranest] [DEBUG] iteration=1930, ncalls=6165, regioncalls=231240, ndraw=40, logz=-240.47, remainder_fraction=100.0000%, Lmin=-230.37, Lmax=-69.03
15:40:39 [ultranest] [DEBUG] iteration=1937, ncalls=6196, regioncalls=232480, ndraw=40, logz=-239.08, remainder_fraction=100.0000%, Lmin=-229.39, Lmax=-69.03
15:40:39 [ultranest] [DEBUG] iteration=1948, ncalls=6231, regioncalls=233880, ndraw=40, logz=-236.52, remainder_fraction=100.0000%, Lmin=-226.08, Lmax=-69.03
15:40:39 [ultranest] [DEBUG] iteration=1959, ncalls=6265, regioncalls=235240, ndraw=40, logz=-234.14, remainder_fraction=100.0000%, Lmin=-224.13, Lmax=-69.03
15:40:39 [ultranest] [DEBUG] iteration=1960, ncalls=6272, regioncalls=235520, ndraw=40, logz=-233.94, remainder_fraction=100.0000%, Lmin=-223.36, Lmax=-69.03
15:40:39 [ultranest] [DEBUG] iteration=1973, ncalls=6305, regioncalls=236840, ndraw=40, logz=-230.86, remainder_fraction=100.0000%, Lmin=-221.00, Lmax=-69.03
15:40:39 [ultranest] [DEBUG] iteration=1981, ncalls=6341, regioncalls=238280, ndraw=40, logz=-229.77, remainder_fraction=100.0000%, Lmin=-220.08, Lmax=-69.03
15:40:39 [ultranest] [DEBUG] iteration=1993, ncalls=6374, regioncalls=239600, ndraw=40, logz=-227.71, remainder_fraction=100.0000%, Lmin=-217.58, Lmax=-69.03
15:40:39 [ultranest] [DEBUG] iteration=1999, ncalls=6394, regioncalls=240400, ndraw=40, logz=-226.64, remainder_fraction=100.0000%, Lmin=-216.64, Lmax=-69.03
15:40:39 [ultranest] [DEBUG] iteration=2000, ncalls=6396, regioncalls=240520, ndraw=40, logz=-226.46, remainder_fraction=100.0000%, Lmin=-216.63, Lmax=-69.03
15:40:39 [ultranest] [DEBUG] iteration=2010, ncalls=6429, regioncalls=241840, ndraw=40, logz=-225.11, remainder_fraction=100.0000%, Lmin=-215.52, Lmax=-69.03
15:40:40 [ultranest] [DEBUG] iteration=2017, ncalls=6458, regioncalls=243040, ndraw=40, logz=-224.31, remainder_fraction=100.0000%, Lmin=-214.49, Lmax=-69.03
15:40:40 [ultranest] [DEBUG] iteration=2028, ncalls=6492, regioncalls=244400, ndraw=40, logz=-222.87, remainder_fraction=100.0000%, Lmin=-212.75, Lmax=-69.03
15:40:40 [ultranest] [DEBUG] iteration=2036, ncalls=6526, regioncalls=245760, ndraw=40, logz=-221.75, remainder_fraction=100.0000%, Lmin=-212.24, Lmax=-69.03
15:40:40 [ultranest] [DEBUG] iteration=2040, ncalls=6538, regioncalls=246280, ndraw=40, logz=-221.35, remainder_fraction=100.0000%, Lmin=-212.06, Lmax=-69.03
15:40:40 [ultranest] [DEBUG] iteration=2049, ncalls=6570, regioncalls=247560, ndraw=40, logz=-220.46, remainder_fraction=100.0000%, Lmin=-210.82, Lmax=-69.03
15:40:40 [ultranest] [DEBUG] iteration=2060, ncalls=6603, regioncalls=248880, ndraw=40, logz=-218.76, remainder_fraction=100.0000%, Lmin=-208.71, Lmax=-69.03
15:40:40 [ultranest] [DEBUG] iteration=2071, ncalls=6635, regioncalls=250160, ndraw=40, logz=-217.02, remainder_fraction=100.0000%, Lmin=-207.10, Lmax=-69.03
15:40:40 [ultranest] [DEBUG] iteration=2080, ncalls=6662, regioncalls=251320, ndraw=40, logz=-215.80, remainder_fraction=100.0000%, Lmin=-206.05, Lmax=-69.03
15:40:40 [ultranest] [DEBUG] iteration=2092, ncalls=6691, regioncalls=252480, ndraw=40, logz=-213.91, remainder_fraction=100.0000%, Lmin=-203.61, Lmax=-69.03
15:40:40 [ultranest] [DEBUG] iteration=2102, ncalls=6724, regioncalls=253800, ndraw=40, logz=-212.01, remainder_fraction=100.0000%, Lmin=-201.57, Lmax=-69.03
15:40:41 [ultranest] [DEBUG] iteration=2113, ncalls=6757, regioncalls=255120, ndraw=40, logz=-210.07, remainder_fraction=100.0000%, Lmin=-199.80, Lmax=-69.03
15:40:41 [ultranest] [DEBUG] iteration=2120, ncalls=6779, regioncalls=256000, ndraw=40, logz=-209.04, remainder_fraction=100.0000%, Lmin=-198.95, Lmax=-69.03
15:40:41 [ultranest] [DEBUG] iteration=2131, ncalls=6814, regioncalls=257400, ndraw=40, logz=-206.81, remainder_fraction=100.0000%, Lmin=-195.85, Lmax=-69.03
15:40:41 [ultranest] [DEBUG] iteration=2148, ncalls=6849, regioncalls=258800, ndraw=40, logz=-201.99, remainder_fraction=100.0000%, Lmin=-191.59, Lmax=-69.03
15:40:41 [ultranest] [DEBUG] iteration=2160, ncalls=6868, regioncalls=259560, ndraw=40, logz=-199.96, remainder_fraction=100.0000%, Lmin=-188.88, Lmax=-69.03
15:40:41 [ultranest] [DEBUG] iteration=2167, ncalls=6895, regioncalls=260640, ndraw=40, logz=-197.97, remainder_fraction=100.0000%, Lmin=-186.93, Lmax=-69.03
15:40:41 [ultranest] [DEBUG] iteration=2177, ncalls=6928, regioncalls=261960, ndraw=40, logz=-195.55, remainder_fraction=100.0000%, Lmin=-185.09, Lmax=-69.03
15:40:41 [ultranest] [DEBUG] iteration=2188, ncalls=6962, regioncalls=263320, ndraw=40, logz=-193.19, remainder_fraction=100.0000%, Lmin=-183.07, Lmax=-69.03
15:40:41 [ultranest] [DEBUG] iteration=2200, ncalls=6987, regioncalls=264320, ndraw=40, logz=-191.08, remainder_fraction=100.0000%, Lmin=-180.61, Lmax=-69.03
15:40:41 [ultranest] [DEBUG] iteration=2211, ncalls=7024, regioncalls=265880, ndraw=40, logz=-188.09, remainder_fraction=100.0000%, Lmin=-176.70, Lmax=-69.03
15:40:42 [ultranest] [DEBUG] iteration=2223, ncalls=7063, regioncalls=267440, ndraw=40, logz=-185.44, remainder_fraction=100.0000%, Lmin=-175.02, Lmax=-69.03
15:40:42 [ultranest] [DEBUG] iteration=2230, ncalls=7090, regioncalls=268520, ndraw=40, logz=-184.29, remainder_fraction=100.0000%, Lmin=-173.72, Lmax=-64.55
15:40:42 [ultranest] [DEBUG] iteration=2236, ncalls=7122, regioncalls=269800, ndraw=40, logz=-183.46, remainder_fraction=100.0000%, Lmin=-173.15, Lmax=-64.55
15:40:42 [ultranest] [DEBUG] iteration=2240, ncalls=7134, regioncalls=270280, ndraw=40, logz=-182.90, remainder_fraction=100.0000%, Lmin=-172.50, Lmax=-64.55
15:40:42 [ultranest] [DEBUG] iteration=2247, ncalls=7169, regioncalls=271680, ndraw=40, logz=-182.06, remainder_fraction=100.0000%, Lmin=-171.78, Lmax=-64.55
15:40:42 [ultranest] [DEBUG] iteration=2261, ncalls=7210, regioncalls=273320, ndraw=40, logz=-179.78, remainder_fraction=100.0000%, Lmin=-169.42, Lmax=-64.55
15:40:42 [ultranest] [DEBUG] iteration=2273, ncalls=7244, regioncalls=274680, ndraw=40, logz=-178.04, remainder_fraction=100.0000%, Lmin=-167.54, Lmax=-64.55
15:40:42 [ultranest] [DEBUG] iteration=2280, ncalls=7281, regioncalls=276160, ndraw=40, logz=-177.12, remainder_fraction=100.0000%, Lmin=-166.81, Lmax=-63.16
15:40:42 [ultranest] [DEBUG] iteration=2288, ncalls=7316, regioncalls=277560, ndraw=40, logz=-176.04, remainder_fraction=100.0000%, Lmin=-165.17, Lmax=-63.16
15:40:42 [ultranest] [DEBUG] iteration=2300, ncalls=7354, regioncalls=279080, ndraw=40, logz=-174.29, remainder_fraction=100.0000%, Lmin=-163.72, Lmax=-63.16
15:40:42 [ultranest] [DEBUG] iteration=2303, ncalls=7360, regioncalls=279360, ndraw=40, logz=-173.86, remainder_fraction=100.0000%, Lmin=-163.12, Lmax=-63.16
15:40:43 [ultranest] [DEBUG] iteration=2315, ncalls=7387, regioncalls=280440, ndraw=40, logz=-172.17, remainder_fraction=100.0000%, Lmin=-161.56, Lmax=-63.16
15:40:43 [ultranest] [DEBUG] iteration=2320, ncalls=7405, regioncalls=281200, ndraw=40, logz=-171.47, remainder_fraction=100.0000%, Lmin=-160.73, Lmax=-63.16
15:40:43 [ultranest] [DEBUG] iteration=2330, ncalls=7442, regioncalls=282680, ndraw=40, logz=-170.20, remainder_fraction=100.0000%, Lmin=-159.92, Lmax=-63.16
15:40:43 [ultranest] [DEBUG] iteration=2339, ncalls=7478, regioncalls=284120, ndraw=40, logz=-169.32, remainder_fraction=100.0000%, Lmin=-158.92, Lmax=-63.16
15:40:43 [ultranest] [DEBUG] iteration=2354, ncalls=7509, regioncalls=285360, ndraw=40, logz=-167.74, remainder_fraction=100.0000%, Lmin=-157.47, Lmax=-63.16
15:40:43 [ultranest] [DEBUG] iteration=2360, ncalls=7524, regioncalls=285960, ndraw=40, logz=-167.18, remainder_fraction=100.0000%, Lmin=-156.78, Lmax=-63.16
15:40:43 [ultranest] [DEBUG] iteration=2372, ncalls=7555, regioncalls=287200, ndraw=40, logz=-165.82, remainder_fraction=100.0000%, Lmin=-154.77, Lmax=-63.16
15:40:43 [ultranest] [DEBUG] iteration=2383, ncalls=7584, regioncalls=288360, ndraw=40, logz=-164.12, remainder_fraction=100.0000%, Lmin=-152.97, Lmax=-61.97
15:40:43 [ultranest] [DEBUG] iteration=2394, ncalls=7615, regioncalls=289600, ndraw=40, logz=-162.54, remainder_fraction=100.0000%, Lmin=-151.37, Lmax=-61.97
15:40:43 [ultranest] [DEBUG] iteration=2400, ncalls=7629, regioncalls=290160, ndraw=40, logz=-161.43, remainder_fraction=100.0000%, Lmin=-150.43, Lmax=-61.97
15:40:43 [ultranest] [DEBUG] iteration=2410, ncalls=7663, regioncalls=291520, ndraw=40, logz=-160.26, remainder_fraction=100.0000%, Lmin=-149.80, Lmax=-61.97
15:40:44 [ultranest] [DEBUG] iteration=2418, ncalls=7701, regioncalls=293040, ndraw=40, logz=-159.27, remainder_fraction=100.0000%, Lmin=-148.21, Lmax=-61.97
15:40:44 [ultranest] [DEBUG] iteration=2429, ncalls=7734, regioncalls=294360, ndraw=40, logz=-157.75, remainder_fraction=100.0000%, Lmin=-146.95, Lmax=-61.97
15:40:44 [ultranest] [DEBUG] iteration=2437, ncalls=7774, regioncalls=295960, ndraw=40, logz=-156.56, remainder_fraction=100.0000%, Lmin=-145.62, Lmax=-61.97
15:40:44 [ultranest] [DEBUG] iteration=2440, ncalls=7778, regioncalls=296120, ndraw=40, logz=-156.21, remainder_fraction=100.0000%, Lmin=-145.41, Lmax=-61.97
15:40:44 [ultranest] [DEBUG] iteration=2453, ncalls=7810, regioncalls=297400, ndraw=40, logz=-154.21, remainder_fraction=100.0000%, Lmin=-142.28, Lmax=-61.97
15:40:44 [ultranest] [DEBUG] iteration=2462, ncalls=7836, regioncalls=298440, ndraw=40, logz=-152.07, remainder_fraction=100.0000%, Lmin=-140.71, Lmax=-61.97
15:40:44 [ultranest] [DEBUG] iteration=2471, ncalls=7870, regioncalls=299800, ndraw=40, logz=-150.60, remainder_fraction=100.0000%, Lmin=-139.35, Lmax=-61.97
15:40:44 [ultranest] [DEBUG] iteration=2478, ncalls=7908, regioncalls=301320, ndraw=40, logz=-149.56, remainder_fraction=100.0000%, Lmin=-138.60, Lmax=-61.97
15:40:44 [ultranest] [DEBUG] iteration=2480, ncalls=7915, regioncalls=301600, ndraw=40, logz=-149.33, remainder_fraction=100.0000%, Lmin=-138.38, Lmax=-61.97
15:40:44 [ultranest] [DEBUG] iteration=2490, ncalls=7955, regioncalls=303200, ndraw=40, logz=-148.20, remainder_fraction=100.0000%, Lmin=-137.26, Lmax=-61.97
15:40:45 [ultranest] [DEBUG] iteration=2502, ncalls=7992, regioncalls=304680, ndraw=40, logz=-146.67, remainder_fraction=100.0000%, Lmin=-135.75, Lmax=-61.97
15:40:45 [ultranest] [DEBUG] iteration=2510, ncalls=8028, regioncalls=306120, ndraw=40, logz=-145.86, remainder_fraction=100.0000%, Lmin=-135.06, Lmax=-61.97
15:40:45 [ultranest] [DEBUG] iteration=2520, ncalls=8057, regioncalls=307280, ndraw=40, logz=-144.89, remainder_fraction=100.0000%, Lmin=-134.11, Lmax=-61.97
15:40:45 [ultranest] [DEBUG] iteration=2530, ncalls=8095, regioncalls=308800, ndraw=40, logz=-143.97, remainder_fraction=100.0000%, Lmin=-133.32, Lmax=-61.97
15:40:45 [ultranest] [DEBUG] iteration=2531, ncalls=8107, regioncalls=309360, ndraw=40, logz=-143.89, remainder_fraction=100.0000%, Lmin=-133.29, Lmax=-61.97
15:40:45 [ultranest] [DEBUG] iteration=2540, ncalls=8136, regioncalls=310520, ndraw=40, logz=-143.27, remainder_fraction=100.0000%, Lmin=-132.52, Lmax=-61.97
15:40:45 [ultranest] [DEBUG] iteration=2548, ncalls=8177, regioncalls=312160, ndraw=40, logz=-142.60, remainder_fraction=100.0000%, Lmin=-131.96, Lmax=-61.97
15:40:45 [ultranest] [DEBUG] iteration=2555, ncalls=8213, regioncalls=313600, ndraw=40, logz=-142.07, remainder_fraction=100.0000%, Lmin=-131.07, Lmax=-61.97
15:40:45 [ultranest] [DEBUG] iteration=2560, ncalls=8225, regioncalls=314080, ndraw=40, logz=-141.47, remainder_fraction=100.0000%, Lmin=-130.28, Lmax=-61.97
15:40:45 [ultranest] [DEBUG] iteration=2566, ncalls=8265, regioncalls=315680, ndraw=40, logz=-140.71, remainder_fraction=100.0000%, Lmin=-129.44, Lmax=-61.97
15:40:45 [ultranest] [DEBUG] iteration=2577, ncalls=8301, regioncalls=317120, ndraw=40, logz=-139.55, remainder_fraction=100.0000%, Lmin=-128.75, Lmax=-61.97
15:40:46 [ultranest] [DEBUG] iteration=2590, ncalls=8337, regioncalls=318560, ndraw=40, logz=-138.56, remainder_fraction=100.0000%, Lmin=-127.82, Lmax=-61.97
15:40:46 [ultranest] [DEBUG] iteration=2597, ncalls=8376, regioncalls=320120, ndraw=40, logz=-138.09, remainder_fraction=100.0000%, Lmin=-127.46, Lmax=-61.97
15:40:46 [ultranest] [DEBUG] iteration=2600, ncalls=8387, regioncalls=320560, ndraw=40, logz=-137.89, remainder_fraction=100.0000%, Lmin=-127.21, Lmax=-61.97
15:40:46 [ultranest] [DEBUG] iteration=2607, ncalls=8404, regioncalls=321320, ndraw=40, logz=-137.39, remainder_fraction=100.0000%, Lmin=-126.42, Lmax=-61.97
15:40:46 [ultranest] [DEBUG] iteration=2614, ncalls=8434, regioncalls=322560, ndraw=40, logz=-136.86, remainder_fraction=100.0000%, Lmin=-126.04, Lmax=-61.97
15:40:46 [ultranest] [DEBUG] iteration=2625, ncalls=8465, regioncalls=323840, ndraw=40, logz=-136.05, remainder_fraction=100.0000%, Lmin=-125.10, Lmax=-61.97
15:40:46 [ultranest] [DEBUG] iteration=2636, ncalls=8500, regioncalls=325240, ndraw=40, logz=-135.26, remainder_fraction=100.0000%, Lmin=-124.54, Lmax=-61.97
15:40:46 [ultranest] [DEBUG] iteration=2640, ncalls=8516, regioncalls=325880, ndraw=40, logz=-135.02, remainder_fraction=100.0000%, Lmin=-124.39, Lmax=-61.97
15:40:46 [ultranest] [DEBUG] iteration=2658, ncalls=8550, regioncalls=327240, ndraw=40, logz=-134.12, remainder_fraction=100.0000%, Lmin=-123.43, Lmax=-61.97
15:40:46 [ultranest] [DEBUG] iteration=2670, ncalls=8585, regioncalls=328640, ndraw=40, logz=-133.27, remainder_fraction=100.0000%, Lmin=-122.06, Lmax=-61.97
15:40:46 [ultranest] [DEBUG] iteration=2680, ncalls=8607, regioncalls=329520, ndraw=40, logz=-132.41, remainder_fraction=100.0000%, Lmin=-121.13, Lmax=-61.97
15:40:47 [ultranest] [DEBUG] iteration=2690, ncalls=8639, regioncalls=330800, ndraw=40, logz=-131.56, remainder_fraction=100.0000%, Lmin=-120.19, Lmax=-61.97
15:40:47 [ultranest] [DEBUG] iteration=2703, ncalls=8673, regioncalls=332160, ndraw=40, logz=-130.38, remainder_fraction=100.0000%, Lmin=-119.27, Lmax=-61.97
15:40:47 [ultranest] [DEBUG] iteration=2716, ncalls=8705, regioncalls=333440, ndraw=40, logz=-129.45, remainder_fraction=100.0000%, Lmin=-118.04, Lmax=-61.97
15:40:47 [ultranest] [DEBUG] iteration=2720, ncalls=8713, regioncalls=333760, ndraw=40, logz=-129.09, remainder_fraction=100.0000%, Lmin=-117.82, Lmax=-61.97
15:40:47 [ultranest] [DEBUG] iteration=2734, ncalls=8745, regioncalls=335040, ndraw=40, logz=-128.15, remainder_fraction=100.0000%, Lmin=-117.27, Lmax=-61.97
15:40:47 [ultranest] [DEBUG] iteration=2745, ncalls=8778, regioncalls=336360, ndraw=40, logz=-127.47, remainder_fraction=100.0000%, Lmin=-116.14, Lmax=-61.97
15:40:47 [ultranest] [DEBUG] iteration=2757, ncalls=8813, regioncalls=337760, ndraw=40, logz=-126.60, remainder_fraction=100.0000%, Lmin=-115.49, Lmax=-61.97
15:40:47 [ultranest] [DEBUG] iteration=2760, ncalls=8821, regioncalls=338080, ndraw=40, logz=-126.42, remainder_fraction=100.0000%, Lmin=-115.44, Lmax=-61.97
15:40:47 [ultranest] [DEBUG] iteration=2772, ncalls=8851, regioncalls=339280, ndraw=40, logz=-125.73, remainder_fraction=100.0000%, Lmin=-114.68, Lmax=-61.97
15:40:47 [ultranest] [DEBUG] iteration=2784, ncalls=8888, regioncalls=340760, ndraw=40, logz=-124.87, remainder_fraction=100.0000%, Lmin=-113.13, Lmax=-61.97
15:40:48 [ultranest] [DEBUG] iteration=2800, ncalls=8916, regioncalls=341880, ndraw=40, logz=-123.59, remainder_fraction=100.0000%, Lmin=-112.33, Lmax=-61.97
15:40:48 [ultranest] [DEBUG] iteration=2814, ncalls=8950, regioncalls=343240, ndraw=40, logz=-122.80, remainder_fraction=100.0000%, Lmin=-111.79, Lmax=-61.97
15:40:48 [ultranest] [DEBUG] iteration=2830, ncalls=8983, regioncalls=344560, ndraw=40, logz=-122.00, remainder_fraction=100.0000%, Lmin=-110.81, Lmax=-61.97
15:40:48 [ultranest] [DEBUG] iteration=2838, ncalls=9008, regioncalls=345560, ndraw=40, logz=-121.56, remainder_fraction=100.0000%, Lmin=-110.09, Lmax=-61.97
15:40:48 [ultranest] [DEBUG] iteration=2840, ncalls=9012, regioncalls=345720, ndraw=40, logz=-121.42, remainder_fraction=100.0000%, Lmin=-110.02, Lmax=-61.97
15:40:48 [ultranest] [DEBUG] iteration=2851, ncalls=9044, regioncalls=347000, ndraw=40, logz=-120.69, remainder_fraction=100.0000%, Lmin=-109.25, Lmax=-61.97
15:40:48 [ultranest] [DEBUG] iteration=2861, ncalls=9089, regioncalls=348800, ndraw=40, logz=-119.98, remainder_fraction=100.0000%, Lmin=-108.41, Lmax=-61.97
15:40:48 [ultranest] [DEBUG] iteration=2868, ncalls=9125, regioncalls=350240, ndraw=40, logz=-119.53, remainder_fraction=100.0000%, Lmin=-108.09, Lmax=-61.97
15:40:48 [ultranest] [DEBUG] iteration=2878, ncalls=9164, regioncalls=351800, ndraw=40, logz=-118.91, remainder_fraction=100.0000%, Lmin=-107.51, Lmax=-61.97
15:40:48 [ultranest] [DEBUG] iteration=2880, ncalls=9176, regioncalls=352280, ndraw=40, logz=-118.79, remainder_fraction=100.0000%, Lmin=-107.38, Lmax=-61.97
15:40:48 [ultranest] [DEBUG] iteration=2893, ncalls=9207, regioncalls=353520, ndraw=40, logz=-118.05, remainder_fraction=100.0000%, Lmin=-106.61, Lmax=-61.97
15:40:49 [ultranest] [DEBUG] iteration=2906, ncalls=9241, regioncalls=354880, ndraw=40, logz=-117.26, remainder_fraction=100.0000%, Lmin=-105.73, Lmax=-61.97
15:40:49 [ultranest] [DEBUG] iteration=2911, ncalls=9256, regioncalls=355520, ndraw=40, logz=-116.91, remainder_fraction=100.0000%, Lmin=-105.18, Lmax=-61.97
15:40:49 [ultranest] [DEBUG] iteration=2920, ncalls=9274, regioncalls=356240, ndraw=40, logz=-116.33, remainder_fraction=100.0000%, Lmin=-104.80, Lmax=-61.97
15:40:49 [ultranest] [DEBUG] iteration=2939, ncalls=9307, regioncalls=357560, ndraw=40, logz=-115.22, remainder_fraction=100.0000%, Lmin=-103.84, Lmax=-61.97
15:40:49 [ultranest] [DEBUG] iteration=2949, ncalls=9346, regioncalls=359120, ndraw=40, logz=-114.72, remainder_fraction=100.0000%, Lmin=-103.15, Lmax=-61.97
15:40:49 [ultranest] [DEBUG] iteration=2960, ncalls=9378, regioncalls=360400, ndraw=40, logz=-113.98, remainder_fraction=100.0000%, Lmin=-102.03, Lmax=-61.97
15:40:49 [ultranest] [DEBUG] iteration=2977, ncalls=9408, regioncalls=361600, ndraw=40, logz=-112.77, remainder_fraction=100.0000%, Lmin=-101.02, Lmax=-61.97
15:40:49 [ultranest] [DEBUG] iteration=2988, ncalls=9436, regioncalls=362720, ndraw=40, logz=-112.03, remainder_fraction=100.0000%, Lmin=-100.13, Lmax=-61.97
15:40:49 [ultranest] [DEBUG] iteration=3000, ncalls=9457, regioncalls=363560, ndraw=40, logz=-111.28, remainder_fraction=100.0000%, Lmin=-99.49, Lmax=-61.97
15:40:49 [ultranest] [DEBUG] iteration=3015, ncalls=9487, regioncalls=364760, ndraw=40, logz=-110.44, remainder_fraction=100.0000%, Lmin=-98.60, Lmax=-61.97
15:40:50 [ultranest] [DEBUG] iteration=3028, ncalls=9519, regioncalls=366040, ndraw=40, logz=-109.69, remainder_fraction=100.0000%, Lmin=-97.88, Lmax=-61.97
15:40:50 [ultranest] [DEBUG] iteration=3040, ncalls=9546, regioncalls=367120, ndraw=40, logz=-109.02, remainder_fraction=100.0000%, Lmin=-97.14, Lmax=-61.97
15:40:50 [ultranest] [DEBUG] iteration=3050, ncalls=9586, regioncalls=368720, ndraw=40, logz=-108.36, remainder_fraction=100.0000%, Lmin=-95.75, Lmax=-61.97
15:40:50 [ultranest] [DEBUG] iteration=3058, ncalls=9621, regioncalls=370120, ndraw=40, logz=-107.51, remainder_fraction=100.0000%, Lmin=-95.21, Lmax=-61.97
15:40:50 [ultranest] [DEBUG] iteration=3063, ncalls=9627, regioncalls=370400, ndraw=40, logz=-107.08, remainder_fraction=100.0000%, Lmin=-94.83, Lmax=-61.97
15:40:50 [ultranest] [DEBUG] iteration=3077, ncalls=9656, regioncalls=371560, ndraw=40, logz=-106.08, remainder_fraction=100.0000%, Lmin=-94.11, Lmax=-61.97
15:40:50 [ultranest] [DEBUG] iteration=3080, ncalls=9663, regioncalls=371840, ndraw=40, logz=-105.91, remainder_fraction=100.0000%, Lmin=-94.03, Lmax=-61.97
15:40:50 [ultranest] [DEBUG] iteration=3096, ncalls=9694, regioncalls=373080, ndraw=40, logz=-105.02, remainder_fraction=100.0000%, Lmin=-93.14, Lmax=-61.97
15:40:50 [ultranest] [DEBUG] iteration=3112, ncalls=9725, regioncalls=374320, ndraw=40, logz=-104.22, remainder_fraction=100.0000%, Lmin=-92.32, Lmax=-61.97
15:40:50 [ultranest] [DEBUG] iteration=3119, ncalls=9755, regioncalls=375520, ndraw=40, logz=-103.90, remainder_fraction=100.0000%, Lmin=-92.16, Lmax=-61.97
15:40:50 [ultranest] [DEBUG] iteration=3120, ncalls=9757, regioncalls=375600, ndraw=40, logz=-103.86, remainder_fraction=100.0000%, Lmin=-92.13, Lmax=-61.97
15:40:50 [ultranest] [DEBUG] iteration=3136, ncalls=9791, regioncalls=376960, ndraw=40, logz=-103.23, remainder_fraction=100.0000%, Lmin=-91.42, Lmax=-61.97
15:40:51 [ultranest] [DEBUG] iteration=3146, ncalls=9819, regioncalls=378080, ndraw=40, logz=-102.83, remainder_fraction=100.0000%, Lmin=-91.14, Lmax=-61.97
15:40:51 [ultranest] [DEBUG] iteration=3155, ncalls=9850, regioncalls=379320, ndraw=40, logz=-102.48, remainder_fraction=100.0000%, Lmin=-90.63, Lmax=-61.97
15:40:51 [ultranest] [DEBUG] iteration=3160, ncalls=9862, regioncalls=379800, ndraw=40, logz=-102.28, remainder_fraction=100.0000%, Lmin=-90.52, Lmax=-61.97
15:40:51 [ultranest] [DEBUG] iteration=3168, ncalls=9901, regioncalls=381360, ndraw=40, logz=-101.97, remainder_fraction=100.0000%, Lmin=-90.19, Lmax=-61.97
15:40:51 [ultranest] [DEBUG] iteration=3180, ncalls=9934, regioncalls=382680, ndraw=40, logz=-101.47, remainder_fraction=100.0000%, Lmin=-89.55, Lmax=-61.97
15:40:51 [ultranest] [DEBUG] iteration=3191, ncalls=9963, regioncalls=383840, ndraw=40, logz=-101.03, remainder_fraction=100.0000%, Lmin=-89.07, Lmax=-61.97
15:40:51 [ultranest] [DEBUG] iteration=3200, ncalls=9990, regioncalls=384920, ndraw=40, logz=-100.66, remainder_fraction=100.0000%, Lmin=-88.65, Lmax=-61.97
15:40:51 [ultranest] [DEBUG] iteration=3210, ncalls=10024, regioncalls=386280, ndraw=40, logz=-100.26, remainder_fraction=100.0000%, Lmin=-88.29, Lmax=-61.97
15:40:51 [ultranest] [DEBUG] iteration=3215, ncalls=10032, regioncalls=386640, ndraw=40, logz=-100.05, remainder_fraction=100.0000%, Lmin=-87.96, Lmax=-61.97
15:40:51 [ultranest] [DEBUG] iteration=3227, ncalls=10060, regioncalls=387760, ndraw=40, logz=-99.50, remainder_fraction=100.0000%, Lmin=-87.36, Lmax=-61.97
15:40:51 [ultranest] [DEBUG] iteration=3240, ncalls=10084, regioncalls=388720, ndraw=40, logz=-98.96, remainder_fraction=100.0000%, Lmin=-86.94, Lmax=-61.97
15:40:52 [ultranest] [DEBUG] iteration=3254, ncalls=10114, regioncalls=389920, ndraw=40, logz=-98.41, remainder_fraction=100.0000%, Lmin=-86.38, Lmax=-61.97
15:40:52 [ultranest] [DEBUG] iteration=3268, ncalls=10150, regioncalls=391360, ndraw=40, logz=-97.89, remainder_fraction=100.0000%, Lmin=-85.75, Lmax=-61.97
15:40:52 [ultranest] [DEBUG] iteration=3280, ncalls=10169, regioncalls=392120, ndraw=40, logz=-97.42, remainder_fraction=100.0000%, Lmin=-85.28, Lmax=-61.97
15:40:52 [ultranest] [DEBUG] iteration=3295, ncalls=10195, regioncalls=393160, ndraw=40, logz=-96.86, remainder_fraction=100.0000%, Lmin=-84.67, Lmax=-61.97
15:40:52 [ultranest] [DEBUG] iteration=3304, ncalls=10224, regioncalls=394320, ndraw=40, logz=-96.52, remainder_fraction=100.0000%, Lmin=-84.33, Lmax=-61.97
15:40:52 [ultranest] [DEBUG] iteration=3320, ncalls=10254, regioncalls=395520, ndraw=40, logz=-95.88, remainder_fraction=100.0000%, Lmin=-83.46, Lmax=-61.97
15:40:52 [ultranest] [DEBUG] iteration=3329, ncalls=10287, regioncalls=396840, ndraw=40, logz=-95.49, remainder_fraction=100.0000%, Lmin=-83.11, Lmax=-61.97
15:40:52 [ultranest] [DEBUG] iteration=3343, ncalls=10318, regioncalls=398080, ndraw=40, logz=-94.90, remainder_fraction=100.0000%, Lmin=-82.52, Lmax=-61.97
15:40:52 [ultranest] [DEBUG] iteration=3356, ncalls=10354, regioncalls=399520, ndraw=40, logz=-94.39, remainder_fraction=100.0000%, Lmin=-81.97, Lmax=-61.85
15:40:52 [ultranest] [DEBUG] iteration=3360, ncalls=10365, regioncalls=399960, ndraw=40, logz=-94.24, remainder_fraction=100.0000%, Lmin=-81.88, Lmax=-61.85
15:40:52 [ultranest] [DEBUG] iteration=3367, ncalls=10377, regioncalls=400480, ndraw=40, logz=-93.97, remainder_fraction=100.0000%, Lmin=-81.57, Lmax=-61.85
15:40:53 [ultranest] [DEBUG] iteration=3378, ncalls=10408, regioncalls=401720, ndraw=40, logz=-93.56, remainder_fraction=100.0000%, Lmin=-81.25, Lmax=-61.85
15:40:53 [ultranest] [DEBUG] iteration=3390, ncalls=10444, regioncalls=403160, ndraw=40, logz=-93.19, remainder_fraction=100.0000%, Lmin=-81.03, Lmax=-61.85
15:40:53 [ultranest] [DEBUG] iteration=3400, ncalls=10468, regioncalls=404120, ndraw=40, logz=-92.90, remainder_fraction=100.0000%, Lmin=-80.75, Lmax=-61.85
15:40:53 [ultranest] [DEBUG] iteration=3412, ncalls=10500, regioncalls=405400, ndraw=40, logz=-92.58, remainder_fraction=100.0000%, Lmin=-80.43, Lmax=-61.85
15:40:53 [ultranest] [DEBUG] iteration=3425, ncalls=10532, regioncalls=406680, ndraw=40, logz=-92.25, remainder_fraction=100.0000%, Lmin=-80.09, Lmax=-61.85
15:40:53 [ultranest] [DEBUG] iteration=3440, ncalls=10563, regioncalls=407920, ndraw=40, logz=-91.88, remainder_fraction=100.0000%, Lmin=-79.73, Lmax=-61.85
15:40:53 [ultranest] [DEBUG] iteration=3443, ncalls=10580, regioncalls=408640, ndraw=40, logz=-91.81, remainder_fraction=100.0000%, Lmin=-79.65, Lmax=-61.85
15:40:53 [ultranest] [DEBUG] iteration=3460, ncalls=10605, regioncalls=409640, ndraw=40, logz=-91.36, remainder_fraction=100.0000%, Lmin=-78.89, Lmax=-61.85
15:40:53 [ultranest] [DEBUG] iteration=3474, ncalls=10637, regioncalls=410920, ndraw=40, logz=-90.91, remainder_fraction=100.0000%, Lmin=-78.42, Lmax=-61.85
15:40:53 [ultranest] [DEBUG] iteration=3480, ncalls=10646, regioncalls=411280, ndraw=40, logz=-90.73, remainder_fraction=100.0000%, Lmin=-78.30, Lmax=-61.85
15:40:53 [ultranest] [DEBUG] iteration=3494, ncalls=10677, regioncalls=412520, ndraw=40, logz=-90.35, remainder_fraction=100.0000%, Lmin=-78.02, Lmax=-61.85
15:40:54 [ultranest] [DEBUG] iteration=3511, ncalls=10708, regioncalls=413760, ndraw=40, logz=-89.96, remainder_fraction=99.9999%, Lmin=-77.70, Lmax=-61.85
15:40:54 [ultranest] [DEBUG] iteration=3519, ncalls=10723, regioncalls=414400, ndraw=40, logz=-89.76, remainder_fraction=99.9999%, Lmin=-77.38, Lmax=-61.85
15:40:54 [ultranest] [DEBUG] iteration=3520, ncalls=10724, regioncalls=414440, ndraw=40, logz=-89.74, remainder_fraction=99.9999%, Lmin=-77.35, Lmax=-61.85
15:40:54 [ultranest] [DEBUG] iteration=3536, ncalls=10751, regioncalls=415520, ndraw=40, logz=-89.34, remainder_fraction=99.9999%, Lmin=-76.89, Lmax=-61.85
15:40:54 [ultranest] [DEBUG] iteration=3548, ncalls=10782, regioncalls=416760, ndraw=40, logz=-89.03, remainder_fraction=99.9998%, Lmin=-76.49, Lmax=-61.85
15:40:54 [ultranest] [DEBUG] iteration=3560, ncalls=10803, regioncalls=417600, ndraw=40, logz=-88.71, remainder_fraction=99.9998%, Lmin=-76.12, Lmax=-61.85
15:40:54 [ultranest] [DEBUG] iteration=3574, ncalls=10830, regioncalls=418680, ndraw=40, logz=-88.34, remainder_fraction=99.9997%, Lmin=-75.70, Lmax=-61.85
15:40:54 [ultranest] [DEBUG] iteration=3588, ncalls=10862, regioncalls=419960, ndraw=40, logz=-87.98, remainder_fraction=99.9995%, Lmin=-75.24, Lmax=-61.85
15:40:54 [ultranest] [DEBUG] iteration=3595, ncalls=10878, regioncalls=420800, ndraw=40, logz=-87.77, remainder_fraction=99.9994%, Lmin=-74.89, Lmax=-61.85
15:40:54 [ultranest] [DEBUG] iteration=3600, ncalls=10894, regioncalls=421440, ndraw=40, logz=-87.62, remainder_fraction=99.9993%, Lmin=-74.78, Lmax=-61.85
15:40:54 [ultranest] [DEBUG] iteration=3618, ncalls=10921, regioncalls=422520, ndraw=40, logz=-87.11, remainder_fraction=99.9989%, Lmin=-74.24, Lmax=-61.85
15:40:54 [ultranest] [DEBUG] iteration=3633, ncalls=10953, regioncalls=423800, ndraw=40, logz=-86.69, remainder_fraction=99.9983%, Lmin=-73.87, Lmax=-61.85
15:40:54 [ultranest] [DEBUG] iteration=3640, ncalls=10965, regioncalls=424280, ndraw=40, logz=-86.51, remainder_fraction=99.9980%, Lmin=-73.72, Lmax=-61.85
15:40:55 [ultranest] [DEBUG] iteration=3659, ncalls=10995, regioncalls=425480, ndraw=40, logz=-86.06, remainder_fraction=99.9969%, Lmin=-73.34, Lmax=-61.85
15:40:55 [ultranest] [DEBUG] iteration=3671, ncalls=11013, regioncalls=426280, ndraw=40, logz=-85.77, remainder_fraction=99.9957%, Lmin=-73.03, Lmax=-61.85
15:40:55 [ultranest] [DEBUG] iteration=3680, ncalls=11032, regioncalls=427080, ndraw=40, logz=-85.58, remainder_fraction=99.9947%, Lmin=-72.88, Lmax=-61.85
15:40:55 [ultranest] [DEBUG] iteration=3696, ncalls=11060, regioncalls=428200, ndraw=40, logz=-85.25, remainder_fraction=99.9928%, Lmin=-72.56, Lmax=-61.85
15:40:55 [ultranest] [DEBUG] iteration=3707, ncalls=11092, regioncalls=429480, ndraw=40, logz=-85.04, remainder_fraction=99.9913%, Lmin=-72.42, Lmax=-61.85
15:40:55 [ultranest] [DEBUG] iteration=3720, ncalls=11113, regioncalls=430320, ndraw=40, logz=-84.80, remainder_fraction=99.9885%, Lmin=-72.08, Lmax=-61.85
15:40:55 [ultranest] [DEBUG] iteration=3736, ncalls=11148, regioncalls=431720, ndraw=40, logz=-84.49, remainder_fraction=99.9849%, Lmin=-71.68, Lmax=-61.85
15:40:55 [ultranest] [DEBUG] iteration=3747, ncalls=11180, regioncalls=433040, ndraw=40, logz=-84.27, remainder_fraction=99.9811%, Lmin=-71.45, Lmax=-61.85
15:40:55 [ultranest] [DEBUG] iteration=3760, ncalls=11196, regioncalls=433680, ndraw=40, logz=-84.02, remainder_fraction=99.9751%, Lmin=-71.20, Lmax=-61.85
15:40:55 [ultranest] [DEBUG] iteration=3779, ncalls=11224, regioncalls=434800, ndraw=40, logz=-83.69, remainder_fraction=99.9644%, Lmin=-70.95, Lmax=-61.85
15:40:55 [ultranest] [DEBUG] iteration=3795, ncalls=11254, regioncalls=436000, ndraw=40, logz=-83.43, remainder_fraction=99.9544%, Lmin=-70.69, Lmax=-61.85
15:40:56 [ultranest] [DEBUG] iteration=3800, ncalls=11269, regioncalls=436600, ndraw=40, logz=-83.35, remainder_fraction=99.9526%, Lmin=-70.62, Lmax=-61.85
15:40:56 [ultranest] [DEBUG] iteration=3816, ncalls=11302, regioncalls=437920, ndraw=40, logz=-83.11, remainder_fraction=99.9388%, Lmin=-70.37, Lmax=-61.85
15:40:56 [ultranest] [DEBUG] iteration=3823, ncalls=11318, regioncalls=438600, ndraw=40, logz=-83.01, remainder_fraction=99.9318%, Lmin=-70.27, Lmax=-61.85
15:40:56 [ultranest] [DEBUG] iteration=3837, ncalls=11342, regioncalls=439560, ndraw=40, logz=-82.80, remainder_fraction=99.9175%, Lmin=-69.98, Lmax=-61.85
15:40:56 [ultranest] [DEBUG] iteration=3840, ncalls=11348, regioncalls=439800, ndraw=40, logz=-82.76, remainder_fraction=99.9135%, Lmin=-69.94, Lmax=-61.85
15:40:56 [ultranest] [DEBUG] iteration=3861, ncalls=11377, regioncalls=440960, ndraw=40, logz=-82.45, remainder_fraction=99.8857%, Lmin=-69.53, Lmax=-61.85
15:40:56 [ultranest] [DEBUG] iteration=3872, ncalls=11409, regioncalls=442240, ndraw=40, logz=-82.28, remainder_fraction=99.8622%, Lmin=-69.35, Lmax=-61.85
15:40:56 [ultranest] [DEBUG] iteration=3880, ncalls=11431, regioncalls=443120, ndraw=40, logz=-82.16, remainder_fraction=99.8445%, Lmin=-69.21, Lmax=-61.85
15:40:56 [ultranest] [DEBUG] iteration=3895, ncalls=11462, regioncalls=444360, ndraw=40, logz=-81.94, remainder_fraction=99.8078%, Lmin=-69.04, Lmax=-61.85
15:40:56 [ultranest] [DEBUG] iteration=3899, ncalls=11468, regioncalls=444640, ndraw=40, logz=-81.89, remainder_fraction=99.7950%, Lmin=-68.99, Lmax=-61.85
15:40:56 [ultranest] [DEBUG] iteration=3908, ncalls=11497, regioncalls=445800, ndraw=40, logz=-81.77, remainder_fraction=99.7640%, Lmin=-68.89, Lmax=-61.85
15:40:56 [ultranest] [DEBUG] iteration=3920, ncalls=11528, regioncalls=447040, ndraw=40, logz=-81.62, remainder_fraction=99.7273%, Lmin=-68.71, Lmax=-61.85
15:40:57 [ultranest] [DEBUG] iteration=3934, ncalls=11559, regioncalls=448280, ndraw=40, logz=-81.44, remainder_fraction=99.6798%, Lmin=-68.54, Lmax=-61.85
15:40:57 [ultranest] [DEBUG] iteration=3956, ncalls=11587, regioncalls=449400, ndraw=40, logz=-81.18, remainder_fraction=99.6025%, Lmin=-68.29, Lmax=-61.85
15:40:57 [ultranest] [DEBUG] iteration=3960, ncalls=11594, regioncalls=449680, ndraw=40, logz=-81.14, remainder_fraction=99.5821%, Lmin=-68.28, Lmax=-61.85
15:40:57 [ultranest] [DEBUG] iteration=3975, ncalls=11624, regioncalls=450880, ndraw=40, logz=-80.97, remainder_fraction=99.5076%, Lmin=-68.04, Lmax=-61.85
15:40:57 [ultranest] [DEBUG] iteration=3989, ncalls=11652, regioncalls=452000, ndraw=40, logz=-80.82, remainder_fraction=99.4071%, Lmin=-67.85, Lmax=-61.85
15:40:57 [ultranest] [DEBUG] iteration=4000, ncalls=11677, regioncalls=453000, ndraw=40, logz=-80.70, remainder_fraction=99.3214%, Lmin=-67.74, Lmax=-61.85
15:40:57 [ultranest] [DEBUG] iteration=4014, ncalls=11708, regioncalls=454240, ndraw=40, logz=-80.55, remainder_fraction=99.2219%, Lmin=-67.60, Lmax=-61.85
15:40:57 [ultranest] [DEBUG] iteration=4026, ncalls=11745, regioncalls=455720, ndraw=40, logz=-80.43, remainder_fraction=99.1166%, Lmin=-67.48, Lmax=-61.85
15:40:57 [ultranest] [DEBUG] iteration=4039, ncalls=11779, regioncalls=457080, ndraw=40, logz=-80.30, remainder_fraction=98.9882%, Lmin=-67.29, Lmax=-61.85
15:40:57 [ultranest] [DEBUG] iteration=4040, ncalls=11789, regioncalls=457480, ndraw=40, logz=-80.29, remainder_fraction=98.9756%, Lmin=-67.29, Lmax=-61.85
15:40:57 [ultranest] [DEBUG] iteration=4051, ncalls=11812, regioncalls=458440, ndraw=40, logz=-80.18, remainder_fraction=98.8281%, Lmin=-67.19, Lmax=-61.85
15:40:58 [ultranest] [DEBUG] iteration=4071, ncalls=11837, regioncalls=459440, ndraw=40, logz=-80.00, remainder_fraction=98.5694%, Lmin=-67.02, Lmax=-61.85
15:40:58 [ultranest] [DEBUG] iteration=4080, ncalls=11852, regioncalls=460040, ndraw=40, logz=-79.92, remainder_fraction=98.4266%, Lmin=-66.94, Lmax=-61.85
15:40:58 [ultranest] [DEBUG] iteration=4098, ncalls=11881, regioncalls=461200, ndraw=40, logz=-79.77, remainder_fraction=98.1565%, Lmin=-66.81, Lmax=-61.85
15:40:58 [ultranest] [DEBUG] iteration=4115, ncalls=11910, regioncalls=462360, ndraw=40, logz=-79.64, remainder_fraction=97.8612%, Lmin=-66.63, Lmax=-61.85
15:40:58 [ultranest] [DEBUG] iteration=4120, ncalls=11916, regioncalls=462600, ndraw=40, logz=-79.60, remainder_fraction=97.7496%, Lmin=-66.61, Lmax=-61.85
15:40:58 [ultranest] [DEBUG] iteration=4127, ncalls=11927, regioncalls=463080, ndraw=40, logz=-79.55, remainder_fraction=97.7514%, Lmin=-66.52, Lmax=-61.85
15:40:58 [ultranest] [DEBUG] iteration=4143, ncalls=11950, regioncalls=464000, ndraw=40, logz=-79.42, remainder_fraction=97.4090%, Lmin=-66.38, Lmax=-61.85
15:40:58 [ultranest] [DEBUG] iteration=4160, ncalls=11974, regioncalls=464960, ndraw=40, logz=-79.30, remainder_fraction=96.9643%, Lmin=-66.24, Lmax=-61.85
15:40:58 [ultranest] [DEBUG] iteration=4176, ncalls=12007, regioncalls=466280, ndraw=40, logz=-79.18, remainder_fraction=96.5880%, Lmin=-66.08, Lmax=-61.85
15:40:58 [ultranest] [DEBUG] iteration=4189, ncalls=12039, regioncalls=467560, ndraw=40, logz=-79.09, remainder_fraction=96.2557%, Lmin=-66.01, Lmax=-61.85
15:40:58 [ultranest] [DEBUG] iteration=4200, ncalls=12060, regioncalls=468400, ndraw=40, logz=-79.01, remainder_fraction=95.9233%, Lmin=-65.89, Lmax=-61.85
15:40:58 [ultranest] [DEBUG] iteration=4203, ncalls=12066, regioncalls=468800, ndraw=40, logz=-78.99, remainder_fraction=95.8096%, Lmin=-65.87, Lmax=-61.85
15:40:58 [ultranest] [DEBUG] iteration=4217, ncalls=12094, regioncalls=469920, ndraw=40, logz=-78.90, remainder_fraction=95.3955%, Lmin=-65.73, Lmax=-61.85
15:40:59 [ultranest] [DEBUG] iteration=4230, ncalls=12125, regioncalls=471160, ndraw=40, logz=-78.81, remainder_fraction=95.0981%, Lmin=-65.65, Lmax=-61.75
15:40:59 [ultranest] [DEBUG] iteration=4240, ncalls=12153, regioncalls=472280, ndraw=40, logz=-78.74, remainder_fraction=94.7152%, Lmin=-65.59, Lmax=-61.75
15:40:59 [ultranest] [DEBUG] iteration=4254, ncalls=12184, regioncalls=473520, ndraw=40, logz=-78.65, remainder_fraction=94.1947%, Lmin=-65.49, Lmax=-61.75
15:40:59 [ultranest] [DEBUG] iteration=4267, ncalls=12216, regioncalls=474800, ndraw=40, logz=-78.58, remainder_fraction=93.7675%, Lmin=-65.43, Lmax=-61.75
15:40:59 [ultranest] [DEBUG] iteration=4279, ncalls=12244, regioncalls=475960, ndraw=40, logz=-78.51, remainder_fraction=93.3558%, Lmin=-65.31, Lmax=-61.75
15:40:59 [ultranest] [DEBUG] iteration=4280, ncalls=12245, regioncalls=476000, ndraw=40, logz=-78.50, remainder_fraction=93.3075%, Lmin=-65.31, Lmax=-61.75
15:40:59 [ultranest] [DEBUG] iteration=4292, ncalls=12271, regioncalls=477120, ndraw=40, logz=-78.43, remainder_fraction=92.7900%, Lmin=-65.26, Lmax=-61.75
15:40:59 [ultranest] [DEBUG] iteration=4311, ncalls=12298, regioncalls=478200, ndraw=40, logz=-78.33, remainder_fraction=91.8985%, Lmin=-65.07, Lmax=-61.75
15:40:59 [ultranest] [DEBUG] iteration=4320, ncalls=12315, regioncalls=478960, ndraw=40, logz=-78.27, remainder_fraction=91.4948%, Lmin=-65.00, Lmax=-61.75
15:40:59 [ultranest] [DEBUG] iteration=4337, ncalls=12348, regioncalls=480280, ndraw=40, logz=-78.18, remainder_fraction=90.7066%, Lmin=-64.87, Lmax=-61.75
15:40:59 [ultranest] [DEBUG] iteration=4355, ncalls=12377, regioncalls=481480, ndraw=40, logz=-78.08, remainder_fraction=89.7724%, Lmin=-64.77, Lmax=-61.75
15:40:59 [ultranest] [DEBUG] iteration=4360, ncalls=12386, regioncalls=481840, ndraw=40, logz=-78.06, remainder_fraction=89.4615%, Lmin=-64.71, Lmax=-61.75
15:41:00 [ultranest] [DEBUG] iteration=4377, ncalls=12411, regioncalls=482920, ndraw=40, logz=-77.96, remainder_fraction=88.3639%, Lmin=-64.57, Lmax=-61.75
15:41:00 [ultranest] [DEBUG] iteration=4398, ncalls=12438, regioncalls=484040, ndraw=40, logz=-77.85, remainder_fraction=87.1047%, Lmin=-64.48, Lmax=-61.75
15:41:00 [ultranest] [DEBUG] iteration=4400, ncalls=12441, regioncalls=484160, ndraw=40, logz=-77.84, remainder_fraction=86.9575%, Lmin=-64.48, Lmax=-61.75
15:41:00 [ultranest] [DEBUG] iteration=4412, ncalls=12475, regioncalls=485560, ndraw=40, logz=-77.79, remainder_fraction=86.1448%, Lmin=-64.41, Lmax=-61.75
15:41:00 [ultranest] [DEBUG] iteration=4429, ncalls=12500, regioncalls=486640, ndraw=40, logz=-77.70, remainder_fraction=84.8607%, Lmin=-64.33, Lmax=-61.75
15:41:00 [ultranest] [DEBUG] iteration=4431, ncalls=12507, regioncalls=486960, ndraw=40, logz=-77.70, remainder_fraction=84.7053%, Lmin=-64.32, Lmax=-61.75
15:41:00 [ultranest] [DEBUG] iteration=4440, ncalls=12525, regioncalls=487680, ndraw=40, logz=-77.66, remainder_fraction=84.0258%, Lmin=-64.27, Lmax=-61.75
15:41:00 [ultranest] [DEBUG] iteration=4456, ncalls=12553, regioncalls=488840, ndraw=40, logz=-77.58, remainder_fraction=83.0023%, Lmin=-64.17, Lmax=-61.75
15:41:00 [ultranest] [DEBUG] iteration=4473, ncalls=12583, regioncalls=490040, ndraw=40, logz=-77.51, remainder_fraction=81.6691%, Lmin=-64.09, Lmax=-61.75
15:41:00 [ultranest] [DEBUG] iteration=4480, ncalls=12594, regioncalls=490480, ndraw=40, logz=-77.48, remainder_fraction=81.1437%, Lmin=-64.06, Lmax=-61.75
15:41:00 [ultranest] [DEBUG] iteration=4494, ncalls=12619, regioncalls=491480, ndraw=40, logz=-77.42, remainder_fraction=80.0820%, Lmin=-64.02, Lmax=-61.75
15:41:00 [ultranest] [DEBUG] iteration=4507, ncalls=12649, regioncalls=492720, ndraw=40, logz=-77.37, remainder_fraction=78.9369%, Lmin=-63.98, Lmax=-61.75
15:41:01 [ultranest] [DEBUG] iteration=4520, ncalls=12669, regioncalls=493600, ndraw=40, logz=-77.33, remainder_fraction=77.8340%, Lmin=-63.90, Lmax=-61.75
15:41:01 [ultranest] [DEBUG] iteration=4540, ncalls=12695, regioncalls=494640, ndraw=40, logz=-77.26, remainder_fraction=76.3417%, Lmin=-63.84, Lmax=-61.75
15:41:01 [ultranest] [DEBUG] iteration=4558, ncalls=12724, regioncalls=495800, ndraw=40, logz=-77.19, remainder_fraction=74.9173%, Lmin=-63.76, Lmax=-61.75
15:41:01 [ultranest] [DEBUG] iteration=4560, ncalls=12726, regioncalls=495880, ndraw=40, logz=-77.19, remainder_fraction=74.7253%, Lmin=-63.76, Lmax=-61.75
15:41:01 [ultranest] [DEBUG] iteration=4575, ncalls=12756, regioncalls=497080, ndraw=40, logz=-77.14, remainder_fraction=73.4758%, Lmin=-63.69, Lmax=-61.75
15:41:01 [ultranest] [DEBUG] iteration=4592, ncalls=12782, regioncalls=498120, ndraw=40, logz=-77.09, remainder_fraction=72.0532%, Lmin=-63.64, Lmax=-61.75
15:41:01 [ultranest] [DEBUG] iteration=4600, ncalls=12799, regioncalls=498800, ndraw=40, logz=-77.06, remainder_fraction=71.3198%, Lmin=-63.60, Lmax=-61.75
15:41:01 [ultranest] [DEBUG] iteration=4615, ncalls=12828, regioncalls=499960, ndraw=40, logz=-77.02, remainder_fraction=69.9042%, Lmin=-63.55, Lmax=-61.75
15:41:01 [ultranest] [DEBUG] iteration=4632, ncalls=12863, regioncalls=501360, ndraw=40, logz=-76.97, remainder_fraction=68.2638%, Lmin=-63.51, Lmax=-61.75
15:41:01 [ultranest] [DEBUG] iteration=4640, ncalls=12881, regioncalls=502080, ndraw=40, logz=-76.95, remainder_fraction=67.4915%, Lmin=-63.49, Lmax=-61.75
15:41:01 [ultranest] [DEBUG] iteration=4651, ncalls=12913, regioncalls=503360, ndraw=40, logz=-76.92, remainder_fraction=66.5681%, Lmin=-63.42, Lmax=-61.75
15:41:02 [ultranest] [DEBUG] iteration=4659, ncalls=12929, regioncalls=504040, ndraw=40, logz=-76.90, remainder_fraction=65.9198%, Lmin=-63.40, Lmax=-61.75
15:41:02 [ultranest] [DEBUG] iteration=4674, ncalls=12953, regioncalls=505000, ndraw=40, logz=-76.86, remainder_fraction=64.7042%, Lmin=-63.35, Lmax=-61.75
15:41:02 [ultranest] [DEBUG] iteration=4680, ncalls=12960, regioncalls=505280, ndraw=40, logz=-76.84, remainder_fraction=64.1720%, Lmin=-63.33, Lmax=-61.75
15:41:02 [ultranest] [DEBUG] iteration=4700, ncalls=12987, regioncalls=506360, ndraw=40, logz=-76.79, remainder_fraction=62.1652%, Lmin=-63.29, Lmax=-61.75
15:41:02 [ultranest] [DEBUG] iteration=4719, ncalls=13018, regioncalls=507600, ndraw=40, logz=-76.75, remainder_fraction=60.6038%, Lmin=-63.22, Lmax=-61.75
15:41:02 [ultranest] [DEBUG] iteration=4720, ncalls=13020, regioncalls=507680, ndraw=40, logz=-76.75, remainder_fraction=60.4969%, Lmin=-63.22, Lmax=-61.75
15:41:02 [ultranest] [DEBUG] iteration=4735, ncalls=13044, regioncalls=508680, ndraw=40, logz=-76.71, remainder_fraction=59.1871%, Lmin=-63.18, Lmax=-61.75
15:41:02 [ultranest] [DEBUG] iteration=4750, ncalls=13071, regioncalls=509760, ndraw=40, logz=-76.68, remainder_fraction=57.8097%, Lmin=-63.13, Lmax=-61.75
15:41:02 [ultranest] [DEBUG] iteration=4760, ncalls=13087, regioncalls=510400, ndraw=40, logz=-76.66, remainder_fraction=56.8858%, Lmin=-63.11, Lmax=-61.75
15:41:02 [ultranest] [DEBUG] iteration=4778, ncalls=13116, regioncalls=511560, ndraw=40, logz=-76.62, remainder_fraction=55.4526%, Lmin=-63.05, Lmax=-61.75
15:41:02 [ultranest] [DEBUG] iteration=4791, ncalls=13151, regioncalls=512960, ndraw=40, logz=-76.60, remainder_fraction=54.2381%, Lmin=-63.00, Lmax=-61.75
15:41:02 [ultranest] [DEBUG] iteration=4800, ncalls=13170, regioncalls=513720, ndraw=40, logz=-76.58, remainder_fraction=53.4445%, Lmin=-62.95, Lmax=-61.75
15:41:03 [ultranest] [DEBUG] iteration=4811, ncalls=13197, regioncalls=514840, ndraw=40, logz=-76.56, remainder_fraction=52.4509%, Lmin=-62.93, Lmax=-61.75
15:41:03 [ultranest] [DEBUG] iteration=4829, ncalls=13222, regioncalls=515840, ndraw=40, logz=-76.53, remainder_fraction=50.6434%, Lmin=-62.90, Lmax=-61.75
15:41:03 [ultranest] [DEBUG] iteration=4840, ncalls=13237, regioncalls=516440, ndraw=40, logz=-76.51, remainder_fraction=49.7137%, Lmin=-62.89, Lmax=-61.75
15:41:03 [ultranest] [DEBUG] iteration=4858, ncalls=13266, regioncalls=517600, ndraw=40, logz=-76.48, remainder_fraction=48.0764%, Lmin=-62.85, Lmax=-61.75
15:41:03 [ultranest] [DEBUG] iteration=4877, ncalls=13294, regioncalls=518720, ndraw=40, logz=-76.44, remainder_fraction=46.2725%, Lmin=-62.81, Lmax=-61.75
15:41:03 [ultranest] [DEBUG] iteration=4880, ncalls=13300, regioncalls=518960, ndraw=40, logz=-76.44, remainder_fraction=46.0115%, Lmin=-62.81, Lmax=-61.75
15:41:03 [ultranest] [DEBUG] iteration=4895, ncalls=13326, regioncalls=520000, ndraw=40, logz=-76.42, remainder_fraction=44.6373%, Lmin=-62.78, Lmax=-61.75
15:41:03 [ultranest] [DEBUG] iteration=4907, ncalls=13354, regioncalls=521120, ndraw=40, logz=-76.40, remainder_fraction=43.7871%, Lmin=-62.74, Lmax=-61.74
15:41:03 [ultranest] [DEBUG] iteration=4920, ncalls=13376, regioncalls=522000, ndraw=40, logz=-76.38, remainder_fraction=42.7179%, Lmin=-62.72, Lmax=-61.74
15:41:03 [ultranest] [DEBUG] iteration=4931, ncalls=13409, regioncalls=523320, ndraw=40, logz=-76.36, remainder_fraction=41.7963%, Lmin=-62.70, Lmax=-61.74
15:41:03 [ultranest] [DEBUG] iteration=4943, ncalls=13437, regioncalls=524440, ndraw=40, logz=-76.35, remainder_fraction=40.8489%, Lmin=-62.69, Lmax=-61.74
15:41:03 [ultranest] [DEBUG] iteration=4960, ncalls=13461, regioncalls=525400, ndraw=40, logz=-76.33, remainder_fraction=39.5534%, Lmin=-62.67, Lmax=-61.74
15:41:04 [ultranest] [DEBUG] iteration=4963, ncalls=13471, regioncalls=525840, ndraw=40, logz=-76.32, remainder_fraction=39.3065%, Lmin=-62.66, Lmax=-61.74
15:41:04 [ultranest] [DEBUG] iteration=4983, ncalls=13495, regioncalls=526800, ndraw=40, logz=-76.30, remainder_fraction=37.7819%, Lmin=-62.63, Lmax=-61.74
15:41:04 [ultranest] [DEBUG] iteration=5000, ncalls=13524, regioncalls=527960, ndraw=40, logz=-76.28, remainder_fraction=36.4530%, Lmin=-62.60, Lmax=-61.74
15:41:04 [ultranest] [DEBUG] iteration=5018, ncalls=13552, regioncalls=529080, ndraw=40, logz=-76.26, remainder_fraction=35.1351%, Lmin=-62.57, Lmax=-61.74
15:41:04 [ultranest] [DEBUG] iteration=5036, ncalls=13580, regioncalls=530200, ndraw=40, logz=-76.24, remainder_fraction=33.9132%, Lmin=-62.54, Lmax=-61.74
15:41:04 [ultranest] [DEBUG] iteration=5039, ncalls=13584, regioncalls=530400, ndraw=40, logz=-76.23, remainder_fraction=33.6972%, Lmin=-62.54, Lmax=-61.74
15:41:04 [ultranest] [DEBUG] iteration=5040, ncalls=13585, regioncalls=530440, ndraw=40, logz=-76.23, remainder_fraction=33.6360%, Lmin=-62.54, Lmax=-61.74
15:41:04 [ultranest] [DEBUG] iteration=5056, ncalls=13610, regioncalls=531440, ndraw=40, logz=-76.22, remainder_fraction=32.5158%, Lmin=-62.52, Lmax=-61.74
15:41:04 [ultranest] [DEBUG] iteration=5074, ncalls=13639, regioncalls=532600, ndraw=40, logz=-76.20, remainder_fraction=31.2644%, Lmin=-62.48, Lmax=-61.74
15:41:04 [ultranest] [DEBUG] iteration=5080, ncalls=13653, regioncalls=533160, ndraw=40, logz=-76.19, remainder_fraction=30.8673%, Lmin=-62.47, Lmax=-61.74
15:41:04 [ultranest] [DEBUG] iteration=5098, ncalls=13684, regioncalls=534400, ndraw=40, logz=-76.18, remainder_fraction=29.6420%, Lmin=-62.44, Lmax=-61.74
15:41:04 [ultranest] [DEBUG] iteration=5115, ncalls=13713, regioncalls=535600, ndraw=40, logz=-76.16, remainder_fraction=28.5055%, Lmin=-62.42, Lmax=-61.74
15:41:04 [ultranest] [DEBUG] iteration=5120, ncalls=13719, regioncalls=535840, ndraw=40, logz=-76.16, remainder_fraction=28.1659%, Lmin=-62.42, Lmax=-61.74
15:41:05 [ultranest] [DEBUG] iteration=5139, ncalls=13743, regioncalls=536800, ndraw=40, logz=-76.14, remainder_fraction=27.0618%, Lmin=-62.40, Lmax=-61.73
15:41:05 [ultranest] [DEBUG] iteration=5160, ncalls=13767, regioncalls=537760, ndraw=40, logz=-76.12, remainder_fraction=25.7958%, Lmin=-62.37, Lmax=-61.73
15:41:05 [ultranest] [DEBUG] iteration=5174, ncalls=13797, regioncalls=538960, ndraw=40, logz=-76.11, remainder_fraction=25.0671%, Lmin=-62.35, Lmax=-61.73
15:41:05 [ultranest] [DEBUG] iteration=5189, ncalls=13827, regioncalls=540160, ndraw=40, logz=-76.10, remainder_fraction=24.3210%, Lmin=-62.33, Lmax=-61.73
15:41:05 [ultranest] [DEBUG] iteration=5200, ncalls=13845, regioncalls=540880, ndraw=40, logz=-76.09, remainder_fraction=23.7311%, Lmin=-62.32, Lmax=-61.73
15:41:05 [ultranest] [DEBUG] iteration=5216, ncalls=13873, regioncalls=542000, ndraw=40, logz=-76.08, remainder_fraction=22.8260%, Lmin=-62.29, Lmax=-61.73
15:41:05 [ultranest] [DEBUG] iteration=5230, ncalls=13905, regioncalls=543280, ndraw=40, logz=-76.07, remainder_fraction=22.0645%, Lmin=-62.28, Lmax=-61.73
15:41:05 [ultranest] [DEBUG] iteration=5240, ncalls=13922, regioncalls=543960, ndraw=40, logz=-76.07, remainder_fraction=21.6012%, Lmin=-62.26, Lmax=-61.73
15:41:05 [ultranest] [DEBUG] iteration=5255, ncalls=13952, regioncalls=545160, ndraw=40, logz=-76.06, remainder_fraction=20.8384%, Lmin=-62.25, Lmax=-61.73
15:41:05 [ultranest] [DEBUG] iteration=5264, ncalls=13985, regioncalls=546480, ndraw=40, logz=-76.05, remainder_fraction=20.4241%, Lmin=-62.23, Lmax=-61.73
15:41:05 [ultranest] [DEBUG] iteration=5267, ncalls=13991, regioncalls=546760, ndraw=40, logz=-76.05, remainder_fraction=20.2634%, Lmin=-62.23, Lmax=-61.73
15:41:06 [ultranest] [DEBUG] iteration=5280, ncalls=14009, regioncalls=547480, ndraw=40, logz=-76.04, remainder_fraction=19.6271%, Lmin=-62.21, Lmax=-61.73
15:41:06 [ultranest] [DEBUG] iteration=5299, ncalls=14035, regioncalls=548520, ndraw=40, logz=-76.03, remainder_fraction=18.7239%, Lmin=-62.20, Lmax=-61.73
15:41:06 [ultranest] [DEBUG] iteration=5319, ncalls=14062, regioncalls=549600, ndraw=40, logz=-76.02, remainder_fraction=17.8622%, Lmin=-62.18, Lmax=-61.73
15:41:06 [ultranest] [DEBUG] iteration=5320, ncalls=14065, regioncalls=549720, ndraw=40, logz=-76.02, remainder_fraction=17.8273%, Lmin=-62.18, Lmax=-61.73
15:41:06 [ultranest] [DEBUG] iteration=5338, ncalls=14093, regioncalls=550840, ndraw=40, logz=-76.01, remainder_fraction=17.0444%, Lmin=-62.17, Lmax=-61.73
15:41:06 [ultranest] [DEBUG] iteration=5343, ncalls=14101, regioncalls=551200, ndraw=40, logz=-76.01, remainder_fraction=16.8372%, Lmin=-62.16, Lmax=-61.73
15:41:06 [ultranest] [DEBUG] iteration=5359, ncalls=14127, regioncalls=552240, ndraw=40, logz=-76.00, remainder_fraction=16.1876%, Lmin=-62.16, Lmax=-61.73
15:41:06 [ultranest] [DEBUG] iteration=5360, ncalls=14128, regioncalls=552280, ndraw=40, logz=-76.00, remainder_fraction=16.1425%, Lmin=-62.16, Lmax=-61.73
15:41:06 [ultranest] [DEBUG] iteration=5378, ncalls=14156, regioncalls=553400, ndraw=40, logz=-75.99, remainder_fraction=15.4194%, Lmin=-62.14, Lmax=-61.73
15:41:06 [ultranest] [DEBUG] iteration=5393, ncalls=14186, regioncalls=554600, ndraw=40, logz=-75.98, remainder_fraction=14.8630%, Lmin=-62.13, Lmax=-61.73
15:41:06 [ultranest] [DEBUG] iteration=5400, ncalls=14203, regioncalls=555280, ndraw=40, logz=-75.98, remainder_fraction=14.6081%, Lmin=-62.13, Lmax=-61.73
15:41:06 [ultranest] [DEBUG] iteration=5417, ncalls=14232, regioncalls=556440, ndraw=40, logz=-75.97, remainder_fraction=14.0154%, Lmin=-62.11, Lmax=-61.73
15:41:06 [ultranest] [DEBUG] iteration=5419, ncalls=14239, regioncalls=556760, ndraw=40, logz=-75.97, remainder_fraction=13.9394%, Lmin=-62.11, Lmax=-61.73
15:41:06 [ultranest] [DEBUG] iteration=5438, ncalls=14263, regioncalls=557720, ndraw=40, logz=-75.97, remainder_fraction=13.2740%, Lmin=-62.10, Lmax=-61.73
15:41:06 [ultranest] [DEBUG] iteration=5440, ncalls=14265, regioncalls=557800, ndraw=40, logz=-75.96, remainder_fraction=13.2061%, Lmin=-62.09, Lmax=-61.73
15:41:07 [ultranest] [DEBUG] iteration=5457, ncalls=14294, regioncalls=558960, ndraw=40, logz=-75.96, remainder_fraction=12.6327%, Lmin=-62.08, Lmax=-61.73
15:41:07 [ultranest] [DEBUG] iteration=5477, ncalls=14323, regioncalls=560120, ndraw=40, logz=-75.95, remainder_fraction=12.0238%, Lmin=-62.06, Lmax=-61.73
15:41:07 [ultranest] [DEBUG] iteration=5480, ncalls=14330, regioncalls=560400, ndraw=40, logz=-75.95, remainder_fraction=11.9301%, Lmin=-62.06, Lmax=-61.73
15:41:07 [ultranest] [DEBUG] iteration=5495, ncalls=14353, regioncalls=561400, ndraw=40, logz=-75.94, remainder_fraction=11.4884%, Lmin=-62.05, Lmax=-61.73
15:41:07 [ultranest] [DEBUG] iteration=5510, ncalls=14382, regioncalls=562560, ndraw=40, logz=-75.94, remainder_fraction=11.0814%, Lmin=-62.04, Lmax=-61.73
15:41:07 [ultranest] [DEBUG] iteration=5520, ncalls=14399, regioncalls=563240, ndraw=40, logz=-75.94, remainder_fraction=10.8061%, Lmin=-62.04, Lmax=-61.73
15:41:07 [ultranest] [DEBUG] iteration=5539, ncalls=14428, regioncalls=564400, ndraw=40, logz=-75.93, remainder_fraction=10.2962%, Lmin=-62.03, Lmax=-61.73
15:41:07 [ultranest] [DEBUG] iteration=5557, ncalls=14460, regioncalls=565680, ndraw=40, logz=-75.93, remainder_fraction=9.8376%, Lmin=-62.02, Lmax=-61.73
15:41:07 [ultranest] [DEBUG] iteration=5560, ncalls=14464, regioncalls=565840, ndraw=40, logz=-75.92, remainder_fraction=9.7558%, Lmin=-62.02, Lmax=-61.73
15:41:07 [ultranest] [DEBUG] iteration=5571, ncalls=14481, regioncalls=566600, ndraw=40, logz=-75.92, remainder_fraction=9.4711%, Lmin=-62.01, Lmax=-61.73
15:41:07 [ultranest] [DEBUG] iteration=5589, ncalls=14505, regioncalls=567560, ndraw=40, logz=-75.92, remainder_fraction=9.0450%, Lmin=-62.00, Lmax=-61.73
15:41:07 [ultranest] [DEBUG] iteration=5600, ncalls=14526, regioncalls=568400, ndraw=40, logz=-75.91, remainder_fraction=8.7792%, Lmin=-61.99, Lmax=-61.73
15:41:08 [ultranest] [DEBUG] iteration=5615, ncalls=14556, regioncalls=569600, ndraw=40, logz=-75.91, remainder_fraction=8.4395%, Lmin=-61.99, Lmax=-61.73
15:41:08 [ultranest] [DEBUG] iteration=5628, ncalls=14585, regioncalls=570760, ndraw=40, logz=-75.91, remainder_fraction=8.1615%, Lmin=-61.98, Lmax=-61.73
15:41:08 [ultranest] [DEBUG] iteration=5640, ncalls=14617, regioncalls=572040, ndraw=40, logz=-75.90, remainder_fraction=7.9060%, Lmin=-61.97, Lmax=-61.73
15:41:08 [ultranest] [DEBUG] iteration=5653, ncalls=14643, regioncalls=573120, ndraw=40, logz=-75.90, remainder_fraction=7.6459%, Lmin=-61.97, Lmax=-61.73
15:41:08 [ultranest] [DEBUG] iteration=5664, ncalls=14671, regioncalls=574240, ndraw=40, logz=-75.90, remainder_fraction=7.4225%, Lmin=-61.96, Lmax=-61.73
15:41:08 [ultranest] [DEBUG] iteration=5677, ncalls=14703, regioncalls=575520, ndraw=40, logz=-75.90, remainder_fraction=7.1678%, Lmin=-61.95, Lmax=-61.73
15:41:08 [ultranest] [DEBUG] iteration=5680, ncalls=14709, regioncalls=575760, ndraw=40, logz=-75.90, remainder_fraction=7.1120%, Lmin=-61.95, Lmax=-61.73
15:41:08 [ultranest] [DEBUG] iteration=5693, ncalls=14740, regioncalls=577000, ndraw=40, logz=-75.89, remainder_fraction=6.8735%, Lmin=-61.95, Lmax=-61.73
15:41:08 [ultranest] [DEBUG] iteration=5706, ncalls=14771, regioncalls=578240, ndraw=40, logz=-75.89, remainder_fraction=6.6349%, Lmin=-61.94, Lmax=-61.73
15:41:08 [ultranest] [DEBUG] iteration=5719, ncalls=14804, regioncalls=579560, ndraw=40, logz=-75.89, remainder_fraction=6.4110%, Lmin=-61.93, Lmax=-61.73
15:41:08 [ultranest] [DEBUG] iteration=5720, ncalls=14806, regioncalls=579640, ndraw=40, logz=-75.89, remainder_fraction=6.3924%, Lmin=-61.93, Lmax=-61.73
15:41:08 [ultranest] [DEBUG] iteration=5723, ncalls=14816, regioncalls=580160, ndraw=40, logz=-75.89, remainder_fraction=6.3412%, Lmin=-61.93, Lmax=-61.73
15:41:09 [ultranest] [DEBUG] iteration=5741, ncalls=14841, regioncalls=581160, ndraw=40, logz=-75.88, remainder_fraction=6.0378%, Lmin=-61.92, Lmax=-61.73
15:41:09 [ultranest] [DEBUG] iteration=5759, ncalls=14869, regioncalls=582280, ndraw=40, logz=-75.88, remainder_fraction=5.7426%, Lmin=-61.91, Lmax=-61.73
15:41:09 [ultranest] [DEBUG] iteration=5760, ncalls=14870, regioncalls=582320, ndraw=40, logz=-75.88, remainder_fraction=5.7261%, Lmin=-61.91, Lmax=-61.73
15:41:09 [ultranest] [DEBUG] iteration=5774, ncalls=14895, regioncalls=583320, ndraw=40, logz=-75.88, remainder_fraction=5.5109%, Lmin=-61.91, Lmax=-61.73
15:41:09 [ultranest] [DEBUG] iteration=5794, ncalls=14925, regioncalls=584520, ndraw=40, logz=-75.88, remainder_fraction=5.2129%, Lmin=-61.90, Lmax=-61.73
15:41:09 [ultranest] [DEBUG] iteration=5800, ncalls=14944, regioncalls=585280, ndraw=40, logz=-75.87, remainder_fraction=5.1299%, Lmin=-61.90, Lmax=-61.73
15:41:09 [ultranest] [DEBUG] iteration=5815, ncalls=14969, regioncalls=586280, ndraw=40, logz=-75.87, remainder_fraction=4.9233%, Lmin=-61.90, Lmax=-61.73
15:41:09 [ultranest] [DEBUG] iteration=5833, ncalls=14998, regioncalls=587440, ndraw=40, logz=-75.87, remainder_fraction=4.6856%, Lmin=-61.89, Lmax=-61.73
15:41:09 [ultranest] [DEBUG] iteration=5840, ncalls=15014, regioncalls=588080, ndraw=40, logz=-75.87, remainder_fraction=4.5937%, Lmin=-61.89, Lmax=-61.73
15:41:09 [ultranest] [DEBUG] iteration=5856, ncalls=15045, regioncalls=589320, ndraw=40, logz=-75.87, remainder_fraction=4.3962%, Lmin=-61.88, Lmax=-61.73
15:41:09 [ultranest] [DEBUG] iteration=5871, ncalls=15077, regioncalls=590600, ndraw=40, logz=-75.87, remainder_fraction=4.2171%, Lmin=-61.88, Lmax=-61.73
15:41:09 [ultranest] [DEBUG] iteration=5875, ncalls=15083, regioncalls=590880, ndraw=40, logz=-75.86, remainder_fraction=4.1731%, Lmin=-61.88, Lmax=-61.73
15:41:10 [ultranest] [DEBUG] iteration=5880, ncalls=15090, regioncalls=591160, ndraw=40, logz=-75.86, remainder_fraction=4.1168%, Lmin=-61.88, Lmax=-61.73
15:41:10 [ultranest] [DEBUG] iteration=5897, ncalls=15116, regioncalls=592280, ndraw=40, logz=-75.86, remainder_fraction=3.9302%, Lmin=-61.87, Lmax=-61.73
15:41:10 [ultranest] [DEBUG] iteration=5920, ncalls=15143, regioncalls=593360, ndraw=40, logz=-75.86, remainder_fraction=3.6860%, Lmin=-61.87, Lmax=-61.73
15:41:10 [ultranest] [DEBUG] iteration=5939, ncalls=15172, regioncalls=594520, ndraw=40, logz=-75.86, remainder_fraction=3.4933%, Lmin=-61.86, Lmax=-61.73
15:41:10 [ultranest] [DEBUG] iteration=5951, ncalls=15188, regioncalls=595240, ndraw=40, logz=-75.86, remainder_fraction=3.3786%, Lmin=-61.86, Lmax=-61.73
15:41:10 [ultranest] [DEBUG] iteration=5960, ncalls=15203, regioncalls=595920, ndraw=40, logz=-75.86, remainder_fraction=3.2944%, Lmin=-61.85, Lmax=-61.73
15:41:10 [ultranest] [DEBUG] iteration=5976, ncalls=15230, regioncalls=597000, ndraw=40, logz=-75.85, remainder_fraction=3.1526%, Lmin=-61.85, Lmax=-61.73
15:41:10 [ultranest] [DEBUG] iteration=5995, ncalls=15259, regioncalls=598160, ndraw=40, logz=-75.85, remainder_fraction=2.9887%, Lmin=-61.85, Lmax=-61.73
15:41:10 [ultranest] [DEBUG] iteration=6000, ncalls=15265, regioncalls=598400, ndraw=40, logz=-75.85, remainder_fraction=2.9473%, Lmin=-61.84, Lmax=-61.73
15:41:10 [ultranest] [DEBUG] iteration=6020, ncalls=15294, regioncalls=599560, ndraw=40, logz=-75.85, remainder_fraction=2.7857%, Lmin=-61.84, Lmax=-61.73
15:41:10 [ultranest] [DEBUG] iteration=6027, ncalls=15307, regioncalls=600160, ndraw=40, logz=-75.85, remainder_fraction=2.7314%, Lmin=-61.84, Lmax=-61.73
15:41:10 [ultranest] [DEBUG] iteration=6040, ncalls=15325, regioncalls=600880, ndraw=40, logz=-75.85, remainder_fraction=2.6346%, Lmin=-61.84, Lmax=-61.73
15:41:11 [ultranest] [DEBUG] iteration=6056, ncalls=15352, regioncalls=601960, ndraw=40, logz=-75.85, remainder_fraction=2.5186%, Lmin=-61.83, Lmax=-61.73
15:41:11 [ultranest] [DEBUG] iteration=6075, ncalls=15381, regioncalls=603120, ndraw=40, logz=-75.85, remainder_fraction=2.3873%, Lmin=-61.83, Lmax=-61.73
15:41:11 [ultranest] [INFO] Explored until L=-6e+01  
15:41:11 [ultranest] [INFO] Likelihood function evaluations: 15381
15:41:16 [ultranest] [INFO] Writing samples and results to disk ...
15:41:16 [ultranest] [INFO] Writing samples and results to disk ... done
15:41:16 [ultranest] [DEBUG] did a run_iter pass!
15:41:16 [ultranest] [INFO]   logZ = -75.81 +- 0.1406
15:41:16 [ultranest] [INFO] Effective samples strategy satisfied (ESS = 1595.4, need >400)
15:41:16 [ultranest] [INFO] Posterior uncertainty strategy is satisfied (KL: 0.46+-0.13 nat, need <0.50 nat)
15:41:16 [ultranest] [INFO] Evidency uncertainty strategy is satisfied (dlogz=0.14, need <0.5)
15:41:16 [ultranest] [INFO]   logZ error budget: single: 0.19 bs:0.14 tail:0.02 total:0.14 required:<0.50
15:41:16 [ultranest] [INFO] done iterating.
15:41:17 [ultranest] [DEBUG] Making corner plot ...
15:41:18 [ultranest] [DEBUG] Making corner plot ... done
15:41:18 [ultranest] [DEBUG] Making run plot ... 
15:41:19 [ultranest] [DEBUG] Making run plot ... done
15:41:19 [ultranest] [DEBUG] Making trace plot ... 
15:41:20 [ultranest] [DEBUG] Making trace plot ... done
