09:20:26 [ultranest] [DEBUG] ReactiveNestedSampler: dims=3+0, resume=True, log_dir=/home/orion51/Desktop/Research/spectral_fitting/FGL_spectral_fitting/Individual_sources/2CXOJ103145.7+573401/mekal_out_, backend=hdf5, vectorized=False, nbootstraps=30, ndraw=128..65536
09:20:27 [ultranest] [INFO] Sampling 400 live points from prior ...
09:20:28 [ultranest] [DEBUG] run_iter dlogz=0.5, dKL=0.5, frac_remain=0.01, Lepsilon=0.1000, min_ess=400
09:20:28 [ultranest] [DEBUG] max_iters=-1, max_ncalls=-1, max_num_improvement_loops=-1, min_num_live_points=400, cluster_num_live_points=40
09:20:28 [ultranest] [DEBUG] minimal_widths_sequence: [(-inf, 400.0), (inf, 400.0)]
09:20:28 [ultranest] [DEBUG] iteration=0, ncalls=401, regioncalls=40, ndraw=40, logz=-inf, remainder_fraction=100.0000%, Lmin=-468648434.50, Lmax=-9.43
09:20:28 [ultranest] [DEBUG] iteration=22, ncalls=424, regioncalls=960, ndraw=40, logz=-60146314.25, remainder_fraction=100.0000%, Lmin=-52566646.03, Lmax=-9.43
09:20:28 [ultranest] [DEBUG] iteration=40, ncalls=442, regioncalls=1680, ndraw=40, logz=-18303772.08, remainder_fraction=100.0000%, Lmin=-16721496.46, Lmax=-9.43
09:20:28 [ultranest] [DEBUG] iteration=58, ncalls=463, regioncalls=2520, ndraw=40, logz=-7829581.91, remainder_fraction=100.0000%, Lmin=-7431141.12, Lmax=-9.43
09:20:28 [ultranest] [DEBUG] iteration=77, ncalls=485, regioncalls=3400, ndraw=40, logz=-2483820.25, remainder_fraction=100.0000%, Lmin=-2165058.79, Lmax=-9.43
09:20:28 [ultranest] [DEBUG] iteration=80, ncalls=489, regioncalls=3560, ndraw=40, logz=-1582621.52, remainder_fraction=100.0000%, Lmin=-1552187.08, Lmax=-9.43
09:20:28 [ultranest] [DEBUG] iteration=90, ncalls=499, regioncalls=3960, ndraw=40, logz=-499983.04, remainder_fraction=100.0000%, Lmin=-475721.52, Lmax=-9.43
09:20:28 [ultranest] [DEBUG] iteration=108, ncalls=521, regioncalls=4840, ndraw=40, logz=-128720.70, remainder_fraction=100.0000%, Lmin=-114083.52, Lmax=-9.43
09:20:28 [ultranest] [DEBUG] iteration=120, ncalls=535, regioncalls=5400, ndraw=40, logz=-52448.16, remainder_fraction=100.0000%, Lmin=-48084.00, Lmax=-9.43
09:20:28 [ultranest] [DEBUG] iteration=142, ncalls=561, regioncalls=6440, ndraw=40, logz=-11563.24, remainder_fraction=100.0000%, Lmin=-11227.34, Lmax=-9.43
09:20:28 [ultranest] [DEBUG] iteration=160, ncalls=581, regioncalls=7240, ndraw=40, logz=-5435.80, remainder_fraction=100.0000%, Lmin=-5293.33, Lmax=-9.43
09:20:29 [ultranest] [DEBUG] iteration=181, ncalls=605, regioncalls=8200, ndraw=40, logz=-1495.14, remainder_fraction=100.0000%, Lmin=-1486.11, Lmax=-7.15
09:20:29 [ultranest] [DEBUG] iteration=199, ncalls=631, regioncalls=9240, ndraw=40, logz=-681.59, remainder_fraction=100.0000%, Lmin=-671.23, Lmax=-7.15
09:20:29 [ultranest] [DEBUG] iteration=200, ncalls=632, regioncalls=9280, ndraw=40, logz=-677.70, remainder_fraction=100.0000%, Lmin=-616.63, Lmax=-7.15
09:20:29 [ultranest] [DEBUG] iteration=224, ncalls=658, regioncalls=10320, ndraw=40, logz=-254.63, remainder_fraction=100.0000%, Lmin=-241.40, Lmax=-7.15
09:20:29 [ultranest] [DEBUG] Plateau detected at L=-1.745444e+02, not replacing live point.
09:20:29 [ultranest] [DEBUG] Plateau detected at L=-1.745444e+02, not replacing live point.
09:20:29 [ultranest] [DEBUG] Plateau detected at L=-1.745444e+02, not replacing live point.
09:20:29 [ultranest] [DEBUG] Plateau detected at L=-1.745444e+02, not replacing live point.
09:20:29 [ultranest] [DEBUG] iteration=238, ncalls=672, regioncalls=10880, ndraw=40, logz=-179.25, remainder_fraction=100.0000%, Lmin=-174.54, Lmax=-7.15
09:20:29 [ultranest] [DEBUG] Plateau detected at L=-1.745444e+02, not replacing live point.
09:20:29 [ultranest] [DEBUG] Plateau detected at L=-1.745444e+02, not replacing live point.
09:20:29 [ultranest] [DEBUG] iteration=241, ncalls=674, regioncalls=10960, ndraw=40, logz=-178.87, remainder_fraction=100.0000%, Lmin=-174.54, Lmax=-7.15
09:20:29 [ultranest] [DEBUG] Plateau detected at L=-1.745444e+02, not replacing live point.
09:20:29 [ultranest] [DEBUG] Plateau detected at L=-1.745444e+02, not replacing live point.
09:20:29 [ultranest] [DEBUG] Plateau detected at L=-1.745444e+02, not replacing live point.
09:20:29 [ultranest] [DEBUG] Plateau detected at L=-1.745444e+02, not replacing live point.
09:20:29 [ultranest] [DEBUG] Plateau detected at L=-1.745444e+02, not replacing live point.
09:20:29 [ultranest] [DEBUG] Plateau detected at L=-1.745444e+02, not replacing live point.
09:20:29 [ultranest] [DEBUG] Plateau detected at L=-1.745444e+02, not replacing live point.
09:20:29 [ultranest] [DEBUG] Plateau detected at L=-1.745444e+02, not replacing live point.
09:20:29 [ultranest] [DEBUG] Plateau detected at L=-1.745444e+02, not replacing live point.
09:20:29 [ultranest] [DEBUG] Plateau detected at L=-1.745444e+02, not replacing live point.
09:20:29 [ultranest] [DEBUG] Plateau detected at L=-1.745444e+02, not replacing live point.
09:20:29 [ultranest] [DEBUG] Plateau detected at L=-1.745444e+02, not replacing live point.
09:20:29 [ultranest] [DEBUG] Plateau detected at L=-1.745444e+02, not replacing live point.
09:20:29 [ultranest] [DEBUG] Plateau detected at L=-1.745444e+02, not replacing live point.
09:20:29 [ultranest] [DEBUG] Plateau detected at L=-1.745444e+02, not replacing live point.
09:20:29 [ultranest] [DEBUG] Plateau detected at L=-1.745444e+02, not replacing live point.
09:20:29 [ultranest] [DEBUG] Plateau detected at L=-1.745444e+02, not replacing live point.
09:20:29 [ultranest] [DEBUG] Plateau detected at L=-1.745444e+02, not replacing live point.
09:20:29 [ultranest] [DEBUG] Plateau detected at L=-1.745444e+02, not replacing live point.
09:20:29 [ultranest] [DEBUG] Plateau detected at L=-1.745444e+02, not replacing live point.
09:20:29 [ultranest] [DEBUG] Plateau detected at L=-1.745444e+02, not replacing live point.
09:20:29 [ultranest] [DEBUG] Plateau detected at L=-1.745444e+02, not replacing live point.
09:20:29 [ultranest] [DEBUG] Plateau detected at L=-1.745444e+02, not replacing live point.
09:20:29 [ultranest] [DEBUG] Plateau detected at L=-1.745444e+02, not replacing live point.
09:20:29 [ultranest] [DEBUG] Plateau detected at L=-1.745444e+02, not replacing live point.
09:20:29 [ultranest] [DEBUG] Plateau detected at L=-1.745444e+02, not replacing live point.
09:20:29 [ultranest] [DEBUG] Plateau detected at L=-1.745444e+02, not replacing live point.
09:20:29 [ultranest] [DEBUG] Plateau detected at L=-1.745444e+02, not replacing live point.
09:20:29 [ultranest] [DEBUG] Plateau detected at L=-1.745444e+02, not replacing live point.
09:20:29 [ultranest] [DEBUG] Plateau detected at L=-1.745444e+02, not replacing live point.
09:20:29 [ultranest] [DEBUG] Plateau detected at L=-1.745444e+02, not replacing live point.
09:20:29 [ultranest] [DEBUG] Plateau detected at L=-1.745444e+02, not replacing live point.
09:20:29 [ultranest] [DEBUG] Plateau detected at L=-1.745444e+02, not replacing live point.
09:20:29 [ultranest] [DEBUG] Plateau detected at L=-1.745444e+02, not replacing live point.
09:20:29 [ultranest] [DEBUG] Plateau detected at L=-1.745444e+02, not replacing live point.
09:20:29 [ultranest] [DEBUG] Plateau detected at L=-1.745444e+02, not replacing live point.
09:20:29 [ultranest] [DEBUG] Plateau detected at L=-1.745444e+02, not replacing live point.
09:20:29 [ultranest] [DEBUG] Plateau detected at L=-1.745444e+02, not replacing live point.
09:20:29 [ultranest] [DEBUG] Plateau detected at L=-1.745444e+02, not replacing live point.
09:20:29 [ultranest] [DEBUG] Plateau detected at L=-1.745444e+02, not replacing live point.
09:20:29 [ultranest] [DEBUG] Plateau detected at L=-1.745444e+02, not replacing live point.
09:20:29 [ultranest] [DEBUG] Plateau detected at L=-1.745444e+02, not replacing live point.
09:20:29 [ultranest] [DEBUG] Plateau detected at L=-1.745444e+02, not replacing live point.
09:20:29 [ultranest] [DEBUG] Plateau detected at L=-1.745444e+02, not replacing live point.
09:20:29 [ultranest] [DEBUG] Plateau detected at L=-1.745444e+02, not replacing live point.
09:20:29 [ultranest] [DEBUG] Plateau detected at L=-1.745444e+02, not replacing live point.
09:20:29 [ultranest] [DEBUG] Plateau detected at L=-1.745444e+02, not replacing live point.
09:20:29 [ultranest] [DEBUG] Plateau detected at L=-1.745444e+02, not replacing live point.
09:20:29 [ultranest] [DEBUG] Plateau detected at L=-1.745444e+02, not replacing live point.
09:20:29 [ultranest] [DEBUG] Plateau detected at L=-1.745444e+02, not replacing live point.
09:20:29 [ultranest] [DEBUG] Plateau detected at L=-1.745444e+02, not replacing live point.
09:20:29 [ultranest] [DEBUG] Plateau detected at L=-1.745444e+02, not replacing live point.
09:20:29 [ultranest] [DEBUG] Plateau detected at L=-1.745444e+02, not replacing live point.
09:20:29 [ultranest] [DEBUG] Plateau detected at L=-1.745444e+02, not replacing live point.
09:20:29 [ultranest] [DEBUG] Plateau detected at L=-1.745444e+02, not replacing live point.
09:20:29 [ultranest] [DEBUG] Plateau detected at L=-1.745444e+02, not replacing live point.
09:20:29 [ultranest] [DEBUG] Plateau detected at L=-1.745444e+02, not replacing live point.
09:20:29 [ultranest] [DEBUG] Plateau detected at L=-1.745444e+02, not replacing live point.
09:20:29 [ultranest] [DEBUG] Plateau detected at L=-1.745444e+02, not replacing live point.
09:20:29 [ultranest] [DEBUG] Plateau detected at L=-1.745444e+02, not replacing live point.
09:20:29 [ultranest] [DEBUG] iteration=302, ncalls=676, regioncalls=11040, ndraw=40, logz=-176.87, remainder_fraction=100.0000%, Lmin=-174.54, Lmax=-7.15
09:20:29 [ultranest] [DEBUG] Plateau detected at L=-1.745444e+02, not replacing live point.
09:20:29 [ultranest] [DEBUG] Plateau detected at L=-1.745444e+02, not replacing live point.
09:20:29 [ultranest] [DEBUG] iteration=305, ncalls=677, regioncalls=11080, ndraw=40, logz=-176.83, remainder_fraction=100.0000%, Lmin=-174.54, Lmax=-7.15
09:20:29 [ultranest] [DEBUG] Plateau detected at L=-1.745444e+02, not replacing live point.
09:20:29 [ultranest] [DEBUG] iteration=308, ncalls=679, regioncalls=11160, ndraw=40, logz=-176.79, remainder_fraction=100.0000%, Lmin=-174.54, Lmax=-7.15
09:20:29 [ultranest] [DEBUG] iteration=320, ncalls=702, regioncalls=12080, ndraw=40, logz=-176.65, remainder_fraction=100.0000%, Lmin=-174.54, Lmax=-7.15
09:20:29 [ultranest] [DEBUG] iteration=335, ncalls=733, regioncalls=13320, ndraw=40, logz=-176.50, remainder_fraction=100.0000%, Lmin=-174.54, Lmax=-7.15
09:20:29 [ultranest] [DEBUG] iteration=348, ncalls=766, regioncalls=14640, ndraw=40, logz=-176.39, remainder_fraction=100.0000%, Lmin=-174.54, Lmax=-7.15
09:20:29 [ultranest] [DEBUG] iteration=360, ncalls=793, regioncalls=15720, ndraw=40, logz=-176.30, remainder_fraction=100.0000%, Lmin=-174.54, Lmax=-7.15
09:20:29 [ultranest] [DEBUG] iteration=376, ncalls=823, regioncalls=16920, ndraw=40, logz=-176.20, remainder_fraction=100.0000%, Lmin=-174.54, Lmax=-7.15
09:20:30 [ultranest] [DEBUG] iteration=386, ncalls=849, regioncalls=17960, ndraw=40, logz=-176.15, remainder_fraction=100.0000%, Lmin=-174.54, Lmax=-7.15
09:20:30 [ultranest] [DEBUG] iteration=400, ncalls=875, regioncalls=19000, ndraw=40, logz=-176.08, remainder_fraction=100.0000%, Lmin=-174.54, Lmax=-7.15
09:20:30 [ultranest] [DEBUG] iteration=416, ncalls=905, regioncalls=20200, ndraw=40, logz=-176.00, remainder_fraction=100.0000%, Lmin=-174.51, Lmax=-7.15
09:20:30 [ultranest] [DEBUG] iteration=431, ncalls=936, regioncalls=21440, ndraw=40, logz=-175.94, remainder_fraction=100.0000%, Lmin=-174.46, Lmax=-7.15
09:20:30 [ultranest] [DEBUG] iteration=440, ncalls=959, regioncalls=22360, ndraw=40, logz=-175.90, remainder_fraction=100.0000%, Lmin=-174.44, Lmax=-7.15
09:20:30 [ultranest] [DEBUG] iteration=449, ncalls=995, regioncalls=23800, ndraw=40, logz=-175.87, remainder_fraction=100.0000%, Lmin=-174.42, Lmax=-7.15
09:20:30 [ultranest] [DEBUG] iteration=456, ncalls=1019, regioncalls=24760, ndraw=40, logz=-175.84, remainder_fraction=100.0000%, Lmin=-174.36, Lmax=-7.15
09:20:30 [ultranest] [DEBUG] iteration=473, ncalls=1046, regioncalls=25840, ndraw=40, logz=-175.77, remainder_fraction=100.0000%, Lmin=-174.09, Lmax=-7.15
09:20:30 [ultranest] [DEBUG] iteration=480, ncalls=1057, regioncalls=26280, ndraw=40, logz=-175.74, remainder_fraction=100.0000%, Lmin=-173.94, Lmax=-7.15
09:20:30 [ultranest] [DEBUG] iteration=497, ncalls=1088, regioncalls=27520, ndraw=40, logz=-175.63, remainder_fraction=100.0000%, Lmin=-173.26, Lmax=-7.15
09:20:31 [ultranest] [DEBUG] iteration=510, ncalls=1127, regioncalls=29080, ndraw=40, logz=-175.52, remainder_fraction=100.0000%, Lmin=-172.87, Lmax=-7.15
09:20:31 [ultranest] [DEBUG] iteration=520, ncalls=1152, regioncalls=30080, ndraw=40, logz=-175.40, remainder_fraction=100.0000%, Lmin=-172.45, Lmax=-7.15
09:20:31 [ultranest] [DEBUG] iteration=530, ncalls=1177, regioncalls=31080, ndraw=40, logz=-175.25, remainder_fraction=100.0000%, Lmin=-172.12, Lmax=-7.15
09:20:31 [ultranest] [DEBUG] iteration=540, ncalls=1206, regioncalls=32240, ndraw=40, logz=-175.07, remainder_fraction=100.0000%, Lmin=-171.63, Lmax=-7.15
09:20:31 [ultranest] [DEBUG] iteration=549, ncalls=1235, regioncalls=33400, ndraw=40, logz=-174.88, remainder_fraction=100.0000%, Lmin=-171.32, Lmax=-7.15
09:20:31 [ultranest] [DEBUG] iteration=560, ncalls=1254, regioncalls=34160, ndraw=40, logz=-174.63, remainder_fraction=100.0000%, Lmin=-170.73, Lmax=-7.15
09:20:31 [ultranest] [DEBUG] iteration=574, ncalls=1285, regioncalls=35400, ndraw=40, logz=-174.06, remainder_fraction=100.0000%, Lmin=-169.63, Lmax=-7.15
09:20:31 [ultranest] [DEBUG] iteration=588, ncalls=1315, regioncalls=36600, ndraw=40, logz=-173.23, remainder_fraction=100.0000%, Lmin=-168.23, Lmax=-7.15
09:20:31 [ultranest] [DEBUG] iteration=600, ncalls=1348, regioncalls=37920, ndraw=40, logz=-171.95, remainder_fraction=100.0000%, Lmin=-166.52, Lmax=-7.15
09:20:31 [ultranest] [DEBUG] iteration=604, ncalls=1355, regioncalls=38200, ndraw=40, logz=-171.49, remainder_fraction=100.0000%, Lmin=-166.19, Lmax=-7.15
09:20:31 [ultranest] [DEBUG] iteration=616, ncalls=1389, regioncalls=39560, ndraw=40, logz=-169.60, remainder_fraction=100.0000%, Lmin=-163.90, Lmax=-7.15
09:20:32 [ultranest] [DEBUG] iteration=627, ncalls=1421, regioncalls=40840, ndraw=40, logz=-168.22, remainder_fraction=100.0000%, Lmin=-162.68, Lmax=-7.15
09:20:32 [ultranest] [DEBUG] iteration=636, ncalls=1455, regioncalls=42200, ndraw=40, logz=-167.13, remainder_fraction=100.0000%, Lmin=-161.57, Lmax=-7.15
09:20:32 [ultranest] [DEBUG] iteration=640, ncalls=1461, regioncalls=42440, ndraw=40, logz=-166.68, remainder_fraction=100.0000%, Lmin=-161.40, Lmax=-7.15
09:20:32 [ultranest] [DEBUG] iteration=655, ncalls=1491, regioncalls=43640, ndraw=40, logz=-164.71, remainder_fraction=100.0000%, Lmin=-158.80, Lmax=-7.15
09:20:32 [ultranest] [DEBUG] iteration=669, ncalls=1521, regioncalls=44840, ndraw=40, logz=-162.75, remainder_fraction=100.0000%, Lmin=-157.02, Lmax=-7.15
09:20:32 [ultranest] [DEBUG] iteration=678, ncalls=1542, regioncalls=45680, ndraw=40, logz=-161.38, remainder_fraction=100.0000%, Lmin=-155.55, Lmax=-7.15
09:20:32 [ultranest] [DEBUG] iteration=680, ncalls=1547, regioncalls=45880, ndraw=40, logz=-161.11, remainder_fraction=100.0000%, Lmin=-155.42, Lmax=-7.15
09:20:32 [ultranest] [DEBUG] iteration=692, ncalls=1575, regioncalls=47000, ndraw=40, logz=-159.61, remainder_fraction=100.0000%, Lmin=-153.85, Lmax=-7.15
09:20:32 [ultranest] [DEBUG] iteration=704, ncalls=1608, regioncalls=48320, ndraw=40, logz=-158.12, remainder_fraction=100.0000%, Lmin=-151.72, Lmax=-7.15
09:20:32 [ultranest] [DEBUG] iteration=716, ncalls=1642, regioncalls=49680, ndraw=40, logz=-155.44, remainder_fraction=100.0000%, Lmin=-148.87, Lmax=-7.15
09:20:32 [ultranest] [DEBUG] iteration=720, ncalls=1655, regioncalls=50200, ndraw=40, logz=-154.62, remainder_fraction=100.0000%, Lmin=-148.26, Lmax=-7.15
09:20:32 [ultranest] [DEBUG] iteration=729, ncalls=1689, regioncalls=51560, ndraw=40, logz=-152.90, remainder_fraction=100.0000%, Lmin=-146.73, Lmax=-7.15
09:20:33 [ultranest] [DEBUG] iteration=740, ncalls=1721, regioncalls=52840, ndraw=40, logz=-150.42, remainder_fraction=100.0000%, Lmin=-144.09, Lmax=-7.15
09:20:33 [ultranest] [DEBUG] iteration=752, ncalls=1754, regioncalls=54160, ndraw=40, logz=-148.10, remainder_fraction=100.0000%, Lmin=-142.06, Lmax=-7.15
09:20:33 [ultranest] [DEBUG] iteration=760, ncalls=1794, regioncalls=55760, ndraw=40, logz=-146.95, remainder_fraction=100.0000%, Lmin=-140.67, Lmax=-6.80
09:20:33 [ultranest] [DEBUG] iteration=769, ncalls=1829, regioncalls=57160, ndraw=40, logz=-145.34, remainder_fraction=100.0000%, Lmin=-138.90, Lmax=-6.80
09:20:33 [ultranest] [DEBUG] iteration=779, ncalls=1862, regioncalls=58480, ndraw=40, logz=-143.22, remainder_fraction=100.0000%, Lmin=-136.72, Lmax=-6.80
09:20:33 [ultranest] [DEBUG] iteration=790, ncalls=1896, regioncalls=59840, ndraw=40, logz=-141.09, remainder_fraction=100.0000%, Lmin=-134.77, Lmax=-6.80
09:20:33 [ultranest] [DEBUG] iteration=800, ncalls=1925, regioncalls=61000, ndraw=40, logz=-138.21, remainder_fraction=100.0000%, Lmin=-131.33, Lmax=-6.80
09:20:33 [ultranest] [DEBUG] iteration=812, ncalls=1958, regioncalls=62320, ndraw=40, logz=-135.67, remainder_fraction=100.0000%, Lmin=-128.46, Lmax=-6.80
09:20:33 [ultranest] [DEBUG] iteration=822, ncalls=1992, regioncalls=63680, ndraw=40, logz=-132.73, remainder_fraction=100.0000%, Lmin=-126.50, Lmax=-6.80
09:20:34 [ultranest] [DEBUG] iteration=828, ncalls=2022, regioncalls=64880, ndraw=40, logz=-131.72, remainder_fraction=100.0000%, Lmin=-125.36, Lmax=-6.80
09:20:34 [ultranest] [DEBUG] iteration=838, ncalls=2051, regioncalls=66040, ndraw=40, logz=-129.57, remainder_fraction=100.0000%, Lmin=-122.95, Lmax=-6.80
09:20:34 [ultranest] [DEBUG] iteration=840, ncalls=2057, regioncalls=66280, ndraw=40, logz=-129.20, remainder_fraction=100.0000%, Lmin=-122.69, Lmax=-6.80
09:20:34 [ultranest] [DEBUG] iteration=851, ncalls=2089, regioncalls=67560, ndraw=40, logz=-127.03, remainder_fraction=100.0000%, Lmin=-120.52, Lmax=-6.80
09:20:34 [ultranest] [DEBUG] iteration=857, ncalls=2125, regioncalls=69000, ndraw=40, logz=-126.04, remainder_fraction=100.0000%, Lmin=-119.38, Lmax=-6.80
09:20:34 [ultranest] [DEBUG] iteration=866, ncalls=2160, regioncalls=70400, ndraw=40, logz=-124.08, remainder_fraction=100.0000%, Lmin=-117.23, Lmax=-6.80
09:20:34 [ultranest] [DEBUG] iteration=874, ncalls=2194, regioncalls=71760, ndraw=40, logz=-122.52, remainder_fraction=100.0000%, Lmin=-115.90, Lmax=-6.80
09:20:34 [ultranest] [DEBUG] iteration=880, ncalls=2224, regioncalls=72960, ndraw=40, logz=-121.50, remainder_fraction=100.0000%, Lmin=-114.86, Lmax=-6.80
09:20:34 [ultranest] [DEBUG] iteration=888, ncalls=2257, regioncalls=74280, ndraw=40, logz=-119.99, remainder_fraction=100.0000%, Lmin=-113.06, Lmax=-6.80
09:20:34 [ultranest] [DEBUG] iteration=895, ncalls=2289, regioncalls=75560, ndraw=40, logz=-118.81, remainder_fraction=100.0000%, Lmin=-112.36, Lmax=-6.80
09:20:34 [ultranest] [DEBUG] iteration=903, ncalls=2316, regioncalls=76640, ndraw=40, logz=-117.91, remainder_fraction=100.0000%, Lmin=-111.59, Lmax=-6.80
09:20:35 [ultranest] [DEBUG] iteration=916, ncalls=2345, regioncalls=77800, ndraw=40, logz=-115.78, remainder_fraction=100.0000%, Lmin=-108.94, Lmax=-6.80
09:20:35 [ultranest] [DEBUG] iteration=920, ncalls=2361, regioncalls=78440, ndraw=40, logz=-115.16, remainder_fraction=100.0000%, Lmin=-108.67, Lmax=-6.80
09:20:35 [ultranest] [DEBUG] iteration=924, ncalls=2401, regioncalls=80040, ndraw=40, logz=-114.68, remainder_fraction=100.0000%, Lmin=-108.26, Lmax=-6.80
09:20:35 [ultranest] [DEBUG] iteration=931, ncalls=2440, regioncalls=81600, ndraw=40, logz=-113.80, remainder_fraction=100.0000%, Lmin=-107.17, Lmax=-6.80
09:20:35 [ultranest] [DEBUG] iteration=936, ncalls=2474, regioncalls=82960, ndraw=40, logz=-112.98, remainder_fraction=100.0000%, Lmin=-106.28, Lmax=-6.80
09:20:35 [ultranest] [DEBUG] iteration=944, ncalls=2509, regioncalls=84360, ndraw=40, logz=-111.97, remainder_fraction=100.0000%, Lmin=-105.47, Lmax=-6.80
09:20:35 [ultranest] [DEBUG] iteration=948, ncalls=2541, regioncalls=85640, ndraw=40, logz=-111.48, remainder_fraction=100.0000%, Lmin=-104.55, Lmax=-6.80
09:20:35 [ultranest] [DEBUG] iteration=958, ncalls=2575, regioncalls=87000, ndraw=40, logz=-108.55, remainder_fraction=100.0000%, Lmin=-101.56, Lmax=-6.80
09:20:35 [ultranest] [DEBUG] iteration=960, ncalls=2585, regioncalls=87400, ndraw=40, logz=-108.19, remainder_fraction=100.0000%, Lmin=-101.46, Lmax=-6.80
09:20:35 [ultranest] [DEBUG] iteration=968, ncalls=2622, regioncalls=88880, ndraw=40, logz=-107.17, remainder_fraction=100.0000%, Lmin=-100.78, Lmax=-6.80
09:20:35 [ultranest] [DEBUG] clustering found some stray points [need_accept=False] (array([1, 2, 3]), array([328,   2,   1]))
09:20:36 [ultranest] [DEBUG] iteration=977, ncalls=2651, regioncalls=90040, ndraw=40, logz=-105.79, remainder_fraction=100.0000%, Lmin=-98.31, Lmax=-6.80
09:20:36 [ultranest] [DEBUG] iteration=986, ncalls=2680, regioncalls=91200, ndraw=40, logz=-103.55, remainder_fraction=100.0000%, Lmin=-96.11, Lmax=-6.80
09:20:36 [ultranest] [DEBUG] iteration=995, ncalls=2715, regioncalls=92600, ndraw=40, logz=-101.71, remainder_fraction=100.0000%, Lmin=-94.70, Lmax=-6.80
09:20:36 [ultranest] [DEBUG] iteration=999, ncalls=2750, regioncalls=94000, ndraw=40, logz=-100.95, remainder_fraction=100.0000%, Lmin=-93.43, Lmax=-6.80
09:20:36 [ultranest] [DEBUG] iteration=1000, ncalls=2752, regioncalls=94080, ndraw=40, logz=-100.68, remainder_fraction=100.0000%, Lmin=-93.41, Lmax=-6.80
09:20:36 [ultranest] [DEBUG] iteration=1009, ncalls=2788, regioncalls=95520, ndraw=40, logz=-99.39, remainder_fraction=100.0000%, Lmin=-92.96, Lmax=-6.80
09:20:36 [ultranest] [DEBUG] iteration=1018, ncalls=2822, regioncalls=96880, ndraw=40, logz=-98.38, remainder_fraction=100.0000%, Lmin=-91.75, Lmax=-6.80
09:20:36 [ultranest] [DEBUG] iteration=1026, ncalls=2861, regioncalls=98440, ndraw=40, logz=-97.31, remainder_fraction=100.0000%, Lmin=-90.43, Lmax=-6.80
09:20:36 [ultranest] [DEBUG] iteration=1034, ncalls=2894, regioncalls=99760, ndraw=40, logz=-96.34, remainder_fraction=100.0000%, Lmin=-89.65, Lmax=-6.80
09:20:36 [ultranest] [DEBUG] iteration=1040, ncalls=2930, regioncalls=101200, ndraw=40, logz=-95.47, remainder_fraction=100.0000%, Lmin=-88.47, Lmax=-6.80
09:20:37 [ultranest] [DEBUG] iteration=1046, ncalls=2963, regioncalls=102520, ndraw=40, logz=-94.39, remainder_fraction=100.0000%, Lmin=-87.29, Lmax=-6.80
09:20:37 [ultranest] [DEBUG] iteration=1048, ncalls=2967, regioncalls=102680, ndraw=40, logz=-94.08, remainder_fraction=100.0000%, Lmin=-86.92, Lmax=-6.80
09:20:37 [ultranest] [DEBUG] iteration=1050, ncalls=2974, regioncalls=102960, ndraw=40, logz=-93.76, remainder_fraction=100.0000%, Lmin=-86.89, Lmax=-6.80
09:20:37 [ultranest] [DEBUG] iteration=1053, ncalls=2979, regioncalls=103160, ndraw=40, logz=-93.34, remainder_fraction=100.0000%, Lmin=-86.12, Lmax=-6.80
09:20:37 [ultranest] [DEBUG] iteration=1056, ncalls=2983, regioncalls=103320, ndraw=40, logz=-92.80, remainder_fraction=100.0000%, Lmin=-85.67, Lmax=-6.80
09:20:37 [ultranest] [DEBUG] iteration=1058, ncalls=2990, regioncalls=103600, ndraw=40, logz=-92.49, remainder_fraction=100.0000%, Lmin=-85.48, Lmax=-6.80
09:20:37 [ultranest] [DEBUG] iteration=1060, ncalls=2994, regioncalls=103760, ndraw=40, logz=-92.21, remainder_fraction=100.0000%, Lmin=-84.90, Lmax=-6.80
09:20:38 [ultranest] [DEBUG] iteration=1063, ncalls=2998, regioncalls=103920, ndraw=40, logz=-91.62, remainder_fraction=100.0000%, Lmin=-84.01, Lmax=-6.80
09:20:38 [ultranest] [DEBUG] iteration=1065, ncalls=3003, regioncalls=104120, ndraw=40, logz=-91.09, remainder_fraction=100.0000%, Lmin=-83.53, Lmax=-6.80
09:20:38 [ultranest] [DEBUG] iteration=1067, ncalls=3007, regioncalls=104280, ndraw=40, logz=-90.65, remainder_fraction=100.0000%, Lmin=-83.48, Lmax=-6.80
09:20:38 [ultranest] [DEBUG] iteration=1070, ncalls=3011, regioncalls=104440, ndraw=40, logz=-90.18, remainder_fraction=100.0000%, Lmin=-82.75, Lmax=-6.80
09:20:38 [ultranest] [DEBUG] iteration=1072, ncalls=3018, regioncalls=104720, ndraw=40, logz=-89.73, remainder_fraction=100.0000%, Lmin=-82.38, Lmax=-6.80
09:20:38 [ultranest] [DEBUG] iteration=1073, ncalls=3023, regioncalls=104920, ndraw=40, logz=-89.54, remainder_fraction=100.0000%, Lmin=-82.35, Lmax=-6.80
09:20:38 [ultranest] [DEBUG] iteration=1074, ncalls=3028, regioncalls=105120, ndraw=40, logz=-89.38, remainder_fraction=100.0000%, Lmin=-82.09, Lmax=-6.80
09:20:38 [ultranest] [DEBUG] iteration=1076, ncalls=3032, regioncalls=105280, ndraw=40, logz=-89.04, remainder_fraction=100.0000%, Lmin=-81.30, Lmax=-6.80
09:20:39 [ultranest] [DEBUG] iteration=1078, ncalls=3039, regioncalls=105560, ndraw=40, logz=-88.30, remainder_fraction=100.0000%, Lmin=-80.32, Lmax=-6.80
09:20:39 [ultranest] [DEBUG] iteration=1080, ncalls=3043, regioncalls=105720, ndraw=40, logz=-87.71, remainder_fraction=100.0000%, Lmin=-79.23, Lmax=-6.80
09:20:39 [ultranest] [DEBUG] iteration=1082, ncalls=3049, regioncalls=105960, ndraw=40, logz=-86.89, remainder_fraction=100.0000%, Lmin=-79.11, Lmax=-6.80
09:20:39 [ultranest] [DEBUG] iteration=1083, ncalls=3051, regioncalls=106040, ndraw=40, logz=-86.61, remainder_fraction=100.0000%, Lmin=-79.08, Lmax=-6.80
09:20:39 [ultranest] [DEBUG] iteration=1086, ncalls=3055, regioncalls=106200, ndraw=40, logz=-86.00, remainder_fraction=100.0000%, Lmin=-78.35, Lmax=-6.80
09:20:39 [ultranest] [DEBUG] iteration=1088, ncalls=3059, regioncalls=106360, ndraw=40, logz=-85.55, remainder_fraction=100.0000%, Lmin=-78.26, Lmax=-6.80
09:20:39 [ultranest] [DEBUG] iteration=1090, ncalls=3064, regioncalls=106560, ndraw=40, logz=-85.23, remainder_fraction=100.0000%, Lmin=-78.02, Lmax=-6.80
09:20:40 [ultranest] [DEBUG] iteration=1092, ncalls=3070, regioncalls=106800, ndraw=40, logz=-84.92, remainder_fraction=100.0000%, Lmin=-77.80, Lmax=-6.80
09:20:40 [ultranest] [DEBUG] iteration=1095, ncalls=3075, regioncalls=107000, ndraw=40, logz=-84.51, remainder_fraction=100.0000%, Lmin=-76.85, Lmax=-6.80
09:20:40 [ultranest] [DEBUG] iteration=1096, ncalls=3079, regioncalls=107160, ndraw=40, logz=-84.27, remainder_fraction=100.0000%, Lmin=-76.69, Lmax=-6.80
09:20:40 [ultranest] [DEBUG] iteration=1097, ncalls=3083, regioncalls=107320, ndraw=40, logz=-84.05, remainder_fraction=100.0000%, Lmin=-76.57, Lmax=-6.80
09:20:40 [ultranest] [DEBUG] iteration=1099, ncalls=3087, regioncalls=107480, ndraw=40, logz=-83.67, remainder_fraction=100.0000%, Lmin=-76.39, Lmax=-6.80
09:20:40 [ultranest] [DEBUG] iteration=1102, ncalls=3092, regioncalls=107680, ndraw=40, logz=-83.10, remainder_fraction=100.0000%, Lmin=-75.81, Lmax=-6.80
09:20:40 [ultranest] [DEBUG] iteration=1105, ncalls=3100, regioncalls=108000, ndraw=40, logz=-82.60, remainder_fraction=100.0000%, Lmin=-75.31, Lmax=-6.80
09:20:41 [ultranest] [DEBUG] iteration=1108, ncalls=3104, regioncalls=108160, ndraw=40, logz=-82.13, remainder_fraction=100.0000%, Lmin=-75.03, Lmax=-6.80
09:20:41 [ultranest] [DEBUG] iteration=1110, ncalls=3108, regioncalls=108360, ndraw=40, logz=-81.86, remainder_fraction=100.0000%, Lmin=-74.95, Lmax=-6.80
09:20:41 [ultranest] [DEBUG] iteration=1111, ncalls=3113, regioncalls=108560, ndraw=40, logz=-81.75, remainder_fraction=100.0000%, Lmin=-74.67, Lmax=-6.80
09:20:41 [ultranest] [DEBUG] iteration=1114, ncalls=3118, regioncalls=108760, ndraw=40, logz=-81.34, remainder_fraction=100.0000%, Lmin=-74.15, Lmax=-6.80
09:20:41 [ultranest] [DEBUG] iteration=1115, ncalls=3123, regioncalls=108960, ndraw=40, logz=-81.20, remainder_fraction=100.0000%, Lmin=-74.05, Lmax=-6.80
09:20:41 [ultranest] [DEBUG] iteration=1120, ncalls=3128, regioncalls=109200, ndraw=40, logz=-80.40, remainder_fraction=100.0000%, Lmin=-72.98, Lmax=-6.80
09:20:41 [ultranest] [DEBUG] iteration=1130, ncalls=3157, regioncalls=110400, ndraw=40, logz=-78.54, remainder_fraction=100.0000%, Lmin=-70.88, Lmax=-6.80
09:20:41 [ultranest] [DEBUG] iteration=1141, ncalls=3190, regioncalls=111720, ndraw=40, logz=-76.60, remainder_fraction=100.0000%, Lmin=-68.97, Lmax=-6.80
09:20:41 [ultranest] [DEBUG] iteration=1158, ncalls=3230, regioncalls=113320, ndraw=40, logz=-73.44, remainder_fraction=100.0000%, Lmin=-66.09, Lmax=-6.80
09:20:41 [ultranest] [DEBUG] iteration=1160, ncalls=3232, regioncalls=113400, ndraw=40, logz=-73.12, remainder_fraction=100.0000%, Lmin=-65.73, Lmax=-6.80
09:20:42 [ultranest] [DEBUG] iteration=1180, ncalls=3271, regioncalls=114960, ndraw=40, logz=-70.11, remainder_fraction=100.0000%, Lmin=-62.35, Lmax=-6.80
09:20:42 [ultranest] [DEBUG] iteration=1192, ncalls=3304, regioncalls=116280, ndraw=40, logz=-67.47, remainder_fraction=100.0000%, Lmin=-60.22, Lmax=-6.80
09:20:42 [ultranest] [DEBUG] iteration=1196, ncalls=3314, regioncalls=116680, ndraw=40, logz=-66.98, remainder_fraction=100.0000%, Lmin=-59.65, Lmax=-6.80
09:20:42 [ultranest] [DEBUG] iteration=1200, ncalls=3320, regioncalls=116960, ndraw=40, logz=-66.48, remainder_fraction=100.0000%, Lmin=-59.35, Lmax=-6.80
09:20:42 [ultranest] [DEBUG] iteration=1217, ncalls=3351, regioncalls=118200, ndraw=40, logz=-63.70, remainder_fraction=100.0000%, Lmin=-56.28, Lmax=-6.57
09:20:42 [ultranest] [DEBUG] iteration=1230, ncalls=3384, regioncalls=119520, ndraw=40, logz=-61.91, remainder_fraction=100.0000%, Lmin=-54.38, Lmax=-6.57
09:20:42 [ultranest] [DEBUG] iteration=1240, ncalls=3405, regioncalls=120360, ndraw=40, logz=-60.03, remainder_fraction=100.0000%, Lmin=-52.02, Lmax=-6.57
09:20:42 [ultranest] [DEBUG] iteration=1252, ncalls=3440, regioncalls=121760, ndraw=40, logz=-57.70, remainder_fraction=100.0000%, Lmin=-49.91, Lmax=-6.57
09:20:42 [ultranest] [DEBUG] iteration=1267, ncalls=3473, regioncalls=123080, ndraw=40, logz=-55.94, remainder_fraction=100.0000%, Lmin=-48.61, Lmax=-6.57
09:20:42 [ultranest] [DEBUG] iteration=1274, ncalls=3506, regioncalls=124400, ndraw=40, logz=-55.19, remainder_fraction=100.0000%, Lmin=-47.88, Lmax=-6.57
09:20:42 [ultranest] [DEBUG] iteration=1280, ncalls=3515, regioncalls=124760, ndraw=40, logz=-54.55, remainder_fraction=100.0000%, Lmin=-47.05, Lmax=-6.57
09:20:42 [ultranest] [DEBUG] iteration=1288, ncalls=3550, regioncalls=126160, ndraw=40, logz=-53.63, remainder_fraction=100.0000%, Lmin=-46.44, Lmax=-6.57
09:20:43 [ultranest] [DEBUG] iteration=1299, ncalls=3584, regioncalls=127520, ndraw=40, logz=-52.59, remainder_fraction=100.0000%, Lmin=-45.42, Lmax=-6.57
09:20:43 [ultranest] [DEBUG] iteration=1315, ncalls=3618, regioncalls=128880, ndraw=40, logz=-50.59, remainder_fraction=100.0000%, Lmin=-42.70, Lmax=-6.57
09:20:43 [ultranest] [DEBUG] iteration=1320, ncalls=3630, regioncalls=129360, ndraw=40, logz=-49.83, remainder_fraction=100.0000%, Lmin=-42.12, Lmax=-6.57
09:20:43 [ultranest] [DEBUG] iteration=1332, ncalls=3670, regioncalls=130960, ndraw=40, logz=-48.44, remainder_fraction=100.0000%, Lmin=-41.11, Lmax=-6.57
09:20:43 [ultranest] [DEBUG] iteration=1344, ncalls=3701, regioncalls=132200, ndraw=40, logz=-47.20, remainder_fraction=100.0000%, Lmin=-39.70, Lmax=-6.57
09:20:43 [ultranest] [DEBUG] iteration=1356, ncalls=3739, regioncalls=133720, ndraw=40, logz=-46.03, remainder_fraction=100.0000%, Lmin=-38.44, Lmax=-6.57
09:20:43 [ultranest] [DEBUG] iteration=1360, ncalls=3749, regioncalls=134120, ndraw=40, logz=-45.59, remainder_fraction=100.0000%, Lmin=-37.88, Lmax=-6.57
09:20:43 [ultranest] [DEBUG] iteration=1375, ncalls=3780, regioncalls=135360, ndraw=40, logz=-44.16, remainder_fraction=100.0000%, Lmin=-36.72, Lmax=-6.57
09:20:43 [ultranest] [DEBUG] iteration=1386, ncalls=3814, regioncalls=136720, ndraw=40, logz=-43.28, remainder_fraction=100.0000%, Lmin=-35.81, Lmax=-6.57
09:20:43 [ultranest] [DEBUG] iteration=1400, ncalls=3837, regioncalls=137640, ndraw=40, logz=-42.00, remainder_fraction=100.0000%, Lmin=-34.43, Lmax=-6.57
09:20:43 [ultranest] [DEBUG] iteration=1411, ncalls=3872, regioncalls=139040, ndraw=40, logz=-40.98, remainder_fraction=100.0000%, Lmin=-33.34, Lmax=-6.57
09:20:43 [ultranest] [DEBUG] iteration=1418, ncalls=3890, regioncalls=139800, ndraw=40, logz=-40.33, remainder_fraction=100.0000%, Lmin=-32.91, Lmax=-6.57
09:20:44 [ultranest] [DEBUG] iteration=1434, ncalls=3916, regioncalls=140840, ndraw=40, logz=-38.80, remainder_fraction=100.0000%, Lmin=-31.03, Lmax=-6.57
09:20:44 [ultranest] [DEBUG] iteration=1440, ncalls=3922, regioncalls=141080, ndraw=40, logz=-38.24, remainder_fraction=100.0000%, Lmin=-30.75, Lmax=-6.57
09:20:44 [ultranest] [DEBUG] iteration=1454, ncalls=3953, regioncalls=142440, ndraw=40, logz=-37.14, remainder_fraction=100.0000%, Lmin=-29.71, Lmax=-6.57
09:20:44 [ultranest] [DEBUG] iteration=1467, ncalls=3986, regioncalls=143760, ndraw=40, logz=-36.41, remainder_fraction=100.0000%, Lmin=-29.26, Lmax=-6.57
09:20:44 [ultranest] [DEBUG] iteration=1480, ncalls=4018, regioncalls=145040, ndraw=40, logz=-35.72, remainder_fraction=100.0000%, Lmin=-28.34, Lmax=-6.57
09:20:44 [ultranest] [DEBUG] iteration=1492, ncalls=4041, regioncalls=146000, ndraw=40, logz=-34.86, remainder_fraction=100.0000%, Lmin=-27.02, Lmax=-6.57
09:20:44 [ultranest] [DEBUG] iteration=1505, ncalls=4071, regioncalls=147200, ndraw=40, logz=-33.81, remainder_fraction=100.0000%, Lmin=-26.08, Lmax=-6.57
09:20:44 [ultranest] [DEBUG] iteration=1519, ncalls=4103, regioncalls=148480, ndraw=40, logz=-32.84, remainder_fraction=100.0000%, Lmin=-25.42, Lmax=-6.57
09:20:44 [ultranest] [DEBUG] iteration=1520, ncalls=4104, regioncalls=148520, ndraw=40, logz=-32.78, remainder_fraction=100.0000%, Lmin=-25.38, Lmax=-6.57
09:20:44 [ultranest] [DEBUG] iteration=1536, ncalls=4138, regioncalls=149880, ndraw=40, logz=-31.92, remainder_fraction=100.0000%, Lmin=-24.50, Lmax=-6.57
09:20:44 [ultranest] [DEBUG] iteration=1548, ncalls=4174, regioncalls=151320, ndraw=40, logz=-31.33, remainder_fraction=100.0000%, Lmin=-24.13, Lmax=-6.57
09:20:45 [ultranest] [DEBUG] iteration=1560, ncalls=4203, regioncalls=152480, ndraw=40, logz=-30.77, remainder_fraction=100.0000%, Lmin=-23.43, Lmax=-6.57
09:20:45 [ultranest] [DEBUG] iteration=1566, ncalls=4212, regioncalls=152840, ndraw=40, logz=-30.48, remainder_fraction=100.0000%, Lmin=-23.06, Lmax=-6.57
09:20:45 [ultranest] [DEBUG] iteration=1581, ncalls=4245, regioncalls=154240, ndraw=40, logz=-29.63, remainder_fraction=100.0000%, Lmin=-22.22, Lmax=-6.57
09:20:45 [ultranest] [DEBUG] iteration=1598, ncalls=4277, regioncalls=155520, ndraw=40, logz=-28.81, remainder_fraction=99.9999%, Lmin=-21.44, Lmax=-6.57
09:20:45 [ultranest] [DEBUG] iteration=1600, ncalls=4291, regioncalls=156080, ndraw=40, logz=-28.72, remainder_fraction=99.9999%, Lmin=-21.23, Lmax=-6.57
09:20:45 [ultranest] [DEBUG] iteration=1614, ncalls=4325, regioncalls=157440, ndraw=40, logz=-28.14, remainder_fraction=99.9999%, Lmin=-20.80, Lmax=-6.57
09:20:45 [ultranest] [DEBUG] iteration=1627, ncalls=4356, regioncalls=158680, ndraw=40, logz=-27.61, remainder_fraction=99.9998%, Lmin=-20.24, Lmax=-6.57
09:20:45 [ultranest] [DEBUG] iteration=1636, ncalls=4389, regioncalls=160000, ndraw=40, logz=-27.29, remainder_fraction=99.9998%, Lmin=-20.02, Lmax=-6.57
09:20:45 [ultranest] [DEBUG] iteration=1640, ncalls=4396, regioncalls=160320, ndraw=40, logz=-27.15, remainder_fraction=99.9997%, Lmin=-19.83, Lmax=-6.57
09:20:45 [ultranest] [DEBUG] iteration=1654, ncalls=4424, regioncalls=161440, ndraw=40, logz=-26.66, remainder_fraction=99.9996%, Lmin=-19.42, Lmax=-6.57
09:20:45 [ultranest] [DEBUG] iteration=1669, ncalls=4454, regioncalls=162640, ndraw=40, logz=-26.14, remainder_fraction=99.9993%, Lmin=-18.83, Lmax=-6.57
09:20:45 [ultranest] [DEBUG] iteration=1680, ncalls=4468, regioncalls=163200, ndraw=40, logz=-25.78, remainder_fraction=99.9989%, Lmin=-18.44, Lmax=-6.57
09:20:46 [ultranest] [DEBUG] iteration=1695, ncalls=4500, regioncalls=164480, ndraw=40, logz=-25.20, remainder_fraction=99.9980%, Lmin=-17.73, Lmax=-6.57
09:20:46 [ultranest] [DEBUG] iteration=1711, ncalls=4529, regioncalls=165640, ndraw=40, logz=-24.66, remainder_fraction=99.9966%, Lmin=-17.21, Lmax=-6.57
09:20:46 [ultranest] [DEBUG] iteration=1720, ncalls=4542, regioncalls=166160, ndraw=40, logz=-24.38, remainder_fraction=99.9956%, Lmin=-17.04, Lmax=-6.57
09:20:46 [ultranest] [DEBUG] iteration=1733, ncalls=4570, regioncalls=167280, ndraw=40, logz=-24.00, remainder_fraction=99.9934%, Lmin=-16.72, Lmax=-6.57
09:20:46 [ultranest] [DEBUG] iteration=1745, ncalls=4602, regioncalls=168560, ndraw=40, logz=-23.68, remainder_fraction=99.9913%, Lmin=-16.37, Lmax=-6.57
09:20:46 [ultranest] [DEBUG] iteration=1758, ncalls=4630, regioncalls=169680, ndraw=40, logz=-23.33, remainder_fraction=99.9874%, Lmin=-15.96, Lmax=-6.41
09:20:46 [ultranest] [DEBUG] iteration=1760, ncalls=4632, regioncalls=169760, ndraw=40, logz=-23.27, remainder_fraction=99.9872%, Lmin=-15.93, Lmax=-6.41
09:20:46 [ultranest] [DEBUG] iteration=1772, ncalls=4665, regioncalls=171080, ndraw=40, logz=-22.96, remainder_fraction=99.9823%, Lmin=-15.56, Lmax=-6.41
09:20:46 [ultranest] [DEBUG] iteration=1787, ncalls=4696, regioncalls=172320, ndraw=40, logz=-22.57, remainder_fraction=99.9737%, Lmin=-15.14, Lmax=-6.20
09:20:46 [ultranest] [DEBUG] iteration=1788, ncalls=4698, regioncalls=172400, ndraw=40, logz=-22.54, remainder_fraction=99.9729%, Lmin=-15.13, Lmax=-6.20
09:20:46 [ultranest] [DEBUG] iteration=1800, ncalls=4728, regioncalls=173640, ndraw=40, logz=-22.21, remainder_fraction=99.9638%, Lmin=-14.58, Lmax=-6.20
09:20:46 [ultranest] [DEBUG] iteration=1815, ncalls=4758, regioncalls=174880, ndraw=40, logz=-21.79, remainder_fraction=99.9447%, Lmin=-14.33, Lmax=-6.20
09:20:47 [ultranest] [DEBUG] iteration=1832, ncalls=4785, regioncalls=175960, ndraw=40, logz=-21.37, remainder_fraction=99.9129%, Lmin=-13.94, Lmax=-6.20
09:20:47 [ultranest] [DEBUG] iteration=1840, ncalls=4802, regioncalls=176640, ndraw=40, logz=-21.19, remainder_fraction=99.8951%, Lmin=-13.87, Lmax=-6.20
09:20:47 [ultranest] [DEBUG] iteration=1856, ncalls=4830, regioncalls=177760, ndraw=40, logz=-20.88, remainder_fraction=99.8640%, Lmin=-13.53, Lmax=-6.20
09:20:47 [ultranest] [DEBUG] iteration=1862, ncalls=4841, regioncalls=178240, ndraw=40, logz=-20.76, remainder_fraction=99.8461%, Lmin=-13.46, Lmax=-6.20
09:20:47 [ultranest] [DEBUG] iteration=1876, ncalls=4866, regioncalls=179240, ndraw=40, logz=-20.51, remainder_fraction=99.8105%, Lmin=-13.22, Lmax=-6.20
09:20:47 [ultranest] [DEBUG] iteration=1880, ncalls=4871, regioncalls=179440, ndraw=40, logz=-20.45, remainder_fraction=99.7991%, Lmin=-13.17, Lmax=-6.20
09:20:47 [ultranest] [DEBUG] iteration=1895, ncalls=4900, regioncalls=180600, ndraw=40, logz=-20.21, remainder_fraction=99.7422%, Lmin=-13.04, Lmax=-6.20
09:20:47 [ultranest] [DEBUG] iteration=1914, ncalls=4931, regioncalls=181840, ndraw=40, logz=-19.93, remainder_fraction=99.6601%, Lmin=-12.67, Lmax=-6.20
09:20:47 [ultranest] [DEBUG] iteration=1920, ncalls=4947, regioncalls=182480, ndraw=40, logz=-19.84, remainder_fraction=99.6232%, Lmin=-12.54, Lmax=-6.20
09:20:47 [ultranest] [DEBUG] iteration=1938, ncalls=4974, regioncalls=183560, ndraw=40, logz=-19.56, remainder_fraction=99.5129%, Lmin=-12.25, Lmax=-6.20
09:20:47 [ultranest] [DEBUG] iteration=1952, ncalls=5004, regioncalls=184760, ndraw=40, logz=-19.36, remainder_fraction=99.3899%, Lmin=-12.09, Lmax=-6.20
09:20:47 [ultranest] [DEBUG] iteration=1960, ncalls=5019, regioncalls=185360, ndraw=40, logz=-19.25, remainder_fraction=99.3097%, Lmin=-11.98, Lmax=-6.20
09:20:48 [ultranest] [DEBUG] iteration=1975, ncalls=5050, regioncalls=186600, ndraw=40, logz=-19.06, remainder_fraction=99.1472%, Lmin=-11.75, Lmax=-6.20
09:20:48 [ultranest] [DEBUG] iteration=1990, ncalls=5080, regioncalls=187800, ndraw=40, logz=-18.86, remainder_fraction=98.9610%, Lmin=-11.44, Lmax=-6.20
09:20:48 [ultranest] [DEBUG] iteration=2000, ncalls=5103, regioncalls=188720, ndraw=40, logz=-18.72, remainder_fraction=98.8053%, Lmin=-11.31, Lmax=-6.20
09:20:48 [ultranest] [DEBUG] iteration=2012, ncalls=5133, regioncalls=189920, ndraw=40, logz=-18.57, remainder_fraction=98.5891%, Lmin=-11.21, Lmax=-6.20
09:20:48 [ultranest] [DEBUG] iteration=2027, ncalls=5162, regioncalls=191080, ndraw=40, logz=-18.39, remainder_fraction=98.3311%, Lmin=-11.08, Lmax=-6.20
09:20:48 [ultranest] [DEBUG] iteration=2040, ncalls=5196, regioncalls=192440, ndraw=40, logz=-18.24, remainder_fraction=98.0856%, Lmin=-10.88, Lmax=-6.20
09:20:48 [ultranest] [DEBUG] iteration=2056, ncalls=5228, regioncalls=193720, ndraw=40, logz=-18.06, remainder_fraction=97.6753%, Lmin=-10.71, Lmax=-6.20
09:20:48 [ultranest] [DEBUG] iteration=2073, ncalls=5259, regioncalls=194960, ndraw=40, logz=-17.89, remainder_fraction=97.2178%, Lmin=-10.57, Lmax=-6.20
09:20:48 [ultranest] [DEBUG] iteration=2080, ncalls=5280, regioncalls=195800, ndraw=40, logz=-17.82, remainder_fraction=96.9911%, Lmin=-10.50, Lmax=-6.20
09:20:48 [ultranest] [DEBUG] iteration=2084, ncalls=5293, regioncalls=196360, ndraw=40, logz=-17.78, remainder_fraction=96.8701%, Lmin=-10.48, Lmax=-6.20
09:20:48 [ultranest] [DEBUG] iteration=2098, ncalls=5322, regioncalls=197520, ndraw=40, logz=-17.65, remainder_fraction=96.4229%, Lmin=-10.32, Lmax=-6.20
09:20:49 [ultranest] [DEBUG] iteration=2108, ncalls=5355, regioncalls=198840, ndraw=40, logz=-17.56, remainder_fraction=96.0308%, Lmin=-10.22, Lmax=-6.20
09:20:49 [ultranest] [DEBUG] iteration=2120, ncalls=5388, regioncalls=200160, ndraw=40, logz=-17.45, remainder_fraction=95.5566%, Lmin=-10.11, Lmax=-6.20
09:20:49 [ultranest] [DEBUG] iteration=2135, ncalls=5418, regioncalls=201440, ndraw=40, logz=-17.32, remainder_fraction=94.9494%, Lmin=-9.98, Lmax=-6.20
09:20:49 [ultranest] [DEBUG] iteration=2149, ncalls=5452, regioncalls=202800, ndraw=40, logz=-17.21, remainder_fraction=94.4092%, Lmin=-9.89, Lmax=-6.20
09:20:49 [ultranest] [DEBUG] iteration=2160, ncalls=5479, regioncalls=203880, ndraw=40, logz=-17.12, remainder_fraction=94.0243%, Lmin=-9.77, Lmax=-6.20
09:20:49 [ultranest] [DEBUG] iteration=2177, ncalls=5512, regioncalls=205200, ndraw=40, logz=-16.99, remainder_fraction=93.2683%, Lmin=-9.67, Lmax=-6.20
09:20:49 [ultranest] [DEBUG] iteration=2191, ncalls=5545, regioncalls=206520, ndraw=40, logz=-16.89, remainder_fraction=92.6889%, Lmin=-9.54, Lmax=-6.20
09:20:49 [ultranest] [DEBUG] iteration=2200, ncalls=5577, regioncalls=207800, ndraw=40, logz=-16.82, remainder_fraction=92.1651%, Lmin=-9.49, Lmax=-6.20
09:20:49 [ultranest] [DEBUG] iteration=2212, ncalls=5610, regioncalls=209120, ndraw=40, logz=-16.74, remainder_fraction=91.6250%, Lmin=-9.42, Lmax=-6.20
09:20:49 [ultranest] [DEBUG] iteration=2225, ncalls=5643, regioncalls=210440, ndraw=40, logz=-16.66, remainder_fraction=90.9418%, Lmin=-9.31, Lmax=-6.20
09:20:50 [ultranest] [DEBUG] iteration=2232, ncalls=5658, regioncalls=211160, ndraw=40, logz=-16.61, remainder_fraction=90.5552%, Lmin=-9.27, Lmax=-6.20
09:20:50 [ultranest] [DEBUG] iteration=2240, ncalls=5677, regioncalls=211960, ndraw=40, logz=-16.56, remainder_fraction=90.1183%, Lmin=-9.24, Lmax=-6.20
09:20:50 [ultranest] [DEBUG] iteration=2252, ncalls=5710, regioncalls=213280, ndraw=40, logz=-16.49, remainder_fraction=89.3462%, Lmin=-9.17, Lmax=-6.20
09:20:50 [ultranest] [DEBUG] iteration=2265, ncalls=5747, regioncalls=214760, ndraw=40, logz=-16.42, remainder_fraction=88.4397%, Lmin=-9.11, Lmax=-6.20
09:20:50 [ultranest] [DEBUG] iteration=2279, ncalls=5780, regioncalls=216080, ndraw=40, logz=-16.34, remainder_fraction=87.4615%, Lmin=-8.97, Lmax=-6.20
09:20:50 [ultranest] [DEBUG] iteration=2280, ncalls=5783, regioncalls=216200, ndraw=40, logz=-16.34, remainder_fraction=87.3987%, Lmin=-8.96, Lmax=-6.20
09:20:50 [ultranest] [DEBUG] iteration=2295, ncalls=5819, regioncalls=217640, ndraw=40, logz=-16.25, remainder_fraction=86.3341%, Lmin=-8.86, Lmax=-6.20
09:20:50 [ultranest] [DEBUG] iteration=2304, ncalls=5853, regioncalls=219000, ndraw=40, logz=-16.20, remainder_fraction=85.7313%, Lmin=-8.79, Lmax=-6.20
09:20:50 [ultranest] [DEBUG] iteration=2306, ncalls=5858, regioncalls=219240, ndraw=40, logz=-16.19, remainder_fraction=85.5300%, Lmin=-8.79, Lmax=-6.20
09:20:50 [ultranest] [DEBUG] iteration=2320, ncalls=5884, regioncalls=220280, ndraw=40, logz=-16.12, remainder_fraction=84.4801%, Lmin=-8.72, Lmax=-6.20
09:20:50 [ultranest] [DEBUG] iteration=2336, ncalls=5914, regioncalls=221520, ndraw=40, logz=-16.04, remainder_fraction=83.2151%, Lmin=-8.63, Lmax=-6.20
09:20:51 [ultranest] [DEBUG] iteration=2348, ncalls=5947, regioncalls=222840, ndraw=40, logz=-15.98, remainder_fraction=82.2883%, Lmin=-8.56, Lmax=-6.20
09:20:51 [ultranest] [DEBUG] iteration=2360, ncalls=5974, regioncalls=223920, ndraw=40, logz=-15.92, remainder_fraction=81.2075%, Lmin=-8.53, Lmax=-6.20
09:20:51 [ultranest] [DEBUG] iteration=2372, ncalls=6009, regioncalls=225320, ndraw=40, logz=-15.87, remainder_fraction=80.2788%, Lmin=-8.49, Lmax=-6.20
09:20:51 [ultranest] [DEBUG] iteration=2381, ncalls=6042, regioncalls=226640, ndraw=40, logz=-15.83, remainder_fraction=79.5234%, Lmin=-8.46, Lmax=-6.20
09:20:51 [ultranest] [DEBUG] iteration=2391, ncalls=6074, regioncalls=227920, ndraw=40, logz=-15.79, remainder_fraction=78.6821%, Lmin=-8.43, Lmax=-6.20
09:20:51 [ultranest] [DEBUG] iteration=2399, ncalls=6110, regioncalls=229360, ndraw=40, logz=-15.76, remainder_fraction=77.8987%, Lmin=-8.39, Lmax=-6.20
09:20:51 [ultranest] [DEBUG] iteration=2400, ncalls=6112, regioncalls=229440, ndraw=40, logz=-15.76, remainder_fraction=77.7815%, Lmin=-8.39, Lmax=-6.20
09:20:51 [ultranest] [DEBUG] iteration=2416, ncalls=6145, regioncalls=230760, ndraw=40, logz=-15.69, remainder_fraction=76.5864%, Lmin=-8.30, Lmax=-6.20
09:20:51 [ultranest] [DEBUG] iteration=2431, ncalls=6177, regioncalls=232040, ndraw=40, logz=-15.64, remainder_fraction=75.0782%, Lmin=-8.26, Lmax=-6.20
09:20:51 [ultranest] [DEBUG] iteration=2440, ncalls=6203, regioncalls=233080, ndraw=40, logz=-15.61, remainder_fraction=74.2918%, Lmin=-8.20, Lmax=-6.20
09:20:51 [ultranest] [DEBUG] iteration=2451, ncalls=6237, regioncalls=234440, ndraw=40, logz=-15.57, remainder_fraction=73.1857%, Lmin=-8.17, Lmax=-6.20
09:20:51 [ultranest] [DEBUG] iteration=2454, ncalls=6244, regioncalls=234720, ndraw=40, logz=-15.56, remainder_fraction=72.8698%, Lmin=-8.16, Lmax=-6.20
09:20:52 [ultranest] [DEBUG] iteration=2469, ncalls=6275, regioncalls=236040, ndraw=40, logz=-15.51, remainder_fraction=71.4559%, Lmin=-8.10, Lmax=-6.20
09:20:52 [ultranest] [DEBUG] iteration=2480, ncalls=6307, regioncalls=237320, ndraw=40, logz=-15.47, remainder_fraction=70.6077%, Lmin=-8.07, Lmax=-6.20
09:20:52 [ultranest] [DEBUG] iteration=2493, ncalls=6340, regioncalls=238640, ndraw=40, logz=-15.43, remainder_fraction=69.5304%, Lmin=-8.02, Lmax=-6.20
09:20:52 [ultranest] [DEBUG] iteration=2505, ncalls=6369, regioncalls=239800, ndraw=40, logz=-15.39, remainder_fraction=68.6808%, Lmin=-7.99, Lmax=-6.20
09:20:52 [ultranest] [DEBUG] iteration=2520, ncalls=6398, regioncalls=240960, ndraw=40, logz=-15.35, remainder_fraction=67.4770%, Lmin=-7.94, Lmax=-6.18
09:20:52 [ultranest] [DEBUG] iteration=2532, ncalls=6426, regioncalls=242080, ndraw=40, logz=-15.32, remainder_fraction=66.4063%, Lmin=-7.90, Lmax=-6.18
09:20:52 [ultranest] [DEBUG] iteration=2543, ncalls=6456, regioncalls=243280, ndraw=40, logz=-15.29, remainder_fraction=65.4545%, Lmin=-7.88, Lmax=-6.18
09:20:52 [ultranest] [DEBUG] iteration=2559, ncalls=6490, regioncalls=244640, ndraw=40, logz=-15.25, remainder_fraction=63.9111%, Lmin=-7.84, Lmax=-6.16
09:20:52 [ultranest] [DEBUG] iteration=2560, ncalls=6492, regioncalls=244720, ndraw=40, logz=-15.24, remainder_fraction=63.9260%, Lmin=-7.84, Lmax=-6.16
09:20:52 [ultranest] [DEBUG] iteration=2569, ncalls=6526, regioncalls=246080, ndraw=40, logz=-15.22, remainder_fraction=63.0859%, Lmin=-7.81, Lmax=-6.16
09:20:52 [ultranest] [DEBUG] iteration=2579, ncalls=6560, regioncalls=247440, ndraw=40, logz=-15.20, remainder_fraction=62.2072%, Lmin=-7.80, Lmax=-6.16
09:20:53 [ultranest] [DEBUG] iteration=2591, ncalls=6596, regioncalls=248880, ndraw=40, logz=-15.17, remainder_fraction=61.3614%, Lmin=-7.77, Lmax=-6.16
09:20:53 [ultranest] [DEBUG] iteration=2600, ncalls=6612, regioncalls=249520, ndraw=40, logz=-15.15, remainder_fraction=60.5926%, Lmin=-7.75, Lmax=-6.16
09:20:53 [ultranest] [DEBUG] clustering found some stray points [need_accept=False] (array([1, 2, 3]), array([327,   3,   1]))
09:20:53 [ultranest] [DEBUG] iteration=2613, ncalls=6639, regioncalls=250600, ndraw=40, logz=-15.12, remainder_fraction=59.7620%, Lmin=-7.72, Lmax=-6.16
09:20:53 [ultranest] [DEBUG] iteration=2624, ncalls=6673, regioncalls=251960, ndraw=40, logz=-15.10, remainder_fraction=58.8644%, Lmin=-7.69, Lmax=-6.16
09:20:53 [ultranest] [DEBUG] iteration=2633, ncalls=6704, regioncalls=253200, ndraw=40, logz=-15.08, remainder_fraction=58.0073%, Lmin=-7.67, Lmax=-6.16
09:20:53 [ultranest] [DEBUG] iteration=2640, ncalls=6719, regioncalls=253800, ndraw=40, logz=-15.07, remainder_fraction=57.3727%, Lmin=-7.65, Lmax=-6.15
09:20:53 [ultranest] [DEBUG] iteration=2649, ncalls=6754, regioncalls=255200, ndraw=40, logz=-15.05, remainder_fraction=56.6758%, Lmin=-7.62, Lmax=-6.15
09:20:53 [ultranest] [DEBUG] iteration=2659, ncalls=6789, regioncalls=256600, ndraw=40, logz=-15.03, remainder_fraction=55.7156%, Lmin=-7.60, Lmax=-6.15
09:20:53 [ultranest] [DEBUG] iteration=2671, ncalls=6820, regioncalls=257840, ndraw=40, logz=-15.01, remainder_fraction=54.5909%, Lmin=-7.56, Lmax=-6.15
09:20:53 [ultranest] [DEBUG] iteration=2676, ncalls=6839, regioncalls=258640, ndraw=40, logz=-15.00, remainder_fraction=54.1657%, Lmin=-7.55, Lmax=-6.15
09:20:53 [ultranest] [DEBUG] iteration=2680, ncalls=6850, regioncalls=259080, ndraw=40, logz=-14.99, remainder_fraction=53.9073%, Lmin=-7.55, Lmax=-6.15
09:20:54 [ultranest] [DEBUG] iteration=2689, ncalls=6881, regioncalls=260320, ndraw=40, logz=-14.97, remainder_fraction=53.3323%, Lmin=-7.51, Lmax=-6.15
09:20:54 [ultranest] [DEBUG] iteration=2700, ncalls=6915, regioncalls=261680, ndraw=40, logz=-14.95, remainder_fraction=52.4327%, Lmin=-7.48, Lmax=-6.15
09:20:54 [ultranest] [DEBUG] iteration=2711, ncalls=6951, regioncalls=263120, ndraw=40, logz=-14.93, remainder_fraction=51.3662%, Lmin=-7.47, Lmax=-6.15
09:20:54 [ultranest] [DEBUG] iteration=2720, ncalls=6969, regioncalls=263840, ndraw=40, logz=-14.92, remainder_fraction=50.5846%, Lmin=-7.45, Lmax=-6.15
09:20:54 [ultranest] [DEBUG] iteration=2733, ncalls=7001, regioncalls=265120, ndraw=40, logz=-14.90, remainder_fraction=49.4800%, Lmin=-7.41, Lmax=-6.15
09:20:54 [ultranest] [DEBUG] iteration=2744, ncalls=7035, regioncalls=266480, ndraw=40, logz=-14.88, remainder_fraction=48.6503%, Lmin=-7.39, Lmax=-6.15
09:20:54 [ultranest] [DEBUG] iteration=2750, ncalls=7059, regioncalls=267480, ndraw=40, logz=-14.87, remainder_fraction=48.1517%, Lmin=-7.38, Lmax=-6.15
09:20:54 [ultranest] [DEBUG] iteration=2760, ncalls=7087, regioncalls=268600, ndraw=40, logz=-14.86, remainder_fraction=47.2743%, Lmin=-7.35, Lmax=-6.15
09:20:54 [ultranest] [DEBUG] iteration=2773, ncalls=7123, regioncalls=270040, ndraw=40, logz=-14.84, remainder_fraction=46.2714%, Lmin=-7.30, Lmax=-6.15
09:20:54 [ultranest] [DEBUG] iteration=2787, ncalls=7158, regioncalls=271440, ndraw=40, logz=-14.82, remainder_fraction=45.4375%, Lmin=-7.27, Lmax=-6.13
09:20:55 [ultranest] [DEBUG] iteration=2800, ncalls=7185, regioncalls=272520, ndraw=40, logz=-14.80, remainder_fraction=44.3401%, Lmin=-7.24, Lmax=-6.13
09:20:55 [ultranest] [DEBUG] iteration=2813, ncalls=7218, regioncalls=273840, ndraw=40, logz=-14.78, remainder_fraction=43.3605%, Lmin=-7.21, Lmax=-6.13
09:20:55 [ultranest] [DEBUG] iteration=2824, ncalls=7238, regioncalls=274680, ndraw=40, logz=-14.76, remainder_fraction=42.4985%, Lmin=-7.18, Lmax=-6.13
09:20:55 [ultranest] [DEBUG] iteration=2839, ncalls=7270, regioncalls=275960, ndraw=40, logz=-14.74, remainder_fraction=41.4048%, Lmin=-7.15, Lmax=-6.13
09:20:55 [ultranest] [DEBUG] iteration=2840, ncalls=7274, regioncalls=276120, ndraw=40, logz=-14.74, remainder_fraction=41.3080%, Lmin=-7.15, Lmax=-6.13
09:20:55 [ultranest] [DEBUG] iteration=2854, ncalls=7307, regioncalls=277440, ndraw=40, logz=-14.73, remainder_fraction=40.2026%, Lmin=-7.12, Lmax=-6.13
09:20:55 [ultranest] [DEBUG] iteration=2868, ncalls=7338, regioncalls=278680, ndraw=40, logz=-14.71, remainder_fraction=38.9950%, Lmin=-7.09, Lmax=-6.13
09:20:55 [ultranest] [DEBUG] iteration=2880, ncalls=7356, regioncalls=279400, ndraw=40, logz=-14.69, remainder_fraction=38.1216%, Lmin=-7.06, Lmax=-6.13
09:20:55 [ultranest] [DEBUG] iteration=2895, ncalls=7386, regioncalls=280600, ndraw=40, logz=-14.68, remainder_fraction=37.0273%, Lmin=-7.03, Lmax=-6.13
09:20:55 [ultranest] [DEBUG] iteration=2907, ncalls=7413, regioncalls=281680, ndraw=40, logz=-14.66, remainder_fraction=36.1053%, Lmin=-7.02, Lmax=-6.13
09:20:55 [ultranest] [DEBUG] iteration=2920, ncalls=7436, regioncalls=282600, ndraw=40, logz=-14.65, remainder_fraction=35.0999%, Lmin=-6.99, Lmax=-6.13
09:20:55 [ultranest] [DEBUG] iteration=2934, ncalls=7468, regioncalls=283880, ndraw=40, logz=-14.63, remainder_fraction=34.0531%, Lmin=-6.97, Lmax=-6.13
09:20:56 [ultranest] [DEBUG] iteration=2948, ncalls=7499, regioncalls=285120, ndraw=40, logz=-14.62, remainder_fraction=32.9702%, Lmin=-6.94, Lmax=-6.11
09:20:56 [ultranest] [DEBUG] iteration=2957, ncalls=7528, regioncalls=286280, ndraw=40, logz=-14.61, remainder_fraction=32.3909%, Lmin=-6.92, Lmax=-6.11
09:20:56 [ultranest] [DEBUG] iteration=2960, ncalls=7534, regioncalls=286520, ndraw=40, logz=-14.61, remainder_fraction=32.2150%, Lmin=-6.91, Lmax=-6.11
09:20:56 [ultranest] [DEBUG] iteration=2971, ncalls=7564, regioncalls=287720, ndraw=40, logz=-14.60, remainder_fraction=31.4168%, Lmin=-6.89, Lmax=-6.11
09:20:56 [ultranest] [DEBUG] iteration=2972, ncalls=7567, regioncalls=287920, ndraw=40, logz=-14.59, remainder_fraction=31.3814%, Lmin=-6.89, Lmax=-6.11
09:20:56 [ultranest] [DEBUG] iteration=2986, ncalls=7593, regioncalls=289000, ndraw=40, logz=-14.58, remainder_fraction=30.4765%, Lmin=-6.86, Lmax=-6.11
09:20:56 [ultranest] [DEBUG] iteration=2999, ncalls=7618, regioncalls=290040, ndraw=40, logz=-14.57, remainder_fraction=29.5853%, Lmin=-6.84, Lmax=-6.11
09:20:56 [ultranest] [DEBUG] iteration=3000, ncalls=7621, regioncalls=290160, ndraw=40, logz=-14.57, remainder_fraction=29.5069%, Lmin=-6.84, Lmax=-6.11
09:20:56 [ultranest] [DEBUG] iteration=3014, ncalls=7643, regioncalls=291040, ndraw=40, logz=-14.56, remainder_fraction=28.6105%, Lmin=-6.82, Lmax=-6.11
09:20:56 [ultranest] [DEBUG] iteration=3026, ncalls=7670, regioncalls=292120, ndraw=40, logz=-14.55, remainder_fraction=27.8378%, Lmin=-6.81, Lmax=-6.11
09:20:56 [ultranest] [DEBUG] iteration=3040, ncalls=7693, regioncalls=293040, ndraw=40, logz=-14.53, remainder_fraction=26.9830%, Lmin=-6.79, Lmax=-6.11
09:20:56 [ultranest] [DEBUG] iteration=3053, ncalls=7721, regioncalls=294160, ndraw=40, logz=-14.52, remainder_fraction=26.1637%, Lmin=-6.78, Lmax=-6.11
09:20:57 [ultranest] [DEBUG] iteration=3069, ncalls=7750, regioncalls=295320, ndraw=40, logz=-14.51, remainder_fraction=25.1642%, Lmin=-6.75, Lmax=-6.11
09:20:57 [ultranest] [DEBUG] iteration=3080, ncalls=7780, regioncalls=296520, ndraw=40, logz=-14.50, remainder_fraction=24.5121%, Lmin=-6.73, Lmax=-6.11
09:20:57 [ultranest] [DEBUG] iteration=3095, ncalls=7811, regioncalls=297760, ndraw=40, logz=-14.49, remainder_fraction=23.7035%, Lmin=-6.71, Lmax=-6.11
09:20:57 [ultranest] [DEBUG] iteration=3112, ncalls=7844, regioncalls=299080, ndraw=40, logz=-14.48, remainder_fraction=22.7156%, Lmin=-6.69, Lmax=-6.11
09:20:57 [ultranest] [DEBUG] iteration=3120, ncalls=7858, regioncalls=299720, ndraw=40, logz=-14.47, remainder_fraction=22.2790%, Lmin=-6.68, Lmax=-6.11
09:20:57 [ultranest] [DEBUG] iteration=3137, ncalls=7887, regioncalls=300920, ndraw=40, logz=-14.46, remainder_fraction=21.4096%, Lmin=-6.66, Lmax=-6.11
09:20:57 [ultranest] [DEBUG] iteration=3156, ncalls=7916, regioncalls=302080, ndraw=40, logz=-14.45, remainder_fraction=20.5223%, Lmin=-6.65, Lmax=-6.10
09:20:57 [ultranest] [DEBUG] iteration=3160, ncalls=7923, regioncalls=302360, ndraw=40, logz=-14.45, remainder_fraction=20.3175%, Lmin=-6.64, Lmax=-6.10
09:20:57 [ultranest] [DEBUG] iteration=3178, ncalls=7955, regioncalls=303640, ndraw=40, logz=-14.44, remainder_fraction=19.4702%, Lmin=-6.62, Lmax=-6.08
09:20:57 [ultranest] [DEBUG] iteration=3192, ncalls=7986, regioncalls=304880, ndraw=40, logz=-14.43, remainder_fraction=18.8330%, Lmin=-6.60, Lmax=-6.08
09:20:57 [ultranest] [DEBUG] iteration=3200, ncalls=8001, regioncalls=305480, ndraw=40, logz=-14.42, remainder_fraction=18.5340%, Lmin=-6.60, Lmax=-6.08
09:20:58 [ultranest] [DEBUG] iteration=3212, ncalls=8033, regioncalls=306760, ndraw=40, logz=-14.42, remainder_fraction=18.0370%, Lmin=-6.58, Lmax=-6.08
09:20:58 [ultranest] [DEBUG] iteration=3231, ncalls=8062, regioncalls=307920, ndraw=40, logz=-14.41, remainder_fraction=17.2627%, Lmin=-6.56, Lmax=-6.08
09:20:58 [ultranest] [DEBUG] iteration=3240, ncalls=8080, regioncalls=308640, ndraw=40, logz=-14.40, remainder_fraction=16.9081%, Lmin=-6.55, Lmax=-6.08
09:20:58 [ultranest] [DEBUG] iteration=3255, ncalls=8110, regioncalls=309840, ndraw=40, logz=-14.40, remainder_fraction=16.2385%, Lmin=-6.53, Lmax=-6.08
09:20:58 [ultranest] [DEBUG] iteration=3268, ncalls=8141, regioncalls=311080, ndraw=40, logz=-14.39, remainder_fraction=15.6899%, Lmin=-6.53, Lmax=-6.08
09:20:58 [ultranest] [DEBUG] iteration=3280, ncalls=8164, regioncalls=312000, ndraw=40, logz=-14.38, remainder_fraction=15.1967%, Lmin=-6.52, Lmax=-6.08
09:20:58 [ultranest] [DEBUG] iteration=3293, ncalls=8193, regioncalls=313160, ndraw=40, logz=-14.38, remainder_fraction=14.7161%, Lmin=-6.50, Lmax=-6.08
09:20:58 [ultranest] [DEBUG] iteration=3304, ncalls=8220, regioncalls=314240, ndraw=40, logz=-14.37, remainder_fraction=14.3314%, Lmin=-6.49, Lmax=-6.08
09:20:58 [ultranest] [DEBUG] iteration=3319, ncalls=8251, regioncalls=315480, ndraw=40, logz=-14.37, remainder_fraction=13.7845%, Lmin=-6.48, Lmax=-6.08
09:20:58 [ultranest] [DEBUG] iteration=3320, ncalls=8253, regioncalls=315560, ndraw=40, logz=-14.37, remainder_fraction=13.7585%, Lmin=-6.48, Lmax=-6.08
09:20:58 [ultranest] [DEBUG] iteration=3332, ncalls=8284, regioncalls=316800, ndraw=40, logz=-14.36, remainder_fraction=13.3610%, Lmin=-6.47, Lmax=-6.08
09:20:59 [ultranest] [DEBUG] iteration=3342, ncalls=8303, regioncalls=317680, ndraw=40, logz=-14.36, remainder_fraction=13.0389%, Lmin=-6.46, Lmax=-6.08
09:20:59 [ultranest] [DEBUG] iteration=3354, ncalls=8331, regioncalls=318800, ndraw=40, logz=-14.35, remainder_fraction=12.6275%, Lmin=-6.45, Lmax=-6.08
09:20:59 [ultranest] [DEBUG] iteration=3360, ncalls=8345, regioncalls=319360, ndraw=40, logz=-14.35, remainder_fraction=12.4391%, Lmin=-6.45, Lmax=-6.08
09:20:59 [ultranest] [DEBUG] iteration=3373, ncalls=8377, regioncalls=320640, ndraw=40, logz=-14.35, remainder_fraction=12.0482%, Lmin=-6.44, Lmax=-6.08
09:20:59 [ultranest] [DEBUG] iteration=3392, ncalls=8408, regioncalls=321880, ndraw=40, logz=-14.34, remainder_fraction=11.4657%, Lmin=-6.42, Lmax=-6.08
09:20:59 [ultranest] [DEBUG] iteration=3400, ncalls=8423, regioncalls=322480, ndraw=40, logz=-14.34, remainder_fraction=11.2282%, Lmin=-6.42, Lmax=-6.08
09:20:59 [ultranest] [DEBUG] iteration=3416, ncalls=8450, regioncalls=323560, ndraw=40, logz=-14.33, remainder_fraction=10.7759%, Lmin=-6.41, Lmax=-6.08
09:20:59 [ultranest] [DEBUG] iteration=3430, ncalls=8478, regioncalls=324680, ndraw=40, logz=-14.33, remainder_fraction=10.3898%, Lmin=-6.40, Lmax=-6.08
09:20:59 [ultranest] [DEBUG] iteration=3440, ncalls=8493, regioncalls=325280, ndraw=40, logz=-14.33, remainder_fraction=10.1302%, Lmin=-6.40, Lmax=-6.08
09:20:59 [ultranest] [DEBUG] iteration=3457, ncalls=8524, regioncalls=326520, ndraw=40, logz=-14.32, remainder_fraction=9.6870%, Lmin=-6.39, Lmax=-6.08
09:20:59 [ultranest] [DEBUG] iteration=3472, ncalls=8553, regioncalls=327680, ndraw=40, logz=-14.32, remainder_fraction=9.3067%, Lmin=-6.38, Lmax=-6.06
09:20:59 [ultranest] [DEBUG] iteration=3480, ncalls=8580, regioncalls=328760, ndraw=40, logz=-14.31, remainder_fraction=9.1172%, Lmin=-6.38, Lmax=-6.06
09:21:00 [ultranest] [DEBUG] iteration=3495, ncalls=8605, regioncalls=329760, ndraw=40, logz=-14.31, remainder_fraction=8.7614%, Lmin=-6.37, Lmax=-6.06
09:21:00 [ultranest] [DEBUG] iteration=3508, ncalls=8632, regioncalls=330840, ndraw=40, logz=-14.31, remainder_fraction=8.4672%, Lmin=-6.36, Lmax=-6.06
09:21:00 [ultranest] [DEBUG] iteration=3520, ncalls=8656, regioncalls=331800, ndraw=40, logz=-14.30, remainder_fraction=8.1938%, Lmin=-6.35, Lmax=-6.06
09:21:00 [ultranest] [DEBUG] iteration=3536, ncalls=8689, regioncalls=333120, ndraw=40, logz=-14.30, remainder_fraction=7.8410%, Lmin=-6.34, Lmax=-6.06
09:21:00 [ultranest] [DEBUG] iteration=3550, ncalls=8721, regioncalls=334400, ndraw=40, logz=-14.30, remainder_fraction=7.5484%, Lmin=-6.33, Lmax=-6.06
09:21:00 [ultranest] [DEBUG] iteration=3560, ncalls=8754, regioncalls=335720, ndraw=40, logz=-14.29, remainder_fraction=7.3397%, Lmin=-6.32, Lmax=-6.06
09:21:00 [ultranest] [DEBUG] iteration=3564, ncalls=8763, regioncalls=336200, ndraw=40, logz=-14.29, remainder_fraction=7.2601%, Lmin=-6.32, Lmax=-6.06
09:21:00 [ultranest] [DEBUG] iteration=3581, ncalls=8789, regioncalls=337240, ndraw=40, logz=-14.29, remainder_fraction=6.9278%, Lmin=-6.31, Lmax=-6.06
09:21:00 [ultranest] [DEBUG] iteration=3598, ncalls=8818, regioncalls=338400, ndraw=40, logz=-14.29, remainder_fraction=6.6100%, Lmin=-6.31, Lmax=-6.06
09:21:00 [ultranest] [DEBUG] iteration=3600, ncalls=8821, regioncalls=338520, ndraw=40, logz=-14.29, remainder_fraction=6.5753%, Lmin=-6.30, Lmax=-6.06
09:21:00 [ultranest] [DEBUG] iteration=3614, ncalls=8851, regioncalls=339720, ndraw=40, logz=-14.28, remainder_fraction=6.3306%, Lmin=-6.30, Lmax=-6.06
09:21:01 [ultranest] [DEBUG] iteration=3626, ncalls=8882, regioncalls=340960, ndraw=40, logz=-14.28, remainder_fraction=6.1192%, Lmin=-6.29, Lmax=-6.06
09:21:01 [ultranest] [DEBUG] iteration=3638, ncalls=8904, regioncalls=341920, ndraw=40, logz=-14.28, remainder_fraction=5.9158%, Lmin=-6.29, Lmax=-6.06
09:21:01 [ultranest] [DEBUG] iteration=3640, ncalls=8909, regioncalls=342120, ndraw=40, logz=-14.28, remainder_fraction=5.8846%, Lmin=-6.29, Lmax=-6.06
09:21:01 [ultranest] [DEBUG] iteration=3651, ncalls=8939, regioncalls=343320, ndraw=40, logz=-14.28, remainder_fraction=5.7066%, Lmin=-6.28, Lmax=-6.06
09:21:01 [ultranest] [DEBUG] iteration=3669, ncalls=8969, regioncalls=344520, ndraw=40, logz=-14.27, remainder_fraction=5.4333%, Lmin=-6.27, Lmax=-6.06
09:21:01 [ultranest] [DEBUG] iteration=3680, ncalls=8988, regioncalls=345280, ndraw=40, logz=-14.27, remainder_fraction=5.2711%, Lmin=-6.27, Lmax=-6.06
09:21:01 [ultranest] [DEBUG] iteration=3693, ncalls=9022, regioncalls=346640, ndraw=40, logz=-14.27, remainder_fraction=5.0790%, Lmin=-6.26, Lmax=-6.06
09:21:01 [ultranest] [DEBUG] iteration=3706, ncalls=9055, regioncalls=347960, ndraw=40, logz=-14.27, remainder_fraction=4.8979%, Lmin=-6.26, Lmax=-6.06
09:21:01 [ultranest] [DEBUG] iteration=3716, ncalls=9083, regioncalls=349080, ndraw=40, logz=-14.27, remainder_fraction=4.7604%, Lmin=-6.25, Lmax=-6.06
09:21:01 [ultranest] [DEBUG] iteration=3720, ncalls=9090, regioncalls=349360, ndraw=40, logz=-14.27, remainder_fraction=4.7079%, Lmin=-6.25, Lmax=-6.06
09:21:01 [ultranest] [DEBUG] iteration=3734, ncalls=9120, regioncalls=350560, ndraw=40, logz=-14.27, remainder_fraction=4.5259%, Lmin=-6.25, Lmax=-6.06
09:21:01 [ultranest] [DEBUG] iteration=3749, ncalls=9151, regioncalls=351800, ndraw=40, logz=-14.26, remainder_fraction=4.3382%, Lmin=-6.24, Lmax=-6.06
09:21:02 [ultranest] [DEBUG] iteration=3760, ncalls=9175, regioncalls=352760, ndraw=40, logz=-14.26, remainder_fraction=4.2049%, Lmin=-6.24, Lmax=-6.06
09:21:02 [ultranest] [DEBUG] iteration=3773, ncalls=9211, regioncalls=354200, ndraw=40, logz=-14.26, remainder_fraction=4.0564%, Lmin=-6.23, Lmax=-6.06
09:21:02 [ultranest] [DEBUG] iteration=3786, ncalls=9240, regioncalls=355360, ndraw=40, logz=-14.26, remainder_fraction=3.9110%, Lmin=-6.23, Lmax=-6.05
09:21:02 [ultranest] [DEBUG] iteration=3800, ncalls=9274, regioncalls=356720, ndraw=40, logz=-14.26, remainder_fraction=3.7564%, Lmin=-6.22, Lmax=-6.05
09:21:02 [ultranest] [DEBUG] iteration=3814, ncalls=9305, regioncalls=357960, ndraw=40, logz=-14.26, remainder_fraction=3.6076%, Lmin=-6.22, Lmax=-6.05
09:21:02 [ultranest] [DEBUG] iteration=3828, ncalls=9341, regioncalls=359400, ndraw=40, logz=-14.25, remainder_fraction=3.4675%, Lmin=-6.21, Lmax=-6.05
09:21:02 [ultranest] [DEBUG] iteration=3840, ncalls=9372, regioncalls=360640, ndraw=40, logz=-14.25, remainder_fraction=3.3509%, Lmin=-6.21, Lmax=-6.05
09:21:02 [ultranest] [DEBUG] iteration=3858, ncalls=9403, regioncalls=361880, ndraw=40, logz=-14.25, remainder_fraction=3.1829%, Lmin=-6.21, Lmax=-6.05
09:21:02 [ultranest] [DEBUG] iteration=3868, ncalls=9431, regioncalls=363000, ndraw=40, logz=-14.25, remainder_fraction=3.0919%, Lmin=-6.21, Lmax=-6.05
09:21:03 [ultranest] [DEBUG] iteration=3880, ncalls=9456, regioncalls=364000, ndraw=40, logz=-14.25, remainder_fraction=2.9878%, Lmin=-6.20, Lmax=-6.05
09:21:03 [ultranest] [DEBUG] iteration=3896, ncalls=9486, regioncalls=365200, ndraw=40, logz=-14.25, remainder_fraction=2.8552%, Lmin=-6.20, Lmax=-6.05
09:21:03 [ultranest] [DEBUG] iteration=3911, ncalls=9521, regioncalls=366600, ndraw=40, logz=-14.25, remainder_fraction=2.7369%, Lmin=-6.19, Lmax=-6.05
09:21:03 [ultranest] [DEBUG] iteration=3920, ncalls=9539, regioncalls=367320, ndraw=40, logz=-14.25, remainder_fraction=2.6678%, Lmin=-6.19, Lmax=-6.05
09:21:03 [ultranest] [DEBUG] iteration=3931, ncalls=9572, regioncalls=368640, ndraw=40, logz=-14.24, remainder_fraction=2.5844%, Lmin=-6.19, Lmax=-6.05
09:21:03 [ultranest] [DEBUG] iteration=3934, ncalls=9576, regioncalls=368880, ndraw=40, logz=-14.24, remainder_fraction=2.5626%, Lmin=-6.19, Lmax=-6.05
09:21:03 [ultranest] [DEBUG] iteration=3951, ncalls=9604, regioncalls=370000, ndraw=40, logz=-14.24, remainder_fraction=2.4389%, Lmin=-6.18, Lmax=-6.05
09:21:03 [ultranest] [DEBUG] iteration=3960, ncalls=9618, regioncalls=370560, ndraw=40, logz=-14.24, remainder_fraction=2.3764%, Lmin=-6.18, Lmax=-6.05
09:21:03 [ultranest] [DEBUG] iteration=3978, ncalls=9650, regioncalls=371840, ndraw=40, logz=-14.24, remainder_fraction=2.2571%, Lmin=-6.18, Lmax=-6.05
09:21:03 [ultranest] [DEBUG] iteration=3991, ncalls=9685, regioncalls=373240, ndraw=40, logz=-14.24, remainder_fraction=2.1741%, Lmin=-6.18, Lmax=-6.05
09:21:03 [ultranest] [DEBUG] iteration=4000, ncalls=9698, regioncalls=373760, ndraw=40, logz=-14.24, remainder_fraction=2.1187%, Lmin=-6.17, Lmax=-6.05
09:21:03 [ultranest] [DEBUG] iteration=4008, ncalls=9712, regioncalls=374360, ndraw=40, logz=-14.24, remainder_fraction=2.0706%, Lmin=-6.17, Lmax=-6.05
09:21:03 [ultranest] [DEBUG] iteration=4022, ncalls=9737, regioncalls=375360, ndraw=40, logz=-14.24, remainder_fraction=1.9887%, Lmin=-6.17, Lmax=-6.05
09:21:04 [ultranest] [DEBUG] iteration=4036, ncalls=9762, regioncalls=376360, ndraw=40, logz=-14.24, remainder_fraction=1.9104%, Lmin=-6.17, Lmax=-6.05
09:21:04 [ultranest] [DEBUG] iteration=4040, ncalls=9770, regioncalls=376680, ndraw=40, logz=-14.24, remainder_fraction=1.8888%, Lmin=-6.17, Lmax=-6.05
09:21:04 [ultranest] [DEBUG] iteration=4054, ncalls=9801, regioncalls=377920, ndraw=40, logz=-14.24, remainder_fraction=1.8126%, Lmin=-6.16, Lmax=-6.05
09:21:04 [ultranest] [DEBUG] iteration=4072, ncalls=9831, regioncalls=379120, ndraw=40, logz=-14.24, remainder_fraction=1.7211%, Lmin=-6.16, Lmax=-6.05
09:21:04 [ultranest] [DEBUG] iteration=4080, ncalls=9855, regioncalls=380080, ndraw=40, logz=-14.24, remainder_fraction=1.6818%, Lmin=-6.16, Lmax=-6.05
09:21:04 [ultranest] [DEBUG] iteration=4082, ncalls=9860, regioncalls=380320, ndraw=40, logz=-14.24, remainder_fraction=1.6720%, Lmin=-6.16, Lmax=-6.05
09:21:04 [ultranest] [DEBUG] iteration=4099, ncalls=9889, regioncalls=381480, ndraw=40, logz=-14.23, remainder_fraction=1.5917%, Lmin=-6.16, Lmax=-6.05
09:21:04 [ultranest] [DEBUG] iteration=4113, ncalls=9916, regioncalls=382560, ndraw=40, logz=-14.23, remainder_fraction=1.5285%, Lmin=-6.15, Lmax=-6.05
09:21:04 [ultranest] [DEBUG] iteration=4120, ncalls=9931, regioncalls=383160, ndraw=40, logz=-14.23, remainder_fraction=1.4978%, Lmin=-6.15, Lmax=-6.05
09:21:04 [ultranest] [INFO] Explored until L=-6  
09:21:04 [ultranest] [INFO] Likelihood function evaluations: 9943
09:21:05 [ultranest] [INFO] Writing samples and results to disk ...
09:21:05 [ultranest] [INFO] Writing samples and results to disk ... done
09:21:05 [ultranest] [DEBUG] did a run_iter pass!
09:21:05 [ultranest] [INFO]   logZ = -14.21 +- 0.1121
09:21:05 [ultranest] [INFO] Effective samples strategy satisfied (ESS = 1577.7, need >400)
09:21:05 [ultranest] [INFO] Posterior uncertainty strategy is satisfied (KL: 0.46+-0.09 nat, need <0.50 nat)
09:21:05 [ultranest] [INFO] Evidency uncertainty strategy is satisfied (dlogz=0.11, need <0.5)
09:21:05 [ultranest] [INFO]   logZ error budget: single: 0.14 bs:0.11 tail:0.01 total:0.11 required:<0.50
09:21:05 [ultranest] [INFO] done iterating.
09:21:06 [ultranest] [DEBUG] Making corner plot ...
09:21:07 [ultranest] [DEBUG] Making corner plot ... done
09:21:07 [ultranest] [DEBUG] Making run plot ... 
09:21:08 [ultranest] [DEBUG] Making run plot ... done
09:21:08 [ultranest] [DEBUG] Making trace plot ... 
09:21:09 [ultranest] [DEBUG] Making trace plot ... done
21:58:27 [ultranest] [DEBUG] ReactiveNestedSampler: dims=3+0, resume=True, log_dir=/home/orion51/Desktop/Research/spectral_fitting/FGL_spectral_fitting/Individual_sources/2CXOJ103145.7+573401/mekal_out_, backend=hdf5, vectorized=False, nbootstraps=30, ndraw=128..65536
21:58:27 [ultranest] [DEBUG] Testing resume consistency: [-6.15112495 -6.13631638  0.          0.32119318  0.97901397  0.3478299
 -4.78806815  1.42513631 21.43480932]: u=[0.32119318 0.97901397 0.3478299 ] -> p=[-4.78806815  1.42513631 21.43480932] -> L=-6.1363163834159 
21:58:27 [ultranest] [INFO] Resuming from 4460 stored points
21:58:27 [ultranest] [DEBUG] run_iter dlogz=0.5, dKL=0.5, frac_remain=0.01, Lepsilon=0.1000, min_ess=400
21:58:27 [ultranest] [DEBUG] max_iters=-1, max_ncalls=-1, max_num_improvement_loops=-1, min_num_live_points=400, cluster_num_live_points=40
21:58:27 [ultranest] [DEBUG] minimal_widths_sequence: [(-inf, 400.0), (inf, 400.0)]
21:58:27 [ultranest] [DEBUG] iteration=0, ncalls=9943, regioncalls=0, ndraw=40, logz=-inf, remainder_fraction=100.0000%, Lmin=-468648434.50, Lmax=-9.43
21:58:28 [ultranest] [DEBUG] iteration=40, ncalls=9943, regioncalls=0, ndraw=40, logz=-18303772.08, remainder_fraction=100.0000%, Lmin=-16721496.46, Lmax=-9.43
21:58:28 [ultranest] [DEBUG] iteration=80, ncalls=9943, regioncalls=0, ndraw=40, logz=-1582621.52, remainder_fraction=100.0000%, Lmin=-1552187.08, Lmax=-9.43
21:58:28 [ultranest] [DEBUG] iteration=90, ncalls=9943, regioncalls=0, ndraw=40, logz=-499983.04, remainder_fraction=100.0000%, Lmin=-475721.52, Lmax=-9.43
21:58:28 [ultranest] [DEBUG] iteration=120, ncalls=9943, regioncalls=0, ndraw=40, logz=-52448.16, remainder_fraction=100.0000%, Lmin=-48084.00, Lmax=-9.43
21:58:28 [ultranest] [DEBUG] iteration=160, ncalls=9943, regioncalls=0, ndraw=40, logz=-5435.80, remainder_fraction=100.0000%, Lmin=-5293.33, Lmax=-9.43
21:58:28 [ultranest] [DEBUG] iteration=200, ncalls=9943, regioncalls=0, ndraw=40, logz=-677.70, remainder_fraction=100.0000%, Lmin=-616.63, Lmax=-7.15
21:58:28 [ultranest] [DEBUG] Plateau detected at L=-1.745444e+02, not replacing live point.
21:58:28 [ultranest] [DEBUG] Plateau detected at L=-1.745444e+02, not replacing live point.
21:58:28 [ultranest] [DEBUG] Plateau detected at L=-1.745444e+02, not replacing live point.
21:58:28 [ultranest] [DEBUG] Plateau detected at L=-1.745444e+02, not replacing live point.
21:58:28 [ultranest] [DEBUG] iteration=238, ncalls=9943, regioncalls=0, ndraw=40, logz=-179.25, remainder_fraction=100.0000%, Lmin=-174.54, Lmax=-7.15
21:58:28 [ultranest] [DEBUG] Plateau detected at L=-1.745444e+02, not replacing live point.
21:58:28 [ultranest] [DEBUG] Plateau detected at L=-1.745444e+02, not replacing live point.
21:58:28 [ultranest] [DEBUG] iteration=241, ncalls=9943, regioncalls=0, ndraw=40, logz=-178.87, remainder_fraction=100.0000%, Lmin=-174.54, Lmax=-7.15
21:58:28 [ultranest] [DEBUG] Plateau detected at L=-1.745444e+02, not replacing live point.
21:58:28 [ultranest] [DEBUG] Plateau detected at L=-1.745444e+02, not replacing live point.
21:58:28 [ultranest] [DEBUG] Plateau detected at L=-1.745444e+02, not replacing live point.
21:58:28 [ultranest] [DEBUG] Plateau detected at L=-1.745444e+02, not replacing live point.
21:58:28 [ultranest] [DEBUG] Plateau detected at L=-1.745444e+02, not replacing live point.
21:58:28 [ultranest] [DEBUG] Plateau detected at L=-1.745444e+02, not replacing live point.
21:58:28 [ultranest] [DEBUG] Plateau detected at L=-1.745444e+02, not replacing live point.
21:58:28 [ultranest] [DEBUG] Plateau detected at L=-1.745444e+02, not replacing live point.
21:58:28 [ultranest] [DEBUG] Plateau detected at L=-1.745444e+02, not replacing live point.
21:58:28 [ultranest] [DEBUG] Plateau detected at L=-1.745444e+02, not replacing live point.
21:58:28 [ultranest] [DEBUG] Plateau detected at L=-1.745444e+02, not replacing live point.
21:58:28 [ultranest] [DEBUG] Plateau detected at L=-1.745444e+02, not replacing live point.
21:58:28 [ultranest] [DEBUG] Plateau detected at L=-1.745444e+02, not replacing live point.
21:58:28 [ultranest] [DEBUG] Plateau detected at L=-1.745444e+02, not replacing live point.
21:58:28 [ultranest] [DEBUG] Plateau detected at L=-1.745444e+02, not replacing live point.
21:58:28 [ultranest] [DEBUG] Plateau detected at L=-1.745444e+02, not replacing live point.
21:58:28 [ultranest] [DEBUG] Plateau detected at L=-1.745444e+02, not replacing live point.
21:58:28 [ultranest] [DEBUG] Plateau detected at L=-1.745444e+02, not replacing live point.
21:58:28 [ultranest] [DEBUG] Plateau detected at L=-1.745444e+02, not replacing live point.
21:58:28 [ultranest] [DEBUG] Plateau detected at L=-1.745444e+02, not replacing live point.
21:58:28 [ultranest] [DEBUG] Plateau detected at L=-1.745444e+02, not replacing live point.
21:58:28 [ultranest] [DEBUG] Plateau detected at L=-1.745444e+02, not replacing live point.
21:58:28 [ultranest] [DEBUG] Plateau detected at L=-1.745444e+02, not replacing live point.
21:58:28 [ultranest] [DEBUG] Plateau detected at L=-1.745444e+02, not replacing live point.
21:58:28 [ultranest] [DEBUG] Plateau detected at L=-1.745444e+02, not replacing live point.
21:58:28 [ultranest] [DEBUG] Plateau detected at L=-1.745444e+02, not replacing live point.
21:58:28 [ultranest] [DEBUG] Plateau detected at L=-1.745444e+02, not replacing live point.
21:58:28 [ultranest] [DEBUG] Plateau detected at L=-1.745444e+02, not replacing live point.
21:58:28 [ultranest] [DEBUG] Plateau detected at L=-1.745444e+02, not replacing live point.
21:58:28 [ultranest] [DEBUG] Plateau detected at L=-1.745444e+02, not replacing live point.
21:58:28 [ultranest] [DEBUG] Plateau detected at L=-1.745444e+02, not replacing live point.
21:58:28 [ultranest] [DEBUG] Plateau detected at L=-1.745444e+02, not replacing live point.
21:58:28 [ultranest] [DEBUG] Plateau detected at L=-1.745444e+02, not replacing live point.
21:58:28 [ultranest] [DEBUG] Plateau detected at L=-1.745444e+02, not replacing live point.
21:58:28 [ultranest] [DEBUG] Plateau detected at L=-1.745444e+02, not replacing live point.
21:58:28 [ultranest] [DEBUG] Plateau detected at L=-1.745444e+02, not replacing live point.
21:58:28 [ultranest] [DEBUG] Plateau detected at L=-1.745444e+02, not replacing live point.
21:58:28 [ultranest] [DEBUG] Plateau detected at L=-1.745444e+02, not replacing live point.
21:58:28 [ultranest] [DEBUG] Plateau detected at L=-1.745444e+02, not replacing live point.
21:58:28 [ultranest] [DEBUG] Plateau detected at L=-1.745444e+02, not replacing live point.
21:58:28 [ultranest] [DEBUG] Plateau detected at L=-1.745444e+02, not replacing live point.
21:58:28 [ultranest] [DEBUG] Plateau detected at L=-1.745444e+02, not replacing live point.
21:58:28 [ultranest] [DEBUG] Plateau detected at L=-1.745444e+02, not replacing live point.
21:58:28 [ultranest] [DEBUG] Plateau detected at L=-1.745444e+02, not replacing live point.
21:58:28 [ultranest] [DEBUG] Plateau detected at L=-1.745444e+02, not replacing live point.
21:58:28 [ultranest] [DEBUG] Plateau detected at L=-1.745444e+02, not replacing live point.
21:58:28 [ultranest] [DEBUG] Plateau detected at L=-1.745444e+02, not replacing live point.
21:58:28 [ultranest] [DEBUG] Plateau detected at L=-1.745444e+02, not replacing live point.
21:58:28 [ultranest] [DEBUG] Plateau detected at L=-1.745444e+02, not replacing live point.
21:58:28 [ultranest] [DEBUG] Plateau detected at L=-1.745444e+02, not replacing live point.
21:58:28 [ultranest] [DEBUG] Plateau detected at L=-1.745444e+02, not replacing live point.
21:58:28 [ultranest] [DEBUG] Plateau detected at L=-1.745444e+02, not replacing live point.
21:58:28 [ultranest] [DEBUG] Plateau detected at L=-1.745444e+02, not replacing live point.
21:58:28 [ultranest] [DEBUG] Plateau detected at L=-1.745444e+02, not replacing live point.
21:58:28 [ultranest] [DEBUG] Plateau detected at L=-1.745444e+02, not replacing live point.
21:58:28 [ultranest] [DEBUG] Plateau detected at L=-1.745444e+02, not replacing live point.
21:58:28 [ultranest] [DEBUG] Plateau detected at L=-1.745444e+02, not replacing live point.
21:58:28 [ultranest] [DEBUG] Plateau detected at L=-1.745444e+02, not replacing live point.
21:58:28 [ultranest] [DEBUG] Plateau detected at L=-1.745444e+02, not replacing live point.
21:58:28 [ultranest] [DEBUG] Plateau detected at L=-1.745444e+02, not replacing live point.
21:58:28 [ultranest] [DEBUG] iteration=302, ncalls=9943, regioncalls=0, ndraw=40, logz=-176.87, remainder_fraction=100.0000%, Lmin=-174.54, Lmax=-7.15
21:58:28 [ultranest] [DEBUG] Plateau detected at L=-1.745444e+02, not replacing live point.
21:58:28 [ultranest] [DEBUG] Plateau detected at L=-1.745444e+02, not replacing live point.
21:58:28 [ultranest] [DEBUG] iteration=305, ncalls=9943, regioncalls=0, ndraw=40, logz=-176.83, remainder_fraction=100.0000%, Lmin=-174.54, Lmax=-7.15
21:58:28 [ultranest] [DEBUG] Plateau detected at L=-1.745444e+02, not replacing live point.
21:58:28 [ultranest] [DEBUG] iteration=308, ncalls=9943, regioncalls=0, ndraw=40, logz=-176.79, remainder_fraction=100.0000%, Lmin=-174.54, Lmax=-7.15
21:58:28 [ultranest] [DEBUG] iteration=320, ncalls=9943, regioncalls=0, ndraw=40, logz=-176.65, remainder_fraction=100.0000%, Lmin=-174.54, Lmax=-7.15
21:58:28 [ultranest] [DEBUG] iteration=360, ncalls=9943, regioncalls=0, ndraw=40, logz=-176.30, remainder_fraction=100.0000%, Lmin=-174.54, Lmax=-7.15
21:58:28 [ultranest] [DEBUG] iteration=382, ncalls=9943, regioncalls=0, ndraw=40, logz=-176.17, remainder_fraction=100.0000%, Lmin=-174.54, Lmax=-7.15
21:58:28 [ultranest] [DEBUG] iteration=400, ncalls=9943, regioncalls=0, ndraw=40, logz=-176.08, remainder_fraction=100.0000%, Lmin=-174.54, Lmax=-7.15
21:58:28 [ultranest] [DEBUG] iteration=440, ncalls=9943, regioncalls=0, ndraw=40, logz=-175.90, remainder_fraction=100.0000%, Lmin=-174.44, Lmax=-7.15
21:58:28 [ultranest] [DEBUG] iteration=456, ncalls=9943, regioncalls=0, ndraw=40, logz=-175.84, remainder_fraction=100.0000%, Lmin=-174.36, Lmax=-7.15
21:58:28 [ultranest] [DEBUG] iteration=480, ncalls=9943, regioncalls=0, ndraw=40, logz=-175.74, remainder_fraction=100.0000%, Lmin=-173.94, Lmax=-7.15
21:58:28 [ultranest] [DEBUG] iteration=520, ncalls=9943, regioncalls=0, ndraw=40, logz=-175.40, remainder_fraction=100.0000%, Lmin=-172.45, Lmax=-7.15
21:58:28 [ultranest] [DEBUG] iteration=530, ncalls=9943, regioncalls=0, ndraw=40, logz=-175.25, remainder_fraction=100.0000%, Lmin=-172.12, Lmax=-7.15
21:58:28 [ultranest] [DEBUG] iteration=560, ncalls=9943, regioncalls=0, ndraw=40, logz=-174.63, remainder_fraction=100.0000%, Lmin=-170.73, Lmax=-7.15
21:58:28 [ultranest] [DEBUG] iteration=600, ncalls=9943, regioncalls=0, ndraw=40, logz=-171.95, remainder_fraction=100.0000%, Lmin=-166.52, Lmax=-7.15
21:58:28 [ultranest] [DEBUG] iteration=604, ncalls=9943, regioncalls=0, ndraw=40, logz=-171.49, remainder_fraction=100.0000%, Lmin=-166.19, Lmax=-7.15
21:58:28 [ultranest] [DEBUG] iteration=640, ncalls=9943, regioncalls=0, ndraw=40, logz=-166.68, remainder_fraction=100.0000%, Lmin=-161.40, Lmax=-7.15
21:58:28 [ultranest] [DEBUG] iteration=678, ncalls=9943, regioncalls=0, ndraw=40, logz=-161.38, remainder_fraction=100.0000%, Lmin=-155.55, Lmax=-7.15
21:58:28 [ultranest] [DEBUG] iteration=680, ncalls=9943, regioncalls=0, ndraw=40, logz=-161.11, remainder_fraction=100.0000%, Lmin=-155.42, Lmax=-7.15
21:58:28 [ultranest] [DEBUG] iteration=720, ncalls=9943, regioncalls=0, ndraw=40, logz=-154.62, remainder_fraction=100.0000%, Lmin=-148.26, Lmax=-7.15
21:58:28 [ultranest] [DEBUG] iteration=760, ncalls=9943, regioncalls=0, ndraw=40, logz=-146.95, remainder_fraction=100.0000%, Lmin=-140.67, Lmax=-6.80
21:58:28 [ultranest] [DEBUG] iteration=800, ncalls=9943, regioncalls=0, ndraw=40, logz=-138.21, remainder_fraction=100.0000%, Lmin=-131.33, Lmax=-6.80
21:58:28 [ultranest] [DEBUG] iteration=840, ncalls=9943, regioncalls=0, ndraw=40, logz=-129.20, remainder_fraction=100.0000%, Lmin=-122.69, Lmax=-6.80
21:58:28 [ultranest] [DEBUG] iteration=880, ncalls=9943, regioncalls=0, ndraw=40, logz=-121.50, remainder_fraction=100.0000%, Lmin=-114.86, Lmax=-6.80
21:58:28 [ultranest] [DEBUG] iteration=920, ncalls=9943, regioncalls=0, ndraw=40, logz=-115.16, remainder_fraction=100.0000%, Lmin=-108.67, Lmax=-6.80
21:58:28 [ultranest] [DEBUG] iteration=960, ncalls=9943, regioncalls=0, ndraw=40, logz=-108.19, remainder_fraction=100.0000%, Lmin=-101.46, Lmax=-6.80
21:58:28 [ultranest] [DEBUG] clustering found some stray points [need_accept=False] (array([1, 2, 3]), array([328,   2,   1]))
21:58:28 [ultranest] [DEBUG] iteration=1000, ncalls=9943, regioncalls=0, ndraw=40, logz=-100.68, remainder_fraction=100.0000%, Lmin=-93.41, Lmax=-6.80
21:58:28 [ultranest] [DEBUG] iteration=1040, ncalls=9943, regioncalls=0, ndraw=40, logz=-95.47, remainder_fraction=100.0000%, Lmin=-88.47, Lmax=-6.80
21:58:28 [ultranest] [DEBUG] iteration=1080, ncalls=9943, regioncalls=0, ndraw=40, logz=-87.71, remainder_fraction=100.0000%, Lmin=-79.23, Lmax=-6.80
21:58:28 [ultranest] [DEBUG] iteration=1120, ncalls=9943, regioncalls=0, ndraw=40, logz=-80.40, remainder_fraction=100.0000%, Lmin=-72.98, Lmax=-6.80
21:58:28 [ultranest] [DEBUG] iteration=1122, ncalls=9943, regioncalls=0, ndraw=40, logz=-80.03, remainder_fraction=100.0000%, Lmin=-72.67, Lmax=-6.80
21:58:28 [ultranest] [DEBUG] iteration=1160, ncalls=9943, regioncalls=0, ndraw=40, logz=-73.12, remainder_fraction=100.0000%, Lmin=-65.73, Lmax=-6.80
21:58:28 [ultranest] [DEBUG] iteration=1196, ncalls=9943, regioncalls=0, ndraw=40, logz=-66.98, remainder_fraction=100.0000%, Lmin=-59.65, Lmax=-6.80
21:58:28 [ultranest] [DEBUG] iteration=1200, ncalls=9943, regioncalls=0, ndraw=40, logz=-66.48, remainder_fraction=100.0000%, Lmin=-59.35, Lmax=-6.80
21:58:28 [ultranest] [DEBUG] iteration=1240, ncalls=9943, regioncalls=0, ndraw=40, logz=-60.03, remainder_fraction=100.0000%, Lmin=-52.02, Lmax=-6.57
21:58:28 [ultranest] [DEBUG] iteration=1280, ncalls=9943, regioncalls=0, ndraw=40, logz=-54.55, remainder_fraction=100.0000%, Lmin=-47.05, Lmax=-6.57
21:58:28 [ultranest] [DEBUG] iteration=1320, ncalls=9943, regioncalls=0, ndraw=40, logz=-49.83, remainder_fraction=100.0000%, Lmin=-42.12, Lmax=-6.57
21:58:28 [ultranest] [DEBUG] iteration=1360, ncalls=9943, regioncalls=0, ndraw=40, logz=-45.59, remainder_fraction=100.0000%, Lmin=-37.88, Lmax=-6.57
21:58:28 [ultranest] [DEBUG] iteration=1400, ncalls=9943, regioncalls=0, ndraw=40, logz=-42.00, remainder_fraction=100.0000%, Lmin=-34.43, Lmax=-6.57
21:58:28 [ultranest] [DEBUG] iteration=1418, ncalls=9943, regioncalls=0, ndraw=40, logz=-40.33, remainder_fraction=100.0000%, Lmin=-32.91, Lmax=-6.57
21:58:28 [ultranest] [DEBUG] iteration=1440, ncalls=9943, regioncalls=0, ndraw=40, logz=-38.24, remainder_fraction=100.0000%, Lmin=-30.75, Lmax=-6.57
21:58:28 [ultranest] [DEBUG] iteration=1480, ncalls=9943, regioncalls=0, ndraw=40, logz=-35.72, remainder_fraction=100.0000%, Lmin=-28.34, Lmax=-6.57
21:58:28 [ultranest] [DEBUG] iteration=1492, ncalls=9943, regioncalls=0, ndraw=40, logz=-34.86, remainder_fraction=100.0000%, Lmin=-27.02, Lmax=-6.57
21:58:28 [ultranest] [DEBUG] iteration=1520, ncalls=9943, regioncalls=0, ndraw=40, logz=-32.78, remainder_fraction=100.0000%, Lmin=-25.38, Lmax=-6.57
21:58:28 [ultranest] [DEBUG] iteration=1560, ncalls=9943, regioncalls=0, ndraw=40, logz=-30.77, remainder_fraction=100.0000%, Lmin=-23.43, Lmax=-6.57
21:58:28 [ultranest] [DEBUG] iteration=1566, ncalls=9943, regioncalls=0, ndraw=40, logz=-30.48, remainder_fraction=100.0000%, Lmin=-23.06, Lmax=-6.57
21:58:28 [ultranest] [DEBUG] iteration=1600, ncalls=9943, regioncalls=0, ndraw=40, logz=-28.72, remainder_fraction=99.9999%, Lmin=-21.23, Lmax=-6.57
21:58:29 [ultranest] [DEBUG] iteration=1640, ncalls=9943, regioncalls=0, ndraw=40, logz=-27.15, remainder_fraction=99.9997%, Lmin=-19.83, Lmax=-6.57
21:58:29 [ultranest] [DEBUG] iteration=1680, ncalls=9943, regioncalls=0, ndraw=40, logz=-25.78, remainder_fraction=99.9989%, Lmin=-18.44, Lmax=-6.57
21:58:29 [ultranest] [DEBUG] iteration=1714, ncalls=9943, regioncalls=0, ndraw=40, logz=-24.56, remainder_fraction=99.9963%, Lmin=-17.15, Lmax=-6.57
21:58:29 [ultranest] [DEBUG] iteration=1720, ncalls=9943, regioncalls=0, ndraw=40, logz=-24.38, remainder_fraction=99.9956%, Lmin=-17.04, Lmax=-6.57
21:58:29 [ultranest] [DEBUG] iteration=1760, ncalls=9943, regioncalls=0, ndraw=40, logz=-23.27, remainder_fraction=99.9872%, Lmin=-15.93, Lmax=-6.41
21:58:29 [ultranest] [DEBUG] iteration=1788, ncalls=9943, regioncalls=0, ndraw=40, logz=-22.54, remainder_fraction=99.9729%, Lmin=-15.13, Lmax=-6.20
21:58:29 [ultranest] [DEBUG] iteration=1800, ncalls=9943, regioncalls=0, ndraw=40, logz=-22.21, remainder_fraction=99.9638%, Lmin=-14.58, Lmax=-6.20
21:58:29 [ultranest] [DEBUG] iteration=1840, ncalls=9943, regioncalls=0, ndraw=40, logz=-21.19, remainder_fraction=99.8951%, Lmin=-13.87, Lmax=-6.20
21:58:29 [ultranest] [DEBUG] iteration=1880, ncalls=9943, regioncalls=0, ndraw=40, logz=-20.45, remainder_fraction=99.7991%, Lmin=-13.17, Lmax=-6.20
21:58:29 [ultranest] [DEBUG] iteration=1920, ncalls=9943, regioncalls=0, ndraw=40, logz=-19.84, remainder_fraction=99.6232%, Lmin=-12.54, Lmax=-6.20
21:58:29 [ultranest] [DEBUG] iteration=1936, ncalls=9943, regioncalls=0, ndraw=40, logz=-19.59, remainder_fraction=99.5136%, Lmin=-12.30, Lmax=-6.20
21:58:29 [ultranest] [DEBUG] iteration=1960, ncalls=9943, regioncalls=0, ndraw=40, logz=-19.25, remainder_fraction=99.3097%, Lmin=-11.98, Lmax=-6.20
21:58:29 [ultranest] [DEBUG] iteration=2000, ncalls=9943, regioncalls=0, ndraw=40, logz=-18.72, remainder_fraction=98.8053%, Lmin=-11.31, Lmax=-6.20
21:58:29 [ultranest] [DEBUG] iteration=2010, ncalls=9943, regioncalls=0, ndraw=40, logz=-18.59, remainder_fraction=98.6278%, Lmin=-11.25, Lmax=-6.20
21:58:29 [ultranest] [DEBUG] iteration=2040, ncalls=9943, regioncalls=0, ndraw=40, logz=-18.24, remainder_fraction=98.0856%, Lmin=-10.88, Lmax=-6.20
21:58:29 [ultranest] [DEBUG] iteration=2080, ncalls=9943, regioncalls=0, ndraw=40, logz=-17.82, remainder_fraction=96.9911%, Lmin=-10.50, Lmax=-6.20
21:58:29 [ultranest] [DEBUG] iteration=2084, ncalls=9943, regioncalls=0, ndraw=40, logz=-17.78, remainder_fraction=96.8701%, Lmin=-10.48, Lmax=-6.20
21:58:29 [ultranest] [DEBUG] iteration=2120, ncalls=9943, regioncalls=0, ndraw=40, logz=-17.45, remainder_fraction=95.5566%, Lmin=-10.11, Lmax=-6.20
21:58:29 [ultranest] [DEBUG] iteration=2160, ncalls=9943, regioncalls=0, ndraw=40, logz=-17.12, remainder_fraction=94.0243%, Lmin=-9.77, Lmax=-6.20
21:58:29 [ultranest] [DEBUG] iteration=2200, ncalls=9943, regioncalls=0, ndraw=40, logz=-16.82, remainder_fraction=92.1651%, Lmin=-9.49, Lmax=-6.20
21:58:29 [ultranest] [DEBUG] iteration=2232, ncalls=9943, regioncalls=0, ndraw=40, logz=-16.61, remainder_fraction=90.5552%, Lmin=-9.27, Lmax=-6.20
21:58:29 [ultranest] [DEBUG] iteration=2240, ncalls=9943, regioncalls=0, ndraw=40, logz=-16.56, remainder_fraction=90.1183%, Lmin=-9.24, Lmax=-6.20
21:58:29 [ultranest] [DEBUG] iteration=2280, ncalls=9943, regioncalls=0, ndraw=40, logz=-16.34, remainder_fraction=87.3987%, Lmin=-8.96, Lmax=-6.20
21:58:29 [ultranest] [DEBUG] iteration=2306, ncalls=9943, regioncalls=0, ndraw=40, logz=-16.19, remainder_fraction=85.5300%, Lmin=-8.79, Lmax=-6.20
21:58:29 [ultranest] [DEBUG] iteration=2320, ncalls=9943, regioncalls=0, ndraw=40, logz=-16.12, remainder_fraction=84.4801%, Lmin=-8.72, Lmax=-6.20
21:58:29 [ultranest] [DEBUG] iteration=2360, ncalls=9943, regioncalls=0, ndraw=40, logz=-15.92, remainder_fraction=81.2075%, Lmin=-8.53, Lmax=-6.20
21:58:29 [ultranest] [DEBUG] iteration=2400, ncalls=9943, regioncalls=0, ndraw=40, logz=-15.76, remainder_fraction=77.7815%, Lmin=-8.39, Lmax=-6.20
21:58:29 [ultranest] [DEBUG] iteration=2440, ncalls=9943, regioncalls=0, ndraw=40, logz=-15.61, remainder_fraction=74.2918%, Lmin=-8.20, Lmax=-6.20
21:58:29 [ultranest] [DEBUG] iteration=2454, ncalls=9943, regioncalls=0, ndraw=40, logz=-15.56, remainder_fraction=72.8698%, Lmin=-8.16, Lmax=-6.20
21:58:29 [ultranest] [DEBUG] iteration=2480, ncalls=9943, regioncalls=0, ndraw=40, logz=-15.47, remainder_fraction=70.6077%, Lmin=-8.07, Lmax=-6.20
21:58:29 [ultranest] [DEBUG] iteration=2520, ncalls=9943, regioncalls=0, ndraw=40, logz=-15.35, remainder_fraction=67.4770%, Lmin=-7.94, Lmax=-6.18
21:58:29 [ultranest] [DEBUG] iteration=2560, ncalls=9943, regioncalls=0, ndraw=40, logz=-15.24, remainder_fraction=63.9260%, Lmin=-7.84, Lmax=-6.16
21:58:29 [ultranest] [DEBUG] iteration=2600, ncalls=9943, regioncalls=0, ndraw=40, logz=-15.15, remainder_fraction=60.5926%, Lmin=-7.75, Lmax=-6.16
21:58:29 [ultranest] [DEBUG] clustering found some stray points [need_accept=False] (array([1, 2, 3]), array([327,   3,   1]))
21:58:29 [ultranest] [DEBUG] iteration=2640, ncalls=9943, regioncalls=0, ndraw=40, logz=-15.07, remainder_fraction=57.3727%, Lmin=-7.65, Lmax=-6.15
21:58:29 [ultranest] [DEBUG] iteration=2676, ncalls=9943, regioncalls=0, ndraw=40, logz=-15.00, remainder_fraction=54.1657%, Lmin=-7.55, Lmax=-6.15
21:58:29 [ultranest] [DEBUG] iteration=2680, ncalls=9943, regioncalls=0, ndraw=40, logz=-14.99, remainder_fraction=53.9073%, Lmin=-7.55, Lmax=-6.15
21:58:29 [ultranest] [DEBUG] iteration=2720, ncalls=9943, regioncalls=0, ndraw=40, logz=-14.92, remainder_fraction=50.5846%, Lmin=-7.45, Lmax=-6.15
21:58:29 [ultranest] [DEBUG] iteration=2760, ncalls=9943, regioncalls=0, ndraw=40, logz=-14.86, remainder_fraction=47.2743%, Lmin=-7.35, Lmax=-6.15
21:58:29 [ultranest] [DEBUG] iteration=2800, ncalls=9943, regioncalls=0, ndraw=40, logz=-14.80, remainder_fraction=44.3401%, Lmin=-7.24, Lmax=-6.13
21:58:29 [ultranest] [DEBUG] iteration=2824, ncalls=9943, regioncalls=0, ndraw=40, logz=-14.76, remainder_fraction=42.4985%, Lmin=-7.18, Lmax=-6.13
21:58:29 [ultranest] [DEBUG] iteration=2840, ncalls=9943, regioncalls=0, ndraw=40, logz=-14.74, remainder_fraction=41.3080%, Lmin=-7.15, Lmax=-6.13
21:58:29 [ultranest] [DEBUG] iteration=2880, ncalls=9943, regioncalls=0, ndraw=40, logz=-14.69, remainder_fraction=38.1216%, Lmin=-7.06, Lmax=-6.13
21:58:29 [ultranest] [DEBUG] iteration=2920, ncalls=9943, regioncalls=0, ndraw=40, logz=-14.65, remainder_fraction=35.0999%, Lmin=-6.99, Lmax=-6.13
21:58:29 [ultranest] [DEBUG] iteration=2960, ncalls=9943, regioncalls=0, ndraw=40, logz=-14.61, remainder_fraction=32.2150%, Lmin=-6.91, Lmax=-6.11
21:58:29 [ultranest] [DEBUG] iteration=2972, ncalls=9943, regioncalls=0, ndraw=40, logz=-14.59, remainder_fraction=31.3814%, Lmin=-6.89, Lmax=-6.11
21:58:29 [ultranest] [DEBUG] iteration=3000, ncalls=9943, regioncalls=0, ndraw=40, logz=-14.57, remainder_fraction=29.5069%, Lmin=-6.84, Lmax=-6.11
21:58:29 [ultranest] [DEBUG] iteration=3040, ncalls=9943, regioncalls=0, ndraw=40, logz=-14.53, remainder_fraction=26.9830%, Lmin=-6.79, Lmax=-6.11
21:58:29 [ultranest] [DEBUG] iteration=3080, ncalls=9943, regioncalls=0, ndraw=40, logz=-14.50, remainder_fraction=24.5121%, Lmin=-6.73, Lmax=-6.11
21:58:30 [ultranest] [DEBUG] iteration=3120, ncalls=9943, regioncalls=0, ndraw=40, logz=-14.47, remainder_fraction=22.2790%, Lmin=-6.68, Lmax=-6.11
21:58:30 [ultranest] [DEBUG] iteration=3160, ncalls=9943, regioncalls=0, ndraw=40, logz=-14.45, remainder_fraction=20.3175%, Lmin=-6.64, Lmax=-6.10
21:58:30 [ultranest] [DEBUG] iteration=3194, ncalls=9943, regioncalls=0, ndraw=40, logz=-14.43, remainder_fraction=18.7688%, Lmin=-6.60, Lmax=-6.08
21:58:30 [ultranest] [DEBUG] iteration=3200, ncalls=9943, regioncalls=0, ndraw=40, logz=-14.42, remainder_fraction=18.5340%, Lmin=-6.60, Lmax=-6.08
21:58:30 [ultranest] [DEBUG] iteration=3240, ncalls=9943, regioncalls=0, ndraw=40, logz=-14.40, remainder_fraction=16.9081%, Lmin=-6.55, Lmax=-6.08
21:58:30 [ultranest] [DEBUG] iteration=3280, ncalls=9943, regioncalls=0, ndraw=40, logz=-14.38, remainder_fraction=15.1967%, Lmin=-6.52, Lmax=-6.08
21:58:30 [ultranest] [DEBUG] iteration=3320, ncalls=9943, regioncalls=0, ndraw=40, logz=-14.37, remainder_fraction=13.7585%, Lmin=-6.48, Lmax=-6.08
21:58:30 [ultranest] [DEBUG] iteration=3342, ncalls=9943, regioncalls=0, ndraw=40, logz=-14.36, remainder_fraction=13.0389%, Lmin=-6.46, Lmax=-6.08
21:58:30 [ultranest] [DEBUG] iteration=3360, ncalls=9943, regioncalls=0, ndraw=40, logz=-14.35, remainder_fraction=12.4391%, Lmin=-6.45, Lmax=-6.08
21:58:30 [ultranest] [DEBUG] iteration=3400, ncalls=9943, regioncalls=0, ndraw=40, logz=-14.34, remainder_fraction=11.2282%, Lmin=-6.42, Lmax=-6.08
21:58:30 [ultranest] [DEBUG] iteration=3416, ncalls=9943, regioncalls=0, ndraw=40, logz=-14.33, remainder_fraction=10.7759%, Lmin=-6.41, Lmax=-6.08
21:58:30 [ultranest] [DEBUG] iteration=3440, ncalls=9943, regioncalls=0, ndraw=40, logz=-14.33, remainder_fraction=10.1302%, Lmin=-6.40, Lmax=-6.08
21:58:30 [ultranest] [DEBUG] iteration=3480, ncalls=9943, regioncalls=0, ndraw=40, logz=-14.31, remainder_fraction=9.1172%, Lmin=-6.38, Lmax=-6.06
21:58:30 [ultranest] [DEBUG] iteration=3490, ncalls=9943, regioncalls=0, ndraw=40, logz=-14.31, remainder_fraction=8.8756%, Lmin=-6.37, Lmax=-6.06
21:58:30 [ultranest] [DEBUG] iteration=3520, ncalls=9943, regioncalls=0, ndraw=40, logz=-14.30, remainder_fraction=8.1938%, Lmin=-6.35, Lmax=-6.06
21:58:30 [ultranest] [DEBUG] iteration=3560, ncalls=9943, regioncalls=0, ndraw=40, logz=-14.29, remainder_fraction=7.3397%, Lmin=-6.32, Lmax=-6.06
21:58:30 [ultranest] [DEBUG] iteration=3564, ncalls=9943, regioncalls=0, ndraw=40, logz=-14.29, remainder_fraction=7.2601%, Lmin=-6.32, Lmax=-6.06
21:58:30 [ultranest] [DEBUG] iteration=3600, ncalls=9943, regioncalls=0, ndraw=40, logz=-14.29, remainder_fraction=6.5753%, Lmin=-6.30, Lmax=-6.06
21:58:30 [ultranest] [DEBUG] iteration=3638, ncalls=9943, regioncalls=0, ndraw=40, logz=-14.28, remainder_fraction=5.9158%, Lmin=-6.29, Lmax=-6.06
21:58:30 [ultranest] [DEBUG] iteration=3640, ncalls=9943, regioncalls=0, ndraw=40, logz=-14.28, remainder_fraction=5.8846%, Lmin=-6.29, Lmax=-6.06
21:58:30 [ultranest] [DEBUG] iteration=3680, ncalls=9943, regioncalls=0, ndraw=40, logz=-14.27, remainder_fraction=5.2711%, Lmin=-6.27, Lmax=-6.06
21:58:30 [ultranest] [DEBUG] iteration=3720, ncalls=9943, regioncalls=0, ndraw=40, logz=-14.27, remainder_fraction=4.7079%, Lmin=-6.25, Lmax=-6.06
21:58:30 [ultranest] [DEBUG] iteration=3760, ncalls=9943, regioncalls=0, ndraw=40, logz=-14.26, remainder_fraction=4.2049%, Lmin=-6.24, Lmax=-6.06
21:58:30 [ultranest] [DEBUG] iteration=3800, ncalls=9943, regioncalls=0, ndraw=40, logz=-14.26, remainder_fraction=3.7564%, Lmin=-6.22, Lmax=-6.05
21:58:30 [ultranest] [DEBUG] iteration=3840, ncalls=9943, regioncalls=0, ndraw=40, logz=-14.25, remainder_fraction=3.3509%, Lmin=-6.21, Lmax=-6.05
21:58:30 [ultranest] [DEBUG] iteration=3860, ncalls=9943, regioncalls=0, ndraw=40, logz=-14.25, remainder_fraction=3.1642%, Lmin=-6.21, Lmax=-6.05
21:58:30 [ultranest] [DEBUG] iteration=3880, ncalls=9943, regioncalls=0, ndraw=40, logz=-14.25, remainder_fraction=2.9878%, Lmin=-6.20, Lmax=-6.05
21:58:30 [ultranest] [DEBUG] iteration=3920, ncalls=9943, regioncalls=0, ndraw=40, logz=-14.25, remainder_fraction=2.6678%, Lmin=-6.19, Lmax=-6.05
21:58:30 [ultranest] [DEBUG] iteration=3934, ncalls=9943, regioncalls=0, ndraw=40, logz=-14.24, remainder_fraction=2.5626%, Lmin=-6.19, Lmax=-6.05
21:58:30 [ultranest] [DEBUG] iteration=3960, ncalls=9943, regioncalls=0, ndraw=40, logz=-14.24, remainder_fraction=2.3764%, Lmin=-6.18, Lmax=-6.05
21:58:30 [ultranest] [DEBUG] iteration=4000, ncalls=9943, regioncalls=0, ndraw=40, logz=-14.24, remainder_fraction=2.1187%, Lmin=-6.17, Lmax=-6.05
21:58:30 [ultranest] [DEBUG] iteration=4008, ncalls=9943, regioncalls=0, ndraw=40, logz=-14.24, remainder_fraction=2.0706%, Lmin=-6.17, Lmax=-6.05
21:58:30 [ultranest] [DEBUG] iteration=4040, ncalls=9943, regioncalls=0, ndraw=40, logz=-14.24, remainder_fraction=1.8888%, Lmin=-6.17, Lmax=-6.05
21:58:30 [ultranest] [DEBUG] iteration=4080, ncalls=9943, regioncalls=0, ndraw=40, logz=-14.24, remainder_fraction=1.6818%, Lmin=-6.16, Lmax=-6.05
21:58:30 [ultranest] [DEBUG] iteration=4120, ncalls=9943, regioncalls=0, ndraw=40, logz=-14.23, remainder_fraction=1.4978%, Lmin=-6.15, Lmax=-6.05
21:58:30 [ultranest] [INFO] Explored until L=-6  
21:58:30 [ultranest] [INFO] Likelihood function evaluations: 9943
21:58:31 [ultranest] [INFO] Writing samples and results to disk ...
21:58:31 [ultranest] [INFO] Writing samples and results to disk ... done
21:58:31 [ultranest] [DEBUG] did a run_iter pass!
21:58:31 [ultranest] [INFO]   logZ = -14.2 +- 0.1204
21:58:31 [ultranest] [INFO] Effective samples strategy satisfied (ESS = 1577.7, need >400)
21:58:31 [ultranest] [INFO] Posterior uncertainty strategy is satisfied (KL: 0.47+-0.10 nat, need <0.50 nat)
21:58:31 [ultranest] [INFO] Evidency uncertainty strategy is satisfied (dlogz=0.12, need <0.5)
21:58:31 [ultranest] [INFO]   logZ error budget: single: 0.14 bs:0.12 tail:0.01 total:0.12 required:<0.50
21:58:31 [ultranest] [INFO] done iterating.
21:58:32 [ultranest] [DEBUG] Making corner plot ...
21:58:33 [ultranest] [DEBUG] Making corner plot ... done
21:58:33 [ultranest] [DEBUG] Making run plot ... 
21:58:38 [ultranest] [DEBUG] Making run plot ... done
21:58:38 [ultranest] [DEBUG] Making trace plot ... 
21:58:40 [ultranest] [DEBUG] Making trace plot ... done
