11:26:34 [ultranest] [DEBUG] ReactiveNestedSampler: dims=3+0, resume=True, log_dir=/home/orion51/Desktop/Research/spectral_fitting/FGL_spectral_fitting/Individual_sources/2CXOJ102557.9+124109/bb_out_, backend=hdf5, vectorized=False, nbootstraps=30, ndraw=128..65536
11:26:34 [ultranest] [INFO] Sampling 400 live points from prior ...
11:26:35 [ultranest] [DEBUG] run_iter dlogz=0.5, dKL=0.5, frac_remain=0.01, Lepsilon=0.1000, min_ess=400
11:26:35 [ultranest] [DEBUG] max_iters=-1, max_ncalls=-1, max_num_improvement_loops=-1, min_num_live_points=400, cluster_num_live_points=40
11:26:35 [ultranest] [DEBUG] minimal_widths_sequence: [(-inf, 400.0), (inf, 400.0)]
11:26:35 [ultranest] [DEBUG] iteration=0, ncalls=401, regioncalls=40, ndraw=40, logz=-inf, remainder_fraction=100.0000%, Lmin=-9581914.62, Lmax=-30.12
11:26:35 [ultranest] [DEBUG] iteration=29, ncalls=431, regioncalls=1240, ndraw=40, logz=-5838.07, remainder_fraction=100.0000%, Lmin=-4330.10, Lmax=-30.12
11:26:35 [ultranest] [DEBUG] iteration=40, ncalls=444, regioncalls=1760, ndraw=40, logz=-643.95, remainder_fraction=100.0000%, Lmin=-591.89, Lmax=-30.12
11:26:35 [ultranest] [DEBUG] Plateau detected at L=-1.531673e+02, not replacing live point.
11:26:35 [ultranest] [DEBUG] Plateau detected at L=-1.531673e+02, not replacing live point.
11:26:35 [ultranest] [DEBUG] Plateau detected at L=-1.531673e+02, not replacing live point.
11:26:35 [ultranest] [DEBUG] Plateau detected at L=-1.531673e+02, not replacing live point.
11:26:35 [ultranest] [DEBUG] Plateau detected at L=-1.531673e+02, not replacing live point.
11:26:35 [ultranest] [DEBUG] Plateau detected at L=-1.531673e+02, not replacing live point.
11:26:35 [ultranest] [DEBUG] Plateau detected at L=-1.531673e+02, not replacing live point.
11:26:35 [ultranest] [DEBUG] Plateau detected at L=-1.531673e+02, not replacing live point.
11:26:35 [ultranest] [DEBUG] Plateau detected at L=-1.531673e+02, not replacing live point.
11:26:35 [ultranest] [DEBUG] Plateau detected at L=-1.531673e+02, not replacing live point.
11:26:35 [ultranest] [DEBUG] Plateau detected at L=-1.531673e+02, not replacing live point.
11:26:35 [ultranest] [DEBUG] Plateau detected at L=-1.531673e+02, not replacing live point.
11:26:35 [ultranest] [DEBUG] Plateau detected at L=-1.531673e+02, not replacing live point.
11:26:35 [ultranest] [DEBUG] Plateau detected at L=-1.531673e+02, not replacing live point.
11:26:35 [ultranest] [DEBUG] Plateau detected at L=-1.531673e+02, not replacing live point.
11:26:35 [ultranest] [DEBUG] Plateau detected at L=-1.531673e+02, not replacing live point.
11:26:35 [ultranest] [DEBUG] Plateau detected at L=-1.531673e+02, not replacing live point.
11:26:35 [ultranest] [DEBUG] Plateau detected at L=-1.531673e+02, not replacing live point.
11:26:35 [ultranest] [DEBUG] Plateau detected at L=-1.531673e+02, not replacing live point.
11:26:35 [ultranest] [DEBUG] Plateau detected at L=-1.531673e+02, not replacing live point.
11:26:35 [ultranest] [DEBUG] Plateau detected at L=-1.531673e+02, not replacing live point.
11:26:35 [ultranest] [DEBUG] Plateau detected at L=-1.531673e+02, not replacing live point.
11:26:35 [ultranest] [DEBUG] Plateau detected at L=-1.531673e+02, not replacing live point.
11:26:35 [ultranest] [DEBUG] Plateau detected at L=-1.531673e+02, not replacing live point.
11:26:35 [ultranest] [DEBUG] Plateau detected at L=-1.531673e+02, not replacing live point.
11:26:35 [ultranest] [DEBUG] Plateau detected at L=-1.531673e+02, not replacing live point.
11:26:35 [ultranest] [DEBUG] Plateau detected at L=-1.531673e+02, not replacing live point.
11:26:35 [ultranest] [DEBUG] Plateau detected at L=-1.531673e+02, not replacing live point.
11:26:35 [ultranest] [DEBUG] Plateau detected at L=-1.531673e+02, not replacing live point.
11:26:35 [ultranest] [DEBUG] Plateau detected at L=-1.531673e+02, not replacing live point.
11:26:35 [ultranest] [DEBUG] Plateau detected at L=-1.531673e+02, not replacing live point.
11:26:35 [ultranest] [DEBUG] Plateau detected at L=-1.531673e+02, not replacing live point.
11:26:35 [ultranest] [DEBUG] Plateau detected at L=-1.531673e+02, not replacing live point.
11:26:35 [ultranest] [DEBUG] Plateau detected at L=-1.531673e+02, not replacing live point.
11:26:35 [ultranest] [DEBUG] Plateau detected at L=-1.531673e+02, not replacing live point.
11:26:35 [ultranest] [DEBUG] Plateau detected at L=-1.531673e+02, not replacing live point.
11:26:35 [ultranest] [DEBUG] Plateau detected at L=-1.531673e+02, not replacing live point.
11:26:35 [ultranest] [DEBUG] Plateau detected at L=-1.531673e+02, not replacing live point.
11:26:35 [ultranest] [DEBUG] Plateau detected at L=-1.531673e+02, not replacing live point.
11:26:35 [ultranest] [DEBUG] Plateau detected at L=-1.531673e+02, not replacing live point.
11:26:35 [ultranest] [DEBUG] Plateau detected at L=-1.531673e+02, not replacing live point.
11:26:35 [ultranest] [DEBUG] Plateau detected at L=-1.531673e+02, not replacing live point.
11:26:35 [ultranest] [DEBUG] Plateau detected at L=-1.531673e+02, not replacing live point.
11:26:35 [ultranest] [DEBUG] Plateau detected at L=-1.531673e+02, not replacing live point.
11:26:35 [ultranest] [DEBUG] Plateau detected at L=-1.531673e+02, not replacing live point.
11:26:35 [ultranest] [DEBUG] Plateau detected at L=-1.531673e+02, not replacing live point.
11:26:35 [ultranest] [DEBUG] Plateau detected at L=-1.531673e+02, not replacing live point.
11:26:35 [ultranest] [DEBUG] Plateau detected at L=-1.531673e+02, not replacing live point.
11:26:35 [ultranest] [DEBUG] Plateau detected at L=-1.531673e+02, not replacing live point.
11:26:35 [ultranest] [DEBUG] Plateau detected at L=-1.531673e+02, not replacing live point.
11:26:35 [ultranest] [DEBUG] Plateau detected at L=-1.531673e+02, not replacing live point.
11:26:35 [ultranest] [DEBUG] Plateau detected at L=-1.531673e+02, not replacing live point.
11:26:35 [ultranest] [DEBUG] Plateau detected at L=-1.531673e+02, not replacing live point.
11:26:35 [ultranest] [DEBUG] Plateau detected at L=-1.531673e+02, not replacing live point.
11:26:35 [ultranest] [DEBUG] Plateau detected at L=-1.531673e+02, not replacing live point.
11:26:35 [ultranest] [DEBUG] Plateau detected at L=-1.531673e+02, not replacing live point.
11:26:35 [ultranest] [DEBUG] Plateau detected at L=-1.531673e+02, not replacing live point.
11:26:35 [ultranest] [DEBUG] Plateau detected at L=-1.531673e+02, not replacing live point.
11:26:35 [ultranest] [DEBUG] Plateau detected at L=-1.531673e+02, not replacing live point.
11:26:35 [ultranest] [DEBUG] Plateau detected at L=-1.531673e+02, not replacing live point.
11:26:35 [ultranest] [DEBUG] Plateau detected at L=-1.531673e+02, not replacing live point.
11:26:35 [ultranest] [DEBUG] Plateau detected at L=-1.531673e+02, not replacing live point.
11:26:35 [ultranest] [DEBUG] Plateau detected at L=-1.531673e+02, not replacing live point.
11:26:35 [ultranest] [DEBUG] Plateau detected at L=-1.531673e+02, not replacing live point.
11:26:35 [ultranest] [DEBUG] Plateau detected at L=-1.531673e+02, not replacing live point.
11:26:35 [ultranest] [DEBUG] Plateau detected at L=-1.531673e+02, not replacing live point.
11:26:35 [ultranest] [DEBUG] Plateau detected at L=-1.531673e+02, not replacing live point.
11:26:35 [ultranest] [DEBUG] Plateau detected at L=-1.531673e+02, not replacing live point.
11:26:35 [ultranest] [DEBUG] Plateau detected at L=-1.531673e+02, not replacing live point.
11:26:35 [ultranest] [DEBUG] Plateau detected at L=-1.531673e+02, not replacing live point.
11:26:35 [ultranest] [DEBUG] Plateau detected at L=-1.531673e+02, not replacing live point.
11:26:35 [ultranest] [DEBUG] Plateau detected at L=-1.531673e+02, not replacing live point.
11:26:35 [ultranest] [DEBUG] Plateau detected at L=-1.531673e+02, not replacing live point.
11:26:35 [ultranest] [DEBUG] Plateau detected at L=-1.531673e+02, not replacing live point.
11:26:35 [ultranest] [DEBUG] Plateau detected at L=-1.531673e+02, not replacing live point.
11:26:35 [ultranest] [DEBUG] Plateau detected at L=-1.531673e+02, not replacing live point.
11:26:35 [ultranest] [DEBUG] Plateau detected at L=-1.531673e+02, not replacing live point.
11:26:35 [ultranest] [DEBUG] Plateau detected at L=-1.531673e+02, not replacing live point.
11:26:35 [ultranest] [DEBUG] Plateau detected at L=-1.531673e+02, not replacing live point.
11:26:35 [ultranest] [DEBUG] Plateau detected at L=-1.531673e+02, not replacing live point.
11:26:35 [ultranest] [DEBUG] Plateau detected at L=-1.531673e+02, not replacing live point.
11:26:35 [ultranest] [DEBUG] Plateau detected at L=-1.531673e+02, not replacing live point.
11:26:35 [ultranest] [DEBUG] Plateau detected at L=-1.531673e+02, not replacing live point.
11:26:35 [ultranest] [DEBUG] Plateau detected at L=-1.531673e+02, not replacing live point.
11:26:35 [ultranest] [DEBUG] Plateau detected at L=-1.531673e+02, not replacing live point.
11:26:35 [ultranest] [DEBUG] Plateau detected at L=-1.531673e+02, not replacing live point.
11:26:35 [ultranest] [DEBUG] Plateau detected at L=-1.531673e+02, not replacing live point.
11:26:35 [ultranest] [DEBUG] Plateau detected at L=-1.531673e+02, not replacing live point.
11:26:35 [ultranest] [DEBUG] Plateau detected at L=-1.531673e+02, not replacing live point.
11:26:35 [ultranest] [DEBUG] Plateau detected at L=-1.531673e+02, not replacing live point.
11:26:35 [ultranest] [DEBUG] Plateau detected at L=-1.531673e+02, not replacing live point.
11:26:35 [ultranest] [DEBUG] Plateau detected at L=-1.531673e+02, not replacing live point.
11:26:35 [ultranest] [DEBUG] Plateau detected at L=-1.531673e+02, not replacing live point.
11:26:35 [ultranest] [DEBUG] Plateau detected at L=-1.531673e+02, not replacing live point.
11:26:35 [ultranest] [DEBUG] Plateau detected at L=-1.531673e+02, not replacing live point.
11:26:35 [ultranest] [DEBUG] Plateau detected at L=-1.531673e+02, not replacing live point.
11:26:35 [ultranest] [DEBUG] Plateau detected at L=-1.531673e+02, not replacing live point.
11:26:35 [ultranest] [DEBUG] Plateau detected at L=-1.531673e+02, not replacing live point.
11:26:35 [ultranest] [DEBUG] Plateau detected at L=-1.531673e+02, not replacing live point.
11:26:35 [ultranest] [DEBUG] Plateau detected at L=-1.531673e+02, not replacing live point.
11:26:35 [ultranest] [DEBUG] Plateau detected at L=-1.531673e+02, not replacing live point.
11:26:35 [ultranest] [DEBUG] Plateau detected at L=-1.531673e+02, not replacing live point.
11:26:35 [ultranest] [DEBUG] Plateau detected at L=-1.531673e+02, not replacing live point.
11:26:35 [ultranest] [DEBUG] Plateau detected at L=-1.531673e+02, not replacing live point.
11:26:35 [ultranest] [DEBUG] Plateau detected at L=-1.531673e+02, not replacing live point.
11:26:35 [ultranest] [DEBUG] Plateau detected at L=-1.531673e+02, not replacing live point.
11:26:35 [ultranest] [DEBUG] Plateau detected at L=-1.531673e+02, not replacing live point.
11:26:35 [ultranest] [DEBUG] Plateau detected at L=-1.531673e+02, not replacing live point.
11:26:35 [ultranest] [DEBUG] Plateau detected at L=-1.531673e+02, not replacing live point.
11:26:35 [ultranest] [DEBUG] Plateau detected at L=-1.531673e+02, not replacing live point.
11:26:35 [ultranest] [DEBUG] Plateau detected at L=-1.531673e+02, not replacing live point.
11:26:35 [ultranest] [DEBUG] Plateau detected at L=-1.531673e+02, not replacing live point.
11:26:35 [ultranest] [DEBUG] Plateau detected at L=-1.531673e+02, not replacing live point.
11:26:35 [ultranest] [DEBUG] Plateau detected at L=-1.531673e+02, not replacing live point.
11:26:35 [ultranest] [DEBUG] Plateau detected at L=-1.531673e+02, not replacing live point.
11:26:35 [ultranest] [DEBUG] Plateau detected at L=-1.531673e+02, not replacing live point.
11:26:35 [ultranest] [DEBUG] Plateau detected at L=-1.531673e+02, not replacing live point.
11:26:35 [ultranest] [DEBUG] Plateau detected at L=-1.531673e+02, not replacing live point.
11:26:35 [ultranest] [DEBUG] Plateau detected at L=-1.531673e+02, not replacing live point.
11:26:35 [ultranest] [DEBUG] Plateau detected at L=-1.531673e+02, not replacing live point.
11:26:35 [ultranest] [DEBUG] Plateau detected at L=-1.531673e+02, not replacing live point.
11:26:35 [ultranest] [DEBUG] Plateau detected at L=-1.531673e+02, not replacing live point.
11:26:35 [ultranest] [DEBUG] Plateau detected at L=-1.531673e+02, not replacing live point.
11:26:35 [ultranest] [DEBUG] Plateau detected at L=-1.531673e+02, not replacing live point.
11:26:35 [ultranest] [DEBUG] Plateau detected at L=-1.531673e+02, not replacing live point.
11:26:35 [ultranest] [DEBUG] Plateau detected at L=-1.531673e+02, not replacing live point.
11:26:35 [ultranest] [DEBUG] Plateau detected at L=-1.531673e+02, not replacing live point.
11:26:35 [ultranest] [DEBUG] Plateau detected at L=-1.531673e+02, not replacing live point.
11:26:35 [ultranest] [DEBUG] Plateau detected at L=-1.531673e+02, not replacing live point.
11:26:35 [ultranest] [DEBUG] Plateau detected at L=-1.531673e+02, not replacing live point.
11:26:35 [ultranest] [DEBUG] Plateau detected at L=-1.531673e+02, not replacing live point.
11:26:35 [ultranest] [DEBUG] Plateau detected at L=-1.531673e+02, not replacing live point.
11:26:35 [ultranest] [DEBUG] Plateau detected at L=-1.531673e+02, not replacing live point.
11:26:35 [ultranest] [DEBUG] Plateau detected at L=-1.531673e+02, not replacing live point.
11:26:35 [ultranest] [DEBUG] Plateau detected at L=-1.531673e+02, not replacing live point.
11:26:35 [ultranest] [DEBUG] Plateau detected at L=-1.531673e+02, not replacing live point.
11:26:35 [ultranest] [DEBUG] Plateau detected at L=-1.531673e+02, not replacing live point.
11:26:35 [ultranest] [DEBUG] Plateau detected at L=-1.531673e+02, not replacing live point.
11:26:35 [ultranest] [DEBUG] Plateau detected at L=-1.531673e+02, not replacing live point.
11:26:35 [ultranest] [DEBUG] Plateau detected at L=-1.531673e+02, not replacing live point.
11:26:35 [ultranest] [DEBUG] Plateau detected at L=-1.531673e+02, not replacing live point.
11:26:35 [ultranest] [DEBUG] Plateau detected at L=-1.531673e+02, not replacing live point.
11:26:35 [ultranest] [DEBUG] Plateau detected at L=-1.531673e+02, not replacing live point.
11:26:35 [ultranest] [DEBUG] Plateau detected at L=-1.531673e+02, not replacing live point.
11:26:35 [ultranest] [DEBUG] Plateau detected at L=-1.531673e+02, not replacing live point.
11:26:35 [ultranest] [DEBUG] Plateau detected at L=-1.531673e+02, not replacing live point.
11:26:35 [ultranest] [DEBUG] Plateau detected at L=-1.531673e+02, not replacing live point.
11:26:35 [ultranest] [DEBUG] Plateau detected at L=-1.531673e+02, not replacing live point.
11:26:35 [ultranest] [DEBUG] Plateau detected at L=-1.531673e+02, not replacing live point.
11:26:35 [ultranest] [DEBUG] Plateau detected at L=-1.531673e+02, not replacing live point.
11:26:35 [ultranest] [DEBUG] Plateau detected at L=-1.531673e+02, not replacing live point.
11:26:35 [ultranest] [DEBUG] Plateau detected at L=-1.531673e+02, not replacing live point.
11:26:35 [ultranest] [DEBUG] Plateau detected at L=-1.531673e+02, not replacing live point.
11:26:35 [ultranest] [DEBUG] Plateau detected at L=-1.531673e+02, not replacing live point.
11:26:35 [ultranest] [DEBUG] Plateau detected at L=-1.531673e+02, not replacing live point.
11:26:35 [ultranest] [DEBUG] Plateau detected at L=-1.531673e+02, not replacing live point.
11:26:35 [ultranest] [DEBUG] Plateau detected at L=-1.531673e+02, not replacing live point.
11:26:35 [ultranest] [DEBUG] Plateau detected at L=-1.531673e+02, not replacing live point.
11:26:35 [ultranest] [DEBUG] Plateau detected at L=-1.531673e+02, not replacing live point.
11:26:35 [ultranest] [DEBUG] Plateau detected at L=-1.531673e+02, not replacing live point.
11:26:35 [ultranest] [DEBUG] Plateau detected at L=-1.531673e+02, not replacing live point.
11:26:35 [ultranest] [DEBUG] Plateau detected at L=-1.531673e+02, not replacing live point.
11:26:35 [ultranest] [DEBUG] Plateau detected at L=-1.531673e+02, not replacing live point.
11:26:35 [ultranest] [DEBUG] Plateau detected at L=-1.531673e+02, not replacing live point.
11:26:35 [ultranest] [DEBUG] Plateau detected at L=-1.531673e+02, not replacing live point.
11:26:35 [ultranest] [DEBUG] Plateau detected at L=-1.531673e+02, not replacing live point.
11:26:35 [ultranest] [DEBUG] Plateau detected at L=-1.531673e+02, not replacing live point.
11:26:35 [ultranest] [DEBUG] Plateau detected at L=-1.531673e+02, not replacing live point.
11:26:35 [ultranest] [DEBUG] Plateau detected at L=-1.531673e+02, not replacing live point.
11:26:35 [ultranest] [DEBUG] Plateau detected at L=-1.531673e+02, not replacing live point.
11:26:35 [ultranest] [DEBUG] Plateau detected at L=-1.531673e+02, not replacing live point.
11:26:35 [ultranest] [DEBUG] Plateau detected at L=-1.531673e+02, not replacing live point.
11:26:35 [ultranest] [DEBUG] Plateau detected at L=-1.531673e+02, not replacing live point.
11:26:35 [ultranest] [DEBUG] Plateau detected at L=-1.531673e+02, not replacing live point.
11:26:35 [ultranest] [DEBUG] Plateau detected at L=-1.531673e+02, not replacing live point.
11:26:35 [ultranest] [DEBUG] Plateau detected at L=-1.531673e+02, not replacing live point.
11:26:35 [ultranest] [DEBUG] Plateau detected at L=-1.531673e+02, not replacing live point.
11:26:35 [ultranest] [DEBUG] Plateau detected at L=-1.531673e+02, not replacing live point.
11:26:35 [ultranest] [DEBUG] Plateau detected at L=-1.531673e+02, not replacing live point.
11:26:35 [ultranest] [DEBUG] Plateau detected at L=-1.531673e+02, not replacing live point.
11:26:35 [ultranest] [DEBUG] Plateau detected at L=-1.531673e+02, not replacing live point.
11:26:35 [ultranest] [DEBUG] Plateau detected at L=-1.531673e+02, not replacing live point.
11:26:35 [ultranest] [DEBUG] Plateau detected at L=-1.531673e+02, not replacing live point.
11:26:35 [ultranest] [DEBUG] Plateau detected at L=-1.531673e+02, not replacing live point.
11:26:35 [ultranest] [DEBUG] Plateau detected at L=-1.531673e+02, not replacing live point.
11:26:35 [ultranest] [DEBUG] Plateau detected at L=-1.531673e+02, not replacing live point.
11:26:35 [ultranest] [DEBUG] Plateau detected at L=-1.531673e+02, not replacing live point.
11:26:35 [ultranest] [DEBUG] Plateau detected at L=-1.531673e+02, not replacing live point.
11:26:35 [ultranest] [DEBUG] Plateau detected at L=-1.531673e+02, not replacing live point.
11:26:35 [ultranest] [DEBUG] Plateau detected at L=-1.531673e+02, not replacing live point.
11:26:35 [ultranest] [DEBUG] Plateau detected at L=-1.531673e+02, not replacing live point.
11:26:35 [ultranest] [DEBUG] Plateau detected at L=-1.531673e+02, not replacing live point.
11:26:35 [ultranest] [DEBUG] Plateau detected at L=-1.531673e+02, not replacing live point.
11:26:35 [ultranest] [DEBUG] iteration=246, ncalls=458, regioncalls=2320, ndraw=40, logz=-154.02, remainder_fraction=100.0000%, Lmin=-153.17, Lmax=-30.12
11:26:35 [ultranest] [DEBUG] Plateau detected at L=-1.531673e+02, not replacing live point.
11:26:35 [ultranest] [DEBUG] iteration=254, ncalls=468, regioncalls=2720, ndraw=40, logz=-153.98, remainder_fraction=100.0000%, Lmin=-153.17, Lmax=-30.12
11:26:35 [ultranest] [DEBUG] Plateau detected at L=-1.531673e+02, not replacing live point.
11:26:35 [ultranest] [DEBUG] iteration=256, ncalls=469, regioncalls=2760, ndraw=40, logz=-153.97, remainder_fraction=100.0000%, Lmin=-153.17, Lmax=-30.12
11:26:35 [ultranest] [DEBUG] iteration=275, ncalls=505, regioncalls=4200, ndraw=40, logz=-153.89, remainder_fraction=100.0000%, Lmin=-153.17, Lmax=-30.12
11:26:35 [ultranest] [DEBUG] iteration=280, ncalls=514, regioncalls=4560, ndraw=40, logz=-153.87, remainder_fraction=100.0000%, Lmin=-153.17, Lmax=-30.12
11:26:35 [ultranest] [DEBUG] iteration=301, ncalls=562, regioncalls=6480, ndraw=40, logz=-153.80, remainder_fraction=100.0000%, Lmin=-153.17, Lmax=-30.12
11:26:35 [ultranest] [DEBUG] iteration=302, ncalls=565, regioncalls=6600, ndraw=40, logz=-153.80, remainder_fraction=100.0000%, Lmin=-153.17, Lmax=-30.12
11:26:35 [ultranest] [DEBUG] iteration=319, ncalls=605, regioncalls=8200, ndraw=40, logz=-153.75, remainder_fraction=100.0000%, Lmin=-153.17, Lmax=-27.40
11:26:35 [ultranest] [DEBUG] iteration=320, ncalls=607, regioncalls=8280, ndraw=40, logz=-153.74, remainder_fraction=100.0000%, Lmin=-153.17, Lmax=-27.40
11:26:35 [ultranest] [DEBUG] iteration=344, ncalls=647, regioncalls=9880, ndraw=40, logz=-153.68, remainder_fraction=100.0000%, Lmin=-153.17, Lmax=-27.40
11:26:35 [ultranest] [DEBUG] iteration=348, ncalls=654, regioncalls=10160, ndraw=40, logz=-153.67, remainder_fraction=100.0000%, Lmin=-153.17, Lmax=-27.40
11:26:35 [ultranest] [DEBUG] iteration=360, ncalls=678, regioncalls=11120, ndraw=40, logz=-153.65, remainder_fraction=100.0000%, Lmin=-153.17, Lmax=-27.40
11:26:36 [ultranest] [DEBUG] iteration=379, ncalls=718, regioncalls=12720, ndraw=40, logz=-153.61, remainder_fraction=100.0000%, Lmin=-153.17, Lmax=-27.40
11:26:36 [ultranest] [DEBUG] iteration=398, ncalls=757, regioncalls=14280, ndraw=40, logz=-153.58, remainder_fraction=100.0000%, Lmin=-153.16, Lmax=-27.40
11:26:36 [ultranest] [DEBUG] iteration=400, ncalls=760, regioncalls=14400, ndraw=40, logz=-153.58, remainder_fraction=100.0000%, Lmin=-153.16, Lmax=-27.40
11:26:36 [ultranest] [DEBUG] iteration=420, ncalls=800, regioncalls=16000, ndraw=40, logz=-153.55, remainder_fraction=100.0000%, Lmin=-153.16, Lmax=-27.40
11:26:36 [ultranest] [DEBUG] iteration=438, ncalls=851, regioncalls=18040, ndraw=40, logz=-153.52, remainder_fraction=100.0000%, Lmin=-153.15, Lmax=-27.40
11:26:36 [ultranest] [DEBUG] iteration=440, ncalls=854, regioncalls=18160, ndraw=40, logz=-153.52, remainder_fraction=100.0000%, Lmin=-153.15, Lmax=-27.40
11:26:36 [ultranest] [DEBUG] iteration=455, ncalls=897, regioncalls=19880, ndraw=40, logz=-153.50, remainder_fraction=100.0000%, Lmin=-153.14, Lmax=-27.40
11:26:36 [ultranest] [DEBUG] iteration=468, ncalls=942, regioncalls=21680, ndraw=40, logz=-153.49, remainder_fraction=100.0000%, Lmin=-153.13, Lmax=-27.40
11:26:36 [ultranest] [DEBUG] iteration=480, ncalls=973, regioncalls=22920, ndraw=40, logz=-153.48, remainder_fraction=100.0000%, Lmin=-153.11, Lmax=-27.40
11:26:36 [ultranest] [DEBUG] iteration=491, ncalls=1019, regioncalls=24760, ndraw=40, logz=-153.46, remainder_fraction=100.0000%, Lmin=-153.08, Lmax=-27.40
11:26:36 [ultranest] [DEBUG] iteration=505, ncalls=1061, regioncalls=26440, ndraw=40, logz=-153.45, remainder_fraction=100.0000%, Lmin=-153.03, Lmax=-27.40
11:26:36 [ultranest] [DEBUG] iteration=520, ncalls=1111, regioncalls=28440, ndraw=40, logz=-153.44, remainder_fraction=100.0000%, Lmin=-152.96, Lmax=-27.40
11:26:37 [ultranest] [DEBUG] iteration=532, ncalls=1158, regioncalls=30320, ndraw=40, logz=-153.43, remainder_fraction=100.0000%, Lmin=-152.90, Lmax=-27.40
11:26:37 [ultranest] [DEBUG] iteration=544, ncalls=1205, regioncalls=32200, ndraw=40, logz=-153.41, remainder_fraction=100.0000%, Lmin=-152.82, Lmax=-27.40
11:26:37 [ultranest] [DEBUG] iteration=556, ncalls=1253, regioncalls=34120, ndraw=40, logz=-153.40, remainder_fraction=100.0000%, Lmin=-152.70, Lmax=-27.40
11:26:37 [ultranest] [DEBUG] iteration=560, ncalls=1275, regioncalls=35000, ndraw=40, logz=-153.40, remainder_fraction=100.0000%, Lmin=-152.59, Lmax=-27.40
11:26:37 [ultranest] [DEBUG] iteration=577, ncalls=1321, regioncalls=36840, ndraw=40, logz=-153.38, remainder_fraction=100.0000%, Lmin=-152.47, Lmax=-27.40
11:26:37 [ultranest] [DEBUG] iteration=578, ncalls=1322, regioncalls=36880, ndraw=40, logz=-153.38, remainder_fraction=100.0000%, Lmin=-152.45, Lmax=-27.40
11:26:37 [ultranest] [DEBUG] iteration=596, ncalls=1362, regioncalls=38480, ndraw=40, logz=-153.36, remainder_fraction=100.0000%, Lmin=-151.97, Lmax=-27.40
11:26:37 [ultranest] [DEBUG] iteration=600, ncalls=1370, regioncalls=38800, ndraw=40, logz=-153.35, remainder_fraction=100.0000%, Lmin=-151.88, Lmax=-27.40
11:26:37 [ultranest] [DEBUG] iteration=617, ncalls=1409, regioncalls=40360, ndraw=40, logz=-153.31, remainder_fraction=100.0000%, Lmin=-151.33, Lmax=-27.40
11:26:37 [ultranest] [DEBUG] iteration=624, ncalls=1426, regioncalls=41040, ndraw=40, logz=-153.29, remainder_fraction=100.0000%, Lmin=-151.14, Lmax=-27.40
11:26:37 [ultranest] [DEBUG] iteration=640, ncalls=1462, regioncalls=42480, ndraw=40, logz=-153.23, remainder_fraction=100.0000%, Lmin=-150.41, Lmax=-27.40
11:26:37 [ultranest] [DEBUG] iteration=657, ncalls=1506, regioncalls=44240, ndraw=40, logz=-153.11, remainder_fraction=100.0000%, Lmin=-149.60, Lmax=-27.40
11:26:37 [ultranest] [DEBUG] iteration=670, ncalls=1532, regioncalls=45280, ndraw=40, logz=-152.94, remainder_fraction=100.0000%, Lmin=-148.61, Lmax=-27.40
11:26:38 [ultranest] [DEBUG] iteration=680, ncalls=1548, regioncalls=45920, ndraw=40, logz=-152.71, remainder_fraction=100.0000%, Lmin=-148.07, Lmax=-27.40
11:26:38 [ultranest] [DEBUG] iteration=699, ncalls=1590, regioncalls=47600, ndraw=40, logz=-151.72, remainder_fraction=100.0000%, Lmin=-145.83, Lmax=-27.40
11:26:38 [ultranest] [DEBUG] iteration=716, ncalls=1620, regioncalls=48840, ndraw=40, logz=-150.37, remainder_fraction=100.0000%, Lmin=-144.67, Lmax=-27.40
11:26:38 [ultranest] [DEBUG] iteration=720, ncalls=1632, regioncalls=49320, ndraw=40, logz=-150.11, remainder_fraction=100.0000%, Lmin=-144.02, Lmax=-27.40
11:26:38 [ultranest] [DEBUG] iteration=741, ncalls=1675, regioncalls=51080, ndraw=40, logz=-147.73, remainder_fraction=100.0000%, Lmin=-141.25, Lmax=-27.40
11:26:38 [ultranest] [DEBUG] iteration=760, ncalls=1716, regioncalls=52720, ndraw=40, logz=-145.78, remainder_fraction=100.0000%, Lmin=-139.69, Lmax=-27.40
11:26:38 [ultranest] [DEBUG] iteration=774, ncalls=1756, regioncalls=54320, ndraw=40, logz=-144.56, remainder_fraction=100.0000%, Lmin=-138.19, Lmax=-27.40
11:26:38 [ultranest] [DEBUG] iteration=794, ncalls=1798, regioncalls=56000, ndraw=40, logz=-142.45, remainder_fraction=100.0000%, Lmin=-135.70, Lmax=-27.40
11:26:38 [ultranest] [DEBUG] iteration=800, ncalls=1810, regioncalls=56480, ndraw=40, logz=-141.67, remainder_fraction=100.0000%, Lmin=-134.57, Lmax=-27.40
11:26:38 [ultranest] [DEBUG] iteration=808, ncalls=1830, regioncalls=57320, ndraw=40, logz=-140.51, remainder_fraction=100.0000%, Lmin=-133.76, Lmax=-27.40
11:26:38 [ultranest] [DEBUG] iteration=824, ncalls=1869, regioncalls=58880, ndraw=40, logz=-138.46, remainder_fraction=100.0000%, Lmin=-131.79, Lmax=-27.40
11:26:38 [ultranest] [DEBUG] iteration=840, ncalls=1912, regioncalls=60600, ndraw=40, logz=-136.84, remainder_fraction=100.0000%, Lmin=-129.97, Lmax=-27.40
11:26:39 [ultranest] [DEBUG] iteration=857, ncalls=1954, regioncalls=62280, ndraw=40, logz=-134.97, remainder_fraction=100.0000%, Lmin=-127.85, Lmax=-27.40
11:26:39 [ultranest] [DEBUG] iteration=876, ncalls=1996, regioncalls=63960, ndraw=40, logz=-132.12, remainder_fraction=100.0000%, Lmin=-124.86, Lmax=-27.40
11:26:39 [ultranest] [DEBUG] iteration=880, ncalls=2004, regioncalls=64280, ndraw=40, logz=-131.65, remainder_fraction=100.0000%, Lmin=-124.62, Lmax=-27.40
11:26:39 [ultranest] [DEBUG] iteration=896, ncalls=2048, regioncalls=66040, ndraw=40, logz=-129.55, remainder_fraction=100.0000%, Lmin=-122.28, Lmax=-27.40
11:26:39 [ultranest] [DEBUG] iteration=900, ncalls=2059, regioncalls=66480, ndraw=40, logz=-128.98, remainder_fraction=100.0000%, Lmin=-121.24, Lmax=-27.40
11:26:39 [ultranest] [DEBUG] iteration=917, ncalls=2099, regioncalls=68120, ndraw=40, logz=-126.45, remainder_fraction=100.0000%, Lmin=-118.38, Lmax=-27.40
11:26:39 [ultranest] [DEBUG] iteration=920, ncalls=2103, regioncalls=68280, ndraw=40, logz=-125.39, remainder_fraction=100.0000%, Lmin=-117.00, Lmax=-27.40
11:26:39 [ultranest] [DEBUG] iteration=938, ncalls=2141, regioncalls=69800, ndraw=40, logz=-121.99, remainder_fraction=100.0000%, Lmin=-114.09, Lmax=-27.40
11:26:39 [ultranest] [DEBUG] iteration=950, ncalls=2186, regioncalls=71600, ndraw=40, logz=-119.91, remainder_fraction=100.0000%, Lmin=-112.27, Lmax=-27.40
11:26:39 [ultranest] [DEBUG] iteration=960, ncalls=2209, regioncalls=72520, ndraw=40, logz=-117.55, remainder_fraction=100.0000%, Lmin=-109.26, Lmax=-27.40
11:26:39 [ultranest] [DEBUG] iteration=973, ncalls=2252, regioncalls=74240, ndraw=40, logz=-113.90, remainder_fraction=100.0000%, Lmin=-105.29, Lmax=-27.40
11:26:39 [ultranest] [DEBUG] iteration=987, ncalls=2299, regioncalls=76120, ndraw=40, logz=-110.07, remainder_fraction=100.0000%, Lmin=-101.19, Lmax=-27.40
11:26:40 [ultranest] [DEBUG] iteration=1000, ncalls=2334, regioncalls=77520, ndraw=40, logz=-106.64, remainder_fraction=100.0000%, Lmin=-98.03, Lmax=-27.40
11:26:40 [ultranest] [DEBUG] iteration=1016, ncalls=2374, regioncalls=79120, ndraw=40, logz=-103.15, remainder_fraction=100.0000%, Lmin=-94.68, Lmax=-27.21
11:26:40 [ultranest] [DEBUG] iteration=1034, ncalls=2417, regioncalls=80840, ndraw=40, logz=-99.42, remainder_fraction=100.0000%, Lmin=-90.63, Lmax=-27.21
11:26:40 [ultranest] [DEBUG] iteration=1038, ncalls=2425, regioncalls=81200, ndraw=40, logz=-98.24, remainder_fraction=100.0000%, Lmin=-89.48, Lmax=-27.21
11:26:40 [ultranest] [DEBUG] iteration=1040, ncalls=2429, regioncalls=81360, ndraw=40, logz=-97.74, remainder_fraction=100.0000%, Lmin=-89.11, Lmax=-27.21
11:26:40 [ultranest] [DEBUG] iteration=1054, ncalls=2467, regioncalls=82920, ndraw=40, logz=-94.77, remainder_fraction=100.0000%, Lmin=-86.34, Lmax=-27.21
11:26:40 [ultranest] [DEBUG] iteration=1070, ncalls=2510, regioncalls=84640, ndraw=40, logz=-91.67, remainder_fraction=100.0000%, Lmin=-82.86, Lmax=-27.21
11:26:40 [ultranest] [DEBUG] iteration=1080, ncalls=2526, regioncalls=85280, ndraw=40, logz=-89.58, remainder_fraction=100.0000%, Lmin=-80.59, Lmax=-27.21
11:26:40 [ultranest] [DEBUG] iteration=1088, ncalls=2574, regioncalls=87200, ndraw=40, logz=-87.69, remainder_fraction=100.0000%, Lmin=-79.32, Lmax=-27.21
11:26:40 [ultranest] [DEBUG] iteration=1101, ncalls=2619, regioncalls=89000, ndraw=40, logz=-85.45, remainder_fraction=100.0000%, Lmin=-76.91, Lmax=-27.21
11:26:40 [ultranest] [DEBUG] iteration=1114, ncalls=2667, regioncalls=90920, ndraw=40, logz=-83.43, remainder_fraction=100.0000%, Lmin=-75.06, Lmax=-27.21
11:26:40 [ultranest] [DEBUG] iteration=1120, ncalls=2684, regioncalls=91600, ndraw=40, logz=-82.74, remainder_fraction=100.0000%, Lmin=-74.64, Lmax=-27.21
11:26:40 [ultranest] [DEBUG] iteration=1130, ncalls=2727, regioncalls=93360, ndraw=40, logz=-81.51, remainder_fraction=100.0000%, Lmin=-72.77, Lmax=-27.21
11:26:41 [ultranest] [DEBUG] iteration=1146, ncalls=2766, regioncalls=95000, ndraw=40, logz=-78.68, remainder_fraction=100.0000%, Lmin=-69.88, Lmax=-27.21
11:26:41 [ultranest] [DEBUG] iteration=1159, ncalls=2814, regioncalls=96920, ndraw=40, logz=-76.12, remainder_fraction=100.0000%, Lmin=-67.34, Lmax=-27.21
11:26:41 [ultranest] [DEBUG] iteration=1160, ncalls=2815, regioncalls=96960, ndraw=40, logz=-75.96, remainder_fraction=100.0000%, Lmin=-66.77, Lmax=-27.21
11:26:41 [ultranest] [DEBUG] iteration=1174, ncalls=2857, regioncalls=98640, ndraw=40, logz=-73.18, remainder_fraction=100.0000%, Lmin=-64.26, Lmax=-27.21
11:26:41 [ultranest] [DEBUG] iteration=1187, ncalls=2898, regioncalls=100280, ndraw=40, logz=-71.41, remainder_fraction=100.0000%, Lmin=-62.70, Lmax=-27.21
11:26:41 [ultranest] [DEBUG] iteration=1200, ncalls=2927, regioncalls=101440, ndraw=40, logz=-69.20, remainder_fraction=100.0000%, Lmin=-60.01, Lmax=-27.21
11:26:41 [ultranest] [DEBUG] iteration=1208, ncalls=2977, regioncalls=103440, ndraw=40, logz=-67.82, remainder_fraction=100.0000%, Lmin=-58.75, Lmax=-27.21
11:26:41 [ultranest] [DEBUG] iteration=1219, ncalls=3026, regioncalls=105400, ndraw=40, logz=-66.41, remainder_fraction=100.0000%, Lmin=-57.72, Lmax=-27.21
11:26:41 [ultranest] [DEBUG] iteration=1222, ncalls=3035, regioncalls=105800, ndraw=40, logz=-66.07, remainder_fraction=100.0000%, Lmin=-57.35, Lmax=-27.21
11:26:41 [ultranest] [DEBUG] iteration=1234, ncalls=3078, regioncalls=107520, ndraw=40, logz=-64.84, remainder_fraction=100.0000%, Lmin=-56.02, Lmax=-27.21
11:26:41 [ultranest] [DEBUG] iteration=1240, ncalls=3097, regioncalls=108280, ndraw=40, logz=-64.17, remainder_fraction=100.0000%, Lmin=-55.53, Lmax=-27.21
11:26:41 [ultranest] [DEBUG] iteration=1253, ncalls=3143, regioncalls=110120, ndraw=40, logz=-63.10, remainder_fraction=100.0000%, Lmin=-54.47, Lmax=-27.21
11:26:42 [ultranest] [DEBUG] iteration=1268, ncalls=3191, regioncalls=112080, ndraw=40, logz=-61.82, remainder_fraction=100.0000%, Lmin=-52.94, Lmax=-27.21
11:26:42 [ultranest] [DEBUG] iteration=1280, ncalls=3218, regioncalls=113160, ndraw=40, logz=-60.15, remainder_fraction=100.0000%, Lmin=-50.93, Lmax=-27.21
11:26:42 [ultranest] [DEBUG] iteration=1295, ncalls=3260, regioncalls=114840, ndraw=40, logz=-58.33, remainder_fraction=100.0000%, Lmin=-49.46, Lmax=-27.21
11:26:42 [ultranest] [DEBUG] iteration=1312, ncalls=3315, regioncalls=117040, ndraw=40, logz=-56.33, remainder_fraction=100.0000%, Lmin=-47.32, Lmax=-27.21
11:26:42 [ultranest] [DEBUG] iteration=1320, ncalls=3346, regioncalls=118280, ndraw=40, logz=-55.62, remainder_fraction=100.0000%, Lmin=-46.59, Lmax=-27.21
11:26:42 [ultranest] [DEBUG] iteration=1336, ncalls=3390, regioncalls=120040, ndraw=40, logz=-54.20, remainder_fraction=100.0000%, Lmin=-45.03, Lmax=-27.21
11:26:42 [ultranest] [DEBUG] iteration=1350, ncalls=3437, regioncalls=121920, ndraw=40, logz=-53.16, remainder_fraction=100.0000%, Lmin=-44.21, Lmax=-27.21
11:26:42 [ultranest] [DEBUG] iteration=1360, ncalls=3466, regioncalls=123160, ndraw=40, logz=-52.44, remainder_fraction=100.0000%, Lmin=-43.52, Lmax=-27.21
11:26:42 [ultranest] [DEBUG] iteration=1372, ncalls=3507, regioncalls=124800, ndraw=40, logz=-51.61, remainder_fraction=100.0000%, Lmin=-42.56, Lmax=-27.21
11:26:42 [ultranest] [DEBUG] iteration=1388, ncalls=3551, regioncalls=126640, ndraw=40, logz=-50.44, remainder_fraction=99.9999%, Lmin=-41.27, Lmax=-27.21
11:26:43 [ultranest] [DEBUG] iteration=1400, ncalls=3583, regioncalls=127920, ndraw=40, logz=-49.54, remainder_fraction=99.9998%, Lmin=-40.48, Lmax=-27.21
11:26:43 [ultranest] [DEBUG] iteration=1406, ncalls=3596, regioncalls=128480, ndraw=40, logz=-49.17, remainder_fraction=99.9997%, Lmin=-40.20, Lmax=-27.21
11:26:43 [ultranest] [DEBUG] iteration=1418, ncalls=3636, regioncalls=130080, ndraw=40, logz=-48.50, remainder_fraction=99.9995%, Lmin=-39.65, Lmax=-27.21
11:26:43 [ultranest] [DEBUG] iteration=1434, ncalls=3684, regioncalls=132160, ndraw=40, logz=-47.79, remainder_fraction=99.9989%, Lmin=-38.98, Lmax=-27.01
11:26:43 [ultranest] [DEBUG] iteration=1440, ncalls=3707, regioncalls=133080, ndraw=40, logz=-47.53, remainder_fraction=99.9986%, Lmin=-38.72, Lmax=-27.01
11:26:43 [ultranest] [DEBUG] iteration=1452, ncalls=3740, regioncalls=134520, ndraw=40, logz=-47.04, remainder_fraction=99.9978%, Lmin=-38.34, Lmax=-27.01
11:26:43 [ultranest] [DEBUG] iteration=1467, ncalls=3779, regioncalls=136080, ndraw=40, logz=-46.46, remainder_fraction=99.9961%, Lmin=-37.60, Lmax=-27.01
11:26:43 [ultranest] [DEBUG] iteration=1480, ncalls=3812, regioncalls=137400, ndraw=40, logz=-45.95, remainder_fraction=99.9935%, Lmin=-37.08, Lmax=-27.01
11:26:43 [ultranest] [DEBUG] iteration=1496, ncalls=3852, regioncalls=139000, ndraw=40, logz=-45.33, remainder_fraction=99.9870%, Lmin=-36.35, Lmax=-27.01
11:26:43 [ultranest] [DEBUG] iteration=1508, ncalls=3890, regioncalls=140520, ndraw=40, logz=-44.89, remainder_fraction=99.9795%, Lmin=-35.94, Lmax=-27.01
11:26:43 [ultranest] [DEBUG] iteration=1520, ncalls=3920, regioncalls=141720, ndraw=40, logz=-44.50, remainder_fraction=99.9691%, Lmin=-35.71, Lmax=-27.01
11:26:43 [ultranest] [DEBUG] iteration=1534, ncalls=3966, regioncalls=143560, ndraw=40, logz=-44.09, remainder_fraction=99.9515%, Lmin=-35.15, Lmax=-27.01
11:26:44 [ultranest] [DEBUG] iteration=1544, ncalls=3983, regioncalls=144280, ndraw=40, logz=-43.76, remainder_fraction=99.9299%, Lmin=-34.67, Lmax=-27.01
11:26:44 [ultranest] [DEBUG] iteration=1560, ncalls=4022, regioncalls=145840, ndraw=40, logz=-43.19, remainder_fraction=99.8787%, Lmin=-34.00, Lmax=-27.01
11:26:44 [ultranest] [DEBUG] iteration=1574, ncalls=4067, regioncalls=147640, ndraw=40, logz=-42.71, remainder_fraction=99.8082%, Lmin=-33.60, Lmax=-27.01
11:26:44 [ultranest] [DEBUG] iteration=1589, ncalls=4114, regioncalls=149520, ndraw=40, logz=-42.28, remainder_fraction=99.6994%, Lmin=-33.24, Lmax=-27.01
11:26:44 [ultranest] [DEBUG] iteration=1590, ncalls=4116, regioncalls=149720, ndraw=40, logz=-42.26, remainder_fraction=99.6901%, Lmin=-33.15, Lmax=-27.01
11:26:44 [ultranest] [DEBUG] iteration=1600, ncalls=4134, regioncalls=150440, ndraw=40, logz=-41.99, remainder_fraction=99.6109%, Lmin=-32.96, Lmax=-27.01
11:26:44 [ultranest] [DEBUG] iteration=1613, ncalls=4178, regioncalls=152240, ndraw=40, logz=-41.67, remainder_fraction=99.4624%, Lmin=-32.63, Lmax=-27.01
11:26:44 [ultranest] [DEBUG] iteration=1627, ncalls=4224, regioncalls=154080, ndraw=40, logz=-41.34, remainder_fraction=99.2206%, Lmin=-32.29, Lmax=-27.01
11:26:44 [ultranest] [DEBUG] iteration=1640, ncalls=4250, regioncalls=155120, ndraw=40, logz=-41.06, remainder_fraction=99.0002%, Lmin=-32.05, Lmax=-27.01
11:26:44 [ultranest] [DEBUG] iteration=1659, ncalls=4286, regioncalls=156560, ndraw=40, logz=-40.71, remainder_fraction=98.4979%, Lmin=-31.76, Lmax=-27.01
11:26:44 [ultranest] [DEBUG] iteration=1680, ncalls=4321, regioncalls=157960, ndraw=40, logz=-40.37, remainder_fraction=97.9085%, Lmin=-31.44, Lmax=-27.01
11:26:44 [ultranest] [DEBUG] iteration=1682, ncalls=4326, regioncalls=158200, ndraw=40, logz=-40.34, remainder_fraction=97.9000%, Lmin=-31.41, Lmax=-27.01
11:26:45 [ultranest] [DEBUG] iteration=1703, ncalls=4361, regioncalls=159600, ndraw=40, logz=-40.04, remainder_fraction=97.3810%, Lmin=-31.06, Lmax=-26.99
11:26:45 [ultranest] [DEBUG] iteration=1720, ncalls=4400, regioncalls=161160, ndraw=40, logz=-39.80, remainder_fraction=96.7003%, Lmin=-30.72, Lmax=-26.99
11:26:45 [ultranest] [DEBUG] iteration=1728, ncalls=4416, regioncalls=161840, ndraw=40, logz=-39.69, remainder_fraction=96.2508%, Lmin=-30.62, Lmax=-26.99
11:26:45 [ultranest] [DEBUG] iteration=1751, ncalls=4450, regioncalls=163200, ndraw=40, logz=-39.36, remainder_fraction=94.7532%, Lmin=-30.21, Lmax=-26.99
11:26:45 [ultranest] [DEBUG] iteration=1760, ncalls=4467, regioncalls=163880, ndraw=40, logz=-39.25, remainder_fraction=94.1250%, Lmin=-30.11, Lmax=-26.99
11:26:45 [ultranest] [DEBUG] iteration=1774, ncalls=4494, regioncalls=165000, ndraw=40, logz=-39.08, remainder_fraction=93.0273%, Lmin=-30.02, Lmax=-26.99
11:26:45 [ultranest] [DEBUG] iteration=1788, ncalls=4531, regioncalls=166480, ndraw=40, logz=-38.93, remainder_fraction=91.8274%, Lmin=-29.89, Lmax=-26.99
11:26:45 [ultranest] [DEBUG] iteration=1800, ncalls=4565, regioncalls=167840, ndraw=40, logz=-38.82, remainder_fraction=90.8094%, Lmin=-29.81, Lmax=-26.99
11:26:45 [ultranest] [DEBUG] iteration=1820, ncalls=4606, regioncalls=169560, ndraw=40, logz=-38.64, remainder_fraction=88.8766%, Lmin=-29.62, Lmax=-26.99
11:26:45 [ultranest] [DEBUG] iteration=1839, ncalls=4644, regioncalls=171080, ndraw=40, logz=-38.48, remainder_fraction=87.0338%, Lmin=-29.42, Lmax=-26.99
11:26:45 [ultranest] [DEBUG] iteration=1840, ncalls=4646, regioncalls=171160, ndraw=40, logz=-38.47, remainder_fraction=86.9815%, Lmin=-29.39, Lmax=-26.99
11:26:45 [ultranest] [DEBUG] iteration=1862, ncalls=4685, regioncalls=172720, ndraw=40, logz=-38.30, remainder_fraction=84.0491%, Lmin=-29.14, Lmax=-26.99
11:26:46 [ultranest] [DEBUG] iteration=1880, ncalls=4720, regioncalls=174120, ndraw=40, logz=-38.17, remainder_fraction=81.6219%, Lmin=-29.05, Lmax=-26.99
11:26:46 [ultranest] [DEBUG] iteration=1896, ncalls=4763, regioncalls=175840, ndraw=40, logz=-38.06, remainder_fraction=79.6041%, Lmin=-28.92, Lmax=-26.99
11:26:46 [ultranest] [DEBUG] iteration=1909, ncalls=4809, regioncalls=177680, ndraw=40, logz=-37.97, remainder_fraction=77.6375%, Lmin=-28.80, Lmax=-26.99
11:26:46 [ultranest] [DEBUG] iteration=1912, ncalls=4817, regioncalls=178040, ndraw=40, logz=-37.95, remainder_fraction=77.1986%, Lmin=-28.80, Lmax=-26.99
11:26:46 [ultranest] [DEBUG] iteration=1920, ncalls=4838, regioncalls=178880, ndraw=40, logz=-37.91, remainder_fraction=76.1491%, Lmin=-28.75, Lmax=-26.99
11:26:46 [ultranest] [DEBUG] iteration=1938, ncalls=4882, regioncalls=180640, ndraw=40, logz=-37.80, remainder_fraction=73.4767%, Lmin=-28.60, Lmax=-26.99
11:26:46 [ultranest] [DEBUG] iteration=1958, ncalls=4918, regioncalls=182120, ndraw=40, logz=-37.69, remainder_fraction=70.1205%, Lmin=-28.47, Lmax=-26.99
11:26:46 [ultranest] [DEBUG] iteration=1960, ncalls=4923, regioncalls=182320, ndraw=40, logz=-37.68, remainder_fraction=69.7821%, Lmin=-28.46, Lmax=-26.99
11:26:46 [ultranest] [DEBUG] iteration=1976, ncalls=4961, regioncalls=183880, ndraw=40, logz=-37.60, remainder_fraction=67.1117%, Lmin=-28.33, Lmax=-26.99
11:26:46 [ultranest] [DEBUG] iteration=1997, ncalls=5001, regioncalls=185480, ndraw=40, logz=-37.50, remainder_fraction=63.9833%, Lmin=-28.22, Lmax=-26.98
11:26:46 [ultranest] [DEBUG] iteration=2000, ncalls=5004, regioncalls=185600, ndraw=40, logz=-37.48, remainder_fraction=63.6676%, Lmin=-28.21, Lmax=-26.98
11:26:46 [ultranest] [DEBUG] iteration=2018, ncalls=5039, regioncalls=187000, ndraw=40, logz=-37.41, remainder_fraction=60.8172%, Lmin=-28.11, Lmax=-26.98
11:26:46 [ultranest] [DEBUG] iteration=2039, ncalls=5079, regioncalls=188600, ndraw=40, logz=-37.32, remainder_fraction=57.3076%, Lmin=-28.02, Lmax=-26.98
11:26:46 [ultranest] [DEBUG] iteration=2040, ncalls=5080, regioncalls=188640, ndraw=40, logz=-37.32, remainder_fraction=57.0990%, Lmin=-28.01, Lmax=-26.98
11:26:47 [ultranest] [DEBUG] iteration=2050, ncalls=5096, regioncalls=189400, ndraw=40, logz=-37.28, remainder_fraction=55.4618%, Lmin=-27.98, Lmax=-26.96
11:26:47 [ultranest] [DEBUG] iteration=2067, ncalls=5133, regioncalls=190880, ndraw=40, logz=-37.22, remainder_fraction=52.5702%, Lmin=-27.92, Lmax=-26.96
11:26:47 [ultranest] [DEBUG] iteration=2080, ncalls=5162, regioncalls=192040, ndraw=40, logz=-37.18, remainder_fraction=50.7145%, Lmin=-27.87, Lmax=-26.96
11:26:47 [ultranest] [DEBUG] iteration=2096, ncalls=5198, regioncalls=193560, ndraw=40, logz=-37.13, remainder_fraction=48.3845%, Lmin=-27.79, Lmax=-26.95
11:26:47 [ultranest] [DEBUG] iteration=2115, ncalls=5231, regioncalls=194880, ndraw=40, logz=-37.07, remainder_fraction=45.5861%, Lmin=-27.71, Lmax=-26.95
11:26:47 [ultranest] [DEBUG] iteration=2120, ncalls=5241, regioncalls=195280, ndraw=40, logz=-37.06, remainder_fraction=44.8688%, Lmin=-27.69, Lmax=-26.95
11:26:47 [ultranest] [DEBUG] iteration=2140, ncalls=5280, regioncalls=196840, ndraw=40, logz=-37.01, remainder_fraction=41.6769%, Lmin=-27.63, Lmax=-26.95
11:26:47 [ultranest] [DEBUG] iteration=2160, ncalls=5312, regioncalls=198120, ndraw=40, logz=-36.96, remainder_fraction=38.7099%, Lmin=-27.59, Lmax=-26.95
11:26:47 [ultranest] [DEBUG] iteration=2180, ncalls=5354, regioncalls=199800, ndraw=40, logz=-36.92, remainder_fraction=35.8992%, Lmin=-27.57, Lmax=-26.95
11:26:47 [ultranest] [DEBUG] iteration=2199, ncalls=5388, regioncalls=201160, ndraw=40, logz=-36.88, remainder_fraction=33.5604%, Lmin=-27.51, Lmax=-26.95
11:26:47 [ultranest] [DEBUG] iteration=2200, ncalls=5389, regioncalls=201200, ndraw=40, logz=-36.88, remainder_fraction=33.4105%, Lmin=-27.50, Lmax=-26.95
11:26:47 [ultranest] [DEBUG] iteration=2220, ncalls=5428, regioncalls=202760, ndraw=40, logz=-36.84, remainder_fraction=30.8429%, Lmin=-27.47, Lmax=-26.95
11:26:48 [ultranest] [DEBUG] iteration=2234, ncalls=5459, regioncalls=204040, ndraw=40, logz=-36.82, remainder_fraction=29.2537%, Lmin=-27.44, Lmax=-26.95
11:26:48 [ultranest] [DEBUG] iteration=2240, ncalls=5470, regioncalls=204480, ndraw=40, logz=-36.81, remainder_fraction=28.5950%, Lmin=-27.43, Lmax=-26.95
11:26:48 [ultranest] [DEBUG] iteration=2258, ncalls=5507, regioncalls=205960, ndraw=40, logz=-36.78, remainder_fraction=26.6415%, Lmin=-27.40, Lmax=-26.95
11:26:48 [ultranest] [DEBUG] iteration=2274, ncalls=5559, regioncalls=208040, ndraw=40, logz=-36.76, remainder_fraction=24.9366%, Lmin=-27.36, Lmax=-26.95
11:26:48 [ultranest] [DEBUG] iteration=2280, ncalls=5574, regioncalls=208680, ndraw=40, logz=-36.75, remainder_fraction=24.3522%, Lmin=-27.36, Lmax=-26.95
11:26:48 [ultranest] [DEBUG] iteration=2294, ncalls=5615, regioncalls=210400, ndraw=40, logz=-36.73, remainder_fraction=23.0525%, Lmin=-27.34, Lmax=-26.95
11:26:48 [ultranest] [DEBUG] iteration=2313, ncalls=5657, regioncalls=212080, ndraw=40, logz=-36.71, remainder_fraction=21.3272%, Lmin=-27.31, Lmax=-26.95
11:26:48 [ultranest] [DEBUG] iteration=2320, ncalls=5668, regioncalls=212520, ndraw=40, logz=-36.70, remainder_fraction=20.6964%, Lmin=-27.29, Lmax=-26.95
11:26:48 [ultranest] [DEBUG] iteration=2326, ncalls=5679, regioncalls=213000, ndraw=40, logz=-36.70, remainder_fraction=20.1865%, Lmin=-27.29, Lmax=-26.93
11:26:48 [ultranest] [DEBUG] iteration=2344, ncalls=5718, regioncalls=214560, ndraw=40, logz=-36.68, remainder_fraction=18.7249%, Lmin=-27.26, Lmax=-26.93
11:26:48 [ultranest] [DEBUG] iteration=2360, ncalls=5749, regioncalls=215800, ndraw=40, logz=-36.66, remainder_fraction=17.5425%, Lmin=-27.25, Lmax=-26.93
11:26:48 [ultranest] [DEBUG] iteration=2372, ncalls=5781, regioncalls=217160, ndraw=40, logz=-36.65, remainder_fraction=16.6813%, Lmin=-27.23, Lmax=-26.93
11:26:48 [ultranest] [DEBUG] iteration=2390, ncalls=5819, regioncalls=218680, ndraw=40, logz=-36.64, remainder_fraction=15.4109%, Lmin=-27.21, Lmax=-26.93
11:26:49 [ultranest] [DEBUG] iteration=2400, ncalls=5839, regioncalls=219480, ndraw=40, logz=-36.63, remainder_fraction=14.7794%, Lmin=-27.20, Lmax=-26.93
11:26:49 [ultranest] [DEBUG] iteration=2414, ncalls=5885, regioncalls=221320, ndraw=40, logz=-36.62, remainder_fraction=13.9060%, Lmin=-27.19, Lmax=-26.93
11:26:49 [ultranest] [DEBUG] iteration=2418, ncalls=5892, regioncalls=221720, ndraw=40, logz=-36.62, remainder_fraction=13.6637%, Lmin=-27.19, Lmax=-26.93
11:26:49 [ultranest] [DEBUG] iteration=2440, ncalls=5925, regioncalls=223040, ndraw=40, logz=-36.60, remainder_fraction=12.4028%, Lmin=-27.17, Lmax=-26.93
11:26:49 [ultranest] [DEBUG] iteration=2462, ncalls=5959, regioncalls=224400, ndraw=40, logz=-36.59, remainder_fraction=11.2537%, Lmin=-27.15, Lmax=-26.93
11:26:49 [ultranest] [DEBUG] iteration=2464, ncalls=5963, regioncalls=224640, ndraw=40, logz=-36.59, remainder_fraction=11.1565%, Lmin=-27.14, Lmax=-26.93
11:26:49 [ultranest] [DEBUG] iteration=2480, ncalls=6004, regioncalls=226280, ndraw=40, logz=-36.58, remainder_fraction=10.3827%, Lmin=-27.14, Lmax=-26.93
11:26:49 [ultranest] [DEBUG] iteration=2494, ncalls=6051, regioncalls=228160, ndraw=40, logz=-36.57, remainder_fraction=9.7604%, Lmin=-27.12, Lmax=-26.93
11:26:49 [ultranest] [DEBUG] iteration=2510, ncalls=6090, regioncalls=229760, ndraw=40, logz=-36.57, remainder_fraction=9.0793%, Lmin=-27.11, Lmax=-26.93
11:26:49 [ultranest] [DEBUG] iteration=2520, ncalls=6105, regioncalls=230360, ndraw=40, logz=-36.56, remainder_fraction=8.6792%, Lmin=-27.11, Lmax=-26.93
11:26:49 [ultranest] [DEBUG] iteration=2537, ncalls=6143, regioncalls=231880, ndraw=40, logz=-36.55, remainder_fraction=8.0333%, Lmin=-27.10, Lmax=-26.93
11:26:49 [ultranest] [DEBUG] iteration=2556, ncalls=6177, regioncalls=233280, ndraw=40, logz=-36.55, remainder_fraction=7.3624%, Lmin=-27.08, Lmax=-26.93
11:26:49 [ultranest] [DEBUG] iteration=2560, ncalls=6189, regioncalls=233760, ndraw=40, logz=-36.55, remainder_fraction=7.2323%, Lmin=-27.08, Lmax=-26.93
11:26:50 [ultranest] [DEBUG] iteration=2576, ncalls=6229, regioncalls=235360, ndraw=40, logz=-36.54, remainder_fraction=6.7160%, Lmin=-27.07, Lmax=-26.93
11:26:50 [ultranest] [DEBUG] iteration=2594, ncalls=6271, regioncalls=237040, ndraw=40, logz=-36.53, remainder_fraction=6.1811%, Lmin=-27.07, Lmax=-26.93
11:26:50 [ultranest] [DEBUG] iteration=2600, ncalls=6280, regioncalls=237400, ndraw=40, logz=-36.53, remainder_fraction=6.0085%, Lmin=-27.06, Lmax=-26.93
11:26:50 [ultranest] [DEBUG] iteration=2602, ncalls=6284, regioncalls=237600, ndraw=40, logz=-36.53, remainder_fraction=5.9517%, Lmin=-27.06, Lmax=-26.93
11:26:50 [ultranest] [DEBUG] iteration=2617, ncalls=6322, regioncalls=239200, ndraw=40, logz=-36.53, remainder_fraction=5.5502%, Lmin=-27.06, Lmax=-26.93
11:26:50 [ultranest] [DEBUG] iteration=2639, ncalls=6360, regioncalls=240720, ndraw=40, logz=-36.52, remainder_fraction=5.0118%, Lmin=-27.05, Lmax=-26.93
11:26:50 [ultranest] [DEBUG] iteration=2640, ncalls=6361, regioncalls=240760, ndraw=40, logz=-36.52, remainder_fraction=4.9898%, Lmin=-27.05, Lmax=-26.93
11:26:50 [ultranest] [DEBUG] iteration=2648, ncalls=6373, regioncalls=241320, ndraw=40, logz=-36.52, remainder_fraction=4.8108%, Lmin=-27.05, Lmax=-26.93
11:26:50 [ultranest] [DEBUG] iteration=2667, ncalls=6412, regioncalls=242880, ndraw=40, logz=-36.52, remainder_fraction=4.4030%, Lmin=-27.04, Lmax=-26.93
11:26:50 [ultranest] [DEBUG] iteration=2680, ncalls=6440, regioncalls=244000, ndraw=40, logz=-36.51, remainder_fraction=4.1415%, Lmin=-27.04, Lmax=-26.93
11:26:50 [ultranest] [DEBUG] iteration=2697, ncalls=6477, regioncalls=245480, ndraw=40, logz=-36.51, remainder_fraction=3.8300%, Lmin=-27.03, Lmax=-26.93
11:26:50 [ultranest] [INFO] Explored until L=-3e+01  
11:26:50 [ultranest] [INFO] Likelihood function evaluations: 6497
11:26:51 [ultranest] [INFO] Writing samples and results to disk ...
11:26:51 [ultranest] [INFO] Writing samples and results to disk ... done
11:26:51 [ultranest] [DEBUG] did a run_iter pass!
11:26:51 [ultranest] [INFO]   logZ = -36.5 +- 0.1528
11:26:51 [ultranest] [INFO] Effective samples strategy satisfied (ESS = 894.4, need >400)
11:26:51 [ultranest] [INFO] Posterior uncertainty strategy is satisfied (KL: 0.46+-0.08 nat, need <0.50 nat)
11:26:51 [ultranest] [INFO] Evidency uncertainty strategy is satisfied (dlogz=0.16, need <0.5)
11:26:51 [ultranest] [INFO]   logZ error budget: single: 0.20 bs:0.15 tail:0.04 total:0.16 required:<0.50
11:26:51 [ultranest] [INFO] done iterating.
11:26:51 [ultranest] [DEBUG] Making corner plot ...
11:26:58 [ultranest] [DEBUG] Making corner plot ... done
11:26:58 [ultranest] [DEBUG] Making run plot ... 
11:26:59 [ultranest] [DEBUG] Making run plot ... done
11:26:59 [ultranest] [DEBUG] Making trace plot ... 
11:27:00 [ultranest] [DEBUG] Making trace plot ... done
