09:40:32 [ultranest] [DEBUG] ReactiveNestedSampler: dims=3+0, resume=True, log_dir=/home/orion51/Desktop/Research/spectral_fitting/FGL_spectral_fitting/Individual_sources/2CXOJ125746.6+273137/powerlaw_out_, backend=hdf5, vectorized=False, nbootstraps=30, ndraw=128..65536
09:40:32 [ultranest] [INFO] Sampling 400 live points from prior ...
09:40:33 [ultranest] [DEBUG] run_iter dlogz=0.5, dKL=0.5, frac_remain=0.01, Lepsilon=0.1000, min_ess=400
09:40:33 [ultranest] [DEBUG] max_iters=-1, max_ncalls=-1, max_num_improvement_loops=-1, min_num_live_points=400, cluster_num_live_points=40
09:40:33 [ultranest] [DEBUG] minimal_widths_sequence: [(-inf, 400.0), (inf, 400.0)]
09:40:33 [ultranest] [DEBUG] iteration=0, ncalls=401, regioncalls=40, ndraw=40, logz=-inf, remainder_fraction=100.0000%, Lmin=-218805545912.93, Lmax=-9.42
09:40:33 [ultranest] [DEBUG] iteration=26, ncalls=428, regioncalls=1120, ndraw=40, logz=-757120568.97, remainder_fraction=100.0000%, Lmin=-751606690.44, Lmax=-9.42
09:40:33 [ultranest] [DEBUG] iteration=40, ncalls=443, regioncalls=1720, ndraw=40, logz=-205023773.89, remainder_fraction=100.0000%, Lmin=-186640299.20, Lmax=-9.42
09:40:33 [ultranest] [DEBUG] iteration=70, ncalls=477, regioncalls=3080, ndraw=40, logz=-15646346.58, remainder_fraction=100.0000%, Lmin=-14862012.19, Lmax=-9.42
09:40:33 [ultranest] [DEBUG] iteration=80, ncalls=489, regioncalls=3560, ndraw=40, logz=-5836600.82, remainder_fraction=100.0000%, Lmin=-5757822.75, Lmax=-9.42
09:40:33 [ultranest] [DEBUG] iteration=90, ncalls=499, regioncalls=3960, ndraw=40, logz=-2813810.63, remainder_fraction=100.0000%, Lmin=-2647652.02, Lmax=-9.42
09:40:33 [ultranest] [DEBUG] iteration=114, ncalls=528, regioncalls=5120, ndraw=40, logz=-520594.60, remainder_fraction=100.0000%, Lmin=-506315.59, Lmax=-9.42
09:40:33 [ultranest] [DEBUG] iteration=120, ncalls=534, regioncalls=5360, ndraw=40, logz=-412561.47, remainder_fraction=100.0000%, Lmin=-394612.02, Lmax=-9.42
09:40:33 [ultranest] [DEBUG] iteration=150, ncalls=570, regioncalls=6800, ndraw=40, logz=-86289.17, remainder_fraction=100.0000%, Lmin=-80443.91, Lmax=-9.42
09:40:33 [ultranest] [DEBUG] iteration=160, ncalls=583, regioncalls=7320, ndraw=40, logz=-45234.76, remainder_fraction=100.0000%, Lmin=-43788.87, Lmax=-9.42
09:40:33 [ultranest] [DEBUG] iteration=180, ncalls=608, regioncalls=8320, ndraw=40, logz=-14523.84, remainder_fraction=100.0000%, Lmin=-12069.93, Lmax=-9.42
09:40:33 [ultranest] [DEBUG] iteration=200, ncalls=632, regioncalls=9280, ndraw=40, logz=-3979.76, remainder_fraction=100.0000%, Lmin=-3251.00, Lmax=-9.42
09:40:33 [ultranest] [DEBUG] iteration=228, ncalls=667, regioncalls=10680, ndraw=40, logz=-898.74, remainder_fraction=100.0000%, Lmin=-876.99, Lmax=-9.42
09:40:33 [ultranest] [DEBUG] iteration=240, ncalls=682, regioncalls=11280, ndraw=40, logz=-629.20, remainder_fraction=100.0000%, Lmin=-612.98, Lmax=-5.44
09:40:34 [ultranest] [DEBUG] iteration=266, ncalls=724, regioncalls=12960, ndraw=40, logz=-218.50, remainder_fraction=100.0000%, Lmin=-198.12, Lmax=-5.44
09:40:34 [ultranest] [DEBUG] iteration=280, ncalls=746, regioncalls=13840, ndraw=40, logz=-138.70, remainder_fraction=100.0000%, Lmin=-129.57, Lmax=-5.44
09:40:34 [ultranest] [DEBUG] iteration=302, ncalls=787, regioncalls=15480, ndraw=40, logz=-110.38, remainder_fraction=100.0000%, Lmin=-104.71, Lmax=-5.44
09:40:34 [ultranest] [DEBUG] Plateau detected at L=-1.044486e+02, not replacing live point.
09:40:34 [ultranest] [DEBUG] Plateau detected at L=-1.044486e+02, not replacing live point.
09:40:34 [ultranest] [DEBUG] Plateau detected at L=-1.044486e+02, not replacing live point.
09:40:34 [ultranest] [DEBUG] Plateau detected at L=-1.044486e+02, not replacing live point.
09:40:34 [ultranest] [DEBUG] Plateau detected at L=-1.044486e+02, not replacing live point.
09:40:34 [ultranest] [DEBUG] Plateau detected at L=-1.044486e+02, not replacing live point.
09:40:34 [ultranest] [DEBUG] Plateau detected at L=-1.044486e+02, not replacing live point.
09:40:34 [ultranest] [DEBUG] Plateau detected at L=-1.044486e+02, not replacing live point.
09:40:34 [ultranest] [DEBUG] Plateau detected at L=-1.044486e+02, not replacing live point.
09:40:34 [ultranest] [DEBUG] Plateau detected at L=-1.044486e+02, not replacing live point.
09:40:34 [ultranest] [DEBUG] Plateau detected at L=-1.044486e+02, not replacing live point.
09:40:34 [ultranest] [DEBUG] Plateau detected at L=-1.044486e+02, not replacing live point.
09:40:34 [ultranest] [DEBUG] Plateau detected at L=-1.044486e+02, not replacing live point.
09:40:34 [ultranest] [DEBUG] Plateau detected at L=-1.044486e+02, not replacing live point.
09:40:34 [ultranest] [DEBUG] Plateau detected at L=-1.044486e+02, not replacing live point.
09:40:34 [ultranest] [DEBUG] Plateau detected at L=-1.044486e+02, not replacing live point.
09:40:34 [ultranest] [DEBUG] Plateau detected at L=-1.044486e+02, not replacing live point.
09:40:34 [ultranest] [DEBUG] Plateau detected at L=-1.044486e+02, not replacing live point.
09:40:34 [ultranest] [DEBUG] Plateau detected at L=-1.044486e+02, not replacing live point.
09:40:34 [ultranest] [DEBUG] Plateau detected at L=-1.044486e+02, not replacing live point.
09:40:34 [ultranest] [DEBUG] Plateau detected at L=-1.044486e+02, not replacing live point.
09:40:34 [ultranest] [DEBUG] Plateau detected at L=-1.044486e+02, not replacing live point.
09:40:34 [ultranest] [DEBUG] Plateau detected at L=-1.044486e+02, not replacing live point.
09:40:34 [ultranest] [DEBUG] Plateau detected at L=-1.044486e+02, not replacing live point.
09:40:34 [ultranest] [DEBUG] Plateau detected at L=-1.044486e+02, not replacing live point.
09:40:34 [ultranest] [DEBUG] Plateau detected at L=-1.044486e+02, not replacing live point.
09:40:34 [ultranest] [DEBUG] Plateau detected at L=-1.044486e+02, not replacing live point.
09:40:34 [ultranest] [DEBUG] Plateau detected at L=-1.044486e+02, not replacing live point.
09:40:34 [ultranest] [DEBUG] Plateau detected at L=-1.044486e+02, not replacing live point.
09:40:34 [ultranest] [DEBUG] Plateau detected at L=-1.044486e+02, not replacing live point.
09:40:34 [ultranest] [DEBUG] Plateau detected at L=-1.044486e+02, not replacing live point.
09:40:34 [ultranest] [DEBUG] Plateau detected at L=-1.044486e+02, not replacing live point.
09:40:34 [ultranest] [DEBUG] Plateau detected at L=-1.044486e+02, not replacing live point.
09:40:34 [ultranest] [DEBUG] Plateau detected at L=-1.044486e+02, not replacing live point.
09:40:34 [ultranest] [DEBUG] Plateau detected at L=-1.044486e+02, not replacing live point.
09:40:34 [ultranest] [DEBUG] Plateau detected at L=-1.044486e+02, not replacing live point.
09:40:34 [ultranest] [DEBUG] Plateau detected at L=-1.044486e+02, not replacing live point.
09:40:34 [ultranest] [DEBUG] Plateau detected at L=-1.044486e+02, not replacing live point.
09:40:34 [ultranest] [DEBUG] Plateau detected at L=-1.044486e+02, not replacing live point.
09:40:34 [ultranest] [DEBUG] Plateau detected at L=-1.044486e+02, not replacing live point.
09:40:34 [ultranest] [DEBUG] Plateau detected at L=-1.044486e+02, not replacing live point.
09:40:34 [ultranest] [DEBUG] Plateau detected at L=-1.044486e+02, not replacing live point.
09:40:34 [ultranest] [DEBUG] Plateau detected at L=-1.044486e+02, not replacing live point.
09:40:34 [ultranest] [DEBUG] Plateau detected at L=-1.044486e+02, not replacing live point.
09:40:34 [ultranest] [DEBUG] Plateau detected at L=-1.044486e+02, not replacing live point.
09:40:34 [ultranest] [DEBUG] Plateau detected at L=-1.044486e+02, not replacing live point.
09:40:34 [ultranest] [DEBUG] Plateau detected at L=-1.044486e+02, not replacing live point.
09:40:34 [ultranest] [DEBUG] Plateau detected at L=-1.044486e+02, not replacing live point.
09:40:34 [ultranest] [DEBUG] Plateau detected at L=-1.044486e+02, not replacing live point.
09:40:34 [ultranest] [DEBUG] Plateau detected at L=-1.044486e+02, not replacing live point.
09:40:34 [ultranest] [DEBUG] Plateau detected at L=-1.044486e+02, not replacing live point.
09:40:34 [ultranest] [DEBUG] Plateau detected at L=-1.044486e+02, not replacing live point.
09:40:34 [ultranest] [DEBUG] Plateau detected at L=-1.044486e+02, not replacing live point.
09:40:34 [ultranest] [DEBUG] Plateau detected at L=-1.044486e+02, not replacing live point.
09:40:34 [ultranest] [DEBUG] Plateau detected at L=-1.044486e+02, not replacing live point.
09:40:34 [ultranest] [DEBUG] Plateau detected at L=-1.044486e+02, not replacing live point.
09:40:34 [ultranest] [DEBUG] Plateau detected at L=-1.044486e+02, not replacing live point.
09:40:34 [ultranest] [DEBUG] iteration=360, ncalls=788, regioncalls=15520, ndraw=40, logz=-107.10, remainder_fraction=100.0000%, Lmin=-104.45, Lmax=-5.44
09:40:34 [ultranest] [DEBUG] Plateau detected at L=-1.044486e+02, not replacing live point.
09:40:34 [ultranest] [DEBUG] iteration=363, ncalls=793, regioncalls=15720, ndraw=40, logz=-107.05, remainder_fraction=100.0000%, Lmin=-104.45, Lmax=-5.44
09:40:34 [ultranest] [DEBUG] Plateau detected at L=-1.044486e+02, not replacing live point.
09:40:34 [ultranest] [DEBUG] iteration=369, ncalls=808, regioncalls=16320, ndraw=40, logz=-106.96, remainder_fraction=100.0000%, Lmin=-104.45, Lmax=-5.44
09:40:34 [ultranest] [DEBUG] iteration=390, ncalls=842, regioncalls=17680, ndraw=40, logz=-106.71, remainder_fraction=100.0000%, Lmin=-104.45, Lmax=-5.44
09:40:34 [ultranest] [DEBUG] iteration=400, ncalls=865, regioncalls=18600, ndraw=40, logz=-106.61, remainder_fraction=100.0000%, Lmin=-104.45, Lmax=-5.44
09:40:34 [ultranest] [DEBUG] iteration=421, ncalls=912, regioncalls=20480, ndraw=40, logz=-106.44, remainder_fraction=100.0000%, Lmin=-104.45, Lmax=-5.44
09:40:34 [ultranest] [DEBUG] iteration=439, ncalls=959, regioncalls=22360, ndraw=40, logz=-106.32, remainder_fraction=100.0000%, Lmin=-104.45, Lmax=-5.44
09:40:34 [ultranest] [DEBUG] iteration=440, ncalls=961, regioncalls=22440, ndraw=40, logz=-106.32, remainder_fraction=100.0000%, Lmin=-104.45, Lmax=-5.44
09:40:34 [ultranest] [DEBUG] iteration=458, ncalls=999, regioncalls=23960, ndraw=40, logz=-106.22, remainder_fraction=100.0000%, Lmin=-104.45, Lmax=-5.44
09:40:34 [ultranest] [DEBUG] iteration=473, ncalls=1045, regioncalls=25800, ndraw=40, logz=-106.14, remainder_fraction=100.0000%, Lmin=-104.45, Lmax=-5.44
09:40:34 [ultranest] [DEBUG] iteration=480, ncalls=1058, regioncalls=26320, ndraw=40, logz=-106.11, remainder_fraction=100.0000%, Lmin=-104.45, Lmax=-5.44
09:40:35 [ultranest] [DEBUG] iteration=503, ncalls=1104, regioncalls=28160, ndraw=40, logz=-106.02, remainder_fraction=100.0000%, Lmin=-104.43, Lmax=-5.44
09:40:35 [ultranest] [DEBUG] iteration=520, ncalls=1151, regioncalls=30040, ndraw=40, logz=-105.95, remainder_fraction=100.0000%, Lmin=-104.35, Lmax=-5.44
09:40:35 [ultranest] [DEBUG] iteration=534, ncalls=1188, regioncalls=31520, ndraw=40, logz=-105.90, remainder_fraction=100.0000%, Lmin=-104.23, Lmax=-5.44
09:40:35 [ultranest] [DEBUG] iteration=550, ncalls=1236, regioncalls=33440, ndraw=40, logz=-105.84, remainder_fraction=100.0000%, Lmin=-104.01, Lmax=-5.44
09:40:35 [ultranest] [DEBUG] iteration=560, ncalls=1275, regioncalls=35000, ndraw=40, logz=-105.80, remainder_fraction=100.0000%, Lmin=-103.85, Lmax=-5.44
09:40:35 [ultranest] [DEBUG] iteration=576, ncalls=1323, regioncalls=36920, ndraw=40, logz=-105.72, remainder_fraction=100.0000%, Lmin=-103.45, Lmax=-5.44
09:40:35 [ultranest] [DEBUG] iteration=590, ncalls=1366, regioncalls=38640, ndraw=40, logz=-105.62, remainder_fraction=100.0000%, Lmin=-102.74, Lmax=-5.44
09:40:35 [ultranest] [DEBUG] iteration=600, ncalls=1401, regioncalls=40040, ndraw=40, logz=-105.51, remainder_fraction=100.0000%, Lmin=-102.58, Lmax=-5.44
09:40:35 [ultranest] [DEBUG] iteration=613, ncalls=1444, regioncalls=41760, ndraw=40, logz=-105.33, remainder_fraction=100.0000%, Lmin=-102.05, Lmax=-5.44
09:40:35 [ultranest] [DEBUG] iteration=628, ncalls=1492, regioncalls=43680, ndraw=40, logz=-105.05, remainder_fraction=100.0000%, Lmin=-101.41, Lmax=-5.44
09:40:36 [ultranest] [DEBUG] iteration=640, ncalls=1519, regioncalls=44760, ndraw=40, logz=-104.81, remainder_fraction=100.0000%, Lmin=-101.10, Lmax=-5.44
09:40:36 [ultranest] [DEBUG] iteration=653, ncalls=1569, regioncalls=46760, ndraw=40, logz=-104.53, remainder_fraction=100.0000%, Lmin=-100.69, Lmax=-5.44
09:40:36 [ultranest] [DEBUG] iteration=669, ncalls=1620, regioncalls=48800, ndraw=40, logz=-104.17, remainder_fraction=100.0000%, Lmin=-100.24, Lmax=-5.44
09:40:36 [ultranest] [DEBUG] iteration=680, ncalls=1659, regioncalls=50360, ndraw=40, logz=-103.88, remainder_fraction=100.0000%, Lmin=-99.82, Lmax=-5.44
09:40:36 [ultranest] [DEBUG] iteration=693, ncalls=1703, regioncalls=52120, ndraw=40, logz=-103.49, remainder_fraction=100.0000%, Lmin=-99.09, Lmax=-5.44
09:40:36 [ultranest] [DEBUG] iteration=706, ncalls=1752, regioncalls=54080, ndraw=40, logz=-102.89, remainder_fraction=100.0000%, Lmin=-97.93, Lmax=-5.44
09:40:36 [ultranest] [DEBUG] iteration=720, ncalls=1791, regioncalls=55640, ndraw=40, logz=-101.79, remainder_fraction=100.0000%, Lmin=-96.48, Lmax=-5.44
09:40:36 [ultranest] [DEBUG] iteration=736, ncalls=1842, regioncalls=57680, ndraw=40, logz=-100.70, remainder_fraction=100.0000%, Lmin=-95.41, Lmax=-5.44
09:40:36 [ultranest] [DEBUG] iteration=749, ncalls=1892, regioncalls=59680, ndraw=40, logz=-99.44, remainder_fraction=100.0000%, Lmin=-93.45, Lmax=-5.44
09:40:36 [ultranest] [DEBUG] iteration=760, ncalls=1927, regioncalls=61080, ndraw=40, logz=-98.04, remainder_fraction=100.0000%, Lmin=-92.18, Lmax=-5.44
09:40:37 [ultranest] [DEBUG] iteration=776, ncalls=1967, regioncalls=62680, ndraw=40, logz=-96.34, remainder_fraction=100.0000%, Lmin=-90.75, Lmax=-5.44
09:40:37 [ultranest] [DEBUG] iteration=787, ncalls=2030, regioncalls=65200, ndraw=40, logz=-95.28, remainder_fraction=100.0000%, Lmin=-89.53, Lmax=-5.44
09:40:37 [ultranest] [DEBUG] iteration=798, ncalls=2088, regioncalls=67520, ndraw=40, logz=-94.42, remainder_fraction=100.0000%, Lmin=-89.03, Lmax=-5.44
09:40:37 [ultranest] [DEBUG] iteration=800, ncalls=2090, regioncalls=67600, ndraw=40, logz=-94.29, remainder_fraction=100.0000%, Lmin=-88.78, Lmax=-5.44
09:40:37 [ultranest] [DEBUG] iteration=808, ncalls=2143, regioncalls=69720, ndraw=40, logz=-93.67, remainder_fraction=100.0000%, Lmin=-88.09, Lmax=-5.44
09:40:37 [ultranest] [DEBUG] iteration=823, ncalls=2193, regioncalls=71720, ndraw=40, logz=-92.38, remainder_fraction=100.0000%, Lmin=-86.79, Lmax=-5.44
09:40:37 [ultranest] [DEBUG] iteration=831, ncalls=2232, regioncalls=73280, ndraw=40, logz=-91.81, remainder_fraction=100.0000%, Lmin=-86.42, Lmax=-5.44
09:40:37 [ultranest] [DEBUG] iteration=837, ncalls=2278, regioncalls=75120, ndraw=40, logz=-91.46, remainder_fraction=100.0000%, Lmin=-86.20, Lmax=-5.44
09:40:37 [ultranest] [DEBUG] iteration=840, ncalls=2282, regioncalls=75280, ndraw=40, logz=-91.31, remainder_fraction=100.0000%, Lmin=-86.14, Lmax=-5.44
09:40:37 [ultranest] [DEBUG] iteration=850, ncalls=2326, regioncalls=77040, ndraw=40, logz=-90.48, remainder_fraction=100.0000%, Lmin=-84.52, Lmax=-5.44
09:40:37 [ultranest] [DEBUG] iteration=864, ncalls=2367, regioncalls=78680, ndraw=40, logz=-89.17, remainder_fraction=100.0000%, Lmin=-83.26, Lmax=-5.44
09:40:37 [ultranest] [DEBUG] iteration=876, ncalls=2418, regioncalls=80720, ndraw=40, logz=-88.08, remainder_fraction=100.0000%, Lmin=-82.28, Lmax=-5.44
09:40:38 [ultranest] [DEBUG] iteration=880, ncalls=2427, regioncalls=81080, ndraw=40, logz=-87.71, remainder_fraction=100.0000%, Lmin=-81.71, Lmax=-5.44
09:40:38 [ultranest] [DEBUG] iteration=895, ncalls=2476, regioncalls=83040, ndraw=40, logz=-86.31, remainder_fraction=100.0000%, Lmin=-80.29, Lmax=-5.44
09:40:38 [ultranest] [DEBUG] iteration=908, ncalls=2515, regioncalls=84600, ndraw=40, logz=-85.19, remainder_fraction=100.0000%, Lmin=-79.20, Lmax=-5.44
09:40:38 [ultranest] [DEBUG] iteration=920, ncalls=2547, regioncalls=85880, ndraw=40, logz=-84.17, remainder_fraction=100.0000%, Lmin=-78.23, Lmax=-5.44
09:40:38 [ultranest] [DEBUG] iteration=938, ncalls=2600, regioncalls=88000, ndraw=40, logz=-82.16, remainder_fraction=100.0000%, Lmin=-75.88, Lmax=-5.44
09:40:38 [ultranest] [DEBUG] iteration=958, ncalls=2652, regioncalls=90080, ndraw=40, logz=-80.19, remainder_fraction=100.0000%, Lmin=-74.05, Lmax=-5.44
09:40:38 [ultranest] [DEBUG] iteration=960, ncalls=2672, regioncalls=90880, ndraw=40, logz=-79.99, remainder_fraction=100.0000%, Lmin=-73.70, Lmax=-5.44
09:40:38 [ultranest] [DEBUG] iteration=977, ncalls=2724, regioncalls=92960, ndraw=40, logz=-78.39, remainder_fraction=100.0000%, Lmin=-72.14, Lmax=-5.44
09:40:38 [ultranest] [DEBUG] iteration=985, ncalls=2743, regioncalls=93720, ndraw=40, logz=-77.59, remainder_fraction=100.0000%, Lmin=-71.51, Lmax=-5.44
09:40:38 [ultranest] [DEBUG] iteration=999, ncalls=2785, regioncalls=95400, ndraw=40, logz=-76.11, remainder_fraction=100.0000%, Lmin=-69.76, Lmax=-5.44
09:40:38 [ultranest] [DEBUG] iteration=1000, ncalls=2787, regioncalls=95480, ndraw=40, logz=-76.02, remainder_fraction=100.0000%, Lmin=-69.70, Lmax=-5.44
09:40:38 [ultranest] [DEBUG] iteration=1022, ncalls=2831, regioncalls=97240, ndraw=40, logz=-73.53, remainder_fraction=100.0000%, Lmin=-67.08, Lmax=-5.44
09:40:39 [ultranest] [DEBUG] iteration=1040, ncalls=2876, regioncalls=99040, ndraw=40, logz=-71.22, remainder_fraction=100.0000%, Lmin=-64.60, Lmax=-5.44
09:40:39 [ultranest] [DEBUG] iteration=1058, ncalls=2927, regioncalls=101080, ndraw=40, logz=-68.88, remainder_fraction=100.0000%, Lmin=-62.19, Lmax=-5.44
09:40:39 [ultranest] [DEBUG] iteration=1069, ncalls=2974, regioncalls=102960, ndraw=40, logz=-67.61, remainder_fraction=100.0000%, Lmin=-60.77, Lmax=-5.44
09:40:39 [ultranest] [DEBUG] iteration=1080, ncalls=3002, regioncalls=104080, ndraw=40, logz=-66.38, remainder_fraction=100.0000%, Lmin=-59.92, Lmax=-4.83
09:40:39 [ultranest] [DEBUG] iteration=1098, ncalls=3050, regioncalls=106000, ndraw=40, logz=-64.38, remainder_fraction=100.0000%, Lmin=-57.63, Lmax=-4.83
09:40:39 [ultranest] [DEBUG] iteration=1111, ncalls=3096, regioncalls=107840, ndraw=40, logz=-63.00, remainder_fraction=100.0000%, Lmin=-56.16, Lmax=-4.83
09:40:39 [ultranest] [DEBUG] iteration=1120, ncalls=3129, regioncalls=109200, ndraw=40, logz=-62.14, remainder_fraction=100.0000%, Lmin=-55.55, Lmax=-4.07
09:40:39 [ultranest] [DEBUG] iteration=1139, ncalls=3172, regioncalls=110920, ndraw=40, logz=-60.63, remainder_fraction=100.0000%, Lmin=-54.15, Lmax=-4.07
09:40:39 [ultranest] [DEBUG] iteration=1149, ncalls=3220, regioncalls=112880, ndraw=40, logz=-59.79, remainder_fraction=100.0000%, Lmin=-53.23, Lmax=-4.07
09:40:39 [ultranest] [DEBUG] iteration=1160, ncalls=3252, regioncalls=114160, ndraw=40, logz=-58.94, remainder_fraction=100.0000%, Lmin=-52.40, Lmax=-4.07
09:40:39 [ultranest] [DEBUG] iteration=1173, ncalls=3301, regioncalls=116160, ndraw=40, logz=-57.95, remainder_fraction=100.0000%, Lmin=-51.38, Lmax=-4.07
09:40:40 [ultranest] [DEBUG] iteration=1191, ncalls=3352, regioncalls=118200, ndraw=40, logz=-56.35, remainder_fraction=100.0000%, Lmin=-49.39, Lmax=-4.07
09:40:40 [ultranest] [DEBUG] iteration=1200, ncalls=3395, regioncalls=119920, ndraw=40, logz=-55.49, remainder_fraction=100.0000%, Lmin=-48.67, Lmax=-3.56
09:40:40 [ultranest] [DEBUG] iteration=1216, ncalls=3440, regioncalls=121720, ndraw=40, logz=-54.05, remainder_fraction=100.0000%, Lmin=-47.14, Lmax=-3.56
09:40:40 [ultranest] [DEBUG] iteration=1229, ncalls=3483, regioncalls=123440, ndraw=40, logz=-53.09, remainder_fraction=100.0000%, Lmin=-46.51, Lmax=-3.56
09:40:40 [ultranest] [DEBUG] iteration=1239, ncalls=3532, regioncalls=125400, ndraw=40, logz=-52.49, remainder_fraction=100.0000%, Lmin=-45.85, Lmax=-3.56
09:40:40 [ultranest] [DEBUG] iteration=1240, ncalls=3534, regioncalls=125480, ndraw=40, logz=-52.43, remainder_fraction=100.0000%, Lmin=-45.85, Lmax=-3.56
09:40:40 [ultranest] [DEBUG] iteration=1254, ncalls=3581, regioncalls=127360, ndraw=40, logz=-51.34, remainder_fraction=100.0000%, Lmin=-44.41, Lmax=-3.56
09:40:40 [ultranest] [DEBUG] iteration=1264, ncalls=3634, regioncalls=129480, ndraw=40, logz=-50.41, remainder_fraction=100.0000%, Lmin=-43.55, Lmax=-3.56
09:40:40 [ultranest] [DEBUG] iteration=1277, ncalls=3682, regioncalls=131400, ndraw=40, logz=-49.49, remainder_fraction=100.0000%, Lmin=-42.72, Lmax=-3.56
09:40:40 [ultranest] [DEBUG] iteration=1280, ncalls=3691, regioncalls=131760, ndraw=40, logz=-49.27, remainder_fraction=100.0000%, Lmin=-42.41, Lmax=-3.56
09:40:40 [ultranest] [DEBUG] iteration=1292, ncalls=3745, regioncalls=133920, ndraw=40, logz=-48.30, remainder_fraction=100.0000%, Lmin=-41.07, Lmax=-3.56
09:40:41 [ultranest] [DEBUG] iteration=1302, ncalls=3787, regioncalls=135600, ndraw=40, logz=-47.37, remainder_fraction=100.0000%, Lmin=-40.34, Lmax=-3.56
09:40:41 [ultranest] [DEBUG] iteration=1311, ncalls=3840, regioncalls=137720, ndraw=40, logz=-46.73, remainder_fraction=100.0000%, Lmin=-39.99, Lmax=-3.56
09:40:41 [ultranest] [DEBUG] iteration=1320, ncalls=3870, regioncalls=138920, ndraw=40, logz=-46.22, remainder_fraction=100.0000%, Lmin=-39.56, Lmax=-3.56
09:40:41 [ultranest] [DEBUG] iteration=1333, ncalls=3921, regioncalls=140960, ndraw=40, logz=-45.45, remainder_fraction=100.0000%, Lmin=-38.79, Lmax=-3.56
09:40:41 [ultranest] [DEBUG] iteration=1345, ncalls=3977, regioncalls=143200, ndraw=40, logz=-44.87, remainder_fraction=100.0000%, Lmin=-38.12, Lmax=-3.56
09:40:41 [ultranest] [DEBUG] iteration=1357, ncalls=4029, regioncalls=145280, ndraw=40, logz=-44.24, remainder_fraction=100.0000%, Lmin=-37.48, Lmax=-3.56
09:40:41 [ultranest] [DEBUG] iteration=1360, ncalls=4045, regioncalls=145920, ndraw=40, logz=-44.08, remainder_fraction=100.0000%, Lmin=-37.31, Lmax=-3.56
09:40:41 [ultranest] [DEBUG] iteration=1370, ncalls=4092, regioncalls=147800, ndraw=40, logz=-43.60, remainder_fraction=100.0000%, Lmin=-36.88, Lmax=-3.56
09:40:41 [ultranest] [DEBUG] iteration=1382, ncalls=4140, regioncalls=149800, ndraw=40, logz=-42.99, remainder_fraction=100.0000%, Lmin=-36.15, Lmax=-3.56
09:40:41 [ultranest] [DEBUG] iteration=1398, ncalls=4185, regioncalls=151640, ndraw=40, logz=-42.02, remainder_fraction=100.0000%, Lmin=-35.12, Lmax=-3.50
09:40:41 [ultranest] [DEBUG] iteration=1400, ncalls=4191, regioncalls=151880, ndraw=40, logz=-41.91, remainder_fraction=100.0000%, Lmin=-35.00, Lmax=-3.50
09:40:41 [ultranest] [DEBUG] iteration=1409, ncalls=4243, regioncalls=153960, ndraw=40, logz=-41.37, remainder_fraction=100.0000%, Lmin=-34.23, Lmax=-3.50
09:40:42 [ultranest] [DEBUG] iteration=1420, ncalls=4299, regioncalls=156200, ndraw=40, logz=-40.69, remainder_fraction=100.0000%, Lmin=-33.82, Lmax=-3.50
09:40:42 [ultranest] [DEBUG] iteration=1435, ncalls=4353, regioncalls=158360, ndraw=40, logz=-39.89, remainder_fraction=100.0000%, Lmin=-32.93, Lmax=-3.12
09:40:42 [ultranest] [DEBUG] iteration=1440, ncalls=4367, regioncalls=158920, ndraw=40, logz=-39.65, remainder_fraction=100.0000%, Lmin=-32.62, Lmax=-3.12
09:40:42 [ultranest] [DEBUG] iteration=1449, ncalls=4404, regioncalls=160400, ndraw=40, logz=-39.09, remainder_fraction=100.0000%, Lmin=-31.95, Lmax=-3.12
09:40:42 [ultranest] [DEBUG] iteration=1458, ncalls=4449, regioncalls=162200, ndraw=40, logz=-38.59, remainder_fraction=100.0000%, Lmin=-31.45, Lmax=-3.12
09:40:42 [ultranest] [DEBUG] iteration=1472, ncalls=4500, regioncalls=164240, ndraw=40, logz=-37.79, remainder_fraction=100.0000%, Lmin=-30.78, Lmax=-3.12
09:40:42 [ultranest] [DEBUG] iteration=1480, ncalls=4522, regioncalls=165120, ndraw=40, logz=-37.40, remainder_fraction=100.0000%, Lmin=-30.41, Lmax=-3.12
09:40:42 [ultranest] [DEBUG] iteration=1497, ncalls=4572, regioncalls=167120, ndraw=40, logz=-36.65, remainder_fraction=100.0000%, Lmin=-29.70, Lmax=-3.12
09:40:42 [ultranest] [DEBUG] iteration=1508, ncalls=4629, regioncalls=169400, ndraw=40, logz=-36.15, remainder_fraction=100.0000%, Lmin=-28.83, Lmax=-3.12
09:40:42 [ultranest] [DEBUG] iteration=1520, ncalls=4664, regioncalls=170800, ndraw=40, logz=-35.44, remainder_fraction=100.0000%, Lmin=-28.26, Lmax=-3.12
09:40:42 [ultranest] [DEBUG] iteration=1535, ncalls=4707, regioncalls=172520, ndraw=40, logz=-34.74, remainder_fraction=100.0000%, Lmin=-27.59, Lmax=-3.12
09:40:43 [ultranest] [DEBUG] iteration=1550, ncalls=4754, regioncalls=174400, ndraw=40, logz=-34.02, remainder_fraction=100.0000%, Lmin=-26.89, Lmax=-3.12
09:40:43 [ultranest] [DEBUG] iteration=1558, ncalls=4808, regioncalls=176560, ndraw=40, logz=-33.70, remainder_fraction=100.0000%, Lmin=-26.78, Lmax=-3.12
09:40:43 [ultranest] [DEBUG] iteration=1560, ncalls=4817, regioncalls=176920, ndraw=40, logz=-33.63, remainder_fraction=100.0000%, Lmin=-26.56, Lmax=-3.12
09:40:43 [ultranest] [DEBUG] iteration=1573, ncalls=4873, regioncalls=179160, ndraw=40, logz=-33.10, remainder_fraction=100.0000%, Lmin=-26.02, Lmax=-3.12
09:40:43 [ultranest] [DEBUG] iteration=1585, ncalls=4922, regioncalls=181120, ndraw=40, logz=-32.62, remainder_fraction=100.0000%, Lmin=-25.49, Lmax=-3.12
09:40:43 [ultranest] [DEBUG] iteration=1600, ncalls=4965, regioncalls=182840, ndraw=40, logz=-32.04, remainder_fraction=100.0000%, Lmin=-24.93, Lmax=-3.12
09:40:43 [ultranest] [DEBUG] iteration=1601, ncalls=4967, regioncalls=182960, ndraw=40, logz=-32.00, remainder_fraction=100.0000%, Lmin=-24.90, Lmax=-3.12
09:40:43 [ultranest] [DEBUG] iteration=1613, ncalls=5016, regioncalls=184960, ndraw=40, logz=-31.53, remainder_fraction=100.0000%, Lmin=-24.24, Lmax=-3.12
09:40:43 [ultranest] [DEBUG] iteration=1629, ncalls=5066, regioncalls=186960, ndraw=40, logz=-30.81, remainder_fraction=100.0000%, Lmin=-23.51, Lmax=-3.12
09:40:43 [ultranest] [DEBUG] iteration=1640, ncalls=5108, regioncalls=188640, ndraw=40, logz=-30.38, remainder_fraction=100.0000%, Lmin=-22.98, Lmax=-3.12
09:40:43 [ultranest] [DEBUG] iteration=1657, ncalls=5158, regioncalls=190640, ndraw=40, logz=-29.64, remainder_fraction=100.0000%, Lmin=-22.15, Lmax=-3.12
09:40:44 [ultranest] [DEBUG] iteration=1672, ncalls=5210, regioncalls=192720, ndraw=40, logz=-28.89, remainder_fraction=100.0000%, Lmin=-21.21, Lmax=-3.12
09:40:44 [ultranest] [DEBUG] iteration=1680, ncalls=5234, regioncalls=193680, ndraw=40, logz=-28.51, remainder_fraction=100.0000%, Lmin=-21.06, Lmax=-3.12
09:40:44 [ultranest] [DEBUG] iteration=1694, ncalls=5280, regioncalls=195520, ndraw=40, logz=-27.92, remainder_fraction=100.0000%, Lmin=-20.33, Lmax=-3.12
09:40:44 [ultranest] [DEBUG] iteration=1710, ncalls=5328, regioncalls=197440, ndraw=40, logz=-27.25, remainder_fraction=100.0000%, Lmin=-19.81, Lmax=-3.12
09:40:44 [ultranest] [DEBUG] iteration=1720, ncalls=5373, regioncalls=199240, ndraw=40, logz=-26.90, remainder_fraction=100.0000%, Lmin=-19.50, Lmax=-3.12
09:40:44 [ultranest] [DEBUG] iteration=1733, ncalls=5424, regioncalls=201280, ndraw=40, logz=-26.45, remainder_fraction=100.0000%, Lmin=-19.04, Lmax=-3.12
09:40:44 [ultranest] [DEBUG] iteration=1750, ncalls=5477, regioncalls=203400, ndraw=40, logz=-25.88, remainder_fraction=100.0000%, Lmin=-18.46, Lmax=-3.12
09:40:44 [ultranest] [DEBUG] iteration=1755, ncalls=5506, regioncalls=204600, ndraw=40, logz=-25.71, remainder_fraction=99.9999%, Lmin=-18.20, Lmax=-3.12
09:40:44 [ultranest] [DEBUG] iteration=1760, ncalls=5517, regioncalls=205040, ndraw=40, logz=-25.53, remainder_fraction=99.9999%, Lmin=-18.01, Lmax=-3.12
09:40:44 [ultranest] [DEBUG] iteration=1779, ncalls=5559, regioncalls=206720, ndraw=40, logz=-24.87, remainder_fraction=99.9999%, Lmin=-17.37, Lmax=-3.12
09:40:44 [ultranest] [DEBUG] iteration=1790, ncalls=5603, regioncalls=208480, ndraw=40, logz=-24.52, remainder_fraction=99.9998%, Lmin=-17.05, Lmax=-3.12
09:40:45 [ultranest] [DEBUG] iteration=1800, ncalls=5644, regioncalls=210120, ndraw=40, logz=-24.19, remainder_fraction=99.9998%, Lmin=-16.64, Lmax=-3.12
09:40:45 [ultranest] [DEBUG] iteration=1814, ncalls=5702, regioncalls=212440, ndraw=40, logz=-23.72, remainder_fraction=99.9996%, Lmin=-16.15, Lmax=-3.12
09:40:45 [ultranest] [DEBUG] iteration=1831, ncalls=5755, regioncalls=214560, ndraw=40, logz=-23.20, remainder_fraction=99.9994%, Lmin=-15.64, Lmax=-3.12
09:40:45 [ultranest] [DEBUG] iteration=1840, ncalls=5787, regioncalls=215840, ndraw=40, logz=-22.95, remainder_fraction=99.9991%, Lmin=-15.42, Lmax=-3.12
09:40:45 [ultranest] [DEBUG] iteration=1852, ncalls=5830, regioncalls=217560, ndraw=40, logz=-22.62, remainder_fraction=99.9988%, Lmin=-15.15, Lmax=-3.12
09:40:45 [ultranest] [DEBUG] iteration=1866, ncalls=5874, regioncalls=219320, ndraw=40, logz=-22.26, remainder_fraction=99.9983%, Lmin=-14.75, Lmax=-3.02
09:40:45 [ultranest] [DEBUG] iteration=1880, ncalls=5912, regioncalls=220840, ndraw=40, logz=-21.91, remainder_fraction=99.9976%, Lmin=-14.49, Lmax=-3.02
09:40:45 [ultranest] [DEBUG] iteration=1892, ncalls=5967, regioncalls=223040, ndraw=40, logz=-21.65, remainder_fraction=99.9968%, Lmin=-14.32, Lmax=-3.02
09:40:45 [ultranest] [DEBUG] iteration=1902, ncalls=6015, regioncalls=224960, ndraw=40, logz=-21.46, remainder_fraction=99.9962%, Lmin=-14.17, Lmax=-3.02
09:40:45 [ultranest] [DEBUG] iteration=1909, ncalls=6033, regioncalls=225680, ndraw=40, logz=-21.32, remainder_fraction=99.9956%, Lmin=-13.89, Lmax=-3.02
09:40:45 [ultranest] [DEBUG] iteration=1920, ncalls=6059, regioncalls=226760, ndraw=40, logz=-21.10, remainder_fraction=99.9944%, Lmin=-13.71, Lmax=-3.02
09:40:46 [ultranest] [DEBUG] iteration=1936, ncalls=6098, regioncalls=228320, ndraw=40, logz=-20.80, remainder_fraction=99.9921%, Lmin=-13.45, Lmax=-3.02
09:40:46 [ultranest] [DEBUG] iteration=1954, ncalls=6140, regioncalls=230040, ndraw=40, logz=-20.43, remainder_fraction=99.9890%, Lmin=-12.75, Lmax=-3.02
09:40:46 [ultranest] [DEBUG] iteration=1960, ncalls=6150, regioncalls=230440, ndraw=40, logz=-20.29, remainder_fraction=99.9874%, Lmin=-12.63, Lmax=-3.02
09:40:46 [ultranest] [DEBUG] iteration=1977, ncalls=6195, regioncalls=232240, ndraw=40, logz=-19.93, remainder_fraction=99.9822%, Lmin=-12.28, Lmax=-3.02
09:40:46 [ultranest] [DEBUG] iteration=1996, ncalls=6231, regioncalls=233680, ndraw=40, logz=-19.54, remainder_fraction=99.9739%, Lmin=-11.90, Lmax=-3.02
09:40:46 [ultranest] [DEBUG] iteration=2000, ncalls=6248, regioncalls=234360, ndraw=40, logz=-19.46, remainder_fraction=99.9714%, Lmin=-11.82, Lmax=-3.02
09:40:46 [ultranest] [DEBUG] iteration=2017, ncalls=6292, regioncalls=236120, ndraw=40, logz=-19.12, remainder_fraction=99.9601%, Lmin=-11.51, Lmax=-3.02
09:40:46 [ultranest] [DEBUG] iteration=2031, ncalls=6337, regioncalls=237920, ndraw=40, logz=-18.87, remainder_fraction=99.9483%, Lmin=-11.29, Lmax=-3.02
09:40:46 [ultranest] [DEBUG] iteration=2040, ncalls=6366, regioncalls=239080, ndraw=40, logz=-18.72, remainder_fraction=99.9390%, Lmin=-11.12, Lmax=-3.02
09:40:46 [ultranest] [DEBUG] iteration=2058, ncalls=6424, regioncalls=241400, ndraw=40, logz=-18.42, remainder_fraction=99.9182%, Lmin=-10.78, Lmax=-3.02
09:40:46 [ultranest] [DEBUG] iteration=2063, ncalls=6434, regioncalls=241840, ndraw=40, logz=-18.34, remainder_fraction=99.9138%, Lmin=-10.73, Lmax=-3.02
09:40:46 [ultranest] [DEBUG] iteration=2077, ncalls=6471, regioncalls=243320, ndraw=40, logz=-18.13, remainder_fraction=99.8958%, Lmin=-10.55, Lmax=-3.02
09:40:47 [ultranest] [DEBUG] iteration=2080, ncalls=6477, regioncalls=243560, ndraw=40, logz=-18.08, remainder_fraction=99.8901%, Lmin=-10.51, Lmax=-3.02
09:40:47 [ultranest] [DEBUG] iteration=2098, ncalls=6523, regioncalls=245400, ndraw=40, logz=-17.84, remainder_fraction=99.8545%, Lmin=-10.37, Lmax=-3.02
09:40:47 [ultranest] [DEBUG] iteration=2115, ncalls=6569, regioncalls=247240, ndraw=40, logz=-17.62, remainder_fraction=99.8228%, Lmin=-10.07, Lmax=-3.02
09:40:47 [ultranest] [DEBUG] iteration=2120, ncalls=6582, regioncalls=247760, ndraw=40, logz=-17.56, remainder_fraction=99.8092%, Lmin=-9.98, Lmax=-3.02
09:40:47 [ultranest] [DEBUG] iteration=2139, ncalls=6626, regioncalls=249520, ndraw=40, logz=-17.32, remainder_fraction=99.7570%, Lmin=-9.80, Lmax=-3.02
09:40:47 [ultranest] [DEBUG] iteration=2157, ncalls=6659, regioncalls=250840, ndraw=40, logz=-17.10, remainder_fraction=99.6976%, Lmin=-9.40, Lmax=-3.00
09:40:47 [ultranest] [DEBUG] iteration=2160, ncalls=6667, regioncalls=251160, ndraw=40, logz=-17.06, remainder_fraction=99.6846%, Lmin=-9.38, Lmax=-3.00
09:40:47 [ultranest] [DEBUG] iteration=2177, ncalls=6709, regioncalls=252840, ndraw=40, logz=-16.83, remainder_fraction=99.6030%, Lmin=-9.10, Lmax=-3.00
09:40:47 [ultranest] [DEBUG] iteration=2194, ncalls=6755, regioncalls=254680, ndraw=40, logz=-16.62, remainder_fraction=99.5080%, Lmin=-8.93, Lmax=-3.00
09:40:47 [ultranest] [DEBUG] iteration=2200, ncalls=6762, regioncalls=254960, ndraw=40, logz=-16.55, remainder_fraction=99.4680%, Lmin=-8.88, Lmax=-3.00
09:40:47 [ultranest] [DEBUG] iteration=2217, ncalls=6802, regioncalls=256600, ndraw=40, logz=-16.36, remainder_fraction=99.3586%, Lmin=-8.60, Lmax=-3.00
09:40:47 [ultranest] [DEBUG] iteration=2236, ncalls=6844, regioncalls=258280, ndraw=40, logz=-16.14, remainder_fraction=99.1969%, Lmin=-8.42, Lmax=-3.00
09:40:47 [ultranest] [DEBUG] iteration=2240, ncalls=6852, regioncalls=258600, ndraw=40, logz=-16.10, remainder_fraction=99.1533%, Lmin=-8.35, Lmax=-3.00
09:40:48 [ultranest] [DEBUG] iteration=2260, ncalls=6896, regioncalls=260360, ndraw=40, logz=-15.88, remainder_fraction=98.9312%, Lmin=-8.02, Lmax=-3.00
09:40:48 [ultranest] [DEBUG] iteration=2280, ncalls=6930, regioncalls=261720, ndraw=40, logz=-15.64, remainder_fraction=98.6069%, Lmin=-7.60, Lmax=-3.00
09:40:48 [ultranest] [DEBUG] iteration=2294, ncalls=6970, regioncalls=263360, ndraw=40, logz=-15.46, remainder_fraction=98.3399%, Lmin=-7.45, Lmax=-3.00
09:40:48 [ultranest] [DEBUG] iteration=2314, ncalls=7009, regioncalls=264920, ndraw=40, logz=-15.23, remainder_fraction=97.8935%, Lmin=-7.27, Lmax=-3.00
09:40:48 [ultranest] [DEBUG] iteration=2320, ncalls=7023, regioncalls=265480, ndraw=40, logz=-15.16, remainder_fraction=97.7284%, Lmin=-7.21, Lmax=-3.00
09:40:48 [ultranest] [DEBUG] iteration=2343, ncalls=7066, regioncalls=267200, ndraw=40, logz=-14.93, remainder_fraction=97.1259%, Lmin=-6.93, Lmax=-3.00
09:40:48 [ultranest] [DEBUG] iteration=2360, ncalls=7111, regioncalls=269000, ndraw=40, logz=-14.75, remainder_fraction=96.6239%, Lmin=-6.73, Lmax=-3.00
09:40:48 [ultranest] [DEBUG] iteration=2371, ncalls=7144, regioncalls=270360, ndraw=40, logz=-14.64, remainder_fraction=96.2121%, Lmin=-6.64, Lmax=-3.00
09:40:48 [ultranest] [DEBUG] iteration=2391, ncalls=7184, regioncalls=271960, ndraw=40, logz=-14.45, remainder_fraction=95.4728%, Lmin=-6.48, Lmax=-2.99
09:40:48 [ultranest] [DEBUG] iteration=2400, ncalls=7205, regioncalls=272800, ndraw=40, logz=-14.38, remainder_fraction=95.1228%, Lmin=-6.40, Lmax=-2.99
09:40:48 [ultranest] [DEBUG] iteration=2424, ncalls=7246, regioncalls=274440, ndraw=40, logz=-14.18, remainder_fraction=93.9704%, Lmin=-6.25, Lmax=-2.99
09:40:48 [ultranest] [DEBUG] iteration=2440, ncalls=7282, regioncalls=275880, ndraw=40, logz=-14.06, remainder_fraction=93.2060%, Lmin=-6.13, Lmax=-2.99
09:40:49 [ultranest] [DEBUG] iteration=2455, ncalls=7320, regioncalls=277400, ndraw=40, logz=-13.95, remainder_fraction=92.5918%, Lmin=-6.00, Lmax=-2.99
09:40:49 [ultranest] [DEBUG] iteration=2472, ncalls=7364, regioncalls=279160, ndraw=40, logz=-13.83, remainder_fraction=91.7897%, Lmin=-5.85, Lmax=-2.99
09:40:49 [ultranest] [DEBUG] iteration=2480, ncalls=7377, regioncalls=279680, ndraw=40, logz=-13.78, remainder_fraction=91.4527%, Lmin=-5.83, Lmax=-2.99
09:40:49 [ultranest] [DEBUG] iteration=2497, ncalls=7426, regioncalls=281640, ndraw=40, logz=-13.67, remainder_fraction=90.5363%, Lmin=-5.73, Lmax=-2.99
09:40:49 [ultranest] [DEBUG] iteration=2515, ncalls=7471, regioncalls=283440, ndraw=40, logz=-13.56, remainder_fraction=89.5270%, Lmin=-5.65, Lmax=-2.99
09:40:49 [ultranest] [DEBUG] iteration=2520, ncalls=7483, regioncalls=283920, ndraw=40, logz=-13.53, remainder_fraction=89.2349%, Lmin=-5.63, Lmax=-2.99
09:40:49 [ultranest] [DEBUG] iteration=2530, ncalls=7523, regioncalls=285520, ndraw=40, logz=-13.47, remainder_fraction=88.6013%, Lmin=-5.56, Lmax=-2.99
09:40:49 [ultranest] [DEBUG] iteration=2550, ncalls=7560, regioncalls=287000, ndraw=40, logz=-13.37, remainder_fraction=87.3461%, Lmin=-5.49, Lmax=-2.99
09:40:49 [ultranest] [DEBUG] iteration=2560, ncalls=7577, regioncalls=287680, ndraw=40, logz=-13.32, remainder_fraction=86.6394%, Lmin=-5.44, Lmax=-2.99
09:40:49 [ultranest] [DEBUG] iteration=2579, ncalls=7620, regioncalls=289400, ndraw=40, logz=-13.23, remainder_fraction=85.2458%, Lmin=-5.33, Lmax=-2.99
09:40:49 [ultranest] [DEBUG] iteration=2595, ncalls=7665, regioncalls=291200, ndraw=40, logz=-13.15, remainder_fraction=84.0474%, Lmin=-5.26, Lmax=-2.99
09:40:49 [ultranest] [DEBUG] iteration=2600, ncalls=7672, regioncalls=291480, ndraw=40, logz=-13.13, remainder_fraction=83.6239%, Lmin=-5.21, Lmax=-2.99
09:40:50 [ultranest] [DEBUG] iteration=2613, ncalls=7704, regioncalls=292760, ndraw=40, logz=-13.07, remainder_fraction=82.7669%, Lmin=-5.12, Lmax=-2.99
09:40:50 [ultranest] [DEBUG] iteration=2630, ncalls=7746, regioncalls=294440, ndraw=40, logz=-13.00, remainder_fraction=81.4628%, Lmin=-5.04, Lmax=-2.99
09:40:50 [ultranest] [DEBUG] iteration=2640, ncalls=7767, regioncalls=295280, ndraw=40, logz=-12.95, remainder_fraction=80.8226%, Lmin=-4.99, Lmax=-2.99
09:40:50 [ultranest] [DEBUG] iteration=2658, ncalls=7817, regioncalls=297280, ndraw=40, logz=-12.88, remainder_fraction=79.1917%, Lmin=-4.92, Lmax=-2.99
09:40:50 [ultranest] [DEBUG] iteration=2671, ncalls=7865, regioncalls=299200, ndraw=40, logz=-12.83, remainder_fraction=78.2847%, Lmin=-4.86, Lmax=-2.99
09:40:50 [ultranest] [DEBUG] iteration=2679, ncalls=7885, regioncalls=300040, ndraw=40, logz=-12.80, remainder_fraction=77.5996%, Lmin=-4.82, Lmax=-2.99
09:40:50 [ultranest] [DEBUG] iteration=2680, ncalls=7887, regioncalls=300120, ndraw=40, logz=-12.79, remainder_fraction=77.5271%, Lmin=-4.82, Lmax=-2.99
09:40:50 [ultranest] [DEBUG] iteration=2698, ncalls=7926, regioncalls=301720, ndraw=40, logz=-12.73, remainder_fraction=76.0013%, Lmin=-4.76, Lmax=-2.99
09:40:50 [ultranest] [DEBUG] iteration=2719, ncalls=7966, regioncalls=303400, ndraw=40, logz=-12.65, remainder_fraction=74.2649%, Lmin=-4.65, Lmax=-2.99
09:40:50 [ultranest] [DEBUG] iteration=2720, ncalls=7967, regioncalls=303440, ndraw=40, logz=-12.65, remainder_fraction=74.2216%, Lmin=-4.65, Lmax=-2.99
09:40:50 [ultranest] [DEBUG] iteration=2741, ncalls=8009, regioncalls=305200, ndraw=40, logz=-12.58, remainder_fraction=72.3353%, Lmin=-4.58, Lmax=-2.99
09:40:50 [ultranest] [DEBUG] iteration=2760, ncalls=8044, regioncalls=306600, ndraw=40, logz=-12.52, remainder_fraction=70.4052%, Lmin=-4.49, Lmax=-2.99
09:40:50 [ultranest] [DEBUG] iteration=2784, ncalls=8081, regioncalls=308080, ndraw=40, logz=-12.44, remainder_fraction=68.2263%, Lmin=-4.38, Lmax=-2.99
09:40:51 [ultranest] [DEBUG] iteration=2800, ncalls=8106, regioncalls=309080, ndraw=40, logz=-12.40, remainder_fraction=66.5493%, Lmin=-4.32, Lmax=-2.99
09:40:51 [ultranest] [DEBUG] iteration=2821, ncalls=8152, regioncalls=310920, ndraw=40, logz=-12.34, remainder_fraction=64.5091%, Lmin=-4.25, Lmax=-2.99
09:40:51 [ultranest] [DEBUG] iteration=2833, ncalls=8177, regioncalls=312040, ndraw=40, logz=-12.30, remainder_fraction=63.2787%, Lmin=-4.20, Lmax=-2.99
09:40:51 [ultranest] [DEBUG] iteration=2840, ncalls=8190, regioncalls=312560, ndraw=40, logz=-12.28, remainder_fraction=62.5573%, Lmin=-4.18, Lmax=-2.99
09:40:51 [ultranest] [DEBUG] iteration=2861, ncalls=8226, regioncalls=314000, ndraw=40, logz=-12.23, remainder_fraction=60.3620%, Lmin=-4.10, Lmax=-2.99
09:40:51 [ultranest] [DEBUG] iteration=2880, ncalls=8265, regioncalls=315560, ndraw=40, logz=-12.18, remainder_fraction=58.4427%, Lmin=-4.04, Lmax=-2.99
09:40:51 [ultranest] [DEBUG] iteration=2900, ncalls=8308, regioncalls=317280, ndraw=40, logz=-12.13, remainder_fraction=56.2627%, Lmin=-4.01, Lmax=-2.99
09:40:51 [ultranest] [DEBUG] iteration=2910, ncalls=8337, regioncalls=318480, ndraw=40, logz=-12.11, remainder_fraction=55.2980%, Lmin=-3.98, Lmax=-2.99
09:40:51 [ultranest] [DEBUG] iteration=2920, ncalls=8348, regioncalls=318920, ndraw=40, logz=-12.09, remainder_fraction=54.2888%, Lmin=-3.94, Lmax=-2.99
09:40:51 [ultranest] [DEBUG] iteration=2941, ncalls=8387, regioncalls=320480, ndraw=40, logz=-12.04, remainder_fraction=52.1914%, Lmin=-3.88, Lmax=-2.99
09:40:51 [ultranest] [DEBUG] iteration=2960, ncalls=8429, regioncalls=322160, ndraw=40, logz=-12.00, remainder_fraction=50.3581%, Lmin=-3.85, Lmax=-2.99
09:40:51 [ultranest] [DEBUG] iteration=2983, ncalls=8470, regioncalls=323800, ndraw=40, logz=-11.96, remainder_fraction=47.9835%, Lmin=-3.80, Lmax=-2.99
09:40:51 [ultranest] [DEBUG] iteration=2987, ncalls=8486, regioncalls=324480, ndraw=40, logz=-11.95, remainder_fraction=47.6762%, Lmin=-3.79, Lmax=-2.99
09:40:52 [ultranest] [DEBUG] iteration=3000, ncalls=8511, regioncalls=325480, ndraw=40, logz=-11.93, remainder_fraction=46.3380%, Lmin=-3.78, Lmax=-2.99
09:40:52 [ultranest] [DEBUG] iteration=3022, ncalls=8553, regioncalls=327160, ndraw=40, logz=-11.89, remainder_fraction=44.3783%, Lmin=-3.74, Lmax=-2.99
09:40:52 [ultranest] [DEBUG] iteration=3040, ncalls=8594, regioncalls=328800, ndraw=40, logz=-11.86, remainder_fraction=42.8163%, Lmin=-3.71, Lmax=-2.99
09:40:52 [ultranest] [DEBUG] iteration=3060, ncalls=8641, regioncalls=330680, ndraw=40, logz=-11.83, remainder_fraction=40.9989%, Lmin=-3.68, Lmax=-2.99
09:40:52 [ultranest] [DEBUG] iteration=3077, ncalls=8675, regioncalls=332040, ndraw=40, logz=-11.80, remainder_fraction=39.5848%, Lmin=-3.65, Lmax=-2.99
09:40:52 [ultranest] [DEBUG] iteration=3080, ncalls=8686, regioncalls=332480, ndraw=40, logz=-11.80, remainder_fraction=39.3735%, Lmin=-3.64, Lmax=-2.99
09:40:52 [ultranest] [DEBUG] iteration=3100, ncalls=8729, regioncalls=334200, ndraw=40, logz=-11.77, remainder_fraction=37.7942%, Lmin=-3.62, Lmax=-2.99
09:40:52 [ultranest] [DEBUG] iteration=3120, ncalls=8764, regioncalls=335600, ndraw=40, logz=-11.75, remainder_fraction=36.2224%, Lmin=-3.60, Lmax=-2.99
09:40:52 [ultranest] [DEBUG] iteration=3141, ncalls=8805, regioncalls=337280, ndraw=40, logz=-11.72, remainder_fraction=34.6100%, Lmin=-3.56, Lmax=-2.99
09:40:52 [ultranest] [DEBUG] iteration=3160, ncalls=8840, regioncalls=338680, ndraw=40, logz=-11.70, remainder_fraction=33.1655%, Lmin=-3.53, Lmax=-2.99
09:40:52 [ultranest] [DEBUG] iteration=3182, ncalls=8877, regioncalls=340160, ndraw=40, logz=-11.67, remainder_fraction=31.5245%, Lmin=-3.51, Lmax=-2.99
09:40:53 [ultranest] [DEBUG] iteration=3200, ncalls=8903, regioncalls=341200, ndraw=40, logz=-11.66, remainder_fraction=30.3314%, Lmin=-3.49, Lmax=-2.99
09:40:53 [ultranest] [DEBUG] iteration=3218, ncalls=8940, regioncalls=342720, ndraw=40, logz=-11.64, remainder_fraction=28.9899%, Lmin=-3.46, Lmax=-2.99
09:40:53 [ultranest] [DEBUG] iteration=3240, ncalls=8974, regioncalls=344080, ndraw=40, logz=-11.62, remainder_fraction=27.5309%, Lmin=-3.44, Lmax=-2.99
09:40:53 [ultranest] [DEBUG] iteration=3262, ncalls=9014, regioncalls=345680, ndraw=40, logz=-11.60, remainder_fraction=26.1259%, Lmin=-3.41, Lmax=-2.99
09:40:53 [ultranest] [DEBUG] iteration=3280, ncalls=9049, regioncalls=347080, ndraw=40, logz=-11.58, remainder_fraction=25.0452%, Lmin=-3.40, Lmax=-2.99
09:40:53 [ultranest] [DEBUG] iteration=3295, ncalls=9072, regioncalls=348040, ndraw=40, logz=-11.57, remainder_fraction=24.1226%, Lmin=-3.39, Lmax=-2.99
09:40:53 [ultranest] [DEBUG] iteration=3320, ncalls=9108, regioncalls=349480, ndraw=40, logz=-11.55, remainder_fraction=22.7244%, Lmin=-3.36, Lmax=-2.99
09:40:53 [ultranest] [DEBUG] iteration=3344, ncalls=9153, regioncalls=351280, ndraw=40, logz=-11.54, remainder_fraction=21.4010%, Lmin=-3.34, Lmax=-2.99
09:40:53 [ultranest] [DEBUG] iteration=3360, ncalls=9176, regioncalls=352200, ndraw=40, logz=-11.53, remainder_fraction=20.5320%, Lmin=-3.32, Lmax=-2.99
09:40:53 [ultranest] [DEBUG] iteration=3372, ncalls=9209, regioncalls=353560, ndraw=40, logz=-11.52, remainder_fraction=19.9402%, Lmin=-3.31, Lmax=-2.99
09:40:53 [ultranest] [DEBUG] iteration=3390, ncalls=9249, regioncalls=355160, ndraw=40, logz=-11.51, remainder_fraction=19.0390%, Lmin=-3.31, Lmax=-2.99
09:40:54 [ultranest] [DEBUG] iteration=3400, ncalls=9267, regioncalls=355880, ndraw=40, logz=-11.50, remainder_fraction=18.5417%, Lmin=-3.30, Lmax=-2.99
09:40:54 [ultranest] [DEBUG] iteration=3424, ncalls=9309, regioncalls=357560, ndraw=40, logz=-11.49, remainder_fraction=17.4556%, Lmin=-3.29, Lmax=-2.99
09:40:54 [ultranest] [DEBUG] iteration=3440, ncalls=9338, regioncalls=358720, ndraw=40, logz=-11.48, remainder_fraction=16.7591%, Lmin=-3.28, Lmax=-2.99
09:40:54 [ultranest] [DEBUG] iteration=3449, ncalls=9365, regioncalls=359840, ndraw=40, logz=-11.47, remainder_fraction=16.3819%, Lmin=-3.27, Lmax=-2.99
09:40:54 [ultranest] [DEBUG] iteration=3474, ncalls=9401, regioncalls=361280, ndraw=40, logz=-11.46, remainder_fraction=15.3570%, Lmin=-3.26, Lmax=-2.99
09:40:54 [ultranest] [DEBUG] iteration=3480, ncalls=9412, regioncalls=361720, ndraw=40, logz=-11.46, remainder_fraction=15.1213%, Lmin=-3.26, Lmax=-2.99
09:40:54 [ultranest] [DEBUG] iteration=3505, ncalls=9455, regioncalls=363440, ndraw=40, logz=-11.45, remainder_fraction=14.1886%, Lmin=-3.24, Lmax=-2.99
09:40:54 [ultranest] [DEBUG] iteration=3520, ncalls=9487, regioncalls=364720, ndraw=40, logz=-11.44, remainder_fraction=13.6368%, Lmin=-3.23, Lmax=-2.99
09:40:54 [ultranest] [DEBUG] iteration=3537, ncalls=9520, regioncalls=366040, ndraw=40, logz=-11.44, remainder_fraction=13.0467%, Lmin=-3.21, Lmax=-2.99
09:40:54 [ultranest] [DEBUG] iteration=3553, ncalls=9564, regioncalls=367800, ndraw=40, logz=-11.43, remainder_fraction=12.5047%, Lmin=-3.21, Lmax=-2.99
09:40:54 [ultranest] [DEBUG] iteration=3560, ncalls=9572, regioncalls=368120, ndraw=40, logz=-11.43, remainder_fraction=12.2787%, Lmin=-3.20, Lmax=-2.99
09:40:54 [ultranest] [DEBUG] iteration=3578, ncalls=9620, regioncalls=370040, ndraw=40, logz=-11.42, remainder_fraction=11.6929%, Lmin=-3.19, Lmax=-2.99
09:40:55 [ultranest] [DEBUG] iteration=3597, ncalls=9658, regioncalls=371560, ndraw=40, logz=-11.41, remainder_fraction=11.1220%, Lmin=-3.18, Lmax=-2.99
09:40:55 [ultranest] [DEBUG] iteration=3600, ncalls=9664, regioncalls=371800, ndraw=40, logz=-11.41, remainder_fraction=11.0362%, Lmin=-3.18, Lmax=-2.99
09:40:55 [ultranest] [DEBUG] iteration=3603, ncalls=9670, regioncalls=372080, ndraw=40, logz=-11.41, remainder_fraction=10.9446%, Lmin=-3.18, Lmax=-2.99
09:40:55 [ultranest] [DEBUG] iteration=3624, ncalls=9706, regioncalls=373520, ndraw=40, logz=-11.41, remainder_fraction=10.3560%, Lmin=-3.17, Lmax=-2.99
09:40:55 [ultranest] [DEBUG] iteration=3640, ncalls=9741, regioncalls=374920, ndraw=40, logz=-11.40, remainder_fraction=9.9214%, Lmin=-3.16, Lmax=-2.99
09:40:55 [ultranest] [DEBUG] iteration=3661, ncalls=9784, regioncalls=376640, ndraw=40, logz=-11.39, remainder_fraction=9.3765%, Lmin=-3.15, Lmax=-2.99
09:40:55 [ultranest] [DEBUG] iteration=3680, ncalls=9824, regioncalls=378280, ndraw=40, logz=-11.39, remainder_fraction=8.8960%, Lmin=-3.14, Lmax=-2.99
09:40:55 [ultranest] [DEBUG] iteration=3698, ncalls=9861, regioncalls=379760, ndraw=40, logz=-11.38, remainder_fraction=8.4680%, Lmin=-3.13, Lmax=-2.98
09:40:55 [ultranest] [DEBUG] iteration=3719, ncalls=9902, regioncalls=381400, ndraw=40, logz=-11.38, remainder_fraction=7.9908%, Lmin=-3.13, Lmax=-2.98
09:40:55 [ultranest] [DEBUG] iteration=3720, ncalls=9903, regioncalls=381440, ndraw=40, logz=-11.38, remainder_fraction=7.9677%, Lmin=-3.13, Lmax=-2.98
09:40:55 [ultranest] [DEBUG] iteration=3743, ncalls=9944, regioncalls=383080, ndraw=40, logz=-11.37, remainder_fraction=7.4748%, Lmin=-3.12, Lmax=-2.98
09:40:55 [ultranest] [DEBUG] iteration=3757, ncalls=9971, regioncalls=384200, ndraw=40, logz=-11.37, remainder_fraction=7.1877%, Lmin=-3.11, Lmax=-2.98
09:40:55 [ultranest] [DEBUG] iteration=3760, ncalls=9974, regioncalls=384320, ndraw=40, logz=-11.37, remainder_fraction=7.1298%, Lmin=-3.11, Lmax=-2.98
09:40:55 [ultranest] [DEBUG] iteration=3775, ncalls=10006, regioncalls=385640, ndraw=40, logz=-11.37, remainder_fraction=6.8386%, Lmin=-3.11, Lmax=-2.98
09:40:56 [ultranest] [DEBUG] iteration=3794, ncalls=10042, regioncalls=387080, ndraw=40, logz=-11.36, remainder_fraction=6.4899%, Lmin=-3.10, Lmax=-2.98
09:40:56 [ultranest] [DEBUG] iteration=3800, ncalls=10054, regioncalls=387560, ndraw=40, logz=-11.36, remainder_fraction=6.3835%, Lmin=-3.10, Lmax=-2.98
09:40:56 [ultranest] [DEBUG] iteration=3822, ncalls=10095, regioncalls=389240, ndraw=40, logz=-11.36, remainder_fraction=6.0047%, Lmin=-3.09, Lmax=-2.98
09:40:56 [ultranest] [DEBUG] iteration=3840, ncalls=10123, regioncalls=390360, ndraw=40, logz=-11.35, remainder_fraction=5.7078%, Lmin=-3.09, Lmax=-2.98
09:40:56 [ultranest] [DEBUG] iteration=3844, ncalls=10131, regioncalls=390680, ndraw=40, logz=-11.35, remainder_fraction=5.6452%, Lmin=-3.09, Lmax=-2.98
09:40:56 [ultranest] [DEBUG] iteration=3847, ncalls=10136, regioncalls=390880, ndraw=40, logz=-11.35, remainder_fraction=5.5985%, Lmin=-3.09, Lmax=-2.98
09:40:56 [ultranest] [DEBUG] iteration=3850, ncalls=10141, regioncalls=391080, ndraw=40, logz=-11.35, remainder_fraction=5.5518%, Lmin=-3.09, Lmax=-2.98
09:40:56 [ultranest] [DEBUG] iteration=3853, ncalls=10147, regioncalls=391320, ndraw=40, logz=-11.35, remainder_fraction=5.5054%, Lmin=-3.08, Lmax=-2.98
09:40:56 [ultranest] [DEBUG] iteration=3858, ncalls=10154, regioncalls=391600, ndraw=40, logz=-11.35, remainder_fraction=5.4312%, Lmin=-3.08, Lmax=-2.98
09:40:57 [ultranest] [INFO] Explored until L=-3  
09:40:57 [ultranest] [INFO] Likelihood function evaluations: 10155
09:41:01 [ultranest] [INFO] Writing samples and results to disk ...
09:41:01 [ultranest] [INFO] Writing samples and results to disk ... done
09:41:01 [ultranest] [DEBUG] did a run_iter pass!
09:41:01 [ultranest] [INFO]   logZ = -11.29 +- 0.09279
09:41:01 [ultranest] [INFO] Effective samples strategy satisfied (ESS = 1462.4, need >400)
09:41:01 [ultranest] [INFO] Posterior uncertainty strategy is satisfied (KL: 0.45+-0.15 nat, need <0.50 nat)
09:41:01 [ultranest] [INFO] Evidency uncertainty strategy is satisfied (dlogz=0.11, need <0.5)
09:41:01 [ultranest] [INFO]   logZ error budget: single: 0.14 bs:0.09 tail:0.05 total:0.11 required:<0.50
09:41:01 [ultranest] [INFO] done iterating.
09:41:01 [ultranest] [DEBUG] Making corner plot ...
09:41:03 [ultranest] [DEBUG] Making corner plot ... done
09:41:03 [ultranest] [DEBUG] Making run plot ... 
09:41:03 [ultranest] [DEBUG] Making run plot ... done
09:41:03 [ultranest] [DEBUG] Making trace plot ... 
09:41:05 [ultranest] [DEBUG] Making trace plot ... done
22:06:59 [ultranest] [DEBUG] ReactiveNestedSampler: dims=3+0, resume=True, log_dir=/home/orion51/Desktop/Research/spectral_fitting/FGL_spectral_fitting/Individual_sources/2CXOJ125746.6+273137/powerlaw_out_, backend=hdf5, vectorized=False, nbootstraps=30, ndraw=128..65536
22:06:59 [ultranest] [DEBUG] Testing resume consistency: [-3.0836258  -3.05712337  0.          0.23667785  0.36311097  0.15952558
 -5.63322152  1.72044264 20.11667907]: u=[0.23667785 0.36311097 0.15952558] -> p=[-5.63322152  1.72044264 20.11667907] -> L=-3.0571233653198577 
22:06:59 [ultranest] [INFO] Resuming from 4201 stored points
22:06:59 [ultranest] [DEBUG] run_iter dlogz=0.5, dKL=0.5, frac_remain=0.01, Lepsilon=0.1000, min_ess=400
22:06:59 [ultranest] [DEBUG] max_iters=-1, max_ncalls=-1, max_num_improvement_loops=-1, min_num_live_points=400, cluster_num_live_points=40
22:06:59 [ultranest] [DEBUG] minimal_widths_sequence: [(-inf, 400.0), (inf, 400.0)]
22:06:59 [ultranest] [DEBUG] iteration=0, ncalls=10155, regioncalls=0, ndraw=40, logz=-inf, remainder_fraction=100.0000%, Lmin=-218805545912.93, Lmax=-9.42
22:06:59 [ultranest] [DEBUG] iteration=40, ncalls=10155, regioncalls=0, ndraw=40, logz=-205023773.89, remainder_fraction=100.0000%, Lmin=-186640299.20, Lmax=-9.42
22:06:59 [ultranest] [DEBUG] iteration=80, ncalls=10155, regioncalls=0, ndraw=40, logz=-5836600.82, remainder_fraction=100.0000%, Lmin=-5757822.75, Lmax=-9.42
22:06:59 [ultranest] [DEBUG] iteration=120, ncalls=10155, regioncalls=0, ndraw=40, logz=-412561.47, remainder_fraction=100.0000%, Lmin=-394612.02, Lmax=-9.42
22:06:59 [ultranest] [DEBUG] iteration=160, ncalls=10155, regioncalls=0, ndraw=40, logz=-45234.76, remainder_fraction=100.0000%, Lmin=-43788.87, Lmax=-9.42
22:06:59 [ultranest] [DEBUG] iteration=180, ncalls=10155, regioncalls=0, ndraw=40, logz=-14523.84, remainder_fraction=100.0000%, Lmin=-12069.93, Lmax=-9.42
22:06:59 [ultranest] [DEBUG] iteration=200, ncalls=10155, regioncalls=0, ndraw=40, logz=-3979.76, remainder_fraction=100.0000%, Lmin=-3251.00, Lmax=-9.42
22:06:59 [ultranest] [DEBUG] iteration=240, ncalls=10155, regioncalls=0, ndraw=40, logz=-629.20, remainder_fraction=100.0000%, Lmin=-612.98, Lmax=-5.44
22:06:59 [ultranest] [DEBUG] iteration=280, ncalls=10155, regioncalls=0, ndraw=40, logz=-138.70, remainder_fraction=100.0000%, Lmin=-129.57, Lmax=-5.44
22:06:59 [ultranest] [DEBUG] Plateau detected at L=-1.044486e+02, not replacing live point.
22:06:59 [ultranest] [DEBUG] Plateau detected at L=-1.044486e+02, not replacing live point.
22:06:59 [ultranest] [DEBUG] Plateau detected at L=-1.044486e+02, not replacing live point.
22:06:59 [ultranest] [DEBUG] Plateau detected at L=-1.044486e+02, not replacing live point.
22:06:59 [ultranest] [DEBUG] Plateau detected at L=-1.044486e+02, not replacing live point.
22:06:59 [ultranest] [DEBUG] Plateau detected at L=-1.044486e+02, not replacing live point.
22:06:59 [ultranest] [DEBUG] Plateau detected at L=-1.044486e+02, not replacing live point.
22:06:59 [ultranest] [DEBUG] Plateau detected at L=-1.044486e+02, not replacing live point.
22:06:59 [ultranest] [DEBUG] Plateau detected at L=-1.044486e+02, not replacing live point.
22:06:59 [ultranest] [DEBUG] Plateau detected at L=-1.044486e+02, not replacing live point.
22:06:59 [ultranest] [DEBUG] Plateau detected at L=-1.044486e+02, not replacing live point.
22:06:59 [ultranest] [DEBUG] Plateau detected at L=-1.044486e+02, not replacing live point.
22:06:59 [ultranest] [DEBUG] Plateau detected at L=-1.044486e+02, not replacing live point.
22:06:59 [ultranest] [DEBUG] Plateau detected at L=-1.044486e+02, not replacing live point.
22:06:59 [ultranest] [DEBUG] Plateau detected at L=-1.044486e+02, not replacing live point.
22:06:59 [ultranest] [DEBUG] Plateau detected at L=-1.044486e+02, not replacing live point.
22:06:59 [ultranest] [DEBUG] Plateau detected at L=-1.044486e+02, not replacing live point.
22:06:59 [ultranest] [DEBUG] Plateau detected at L=-1.044486e+02, not replacing live point.
22:06:59 [ultranest] [DEBUG] Plateau detected at L=-1.044486e+02, not replacing live point.
22:06:59 [ultranest] [DEBUG] Plateau detected at L=-1.044486e+02, not replacing live point.
22:06:59 [ultranest] [DEBUG] Plateau detected at L=-1.044486e+02, not replacing live point.
22:06:59 [ultranest] [DEBUG] Plateau detected at L=-1.044486e+02, not replacing live point.
22:06:59 [ultranest] [DEBUG] Plateau detected at L=-1.044486e+02, not replacing live point.
22:06:59 [ultranest] [DEBUG] Plateau detected at L=-1.044486e+02, not replacing live point.
22:06:59 [ultranest] [DEBUG] Plateau detected at L=-1.044486e+02, not replacing live point.
22:06:59 [ultranest] [DEBUG] Plateau detected at L=-1.044486e+02, not replacing live point.
22:06:59 [ultranest] [DEBUG] Plateau detected at L=-1.044486e+02, not replacing live point.
22:06:59 [ultranest] [DEBUG] Plateau detected at L=-1.044486e+02, not replacing live point.
22:06:59 [ultranest] [DEBUG] Plateau detected at L=-1.044486e+02, not replacing live point.
22:06:59 [ultranest] [DEBUG] Plateau detected at L=-1.044486e+02, not replacing live point.
22:06:59 [ultranest] [DEBUG] Plateau detected at L=-1.044486e+02, not replacing live point.
22:06:59 [ultranest] [DEBUG] Plateau detected at L=-1.044486e+02, not replacing live point.
22:06:59 [ultranest] [DEBUG] Plateau detected at L=-1.044486e+02, not replacing live point.
22:06:59 [ultranest] [DEBUG] Plateau detected at L=-1.044486e+02, not replacing live point.
22:06:59 [ultranest] [DEBUG] Plateau detected at L=-1.044486e+02, not replacing live point.
22:06:59 [ultranest] [DEBUG] Plateau detected at L=-1.044486e+02, not replacing live point.
22:06:59 [ultranest] [DEBUG] Plateau detected at L=-1.044486e+02, not replacing live point.
22:06:59 [ultranest] [DEBUG] Plateau detected at L=-1.044486e+02, not replacing live point.
22:06:59 [ultranest] [DEBUG] Plateau detected at L=-1.044486e+02, not replacing live point.
22:06:59 [ultranest] [DEBUG] Plateau detected at L=-1.044486e+02, not replacing live point.
22:06:59 [ultranest] [DEBUG] Plateau detected at L=-1.044486e+02, not replacing live point.
22:06:59 [ultranest] [DEBUG] Plateau detected at L=-1.044486e+02, not replacing live point.
22:06:59 [ultranest] [DEBUG] Plateau detected at L=-1.044486e+02, not replacing live point.
22:06:59 [ultranest] [DEBUG] Plateau detected at L=-1.044486e+02, not replacing live point.
22:06:59 [ultranest] [DEBUG] Plateau detected at L=-1.044486e+02, not replacing live point.
22:06:59 [ultranest] [DEBUG] Plateau detected at L=-1.044486e+02, not replacing live point.
22:06:59 [ultranest] [DEBUG] Plateau detected at L=-1.044486e+02, not replacing live point.
22:06:59 [ultranest] [DEBUG] Plateau detected at L=-1.044486e+02, not replacing live point.
22:06:59 [ultranest] [DEBUG] Plateau detected at L=-1.044486e+02, not replacing live point.
22:06:59 [ultranest] [DEBUG] Plateau detected at L=-1.044486e+02, not replacing live point.
22:06:59 [ultranest] [DEBUG] Plateau detected at L=-1.044486e+02, not replacing live point.
22:06:59 [ultranest] [DEBUG] Plateau detected at L=-1.044486e+02, not replacing live point.
22:06:59 [ultranest] [DEBUG] Plateau detected at L=-1.044486e+02, not replacing live point.
22:06:59 [ultranest] [DEBUG] Plateau detected at L=-1.044486e+02, not replacing live point.
22:06:59 [ultranest] [DEBUG] Plateau detected at L=-1.044486e+02, not replacing live point.
22:06:59 [ultranest] [DEBUG] Plateau detected at L=-1.044486e+02, not replacing live point.
22:06:59 [ultranest] [DEBUG] Plateau detected at L=-1.044486e+02, not replacing live point.
22:06:59 [ultranest] [DEBUG] iteration=360, ncalls=10155, regioncalls=0, ndraw=40, logz=-107.10, remainder_fraction=100.0000%, Lmin=-104.45, Lmax=-5.44
22:06:59 [ultranest] [DEBUG] Plateau detected at L=-1.044486e+02, not replacing live point.
22:06:59 [ultranest] [DEBUG] iteration=363, ncalls=10155, regioncalls=0, ndraw=40, logz=-107.05, remainder_fraction=100.0000%, Lmin=-104.45, Lmax=-5.44
22:06:59 [ultranest] [DEBUG] Plateau detected at L=-1.044486e+02, not replacing live point.
22:06:59 [ultranest] [DEBUG] iteration=369, ncalls=10155, regioncalls=0, ndraw=40, logz=-106.96, remainder_fraction=100.0000%, Lmin=-104.45, Lmax=-5.44
22:06:59 [ultranest] [DEBUG] iteration=400, ncalls=10155, regioncalls=0, ndraw=40, logz=-106.61, remainder_fraction=100.0000%, Lmin=-104.45, Lmax=-5.44
22:06:59 [ultranest] [DEBUG] iteration=440, ncalls=10155, regioncalls=0, ndraw=40, logz=-106.32, remainder_fraction=100.0000%, Lmin=-104.45, Lmax=-5.44
22:06:59 [ultranest] [DEBUG] iteration=446, ncalls=10155, regioncalls=0, ndraw=40, logz=-106.28, remainder_fraction=100.0000%, Lmin=-104.45, Lmax=-5.44
22:06:59 [ultranest] [DEBUG] iteration=480, ncalls=10155, regioncalls=0, ndraw=40, logz=-106.11, remainder_fraction=100.0000%, Lmin=-104.45, Lmax=-5.44
22:06:59 [ultranest] [DEBUG] iteration=520, ncalls=10155, regioncalls=0, ndraw=40, logz=-105.95, remainder_fraction=100.0000%, Lmin=-104.35, Lmax=-5.44
22:06:59 [ultranest] [DEBUG] iteration=560, ncalls=10155, regioncalls=0, ndraw=40, logz=-105.80, remainder_fraction=100.0000%, Lmin=-103.85, Lmax=-5.44
22:06:59 [ultranest] [DEBUG] iteration=600, ncalls=10155, regioncalls=0, ndraw=40, logz=-105.51, remainder_fraction=100.0000%, Lmin=-102.58, Lmax=-5.44
22:06:59 [ultranest] [DEBUG] iteration=640, ncalls=10155, regioncalls=0, ndraw=40, logz=-104.81, remainder_fraction=100.0000%, Lmin=-101.10, Lmax=-5.44
22:06:59 [ultranest] [DEBUG] iteration=680, ncalls=10155, regioncalls=0, ndraw=40, logz=-103.88, remainder_fraction=100.0000%, Lmin=-99.82, Lmax=-5.44
22:06:59 [ultranest] [DEBUG] iteration=720, ncalls=10155, regioncalls=0, ndraw=40, logz=-101.79, remainder_fraction=100.0000%, Lmin=-96.48, Lmax=-5.44
22:06:59 [ultranest] [DEBUG] iteration=754, ncalls=10155, regioncalls=0, ndraw=40, logz=-98.82, remainder_fraction=100.0000%, Lmin=-92.74, Lmax=-5.44
22:06:59 [ultranest] [DEBUG] iteration=760, ncalls=10155, regioncalls=0, ndraw=40, logz=-98.04, remainder_fraction=100.0000%, Lmin=-92.18, Lmax=-5.44
22:06:59 [ultranest] [DEBUG] iteration=800, ncalls=10155, regioncalls=0, ndraw=40, logz=-94.29, remainder_fraction=100.0000%, Lmin=-88.78, Lmax=-5.44
22:06:59 [ultranest] [DEBUG] iteration=831, ncalls=10155, regioncalls=0, ndraw=40, logz=-91.81, remainder_fraction=100.0000%, Lmin=-86.42, Lmax=-5.44
22:06:59 [ultranest] [DEBUG] iteration=840, ncalls=10155, regioncalls=0, ndraw=40, logz=-91.31, remainder_fraction=100.0000%, Lmin=-86.14, Lmax=-5.44
22:06:59 [ultranest] [DEBUG] iteration=880, ncalls=10155, regioncalls=0, ndraw=40, logz=-87.71, remainder_fraction=100.0000%, Lmin=-81.71, Lmax=-5.44
22:06:59 [ultranest] [DEBUG] iteration=908, ncalls=10155, regioncalls=0, ndraw=40, logz=-85.19, remainder_fraction=100.0000%, Lmin=-79.20, Lmax=-5.44
22:06:59 [ultranest] [DEBUG] iteration=920, ncalls=10155, regioncalls=0, ndraw=40, logz=-84.17, remainder_fraction=100.0000%, Lmin=-78.23, Lmax=-5.44
22:06:59 [ultranest] [DEBUG] iteration=960, ncalls=10155, regioncalls=0, ndraw=40, logz=-79.99, remainder_fraction=100.0000%, Lmin=-73.70, Lmax=-5.44
22:06:59 [ultranest] [DEBUG] iteration=985, ncalls=10155, regioncalls=0, ndraw=40, logz=-77.59, remainder_fraction=100.0000%, Lmin=-71.51, Lmax=-5.44
22:06:59 [ultranest] [DEBUG] iteration=1000, ncalls=10155, regioncalls=0, ndraw=40, logz=-76.02, remainder_fraction=100.0000%, Lmin=-69.70, Lmax=-5.44
22:06:59 [ultranest] [DEBUG] iteration=1040, ncalls=10155, regioncalls=0, ndraw=40, logz=-71.22, remainder_fraction=100.0000%, Lmin=-64.60, Lmax=-5.44
22:06:59 [ultranest] [DEBUG] iteration=1080, ncalls=10155, regioncalls=0, ndraw=40, logz=-66.38, remainder_fraction=100.0000%, Lmin=-59.92, Lmax=-4.83
22:06:59 [ultranest] [DEBUG] iteration=1120, ncalls=10155, regioncalls=0, ndraw=40, logz=-62.14, remainder_fraction=100.0000%, Lmin=-55.55, Lmax=-4.07
22:06:59 [ultranest] [DEBUG] iteration=1160, ncalls=10155, regioncalls=0, ndraw=40, logz=-58.94, remainder_fraction=100.0000%, Lmin=-52.40, Lmax=-4.07
22:06:59 [ultranest] [DEBUG] iteration=1200, ncalls=10155, regioncalls=0, ndraw=40, logz=-55.49, remainder_fraction=100.0000%, Lmin=-48.67, Lmax=-3.56
22:06:59 [ultranest] [DEBUG] iteration=1240, ncalls=10155, regioncalls=0, ndraw=40, logz=-52.43, remainder_fraction=100.0000%, Lmin=-45.85, Lmax=-3.56
22:06:59 [ultranest] [DEBUG] iteration=1280, ncalls=10155, regioncalls=0, ndraw=40, logz=-49.27, remainder_fraction=100.0000%, Lmin=-42.41, Lmax=-3.56
22:06:59 [ultranest] [DEBUG] iteration=1293, ncalls=10155, regioncalls=0, ndraw=40, logz=-48.20, remainder_fraction=100.0000%, Lmin=-40.86, Lmax=-3.56
22:06:59 [ultranest] [DEBUG] iteration=1320, ncalls=10155, regioncalls=0, ndraw=40, logz=-46.22, remainder_fraction=100.0000%, Lmin=-39.56, Lmax=-3.56
22:06:59 [ultranest] [DEBUG] iteration=1360, ncalls=10155, regioncalls=0, ndraw=40, logz=-44.08, remainder_fraction=100.0000%, Lmin=-37.31, Lmax=-3.56
22:06:59 [ultranest] [DEBUG] iteration=1400, ncalls=10155, regioncalls=0, ndraw=40, logz=-41.91, remainder_fraction=100.0000%, Lmin=-35.00, Lmax=-3.50
22:06:59 [ultranest] [DEBUG] iteration=1440, ncalls=10155, regioncalls=0, ndraw=40, logz=-39.65, remainder_fraction=100.0000%, Lmin=-32.62, Lmax=-3.12
22:06:59 [ultranest] [DEBUG] iteration=1480, ncalls=10155, regioncalls=0, ndraw=40, logz=-37.40, remainder_fraction=100.0000%, Lmin=-30.41, Lmax=-3.12
22:06:59 [ultranest] [DEBUG] iteration=1520, ncalls=10155, regioncalls=0, ndraw=40, logz=-35.44, remainder_fraction=100.0000%, Lmin=-28.26, Lmax=-3.12
22:06:59 [ultranest] [DEBUG] iteration=1524, ncalls=10155, regioncalls=0, ndraw=40, logz=-35.24, remainder_fraction=100.0000%, Lmin=-28.14, Lmax=-3.12
22:06:59 [ultranest] [DEBUG] iteration=1560, ncalls=10155, regioncalls=0, ndraw=40, logz=-33.63, remainder_fraction=100.0000%, Lmin=-26.56, Lmax=-3.12
22:06:59 [ultranest] [DEBUG] iteration=1600, ncalls=10155, regioncalls=0, ndraw=40, logz=-32.04, remainder_fraction=100.0000%, Lmin=-24.93, Lmax=-3.12
22:07:00 [ultranest] [DEBUG] iteration=1601, ncalls=10155, regioncalls=0, ndraw=40, logz=-32.00, remainder_fraction=100.0000%, Lmin=-24.90, Lmax=-3.12
22:07:00 [ultranest] [DEBUG] iteration=1640, ncalls=10155, regioncalls=0, ndraw=40, logz=-30.38, remainder_fraction=100.0000%, Lmin=-22.98, Lmax=-3.12
22:07:00 [ultranest] [DEBUG] iteration=1678, ncalls=10155, regioncalls=0, ndraw=40, logz=-28.60, remainder_fraction=100.0000%, Lmin=-21.09, Lmax=-3.12
22:07:00 [ultranest] [DEBUG] iteration=1680, ncalls=10155, regioncalls=0, ndraw=40, logz=-28.51, remainder_fraction=100.0000%, Lmin=-21.06, Lmax=-3.12
22:07:00 [ultranest] [DEBUG] iteration=1720, ncalls=10155, regioncalls=0, ndraw=40, logz=-26.90, remainder_fraction=100.0000%, Lmin=-19.50, Lmax=-3.12
22:07:00 [ultranest] [DEBUG] iteration=1755, ncalls=10155, regioncalls=0, ndraw=40, logz=-25.71, remainder_fraction=99.9999%, Lmin=-18.20, Lmax=-3.12
22:07:00 [ultranest] [DEBUG] iteration=1760, ncalls=10155, regioncalls=0, ndraw=40, logz=-25.53, remainder_fraction=99.9999%, Lmin=-18.01, Lmax=-3.12
22:07:00 [ultranest] [DEBUG] iteration=1800, ncalls=10155, regioncalls=0, ndraw=40, logz=-24.19, remainder_fraction=99.9998%, Lmin=-16.64, Lmax=-3.12
22:07:00 [ultranest] [DEBUG] iteration=1832, ncalls=10155, regioncalls=0, ndraw=40, logz=-23.17, remainder_fraction=99.9993%, Lmin=-15.62, Lmax=-3.12
22:07:00 [ultranest] [DEBUG] iteration=1840, ncalls=10155, regioncalls=0, ndraw=40, logz=-22.95, remainder_fraction=99.9991%, Lmin=-15.42, Lmax=-3.12
22:07:00 [ultranest] [DEBUG] iteration=1880, ncalls=10155, regioncalls=0, ndraw=40, logz=-21.91, remainder_fraction=99.9976%, Lmin=-14.49, Lmax=-3.02
22:07:00 [ultranest] [DEBUG] iteration=1909, ncalls=10155, regioncalls=0, ndraw=40, logz=-21.32, remainder_fraction=99.9956%, Lmin=-13.89, Lmax=-3.02
22:07:00 [ultranest] [DEBUG] iteration=1920, ncalls=10155, regioncalls=0, ndraw=40, logz=-21.10, remainder_fraction=99.9944%, Lmin=-13.71, Lmax=-3.02
22:07:00 [ultranest] [DEBUG] iteration=1960, ncalls=10155, regioncalls=0, ndraw=40, logz=-20.29, remainder_fraction=99.9874%, Lmin=-12.63, Lmax=-3.02
22:07:00 [ultranest] [DEBUG] iteration=2000, ncalls=10155, regioncalls=0, ndraw=40, logz=-19.46, remainder_fraction=99.9714%, Lmin=-11.82, Lmax=-3.02
22:07:00 [ultranest] [DEBUG] iteration=2040, ncalls=10155, regioncalls=0, ndraw=40, logz=-18.72, remainder_fraction=99.9390%, Lmin=-11.12, Lmax=-3.02
22:07:00 [ultranest] [DEBUG] iteration=2080, ncalls=10155, regioncalls=0, ndraw=40, logz=-18.08, remainder_fraction=99.8901%, Lmin=-10.51, Lmax=-3.02
22:07:00 [ultranest] [DEBUG] iteration=2120, ncalls=10155, regioncalls=0, ndraw=40, logz=-17.56, remainder_fraction=99.8092%, Lmin=-9.98, Lmax=-3.02
22:07:00 [ultranest] [DEBUG] iteration=2160, ncalls=10155, regioncalls=0, ndraw=40, logz=-17.06, remainder_fraction=99.6846%, Lmin=-9.38, Lmax=-3.00
22:07:00 [ultranest] [DEBUG] iteration=2200, ncalls=10155, regioncalls=0, ndraw=40, logz=-16.55, remainder_fraction=99.4680%, Lmin=-8.88, Lmax=-3.00
22:07:00 [ultranest] [DEBUG] iteration=2217, ncalls=10155, regioncalls=0, ndraw=40, logz=-16.36, remainder_fraction=99.3586%, Lmin=-8.60, Lmax=-3.00
22:07:00 [ultranest] [DEBUG] iteration=2240, ncalls=10155, regioncalls=0, ndraw=40, logz=-16.10, remainder_fraction=99.1533%, Lmin=-8.35, Lmax=-3.00
22:07:00 [ultranest] [DEBUG] iteration=2280, ncalls=10155, regioncalls=0, ndraw=40, logz=-15.64, remainder_fraction=98.6069%, Lmin=-7.60, Lmax=-3.00
22:07:00 [ultranest] [DEBUG] iteration=2294, ncalls=10155, regioncalls=0, ndraw=40, logz=-15.46, remainder_fraction=98.3399%, Lmin=-7.45, Lmax=-3.00
22:07:00 [ultranest] [DEBUG] iteration=2320, ncalls=10155, regioncalls=0, ndraw=40, logz=-15.16, remainder_fraction=97.7284%, Lmin=-7.21, Lmax=-3.00
22:07:00 [ultranest] [DEBUG] iteration=2360, ncalls=10155, regioncalls=0, ndraw=40, logz=-14.75, remainder_fraction=96.6239%, Lmin=-6.73, Lmax=-3.00
22:07:00 [ultranest] [DEBUG] iteration=2371, ncalls=10155, regioncalls=0, ndraw=40, logz=-14.64, remainder_fraction=96.2121%, Lmin=-6.64, Lmax=-3.00
22:07:00 [ultranest] [DEBUG] iteration=2400, ncalls=10155, regioncalls=0, ndraw=40, logz=-14.38, remainder_fraction=95.1228%, Lmin=-6.40, Lmax=-2.99
22:07:00 [ultranest] [DEBUG] iteration=2440, ncalls=10155, regioncalls=0, ndraw=40, logz=-14.06, remainder_fraction=93.2060%, Lmin=-6.13, Lmax=-2.99
22:07:00 [ultranest] [DEBUG] iteration=2448, ncalls=10155, regioncalls=0, ndraw=40, logz=-14.00, remainder_fraction=92.8362%, Lmin=-6.04, Lmax=-2.99
22:07:00 [ultranest] [DEBUG] iteration=2480, ncalls=10155, regioncalls=0, ndraw=40, logz=-13.78, remainder_fraction=91.4527%, Lmin=-5.83, Lmax=-2.99
22:07:00 [ultranest] [DEBUG] iteration=2520, ncalls=10155, regioncalls=0, ndraw=40, logz=-13.53, remainder_fraction=89.2349%, Lmin=-5.63, Lmax=-2.99
22:07:00 [ultranest] [DEBUG] iteration=2525, ncalls=10155, regioncalls=0, ndraw=40, logz=-13.50, remainder_fraction=88.8592%, Lmin=-5.61, Lmax=-2.99
22:07:00 [ultranest] [DEBUG] iteration=2560, ncalls=10155, regioncalls=0, ndraw=40, logz=-13.32, remainder_fraction=86.6394%, Lmin=-5.44, Lmax=-2.99
22:07:00 [ultranest] [DEBUG] iteration=2600, ncalls=10155, regioncalls=0, ndraw=40, logz=-13.13, remainder_fraction=83.6239%, Lmin=-5.21, Lmax=-2.99
22:07:00 [ultranest] [DEBUG] iteration=2640, ncalls=10155, regioncalls=0, ndraw=40, logz=-12.95, remainder_fraction=80.8226%, Lmin=-4.99, Lmax=-2.99
22:07:00 [ultranest] [DEBUG] iteration=2679, ncalls=10155, regioncalls=0, ndraw=40, logz=-12.80, remainder_fraction=77.5996%, Lmin=-4.82, Lmax=-2.99
22:07:00 [ultranest] [DEBUG] iteration=2680, ncalls=10155, regioncalls=0, ndraw=40, logz=-12.79, remainder_fraction=77.5271%, Lmin=-4.82, Lmax=-2.99
22:07:00 [ultranest] [DEBUG] iteration=2720, ncalls=10155, regioncalls=0, ndraw=40, logz=-12.65, remainder_fraction=74.2216%, Lmin=-4.65, Lmax=-2.99
22:07:00 [ultranest] [DEBUG] iteration=2756, ncalls=10155, regioncalls=0, ndraw=40, logz=-12.53, remainder_fraction=70.8073%, Lmin=-4.50, Lmax=-2.99
22:07:00 [ultranest] [DEBUG] iteration=2760, ncalls=10155, regioncalls=0, ndraw=40, logz=-12.52, remainder_fraction=70.4052%, Lmin=-4.49, Lmax=-2.99
22:07:00 [ultranest] [DEBUG] iteration=2800, ncalls=10155, regioncalls=0, ndraw=40, logz=-12.40, remainder_fraction=66.5493%, Lmin=-4.32, Lmax=-2.99
22:07:00 [ultranest] [DEBUG] iteration=2840, ncalls=10155, regioncalls=0, ndraw=40, logz=-12.28, remainder_fraction=62.5573%, Lmin=-4.18, Lmax=-2.99
22:07:00 [ultranest] [DEBUG] iteration=2880, ncalls=10155, regioncalls=0, ndraw=40, logz=-12.18, remainder_fraction=58.4427%, Lmin=-4.04, Lmax=-2.99
22:07:00 [ultranest] [DEBUG] iteration=2910, ncalls=10155, regioncalls=0, ndraw=40, logz=-12.11, remainder_fraction=55.2980%, Lmin=-3.98, Lmax=-2.99
22:07:00 [ultranest] [DEBUG] iteration=2920, ncalls=10155, regioncalls=0, ndraw=40, logz=-12.09, remainder_fraction=54.2888%, Lmin=-3.94, Lmax=-2.99
22:07:00 [ultranest] [DEBUG] iteration=2960, ncalls=10155, regioncalls=0, ndraw=40, logz=-12.00, remainder_fraction=50.3581%, Lmin=-3.85, Lmax=-2.99
22:07:00 [ultranest] [DEBUG] iteration=2987, ncalls=10155, regioncalls=0, ndraw=40, logz=-11.95, remainder_fraction=47.6762%, Lmin=-3.79, Lmax=-2.99
22:07:00 [ultranest] [DEBUG] iteration=3000, ncalls=10155, regioncalls=0, ndraw=40, logz=-11.93, remainder_fraction=46.3380%, Lmin=-3.78, Lmax=-2.99
22:07:00 [ultranest] [DEBUG] iteration=3040, ncalls=10155, regioncalls=0, ndraw=40, logz=-11.86, remainder_fraction=42.8163%, Lmin=-3.71, Lmax=-2.99
22:07:00 [ultranest] [DEBUG] iteration=3080, ncalls=10155, regioncalls=0, ndraw=40, logz=-11.80, remainder_fraction=39.3735%, Lmin=-3.64, Lmax=-2.99
22:07:00 [ultranest] [DEBUG] iteration=3120, ncalls=10155, regioncalls=0, ndraw=40, logz=-11.75, remainder_fraction=36.2224%, Lmin=-3.60, Lmax=-2.99
22:07:00 [ultranest] [DEBUG] iteration=3160, ncalls=10155, regioncalls=0, ndraw=40, logz=-11.70, remainder_fraction=33.1655%, Lmin=-3.53, Lmax=-2.99
22:07:00 [ultranest] [DEBUG] iteration=3200, ncalls=10155, regioncalls=0, ndraw=40, logz=-11.66, remainder_fraction=30.3314%, Lmin=-3.49, Lmax=-2.99
22:07:00 [ultranest] [DEBUG] iteration=3218, ncalls=10155, regioncalls=0, ndraw=40, logz=-11.64, remainder_fraction=28.9899%, Lmin=-3.46, Lmax=-2.99
22:07:00 [ultranest] [DEBUG] iteration=3240, ncalls=10155, regioncalls=0, ndraw=40, logz=-11.62, remainder_fraction=27.5309%, Lmin=-3.44, Lmax=-2.99
22:07:00 [ultranest] [DEBUG] iteration=3280, ncalls=10155, regioncalls=0, ndraw=40, logz=-11.58, remainder_fraction=25.0452%, Lmin=-3.40, Lmax=-2.99
22:07:00 [ultranest] [DEBUG] iteration=3295, ncalls=10155, regioncalls=0, ndraw=40, logz=-11.57, remainder_fraction=24.1226%, Lmin=-3.39, Lmax=-2.99
22:07:00 [ultranest] [DEBUG] iteration=3320, ncalls=10155, regioncalls=0, ndraw=40, logz=-11.55, remainder_fraction=22.7244%, Lmin=-3.36, Lmax=-2.99
22:07:01 [ultranest] [DEBUG] iteration=3360, ncalls=10155, regioncalls=0, ndraw=40, logz=-11.53, remainder_fraction=20.5320%, Lmin=-3.32, Lmax=-2.99
22:07:01 [ultranest] [DEBUG] iteration=3400, ncalls=10155, regioncalls=0, ndraw=40, logz=-11.50, remainder_fraction=18.5417%, Lmin=-3.30, Lmax=-2.99
22:07:01 [ultranest] [DEBUG] iteration=3440, ncalls=10155, regioncalls=0, ndraw=40, logz=-11.48, remainder_fraction=16.7591%, Lmin=-3.28, Lmax=-2.99
22:07:01 [ultranest] [DEBUG] iteration=3449, ncalls=10155, regioncalls=0, ndraw=40, logz=-11.47, remainder_fraction=16.3819%, Lmin=-3.27, Lmax=-2.99
22:07:01 [ultranest] [DEBUG] iteration=3480, ncalls=10155, regioncalls=0, ndraw=40, logz=-11.46, remainder_fraction=15.1213%, Lmin=-3.26, Lmax=-2.99
22:07:01 [ultranest] [DEBUG] iteration=3520, ncalls=10155, regioncalls=0, ndraw=40, logz=-11.44, remainder_fraction=13.6368%, Lmin=-3.23, Lmax=-2.99
22:07:01 [ultranest] [DEBUG] iteration=3526, ncalls=10155, regioncalls=0, ndraw=40, logz=-11.44, remainder_fraction=13.4202%, Lmin=-3.22, Lmax=-2.99
22:07:01 [ultranest] [DEBUG] iteration=3560, ncalls=10155, regioncalls=0, ndraw=40, logz=-11.43, remainder_fraction=12.2787%, Lmin=-3.20, Lmax=-2.99
22:07:01 [ultranest] [DEBUG] iteration=3600, ncalls=10155, regioncalls=0, ndraw=40, logz=-11.41, remainder_fraction=11.0362%, Lmin=-3.18, Lmax=-2.99
22:07:01 [ultranest] [DEBUG] iteration=3603, ncalls=10155, regioncalls=0, ndraw=40, logz=-11.41, remainder_fraction=10.9446%, Lmin=-3.18, Lmax=-2.99
22:07:01 [ultranest] [DEBUG] iteration=3640, ncalls=10155, regioncalls=0, ndraw=40, logz=-11.40, remainder_fraction=9.9214%, Lmin=-3.16, Lmax=-2.99
22:07:01 [ultranest] [DEBUG] iteration=3680, ncalls=10155, regioncalls=0, ndraw=40, logz=-11.39, remainder_fraction=8.8960%, Lmin=-3.14, Lmax=-2.99
22:07:01 [ultranest] [DEBUG] iteration=3720, ncalls=10155, regioncalls=0, ndraw=40, logz=-11.38, remainder_fraction=7.9677%, Lmin=-3.13, Lmax=-2.98
22:07:01 [ultranest] [DEBUG] iteration=3757, ncalls=10155, regioncalls=0, ndraw=40, logz=-11.37, remainder_fraction=7.1877%, Lmin=-3.11, Lmax=-2.98
22:07:01 [ultranest] [DEBUG] iteration=3760, ncalls=10155, regioncalls=0, ndraw=40, logz=-11.37, remainder_fraction=7.1298%, Lmin=-3.11, Lmax=-2.98
22:07:01 [ultranest] [DEBUG] iteration=3800, ncalls=10155, regioncalls=0, ndraw=40, logz=-11.36, remainder_fraction=6.3835%, Lmin=-3.10, Lmax=-2.98
22:07:01 [ultranest] [DEBUG] iteration=3840, ncalls=10155, regioncalls=0, ndraw=40, logz=-11.35, remainder_fraction=5.7078%, Lmin=-3.09, Lmax=-2.98
22:07:01 [ultranest] [INFO] Explored until L=-3  
22:07:01 [ultranest] [INFO] Likelihood function evaluations: 10155
22:07:02 [ultranest] [INFO] Writing samples and results to disk ...
22:07:02 [ultranest] [INFO] Writing samples and results to disk ... done
22:07:02 [ultranest] [DEBUG] did a run_iter pass!
22:07:02 [ultranest] [INFO]   logZ = -11.29 +- 0.1358
22:07:02 [ultranest] [INFO] Effective samples strategy satisfied (ESS = 1462.4, need >400)
22:07:02 [ultranest] [INFO] Posterior uncertainty strategy is satisfied (KL: 0.46+-0.07 nat, need <0.50 nat)
22:07:02 [ultranest] [INFO] Evidency uncertainty strategy is satisfied (dlogz=0.15, need <0.5)
22:07:02 [ultranest] [INFO]   logZ error budget: single: 0.14 bs:0.14 tail:0.05 total:0.15 required:<0.50
22:07:02 [ultranest] [INFO] done iterating.
22:07:02 [ultranest] [DEBUG] Making corner plot ...
22:07:04 [ultranest] [DEBUG] Making corner plot ... done
22:07:04 [ultranest] [DEBUG] Making run plot ... 
22:07:04 [ultranest] [DEBUG] Making run plot ... done
22:07:04 [ultranest] [DEBUG] Making trace plot ... 
22:07:05 [ultranest] [DEBUG] Making trace plot ... done
