09:28:05 [ultranest] [DEBUG] ReactiveNestedSampler: dims=3+0, resume=True, log_dir=/home/orion51/Desktop/Research/spectral_fitting/FGL_spectral_fitting/Individual_sources/2CXOJ044308.1+361310/bb_out_, backend=hdf5, vectorized=False, nbootstraps=30, ndraw=128..65536
09:28:05 [ultranest] [INFO] Sampling 400 live points from prior ...
09:28:06 [ultranest] [DEBUG] run_iter dlogz=0.5, dKL=0.5, frac_remain=0.01, Lepsilon=0.1000, min_ess=400
09:28:06 [ultranest] [DEBUG] max_iters=-1, max_ncalls=-1, max_num_improvement_loops=-1, min_num_live_points=400, cluster_num_live_points=40
09:28:06 [ultranest] [DEBUG] minimal_widths_sequence: [(-inf, 400.0), (inf, 400.0)]
09:28:06 [ultranest] [DEBUG] iteration=0, ncalls=401, regioncalls=40, ndraw=40, logz=-inf, remainder_fraction=100.0000%, Lmin=-210046856.62, Lmax=-15.92
09:28:06 [ultranest] [DEBUG] iteration=30, ncalls=433, regioncalls=1320, ndraw=40, logz=-11010.68, remainder_fraction=100.0000%, Lmin=-8282.37, Lmax=-15.92
09:28:06 [ultranest] [DEBUG] iteration=40, ncalls=444, regioncalls=1760, ndraw=40, logz=-1426.16, remainder_fraction=100.0000%, Lmin=-760.71, Lmax=-15.92
09:28:06 [ultranest] [DEBUG] Plateau detected at L=-9.061744e+01, not replacing live point.
09:28:06 [ultranest] [DEBUG] Plateau detected at L=-9.061744e+01, not replacing live point.
09:28:06 [ultranest] [DEBUG] Plateau detected at L=-9.061744e+01, not replacing live point.
09:28:06 [ultranest] [DEBUG] Plateau detected at L=-9.061744e+01, not replacing live point.
09:28:06 [ultranest] [DEBUG] Plateau detected at L=-9.061744e+01, not replacing live point.
09:28:06 [ultranest] [DEBUG] Plateau detected at L=-9.061744e+01, not replacing live point.
09:28:06 [ultranest] [DEBUG] Plateau detected at L=-9.061744e+01, not replacing live point.
09:28:06 [ultranest] [DEBUG] Plateau detected at L=-9.061744e+01, not replacing live point.
09:28:06 [ultranest] [DEBUG] Plateau detected at L=-9.061744e+01, not replacing live point.
09:28:06 [ultranest] [DEBUG] Plateau detected at L=-9.061744e+01, not replacing live point.
09:28:06 [ultranest] [DEBUG] Plateau detected at L=-9.061744e+01, not replacing live point.
09:28:06 [ultranest] [DEBUG] Plateau detected at L=-9.061744e+01, not replacing live point.
09:28:06 [ultranest] [DEBUG] Plateau detected at L=-9.061744e+01, not replacing live point.
09:28:06 [ultranest] [DEBUG] Plateau detected at L=-9.061744e+01, not replacing live point.
09:28:06 [ultranest] [DEBUG] Plateau detected at L=-9.061744e+01, not replacing live point.
09:28:06 [ultranest] [DEBUG] Plateau detected at L=-9.061744e+01, not replacing live point.
09:28:06 [ultranest] [DEBUG] Plateau detected at L=-9.061744e+01, not replacing live point.
09:28:06 [ultranest] [DEBUG] Plateau detected at L=-9.061744e+01, not replacing live point.
09:28:06 [ultranest] [DEBUG] Plateau detected at L=-9.061744e+01, not replacing live point.
09:28:06 [ultranest] [DEBUG] Plateau detected at L=-9.061744e+01, not replacing live point.
09:28:06 [ultranest] [DEBUG] Plateau detected at L=-9.061744e+01, not replacing live point.
09:28:06 [ultranest] [DEBUG] Plateau detected at L=-9.061744e+01, not replacing live point.
09:28:06 [ultranest] [DEBUG] Plateau detected at L=-9.061744e+01, not replacing live point.
09:28:06 [ultranest] [DEBUG] Plateau detected at L=-9.061744e+01, not replacing live point.
09:28:06 [ultranest] [DEBUG] Plateau detected at L=-9.061744e+01, not replacing live point.
09:28:06 [ultranest] [DEBUG] Plateau detected at L=-9.061744e+01, not replacing live point.
09:28:06 [ultranest] [DEBUG] Plateau detected at L=-9.061744e+01, not replacing live point.
09:28:06 [ultranest] [DEBUG] Plateau detected at L=-9.061744e+01, not replacing live point.
09:28:06 [ultranest] [DEBUG] Plateau detected at L=-9.061744e+01, not replacing live point.
09:28:06 [ultranest] [DEBUG] Plateau detected at L=-9.061744e+01, not replacing live point.
09:28:06 [ultranest] [DEBUG] Plateau detected at L=-9.061744e+01, not replacing live point.
09:28:06 [ultranest] [DEBUG] Plateau detected at L=-9.061744e+01, not replacing live point.
09:28:06 [ultranest] [DEBUG] Plateau detected at L=-9.061744e+01, not replacing live point.
09:28:06 [ultranest] [DEBUG] Plateau detected at L=-9.061744e+01, not replacing live point.
09:28:06 [ultranest] [DEBUG] Plateau detected at L=-9.061744e+01, not replacing live point.
09:28:06 [ultranest] [DEBUG] Plateau detected at L=-9.061744e+01, not replacing live point.
09:28:06 [ultranest] [DEBUG] Plateau detected at L=-9.061744e+01, not replacing live point.
09:28:06 [ultranest] [DEBUG] Plateau detected at L=-9.061744e+01, not replacing live point.
09:28:06 [ultranest] [DEBUG] Plateau detected at L=-9.061744e+01, not replacing live point.
09:28:06 [ultranest] [DEBUG] Plateau detected at L=-9.061744e+01, not replacing live point.
09:28:06 [ultranest] [DEBUG] Plateau detected at L=-9.061744e+01, not replacing live point.
09:28:06 [ultranest] [DEBUG] Plateau detected at L=-9.061744e+01, not replacing live point.
09:28:06 [ultranest] [DEBUG] Plateau detected at L=-9.061744e+01, not replacing live point.
09:28:06 [ultranest] [DEBUG] Plateau detected at L=-9.061744e+01, not replacing live point.
09:28:06 [ultranest] [DEBUG] Plateau detected at L=-9.061744e+01, not replacing live point.
09:28:06 [ultranest] [DEBUG] Plateau detected at L=-9.061744e+01, not replacing live point.
09:28:06 [ultranest] [DEBUG] Plateau detected at L=-9.061744e+01, not replacing live point.
09:28:06 [ultranest] [DEBUG] Plateau detected at L=-9.061744e+01, not replacing live point.
09:28:06 [ultranest] [DEBUG] Plateau detected at L=-9.061744e+01, not replacing live point.
09:28:06 [ultranest] [DEBUG] Plateau detected at L=-9.061744e+01, not replacing live point.
09:28:06 [ultranest] [DEBUG] Plateau detected at L=-9.061744e+01, not replacing live point.
09:28:06 [ultranest] [DEBUG] Plateau detected at L=-9.061744e+01, not replacing live point.
09:28:06 [ultranest] [DEBUG] Plateau detected at L=-9.061744e+01, not replacing live point.
09:28:06 [ultranest] [DEBUG] Plateau detected at L=-9.061744e+01, not replacing live point.
09:28:06 [ultranest] [DEBUG] Plateau detected at L=-9.061744e+01, not replacing live point.
09:28:06 [ultranest] [DEBUG] Plateau detected at L=-9.061744e+01, not replacing live point.
09:28:06 [ultranest] [DEBUG] Plateau detected at L=-9.061744e+01, not replacing live point.
09:28:06 [ultranest] [DEBUG] Plateau detected at L=-9.061744e+01, not replacing live point.
09:28:06 [ultranest] [DEBUG] Plateau detected at L=-9.061744e+01, not replacing live point.
09:28:06 [ultranest] [DEBUG] Plateau detected at L=-9.061744e+01, not replacing live point.
09:28:06 [ultranest] [DEBUG] Plateau detected at L=-9.061744e+01, not replacing live point.
09:28:06 [ultranest] [DEBUG] Plateau detected at L=-9.061744e+01, not replacing live point.
09:28:06 [ultranest] [DEBUG] Plateau detected at L=-9.061744e+01, not replacing live point.
09:28:06 [ultranest] [DEBUG] Plateau detected at L=-9.061744e+01, not replacing live point.
09:28:06 [ultranest] [DEBUG] Plateau detected at L=-9.061744e+01, not replacing live point.
09:28:06 [ultranest] [DEBUG] Plateau detected at L=-9.061744e+01, not replacing live point.
09:28:06 [ultranest] [DEBUG] Plateau detected at L=-9.061744e+01, not replacing live point.
09:28:06 [ultranest] [DEBUG] Plateau detected at L=-9.061744e+01, not replacing live point.
09:28:06 [ultranest] [DEBUG] Plateau detected at L=-9.061744e+01, not replacing live point.
09:28:06 [ultranest] [DEBUG] Plateau detected at L=-9.061744e+01, not replacing live point.
09:28:06 [ultranest] [DEBUG] Plateau detected at L=-9.061744e+01, not replacing live point.
09:28:06 [ultranest] [DEBUG] Plateau detected at L=-9.061744e+01, not replacing live point.
09:28:06 [ultranest] [DEBUG] Plateau detected at L=-9.061744e+01, not replacing live point.
09:28:06 [ultranest] [DEBUG] Plateau detected at L=-9.061744e+01, not replacing live point.
09:28:06 [ultranest] [DEBUG] Plateau detected at L=-9.061744e+01, not replacing live point.
09:28:06 [ultranest] [DEBUG] Plateau detected at L=-9.061744e+01, not replacing live point.
09:28:06 [ultranest] [DEBUG] Plateau detected at L=-9.061744e+01, not replacing live point.
09:28:06 [ultranest] [DEBUG] Plateau detected at L=-9.061744e+01, not replacing live point.
09:28:06 [ultranest] [DEBUG] Plateau detected at L=-9.061744e+01, not replacing live point.
09:28:06 [ultranest] [DEBUG] Plateau detected at L=-9.061744e+01, not replacing live point.
09:28:06 [ultranest] [DEBUG] Plateau detected at L=-9.061744e+01, not replacing live point.
09:28:06 [ultranest] [DEBUG] Plateau detected at L=-9.061744e+01, not replacing live point.
09:28:06 [ultranest] [DEBUG] Plateau detected at L=-9.061744e+01, not replacing live point.
09:28:06 [ultranest] [DEBUG] Plateau detected at L=-9.061744e+01, not replacing live point.
09:28:06 [ultranest] [DEBUG] Plateau detected at L=-9.061744e+01, not replacing live point.
09:28:06 [ultranest] [DEBUG] Plateau detected at L=-9.061744e+01, not replacing live point.
09:28:06 [ultranest] [DEBUG] Plateau detected at L=-9.061744e+01, not replacing live point.
09:28:06 [ultranest] [DEBUG] Plateau detected at L=-9.061744e+01, not replacing live point.
09:28:06 [ultranest] [DEBUG] Plateau detected at L=-9.061744e+01, not replacing live point.
09:28:06 [ultranest] [DEBUG] Plateau detected at L=-9.061744e+01, not replacing live point.
09:28:06 [ultranest] [DEBUG] Plateau detected at L=-9.061744e+01, not replacing live point.
09:28:06 [ultranest] [DEBUG] Plateau detected at L=-9.061744e+01, not replacing live point.
09:28:06 [ultranest] [DEBUG] Plateau detected at L=-9.061744e+01, not replacing live point.
09:28:06 [ultranest] [DEBUG] Plateau detected at L=-9.061744e+01, not replacing live point.
09:28:06 [ultranest] [DEBUG] Plateau detected at L=-9.061744e+01, not replacing live point.
09:28:06 [ultranest] [DEBUG] Plateau detected at L=-9.061744e+01, not replacing live point.
09:28:06 [ultranest] [DEBUG] Plateau detected at L=-9.061744e+01, not replacing live point.
09:28:06 [ultranest] [DEBUG] Plateau detected at L=-9.061744e+01, not replacing live point.
09:28:06 [ultranest] [DEBUG] Plateau detected at L=-9.061744e+01, not replacing live point.
09:28:06 [ultranest] [DEBUG] Plateau detected at L=-9.061744e+01, not replacing live point.
09:28:06 [ultranest] [DEBUG] Plateau detected at L=-9.061744e+01, not replacing live point.
09:28:06 [ultranest] [DEBUG] Plateau detected at L=-9.061744e+01, not replacing live point.
09:28:06 [ultranest] [DEBUG] Plateau detected at L=-9.061744e+01, not replacing live point.
09:28:06 [ultranest] [DEBUG] Plateau detected at L=-9.061744e+01, not replacing live point.
09:28:06 [ultranest] [DEBUG] Plateau detected at L=-9.061744e+01, not replacing live point.
09:28:06 [ultranest] [DEBUG] Plateau detected at L=-9.061744e+01, not replacing live point.
09:28:06 [ultranest] [DEBUG] Plateau detected at L=-9.061744e+01, not replacing live point.
09:28:06 [ultranest] [DEBUG] Plateau detected at L=-9.061744e+01, not replacing live point.
09:28:06 [ultranest] [DEBUG] Plateau detected at L=-9.061744e+01, not replacing live point.
09:28:06 [ultranest] [DEBUG] Plateau detected at L=-9.061744e+01, not replacing live point.
09:28:06 [ultranest] [DEBUG] Plateau detected at L=-9.061744e+01, not replacing live point.
09:28:06 [ultranest] [DEBUG] Plateau detected at L=-9.061744e+01, not replacing live point.
09:28:06 [ultranest] [DEBUG] Plateau detected at L=-9.061744e+01, not replacing live point.
09:28:06 [ultranest] [DEBUG] Plateau detected at L=-9.061744e+01, not replacing live point.
09:28:06 [ultranest] [DEBUG] Plateau detected at L=-9.061744e+01, not replacing live point.
09:28:06 [ultranest] [DEBUG] Plateau detected at L=-9.061744e+01, not replacing live point.
09:28:06 [ultranest] [DEBUG] Plateau detected at L=-9.061744e+01, not replacing live point.
09:28:06 [ultranest] [DEBUG] Plateau detected at L=-9.061744e+01, not replacing live point.
09:28:06 [ultranest] [DEBUG] Plateau detected at L=-9.061744e+01, not replacing live point.
09:28:06 [ultranest] [DEBUG] Plateau detected at L=-9.061744e+01, not replacing live point.
09:28:06 [ultranest] [DEBUG] Plateau detected at L=-9.061744e+01, not replacing live point.
09:28:06 [ultranest] [DEBUG] Plateau detected at L=-9.061744e+01, not replacing live point.
09:28:06 [ultranest] [DEBUG] Plateau detected at L=-9.061744e+01, not replacing live point.
09:28:06 [ultranest] [DEBUG] Plateau detected at L=-9.061744e+01, not replacing live point.
09:28:06 [ultranest] [DEBUG] Plateau detected at L=-9.061744e+01, not replacing live point.
09:28:06 [ultranest] [DEBUG] Plateau detected at L=-9.061744e+01, not replacing live point.
09:28:06 [ultranest] [DEBUG] Plateau detected at L=-9.061744e+01, not replacing live point.
09:28:06 [ultranest] [DEBUG] Plateau detected at L=-9.061744e+01, not replacing live point.
09:28:06 [ultranest] [DEBUG] Plateau detected at L=-9.061744e+01, not replacing live point.
09:28:06 [ultranest] [DEBUG] Plateau detected at L=-9.061744e+01, not replacing live point.
09:28:06 [ultranest] [DEBUG] Plateau detected at L=-9.061744e+01, not replacing live point.
09:28:06 [ultranest] [DEBUG] Plateau detected at L=-9.061744e+01, not replacing live point.
09:28:06 [ultranest] [DEBUG] Plateau detected at L=-9.061744e+01, not replacing live point.
09:28:06 [ultranest] [DEBUG] Plateau detected at L=-9.061744e+01, not replacing live point.
09:28:06 [ultranest] [DEBUG] Plateau detected at L=-9.061744e+01, not replacing live point.
09:28:06 [ultranest] [DEBUG] Plateau detected at L=-9.061744e+01, not replacing live point.
09:28:06 [ultranest] [DEBUG] Plateau detected at L=-9.061744e+01, not replacing live point.
09:28:06 [ultranest] [DEBUG] Plateau detected at L=-9.061744e+01, not replacing live point.
09:28:06 [ultranest] [DEBUG] Plateau detected at L=-9.061744e+01, not replacing live point.
09:28:06 [ultranest] [DEBUG] Plateau detected at L=-9.061744e+01, not replacing live point.
09:28:06 [ultranest] [DEBUG] Plateau detected at L=-9.061744e+01, not replacing live point.
09:28:06 [ultranest] [DEBUG] Plateau detected at L=-9.061744e+01, not replacing live point.
09:28:06 [ultranest] [DEBUG] Plateau detected at L=-9.061744e+01, not replacing live point.
09:28:06 [ultranest] [DEBUG] Plateau detected at L=-9.061744e+01, not replacing live point.
09:28:06 [ultranest] [DEBUG] Plateau detected at L=-9.061744e+01, not replacing live point.
09:28:06 [ultranest] [DEBUG] Plateau detected at L=-9.061744e+01, not replacing live point.
09:28:06 [ultranest] [DEBUG] Plateau detected at L=-9.061744e+01, not replacing live point.
09:28:06 [ultranest] [DEBUG] Plateau detected at L=-9.061744e+01, not replacing live point.
09:28:06 [ultranest] [DEBUG] Plateau detected at L=-9.061744e+01, not replacing live point.
09:28:06 [ultranest] [DEBUG] Plateau detected at L=-9.061744e+01, not replacing live point.
09:28:06 [ultranest] [DEBUG] Plateau detected at L=-9.061744e+01, not replacing live point.
09:28:06 [ultranest] [DEBUG] Plateau detected at L=-9.061744e+01, not replacing live point.
09:28:06 [ultranest] [DEBUG] Plateau detected at L=-9.061744e+01, not replacing live point.
09:28:06 [ultranest] [DEBUG] Plateau detected at L=-9.061744e+01, not replacing live point.
09:28:06 [ultranest] [DEBUG] Plateau detected at L=-9.061744e+01, not replacing live point.
09:28:06 [ultranest] [DEBUG] Plateau detected at L=-9.061744e+01, not replacing live point.
09:28:06 [ultranest] [DEBUG] Plateau detected at L=-9.061744e+01, not replacing live point.
09:28:06 [ultranest] [DEBUG] Plateau detected at L=-9.061744e+01, not replacing live point.
09:28:06 [ultranest] [DEBUG] Plateau detected at L=-9.061744e+01, not replacing live point.
09:28:06 [ultranest] [DEBUG] Plateau detected at L=-9.061744e+01, not replacing live point.
09:28:06 [ultranest] [DEBUG] Plateau detected at L=-9.061744e+01, not replacing live point.
09:28:06 [ultranest] [DEBUG] Plateau detected at L=-9.061744e+01, not replacing live point.
09:28:06 [ultranest] [DEBUG] Plateau detected at L=-9.061744e+01, not replacing live point.
09:28:06 [ultranest] [DEBUG] Plateau detected at L=-9.061744e+01, not replacing live point.
09:28:06 [ultranest] [DEBUG] Plateau detected at L=-9.061744e+01, not replacing live point.
09:28:06 [ultranest] [DEBUG] Plateau detected at L=-9.061744e+01, not replacing live point.
09:28:06 [ultranest] [DEBUG] Plateau detected at L=-9.061744e+01, not replacing live point.
09:28:06 [ultranest] [DEBUG] Plateau detected at L=-9.061744e+01, not replacing live point.
09:28:06 [ultranest] [DEBUG] Plateau detected at L=-9.061744e+01, not replacing live point.
09:28:06 [ultranest] [DEBUG] Plateau detected at L=-9.061744e+01, not replacing live point.
09:28:06 [ultranest] [DEBUG] Plateau detected at L=-9.061744e+01, not replacing live point.
09:28:06 [ultranest] [DEBUG] Plateau detected at L=-9.061744e+01, not replacing live point.
09:28:06 [ultranest] [DEBUG] Plateau detected at L=-9.061744e+01, not replacing live point.
09:28:06 [ultranest] [DEBUG] Plateau detected at L=-9.061744e+01, not replacing live point.
09:28:06 [ultranest] [DEBUG] Plateau detected at L=-9.061744e+01, not replacing live point.
09:28:06 [ultranest] [DEBUG] Plateau detected at L=-9.061744e+01, not replacing live point.
09:28:06 [ultranest] [DEBUG] Plateau detected at L=-9.061744e+01, not replacing live point.
09:28:06 [ultranest] [DEBUG] Plateau detected at L=-9.061744e+01, not replacing live point.
09:28:06 [ultranest] [DEBUG] Plateau detected at L=-9.061744e+01, not replacing live point.
09:28:06 [ultranest] [DEBUG] Plateau detected at L=-9.061744e+01, not replacing live point.
09:28:06 [ultranest] [DEBUG] Plateau detected at L=-9.061744e+01, not replacing live point.
09:28:06 [ultranest] [DEBUG] Plateau detected at L=-9.061744e+01, not replacing live point.
09:28:06 [ultranest] [DEBUG] Plateau detected at L=-9.061744e+01, not replacing live point.
09:28:06 [ultranest] [DEBUG] Plateau detected at L=-9.061744e+01, not replacing live point.
09:28:06 [ultranest] [DEBUG] Plateau detected at L=-9.061744e+01, not replacing live point.
09:28:06 [ultranest] [DEBUG] Plateau detected at L=-9.061744e+01, not replacing live point.
09:28:06 [ultranest] [DEBUG] Plateau detected at L=-9.061744e+01, not replacing live point.
09:28:06 [ultranest] [DEBUG] Plateau detected at L=-9.061744e+01, not replacing live point.
09:28:06 [ultranest] [DEBUG] Plateau detected at L=-9.061744e+01, not replacing live point.
09:28:06 [ultranest] [DEBUG] Plateau detected at L=-9.061744e+01, not replacing live point.
09:28:06 [ultranest] [DEBUG] Plateau detected at L=-9.061744e+01, not replacing live point.
09:28:06 [ultranest] [DEBUG] Plateau detected at L=-9.061744e+01, not replacing live point.
09:28:06 [ultranest] [DEBUG] Plateau detected at L=-9.061744e+01, not replacing live point.
09:28:06 [ultranest] [DEBUG] Plateau detected at L=-9.061744e+01, not replacing live point.
09:28:06 [ultranest] [DEBUG] Plateau detected at L=-9.061744e+01, not replacing live point.
09:28:06 [ultranest] [DEBUG] Plateau detected at L=-9.061744e+01, not replacing live point.
09:28:06 [ultranest] [DEBUG] Plateau detected at L=-9.061744e+01, not replacing live point.
09:28:06 [ultranest] [DEBUG] iteration=261, ncalls=473, regioncalls=2920, ndraw=40, logz=-91.48, remainder_fraction=100.0000%, Lmin=-90.62, Lmax=-15.92
09:28:06 [ultranest] [DEBUG] Plateau detected at L=-9.061744e+01, not replacing live point.
09:28:06 [ultranest] [DEBUG] iteration=264, ncalls=476, regioncalls=3040, ndraw=40, logz=-91.46, remainder_fraction=100.0000%, Lmin=-90.62, Lmax=-15.92
09:28:06 [ultranest] [DEBUG] Plateau detected at L=-9.061744e+01, not replacing live point.
09:28:06 [ultranest] [DEBUG] iteration=266, ncalls=477, regioncalls=3080, ndraw=40, logz=-91.46, remainder_fraction=100.0000%, Lmin=-90.62, Lmax=-15.92
09:28:06 [ultranest] [DEBUG] Plateau detected at L=-9.061744e+01, not replacing live point.
09:28:06 [ultranest] [DEBUG] iteration=271, ncalls=484, regioncalls=3360, ndraw=40, logz=-91.43, remainder_fraction=100.0000%, Lmin=-90.62, Lmax=-15.92
09:28:06 [ultranest] [DEBUG] iteration=280, ncalls=496, regioncalls=3840, ndraw=40, logz=-91.39, remainder_fraction=100.0000%, Lmin=-90.62, Lmax=-15.92
09:28:06 [ultranest] [DEBUG] iteration=301, ncalls=529, regioncalls=5160, ndraw=40, logz=-91.31, remainder_fraction=100.0000%, Lmin=-90.62, Lmax=-15.92
09:28:07 [ultranest] [DEBUG] iteration=316, ncalls=558, regioncalls=6320, ndraw=40, logz=-91.26, remainder_fraction=100.0000%, Lmin=-90.62, Lmax=-15.92
09:28:07 [ultranest] [DEBUG] iteration=320, ncalls=566, regioncalls=6640, ndraw=40, logz=-91.25, remainder_fraction=100.0000%, Lmin=-90.62, Lmax=-15.92
09:28:07 [ultranest] [DEBUG] iteration=341, ncalls=605, regioncalls=8200, ndraw=40, logz=-91.19, remainder_fraction=100.0000%, Lmin=-90.62, Lmax=-15.92
09:28:07 [ultranest] [DEBUG] iteration=360, ncalls=637, regioncalls=9480, ndraw=40, logz=-91.14, remainder_fraction=100.0000%, Lmin=-90.62, Lmax=-15.92
09:28:07 [ultranest] [DEBUG] iteration=361, ncalls=640, regioncalls=9600, ndraw=40, logz=-91.14, remainder_fraction=100.0000%, Lmin=-90.62, Lmax=-15.92
09:28:07 [ultranest] [DEBUG] iteration=381, ncalls=678, regioncalls=11120, ndraw=40, logz=-91.10, remainder_fraction=100.0000%, Lmin=-90.62, Lmax=-15.92
09:28:07 [ultranest] [DEBUG] iteration=400, ncalls=720, regioncalls=12800, ndraw=40, logz=-91.07, remainder_fraction=100.0000%, Lmin=-90.61, Lmax=-13.88
09:28:07 [ultranest] [DEBUG] iteration=419, ncalls=755, regioncalls=14200, ndraw=40, logz=-91.04, remainder_fraction=100.0000%, Lmin=-90.61, Lmax=-13.88
09:28:07 [ultranest] [DEBUG] iteration=440, ncalls=789, regioncalls=15560, ndraw=40, logz=-91.01, remainder_fraction=100.0000%, Lmin=-90.59, Lmax=-13.88
09:28:07 [ultranest] [DEBUG] iteration=454, ncalls=824, regioncalls=16960, ndraw=40, logz=-90.99, remainder_fraction=100.0000%, Lmin=-90.58, Lmax=-13.88
09:28:07 [ultranest] [DEBUG] iteration=471, ncalls=861, regioncalls=18440, ndraw=40, logz=-90.97, remainder_fraction=100.0000%, Lmin=-90.53, Lmax=-13.88
09:28:07 [ultranest] [DEBUG] iteration=480, ncalls=884, regioncalls=19360, ndraw=40, logz=-90.96, remainder_fraction=100.0000%, Lmin=-90.48, Lmax=-13.88
09:28:08 [ultranest] [DEBUG] iteration=494, ncalls=931, regioncalls=21240, ndraw=40, logz=-90.94, remainder_fraction=100.0000%, Lmin=-90.40, Lmax=-13.88
09:28:08 [ultranest] [DEBUG] iteration=510, ncalls=965, regioncalls=22600, ndraw=40, logz=-90.92, remainder_fraction=100.0000%, Lmin=-90.17, Lmax=-13.88
09:28:08 [ultranest] [DEBUG] iteration=520, ncalls=987, regioncalls=23480, ndraw=40, logz=-90.91, remainder_fraction=100.0000%, Lmin=-90.02, Lmax=-13.88
09:28:08 [ultranest] [DEBUG] iteration=539, ncalls=1029, regioncalls=25160, ndraw=40, logz=-90.88, remainder_fraction=100.0000%, Lmin=-89.76, Lmax=-13.88
09:28:08 [ultranest] [DEBUG] iteration=541, ncalls=1031, regioncalls=25240, ndraw=40, logz=-90.87, remainder_fraction=100.0000%, Lmin=-89.68, Lmax=-13.88
09:28:08 [ultranest] [DEBUG] iteration=555, ncalls=1066, regioncalls=26640, ndraw=40, logz=-90.85, remainder_fraction=100.0000%, Lmin=-89.31, Lmax=-13.88
09:28:08 [ultranest] [DEBUG] iteration=560, ncalls=1081, regioncalls=27240, ndraw=40, logz=-90.83, remainder_fraction=100.0000%, Lmin=-89.23, Lmax=-13.88
09:28:08 [ultranest] [DEBUG] iteration=575, ncalls=1127, regioncalls=29080, ndraw=40, logz=-90.78, remainder_fraction=100.0000%, Lmin=-88.54, Lmax=-12.65
09:28:08 [ultranest] [DEBUG] iteration=586, ncalls=1152, regioncalls=30080, ndraw=40, logz=-90.73, remainder_fraction=100.0000%, Lmin=-88.07, Lmax=-12.65
09:28:08 [ultranest] [DEBUG] iteration=600, ncalls=1191, regioncalls=31640, ndraw=40, logz=-90.58, remainder_fraction=100.0000%, Lmin=-86.85, Lmax=-12.65
09:28:08 [ultranest] [DEBUG] iteration=616, ncalls=1230, regioncalls=33200, ndraw=40, logz=-90.20, remainder_fraction=100.0000%, Lmin=-85.57, Lmax=-12.65
09:28:08 [ultranest] [DEBUG] iteration=631, ncalls=1263, regioncalls=34520, ndraw=40, logz=-89.39, remainder_fraction=100.0000%, Lmin=-84.04, Lmax=-12.65
09:28:08 [ultranest] [DEBUG] iteration=640, ncalls=1278, regioncalls=35120, ndraw=40, logz=-88.74, remainder_fraction=100.0000%, Lmin=-83.09, Lmax=-12.65
09:28:09 [ultranest] [DEBUG] iteration=656, ncalls=1312, regioncalls=36480, ndraw=40, logz=-87.01, remainder_fraction=100.0000%, Lmin=-81.11, Lmax=-12.65
09:28:09 [ultranest] [DEBUG] iteration=671, ncalls=1351, regioncalls=38080, ndraw=40, logz=-85.61, remainder_fraction=100.0000%, Lmin=-79.67, Lmax=-12.65
09:28:09 [ultranest] [DEBUG] iteration=680, ncalls=1384, regioncalls=39400, ndraw=40, logz=-84.69, remainder_fraction=100.0000%, Lmin=-78.81, Lmax=-12.65
09:28:09 [ultranest] [DEBUG] iteration=695, ncalls=1418, regioncalls=40760, ndraw=40, logz=-83.27, remainder_fraction=100.0000%, Lmin=-76.79, Lmax=-12.65
09:28:09 [ultranest] [DEBUG] iteration=709, ncalls=1456, regioncalls=42280, ndraw=40, logz=-81.17, remainder_fraction=100.0000%, Lmin=-74.70, Lmax=-12.65
09:28:09 [ultranest] [DEBUG] iteration=718, ncalls=1497, regioncalls=43920, ndraw=40, logz=-79.57, remainder_fraction=100.0000%, Lmin=-72.88, Lmax=-12.65
09:28:09 [ultranest] [DEBUG] iteration=720, ncalls=1502, regioncalls=44120, ndraw=40, logz=-79.26, remainder_fraction=100.0000%, Lmin=-72.48, Lmax=-12.65
09:28:09 [ultranest] [DEBUG] iteration=737, ncalls=1538, regioncalls=45560, ndraw=40, logz=-76.04, remainder_fraction=100.0000%, Lmin=-69.26, Lmax=-12.29
09:28:09 [ultranest] [DEBUG] iteration=754, ncalls=1579, regioncalls=47200, ndraw=40, logz=-73.41, remainder_fraction=100.0000%, Lmin=-66.68, Lmax=-12.29
09:28:09 [ultranest] [DEBUG] iteration=760, ncalls=1592, regioncalls=47720, ndraw=40, logz=-72.57, remainder_fraction=100.0000%, Lmin=-66.04, Lmax=-12.29
09:28:09 [ultranest] [DEBUG] iteration=773, ncalls=1641, regioncalls=49680, ndraw=40, logz=-70.73, remainder_fraction=100.0000%, Lmin=-63.64, Lmax=-12.29
09:28:10 [ultranest] [DEBUG] iteration=784, ncalls=1686, regioncalls=51480, ndraw=40, logz=-68.82, remainder_fraction=100.0000%, Lmin=-61.78, Lmax=-12.29
09:28:10 [ultranest] [DEBUG] iteration=799, ncalls=1732, regioncalls=53320, ndraw=40, logz=-66.00, remainder_fraction=100.0000%, Lmin=-59.05, Lmax=-12.29
09:28:10 [ultranest] [DEBUG] iteration=800, ncalls=1739, regioncalls=53600, ndraw=40, logz=-65.86, remainder_fraction=100.0000%, Lmin=-58.69, Lmax=-12.29
09:28:10 [ultranest] [DEBUG] iteration=814, ncalls=1784, regioncalls=55400, ndraw=40, logz=-63.39, remainder_fraction=100.0000%, Lmin=-55.85, Lmax=-11.77
09:28:10 [ultranest] [DEBUG] iteration=827, ncalls=1825, regioncalls=57040, ndraw=40, logz=-61.01, remainder_fraction=100.0000%, Lmin=-53.75, Lmax=-11.77
09:28:10 [ultranest] [DEBUG] iteration=840, ncalls=1869, regioncalls=58800, ndraw=40, logz=-59.28, remainder_fraction=100.0000%, Lmin=-52.43, Lmax=-11.77
09:28:10 [ultranest] [DEBUG] iteration=852, ncalls=1914, regioncalls=60600, ndraw=40, logz=-57.95, remainder_fraction=100.0000%, Lmin=-51.05, Lmax=-11.77
09:28:10 [ultranest] [DEBUG] iteration=859, ncalls=1960, regioncalls=62440, ndraw=40, logz=-57.04, remainder_fraction=100.0000%, Lmin=-49.83, Lmax=-11.77
09:28:10 [ultranest] [DEBUG] iteration=868, ncalls=1995, regioncalls=63840, ndraw=40, logz=-55.96, remainder_fraction=100.0000%, Lmin=-48.89, Lmax=-11.77
09:28:10 [ultranest] [DEBUG] iteration=877, ncalls=2036, regioncalls=65480, ndraw=40, logz=-54.93, remainder_fraction=100.0000%, Lmin=-47.80, Lmax=-11.77
09:28:10 [ultranest] [DEBUG] iteration=880, ncalls=2052, regioncalls=66120, ndraw=40, logz=-54.61, remainder_fraction=100.0000%, Lmin=-47.73, Lmax=-11.77
09:28:11 [ultranest] [DEBUG] iteration=889, ncalls=2100, regioncalls=68040, ndraw=40, logz=-53.68, remainder_fraction=100.0000%, Lmin=-46.32, Lmax=-11.77
09:28:11 [ultranest] [DEBUG] iteration=899, ncalls=2151, regioncalls=70080, ndraw=40, logz=-52.68, remainder_fraction=100.0000%, Lmin=-45.71, Lmax=-11.77
09:28:11 [ultranest] [DEBUG] iteration=901, ncalls=2158, regioncalls=70360, ndraw=40, logz=-52.50, remainder_fraction=100.0000%, Lmin=-45.24, Lmax=-11.77
09:28:11 [ultranest] [DEBUG] iteration=908, ncalls=2196, regioncalls=71960, ndraw=40, logz=-51.78, remainder_fraction=100.0000%, Lmin=-44.71, Lmax=-11.43
09:28:11 [ultranest] [DEBUG] iteration=918, ncalls=2256, regioncalls=74400, ndraw=40, logz=-50.91, remainder_fraction=100.0000%, Lmin=-44.00, Lmax=-11.43
09:28:11 [ultranest] [DEBUG] iteration=920, ncalls=2261, regioncalls=74600, ndraw=40, logz=-50.75, remainder_fraction=100.0000%, Lmin=-43.55, Lmax=-11.43
09:28:11 [ultranest] [DEBUG] iteration=934, ncalls=2313, regioncalls=76680, ndraw=40, logz=-49.11, remainder_fraction=100.0000%, Lmin=-41.72, Lmax=-11.43
09:28:11 [ultranest] [DEBUG] iteration=945, ncalls=2362, regioncalls=78640, ndraw=40, logz=-47.67, remainder_fraction=100.0000%, Lmin=-40.01, Lmax=-11.43
09:28:11 [ultranest] [DEBUG] iteration=955, ncalls=2399, regioncalls=80120, ndraw=40, logz=-46.36, remainder_fraction=100.0000%, Lmin=-38.87, Lmax=-10.52
09:28:11 [ultranest] [DEBUG] iteration=960, ncalls=2411, regioncalls=80600, ndraw=40, logz=-45.73, remainder_fraction=100.0000%, Lmin=-38.23, Lmax=-10.52
09:28:11 [ultranest] [DEBUG] iteration=975, ncalls=2464, regioncalls=82720, ndraw=40, logz=-44.36, remainder_fraction=100.0000%, Lmin=-37.07, Lmax=-10.52
09:28:12 [ultranest] [DEBUG] iteration=982, ncalls=2518, regioncalls=84880, ndraw=40, logz=-43.74, remainder_fraction=100.0000%, Lmin=-36.45, Lmax=-10.52
09:28:12 [ultranest] [DEBUG] iteration=990, ncalls=2575, regioncalls=87160, ndraw=40, logz=-43.11, remainder_fraction=100.0000%, Lmin=-35.81, Lmax=-10.52
09:28:12 [ultranest] [DEBUG] iteration=997, ncalls=2617, regioncalls=88840, ndraw=40, logz=-42.52, remainder_fraction=100.0000%, Lmin=-34.94, Lmax=-10.52
09:28:12 [ultranest] [DEBUG] iteration=1000, ncalls=2635, regioncalls=89560, ndraw=40, logz=-42.18, remainder_fraction=100.0000%, Lmin=-34.33, Lmax=-10.52
09:28:12 [ultranest] [DEBUG] iteration=1005, ncalls=2695, regioncalls=91960, ndraw=40, logz=-41.61, remainder_fraction=100.0000%, Lmin=-34.09, Lmax=-10.52
09:28:12 [ultranest] [DEBUG] iteration=1015, ncalls=2742, regioncalls=93840, ndraw=40, logz=-40.80, remainder_fraction=100.0000%, Lmin=-33.39, Lmax=-10.52
09:28:12 [ultranest] [DEBUG] iteration=1024, ncalls=2806, regioncalls=96400, ndraw=40, logz=-40.15, remainder_fraction=100.0000%, Lmin=-32.74, Lmax=-10.52
09:28:12 [ultranest] [DEBUG] iteration=1033, ncalls=2856, regioncalls=98400, ndraw=40, logz=-39.54, remainder_fraction=100.0000%, Lmin=-32.14, Lmax=-10.52
09:28:12 [ultranest] [DEBUG] iteration=1040, ncalls=2881, regioncalls=99400, ndraw=40, logz=-39.07, remainder_fraction=100.0000%, Lmin=-31.69, Lmax=-10.52
09:28:12 [ultranest] [DEBUG] iteration=1046, ncalls=2932, regioncalls=101440, ndraw=40, logz=-38.56, remainder_fraction=100.0000%, Lmin=-31.07, Lmax=-10.52
09:28:13 [ultranest] [DEBUG] iteration=1051, ncalls=2985, regioncalls=103560, ndraw=40, logz=-38.21, remainder_fraction=100.0000%, Lmin=-30.63, Lmax=-10.52
09:28:13 [ultranest] [DEBUG] iteration=1059, ncalls=3038, regioncalls=105680, ndraw=40, logz=-37.65, remainder_fraction=100.0000%, Lmin=-30.30, Lmax=-10.52
09:28:13 [ultranest] [DEBUG] iteration=1069, ncalls=3092, regioncalls=107840, ndraw=40, logz=-36.99, remainder_fraction=100.0000%, Lmin=-29.20, Lmax=-10.52
09:28:13 [ultranest] [DEBUG] iteration=1072, ncalls=3166, regioncalls=110800, ndraw=40, logz=-36.75, remainder_fraction=100.0000%, Lmin=-29.08, Lmax=-10.52
09:28:13 [ultranest] [DEBUG] iteration=1074, ncalls=3221, regioncalls=113000, ndraw=40, logz=-36.59, remainder_fraction=100.0000%, Lmin=-28.95, Lmax=-10.52
09:28:13 [ultranest] [DEBUG] iteration=1080, ncalls=3244, regioncalls=113920, ndraw=40, logz=-36.17, remainder_fraction=100.0000%, Lmin=-28.65, Lmax=-10.52
09:28:13 [ultranest] [DEBUG] iteration=1085, ncalls=3290, regioncalls=115760, ndraw=40, logz=-35.85, remainder_fraction=100.0000%, Lmin=-28.26, Lmax=-10.52
09:28:13 [ultranest] [DEBUG] iteration=1090, ncalls=3345, regioncalls=117960, ndraw=40, logz=-35.50, remainder_fraction=100.0000%, Lmin=-27.93, Lmax=-10.52
09:28:13 [ultranest] [DEBUG] iteration=1099, ncalls=3399, regioncalls=120120, ndraw=40, logz=-34.97, remainder_fraction=100.0000%, Lmin=-27.51, Lmax=-10.52
09:28:14 [ultranest] [DEBUG] iteration=1106, ncalls=3458, regioncalls=122480, ndraw=40, logz=-34.58, remainder_fraction=100.0000%, Lmin=-27.05, Lmax=-10.52
09:28:14 [ultranest] [DEBUG] iteration=1113, ncalls=3514, regioncalls=124720, ndraw=40, logz=-34.15, remainder_fraction=100.0000%, Lmin=-26.60, Lmax=-10.52
09:28:14 [ultranest] [DEBUG] iteration=1117, ncalls=3569, regioncalls=126920, ndraw=40, logz=-33.94, remainder_fraction=100.0000%, Lmin=-26.44, Lmax=-10.52
09:28:14 [ultranest] [DEBUG] iteration=1120, ncalls=3587, regioncalls=127640, ndraw=40, logz=-33.77, remainder_fraction=100.0000%, Lmin=-26.21, Lmax=-10.52
09:28:14 [ultranest] [DEBUG] iteration=1126, ncalls=3623, regioncalls=129120, ndraw=40, logz=-33.44, remainder_fraction=99.9999%, Lmin=-25.80, Lmax=-10.52
09:28:14 [ultranest] [DEBUG] iteration=1142, ncalls=3670, regioncalls=131040, ndraw=40, logz=-32.55, remainder_fraction=99.9999%, Lmin=-25.12, Lmax=-10.52
09:28:14 [ultranest] [DEBUG] iteration=1158, ncalls=3719, regioncalls=133000, ndraw=40, logz=-31.94, remainder_fraction=99.9998%, Lmin=-24.76, Lmax=-10.52
09:28:14 [ultranest] [DEBUG] iteration=1160, ncalls=3730, regioncalls=133440, ndraw=40, logz=-31.88, remainder_fraction=99.9998%, Lmin=-24.68, Lmax=-10.52
09:28:14 [ultranest] [DEBUG] iteration=1171, ncalls=3754, regioncalls=134400, ndraw=40, logz=-31.47, remainder_fraction=99.9997%, Lmin=-23.96, Lmax=-10.52
09:28:14 [ultranest] [DEBUG] iteration=1182, ncalls=3794, regioncalls=136080, ndraw=40, logz=-31.00, remainder_fraction=99.9994%, Lmin=-23.34, Lmax=-10.52
09:28:14 [ultranest] [DEBUG] iteration=1199, ncalls=3839, regioncalls=137880, ndraw=40, logz=-30.28, remainder_fraction=99.9989%, Lmin=-22.57, Lmax=-10.52
09:28:14 [ultranest] [DEBUG] iteration=1200, ncalls=3840, regioncalls=137920, ndraw=40, logz=-30.24, remainder_fraction=99.9988%, Lmin=-22.54, Lmax=-10.52
09:28:14 [ultranest] [DEBUG] iteration=1215, ncalls=3888, regioncalls=139840, ndraw=40, logz=-29.63, remainder_fraction=99.9977%, Lmin=-22.01, Lmax=-10.52
09:28:15 [ultranest] [DEBUG] iteration=1225, ncalls=3930, regioncalls=141520, ndraw=40, logz=-29.29, remainder_fraction=99.9969%, Lmin=-21.69, Lmax=-10.52
09:28:15 [ultranest] [DEBUG] iteration=1235, ncalls=3977, regioncalls=143400, ndraw=40, logz=-28.98, remainder_fraction=99.9957%, Lmin=-21.51, Lmax=-10.52
09:28:15 [ultranest] [DEBUG] iteration=1240, ncalls=3997, regioncalls=144200, ndraw=40, logz=-28.84, remainder_fraction=99.9951%, Lmin=-21.40, Lmax=-10.52
09:28:15 [ultranest] [DEBUG] iteration=1255, ncalls=4045, regioncalls=146120, ndraw=40, logz=-28.32, remainder_fraction=99.9915%, Lmin=-20.55, Lmax=-10.52
09:28:15 [ultranest] [DEBUG] iteration=1261, ncalls=4066, regioncalls=146960, ndraw=40, logz=-28.12, remainder_fraction=99.9893%, Lmin=-20.43, Lmax=-10.52
09:28:15 [ultranest] [DEBUG] iteration=1277, ncalls=4108, regioncalls=148680, ndraw=40, logz=-27.62, remainder_fraction=99.9838%, Lmin=-19.88, Lmax=-10.52
09:28:15 [ultranest] [DEBUG] iteration=1280, ncalls=4117, regioncalls=149040, ndraw=40, logz=-27.53, remainder_fraction=99.9821%, Lmin=-19.74, Lmax=-10.52
09:28:15 [ultranest] [DEBUG] iteration=1294, ncalls=4163, regioncalls=150880, ndraw=40, logz=-27.08, remainder_fraction=99.9721%, Lmin=-18.92, Lmax=-10.52
09:28:15 [ultranest] [DEBUG] iteration=1306, ncalls=4196, regioncalls=152240, ndraw=40, logz=-26.60, remainder_fraction=99.9560%, Lmin=-18.31, Lmax=-10.52
09:28:15 [ultranest] [DEBUG] iteration=1320, ncalls=4218, regioncalls=153120, ndraw=40, logz=-25.94, remainder_fraction=99.9146%, Lmin=-17.55, Lmax=-10.52
09:28:15 [ultranest] [DEBUG] iteration=1339, ncalls=4256, regioncalls=154640, ndraw=40, logz=-25.18, remainder_fraction=99.8243%, Lmin=-16.93, Lmax=-10.52
09:28:15 [ultranest] [DEBUG] iteration=1355, ncalls=4299, regioncalls=156400, ndraw=40, logz=-24.67, remainder_fraction=99.7062%, Lmin=-16.62, Lmax=-10.52
09:28:16 [ultranest] [DEBUG] iteration=1360, ncalls=4314, regioncalls=157000, ndraw=40, logz=-24.53, remainder_fraction=99.6598%, Lmin=-16.42, Lmax=-10.52
09:28:16 [ultranest] [DEBUG] iteration=1377, ncalls=4356, regioncalls=158720, ndraw=40, logz=-24.07, remainder_fraction=99.4499%, Lmin=-16.00, Lmax=-10.52
09:28:16 [ultranest] [DEBUG] iteration=1396, ncalls=4390, regioncalls=160120, ndraw=40, logz=-23.62, remainder_fraction=99.1873%, Lmin=-15.51, Lmax=-10.50
09:28:16 [ultranest] [DEBUG] iteration=1400, ncalls=4396, regioncalls=160360, ndraw=40, logz=-23.52, remainder_fraction=99.0980%, Lmin=-15.46, Lmax=-10.50
09:28:16 [ultranest] [DEBUG] iteration=1419, ncalls=4435, regioncalls=161920, ndraw=40, logz=-23.13, remainder_fraction=98.6638%, Lmin=-15.09, Lmax=-10.44
09:28:16 [ultranest] [DEBUG] iteration=1440, ncalls=4477, regioncalls=163600, ndraw=40, logz=-22.73, remainder_fraction=98.0630%, Lmin=-14.69, Lmax=-10.44
09:28:16 [ultranest] [DEBUG] iteration=1441, ncalls=4479, regioncalls=163720, ndraw=40, logz=-22.71, remainder_fraction=98.0192%, Lmin=-14.66, Lmax=-10.44
09:28:16 [ultranest] [DEBUG] iteration=1456, ncalls=4520, regioncalls=165360, ndraw=40, logz=-22.45, remainder_fraction=97.4244%, Lmin=-14.44, Lmax=-10.44
09:28:16 [ultranest] [DEBUG] iteration=1471, ncalls=4556, regioncalls=166800, ndraw=40, logz=-22.22, remainder_fraction=96.7380%, Lmin=-14.25, Lmax=-10.44
09:28:16 [ultranest] [DEBUG] iteration=1480, ncalls=4572, regioncalls=167440, ndraw=40, logz=-22.09, remainder_fraction=96.3044%, Lmin=-14.11, Lmax=-10.44
09:28:16 [ultranest] [DEBUG] iteration=1492, ncalls=4611, regioncalls=169000, ndraw=40, logz=-21.92, remainder_fraction=95.5662%, Lmin=-13.95, Lmax=-10.44
09:28:16 [ultranest] [DEBUG] iteration=1510, ncalls=4651, regioncalls=170600, ndraw=40, logz=-21.70, remainder_fraction=94.3448%, Lmin=-13.79, Lmax=-10.44
09:28:16 [ultranest] [DEBUG] iteration=1520, ncalls=4683, regioncalls=171880, ndraw=40, logz=-21.59, remainder_fraction=93.5338%, Lmin=-13.59, Lmax=-10.44
09:28:17 [ultranest] [DEBUG] iteration=1531, ncalls=4699, regioncalls=172560, ndraw=40, logz=-21.46, remainder_fraction=92.9072%, Lmin=-13.47, Lmax=-10.44
09:28:17 [ultranest] [DEBUG] iteration=1545, ncalls=4736, regioncalls=174080, ndraw=40, logz=-21.31, remainder_fraction=91.5718%, Lmin=-13.35, Lmax=-10.44
09:28:17 [ultranest] [DEBUG] iteration=1560, ncalls=4772, regioncalls=175560, ndraw=40, logz=-21.16, remainder_fraction=90.4824%, Lmin=-13.14, Lmax=-10.43
09:28:17 [ultranest] [DEBUG] iteration=1576, ncalls=4806, regioncalls=177000, ndraw=40, logz=-21.00, remainder_fraction=88.7907%, Lmin=-12.94, Lmax=-10.43
09:28:17 [ultranest] [DEBUG] iteration=1588, ncalls=4849, regioncalls=178720, ndraw=40, logz=-20.89, remainder_fraction=87.6808%, Lmin=-12.77, Lmax=-10.42
09:28:17 [ultranest] [DEBUG] iteration=1600, ncalls=4880, regioncalls=179960, ndraw=40, logz=-20.78, remainder_fraction=86.4285%, Lmin=-12.70, Lmax=-10.42
09:28:17 [ultranest] [DEBUG] iteration=1613, ncalls=4924, regioncalls=181720, ndraw=40, logz=-20.67, remainder_fraction=85.0205%, Lmin=-12.59, Lmax=-10.42
09:28:17 [ultranest] [DEBUG] iteration=1623, ncalls=4953, regioncalls=182880, ndraw=40, logz=-20.60, remainder_fraction=83.7157%, Lmin=-12.56, Lmax=-10.42
09:28:17 [ultranest] [DEBUG] iteration=1634, ncalls=4987, regioncalls=184240, ndraw=40, logz=-20.51, remainder_fraction=82.3748%, Lmin=-12.38, Lmax=-10.42
09:28:17 [ultranest] [DEBUG] iteration=1640, ncalls=5005, regioncalls=184960, ndraw=40, logz=-20.47, remainder_fraction=81.5282%, Lmin=-12.29, Lmax=-10.42
09:28:17 [ultranest] [DEBUG] iteration=1662, ncalls=5051, regioncalls=186800, ndraw=40, logz=-20.31, remainder_fraction=78.0459%, Lmin=-12.12, Lmax=-10.42
09:28:18 [ultranest] [DEBUG] iteration=1666, ncalls=5059, regioncalls=187200, ndraw=40, logz=-20.28, remainder_fraction=77.4730%, Lmin=-12.11, Lmax=-10.42
09:28:18 [ultranest] [DEBUG] iteration=1680, ncalls=5085, regioncalls=188240, ndraw=40, logz=-20.19, remainder_fraction=75.6109%, Lmin=-12.00, Lmax=-10.42
09:28:18 [ultranest] [DEBUG] iteration=1701, ncalls=5123, regioncalls=189760, ndraw=40, logz=-20.06, remainder_fraction=72.1693%, Lmin=-11.87, Lmax=-10.42
09:28:18 [ultranest] [DEBUG] iteration=1711, ncalls=5137, regioncalls=190360, ndraw=40, logz=-20.00, remainder_fraction=70.6271%, Lmin=-11.77, Lmax=-10.42
09:28:18 [ultranest] [DEBUG] iteration=1720, ncalls=5163, regioncalls=191400, ndraw=40, logz=-19.95, remainder_fraction=69.0341%, Lmin=-11.73, Lmax=-10.42
09:28:18 [ultranest] [DEBUG] iteration=1738, ncalls=5202, regioncalls=192960, ndraw=40, logz=-19.86, remainder_fraction=65.9919%, Lmin=-11.57, Lmax=-10.42
09:28:18 [ultranest] [DEBUG] iteration=1753, ncalls=5247, regioncalls=194760, ndraw=40, logz=-19.78, remainder_fraction=63.3058%, Lmin=-11.50, Lmax=-10.42
09:28:18 [ultranest] [DEBUG] iteration=1760, ncalls=5263, regioncalls=195400, ndraw=40, logz=-19.75, remainder_fraction=61.9641%, Lmin=-11.43, Lmax=-10.42
09:28:18 [ultranest] [DEBUG] iteration=1779, ncalls=5299, regioncalls=196840, ndraw=40, logz=-19.66, remainder_fraction=58.4810%, Lmin=-11.35, Lmax=-10.42
09:28:18 [ultranest] [DEBUG] iteration=1791, ncalls=5336, regioncalls=198320, ndraw=40, logz=-19.61, remainder_fraction=56.1758%, Lmin=-11.31, Lmax=-10.42
09:28:18 [ultranest] [DEBUG] iteration=1800, ncalls=5358, regioncalls=199200, ndraw=40, logz=-19.57, remainder_fraction=54.4126%, Lmin=-11.27, Lmax=-10.42
09:28:18 [ultranest] [DEBUG] iteration=1801, ncalls=5361, regioncalls=199360, ndraw=40, logz=-19.57, remainder_fraction=54.2611%, Lmin=-11.26, Lmax=-10.42
09:28:18 [ultranest] [DEBUG] iteration=1820, ncalls=5401, regioncalls=200960, ndraw=40, logz=-19.49, remainder_fraction=50.8489%, Lmin=-11.21, Lmax=-10.42
09:28:19 [ultranest] [DEBUG] iteration=1834, ncalls=5446, regioncalls=202760, ndraw=40, logz=-19.45, remainder_fraction=48.3750%, Lmin=-11.15, Lmax=-10.42
09:28:19 [ultranest] [DEBUG] iteration=1840, ncalls=5461, regioncalls=203360, ndraw=40, logz=-19.43, remainder_fraction=47.4528%, Lmin=-11.14, Lmax=-10.42
09:28:19 [ultranest] [DEBUG] iteration=1855, ncalls=5497, regioncalls=204800, ndraw=40, logz=-19.38, remainder_fraction=44.9934%, Lmin=-11.10, Lmax=-10.42
09:28:19 [ultranest] [DEBUG] iteration=1870, ncalls=5538, regioncalls=206480, ndraw=40, logz=-19.34, remainder_fraction=42.4853%, Lmin=-11.05, Lmax=-10.42
09:28:19 [ultranest] [DEBUG] iteration=1880, ncalls=5567, regioncalls=207640, ndraw=40, logz=-19.31, remainder_fraction=41.0264%, Lmin=-11.03, Lmax=-10.42
09:28:19 [ultranest] [DEBUG] iteration=1891, ncalls=5583, regioncalls=208360, ndraw=40, logz=-19.28, remainder_fraction=39.3889%, Lmin=-11.01, Lmax=-10.42
09:28:19 [ultranest] [DEBUG] iteration=1908, ncalls=5621, regioncalls=209880, ndraw=40, logz=-19.24, remainder_fraction=36.9536%, Lmin=-10.97, Lmax=-10.42
09:28:19 [ultranest] [DEBUG] iteration=1920, ncalls=5645, regioncalls=210840, ndraw=40, logz=-19.22, remainder_fraction=35.3525%, Lmin=-10.95, Lmax=-10.42
09:28:19 [ultranest] [DEBUG] iteration=1937, ncalls=5691, regioncalls=212680, ndraw=40, logz=-19.18, remainder_fraction=33.2757%, Lmin=-10.90, Lmax=-10.42
09:28:19 [ultranest] [DEBUG] iteration=1952, ncalls=5726, regioncalls=214080, ndraw=40, logz=-19.16, remainder_fraction=31.3650%, Lmin=-10.87, Lmax=-10.42
09:28:19 [ultranest] [DEBUG] iteration=1960, ncalls=5739, regioncalls=214600, ndraw=40, logz=-19.14, remainder_fraction=30.3455%, Lmin=-10.85, Lmax=-10.42
09:28:19 [ultranest] [DEBUG] iteration=1980, ncalls=5783, regioncalls=216360, ndraw=40, logz=-19.11, remainder_fraction=28.0820%, Lmin=-10.80, Lmax=-10.42
09:28:19 [ultranest] [DEBUG] iteration=1981, ncalls=5784, regioncalls=216520, ndraw=40, logz=-19.11, remainder_fraction=27.9781%, Lmin=-10.80, Lmax=-10.42
09:28:20 [ultranest] [DEBUG] iteration=2000, ncalls=5820, regioncalls=218040, ndraw=40, logz=-19.08, remainder_fraction=25.8316%, Lmin=-10.78, Lmax=-10.42
09:28:20 [ultranest] [DEBUG] iteration=2022, ncalls=5860, regioncalls=219640, ndraw=40, logz=-19.05, remainder_fraction=23.4697%, Lmin=-10.74, Lmax=-10.41
09:28:20 [ultranest] [DEBUG] iteration=2026, ncalls=5864, regioncalls=219840, ndraw=40, logz=-19.04, remainder_fraction=23.0789%, Lmin=-10.73, Lmax=-10.41
09:28:20 [ultranest] [DEBUG] iteration=2040, ncalls=5891, regioncalls=220960, ndraw=40, logz=-19.02, remainder_fraction=21.6800%, Lmin=-10.71, Lmax=-10.41
09:28:20 [ultranest] [DEBUG] iteration=2056, ncalls=5935, regioncalls=222720, ndraw=40, logz=-19.00, remainder_fraction=20.1841%, Lmin=-10.69, Lmax=-10.41
09:28:20 [ultranest] [DEBUG] iteration=2071, ncalls=5969, regioncalls=224120, ndraw=40, logz=-18.99, remainder_fraction=18.8708%, Lmin=-10.67, Lmax=-10.41
09:28:20 [ultranest] [DEBUG] iteration=2080, ncalls=5986, regioncalls=224800, ndraw=40, logz=-18.98, remainder_fraction=18.1095%, Lmin=-10.66, Lmax=-10.41
09:28:20 [ultranest] [DEBUG] iteration=2094, ncalls=6026, regioncalls=226400, ndraw=40, logz=-18.97, remainder_fraction=17.0148%, Lmin=-10.65, Lmax=-10.41
09:28:20 [ultranest] [DEBUG] iteration=2111, ncalls=6071, regioncalls=228200, ndraw=40, logz=-18.95, remainder_fraction=15.7588%, Lmin=-10.64, Lmax=-10.41
09:28:20 [ultranest] [DEBUG] iteration=2120, ncalls=6090, regioncalls=228960, ndraw=40, logz=-18.94, remainder_fraction=15.1422%, Lmin=-10.64, Lmax=-10.41
09:28:20 [ultranest] [DEBUG] iteration=2134, ncalls=6130, regioncalls=230560, ndraw=40, logz=-18.93, remainder_fraction=14.2185%, Lmin=-10.62, Lmax=-10.41
09:28:20 [ultranest] [DEBUG] iteration=2150, ncalls=6174, regioncalls=232320, ndraw=40, logz=-18.92, remainder_fraction=13.2169%, Lmin=-10.61, Lmax=-10.41
09:28:21 [ultranest] [DEBUG] iteration=2160, ncalls=6193, regioncalls=233080, ndraw=40, logz=-18.91, remainder_fraction=12.6213%, Lmin=-10.60, Lmax=-10.41
09:28:21 [ultranest] [DEBUG] iteration=2161, ncalls=6197, regioncalls=233320, ndraw=40, logz=-18.91, remainder_fraction=12.5651%, Lmin=-10.60, Lmax=-10.41
09:28:21 [ultranest] [DEBUG] iteration=2178, ncalls=6235, regioncalls=234840, ndraw=40, logz=-18.90, remainder_fraction=11.6038%, Lmin=-10.59, Lmax=-10.41
09:28:21 [ultranest] [DEBUG] iteration=2195, ncalls=6280, regioncalls=236680, ndraw=40, logz=-18.89, remainder_fraction=10.7318%, Lmin=-10.58, Lmax=-10.41
09:28:21 [ultranest] [DEBUG] iteration=2200, ncalls=6288, regioncalls=237000, ndraw=40, logz=-18.89, remainder_fraction=10.4898%, Lmin=-10.58, Lmax=-10.41
09:28:21 [ultranest] [DEBUG] iteration=2206, ncalls=6305, regioncalls=237760, ndraw=40, logz=-18.89, remainder_fraction=10.2004%, Lmin=-10.57, Lmax=-10.41
09:28:21 [ultranest] [DEBUG] iteration=2224, ncalls=6344, regioncalls=239320, ndraw=40, logz=-18.88, remainder_fraction=9.3781%, Lmin=-10.56, Lmax=-10.41
09:28:21 [ultranest] [DEBUG] iteration=2240, ncalls=6377, regioncalls=240640, ndraw=40, logz=-18.87, remainder_fraction=8.7162%, Lmin=-10.55, Lmax=-10.41
09:28:21 [ultranest] [DEBUG] iteration=2253, ncalls=6412, regioncalls=242040, ndraw=40, logz=-18.86, remainder_fraction=8.1998%, Lmin=-10.54, Lmax=-10.41
09:28:21 [ultranest] [DEBUG] iteration=2271, ncalls=6449, regioncalls=243520, ndraw=40, logz=-18.86, remainder_fraction=7.5333%, Lmin=-10.53, Lmax=-10.41
09:28:21 [ultranest] [DEBUG] iteration=2280, ncalls=6477, regioncalls=244640, ndraw=40, logz=-18.85, remainder_fraction=7.2182%, Lmin=-10.52, Lmax=-10.41
09:28:21 [ultranest] [DEBUG] iteration=2296, ncalls=6517, regioncalls=246280, ndraw=40, logz=-18.85, remainder_fraction=6.6855%, Lmin=-10.52, Lmax=-10.41
09:28:21 [ultranest] [INFO] Explored until L=-1e+01  
09:28:21 [ultranest] [INFO] Likelihood function evaluations: 6522
09:28:22 [ultranest] [INFO] Writing samples and results to disk ...
09:28:22 [ultranest] [INFO] Writing samples and results to disk ... done
09:28:22 [ultranest] [DEBUG] did a run_iter pass!
09:28:22 [ultranest] [INFO]   logZ = -18.74 +- 0.1126
09:28:22 [ultranest] [INFO] Effective samples strategy satisfied (ESS = 833.4, need >400)
09:28:22 [ultranest] [INFO] Posterior uncertainty strategy is satisfied (KL: 0.46+-0.12 nat, need <0.50 nat)
09:28:22 [ultranest] [INFO] Evidency uncertainty strategy is satisfied (dlogz=0.13, need <0.5)
09:28:22 [ultranest] [INFO]   logZ error budget: single: 0.19 bs:0.11 tail:0.06 total:0.13 required:<0.50
09:28:22 [ultranest] [INFO] done iterating.
09:28:22 [ultranest] [DEBUG] Making corner plot ...
09:28:24 [ultranest] [DEBUG] Making corner plot ... done
09:28:24 [ultranest] [DEBUG] Making run plot ... 
09:28:24 [ultranest] [DEBUG] Making run plot ... done
09:28:24 [ultranest] [DEBUG] Making trace plot ... 
09:28:25 [ultranest] [DEBUG] Making trace plot ... done
22:01:50 [ultranest] [DEBUG] ReactiveNestedSampler: dims=3+0, resume=True, log_dir=/home/orion51/Desktop/Research/spectral_fitting/FGL_spectral_fitting/Individual_sources/2CXOJ044308.1+361310/bb_out_, backend=hdf5, vectorized=False, nbootstraps=30, ndraw=128..65536
22:01:50 [ultranest] [DEBUG] Testing resume consistency: [-10.51394993 -10.41623641   0.           0.56265264   0.72012653
   0.11245313  -2.37347365  -0.11949389  19.78717194]: u=[0.56265264 0.72012653 0.11245313] -> p=[-2.37347365 -0.11949389 19.78717194] -> L=-10.416236409708379 
22:01:50 [ultranest] [INFO] Resuming from 2501 stored points
22:01:50 [ultranest] [DEBUG] run_iter dlogz=0.5, dKL=0.5, frac_remain=0.01, Lepsilon=0.1000, min_ess=400
22:01:50 [ultranest] [DEBUG] max_iters=-1, max_ncalls=-1, max_num_improvement_loops=-1, min_num_live_points=400, cluster_num_live_points=40
22:01:50 [ultranest] [DEBUG] minimal_widths_sequence: [(-inf, 400.0), (inf, 400.0)]
22:01:50 [ultranest] [DEBUG] iteration=0, ncalls=6522, regioncalls=0, ndraw=40, logz=-inf, remainder_fraction=100.0000%, Lmin=-210046856.62, Lmax=-15.92
22:01:50 [ultranest] [DEBUG] iteration=40, ncalls=6522, regioncalls=0, ndraw=40, logz=-1426.16, remainder_fraction=100.0000%, Lmin=-760.71, Lmax=-15.92
22:01:50 [ultranest] [DEBUG] Plateau detected at L=-9.061744e+01, not replacing live point.
22:01:50 [ultranest] [DEBUG] Plateau detected at L=-9.061744e+01, not replacing live point.
22:01:50 [ultranest] [DEBUG] Plateau detected at L=-9.061744e+01, not replacing live point.
22:01:50 [ultranest] [DEBUG] Plateau detected at L=-9.061744e+01, not replacing live point.
22:01:50 [ultranest] [DEBUG] Plateau detected at L=-9.061744e+01, not replacing live point.
22:01:50 [ultranest] [DEBUG] Plateau detected at L=-9.061744e+01, not replacing live point.
22:01:50 [ultranest] [DEBUG] Plateau detected at L=-9.061744e+01, not replacing live point.
22:01:50 [ultranest] [DEBUG] Plateau detected at L=-9.061744e+01, not replacing live point.
22:01:50 [ultranest] [DEBUG] Plateau detected at L=-9.061744e+01, not replacing live point.
22:01:50 [ultranest] [DEBUG] Plateau detected at L=-9.061744e+01, not replacing live point.
22:01:50 [ultranest] [DEBUG] Plateau detected at L=-9.061744e+01, not replacing live point.
22:01:50 [ultranest] [DEBUG] Plateau detected at L=-9.061744e+01, not replacing live point.
22:01:50 [ultranest] [DEBUG] Plateau detected at L=-9.061744e+01, not replacing live point.
22:01:50 [ultranest] [DEBUG] Plateau detected at L=-9.061744e+01, not replacing live point.
22:01:50 [ultranest] [DEBUG] Plateau detected at L=-9.061744e+01, not replacing live point.
22:01:50 [ultranest] [DEBUG] Plateau detected at L=-9.061744e+01, not replacing live point.
22:01:50 [ultranest] [DEBUG] Plateau detected at L=-9.061744e+01, not replacing live point.
22:01:50 [ultranest] [DEBUG] Plateau detected at L=-9.061744e+01, not replacing live point.
22:01:50 [ultranest] [DEBUG] Plateau detected at L=-9.061744e+01, not replacing live point.
22:01:50 [ultranest] [DEBUG] Plateau detected at L=-9.061744e+01, not replacing live point.
22:01:50 [ultranest] [DEBUG] Plateau detected at L=-9.061744e+01, not replacing live point.
22:01:50 [ultranest] [DEBUG] Plateau detected at L=-9.061744e+01, not replacing live point.
22:01:50 [ultranest] [DEBUG] Plateau detected at L=-9.061744e+01, not replacing live point.
22:01:50 [ultranest] [DEBUG] Plateau detected at L=-9.061744e+01, not replacing live point.
22:01:50 [ultranest] [DEBUG] Plateau detected at L=-9.061744e+01, not replacing live point.
22:01:50 [ultranest] [DEBUG] Plateau detected at L=-9.061744e+01, not replacing live point.
22:01:50 [ultranest] [DEBUG] Plateau detected at L=-9.061744e+01, not replacing live point.
22:01:50 [ultranest] [DEBUG] Plateau detected at L=-9.061744e+01, not replacing live point.
22:01:50 [ultranest] [DEBUG] Plateau detected at L=-9.061744e+01, not replacing live point.
22:01:50 [ultranest] [DEBUG] Plateau detected at L=-9.061744e+01, not replacing live point.
22:01:50 [ultranest] [DEBUG] Plateau detected at L=-9.061744e+01, not replacing live point.
22:01:50 [ultranest] [DEBUG] Plateau detected at L=-9.061744e+01, not replacing live point.
22:01:50 [ultranest] [DEBUG] Plateau detected at L=-9.061744e+01, not replacing live point.
22:01:50 [ultranest] [DEBUG] Plateau detected at L=-9.061744e+01, not replacing live point.
22:01:50 [ultranest] [DEBUG] Plateau detected at L=-9.061744e+01, not replacing live point.
22:01:50 [ultranest] [DEBUG] Plateau detected at L=-9.061744e+01, not replacing live point.
22:01:50 [ultranest] [DEBUG] Plateau detected at L=-9.061744e+01, not replacing live point.
22:01:50 [ultranest] [DEBUG] Plateau detected at L=-9.061744e+01, not replacing live point.
22:01:50 [ultranest] [DEBUG] Plateau detected at L=-9.061744e+01, not replacing live point.
22:01:50 [ultranest] [DEBUG] Plateau detected at L=-9.061744e+01, not replacing live point.
22:01:50 [ultranest] [DEBUG] Plateau detected at L=-9.061744e+01, not replacing live point.
22:01:50 [ultranest] [DEBUG] Plateau detected at L=-9.061744e+01, not replacing live point.
22:01:50 [ultranest] [DEBUG] Plateau detected at L=-9.061744e+01, not replacing live point.
22:01:50 [ultranest] [DEBUG] Plateau detected at L=-9.061744e+01, not replacing live point.
22:01:50 [ultranest] [DEBUG] Plateau detected at L=-9.061744e+01, not replacing live point.
22:01:50 [ultranest] [DEBUG] Plateau detected at L=-9.061744e+01, not replacing live point.
22:01:50 [ultranest] [DEBUG] Plateau detected at L=-9.061744e+01, not replacing live point.
22:01:50 [ultranest] [DEBUG] Plateau detected at L=-9.061744e+01, not replacing live point.
22:01:50 [ultranest] [DEBUG] Plateau detected at L=-9.061744e+01, not replacing live point.
22:01:50 [ultranest] [DEBUG] Plateau detected at L=-9.061744e+01, not replacing live point.
22:01:50 [ultranest] [DEBUG] Plateau detected at L=-9.061744e+01, not replacing live point.
22:01:50 [ultranest] [DEBUG] Plateau detected at L=-9.061744e+01, not replacing live point.
22:01:50 [ultranest] [DEBUG] Plateau detected at L=-9.061744e+01, not replacing live point.
22:01:50 [ultranest] [DEBUG] Plateau detected at L=-9.061744e+01, not replacing live point.
22:01:50 [ultranest] [DEBUG] Plateau detected at L=-9.061744e+01, not replacing live point.
22:01:50 [ultranest] [DEBUG] Plateau detected at L=-9.061744e+01, not replacing live point.
22:01:50 [ultranest] [DEBUG] Plateau detected at L=-9.061744e+01, not replacing live point.
22:01:50 [ultranest] [DEBUG] Plateau detected at L=-9.061744e+01, not replacing live point.
22:01:50 [ultranest] [DEBUG] Plateau detected at L=-9.061744e+01, not replacing live point.
22:01:50 [ultranest] [DEBUG] Plateau detected at L=-9.061744e+01, not replacing live point.
22:01:50 [ultranest] [DEBUG] Plateau detected at L=-9.061744e+01, not replacing live point.
22:01:50 [ultranest] [DEBUG] Plateau detected at L=-9.061744e+01, not replacing live point.
22:01:50 [ultranest] [DEBUG] Plateau detected at L=-9.061744e+01, not replacing live point.
22:01:50 [ultranest] [DEBUG] Plateau detected at L=-9.061744e+01, not replacing live point.
22:01:50 [ultranest] [DEBUG] Plateau detected at L=-9.061744e+01, not replacing live point.
22:01:50 [ultranest] [DEBUG] Plateau detected at L=-9.061744e+01, not replacing live point.
22:01:50 [ultranest] [DEBUG] Plateau detected at L=-9.061744e+01, not replacing live point.
22:01:50 [ultranest] [DEBUG] Plateau detected at L=-9.061744e+01, not replacing live point.
22:01:50 [ultranest] [DEBUG] Plateau detected at L=-9.061744e+01, not replacing live point.
22:01:50 [ultranest] [DEBUG] Plateau detected at L=-9.061744e+01, not replacing live point.
22:01:50 [ultranest] [DEBUG] Plateau detected at L=-9.061744e+01, not replacing live point.
22:01:50 [ultranest] [DEBUG] Plateau detected at L=-9.061744e+01, not replacing live point.
22:01:50 [ultranest] [DEBUG] Plateau detected at L=-9.061744e+01, not replacing live point.
22:01:50 [ultranest] [DEBUG] Plateau detected at L=-9.061744e+01, not replacing live point.
22:01:50 [ultranest] [DEBUG] Plateau detected at L=-9.061744e+01, not replacing live point.
22:01:50 [ultranest] [DEBUG] Plateau detected at L=-9.061744e+01, not replacing live point.
22:01:50 [ultranest] [DEBUG] Plateau detected at L=-9.061744e+01, not replacing live point.
22:01:50 [ultranest] [DEBUG] Plateau detected at L=-9.061744e+01, not replacing live point.
22:01:50 [ultranest] [DEBUG] Plateau detected at L=-9.061744e+01, not replacing live point.
22:01:50 [ultranest] [DEBUG] Plateau detected at L=-9.061744e+01, not replacing live point.
22:01:50 [ultranest] [DEBUG] Plateau detected at L=-9.061744e+01, not replacing live point.
22:01:50 [ultranest] [DEBUG] Plateau detected at L=-9.061744e+01, not replacing live point.
22:01:50 [ultranest] [DEBUG] Plateau detected at L=-9.061744e+01, not replacing live point.
22:01:50 [ultranest] [DEBUG] Plateau detected at L=-9.061744e+01, not replacing live point.
22:01:50 [ultranest] [DEBUG] Plateau detected at L=-9.061744e+01, not replacing live point.
22:01:50 [ultranest] [DEBUG] Plateau detected at L=-9.061744e+01, not replacing live point.
22:01:50 [ultranest] [DEBUG] Plateau detected at L=-9.061744e+01, not replacing live point.
22:01:50 [ultranest] [DEBUG] Plateau detected at L=-9.061744e+01, not replacing live point.
22:01:50 [ultranest] [DEBUG] Plateau detected at L=-9.061744e+01, not replacing live point.
22:01:50 [ultranest] [DEBUG] Plateau detected at L=-9.061744e+01, not replacing live point.
22:01:50 [ultranest] [DEBUG] Plateau detected at L=-9.061744e+01, not replacing live point.
22:01:50 [ultranest] [DEBUG] Plateau detected at L=-9.061744e+01, not replacing live point.
22:01:50 [ultranest] [DEBUG] Plateau detected at L=-9.061744e+01, not replacing live point.
22:01:50 [ultranest] [DEBUG] Plateau detected at L=-9.061744e+01, not replacing live point.
22:01:50 [ultranest] [DEBUG] Plateau detected at L=-9.061744e+01, not replacing live point.
22:01:50 [ultranest] [DEBUG] Plateau detected at L=-9.061744e+01, not replacing live point.
22:01:50 [ultranest] [DEBUG] Plateau detected at L=-9.061744e+01, not replacing live point.
22:01:50 [ultranest] [DEBUG] Plateau detected at L=-9.061744e+01, not replacing live point.
22:01:50 [ultranest] [DEBUG] Plateau detected at L=-9.061744e+01, not replacing live point.
22:01:50 [ultranest] [DEBUG] Plateau detected at L=-9.061744e+01, not replacing live point.
22:01:50 [ultranest] [DEBUG] Plateau detected at L=-9.061744e+01, not replacing live point.
22:01:50 [ultranest] [DEBUG] Plateau detected at L=-9.061744e+01, not replacing live point.
22:01:50 [ultranest] [DEBUG] Plateau detected at L=-9.061744e+01, not replacing live point.
22:01:50 [ultranest] [DEBUG] Plateau detected at L=-9.061744e+01, not replacing live point.
22:01:50 [ultranest] [DEBUG] Plateau detected at L=-9.061744e+01, not replacing live point.
22:01:50 [ultranest] [DEBUG] Plateau detected at L=-9.061744e+01, not replacing live point.
22:01:50 [ultranest] [DEBUG] Plateau detected at L=-9.061744e+01, not replacing live point.
22:01:50 [ultranest] [DEBUG] Plateau detected at L=-9.061744e+01, not replacing live point.
22:01:50 [ultranest] [DEBUG] Plateau detected at L=-9.061744e+01, not replacing live point.
22:01:50 [ultranest] [DEBUG] Plateau detected at L=-9.061744e+01, not replacing live point.
22:01:50 [ultranest] [DEBUG] Plateau detected at L=-9.061744e+01, not replacing live point.
22:01:50 [ultranest] [DEBUG] Plateau detected at L=-9.061744e+01, not replacing live point.
22:01:50 [ultranest] [DEBUG] Plateau detected at L=-9.061744e+01, not replacing live point.
22:01:50 [ultranest] [DEBUG] Plateau detected at L=-9.061744e+01, not replacing live point.
22:01:50 [ultranest] [DEBUG] Plateau detected at L=-9.061744e+01, not replacing live point.
22:01:50 [ultranest] [DEBUG] Plateau detected at L=-9.061744e+01, not replacing live point.
22:01:50 [ultranest] [DEBUG] Plateau detected at L=-9.061744e+01, not replacing live point.
22:01:50 [ultranest] [DEBUG] Plateau detected at L=-9.061744e+01, not replacing live point.
22:01:50 [ultranest] [DEBUG] Plateau detected at L=-9.061744e+01, not replacing live point.
22:01:50 [ultranest] [DEBUG] Plateau detected at L=-9.061744e+01, not replacing live point.
22:01:50 [ultranest] [DEBUG] Plateau detected at L=-9.061744e+01, not replacing live point.
22:01:50 [ultranest] [DEBUG] Plateau detected at L=-9.061744e+01, not replacing live point.
22:01:50 [ultranest] [DEBUG] Plateau detected at L=-9.061744e+01, not replacing live point.
22:01:50 [ultranest] [DEBUG] Plateau detected at L=-9.061744e+01, not replacing live point.
22:01:50 [ultranest] [DEBUG] Plateau detected at L=-9.061744e+01, not replacing live point.
22:01:50 [ultranest] [DEBUG] Plateau detected at L=-9.061744e+01, not replacing live point.
22:01:50 [ultranest] [DEBUG] Plateau detected at L=-9.061744e+01, not replacing live point.
22:01:50 [ultranest] [DEBUG] Plateau detected at L=-9.061744e+01, not replacing live point.
22:01:50 [ultranest] [DEBUG] Plateau detected at L=-9.061744e+01, not replacing live point.
22:01:50 [ultranest] [DEBUG] Plateau detected at L=-9.061744e+01, not replacing live point.
22:01:50 [ultranest] [DEBUG] Plateau detected at L=-9.061744e+01, not replacing live point.
22:01:50 [ultranest] [DEBUG] Plateau detected at L=-9.061744e+01, not replacing live point.
22:01:50 [ultranest] [DEBUG] Plateau detected at L=-9.061744e+01, not replacing live point.
22:01:50 [ultranest] [DEBUG] Plateau detected at L=-9.061744e+01, not replacing live point.
22:01:50 [ultranest] [DEBUG] Plateau detected at L=-9.061744e+01, not replacing live point.
22:01:50 [ultranest] [DEBUG] Plateau detected at L=-9.061744e+01, not replacing live point.
22:01:50 [ultranest] [DEBUG] Plateau detected at L=-9.061744e+01, not replacing live point.
22:01:50 [ultranest] [DEBUG] Plateau detected at L=-9.061744e+01, not replacing live point.
22:01:50 [ultranest] [DEBUG] Plateau detected at L=-9.061744e+01, not replacing live point.
22:01:50 [ultranest] [DEBUG] Plateau detected at L=-9.061744e+01, not replacing live point.
22:01:50 [ultranest] [DEBUG] Plateau detected at L=-9.061744e+01, not replacing live point.
22:01:50 [ultranest] [DEBUG] Plateau detected at L=-9.061744e+01, not replacing live point.
22:01:50 [ultranest] [DEBUG] Plateau detected at L=-9.061744e+01, not replacing live point.
22:01:50 [ultranest] [DEBUG] Plateau detected at L=-9.061744e+01, not replacing live point.
22:01:50 [ultranest] [DEBUG] Plateau detected at L=-9.061744e+01, not replacing live point.
22:01:50 [ultranest] [DEBUG] Plateau detected at L=-9.061744e+01, not replacing live point.
22:01:50 [ultranest] [DEBUG] Plateau detected at L=-9.061744e+01, not replacing live point.
22:01:50 [ultranest] [DEBUG] Plateau detected at L=-9.061744e+01, not replacing live point.
22:01:50 [ultranest] [DEBUG] Plateau detected at L=-9.061744e+01, not replacing live point.
22:01:50 [ultranest] [DEBUG] Plateau detected at L=-9.061744e+01, not replacing live point.
22:01:50 [ultranest] [DEBUG] Plateau detected at L=-9.061744e+01, not replacing live point.
22:01:50 [ultranest] [DEBUG] Plateau detected at L=-9.061744e+01, not replacing live point.
22:01:50 [ultranest] [DEBUG] Plateau detected at L=-9.061744e+01, not replacing live point.
22:01:50 [ultranest] [DEBUG] Plateau detected at L=-9.061744e+01, not replacing live point.
22:01:50 [ultranest] [DEBUG] Plateau detected at L=-9.061744e+01, not replacing live point.
22:01:50 [ultranest] [DEBUG] Plateau detected at L=-9.061744e+01, not replacing live point.
22:01:50 [ultranest] [DEBUG] Plateau detected at L=-9.061744e+01, not replacing live point.
22:01:50 [ultranest] [DEBUG] Plateau detected at L=-9.061744e+01, not replacing live point.
22:01:50 [ultranest] [DEBUG] Plateau detected at L=-9.061744e+01, not replacing live point.
22:01:50 [ultranest] [DEBUG] Plateau detected at L=-9.061744e+01, not replacing live point.
22:01:50 [ultranest] [DEBUG] Plateau detected at L=-9.061744e+01, not replacing live point.
22:01:50 [ultranest] [DEBUG] Plateau detected at L=-9.061744e+01, not replacing live point.
22:01:50 [ultranest] [DEBUG] Plateau detected at L=-9.061744e+01, not replacing live point.
22:01:50 [ultranest] [DEBUG] Plateau detected at L=-9.061744e+01, not replacing live point.
22:01:50 [ultranest] [DEBUG] Plateau detected at L=-9.061744e+01, not replacing live point.
22:01:50 [ultranest] [DEBUG] Plateau detected at L=-9.061744e+01, not replacing live point.
22:01:50 [ultranest] [DEBUG] Plateau detected at L=-9.061744e+01, not replacing live point.
22:01:50 [ultranest] [DEBUG] Plateau detected at L=-9.061744e+01, not replacing live point.
22:01:50 [ultranest] [DEBUG] Plateau detected at L=-9.061744e+01, not replacing live point.
22:01:50 [ultranest] [DEBUG] Plateau detected at L=-9.061744e+01, not replacing live point.
22:01:50 [ultranest] [DEBUG] Plateau detected at L=-9.061744e+01, not replacing live point.
22:01:50 [ultranest] [DEBUG] Plateau detected at L=-9.061744e+01, not replacing live point.
22:01:50 [ultranest] [DEBUG] Plateau detected at L=-9.061744e+01, not replacing live point.
22:01:50 [ultranest] [DEBUG] Plateau detected at L=-9.061744e+01, not replacing live point.
22:01:50 [ultranest] [DEBUG] Plateau detected at L=-9.061744e+01, not replacing live point.
22:01:50 [ultranest] [DEBUG] Plateau detected at L=-9.061744e+01, not replacing live point.
22:01:50 [ultranest] [DEBUG] Plateau detected at L=-9.061744e+01, not replacing live point.
22:01:50 [ultranest] [DEBUG] Plateau detected at L=-9.061744e+01, not replacing live point.
22:01:50 [ultranest] [DEBUG] Plateau detected at L=-9.061744e+01, not replacing live point.
22:01:50 [ultranest] [DEBUG] Plateau detected at L=-9.061744e+01, not replacing live point.
22:01:50 [ultranest] [DEBUG] Plateau detected at L=-9.061744e+01, not replacing live point.
22:01:50 [ultranest] [DEBUG] Plateau detected at L=-9.061744e+01, not replacing live point.
22:01:50 [ultranest] [DEBUG] Plateau detected at L=-9.061744e+01, not replacing live point.
22:01:50 [ultranest] [DEBUG] Plateau detected at L=-9.061744e+01, not replacing live point.
22:01:50 [ultranest] [DEBUG] Plateau detected at L=-9.061744e+01, not replacing live point.
22:01:50 [ultranest] [DEBUG] Plateau detected at L=-9.061744e+01, not replacing live point.
22:01:50 [ultranest] [DEBUG] Plateau detected at L=-9.061744e+01, not replacing live point.
22:01:50 [ultranest] [DEBUG] Plateau detected at L=-9.061744e+01, not replacing live point.
22:01:50 [ultranest] [DEBUG] Plateau detected at L=-9.061744e+01, not replacing live point.
22:01:50 [ultranest] [DEBUG] Plateau detected at L=-9.061744e+01, not replacing live point.
22:01:50 [ultranest] [DEBUG] Plateau detected at L=-9.061744e+01, not replacing live point.
22:01:50 [ultranest] [DEBUG] Plateau detected at L=-9.061744e+01, not replacing live point.
22:01:50 [ultranest] [DEBUG] Plateau detected at L=-9.061744e+01, not replacing live point.
22:01:50 [ultranest] [DEBUG] Plateau detected at L=-9.061744e+01, not replacing live point.
22:01:50 [ultranest] [DEBUG] Plateau detected at L=-9.061744e+01, not replacing live point.
22:01:50 [ultranest] [DEBUG] Plateau detected at L=-9.061744e+01, not replacing live point.
22:01:50 [ultranest] [DEBUG] Plateau detected at L=-9.061744e+01, not replacing live point.
22:01:50 [ultranest] [DEBUG] iteration=261, ncalls=6522, regioncalls=0, ndraw=40, logz=-91.48, remainder_fraction=100.0000%, Lmin=-90.62, Lmax=-15.92
22:01:50 [ultranest] [DEBUG] Plateau detected at L=-9.061744e+01, not replacing live point.
22:01:50 [ultranest] [DEBUG] iteration=264, ncalls=6522, regioncalls=0, ndraw=40, logz=-91.46, remainder_fraction=100.0000%, Lmin=-90.62, Lmax=-15.92
22:01:50 [ultranest] [DEBUG] Plateau detected at L=-9.061744e+01, not replacing live point.
22:01:51 [ultranest] [DEBUG] iteration=266, ncalls=6522, regioncalls=0, ndraw=40, logz=-91.46, remainder_fraction=100.0000%, Lmin=-90.62, Lmax=-15.92
22:01:51 [ultranest] [DEBUG] Plateau detected at L=-9.061744e+01, not replacing live point.
22:01:51 [ultranest] [DEBUG] iteration=271, ncalls=6522, regioncalls=0, ndraw=40, logz=-91.43, remainder_fraction=100.0000%, Lmin=-90.62, Lmax=-15.92
22:01:51 [ultranest] [DEBUG] iteration=280, ncalls=6522, regioncalls=0, ndraw=40, logz=-91.39, remainder_fraction=100.0000%, Lmin=-90.62, Lmax=-15.92
22:01:51 [ultranest] [DEBUG] iteration=316, ncalls=6522, regioncalls=0, ndraw=40, logz=-91.26, remainder_fraction=100.0000%, Lmin=-90.62, Lmax=-15.92
22:01:51 [ultranest] [DEBUG] iteration=320, ncalls=6522, regioncalls=0, ndraw=40, logz=-91.25, remainder_fraction=100.0000%, Lmin=-90.62, Lmax=-15.92
22:01:51 [ultranest] [DEBUG] iteration=360, ncalls=6522, regioncalls=0, ndraw=40, logz=-91.14, remainder_fraction=100.0000%, Lmin=-90.62, Lmax=-15.92
22:01:51 [ultranest] [DEBUG] iteration=361, ncalls=6522, regioncalls=0, ndraw=40, logz=-91.14, remainder_fraction=100.0000%, Lmin=-90.62, Lmax=-15.92
22:01:51 [ultranest] [DEBUG] iteration=400, ncalls=6522, regioncalls=0, ndraw=40, logz=-91.07, remainder_fraction=100.0000%, Lmin=-90.61, Lmax=-13.88
22:01:51 [ultranest] [DEBUG] iteration=440, ncalls=6522, regioncalls=0, ndraw=40, logz=-91.01, remainder_fraction=100.0000%, Lmin=-90.59, Lmax=-13.88
22:01:51 [ultranest] [DEBUG] iteration=480, ncalls=6522, regioncalls=0, ndraw=40, logz=-90.96, remainder_fraction=100.0000%, Lmin=-90.48, Lmax=-13.88
22:01:51 [ultranest] [DEBUG] iteration=520, ncalls=6522, regioncalls=0, ndraw=40, logz=-90.91, remainder_fraction=100.0000%, Lmin=-90.02, Lmax=-13.88
22:01:51 [ultranest] [DEBUG] iteration=541, ncalls=6522, regioncalls=0, ndraw=40, logz=-90.87, remainder_fraction=100.0000%, Lmin=-89.68, Lmax=-13.88
22:01:51 [ultranest] [DEBUG] iteration=560, ncalls=6522, regioncalls=0, ndraw=40, logz=-90.83, remainder_fraction=100.0000%, Lmin=-89.23, Lmax=-13.88
22:01:51 [ultranest] [DEBUG] iteration=600, ncalls=6522, regioncalls=0, ndraw=40, logz=-90.58, remainder_fraction=100.0000%, Lmin=-86.85, Lmax=-12.65
22:01:51 [ultranest] [DEBUG] iteration=631, ncalls=6522, regioncalls=0, ndraw=40, logz=-89.39, remainder_fraction=100.0000%, Lmin=-84.04, Lmax=-12.65
22:01:51 [ultranest] [DEBUG] iteration=640, ncalls=6522, regioncalls=0, ndraw=40, logz=-88.74, remainder_fraction=100.0000%, Lmin=-83.09, Lmax=-12.65
22:01:51 [ultranest] [DEBUG] iteration=680, ncalls=6522, regioncalls=0, ndraw=40, logz=-84.69, remainder_fraction=100.0000%, Lmin=-78.81, Lmax=-12.65
22:01:51 [ultranest] [DEBUG] iteration=720, ncalls=6522, regioncalls=0, ndraw=40, logz=-79.26, remainder_fraction=100.0000%, Lmin=-72.48, Lmax=-12.65
22:01:51 [ultranest] [DEBUG] iteration=721, ncalls=6522, regioncalls=0, ndraw=40, logz=-79.09, remainder_fraction=100.0000%, Lmin=-72.07, Lmax=-12.65
22:01:51 [ultranest] [DEBUG] iteration=760, ncalls=6522, regioncalls=0, ndraw=40, logz=-72.57, remainder_fraction=100.0000%, Lmin=-66.04, Lmax=-12.29
22:01:51 [ultranest] [DEBUG] iteration=800, ncalls=6522, regioncalls=0, ndraw=40, logz=-65.86, remainder_fraction=100.0000%, Lmin=-58.69, Lmax=-12.29
22:01:51 [ultranest] [DEBUG] iteration=840, ncalls=6522, regioncalls=0, ndraw=40, logz=-59.28, remainder_fraction=100.0000%, Lmin=-52.43, Lmax=-11.77
22:01:51 [ultranest] [DEBUG] iteration=880, ncalls=6522, regioncalls=0, ndraw=40, logz=-54.61, remainder_fraction=100.0000%, Lmin=-47.73, Lmax=-11.77
22:01:51 [ultranest] [DEBUG] iteration=920, ncalls=6522, regioncalls=0, ndraw=40, logz=-50.75, remainder_fraction=100.0000%, Lmin=-43.55, Lmax=-11.43
22:01:51 [ultranest] [DEBUG] iteration=960, ncalls=6522, regioncalls=0, ndraw=40, logz=-45.73, remainder_fraction=100.0000%, Lmin=-38.23, Lmax=-10.52
22:01:51 [ultranest] [DEBUG] iteration=1000, ncalls=6522, regioncalls=0, ndraw=40, logz=-42.18, remainder_fraction=100.0000%, Lmin=-34.33, Lmax=-10.52
22:01:51 [ultranest] [DEBUG] iteration=1040, ncalls=6522, regioncalls=0, ndraw=40, logz=-39.07, remainder_fraction=100.0000%, Lmin=-31.69, Lmax=-10.52
22:01:51 [ultranest] [DEBUG] iteration=1080, ncalls=6522, regioncalls=0, ndraw=40, logz=-36.17, remainder_fraction=100.0000%, Lmin=-28.65, Lmax=-10.52
22:01:51 [ultranest] [DEBUG] iteration=1120, ncalls=6522, regioncalls=0, ndraw=40, logz=-33.77, remainder_fraction=100.0000%, Lmin=-26.21, Lmax=-10.52
22:01:51 [ultranest] [DEBUG] iteration=1126, ncalls=6522, regioncalls=0, ndraw=40, logz=-33.44, remainder_fraction=99.9999%, Lmin=-25.80, Lmax=-10.52
22:01:51 [ultranest] [DEBUG] iteration=1160, ncalls=6522, regioncalls=0, ndraw=40, logz=-31.88, remainder_fraction=99.9998%, Lmin=-24.68, Lmax=-10.52
22:01:51 [ultranest] [DEBUG] iteration=1200, ncalls=6522, regioncalls=0, ndraw=40, logz=-30.24, remainder_fraction=99.9988%, Lmin=-22.54, Lmax=-10.52
22:01:51 [ultranest] [DEBUG] iteration=1216, ncalls=6522, regioncalls=0, ndraw=40, logz=-29.59, remainder_fraction=99.9976%, Lmin=-22.01, Lmax=-10.52
22:01:51 [ultranest] [DEBUG] iteration=1240, ncalls=6522, regioncalls=0, ndraw=40, logz=-28.84, remainder_fraction=99.9951%, Lmin=-21.40, Lmax=-10.52
22:01:51 [ultranest] [DEBUG] iteration=1280, ncalls=6522, regioncalls=0, ndraw=40, logz=-27.53, remainder_fraction=99.9821%, Lmin=-19.74, Lmax=-10.52
22:01:51 [ultranest] [DEBUG] iteration=1306, ncalls=6522, regioncalls=0, ndraw=40, logz=-26.60, remainder_fraction=99.9560%, Lmin=-18.31, Lmax=-10.52
22:01:51 [ultranest] [DEBUG] iteration=1320, ncalls=6522, regioncalls=0, ndraw=40, logz=-25.94, remainder_fraction=99.9146%, Lmin=-17.55, Lmax=-10.52
22:01:51 [ultranest] [DEBUG] iteration=1360, ncalls=6522, regioncalls=0, ndraw=40, logz=-24.53, remainder_fraction=99.6598%, Lmin=-16.42, Lmax=-10.52
22:01:51 [ultranest] [DEBUG] iteration=1396, ncalls=6522, regioncalls=0, ndraw=40, logz=-23.62, remainder_fraction=99.1873%, Lmin=-15.51, Lmax=-10.50
22:01:51 [ultranest] [DEBUG] iteration=1400, ncalls=6522, regioncalls=0, ndraw=40, logz=-23.52, remainder_fraction=99.0980%, Lmin=-15.46, Lmax=-10.50
22:01:51 [ultranest] [DEBUG] iteration=1440, ncalls=6522, regioncalls=0, ndraw=40, logz=-22.73, remainder_fraction=98.0630%, Lmin=-14.69, Lmax=-10.44
22:01:51 [ultranest] [DEBUG] iteration=1441, ncalls=6522, regioncalls=0, ndraw=40, logz=-22.71, remainder_fraction=98.0192%, Lmin=-14.66, Lmax=-10.44
22:01:51 [ultranest] [DEBUG] iteration=1480, ncalls=6522, regioncalls=0, ndraw=40, logz=-22.09, remainder_fraction=96.3044%, Lmin=-14.11, Lmax=-10.44
22:01:51 [ultranest] [DEBUG] iteration=1486, ncalls=6522, regioncalls=0, ndraw=40, logz=-22.00, remainder_fraction=95.9674%, Lmin=-13.97, Lmax=-10.44
22:01:51 [ultranest] [DEBUG] iteration=1520, ncalls=6522, regioncalls=0, ndraw=40, logz=-21.59, remainder_fraction=93.5338%, Lmin=-13.59, Lmax=-10.44
22:01:51 [ultranest] [DEBUG] iteration=1560, ncalls=6522, regioncalls=0, ndraw=40, logz=-21.16, remainder_fraction=90.4824%, Lmin=-13.14, Lmax=-10.43
22:01:51 [ultranest] [DEBUG] iteration=1576, ncalls=6522, regioncalls=0, ndraw=40, logz=-21.00, remainder_fraction=88.7907%, Lmin=-12.94, Lmax=-10.43
22:01:51 [ultranest] [DEBUG] iteration=1600, ncalls=6522, regioncalls=0, ndraw=40, logz=-20.78, remainder_fraction=86.4285%, Lmin=-12.70, Lmax=-10.42
22:01:51 [ultranest] [DEBUG] iteration=1621, ncalls=6522, regioncalls=0, ndraw=40, logz=-20.61, remainder_fraction=83.9464%, Lmin=-12.56, Lmax=-10.42
22:01:51 [ultranest] [DEBUG] iteration=1640, ncalls=6522, regioncalls=0, ndraw=40, logz=-20.47, remainder_fraction=81.5282%, Lmin=-12.29, Lmax=-10.42
22:01:51 [ultranest] [DEBUG] iteration=1666, ncalls=6522, regioncalls=0, ndraw=40, logz=-20.28, remainder_fraction=77.4730%, Lmin=-12.11, Lmax=-10.42
22:01:51 [ultranest] [DEBUG] iteration=1680, ncalls=6522, regioncalls=0, ndraw=40, logz=-20.19, remainder_fraction=75.6109%, Lmin=-12.00, Lmax=-10.42
22:01:51 [ultranest] [DEBUG] iteration=1720, ncalls=6522, regioncalls=0, ndraw=40, logz=-19.95, remainder_fraction=69.0341%, Lmin=-11.73, Lmax=-10.42
22:01:51 [ultranest] [DEBUG] iteration=1760, ncalls=6522, regioncalls=0, ndraw=40, logz=-19.75, remainder_fraction=61.9641%, Lmin=-11.43, Lmax=-10.42
22:01:51 [ultranest] [DEBUG] iteration=1800, ncalls=6522, regioncalls=0, ndraw=40, logz=-19.57, remainder_fraction=54.4126%, Lmin=-11.27, Lmax=-10.42
22:01:51 [ultranest] [DEBUG] iteration=1840, ncalls=6522, regioncalls=0, ndraw=40, logz=-19.43, remainder_fraction=47.4528%, Lmin=-11.14, Lmax=-10.42
22:01:51 [ultranest] [DEBUG] iteration=1846, ncalls=6522, regioncalls=0, ndraw=40, logz=-19.41, remainder_fraction=46.5369%, Lmin=-11.13, Lmax=-10.42
22:01:51 [ultranest] [DEBUG] iteration=1880, ncalls=6522, regioncalls=0, ndraw=40, logz=-19.31, remainder_fraction=41.0264%, Lmin=-11.03, Lmax=-10.42
22:01:52 [ultranest] [DEBUG] iteration=1920, ncalls=6522, regioncalls=0, ndraw=40, logz=-19.22, remainder_fraction=35.3525%, Lmin=-10.95, Lmax=-10.42
22:01:52 [ultranest] [DEBUG] iteration=1936, ncalls=6522, regioncalls=0, ndraw=40, logz=-19.19, remainder_fraction=33.4116%, Lmin=-10.90, Lmax=-10.42
22:01:52 [ultranest] [DEBUG] iteration=1960, ncalls=6522, regioncalls=0, ndraw=40, logz=-19.14, remainder_fraction=30.3455%, Lmin=-10.85, Lmax=-10.42
22:01:52 [ultranest] [DEBUG] iteration=1981, ncalls=6522, regioncalls=0, ndraw=40, logz=-19.11, remainder_fraction=27.9781%, Lmin=-10.80, Lmax=-10.42
22:01:52 [ultranest] [DEBUG] iteration=2000, ncalls=6522, regioncalls=0, ndraw=40, logz=-19.08, remainder_fraction=25.8316%, Lmin=-10.78, Lmax=-10.42
22:01:52 [ultranest] [DEBUG] iteration=2026, ncalls=6522, regioncalls=0, ndraw=40, logz=-19.04, remainder_fraction=23.0789%, Lmin=-10.73, Lmax=-10.41
22:01:52 [ultranest] [DEBUG] iteration=2040, ncalls=6522, regioncalls=0, ndraw=40, logz=-19.02, remainder_fraction=21.6800%, Lmin=-10.71, Lmax=-10.41
22:01:52 [ultranest] [DEBUG] iteration=2071, ncalls=6522, regioncalls=0, ndraw=40, logz=-18.99, remainder_fraction=18.8708%, Lmin=-10.67, Lmax=-10.41
22:01:52 [ultranest] [DEBUG] iteration=2080, ncalls=6522, regioncalls=0, ndraw=40, logz=-18.98, remainder_fraction=18.1095%, Lmin=-10.66, Lmax=-10.41
22:01:52 [ultranest] [DEBUG] iteration=2120, ncalls=6522, regioncalls=0, ndraw=40, logz=-18.94, remainder_fraction=15.1422%, Lmin=-10.64, Lmax=-10.41
22:01:52 [ultranest] [DEBUG] iteration=2160, ncalls=6522, regioncalls=0, ndraw=40, logz=-18.91, remainder_fraction=12.6213%, Lmin=-10.60, Lmax=-10.41
22:01:52 [ultranest] [DEBUG] iteration=2161, ncalls=6522, regioncalls=0, ndraw=40, logz=-18.91, remainder_fraction=12.5651%, Lmin=-10.60, Lmax=-10.41
22:01:52 [ultranest] [DEBUG] iteration=2200, ncalls=6522, regioncalls=0, ndraw=40, logz=-18.89, remainder_fraction=10.4898%, Lmin=-10.58, Lmax=-10.41
22:01:52 [ultranest] [DEBUG] iteration=2206, ncalls=6522, regioncalls=0, ndraw=40, logz=-18.89, remainder_fraction=10.2004%, Lmin=-10.57, Lmax=-10.41
22:01:52 [ultranest] [DEBUG] iteration=2240, ncalls=6522, regioncalls=0, ndraw=40, logz=-18.87, remainder_fraction=8.7162%, Lmin=-10.55, Lmax=-10.41
22:01:52 [ultranest] [DEBUG] iteration=2280, ncalls=6522, regioncalls=0, ndraw=40, logz=-18.85, remainder_fraction=7.2182%, Lmin=-10.52, Lmax=-10.41
22:01:52 [ultranest] [DEBUG] iteration=2296, ncalls=6522, regioncalls=0, ndraw=40, logz=-18.85, remainder_fraction=6.6855%, Lmin=-10.52, Lmax=-10.41
22:01:52 [ultranest] [INFO] Explored until L=-1e+01  
22:01:52 [ultranest] [INFO] Likelihood function evaluations: 6522
22:01:52 [ultranest] [INFO] Writing samples and results to disk ...
22:01:52 [ultranest] [INFO] Writing samples and results to disk ... done
22:01:52 [ultranest] [DEBUG] did a run_iter pass!
22:01:52 [ultranest] [INFO]   logZ = -18.78 +- 0.118
22:01:52 [ultranest] [INFO] Effective samples strategy satisfied (ESS = 833.4, need >400)
22:01:52 [ultranest] [INFO] Posterior uncertainty strategy is satisfied (KL: 0.47+-0.10 nat, need <0.50 nat)
22:01:52 [ultranest] [INFO] Evidency uncertainty strategy is satisfied (dlogz=0.13, need <0.5)
22:01:52 [ultranest] [INFO]   logZ error budget: single: 0.19 bs:0.12 tail:0.06 total:0.13 required:<0.50
22:01:52 [ultranest] [INFO] done iterating.
22:01:53 [ultranest] [DEBUG] Making corner plot ...
22:01:54 [ultranest] [DEBUG] Making corner plot ... done
22:01:54 [ultranest] [DEBUG] Making run plot ... 
22:01:55 [ultranest] [DEBUG] Making run plot ... done
22:01:55 [ultranest] [DEBUG] Making trace plot ... 
22:01:56 [ultranest] [DEBUG] Making trace plot ... done
