11:09:05 [ultranest] [DEBUG] ReactiveNestedSampler: dims=3+0, resume=True, log_dir=/home/orion51/Desktop/Research/spectral_fitting/FGL_spectral_fitting/Individual_sources/2CXOJ085935.8-434457/powerlaw_out_, backend=hdf5, vectorized=False, nbootstraps=30, ndraw=128..65536
11:09:05 [ultranest] [INFO] Sampling 400 live points from prior ...
11:09:06 [ultranest] [DEBUG] run_iter dlogz=0.5, dKL=0.5, frac_remain=0.01, Lepsilon=0.1000, min_ess=400
11:09:06 [ultranest] [DEBUG] max_iters=-1, max_ncalls=-1, max_num_improvement_loops=-1, min_num_live_points=400, cluster_num_live_points=40
11:09:06 [ultranest] [DEBUG] minimal_widths_sequence: [(-inf, 400.0), (inf, 400.0)]
11:09:06 [ultranest] [DEBUG] iteration=0, ncalls=401, regioncalls=40, ndraw=40, logz=-inf, remainder_fraction=100.0000%, Lmin=-792764444411.07, Lmax=-26.53
11:09:06 [ultranest] [DEBUG] iteration=29, ncalls=432, regioncalls=1280, ndraw=40, logz=-423062293.26, remainder_fraction=100.0000%, Lmin=-401819789.98, Lmax=-26.53
11:09:06 [ultranest] [DEBUG] iteration=40, ncalls=443, regioncalls=1720, ndraw=40, logz=-188930692.41, remainder_fraction=100.0000%, Lmin=-178054574.49, Lmax=-26.53
11:09:06 [ultranest] [DEBUG] iteration=68, ncalls=478, regioncalls=3120, ndraw=40, logz=-14198611.79, remainder_fraction=100.0000%, Lmin=-14099714.10, Lmax=-26.53
11:09:06 [ultranest] [DEBUG] iteration=80, ncalls=493, regioncalls=3720, ndraw=40, logz=-8057515.08, remainder_fraction=100.0000%, Lmin=-8018733.49, Lmax=-26.53
11:09:06 [ultranest] [DEBUG] iteration=105, ncalls=520, regioncalls=4800, ndraw=40, logz=-1077318.05, remainder_fraction=100.0000%, Lmin=-1012758.14, Lmax=-26.53
11:09:06 [ultranest] [DEBUG] iteration=120, ncalls=537, regioncalls=5480, ndraw=40, logz=-484523.14, remainder_fraction=100.0000%, Lmin=-435061.39, Lmax=-26.53
11:09:06 [ultranest] [DEBUG] iteration=145, ncalls=570, regioncalls=6800, ndraw=40, logz=-121616.67, remainder_fraction=100.0000%, Lmin=-120274.38, Lmax=-26.53
11:09:06 [ultranest] [DEBUG] iteration=160, ncalls=588, regioncalls=7520, ndraw=40, logz=-74114.80, remainder_fraction=100.0000%, Lmin=-69410.72, Lmax=-26.53
11:09:06 [ultranest] [DEBUG] iteration=183, ncalls=620, regioncalls=8800, ndraw=40, logz=-25343.49, remainder_fraction=100.0000%, Lmin=-24098.41, Lmax=-26.53
11:09:06 [ultranest] [DEBUG] iteration=200, ncalls=640, regioncalls=9600, ndraw=40, logz=-11050.09, remainder_fraction=100.0000%, Lmin=-10988.84, Lmax=-26.53
11:09:06 [ultranest] [DEBUG] iteration=226, ncalls=675, regioncalls=11000, ndraw=40, logz=-4323.06, remainder_fraction=100.0000%, Lmin=-4303.56, Lmax=-26.53
11:09:06 [ultranest] [DEBUG] iteration=240, ncalls=697, regioncalls=11880, ndraw=40, logz=-2678.51, remainder_fraction=100.0000%, Lmin=-2550.39, Lmax=-26.53
11:09:07 [ultranest] [DEBUG] iteration=262, ncalls=737, regioncalls=13480, ndraw=40, logz=-1625.70, remainder_fraction=100.0000%, Lmin=-1465.41, Lmax=-26.53
11:09:07 [ultranest] [DEBUG] Plateau detected at L=-9.897381e+02, not replacing live point.
11:09:07 [ultranest] [DEBUG] Plateau detected at L=-9.897381e+02, not replacing live point.
11:09:07 [ultranest] [DEBUG] Plateau detected at L=-9.897381e+02, not replacing live point.
11:09:07 [ultranest] [DEBUG] Plateau detected at L=-9.897381e+02, not replacing live point.
11:09:07 [ultranest] [DEBUG] Plateau detected at L=-9.897381e+02, not replacing live point.
11:09:07 [ultranest] [DEBUG] Plateau detected at L=-9.897381e+02, not replacing live point.
11:09:07 [ultranest] [DEBUG] Plateau detected at L=-9.897381e+02, not replacing live point.
11:09:07 [ultranest] [DEBUG] Plateau detected at L=-9.897381e+02, not replacing live point.
11:09:07 [ultranest] [DEBUG] Plateau detected at L=-9.897381e+02, not replacing live point.
11:09:07 [ultranest] [DEBUG] Plateau detected at L=-9.897381e+02, not replacing live point.
11:09:07 [ultranest] [DEBUG] Plateau detected at L=-9.897381e+02, not replacing live point.
11:09:07 [ultranest] [DEBUG] Plateau detected at L=-9.897381e+02, not replacing live point.
11:09:07 [ultranest] [DEBUG] Plateau detected at L=-9.897381e+02, not replacing live point.
11:09:07 [ultranest] [DEBUG] Plateau detected at L=-9.897381e+02, not replacing live point.
11:09:07 [ultranest] [DEBUG] Plateau detected at L=-9.897381e+02, not replacing live point.
11:09:07 [ultranest] [DEBUG] Plateau detected at L=-9.897381e+02, not replacing live point.
11:09:07 [ultranest] [DEBUG] Plateau detected at L=-9.897381e+02, not replacing live point.
11:09:07 [ultranest] [DEBUG] Plateau detected at L=-9.897381e+02, not replacing live point.
11:09:07 [ultranest] [DEBUG] Plateau detected at L=-9.897381e+02, not replacing live point.
11:09:07 [ultranest] [DEBUG] Plateau detected at L=-9.897381e+02, not replacing live point.
11:09:07 [ultranest] [DEBUG] Plateau detected at L=-9.897381e+02, not replacing live point.
11:09:07 [ultranest] [DEBUG] Plateau detected at L=-9.897381e+02, not replacing live point.
11:09:07 [ultranest] [DEBUG] Plateau detected at L=-9.897381e+02, not replacing live point.
11:09:07 [ultranest] [DEBUG] Plateau detected at L=-9.897381e+02, not replacing live point.
11:09:07 [ultranest] [DEBUG] Plateau detected at L=-9.897381e+02, not replacing live point.
11:09:07 [ultranest] [DEBUG] Plateau detected at L=-9.897381e+02, not replacing live point.
11:09:07 [ultranest] [DEBUG] Plateau detected at L=-9.897381e+02, not replacing live point.
11:09:07 [ultranest] [DEBUG] Plateau detected at L=-9.897381e+02, not replacing live point.
11:09:07 [ultranest] [DEBUG] Plateau detected at L=-9.897381e+02, not replacing live point.
11:09:07 [ultranest] [DEBUG] Plateau detected at L=-9.897381e+02, not replacing live point.
11:09:07 [ultranest] [DEBUG] Plateau detected at L=-9.897381e+02, not replacing live point.
11:09:07 [ultranest] [DEBUG] Plateau detected at L=-9.897381e+02, not replacing live point.
11:09:07 [ultranest] [DEBUG] Plateau detected at L=-9.897381e+02, not replacing live point.
11:09:07 [ultranest] [DEBUG] Plateau detected at L=-9.897381e+02, not replacing live point.
11:09:07 [ultranest] [DEBUG] Plateau detected at L=-9.897381e+02, not replacing live point.
11:09:07 [ultranest] [DEBUG] Plateau detected at L=-9.897381e+02, not replacing live point.
11:09:07 [ultranest] [DEBUG] Plateau detected at L=-9.897381e+02, not replacing live point.
11:09:07 [ultranest] [DEBUG] Plateau detected at L=-9.897381e+02, not replacing live point.
11:09:07 [ultranest] [DEBUG] Plateau detected at L=-9.897381e+02, not replacing live point.
11:09:07 [ultranest] [DEBUG] Plateau detected at L=-9.897381e+02, not replacing live point.
11:09:07 [ultranest] [DEBUG] Plateau detected at L=-9.897381e+02, not replacing live point.
11:09:07 [ultranest] [DEBUG] Plateau detected at L=-9.897381e+02, not replacing live point.
11:09:07 [ultranest] [DEBUG] iteration=320, ncalls=759, regioncalls=14360, ndraw=40, logz=-992.69, remainder_fraction=100.0000%, Lmin=-989.74, Lmax=-26.53
11:09:07 [ultranest] [DEBUG] Plateau detected at L=-9.897381e+02, not replacing live point.
11:09:07 [ultranest] [DEBUG] Plateau detected at L=-9.897381e+02, not replacing live point.
11:09:07 [ultranest] [DEBUG] Plateau detected at L=-9.897381e+02, not replacing live point.
11:09:07 [ultranest] [DEBUG] iteration=324, ncalls=763, regioncalls=14520, ndraw=40, logz=-992.60, remainder_fraction=100.0000%, Lmin=-989.74, Lmax=-26.53
11:09:07 [ultranest] [DEBUG] iteration=348, ncalls=797, regioncalls=15880, ndraw=40, logz=-992.19, remainder_fraction=100.0000%, Lmin=-989.74, Lmax=-26.53
11:09:07 [ultranest] [DEBUG] iteration=360, ncalls=811, regioncalls=16440, ndraw=40, logz=-992.04, remainder_fraction=100.0000%, Lmin=-989.74, Lmax=-26.53
11:09:07 [ultranest] [DEBUG] iteration=379, ncalls=857, regioncalls=18280, ndraw=40, logz=-991.85, remainder_fraction=100.0000%, Lmin=-989.74, Lmax=-26.53
11:09:07 [ultranest] [DEBUG] iteration=400, ncalls=895, regioncalls=19800, ndraw=40, logz=-991.69, remainder_fraction=100.0000%, Lmin=-989.74, Lmax=-26.53
11:09:07 [ultranest] [DEBUG] iteration=416, ncalls=928, regioncalls=21120, ndraw=40, logz=-991.58, remainder_fraction=100.0000%, Lmin=-989.74, Lmax=-26.53
11:09:07 [ultranest] [DEBUG] iteration=433, ncalls=970, regioncalls=22800, ndraw=40, logz=-991.49, remainder_fraction=100.0000%, Lmin=-989.73, Lmax=-26.53
11:09:07 [ultranest] [DEBUG] iteration=440, ncalls=984, regioncalls=23360, ndraw=40, logz=-991.45, remainder_fraction=100.0000%, Lmin=-989.72, Lmax=-26.53
11:09:07 [ultranest] [DEBUG] iteration=460, ncalls=1025, regioncalls=25000, ndraw=40, logz=-991.35, remainder_fraction=100.0000%, Lmin=-989.67, Lmax=-26.53
11:09:08 [ultranest] [DEBUG] iteration=478, ncalls=1066, regioncalls=26640, ndraw=40, logz=-991.27, remainder_fraction=100.0000%, Lmin=-989.55, Lmax=-26.53
11:09:08 [ultranest] [DEBUG] iteration=480, ncalls=1069, regioncalls=26760, ndraw=40, logz=-991.26, remainder_fraction=100.0000%, Lmin=-989.53, Lmax=-26.53
11:09:08 [ultranest] [DEBUG] iteration=496, ncalls=1107, regioncalls=28280, ndraw=40, logz=-991.19, remainder_fraction=100.0000%, Lmin=-989.45, Lmax=-26.53
11:09:08 [ultranest] [DEBUG] iteration=510, ncalls=1152, regioncalls=30080, ndraw=40, logz=-991.13, remainder_fraction=100.0000%, Lmin=-989.10, Lmax=-26.53
11:09:08 [ultranest] [DEBUG] iteration=520, ncalls=1201, regioncalls=32040, ndraw=40, logz=-991.06, remainder_fraction=100.0000%, Lmin=-988.70, Lmax=-26.53
11:09:08 [ultranest] [DEBUG] iteration=531, ncalls=1255, regioncalls=34200, ndraw=40, logz=-990.97, remainder_fraction=100.0000%, Lmin=-988.10, Lmax=-26.53
11:09:08 [ultranest] [DEBUG] iteration=545, ncalls=1299, regioncalls=35960, ndraw=40, logz=-990.72, remainder_fraction=100.0000%, Lmin=-987.04, Lmax=-26.53
11:09:08 [ultranest] [DEBUG] iteration=559, ncalls=1346, regioncalls=37840, ndraw=40, logz=-990.28, remainder_fraction=100.0000%, Lmin=-985.91, Lmax=-26.53
11:09:08 [ultranest] [DEBUG] iteration=560, ncalls=1351, regioncalls=38040, ndraw=40, logz=-990.23, remainder_fraction=100.0000%, Lmin=-985.75, Lmax=-26.53
11:09:08 [ultranest] [DEBUG] iteration=568, ncalls=1401, regioncalls=40040, ndraw=40, logz=-989.59, remainder_fraction=100.0000%, Lmin=-984.45, Lmax=-26.53
11:09:08 [ultranest] [DEBUG] iteration=584, ncalls=1443, regioncalls=41720, ndraw=40, logz=-988.05, remainder_fraction=100.0000%, Lmin=-982.81, Lmax=-26.53
11:09:09 [ultranest] [DEBUG] iteration=597, ncalls=1492, regioncalls=43680, ndraw=40, logz=-986.65, remainder_fraction=100.0000%, Lmin=-981.57, Lmax=-26.53
11:09:09 [ultranest] [DEBUG] iteration=600, ncalls=1503, regioncalls=44120, ndraw=40, logz=-986.36, remainder_fraction=100.0000%, Lmin=-981.04, Lmax=-26.53
11:09:09 [ultranest] [DEBUG] iteration=609, ncalls=1555, regioncalls=46200, ndraw=40, logz=-985.27, remainder_fraction=100.0000%, Lmin=-979.99, Lmax=-26.53
11:09:09 [ultranest] [DEBUG] iteration=621, ncalls=1620, regioncalls=48800, ndraw=40, logz=-983.55, remainder_fraction=100.0000%, Lmin=-977.88, Lmax=-26.53
11:09:09 [ultranest] [DEBUG] iteration=631, ncalls=1670, regioncalls=50800, ndraw=40, logz=-981.61, remainder_fraction=100.0000%, Lmin=-975.62, Lmax=-26.53
11:09:09 [ultranest] [DEBUG] iteration=640, ncalls=1706, regioncalls=52240, ndraw=40, logz=-980.23, remainder_fraction=100.0000%, Lmin=-974.59, Lmax=-26.53
11:09:09 [ultranest] [DEBUG] iteration=644, ncalls=1717, regioncalls=52680, ndraw=40, logz=-979.69, remainder_fraction=100.0000%, Lmin=-974.09, Lmax=-26.53
11:09:09 [ultranest] [DEBUG] iteration=655, ncalls=1760, regioncalls=54400, ndraw=40, logz=-978.31, remainder_fraction=100.0000%, Lmin=-972.56, Lmax=-26.53
11:09:09 [ultranest] [DEBUG] iteration=664, ncalls=1813, regioncalls=56520, ndraw=40, logz=-976.96, remainder_fraction=100.0000%, Lmin=-971.10, Lmax=-26.53
11:09:09 [ultranest] [DEBUG] iteration=674, ncalls=1860, regioncalls=58400, ndraw=40, logz=-975.05, remainder_fraction=100.0000%, Lmin=-969.15, Lmax=-26.53
11:09:09 [ultranest] [DEBUG] iteration=680, ncalls=1890, regioncalls=59600, ndraw=40, logz=-974.11, remainder_fraction=100.0000%, Lmin=-967.90, Lmax=-26.53
11:09:09 [ultranest] [DEBUG] iteration=688, ncalls=1943, regioncalls=61720, ndraw=40, logz=-970.11, remainder_fraction=100.0000%, Lmin=-962.34, Lmax=-26.53
11:09:10 [ultranest] [DEBUG] iteration=703, ncalls=2006, regioncalls=64240, ndraw=40, logz=-964.79, remainder_fraction=100.0000%, Lmin=-958.41, Lmax=-26.53
11:09:10 [ultranest] [DEBUG] iteration=716, ncalls=2055, regioncalls=66200, ndraw=40, logz=-959.07, remainder_fraction=100.0000%, Lmin=-952.47, Lmax=-26.53
11:09:10 [ultranest] [DEBUG] iteration=720, ncalls=2061, regioncalls=66440, ndraw=40, logz=-957.99, remainder_fraction=100.0000%, Lmin=-950.37, Lmax=-26.53
11:09:10 [ultranest] [DEBUG] iteration=724, ncalls=2070, regioncalls=66800, ndraw=40, logz=-955.33, remainder_fraction=100.0000%, Lmin=-947.36, Lmax=-26.53
11:09:10 [ultranest] [DEBUG] iteration=741, ncalls=2109, regioncalls=68360, ndraw=40, logz=-946.04, remainder_fraction=100.0000%, Lmin=-938.61, Lmax=-26.53
11:09:10 [ultranest] [DEBUG] iteration=755, ncalls=2153, regioncalls=70120, ndraw=40, logz=-939.36, remainder_fraction=100.0000%, Lmin=-931.56, Lmax=-26.53
11:09:10 [ultranest] [DEBUG] iteration=760, ncalls=2168, regioncalls=70720, ndraw=40, logz=-936.38, remainder_fraction=100.0000%, Lmin=-928.75, Lmax=-26.53
11:09:10 [ultranest] [DEBUG] iteration=779, ncalls=2211, regioncalls=72440, ndraw=40, logz=-923.97, remainder_fraction=100.0000%, Lmin=-915.47, Lmax=-26.53
11:09:10 [ultranest] [DEBUG] iteration=797, ncalls=2253, regioncalls=74120, ndraw=40, logz=-915.66, remainder_fraction=100.0000%, Lmin=-907.51, Lmax=-26.53
11:09:10 [ultranest] [DEBUG] iteration=800, ncalls=2261, regioncalls=74440, ndraw=40, logz=-913.80, remainder_fraction=100.0000%, Lmin=-906.46, Lmax=-26.53
11:09:10 [ultranest] [DEBUG] iteration=814, ncalls=2299, regioncalls=75960, ndraw=40, logz=-904.69, remainder_fraction=100.0000%, Lmin=-897.94, Lmax=-26.53
11:09:10 [ultranest] [DEBUG] iteration=829, ncalls=2341, regioncalls=77640, ndraw=40, logz=-892.14, remainder_fraction=100.0000%, Lmin=-883.35, Lmax=-26.53
11:09:11 [ultranest] [DEBUG] iteration=840, ncalls=2359, regioncalls=78360, ndraw=40, logz=-878.66, remainder_fraction=100.0000%, Lmin=-869.20, Lmax=-26.53
11:09:11 [ultranest] [DEBUG] iteration=854, ncalls=2404, regioncalls=80160, ndraw=40, logz=-867.82, remainder_fraction=100.0000%, Lmin=-860.00, Lmax=-26.53
11:09:11 [ultranest] [DEBUG] iteration=871, ncalls=2447, regioncalls=81880, ndraw=40, logz=-844.86, remainder_fraction=100.0000%, Lmin=-835.41, Lmax=-26.53
11:09:11 [ultranest] [DEBUG] iteration=880, ncalls=2470, regioncalls=82800, ndraw=40, logz=-827.76, remainder_fraction=100.0000%, Lmin=-817.99, Lmax=-26.53
11:09:11 [ultranest] [DEBUG] iteration=884, ncalls=2490, regioncalls=83600, ndraw=40, logz=-821.71, remainder_fraction=100.0000%, Lmin=-810.97, Lmax=-26.53
11:09:11 [ultranest] [DEBUG] iteration=899, ncalls=2529, regioncalls=85160, ndraw=40, logz=-806.70, remainder_fraction=100.0000%, Lmin=-795.30, Lmax=-26.53
11:09:11 [ultranest] [DEBUG] iteration=914, ncalls=2571, regioncalls=86840, ndraw=40, logz=-788.48, remainder_fraction=100.0000%, Lmin=-780.19, Lmax=-26.53
11:09:11 [ultranest] [DEBUG] iteration=920, ncalls=2591, regioncalls=87640, ndraw=40, logz=-783.91, remainder_fraction=100.0000%, Lmin=-775.96, Lmax=-26.53
11:09:11 [ultranest] [DEBUG] iteration=936, ncalls=2633, regioncalls=89320, ndraw=40, logz=-765.94, remainder_fraction=100.0000%, Lmin=-757.48, Lmax=-26.53
11:09:11 [ultranest] [DEBUG] iteration=952, ncalls=2677, regioncalls=91080, ndraw=40, logz=-751.27, remainder_fraction=100.0000%, Lmin=-743.36, Lmax=-26.53
11:09:11 [ultranest] [DEBUG] iteration=960, ncalls=2706, regioncalls=92240, ndraw=40, logz=-744.37, remainder_fraction=100.0000%, Lmin=-736.06, Lmax=-26.53
11:09:11 [ultranest] [DEBUG] iteration=974, ncalls=2741, regioncalls=93640, ndraw=40, logz=-732.68, remainder_fraction=100.0000%, Lmin=-722.20, Lmax=-26.53
11:09:12 [ultranest] [DEBUG] iteration=986, ncalls=2792, regioncalls=95680, ndraw=40, logz=-715.71, remainder_fraction=100.0000%, Lmin=-706.55, Lmax=-26.53
11:09:12 [ultranest] [DEBUG] iteration=1000, ncalls=2831, regioncalls=97240, ndraw=40, logz=-702.36, remainder_fraction=100.0000%, Lmin=-693.95, Lmax=-26.53
11:09:12 [ultranest] [DEBUG] iteration=1008, ncalls=2882, regioncalls=99280, ndraw=40, logz=-694.47, remainder_fraction=100.0000%, Lmin=-685.51, Lmax=-26.53
11:09:12 [ultranest] [DEBUG] iteration=1022, ncalls=2927, regioncalls=101080, ndraw=40, logz=-681.16, remainder_fraction=100.0000%, Lmin=-672.59, Lmax=-26.53
11:09:12 [ultranest] [DEBUG] iteration=1037, ncalls=2974, regioncalls=102960, ndraw=40, logz=-659.25, remainder_fraction=100.0000%, Lmin=-650.38, Lmax=-26.53
11:09:12 [ultranest] [DEBUG] iteration=1040, ncalls=2989, regioncalls=103560, ndraw=40, logz=-657.04, remainder_fraction=100.0000%, Lmin=-643.53, Lmax=-26.53
11:09:12 [ultranest] [DEBUG] iteration=1044, ncalls=3009, regioncalls=104360, ndraw=40, logz=-647.56, remainder_fraction=100.0000%, Lmin=-638.77, Lmax=-26.53
11:09:12 [ultranest] [DEBUG] iteration=1057, ncalls=3051, regioncalls=106040, ndraw=40, logz=-637.40, remainder_fraction=100.0000%, Lmin=-629.33, Lmax=-26.53
11:09:12 [ultranest] [DEBUG] iteration=1070, ncalls=3097, regioncalls=107880, ndraw=40, logz=-625.95, remainder_fraction=100.0000%, Lmin=-617.25, Lmax=-26.53
11:09:12 [ultranest] [DEBUG] iteration=1080, ncalls=3120, regioncalls=108800, ndraw=40, logz=-619.33, remainder_fraction=100.0000%, Lmin=-610.04, Lmax=-26.53
11:09:12 [ultranest] [DEBUG] iteration=1094, ncalls=3166, regioncalls=110640, ndraw=40, logz=-602.71, remainder_fraction=100.0000%, Lmin=-592.11, Lmax=-26.53
11:09:13 [ultranest] [DEBUG] iteration=1109, ncalls=3210, regioncalls=112400, ndraw=40, logz=-586.96, remainder_fraction=100.0000%, Lmin=-577.97, Lmax=-26.53
11:09:13 [ultranest] [DEBUG] iteration=1119, ncalls=3258, regioncalls=114320, ndraw=40, logz=-574.83, remainder_fraction=100.0000%, Lmin=-566.50, Lmax=-26.53
11:09:13 [ultranest] [DEBUG] iteration=1120, ncalls=3259, regioncalls=114360, ndraw=40, logz=-574.39, remainder_fraction=100.0000%, Lmin=-559.98, Lmax=-26.53
11:09:13 [ultranest] [DEBUG] iteration=1124, ncalls=3267, regioncalls=114680, ndraw=40, logz=-566.91, remainder_fraction=100.0000%, Lmin=-558.75, Lmax=-26.53
11:09:13 [ultranest] [DEBUG] iteration=1137, ncalls=3320, regioncalls=116800, ndraw=40, logz=-555.40, remainder_fraction=100.0000%, Lmin=-546.36, Lmax=-26.53
11:09:13 [ultranest] [DEBUG] iteration=1152, ncalls=3363, regioncalls=118560, ndraw=40, logz=-538.39, remainder_fraction=100.0000%, Lmin=-528.29, Lmax=-26.53
11:09:13 [ultranest] [DEBUG] iteration=1160, ncalls=3381, regioncalls=119280, ndraw=40, logz=-529.10, remainder_fraction=100.0000%, Lmin=-520.99, Lmax=-26.53
11:09:13 [ultranest] [DEBUG] iteration=1169, ncalls=3431, regioncalls=121280, ndraw=40, logz=-517.88, remainder_fraction=100.0000%, Lmin=-508.85, Lmax=-26.53
11:09:13 [ultranest] [DEBUG] iteration=1181, ncalls=3479, regioncalls=123200, ndraw=40, logz=-512.38, remainder_fraction=100.0000%, Lmin=-503.65, Lmax=-26.53
11:09:13 [ultranest] [DEBUG] iteration=1191, ncalls=3528, regioncalls=125160, ndraw=40, logz=-503.78, remainder_fraction=100.0000%, Lmin=-493.00, Lmax=-26.53
11:09:13 [ultranest] [DEBUG] iteration=1200, ncalls=3554, regioncalls=126200, ndraw=40, logz=-492.63, remainder_fraction=100.0000%, Lmin=-484.22, Lmax=-26.53
11:09:13 [ultranest] [DEBUG] clustering found some stray points [need_accept=False] (array([1, 2]), array([354,   1]))
11:09:13 [ultranest] [DEBUG] iteration=1212, ncalls=3593, regioncalls=127760, ndraw=40, logz=-480.77, remainder_fraction=100.0000%, Lmin=-471.69, Lmax=-26.53
11:09:14 [ultranest] [DEBUG] iteration=1224, ncalls=3644, regioncalls=129800, ndraw=40, logz=-467.13, remainder_fraction=100.0000%, Lmin=-457.00, Lmax=-26.53
11:09:14 [ultranest] [DEBUG] iteration=1235, ncalls=3690, regioncalls=131640, ndraw=40, logz=-458.41, remainder_fraction=100.0000%, Lmin=-449.04, Lmax=-26.53
11:09:14 [ultranest] [DEBUG] iteration=1240, ncalls=3706, regioncalls=132400, ndraw=40, logz=-453.45, remainder_fraction=100.0000%, Lmin=-444.37, Lmax=-26.53
11:09:14 [ultranest] [DEBUG] iteration=1252, ncalls=3758, regioncalls=134480, ndraw=40, logz=-442.84, remainder_fraction=100.0000%, Lmin=-434.14, Lmax=-26.53
11:09:14 [ultranest] [DEBUG] iteration=1266, ncalls=3805, regioncalls=136360, ndraw=40, logz=-437.48, remainder_fraction=100.0000%, Lmin=-425.99, Lmax=-26.53
11:09:14 [ultranest] [DEBUG] iteration=1270, ncalls=3857, regioncalls=138440, ndraw=40, logz=-430.76, remainder_fraction=100.0000%, Lmin=-420.94, Lmax=-26.53
11:09:14 [ultranest] [DEBUG] iteration=1279, ncalls=3905, regioncalls=140360, ndraw=40, logz=-419.85, remainder_fraction=100.0000%, Lmin=-408.28, Lmax=-26.53
11:09:14 [ultranest] [DEBUG] iteration=1280, ncalls=3911, regioncalls=140600, ndraw=40, logz=-417.56, remainder_fraction=100.0000%, Lmin=-407.47, Lmax=-26.53
11:09:14 [ultranest] [DEBUG] clustering found some stray points [need_accept=False] (array([1, 2]), array([354,   1]))
11:09:14 [ultranest] [DEBUG] iteration=1289, ncalls=3950, regioncalls=142160, ndraw=40, logz=-407.99, remainder_fraction=100.0000%, Lmin=-396.77, Lmax=-26.53
11:09:14 [ultranest] [DEBUG] iteration=1297, ncalls=3994, regioncalls=143920, ndraw=40, logz=-398.72, remainder_fraction=100.0000%, Lmin=-389.51, Lmax=-26.53
11:09:14 [ultranest] [DEBUG] iteration=1310, ncalls=4042, regioncalls=145840, ndraw=40, logz=-387.52, remainder_fraction=100.0000%, Lmin=-378.17, Lmax=-26.53
11:09:15 [ultranest] [DEBUG] iteration=1318, ncalls=4092, regioncalls=147840, ndraw=40, logz=-381.73, remainder_fraction=100.0000%, Lmin=-372.12, Lmax=-26.53
11:09:15 [ultranest] [DEBUG] iteration=1320, ncalls=4104, regioncalls=148320, ndraw=40, logz=-380.05, remainder_fraction=100.0000%, Lmin=-369.57, Lmax=-26.53
11:09:15 [ultranest] [DEBUG] iteration=1328, ncalls=4153, regioncalls=150280, ndraw=40, logz=-372.79, remainder_fraction=100.0000%, Lmin=-362.63, Lmax=-26.53
11:09:15 [ultranest] [DEBUG] iteration=1337, ncalls=4201, regioncalls=152200, ndraw=40, logz=-369.43, remainder_fraction=100.0000%, Lmin=-360.95, Lmax=-26.53
11:09:15 [ultranest] [DEBUG] iteration=1344, ncalls=4253, regioncalls=154280, ndraw=40, logz=-366.93, remainder_fraction=100.0000%, Lmin=-355.39, Lmax=-26.53
11:09:15 [ultranest] [DEBUG] iteration=1353, ncalls=4300, regioncalls=156160, ndraw=40, logz=-359.87, remainder_fraction=100.0000%, Lmin=-350.89, Lmax=-26.53
11:09:15 [ultranest] [DEBUG] iteration=1360, ncalls=4319, regioncalls=156920, ndraw=40, logz=-355.09, remainder_fraction=100.0000%, Lmin=-346.26, Lmax=-26.53
11:09:15 [ultranest] [DEBUG] iteration=1371, ncalls=4362, regioncalls=158640, ndraw=40, logz=-347.49, remainder_fraction=100.0000%, Lmin=-338.34, Lmax=-26.53
11:09:15 [ultranest] [DEBUG] iteration=1381, ncalls=4418, regioncalls=160880, ndraw=40, logz=-342.47, remainder_fraction=100.0000%, Lmin=-333.49, Lmax=-26.53
11:09:15 [ultranest] [DEBUG] iteration=1394, ncalls=4465, regioncalls=162760, ndraw=40, logz=-337.00, remainder_fraction=100.0000%, Lmin=-328.19, Lmax=-26.53
11:09:15 [ultranest] [DEBUG] iteration=1400, ncalls=4514, regioncalls=164720, ndraw=40, logz=-332.72, remainder_fraction=100.0000%, Lmin=-322.90, Lmax=-26.53
11:09:16 [ultranest] [DEBUG] iteration=1413, ncalls=4563, regioncalls=166680, ndraw=40, logz=-326.75, remainder_fraction=100.0000%, Lmin=-316.72, Lmax=-26.53
11:09:16 [ultranest] [DEBUG] iteration=1422, ncalls=4612, regioncalls=168640, ndraw=40, logz=-321.81, remainder_fraction=100.0000%, Lmin=-311.63, Lmax=-26.53
11:09:16 [ultranest] [DEBUG] iteration=1430, ncalls=4660, regioncalls=170560, ndraw=40, logz=-318.01, remainder_fraction=100.0000%, Lmin=-309.31, Lmax=-26.53
11:09:16 [ultranest] [DEBUG] iteration=1436, ncalls=4713, regioncalls=172680, ndraw=40, logz=-315.30, remainder_fraction=100.0000%, Lmin=-306.24, Lmax=-26.53
11:09:16 [ultranest] [DEBUG] iteration=1440, ncalls=4733, regioncalls=173480, ndraw=40, logz=-313.00, remainder_fraction=100.0000%, Lmin=-302.73, Lmax=-26.53
11:09:16 [ultranest] [DEBUG] iteration=1444, ncalls=4754, regioncalls=174320, ndraw=40, logz=-310.31, remainder_fraction=100.0000%, Lmin=-301.36, Lmax=-26.53
11:09:16 [ultranest] [DEBUG] iteration=1455, ncalls=4806, regioncalls=176400, ndraw=40, logz=-302.54, remainder_fraction=100.0000%, Lmin=-292.85, Lmax=-26.53
11:09:16 [ultranest] [DEBUG] iteration=1462, ncalls=4850, regioncalls=178160, ndraw=40, logz=-298.76, remainder_fraction=100.0000%, Lmin=-288.87, Lmax=-26.53
11:09:16 [ultranest] [DEBUG] iteration=1472, ncalls=4905, regioncalls=180480, ndraw=40, logz=-292.93, remainder_fraction=100.0000%, Lmin=-283.71, Lmax=-26.53
11:09:16 [ultranest] [DEBUG] iteration=1480, ncalls=4933, regioncalls=181600, ndraw=40, logz=-288.90, remainder_fraction=100.0000%, Lmin=-279.29, Lmax=-26.53
11:09:16 [ultranest] [DEBUG] iteration=1486, ncalls=4992, regioncalls=183960, ndraw=40, logz=-285.42, remainder_fraction=100.0000%, Lmin=-276.15, Lmax=-26.53
11:09:17 [ultranest] [DEBUG] iteration=1497, ncalls=5039, regioncalls=185840, ndraw=40, logz=-281.84, remainder_fraction=100.0000%, Lmin=-272.74, Lmax=-26.53
11:09:17 [ultranest] [DEBUG] iteration=1507, ncalls=5100, regioncalls=188280, ndraw=40, logz=-278.43, remainder_fraction=100.0000%, Lmin=-268.37, Lmax=-26.53
11:09:17 [ultranest] [DEBUG] iteration=1516, ncalls=5150, regioncalls=190280, ndraw=40, logz=-274.74, remainder_fraction=100.0000%, Lmin=-265.86, Lmax=-26.53
11:09:17 [ultranest] [DEBUG] iteration=1520, ncalls=5162, regioncalls=190760, ndraw=40, logz=-273.55, remainder_fraction=100.0000%, Lmin=-264.58, Lmax=-26.53
11:09:17 [ultranest] [DEBUG] iteration=1524, ncalls=5194, regioncalls=192040, ndraw=40, logz=-271.80, remainder_fraction=100.0000%, Lmin=-262.49, Lmax=-26.53
11:09:17 [ultranest] [DEBUG] iteration=1534, ncalls=5240, regioncalls=194000, ndraw=40, logz=-266.01, remainder_fraction=100.0000%, Lmin=-256.55, Lmax=-26.53
11:09:17 [ultranest] [DEBUG] iteration=1543, ncalls=5292, regioncalls=196080, ndraw=40, logz=-260.61, remainder_fraction=100.0000%, Lmin=-249.61, Lmax=-26.53
11:09:17 [ultranest] [DEBUG] iteration=1556, ncalls=5338, regioncalls=197920, ndraw=40, logz=-252.74, remainder_fraction=100.0000%, Lmin=-242.85, Lmax=-26.53
11:09:17 [ultranest] [DEBUG] iteration=1560, ncalls=5351, regioncalls=198440, ndraw=40, logz=-250.82, remainder_fraction=100.0000%, Lmin=-241.44, Lmax=-26.53
11:09:17 [ultranest] [DEBUG] iteration=1569, ncalls=5403, regioncalls=200520, ndraw=40, logz=-245.76, remainder_fraction=100.0000%, Lmin=-233.68, Lmax=-26.53
11:09:18 [ultranest] [DEBUG] iteration=1579, ncalls=5462, regioncalls=202880, ndraw=40, logz=-239.34, remainder_fraction=100.0000%, Lmin=-230.47, Lmax=-26.53
11:09:18 [ultranest] [DEBUG] iteration=1591, ncalls=5513, regioncalls=204920, ndraw=40, logz=-236.17, remainder_fraction=100.0000%, Lmin=-227.26, Lmax=-26.53
11:09:18 [ultranest] [DEBUG] iteration=1600, ncalls=5560, regioncalls=206800, ndraw=40, logz=-233.93, remainder_fraction=100.0000%, Lmin=-224.30, Lmax=-26.53
11:09:18 [ultranest] [DEBUG] iteration=1606, ncalls=5603, regioncalls=208520, ndraw=40, logz=-231.30, remainder_fraction=100.0000%, Lmin=-221.44, Lmax=-26.53
11:09:18 [ultranest] [DEBUG] iteration=1617, ncalls=5647, regioncalls=210280, ndraw=40, logz=-227.43, remainder_fraction=100.0000%, Lmin=-217.80, Lmax=-26.53
11:09:18 [ultranest] [DEBUG] iteration=1626, ncalls=5694, regioncalls=212160, ndraw=40, logz=-222.99, remainder_fraction=100.0000%, Lmin=-213.25, Lmax=-26.53
11:09:18 [ultranest] [DEBUG] iteration=1638, ncalls=5740, regioncalls=214000, ndraw=40, logz=-218.84, remainder_fraction=100.0000%, Lmin=-209.92, Lmax=-26.53
11:09:18 [ultranest] [DEBUG] iteration=1640, ncalls=5753, regioncalls=214520, ndraw=40, logz=-218.43, remainder_fraction=100.0000%, Lmin=-209.59, Lmax=-26.53
11:09:18 [ultranest] [DEBUG] iteration=1647, ncalls=5812, regioncalls=216880, ndraw=40, logz=-216.50, remainder_fraction=100.0000%, Lmin=-207.43, Lmax=-26.53
11:09:18 [ultranest] [DEBUG] iteration=1657, ncalls=5862, regioncalls=218880, ndraw=40, logz=-214.39, remainder_fraction=100.0000%, Lmin=-205.16, Lmax=-26.53
11:09:19 [ultranest] [DEBUG] iteration=1665, ncalls=5910, regioncalls=220800, ndraw=40, logz=-211.14, remainder_fraction=100.0000%, Lmin=-200.78, Lmax=-26.53
11:09:19 [ultranest] [DEBUG] iteration=1676, ncalls=5962, regioncalls=222880, ndraw=40, logz=-206.53, remainder_fraction=100.0000%, Lmin=-197.22, Lmax=-26.53
11:09:19 [ultranest] [DEBUG] iteration=1680, ncalls=5980, regioncalls=223600, ndraw=40, logz=-205.06, remainder_fraction=100.0000%, Lmin=-195.22, Lmax=-26.53
11:09:19 [ultranest] [DEBUG] iteration=1685, ncalls=6022, regioncalls=225280, ndraw=40, logz=-203.60, remainder_fraction=100.0000%, Lmin=-194.40, Lmax=-26.53
11:09:19 [ultranest] [DEBUG] iteration=1696, ncalls=6065, regioncalls=227000, ndraw=40, logz=-201.44, remainder_fraction=100.0000%, Lmin=-191.65, Lmax=-26.53
11:09:19 [ultranest] [DEBUG] iteration=1704, ncalls=6120, regioncalls=229200, ndraw=40, logz=-199.09, remainder_fraction=100.0000%, Lmin=-189.50, Lmax=-26.53
11:09:19 [ultranest] [DEBUG] iteration=1712, ncalls=6175, regioncalls=231400, ndraw=40, logz=-196.88, remainder_fraction=100.0000%, Lmin=-187.88, Lmax=-26.53
11:09:19 [ultranest] [DEBUG] iteration=1720, ncalls=6211, regioncalls=232840, ndraw=40, logz=-195.56, remainder_fraction=100.0000%, Lmin=-186.75, Lmax=-26.53
11:09:19 [ultranest] [DEBUG] iteration=1734, ncalls=6268, regioncalls=235120, ndraw=40, logz=-192.13, remainder_fraction=100.0000%, Lmin=-182.99, Lmax=-26.53
11:09:19 [ultranest] [DEBUG] iteration=1744, ncalls=6314, regioncalls=236960, ndraw=40, logz=-189.79, remainder_fraction=100.0000%, Lmin=-180.49, Lmax=-26.32
11:09:20 [ultranest] [DEBUG] iteration=1754, ncalls=6362, regioncalls=238880, ndraw=40, logz=-187.45, remainder_fraction=100.0000%, Lmin=-177.97, Lmax=-26.32
11:09:20 [ultranest] [DEBUG] iteration=1760, ncalls=6374, regioncalls=239360, ndraw=40, logz=-186.21, remainder_fraction=100.0000%, Lmin=-177.12, Lmax=-26.32
11:09:20 [ultranest] [DEBUG] iteration=1771, ncalls=6413, regioncalls=240920, ndraw=40, logz=-183.80, remainder_fraction=100.0000%, Lmin=-174.65, Lmax=-26.32
11:09:20 [ultranest] [DEBUG] iteration=1781, ncalls=6459, regioncalls=242760, ndraw=40, logz=-180.50, remainder_fraction=100.0000%, Lmin=-170.45, Lmax=-26.32
11:09:20 [ultranest] [DEBUG] iteration=1793, ncalls=6521, regioncalls=245240, ndraw=40, logz=-177.57, remainder_fraction=100.0000%, Lmin=-168.03, Lmax=-26.32
11:09:20 [ultranest] [DEBUG] iteration=1800, ncalls=6565, regioncalls=247000, ndraw=40, logz=-176.13, remainder_fraction=100.0000%, Lmin=-166.75, Lmax=-26.32
11:09:20 [ultranest] [DEBUG] iteration=1811, ncalls=6617, regioncalls=249080, ndraw=40, logz=-173.87, remainder_fraction=100.0000%, Lmin=-164.51, Lmax=-26.32
11:09:20 [ultranest] [DEBUG] iteration=1822, ncalls=6666, regioncalls=251040, ndraw=40, logz=-171.69, remainder_fraction=100.0000%, Lmin=-162.49, Lmax=-26.32
11:09:20 [ultranest] [DEBUG] iteration=1832, ncalls=6713, regioncalls=252920, ndraw=40, logz=-168.77, remainder_fraction=100.0000%, Lmin=-158.58, Lmax=-26.32
11:09:20 [ultranest] [DEBUG] iteration=1840, ncalls=6763, regioncalls=254920, ndraw=40, logz=-166.52, remainder_fraction=100.0000%, Lmin=-156.39, Lmax=-26.32
11:09:21 [ultranest] [DEBUG] iteration=1847, ncalls=6809, regioncalls=256760, ndraw=40, logz=-164.67, remainder_fraction=100.0000%, Lmin=-155.33, Lmax=-26.32
11:09:21 [ultranest] [DEBUG] iteration=1857, ncalls=6859, regioncalls=258760, ndraw=40, logz=-162.61, remainder_fraction=100.0000%, Lmin=-153.20, Lmax=-26.32
11:09:21 [ultranest] [DEBUG] iteration=1865, ncalls=6913, regioncalls=260920, ndraw=40, logz=-159.89, remainder_fraction=100.0000%, Lmin=-149.40, Lmax=-26.32
11:09:21 [ultranest] [DEBUG] iteration=1873, ncalls=6961, regioncalls=262840, ndraw=40, logz=-157.68, remainder_fraction=100.0000%, Lmin=-148.08, Lmax=-26.32
11:09:21 [ultranest] [DEBUG] iteration=1880, ncalls=7012, regioncalls=264880, ndraw=40, logz=-156.07, remainder_fraction=100.0000%, Lmin=-146.24, Lmax=-26.32
11:09:21 [ultranest] [DEBUG] iteration=1887, ncalls=7060, regioncalls=266800, ndraw=40, logz=-154.32, remainder_fraction=100.0000%, Lmin=-144.67, Lmax=-26.32
11:09:21 [ultranest] [DEBUG] iteration=1896, ncalls=7108, regioncalls=268720, ndraw=40, logz=-152.64, remainder_fraction=100.0000%, Lmin=-143.18, Lmax=-26.32
11:09:21 [ultranest] [DEBUG] iteration=1907, ncalls=7175, regioncalls=271400, ndraw=40, logz=-149.96, remainder_fraction=100.0000%, Lmin=-139.51, Lmax=-26.32
11:09:21 [ultranest] [DEBUG] iteration=1916, ncalls=7221, regioncalls=273240, ndraw=40, logz=-147.75, remainder_fraction=100.0000%, Lmin=-137.97, Lmax=-26.32
11:09:21 [ultranest] [DEBUG] iteration=1920, ncalls=7236, regioncalls=273840, ndraw=40, logz=-146.93, remainder_fraction=100.0000%, Lmin=-137.54, Lmax=-26.32
11:09:21 [ultranest] [DEBUG] iteration=1924, ncalls=7260, regioncalls=274840, ndraw=40, logz=-146.26, remainder_fraction=100.0000%, Lmin=-136.39, Lmax=-26.32
11:09:22 [ultranest] [DEBUG] iteration=1935, ncalls=7311, regioncalls=276880, ndraw=40, logz=-144.15, remainder_fraction=100.0000%, Lmin=-134.06, Lmax=-26.32
11:09:22 [ultranest] [DEBUG] iteration=1942, ncalls=7365, regioncalls=279040, ndraw=40, logz=-142.42, remainder_fraction=100.0000%, Lmin=-132.80, Lmax=-26.32
11:09:22 [ultranest] [DEBUG] iteration=1952, ncalls=7413, regioncalls=280960, ndraw=40, logz=-141.08, remainder_fraction=100.0000%, Lmin=-132.08, Lmax=-26.32
11:09:22 [ultranest] [DEBUG] iteration=1959, ncalls=7489, regioncalls=284000, ndraw=40, logz=-140.47, remainder_fraction=100.0000%, Lmin=-131.67, Lmax=-26.32
11:09:22 [ultranest] [DEBUG] iteration=1960, ncalls=7492, regioncalls=284120, ndraw=40, logz=-140.39, remainder_fraction=100.0000%, Lmin=-131.57, Lmax=-26.32
11:09:22 [ultranest] [DEBUG] iteration=1967, ncalls=7551, regioncalls=286480, ndraw=40, logz=-139.57, remainder_fraction=100.0000%, Lmin=-129.77, Lmax=-26.32
11:09:22 [ultranest] [DEBUG] iteration=1977, ncalls=7599, regioncalls=288400, ndraw=40, logz=-138.10, remainder_fraction=100.0000%, Lmin=-128.82, Lmax=-26.29
11:09:22 [ultranest] [DEBUG] iteration=1984, ncalls=7662, regioncalls=290920, ndraw=40, logz=-137.29, remainder_fraction=100.0000%, Lmin=-128.04, Lmax=-26.29
11:09:22 [ultranest] [DEBUG] iteration=1993, ncalls=7713, regioncalls=292960, ndraw=40, logz=-136.20, remainder_fraction=100.0000%, Lmin=-126.61, Lmax=-26.29
11:09:22 [ultranest] [DEBUG] iteration=2000, ncalls=7740, regioncalls=294040, ndraw=40, logz=-135.02, remainder_fraction=100.0000%, Lmin=-125.61, Lmax=-26.29
11:09:23 [ultranest] [DEBUG] iteration=2006, ncalls=7787, regioncalls=295920, ndraw=40, logz=-134.23, remainder_fraction=100.0000%, Lmin=-124.18, Lmax=-26.29
11:09:23 [ultranest] [DEBUG] iteration=2014, ncalls=7833, regioncalls=297760, ndraw=40, logz=-132.64, remainder_fraction=100.0000%, Lmin=-122.87, Lmax=-26.29
11:09:23 [ultranest] [DEBUG] iteration=2021, ncalls=7884, regioncalls=299800, ndraw=40, logz=-131.64, remainder_fraction=100.0000%, Lmin=-121.91, Lmax=-26.29
11:09:23 [ultranest] [DEBUG] iteration=2030, ncalls=7931, regioncalls=301680, ndraw=40, logz=-130.42, remainder_fraction=100.0000%, Lmin=-121.21, Lmax=-26.29
11:09:23 [ultranest] [DEBUG] iteration=2038, ncalls=7980, regioncalls=303640, ndraw=40, logz=-129.49, remainder_fraction=100.0000%, Lmin=-120.09, Lmax=-26.29
11:09:23 [ultranest] [DEBUG] iteration=2040, ncalls=7995, regioncalls=304240, ndraw=40, logz=-129.25, remainder_fraction=100.0000%, Lmin=-119.78, Lmax=-26.29
11:09:23 [ultranest] [DEBUG] iteration=2049, ncalls=8045, regioncalls=306240, ndraw=40, logz=-127.89, remainder_fraction=100.0000%, Lmin=-118.38, Lmax=-26.29
11:09:23 [ultranest] [DEBUG] iteration=2055, ncalls=8111, regioncalls=308880, ndraw=40, logz=-127.26, remainder_fraction=100.0000%, Lmin=-118.06, Lmax=-26.29
11:09:23 [ultranest] [DEBUG] iteration=2065, ncalls=8160, regioncalls=310840, ndraw=40, logz=-126.12, remainder_fraction=100.0000%, Lmin=-116.53, Lmax=-26.29
11:09:24 [ultranest] [DEBUG] iteration=2073, ncalls=8211, regioncalls=312880, ndraw=40, logz=-125.18, remainder_fraction=100.0000%, Lmin=-115.64, Lmax=-26.29
11:09:24 [ultranest] [DEBUG] iteration=2079, ncalls=8265, regioncalls=315040, ndraw=40, logz=-124.54, remainder_fraction=100.0000%, Lmin=-115.04, Lmax=-26.29
11:09:24 [ultranest] [DEBUG] iteration=2080, ncalls=8272, regioncalls=315320, ndraw=40, logz=-124.43, remainder_fraction=100.0000%, Lmin=-115.03, Lmax=-26.29
11:09:24 [ultranest] [DEBUG] iteration=2084, ncalls=8305, regioncalls=316720, ndraw=40, logz=-124.06, remainder_fraction=100.0000%, Lmin=-114.91, Lmax=-26.29
11:09:24 [ultranest] [DEBUG] iteration=2090, ncalls=8352, regioncalls=318640, ndraw=40, logz=-123.56, remainder_fraction=100.0000%, Lmin=-114.00, Lmax=-26.29
11:09:24 [ultranest] [DEBUG] iteration=2098, ncalls=8400, regioncalls=320560, ndraw=40, logz=-122.42, remainder_fraction=100.0000%, Lmin=-112.76, Lmax=-26.29
11:09:24 [ultranest] [DEBUG] iteration=2107, ncalls=8448, regioncalls=322480, ndraw=40, logz=-121.32, remainder_fraction=100.0000%, Lmin=-111.86, Lmax=-26.29
11:09:24 [ultranest] [DEBUG] iteration=2115, ncalls=8499, regioncalls=324520, ndraw=40, logz=-120.61, remainder_fraction=100.0000%, Lmin=-111.40, Lmax=-26.29
11:09:24 [ultranest] [DEBUG] iteration=2120, ncalls=8521, regioncalls=325400, ndraw=40, logz=-120.27, remainder_fraction=100.0000%, Lmin=-111.09, Lmax=-26.29
11:09:24 [ultranest] [DEBUG] iteration=2129, ncalls=8587, regioncalls=328040, ndraw=40, logz=-119.47, remainder_fraction=100.0000%, Lmin=-110.03, Lmax=-26.29
11:09:24 [ultranest] [DEBUG] iteration=2136, ncalls=8645, regioncalls=330360, ndraw=40, logz=-118.65, remainder_fraction=100.0000%, Lmin=-108.95, Lmax=-26.29
11:09:25 [ultranest] [DEBUG] iteration=2140, ncalls=8698, regioncalls=332480, ndraw=40, logz=-118.23, remainder_fraction=100.0000%, Lmin=-108.59, Lmax=-26.29
11:09:25 [ultranest] [DEBUG] iteration=2146, ncalls=8747, regioncalls=334440, ndraw=40, logz=-117.47, remainder_fraction=100.0000%, Lmin=-107.68, Lmax=-26.29
11:09:25 [ultranest] [DEBUG] iteration=2152, ncalls=8801, regioncalls=336600, ndraw=40, logz=-116.76, remainder_fraction=100.0000%, Lmin=-107.07, Lmax=-26.29
11:09:25 [ultranest] [DEBUG] iteration=2158, ncalls=8852, regioncalls=338640, ndraw=40, logz=-116.07, remainder_fraction=100.0000%, Lmin=-106.29, Lmax=-26.29
11:09:25 [ultranest] [DEBUG] iteration=2160, ncalls=8869, regioncalls=339320, ndraw=40, logz=-115.83, remainder_fraction=100.0000%, Lmin=-106.10, Lmax=-26.29
11:09:25 [ultranest] [DEBUG] iteration=2164, ncalls=8904, regioncalls=340760, ndraw=40, logz=-115.41, remainder_fraction=100.0000%, Lmin=-105.72, Lmax=-26.29
11:09:25 [ultranest] [DEBUG] iteration=2174, ncalls=8948, regioncalls=342520, ndraw=40, logz=-114.39, remainder_fraction=100.0000%, Lmin=-104.40, Lmax=-26.29
11:09:25 [ultranest] [DEBUG] iteration=2181, ncalls=8998, regioncalls=344520, ndraw=40, logz=-113.44, remainder_fraction=100.0000%, Lmin=-103.24, Lmax=-26.29
11:09:25 [ultranest] [DEBUG] iteration=2187, ncalls=9048, regioncalls=346520, ndraw=40, logz=-112.63, remainder_fraction=100.0000%, Lmin=-102.82, Lmax=-26.29
11:09:25 [ultranest] [DEBUG] iteration=2195, ncalls=9097, regioncalls=348480, ndraw=40, logz=-111.81, remainder_fraction=100.0000%, Lmin=-102.17, Lmax=-26.29
11:09:25 [ultranest] [DEBUG] iteration=2200, ncalls=9122, regioncalls=349480, ndraw=40, logz=-111.34, remainder_fraction=100.0000%, Lmin=-101.78, Lmax=-26.29
11:09:26 [ultranest] [DEBUG] iteration=2207, ncalls=9175, regioncalls=351600, ndraw=40, logz=-110.76, remainder_fraction=100.0000%, Lmin=-101.26, Lmax=-26.29
11:09:26 [ultranest] [DEBUG] iteration=2215, ncalls=9225, regioncalls=353600, ndraw=40, logz=-110.14, remainder_fraction=100.0000%, Lmin=-100.55, Lmax=-26.29
11:09:26 [ultranest] [DEBUG] iteration=2222, ncalls=9285, regioncalls=356000, ndraw=40, logz=-109.61, remainder_fraction=100.0000%, Lmin=-100.33, Lmax=-26.15
11:09:26 [ultranest] [DEBUG] iteration=2231, ncalls=9332, regioncalls=357880, ndraw=40, logz=-109.01, remainder_fraction=100.0000%, Lmin=-99.47, Lmax=-26.15
11:09:26 [ultranest] [DEBUG] iteration=2238, ncalls=9380, regioncalls=359800, ndraw=40, logz=-108.38, remainder_fraction=100.0000%, Lmin=-98.61, Lmax=-26.15
11:09:26 [ultranest] [DEBUG] iteration=2240, ncalls=9383, regioncalls=359920, ndraw=40, logz=-108.18, remainder_fraction=100.0000%, Lmin=-98.39, Lmax=-26.15
11:09:26 [ultranest] [DEBUG] iteration=2244, ncalls=9399, regioncalls=360600, ndraw=40, logz=-107.78, remainder_fraction=100.0000%, Lmin=-97.79, Lmax=-26.15
11:09:26 [ultranest] [DEBUG] iteration=2252, ncalls=9453, regioncalls=362760, ndraw=40, logz=-106.94, remainder_fraction=100.0000%, Lmin=-97.31, Lmax=-26.15
11:09:26 [ultranest] [DEBUG] iteration=2264, ncalls=9498, regioncalls=364560, ndraw=40, logz=-106.06, remainder_fraction=100.0000%, Lmin=-96.59, Lmax=-26.15
11:09:26 [ultranest] [DEBUG] iteration=2273, ncalls=9546, regioncalls=366480, ndraw=40, logz=-105.33, remainder_fraction=100.0000%, Lmin=-95.18, Lmax=-26.15
11:09:26 [ultranest] [DEBUG] iteration=2280, ncalls=9573, regioncalls=367560, ndraw=40, logz=-104.58, remainder_fraction=100.0000%, Lmin=-94.79, Lmax=-26.15
11:09:27 [ultranest] [DEBUG] iteration=2290, ncalls=9626, regioncalls=369680, ndraw=40, logz=-103.82, remainder_fraction=100.0000%, Lmin=-94.26, Lmax=-26.15
11:09:27 [ultranest] [DEBUG] iteration=2299, ncalls=9680, regioncalls=371840, ndraw=40, logz=-103.20, remainder_fraction=100.0000%, Lmin=-93.60, Lmax=-26.15
11:09:27 [ultranest] [DEBUG] iteration=2308, ncalls=9744, regioncalls=374400, ndraw=40, logz=-102.61, remainder_fraction=100.0000%, Lmin=-93.03, Lmax=-26.15
11:09:27 [ultranest] [DEBUG] iteration=2315, ncalls=9793, regioncalls=376360, ndraw=40, logz=-102.13, remainder_fraction=100.0000%, Lmin=-92.49, Lmax=-26.15
11:09:27 [ultranest] [DEBUG] iteration=2320, ncalls=9837, regioncalls=378120, ndraw=40, logz=-101.77, remainder_fraction=100.0000%, Lmin=-92.12, Lmax=-26.15
11:09:27 [ultranest] [DEBUG] clustering found some stray points [need_accept=False] (array([1, 2, 3]), array([353,   1,   1]))
11:09:27 [ultranest] [DEBUG] iteration=2326, ncalls=9882, regioncalls=379920, ndraw=40, logz=-101.38, remainder_fraction=100.0000%, Lmin=-91.71, Lmax=-26.15
11:09:27 [ultranest] [DEBUG] iteration=2335, ncalls=9925, regioncalls=381640, ndraw=40, logz=-100.76, remainder_fraction=100.0000%, Lmin=-90.74, Lmax=-26.15
11:09:27 [ultranest] [DEBUG] iteration=2344, ncalls=9986, regioncalls=384080, ndraw=40, logz=-100.03, remainder_fraction=100.0000%, Lmin=-90.18, Lmax=-26.15
11:09:27 [ultranest] [DEBUG] iteration=2351, ncalls=10035, regioncalls=386040, ndraw=40, logz=-99.55, remainder_fraction=100.0000%, Lmin=-89.89, Lmax=-26.15
11:09:28 [ultranest] [DEBUG] iteration=2360, ncalls=10078, regioncalls=387760, ndraw=40, logz=-98.97, remainder_fraction=100.0000%, Lmin=-89.17, Lmax=-26.15
11:09:28 [ultranest] [DEBUG] iteration=2366, ncalls=10132, regioncalls=389920, ndraw=40, logz=-98.58, remainder_fraction=100.0000%, Lmin=-88.79, Lmax=-26.15
11:09:28 [ultranest] [DEBUG] iteration=2375, ncalls=10180, regioncalls=391840, ndraw=40, logz=-98.00, remainder_fraction=100.0000%, Lmin=-87.99, Lmax=-26.15
11:09:28 [ultranest] [DEBUG] iteration=2380, ncalls=10231, regioncalls=393880, ndraw=40, logz=-97.59, remainder_fraction=100.0000%, Lmin=-87.63, Lmax=-26.15
11:09:28 [ultranest] [DEBUG] iteration=2394, ncalls=10275, regioncalls=395640, ndraw=40, logz=-96.52, remainder_fraction=100.0000%, Lmin=-86.57, Lmax=-26.15
11:09:28 [ultranest] [DEBUG] iteration=2400, ncalls=10314, regioncalls=397200, ndraw=40, logz=-96.07, remainder_fraction=100.0000%, Lmin=-86.11, Lmax=-26.15
11:09:28 [ultranest] [DEBUG] iteration=2411, ncalls=10380, regioncalls=399840, ndraw=40, logz=-95.26, remainder_fraction=100.0000%, Lmin=-85.25, Lmax=-26.15
11:09:28 [ultranest] [DEBUG] iteration=2417, ncalls=10429, regioncalls=401800, ndraw=40, logz=-94.83, remainder_fraction=100.0000%, Lmin=-84.95, Lmax=-26.15
11:09:28 [ultranest] [DEBUG] iteration=2428, ncalls=10479, regioncalls=403800, ndraw=40, logz=-94.06, remainder_fraction=100.0000%, Lmin=-83.72, Lmax=-26.15
11:09:29 [ultranest] [DEBUG] iteration=2440, ncalls=10519, regioncalls=405400, ndraw=40, logz=-93.02, remainder_fraction=100.0000%, Lmin=-82.79, Lmax=-26.15
11:09:29 [ultranest] [DEBUG] iteration=2447, ncalls=10567, regioncalls=407320, ndraw=40, logz=-92.39, remainder_fraction=100.0000%, Lmin=-82.10, Lmax=-26.15
11:09:29 [ultranest] [DEBUG] iteration=2452, ncalls=10625, regioncalls=409640, ndraw=40, logz=-91.97, remainder_fraction=100.0000%, Lmin=-81.78, Lmax=-26.15
11:09:29 [ultranest] [DEBUG] iteration=2459, ncalls=10678, regioncalls=411760, ndraw=40, logz=-91.45, remainder_fraction=100.0000%, Lmin=-81.40, Lmax=-26.15
11:09:29 [ultranest] [DEBUG] iteration=2468, ncalls=10730, regioncalls=413840, ndraw=40, logz=-90.60, remainder_fraction=100.0000%, Lmin=-80.20, Lmax=-26.15
11:09:29 [ultranest] [DEBUG] iteration=2473, ncalls=10780, regioncalls=415840, ndraw=40, logz=-90.16, remainder_fraction=100.0000%, Lmin=-79.97, Lmax=-26.15
11:09:29 [ultranest] [DEBUG] iteration=2480, ncalls=10811, regioncalls=417080, ndraw=40, logz=-89.65, remainder_fraction=100.0000%, Lmin=-79.43, Lmax=-26.15
11:09:29 [ultranest] [DEBUG] iteration=2484, ncalls=10825, regioncalls=417680, ndraw=40, logz=-89.31, remainder_fraction=100.0000%, Lmin=-78.99, Lmax=-26.15
11:09:29 [ultranest] [DEBUG] iteration=2495, ncalls=10861, regioncalls=419160, ndraw=40, logz=-88.40, remainder_fraction=100.0000%, Lmin=-77.88, Lmax=-26.15
11:09:29 [ultranest] [DEBUG] iteration=2511, ncalls=10904, regioncalls=420880, ndraw=40, logz=-87.07, remainder_fraction=100.0000%, Lmin=-76.76, Lmax=-26.15
11:09:29 [ultranest] [DEBUG] iteration=2520, ncalls=10936, regioncalls=422160, ndraw=40, logz=-86.48, remainder_fraction=100.0000%, Lmin=-76.19, Lmax=-26.15
11:09:30 [ultranest] [DEBUG] iteration=2530, ncalls=10982, regioncalls=424000, ndraw=40, logz=-85.79, remainder_fraction=100.0000%, Lmin=-75.54, Lmax=-26.15
11:09:30 [ultranest] [DEBUG] iteration=2543, ncalls=11029, regioncalls=425880, ndraw=40, logz=-85.06, remainder_fraction=100.0000%, Lmin=-75.04, Lmax=-26.15
11:09:30 [ultranest] [DEBUG] iteration=2555, ncalls=11080, regioncalls=427920, ndraw=40, logz=-84.29, remainder_fraction=100.0000%, Lmin=-73.86, Lmax=-26.15
11:09:30 [ultranest] [DEBUG] iteration=2560, ncalls=11097, regioncalls=428600, ndraw=40, logz=-83.89, remainder_fraction=100.0000%, Lmin=-73.28, Lmax=-26.15
11:09:30 [ultranest] [DEBUG] iteration=2576, ncalls=11130, regioncalls=429920, ndraw=40, logz=-82.76, remainder_fraction=100.0000%, Lmin=-72.58, Lmax=-26.15
11:09:30 [ultranest] [DEBUG] iteration=2595, ncalls=11170, regioncalls=431520, ndraw=40, logz=-81.22, remainder_fraction=100.0000%, Lmin=-70.46, Lmax=-26.15
11:09:30 [ultranest] [DEBUG] iteration=2600, ncalls=11184, regioncalls=432080, ndraw=40, logz=-80.72, remainder_fraction=100.0000%, Lmin=-69.73, Lmax=-26.15
11:09:30 [ultranest] [DEBUG] iteration=2613, ncalls=11234, regioncalls=434080, ndraw=40, logz=-79.44, remainder_fraction=100.0000%, Lmin=-68.77, Lmax=-26.15
11:09:30 [ultranest] [DEBUG] iteration=2627, ncalls=11277, regioncalls=435800, ndraw=40, logz=-78.42, remainder_fraction=100.0000%, Lmin=-67.97, Lmax=-26.15
11:09:30 [ultranest] [DEBUG] iteration=2638, ncalls=11327, regioncalls=437800, ndraw=40, logz=-77.80, remainder_fraction=100.0000%, Lmin=-67.46, Lmax=-26.15
11:09:30 [ultranest] [DEBUG] iteration=2640, ncalls=11330, regioncalls=437920, ndraw=40, logz=-77.69, remainder_fraction=100.0000%, Lmin=-67.38, Lmax=-26.15
11:09:30 [ultranest] [DEBUG] iteration=2644, ncalls=11344, regioncalls=438560, ndraw=40, logz=-77.46, remainder_fraction=100.0000%, Lmin=-67.08, Lmax=-26.15
11:09:31 [ultranest] [DEBUG] iteration=2663, ncalls=11381, regioncalls=440040, ndraw=40, logz=-75.78, remainder_fraction=100.0000%, Lmin=-64.97, Lmax=-26.15
11:09:31 [ultranest] [DEBUG] iteration=2680, ncalls=11414, regioncalls=441360, ndraw=40, logz=-74.59, remainder_fraction=100.0000%, Lmin=-64.02, Lmax=-26.15
11:09:31 [ultranest] [DEBUG] iteration=2695, ncalls=11457, regioncalls=443080, ndraw=40, logz=-73.79, remainder_fraction=100.0000%, Lmin=-63.44, Lmax=-24.50
11:09:31 [ultranest] [DEBUG] iteration=2710, ncalls=11506, regioncalls=445040, ndraw=40, logz=-73.13, remainder_fraction=100.0000%, Lmin=-62.70, Lmax=-24.50
11:09:31 [ultranest] [DEBUG] iteration=2720, ncalls=11523, regioncalls=445720, ndraw=40, logz=-72.58, remainder_fraction=100.0000%, Lmin=-61.95, Lmax=-24.50
11:09:31 [ultranest] [DEBUG] iteration=2724, ncalls=11529, regioncalls=446000, ndraw=40, logz=-72.36, remainder_fraction=100.0000%, Lmin=-61.89, Lmax=-24.50
11:09:31 [ultranest] [DEBUG] iteration=2739, ncalls=11572, regioncalls=447720, ndraw=40, logz=-71.59, remainder_fraction=100.0000%, Lmin=-60.64, Lmax=-24.50
11:09:31 [ultranest] [DEBUG] iteration=2760, ncalls=11611, regioncalls=449280, ndraw=40, logz=-70.18, remainder_fraction=100.0000%, Lmin=-59.25, Lmax=-24.50
11:09:31 [ultranest] [DEBUG] iteration=2778, ncalls=11653, regioncalls=450960, ndraw=40, logz=-69.12, remainder_fraction=100.0000%, Lmin=-58.24, Lmax=-24.50
11:09:31 [ultranest] [DEBUG] iteration=2795, ncalls=11696, regioncalls=452680, ndraw=40, logz=-67.92, remainder_fraction=100.0000%, Lmin=-57.00, Lmax=-24.50
11:09:31 [ultranest] [DEBUG] iteration=2800, ncalls=11708, regioncalls=453160, ndraw=40, logz=-67.62, remainder_fraction=100.0000%, Lmin=-56.65, Lmax=-24.50
11:09:31 [ultranest] [DEBUG] clustering found some stray points [need_accept=False] (array([1, 2]), array([354,   1]))
11:09:31 [ultranest] [DEBUG] iteration=2817, ncalls=11744, regioncalls=454600, ndraw=40, logz=-66.70, remainder_fraction=100.0000%, Lmin=-56.00, Lmax=-24.50
11:09:32 [ultranest] [DEBUG] iteration=2830, ncalls=11788, regioncalls=456360, ndraw=40, logz=-66.03, remainder_fraction=100.0000%, Lmin=-55.21, Lmax=-24.50
11:09:32 [ultranest] [DEBUG] iteration=2840, ncalls=11819, regioncalls=457600, ndraw=40, logz=-65.53, remainder_fraction=100.0000%, Lmin=-54.76, Lmax=-24.50
11:09:32 [ultranest] [DEBUG] iteration=2860, ncalls=11860, regioncalls=459240, ndraw=40, logz=-64.48, remainder_fraction=100.0000%, Lmin=-53.60, Lmax=-24.50
11:09:32 [ultranest] [DEBUG] iteration=2874, ncalls=11906, regioncalls=461080, ndraw=40, logz=-63.58, remainder_fraction=100.0000%, Lmin=-52.31, Lmax=-24.50
11:09:32 [ultranest] [DEBUG] iteration=2880, ncalls=11926, regioncalls=461880, ndraw=40, logz=-63.15, remainder_fraction=100.0000%, Lmin=-51.93, Lmax=-24.50
11:09:32 [ultranest] [DEBUG] iteration=2884, ncalls=11941, regioncalls=462520, ndraw=40, logz=-62.89, remainder_fraction=100.0000%, Lmin=-51.80, Lmax=-24.50
11:09:32 [ultranest] [DEBUG] iteration=2906, ncalls=11979, regioncalls=464040, ndraw=40, logz=-61.75, remainder_fraction=100.0000%, Lmin=-50.79, Lmax=-24.50
11:09:32 [ultranest] [DEBUG] iteration=2920, ncalls=12014, regioncalls=465440, ndraw=40, logz=-61.13, remainder_fraction=100.0000%, Lmin=-50.30, Lmax=-24.50
11:09:32 [ultranest] [DEBUG] iteration=2941, ncalls=12058, regioncalls=467200, ndraw=40, logz=-60.26, remainder_fraction=100.0000%, Lmin=-49.40, Lmax=-24.50
11:09:32 [ultranest] [DEBUG] iteration=2960, ncalls=12094, regioncalls=468640, ndraw=40, logz=-59.37, remainder_fraction=100.0000%, Lmin=-48.33, Lmax=-24.50
11:09:32 [ultranest] [DEBUG] iteration=2964, ncalls=12104, regioncalls=469080, ndraw=40, logz=-59.19, remainder_fraction=100.0000%, Lmin=-48.13, Lmax=-24.50
11:09:32 [ultranest] [DEBUG] iteration=2981, ncalls=12138, regioncalls=470440, ndraw=40, logz=-58.49, remainder_fraction=100.0000%, Lmin=-47.53, Lmax=-24.50
11:09:33 [ultranest] [DEBUG] iteration=3000, ncalls=12177, regioncalls=472000, ndraw=40, logz=-57.62, remainder_fraction=100.0000%, Lmin=-46.44, Lmax=-24.50
11:09:33 [ultranest] [DEBUG] iteration=3021, ncalls=12214, regioncalls=473480, ndraw=40, logz=-56.74, remainder_fraction=100.0000%, Lmin=-45.74, Lmax=-24.50
11:09:33 [ultranest] [DEBUG] iteration=3040, ncalls=12252, regioncalls=475000, ndraw=40, logz=-56.02, remainder_fraction=100.0000%, Lmin=-44.84, Lmax=-24.50
11:09:33 [ultranest] [DEBUG] iteration=3057, ncalls=12285, regioncalls=476320, ndraw=40, logz=-55.31, remainder_fraction=100.0000%, Lmin=-44.03, Lmax=-24.50
11:09:33 [ultranest] [DEBUG] iteration=3073, ncalls=12326, regioncalls=477960, ndraw=40, logz=-54.59, remainder_fraction=100.0000%, Lmin=-43.28, Lmax=-24.50
11:09:33 [ultranest] [DEBUG] iteration=3080, ncalls=12345, regioncalls=478720, ndraw=40, logz=-54.30, remainder_fraction=100.0000%, Lmin=-43.05, Lmax=-24.50
11:09:33 [ultranest] [DEBUG] iteration=3096, ncalls=12387, regioncalls=480400, ndraw=40, logz=-53.69, remainder_fraction=100.0000%, Lmin=-42.49, Lmax=-24.50
11:09:33 [ultranest] [DEBUG] iteration=3115, ncalls=12427, regioncalls=482000, ndraw=40, logz=-52.96, remainder_fraction=100.0000%, Lmin=-41.72, Lmax=-24.50
11:09:33 [ultranest] [DEBUG] iteration=3120, ncalls=12438, regioncalls=482440, ndraw=40, logz=-52.76, remainder_fraction=100.0000%, Lmin=-41.41, Lmax=-24.50
11:09:33 [ultranest] [DEBUG] iteration=3136, ncalls=12473, regioncalls=483840, ndraw=40, logz=-52.20, remainder_fraction=100.0000%, Lmin=-40.96, Lmax=-24.50
11:09:33 [ultranest] [DEBUG] iteration=3155, ncalls=12511, regioncalls=485360, ndraw=40, logz=-51.54, remainder_fraction=100.0000%, Lmin=-40.15, Lmax=-24.50
11:09:33 [ultranest] [DEBUG] iteration=3160, ncalls=12519, regioncalls=485680, ndraw=40, logz=-51.35, remainder_fraction=99.9999%, Lmin=-39.90, Lmax=-24.50
11:09:34 [ultranest] [DEBUG] iteration=3180, ncalls=12559, regioncalls=487280, ndraw=40, logz=-50.67, remainder_fraction=99.9999%, Lmin=-39.38, Lmax=-24.50
11:09:34 [ultranest] [DEBUG] iteration=3197, ncalls=12601, regioncalls=488960, ndraw=40, logz=-50.09, remainder_fraction=99.9998%, Lmin=-38.74, Lmax=-24.50
11:09:34 [ultranest] [DEBUG] iteration=3200, ncalls=12609, regioncalls=489280, ndraw=40, logz=-49.99, remainder_fraction=99.9998%, Lmin=-38.64, Lmax=-24.50
11:09:34 [ultranest] [DEBUG] iteration=3204, ncalls=12622, regioncalls=489960, ndraw=40, logz=-49.87, remainder_fraction=99.9998%, Lmin=-38.58, Lmax=-24.50
11:09:34 [ultranest] [DEBUG] iteration=3220, ncalls=12660, regioncalls=491480, ndraw=40, logz=-49.43, remainder_fraction=99.9996%, Lmin=-38.26, Lmax=-24.50
11:09:34 [ultranest] [DEBUG] iteration=3235, ncalls=12701, regioncalls=493160, ndraw=40, logz=-49.08, remainder_fraction=99.9995%, Lmin=-37.92, Lmax=-24.50
11:09:34 [ultranest] [DEBUG] iteration=3240, ncalls=12713, regioncalls=493640, ndraw=40, logz=-48.96, remainder_fraction=99.9994%, Lmin=-37.75, Lmax=-24.50
11:09:34 [ultranest] [DEBUG] iteration=3258, ncalls=12753, regioncalls=495240, ndraw=40, logz=-48.52, remainder_fraction=99.9991%, Lmin=-37.23, Lmax=-24.50
11:09:34 [ultranest] [DEBUG] iteration=3271, ncalls=12796, regioncalls=497000, ndraw=40, logz=-48.22, remainder_fraction=99.9987%, Lmin=-36.96, Lmax=-24.50
11:09:34 [ultranest] [DEBUG] iteration=3280, ncalls=12808, regioncalls=497480, ndraw=40, logz=-48.02, remainder_fraction=99.9984%, Lmin=-36.88, Lmax=-24.50
11:09:34 [ultranest] [DEBUG] iteration=3284, ncalls=12813, regioncalls=497720, ndraw=40, logz=-47.94, remainder_fraction=99.9983%, Lmin=-36.81, Lmax=-24.50
11:09:34 [ultranest] [DEBUG] iteration=3301, ncalls=12850, regioncalls=499280, ndraw=40, logz=-47.59, remainder_fraction=99.9977%, Lmin=-36.32, Lmax=-24.50
11:09:34 [ultranest] [DEBUG] iteration=3318, ncalls=12886, regioncalls=500720, ndraw=40, logz=-47.21, remainder_fraction=99.9965%, Lmin=-35.89, Lmax=-24.50
11:09:34 [ultranest] [DEBUG] iteration=3320, ncalls=12892, regioncalls=500960, ndraw=40, logz=-47.17, remainder_fraction=99.9963%, Lmin=-35.87, Lmax=-24.50
11:09:35 [ultranest] [DEBUG] iteration=3340, ncalls=12932, regioncalls=502560, ndraw=40, logz=-46.73, remainder_fraction=99.9945%, Lmin=-35.39, Lmax=-24.50
11:09:35 [ultranest] [DEBUG] iteration=3360, ncalls=12969, regioncalls=504040, ndraw=40, logz=-46.29, remainder_fraction=99.9913%, Lmin=-34.93, Lmax=-24.50
11:09:35 [ultranest] [DEBUG] iteration=3364, ncalls=12979, regioncalls=504480, ndraw=40, logz=-46.21, remainder_fraction=99.9904%, Lmin=-34.86, Lmax=-24.50
11:09:35 [ultranest] [DEBUG] iteration=3378, ncalls=13020, regioncalls=506120, ndraw=40, logz=-45.95, remainder_fraction=99.9874%, Lmin=-34.70, Lmax=-24.50
11:09:35 [ultranest] [DEBUG] iteration=3400, ncalls=13057, regioncalls=507600, ndraw=40, logz=-45.54, remainder_fraction=99.9816%, Lmin=-34.19, Lmax=-24.50
11:09:35 [ultranest] [DEBUG] iteration=3417, ncalls=13104, regioncalls=509480, ndraw=40, logz=-45.24, remainder_fraction=99.9740%, Lmin=-33.90, Lmax=-24.50
11:09:35 [ultranest] [DEBUG] iteration=3436, ncalls=13145, regioncalls=511120, ndraw=40, logz=-44.93, remainder_fraction=99.9659%, Lmin=-33.66, Lmax=-24.50
11:09:35 [ultranest] [DEBUG] iteration=3440, ncalls=13151, regioncalls=511360, ndraw=40, logz=-44.87, remainder_fraction=99.9635%, Lmin=-33.59, Lmax=-24.50
11:09:35 [ultranest] [DEBUG] iteration=3444, ncalls=13162, regioncalls=511840, ndraw=40, logz=-44.81, remainder_fraction=99.9610%, Lmin=-33.51, Lmax=-24.50
11:09:35 [ultranest] [DEBUG] iteration=3460, ncalls=13198, regioncalls=513320, ndraw=40, logz=-44.57, remainder_fraction=99.9497%, Lmin=-33.16, Lmax=-24.50
11:09:35 [ultranest] [DEBUG] iteration=3477, ncalls=13238, regioncalls=514920, ndraw=40, logz=-44.29, remainder_fraction=99.9328%, Lmin=-32.76, Lmax=-24.50
11:09:35 [ultranest] [DEBUG] iteration=3480, ncalls=13241, regioncalls=515040, ndraw=40, logz=-44.24, remainder_fraction=99.9286%, Lmin=-32.67, Lmax=-24.50
11:09:35 [ultranest] [DEBUG] iteration=3502, ncalls=13285, regioncalls=516800, ndraw=40, logz=-43.87, remainder_fraction=99.8944%, Lmin=-32.34, Lmax=-24.50
11:09:36 [ultranest] [DEBUG] iteration=3518, ncalls=13327, regioncalls=518480, ndraw=40, logz=-43.62, remainder_fraction=99.8638%, Lmin=-32.13, Lmax=-24.50
11:09:36 [ultranest] [DEBUG] iteration=3520, ncalls=13331, regioncalls=518640, ndraw=40, logz=-43.59, remainder_fraction=99.8632%, Lmin=-32.10, Lmax=-24.50
11:09:36 [ultranest] [DEBUG] iteration=3524, ncalls=13336, regioncalls=518880, ndraw=40, logz=-43.53, remainder_fraction=99.8544%, Lmin=-32.05, Lmax=-24.50
11:09:36 [ultranest] [DEBUG] iteration=3541, ncalls=13372, regioncalls=520320, ndraw=40, logz=-43.30, remainder_fraction=99.8307%, Lmin=-31.86, Lmax=-24.48
11:09:36 [ultranest] [DEBUG] iteration=3560, ncalls=13405, regioncalls=521640, ndraw=40, logz=-43.06, remainder_fraction=99.7871%, Lmin=-31.63, Lmax=-24.42
11:09:36 [ultranest] [DEBUG] iteration=3577, ncalls=13449, regioncalls=523400, ndraw=40, logz=-42.84, remainder_fraction=99.7310%, Lmin=-31.36, Lmax=-24.42
11:09:36 [ultranest] [DEBUG] iteration=3597, ncalls=13491, regioncalls=525080, ndraw=40, logz=-42.60, remainder_fraction=99.6665%, Lmin=-31.12, Lmax=-24.42
11:09:36 [ultranest] [DEBUG] iteration=3600, ncalls=13496, regioncalls=525280, ndraw=40, logz=-42.56, remainder_fraction=99.6578%, Lmin=-31.05, Lmax=-24.42
11:09:36 [ultranest] [DEBUG] iteration=3614, ncalls=13534, regioncalls=526800, ndraw=40, logz=-42.40, remainder_fraction=99.5838%, Lmin=-30.89, Lmax=-24.42
11:09:36 [ultranest] [DEBUG] iteration=3632, ncalls=13573, regioncalls=528360, ndraw=40, logz=-42.20, remainder_fraction=99.4947%, Lmin=-30.69, Lmax=-24.42
11:09:36 [ultranest] [DEBUG] iteration=3640, ncalls=13588, regioncalls=528960, ndraw=40, logz=-42.11, remainder_fraction=99.4489%, Lmin=-30.61, Lmax=-24.42
11:09:36 [ultranest] [DEBUG] iteration=3657, ncalls=13629, regioncalls=530600, ndraw=40, logz=-41.94, remainder_fraction=99.3383%, Lmin=-30.46, Lmax=-24.42
11:09:36 [ultranest] [DEBUG] iteration=3676, ncalls=13670, regioncalls=532240, ndraw=40, logz=-41.75, remainder_fraction=99.2093%, Lmin=-30.21, Lmax=-24.42
11:09:37 [ultranest] [DEBUG] iteration=3680, ncalls=13679, regioncalls=532600, ndraw=40, logz=-41.71, remainder_fraction=99.1713%, Lmin=-30.15, Lmax=-24.42
11:09:37 [ultranest] [DEBUG] iteration=3684, ncalls=13688, regioncalls=533040, ndraw=40, logz=-41.67, remainder_fraction=99.1345%, Lmin=-30.09, Lmax=-24.42
11:09:37 [ultranest] [DEBUG] iteration=3704, ncalls=13725, regioncalls=534520, ndraw=40, logz=-41.46, remainder_fraction=98.9218%, Lmin=-29.79, Lmax=-24.42
11:09:37 [ultranest] [DEBUG] iteration=3720, ncalls=13758, regioncalls=535840, ndraw=40, logz=-41.30, remainder_fraction=98.7055%, Lmin=-29.65, Lmax=-24.42
11:09:37 [ultranest] [DEBUG] iteration=3737, ncalls=13803, regioncalls=537640, ndraw=40, logz=-41.13, remainder_fraction=98.4640%, Lmin=-29.49, Lmax=-24.42
11:09:37 [ultranest] [DEBUG] iteration=3758, ncalls=13842, regioncalls=539200, ndraw=40, logz=-40.94, remainder_fraction=98.1063%, Lmin=-29.32, Lmax=-24.42
11:09:37 [ultranest] [DEBUG] iteration=3760, ncalls=13846, regioncalls=539360, ndraw=40, logz=-40.93, remainder_fraction=98.0655%, Lmin=-29.32, Lmax=-24.42
11:09:37 [ultranest] [DEBUG] iteration=3777, ncalls=13880, regioncalls=540720, ndraw=40, logz=-40.79, remainder_fraction=97.7912%, Lmin=-29.23, Lmax=-24.42
11:09:37 [ultranest] [DEBUG] iteration=3793, ncalls=13921, regioncalls=542360, ndraw=40, logz=-40.66, remainder_fraction=97.4874%, Lmin=-29.09, Lmax=-24.42
11:09:37 [ultranest] [DEBUG] iteration=3800, ncalls=13936, regioncalls=542960, ndraw=40, logz=-40.61, remainder_fraction=97.3600%, Lmin=-29.05, Lmax=-24.42
11:09:37 [ultranest] [DEBUG] iteration=3819, ncalls=13977, regioncalls=544600, ndraw=40, logz=-40.47, remainder_fraction=96.9423%, Lmin=-28.82, Lmax=-24.40
11:09:37 [ultranest] [DEBUG] iteration=3834, ncalls=14019, regioncalls=546280, ndraw=40, logz=-40.36, remainder_fraction=96.5901%, Lmin=-28.67, Lmax=-24.40
11:09:37 [ultranest] [DEBUG] iteration=3840, ncalls=14028, regioncalls=546640, ndraw=40, logz=-40.32, remainder_fraction=96.4071%, Lmin=-28.60, Lmax=-24.40
11:09:37 [ultranest] [DEBUG] iteration=3844, ncalls=14039, regioncalls=547120, ndraw=40, logz=-40.29, remainder_fraction=96.2738%, Lmin=-28.57, Lmax=-24.40
11:09:38 [ultranest] [DEBUG] iteration=3865, ncalls=14074, regioncalls=548520, ndraw=40, logz=-40.13, remainder_fraction=95.6067%, Lmin=-28.40, Lmax=-24.40
11:09:38 [ultranest] [DEBUG] iteration=3880, ncalls=14102, regioncalls=549640, ndraw=40, logz=-40.03, remainder_fraction=95.1281%, Lmin=-28.27, Lmax=-24.40
11:09:38 [ultranest] [DEBUG] iteration=3897, ncalls=14144, regioncalls=551320, ndraw=40, logz=-39.91, remainder_fraction=94.5206%, Lmin=-28.19, Lmax=-24.40
11:09:38 [ultranest] [DEBUG] iteration=3913, ncalls=14186, regioncalls=553000, ndraw=40, logz=-39.81, remainder_fraction=93.9314%, Lmin=-28.08, Lmax=-24.40
11:09:38 [ultranest] [DEBUG] iteration=3920, ncalls=14200, regioncalls=553560, ndraw=40, logz=-39.77, remainder_fraction=93.6885%, Lmin=-28.05, Lmax=-24.40
11:09:38 [ultranest] [DEBUG] iteration=3924, ncalls=14209, regioncalls=553960, ndraw=40, logz=-39.74, remainder_fraction=93.5973%, Lmin=-28.01, Lmax=-24.40
11:09:38 [ultranest] [DEBUG] iteration=3946, ncalls=14239, regioncalls=555160, ndraw=40, logz=-39.61, remainder_fraction=92.8073%, Lmin=-27.88, Lmax=-24.34
11:09:38 [ultranest] [DEBUG] iteration=3960, ncalls=14269, regioncalls=556360, ndraw=40, logz=-39.53, remainder_fraction=92.2006%, Lmin=-27.78, Lmax=-24.34
11:09:38 [ultranest] [DEBUG] iteration=3983, ncalls=14305, regioncalls=557800, ndraw=40, logz=-39.41, remainder_fraction=90.9633%, Lmin=-27.60, Lmax=-24.34
11:09:38 [ultranest] [DEBUG] iteration=4000, ncalls=14340, regioncalls=559200, ndraw=40, logz=-39.31, remainder_fraction=90.2256%, Lmin=-27.52, Lmax=-24.34
11:09:38 [ultranest] [DEBUG] iteration=4004, ncalls=14349, regioncalls=559640, ndraw=40, logz=-39.29, remainder_fraction=90.1688%, Lmin=-27.49, Lmax=-24.34
11:09:38 [ultranest] [DEBUG] iteration=4019, ncalls=14384, regioncalls=561040, ndraw=40, logz=-39.22, remainder_fraction=89.2776%, Lmin=-27.43, Lmax=-24.34
11:09:39 [ultranest] [DEBUG] iteration=4032, ncalls=14422, regioncalls=562560, ndraw=40, logz=-39.15, remainder_fraction=88.4841%, Lmin=-27.31, Lmax=-24.34
11:09:39 [ultranest] [DEBUG] iteration=4040, ncalls=14435, regioncalls=563080, ndraw=40, logz=-39.11, remainder_fraction=87.9250%, Lmin=-27.29, Lmax=-24.34
11:09:39 [ultranest] [DEBUG] iteration=4061, ncalls=14470, regioncalls=564680, ndraw=40, logz=-39.01, remainder_fraction=86.5860%, Lmin=-27.20, Lmax=-24.34
11:09:39 [ultranest] [DEBUG] iteration=4080, ncalls=14507, regioncalls=566160, ndraw=40, logz=-38.93, remainder_fraction=85.3538%, Lmin=-27.09, Lmax=-24.34
11:09:39 [ultranest] [DEBUG] iteration=4084, ncalls=14516, regioncalls=566560, ndraw=40, logz=-38.91, remainder_fraction=85.0168%, Lmin=-27.05, Lmax=-24.34
11:09:39 [ultranest] [DEBUG] iteration=4098, ncalls=14547, regioncalls=567800, ndraw=40, logz=-38.85, remainder_fraction=84.1191%, Lmin=-26.98, Lmax=-24.34
11:09:39 [ultranest] [DEBUG] iteration=4118, ncalls=14585, regioncalls=569360, ndraw=40, logz=-38.77, remainder_fraction=82.8587%, Lmin=-26.89, Lmax=-24.34
11:09:39 [ultranest] [DEBUG] iteration=4120, ncalls=14591, regioncalls=569600, ndraw=40, logz=-38.76, remainder_fraction=82.7033%, Lmin=-26.88, Lmax=-24.34
11:09:39 [ultranest] [DEBUG] iteration=4140, ncalls=14629, regioncalls=571120, ndraw=40, logz=-38.68, remainder_fraction=81.2445%, Lmin=-26.79, Lmax=-24.34
11:09:39 [ultranest] [DEBUG] iteration=4160, ncalls=14662, regioncalls=572440, ndraw=40, logz=-38.60, remainder_fraction=79.7911%, Lmin=-26.71, Lmax=-24.34
11:09:39 [ultranest] [DEBUG] iteration=4164, ncalls=14666, regioncalls=572680, ndraw=40, logz=-38.59, remainder_fraction=79.4351%, Lmin=-26.69, Lmax=-24.34
11:09:39 [ultranest] [DEBUG] iteration=4186, ncalls=14698, regioncalls=573960, ndraw=40, logz=-38.51, remainder_fraction=77.9680%, Lmin=-26.61, Lmax=-24.34
11:09:39 [ultranest] [DEBUG] iteration=4200, ncalls=14723, regioncalls=574960, ndraw=40, logz=-38.46, remainder_fraction=76.7435%, Lmin=-26.56, Lmax=-24.34
11:09:40 [ultranest] [DEBUG] iteration=4222, ncalls=14759, regioncalls=576400, ndraw=40, logz=-38.39, remainder_fraction=74.8385%, Lmin=-26.48, Lmax=-24.34
11:09:40 [ultranest] [DEBUG] iteration=4238, ncalls=14799, regioncalls=578000, ndraw=40, logz=-38.34, remainder_fraction=73.5943%, Lmin=-26.44, Lmax=-24.34
11:09:40 [ultranest] [DEBUG] iteration=4240, ncalls=14801, regioncalls=578080, ndraw=40, logz=-38.34, remainder_fraction=73.4343%, Lmin=-26.42, Lmax=-24.34
11:09:40 [ultranest] [DEBUG] iteration=4261, ncalls=14829, regioncalls=579200, ndraw=40, logz=-38.28, remainder_fraction=71.8602%, Lmin=-26.37, Lmax=-24.34
11:09:40 [ultranest] [DEBUG] iteration=4278, ncalls=14868, regioncalls=580760, ndraw=40, logz=-38.23, remainder_fraction=70.6796%, Lmin=-26.31, Lmax=-24.34
11:09:40 [ultranest] [DEBUG] iteration=4280, ncalls=14874, regioncalls=581000, ndraw=40, logz=-38.22, remainder_fraction=70.4679%, Lmin=-26.30, Lmax=-24.34
11:09:40 [ultranest] [DEBUG] iteration=4299, ncalls=14911, regioncalls=582480, ndraw=40, logz=-38.17, remainder_fraction=69.0847%, Lmin=-26.21, Lmax=-24.34
11:09:40 [ultranest] [DEBUG] iteration=4319, ncalls=14950, regioncalls=584040, ndraw=40, logz=-38.12, remainder_fraction=67.7995%, Lmin=-26.15, Lmax=-24.34
11:09:40 [ultranest] [DEBUG] iteration=4320, ncalls=14951, regioncalls=584080, ndraw=40, logz=-38.12, remainder_fraction=67.6961%, Lmin=-26.14, Lmax=-24.34
11:09:40 [ultranest] [DEBUG] iteration=4324, ncalls=14958, regioncalls=584400, ndraw=40, logz=-38.11, remainder_fraction=67.5327%, Lmin=-26.11, Lmax=-24.34
11:09:40 [ultranest] [DEBUG] iteration=4345, ncalls=14990, regioncalls=585680, ndraw=40, logz=-38.05, remainder_fraction=65.6583%, Lmin=-26.05, Lmax=-24.34
11:09:40 [ultranest] [DEBUG] iteration=4360, ncalls=15014, regioncalls=586680, ndraw=40, logz=-38.02, remainder_fraction=64.4907%, Lmin=-25.98, Lmax=-24.34
11:09:40 [ultranest] [DEBUG] iteration=4383, ncalls=15047, regioncalls=588000, ndraw=40, logz=-37.96, remainder_fraction=62.7002%, Lmin=-25.91, Lmax=-24.34
11:09:40 [ultranest] [DEBUG] iteration=4400, ncalls=15082, regioncalls=589400, ndraw=40, logz=-37.93, remainder_fraction=61.3198%, Lmin=-25.84, Lmax=-24.34
11:09:41 [ultranest] [DEBUG] iteration=4420, ncalls=15115, regioncalls=590720, ndraw=40, logz=-37.88, remainder_fraction=59.6844%, Lmin=-25.79, Lmax=-24.34
11:09:41 [ultranest] [DEBUG] iteration=4436, ncalls=15153, regioncalls=592240, ndraw=40, logz=-37.85, remainder_fraction=58.1987%, Lmin=-25.75, Lmax=-24.34
11:09:41 [ultranest] [DEBUG] iteration=4440, ncalls=15158, regioncalls=592440, ndraw=40, logz=-37.84, remainder_fraction=57.7738%, Lmin=-25.75, Lmax=-24.34
11:09:41 [ultranest] [DEBUG] iteration=4460, ncalls=15196, regioncalls=593960, ndraw=40, logz=-37.80, remainder_fraction=56.1690%, Lmin=-25.70, Lmax=-24.34
11:09:41 [ultranest] [DEBUG] iteration=4480, ncalls=15237, regioncalls=595600, ndraw=40, logz=-37.76, remainder_fraction=54.4844%, Lmin=-25.66, Lmax=-24.34
11:09:41 [ultranest] [DEBUG] iteration=4484, ncalls=15242, regioncalls=595880, ndraw=40, logz=-37.75, remainder_fraction=54.1498%, Lmin=-25.65, Lmax=-24.34
11:09:41 [ultranest] [DEBUG] iteration=4507, ncalls=15275, regioncalls=597240, ndraw=40, logz=-37.71, remainder_fraction=52.3041%, Lmin=-25.59, Lmax=-24.34
11:09:41 [ultranest] [DEBUG] iteration=4520, ncalls=15304, regioncalls=598400, ndraw=40, logz=-37.69, remainder_fraction=51.2273%, Lmin=-25.57, Lmax=-24.34
11:09:41 [ultranest] [DEBUG] iteration=4543, ncalls=15341, regioncalls=599880, ndraw=40, logz=-37.65, remainder_fraction=49.4064%, Lmin=-25.52, Lmax=-24.34
11:09:41 [ultranest] [DEBUG] iteration=4560, ncalls=15383, regioncalls=601560, ndraw=40, logz=-37.63, remainder_fraction=48.0710%, Lmin=-25.48, Lmax=-24.34
11:09:41 [ultranest] [DEBUG] iteration=4564, ncalls=15389, regioncalls=601880, ndraw=40, logz=-37.62, remainder_fraction=47.7243%, Lmin=-25.47, Lmax=-24.34
11:09:41 [ultranest] [DEBUG] iteration=4581, ncalls=15425, regioncalls=603320, ndraw=40, logz=-37.59, remainder_fraction=46.4202%, Lmin=-25.44, Lmax=-24.34
11:09:42 [ultranest] [DEBUG] iteration=4600, ncalls=15453, regioncalls=604440, ndraw=40, logz=-37.57, remainder_fraction=44.9112%, Lmin=-25.41, Lmax=-24.34
11:09:42 [ultranest] [DEBUG] iteration=4619, ncalls=15494, regioncalls=606080, ndraw=40, logz=-37.54, remainder_fraction=43.5050%, Lmin=-25.37, Lmax=-24.34
11:09:42 [ultranest] [DEBUG] iteration=4639, ncalls=15532, regioncalls=607600, ndraw=40, logz=-37.52, remainder_fraction=41.8990%, Lmin=-25.31, Lmax=-24.34
11:09:42 [ultranest] [DEBUG] iteration=4640, ncalls=15534, regioncalls=607680, ndraw=40, logz=-37.51, remainder_fraction=41.8005%, Lmin=-25.31, Lmax=-24.34
11:09:42 [ultranest] [DEBUG] iteration=4658, ncalls=15568, regioncalls=609040, ndraw=40, logz=-37.49, remainder_fraction=40.4132%, Lmin=-25.29, Lmax=-24.34
11:09:42 [ultranest] [DEBUG] iteration=4675, ncalls=15603, regioncalls=610440, ndraw=40, logz=-37.47, remainder_fraction=39.1395%, Lmin=-25.24, Lmax=-24.34
11:09:42 [ultranest] [DEBUG] iteration=4680, ncalls=15613, regioncalls=610840, ndraw=40, logz=-37.46, remainder_fraction=38.8087%, Lmin=-25.23, Lmax=-24.34
11:09:42 [ultranest] [DEBUG] iteration=4698, ncalls=15653, regioncalls=612440, ndraw=40, logz=-37.44, remainder_fraction=37.5557%, Lmin=-25.20, Lmax=-24.34
11:09:42 [ultranest] [DEBUG] iteration=4716, ncalls=15692, regioncalls=614000, ndraw=40, logz=-37.42, remainder_fraction=36.2957%, Lmin=-25.18, Lmax=-24.34
11:09:42 [ultranest] [DEBUG] iteration=4720, ncalls=15700, regioncalls=614320, ndraw=40, logz=-37.42, remainder_fraction=36.0412%, Lmin=-25.18, Lmax=-24.34
11:09:42 [ultranest] [DEBUG] iteration=4724, ncalls=15711, regioncalls=614800, ndraw=40, logz=-37.41, remainder_fraction=35.7124%, Lmin=-25.17, Lmax=-24.34
11:09:42 [ultranest] [DEBUG] iteration=4744, ncalls=15747, regioncalls=616280, ndraw=40, logz=-37.39, remainder_fraction=34.3803%, Lmin=-25.14, Lmax=-24.34
11:09:42 [ultranest] [DEBUG] iteration=4760, ncalls=15771, regioncalls=617240, ndraw=40, logz=-37.38, remainder_fraction=33.3157%, Lmin=-25.10, Lmax=-24.34
11:09:43 [ultranest] [DEBUG] iteration=4779, ncalls=15808, regioncalls=618720, ndraw=40, logz=-37.36, remainder_fraction=32.1007%, Lmin=-25.08, Lmax=-24.31
11:09:43 [ultranest] [DEBUG] iteration=4800, ncalls=15842, regioncalls=620080, ndraw=40, logz=-37.34, remainder_fraction=30.7951%, Lmin=-25.04, Lmax=-24.31
11:09:43 [ultranest] [DEBUG] iteration=4804, ncalls=15851, regioncalls=620480, ndraw=40, logz=-37.34, remainder_fraction=30.5148%, Lmin=-25.03, Lmax=-24.31
11:09:43 [ultranest] [DEBUG] iteration=4826, ncalls=15886, regioncalls=621880, ndraw=40, logz=-37.32, remainder_fraction=29.1730%, Lmin=-25.00, Lmax=-24.31
11:09:43 [ultranest] [DEBUG] iteration=4840, ncalls=15908, regioncalls=622760, ndraw=40, logz=-37.30, remainder_fraction=28.4509%, Lmin=-24.99, Lmax=-24.31
11:09:43 [ultranest] [DEBUG] iteration=4854, ncalls=15955, regioncalls=624640, ndraw=40, logz=-37.29, remainder_fraction=27.6451%, Lmin=-24.96, Lmax=-24.31
11:09:43 [ultranest] [DEBUG] iteration=4877, ncalls=15994, regioncalls=626200, ndraw=40, logz=-37.27, remainder_fraction=26.3707%, Lmin=-24.93, Lmax=-24.31
11:09:43 [ultranest] [DEBUG] iteration=4880, ncalls=16011, regioncalls=626880, ndraw=40, logz=-37.27, remainder_fraction=26.2356%, Lmin=-24.93, Lmax=-24.31
11:09:43 [ultranest] [DEBUG] iteration=4896, ncalls=16046, regioncalls=628280, ndraw=40, logz=-37.26, remainder_fraction=25.3081%, Lmin=-24.91, Lmax=-24.31
11:09:43 [ultranest] [DEBUG] iteration=4912, ncalls=16083, regioncalls=629760, ndraw=40, logz=-37.25, remainder_fraction=24.4277%, Lmin=-24.89, Lmax=-24.31
11:09:43 [ultranest] [DEBUG] iteration=4920, ncalls=16103, regioncalls=630560, ndraw=40, logz=-37.24, remainder_fraction=24.0408%, Lmin=-24.88, Lmax=-24.31
11:09:43 [ultranest] [DEBUG] iteration=4940, ncalls=16141, regioncalls=632080, ndraw=40, logz=-37.23, remainder_fraction=22.9457%, Lmin=-24.87, Lmax=-24.31
11:09:44 [ultranest] [DEBUG] iteration=4959, ncalls=16180, regioncalls=633640, ndraw=40, logz=-37.22, remainder_fraction=21.9690%, Lmin=-24.85, Lmax=-24.31
11:09:44 [ultranest] [DEBUG] iteration=4960, ncalls=16181, regioncalls=633680, ndraw=40, logz=-37.22, remainder_fraction=21.9153%, Lmin=-24.85, Lmax=-24.31
11:09:44 [ultranest] [DEBUG] iteration=4964, ncalls=16189, regioncalls=634040, ndraw=40, logz=-37.21, remainder_fraction=21.7175%, Lmin=-24.85, Lmax=-24.31
11:09:44 [ultranest] [DEBUG] iteration=4987, ncalls=16222, regioncalls=635360, ndraw=40, logz=-37.20, remainder_fraction=20.5558%, Lmin=-24.82, Lmax=-24.31
11:09:44 [ultranest] [DEBUG] iteration=5000, ncalls=16243, regioncalls=636200, ndraw=40, logz=-37.19, remainder_fraction=19.9411%, Lmin=-24.81, Lmax=-24.31
11:09:44 [ultranest] [DEBUG] iteration=5022, ncalls=16281, regioncalls=637720, ndraw=40, logz=-37.18, remainder_fraction=18.9498%, Lmin=-24.79, Lmax=-24.31
11:09:44 [ultranest] [DEBUG] iteration=5040, ncalls=16306, regioncalls=638720, ndraw=40, logz=-37.17, remainder_fraction=18.2747%, Lmin=-24.77, Lmax=-24.30
11:09:44 [ultranest] [DEBUG] iteration=5044, ncalls=16311, regioncalls=638960, ndraw=40, logz=-37.17, remainder_fraction=18.0968%, Lmin=-24.77, Lmax=-24.30
11:09:44 [ultranest] [DEBUG] iteration=5068, ncalls=16343, regioncalls=640240, ndraw=40, logz=-37.16, remainder_fraction=17.1376%, Lmin=-24.74, Lmax=-24.30
11:09:44 [ultranest] [DEBUG] iteration=5080, ncalls=16362, regioncalls=641000, ndraw=40, logz=-37.15, remainder_fraction=16.6835%, Lmin=-24.74, Lmax=-24.30
11:09:44 [ultranest] [DEBUG] iteration=5103, ncalls=16397, regioncalls=642400, ndraw=40, logz=-37.14, remainder_fraction=15.8312%, Lmin=-24.72, Lmax=-24.30
11:09:44 [ultranest] [DEBUG] iteration=5120, ncalls=16427, regioncalls=643600, ndraw=40, logz=-37.13, remainder_fraction=15.1807%, Lmin=-24.71, Lmax=-24.30
11:09:44 [ultranest] [DEBUG] iteration=5124, ncalls=16432, regioncalls=643880, ndraw=40, logz=-37.13, remainder_fraction=15.0518%, Lmin=-24.71, Lmax=-24.30
11:09:44 [ultranest] [DEBUG] iteration=5146, ncalls=16467, regioncalls=645280, ndraw=40, logz=-37.12, remainder_fraction=14.3187%, Lmin=-24.68, Lmax=-24.30
11:09:45 [ultranest] [DEBUG] iteration=5160, ncalls=16490, regioncalls=646200, ndraw=40, logz=-37.12, remainder_fraction=13.8371%, Lmin=-24.67, Lmax=-24.30
11:09:45 [ultranest] [DEBUG] iteration=5178, ncalls=16524, regioncalls=647560, ndraw=40, logz=-37.11, remainder_fraction=13.2321%, Lmin=-24.66, Lmax=-24.30
11:09:45 [ultranest] [DEBUG] iteration=5197, ncalls=16565, regioncalls=649200, ndraw=40, logz=-37.10, remainder_fraction=12.6399%, Lmin=-24.64, Lmax=-24.30
11:09:45 [ultranest] [DEBUG] iteration=5200, ncalls=16568, regioncalls=649320, ndraw=40, logz=-37.10, remainder_fraction=12.5527%, Lmin=-24.64, Lmax=-24.30
11:09:45 [ultranest] [DEBUG] iteration=5204, ncalls=16573, regioncalls=649600, ndraw=40, logz=-37.10, remainder_fraction=12.4257%, Lmin=-24.64, Lmax=-24.30
11:09:45 [ultranest] [DEBUG] iteration=5224, ncalls=16608, regioncalls=651000, ndraw=40, logz=-37.10, remainder_fraction=11.8294%, Lmin=-24.63, Lmax=-24.30
11:09:45 [ultranest] [DEBUG] iteration=5240, ncalls=16633, regioncalls=652000, ndraw=40, logz=-37.09, remainder_fraction=11.3724%, Lmin=-24.61, Lmax=-24.30
11:09:45 [ultranest] [DEBUG] iteration=5264, ncalls=16671, regioncalls=653520, ndraw=40, logz=-37.08, remainder_fraction=10.6973%, Lmin=-24.60, Lmax=-24.30
11:09:45 [ultranest] [DEBUG] iteration=5280, ncalls=16695, regioncalls=654480, ndraw=40, logz=-37.08, remainder_fraction=10.2860%, Lmin=-24.58, Lmax=-24.30
11:09:45 [ultranest] [DEBUG] iteration=5284, ncalls=16701, regioncalls=654760, ndraw=40, logz=-37.08, remainder_fraction=10.1830%, Lmin=-24.58, Lmax=-24.30
11:09:45 [ultranest] [DEBUG] iteration=5305, ncalls=16736, regioncalls=656160, ndraw=40, logz=-37.07, remainder_fraction=9.6519%, Lmin=-24.57, Lmax=-24.30
11:09:45 [ultranest] [DEBUG] iteration=5320, ncalls=16759, regioncalls=657080, ndraw=40, logz=-37.07, remainder_fraction=9.3035%, Lmin=-24.56, Lmax=-24.30
11:09:45 [ultranest] [DEBUG] iteration=5346, ncalls=16791, regioncalls=658360, ndraw=40, logz=-37.06, remainder_fraction=8.7228%, Lmin=-24.55, Lmax=-24.30
11:09:45 [ultranest] [DEBUG] iteration=5360, ncalls=16815, regioncalls=659320, ndraw=40, logz=-37.06, remainder_fraction=8.4258%, Lmin=-24.55, Lmax=-24.30
11:09:46 [ultranest] [DEBUG] iteration=5378, ncalls=16844, regioncalls=660480, ndraw=40, logz=-37.05, remainder_fraction=8.0425%, Lmin=-24.53, Lmax=-24.30
11:09:46 [ultranest] [DEBUG] iteration=5398, ncalls=16878, regioncalls=661840, ndraw=40, logz=-37.05, remainder_fraction=7.6493%, Lmin=-24.53, Lmax=-24.30
11:09:46 [ultranest] [DEBUG] iteration=5400, ncalls=16882, regioncalls=662000, ndraw=40, logz=-37.05, remainder_fraction=7.6090%, Lmin=-24.52, Lmax=-24.30
11:09:46 [ultranest] [DEBUG] iteration=5421, ncalls=16918, regioncalls=663440, ndraw=40, logz=-37.04, remainder_fraction=7.2099%, Lmin=-24.52, Lmax=-24.30
11:09:46 [ultranest] [DEBUG] iteration=5440, ncalls=16955, regioncalls=664920, ndraw=40, logz=-37.04, remainder_fraction=6.8632%, Lmin=-24.51, Lmax=-24.30
11:09:46 [ultranest] [DEBUG] iteration=5444, ncalls=16962, regioncalls=665280, ndraw=40, logz=-37.04, remainder_fraction=6.7906%, Lmin=-24.50, Lmax=-24.30
11:09:46 [ultranest] [DEBUG] iteration=5466, ncalls=16993, regioncalls=666520, ndraw=40, logz=-37.04, remainder_fraction=6.4074%, Lmin=-24.50, Lmax=-24.30
11:09:46 [ultranest] [DEBUG] iteration=5480, ncalls=17011, regioncalls=667240, ndraw=40, logz=-37.03, remainder_fraction=6.1799%, Lmin=-24.49, Lmax=-24.30
11:09:46 [ultranest] [DEBUG] iteration=5500, ncalls=17048, regioncalls=668720, ndraw=40, logz=-37.03, remainder_fraction=5.8627%, Lmin=-24.49, Lmax=-24.30
11:09:46 [ultranest] [DEBUG] iteration=5520, ncalls=17081, regioncalls=670040, ndraw=40, logz=-37.03, remainder_fraction=5.5688%, Lmin=-24.48, Lmax=-24.30
11:09:46 [ultranest] [DEBUG] iteration=5535, ncalls=17104, regioncalls=670960, ndraw=40, logz=-37.02, remainder_fraction=5.3531%, Lmin=-24.47, Lmax=-24.30
11:09:47 [ultranest] [DEBUG] iteration=5555, ncalls=17143, regioncalls=672520, ndraw=40, logz=-37.02, remainder_fraction=5.0824%, Lmin=-24.47, Lmax=-24.30
11:09:47 [ultranest] [DEBUG] iteration=5560, ncalls=17151, regioncalls=672840, ndraw=40, logz=-37.02, remainder_fraction=5.0165%, Lmin=-24.46, Lmax=-24.30
11:09:47 [ultranest] [DEBUG] iteration=5579, ncalls=17191, regioncalls=674440, ndraw=40, logz=-37.02, remainder_fraction=4.7738%, Lmin=-24.46, Lmax=-24.30
11:09:47 [ultranest] [DEBUG] iteration=5600, ncalls=17224, regioncalls=675760, ndraw=40, logz=-37.02, remainder_fraction=4.5184%, Lmin=-24.45, Lmax=-24.30
11:09:47 [ultranest] [DEBUG] iteration=5604, ncalls=17230, regioncalls=676040, ndraw=40, logz=-37.02, remainder_fraction=4.4708%, Lmin=-24.45, Lmax=-24.30
11:09:47 [ultranest] [DEBUG] iteration=5621, ncalls=17264, regioncalls=677400, ndraw=40, logz=-37.01, remainder_fraction=4.2756%, Lmin=-24.45, Lmax=-24.30
11:09:47 [ultranest] [DEBUG] iteration=5640, ncalls=17292, regioncalls=678520, ndraw=40, logz=-37.01, remainder_fraction=4.0630%, Lmin=-24.44, Lmax=-24.30
11:09:47 [ultranest] [DEBUG] iteration=5660, ncalls=17329, regioncalls=680000, ndraw=40, logz=-37.01, remainder_fraction=3.8508%, Lmin=-24.44, Lmax=-24.30
11:09:47 [ultranest] [DEBUG] iteration=5680, ncalls=17360, regioncalls=681240, ndraw=40, logz=-37.01, remainder_fraction=3.6503%, Lmin=-24.43, Lmax=-24.30
11:09:47 [ultranest] [DEBUG] iteration=5684, ncalls=17371, regioncalls=681760, ndraw=40, logz=-37.01, remainder_fraction=3.6117%, Lmin=-24.43, Lmax=-24.30
11:09:47 [ultranest] [DEBUG] iteration=5706, ncalls=17400, regioncalls=682920, ndraw=40, logz=-37.00, remainder_fraction=3.4057%, Lmin=-24.43, Lmax=-24.30
11:09:47 [ultranest] [DEBUG] iteration=5720, ncalls=17423, regioncalls=683840, ndraw=40, logz=-37.00, remainder_fraction=3.2813%, Lmin=-24.42, Lmax=-24.30
11:09:47 [ultranest] [DEBUG] iteration=5736, ncalls=17457, regioncalls=685200, ndraw=40, logz=-37.00, remainder_fraction=3.1408%, Lmin=-24.42, Lmax=-24.30
11:09:48 [ultranest] [DEBUG] iteration=5760, ncalls=17489, regioncalls=686480, ndraw=40, logz=-37.00, remainder_fraction=2.9449%, Lmin=-24.41, Lmax=-24.30
11:09:48 [ultranest] [DEBUG] iteration=5764, ncalls=17496, regioncalls=686800, ndraw=40, logz=-37.00, remainder_fraction=2.9128%, Lmin=-24.41, Lmax=-24.30
11:09:48 [ultranest] [DEBUG] iteration=5786, ncalls=17526, regioncalls=688040, ndraw=40, logz=-37.00, remainder_fraction=2.7456%, Lmin=-24.41, Lmax=-24.30
11:09:48 [ultranest] [DEBUG] iteration=5800, ncalls=17548, regioncalls=689000, ndraw=40, logz=-37.00, remainder_fraction=2.6458%, Lmin=-24.40, Lmax=-24.30
11:09:48 [ultranest] [DEBUG] iteration=5823, ncalls=17583, regioncalls=690400, ndraw=40, logz=-37.00, remainder_fraction=2.4871%, Lmin=-24.40, Lmax=-24.30
11:09:48 [ultranest] [DEBUG] iteration=5840, ncalls=17613, regioncalls=691600, ndraw=40, logz=-36.99, remainder_fraction=2.3759%, Lmin=-24.40, Lmax=-24.30
11:09:48 [ultranest] [DEBUG] iteration=5844, ncalls=17622, regioncalls=692000, ndraw=40, logz=-36.99, remainder_fraction=2.3504%, Lmin=-24.40, Lmax=-24.30
11:09:48 [ultranest] [INFO] Explored until L=-2e+01  
11:09:48 [ultranest] [INFO] Likelihood function evaluations: 17624
11:09:50 [ultranest] [INFO] Writing samples and results to disk ...
11:09:50 [ultranest] [INFO] Writing samples and results to disk ... done
11:09:50 [ultranest] [DEBUG] did a run_iter pass!
11:09:50 [ultranest] [INFO]   logZ = -37 +- 0.09997
11:09:50 [ultranest] [INFO] Effective samples strategy satisfied (ESS = 1704.5, need >400)
11:09:50 [ultranest] [INFO] Posterior uncertainty strategy is satisfied (KL: 0.47+-0.08 nat, need <0.50 nat)
11:09:50 [ultranest] [INFO] Evidency uncertainty strategy is satisfied (dlogz=0.10, need <0.5)
11:09:50 [ultranest] [INFO]   logZ error budget: single: 0.18 bs:0.10 tail:0.02 total:0.10 required:<0.50
11:09:50 [ultranest] [INFO] done iterating.
11:09:50 [ultranest] [DEBUG] Making corner plot ...
11:09:52 [ultranest] [DEBUG] Making corner plot ... done
11:09:52 [ultranest] [DEBUG] Making run plot ... 
11:09:52 [ultranest] [DEBUG] Making run plot ... done
11:09:52 [ultranest] [DEBUG] Making trace plot ... 
11:09:54 [ultranest] [DEBUG] Making trace plot ... done
