11:06:21 [ultranest] [DEBUG] ReactiveNestedSampler: dims=3+0, resume=True, log_dir=/home/orion51/Desktop/Research/spectral_fitting/FGL_spectral_fitting/Individual_sources/2CXOJ085930.9-434647/bb_out_, backend=hdf5, vectorized=False, nbootstraps=30, ndraw=128..65536
11:06:21 [ultranest] [INFO] Sampling 400 live points from prior ...
11:06:21 [ultranest] [DEBUG] run_iter dlogz=0.5, dKL=0.5, frac_remain=0.01, Lepsilon=0.1000, min_ess=400
11:06:21 [ultranest] [DEBUG] max_iters=-1, max_ncalls=-1, max_num_improvement_loops=-1, min_num_live_points=400, cluster_num_live_points=40
11:06:21 [ultranest] [DEBUG] minimal_widths_sequence: [(-inf, 400.0), (inf, 400.0)]
11:06:22 [ultranest] [DEBUG] iteration=0, ncalls=401, regioncalls=40, ndraw=40, logz=-inf, remainder_fraction=100.0000%, Lmin=-237904429.30, Lmax=-125.63
11:06:22 [ultranest] [DEBUG] iteration=30, ncalls=431, regioncalls=1240, ndraw=40, logz=-26391.76, remainder_fraction=100.0000%, Lmin=-24505.57, Lmax=-125.63
11:06:22 [ultranest] [DEBUG] iteration=40, ncalls=441, regioncalls=1640, ndraw=40, logz=-5162.96, remainder_fraction=100.0000%, Lmin=-3930.73, Lmax=-125.63
11:06:22 [ultranest] [DEBUG] Plateau detected at L=-1.130325e+03, not replacing live point.
11:06:22 [ultranest] [DEBUG] Plateau detected at L=-1.130325e+03, not replacing live point.
11:06:22 [ultranest] [DEBUG] Plateau detected at L=-1.130325e+03, not replacing live point.
11:06:22 [ultranest] [DEBUG] Plateau detected at L=-1.130325e+03, not replacing live point.
11:06:22 [ultranest] [DEBUG] Plateau detected at L=-1.130325e+03, not replacing live point.
11:06:22 [ultranest] [DEBUG] Plateau detected at L=-1.130325e+03, not replacing live point.
11:06:22 [ultranest] [DEBUG] Plateau detected at L=-1.130325e+03, not replacing live point.
11:06:22 [ultranest] [DEBUG] Plateau detected at L=-1.130325e+03, not replacing live point.
11:06:22 [ultranest] [DEBUG] Plateau detected at L=-1.130325e+03, not replacing live point.
11:06:22 [ultranest] [DEBUG] Plateau detected at L=-1.130325e+03, not replacing live point.
11:06:22 [ultranest] [DEBUG] Plateau detected at L=-1.130325e+03, not replacing live point.
11:06:22 [ultranest] [DEBUG] Plateau detected at L=-1.130325e+03, not replacing live point.
11:06:22 [ultranest] [DEBUG] Plateau detected at L=-1.130325e+03, not replacing live point.
11:06:22 [ultranest] [DEBUG] Plateau detected at L=-1.130325e+03, not replacing live point.
11:06:22 [ultranest] [DEBUG] Plateau detected at L=-1.130325e+03, not replacing live point.
11:06:22 [ultranest] [DEBUG] Plateau detected at L=-1.130325e+03, not replacing live point.
11:06:22 [ultranest] [DEBUG] Plateau detected at L=-1.130325e+03, not replacing live point.
11:06:22 [ultranest] [DEBUG] Plateau detected at L=-1.130325e+03, not replacing live point.
11:06:22 [ultranest] [DEBUG] Plateau detected at L=-1.130325e+03, not replacing live point.
11:06:22 [ultranest] [DEBUG] Plateau detected at L=-1.130325e+03, not replacing live point.
11:06:22 [ultranest] [DEBUG] Plateau detected at L=-1.130325e+03, not replacing live point.
11:06:22 [ultranest] [DEBUG] Plateau detected at L=-1.130325e+03, not replacing live point.
11:06:22 [ultranest] [DEBUG] Plateau detected at L=-1.130325e+03, not replacing live point.
11:06:22 [ultranest] [DEBUG] Plateau detected at L=-1.130325e+03, not replacing live point.
11:06:22 [ultranest] [DEBUG] Plateau detected at L=-1.130325e+03, not replacing live point.
11:06:22 [ultranest] [DEBUG] Plateau detected at L=-1.130325e+03, not replacing live point.
11:06:22 [ultranest] [DEBUG] Plateau detected at L=-1.130325e+03, not replacing live point.
11:06:22 [ultranest] [DEBUG] Plateau detected at L=-1.130325e+03, not replacing live point.
11:06:22 [ultranest] [DEBUG] Plateau detected at L=-1.130325e+03, not replacing live point.
11:06:22 [ultranest] [DEBUG] Plateau detected at L=-1.130325e+03, not replacing live point.
11:06:22 [ultranest] [DEBUG] Plateau detected at L=-1.130325e+03, not replacing live point.
11:06:22 [ultranest] [DEBUG] Plateau detected at L=-1.130325e+03, not replacing live point.
11:06:22 [ultranest] [DEBUG] Plateau detected at L=-1.130325e+03, not replacing live point.
11:06:22 [ultranest] [DEBUG] Plateau detected at L=-1.130325e+03, not replacing live point.
11:06:22 [ultranest] [DEBUG] Plateau detected at L=-1.130325e+03, not replacing live point.
11:06:22 [ultranest] [DEBUG] Plateau detected at L=-1.130325e+03, not replacing live point.
11:06:22 [ultranest] [DEBUG] Plateau detected at L=-1.130325e+03, not replacing live point.
11:06:22 [ultranest] [DEBUG] Plateau detected at L=-1.130325e+03, not replacing live point.
11:06:22 [ultranest] [DEBUG] Plateau detected at L=-1.130325e+03, not replacing live point.
11:06:22 [ultranest] [DEBUG] Plateau detected at L=-1.130325e+03, not replacing live point.
11:06:22 [ultranest] [DEBUG] Plateau detected at L=-1.130325e+03, not replacing live point.
11:06:22 [ultranest] [DEBUG] Plateau detected at L=-1.130325e+03, not replacing live point.
11:06:22 [ultranest] [DEBUG] Plateau detected at L=-1.130325e+03, not replacing live point.
11:06:22 [ultranest] [DEBUG] Plateau detected at L=-1.130325e+03, not replacing live point.
11:06:22 [ultranest] [DEBUG] Plateau detected at L=-1.130325e+03, not replacing live point.
11:06:22 [ultranest] [DEBUG] Plateau detected at L=-1.130325e+03, not replacing live point.
11:06:22 [ultranest] [DEBUG] Plateau detected at L=-1.130325e+03, not replacing live point.
11:06:22 [ultranest] [DEBUG] Plateau detected at L=-1.130325e+03, not replacing live point.
11:06:22 [ultranest] [DEBUG] Plateau detected at L=-1.130325e+03, not replacing live point.
11:06:22 [ultranest] [DEBUG] Plateau detected at L=-1.130325e+03, not replacing live point.
11:06:22 [ultranest] [DEBUG] Plateau detected at L=-1.130325e+03, not replacing live point.
11:06:22 [ultranest] [DEBUG] Plateau detected at L=-1.130325e+03, not replacing live point.
11:06:22 [ultranest] [DEBUG] Plateau detected at L=-1.130325e+03, not replacing live point.
11:06:22 [ultranest] [DEBUG] Plateau detected at L=-1.130325e+03, not replacing live point.
11:06:22 [ultranest] [DEBUG] Plateau detected at L=-1.130325e+03, not replacing live point.
11:06:22 [ultranest] [DEBUG] Plateau detected at L=-1.130325e+03, not replacing live point.
11:06:22 [ultranest] [DEBUG] Plateau detected at L=-1.130325e+03, not replacing live point.
11:06:22 [ultranest] [DEBUG] Plateau detected at L=-1.130325e+03, not replacing live point.
11:06:22 [ultranest] [DEBUG] Plateau detected at L=-1.130325e+03, not replacing live point.
11:06:22 [ultranest] [DEBUG] Plateau detected at L=-1.130325e+03, not replacing live point.
11:06:22 [ultranest] [DEBUG] Plateau detected at L=-1.130325e+03, not replacing live point.
11:06:22 [ultranest] [DEBUG] Plateau detected at L=-1.130325e+03, not replacing live point.
11:06:22 [ultranest] [DEBUG] Plateau detected at L=-1.130325e+03, not replacing live point.
11:06:22 [ultranest] [DEBUG] Plateau detected at L=-1.130325e+03, not replacing live point.
11:06:22 [ultranest] [DEBUG] Plateau detected at L=-1.130325e+03, not replacing live point.
11:06:22 [ultranest] [DEBUG] Plateau detected at L=-1.130325e+03, not replacing live point.
11:06:22 [ultranest] [DEBUG] Plateau detected at L=-1.130325e+03, not replacing live point.
11:06:22 [ultranest] [DEBUG] Plateau detected at L=-1.130325e+03, not replacing live point.
11:06:22 [ultranest] [DEBUG] Plateau detected at L=-1.130325e+03, not replacing live point.
11:06:22 [ultranest] [DEBUG] Plateau detected at L=-1.130325e+03, not replacing live point.
11:06:22 [ultranest] [DEBUG] Plateau detected at L=-1.130325e+03, not replacing live point.
11:06:22 [ultranest] [DEBUG] Plateau detected at L=-1.130325e+03, not replacing live point.
11:06:22 [ultranest] [DEBUG] Plateau detected at L=-1.130325e+03, not replacing live point.
11:06:22 [ultranest] [DEBUG] Plateau detected at L=-1.130325e+03, not replacing live point.
11:06:22 [ultranest] [DEBUG] Plateau detected at L=-1.130325e+03, not replacing live point.
11:06:22 [ultranest] [DEBUG] Plateau detected at L=-1.130325e+03, not replacing live point.
11:06:22 [ultranest] [DEBUG] Plateau detected at L=-1.130325e+03, not replacing live point.
11:06:22 [ultranest] [DEBUG] Plateau detected at L=-1.130325e+03, not replacing live point.
11:06:22 [ultranest] [DEBUG] Plateau detected at L=-1.130325e+03, not replacing live point.
11:06:22 [ultranest] [DEBUG] Plateau detected at L=-1.130325e+03, not replacing live point.
11:06:22 [ultranest] [DEBUG] Plateau detected at L=-1.130325e+03, not replacing live point.
11:06:22 [ultranest] [DEBUG] Plateau detected at L=-1.130325e+03, not replacing live point.
11:06:22 [ultranest] [DEBUG] Plateau detected at L=-1.130325e+03, not replacing live point.
11:06:22 [ultranest] [DEBUG] Plateau detected at L=-1.130325e+03, not replacing live point.
11:06:22 [ultranest] [DEBUG] Plateau detected at L=-1.130325e+03, not replacing live point.
11:06:22 [ultranest] [DEBUG] Plateau detected at L=-1.130325e+03, not replacing live point.
11:06:22 [ultranest] [DEBUG] Plateau detected at L=-1.130325e+03, not replacing live point.
11:06:22 [ultranest] [DEBUG] Plateau detected at L=-1.130325e+03, not replacing live point.
11:06:22 [ultranest] [DEBUG] Plateau detected at L=-1.130325e+03, not replacing live point.
11:06:22 [ultranest] [DEBUG] Plateau detected at L=-1.130325e+03, not replacing live point.
11:06:22 [ultranest] [DEBUG] Plateau detected at L=-1.130325e+03, not replacing live point.
11:06:22 [ultranest] [DEBUG] Plateau detected at L=-1.130325e+03, not replacing live point.
11:06:22 [ultranest] [DEBUG] Plateau detected at L=-1.130325e+03, not replacing live point.
11:06:22 [ultranest] [DEBUG] Plateau detected at L=-1.130325e+03, not replacing live point.
11:06:22 [ultranest] [DEBUG] Plateau detected at L=-1.130325e+03, not replacing live point.
11:06:22 [ultranest] [DEBUG] Plateau detected at L=-1.130325e+03, not replacing live point.
11:06:22 [ultranest] [DEBUG] Plateau detected at L=-1.130325e+03, not replacing live point.
11:06:22 [ultranest] [DEBUG] Plateau detected at L=-1.130325e+03, not replacing live point.
11:06:22 [ultranest] [DEBUG] Plateau detected at L=-1.130325e+03, not replacing live point.
11:06:22 [ultranest] [DEBUG] Plateau detected at L=-1.130325e+03, not replacing live point.
11:06:22 [ultranest] [DEBUG] Plateau detected at L=-1.130325e+03, not replacing live point.
11:06:22 [ultranest] [DEBUG] Plateau detected at L=-1.130325e+03, not replacing live point.
11:06:22 [ultranest] [DEBUG] Plateau detected at L=-1.130325e+03, not replacing live point.
11:06:22 [ultranest] [DEBUG] Plateau detected at L=-1.130325e+03, not replacing live point.
11:06:22 [ultranest] [DEBUG] Plateau detected at L=-1.130325e+03, not replacing live point.
11:06:22 [ultranest] [DEBUG] Plateau detected at L=-1.130325e+03, not replacing live point.
11:06:22 [ultranest] [DEBUG] Plateau detected at L=-1.130325e+03, not replacing live point.
11:06:22 [ultranest] [DEBUG] Plateau detected at L=-1.130325e+03, not replacing live point.
11:06:22 [ultranest] [DEBUG] Plateau detected at L=-1.130325e+03, not replacing live point.
11:06:22 [ultranest] [DEBUG] Plateau detected at L=-1.130325e+03, not replacing live point.
11:06:22 [ultranest] [DEBUG] Plateau detected at L=-1.130325e+03, not replacing live point.
11:06:22 [ultranest] [DEBUG] Plateau detected at L=-1.130325e+03, not replacing live point.
11:06:22 [ultranest] [DEBUG] Plateau detected at L=-1.130325e+03, not replacing live point.
11:06:22 [ultranest] [DEBUG] Plateau detected at L=-1.130325e+03, not replacing live point.
11:06:22 [ultranest] [DEBUG] Plateau detected at L=-1.130325e+03, not replacing live point.
11:06:22 [ultranest] [DEBUG] Plateau detected at L=-1.130325e+03, not replacing live point.
11:06:22 [ultranest] [DEBUG] Plateau detected at L=-1.130325e+03, not replacing live point.
11:06:22 [ultranest] [DEBUG] Plateau detected at L=-1.130325e+03, not replacing live point.
11:06:22 [ultranest] [DEBUG] Plateau detected at L=-1.130325e+03, not replacing live point.
11:06:22 [ultranest] [DEBUG] Plateau detected at L=-1.130325e+03, not replacing live point.
11:06:22 [ultranest] [DEBUG] Plateau detected at L=-1.130325e+03, not replacing live point.
11:06:22 [ultranest] [DEBUG] Plateau detected at L=-1.130325e+03, not replacing live point.
11:06:22 [ultranest] [DEBUG] Plateau detected at L=-1.130325e+03, not replacing live point.
11:06:22 [ultranest] [DEBUG] Plateau detected at L=-1.130325e+03, not replacing live point.
11:06:22 [ultranest] [DEBUG] Plateau detected at L=-1.130325e+03, not replacing live point.
11:06:22 [ultranest] [DEBUG] Plateau detected at L=-1.130325e+03, not replacing live point.
11:06:22 [ultranest] [DEBUG] Plateau detected at L=-1.130325e+03, not replacing live point.
11:06:22 [ultranest] [DEBUG] Plateau detected at L=-1.130325e+03, not replacing live point.
11:06:22 [ultranest] [DEBUG] Plateau detected at L=-1.130325e+03, not replacing live point.
11:06:22 [ultranest] [DEBUG] Plateau detected at L=-1.130325e+03, not replacing live point.
11:06:22 [ultranest] [DEBUG] Plateau detected at L=-1.130325e+03, not replacing live point.
11:06:22 [ultranest] [DEBUG] Plateau detected at L=-1.130325e+03, not replacing live point.
11:06:22 [ultranest] [DEBUG] Plateau detected at L=-1.130325e+03, not replacing live point.
11:06:22 [ultranest] [DEBUG] Plateau detected at L=-1.130325e+03, not replacing live point.
11:06:22 [ultranest] [DEBUG] Plateau detected at L=-1.130325e+03, not replacing live point.
11:06:22 [ultranest] [DEBUG] Plateau detected at L=-1.130325e+03, not replacing live point.
11:06:22 [ultranest] [DEBUG] Plateau detected at L=-1.130325e+03, not replacing live point.
11:06:22 [ultranest] [DEBUG] Plateau detected at L=-1.130325e+03, not replacing live point.
11:06:22 [ultranest] [DEBUG] Plateau detected at L=-1.130325e+03, not replacing live point.
11:06:22 [ultranest] [DEBUG] Plateau detected at L=-1.130325e+03, not replacing live point.
11:06:22 [ultranest] [DEBUG] Plateau detected at L=-1.130325e+03, not replacing live point.
11:06:22 [ultranest] [DEBUG] Plateau detected at L=-1.130325e+03, not replacing live point.
11:06:22 [ultranest] [DEBUG] Plateau detected at L=-1.130325e+03, not replacing live point.
11:06:22 [ultranest] [DEBUG] Plateau detected at L=-1.130325e+03, not replacing live point.
11:06:22 [ultranest] [DEBUG] Plateau detected at L=-1.130325e+03, not replacing live point.
11:06:22 [ultranest] [DEBUG] Plateau detected at L=-1.130325e+03, not replacing live point.
11:06:22 [ultranest] [DEBUG] Plateau detected at L=-1.130325e+03, not replacing live point.
11:06:22 [ultranest] [DEBUG] Plateau detected at L=-1.130325e+03, not replacing live point.
11:06:22 [ultranest] [DEBUG] Plateau detected at L=-1.130325e+03, not replacing live point.
11:06:22 [ultranest] [DEBUG] Plateau detected at L=-1.130325e+03, not replacing live point.
11:06:22 [ultranest] [DEBUG] Plateau detected at L=-1.130325e+03, not replacing live point.
11:06:22 [ultranest] [DEBUG] Plateau detected at L=-1.130325e+03, not replacing live point.
11:06:22 [ultranest] [DEBUG] Plateau detected at L=-1.130325e+03, not replacing live point.
11:06:22 [ultranest] [DEBUG] Plateau detected at L=-1.130325e+03, not replacing live point.
11:06:22 [ultranest] [DEBUG] Plateau detected at L=-1.130325e+03, not replacing live point.
11:06:22 [ultranest] [DEBUG] Plateau detected at L=-1.130325e+03, not replacing live point.
11:06:22 [ultranest] [DEBUG] Plateau detected at L=-1.130325e+03, not replacing live point.
11:06:22 [ultranest] [DEBUG] Plateau detected at L=-1.130325e+03, not replacing live point.
11:06:22 [ultranest] [DEBUG] Plateau detected at L=-1.130325e+03, not replacing live point.
11:06:22 [ultranest] [DEBUG] Plateau detected at L=-1.130325e+03, not replacing live point.
11:06:22 [ultranest] [DEBUG] Plateau detected at L=-1.130325e+03, not replacing live point.
11:06:22 [ultranest] [DEBUG] Plateau detected at L=-1.130325e+03, not replacing live point.
11:06:22 [ultranest] [DEBUG] Plateau detected at L=-1.130325e+03, not replacing live point.
11:06:22 [ultranest] [DEBUG] Plateau detected at L=-1.130325e+03, not replacing live point.
11:06:22 [ultranest] [DEBUG] Plateau detected at L=-1.130325e+03, not replacing live point.
11:06:22 [ultranest] [DEBUG] Plateau detected at L=-1.130325e+03, not replacing live point.
11:06:22 [ultranest] [DEBUG] Plateau detected at L=-1.130325e+03, not replacing live point.
11:06:22 [ultranest] [DEBUG] Plateau detected at L=-1.130325e+03, not replacing live point.
11:06:22 [ultranest] [DEBUG] Plateau detected at L=-1.130325e+03, not replacing live point.
11:06:22 [ultranest] [DEBUG] Plateau detected at L=-1.130325e+03, not replacing live point.
11:06:22 [ultranest] [DEBUG] Plateau detected at L=-1.130325e+03, not replacing live point.
11:06:22 [ultranest] [DEBUG] Plateau detected at L=-1.130325e+03, not replacing live point.
11:06:22 [ultranest] [DEBUG] Plateau detected at L=-1.130325e+03, not replacing live point.
11:06:22 [ultranest] [DEBUG] Plateau detected at L=-1.130325e+03, not replacing live point.
11:06:22 [ultranest] [DEBUG] Plateau detected at L=-1.130325e+03, not replacing live point.
11:06:22 [ultranest] [DEBUG] Plateau detected at L=-1.130325e+03, not replacing live point.
11:06:22 [ultranest] [DEBUG] Plateau detected at L=-1.130325e+03, not replacing live point.
11:06:22 [ultranest] [DEBUG] Plateau detected at L=-1.130325e+03, not replacing live point.
11:06:22 [ultranest] [DEBUG] Plateau detected at L=-1.130325e+03, not replacing live point.
11:06:22 [ultranest] [DEBUG] Plateau detected at L=-1.130325e+03, not replacing live point.
11:06:22 [ultranest] [DEBUG] Plateau detected at L=-1.130325e+03, not replacing live point.
11:06:22 [ultranest] [DEBUG] Plateau detected at L=-1.130325e+03, not replacing live point.
11:06:22 [ultranest] [DEBUG] Plateau detected at L=-1.130325e+03, not replacing live point.
11:06:22 [ultranest] [DEBUG] Plateau detected at L=-1.130325e+03, not replacing live point.
11:06:22 [ultranest] [DEBUG] Plateau detected at L=-1.130325e+03, not replacing live point.
11:06:22 [ultranest] [DEBUG] Plateau detected at L=-1.130325e+03, not replacing live point.
11:06:22 [ultranest] [DEBUG] Plateau detected at L=-1.130325e+03, not replacing live point.
11:06:22 [ultranest] [DEBUG] Plateau detected at L=-1.130325e+03, not replacing live point.
11:06:22 [ultranest] [DEBUG] Plateau detected at L=-1.130325e+03, not replacing live point.
11:06:22 [ultranest] [DEBUG] Plateau detected at L=-1.130325e+03, not replacing live point.
11:06:22 [ultranest] [DEBUG] Plateau detected at L=-1.130325e+03, not replacing live point.
11:06:22 [ultranest] [DEBUG] Plateau detected at L=-1.130325e+03, not replacing live point.
11:06:22 [ultranest] [DEBUG] Plateau detected at L=-1.130325e+03, not replacing live point.
11:06:22 [ultranest] [DEBUG] Plateau detected at L=-1.130325e+03, not replacing live point.
11:06:22 [ultranest] [DEBUG] Plateau detected at L=-1.130325e+03, not replacing live point.
11:06:22 [ultranest] [DEBUG] Plateau detected at L=-1.130325e+03, not replacing live point.
11:06:22 [ultranest] [DEBUG] Plateau detected at L=-1.130325e+03, not replacing live point.
11:06:22 [ultranest] [DEBUG] Plateau detected at L=-1.130325e+03, not replacing live point.
11:06:22 [ultranest] [DEBUG] Plateau detected at L=-1.130325e+03, not replacing live point.
11:06:22 [ultranest] [DEBUG] Plateau detected at L=-1.130325e+03, not replacing live point.
11:06:22 [ultranest] [DEBUG] Plateau detected at L=-1.130325e+03, not replacing live point.
11:06:22 [ultranest] [DEBUG] Plateau detected at L=-1.130325e+03, not replacing live point.
11:06:22 [ultranest] [DEBUG] Plateau detected at L=-1.130325e+03, not replacing live point.
11:06:22 [ultranest] [DEBUG] Plateau detected at L=-1.130325e+03, not replacing live point.
11:06:22 [ultranest] [DEBUG] Plateau detected at L=-1.130325e+03, not replacing live point.
11:06:22 [ultranest] [DEBUG] Plateau detected at L=-1.130325e+03, not replacing live point.
11:06:22 [ultranest] [DEBUG] Plateau detected at L=-1.130325e+03, not replacing live point.
11:06:22 [ultranest] [DEBUG] Plateau detected at L=-1.130325e+03, not replacing live point.
11:06:22 [ultranest] [DEBUG] Plateau detected at L=-1.130325e+03, not replacing live point.
11:06:22 [ultranest] [DEBUG] Plateau detected at L=-1.130325e+03, not replacing live point.
11:06:22 [ultranest] [DEBUG] Plateau detected at L=-1.130325e+03, not replacing live point.
11:06:22 [ultranest] [DEBUG] Plateau detected at L=-1.130325e+03, not replacing live point.
11:06:22 [ultranest] [DEBUG] Plateau detected at L=-1.130325e+03, not replacing live point.
11:06:22 [ultranest] [DEBUG] Plateau detected at L=-1.130325e+03, not replacing live point.
11:06:22 [ultranest] [DEBUG] Plateau detected at L=-1.130325e+03, not replacing live point.
11:06:22 [ultranest] [DEBUG] Plateau detected at L=-1.130325e+03, not replacing live point.
11:06:22 [ultranest] [DEBUG] Plateau detected at L=-1.130325e+03, not replacing live point.
11:06:22 [ultranest] [DEBUG] iteration=266, ncalls=451, regioncalls=2040, ndraw=40, logz=-1131.06, remainder_fraction=100.0000%, Lmin=-1130.32, Lmax=-125.63
11:06:22 [ultranest] [DEBUG] Plateau detected at L=-1.130325e+03, not replacing live point.
11:06:22 [ultranest] [DEBUG] iteration=269, ncalls=455, regioncalls=2200, ndraw=40, logz=-1131.05, remainder_fraction=100.0000%, Lmin=-1130.32, Lmax=-125.63
11:06:22 [ultranest] [DEBUG] Plateau detected at L=-1.130325e+03, not replacing live point.
11:06:22 [ultranest] [DEBUG] iteration=272, ncalls=459, regioncalls=2360, ndraw=40, logz=-1131.03, remainder_fraction=100.0000%, Lmin=-1130.32, Lmax=-125.63
11:06:22 [ultranest] [DEBUG] iteration=280, ncalls=468, regioncalls=2720, ndraw=40, logz=-1131.00, remainder_fraction=100.0000%, Lmin=-1130.32, Lmax=-125.63
11:06:22 [ultranest] [DEBUG] iteration=301, ncalls=506, regioncalls=4240, ndraw=40, logz=-1130.92, remainder_fraction=100.0000%, Lmin=-1130.32, Lmax=-125.63
11:06:22 [ultranest] [DEBUG] iteration=320, ncalls=536, regioncalls=5440, ndraw=40, logz=-1130.86, remainder_fraction=100.0000%, Lmin=-1130.32, Lmax=-125.63
11:06:22 [ultranest] [DEBUG] iteration=343, ncalls=573, regioncalls=6920, ndraw=40, logz=-1130.80, remainder_fraction=100.0000%, Lmin=-1130.32, Lmax=-125.63
11:06:22 [ultranest] [DEBUG] clustering found some stray points [need_accept=False] (array([1, 2]), array([180,   1]))
11:06:22 [ultranest] [DEBUG] iteration=360, ncalls=598, regioncalls=7920, ndraw=40, logz=-1130.77, remainder_fraction=100.0000%, Lmin=-1130.32, Lmax=-121.15
11:06:22 [ultranest] [DEBUG] iteration=381, ncalls=636, regioncalls=9440, ndraw=40, logz=-1130.72, remainder_fraction=100.0000%, Lmin=-1130.31, Lmax=-121.15
11:06:22 [ultranest] [DEBUG] clustering found some stray points [need_accept=False] (array([1, 2]), array([180,   1]))
11:06:22 [ultranest] [DEBUG] iteration=400, ncalls=669, regioncalls=10760, ndraw=40, logz=-1130.69, remainder_fraction=100.0000%, Lmin=-1130.23, Lmax=-121.15
11:06:23 [ultranest] [DEBUG] iteration=418, ncalls=709, regioncalls=12360, ndraw=40, logz=-1130.66, remainder_fraction=100.0000%, Lmin=-1130.08, Lmax=-121.15
11:06:23 [ultranest] [DEBUG] clustering found some stray points [need_accept=False] (array([1, 2]), array([180,   1]))
11:06:23 [ultranest] [DEBUG] iteration=437, ncalls=748, regioncalls=13920, ndraw=40, logz=-1130.63, remainder_fraction=100.0000%, Lmin=-1129.80, Lmax=-121.15
11:06:23 [ultranest] [DEBUG] iteration=440, ncalls=751, regioncalls=14040, ndraw=40, logz=-1130.62, remainder_fraction=100.0000%, Lmin=-1129.68, Lmax=-121.15
11:06:23 [ultranest] [DEBUG] iteration=460, ncalls=790, regioncalls=15600, ndraw=40, logz=-1130.56, remainder_fraction=100.0000%, Lmin=-1128.68, Lmax=-104.29
11:06:23 [ultranest] [DEBUG] iteration=475, ncalls=844, regioncalls=17760, ndraw=40, logz=-1130.44, remainder_fraction=100.0000%, Lmin=-1127.43, Lmax=-72.25
11:06:23 [ultranest] [DEBUG] clustering found some stray points [need_accept=False] (array([1, 2]), array([180,   1]))
11:06:23 [ultranest] [DEBUG] iteration=480, ncalls=857, regioncalls=18280, ndraw=40, logz=-1130.35, remainder_fraction=100.0000%, Lmin=-1126.72, Lmax=-72.25
11:06:23 [ultranest] [DEBUG] iteration=494, ncalls=897, regioncalls=19880, ndraw=40, logz=-1129.67, remainder_fraction=100.0000%, Lmin=-1124.95, Lmax=-72.25
11:06:23 [ultranest] [DEBUG] iteration=511, ncalls=943, regioncalls=21720, ndraw=40, logz=-1126.82, remainder_fraction=100.0000%, Lmin=-1120.77, Lmax=-72.25
11:06:23 [ultranest] [DEBUG] iteration=518, ncalls=967, regioncalls=22680, ndraw=40, logz=-1122.52, remainder_fraction=100.0000%, Lmin=-1115.72, Lmax=-72.25
11:06:23 [ultranest] [DEBUG] iteration=520, ncalls=974, regioncalls=22960, ndraw=40, logz=-1121.54, remainder_fraction=100.0000%, Lmin=-1114.71, Lmax=-72.25
11:06:23 [ultranest] [DEBUG] iteration=541, ncalls=1013, regioncalls=24520, ndraw=40, logz=-1110.15, remainder_fraction=100.0000%, Lmin=-1102.25, Lmax=-72.25
11:06:23 [ultranest] [DEBUG] iteration=558, ncalls=1051, regioncalls=26040, ndraw=40, logz=-1092.50, remainder_fraction=100.0000%, Lmin=-1085.38, Lmax=-72.25
11:06:23 [ultranest] [DEBUG] iteration=559, ncalls=1052, regioncalls=26080, ndraw=40, logz=-1092.06, remainder_fraction=100.0000%, Lmin=-1084.71, Lmax=-72.25
11:06:23 [ultranest] [DEBUG] iteration=560, ncalls=1053, regioncalls=26120, ndraw=40, logz=-1091.54, remainder_fraction=100.0000%, Lmin=-1084.14, Lmax=-72.25
11:06:23 [ultranest] [DEBUG] iteration=582, ncalls=1091, regioncalls=27640, ndraw=40, logz=-1054.21, remainder_fraction=100.0000%, Lmin=-1045.25, Lmax=-72.25
11:06:24 [ultranest] [DEBUG] iteration=598, ncalls=1133, regioncalls=29320, ndraw=40, logz=-1032.18, remainder_fraction=100.0000%, Lmin=-1023.78, Lmax=-72.25
11:06:24 [ultranest] [DEBUG] iteration=600, ncalls=1137, regioncalls=29480, ndraw=40, logz=-1029.53, remainder_fraction=100.0000%, Lmin=-1021.64, Lmax=-72.25
11:06:24 [ultranest] [DEBUG] iteration=616, ncalls=1177, regioncalls=31080, ndraw=40, logz=-1002.78, remainder_fraction=100.0000%, Lmin=-993.32, Lmax=-51.65
11:06:24 [ultranest] [DEBUG] iteration=634, ncalls=1222, regioncalls=32880, ndraw=40, logz=-972.13, remainder_fraction=100.0000%, Lmin=-960.16, Lmax=-42.24
11:06:24 [ultranest] [DEBUG] iteration=640, ncalls=1234, regioncalls=33360, ndraw=40, logz=-959.28, remainder_fraction=100.0000%, Lmin=-948.84, Lmax=-42.24
11:06:24 [ultranest] [DEBUG] iteration=655, ncalls=1270, regioncalls=34800, ndraw=40, logz=-929.06, remainder_fraction=100.0000%, Lmin=-907.14, Lmax=-42.24
11:06:24 [ultranest] [DEBUG] iteration=673, ncalls=1313, regioncalls=36520, ndraw=40, logz=-884.88, remainder_fraction=100.0000%, Lmin=-874.90, Lmax=-42.24
11:06:24 [ultranest] [DEBUG] iteration=680, ncalls=1332, regioncalls=37320, ndraw=40, logz=-873.45, remainder_fraction=100.0000%, Lmin=-865.01, Lmax=-42.24
11:06:24 [ultranest] [DEBUG] iteration=682, ncalls=1336, regioncalls=37480, ndraw=40, logz=-872.03, remainder_fraction=100.0000%, Lmin=-860.94, Lmax=-42.24
11:06:24 [ultranest] [DEBUG] iteration=696, ncalls=1379, regioncalls=39240, ndraw=40, logz=-824.13, remainder_fraction=100.0000%, Lmin=-813.47, Lmax=-42.24
11:06:24 [ultranest] [DEBUG] iteration=717, ncalls=1420, regioncalls=40880, ndraw=40, logz=-776.52, remainder_fraction=100.0000%, Lmin=-767.91, Lmax=-42.24
11:06:24 [ultranest] [DEBUG] iteration=720, ncalls=1426, regioncalls=41120, ndraw=40, logz=-764.47, remainder_fraction=100.0000%, Lmin=-752.74, Lmax=-42.24
11:06:24 [ultranest] [DEBUG] iteration=723, ncalls=1435, regioncalls=41480, ndraw=40, logz=-759.03, remainder_fraction=100.0000%, Lmin=-745.43, Lmax=-42.24
11:06:24 [ultranest] [DEBUG] iteration=741, ncalls=1475, regioncalls=43120, ndraw=40, logz=-719.10, remainder_fraction=100.0000%, Lmin=-710.21, Lmax=-42.24
11:06:25 [ultranest] [DEBUG] iteration=756, ncalls=1524, regioncalls=45080, ndraw=40, logz=-696.67, remainder_fraction=100.0000%, Lmin=-687.28, Lmax=-42.24
11:06:25 [ultranest] [DEBUG] iteration=760, ncalls=1532, regioncalls=45400, ndraw=40, logz=-690.74, remainder_fraction=100.0000%, Lmin=-679.57, Lmax=-42.24
11:06:25 [ultranest] [DEBUG] iteration=776, ncalls=1566, regioncalls=46760, ndraw=40, logz=-643.17, remainder_fraction=100.0000%, Lmin=-633.70, Lmax=-42.24
11:06:25 [ultranest] [DEBUG] iteration=794, ncalls=1606, regioncalls=48480, ndraw=40, logz=-589.24, remainder_fraction=100.0000%, Lmin=-578.32, Lmax=-42.24
11:06:25 [ultranest] [DEBUG] iteration=800, ncalls=1617, regioncalls=48920, ndraw=40, logz=-578.92, remainder_fraction=100.0000%, Lmin=-566.62, Lmax=-42.24
11:06:25 [ultranest] [DEBUG] iteration=814, ncalls=1657, regioncalls=50520, ndraw=40, logz=-556.91, remainder_fraction=100.0000%, Lmin=-541.92, Lmax=-42.24
11:06:25 [ultranest] [DEBUG] iteration=828, ncalls=1698, regioncalls=52160, ndraw=40, logz=-518.44, remainder_fraction=100.0000%, Lmin=-508.82, Lmax=-42.24
11:06:25 [ultranest] [DEBUG] iteration=840, ncalls=1730, regioncalls=53440, ndraw=40, logz=-499.23, remainder_fraction=100.0000%, Lmin=-489.48, Lmax=-42.24
11:06:25 [ultranest] [DEBUG] iteration=852, ncalls=1770, regioncalls=55040, ndraw=40, logz=-473.76, remainder_fraction=100.0000%, Lmin=-463.03, Lmax=-42.24
11:06:25 [ultranest] [DEBUG] iteration=860, ncalls=1817, regioncalls=56920, ndraw=40, logz=-458.57, remainder_fraction=100.0000%, Lmin=-448.22, Lmax=-42.24
11:06:25 [ultranest] [DEBUG] iteration=869, ncalls=1867, regioncalls=58920, ndraw=40, logz=-449.98, remainder_fraction=100.0000%, Lmin=-439.87, Lmax=-42.24
11:06:25 [ultranest] [DEBUG] iteration=880, ncalls=1897, regioncalls=60120, ndraw=40, logz=-432.64, remainder_fraction=100.0000%, Lmin=-417.67, Lmax=-42.24
11:06:26 [ultranest] [DEBUG] iteration=890, ncalls=1954, regioncalls=62400, ndraw=40, logz=-405.52, remainder_fraction=100.0000%, Lmin=-395.52, Lmax=-42.24
11:06:26 [ultranest] [DEBUG] iteration=901, ncalls=2000, regioncalls=64240, ndraw=40, logz=-386.70, remainder_fraction=100.0000%, Lmin=-376.39, Lmax=-42.24
11:06:26 [ultranest] [DEBUG] iteration=911, ncalls=2051, regioncalls=66280, ndraw=40, logz=-375.43, remainder_fraction=100.0000%, Lmin=-365.67, Lmax=-42.24
11:06:26 [ultranest] [DEBUG] iteration=920, ncalls=2083, regioncalls=67560, ndraw=40, logz=-364.64, remainder_fraction=100.0000%, Lmin=-354.70, Lmax=-42.24
11:06:26 [ultranest] [DEBUG] iteration=931, ncalls=2123, regioncalls=69160, ndraw=40, logz=-350.57, remainder_fraction=100.0000%, Lmin=-341.23, Lmax=-42.24
11:06:26 [ultranest] [DEBUG] iteration=940, ncalls=2175, regioncalls=71240, ndraw=40, logz=-340.45, remainder_fraction=100.0000%, Lmin=-326.81, Lmax=-42.24
11:06:26 [ultranest] [DEBUG] iteration=950, ncalls=2229, regioncalls=73400, ndraw=40, logz=-326.96, remainder_fraction=100.0000%, Lmin=-317.11, Lmax=-42.24
11:06:26 [ultranest] [DEBUG] iteration=959, ncalls=2279, regioncalls=75400, ndraw=40, logz=-316.19, remainder_fraction=100.0000%, Lmin=-306.02, Lmax=-41.37
11:06:26 [ultranest] [DEBUG] iteration=960, ncalls=2281, regioncalls=75480, ndraw=40, logz=-315.37, remainder_fraction=100.0000%, Lmin=-305.56, Lmax=-41.37
11:06:26 [ultranest] [DEBUG] iteration=966, ncalls=2333, regioncalls=77560, ndraw=40, logz=-301.27, remainder_fraction=100.0000%, Lmin=-290.53, Lmax=-41.37
11:06:27 [ultranest] [DEBUG] iteration=974, ncalls=2381, regioncalls=79520, ndraw=40, logz=-295.56, remainder_fraction=100.0000%, Lmin=-286.40, Lmax=-41.37
11:06:27 [ultranest] [DEBUG] iteration=980, ncalls=2432, regioncalls=81600, ndraw=40, logz=-285.21, remainder_fraction=100.0000%, Lmin=-275.76, Lmax=-41.37
11:06:27 [ultranest] [DEBUG] iteration=988, ncalls=2486, regioncalls=83920, ndraw=40, logz=-280.24, remainder_fraction=100.0000%, Lmin=-270.63, Lmax=-41.37
11:06:27 [ultranest] [DEBUG] iteration=1000, ncalls=2520, regioncalls=85280, ndraw=40, logz=-270.49, remainder_fraction=100.0000%, Lmin=-260.45, Lmax=-41.37
11:06:27 [ultranest] [DEBUG] iteration=1012, ncalls=2563, regioncalls=87000, ndraw=40, logz=-254.39, remainder_fraction=100.0000%, Lmin=-244.30, Lmax=-41.37
11:06:27 [ultranest] [DEBUG] iteration=1021, ncalls=2611, regioncalls=88920, ndraw=40, logz=-245.75, remainder_fraction=100.0000%, Lmin=-234.89, Lmax=-41.37
11:06:27 [ultranest] [DEBUG] iteration=1030, ncalls=2661, regioncalls=90920, ndraw=40, logz=-239.31, remainder_fraction=100.0000%, Lmin=-229.83, Lmax=-41.37
11:06:27 [ultranest] [DEBUG] iteration=1037, ncalls=2713, regioncalls=93000, ndraw=40, logz=-230.12, remainder_fraction=100.0000%, Lmin=-219.62, Lmax=-41.37
11:06:27 [ultranest] [DEBUG] iteration=1040, ncalls=2725, regioncalls=93480, ndraw=40, logz=-227.60, remainder_fraction=100.0000%, Lmin=-217.09, Lmax=-41.37
11:06:27 [ultranest] [DEBUG] iteration=1047, ncalls=2794, regioncalls=96280, ndraw=40, logz=-223.49, remainder_fraction=100.0000%, Lmin=-213.92, Lmax=-41.37
11:06:28 [ultranest] [DEBUG] iteration=1053, ncalls=2850, regioncalls=98520, ndraw=40, logz=-219.52, remainder_fraction=100.0000%, Lmin=-209.08, Lmax=-41.37
11:06:28 [ultranest] [DEBUG] iteration=1062, ncalls=2897, regioncalls=100400, ndraw=40, logz=-206.19, remainder_fraction=100.0000%, Lmin=-195.48, Lmax=-41.35
11:06:28 [ultranest] [DEBUG] iteration=1070, ncalls=2948, regioncalls=102440, ndraw=40, logz=-200.50, remainder_fraction=100.0000%, Lmin=-190.43, Lmax=-41.35
11:06:28 [ultranest] [DEBUG] iteration=1075, ncalls=3002, regioncalls=104600, ndraw=40, logz=-197.87, remainder_fraction=100.0000%, Lmin=-187.96, Lmax=-41.35
11:06:28 [ultranest] [DEBUG] iteration=1080, ncalls=3044, regioncalls=106280, ndraw=40, logz=-194.51, remainder_fraction=100.0000%, Lmin=-184.60, Lmax=-41.35
11:06:28 [ultranest] [DEBUG] iteration=1088, ncalls=3100, regioncalls=108520, ndraw=40, logz=-190.10, remainder_fraction=100.0000%, Lmin=-180.02, Lmax=-41.35
11:06:28 [ultranest] [DEBUG] iteration=1092, ncalls=3115, regioncalls=109200, ndraw=40, logz=-188.01, remainder_fraction=100.0000%, Lmin=-178.00, Lmax=-41.35
11:06:28 [ultranest] [DEBUG] iteration=1110, ncalls=3154, regioncalls=110760, ndraw=40, logz=-176.12, remainder_fraction=100.0000%, Lmin=-166.46, Lmax=-38.47
11:06:28 [ultranest] [DEBUG] iteration=1120, ncalls=3173, regioncalls=111520, ndraw=40, logz=-171.29, remainder_fraction=100.0000%, Lmin=-161.33, Lmax=-38.47
11:06:28 [ultranest] [DEBUG] iteration=1134, ncalls=3214, regioncalls=113160, ndraw=40, logz=-164.86, remainder_fraction=100.0000%, Lmin=-154.79, Lmax=-38.47
11:06:28 [ultranest] [DEBUG] iteration=1150, ncalls=3255, regioncalls=114800, ndraw=40, logz=-156.48, remainder_fraction=100.0000%, Lmin=-145.75, Lmax=-38.47
11:06:29 [ultranest] [DEBUG] iteration=1160, ncalls=3298, regioncalls=116520, ndraw=40, logz=-148.33, remainder_fraction=100.0000%, Lmin=-137.75, Lmax=-38.47
11:06:29 [ultranest] [DEBUG] iteration=1176, ncalls=3341, regioncalls=118240, ndraw=40, logz=-141.89, remainder_fraction=100.0000%, Lmin=-130.93, Lmax=-38.47
11:06:29 [ultranest] [DEBUG] iteration=1187, ncalls=3390, regioncalls=120200, ndraw=40, logz=-137.21, remainder_fraction=100.0000%, Lmin=-126.94, Lmax=-38.47
11:06:29 [ultranest] [DEBUG] iteration=1200, ncalls=3425, regioncalls=121600, ndraw=40, logz=-131.28, remainder_fraction=100.0000%, Lmin=-121.15, Lmax=-38.47
11:06:29 [ultranest] [DEBUG] iteration=1215, ncalls=3467, regioncalls=123280, ndraw=40, logz=-125.83, remainder_fraction=100.0000%, Lmin=-115.96, Lmax=-38.47
11:06:29 [ultranest] [DEBUG] iteration=1231, ncalls=3509, regioncalls=124960, ndraw=40, logz=-117.80, remainder_fraction=100.0000%, Lmin=-107.07, Lmax=-37.02
11:06:29 [ultranest] [DEBUG] iteration=1240, ncalls=3539, regioncalls=126160, ndraw=40, logz=-114.73, remainder_fraction=100.0000%, Lmin=-104.43, Lmax=-37.02
11:06:29 [ultranest] [DEBUG] iteration=1257, ncalls=3582, regioncalls=127880, ndraw=40, logz=-109.62, remainder_fraction=100.0000%, Lmin=-99.83, Lmax=-32.46
11:06:29 [ultranest] [DEBUG] iteration=1269, ncalls=3630, regioncalls=129800, ndraw=40, logz=-106.21, remainder_fraction=100.0000%, Lmin=-96.09, Lmax=-32.46
11:06:29 [ultranest] [DEBUG] iteration=1280, ncalls=3674, regioncalls=131560, ndraw=40, logz=-103.59, remainder_fraction=100.0000%, Lmin=-93.48, Lmax=-32.46
11:06:30 [ultranest] [DEBUG] iteration=1297, ncalls=3715, regioncalls=133200, ndraw=40, logz=-99.87, remainder_fraction=100.0000%, Lmin=-89.26, Lmax=-32.46
11:06:30 [ultranest] [DEBUG] iteration=1304, ncalls=3759, regioncalls=134960, ndraw=40, logz=-98.47, remainder_fraction=100.0000%, Lmin=-88.30, Lmax=-32.46
11:06:30 [ultranest] [DEBUG] iteration=1312, ncalls=3809, regioncalls=136960, ndraw=40, logz=-97.14, remainder_fraction=100.0000%, Lmin=-87.24, Lmax=-32.46
11:06:30 [ultranest] [DEBUG] iteration=1320, ncalls=3855, regioncalls=138800, ndraw=40, logz=-95.87, remainder_fraction=100.0000%, Lmin=-85.52, Lmax=-32.46
11:06:30 [ultranest] [DEBUG] iteration=1329, ncalls=3906, regioncalls=140840, ndraw=40, logz=-93.44, remainder_fraction=100.0000%, Lmin=-82.51, Lmax=-32.46
11:06:30 [ultranest] [DEBUG] iteration=1346, ncalls=3951, regioncalls=142640, ndraw=40, logz=-89.77, remainder_fraction=100.0000%, Lmin=-79.69, Lmax=-32.46
11:06:30 [ultranest] [DEBUG] iteration=1352, ncalls=3998, regioncalls=144520, ndraw=40, logz=-89.02, remainder_fraction=100.0000%, Lmin=-79.05, Lmax=-32.46
11:06:30 [ultranest] [DEBUG] iteration=1360, ncalls=4029, regioncalls=145760, ndraw=40, logz=-88.09, remainder_fraction=100.0000%, Lmin=-77.89, Lmax=-32.46
11:06:30 [ultranest] [DEBUG] iteration=1371, ncalls=4081, regioncalls=147840, ndraw=40, logz=-86.76, remainder_fraction=100.0000%, Lmin=-76.76, Lmax=-32.46
11:06:30 [ultranest] [DEBUG] iteration=1382, ncalls=4119, regioncalls=149360, ndraw=40, logz=-85.02, remainder_fraction=100.0000%, Lmin=-74.57, Lmax=-32.46
11:06:31 [ultranest] [DEBUG] iteration=1397, ncalls=4159, regioncalls=150960, ndraw=40, logz=-83.05, remainder_fraction=100.0000%, Lmin=-72.96, Lmax=-32.46
11:06:31 [ultranest] [DEBUG] iteration=1400, ncalls=4187, regioncalls=152080, ndraw=40, logz=-82.77, remainder_fraction=100.0000%, Lmin=-72.64, Lmax=-32.46
11:06:31 [ultranest] [DEBUG] iteration=1407, ncalls=4239, regioncalls=154160, ndraw=40, logz=-82.11, remainder_fraction=100.0000%, Lmin=-71.99, Lmax=-32.46
11:06:31 [ultranest] [DEBUG] iteration=1419, ncalls=4295, regioncalls=156400, ndraw=40, logz=-79.92, remainder_fraction=100.0000%, Lmin=-68.96, Lmax=-32.46
11:06:31 [ultranest] [DEBUG] iteration=1420, ncalls=4298, regioncalls=156560, ndraw=40, logz=-79.72, remainder_fraction=100.0000%, Lmin=-68.87, Lmax=-32.46
11:06:31 [ultranest] [DEBUG] iteration=1433, ncalls=4343, regioncalls=158360, ndraw=40, logz=-77.74, remainder_fraction=100.0000%, Lmin=-66.50, Lmax=-32.46
11:06:31 [ultranest] [DEBUG] iteration=1440, ncalls=4375, regioncalls=159640, ndraw=40, logz=-76.52, remainder_fraction=100.0000%, Lmin=-65.85, Lmax=-32.46
11:06:31 [ultranest] [DEBUG] iteration=1456, ncalls=4421, regioncalls=161480, ndraw=40, logz=-73.81, remainder_fraction=100.0000%, Lmin=-63.05, Lmax=-32.46
11:06:31 [ultranest] [DEBUG] iteration=1471, ncalls=4459, regioncalls=163000, ndraw=40, logz=-71.63, remainder_fraction=100.0000%, Lmin=-61.08, Lmax=-32.46
11:06:31 [ultranest] [DEBUG] iteration=1480, ncalls=4502, regioncalls=164720, ndraw=40, logz=-70.61, remainder_fraction=100.0000%, Lmin=-60.06, Lmax=-32.46
11:06:31 [ultranest] [DEBUG] iteration=1495, ncalls=4549, regioncalls=166600, ndraw=40, logz=-69.36, remainder_fraction=100.0000%, Lmin=-58.95, Lmax=-32.46
11:06:31 [ultranest] [DEBUG] iteration=1502, ncalls=4577, regioncalls=167760, ndraw=40, logz=-68.78, remainder_fraction=100.0000%, Lmin=-58.35, Lmax=-32.46
11:06:32 [ultranest] [DEBUG] iteration=1515, ncalls=4619, regioncalls=169440, ndraw=40, logz=-67.51, remainder_fraction=100.0000%, Lmin=-56.67, Lmax=-32.46
11:06:32 [ultranest] [DEBUG] iteration=1520, ncalls=4647, regioncalls=170560, ndraw=40, logz=-66.99, remainder_fraction=100.0000%, Lmin=-56.24, Lmax=-32.46
11:06:32 [ultranest] [DEBUG] iteration=1536, ncalls=4691, regioncalls=172320, ndraw=40, logz=-65.48, remainder_fraction=100.0000%, Lmin=-54.91, Lmax=-32.46
11:06:32 [ultranest] [DEBUG] iteration=1551, ncalls=4733, regioncalls=174000, ndraw=40, logz=-64.40, remainder_fraction=100.0000%, Lmin=-53.72, Lmax=-32.46
11:06:32 [ultranest] [DEBUG] iteration=1560, ncalls=4770, regioncalls=175480, ndraw=40, logz=-63.65, remainder_fraction=100.0000%, Lmin=-52.82, Lmax=-32.46
11:06:32 [ultranest] [DEBUG] iteration=1569, ncalls=4821, regioncalls=177520, ndraw=40, logz=-62.89, remainder_fraction=100.0000%, Lmin=-52.18, Lmax=-32.46
11:06:32 [ultranest] [DEBUG] iteration=1583, ncalls=4867, regioncalls=179360, ndraw=40, logz=-61.98, remainder_fraction=100.0000%, Lmin=-51.32, Lmax=-32.46
11:06:32 [ultranest] [DEBUG] iteration=1584, ncalls=4868, regioncalls=179440, ndraw=40, logz=-61.92, remainder_fraction=100.0000%, Lmin=-51.28, Lmax=-32.46
11:06:32 [ultranest] [DEBUG] iteration=1600, ncalls=4903, regioncalls=180840, ndraw=40, logz=-60.76, remainder_fraction=100.0000%, Lmin=-49.89, Lmax=-32.46
11:06:32 [ultranest] [DEBUG] iteration=1619, ncalls=4943, regioncalls=182440, ndraw=40, logz=-59.34, remainder_fraction=100.0000%, Lmin=-48.25, Lmax=-32.46
11:06:32 [ultranest] [DEBUG] iteration=1632, ncalls=4985, regioncalls=184120, ndraw=40, logz=-58.46, remainder_fraction=99.9999%, Lmin=-47.64, Lmax=-32.46
11:06:33 [ultranest] [DEBUG] iteration=1640, ncalls=5008, regioncalls=185040, ndraw=40, logz=-57.99, remainder_fraction=99.9999%, Lmin=-47.02, Lmax=-32.46
11:06:33 [ultranest] [DEBUG] iteration=1654, ncalls=5056, regioncalls=186960, ndraw=40, logz=-56.97, remainder_fraction=99.9998%, Lmin=-45.94, Lmax=-30.71
11:06:33 [ultranest] [DEBUG] iteration=1668, ncalls=5099, regioncalls=188680, ndraw=40, logz=-56.14, remainder_fraction=99.9995%, Lmin=-45.13, Lmax=-30.71
11:06:33 [ultranest] [DEBUG] iteration=1680, ncalls=5137, regioncalls=190200, ndraw=40, logz=-55.52, remainder_fraction=99.9991%, Lmin=-44.62, Lmax=-30.71
11:06:33 [ultranest] [DEBUG] iteration=1693, ncalls=5181, regioncalls=191960, ndraw=40, logz=-54.91, remainder_fraction=99.9985%, Lmin=-44.05, Lmax=-30.71
11:06:33 [ultranest] [DEBUG] iteration=1705, ncalls=5228, regioncalls=193840, ndraw=40, logz=-54.42, remainder_fraction=99.9975%, Lmin=-43.63, Lmax=-30.71
11:06:33 [ultranest] [DEBUG] iteration=1719, ncalls=5268, regioncalls=195440, ndraw=40, logz=-53.88, remainder_fraction=99.9953%, Lmin=-43.05, Lmax=-30.71
11:06:33 [ultranest] [DEBUG] iteration=1720, ncalls=5271, regioncalls=195560, ndraw=40, logz=-53.84, remainder_fraction=99.9951%, Lmin=-43.05, Lmax=-30.71
11:06:33 [ultranest] [DEBUG] iteration=1733, ncalls=5317, regioncalls=197400, ndraw=40, logz=-53.42, remainder_fraction=99.9922%, Lmin=-42.69, Lmax=-30.71
11:06:33 [ultranest] [DEBUG] iteration=1746, ncalls=5364, regioncalls=199280, ndraw=40, logz=-53.00, remainder_fraction=99.9878%, Lmin=-42.10, Lmax=-30.71
11:06:33 [ultranest] [DEBUG] iteration=1754, ncalls=5409, regioncalls=201080, ndraw=40, logz=-52.75, remainder_fraction=99.9850%, Lmin=-41.92, Lmax=-30.71
11:06:34 [ultranest] [DEBUG] iteration=1760, ncalls=5448, regioncalls=202640, ndraw=40, logz=-52.57, remainder_fraction=99.9815%, Lmin=-41.80, Lmax=-30.71
11:06:34 [ultranest] [DEBUG] iteration=1773, ncalls=5492, regioncalls=204400, ndraw=40, logz=-52.24, remainder_fraction=99.9763%, Lmin=-41.49, Lmax=-30.71
11:06:34 [ultranest] [DEBUG] iteration=1783, ncalls=5542, regioncalls=206400, ndraw=40, logz=-51.99, remainder_fraction=99.9719%, Lmin=-41.14, Lmax=-30.71
11:06:34 [ultranest] [DEBUG] iteration=1789, ncalls=5572, regioncalls=207640, ndraw=40, logz=-51.84, remainder_fraction=99.9663%, Lmin=-41.02, Lmax=-30.71
11:06:34 [ultranest] [DEBUG] iteration=1800, ncalls=5620, regioncalls=209560, ndraw=40, logz=-51.58, remainder_fraction=99.9538%, Lmin=-40.75, Lmax=-30.71
11:06:34 [ultranest] [DEBUG] iteration=1805, ncalls=5648, regioncalls=210680, ndraw=40, logz=-51.46, remainder_fraction=99.9467%, Lmin=-40.58, Lmax=-30.71
11:06:34 [ultranest] [DEBUG] iteration=1806, ncalls=5655, regioncalls=210960, ndraw=40, logz=-51.43, remainder_fraction=99.9452%, Lmin=-40.57, Lmax=-30.71
11:06:34 [ultranest] [DEBUG] iteration=1809, ncalls=5661, regioncalls=211200, ndraw=40, logz=-51.37, remainder_fraction=99.9404%, Lmin=-40.55, Lmax=-30.71
11:06:35 [ultranest] [DEBUG] iteration=1811, ncalls=5673, regioncalls=211680, ndraw=40, logz=-51.32, remainder_fraction=99.9428%, Lmin=-40.52, Lmax=-30.71
11:06:35 [ultranest] [DEBUG] iteration=1812, ncalls=5685, regioncalls=212160, ndraw=40, logz=-51.30, remainder_fraction=99.9413%, Lmin=-40.51, Lmax=-30.71
11:06:35 [ultranest] [DEBUG] iteration=1815, ncalls=5693, regioncalls=212480, ndraw=40, logz=-51.24, remainder_fraction=99.9365%, Lmin=-40.47, Lmax=-30.71
11:06:35 [ultranest] [DEBUG] iteration=1819, ncalls=5704, regioncalls=212920, ndraw=40, logz=-51.16, remainder_fraction=99.9310%, Lmin=-40.40, Lmax=-30.71
11:06:35 [ultranest] [DEBUG] iteration=1821, ncalls=5712, regioncalls=213240, ndraw=40, logz=-51.12, remainder_fraction=99.9274%, Lmin=-40.31, Lmax=-30.71
11:06:35 [ultranest] [DEBUG] iteration=1823, ncalls=5718, regioncalls=213480, ndraw=40, logz=-51.08, remainder_fraction=99.9239%, Lmin=-40.29, Lmax=-30.71
11:06:35 [ultranest] [DEBUG] iteration=1826, ncalls=5723, regioncalls=213680, ndraw=40, logz=-51.02, remainder_fraction=99.9181%, Lmin=-40.22, Lmax=-30.71
11:06:36 [ultranest] [DEBUG] iteration=1827, ncalls=5732, regioncalls=214040, ndraw=40, logz=-51.00, remainder_fraction=99.9160%, Lmin=-40.19, Lmax=-30.71
11:06:36 [ultranest] [DEBUG] iteration=1830, ncalls=5746, regioncalls=214640, ndraw=40, logz=-50.94, remainder_fraction=99.9120%, Lmin=-40.16, Lmax=-30.71
11:06:36 [ultranest] [DEBUG] iteration=1831, ncalls=5758, regioncalls=215160, ndraw=40, logz=-50.92, remainder_fraction=99.9102%, Lmin=-40.15, Lmax=-30.71
11:06:36 [ultranest] [DEBUG] iteration=1833, ncalls=5764, regioncalls=215400, ndraw=40, logz=-50.89, remainder_fraction=99.9059%, Lmin=-40.11, Lmax=-30.71
11:06:36 [ultranest] [DEBUG] iteration=1834, ncalls=5787, regioncalls=216320, ndraw=40, logz=-50.87, remainder_fraction=99.9036%, Lmin=-40.09, Lmax=-30.71
11:06:37 [ultranest] [DEBUG] iteration=1837, ncalls=5797, regioncalls=216720, ndraw=40, logz=-50.81, remainder_fraction=99.9010%, Lmin=-39.91, Lmax=-30.71
11:06:37 [ultranest] [DEBUG] iteration=1840, ncalls=5809, regioncalls=217200, ndraw=40, logz=-50.75, remainder_fraction=99.8931%, Lmin=-39.79, Lmax=-30.71
11:06:37 [ultranest] [DEBUG] iteration=1842, ncalls=5816, regioncalls=217480, ndraw=40, logz=-50.71, remainder_fraction=99.8873%, Lmin=-39.71, Lmax=-30.71
11:06:37 [ultranest] [DEBUG] iteration=1844, ncalls=5824, regioncalls=217800, ndraw=40, logz=-50.67, remainder_fraction=99.8878%, Lmin=-39.66, Lmax=-30.71
11:06:37 [ultranest] [DEBUG] iteration=1847, ncalls=5832, regioncalls=218120, ndraw=40, logz=-50.60, remainder_fraction=99.8785%, Lmin=-39.64, Lmax=-30.71
11:06:37 [ultranest] [DEBUG] iteration=1849, ncalls=5840, regioncalls=218440, ndraw=40, logz=-50.56, remainder_fraction=99.8748%, Lmin=-39.59, Lmax=-30.71
11:06:38 [ultranest] [DEBUG] iteration=1851, ncalls=5856, regioncalls=219080, ndraw=40, logz=-50.52, remainder_fraction=99.8686%, Lmin=-39.57, Lmax=-30.71
11:06:38 [ultranest] [DEBUG] iteration=1853, ncalls=5872, regioncalls=219720, ndraw=40, logz=-50.48, remainder_fraction=99.8618%, Lmin=-39.43, Lmax=-30.71
11:06:38 [ultranest] [DEBUG] iteration=1857, ncalls=5877, regioncalls=219920, ndraw=40, logz=-50.40, remainder_fraction=99.8485%, Lmin=-39.41, Lmax=-30.71
11:06:38 [ultranest] [DEBUG] iteration=1858, ncalls=5889, regioncalls=220400, ndraw=40, logz=-50.38, remainder_fraction=99.8447%, Lmin=-39.41, Lmax=-30.71
11:06:38 [ultranest] [DEBUG] iteration=1860, ncalls=5897, regioncalls=220720, ndraw=40, logz=-50.34, remainder_fraction=99.8506%, Lmin=-39.34, Lmax=-30.71
11:06:39 [ultranest] [DEBUG] iteration=1863, ncalls=5903, regioncalls=220960, ndraw=40, logz=-50.28, remainder_fraction=99.8391%, Lmin=-39.28, Lmax=-30.71
11:06:39 [ultranest] [DEBUG] iteration=1864, ncalls=5927, regioncalls=221920, ndraw=40, logz=-50.26, remainder_fraction=99.8351%, Lmin=-39.26, Lmax=-30.71
11:06:39 [ultranest] [DEBUG] iteration=1871, ncalls=5958, regioncalls=223200, ndraw=40, logz=-50.12, remainder_fraction=99.8044%, Lmin=-39.12, Lmax=-30.71
11:06:39 [ultranest] [DEBUG] iteration=1879, ncalls=6008, regioncalls=225200, ndraw=40, logz=-49.98, remainder_fraction=99.7650%, Lmin=-38.99, Lmax=-30.71
11:06:39 [ultranest] [DEBUG] iteration=1880, ncalls=6010, regioncalls=225280, ndraw=40, logz=-49.96, remainder_fraction=99.7597%, Lmin=-38.98, Lmax=-30.71
11:06:39 [ultranest] [DEBUG] iteration=1890, ncalls=6066, regioncalls=227520, ndraw=40, logz=-49.79, remainder_fraction=99.7058%, Lmin=-38.88, Lmax=-30.71
11:06:39 [ultranest] [DEBUG] iteration=1900, ncalls=6117, regioncalls=229560, ndraw=40, logz=-49.65, remainder_fraction=99.6447%, Lmin=-38.76, Lmax=-30.71
11:06:39 [ultranest] [DEBUG] iteration=1912, ncalls=6156, regioncalls=231160, ndraw=40, logz=-49.49, remainder_fraction=99.5680%, Lmin=-38.65, Lmax=-30.71
11:06:39 [ultranest] [DEBUG] iteration=1919, ncalls=6203, regioncalls=233040, ndraw=40, logz=-49.40, remainder_fraction=99.5262%, Lmin=-38.55, Lmax=-30.71
11:06:39 [ultranest] [DEBUG] iteration=1920, ncalls=6204, regioncalls=233080, ndraw=40, logz=-49.39, remainder_fraction=99.5202%, Lmin=-38.52, Lmax=-30.71
11:06:39 [ultranest] [DEBUG] iteration=1936, ncalls=6247, regioncalls=234800, ndraw=40, logz=-49.20, remainder_fraction=99.4610%, Lmin=-38.31, Lmax=-30.71
11:06:39 [ultranest] [DEBUG] iteration=1950, ncalls=6297, regioncalls=236800, ndraw=40, logz=-49.03, remainder_fraction=99.3985%, Lmin=-38.06, Lmax=-30.71
11:06:39 [ultranest] [DEBUG] iteration=1953, ncalls=6322, regioncalls=237840, ndraw=40, logz=-49.00, remainder_fraction=99.3677%, Lmin=-38.02, Lmax=-30.71
11:06:40 [ultranest] [DEBUG] iteration=1960, ncalls=6332, regioncalls=238240, ndraw=40, logz=-48.92, remainder_fraction=99.2942%, Lmin=-37.95, Lmax=-30.71
11:06:40 [ultranest] [DEBUG] iteration=1970, ncalls=6385, regioncalls=240360, ndraw=40, logz=-48.81, remainder_fraction=99.2152%, Lmin=-37.71, Lmax=-30.71
11:06:40 [ultranest] [DEBUG] iteration=1988, ncalls=6434, regioncalls=242320, ndraw=40, logz=-48.59, remainder_fraction=99.0718%, Lmin=-37.25, Lmax=-30.71
11:06:40 [ultranest] [DEBUG] iteration=1994, ncalls=6462, regioncalls=243480, ndraw=40, logz=-48.51, remainder_fraction=99.0194%, Lmin=-37.18, Lmax=-30.71
11:06:40 [ultranest] [DEBUG] iteration=2000, ncalls=6485, regioncalls=244400, ndraw=40, logz=-48.43, remainder_fraction=98.9459%, Lmin=-36.98, Lmax=-30.71
11:06:40 [ultranest] [DEBUG] iteration=2015, ncalls=6534, regioncalls=246360, ndraw=40, logz=-48.22, remainder_fraction=98.8495%, Lmin=-36.76, Lmax=-30.71
11:06:40 [ultranest] [DEBUG] iteration=2033, ncalls=6581, regioncalls=248240, ndraw=40, logz=-47.98, remainder_fraction=98.5313%, Lmin=-36.43, Lmax=-30.71
11:06:40 [ultranest] [DEBUG] iteration=2035, ncalls=6590, regioncalls=248680, ndraw=40, logz=-47.96, remainder_fraction=98.4990%, Lmin=-36.42, Lmax=-30.71
11:06:40 [ultranest] [DEBUG] iteration=2040, ncalls=6597, regioncalls=248960, ndraw=40, logz=-47.89, remainder_fraction=98.3690%, Lmin=-36.34, Lmax=-30.71
11:06:40 [ultranest] [DEBUG] iteration=2055, ncalls=6644, regioncalls=250840, ndraw=40, logz=-47.71, remainder_fraction=98.0815%, Lmin=-36.18, Lmax=-30.71
11:06:40 [ultranest] [DEBUG] iteration=2070, ncalls=6687, regioncalls=252560, ndraw=40, logz=-47.54, remainder_fraction=97.6447%, Lmin=-35.88, Lmax=-30.71
11:06:40 [ultranest] [DEBUG] iteration=2076, ncalls=6705, regioncalls=253320, ndraw=40, logz=-47.46, remainder_fraction=97.4452%, Lmin=-35.78, Lmax=-30.71
11:06:40 [ultranest] [DEBUG] iteration=2080, ncalls=6718, regioncalls=253840, ndraw=40, logz=-47.42, remainder_fraction=97.3393%, Lmin=-35.73, Lmax=-30.71
11:06:41 [ultranest] [DEBUG] iteration=2099, ncalls=6759, regioncalls=255480, ndraw=40, logz=-47.20, remainder_fraction=96.5372%, Lmin=-35.49, Lmax=-30.71
11:06:41 [ultranest] [DEBUG] iteration=2112, ncalls=6807, regioncalls=257400, ndraw=40, logz=-47.06, remainder_fraction=96.0647%, Lmin=-35.25, Lmax=-30.71
11:06:41 [ultranest] [DEBUG] iteration=2117, ncalls=6821, regioncalls=258000, ndraw=40, logz=-47.00, remainder_fraction=95.7919%, Lmin=-35.21, Lmax=-30.71
11:06:41 [ultranest] [DEBUG] iteration=2120, ncalls=6827, regioncalls=258240, ndraw=40, logz=-46.97, remainder_fraction=95.6526%, Lmin=-35.19, Lmax=-30.71
11:06:41 [ultranest] [DEBUG] iteration=2135, ncalls=6869, regioncalls=259920, ndraw=40, logz=-46.82, remainder_fraction=94.8308%, Lmin=-35.05, Lmax=-30.71
11:06:41 [ultranest] [DEBUG] iteration=2150, ncalls=6909, regioncalls=261520, ndraw=40, logz=-46.68, remainder_fraction=94.3164%, Lmin=-34.77, Lmax=-30.64
11:06:41 [ultranest] [DEBUG] iteration=2160, ncalls=6931, regioncalls=262400, ndraw=40, logz=-46.58, remainder_fraction=93.8936%, Lmin=-34.68, Lmax=-30.64
11:06:41 [ultranest] [DEBUG] iteration=2175, ncalls=6973, regioncalls=264080, ndraw=40, logz=-46.44, remainder_fraction=93.1000%, Lmin=-34.43, Lmax=-30.64
11:06:41 [ultranest] [DEBUG] iteration=2193, ncalls=7018, regioncalls=265880, ndraw=40, logz=-46.26, remainder_fraction=91.5351%, Lmin=-34.19, Lmax=-30.64
11:06:41 [ultranest] [DEBUG] iteration=2199, ncalls=7029, regioncalls=266440, ndraw=40, logz=-46.21, remainder_fraction=91.0551%, Lmin=-34.11, Lmax=-30.64
11:06:41 [ultranest] [DEBUG] iteration=2200, ncalls=7032, regioncalls=266560, ndraw=40, logz=-46.20, remainder_fraction=91.0357%, Lmin=-34.10, Lmax=-30.64
11:06:41 [ultranest] [DEBUG] iteration=2218, ncalls=7073, regioncalls=268200, ndraw=40, logz=-46.03, remainder_fraction=89.4353%, Lmin=-33.80, Lmax=-30.64
11:06:41 [ultranest] [DEBUG] iteration=2239, ncalls=7115, regioncalls=269880, ndraw=40, logz=-45.84, remainder_fraction=87.3596%, Lmin=-33.57, Lmax=-30.64
11:06:41 [ultranest] [DEBUG] iteration=2240, ncalls=7116, regioncalls=269960, ndraw=40, logz=-45.83, remainder_fraction=87.2221%, Lmin=-33.57, Lmax=-30.64
11:06:42 [ultranest] [DEBUG] iteration=2255, ncalls=7154, regioncalls=271480, ndraw=40, logz=-45.71, remainder_fraction=85.4805%, Lmin=-33.42, Lmax=-30.64
11:06:42 [ultranest] [DEBUG] iteration=2277, ncalls=7203, regioncalls=273440, ndraw=40, logz=-45.54, remainder_fraction=82.4691%, Lmin=-33.25, Lmax=-30.64
11:06:42 [ultranest] [DEBUG] iteration=2280, ncalls=7214, regioncalls=273880, ndraw=40, logz=-45.52, remainder_fraction=82.0651%, Lmin=-33.23, Lmax=-30.64
11:06:42 [ultranest] [DEBUG] iteration=2281, ncalls=7215, regioncalls=273960, ndraw=40, logz=-45.51, remainder_fraction=81.9626%, Lmin=-33.23, Lmax=-30.64
11:06:42 [ultranest] [DEBUG] iteration=2303, ncalls=7253, regioncalls=275480, ndraw=40, logz=-45.36, remainder_fraction=79.5326%, Lmin=-33.03, Lmax=-30.64
11:06:42 [ultranest] [DEBUG] iteration=2320, ncalls=7287, regioncalls=276840, ndraw=40, logz=-45.26, remainder_fraction=77.3615%, Lmin=-32.89, Lmax=-30.64
11:06:42 [ultranest] [DEBUG] iteration=2337, ncalls=7321, regioncalls=278200, ndraw=40, logz=-45.15, remainder_fraction=74.8049%, Lmin=-32.75, Lmax=-30.64
11:06:42 [ultranest] [DEBUG] iteration=2355, ncalls=7368, regioncalls=280080, ndraw=40, logz=-45.05, remainder_fraction=72.5361%, Lmin=-32.56, Lmax=-30.64
11:06:42 [ultranest] [DEBUG] iteration=2360, ncalls=7382, regioncalls=280640, ndraw=40, logz=-45.02, remainder_fraction=71.6831%, Lmin=-32.54, Lmax=-30.64
11:06:42 [ultranest] [DEBUG] iteration=2363, ncalls=7389, regioncalls=280960, ndraw=40, logz=-45.00, remainder_fraction=71.3632%, Lmin=-32.51, Lmax=-30.64
11:06:42 [ultranest] [DEBUG] iteration=2382, ncalls=7429, regioncalls=282560, ndraw=40, logz=-44.90, remainder_fraction=68.1702%, Lmin=-32.41, Lmax=-30.64
11:06:42 [ultranest] [DEBUG] iteration=2396, ncalls=7475, regioncalls=284400, ndraw=40, logz=-44.83, remainder_fraction=66.1870%, Lmin=-32.33, Lmax=-30.64
11:06:42 [ultranest] [DEBUG] iteration=2400, ncalls=7484, regioncalls=284760, ndraw=40, logz=-44.82, remainder_fraction=65.4639%, Lmin=-32.29, Lmax=-30.64
11:06:42 [ultranest] [DEBUG] iteration=2416, ncalls=7523, regioncalls=286320, ndraw=40, logz=-44.74, remainder_fraction=62.5468%, Lmin=-32.18, Lmax=-30.64
11:06:43 [ultranest] [DEBUG] iteration=2434, ncalls=7564, regioncalls=287960, ndraw=40, logz=-44.66, remainder_fraction=59.7994%, Lmin=-32.08, Lmax=-30.64
11:06:43 [ultranest] [DEBUG] iteration=2440, ncalls=7579, regioncalls=288560, ndraw=40, logz=-44.64, remainder_fraction=59.1224%, Lmin=-32.06, Lmax=-30.64
11:06:43 [ultranest] [DEBUG] iteration=2445, ncalls=7592, regioncalls=289120, ndraw=40, logz=-44.62, remainder_fraction=58.3733%, Lmin=-32.00, Lmax=-30.64
11:06:43 [ultranest] [DEBUG] iteration=2466, ncalls=7630, regioncalls=290640, ndraw=40, logz=-44.54, remainder_fraction=55.2297%, Lmin=-31.87, Lmax=-30.64
11:06:43 [ultranest] [DEBUG] iteration=2480, ncalls=7653, regioncalls=291560, ndraw=40, logz=-44.49, remainder_fraction=52.7285%, Lmin=-31.79, Lmax=-30.64
11:06:43 [ultranest] [DEBUG] iteration=2486, ncalls=7663, regioncalls=292000, ndraw=40, logz=-44.47, remainder_fraction=51.6383%, Lmin=-31.75, Lmax=-30.61
11:06:43 [ultranest] [DEBUG] iteration=2507, ncalls=7699, regioncalls=293440, ndraw=40, logz=-44.40, remainder_fraction=48.0009%, Lmin=-31.68, Lmax=-30.61
11:06:43 [ultranest] [DEBUG] iteration=2520, ncalls=7720, regioncalls=294280, ndraw=40, logz=-44.36, remainder_fraction=45.8579%, Lmin=-31.64, Lmax=-30.61
11:06:43 [ultranest] [DEBUG] iteration=2534, ncalls=7758, regioncalls=295800, ndraw=40, logz=-44.32, remainder_fraction=43.7405%, Lmin=-31.58, Lmax=-30.60
11:06:43 [ultranest] [DEBUG] iteration=2554, ncalls=7795, regioncalls=297280, ndraw=40, logz=-44.27, remainder_fraction=40.6162%, Lmin=-31.52, Lmax=-30.60
11:06:43 [ultranest] [DEBUG] iteration=2560, ncalls=7805, regioncalls=297680, ndraw=40, logz=-44.25, remainder_fraction=39.8484%, Lmin=-31.50, Lmax=-30.60
11:06:43 [ultranest] [DEBUG] iteration=2568, ncalls=7825, regioncalls=298560, ndraw=40, logz=-44.23, remainder_fraction=38.7456%, Lmin=-31.48, Lmax=-30.59
11:06:43 [ultranest] [DEBUG] iteration=2587, ncalls=7863, regioncalls=300160, ndraw=40, logz=-44.19, remainder_fraction=36.0981%, Lmin=-31.42, Lmax=-30.59
11:06:43 [ultranest] [DEBUG] iteration=2600, ncalls=7880, regioncalls=300840, ndraw=40, logz=-44.17, remainder_fraction=34.2761%, Lmin=-31.39, Lmax=-30.59
11:06:44 [ultranest] [DEBUG] iteration=2609, ncalls=7892, regioncalls=301360, ndraw=40, logz=-44.15, remainder_fraction=33.0557%, Lmin=-31.39, Lmax=-30.59
11:06:44 [ultranest] [DEBUG] iteration=2628, ncalls=7926, regioncalls=302720, ndraw=40, logz=-44.11, remainder_fraction=30.6797%, Lmin=-31.34, Lmax=-30.59
11:06:44 [ultranest] [DEBUG] iteration=2640, ncalls=7942, regioncalls=303440, ndraw=40, logz=-44.09, remainder_fraction=29.3346%, Lmin=-31.31, Lmax=-30.59
11:06:44 [ultranest] [DEBUG] iteration=2659, ncalls=7978, regioncalls=304880, ndraw=40, logz=-44.06, remainder_fraction=27.1467%, Lmin=-31.23, Lmax=-30.59
11:06:44 [ultranest] [DEBUG] iteration=2677, ncalls=8016, regioncalls=306400, ndraw=40, logz=-44.04, remainder_fraction=25.3839%, Lmin=-31.18, Lmax=-30.59
11:06:44 [ultranest] [DEBUG] iteration=2680, ncalls=8022, regioncalls=306640, ndraw=40, logz=-44.03, remainder_fraction=25.0556%, Lmin=-31.17, Lmax=-30.59
11:06:44 [ultranest] [DEBUG] iteration=2691, ncalls=8052, regioncalls=307880, ndraw=40, logz=-44.02, remainder_fraction=23.8181%, Lmin=-31.15, Lmax=-30.59
11:06:44 [ultranest] [DEBUG] iteration=2709, ncalls=8090, regioncalls=309400, ndraw=40, logz=-44.00, remainder_fraction=22.0677%, Lmin=-31.09, Lmax=-30.58
11:06:44 [ultranest] [DEBUG] iteration=2720, ncalls=8115, regioncalls=310400, ndraw=40, logz=-43.98, remainder_fraction=20.9908%, Lmin=-31.07, Lmax=-30.58
11:06:44 [ultranest] [DEBUG] iteration=2732, ncalls=8136, regioncalls=311280, ndraw=40, logz=-43.97, remainder_fraction=19.8934%, Lmin=-31.05, Lmax=-30.58
11:06:44 [ultranest] [DEBUG] iteration=2752, ncalls=8168, regioncalls=312560, ndraw=40, logz=-43.95, remainder_fraction=18.0962%, Lmin=-30.99, Lmax=-30.58
11:06:44 [ultranest] [DEBUG] iteration=2760, ncalls=8183, regioncalls=313160, ndraw=40, logz=-43.94, remainder_fraction=17.4362%, Lmin=-30.98, Lmax=-30.58
11:06:44 [ultranest] [DEBUG] iteration=2773, ncalls=8221, regioncalls=314720, ndraw=40, logz=-43.93, remainder_fraction=16.3935%, Lmin=-30.96, Lmax=-30.58
11:06:45 [ultranest] [DEBUG] iteration=2793, ncalls=8262, regioncalls=316360, ndraw=40, logz=-43.91, remainder_fraction=14.9100%, Lmin=-30.93, Lmax=-30.58
11:06:45 [ultranest] [DEBUG] iteration=2800, ncalls=8272, regioncalls=316760, ndraw=40, logz=-43.90, remainder_fraction=14.4380%, Lmin=-30.93, Lmax=-30.58
11:06:45 [ultranest] [DEBUG] iteration=2818, ncalls=8310, regioncalls=318280, ndraw=40, logz=-43.89, remainder_fraction=13.2334%, Lmin=-30.90, Lmax=-30.58
11:06:45 [ultranest] [DEBUG] iteration=2836, ncalls=8348, regioncalls=319800, ndraw=40, logz=-43.88, remainder_fraction=12.1265%, Lmin=-30.87, Lmax=-30.58
11:06:45 [ultranest] [DEBUG] iteration=2840, ncalls=8354, regioncalls=320040, ndraw=40, logz=-43.87, remainder_fraction=11.8937%, Lmin=-30.87, Lmax=-30.58
11:06:45 [ultranest] [DEBUG] iteration=2855, ncalls=8395, regioncalls=321720, ndraw=40, logz=-43.87, remainder_fraction=11.0494%, Lmin=-30.86, Lmax=-30.58
11:06:45 [ultranest] [DEBUG] iteration=2875, ncalls=8429, regioncalls=323080, ndraw=40, logz=-43.85, remainder_fraction=10.0343%, Lmin=-30.83, Lmax=-30.58
11:06:45 [ultranest] [DEBUG] iteration=2880, ncalls=8438, regioncalls=323440, ndraw=40, logz=-43.85, remainder_fraction=9.7806%, Lmin=-30.83, Lmax=-30.58
11:06:45 [ultranest] [DEBUG] iteration=2900, ncalls=8472, regioncalls=324800, ndraw=40, logz=-43.84, remainder_fraction=8.8550%, Lmin=-30.81, Lmax=-30.58
11:06:45 [ultranest] [DEBUG] iteration=2916, ncalls=8509, regioncalls=326280, ndraw=40, logz=-43.83, remainder_fraction=8.1764%, Lmin=-30.79, Lmax=-30.58
11:06:45 [ultranest] [DEBUG] iteration=2920, ncalls=8519, regioncalls=326720, ndraw=40, logz=-43.83, remainder_fraction=8.0278%, Lmin=-30.79, Lmax=-30.58
11:06:45 [ultranest] [DEBUG] iteration=2933, ncalls=8562, regioncalls=328440, ndraw=40, logz=-43.83, remainder_fraction=7.5148%, Lmin=-30.78, Lmax=-30.58
11:06:45 [ultranest] [DEBUG] iteration=2937, ncalls=8576, regioncalls=329080, ndraw=40, logz=-43.82, remainder_fraction=7.3689%, Lmin=-30.78, Lmax=-30.58
11:06:46 [ultranest] [DEBUG] iteration=2959, ncalls=8617, regioncalls=330720, ndraw=40, logz=-43.82, remainder_fraction=6.5827%, Lmin=-30.76, Lmax=-30.58
11:06:46 [ultranest] [DEBUG] iteration=2960, ncalls=8620, regioncalls=330840, ndraw=40, logz=-43.82, remainder_fraction=6.5513%, Lmin=-30.76, Lmax=-30.58
11:06:46 [ultranest] [DEBUG] iteration=2978, ncalls=8653, regioncalls=332200, ndraw=40, logz=-43.81, remainder_fraction=5.9750%, Lmin=-30.75, Lmax=-30.58
11:06:46 [ultranest] [DEBUG] iteration=3000, ncalls=8686, regioncalls=333560, ndraw=40, logz=-43.80, remainder_fraction=5.3287%, Lmin=-30.73, Lmax=-30.58
11:06:46 [ultranest] [DEBUG] iteration=3019, ncalls=8722, regioncalls=335080, ndraw=40, logz=-43.80, remainder_fraction=4.8269%, Lmin=-30.72, Lmax=-30.58
11:06:46 [ultranest] [DEBUG] iteration=3040, ncalls=8755, regioncalls=336400, ndraw=40, logz=-43.79, remainder_fraction=4.3331%, Lmin=-30.71, Lmax=-30.58
11:06:46 [ultranest] [DEBUG] iteration=3057, ncalls=8796, regioncalls=338040, ndraw=40, logz=-43.79, remainder_fraction=3.9638%, Lmin=-30.70, Lmax=-30.58
11:06:46 [ultranest] [DEBUG] iteration=3060, ncalls=8808, regioncalls=338600, ndraw=40, logz=-43.79, remainder_fraction=3.9019%, Lmin=-30.70, Lmax=-30.58
11:06:46 [ultranest] [DEBUG] iteration=3078, ncalls=8845, regioncalls=340080, ndraw=40, logz=-43.78, remainder_fraction=3.5487%, Lmin=-30.70, Lmax=-30.58
11:06:46 [ultranest] [DEBUG] iteration=3080, ncalls=8847, regioncalls=340160, ndraw=40, logz=-43.78, remainder_fraction=3.5120%, Lmin=-30.69, Lmax=-30.58
11:06:46 [ultranest] [DEBUG] iteration=3100, ncalls=8886, regioncalls=341720, ndraw=40, logz=-43.78, remainder_fraction=3.1593%, Lmin=-30.69, Lmax=-30.58
11:06:46 [ultranest] [DEBUG] iteration=3101, ncalls=8888, regioncalls=341840, ndraw=40, logz=-43.78, remainder_fraction=3.1423%, Lmin=-30.69, Lmax=-30.58
11:06:46 [ultranest] [DEBUG] iteration=3120, ncalls=8922, regioncalls=343200, ndraw=40, logz=-43.78, remainder_fraction=2.8391%, Lmin=-30.68, Lmax=-30.58
11:06:46 [ultranest] [INFO] Explored until L=-3e+01  
11:06:46 [ultranest] [INFO] Likelihood function evaluations: 8928
11:06:47 [ultranest] [INFO] Writing samples and results to disk ...
11:06:47 [ultranest] [INFO] Writing samples and results to disk ... done
11:06:47 [ultranest] [DEBUG] did a run_iter pass!
11:06:47 [ultranest] [INFO]   logZ = -43.69 +- 0.1292
11:06:47 [ultranest] [INFO] Effective samples strategy satisfied (ESS = 883.7, need >400)
11:06:47 [ultranest] [INFO] Posterior uncertainty strategy is satisfied (KL: 0.46+-0.14 nat, need <0.50 nat)
11:06:47 [ultranest] [INFO] Evidency uncertainty strategy is satisfied (dlogz=0.13, need <0.5)
11:06:47 [ultranest] [INFO]   logZ error budget: single: 0.25 bs:0.13 tail:0.03 total:0.13 required:<0.50
11:06:47 [ultranest] [INFO] done iterating.
11:06:47 [ultranest] [DEBUG] Making corner plot ...
11:06:49 [ultranest] [DEBUG] Making corner plot ... done
11:06:49 [ultranest] [DEBUG] Making run plot ... 
11:06:49 [ultranest] [DEBUG] Making run plot ... done
11:06:49 [ultranest] [DEBUG] Making trace plot ... 
11:06:51 [ultranest] [DEBUG] Making trace plot ... done
