09:00:41 [ultranest] [DEBUG] ReactiveNestedSampler: dims=3+0, resume=True, log_dir=/home/orion51/Desktop/Research/spectral_fitting/FGL_spectral_fitting/Individual_sources/2CXOJ103142.0+573015/mekal_out_, backend=hdf5, vectorized=False, nbootstraps=30, ndraw=128..65536
09:00:41 [ultranest] [INFO] Sampling 400 live points from prior ...
09:00:42 [ultranest] [DEBUG] run_iter dlogz=0.5, dKL=0.5, frac_remain=0.01, Lepsilon=0.1000, min_ess=400
09:00:42 [ultranest] [DEBUG] max_iters=-1, max_ncalls=-1, max_num_improvement_loops=-1, min_num_live_points=400, cluster_num_live_points=40
09:00:42 [ultranest] [DEBUG] minimal_widths_sequence: [(-inf, 400.0), (inf, 400.0)]
09:00:42 [ultranest] [DEBUG] iteration=0, ncalls=401, regioncalls=40, ndraw=40, logz=-inf, remainder_fraction=100.0000%, Lmin=-531174705.20, Lmax=-9.61
09:00:42 [ultranest] [DEBUG] iteration=23, ncalls=424, regioncalls=960, ndraw=40, logz=-20937144.43, remainder_fraction=100.0000%, Lmin=-19942395.29, Lmax=-9.61
09:00:42 [ultranest] [DEBUG] iteration=40, ncalls=442, regioncalls=1680, ndraw=40, logz=-6186520.73, remainder_fraction=100.0000%, Lmin=-6043128.00, Lmax=-9.61
09:00:42 [ultranest] [DEBUG] iteration=60, ncalls=462, regioncalls=2480, ndraw=40, logz=-1855201.85, remainder_fraction=100.0000%, Lmin=-1775013.06, Lmax=-9.61
09:00:42 [ultranest] [DEBUG] iteration=80, ncalls=485, regioncalls=3400, ndraw=40, logz=-510328.29, remainder_fraction=100.0000%, Lmin=-470874.54, Lmax=-9.61
09:00:42 [ultranest] [DEBUG] iteration=90, ncalls=497, regioncalls=3880, ndraw=40, logz=-340586.98, remainder_fraction=100.0000%, Lmin=-319415.11, Lmax=-9.61
09:00:42 [ultranest] [DEBUG] iteration=111, ncalls=521, regioncalls=4840, ndraw=40, logz=-70393.57, remainder_fraction=100.0000%, Lmin=-67226.46, Lmax=-9.61
09:00:42 [ultranest] [DEBUG] iteration=120, ncalls=531, regioncalls=5240, ndraw=40, logz=-44005.90, remainder_fraction=100.0000%, Lmin=-35571.93, Lmax=-9.61
09:00:43 [ultranest] [DEBUG] iteration=144, ncalls=560, regioncalls=6400, ndraw=40, logz=-9210.19, remainder_fraction=100.0000%, Lmin=-9049.17, Lmax=-9.61
09:00:43 [ultranest] [DEBUG] iteration=160, ncalls=581, regioncalls=7240, ndraw=40, logz=-3542.38, remainder_fraction=100.0000%, Lmin=-3487.25, Lmax=-9.61
09:00:43 [ultranest] [DEBUG] iteration=180, ncalls=613, regioncalls=8520, ndraw=40, logz=-1305.64, remainder_fraction=100.0000%, Lmin=-1280.15, Lmax=-9.61
09:00:43 [ultranest] [DEBUG] iteration=200, ncalls=639, regioncalls=9560, ndraw=40, logz=-558.43, remainder_fraction=100.0000%, Lmin=-520.36, Lmax=-9.29
09:00:43 [ultranest] [DEBUG] iteration=223, ncalls=666, regioncalls=10640, ndraw=40, logz=-199.92, remainder_fraction=100.0000%, Lmin=-193.22, Lmax=-9.29
09:00:43 [ultranest] [DEBUG] Plateau detected at L=-1.854791e+02, not replacing live point.
09:00:43 [ultranest] [DEBUG] Plateau detected at L=-1.854791e+02, not replacing live point.
09:00:43 [ultranest] [DEBUG] Plateau detected at L=-1.854791e+02, not replacing live point.
09:00:43 [ultranest] [DEBUG] Plateau detected at L=-1.854791e+02, not replacing live point.
09:00:43 [ultranest] [DEBUG] Plateau detected at L=-1.854791e+02, not replacing live point.
09:00:43 [ultranest] [DEBUG] Plateau detected at L=-1.854791e+02, not replacing live point.
09:00:43 [ultranest] [DEBUG] Plateau detected at L=-1.854791e+02, not replacing live point.
09:00:43 [ultranest] [DEBUG] Plateau detected at L=-1.854791e+02, not replacing live point.
09:00:43 [ultranest] [DEBUG] Plateau detected at L=-1.854791e+02, not replacing live point.
09:00:43 [ultranest] [DEBUG] Plateau detected at L=-1.854791e+02, not replacing live point.
09:00:43 [ultranest] [DEBUG] Plateau detected at L=-1.854791e+02, not replacing live point.
09:00:43 [ultranest] [DEBUG] Plateau detected at L=-1.854791e+02, not replacing live point.
09:00:43 [ultranest] [DEBUG] Plateau detected at L=-1.854791e+02, not replacing live point.
09:00:43 [ultranest] [DEBUG] Plateau detected at L=-1.854791e+02, not replacing live point.
09:00:43 [ultranest] [DEBUG] Plateau detected at L=-1.854791e+02, not replacing live point.
09:00:43 [ultranest] [DEBUG] Plateau detected at L=-1.854791e+02, not replacing live point.
09:00:43 [ultranest] [DEBUG] Plateau detected at L=-1.854791e+02, not replacing live point.
09:00:43 [ultranest] [DEBUG] Plateau detected at L=-1.854791e+02, not replacing live point.
09:00:43 [ultranest] [DEBUG] Plateau detected at L=-1.854791e+02, not replacing live point.
09:00:43 [ultranest] [DEBUG] Plateau detected at L=-1.854791e+02, not replacing live point.
09:00:43 [ultranest] [DEBUG] Plateau detected at L=-1.854791e+02, not replacing live point.
09:00:43 [ultranest] [DEBUG] Plateau detected at L=-1.854791e+02, not replacing live point.
09:00:43 [ultranest] [DEBUG] Plateau detected at L=-1.854791e+02, not replacing live point.
09:00:43 [ultranest] [DEBUG] Plateau detected at L=-1.854791e+02, not replacing live point.
09:00:43 [ultranest] [DEBUG] Plateau detected at L=-1.854791e+02, not replacing live point.
09:00:43 [ultranest] [DEBUG] Plateau detected at L=-1.854791e+02, not replacing live point.
09:00:43 [ultranest] [DEBUG] Plateau detected at L=-1.854791e+02, not replacing live point.
09:00:43 [ultranest] [DEBUG] Plateau detected at L=-1.854791e+02, not replacing live point.
09:00:43 [ultranest] [DEBUG] Plateau detected at L=-1.854791e+02, not replacing live point.
09:00:43 [ultranest] [DEBUG] Plateau detected at L=-1.854791e+02, not replacing live point.
09:00:43 [ultranest] [DEBUG] Plateau detected at L=-1.854791e+02, not replacing live point.
09:00:43 [ultranest] [DEBUG] Plateau detected at L=-1.854791e+02, not replacing live point.
09:00:43 [ultranest] [DEBUG] Plateau detected at L=-1.854791e+02, not replacing live point.
09:00:43 [ultranest] [DEBUG] Plateau detected at L=-1.854791e+02, not replacing live point.
09:00:43 [ultranest] [DEBUG] Plateau detected at L=-1.854791e+02, not replacing live point.
09:00:43 [ultranest] [DEBUG] Plateau detected at L=-1.854791e+02, not replacing live point.
09:00:43 [ultranest] [DEBUG] Plateau detected at L=-1.854791e+02, not replacing live point.
09:00:43 [ultranest] [DEBUG] Plateau detected at L=-1.854791e+02, not replacing live point.
09:00:43 [ultranest] [DEBUG] Plateau detected at L=-1.854791e+02, not replacing live point.
09:00:43 [ultranest] [DEBUG] Plateau detected at L=-1.854791e+02, not replacing live point.
09:00:43 [ultranest] [DEBUG] Plateau detected at L=-1.854791e+02, not replacing live point.
09:00:43 [ultranest] [DEBUG] Plateau detected at L=-1.854791e+02, not replacing live point.
09:00:43 [ultranest] [DEBUG] Plateau detected at L=-1.854791e+02, not replacing live point.
09:00:43 [ultranest] [DEBUG] Plateau detected at L=-1.854791e+02, not replacing live point.
09:00:43 [ultranest] [DEBUG] Plateau detected at L=-1.854791e+02, not replacing live point.
09:00:43 [ultranest] [DEBUG] Plateau detected at L=-1.854791e+02, not replacing live point.
09:00:43 [ultranest] [DEBUG] Plateau detected at L=-1.854791e+02, not replacing live point.
09:00:43 [ultranest] [DEBUG] Plateau detected at L=-1.854791e+02, not replacing live point.
09:00:43 [ultranest] [DEBUG] Plateau detected at L=-1.854791e+02, not replacing live point.
09:00:43 [ultranest] [DEBUG] Plateau detected at L=-1.854791e+02, not replacing live point.
09:00:43 [ultranest] [DEBUG] Plateau detected at L=-1.854791e+02, not replacing live point.
09:00:43 [ultranest] [DEBUG] Plateau detected at L=-1.854791e+02, not replacing live point.
09:00:43 [ultranest] [DEBUG] Plateau detected at L=-1.854791e+02, not replacing live point.
09:00:43 [ultranest] [DEBUG] Plateau detected at L=-1.854791e+02, not replacing live point.
09:00:43 [ultranest] [DEBUG] Plateau detected at L=-1.854791e+02, not replacing live point.
09:00:43 [ultranest] [DEBUG] Plateau detected at L=-1.854791e+02, not replacing live point.
09:00:43 [ultranest] [DEBUG] Plateau detected at L=-1.854791e+02, not replacing live point.
09:00:43 [ultranest] [DEBUG] Plateau detected at L=-1.854791e+02, not replacing live point.
09:00:43 [ultranest] [DEBUG] Plateau detected at L=-1.854791e+02, not replacing live point.
09:00:43 [ultranest] [DEBUG] Plateau detected at L=-1.854791e+02, not replacing live point.
09:00:43 [ultranest] [DEBUG] Plateau detected at L=-1.854791e+02, not replacing live point.
09:00:43 [ultranest] [DEBUG] Plateau detected at L=-1.854791e+02, not replacing live point.
09:00:43 [ultranest] [DEBUG] Plateau detected at L=-1.854791e+02, not replacing live point.
09:00:43 [ultranest] [DEBUG] Plateau detected at L=-1.854791e+02, not replacing live point.
09:00:43 [ultranest] [DEBUG] Plateau detected at L=-1.854791e+02, not replacing live point.
09:00:43 [ultranest] [DEBUG] Plateau detected at L=-1.854791e+02, not replacing live point.
09:00:43 [ultranest] [DEBUG] Plateau detected at L=-1.854791e+02, not replacing live point.
09:00:43 [ultranest] [DEBUG] Plateau detected at L=-1.854791e+02, not replacing live point.
09:00:43 [ultranest] [DEBUG] iteration=297, ncalls=678, regioncalls=11120, ndraw=40, logz=-187.78, remainder_fraction=100.0000%, Lmin=-185.48, Lmax=-9.29
09:00:43 [ultranest] [DEBUG] Plateau detected at L=-1.854791e+02, not replacing live point.
09:00:43 [ultranest] [DEBUG] Plateau detected at L=-1.854791e+02, not replacing live point.
09:00:43 [ultranest] [DEBUG] Plateau detected at L=-1.854791e+02, not replacing live point.
09:00:43 [ultranest] [DEBUG] Plateau detected at L=-1.854791e+02, not replacing live point.
09:00:43 [ultranest] [DEBUG] iteration=302, ncalls=679, regioncalls=11160, ndraw=40, logz=-187.71, remainder_fraction=100.0000%, Lmin=-185.48, Lmax=-9.29
09:00:43 [ultranest] [DEBUG] iteration=316, ncalls=706, regioncalls=12240, ndraw=40, logz=-187.55, remainder_fraction=100.0000%, Lmin=-185.48, Lmax=-9.29
09:00:43 [ultranest] [DEBUG] iteration=320, ncalls=715, regioncalls=12600, ndraw=40, logz=-187.51, remainder_fraction=100.0000%, Lmin=-185.48, Lmax=-9.29
09:00:43 [ultranest] [DEBUG] iteration=342, ncalls=747, regioncalls=13880, ndraw=40, logz=-187.31, remainder_fraction=100.0000%, Lmin=-185.48, Lmax=-9.29
09:00:43 [ultranest] [DEBUG] iteration=360, ncalls=777, regioncalls=15080, ndraw=40, logz=-187.18, remainder_fraction=100.0000%, Lmin=-185.48, Lmax=-9.29
09:00:44 [ultranest] [DEBUG] iteration=377, ncalls=804, regioncalls=16160, ndraw=40, logz=-187.08, remainder_fraction=100.0000%, Lmin=-185.48, Lmax=-9.29
09:00:44 [ultranest] [DEBUG] iteration=391, ncalls=832, regioncalls=17280, ndraw=40, logz=-187.01, remainder_fraction=100.0000%, Lmin=-185.48, Lmax=-9.29
09:00:44 [ultranest] [DEBUG] iteration=400, ncalls=858, regioncalls=18320, ndraw=40, logz=-186.97, remainder_fraction=100.0000%, Lmin=-185.47, Lmax=-9.29
09:00:44 [ultranest] [DEBUG] iteration=415, ncalls=890, regioncalls=19600, ndraw=40, logz=-186.90, remainder_fraction=100.0000%, Lmin=-185.46, Lmax=-9.29
09:00:44 [ultranest] [DEBUG] iteration=429, ncalls=920, regioncalls=20800, ndraw=40, logz=-186.84, remainder_fraction=100.0000%, Lmin=-185.44, Lmax=-9.29
09:00:44 [ultranest] [DEBUG] iteration=440, ncalls=950, regioncalls=22000, ndraw=40, logz=-186.80, remainder_fraction=100.0000%, Lmin=-185.42, Lmax=-9.29
09:00:44 [ultranest] [DEBUG] iteration=450, ncalls=974, regioncalls=22960, ndraw=40, logz=-186.77, remainder_fraction=100.0000%, Lmin=-185.39, Lmax=-9.29
09:00:44 [ultranest] [DEBUG] iteration=463, ncalls=1004, regioncalls=24160, ndraw=40, logz=-186.72, remainder_fraction=100.0000%, Lmin=-185.32, Lmax=-9.29
09:00:44 [ultranest] [DEBUG] iteration=477, ncalls=1037, regioncalls=25480, ndraw=40, logz=-186.67, remainder_fraction=100.0000%, Lmin=-185.08, Lmax=-9.29
09:00:44 [ultranest] [DEBUG] iteration=480, ncalls=1043, regioncalls=25720, ndraw=40, logz=-186.66, remainder_fraction=100.0000%, Lmin=-185.07, Lmax=-9.29
09:00:44 [ultranest] [DEBUG] iteration=499, ncalls=1073, regioncalls=26920, ndraw=40, logz=-186.58, remainder_fraction=100.0000%, Lmin=-184.76, Lmax=-9.29
09:00:45 [ultranest] [DEBUG] iteration=516, ncalls=1106, regioncalls=28240, ndraw=40, logz=-186.48, remainder_fraction=100.0000%, Lmin=-184.30, Lmax=-9.29
09:00:45 [ultranest] [DEBUG] iteration=520, ncalls=1113, regioncalls=28520, ndraw=40, logz=-186.45, remainder_fraction=100.0000%, Lmin=-184.24, Lmax=-9.29
09:00:45 [ultranest] [DEBUG] iteration=530, ncalls=1140, regioncalls=29600, ndraw=40, logz=-186.39, remainder_fraction=100.0000%, Lmin=-184.02, Lmax=-9.29
09:00:45 [ultranest] [DEBUG] iteration=544, ncalls=1169, regioncalls=30760, ndraw=40, logz=-186.27, remainder_fraction=100.0000%, Lmin=-183.62, Lmax=-9.29
09:00:45 [ultranest] [DEBUG] iteration=556, ncalls=1205, regioncalls=32200, ndraw=40, logz=-186.15, remainder_fraction=100.0000%, Lmin=-183.30, Lmax=-9.29
09:00:45 [ultranest] [DEBUG] iteration=560, ncalls=1209, regioncalls=32360, ndraw=40, logz=-186.10, remainder_fraction=100.0000%, Lmin=-183.10, Lmax=-9.29
09:00:45 [ultranest] [DEBUG] iteration=572, ncalls=1242, regioncalls=33680, ndraw=40, logz=-185.91, remainder_fraction=100.0000%, Lmin=-182.42, Lmax=-9.29
09:00:45 [ultranest] [DEBUG] iteration=587, ncalls=1279, regioncalls=35160, ndraw=40, logz=-185.43, remainder_fraction=100.0000%, Lmin=-181.08, Lmax=-9.29
09:00:45 [ultranest] [DEBUG] iteration=598, ncalls=1311, regioncalls=36440, ndraw=40, logz=-184.85, remainder_fraction=100.0000%, Lmin=-180.34, Lmax=-9.23
09:00:45 [ultranest] [DEBUG] iteration=600, ncalls=1318, regioncalls=36720, ndraw=40, logz=-184.75, remainder_fraction=100.0000%, Lmin=-180.13, Lmax=-9.23
09:00:45 [ultranest] [DEBUG] iteration=616, ncalls=1341, regioncalls=37640, ndraw=40, logz=-183.88, remainder_fraction=100.0000%, Lmin=-179.12, Lmax=-9.23
09:00:45 [ultranest] [DEBUG] iteration=629, ncalls=1374, regioncalls=38960, ndraw=40, logz=-183.05, remainder_fraction=100.0000%, Lmin=-177.82, Lmax=-9.23
09:00:46 [ultranest] [DEBUG] iteration=640, ncalls=1401, regioncalls=40040, ndraw=40, logz=-182.10, remainder_fraction=100.0000%, Lmin=-177.00, Lmax=-9.23
09:00:46 [ultranest] [DEBUG] iteration=651, ncalls=1436, regioncalls=41440, ndraw=40, logz=-181.07, remainder_fraction=100.0000%, Lmin=-175.52, Lmax=-9.23
09:00:46 [ultranest] [DEBUG] iteration=659, ncalls=1472, regioncalls=42880, ndraw=40, logz=-180.06, remainder_fraction=100.0000%, Lmin=-174.44, Lmax=-9.23
09:00:46 [ultranest] [DEBUG] iteration=672, ncalls=1506, regioncalls=44240, ndraw=40, logz=-178.49, remainder_fraction=100.0000%, Lmin=-172.67, Lmax=-9.23
09:00:46 [ultranest] [DEBUG] iteration=680, ncalls=1517, regioncalls=44680, ndraw=40, logz=-177.49, remainder_fraction=100.0000%, Lmin=-171.64, Lmax=-9.23
09:00:46 [ultranest] [DEBUG] iteration=690, ncalls=1548, regioncalls=45920, ndraw=40, logz=-175.59, remainder_fraction=100.0000%, Lmin=-169.49, Lmax=-9.23
09:00:46 [ultranest] [DEBUG] iteration=700, ncalls=1582, regioncalls=47280, ndraw=40, logz=-173.61, remainder_fraction=100.0000%, Lmin=-167.64, Lmax=-9.23
09:00:46 [ultranest] [DEBUG] iteration=710, ncalls=1621, regioncalls=48840, ndraw=40, logz=-172.22, remainder_fraction=100.0000%, Lmin=-166.07, Lmax=-9.23
09:00:46 [ultranest] [DEBUG] iteration=718, ncalls=1656, regioncalls=50240, ndraw=40, logz=-170.73, remainder_fraction=100.0000%, Lmin=-164.71, Lmax=-9.23
09:00:46 [ultranest] [DEBUG] iteration=720, ncalls=1670, regioncalls=50800, ndraw=40, logz=-170.40, remainder_fraction=100.0000%, Lmin=-164.15, Lmax=-9.23
09:00:46 [ultranest] [DEBUG] iteration=730, ncalls=1705, regioncalls=52200, ndraw=40, logz=-168.53, remainder_fraction=100.0000%, Lmin=-162.54, Lmax=-9.23
09:00:47 [ultranest] [DEBUG] iteration=742, ncalls=1739, regioncalls=53560, ndraw=40, logz=-166.59, remainder_fraction=100.0000%, Lmin=-160.61, Lmax=-9.23
09:00:47 [ultranest] [DEBUG] iteration=746, ncalls=1749, regioncalls=53960, ndraw=40, logz=-166.06, remainder_fraction=100.0000%, Lmin=-159.96, Lmax=-9.23
09:00:47 [ultranest] [DEBUG] iteration=758, ncalls=1779, regioncalls=55160, ndraw=40, logz=-164.33, remainder_fraction=100.0000%, Lmin=-158.45, Lmax=-9.23
09:00:47 [ultranest] [DEBUG] iteration=760, ncalls=1783, regioncalls=55320, ndraw=40, logz=-164.10, remainder_fraction=100.0000%, Lmin=-158.27, Lmax=-9.23
09:00:47 [ultranest] [DEBUG] iteration=774, ncalls=1818, regioncalls=56720, ndraw=40, logz=-161.64, remainder_fraction=100.0000%, Lmin=-154.47, Lmax=-9.16
09:00:47 [ultranest] [DEBUG] iteration=781, ncalls=1856, regioncalls=58240, ndraw=40, logz=-159.31, remainder_fraction=100.0000%, Lmin=-152.35, Lmax=-9.16
09:00:47 [ultranest] [DEBUG] iteration=791, ncalls=1892, regioncalls=59680, ndraw=40, logz=-156.52, remainder_fraction=100.0000%, Lmin=-149.43, Lmax=-9.16
09:00:47 [ultranest] [DEBUG] iteration=800, ncalls=1926, regioncalls=61040, ndraw=40, logz=-154.02, remainder_fraction=100.0000%, Lmin=-147.26, Lmax=-9.16
09:00:47 [ultranest] [DEBUG] iteration=807, ncalls=1964, regioncalls=62560, ndraw=40, logz=-152.55, remainder_fraction=100.0000%, Lmin=-145.70, Lmax=-9.16
09:00:47 [ultranest] [DEBUG] iteration=819, ncalls=1996, regioncalls=63840, ndraw=40, logz=-150.10, remainder_fraction=100.0000%, Lmin=-143.49, Lmax=-9.16
09:00:47 [ultranest] [DEBUG] iteration=823, ncalls=2025, regioncalls=65000, ndraw=40, logz=-148.63, remainder_fraction=100.0000%, Lmin=-141.44, Lmax=-9.16
09:00:48 [ultranest] [DEBUG] iteration=829, ncalls=2061, regioncalls=66440, ndraw=40, logz=-147.23, remainder_fraction=100.0000%, Lmin=-140.61, Lmax=-9.16
09:00:48 [ultranest] [DEBUG] iteration=836, ncalls=2104, regioncalls=68160, ndraw=40, logz=-145.91, remainder_fraction=100.0000%, Lmin=-138.78, Lmax=-9.16
09:00:48 [ultranest] [DEBUG] iteration=840, ncalls=2109, regioncalls=68360, ndraw=40, logz=-144.81, remainder_fraction=100.0000%, Lmin=-137.55, Lmax=-9.16
09:00:48 [ultranest] [DEBUG] iteration=847, ncalls=2145, regioncalls=69800, ndraw=40, logz=-142.76, remainder_fraction=100.0000%, Lmin=-135.74, Lmax=-9.16
09:00:48 [ultranest] [DEBUG] iteration=851, ncalls=2182, regioncalls=71280, ndraw=40, logz=-141.90, remainder_fraction=100.0000%, Lmin=-135.39, Lmax=-9.16
09:00:48 [ultranest] [DEBUG] iteration=864, ncalls=2217, regioncalls=72680, ndraw=40, logz=-138.91, remainder_fraction=100.0000%, Lmin=-132.35, Lmax=-9.16
09:00:48 [ultranest] [DEBUG] iteration=871, ncalls=2263, regioncalls=74520, ndraw=40, logz=-137.42, remainder_fraction=100.0000%, Lmin=-130.48, Lmax=-9.16
09:00:48 [ultranest] [DEBUG] iteration=880, ncalls=2301, regioncalls=76040, ndraw=40, logz=-135.72, remainder_fraction=100.0000%, Lmin=-129.44, Lmax=-9.16
09:00:48 [ultranest] [DEBUG] iteration=889, ncalls=2340, regioncalls=77600, ndraw=40, logz=-133.85, remainder_fraction=100.0000%, Lmin=-127.01, Lmax=-9.16
09:00:48 [ultranest] [DEBUG] iteration=900, ncalls=2369, regioncalls=78760, ndraw=40, logz=-132.15, remainder_fraction=100.0000%, Lmin=-125.69, Lmax=-9.16
09:00:49 [ultranest] [DEBUG] iteration=911, ncalls=2400, regioncalls=80000, ndraw=40, logz=-129.92, remainder_fraction=100.0000%, Lmin=-123.19, Lmax=-9.16
09:00:49 [ultranest] [DEBUG] iteration=920, ncalls=2432, regioncalls=81280, ndraw=40, logz=-127.60, remainder_fraction=100.0000%, Lmin=-119.66, Lmax=-9.16
09:00:49 [ultranest] [DEBUG] iteration=927, ncalls=2470, regioncalls=82800, ndraw=40, logz=-125.28, remainder_fraction=100.0000%, Lmin=-117.61, Lmax=-9.16
09:00:49 [ultranest] [DEBUG] iteration=938, ncalls=2505, regioncalls=84200, ndraw=40, logz=-121.73, remainder_fraction=100.0000%, Lmin=-114.26, Lmax=-9.16
09:00:49 [ultranest] [DEBUG] iteration=948, ncalls=2544, regioncalls=85760, ndraw=40, logz=-119.32, remainder_fraction=100.0000%, Lmin=-112.17, Lmax=-9.16
09:00:49 [ultranest] [DEBUG] iteration=957, ncalls=2581, regioncalls=87240, ndraw=40, logz=-116.87, remainder_fraction=100.0000%, Lmin=-109.36, Lmax=-9.16
09:00:49 [ultranest] [DEBUG] iteration=960, ncalls=2589, regioncalls=87560, ndraw=40, logz=-116.14, remainder_fraction=100.0000%, Lmin=-109.08, Lmax=-9.16
09:00:49 [ultranest] [DEBUG] iteration=967, ncalls=2626, regioncalls=89040, ndraw=40, logz=-114.66, remainder_fraction=100.0000%, Lmin=-107.42, Lmax=-9.16
09:00:49 [ultranest] [DEBUG] iteration=972, ncalls=2662, regioncalls=90480, ndraw=40, logz=-113.66, remainder_fraction=100.0000%, Lmin=-106.61, Lmax=-9.16
09:00:50 [ultranest] [DEBUG] iteration=983, ncalls=2712, regioncalls=92480, ndraw=40, logz=-111.25, remainder_fraction=100.0000%, Lmin=-103.93, Lmax=-9.16
09:00:50 [ultranest] [DEBUG] iteration=988, ncalls=2757, regioncalls=94280, ndraw=40, logz=-110.34, remainder_fraction=100.0000%, Lmin=-103.63, Lmax=-9.16
09:00:50 [ultranest] [DEBUG] iteration=995, ncalls=2795, regioncalls=95800, ndraw=40, logz=-109.31, remainder_fraction=100.0000%, Lmin=-102.27, Lmax=-9.16
09:00:50 [ultranest] [DEBUG] iteration=1000, ncalls=2813, regioncalls=96520, ndraw=40, logz=-108.00, remainder_fraction=100.0000%, Lmin=-100.35, Lmax=-9.16
09:00:50 [ultranest] [DEBUG] iteration=1010, ncalls=2850, regioncalls=98000, ndraw=40, logz=-104.95, remainder_fraction=100.0000%, Lmin=-97.58, Lmax=-9.16
09:00:50 [ultranest] [DEBUG] iteration=1017, ncalls=2892, regioncalls=99680, ndraw=40, logz=-103.57, remainder_fraction=100.0000%, Lmin=-95.38, Lmax=-9.16
09:00:50 [ultranest] [DEBUG] iteration=1024, ncalls=2927, regioncalls=101080, ndraw=40, logz=-101.43, remainder_fraction=100.0000%, Lmin=-94.15, Lmax=-9.14
09:00:50 [ultranest] [DEBUG] iteration=1028, ncalls=2966, regioncalls=102640, ndraw=40, logz=-100.69, remainder_fraction=100.0000%, Lmin=-93.42, Lmax=-9.14
09:00:50 [ultranest] [DEBUG] iteration=1037, ncalls=3029, regioncalls=105160, ndraw=40, logz=-99.19, remainder_fraction=100.0000%, Lmin=-91.98, Lmax=-9.14
09:00:50 [ultranest] [DEBUG] iteration=1040, ncalls=3036, regioncalls=105440, ndraw=40, logz=-98.57, remainder_fraction=100.0000%, Lmin=-91.37, Lmax=-9.14
09:00:50 [ultranest] [DEBUG] iteration=1042, ncalls=3039, regioncalls=105560, ndraw=40, logz=-98.20, remainder_fraction=100.0000%, Lmin=-91.09, Lmax=-9.14
09:00:51 [ultranest] [DEBUG] iteration=1051, ncalls=3077, regioncalls=107080, ndraw=40, logz=-96.86, remainder_fraction=100.0000%, Lmin=-89.93, Lmax=-9.14
09:00:51 [ultranest] [DEBUG] iteration=1057, ncalls=3133, regioncalls=109320, ndraw=40, logz=-95.78, remainder_fraction=100.0000%, Lmin=-88.41, Lmax=-9.14
09:00:51 [ultranest] [DEBUG] iteration=1065, ncalls=3169, regioncalls=110760, ndraw=40, logz=-94.24, remainder_fraction=100.0000%, Lmin=-87.02, Lmax=-9.14
09:00:51 [ultranest] [DEBUG] iteration=1072, ncalls=3206, regioncalls=112240, ndraw=40, logz=-93.11, remainder_fraction=100.0000%, Lmin=-86.01, Lmax=-9.14
09:00:51 [ultranest] [DEBUG] iteration=1080, ncalls=3227, regioncalls=113080, ndraw=40, logz=-92.05, remainder_fraction=100.0000%, Lmin=-85.43, Lmax=-9.14
09:00:51 [ultranest] [DEBUG] iteration=1088, ncalls=3265, regioncalls=114600, ndraw=40, logz=-90.71, remainder_fraction=100.0000%, Lmin=-83.53, Lmax=-9.14
09:00:51 [ultranest] [DEBUG] iteration=1099, ncalls=3300, regioncalls=116000, ndraw=40, logz=-89.06, remainder_fraction=100.0000%, Lmin=-81.80, Lmax=-9.14
09:00:51 [ultranest] [DEBUG] iteration=1106, ncalls=3336, regioncalls=117440, ndraw=40, logz=-87.72, remainder_fraction=100.0000%, Lmin=-80.24, Lmax=-9.14
09:00:51 [ultranest] [DEBUG] iteration=1114, ncalls=3372, regioncalls=118880, ndraw=40, logz=-86.28, remainder_fraction=100.0000%, Lmin=-78.62, Lmax=-9.14
09:00:52 [ultranest] [DEBUG] iteration=1120, ncalls=3409, regioncalls=120360, ndraw=40, logz=-85.07, remainder_fraction=100.0000%, Lmin=-77.83, Lmax=-9.14
09:00:52 [ultranest] [DEBUG] iteration=1131, ncalls=3441, regioncalls=121640, ndraw=40, logz=-83.24, remainder_fraction=100.0000%, Lmin=-75.72, Lmax=-9.14
09:00:52 [ultranest] [DEBUG] iteration=1139, ncalls=3477, regioncalls=123080, ndraw=40, logz=-82.19, remainder_fraction=100.0000%, Lmin=-75.41, Lmax=-9.14
09:00:52 [ultranest] [DEBUG] iteration=1152, ncalls=3514, regioncalls=124560, ndraw=40, logz=-80.44, remainder_fraction=100.0000%, Lmin=-73.06, Lmax=-9.14
09:00:52 [ultranest] [DEBUG] iteration=1160, ncalls=3541, regioncalls=125640, ndraw=40, logz=-79.47, remainder_fraction=100.0000%, Lmin=-72.36, Lmax=-9.14
09:00:52 [ultranest] [DEBUG] iteration=1167, ncalls=3580, regioncalls=127200, ndraw=40, logz=-78.44, remainder_fraction=100.0000%, Lmin=-70.96, Lmax=-9.14
09:00:52 [ultranest] [DEBUG] iteration=1175, ncalls=3619, regioncalls=128760, ndraw=40, logz=-77.29, remainder_fraction=100.0000%, Lmin=-69.87, Lmax=-9.14
09:00:52 [ultranest] [DEBUG] iteration=1189, ncalls=3654, regioncalls=130160, ndraw=40, logz=-75.46, remainder_fraction=100.0000%, Lmin=-67.96, Lmax=-9.14
09:00:52 [ultranest] [DEBUG] iteration=1197, ncalls=3684, regioncalls=131360, ndraw=40, logz=-73.53, remainder_fraction=100.0000%, Lmin=-65.53, Lmax=-9.14
09:00:52 [ultranest] [DEBUG] iteration=1200, ncalls=3696, regioncalls=131840, ndraw=40, logz=-72.82, remainder_fraction=100.0000%, Lmin=-64.92, Lmax=-9.14
09:00:53 [ultranest] [DEBUG] iteration=1211, ncalls=3740, regioncalls=133640, ndraw=40, logz=-70.50, remainder_fraction=100.0000%, Lmin=-63.13, Lmax=-9.14
09:00:53 [ultranest] [DEBUG] iteration=1221, ncalls=3774, regioncalls=135000, ndraw=40, logz=-69.23, remainder_fraction=100.0000%, Lmin=-61.69, Lmax=-9.14
09:00:53 [ultranest] [DEBUG] iteration=1225, ncalls=3828, regioncalls=137160, ndraw=40, logz=-68.70, remainder_fraction=100.0000%, Lmin=-61.33, Lmax=-9.14
09:00:53 [ultranest] [DEBUG] iteration=1236, ncalls=3863, regioncalls=138560, ndraw=40, logz=-67.42, remainder_fraction=100.0000%, Lmin=-59.95, Lmax=-9.14
09:00:53 [ultranest] [DEBUG] iteration=1240, ncalls=3871, regioncalls=138880, ndraw=40, logz=-66.81, remainder_fraction=100.0000%, Lmin=-59.25, Lmax=-9.14
09:00:53 [ultranest] [DEBUG] iteration=1248, ncalls=3907, regioncalls=140320, ndraw=40, logz=-65.72, remainder_fraction=100.0000%, Lmin=-58.40, Lmax=-9.14
09:00:53 [ultranest] [DEBUG] iteration=1256, ncalls=3949, regioncalls=142000, ndraw=40, logz=-64.03, remainder_fraction=100.0000%, Lmin=-55.40, Lmax=-9.14
09:00:53 [ultranest] [DEBUG] iteration=1259, ncalls=3986, regioncalls=143480, ndraw=40, logz=-63.13, remainder_fraction=100.0000%, Lmin=-54.93, Lmax=-9.14
09:00:53 [ultranest] [DEBUG] iteration=1264, ncalls=4009, regioncalls=144400, ndraw=40, logz=-61.64, remainder_fraction=100.0000%, Lmin=-53.10, Lmax=-9.14
09:00:54 [ultranest] [DEBUG] iteration=1273, ncalls=4045, regioncalls=145840, ndraw=40, logz=-59.31, remainder_fraction=100.0000%, Lmin=-51.43, Lmax=-9.14
09:00:54 [ultranest] [DEBUG] iteration=1280, ncalls=4064, regioncalls=146640, ndraw=40, logz=-58.19, remainder_fraction=100.0000%, Lmin=-50.44, Lmax=-9.14
09:00:54 [ultranest] [DEBUG] iteration=1288, ncalls=4109, regioncalls=148440, ndraw=40, logz=-57.00, remainder_fraction=100.0000%, Lmin=-49.15, Lmax=-9.14
09:00:54 [ultranest] [DEBUG] iteration=1294, ncalls=4149, regioncalls=150040, ndraw=40, logz=-56.18, remainder_fraction=100.0000%, Lmin=-48.45, Lmax=-9.14
09:00:54 [ultranest] [DEBUG] iteration=1305, ncalls=4186, regioncalls=151520, ndraw=40, logz=-54.91, remainder_fraction=100.0000%, Lmin=-47.48, Lmax=-9.14
09:00:54 [ultranest] [DEBUG] iteration=1315, ncalls=4224, regioncalls=153040, ndraw=40, logz=-53.74, remainder_fraction=100.0000%, Lmin=-46.00, Lmax=-9.14
09:00:54 [ultranest] [DEBUG] iteration=1320, ncalls=4234, regioncalls=153440, ndraw=40, logz=-53.14, remainder_fraction=100.0000%, Lmin=-45.78, Lmax=-9.14
09:00:54 [ultranest] [DEBUG] iteration=1332, ncalls=4277, regioncalls=155160, ndraw=40, logz=-52.03, remainder_fraction=100.0000%, Lmin=-44.51, Lmax=-9.14
09:00:54 [ultranest] [DEBUG] iteration=1338, ncalls=4288, regioncalls=155640, ndraw=40, logz=-51.37, remainder_fraction=100.0000%, Lmin=-43.74, Lmax=-9.14
09:00:54 [ultranest] [DEBUG] iteration=1353, ncalls=4315, regioncalls=156880, ndraw=40, logz=-49.60, remainder_fraction=100.0000%, Lmin=-41.95, Lmax=-9.14
09:00:54 [ultranest] [DEBUG] iteration=1360, ncalls=4335, regioncalls=157680, ndraw=40, logz=-48.89, remainder_fraction=100.0000%, Lmin=-41.37, Lmax=-9.14
09:00:55 [ultranest] [DEBUG] iteration=1377, ncalls=4366, regioncalls=158920, ndraw=40, logz=-47.32, remainder_fraction=100.0000%, Lmin=-39.66, Lmax=-8.90
09:00:55 [ultranest] [DEBUG] iteration=1389, ncalls=4404, regioncalls=160440, ndraw=40, logz=-45.64, remainder_fraction=100.0000%, Lmin=-38.01, Lmax=-8.90
09:00:55 [ultranest] [DEBUG] iteration=1400, ncalls=4436, regioncalls=161720, ndraw=40, logz=-44.66, remainder_fraction=100.0000%, Lmin=-36.92, Lmax=-8.90
09:00:55 [ultranest] [DEBUG] iteration=1412, ncalls=4467, regioncalls=162960, ndraw=40, logz=-43.23, remainder_fraction=100.0000%, Lmin=-35.69, Lmax=-8.90
09:00:55 [ultranest] [DEBUG] iteration=1421, ncalls=4492, regioncalls=163960, ndraw=40, logz=-42.45, remainder_fraction=100.0000%, Lmin=-34.99, Lmax=-8.90
09:00:55 [ultranest] [DEBUG] iteration=1433, ncalls=4525, regioncalls=165280, ndraw=40, logz=-41.56, remainder_fraction=100.0000%, Lmin=-34.17, Lmax=-8.90
09:00:55 [ultranest] [DEBUG] iteration=1440, ncalls=4543, regioncalls=166000, ndraw=40, logz=-41.07, remainder_fraction=100.0000%, Lmin=-33.71, Lmax=-8.90
09:00:55 [ultranest] [DEBUG] iteration=1455, ncalls=4579, regioncalls=167440, ndraw=40, logz=-39.79, remainder_fraction=100.0000%, Lmin=-32.11, Lmax=-8.90
09:00:55 [ultranest] [DEBUG] iteration=1468, ncalls=4612, regioncalls=168760, ndraw=40, logz=-38.74, remainder_fraction=100.0000%, Lmin=-31.18, Lmax=-8.90
09:00:55 [ultranest] [DEBUG] iteration=1480, ncalls=4640, regioncalls=169880, ndraw=40, logz=-37.95, remainder_fraction=100.0000%, Lmin=-30.63, Lmax=-8.90
09:00:56 [ultranest] [DEBUG] iteration=1494, ncalls=4669, regioncalls=171040, ndraw=40, logz=-37.12, remainder_fraction=100.0000%, Lmin=-29.61, Lmax=-8.90
09:00:56 [ultranest] [DEBUG] iteration=1507, ncalls=4701, regioncalls=172320, ndraw=40, logz=-36.39, remainder_fraction=100.0000%, Lmin=-28.95, Lmax=-8.90
09:00:56 [ultranest] [DEBUG] iteration=1518, ncalls=4735, regioncalls=173680, ndraw=40, logz=-35.57, remainder_fraction=100.0000%, Lmin=-27.89, Lmax=-8.90
09:00:56 [ultranest] [DEBUG] iteration=1520, ncalls=4742, regioncalls=173960, ndraw=40, logz=-35.42, remainder_fraction=100.0000%, Lmin=-27.74, Lmax=-8.90
09:00:56 [ultranest] [DEBUG] iteration=1534, ncalls=4775, regioncalls=175280, ndraw=40, logz=-34.46, remainder_fraction=100.0000%, Lmin=-26.93, Lmax=-8.90
09:00:56 [ultranest] [DEBUG] iteration=1546, ncalls=4808, regioncalls=176600, ndraw=40, logz=-33.58, remainder_fraction=100.0000%, Lmin=-25.65, Lmax=-8.90
09:00:56 [ultranest] [DEBUG] iteration=1560, ncalls=4835, regioncalls=177720, ndraw=40, logz=-32.34, remainder_fraction=100.0000%, Lmin=-24.33, Lmax=-8.90
09:00:56 [ultranest] [DEBUG] iteration=1575, ncalls=4863, regioncalls=178840, ndraw=40, logz=-31.32, remainder_fraction=100.0000%, Lmin=-23.65, Lmax=-8.90
09:00:56 [ultranest] [DEBUG] iteration=1592, ncalls=4894, regioncalls=180080, ndraw=40, logz=-30.30, remainder_fraction=99.9999%, Lmin=-22.63, Lmax=-8.90
09:00:56 [ultranest] [DEBUG] iteration=1600, ncalls=4919, regioncalls=181080, ndraw=40, logz=-29.87, remainder_fraction=99.9999%, Lmin=-22.21, Lmax=-8.90
09:00:56 [ultranest] [DEBUG] iteration=1613, ncalls=4955, regioncalls=182520, ndraw=40, logz=-29.16, remainder_fraction=99.9998%, Lmin=-21.53, Lmax=-8.90
09:00:57 [ultranest] [DEBUG] iteration=1623, ncalls=4982, regioncalls=183600, ndraw=40, logz=-28.65, remainder_fraction=99.9997%, Lmin=-21.03, Lmax=-8.90
09:00:57 [ultranest] [DEBUG] iteration=1634, ncalls=5006, regioncalls=184560, ndraw=40, logz=-28.14, remainder_fraction=99.9995%, Lmin=-20.60, Lmax=-8.90
09:00:57 [ultranest] [DEBUG] iteration=1640, ncalls=5026, regioncalls=185560, ndraw=40, logz=-27.90, remainder_fraction=99.9993%, Lmin=-20.49, Lmax=-8.90
09:00:57 [ultranest] [DEBUG] iteration=1658, ncalls=5054, regioncalls=186680, ndraw=40, logz=-27.26, remainder_fraction=99.9987%, Lmin=-19.98, Lmax=-8.90
09:00:57 [ultranest] [DEBUG] iteration=1675, ncalls=5086, regioncalls=187960, ndraw=40, logz=-26.75, remainder_fraction=99.9979%, Lmin=-19.49, Lmax=-8.90
09:00:57 [ultranest] [DEBUG] iteration=1680, ncalls=5094, regioncalls=188280, ndraw=40, logz=-26.60, remainder_fraction=99.9975%, Lmin=-19.31, Lmax=-8.90
09:00:57 [ultranest] [DEBUG] iteration=1699, ncalls=5124, regioncalls=189480, ndraw=40, logz=-25.94, remainder_fraction=99.9950%, Lmin=-18.42, Lmax=-8.90
09:00:57 [ultranest] [DEBUG] iteration=1712, ncalls=5150, regioncalls=190520, ndraw=40, logz=-25.47, remainder_fraction=99.9921%, Lmin=-17.89, Lmax=-8.90
09:00:57 [ultranest] [DEBUG] iteration=1720, ncalls=5164, regioncalls=191080, ndraw=40, logz=-25.19, remainder_fraction=99.9893%, Lmin=-17.69, Lmax=-8.90
09:00:57 [ultranest] [DEBUG] iteration=1738, ncalls=5193, regioncalls=192240, ndraw=40, logz=-24.59, remainder_fraction=99.9804%, Lmin=-17.08, Lmax=-8.90
09:00:57 [ultranest] [DEBUG] iteration=1755, ncalls=5230, regioncalls=193720, ndraw=40, logz=-24.09, remainder_fraction=99.9680%, Lmin=-16.70, Lmax=-8.90
09:00:57 [ultranest] [DEBUG] iteration=1760, ncalls=5241, regioncalls=194160, ndraw=40, logz=-23.96, remainder_fraction=99.9633%, Lmin=-16.54, Lmax=-8.90
09:00:58 [ultranest] [DEBUG] iteration=1778, ncalls=5271, regioncalls=195360, ndraw=40, logz=-23.51, remainder_fraction=99.9422%, Lmin=-16.08, Lmax=-8.90
09:00:58 [ultranest] [DEBUG] iteration=1782, ncalls=5277, regioncalls=195640, ndraw=40, logz=-23.40, remainder_fraction=99.9353%, Lmin=-15.91, Lmax=-8.90
09:00:58 [ultranest] [DEBUG] iteration=1798, ncalls=5309, regioncalls=196920, ndraw=40, logz=-22.98, remainder_fraction=99.9006%, Lmin=-15.47, Lmax=-8.90
09:00:58 [ultranest] [DEBUG] iteration=1800, ncalls=5313, regioncalls=197080, ndraw=40, logz=-22.92, remainder_fraction=99.8952%, Lmin=-15.47, Lmax=-8.90
09:00:58 [ultranest] [DEBUG] iteration=1817, ncalls=5343, regioncalls=198280, ndraw=40, logz=-22.52, remainder_fraction=99.8381%, Lmin=-15.07, Lmax=-8.90
09:00:58 [ultranest] [DEBUG] iteration=1830, ncalls=5379, regioncalls=199720, ndraw=40, logz=-22.22, remainder_fraction=99.7864%, Lmin=-14.75, Lmax=-8.90
09:00:58 [ultranest] [DEBUG] iteration=1840, ncalls=5402, regioncalls=200640, ndraw=40, logz=-22.00, remainder_fraction=99.7293%, Lmin=-14.56, Lmax=-8.90
09:00:58 [ultranest] [DEBUG] iteration=1855, ncalls=5435, regioncalls=201960, ndraw=40, logz=-21.68, remainder_fraction=99.6289%, Lmin=-14.32, Lmax=-8.90
09:00:58 [ultranest] [DEBUG] iteration=1856, ncalls=5436, regioncalls=202040, ndraw=40, logz=-21.66, remainder_fraction=99.6206%, Lmin=-14.30, Lmax=-8.90
09:00:58 [ultranest] [DEBUG] iteration=1867, ncalls=5465, regioncalls=203200, ndraw=40, logz=-21.45, remainder_fraction=99.5242%, Lmin=-13.98, Lmax=-8.90
09:00:58 [ultranest] [DEBUG] iteration=1880, ncalls=5489, regioncalls=204160, ndraw=40, logz=-21.18, remainder_fraction=99.3719%, Lmin=-13.65, Lmax=-8.90
09:00:58 [ultranest] [DEBUG] iteration=1897, ncalls=5521, regioncalls=205440, ndraw=40, logz=-20.86, remainder_fraction=99.1430%, Lmin=-13.47, Lmax=-8.90
09:00:59 [ultranest] [DEBUG] iteration=1912, ncalls=5556, regioncalls=206840, ndraw=40, logz=-20.61, remainder_fraction=98.8955%, Lmin=-13.24, Lmax=-8.90
09:00:59 [ultranest] [DEBUG] iteration=1920, ncalls=5568, regioncalls=207320, ndraw=40, logz=-20.48, remainder_fraction=98.7394%, Lmin=-13.16, Lmax=-8.90
09:00:59 [ultranest] [DEBUG] iteration=1936, ncalls=5595, regioncalls=208400, ndraw=40, logz=-20.25, remainder_fraction=98.3895%, Lmin=-13.01, Lmax=-8.90
09:00:59 [ultranest] [DEBUG] iteration=1950, ncalls=5624, regioncalls=209560, ndraw=40, logz=-20.07, remainder_fraction=98.0533%, Lmin=-12.83, Lmax=-8.90
09:00:59 [ultranest] [DEBUG] iteration=1960, ncalls=5640, regioncalls=210200, ndraw=40, logz=-19.94, remainder_fraction=97.7914%, Lmin=-12.67, Lmax=-8.90
09:00:59 [ultranest] [DEBUG] iteration=1974, ncalls=5668, regioncalls=211320, ndraw=40, logz=-19.77, remainder_fraction=97.3258%, Lmin=-12.55, Lmax=-8.90
09:00:59 [ultranest] [DEBUG] iteration=1990, ncalls=5697, regioncalls=212480, ndraw=40, logz=-19.60, remainder_fraction=96.8164%, Lmin=-12.43, Lmax=-8.90
09:00:59 [ultranest] [DEBUG] iteration=2000, ncalls=5718, regioncalls=213320, ndraw=40, logz=-19.49, remainder_fraction=96.4990%, Lmin=-12.30, Lmax=-8.90
09:00:59 [ultranest] [DEBUG] iteration=2004, ncalls=5730, regioncalls=213840, ndraw=40, logz=-19.45, remainder_fraction=96.3935%, Lmin=-12.25, Lmax=-8.90
09:00:59 [ultranest] [DEBUG] iteration=2016, ncalls=5759, regioncalls=215000, ndraw=40, logz=-19.32, remainder_fraction=95.9302%, Lmin=-12.07, Lmax=-8.90
09:00:59 [ultranest] [DEBUG] iteration=2032, ncalls=5792, regioncalls=216320, ndraw=40, logz=-19.16, remainder_fraction=95.2231%, Lmin=-11.93, Lmax=-8.90
09:00:59 [ultranest] [DEBUG] iteration=2040, ncalls=5807, regioncalls=216920, ndraw=40, logz=-19.08, remainder_fraction=94.8233%, Lmin=-11.85, Lmax=-8.90
09:01:00 [ultranest] [DEBUG] iteration=2058, ncalls=5840, regioncalls=218240, ndraw=40, logz=-18.91, remainder_fraction=93.8745%, Lmin=-11.68, Lmax=-8.90
09:01:00 [ultranest] [DEBUG] iteration=2072, ncalls=5870, regioncalls=219440, ndraw=40, logz=-18.79, remainder_fraction=93.0464%, Lmin=-11.53, Lmax=-8.90
09:01:00 [ultranest] [DEBUG] iteration=2078, ncalls=5883, regioncalls=220000, ndraw=40, logz=-18.73, remainder_fraction=92.6683%, Lmin=-11.49, Lmax=-8.90
09:01:00 [ultranest] [DEBUG] iteration=2080, ncalls=5885, regioncalls=220080, ndraw=40, logz=-18.72, remainder_fraction=92.5216%, Lmin=-11.46, Lmax=-8.90
09:01:00 [ultranest] [DEBUG] iteration=2098, ncalls=5911, regioncalls=221200, ndraw=40, logz=-18.56, remainder_fraction=91.3485%, Lmin=-11.29, Lmax=-8.90
09:01:00 [ultranest] [DEBUG] iteration=2117, ncalls=5940, regioncalls=222360, ndraw=40, logz=-18.41, remainder_fraction=89.7768%, Lmin=-11.17, Lmax=-8.90
09:01:00 [ultranest] [DEBUG] iteration=2120, ncalls=5949, regioncalls=222720, ndraw=40, logz=-18.38, remainder_fraction=89.5609%, Lmin=-11.12, Lmax=-8.90
09:01:00 [ultranest] [DEBUG] iteration=2139, ncalls=5977, regioncalls=223840, ndraw=40, logz=-18.24, remainder_fraction=87.9640%, Lmin=-10.98, Lmax=-8.90
09:01:00 [ultranest] [DEBUG] iteration=2152, ncalls=5998, regioncalls=224680, ndraw=40, logz=-18.14, remainder_fraction=86.7912%, Lmin=-10.89, Lmax=-8.90
09:01:00 [ultranest] [DEBUG] iteration=2160, ncalls=6011, regioncalls=225320, ndraw=40, logz=-18.09, remainder_fraction=85.9674%, Lmin=-10.85, Lmax=-8.90
09:01:00 [ultranest] [DEBUG] iteration=2176, ncalls=6037, regioncalls=226400, ndraw=40, logz=-17.98, remainder_fraction=84.4241%, Lmin=-10.74, Lmax=-8.90
09:01:00 [ultranest] [DEBUG] iteration=2191, ncalls=6070, regioncalls=227720, ndraw=40, logz=-17.89, remainder_fraction=82.9063%, Lmin=-10.65, Lmax=-8.90
09:01:00 [ultranest] [DEBUG] iteration=2200, ncalls=6089, regioncalls=228480, ndraw=40, logz=-17.83, remainder_fraction=81.9529%, Lmin=-10.60, Lmax=-8.90
09:01:01 [ultranest] [DEBUG] iteration=2215, ncalls=6119, regioncalls=229680, ndraw=40, logz=-17.75, remainder_fraction=80.2351%, Lmin=-10.53, Lmax=-8.90
09:01:01 [ultranest] [DEBUG] iteration=2226, ncalls=6137, regioncalls=230440, ndraw=40, logz=-17.69, remainder_fraction=79.0673%, Lmin=-10.49, Lmax=-8.90
09:01:01 [ultranest] [DEBUG] iteration=2240, ncalls=6158, regioncalls=231320, ndraw=40, logz=-17.61, remainder_fraction=77.5309%, Lmin=-10.43, Lmax=-8.90
09:01:01 [ultranest] [DEBUG] iteration=2256, ncalls=6187, regioncalls=232480, ndraw=40, logz=-17.54, remainder_fraction=75.7509%, Lmin=-10.36, Lmax=-8.90
09:01:01 [ultranest] [DEBUG] iteration=2269, ncalls=6219, regioncalls=233760, ndraw=40, logz=-17.48, remainder_fraction=74.2160%, Lmin=-10.32, Lmax=-8.90
09:01:01 [ultranest] [DEBUG] iteration=2280, ncalls=6234, regioncalls=234360, ndraw=40, logz=-17.43, remainder_fraction=73.0364%, Lmin=-10.28, Lmax=-8.90
09:01:01 [ultranest] [DEBUG] iteration=2296, ncalls=6264, regioncalls=235560, ndraw=40, logz=-17.36, remainder_fraction=71.1130%, Lmin=-10.22, Lmax=-8.90
09:01:01 [ultranest] [DEBUG] iteration=2300, ncalls=6270, regioncalls=235840, ndraw=40, logz=-17.34, remainder_fraction=70.6412%, Lmin=-10.20, Lmax=-8.90
09:01:01 [ultranest] [DEBUG] iteration=2313, ncalls=6297, regioncalls=236920, ndraw=40, logz=-17.29, remainder_fraction=69.0319%, Lmin=-10.18, Lmax=-8.90
09:01:01 [ultranest] [DEBUG] iteration=2320, ncalls=6309, regioncalls=237400, ndraw=40, logz=-17.27, remainder_fraction=68.2481%, Lmin=-10.16, Lmax=-8.90
09:01:01 [ultranest] [DEBUG] iteration=2335, ncalls=6340, regioncalls=238640, ndraw=40, logz=-17.22, remainder_fraction=66.3481%, Lmin=-10.12, Lmax=-8.90
09:01:01 [ultranest] [DEBUG] iteration=2355, ncalls=6371, regioncalls=239880, ndraw=40, logz=-17.15, remainder_fraction=63.9254%, Lmin=-10.08, Lmax=-8.90
09:01:01 [ultranest] [DEBUG] iteration=2360, ncalls=6378, regioncalls=240160, ndraw=40, logz=-17.13, remainder_fraction=63.5115%, Lmin=-10.07, Lmax=-8.90
09:01:02 [ultranest] [DEBUG] iteration=2372, ncalls=6416, regioncalls=241680, ndraw=40, logz=-17.10, remainder_fraction=62.2627%, Lmin=-10.03, Lmax=-8.90
09:01:02 [ultranest] [DEBUG] iteration=2374, ncalls=6423, regioncalls=242000, ndraw=40, logz=-17.09, remainder_fraction=62.0424%, Lmin=-10.03, Lmax=-8.90
09:01:02 [ultranest] [DEBUG] iteration=2382, ncalls=6453, regioncalls=243200, ndraw=40, logz=-17.07, remainder_fraction=61.2537%, Lmin=-10.01, Lmax=-8.90
09:01:02 [ultranest] [DEBUG] iteration=2396, ncalls=6485, regioncalls=244480, ndraw=40, logz=-17.03, remainder_fraction=59.6427%, Lmin=-9.98, Lmax=-8.90
09:01:02 [ultranest] [DEBUG] iteration=2400, ncalls=6490, regioncalls=244680, ndraw=40, logz=-17.02, remainder_fraction=59.3131%, Lmin=-9.97, Lmax=-8.90
09:01:02 [ultranest] [DEBUG] iteration=2417, ncalls=6520, regioncalls=245880, ndraw=40, logz=-16.97, remainder_fraction=57.5393%, Lmin=-9.92, Lmax=-8.90
09:01:02 [ultranest] [DEBUG] iteration=2430, ncalls=6551, regioncalls=247120, ndraw=40, logz=-16.94, remainder_fraction=56.0978%, Lmin=-9.89, Lmax=-8.90
09:01:02 [ultranest] [DEBUG] iteration=2440, ncalls=6572, regioncalls=247960, ndraw=40, logz=-16.92, remainder_fraction=55.1740%, Lmin=-9.86, Lmax=-8.90
09:01:02 [ultranest] [DEBUG] iteration=2448, ncalls=6587, regioncalls=248600, ndraw=40, logz=-16.90, remainder_fraction=54.2299%, Lmin=-9.84, Lmax=-8.90
09:01:02 [ultranest] [DEBUG] iteration=2462, ncalls=6616, regioncalls=249760, ndraw=40, logz=-16.86, remainder_fraction=52.8296%, Lmin=-9.81, Lmax=-8.90
09:01:02 [ultranest] [DEBUG] iteration=2474, ncalls=6647, regioncalls=251000, ndraw=40, logz=-16.84, remainder_fraction=51.5693%, Lmin=-9.79, Lmax=-8.90
09:01:02 [ultranest] [DEBUG] iteration=2480, ncalls=6662, regioncalls=251600, ndraw=40, logz=-16.83, remainder_fraction=51.0040%, Lmin=-9.78, Lmax=-8.90
09:01:03 [ultranest] [DEBUG] iteration=2493, ncalls=6690, regioncalls=252720, ndraw=40, logz=-16.80, remainder_fraction=49.6848%, Lmin=-9.75, Lmax=-8.90
09:01:03 [ultranest] [DEBUG] iteration=2509, ncalls=6719, regioncalls=253880, ndraw=40, logz=-16.77, remainder_fraction=48.0989%, Lmin=-9.74, Lmax=-8.90
09:01:03 [ultranest] [DEBUG] iteration=2520, ncalls=6744, regioncalls=254880, ndraw=40, logz=-16.75, remainder_fraction=47.0438%, Lmin=-9.71, Lmax=-8.90
09:01:03 [ultranest] [DEBUG] iteration=2522, ncalls=6747, regioncalls=255040, ndraw=40, logz=-16.74, remainder_fraction=46.8475%, Lmin=-9.70, Lmax=-8.90
09:01:03 [ultranest] [DEBUG] iteration=2535, ncalls=6779, regioncalls=256360, ndraw=40, logz=-16.72, remainder_fraction=45.6693%, Lmin=-9.68, Lmax=-8.90
09:01:03 [ultranest] [DEBUG] iteration=2552, ncalls=6812, regioncalls=257680, ndraw=40, logz=-16.69, remainder_fraction=44.0034%, Lmin=-9.64, Lmax=-8.90
09:01:03 [ultranest] [DEBUG] iteration=2560, ncalls=6834, regioncalls=258560, ndraw=40, logz=-16.68, remainder_fraction=43.2557%, Lmin=-9.63, Lmax=-8.90
09:01:03 [ultranest] [DEBUG] iteration=2573, ncalls=6865, regioncalls=259800, ndraw=40, logz=-16.66, remainder_fraction=41.9645%, Lmin=-9.61, Lmax=-8.90
09:01:03 [ultranest] [DEBUG] iteration=2588, ncalls=6898, regioncalls=261120, ndraw=40, logz=-16.63, remainder_fraction=40.5813%, Lmin=-9.59, Lmax=-8.90
09:01:03 [ultranest] [DEBUG] iteration=2593, ncalls=6911, regioncalls=261640, ndraw=40, logz=-16.62, remainder_fraction=40.1300%, Lmin=-9.58, Lmax=-8.90
09:01:04 [ultranest] [DEBUG] iteration=2596, ncalls=6915, regioncalls=261800, ndraw=40, logz=-16.62, remainder_fraction=39.8882%, Lmin=-9.58, Lmax=-8.90
09:01:04 [ultranest] [DEBUG] iteration=2598, ncalls=6922, regioncalls=262080, ndraw=40, logz=-16.62, remainder_fraction=39.7113%, Lmin=-9.58, Lmax=-8.90
09:01:04 [ultranest] [DEBUG] iteration=2599, ncalls=6927, regioncalls=262280, ndraw=40, logz=-16.62, remainder_fraction=39.6344%, Lmin=-9.57, Lmax=-8.90
09:01:04 [ultranest] [DEBUG] iteration=2600, ncalls=6928, regioncalls=262320, ndraw=40, logz=-16.61, remainder_fraction=39.5526%, Lmin=-9.57, Lmax=-8.90
09:01:04 [ultranest] [DEBUG] iteration=2602, ncalls=6933, regioncalls=262520, ndraw=40, logz=-16.61, remainder_fraction=39.3733%, Lmin=-9.57, Lmax=-8.90
09:01:04 [ultranest] [DEBUG] iteration=2604, ncalls=6938, regioncalls=262720, ndraw=40, logz=-16.61, remainder_fraction=39.1698%, Lmin=-9.57, Lmax=-8.90
09:01:04 [ultranest] [DEBUG] iteration=2607, ncalls=6942, regioncalls=262880, ndraw=40, logz=-16.60, remainder_fraction=38.9425%, Lmin=-9.56, Lmax=-8.90
09:01:04 [ultranest] [DEBUG] iteration=2609, ncalls=6946, regioncalls=263040, ndraw=40, logz=-16.60, remainder_fraction=38.7985%, Lmin=-9.55, Lmax=-8.90
09:01:05 [ultranest] [DEBUG] iteration=2611, ncalls=6951, regioncalls=263240, ndraw=40, logz=-16.60, remainder_fraction=38.6247%, Lmin=-9.55, Lmax=-8.90
09:01:05 [ultranest] [DEBUG] iteration=2613, ncalls=6955, regioncalls=263400, ndraw=40, logz=-16.60, remainder_fraction=38.4943%, Lmin=-9.55, Lmax=-8.90
09:01:05 [ultranest] [DEBUG] iteration=2615, ncalls=6959, regioncalls=263560, ndraw=40, logz=-16.59, remainder_fraction=38.3328%, Lmin=-9.55, Lmax=-8.90
09:01:05 [ultranest] [DEBUG] iteration=2618, ncalls=6963, regioncalls=263720, ndraw=40, logz=-16.59, remainder_fraction=38.0886%, Lmin=-9.54, Lmax=-8.90
09:01:05 [ultranest] [DEBUG] iteration=2619, ncalls=6968, regioncalls=263920, ndraw=40, logz=-16.59, remainder_fraction=38.0094%, Lmin=-9.54, Lmax=-8.90
09:01:05 [ultranest] [DEBUG] iteration=2622, ncalls=6975, regioncalls=264200, ndraw=40, logz=-16.58, remainder_fraction=37.7716%, Lmin=-9.54, Lmax=-8.90
09:01:05 [ultranest] [DEBUG] iteration=2625, ncalls=6981, regioncalls=264440, ndraw=40, logz=-16.58, remainder_fraction=37.5218%, Lmin=-9.54, Lmax=-8.90
09:01:05 [ultranest] [DEBUG] iteration=2627, ncalls=6985, regioncalls=264600, ndraw=40, logz=-16.58, remainder_fraction=37.3490%, Lmin=-9.53, Lmax=-8.90
09:01:06 [ultranest] [DEBUG] iteration=2629, ncalls=6993, regioncalls=264920, ndraw=40, logz=-16.57, remainder_fraction=37.1557%, Lmin=-9.53, Lmax=-8.90
09:01:06 [ultranest] [DEBUG] iteration=2632, ncalls=7000, regioncalls=265200, ndraw=40, logz=-16.57, remainder_fraction=36.9379%, Lmin=-9.52, Lmax=-8.90
09:01:06 [ultranest] [DEBUG] iteration=2634, ncalls=7004, regioncalls=265360, ndraw=40, logz=-16.57, remainder_fraction=36.7921%, Lmin=-9.52, Lmax=-8.90
09:01:06 [ultranest] [DEBUG] iteration=2636, ncalls=7013, regioncalls=265720, ndraw=40, logz=-16.56, remainder_fraction=36.6421%, Lmin=-9.52, Lmax=-8.90
09:01:06 [ultranest] [DEBUG] iteration=2637, ncalls=7019, regioncalls=265960, ndraw=40, logz=-16.56, remainder_fraction=36.5513%, Lmin=-9.52, Lmax=-8.90
09:01:06 [ultranest] [DEBUG] iteration=2639, ncalls=7023, regioncalls=266120, ndraw=40, logz=-16.56, remainder_fraction=36.3692%, Lmin=-9.52, Lmax=-8.90
09:01:06 [ultranest] [DEBUG] iteration=2640, ncalls=7025, regioncalls=266200, ndraw=40, logz=-16.56, remainder_fraction=36.2988%, Lmin=-9.52, Lmax=-8.90
09:01:07 [ultranest] [DEBUG] iteration=2642, ncalls=7030, regioncalls=266400, ndraw=40, logz=-16.56, remainder_fraction=36.1337%, Lmin=-9.51, Lmax=-8.90
09:01:07 [ultranest] [DEBUG] iteration=2645, ncalls=7034, regioncalls=266560, ndraw=40, logz=-16.55, remainder_fraction=35.8494%, Lmin=-9.51, Lmax=-8.90
09:01:07 [ultranest] [DEBUG] iteration=2647, ncalls=7040, regioncalls=266800, ndraw=40, logz=-16.55, remainder_fraction=35.7023%, Lmin=-9.50, Lmax=-8.90
09:01:07 [ultranest] [DEBUG] iteration=2649, ncalls=7047, regioncalls=267080, ndraw=40, logz=-16.55, remainder_fraction=35.5389%, Lmin=-9.50, Lmax=-8.90
09:01:07 [ultranest] [DEBUG] iteration=2651, ncalls=7051, regioncalls=267240, ndraw=40, logz=-16.55, remainder_fraction=35.3517%, Lmin=-9.50, Lmax=-8.90
09:01:07 [ultranest] [DEBUG] iteration=2655, ncalls=7056, regioncalls=267440, ndraw=40, logz=-16.54, remainder_fraction=35.0203%, Lmin=-9.49, Lmax=-8.90
09:01:07 [ultranest] [DEBUG] iteration=2656, ncalls=7062, regioncalls=267680, ndraw=40, logz=-16.54, remainder_fraction=34.9632%, Lmin=-9.49, Lmax=-8.90
09:01:08 [ultranest] [DEBUG] iteration=2657, ncalls=7067, regioncalls=267880, ndraw=40, logz=-16.54, remainder_fraction=34.9081%, Lmin=-9.49, Lmax=-8.90
09:01:08 [ultranest] [DEBUG] iteration=2661, ncalls=7071, regioncalls=268040, ndraw=40, logz=-16.53, remainder_fraction=34.6236%, Lmin=-9.49, Lmax=-8.90
09:01:08 [ultranest] [DEBUG] iteration=2663, ncalls=7077, regioncalls=268280, ndraw=40, logz=-16.53, remainder_fraction=34.4433%, Lmin=-9.48, Lmax=-8.90
09:01:08 [ultranest] [DEBUG] iteration=2665, ncalls=7080, regioncalls=268400, ndraw=40, logz=-16.53, remainder_fraction=34.2586%, Lmin=-9.48, Lmax=-8.90
09:01:08 [ultranest] [DEBUG] iteration=2666, ncalls=7087, regioncalls=268680, ndraw=40, logz=-16.53, remainder_fraction=34.1803%, Lmin=-9.48, Lmax=-8.90
09:01:08 [ultranest] [DEBUG] iteration=2667, ncalls=7090, regioncalls=268800, ndraw=40, logz=-16.53, remainder_fraction=34.1139%, Lmin=-9.48, Lmax=-8.90
09:01:08 [ultranest] [DEBUG] iteration=2669, ncalls=7094, regioncalls=268960, ndraw=40, logz=-16.52, remainder_fraction=33.9398%, Lmin=-9.48, Lmax=-8.90
09:01:09 [ultranest] [DEBUG] iteration=2670, ncalls=7095, regioncalls=269080, ndraw=40, logz=-16.52, remainder_fraction=33.8513%, Lmin=-9.48, Lmax=-8.90
09:01:09 [ultranest] [DEBUG] iteration=2674, ncalls=7100, regioncalls=269280, ndraw=40, logz=-16.52, remainder_fraction=33.5067%, Lmin=-9.47, Lmax=-8.90
09:01:09 [ultranest] [DEBUG] iteration=2677, ncalls=7104, regioncalls=269520, ndraw=40, logz=-16.51, remainder_fraction=33.2818%, Lmin=-9.46, Lmax=-8.89
09:01:09 [ultranest] [DEBUG] iteration=2680, ncalls=7109, regioncalls=269720, ndraw=40, logz=-16.51, remainder_fraction=33.0728%, Lmin=-9.46, Lmax=-8.89
09:01:09 [ultranest] [DEBUG] iteration=2681, ncalls=7115, regioncalls=269960, ndraw=40, logz=-16.51, remainder_fraction=32.9852%, Lmin=-9.46, Lmax=-8.89
09:01:09 [ultranest] [DEBUG] iteration=2682, ncalls=7119, regioncalls=270120, ndraw=40, logz=-16.51, remainder_fraction=32.9189%, Lmin=-9.46, Lmax=-8.89
09:01:09 [ultranest] [DEBUG] iteration=2689, ncalls=7129, regioncalls=270520, ndraw=40, logz=-16.50, remainder_fraction=32.3891%, Lmin=-9.45, Lmax=-8.89
09:01:10 [ultranest] [DEBUG] iteration=2701, ncalls=7161, regioncalls=271800, ndraw=40, logz=-16.49, remainder_fraction=31.4985%, Lmin=-9.44, Lmax=-8.89
09:01:10 [ultranest] [DEBUG] iteration=2715, ncalls=7192, regioncalls=273040, ndraw=40, logz=-16.47, remainder_fraction=30.3863%, Lmin=-9.42, Lmax=-8.89
09:01:10 [ultranest] [DEBUG] iteration=2720, ncalls=7204, regioncalls=273520, ndraw=40, logz=-16.47, remainder_fraction=30.0531%, Lmin=-9.41, Lmax=-8.89
09:01:10 [ultranest] [DEBUG] iteration=2737, ncalls=7237, regioncalls=274840, ndraw=40, logz=-16.45, remainder_fraction=28.8752%, Lmin=-9.39, Lmax=-8.89
09:01:10 [ultranest] [DEBUG] iteration=2744, ncalls=7247, regioncalls=275280, ndraw=40, logz=-16.44, remainder_fraction=28.4043%, Lmin=-9.38, Lmax=-8.89
09:01:10 [ultranest] [DEBUG] iteration=2758, ncalls=7275, regioncalls=276400, ndraw=40, logz=-16.43, remainder_fraction=27.4872%, Lmin=-9.36, Lmax=-8.89
09:01:10 [ultranest] [DEBUG] iteration=2760, ncalls=7279, regioncalls=276560, ndraw=40, logz=-16.43, remainder_fraction=27.3609%, Lmin=-9.36, Lmax=-8.89
09:01:10 [ultranest] [DEBUG] iteration=2777, ncalls=7310, regioncalls=277800, ndraw=40, logz=-16.41, remainder_fraction=26.2449%, Lmin=-9.34, Lmax=-8.89
09:01:10 [ultranest] [DEBUG] iteration=2791, ncalls=7343, regioncalls=279120, ndraw=40, logz=-16.40, remainder_fraction=25.3476%, Lmin=-9.32, Lmax=-8.89
09:01:10 [ultranest] [DEBUG] iteration=2800, ncalls=7361, regioncalls=279840, ndraw=40, logz=-16.39, remainder_fraction=24.7667%, Lmin=-9.32, Lmax=-8.89
09:01:10 [ultranest] [DEBUG] iteration=2816, ncalls=7394, regioncalls=281160, ndraw=40, logz=-16.38, remainder_fraction=23.7626%, Lmin=-9.30, Lmax=-8.89
09:01:10 [ultranest] [DEBUG] iteration=2818, ncalls=7396, regioncalls=281280, ndraw=40, logz=-16.38, remainder_fraction=23.6373%, Lmin=-9.30, Lmax=-8.89
09:01:10 [ultranest] [DEBUG] iteration=2834, ncalls=7421, regioncalls=282400, ndraw=40, logz=-16.37, remainder_fraction=22.6937%, Lmin=-9.29, Lmax=-8.89
09:01:10 [ultranest] [DEBUG] iteration=2840, ncalls=7430, regioncalls=282760, ndraw=40, logz=-16.36, remainder_fraction=22.3434%, Lmin=-9.28, Lmax=-8.89
09:01:11 [ultranest] [DEBUG] iteration=2854, ncalls=7462, regioncalls=284040, ndraw=40, logz=-16.35, remainder_fraction=21.5361%, Lmin=-9.27, Lmax=-8.89
09:01:11 [ultranest] [DEBUG] iteration=2866, ncalls=7495, regioncalls=285360, ndraw=40, logz=-16.34, remainder_fraction=20.8752%, Lmin=-9.25, Lmax=-8.89
09:01:11 [ultranest] [DEBUG] iteration=2880, ncalls=7527, regioncalls=286640, ndraw=40, logz=-16.34, remainder_fraction=20.1499%, Lmin=-9.24, Lmax=-8.89
09:01:11 [ultranest] [DEBUG] iteration=2895, ncalls=7552, regioncalls=287640, ndraw=40, logz=-16.33, remainder_fraction=19.3883%, Lmin=-9.23, Lmax=-8.89
09:01:11 [ultranest] [DEBUG] iteration=2908, ncalls=7579, regioncalls=288720, ndraw=40, logz=-16.32, remainder_fraction=18.7251%, Lmin=-9.22, Lmax=-8.89
09:01:11 [ultranest] [DEBUG] iteration=2920, ncalls=7608, regioncalls=289880, ndraw=40, logz=-16.31, remainder_fraction=18.1224%, Lmin=-9.21, Lmax=-8.89
09:01:11 [ultranest] [DEBUG] iteration=2932, ncalls=7638, regioncalls=291080, ndraw=40, logz=-16.30, remainder_fraction=17.5396%, Lmin=-9.20, Lmax=-8.89
09:01:11 [ultranest] [DEBUG] iteration=2946, ncalls=7670, regioncalls=292360, ndraw=40, logz=-16.30, remainder_fraction=16.9081%, Lmin=-9.19, Lmax=-8.89
09:01:11 [ultranest] [DEBUG] iteration=2960, ncalls=7699, regioncalls=293520, ndraw=40, logz=-16.29, remainder_fraction=16.3094%, Lmin=-9.18, Lmax=-8.89
09:01:11 [ultranest] [DEBUG] iteration=2966, ncalls=7715, regioncalls=294200, ndraw=40, logz=-16.29, remainder_fraction=16.0479%, Lmin=-9.18, Lmax=-8.89
09:01:12 [ultranest] [DEBUG] iteration=2981, ncalls=7743, regioncalls=295320, ndraw=40, logz=-16.28, remainder_fraction=15.4391%, Lmin=-9.17, Lmax=-8.89
09:01:12 [ultranest] [DEBUG] iteration=2995, ncalls=7777, regioncalls=296680, ndraw=40, logz=-16.27, remainder_fraction=14.8541%, Lmin=-9.16, Lmax=-8.89
09:01:12 [ultranest] [DEBUG] iteration=3000, ncalls=7789, regioncalls=297160, ndraw=40, logz=-16.27, remainder_fraction=14.6529%, Lmin=-9.15, Lmax=-8.89
09:01:12 [ultranest] [DEBUG] iteration=3016, ncalls=7822, regioncalls=298480, ndraw=40, logz=-16.26, remainder_fraction=14.0180%, Lmin=-9.14, Lmax=-8.89
09:01:12 [ultranest] [DEBUG] iteration=3032, ncalls=7855, regioncalls=299800, ndraw=40, logz=-16.26, remainder_fraction=13.4233%, Lmin=-9.13, Lmax=-8.89
09:01:12 [ultranest] [DEBUG] iteration=3040, ncalls=7874, regioncalls=300600, ndraw=40, logz=-16.25, remainder_fraction=13.1453%, Lmin=-9.13, Lmax=-8.89
09:01:12 [ultranest] [DEBUG] iteration=3054, ncalls=7901, regioncalls=301680, ndraw=40, logz=-16.25, remainder_fraction=12.6503%, Lmin=-9.12, Lmax=-8.89
09:01:12 [ultranest] [DEBUG] iteration=3073, ncalls=7929, regioncalls=302800, ndraw=40, logz=-16.24, remainder_fraction=12.0201%, Lmin=-9.10, Lmax=-8.89
09:01:12 [ultranest] [DEBUG] iteration=3080, ncalls=7943, regioncalls=303360, ndraw=40, logz=-16.24, remainder_fraction=11.7920%, Lmin=-9.10, Lmax=-8.88
09:01:12 [ultranest] [DEBUG] iteration=3096, ncalls=7973, regioncalls=304560, ndraw=40, logz=-16.23, remainder_fraction=11.2727%, Lmin=-9.09, Lmax=-8.88
09:01:12 [ultranest] [DEBUG] iteration=3114, ncalls=8001, regioncalls=305720, ndraw=40, logz=-16.22, remainder_fraction=10.7190%, Lmin=-9.08, Lmax=-8.88
09:01:12 [ultranest] [DEBUG] iteration=3120, ncalls=8010, regioncalls=306080, ndraw=40, logz=-16.22, remainder_fraction=10.5399%, Lmin=-9.08, Lmax=-8.88
09:01:13 [ultranest] [DEBUG] iteration=3135, ncalls=8038, regioncalls=307280, ndraw=40, logz=-16.22, remainder_fraction=10.1001%, Lmin=-9.07, Lmax=-8.88
09:01:13 [ultranest] [DEBUG] iteration=3153, ncalls=8067, regioncalls=308440, ndraw=40, logz=-16.21, remainder_fraction=9.6098%, Lmin=-9.06, Lmax=-8.88
09:01:13 [ultranest] [DEBUG] iteration=3160, ncalls=8077, regioncalls=308840, ndraw=40, logz=-16.21, remainder_fraction=9.4211%, Lmin=-9.06, Lmax=-8.88
09:01:13 [ultranest] [DEBUG] iteration=3175, ncalls=8108, regioncalls=310080, ndraw=40, logz=-16.21, remainder_fraction=9.0292%, Lmin=-9.05, Lmax=-8.88
09:01:13 [ultranest] [DEBUG] iteration=3188, ncalls=8132, regioncalls=311080, ndraw=40, logz=-16.20, remainder_fraction=8.7088%, Lmin=-9.05, Lmax=-8.88
09:01:13 [ultranest] [DEBUG] iteration=3200, ncalls=8152, regioncalls=311880, ndraw=40, logz=-16.20, remainder_fraction=8.4204%, Lmin=-9.04, Lmax=-8.88
09:01:13 [ultranest] [DEBUG] iteration=3217, ncalls=8180, regioncalls=313000, ndraw=40, logz=-16.19, remainder_fraction=8.0119%, Lmin=-9.04, Lmax=-8.88
09:01:13 [ultranest] [DEBUG] iteration=3232, ncalls=8212, regioncalls=314280, ndraw=40, logz=-16.19, remainder_fraction=7.6681%, Lmin=-9.03, Lmax=-8.88
09:01:13 [ultranest] [DEBUG] iteration=3240, ncalls=8231, regioncalls=315040, ndraw=40, logz=-16.19, remainder_fraction=7.4984%, Lmin=-9.03, Lmax=-8.88
09:01:13 [ultranest] [DEBUG] iteration=3255, ncalls=8264, regioncalls=316360, ndraw=40, logz=-16.19, remainder_fraction=7.1821%, Lmin=-9.03, Lmax=-8.88
09:01:13 [ultranest] [DEBUG] iteration=3262, ncalls=8281, regioncalls=317120, ndraw=40, logz=-16.18, remainder_fraction=7.0396%, Lmin=-9.03, Lmax=-8.88
09:01:14 [ultranest] [DEBUG] iteration=3277, ncalls=8308, regioncalls=318200, ndraw=40, logz=-16.18, remainder_fraction=6.7475%, Lmin=-9.02, Lmax=-8.88
09:01:14 [ultranest] [DEBUG] iteration=3280, ncalls=8315, regioncalls=318480, ndraw=40, logz=-16.18, remainder_fraction=6.6883%, Lmin=-9.02, Lmax=-8.88
09:01:14 [ultranest] [DEBUG] iteration=3295, ncalls=8346, regioncalls=319720, ndraw=40, logz=-16.18, remainder_fraction=6.4019%, Lmin=-9.02, Lmax=-8.88
09:01:14 [ultranest] [DEBUG] iteration=3309, ncalls=8376, regioncalls=320920, ndraw=40, logz=-16.17, remainder_fraction=6.1479%, Lmin=-9.01, Lmax=-8.88
09:01:14 [ultranest] [DEBUG] iteration=3320, ncalls=8396, regioncalls=321720, ndraw=40, logz=-16.17, remainder_fraction=5.9555%, Lmin=-9.01, Lmax=-8.88
09:01:14 [ultranest] [DEBUG] iteration=3336, ncalls=8424, regioncalls=322840, ndraw=40, logz=-16.17, remainder_fraction=5.6868%, Lmin=-9.00, Lmax=-8.88
09:01:14 [ultranest] [DEBUG] iteration=3349, ncalls=8453, regioncalls=324000, ndraw=40, logz=-16.17, remainder_fraction=5.4739%, Lmin=-9.00, Lmax=-8.88
09:01:14 [ultranest] [DEBUG] iteration=3360, ncalls=8475, regioncalls=324880, ndraw=40, logz=-16.17, remainder_fraction=5.3014%, Lmin=-9.00, Lmax=-8.88
09:01:14 [ultranest] [DEBUG] iteration=3374, ncalls=8508, regioncalls=326200, ndraw=40, logz=-16.16, remainder_fraction=5.0893%, Lmin=-8.99, Lmax=-8.88
09:01:14 [ultranest] [DEBUG] iteration=3389, ncalls=8539, regioncalls=327440, ndraw=40, logz=-16.16, remainder_fraction=4.8709%, Lmin=-8.99, Lmax=-8.88
09:01:14 [ultranest] [DEBUG] iteration=3400, ncalls=8561, regioncalls=328320, ndraw=40, logz=-16.16, remainder_fraction=4.7175%, Lmin=-8.99, Lmax=-8.88
09:01:15 [ultranest] [DEBUG] iteration=3410, ncalls=8594, regioncalls=329680, ndraw=40, logz=-16.16, remainder_fraction=4.5808%, Lmin=-8.99, Lmax=-8.88
09:01:15 [ultranest] [INFO] Explored until L=-9  
09:01:15 [ultranest] [INFO] Likelihood function evaluations: 8609
09:01:15 [ultranest] [INFO] Writing samples and results to disk ...
09:01:16 [ultranest] [INFO] Writing samples and results to disk ... done
09:01:16 [ultranest] [DEBUG] did a run_iter pass!
09:01:16 [ultranest] [INFO]   logZ = -16.12 +- 0.08869
09:01:16 [ultranest] [INFO] Effective samples strategy satisfied (ESS = 1294.5, need >400)
09:01:16 [ultranest] [INFO] Posterior uncertainty strategy is satisfied (KL: 0.47+-0.07 nat, need <0.50 nat)
09:01:16 [ultranest] [INFO] Evidency uncertainty strategy is satisfied (dlogz=0.10, need <0.5)
09:01:16 [ultranest] [INFO]   logZ error budget: single: 0.14 bs:0.09 tail:0.04 total:0.10 required:<0.50
09:01:16 [ultranest] [INFO] done iterating.
09:01:16 [ultranest] [DEBUG] Making corner plot ...
09:01:18 [ultranest] [DEBUG] Making corner plot ... done
09:01:18 [ultranest] [DEBUG] Making run plot ... 
09:01:18 [ultranest] [DEBUG] Making run plot ... done
09:01:18 [ultranest] [DEBUG] Making trace plot ... 
09:01:20 [ultranest] [DEBUG] Making trace plot ... done
21:50:22 [ultranest] [DEBUG] ReactiveNestedSampler: dims=3+0, resume=True, log_dir=/home/orion51/Desktop/Research/spectral_fitting/FGL_spectral_fitting/Individual_sources/2CXOJ103142.0+573015/mekal_out_, backend=hdf5, vectorized=False, nbootstraps=30, ndraw=128..65536
21:50:22 [ultranest] [DEBUG] Testing resume consistency: [-8.98430745 -8.92763304  0.          0.32243937  0.77983572  0.02680475
 -4.77560625  0.93174763 19.18763326]: u=[0.32243937 0.77983572 0.02680475] -> p=[-4.77560625  0.93174763 19.18763326] -> L=-8.927633038597333 
21:50:22 [ultranest] [INFO] Resuming from 3747 stored points
21:50:22 [ultranest] [DEBUG] run_iter dlogz=0.5, dKL=0.5, frac_remain=0.01, Lepsilon=0.1000, min_ess=400
21:50:22 [ultranest] [DEBUG] max_iters=-1, max_ncalls=-1, max_num_improvement_loops=-1, min_num_live_points=400, cluster_num_live_points=40
21:50:22 [ultranest] [DEBUG] minimal_widths_sequence: [(-inf, 400.0), (inf, 400.0)]
21:50:22 [ultranest] [DEBUG] iteration=0, ncalls=8609, regioncalls=0, ndraw=40, logz=-inf, remainder_fraction=100.0000%, Lmin=-531174705.20, Lmax=-9.61
21:50:22 [ultranest] [DEBUG] iteration=40, ncalls=8609, regioncalls=0, ndraw=40, logz=-6186520.73, remainder_fraction=100.0000%, Lmin=-6043128.00, Lmax=-9.61
21:50:22 [ultranest] [DEBUG] iteration=80, ncalls=8609, regioncalls=0, ndraw=40, logz=-510328.29, remainder_fraction=100.0000%, Lmin=-470874.54, Lmax=-9.61
21:50:22 [ultranest] [DEBUG] iteration=90, ncalls=8609, regioncalls=0, ndraw=40, logz=-340586.98, remainder_fraction=100.0000%, Lmin=-319415.11, Lmax=-9.61
21:50:22 [ultranest] [DEBUG] iteration=120, ncalls=8609, regioncalls=0, ndraw=40, logz=-44005.90, remainder_fraction=100.0000%, Lmin=-35571.93, Lmax=-9.61
21:50:22 [ultranest] [DEBUG] iteration=160, ncalls=8609, regioncalls=0, ndraw=40, logz=-3542.38, remainder_fraction=100.0000%, Lmin=-3487.25, Lmax=-9.61
21:50:22 [ultranest] [DEBUG] iteration=200, ncalls=8609, regioncalls=0, ndraw=40, logz=-558.43, remainder_fraction=100.0000%, Lmin=-520.36, Lmax=-9.29
21:50:22 [ultranest] [DEBUG] Plateau detected at L=-1.854791e+02, not replacing live point.
21:50:22 [ultranest] [DEBUG] Plateau detected at L=-1.854791e+02, not replacing live point.
21:50:22 [ultranest] [DEBUG] Plateau detected at L=-1.854791e+02, not replacing live point.
21:50:22 [ultranest] [DEBUG] Plateau detected at L=-1.854791e+02, not replacing live point.
21:50:22 [ultranest] [DEBUG] Plateau detected at L=-1.854791e+02, not replacing live point.
21:50:22 [ultranest] [DEBUG] Plateau detected at L=-1.854791e+02, not replacing live point.
21:50:22 [ultranest] [DEBUG] Plateau detected at L=-1.854791e+02, not replacing live point.
21:50:22 [ultranest] [DEBUG] Plateau detected at L=-1.854791e+02, not replacing live point.
21:50:22 [ultranest] [DEBUG] Plateau detected at L=-1.854791e+02, not replacing live point.
21:50:22 [ultranest] [DEBUG] Plateau detected at L=-1.854791e+02, not replacing live point.
21:50:22 [ultranest] [DEBUG] Plateau detected at L=-1.854791e+02, not replacing live point.
21:50:22 [ultranest] [DEBUG] Plateau detected at L=-1.854791e+02, not replacing live point.
21:50:22 [ultranest] [DEBUG] Plateau detected at L=-1.854791e+02, not replacing live point.
21:50:22 [ultranest] [DEBUG] Plateau detected at L=-1.854791e+02, not replacing live point.
21:50:22 [ultranest] [DEBUG] Plateau detected at L=-1.854791e+02, not replacing live point.
21:50:22 [ultranest] [DEBUG] Plateau detected at L=-1.854791e+02, not replacing live point.
21:50:22 [ultranest] [DEBUG] Plateau detected at L=-1.854791e+02, not replacing live point.
21:50:22 [ultranest] [DEBUG] Plateau detected at L=-1.854791e+02, not replacing live point.
21:50:22 [ultranest] [DEBUG] Plateau detected at L=-1.854791e+02, not replacing live point.
21:50:22 [ultranest] [DEBUG] Plateau detected at L=-1.854791e+02, not replacing live point.
21:50:22 [ultranest] [DEBUG] Plateau detected at L=-1.854791e+02, not replacing live point.
21:50:22 [ultranest] [DEBUG] Plateau detected at L=-1.854791e+02, not replacing live point.
21:50:22 [ultranest] [DEBUG] Plateau detected at L=-1.854791e+02, not replacing live point.
21:50:22 [ultranest] [DEBUG] Plateau detected at L=-1.854791e+02, not replacing live point.
21:50:22 [ultranest] [DEBUG] Plateau detected at L=-1.854791e+02, not replacing live point.
21:50:22 [ultranest] [DEBUG] Plateau detected at L=-1.854791e+02, not replacing live point.
21:50:22 [ultranest] [DEBUG] Plateau detected at L=-1.854791e+02, not replacing live point.
21:50:22 [ultranest] [DEBUG] Plateau detected at L=-1.854791e+02, not replacing live point.
21:50:22 [ultranest] [DEBUG] Plateau detected at L=-1.854791e+02, not replacing live point.
21:50:22 [ultranest] [DEBUG] Plateau detected at L=-1.854791e+02, not replacing live point.
21:50:22 [ultranest] [DEBUG] Plateau detected at L=-1.854791e+02, not replacing live point.
21:50:22 [ultranest] [DEBUG] Plateau detected at L=-1.854791e+02, not replacing live point.
21:50:22 [ultranest] [DEBUG] Plateau detected at L=-1.854791e+02, not replacing live point.
21:50:22 [ultranest] [DEBUG] Plateau detected at L=-1.854791e+02, not replacing live point.
21:50:22 [ultranest] [DEBUG] Plateau detected at L=-1.854791e+02, not replacing live point.
21:50:22 [ultranest] [DEBUG] Plateau detected at L=-1.854791e+02, not replacing live point.
21:50:22 [ultranest] [DEBUG] Plateau detected at L=-1.854791e+02, not replacing live point.
21:50:22 [ultranest] [DEBUG] Plateau detected at L=-1.854791e+02, not replacing live point.
21:50:22 [ultranest] [DEBUG] Plateau detected at L=-1.854791e+02, not replacing live point.
21:50:22 [ultranest] [DEBUG] Plateau detected at L=-1.854791e+02, not replacing live point.
21:50:22 [ultranest] [DEBUG] Plateau detected at L=-1.854791e+02, not replacing live point.
21:50:22 [ultranest] [DEBUG] Plateau detected at L=-1.854791e+02, not replacing live point.
21:50:22 [ultranest] [DEBUG] Plateau detected at L=-1.854791e+02, not replacing live point.
21:50:22 [ultranest] [DEBUG] Plateau detected at L=-1.854791e+02, not replacing live point.
21:50:22 [ultranest] [DEBUG] Plateau detected at L=-1.854791e+02, not replacing live point.
21:50:22 [ultranest] [DEBUG] Plateau detected at L=-1.854791e+02, not replacing live point.
21:50:22 [ultranest] [DEBUG] Plateau detected at L=-1.854791e+02, not replacing live point.
21:50:22 [ultranest] [DEBUG] Plateau detected at L=-1.854791e+02, not replacing live point.
21:50:22 [ultranest] [DEBUG] Plateau detected at L=-1.854791e+02, not replacing live point.
21:50:22 [ultranest] [DEBUG] Plateau detected at L=-1.854791e+02, not replacing live point.
21:50:22 [ultranest] [DEBUG] Plateau detected at L=-1.854791e+02, not replacing live point.
21:50:22 [ultranest] [DEBUG] Plateau detected at L=-1.854791e+02, not replacing live point.
21:50:22 [ultranest] [DEBUG] Plateau detected at L=-1.854791e+02, not replacing live point.
21:50:22 [ultranest] [DEBUG] Plateau detected at L=-1.854791e+02, not replacing live point.
21:50:22 [ultranest] [DEBUG] Plateau detected at L=-1.854791e+02, not replacing live point.
21:50:22 [ultranest] [DEBUG] Plateau detected at L=-1.854791e+02, not replacing live point.
21:50:23 [ultranest] [DEBUG] Plateau detected at L=-1.854791e+02, not replacing live point.
21:50:23 [ultranest] [DEBUG] Plateau detected at L=-1.854791e+02, not replacing live point.
21:50:23 [ultranest] [DEBUG] Plateau detected at L=-1.854791e+02, not replacing live point.
21:50:23 [ultranest] [DEBUG] Plateau detected at L=-1.854791e+02, not replacing live point.
21:50:23 [ultranest] [DEBUG] Plateau detected at L=-1.854791e+02, not replacing live point.
21:50:23 [ultranest] [DEBUG] Plateau detected at L=-1.854791e+02, not replacing live point.
21:50:23 [ultranest] [DEBUG] Plateau detected at L=-1.854791e+02, not replacing live point.
21:50:23 [ultranest] [DEBUG] Plateau detected at L=-1.854791e+02, not replacing live point.
21:50:23 [ultranest] [DEBUG] Plateau detected at L=-1.854791e+02, not replacing live point.
21:50:23 [ultranest] [DEBUG] Plateau detected at L=-1.854791e+02, not replacing live point.
21:50:23 [ultranest] [DEBUG] Plateau detected at L=-1.854791e+02, not replacing live point.
21:50:23 [ultranest] [DEBUG] Plateau detected at L=-1.854791e+02, not replacing live point.
21:50:23 [ultranest] [DEBUG] iteration=297, ncalls=8609, regioncalls=0, ndraw=40, logz=-187.78, remainder_fraction=100.0000%, Lmin=-185.48, Lmax=-9.29
21:50:23 [ultranest] [DEBUG] Plateau detected at L=-1.854791e+02, not replacing live point.
21:50:23 [ultranest] [DEBUG] Plateau detected at L=-1.854791e+02, not replacing live point.
21:50:23 [ultranest] [DEBUG] Plateau detected at L=-1.854791e+02, not replacing live point.
21:50:23 [ultranest] [DEBUG] Plateau detected at L=-1.854791e+02, not replacing live point.
21:50:23 [ultranest] [DEBUG] iteration=302, ncalls=8609, regioncalls=0, ndraw=40, logz=-187.71, remainder_fraction=100.0000%, Lmin=-185.48, Lmax=-9.29
21:50:23 [ultranest] [DEBUG] iteration=320, ncalls=8609, regioncalls=0, ndraw=40, logz=-187.51, remainder_fraction=100.0000%, Lmin=-185.48, Lmax=-9.29
21:50:23 [ultranest] [DEBUG] iteration=360, ncalls=8609, regioncalls=0, ndraw=40, logz=-187.18, remainder_fraction=100.0000%, Lmin=-185.48, Lmax=-9.29
21:50:23 [ultranest] [DEBUG] clustering found some stray points [need_accept=False] (array([1, 2]), array([327,   1]))
21:50:23 [ultranest] [DEBUG] iteration=400, ncalls=8609, regioncalls=0, ndraw=40, logz=-186.97, remainder_fraction=100.0000%, Lmin=-185.47, Lmax=-9.29
21:50:23 [ultranest] [DEBUG] iteration=440, ncalls=8609, regioncalls=0, ndraw=40, logz=-186.80, remainder_fraction=100.0000%, Lmin=-185.42, Lmax=-9.29
21:50:23 [ultranest] [DEBUG] iteration=480, ncalls=8609, regioncalls=0, ndraw=40, logz=-186.66, remainder_fraction=100.0000%, Lmin=-185.07, Lmax=-9.29
21:50:23 [ultranest] [DEBUG] iteration=520, ncalls=8609, regioncalls=0, ndraw=40, logz=-186.45, remainder_fraction=100.0000%, Lmin=-184.24, Lmax=-9.29
21:50:23 [ultranest] [DEBUG] iteration=560, ncalls=8609, regioncalls=0, ndraw=40, logz=-186.10, remainder_fraction=100.0000%, Lmin=-183.10, Lmax=-9.29
21:50:23 [ultranest] [DEBUG] iteration=598, ncalls=8609, regioncalls=0, ndraw=40, logz=-184.85, remainder_fraction=100.0000%, Lmin=-180.34, Lmax=-9.23
21:50:23 [ultranest] [DEBUG] iteration=600, ncalls=8609, regioncalls=0, ndraw=40, logz=-184.75, remainder_fraction=100.0000%, Lmin=-180.13, Lmax=-9.23
21:50:23 [ultranest] [DEBUG] iteration=640, ncalls=8609, regioncalls=0, ndraw=40, logz=-182.10, remainder_fraction=100.0000%, Lmin=-177.00, Lmax=-9.23
21:50:23 [ultranest] [DEBUG] iteration=680, ncalls=8609, regioncalls=0, ndraw=40, logz=-177.49, remainder_fraction=100.0000%, Lmin=-171.64, Lmax=-9.23
21:50:23 [ultranest] [DEBUG] iteration=720, ncalls=8609, regioncalls=0, ndraw=40, logz=-170.40, remainder_fraction=100.0000%, Lmin=-164.15, Lmax=-9.23
21:50:23 [ultranest] [DEBUG] clustering found some stray points [need_accept=False] (array([1, 2]), array([327,   1]))
21:50:23 [ultranest] [DEBUG] iteration=760, ncalls=8609, regioncalls=0, ndraw=40, logz=-164.10, remainder_fraction=100.0000%, Lmin=-158.27, Lmax=-9.23
21:50:23 [ultranest] [DEBUG] iteration=800, ncalls=8609, regioncalls=0, ndraw=40, logz=-154.02, remainder_fraction=100.0000%, Lmin=-147.26, Lmax=-9.16
21:50:23 [ultranest] [DEBUG] iteration=840, ncalls=8609, regioncalls=0, ndraw=40, logz=-144.81, remainder_fraction=100.0000%, Lmin=-137.55, Lmax=-9.16
21:50:23 [ultranest] [DEBUG] iteration=880, ncalls=8609, regioncalls=0, ndraw=40, logz=-135.72, remainder_fraction=100.0000%, Lmin=-129.44, Lmax=-9.16
21:50:23 [ultranest] [DEBUG] iteration=920, ncalls=8609, regioncalls=0, ndraw=40, logz=-127.60, remainder_fraction=100.0000%, Lmin=-119.66, Lmax=-9.16
21:50:23 [ultranest] [DEBUG] iteration=960, ncalls=8609, regioncalls=0, ndraw=40, logz=-116.14, remainder_fraction=100.0000%, Lmin=-109.08, Lmax=-9.16
21:50:23 [ultranest] [DEBUG] iteration=1000, ncalls=8609, regioncalls=0, ndraw=40, logz=-108.00, remainder_fraction=100.0000%, Lmin=-100.35, Lmax=-9.16
21:50:23 [ultranest] [DEBUG] iteration=1040, ncalls=8609, regioncalls=0, ndraw=40, logz=-98.57, remainder_fraction=100.0000%, Lmin=-91.37, Lmax=-9.14
21:50:23 [ultranest] [DEBUG] iteration=1080, ncalls=8609, regioncalls=0, ndraw=40, logz=-92.05, remainder_fraction=100.0000%, Lmin=-85.43, Lmax=-9.14
21:50:23 [ultranest] [DEBUG] iteration=1120, ncalls=8609, regioncalls=0, ndraw=40, logz=-85.07, remainder_fraction=100.0000%, Lmin=-77.83, Lmax=-9.14
21:50:23 [ultranest] [DEBUG] iteration=1160, ncalls=8609, regioncalls=0, ndraw=40, logz=-79.47, remainder_fraction=100.0000%, Lmin=-72.36, Lmax=-9.14
21:50:23 [ultranest] [DEBUG] iteration=1200, ncalls=8609, regioncalls=0, ndraw=40, logz=-72.82, remainder_fraction=100.0000%, Lmin=-64.92, Lmax=-9.14
21:50:23 [ultranest] [DEBUG] iteration=1240, ncalls=8609, regioncalls=0, ndraw=40, logz=-66.81, remainder_fraction=100.0000%, Lmin=-59.25, Lmax=-9.14
21:50:23 [ultranest] [DEBUG] iteration=1264, ncalls=8609, regioncalls=0, ndraw=40, logz=-61.64, remainder_fraction=100.0000%, Lmin=-53.10, Lmax=-9.14
21:50:23 [ultranest] [DEBUG] iteration=1280, ncalls=8609, regioncalls=0, ndraw=40, logz=-58.19, remainder_fraction=100.0000%, Lmin=-50.44, Lmax=-9.14
21:50:23 [ultranest] [DEBUG] iteration=1320, ncalls=8609, regioncalls=0, ndraw=40, logz=-53.14, remainder_fraction=100.0000%, Lmin=-45.78, Lmax=-9.14
21:50:23 [ultranest] [DEBUG] iteration=1338, ncalls=8609, regioncalls=0, ndraw=40, logz=-51.37, remainder_fraction=100.0000%, Lmin=-43.74, Lmax=-9.14
21:50:23 [ultranest] [DEBUG] iteration=1360, ncalls=8609, regioncalls=0, ndraw=40, logz=-48.89, remainder_fraction=100.0000%, Lmin=-41.37, Lmax=-9.14
21:50:23 [ultranest] [DEBUG] iteration=1400, ncalls=8609, regioncalls=0, ndraw=40, logz=-44.66, remainder_fraction=100.0000%, Lmin=-36.92, Lmax=-8.90
21:50:23 [ultranest] [DEBUG] iteration=1440, ncalls=8609, regioncalls=0, ndraw=40, logz=-41.07, remainder_fraction=100.0000%, Lmin=-33.71, Lmax=-8.90
21:50:23 [ultranest] [DEBUG] iteration=1480, ncalls=8609, regioncalls=0, ndraw=40, logz=-37.95, remainder_fraction=100.0000%, Lmin=-30.63, Lmax=-8.90
21:50:23 [ultranest] [DEBUG] iteration=1520, ncalls=8609, regioncalls=0, ndraw=40, logz=-35.42, remainder_fraction=100.0000%, Lmin=-27.74, Lmax=-8.90
21:50:23 [ultranest] [DEBUG] iteration=1560, ncalls=8609, regioncalls=0, ndraw=40, logz=-32.34, remainder_fraction=100.0000%, Lmin=-24.33, Lmax=-8.90
21:50:23 [ultranest] [DEBUG] iteration=1600, ncalls=8609, regioncalls=0, ndraw=40, logz=-29.87, remainder_fraction=99.9999%, Lmin=-22.21, Lmax=-8.90
21:50:23 [ultranest] [DEBUG] iteration=1634, ncalls=8609, regioncalls=0, ndraw=40, logz=-28.14, remainder_fraction=99.9995%, Lmin=-20.60, Lmax=-8.90
21:50:23 [ultranest] [DEBUG] iteration=1640, ncalls=8609, regioncalls=0, ndraw=40, logz=-27.90, remainder_fraction=99.9993%, Lmin=-20.49, Lmax=-8.90
21:50:23 [ultranest] [DEBUG] iteration=1680, ncalls=8609, regioncalls=0, ndraw=40, logz=-26.60, remainder_fraction=99.9975%, Lmin=-19.31, Lmax=-8.90
21:50:23 [ultranest] [DEBUG] iteration=1708, ncalls=8609, regioncalls=0, ndraw=40, logz=-25.62, remainder_fraction=99.9931%, Lmin=-18.04, Lmax=-8.90
21:50:23 [ultranest] [DEBUG] iteration=1720, ncalls=8609, regioncalls=0, ndraw=40, logz=-25.19, remainder_fraction=99.9893%, Lmin=-17.69, Lmax=-8.90
21:50:23 [ultranest] [DEBUG] iteration=1760, ncalls=8609, regioncalls=0, ndraw=40, logz=-23.96, remainder_fraction=99.9633%, Lmin=-16.54, Lmax=-8.90
21:50:23 [ultranest] [DEBUG] iteration=1782, ncalls=8609, regioncalls=0, ndraw=40, logz=-23.40, remainder_fraction=99.9353%, Lmin=-15.91, Lmax=-8.90
21:50:23 [ultranest] [DEBUG] iteration=1800, ncalls=8609, regioncalls=0, ndraw=40, logz=-22.92, remainder_fraction=99.8952%, Lmin=-15.47, Lmax=-8.90
21:50:23 [ultranest] [DEBUG] iteration=1840, ncalls=8609, regioncalls=0, ndraw=40, logz=-22.00, remainder_fraction=99.7293%, Lmin=-14.56, Lmax=-8.90
21:50:23 [ultranest] [DEBUG] iteration=1856, ncalls=8609, regioncalls=0, ndraw=40, logz=-21.66, remainder_fraction=99.6206%, Lmin=-14.30, Lmax=-8.90
21:50:23 [ultranest] [DEBUG] iteration=1880, ncalls=8609, regioncalls=0, ndraw=40, logz=-21.18, remainder_fraction=99.3719%, Lmin=-13.65, Lmax=-8.90
21:50:23 [ultranest] [DEBUG] iteration=1920, ncalls=8609, regioncalls=0, ndraw=40, logz=-20.48, remainder_fraction=98.7394%, Lmin=-13.16, Lmax=-8.90
21:50:23 [ultranest] [DEBUG] iteration=1930, ncalls=8609, regioncalls=0, ndraw=40, logz=-20.34, remainder_fraction=98.5301%, Lmin=-13.07, Lmax=-8.90
21:50:23 [ultranest] [DEBUG] iteration=1960, ncalls=8609, regioncalls=0, ndraw=40, logz=-19.94, remainder_fraction=97.7914%, Lmin=-12.67, Lmax=-8.90
21:50:23 [ultranest] [DEBUG] iteration=2000, ncalls=8609, regioncalls=0, ndraw=40, logz=-19.49, remainder_fraction=96.4990%, Lmin=-12.30, Lmax=-8.90
21:50:24 [ultranest] [DEBUG] iteration=2004, ncalls=8609, regioncalls=0, ndraw=40, logz=-19.45, remainder_fraction=96.3935%, Lmin=-12.25, Lmax=-8.90
21:50:24 [ultranest] [DEBUG] iteration=2040, ncalls=8609, regioncalls=0, ndraw=40, logz=-19.08, remainder_fraction=94.8233%, Lmin=-11.85, Lmax=-8.90
21:50:24 [ultranest] [DEBUG] iteration=2080, ncalls=8609, regioncalls=0, ndraw=40, logz=-18.72, remainder_fraction=92.5216%, Lmin=-11.46, Lmax=-8.90
21:50:24 [ultranest] [DEBUG] iteration=2120, ncalls=8609, regioncalls=0, ndraw=40, logz=-18.38, remainder_fraction=89.5609%, Lmin=-11.12, Lmax=-8.90
21:50:24 [ultranest] [DEBUG] iteration=2160, ncalls=8609, regioncalls=0, ndraw=40, logz=-18.09, remainder_fraction=85.9674%, Lmin=-10.85, Lmax=-8.90
21:50:24 [ultranest] [DEBUG] iteration=2200, ncalls=8609, regioncalls=0, ndraw=40, logz=-17.83, remainder_fraction=81.9529%, Lmin=-10.60, Lmax=-8.90
21:50:24 [ultranest] [DEBUG] iteration=2226, ncalls=8609, regioncalls=0, ndraw=40, logz=-17.69, remainder_fraction=79.0673%, Lmin=-10.49, Lmax=-8.90
21:50:24 [ultranest] [DEBUG] iteration=2240, ncalls=8609, regioncalls=0, ndraw=40, logz=-17.61, remainder_fraction=77.5309%, Lmin=-10.43, Lmax=-8.90
21:50:24 [ultranest] [DEBUG] iteration=2280, ncalls=8609, regioncalls=0, ndraw=40, logz=-17.43, remainder_fraction=73.0364%, Lmin=-10.28, Lmax=-8.90
21:50:24 [ultranest] [DEBUG] iteration=2300, ncalls=8609, regioncalls=0, ndraw=40, logz=-17.34, remainder_fraction=70.6412%, Lmin=-10.20, Lmax=-8.90
21:50:24 [ultranest] [DEBUG] iteration=2320, ncalls=8609, regioncalls=0, ndraw=40, logz=-17.27, remainder_fraction=68.2481%, Lmin=-10.16, Lmax=-8.90
21:50:24 [ultranest] [DEBUG] iteration=2360, ncalls=8609, regioncalls=0, ndraw=40, logz=-17.13, remainder_fraction=63.5115%, Lmin=-10.07, Lmax=-8.90
21:50:24 [ultranest] [DEBUG] iteration=2400, ncalls=8609, regioncalls=0, ndraw=40, logz=-17.02, remainder_fraction=59.3131%, Lmin=-9.97, Lmax=-8.90
21:50:24 [ultranest] [DEBUG] iteration=2440, ncalls=8609, regioncalls=0, ndraw=40, logz=-16.92, remainder_fraction=55.1740%, Lmin=-9.86, Lmax=-8.90
21:50:24 [ultranest] [DEBUG] iteration=2480, ncalls=8609, regioncalls=0, ndraw=40, logz=-16.83, remainder_fraction=51.0040%, Lmin=-9.78, Lmax=-8.90
21:50:24 [ultranest] [DEBUG] iteration=2520, ncalls=8609, regioncalls=0, ndraw=40, logz=-16.75, remainder_fraction=47.0438%, Lmin=-9.71, Lmax=-8.90
21:50:24 [ultranest] [DEBUG] iteration=2560, ncalls=8609, regioncalls=0, ndraw=40, logz=-16.68, remainder_fraction=43.2557%, Lmin=-9.63, Lmax=-8.90
21:50:24 [ultranest] [DEBUG] iteration=2600, ncalls=8609, regioncalls=0, ndraw=40, logz=-16.61, remainder_fraction=39.5526%, Lmin=-9.57, Lmax=-8.90
21:50:24 [ultranest] [DEBUG] iteration=2640, ncalls=8609, regioncalls=0, ndraw=40, logz=-16.56, remainder_fraction=36.2988%, Lmin=-9.52, Lmax=-8.90
21:50:24 [ultranest] [DEBUG] iteration=2670, ncalls=8609, regioncalls=0, ndraw=40, logz=-16.52, remainder_fraction=33.8513%, Lmin=-9.48, Lmax=-8.90
21:50:24 [ultranest] [DEBUG] iteration=2680, ncalls=8609, regioncalls=0, ndraw=40, logz=-16.51, remainder_fraction=33.0728%, Lmin=-9.46, Lmax=-8.89
21:50:24 [ultranest] [DEBUG] iteration=2720, ncalls=8609, regioncalls=0, ndraw=40, logz=-16.47, remainder_fraction=30.0531%, Lmin=-9.41, Lmax=-8.89
21:50:24 [ultranest] [DEBUG] iteration=2744, ncalls=8609, regioncalls=0, ndraw=40, logz=-16.44, remainder_fraction=28.4043%, Lmin=-9.38, Lmax=-8.89
21:50:24 [ultranest] [DEBUG] iteration=2760, ncalls=8609, regioncalls=0, ndraw=40, logz=-16.43, remainder_fraction=27.3609%, Lmin=-9.36, Lmax=-8.89
21:50:24 [ultranest] [DEBUG] iteration=2800, ncalls=8609, regioncalls=0, ndraw=40, logz=-16.39, remainder_fraction=24.7667%, Lmin=-9.32, Lmax=-8.89
21:50:24 [ultranest] [DEBUG] iteration=2840, ncalls=8609, regioncalls=0, ndraw=40, logz=-16.36, remainder_fraction=22.3434%, Lmin=-9.28, Lmax=-8.89
21:50:24 [ultranest] [DEBUG] iteration=2880, ncalls=8609, regioncalls=0, ndraw=40, logz=-16.34, remainder_fraction=20.1499%, Lmin=-9.24, Lmax=-8.89
21:50:24 [ultranest] [DEBUG] iteration=2920, ncalls=8609, regioncalls=0, ndraw=40, logz=-16.31, remainder_fraction=18.1224%, Lmin=-9.21, Lmax=-8.89
21:50:24 [ultranest] [DEBUG] iteration=2960, ncalls=8609, regioncalls=0, ndraw=40, logz=-16.29, remainder_fraction=16.3094%, Lmin=-9.18, Lmax=-8.89
21:50:24 [ultranest] [DEBUG] iteration=2966, ncalls=8609, regioncalls=0, ndraw=40, logz=-16.29, remainder_fraction=16.0479%, Lmin=-9.18, Lmax=-8.89
21:50:24 [ultranest] [DEBUG] iteration=3000, ncalls=8609, regioncalls=0, ndraw=40, logz=-16.27, remainder_fraction=14.6529%, Lmin=-9.15, Lmax=-8.89
21:50:24 [ultranest] [DEBUG] iteration=3040, ncalls=8609, regioncalls=0, ndraw=40, logz=-16.25, remainder_fraction=13.1453%, Lmin=-9.13, Lmax=-8.89
21:50:24 [ultranest] [DEBUG] iteration=3080, ncalls=8609, regioncalls=0, ndraw=40, logz=-16.24, remainder_fraction=11.7920%, Lmin=-9.10, Lmax=-8.88
21:50:24 [ultranest] [DEBUG] iteration=3114, ncalls=8609, regioncalls=0, ndraw=40, logz=-16.22, remainder_fraction=10.7190%, Lmin=-9.08, Lmax=-8.88
21:50:24 [ultranest] [DEBUG] iteration=3120, ncalls=8609, regioncalls=0, ndraw=40, logz=-16.22, remainder_fraction=10.5399%, Lmin=-9.08, Lmax=-8.88
21:50:24 [ultranest] [DEBUG] iteration=3160, ncalls=8609, regioncalls=0, ndraw=40, logz=-16.21, remainder_fraction=9.4211%, Lmin=-9.06, Lmax=-8.88
21:50:24 [ultranest] [DEBUG] iteration=3188, ncalls=8609, regioncalls=0, ndraw=40, logz=-16.20, remainder_fraction=8.7088%, Lmin=-9.05, Lmax=-8.88
21:50:24 [ultranest] [DEBUG] iteration=3200, ncalls=8609, regioncalls=0, ndraw=40, logz=-16.20, remainder_fraction=8.4204%, Lmin=-9.04, Lmax=-8.88
21:50:24 [ultranest] [DEBUG] iteration=3240, ncalls=8609, regioncalls=0, ndraw=40, logz=-16.19, remainder_fraction=7.4984%, Lmin=-9.03, Lmax=-8.88
21:50:24 [ultranest] [DEBUG] iteration=3262, ncalls=8609, regioncalls=0, ndraw=40, logz=-16.18, remainder_fraction=7.0396%, Lmin=-9.03, Lmax=-8.88
21:50:24 [ultranest] [DEBUG] iteration=3280, ncalls=8609, regioncalls=0, ndraw=40, logz=-16.18, remainder_fraction=6.6883%, Lmin=-9.02, Lmax=-8.88
21:50:24 [ultranest] [DEBUG] iteration=3320, ncalls=8609, regioncalls=0, ndraw=40, logz=-16.17, remainder_fraction=5.9555%, Lmin=-9.01, Lmax=-8.88
21:50:24 [ultranest] [DEBUG] iteration=3336, ncalls=8609, regioncalls=0, ndraw=40, logz=-16.17, remainder_fraction=5.6868%, Lmin=-9.00, Lmax=-8.88
21:50:24 [ultranest] [DEBUG] iteration=3360, ncalls=8609, regioncalls=0, ndraw=40, logz=-16.17, remainder_fraction=5.3014%, Lmin=-9.00, Lmax=-8.88
21:50:24 [ultranest] [DEBUG] iteration=3400, ncalls=8609, regioncalls=0, ndraw=40, logz=-16.16, remainder_fraction=4.7175%, Lmin=-8.99, Lmax=-8.88
21:50:24 [ultranest] [DEBUG] iteration=3410, ncalls=8609, regioncalls=0, ndraw=40, logz=-16.16, remainder_fraction=4.5808%, Lmin=-8.99, Lmax=-8.88
21:50:24 [ultranest] [INFO] Explored until L=-9  
21:50:24 [ultranest] [INFO] Likelihood function evaluations: 8609
21:50:25 [ultranest] [INFO] Writing samples and results to disk ...
21:50:25 [ultranest] [INFO] Writing samples and results to disk ... done
21:50:25 [ultranest] [DEBUG] did a run_iter pass!
21:50:25 [ultranest] [INFO]   logZ = -16.1 +- 0.09956
21:50:25 [ultranest] [INFO] Effective samples strategy satisfied (ESS = 1294.5, need >400)
21:50:25 [ultranest] [INFO] Posterior uncertainty strategy is satisfied (KL: 0.46+-0.12 nat, need <0.50 nat)
21:50:25 [ultranest] [INFO] Evidency uncertainty strategy is satisfied (dlogz=0.11, need <0.5)
21:50:25 [ultranest] [INFO]   logZ error budget: single: 0.14 bs:0.10 tail:0.04 total:0.11 required:<0.50
21:50:25 [ultranest] [INFO] done iterating.
21:50:26 [ultranest] [DEBUG] Making corner plot ...
21:50:27 [ultranest] [DEBUG] Making corner plot ... done
21:50:27 [ultranest] [DEBUG] Making run plot ... 
21:50:28 [ultranest] [DEBUG] Making run plot ... done
21:50:28 [ultranest] [DEBUG] Making trace plot ... 
21:50:29 [ultranest] [DEBUG] Making trace plot ... done
