15:16:05 [ultranest] [DEBUG] ReactiveNestedSampler: dims=3+0, resume=True, log_dir=/home/orion51/Desktop/Research/spectral_fitting/FGL_spectral_fitting/Individual_sources/2CXOJ063805.1-801854/mekal_out_, backend=hdf5, vectorized=False, nbootstraps=30, ndraw=128..65536
15:16:05 [ultranest] [INFO] Sampling 400 live points from prior ...
15:16:06 [ultranest] [DEBUG] run_iter dlogz=0.5, dKL=0.5, frac_remain=0.01, Lepsilon=0.1000, min_ess=400
15:16:06 [ultranest] [DEBUG] max_iters=-1, max_ncalls=-1, max_num_improvement_loops=-1, min_num_live_points=400, cluster_num_live_points=40
15:16:06 [ultranest] [DEBUG] minimal_widths_sequence: [(-inf, 400.0), (inf, 400.0)]
15:16:07 [ultranest] [DEBUG] iteration=0, ncalls=401, regioncalls=40, ndraw=40, logz=-inf, remainder_fraction=100.0000%, Lmin=-583012470.54, Lmax=-270.68
15:16:07 [ultranest] [DEBUG] iteration=24, ncalls=426, regioncalls=1040, ndraw=40, logz=-19211771.41, remainder_fraction=100.0000%, Lmin=-15270516.70, Lmax=-270.68
15:16:07 [ultranest] [DEBUG] iteration=40, ncalls=445, regioncalls=1800, ndraw=40, logz=-4781112.46, remainder_fraction=100.0000%, Lmin=-4777055.50, Lmax=-270.68
15:16:07 [ultranest] [DEBUG] iteration=62, ncalls=468, regioncalls=2720, ndraw=40, logz=-789669.24, remainder_fraction=100.0000%, Lmin=-785612.91, Lmax=-270.68
15:16:07 [ultranest] [DEBUG] iteration=80, ncalls=488, regioncalls=3520, ndraw=40, logz=-309708.67, remainder_fraction=100.0000%, Lmin=-301521.89, Lmax=-270.68
15:16:07 [ultranest] [DEBUG] iteration=102, ncalls=513, regioncalls=4520, ndraw=40, logz=-73760.04, remainder_fraction=100.0000%, Lmin=-69074.87, Lmax=-270.68
15:16:07 [ultranest] [DEBUG] iteration=120, ncalls=533, regioncalls=5320, ndraw=40, logz=-25524.38, remainder_fraction=100.0000%, Lmin=-20455.76, Lmax=-270.68
15:16:07 [ultranest] [DEBUG] iteration=146, ncalls=560, regioncalls=6400, ndraw=40, logz=-4112.43, remainder_fraction=100.0000%, Lmin=-3934.19, Lmax=-249.82
15:16:07 [ultranest] [DEBUG] iteration=160, ncalls=577, regioncalls=7080, ndraw=40, logz=-1991.50, remainder_fraction=100.0000%, Lmin=-1884.61, Lmax=-249.82
15:16:07 [ultranest] [DEBUG] Plateau detected at L=-1.516630e+03, not replacing live point.
15:16:07 [ultranest] [DEBUG] Plateau detected at L=-1.516630e+03, not replacing live point.
15:16:07 [ultranest] [DEBUG] Plateau detected at L=-1.516630e+03, not replacing live point.
15:16:07 [ultranest] [DEBUG] Plateau detected at L=-1.516630e+03, not replacing live point.
15:16:07 [ultranest] [DEBUG] Plateau detected at L=-1.516630e+03, not replacing live point.
15:16:07 [ultranest] [DEBUG] Plateau detected at L=-1.516630e+03, not replacing live point.
15:16:07 [ultranest] [DEBUG] Plateau detected at L=-1.516630e+03, not replacing live point.
15:16:07 [ultranest] [DEBUG] Plateau detected at L=-1.516630e+03, not replacing live point.
15:16:07 [ultranest] [DEBUG] Plateau detected at L=-1.516630e+03, not replacing live point.
15:16:07 [ultranest] [DEBUG] Plateau detected at L=-1.516630e+03, not replacing live point.
15:16:07 [ultranest] [DEBUG] Plateau detected at L=-1.516630e+03, not replacing live point.
15:16:07 [ultranest] [DEBUG] Plateau detected at L=-1.516630e+03, not replacing live point.
15:16:07 [ultranest] [DEBUG] Plateau detected at L=-1.516630e+03, not replacing live point.
15:16:07 [ultranest] [DEBUG] Plateau detected at L=-1.516630e+03, not replacing live point.
15:16:07 [ultranest] [DEBUG] Plateau detected at L=-1.516630e+03, not replacing live point.
15:16:07 [ultranest] [DEBUG] Plateau detected at L=-1.516630e+03, not replacing live point.
15:16:07 [ultranest] [DEBUG] Plateau detected at L=-1.516630e+03, not replacing live point.
15:16:07 [ultranest] [DEBUG] Plateau detected at L=-1.516630e+03, not replacing live point.
15:16:07 [ultranest] [DEBUG] Plateau detected at L=-1.516630e+03, not replacing live point.
15:16:07 [ultranest] [DEBUG] Plateau detected at L=-1.516630e+03, not replacing live point.
15:16:07 [ultranest] [DEBUG] Plateau detected at L=-1.516630e+03, not replacing live point.
15:16:07 [ultranest] [DEBUG] Plateau detected at L=-1.516630e+03, not replacing live point.
15:16:07 [ultranest] [DEBUG] Plateau detected at L=-1.516630e+03, not replacing live point.
15:16:07 [ultranest] [DEBUG] Plateau detected at L=-1.516630e+03, not replacing live point.
15:16:07 [ultranest] [DEBUG] Plateau detected at L=-1.516630e+03, not replacing live point.
15:16:07 [ultranest] [DEBUG] Plateau detected at L=-1.516630e+03, not replacing live point.
15:16:07 [ultranest] [DEBUG] Plateau detected at L=-1.516630e+03, not replacing live point.
15:16:07 [ultranest] [DEBUG] Plateau detected at L=-1.516630e+03, not replacing live point.
15:16:07 [ultranest] [DEBUG] Plateau detected at L=-1.516630e+03, not replacing live point.
15:16:07 [ultranest] [DEBUG] Plateau detected at L=-1.516630e+03, not replacing live point.
15:16:07 [ultranest] [DEBUG] Plateau detected at L=-1.516630e+03, not replacing live point.
15:16:07 [ultranest] [DEBUG] Plateau detected at L=-1.516630e+03, not replacing live point.
15:16:07 [ultranest] [DEBUG] Plateau detected at L=-1.516630e+03, not replacing live point.
15:16:07 [ultranest] [DEBUG] Plateau detected at L=-1.516630e+03, not replacing live point.
15:16:07 [ultranest] [DEBUG] Plateau detected at L=-1.516630e+03, not replacing live point.
15:16:07 [ultranest] [DEBUG] Plateau detected at L=-1.516630e+03, not replacing live point.
15:16:07 [ultranest] [DEBUG] Plateau detected at L=-1.516630e+03, not replacing live point.
15:16:07 [ultranest] [DEBUG] Plateau detected at L=-1.516630e+03, not replacing live point.
15:16:07 [ultranest] [DEBUG] Plateau detected at L=-1.516630e+03, not replacing live point.
15:16:07 [ultranest] [DEBUG] Plateau detected at L=-1.516630e+03, not replacing live point.
15:16:07 [ultranest] [DEBUG] Plateau detected at L=-1.516630e+03, not replacing live point.
15:16:07 [ultranest] [DEBUG] Plateau detected at L=-1.516630e+03, not replacing live point.
15:16:07 [ultranest] [DEBUG] Plateau detected at L=-1.516630e+03, not replacing live point.
15:16:07 [ultranest] [DEBUG] Plateau detected at L=-1.516630e+03, not replacing live point.
15:16:07 [ultranest] [DEBUG] Plateau detected at L=-1.516630e+03, not replacing live point.
15:16:07 [ultranest] [DEBUG] Plateau detected at L=-1.516630e+03, not replacing live point.
15:16:07 [ultranest] [DEBUG] Plateau detected at L=-1.516630e+03, not replacing live point.
15:16:07 [ultranest] [DEBUG] Plateau detected at L=-1.516630e+03, not replacing live point.
15:16:07 [ultranest] [DEBUG] Plateau detected at L=-1.516630e+03, not replacing live point.
15:16:07 [ultranest] [DEBUG] Plateau detected at L=-1.516630e+03, not replacing live point.
15:16:07 [ultranest] [DEBUG] Plateau detected at L=-1.516630e+03, not replacing live point.
15:16:07 [ultranest] [DEBUG] Plateau detected at L=-1.516630e+03, not replacing live point.
15:16:07 [ultranest] [DEBUG] Plateau detected at L=-1.516630e+03, not replacing live point.
15:16:07 [ultranest] [DEBUG] Plateau detected at L=-1.516630e+03, not replacing live point.
15:16:07 [ultranest] [DEBUG] iteration=224, ncalls=590, regioncalls=7600, ndraw=40, logz=-1519.06, remainder_fraction=100.0000%, Lmin=-1516.63, Lmax=-249.82
15:16:07 [ultranest] [DEBUG] Plateau detected at L=-1.516630e+03, not replacing live point.
15:16:07 [ultranest] [DEBUG] iteration=226, ncalls=591, regioncalls=7640, ndraw=40, logz=-1519.02, remainder_fraction=100.0000%, Lmin=-1516.63, Lmax=-249.82
15:16:07 [ultranest] [DEBUG] Plateau detected at L=-1.516630e+03, not replacing live point.
15:16:07 [ultranest] [DEBUG] iteration=233, ncalls=599, regioncalls=7960, ndraw=40, logz=-1518.90, remainder_fraction=100.0000%, Lmin=-1516.63, Lmax=-249.82
15:16:07 [ultranest] [DEBUG] iteration=240, ncalls=609, regioncalls=8360, ndraw=40, logz=-1518.80, remainder_fraction=100.0000%, Lmin=-1516.63, Lmax=-249.82
15:16:08 [ultranest] [DEBUG] iteration=260, ncalls=633, regioncalls=9320, ndraw=40, logz=-1518.57, remainder_fraction=100.0000%, Lmin=-1516.63, Lmax=-182.59
15:16:08 [ultranest] [DEBUG] iteration=278, ncalls=663, regioncalls=10520, ndraw=40, logz=-1518.40, remainder_fraction=100.0000%, Lmin=-1516.63, Lmax=-182.59
15:16:08 [ultranest] [DEBUG] iteration=280, ncalls=667, regioncalls=10680, ndraw=40, logz=-1518.38, remainder_fraction=100.0000%, Lmin=-1516.63, Lmax=-182.59
15:16:08 [ultranest] [DEBUG] iteration=297, ncalls=696, regioncalls=11840, ndraw=40, logz=-1518.26, remainder_fraction=100.0000%, Lmin=-1516.63, Lmax=-182.59
15:16:08 [ultranest] [DEBUG] iteration=310, ncalls=716, regioncalls=12640, ndraw=40, logz=-1518.17, remainder_fraction=100.0000%, Lmin=-1516.63, Lmax=-182.59
15:16:08 [ultranest] [DEBUG] iteration=320, ncalls=733, regioncalls=13320, ndraw=40, logz=-1518.12, remainder_fraction=100.0000%, Lmin=-1516.62, Lmax=-182.59
15:16:08 [ultranest] [DEBUG] iteration=339, ncalls=762, regioncalls=14480, ndraw=40, logz=-1518.02, remainder_fraction=100.0000%, Lmin=-1516.60, Lmax=-182.59
15:16:08 [ultranest] [DEBUG] iteration=354, ncalls=792, regioncalls=15680, ndraw=40, logz=-1517.95, remainder_fraction=100.0000%, Lmin=-1516.50, Lmax=-182.59
15:16:08 [ultranest] [DEBUG] iteration=360, ncalls=804, regioncalls=16160, ndraw=40, logz=-1517.92, remainder_fraction=100.0000%, Lmin=-1516.47, Lmax=-182.59
15:16:08 [ultranest] [DEBUG] iteration=375, ncalls=835, regioncalls=17400, ndraw=40, logz=-1517.84, remainder_fraction=100.0000%, Lmin=-1516.07, Lmax=-182.59
15:16:08 [ultranest] [DEBUG] iteration=388, ncalls=864, regioncalls=18560, ndraw=40, logz=-1517.74, remainder_fraction=100.0000%, Lmin=-1515.56, Lmax=-182.59
15:16:08 [ultranest] [DEBUG] iteration=400, ncalls=885, regioncalls=19400, ndraw=40, logz=-1517.63, remainder_fraction=100.0000%, Lmin=-1515.25, Lmax=-182.59
15:16:08 [ultranest] [DEBUG] iteration=415, ncalls=916, regioncalls=20640, ndraw=40, logz=-1517.44, remainder_fraction=100.0000%, Lmin=-1514.79, Lmax=-182.59
15:16:09 [ultranest] [DEBUG] iteration=433, ncalls=952, regioncalls=22080, ndraw=40, logz=-1517.08, remainder_fraction=100.0000%, Lmin=-1513.29, Lmax=-182.59
15:16:09 [ultranest] [DEBUG] iteration=440, ncalls=971, regioncalls=22840, ndraw=40, logz=-1516.79, remainder_fraction=100.0000%, Lmin=-1512.84, Lmax=-182.59
15:16:09 [ultranest] [DEBUG] iteration=453, ncalls=1004, regioncalls=24160, ndraw=40, logz=-1516.04, remainder_fraction=100.0000%, Lmin=-1510.99, Lmax=-182.59
15:16:09 [ultranest] [DEBUG] iteration=464, ncalls=1030, regioncalls=25200, ndraw=40, logz=-1514.96, remainder_fraction=100.0000%, Lmin=-1510.18, Lmax=-182.59
15:16:09 [ultranest] [DEBUG] iteration=473, ncalls=1063, regioncalls=26520, ndraw=40, logz=-1513.59, remainder_fraction=100.0000%, Lmin=-1508.05, Lmax=-182.59
15:16:09 [ultranest] [DEBUG] iteration=480, ncalls=1079, regioncalls=27160, ndraw=40, logz=-1512.48, remainder_fraction=100.0000%, Lmin=-1507.18, Lmax=-182.59
15:16:09 [ultranest] [DEBUG] iteration=495, ncalls=1111, regioncalls=28440, ndraw=40, logz=-1509.77, remainder_fraction=100.0000%, Lmin=-1503.87, Lmax=-182.59
15:16:09 [ultranest] [DEBUG] iteration=505, ncalls=1146, regioncalls=29840, ndraw=40, logz=-1505.86, remainder_fraction=100.0000%, Lmin=-1499.99, Lmax=-182.59
15:16:09 [ultranest] [DEBUG] iteration=517, ncalls=1184, regioncalls=31360, ndraw=40, logz=-1501.36, remainder_fraction=100.0000%, Lmin=-1494.73, Lmax=-182.59
15:16:09 [ultranest] [DEBUG] iteration=520, ncalls=1191, regioncalls=31640, ndraw=40, logz=-1500.22, remainder_fraction=100.0000%, Lmin=-1494.15, Lmax=-182.59
15:16:09 [ultranest] [DEBUG] iteration=535, ncalls=1224, regioncalls=32960, ndraw=40, logz=-1493.94, remainder_fraction=100.0000%, Lmin=-1486.28, Lmax=-182.59
15:16:10 [ultranest] [DEBUG] iteration=547, ncalls=1254, regioncalls=34160, ndraw=40, logz=-1488.53, remainder_fraction=100.0000%, Lmin=-1481.38, Lmax=-182.59
15:16:10 [ultranest] [DEBUG] iteration=558, ncalls=1286, regioncalls=35440, ndraw=40, logz=-1482.30, remainder_fraction=100.0000%, Lmin=-1474.68, Lmax=-182.59
15:16:10 [ultranest] [DEBUG] iteration=560, ncalls=1289, regioncalls=35560, ndraw=40, logz=-1480.98, remainder_fraction=100.0000%, Lmin=-1474.08, Lmax=-182.59
15:16:10 [ultranest] [DEBUG] iteration=571, ncalls=1322, regioncalls=36880, ndraw=40, logz=-1475.66, remainder_fraction=100.0000%, Lmin=-1468.41, Lmax=-182.59
15:16:10 [ultranest] [DEBUG] iteration=585, ncalls=1354, regioncalls=38160, ndraw=40, logz=-1463.51, remainder_fraction=100.0000%, Lmin=-1457.29, Lmax=-177.07
15:16:10 [ultranest] [DEBUG] iteration=597, ncalls=1387, regioncalls=39480, ndraw=40, logz=-1455.50, remainder_fraction=100.0000%, Lmin=-1446.87, Lmax=-177.07
15:16:10 [ultranest] [DEBUG] iteration=600, ncalls=1394, regioncalls=39760, ndraw=40, logz=-1451.95, remainder_fraction=100.0000%, Lmin=-1444.16, Lmax=-177.07
15:16:10 [ultranest] [DEBUG] iteration=611, ncalls=1427, regioncalls=41080, ndraw=40, logz=-1443.77, remainder_fraction=100.0000%, Lmin=-1436.90, Lmax=-151.26
15:16:10 [ultranest] [DEBUG] iteration=625, ncalls=1455, regioncalls=42200, ndraw=40, logz=-1429.63, remainder_fraction=100.0000%, Lmin=-1420.07, Lmax=-151.26
15:16:10 [ultranest] [DEBUG] iteration=635, ncalls=1487, regioncalls=43480, ndraw=40, logz=-1418.47, remainder_fraction=100.0000%, Lmin=-1411.40, Lmax=-151.26
15:16:10 [ultranest] [DEBUG] iteration=640, ncalls=1498, regioncalls=43920, ndraw=40, logz=-1416.15, remainder_fraction=100.0000%, Lmin=-1409.48, Lmax=-151.26
15:16:10 [ultranest] [DEBUG] iteration=653, ncalls=1533, regioncalls=45320, ndraw=40, logz=-1400.32, remainder_fraction=100.0000%, Lmin=-1390.73, Lmax=-151.26
15:16:11 [ultranest] [DEBUG] iteration=663, ncalls=1568, regioncalls=46720, ndraw=40, logz=-1383.27, remainder_fraction=100.0000%, Lmin=-1375.20, Lmax=-151.26
15:16:11 [ultranest] [DEBUG] iteration=677, ncalls=1602, regioncalls=48080, ndraw=40, logz=-1368.49, remainder_fraction=100.0000%, Lmin=-1359.37, Lmax=-151.26
15:16:11 [ultranest] [DEBUG] iteration=680, ncalls=1611, regioncalls=48440, ndraw=40, logz=-1365.43, remainder_fraction=100.0000%, Lmin=-1358.24, Lmax=-151.26
15:16:11 [ultranest] [DEBUG] iteration=693, ncalls=1646, regioncalls=49840, ndraw=40, logz=-1351.40, remainder_fraction=100.0000%, Lmin=-1343.16, Lmax=-151.26
15:16:11 [ultranest] [DEBUG] iteration=700, ncalls=1675, regioncalls=51000, ndraw=40, logz=-1342.14, remainder_fraction=100.0000%, Lmin=-1333.93, Lmax=-151.26
15:16:11 [ultranest] [DEBUG] iteration=708, ncalls=1712, regioncalls=52480, ndraw=40, logz=-1330.13, remainder_fraction=100.0000%, Lmin=-1319.43, Lmax=-151.26
15:16:11 [ultranest] [DEBUG] iteration=716, ncalls=1747, regioncalls=53880, ndraw=40, logz=-1313.26, remainder_fraction=100.0000%, Lmin=-1304.95, Lmax=-151.26
15:16:11 [ultranest] [DEBUG] iteration=720, ncalls=1761, regioncalls=54440, ndraw=40, logz=-1306.75, remainder_fraction=100.0000%, Lmin=-1295.50, Lmax=-151.26
15:16:11 [ultranest] [DEBUG] iteration=729, ncalls=1800, regioncalls=56000, ndraw=40, logz=-1295.34, remainder_fraction=100.0000%, Lmin=-1287.43, Lmax=-151.26
15:16:11 [ultranest] [DEBUG] iteration=738, ncalls=1836, regioncalls=57440, ndraw=40, logz=-1284.60, remainder_fraction=100.0000%, Lmin=-1276.45, Lmax=-151.26
15:16:12 [ultranest] [DEBUG] iteration=745, ncalls=1874, regioncalls=58960, ndraw=40, logz=-1271.91, remainder_fraction=100.0000%, Lmin=-1263.70, Lmax=-151.26
15:16:12 [ultranest] [DEBUG] iteration=757, ncalls=1915, regioncalls=60600, ndraw=40, logz=-1253.26, remainder_fraction=100.0000%, Lmin=-1243.00, Lmax=-151.26
15:16:12 [ultranest] [DEBUG] iteration=760, ncalls=1927, regioncalls=61080, ndraw=40, logz=-1247.74, remainder_fraction=100.0000%, Lmin=-1238.93, Lmax=-151.26
15:16:12 [ultranest] [DEBUG] iteration=773, ncalls=1957, regioncalls=62280, ndraw=40, logz=-1230.49, remainder_fraction=100.0000%, Lmin=-1223.10, Lmax=-151.26
15:16:12 [ultranest] [DEBUG] iteration=786, ncalls=1992, regioncalls=63680, ndraw=40, logz=-1216.00, remainder_fraction=100.0000%, Lmin=-1208.02, Lmax=-151.26
15:16:12 [ultranest] [DEBUG] iteration=790, ncalls=2029, regioncalls=65160, ndraw=40, logz=-1211.11, remainder_fraction=100.0000%, Lmin=-1200.83, Lmax=-151.26
15:16:12 [ultranest] [DEBUG] iteration=798, ncalls=2064, regioncalls=66560, ndraw=40, logz=-1201.80, remainder_fraction=100.0000%, Lmin=-1191.22, Lmax=-151.26
15:16:12 [ultranest] [DEBUG] iteration=800, ncalls=2071, regioncalls=66840, ndraw=40, logz=-1198.55, remainder_fraction=100.0000%, Lmin=-1189.96, Lmax=-151.26
15:16:12 [ultranest] [DEBUG] iteration=811, ncalls=2116, regioncalls=68640, ndraw=40, logz=-1179.45, remainder_fraction=100.0000%, Lmin=-1168.02, Lmax=-151.26
15:16:12 [ultranest] [DEBUG] iteration=820, ncalls=2157, regioncalls=70280, ndraw=40, logz=-1171.25, remainder_fraction=100.0000%, Lmin=-1163.30, Lmax=-151.26
15:16:12 [ultranest] [DEBUG] iteration=836, ncalls=2191, regioncalls=71640, ndraw=40, logz=-1146.84, remainder_fraction=100.0000%, Lmin=-1138.62, Lmax=-151.26
15:16:13 [ultranest] [DEBUG] iteration=840, ncalls=2210, regioncalls=72400, ndraw=40, logz=-1144.94, remainder_fraction=100.0000%, Lmin=-1137.31, Lmax=-151.26
15:16:13 [ultranest] [DEBUG] iteration=847, ncalls=2246, regioncalls=73840, ndraw=40, logz=-1133.81, remainder_fraction=100.0000%, Lmin=-1123.90, Lmax=-151.26
15:16:13 [ultranest] [DEBUG] iteration=849, ncalls=2252, regioncalls=74080, ndraw=40, logz=-1130.88, remainder_fraction=100.0000%, Lmin=-1121.28, Lmax=-151.26
15:16:13 [ultranest] [DEBUG] iteration=866, ncalls=2283, regioncalls=75320, ndraw=40, logz=-1105.07, remainder_fraction=100.0000%, Lmin=-1097.32, Lmax=-151.26
15:16:13 [ultranest] [DEBUG] iteration=879, ncalls=2322, regioncalls=76880, ndraw=40, logz=-1082.96, remainder_fraction=100.0000%, Lmin=-1071.39, Lmax=-151.26
15:16:13 [ultranest] [DEBUG] iteration=880, ncalls=2327, regioncalls=77080, ndraw=40, logz=-1079.67, remainder_fraction=100.0000%, Lmin=-1070.99, Lmax=-151.26
15:16:13 [ultranest] [DEBUG] iteration=891, ncalls=2367, regioncalls=78680, ndraw=40, logz=-1068.24, remainder_fraction=100.0000%, Lmin=-1055.28, Lmax=-151.26
15:16:13 [ultranest] [DEBUG] iteration=902, ncalls=2403, regioncalls=80120, ndraw=40, logz=-1048.97, remainder_fraction=100.0000%, Lmin=-1038.04, Lmax=-151.26
15:16:13 [ultranest] [DEBUG] iteration=912, ncalls=2441, regioncalls=81640, ndraw=40, logz=-1032.01, remainder_fraction=100.0000%, Lmin=-1022.76, Lmax=-151.26
15:16:13 [ultranest] [DEBUG] iteration=919, ncalls=2477, regioncalls=83080, ndraw=40, logz=-1022.10, remainder_fraction=100.0000%, Lmin=-1011.89, Lmax=-151.26
15:16:13 [ultranest] [DEBUG] iteration=920, ncalls=2487, regioncalls=83480, ndraw=40, logz=-1020.17, remainder_fraction=100.0000%, Lmin=-1008.89, Lmax=-151.26
15:16:13 [ultranest] [DEBUG] iteration=930, ncalls=2516, regioncalls=84640, ndraw=40, logz=-1002.87, remainder_fraction=100.0000%, Lmin=-989.18, Lmax=-151.26
15:16:14 [ultranest] [DEBUG] iteration=940, ncalls=2548, regioncalls=85920, ndraw=40, logz=-984.30, remainder_fraction=100.0000%, Lmin=-975.51, Lmax=-151.26
15:16:14 [ultranest] [DEBUG] iteration=951, ncalls=2586, regioncalls=87440, ndraw=40, logz=-970.40, remainder_fraction=100.0000%, Lmin=-960.51, Lmax=-151.26
15:16:14 [ultranest] [DEBUG] iteration=960, ncalls=2603, regioncalls=88120, ndraw=40, logz=-959.11, remainder_fraction=100.0000%, Lmin=-949.51, Lmax=-151.26
15:16:14 [ultranest] [DEBUG] iteration=967, ncalls=2641, regioncalls=89640, ndraw=40, logz=-948.90, remainder_fraction=100.0000%, Lmin=-940.55, Lmax=-151.26
15:16:14 [ultranest] [DEBUG] iteration=976, ncalls=2681, regioncalls=91240, ndraw=40, logz=-930.08, remainder_fraction=100.0000%, Lmin=-917.95, Lmax=-151.26
15:16:14 [ultranest] [DEBUG] iteration=981, ncalls=2720, regioncalls=92800, ndraw=40, logz=-917.45, remainder_fraction=100.0000%, Lmin=-909.25, Lmax=-151.26
15:16:14 [ultranest] [DEBUG] iteration=992, ncalls=2758, regioncalls=94320, ndraw=40, logz=-909.75, remainder_fraction=100.0000%, Lmin=-901.41, Lmax=-151.26
15:16:14 [ultranest] [DEBUG] iteration=998, ncalls=2795, regioncalls=95800, ndraw=40, logz=-897.56, remainder_fraction=100.0000%, Lmin=-885.72, Lmax=-151.26
15:16:14 [ultranest] [DEBUG] iteration=1000, ncalls=2804, regioncalls=96160, ndraw=40, logz=-893.26, remainder_fraction=100.0000%, Lmin=-884.50, Lmax=-151.26
15:16:14 [ultranest] [DEBUG] clustering found some stray points [need_accept=False] (array([1, 2, 3]), array([341,   2,   1]))
15:16:14 [ultranest] [DEBUG] iteration=1010, ncalls=2831, regioncalls=97240, ndraw=40, logz=-878.68, remainder_fraction=100.0000%, Lmin=-868.86, Lmax=-151.26
15:16:14 [ultranest] [DEBUG] iteration=1018, ncalls=2867, regioncalls=98680, ndraw=40, logz=-863.97, remainder_fraction=100.0000%, Lmin=-853.43, Lmax=-151.26
15:16:15 [ultranest] [DEBUG] iteration=1030, ncalls=2907, regioncalls=100280, ndraw=40, logz=-842.53, remainder_fraction=100.0000%, Lmin=-832.46, Lmax=-151.26
15:16:15 [ultranest] [DEBUG] iteration=1040, ncalls=2942, regioncalls=101680, ndraw=40, logz=-825.30, remainder_fraction=100.0000%, Lmin=-814.76, Lmax=-151.26
15:16:15 [ultranest] [DEBUG] iteration=1048, ncalls=2979, regioncalls=103160, ndraw=40, logz=-812.79, remainder_fraction=100.0000%, Lmin=-804.36, Lmax=-151.26
15:16:15 [ultranest] [DEBUG] iteration=1059, ncalls=3014, regioncalls=104560, ndraw=40, logz=-797.55, remainder_fraction=100.0000%, Lmin=-788.49, Lmax=-151.26
15:16:15 [ultranest] [DEBUG] iteration=1067, ncalls=3053, regioncalls=106120, ndraw=40, logz=-783.48, remainder_fraction=100.0000%, Lmin=-774.07, Lmax=-151.26
15:16:15 [ultranest] [DEBUG] iteration=1074, ncalls=3099, regioncalls=107960, ndraw=40, logz=-774.26, remainder_fraction=100.0000%, Lmin=-765.56, Lmax=-151.26
15:16:15 [ultranest] [DEBUG] iteration=1080, ncalls=3116, regioncalls=108640, ndraw=40, logz=-767.88, remainder_fraction=100.0000%, Lmin=-759.30, Lmax=-151.26
15:16:15 [ultranest] [DEBUG] iteration=1094, ncalls=3151, regioncalls=110040, ndraw=40, logz=-749.34, remainder_fraction=100.0000%, Lmin=-738.93, Lmax=-151.26
15:16:15 [ultranest] [DEBUG] iteration=1107, ncalls=3185, regioncalls=111400, ndraw=40, logz=-730.16, remainder_fraction=100.0000%, Lmin=-721.36, Lmax=-151.26
15:16:16 [ultranest] [DEBUG] iteration=1115, ncalls=3221, regioncalls=112840, ndraw=40, logz=-722.31, remainder_fraction=100.0000%, Lmin=-714.01, Lmax=-151.26
15:16:16 [ultranest] [DEBUG] iteration=1120, ncalls=3231, regioncalls=113240, ndraw=40, logz=-713.42, remainder_fraction=100.0000%, Lmin=-702.98, Lmax=-151.26
15:16:16 [ultranest] [DEBUG] iteration=1132, ncalls=3265, regioncalls=114600, ndraw=40, logz=-696.24, remainder_fraction=100.0000%, Lmin=-687.48, Lmax=-151.26
15:16:16 [ultranest] [DEBUG] iteration=1145, ncalls=3302, regioncalls=116080, ndraw=40, logz=-678.96, remainder_fraction=100.0000%, Lmin=-669.09, Lmax=-151.26
15:16:16 [ultranest] [DEBUG] iteration=1156, ncalls=3338, regioncalls=117520, ndraw=40, logz=-667.19, remainder_fraction=100.0000%, Lmin=-658.50, Lmax=-151.26
15:16:16 [ultranest] [DEBUG] iteration=1160, ncalls=3360, regioncalls=118400, ndraw=40, logz=-661.48, remainder_fraction=100.0000%, Lmin=-652.30, Lmax=-151.26
15:16:16 [ultranest] [DEBUG] iteration=1172, ncalls=3400, regioncalls=120000, ndraw=40, logz=-644.78, remainder_fraction=100.0000%, Lmin=-635.75, Lmax=-151.26
15:16:16 [ultranest] [DEBUG] iteration=1183, ncalls=3434, regioncalls=121360, ndraw=40, logz=-630.65, remainder_fraction=100.0000%, Lmin=-621.41, Lmax=-151.26
15:16:16 [ultranest] [DEBUG] iteration=1192, ncalls=3469, regioncalls=122760, ndraw=40, logz=-623.25, remainder_fraction=100.0000%, Lmin=-613.60, Lmax=-151.26
15:16:16 [ultranest] [DEBUG] iteration=1199, ncalls=3508, regioncalls=124320, ndraw=40, logz=-616.33, remainder_fraction=100.0000%, Lmin=-604.73, Lmax=-151.26
15:16:16 [ultranest] [DEBUG] iteration=1200, ncalls=3511, regioncalls=124440, ndraw=40, logz=-613.88, remainder_fraction=100.0000%, Lmin=-604.53, Lmax=-151.26
15:16:17 [ultranest] [DEBUG] iteration=1213, ncalls=3545, regioncalls=125800, ndraw=40, logz=-603.30, remainder_fraction=100.0000%, Lmin=-594.64, Lmax=-151.26
15:16:17 [ultranest] [DEBUG] iteration=1224, ncalls=3578, regioncalls=127120, ndraw=40, logz=-587.29, remainder_fraction=100.0000%, Lmin=-575.47, Lmax=-151.26
15:16:17 [ultranest] [DEBUG] iteration=1230, ncalls=3614, regioncalls=128600, ndraw=40, logz=-578.40, remainder_fraction=100.0000%, Lmin=-569.70, Lmax=-151.26
15:16:17 [ultranest] [DEBUG] clustering found some stray points [need_accept=False] (array([1, 2]), array([343,   1]))
15:16:17 [ultranest] [DEBUG] iteration=1240, ncalls=3647, regioncalls=129960, ndraw=40, logz=-570.64, remainder_fraction=100.0000%, Lmin=-562.12, Lmax=-151.26
15:16:17 [ultranest] [DEBUG] iteration=1251, ncalls=3679, regioncalls=131240, ndraw=40, logz=-562.29, remainder_fraction=100.0000%, Lmin=-553.18, Lmax=-151.26
15:16:17 [ultranest] [DEBUG] iteration=1260, ncalls=3718, regioncalls=132800, ndraw=40, logz=-553.55, remainder_fraction=100.0000%, Lmin=-544.26, Lmax=-151.26
15:16:17 [ultranest] [DEBUG] iteration=1267, ncalls=3754, regioncalls=134280, ndraw=40, logz=-548.78, remainder_fraction=100.0000%, Lmin=-539.18, Lmax=-151.26
15:16:17 [ultranest] [DEBUG] iteration=1277, ncalls=3793, regioncalls=135840, ndraw=40, logz=-537.74, remainder_fraction=100.0000%, Lmin=-528.39, Lmax=-147.71
15:16:17 [ultranest] [DEBUG] iteration=1280, ncalls=3797, regioncalls=136000, ndraw=40, logz=-536.07, remainder_fraction=100.0000%, Lmin=-525.47, Lmax=-147.71
15:16:17 [ultranest] [DEBUG] iteration=1286, ncalls=3835, regioncalls=137520, ndraw=40, logz=-531.45, remainder_fraction=100.0000%, Lmin=-521.82, Lmax=-147.71
15:16:18 [ultranest] [DEBUG] iteration=1297, ncalls=3868, regioncalls=138840, ndraw=40, logz=-523.53, remainder_fraction=100.0000%, Lmin=-511.97, Lmax=-147.71
15:16:18 [ultranest] [DEBUG] iteration=1303, ncalls=3904, regioncalls=140280, ndraw=40, logz=-516.56, remainder_fraction=100.0000%, Lmin=-505.44, Lmax=-147.71
15:16:18 [ultranest] [DEBUG] iteration=1311, ncalls=3922, regioncalls=141000, ndraw=40, logz=-505.56, remainder_fraction=100.0000%, Lmin=-494.75, Lmax=-147.71
15:16:18 [ultranest] [DEBUG] iteration=1320, ncalls=3939, regioncalls=141800, ndraw=40, logz=-499.68, remainder_fraction=100.0000%, Lmin=-490.62, Lmax=-147.71
15:16:18 [ultranest] [DEBUG] iteration=1334, ncalls=3970, regioncalls=143040, ndraw=40, logz=-489.10, remainder_fraction=100.0000%, Lmin=-479.26, Lmax=-147.71
15:16:18 [ultranest] [DEBUG] iteration=1352, ncalls=3999, regioncalls=144200, ndraw=40, logz=-478.63, remainder_fraction=100.0000%, Lmin=-467.82, Lmax=-147.71
15:16:18 [ultranest] [DEBUG] iteration=1360, ncalls=4017, regioncalls=144920, ndraw=40, logz=-470.75, remainder_fraction=100.0000%, Lmin=-461.61, Lmax=-147.71
15:16:18 [ultranest] [DEBUG] iteration=1374, ncalls=4050, regioncalls=146240, ndraw=40, logz=-459.83, remainder_fraction=100.0000%, Lmin=-450.62, Lmax=-147.71
15:16:18 [ultranest] [DEBUG] iteration=1388, ncalls=4086, regioncalls=147680, ndraw=40, logz=-451.59, remainder_fraction=100.0000%, Lmin=-441.86, Lmax=-147.71
15:16:18 [ultranest] [DEBUG] iteration=1400, ncalls=4114, regioncalls=148800, ndraw=40, logz=-440.45, remainder_fraction=100.0000%, Lmin=-430.94, Lmax=-147.71
15:16:18 [ultranest] [DEBUG] iteration=1419, ncalls=4144, regioncalls=150000, ndraw=40, logz=-425.91, remainder_fraction=100.0000%, Lmin=-416.07, Lmax=-147.71
15:16:19 [ultranest] [DEBUG] iteration=1434, ncalls=4175, regioncalls=151240, ndraw=40, logz=-415.01, remainder_fraction=100.0000%, Lmin=-405.30, Lmax=-147.71
15:16:19 [ultranest] [DEBUG] iteration=1440, ncalls=4184, regioncalls=151600, ndraw=40, logz=-407.82, remainder_fraction=100.0000%, Lmin=-398.12, Lmax=-147.71
15:16:19 [ultranest] [DEBUG] iteration=1456, ncalls=4215, regioncalls=152840, ndraw=40, logz=-394.49, remainder_fraction=100.0000%, Lmin=-385.10, Lmax=-147.71
15:16:19 [ultranest] [DEBUG] iteration=1465, ncalls=4237, regioncalls=153760, ndraw=40, logz=-389.62, remainder_fraction=100.0000%, Lmin=-377.79, Lmax=-147.71
15:16:19 [ultranest] [DEBUG] iteration=1475, ncalls=4272, regioncalls=155160, ndraw=40, logz=-382.73, remainder_fraction=100.0000%, Lmin=-373.56, Lmax=-147.71
15:16:19 [ultranest] [DEBUG] iteration=1480, ncalls=4285, regioncalls=155680, ndraw=40, logz=-380.75, remainder_fraction=100.0000%, Lmin=-371.43, Lmax=-147.71
15:16:19 [ultranest] [DEBUG] iteration=1495, ncalls=4313, regioncalls=156800, ndraw=40, logz=-375.95, remainder_fraction=100.0000%, Lmin=-366.94, Lmax=-147.71
15:16:19 [ultranest] [DEBUG] iteration=1510, ncalls=4344, regioncalls=158040, ndraw=40, logz=-369.33, remainder_fraction=100.0000%, Lmin=-359.50, Lmax=-147.71
15:16:19 [ultranest] [DEBUG] iteration=1520, ncalls=4366, regioncalls=158920, ndraw=40, logz=-363.41, remainder_fraction=100.0000%, Lmin=-352.83, Lmax=-147.71
15:16:19 [ultranest] [DEBUG] iteration=1536, ncalls=4398, regioncalls=160200, ndraw=40, logz=-354.89, remainder_fraction=100.0000%, Lmin=-345.51, Lmax=-147.71
15:16:19 [ultranest] [DEBUG] iteration=1542, ncalls=4412, regioncalls=160800, ndraw=40, logz=-351.54, remainder_fraction=100.0000%, Lmin=-342.24, Lmax=-147.71
15:16:19 [ultranest] [DEBUG] iteration=1560, ncalls=4440, regioncalls=161920, ndraw=40, logz=-344.50, remainder_fraction=100.0000%, Lmin=-335.17, Lmax=-147.71
15:16:20 [ultranest] [DEBUG] iteration=1573, ncalls=4471, regioncalls=163160, ndraw=40, logz=-338.14, remainder_fraction=100.0000%, Lmin=-328.86, Lmax=-147.71
15:16:20 [ultranest] [DEBUG] iteration=1589, ncalls=4501, regioncalls=164360, ndraw=40, logz=-333.73, remainder_fraction=100.0000%, Lmin=-324.59, Lmax=-147.71
15:16:20 [ultranest] [DEBUG] iteration=1600, ncalls=4523, regioncalls=165240, ndraw=40, logz=-330.29, remainder_fraction=100.0000%, Lmin=-321.58, Lmax=-147.71
15:16:20 [ultranest] [DEBUG] iteration=1614, ncalls=4556, regioncalls=166560, ndraw=40, logz=-324.82, remainder_fraction=100.0000%, Lmin=-315.80, Lmax=-142.82
15:16:20 [ultranest] [DEBUG] iteration=1626, ncalls=4586, regioncalls=167760, ndraw=40, logz=-321.78, remainder_fraction=100.0000%, Lmin=-312.69, Lmax=-142.82
15:16:20 [ultranest] [DEBUG] iteration=1640, ncalls=4615, regioncalls=168920, ndraw=40, logz=-316.23, remainder_fraction=100.0000%, Lmin=-306.69, Lmax=-142.82
15:16:20 [ultranest] [DEBUG] iteration=1652, ncalls=4648, regioncalls=170240, ndraw=40, logz=-310.69, remainder_fraction=100.0000%, Lmin=-300.32, Lmax=-142.82
15:16:20 [ultranest] [DEBUG] iteration=1667, ncalls=4681, regioncalls=171560, ndraw=40, logz=-304.25, remainder_fraction=100.0000%, Lmin=-294.02, Lmax=-142.82
15:16:20 [ultranest] [DEBUG] iteration=1680, ncalls=4708, regioncalls=172640, ndraw=40, logz=-299.90, remainder_fraction=100.0000%, Lmin=-290.61, Lmax=-142.82
15:16:20 [ultranest] [DEBUG] iteration=1696, ncalls=4738, regioncalls=173840, ndraw=40, logz=-294.55, remainder_fraction=100.0000%, Lmin=-284.73, Lmax=-142.82
15:16:21 [ultranest] [DEBUG] iteration=1710, ncalls=4767, regioncalls=175040, ndraw=40, logz=-289.24, remainder_fraction=100.0000%, Lmin=-279.52, Lmax=-142.82
15:16:21 [ultranest] [DEBUG] iteration=1720, ncalls=4788, regioncalls=175880, ndraw=40, logz=-286.13, remainder_fraction=100.0000%, Lmin=-276.55, Lmax=-142.82
15:16:21 [ultranest] [DEBUG] iteration=1741, ncalls=4817, regioncalls=177040, ndraw=40, logz=-280.11, remainder_fraction=100.0000%, Lmin=-270.31, Lmax=-142.82
15:16:21 [ultranest] [DEBUG] iteration=1759, ncalls=4847, regioncalls=178240, ndraw=40, logz=-273.69, remainder_fraction=100.0000%, Lmin=-264.37, Lmax=-142.82
15:16:21 [ultranest] [DEBUG] iteration=1760, ncalls=4848, regioncalls=178280, ndraw=40, logz=-273.50, remainder_fraction=100.0000%, Lmin=-263.78, Lmax=-142.82
15:16:21 [ultranest] [DEBUG] iteration=1772, ncalls=4881, regioncalls=179600, ndraw=40, logz=-269.52, remainder_fraction=100.0000%, Lmin=-259.67, Lmax=-142.82
15:16:21 [ultranest] [DEBUG] iteration=1773, ncalls=4882, regioncalls=179640, ndraw=40, logz=-269.23, remainder_fraction=100.0000%, Lmin=-259.36, Lmax=-142.82
15:16:21 [ultranest] [DEBUG] iteration=1786, ncalls=4909, regioncalls=180760, ndraw=40, logz=-265.84, remainder_fraction=100.0000%, Lmin=-256.07, Lmax=-142.82
15:16:21 [ultranest] [DEBUG] iteration=1798, ncalls=4942, regioncalls=182080, ndraw=40, logz=-262.46, remainder_fraction=100.0000%, Lmin=-252.76, Lmax=-142.82
15:16:21 [ultranest] [DEBUG] iteration=1800, ncalls=4947, regioncalls=182280, ndraw=40, logz=-261.99, remainder_fraction=100.0000%, Lmin=-252.29, Lmax=-142.82
15:16:21 [ultranest] [DEBUG] iteration=1816, ncalls=4981, regioncalls=183640, ndraw=40, logz=-258.86, remainder_fraction=100.0000%, Lmin=-249.69, Lmax=-142.82
15:16:21 [ultranest] [DEBUG] iteration=1831, ncalls=5012, regioncalls=184880, ndraw=40, logz=-256.74, remainder_fraction=100.0000%, Lmin=-247.22, Lmax=-142.82
15:16:21 [ultranest] [DEBUG] iteration=1840, ncalls=5026, regioncalls=185440, ndraw=40, logz=-255.26, remainder_fraction=100.0000%, Lmin=-245.65, Lmax=-142.82
15:16:22 [ultranest] [DEBUG] iteration=1854, ncalls=5054, regioncalls=186560, ndraw=40, logz=-252.22, remainder_fraction=100.0000%, Lmin=-241.97, Lmax=-142.82
15:16:22 [ultranest] [DEBUG] iteration=1871, ncalls=5081, regioncalls=187640, ndraw=40, logz=-248.64, remainder_fraction=100.0000%, Lmin=-239.02, Lmax=-142.82
15:16:22 [ultranest] [DEBUG] iteration=1880, ncalls=5099, regioncalls=188360, ndraw=40, logz=-246.79, remainder_fraction=100.0000%, Lmin=-237.33, Lmax=-142.82
15:16:22 [ultranest] [DEBUG] iteration=1892, ncalls=5132, regioncalls=189680, ndraw=40, logz=-244.09, remainder_fraction=100.0000%, Lmin=-233.76, Lmax=-142.82
15:16:22 [ultranest] [DEBUG] iteration=1904, ncalls=5166, regioncalls=191040, ndraw=40, logz=-240.89, remainder_fraction=100.0000%, Lmin=-231.19, Lmax=-138.76
15:16:22 [ultranest] [DEBUG] iteration=1917, ncalls=5199, regioncalls=192360, ndraw=40, logz=-238.59, remainder_fraction=100.0000%, Lmin=-229.19, Lmax=-138.76
15:16:22 [ultranest] [DEBUG] iteration=1920, ncalls=5209, regioncalls=192760, ndraw=40, logz=-238.19, remainder_fraction=100.0000%, Lmin=-228.79, Lmax=-138.76
15:16:22 [ultranest] [DEBUG] iteration=1927, ncalls=5222, regioncalls=193360, ndraw=40, logz=-236.96, remainder_fraction=100.0000%, Lmin=-226.44, Lmax=-138.76
15:16:22 [ultranest] [DEBUG] iteration=1942, ncalls=5251, regioncalls=194520, ndraw=40, logz=-233.27, remainder_fraction=100.0000%, Lmin=-223.41, Lmax=-138.76
15:16:22 [ultranest] [DEBUG] iteration=1954, ncalls=5282, regioncalls=195760, ndraw=40, logz=-230.77, remainder_fraction=100.0000%, Lmin=-221.17, Lmax=-138.76
15:16:22 [ultranest] [DEBUG] iteration=1960, ncalls=5301, regioncalls=196520, ndraw=40, logz=-229.83, remainder_fraction=100.0000%, Lmin=-220.22, Lmax=-138.76
15:16:22 [ultranest] [DEBUG] iteration=1971, ncalls=5333, regioncalls=197800, ndraw=40, logz=-227.91, remainder_fraction=100.0000%, Lmin=-217.61, Lmax=-138.76
15:16:23 [ultranest] [DEBUG] iteration=1983, ncalls=5367, regioncalls=199160, ndraw=40, logz=-225.31, remainder_fraction=100.0000%, Lmin=-215.13, Lmax=-138.76
15:16:23 [ultranest] [DEBUG] iteration=1998, ncalls=5400, regioncalls=200480, ndraw=40, logz=-223.05, remainder_fraction=100.0000%, Lmin=-213.37, Lmax=-138.76
15:16:23 [ultranest] [DEBUG] iteration=2000, ncalls=5408, regioncalls=200800, ndraw=40, logz=-222.78, remainder_fraction=100.0000%, Lmin=-213.19, Lmax=-138.76
15:16:23 [ultranest] [DEBUG] iteration=2004, ncalls=5417, regioncalls=201160, ndraw=40, logz=-222.29, remainder_fraction=100.0000%, Lmin=-212.84, Lmax=-138.76
15:16:23 [ultranest] [DEBUG] iteration=2015, ncalls=5450, regioncalls=202520, ndraw=40, logz=-221.12, remainder_fraction=100.0000%, Lmin=-211.48, Lmax=-138.76
15:16:23 [ultranest] [DEBUG] iteration=2032, ncalls=5480, regioncalls=203720, ndraw=40, logz=-218.95, remainder_fraction=100.0000%, Lmin=-209.04, Lmax=-138.59
15:16:23 [ultranest] [DEBUG] iteration=2040, ncalls=5496, regioncalls=204360, ndraw=40, logz=-217.72, remainder_fraction=100.0000%, Lmin=-208.05, Lmax=-138.59
15:16:23 [ultranest] [DEBUG] iteration=2050, ncalls=5530, regioncalls=205720, ndraw=40, logz=-216.61, remainder_fraction=100.0000%, Lmin=-207.30, Lmax=-138.59
15:16:23 [ultranest] [DEBUG] iteration=2064, ncalls=5561, regioncalls=206960, ndraw=40, logz=-214.96, remainder_fraction=100.0000%, Lmin=-205.14, Lmax=-138.59
15:16:23 [ultranest] [DEBUG] iteration=2078, ncalls=5596, regioncalls=208360, ndraw=40, logz=-213.33, remainder_fraction=100.0000%, Lmin=-203.47, Lmax=-138.59
15:16:23 [ultranest] [DEBUG] iteration=2080, ncalls=5599, regioncalls=208480, ndraw=40, logz=-213.07, remainder_fraction=100.0000%, Lmin=-203.35, Lmax=-138.59
15:16:23 [ultranest] [DEBUG] iteration=2090, ncalls=5629, regioncalls=209680, ndraw=40, logz=-211.78, remainder_fraction=100.0000%, Lmin=-202.06, Lmax=-138.59
15:16:23 [ultranest] [DEBUG] iteration=2105, ncalls=5659, regioncalls=210880, ndraw=40, logz=-210.08, remainder_fraction=100.0000%, Lmin=-200.34, Lmax=-138.59
15:16:24 [ultranest] [DEBUG] iteration=2117, ncalls=5694, regioncalls=212280, ndraw=40, logz=-208.26, remainder_fraction=100.0000%, Lmin=-198.28, Lmax=-138.59
15:16:24 [ultranest] [DEBUG] iteration=2120, ncalls=5702, regioncalls=212600, ndraw=40, logz=-207.89, remainder_fraction=100.0000%, Lmin=-198.17, Lmax=-138.59
15:16:24 [ultranest] [DEBUG] iteration=2130, ncalls=5745, regioncalls=214320, ndraw=40, logz=-206.97, remainder_fraction=100.0000%, Lmin=-197.36, Lmax=-138.59
15:16:24 [ultranest] [DEBUG] iteration=2142, ncalls=5778, regioncalls=215640, ndraw=40, logz=-205.95, remainder_fraction=100.0000%, Lmin=-196.33, Lmax=-138.59
15:16:24 [ultranest] [DEBUG] iteration=2151, ncalls=5812, regioncalls=217000, ndraw=40, logz=-205.12, remainder_fraction=100.0000%, Lmin=-195.36, Lmax=-138.59
15:16:24 [ultranest] [DEBUG] iteration=2158, ncalls=5841, regioncalls=218200, ndraw=40, logz=-204.32, remainder_fraction=100.0000%, Lmin=-194.60, Lmax=-138.59
15:16:24 [ultranest] [DEBUG] iteration=2160, ncalls=5846, regioncalls=218400, ndraw=40, logz=-204.13, remainder_fraction=100.0000%, Lmin=-194.27, Lmax=-138.59
15:16:24 [ultranest] [DEBUG] iteration=2175, ncalls=5874, regioncalls=219520, ndraw=40, logz=-202.77, remainder_fraction=100.0000%, Lmin=-193.02, Lmax=-138.59
15:16:24 [ultranest] [DEBUG] iteration=2188, ncalls=5907, regioncalls=220840, ndraw=40, logz=-201.65, remainder_fraction=100.0000%, Lmin=-191.67, Lmax=-138.59
15:16:24 [ultranest] [DEBUG] iteration=2200, ncalls=5940, regioncalls=222240, ndraw=40, logz=-200.40, remainder_fraction=100.0000%, Lmin=-190.54, Lmax=-134.87
15:16:24 [ultranest] [DEBUG] iteration=2211, ncalls=5972, regioncalls=223560, ndraw=40, logz=-199.42, remainder_fraction=100.0000%, Lmin=-189.69, Lmax=-134.87
15:16:25 [ultranest] [DEBUG] iteration=2227, ncalls=6004, regioncalls=224840, ndraw=40, logz=-198.23, remainder_fraction=100.0000%, Lmin=-188.58, Lmax=-134.87
15:16:25 [ultranest] [DEBUG] iteration=2235, ncalls=6029, regioncalls=225880, ndraw=40, logz=-197.65, remainder_fraction=100.0000%, Lmin=-187.98, Lmax=-134.87
15:16:25 [ultranest] [DEBUG] iteration=2240, ncalls=6044, regioncalls=226480, ndraw=40, logz=-197.32, remainder_fraction=100.0000%, Lmin=-187.77, Lmax=-134.87
15:16:25 [ultranest] [DEBUG] iteration=2256, ncalls=6073, regioncalls=227640, ndraw=40, logz=-196.44, remainder_fraction=100.0000%, Lmin=-187.04, Lmax=-134.87
15:16:25 [ultranest] [DEBUG] iteration=2271, ncalls=6105, regioncalls=228920, ndraw=40, logz=-195.57, remainder_fraction=100.0000%, Lmin=-186.12, Lmax=-134.87
15:16:25 [ultranest] [DEBUG] iteration=2280, ncalls=6118, regioncalls=229440, ndraw=40, logz=-195.05, remainder_fraction=100.0000%, Lmin=-185.46, Lmax=-134.87
15:16:25 [ultranest] [DEBUG] iteration=2297, ncalls=6150, regioncalls=230720, ndraw=40, logz=-193.90, remainder_fraction=100.0000%, Lmin=-184.04, Lmax=-134.87
15:16:25 [ultranest] [DEBUG] iteration=2312, ncalls=6179, regioncalls=231920, ndraw=40, logz=-192.90, remainder_fraction=100.0000%, Lmin=-183.23, Lmax=-134.87
15:16:25 [ultranest] [DEBUG] iteration=2320, ncalls=6196, regioncalls=232600, ndraw=40, logz=-192.43, remainder_fraction=100.0000%, Lmin=-182.66, Lmax=-134.87
15:16:25 [ultranest] [DEBUG] iteration=2334, ncalls=6228, regioncalls=233880, ndraw=40, logz=-191.43, remainder_fraction=100.0000%, Lmin=-181.12, Lmax=-134.87
15:16:25 [ultranest] [DEBUG] iteration=2347, ncalls=6261, regioncalls=235200, ndraw=40, logz=-190.42, remainder_fraction=100.0000%, Lmin=-180.63, Lmax=-134.87
15:16:26 [ultranest] [DEBUG] iteration=2357, ncalls=6294, regioncalls=236600, ndraw=40, logz=-189.90, remainder_fraction=100.0000%, Lmin=-180.27, Lmax=-134.87
15:16:26 [ultranest] [DEBUG] iteration=2360, ncalls=6304, regioncalls=237000, ndraw=40, logz=-189.75, remainder_fraction=100.0000%, Lmin=-179.89, Lmax=-134.87
15:16:26 [ultranest] [DEBUG] iteration=2375, ncalls=6336, regioncalls=238280, ndraw=40, logz=-188.67, remainder_fraction=100.0000%, Lmin=-178.70, Lmax=-134.87
15:16:26 [ultranest] [DEBUG] iteration=2386, ncalls=6372, regioncalls=239720, ndraw=40, logz=-188.03, remainder_fraction=100.0000%, Lmin=-178.28, Lmax=-134.87
15:16:26 [ultranest] [DEBUG] iteration=2397, ncalls=6403, regioncalls=240960, ndraw=40, logz=-187.52, remainder_fraction=100.0000%, Lmin=-177.90, Lmax=-134.87
15:16:26 [ultranest] [DEBUG] iteration=2400, ncalls=6407, regioncalls=241120, ndraw=40, logz=-187.39, remainder_fraction=100.0000%, Lmin=-177.77, Lmax=-134.87
15:16:26 [ultranest] [DEBUG] iteration=2417, ncalls=6437, regioncalls=242320, ndraw=40, logz=-186.70, remainder_fraction=100.0000%, Lmin=-177.07, Lmax=-134.87
15:16:26 [ultranest] [DEBUG] iteration=2432, ncalls=6468, regioncalls=243560, ndraw=40, logz=-185.93, remainder_fraction=100.0000%, Lmin=-175.94, Lmax=-134.87
15:16:26 [ultranest] [DEBUG] iteration=2440, ncalls=6485, regioncalls=244240, ndraw=40, logz=-185.42, remainder_fraction=100.0000%, Lmin=-175.24, Lmax=-134.87
15:16:26 [ultranest] [DEBUG] iteration=2453, ncalls=6518, regioncalls=245560, ndraw=40, logz=-184.67, remainder_fraction=100.0000%, Lmin=-174.71, Lmax=-134.87
15:16:26 [ultranest] [DEBUG] iteration=2466, ncalls=6547, regioncalls=246720, ndraw=40, logz=-183.96, remainder_fraction=100.0000%, Lmin=-173.95, Lmax=-134.87
15:16:27 [ultranest] [DEBUG] iteration=2480, ncalls=6575, regioncalls=247920, ndraw=40, logz=-183.31, remainder_fraction=100.0000%, Lmin=-173.49, Lmax=-134.87
15:16:27 [ultranest] [DEBUG] iteration=2493, ncalls=6609, regioncalls=249280, ndraw=40, logz=-182.81, remainder_fraction=100.0000%, Lmin=-173.11, Lmax=-134.87
15:16:27 [ultranest] [DEBUG] iteration=2509, ncalls=6645, regioncalls=250720, ndraw=40, logz=-182.27, remainder_fraction=100.0000%, Lmin=-172.63, Lmax=-134.87
15:16:27 [ultranest] [DEBUG] iteration=2520, ncalls=6677, regioncalls=252000, ndraw=40, logz=-181.91, remainder_fraction=100.0000%, Lmin=-172.20, Lmax=-134.87
15:16:27 [ultranest] [DEBUG] iteration=2533, ncalls=6713, regioncalls=253440, ndraw=40, logz=-181.37, remainder_fraction=100.0000%, Lmin=-171.37, Lmax=-134.87
15:16:27 [ultranest] [DEBUG] iteration=2543, ncalls=6726, regioncalls=254080, ndraw=40, logz=-180.98, remainder_fraction=100.0000%, Lmin=-171.02, Lmax=-134.87
15:16:27 [ultranest] [DEBUG] iteration=2557, ncalls=6756, regioncalls=255280, ndraw=40, logz=-180.27, remainder_fraction=100.0000%, Lmin=-169.85, Lmax=-134.87
15:16:27 [ultranest] [DEBUG] iteration=2560, ncalls=6763, regioncalls=255560, ndraw=40, logz=-180.10, remainder_fraction=100.0000%, Lmin=-169.77, Lmax=-134.87
15:16:27 [ultranest] [DEBUG] iteration=2574, ncalls=6795, regioncalls=256840, ndraw=40, logz=-179.30, remainder_fraction=100.0000%, Lmin=-169.00, Lmax=-134.87
15:16:27 [ultranest] [DEBUG] iteration=2587, ncalls=6826, regioncalls=258080, ndraw=40, logz=-178.65, remainder_fraction=100.0000%, Lmin=-168.32, Lmax=-134.40
15:16:27 [ultranest] [DEBUG] iteration=2600, ncalls=6847, regioncalls=258920, ndraw=40, logz=-177.98, remainder_fraction=100.0000%, Lmin=-167.58, Lmax=-134.40
15:16:27 [ultranest] [DEBUG] iteration=2615, ncalls=6877, regioncalls=260120, ndraw=40, logz=-177.27, remainder_fraction=100.0000%, Lmin=-167.09, Lmax=-134.40
15:16:28 [ultranest] [DEBUG] iteration=2620, ncalls=6892, regioncalls=260760, ndraw=40, logz=-177.07, remainder_fraction=100.0000%, Lmin=-166.90, Lmax=-134.40
15:16:28 [ultranest] [DEBUG] iteration=2639, ncalls=6919, regioncalls=261840, ndraw=40, logz=-176.23, remainder_fraction=100.0000%, Lmin=-165.89, Lmax=-134.40
15:16:28 [ultranest] [DEBUG] iteration=2640, ncalls=6920, regioncalls=261880, ndraw=40, logz=-176.18, remainder_fraction=100.0000%, Lmin=-165.85, Lmax=-134.40
15:16:28 [ultranest] [DEBUG] iteration=2654, ncalls=6952, regioncalls=263160, ndraw=40, logz=-175.53, remainder_fraction=100.0000%, Lmin=-165.07, Lmax=-134.40
15:16:28 [ultranest] [DEBUG] iteration=2670, ncalls=6983, regioncalls=264400, ndraw=40, logz=-174.76, remainder_fraction=100.0000%, Lmin=-164.38, Lmax=-134.40
15:16:28 [ultranest] [DEBUG] iteration=2680, ncalls=7001, regioncalls=265120, ndraw=40, logz=-174.38, remainder_fraction=100.0000%, Lmin=-164.03, Lmax=-134.40
15:16:28 [ultranest] [DEBUG] iteration=2691, ncalls=7036, regioncalls=266520, ndraw=40, logz=-173.97, remainder_fraction=100.0000%, Lmin=-163.79, Lmax=-134.40
15:16:28 [ultranest] [DEBUG] iteration=2703, ncalls=7065, regioncalls=267680, ndraw=40, logz=-173.57, remainder_fraction=100.0000%, Lmin=-163.28, Lmax=-134.40
15:16:28 [ultranest] [DEBUG] iteration=2717, ncalls=7095, regioncalls=268880, ndraw=40, logz=-173.05, remainder_fraction=100.0000%, Lmin=-162.66, Lmax=-134.40
15:16:28 [ultranest] [DEBUG] iteration=2720, ncalls=7099, regioncalls=269040, ndraw=40, logz=-172.94, remainder_fraction=100.0000%, Lmin=-162.50, Lmax=-134.40
15:16:28 [ultranest] [DEBUG] iteration=2735, ncalls=7132, regioncalls=270360, ndraw=40, logz=-172.36, remainder_fraction=100.0000%, Lmin=-161.84, Lmax=-134.40
15:16:28 [ultranest] [DEBUG] iteration=2748, ncalls=7166, regioncalls=271720, ndraw=40, logz=-171.76, remainder_fraction=100.0000%, Lmin=-160.95, Lmax=-134.40
15:16:29 [ultranest] [DEBUG] iteration=2760, ncalls=7192, regioncalls=272760, ndraw=40, logz=-171.19, remainder_fraction=100.0000%, Lmin=-160.44, Lmax=-134.40
15:16:29 [ultranest] [DEBUG] iteration=2774, ncalls=7225, regioncalls=274120, ndraw=40, logz=-170.59, remainder_fraction=100.0000%, Lmin=-159.92, Lmax=-134.40
15:16:29 [ultranest] [DEBUG] iteration=2791, ncalls=7253, regioncalls=275240, ndraw=40, logz=-169.89, remainder_fraction=100.0000%, Lmin=-159.39, Lmax=-134.40
15:16:29 [ultranest] [DEBUG] iteration=2800, ncalls=7266, regioncalls=275760, ndraw=40, logz=-169.60, remainder_fraction=100.0000%, Lmin=-159.14, Lmax=-134.40
15:16:29 [ultranest] [DEBUG] iteration=2815, ncalls=7298, regioncalls=277040, ndraw=40, logz=-169.13, remainder_fraction=100.0000%, Lmin=-158.58, Lmax=-134.40
15:16:29 [ultranest] [DEBUG] iteration=2831, ncalls=7329, regioncalls=278280, ndraw=40, logz=-168.58, remainder_fraction=100.0000%, Lmin=-157.90, Lmax=-134.40
15:16:29 [ultranest] [DEBUG] iteration=2840, ncalls=7343, regioncalls=278840, ndraw=40, logz=-168.27, remainder_fraction=100.0000%, Lmin=-157.67, Lmax=-134.40
15:16:29 [ultranest] [DEBUG] iteration=2851, ncalls=7361, regioncalls=279640, ndraw=40, logz=-167.89, remainder_fraction=100.0000%, Lmin=-157.19, Lmax=-134.40
15:16:29 [ultranest] [DEBUG] iteration=2867, ncalls=7389, regioncalls=280840, ndraw=40, logz=-167.32, remainder_fraction=100.0000%, Lmin=-156.56, Lmax=-134.40
15:16:29 [ultranest] [DEBUG] iteration=2880, ncalls=7414, regioncalls=281840, ndraw=40, logz=-166.87, remainder_fraction=100.0000%, Lmin=-156.10, Lmax=-134.40
15:16:29 [ultranest] [DEBUG] iteration=2897, ncalls=7445, regioncalls=283080, ndraw=40, logz=-166.29, remainder_fraction=100.0000%, Lmin=-155.52, Lmax=-134.40
15:16:30 [ultranest] [DEBUG] iteration=2916, ncalls=7477, regioncalls=284360, ndraw=40, logz=-165.63, remainder_fraction=100.0000%, Lmin=-154.70, Lmax=-134.40
15:16:30 [ultranest] [DEBUG] iteration=2920, ncalls=7482, regioncalls=284560, ndraw=40, logz=-165.49, remainder_fraction=100.0000%, Lmin=-154.54, Lmax=-134.40
15:16:30 [ultranest] [DEBUG] iteration=2928, ncalls=7497, regioncalls=285240, ndraw=40, logz=-165.22, remainder_fraction=100.0000%, Lmin=-154.37, Lmax=-134.40
15:16:30 [ultranest] [DEBUG] iteration=2943, ncalls=7527, regioncalls=286440, ndraw=40, logz=-164.76, remainder_fraction=100.0000%, Lmin=-154.05, Lmax=-134.40
15:16:30 [ultranest] [DEBUG] iteration=2957, ncalls=7560, regioncalls=287760, ndraw=40, logz=-164.40, remainder_fraction=100.0000%, Lmin=-153.69, Lmax=-134.40
15:16:30 [ultranest] [DEBUG] iteration=2960, ncalls=7564, regioncalls=287920, ndraw=40, logz=-164.32, remainder_fraction=100.0000%, Lmin=-153.62, Lmax=-134.40
15:16:30 [ultranest] [DEBUG] iteration=2975, ncalls=7601, regioncalls=289400, ndraw=40, logz=-163.95, remainder_fraction=100.0000%, Lmin=-153.34, Lmax=-134.40
15:16:30 [ultranest] [DEBUG] iteration=2989, ncalls=7633, regioncalls=290680, ndraw=40, logz=-163.64, remainder_fraction=100.0000%, Lmin=-153.00, Lmax=-134.40
15:16:30 [ultranest] [DEBUG] iteration=3000, ncalls=7659, regioncalls=291720, ndraw=40, logz=-163.40, remainder_fraction=100.0000%, Lmin=-152.71, Lmax=-134.40
15:16:30 [ultranest] [DEBUG] iteration=3013, ncalls=7684, regioncalls=292720, ndraw=40, logz=-163.10, remainder_fraction=100.0000%, Lmin=-152.29, Lmax=-134.40
15:16:30 [ultranest] [DEBUG] iteration=3028, ncalls=7713, regioncalls=293880, ndraw=40, logz=-162.76, remainder_fraction=100.0000%, Lmin=-152.02, Lmax=-134.40
15:16:30 [ultranest] [DEBUG] iteration=3040, ncalls=7733, regioncalls=294680, ndraw=40, logz=-162.49, remainder_fraction=100.0000%, Lmin=-151.63, Lmax=-134.40
15:16:31 [ultranest] [DEBUG] iteration=3053, ncalls=7766, regioncalls=296000, ndraw=40, logz=-162.20, remainder_fraction=99.9999%, Lmin=-151.43, Lmax=-134.40
15:16:31 [ultranest] [DEBUG] iteration=3064, ncalls=7800, regioncalls=297360, ndraw=40, logz=-161.98, remainder_fraction=99.9999%, Lmin=-151.20, Lmax=-134.40
15:16:31 [ultranest] [DEBUG] iteration=3079, ncalls=7831, regioncalls=298600, ndraw=40, logz=-161.67, remainder_fraction=99.9999%, Lmin=-150.84, Lmax=-134.40
15:16:31 [ultranest] [DEBUG] iteration=3080, ncalls=7834, regioncalls=298720, ndraw=40, logz=-161.65, remainder_fraction=99.9999%, Lmin=-150.83, Lmax=-134.40
15:16:31 [ultranest] [DEBUG] iteration=3082, ncalls=7837, regioncalls=298880, ndraw=40, logz=-161.61, remainder_fraction=99.9999%, Lmin=-150.82, Lmax=-134.40
15:16:31 [ultranest] [DEBUG] iteration=3100, ncalls=7869, regioncalls=300160, ndraw=40, logz=-161.21, remainder_fraction=99.9998%, Lmin=-150.12, Lmax=-134.40
15:16:31 [ultranest] [DEBUG] iteration=3113, ncalls=7901, regioncalls=301440, ndraw=40, logz=-160.89, remainder_fraction=99.9998%, Lmin=-149.82, Lmax=-134.40
15:16:31 [ultranest] [DEBUG] iteration=3120, ncalls=7918, regioncalls=302120, ndraw=40, logz=-160.73, remainder_fraction=99.9997%, Lmin=-149.71, Lmax=-134.40
15:16:31 [ultranest] [DEBUG] iteration=3137, ncalls=7950, regioncalls=303400, ndraw=40, logz=-160.35, remainder_fraction=99.9996%, Lmin=-149.23, Lmax=-134.40
15:16:31 [ultranest] [DEBUG] iteration=3154, ncalls=7981, regioncalls=304640, ndraw=40, logz=-159.98, remainder_fraction=99.9994%, Lmin=-148.90, Lmax=-134.40
15:16:31 [ultranest] [DEBUG] iteration=3159, ncalls=7996, regioncalls=305280, ndraw=40, logz=-159.88, remainder_fraction=99.9994%, Lmin=-148.85, Lmax=-134.40
15:16:31 [ultranest] [DEBUG] iteration=3160, ncalls=7997, regioncalls=305320, ndraw=40, logz=-159.86, remainder_fraction=99.9994%, Lmin=-148.83, Lmax=-134.40
15:16:31 [ultranest] [DEBUG] iteration=3177, ncalls=8028, regioncalls=306560, ndraw=40, logz=-159.51, remainder_fraction=99.9992%, Lmin=-148.40, Lmax=-134.40
15:16:32 [ultranest] [DEBUG] iteration=3196, ncalls=8061, regioncalls=307880, ndraw=40, logz=-159.12, remainder_fraction=99.9988%, Lmin=-147.95, Lmax=-134.40
15:16:32 [ultranest] [DEBUG] iteration=3200, ncalls=8066, regioncalls=308080, ndraw=40, logz=-159.04, remainder_fraction=99.9986%, Lmin=-147.86, Lmax=-134.40
15:16:32 [ultranest] [DEBUG] iteration=3215, ncalls=8098, regioncalls=309360, ndraw=40, logz=-158.75, remainder_fraction=99.9983%, Lmin=-147.60, Lmax=-134.40
15:16:32 [ultranest] [DEBUG] iteration=3230, ncalls=8129, regioncalls=310600, ndraw=40, logz=-158.45, remainder_fraction=99.9978%, Lmin=-147.18, Lmax=-134.40
15:16:32 [ultranest] [DEBUG] iteration=3240, ncalls=8147, regioncalls=311320, ndraw=40, logz=-158.25, remainder_fraction=99.9973%, Lmin=-146.99, Lmax=-134.40
15:16:32 [ultranest] [DEBUG] iteration=3257, ncalls=8174, regioncalls=312400, ndraw=40, logz=-157.92, remainder_fraction=99.9963%, Lmin=-146.63, Lmax=-134.40
15:16:32 [ultranest] [DEBUG] iteration=3271, ncalls=8205, regioncalls=313640, ndraw=40, logz=-157.66, remainder_fraction=99.9952%, Lmin=-146.39, Lmax=-134.40
15:16:32 [ultranest] [DEBUG] iteration=3280, ncalls=8220, regioncalls=314240, ndraw=40, logz=-157.50, remainder_fraction=99.9944%, Lmin=-146.30, Lmax=-134.40
15:16:32 [ultranest] [DEBUG] iteration=3295, ncalls=8251, regioncalls=315480, ndraw=40, logz=-157.24, remainder_fraction=99.9936%, Lmin=-145.97, Lmax=-134.39
15:16:32 [ultranest] [DEBUG] iteration=3307, ncalls=8288, regioncalls=316960, ndraw=40, logz=-157.04, remainder_fraction=99.9923%, Lmin=-145.76, Lmax=-134.39
15:16:32 [ultranest] [DEBUG] iteration=3319, ncalls=8317, regioncalls=318120, ndraw=40, logz=-156.85, remainder_fraction=99.9903%, Lmin=-145.62, Lmax=-134.39
15:16:32 [ultranest] [DEBUG] iteration=3320, ncalls=8322, regioncalls=318320, ndraw=40, logz=-156.84, remainder_fraction=99.9902%, Lmin=-145.62, Lmax=-134.39
15:16:33 [ultranest] [DEBUG] iteration=3337, ncalls=8356, regioncalls=319680, ndraw=40, logz=-156.58, remainder_fraction=99.9868%, Lmin=-145.34, Lmax=-134.39
15:16:33 [ultranest] [DEBUG] iteration=3349, ncalls=8390, regioncalls=321040, ndraw=40, logz=-156.40, remainder_fraction=99.9842%, Lmin=-145.13, Lmax=-134.39
15:16:33 [ultranest] [DEBUG] iteration=3360, ncalls=8415, regioncalls=322040, ndraw=40, logz=-156.25, remainder_fraction=99.9810%, Lmin=-144.99, Lmax=-134.39
15:16:33 [ultranest] [DEBUG] iteration=3371, ncalls=8448, regioncalls=323360, ndraw=40, logz=-156.09, remainder_fraction=99.9773%, Lmin=-144.79, Lmax=-134.39
15:16:33 [ultranest] [DEBUG] iteration=3386, ncalls=8479, regioncalls=324600, ndraw=40, logz=-155.89, remainder_fraction=99.9714%, Lmin=-144.59, Lmax=-134.39
15:16:33 [ultranest] [DEBUG] iteration=3390, ncalls=8485, regioncalls=324880, ndraw=40, logz=-155.83, remainder_fraction=99.9695%, Lmin=-144.55, Lmax=-134.39
15:16:33 [ultranest] [DEBUG] iteration=3400, ncalls=8508, regioncalls=325840, ndraw=40, logz=-155.70, remainder_fraction=99.9676%, Lmin=-144.36, Lmax=-134.39
15:16:33 [ultranest] [DEBUG] iteration=3416, ncalls=8538, regioncalls=327040, ndraw=40, logz=-155.50, remainder_fraction=99.9605%, Lmin=-144.22, Lmax=-134.39
15:16:33 [ultranest] [DEBUG] iteration=3433, ncalls=8569, regioncalls=328280, ndraw=40, logz=-155.30, remainder_fraction=99.9510%, Lmin=-144.03, Lmax=-134.39
15:16:33 [ultranest] [DEBUG] iteration=3440, ncalls=8583, regioncalls=328840, ndraw=40, logz=-155.22, remainder_fraction=99.9459%, Lmin=-143.89, Lmax=-134.39
15:16:33 [ultranest] [DEBUG] iteration=3457, ncalls=8615, regioncalls=330120, ndraw=40, logz=-155.01, remainder_fraction=99.9324%, Lmin=-143.64, Lmax=-134.39
15:16:33 [ultranest] [DEBUG] iteration=3467, ncalls=8628, regioncalls=330680, ndraw=40, logz=-154.90, remainder_fraction=99.9230%, Lmin=-143.53, Lmax=-134.39
15:16:34 [ultranest] [DEBUG] iteration=3480, ncalls=8654, regioncalls=331720, ndraw=40, logz=-154.76, remainder_fraction=99.9079%, Lmin=-143.42, Lmax=-134.39
15:16:34 [ultranest] [DEBUG] iteration=3493, ncalls=8688, regioncalls=333080, ndraw=40, logz=-154.62, remainder_fraction=99.8985%, Lmin=-143.32, Lmax=-134.39
15:16:34 [ultranest] [DEBUG] iteration=3509, ncalls=8721, regioncalls=334400, ndraw=40, logz=-154.46, remainder_fraction=99.8792%, Lmin=-143.01, Lmax=-134.39
15:16:34 [ultranest] [DEBUG] iteration=3520, ncalls=8744, regioncalls=335320, ndraw=40, logz=-154.34, remainder_fraction=99.8645%, Lmin=-142.84, Lmax=-134.39
15:16:34 [ultranest] [DEBUG] iteration=3535, ncalls=8776, regioncalls=336600, ndraw=40, logz=-154.18, remainder_fraction=99.8381%, Lmin=-142.68, Lmax=-134.39
15:16:34 [ultranest] [DEBUG] iteration=3544, ncalls=8793, regioncalls=337320, ndraw=40, logz=-154.08, remainder_fraction=99.8274%, Lmin=-142.60, Lmax=-134.39
15:16:34 [ultranest] [DEBUG] iteration=3560, ncalls=8821, regioncalls=338440, ndraw=40, logz=-153.92, remainder_fraction=99.8056%, Lmin=-142.42, Lmax=-134.39
15:16:34 [ultranest] [DEBUG] iteration=3575, ncalls=8854, regioncalls=339760, ndraw=40, logz=-153.78, remainder_fraction=99.7668%, Lmin=-142.29, Lmax=-134.39
15:16:34 [ultranest] [DEBUG] iteration=3591, ncalls=8884, regioncalls=340960, ndraw=40, logz=-153.63, remainder_fraction=99.7232%, Lmin=-142.09, Lmax=-134.39
15:16:34 [ultranest] [DEBUG] iteration=3600, ncalls=8902, regioncalls=341680, ndraw=40, logz=-153.54, remainder_fraction=99.6940%, Lmin=-141.97, Lmax=-134.39
15:16:34 [ultranest] [DEBUG] iteration=3618, ncalls=8933, regioncalls=342920, ndraw=40, logz=-153.37, remainder_fraction=99.6453%, Lmin=-141.76, Lmax=-134.39
15:16:35 [ultranest] [DEBUG] iteration=3633, ncalls=8961, regioncalls=344040, ndraw=40, logz=-153.23, remainder_fraction=99.5892%, Lmin=-141.60, Lmax=-134.39
15:16:35 [ultranest] [DEBUG] iteration=3640, ncalls=8982, regioncalls=344880, ndraw=40, logz=-153.17, remainder_fraction=99.5564%, Lmin=-141.56, Lmax=-134.39
15:16:35 [ultranest] [DEBUG] iteration=3654, ncalls=9013, regioncalls=346120, ndraw=40, logz=-153.05, remainder_fraction=99.4926%, Lmin=-141.44, Lmax=-134.39
15:16:35 [ultranest] [DEBUG] iteration=3669, ncalls=9046, regioncalls=347440, ndraw=40, logz=-152.92, remainder_fraction=99.4116%, Lmin=-141.28, Lmax=-134.39
15:16:35 [ultranest] [DEBUG] iteration=3680, ncalls=9072, regioncalls=348480, ndraw=40, logz=-152.83, remainder_fraction=99.3601%, Lmin=-141.17, Lmax=-134.39
15:16:35 [ultranest] [DEBUG] iteration=3696, ncalls=9102, regioncalls=349680, ndraw=40, logz=-152.70, remainder_fraction=99.2906%, Lmin=-141.03, Lmax=-134.28
15:16:35 [ultranest] [DEBUG] iteration=3698, ncalls=9105, regioncalls=349840, ndraw=40, logz=-152.68, remainder_fraction=99.2764%, Lmin=-141.01, Lmax=-134.28
15:16:35 [ultranest] [DEBUG] iteration=3714, ncalls=9139, regioncalls=351240, ndraw=40, logz=-152.56, remainder_fraction=99.1657%, Lmin=-140.79, Lmax=-134.25
15:16:35 [ultranest] [DEBUG] iteration=3720, ncalls=9150, regioncalls=351680, ndraw=40, logz=-152.51, remainder_fraction=99.1586%, Lmin=-140.76, Lmax=-134.25
15:16:35 [ultranest] [DEBUG] iteration=3737, ncalls=9183, regioncalls=353000, ndraw=40, logz=-152.37, remainder_fraction=99.0457%, Lmin=-140.62, Lmax=-134.25
15:16:35 [ultranest] [DEBUG] iteration=3753, ncalls=9214, regioncalls=354240, ndraw=40, logz=-152.25, remainder_fraction=98.8996%, Lmin=-140.41, Lmax=-134.25
15:16:35 [ultranest] [DEBUG] iteration=3760, ncalls=9223, regioncalls=354600, ndraw=40, logz=-152.19, remainder_fraction=98.8333%, Lmin=-140.37, Lmax=-134.25
15:16:36 [ultranest] [DEBUG] iteration=3775, ncalls=9254, regioncalls=355960, ndraw=40, logz=-152.08, remainder_fraction=98.7683%, Lmin=-140.19, Lmax=-134.05
15:16:36 [ultranest] [DEBUG] iteration=3790, ncalls=9284, regioncalls=357160, ndraw=40, logz=-151.96, remainder_fraction=98.6022%, Lmin=-140.06, Lmax=-134.05
15:16:36 [ultranest] [DEBUG] iteration=3800, ncalls=9312, regioncalls=358280, ndraw=40, logz=-151.89, remainder_fraction=98.5590%, Lmin=-139.96, Lmax=-134.05
15:16:36 [ultranest] [DEBUG] iteration=3821, ncalls=9341, regioncalls=359440, ndraw=40, logz=-151.73, remainder_fraction=98.3030%, Lmin=-139.72, Lmax=-134.05
15:16:36 [ultranest] [DEBUG] iteration=3832, ncalls=9374, regioncalls=360760, ndraw=40, logz=-151.65, remainder_fraction=98.1122%, Lmin=-139.66, Lmax=-134.05
15:16:36 [ultranest] [DEBUG] iteration=3840, ncalls=9390, regioncalls=361400, ndraw=40, logz=-151.59, remainder_fraction=97.9783%, Lmin=-139.59, Lmax=-134.05
15:16:36 [ultranest] [DEBUG] iteration=3852, ncalls=9411, regioncalls=362320, ndraw=40, logz=-151.50, remainder_fraction=97.8068%, Lmin=-139.54, Lmax=-134.05
15:16:36 [ultranest] [DEBUG] iteration=3867, ncalls=9442, regioncalls=363560, ndraw=40, logz=-151.41, remainder_fraction=97.5594%, Lmin=-139.45, Lmax=-134.05
15:16:36 [ultranest] [DEBUG] iteration=3880, ncalls=9469, regioncalls=364640, ndraw=40, logz=-151.32, remainder_fraction=97.4112%, Lmin=-139.32, Lmax=-134.05
15:16:36 [ultranest] [DEBUG] iteration=3895, ncalls=9500, regioncalls=365880, ndraw=40, logz=-151.23, remainder_fraction=97.1597%, Lmin=-139.24, Lmax=-134.05
15:16:37 [ultranest] [DEBUG] iteration=3914, ncalls=9532, regioncalls=367160, ndraw=40, logz=-151.11, remainder_fraction=96.7641%, Lmin=-139.09, Lmax=-134.05
15:16:37 [ultranest] [DEBUG] iteration=3920, ncalls=9544, regioncalls=367640, ndraw=40, logz=-151.08, remainder_fraction=96.6918%, Lmin=-139.05, Lmax=-134.05
15:16:37 [ultranest] [DEBUG] iteration=3933, ncalls=9572, regioncalls=368760, ndraw=40, logz=-151.00, remainder_fraction=96.4328%, Lmin=-138.96, Lmax=-134.05
15:16:37 [ultranest] [DEBUG] iteration=3947, ncalls=9602, regioncalls=369960, ndraw=40, logz=-150.92, remainder_fraction=96.0629%, Lmin=-138.82, Lmax=-134.05
15:16:37 [ultranest] [DEBUG] iteration=3960, ncalls=9632, regioncalls=371160, ndraw=40, logz=-150.84, remainder_fraction=95.8533%, Lmin=-138.75, Lmax=-134.05
15:16:37 [ultranest] [DEBUG] iteration=3982, ncalls=9660, regioncalls=372280, ndraw=40, logz=-150.72, remainder_fraction=95.3024%, Lmin=-138.62, Lmax=-134.05
15:16:37 [ultranest] [DEBUG] iteration=3999, ncalls=9691, regioncalls=373520, ndraw=40, logz=-150.63, remainder_fraction=94.8058%, Lmin=-138.49, Lmax=-134.05
15:16:37 [ultranest] [DEBUG] iteration=4000, ncalls=9692, regioncalls=373560, ndraw=40, logz=-150.63, remainder_fraction=94.7916%, Lmin=-138.49, Lmax=-134.05
15:16:37 [ultranest] [DEBUG] iteration=4014, ncalls=9720, regioncalls=374680, ndraw=40, logz=-150.55, remainder_fraction=94.2917%, Lmin=-138.36, Lmax=-134.05
15:16:37 [ultranest] [DEBUG] iteration=4026, ncalls=9753, regioncalls=376000, ndraw=40, logz=-150.49, remainder_fraction=94.0193%, Lmin=-138.30, Lmax=-133.97
15:16:37 [ultranest] [DEBUG] iteration=4040, ncalls=9781, regioncalls=377120, ndraw=40, logz=-150.42, remainder_fraction=93.6252%, Lmin=-138.21, Lmax=-133.97
15:16:37 [ultranest] [DEBUG] iteration=4053, ncalls=9813, regioncalls=378400, ndraw=40, logz=-150.36, remainder_fraction=93.2027%, Lmin=-138.11, Lmax=-133.97
15:16:38 [ultranest] [DEBUG] iteration=4068, ncalls=9845, regioncalls=379680, ndraw=40, logz=-150.28, remainder_fraction=92.7851%, Lmin=-138.02, Lmax=-133.97
15:16:38 [ultranest] [DEBUG] iteration=4080, ncalls=9865, regioncalls=380480, ndraw=40, logz=-150.22, remainder_fraction=92.3214%, Lmin=-137.92, Lmax=-133.97
15:16:38 [ultranest] [DEBUG] iteration=4089, ncalls=9901, regioncalls=381920, ndraw=40, logz=-150.18, remainder_fraction=91.9040%, Lmin=-137.86, Lmax=-133.97
15:16:38 [ultranest] [DEBUG] iteration=4101, ncalls=9933, regioncalls=383200, ndraw=40, logz=-150.12, remainder_fraction=91.5046%, Lmin=-137.77, Lmax=-133.97
15:16:38 [ultranest] [DEBUG] iteration=4117, ncalls=9963, regioncalls=384400, ndraw=40, logz=-150.05, remainder_fraction=90.8467%, Lmin=-137.71, Lmax=-133.97
15:16:38 [ultranest] [DEBUG] iteration=4120, ncalls=9971, regioncalls=384720, ndraw=40, logz=-150.03, remainder_fraction=90.6749%, Lmin=-137.69, Lmax=-133.97
15:16:38 [ultranest] [DEBUG] iteration=4131, ncalls=10006, regioncalls=386120, ndraw=40, logz=-149.98, remainder_fraction=90.3350%, Lmin=-137.63, Lmax=-133.97
15:16:38 [ultranest] [DEBUG] iteration=4146, ncalls=10037, regioncalls=387360, ndraw=40, logz=-149.92, remainder_fraction=89.6405%, Lmin=-137.55, Lmax=-133.97
15:16:38 [ultranest] [DEBUG] iteration=4157, ncalls=10073, regioncalls=388800, ndraw=40, logz=-149.87, remainder_fraction=89.2483%, Lmin=-137.49, Lmax=-133.97
15:16:38 [ultranest] [DEBUG] iteration=4160, ncalls=10082, regioncalls=389240, ndraw=40, logz=-149.86, remainder_fraction=89.1226%, Lmin=-137.48, Lmax=-133.97
15:16:38 [ultranest] [DEBUG] iteration=4174, ncalls=10112, regioncalls=390440, ndraw=40, logz=-149.80, remainder_fraction=88.2673%, Lmin=-137.42, Lmax=-133.97
15:16:39 [ultranest] [DEBUG] iteration=4191, ncalls=10142, regioncalls=391640, ndraw=40, logz=-149.73, remainder_fraction=87.5034%, Lmin=-137.30, Lmax=-133.97
15:16:39 [ultranest] [DEBUG] iteration=4200, ncalls=10155, regioncalls=392160, ndraw=40, logz=-149.70, remainder_fraction=86.9402%, Lmin=-137.26, Lmax=-133.97
15:16:39 [ultranest] [DEBUG] iteration=4215, ncalls=10186, regioncalls=393400, ndraw=40, logz=-149.64, remainder_fraction=86.0808%, Lmin=-137.17, Lmax=-133.97
15:16:39 [ultranest] [DEBUG] iteration=4233, ncalls=10215, regioncalls=394560, ndraw=40, logz=-149.57, remainder_fraction=84.8591%, Lmin=-137.08, Lmax=-133.97
15:16:39 [ultranest] [DEBUG] iteration=4237, ncalls=10221, regioncalls=394840, ndraw=40, logz=-149.55, remainder_fraction=84.6512%, Lmin=-137.06, Lmax=-133.97
15:16:39 [ultranest] [DEBUG] iteration=4240, ncalls=10227, regioncalls=395080, ndraw=40, logz=-149.54, remainder_fraction=84.5407%, Lmin=-137.05, Lmax=-133.97
15:16:39 [ultranest] [DEBUG] iteration=4251, ncalls=10254, regioncalls=396160, ndraw=40, logz=-149.50, remainder_fraction=83.7815%, Lmin=-137.00, Lmax=-133.97
15:16:39 [ultranest] [DEBUG] iteration=4265, ncalls=10286, regioncalls=397440, ndraw=40, logz=-149.45, remainder_fraction=82.9352%, Lmin=-136.95, Lmax=-133.97
15:16:39 [ultranest] [DEBUG] iteration=4280, ncalls=10318, regioncalls=398720, ndraw=40, logz=-149.40, remainder_fraction=81.8135%, Lmin=-136.84, Lmax=-133.97
15:16:39 [ultranest] [DEBUG] iteration=4295, ncalls=10350, regioncalls=400000, ndraw=40, logz=-149.35, remainder_fraction=80.9250%, Lmin=-136.78, Lmax=-133.97
15:16:39 [ultranest] [DEBUG] iteration=4309, ncalls=10388, regioncalls=401520, ndraw=40, logz=-149.30, remainder_fraction=79.9919%, Lmin=-136.73, Lmax=-133.97
15:16:39 [ultranest] [DEBUG] iteration=4314, ncalls=10404, regioncalls=402200, ndraw=40, logz=-149.28, remainder_fraction=79.6789%, Lmin=-136.72, Lmax=-133.97
15:16:39 [ultranest] [DEBUG] iteration=4320, ncalls=10413, regioncalls=402560, ndraw=40, logz=-149.26, remainder_fraction=79.2712%, Lmin=-136.68, Lmax=-133.97
15:16:40 [ultranest] [DEBUG] iteration=4332, ncalls=10439, regioncalls=403600, ndraw=40, logz=-149.22, remainder_fraction=78.3934%, Lmin=-136.58, Lmax=-133.97
15:16:40 [ultranest] [DEBUG] iteration=4344, ncalls=10472, regioncalls=404920, ndraw=40, logz=-149.18, remainder_fraction=77.4208%, Lmin=-136.54, Lmax=-133.97
15:16:40 [ultranest] [DEBUG] iteration=4359, ncalls=10504, regioncalls=406200, ndraw=40, logz=-149.14, remainder_fraction=76.2993%, Lmin=-136.46, Lmax=-133.97
15:16:40 [ultranest] [DEBUG] iteration=4360, ncalls=10505, regioncalls=406240, ndraw=40, logz=-149.13, remainder_fraction=76.2050%, Lmin=-136.45, Lmax=-133.97
15:16:40 [ultranest] [DEBUG] iteration=4372, ncalls=10537, regioncalls=407520, ndraw=40, logz=-149.10, remainder_fraction=75.1140%, Lmin=-136.40, Lmax=-133.97
15:16:40 [ultranest] [DEBUG] iteration=4386, ncalls=10568, regioncalls=408760, ndraw=40, logz=-149.05, remainder_fraction=74.0057%, Lmin=-136.33, Lmax=-133.97
15:16:40 [ultranest] [DEBUG] iteration=4391, ncalls=10575, regioncalls=409080, ndraw=40, logz=-149.04, remainder_fraction=73.5185%, Lmin=-136.29, Lmax=-133.97
15:16:40 [ultranest] [DEBUG] iteration=4400, ncalls=10593, regioncalls=409800, ndraw=40, logz=-149.01, remainder_fraction=72.6979%, Lmin=-136.25, Lmax=-133.97
15:16:40 [ultranest] [DEBUG] iteration=4415, ncalls=10624, regioncalls=411040, ndraw=40, logz=-148.96, remainder_fraction=71.5461%, Lmin=-136.19, Lmax=-133.97
15:16:40 [ultranest] [DEBUG] iteration=4432, ncalls=10656, regioncalls=412320, ndraw=40, logz=-148.91, remainder_fraction=69.9594%, Lmin=-136.13, Lmax=-133.97
15:16:40 [ultranest] [DEBUG] iteration=4440, ncalls=10678, regioncalls=413200, ndraw=40, logz=-148.89, remainder_fraction=69.2606%, Lmin=-136.11, Lmax=-133.97
15:16:40 [ultranest] [DEBUG] iteration=4461, ncalls=10707, regioncalls=414360, ndraw=40, logz=-148.84, remainder_fraction=67.4272%, Lmin=-136.06, Lmax=-133.97
15:16:41 [ultranest] [DEBUG] iteration=4468, ncalls=10721, regioncalls=415040, ndraw=40, logz=-148.82, remainder_fraction=66.6911%, Lmin=-136.04, Lmax=-133.97
15:16:41 [ultranest] [DEBUG] iteration=4480, ncalls=10739, regioncalls=415800, ndraw=40, logz=-148.79, remainder_fraction=65.7994%, Lmin=-136.02, Lmax=-133.97
15:16:41 [ultranest] [DEBUG] iteration=4498, ncalls=10769, regioncalls=417000, ndraw=40, logz=-148.74, remainder_fraction=64.1282%, Lmin=-135.96, Lmax=-133.97
15:16:41 [ultranest] [DEBUG] iteration=4513, ncalls=10801, regioncalls=418280, ndraw=40, logz=-148.71, remainder_fraction=63.0068%, Lmin=-135.91, Lmax=-133.97
15:16:41 [ultranest] [DEBUG] iteration=4520, ncalls=10820, regioncalls=419040, ndraw=40, logz=-148.69, remainder_fraction=62.3840%, Lmin=-135.90, Lmax=-133.97
15:16:41 [ultranest] [DEBUG] iteration=4534, ncalls=10851, regioncalls=420280, ndraw=40, logz=-148.66, remainder_fraction=61.1353%, Lmin=-135.87, Lmax=-133.97
15:16:41 [ultranest] [DEBUG] iteration=4545, ncalls=10877, regioncalls=421360, ndraw=40, logz=-148.64, remainder_fraction=60.2639%, Lmin=-135.83, Lmax=-133.97
15:16:41 [ultranest] [DEBUG] iteration=4560, ncalls=10903, regioncalls=422440, ndraw=40, logz=-148.61, remainder_fraction=58.9834%, Lmin=-135.80, Lmax=-133.97
15:16:41 [ultranest] [DEBUG] iteration=4575, ncalls=10933, regioncalls=423680, ndraw=40, logz=-148.58, remainder_fraction=57.8444%, Lmin=-135.76, Lmax=-133.97
15:16:41 [ultranest] [DEBUG] iteration=4590, ncalls=10964, regioncalls=424920, ndraw=40, logz=-148.55, remainder_fraction=56.6020%, Lmin=-135.70, Lmax=-133.97
15:16:41 [ultranest] [DEBUG] iteration=4600, ncalls=10990, regioncalls=425960, ndraw=40, logz=-148.53, remainder_fraction=56.0525%, Lmin=-135.69, Lmax=-133.97
15:16:42 [ultranest] [DEBUG] iteration=4617, ncalls=11019, regioncalls=427120, ndraw=40, logz=-148.50, remainder_fraction=54.5288%, Lmin=-135.65, Lmax=-133.97
15:16:42 [ultranest] [DEBUG] iteration=4628, ncalls=11047, regioncalls=428240, ndraw=40, logz=-148.48, remainder_fraction=53.7302%, Lmin=-135.62, Lmax=-133.97
15:16:42 [ultranest] [DEBUG] iteration=4640, ncalls=11077, regioncalls=429440, ndraw=40, logz=-148.46, remainder_fraction=52.7636%, Lmin=-135.58, Lmax=-133.97
15:16:42 [ultranest] [DEBUG] iteration=4656, ncalls=11109, regioncalls=430720, ndraw=40, logz=-148.43, remainder_fraction=51.5039%, Lmin=-135.54, Lmax=-133.97
15:16:42 [ultranest] [DEBUG] iteration=4670, ncalls=11148, regioncalls=432280, ndraw=40, logz=-148.41, remainder_fraction=50.2931%, Lmin=-135.50, Lmax=-133.97
15:16:42 [ultranest] [DEBUG] iteration=4680, ncalls=11173, regioncalls=433280, ndraw=40, logz=-148.39, remainder_fraction=49.5741%, Lmin=-135.48, Lmax=-133.97
15:16:42 [ultranest] [DEBUG] iteration=4692, ncalls=11205, regioncalls=434560, ndraw=40, logz=-148.38, remainder_fraction=48.6158%, Lmin=-135.45, Lmax=-133.97
15:16:42 [ultranest] [DEBUG] iteration=4699, ncalls=11239, regioncalls=435960, ndraw=40, logz=-148.36, remainder_fraction=48.0169%, Lmin=-135.43, Lmax=-133.97
15:16:42 [ultranest] [DEBUG] iteration=4713, ncalls=11270, regioncalls=437200, ndraw=40, logz=-148.34, remainder_fraction=46.7822%, Lmin=-135.38, Lmax=-133.97
15:16:42 [ultranest] [DEBUG] iteration=4720, ncalls=11282, regioncalls=437680, ndraw=40, logz=-148.33, remainder_fraction=46.2159%, Lmin=-135.36, Lmax=-133.97
15:16:43 [ultranest] [DEBUG] iteration=4736, ncalls=11313, regioncalls=438920, ndraw=40, logz=-148.31, remainder_fraction=45.0449%, Lmin=-135.34, Lmax=-133.97
15:16:43 [ultranest] [DEBUG] iteration=4750, ncalls=11344, regioncalls=440160, ndraw=40, logz=-148.29, remainder_fraction=43.9120%, Lmin=-135.30, Lmax=-133.97
15:16:43 [ultranest] [DEBUG] iteration=4760, ncalls=11368, regioncalls=441120, ndraw=40, logz=-148.28, remainder_fraction=43.2096%, Lmin=-135.29, Lmax=-133.97
15:16:43 [ultranest] [DEBUG] iteration=4776, ncalls=11395, regioncalls=442240, ndraw=40, logz=-148.25, remainder_fraction=41.8892%, Lmin=-135.26, Lmax=-133.97
15:16:43 [ultranest] [DEBUG] iteration=4785, ncalls=11427, regioncalls=443520, ndraw=40, logz=-148.24, remainder_fraction=41.2424%, Lmin=-135.24, Lmax=-133.97
15:16:43 [ultranest] [DEBUG] iteration=4800, ncalls=11446, regioncalls=444280, ndraw=40, logz=-148.22, remainder_fraction=40.0593%, Lmin=-135.22, Lmax=-133.97
15:16:43 [ultranest] [DEBUG] iteration=4810, ncalls=11479, regioncalls=445600, ndraw=40, logz=-148.21, remainder_fraction=39.2994%, Lmin=-135.19, Lmax=-133.97
15:16:43 [ultranest] [DEBUG] iteration=4824, ncalls=11510, regioncalls=446840, ndraw=40, logz=-148.20, remainder_fraction=38.3538%, Lmin=-135.15, Lmax=-133.97
15:16:43 [ultranest] [DEBUG] iteration=4836, ncalls=11543, regioncalls=448160, ndraw=40, logz=-148.18, remainder_fraction=37.5047%, Lmin=-135.14, Lmax=-133.97
15:16:43 [ultranest] [DEBUG] iteration=4840, ncalls=11553, regioncalls=448560, ndraw=40, logz=-148.18, remainder_fraction=37.1650%, Lmin=-135.13, Lmax=-133.97
15:16:43 [ultranest] [DEBUG] iteration=4853, ncalls=11581, regioncalls=449720, ndraw=40, logz=-148.16, remainder_fraction=36.3238%, Lmin=-135.10, Lmax=-133.97
15:16:44 [ultranest] [DEBUG] iteration=4870, ncalls=11609, regioncalls=450840, ndraw=40, logz=-148.14, remainder_fraction=35.0035%, Lmin=-135.08, Lmax=-133.97
15:16:44 [ultranest] [DEBUG] iteration=4880, ncalls=11633, regioncalls=451800, ndraw=40, logz=-148.13, remainder_fraction=34.3033%, Lmin=-135.07, Lmax=-133.97
15:16:44 [ultranest] [DEBUG] iteration=4895, ncalls=11664, regioncalls=453040, ndraw=40, logz=-148.12, remainder_fraction=33.3757%, Lmin=-135.05, Lmax=-133.97
15:16:44 [ultranest] [DEBUG] iteration=4909, ncalls=11698, regioncalls=454400, ndraw=40, logz=-148.11, remainder_fraction=32.4157%, Lmin=-135.03, Lmax=-133.97
15:16:44 [ultranest] [DEBUG] iteration=4920, ncalls=11713, regioncalls=455000, ndraw=40, logz=-148.10, remainder_fraction=31.6953%, Lmin=-135.02, Lmax=-133.97
15:16:44 [ultranest] [DEBUG] iteration=4930, ncalls=11729, regioncalls=455720, ndraw=40, logz=-148.09, remainder_fraction=31.0948%, Lmin=-135.01, Lmax=-133.97
15:16:44 [ultranest] [DEBUG] iteration=4944, ncalls=11759, regioncalls=457080, ndraw=40, logz=-148.07, remainder_fraction=30.3532%, Lmin=-134.98, Lmax=-133.97
15:16:44 [ultranest] [DEBUG] iteration=4960, ncalls=11789, regioncalls=458320, ndraw=40, logz=-148.06, remainder_fraction=29.2499%, Lmin=-134.96, Lmax=-133.97
15:16:44 [ultranest] [DEBUG] iteration=4975, ncalls=11821, regioncalls=459600, ndraw=40, logz=-148.05, remainder_fraction=28.3399%, Lmin=-134.95, Lmax=-133.97
15:16:44 [ultranest] [DEBUG] iteration=4990, ncalls=11852, regioncalls=460840, ndraw=40, logz=-148.04, remainder_fraction=27.3841%, Lmin=-134.93, Lmax=-133.97
15:16:44 [ultranest] [DEBUG] iteration=5000, ncalls=11872, regioncalls=461640, ndraw=40, logz=-148.03, remainder_fraction=26.8341%, Lmin=-134.91, Lmax=-133.97
15:16:45 [ultranest] [DEBUG] iteration=5012, ncalls=11900, regioncalls=462760, ndraw=40, logz=-148.02, remainder_fraction=26.1804%, Lmin=-134.90, Lmax=-133.97
15:16:45 [ultranest] [DEBUG] iteration=5024, ncalls=11932, regioncalls=464040, ndraw=40, logz=-148.01, remainder_fraction=25.5990%, Lmin=-134.88, Lmax=-133.95
15:16:45 [ultranest] [DEBUG] iteration=5040, ncalls=11959, regioncalls=465120, ndraw=40, logz=-148.00, remainder_fraction=24.8540%, Lmin=-134.87, Lmax=-133.95
15:16:45 [ultranest] [DEBUG] iteration=5052, ncalls=11996, regioncalls=466600, ndraw=40, logz=-147.99, remainder_fraction=24.3426%, Lmin=-134.85, Lmax=-133.95
15:16:45 [ultranest] [DEBUG] iteration=5069, ncalls=12028, regioncalls=467880, ndraw=40, logz=-147.98, remainder_fraction=23.4856%, Lmin=-134.81, Lmax=-133.95
15:16:45 [ultranest] [DEBUG] iteration=5080, ncalls=12049, regioncalls=468720, ndraw=40, logz=-147.97, remainder_fraction=22.8538%, Lmin=-134.80, Lmax=-133.95
15:16:45 [ultranest] [DEBUG] iteration=5084, ncalls=12059, regioncalls=469160, ndraw=40, logz=-147.97, remainder_fraction=22.6752%, Lmin=-134.79, Lmax=-133.95
15:16:45 [ultranest] [DEBUG] iteration=5099, ncalls=12085, regioncalls=470240, ndraw=40, logz=-147.96, remainder_fraction=21.9101%, Lmin=-134.78, Lmax=-133.95
15:16:45 [ultranest] [DEBUG] iteration=5114, ncalls=12118, regioncalls=471560, ndraw=40, logz=-147.95, remainder_fraction=21.2561%, Lmin=-134.76, Lmax=-133.95
15:16:45 [ultranest] [DEBUG] iteration=5120, ncalls=12130, regioncalls=472040, ndraw=40, logz=-147.95, remainder_fraction=20.9815%, Lmin=-134.75, Lmax=-133.95
15:16:45 [ultranest] [DEBUG] iteration=5137, ncalls=12160, regioncalls=473240, ndraw=40, logz=-147.94, remainder_fraction=20.2790%, Lmin=-134.73, Lmax=-133.95
15:16:46 [ultranest] [DEBUG] iteration=5154, ncalls=12191, regioncalls=474480, ndraw=40, logz=-147.93, remainder_fraction=19.5437%, Lmin=-134.71, Lmax=-133.95
15:16:46 [ultranest] [DEBUG] iteration=5160, ncalls=12203, regioncalls=474960, ndraw=40, logz=-147.93, remainder_fraction=19.2746%, Lmin=-134.71, Lmax=-133.95
15:16:46 [ultranest] [DEBUG] iteration=5161, ncalls=12205, regioncalls=475120, ndraw=40, logz=-147.92, remainder_fraction=19.2326%, Lmin=-134.71, Lmax=-133.95
15:16:46 [ultranest] [DEBUG] iteration=5176, ncalls=12234, regioncalls=476280, ndraw=40, logz=-147.92, remainder_fraction=18.6663%, Lmin=-134.69, Lmax=-133.95
15:16:46 [ultranest] [DEBUG] iteration=5192, ncalls=12264, regioncalls=477480, ndraw=40, logz=-147.91, remainder_fraction=17.9783%, Lmin=-134.68, Lmax=-133.95
15:16:46 [ultranest] [DEBUG] iteration=5200, ncalls=12274, regioncalls=477880, ndraw=40, logz=-147.91, remainder_fraction=17.6581%, Lmin=-134.67, Lmax=-133.95
15:16:46 [ultranest] [DEBUG] iteration=5219, ncalls=12306, regioncalls=479160, ndraw=40, logz=-147.90, remainder_fraction=16.9654%, Lmin=-134.65, Lmax=-133.95
15:16:46 [ultranest] [DEBUG] iteration=5236, ncalls=12337, regioncalls=480400, ndraw=40, logz=-147.89, remainder_fraction=16.3101%, Lmin=-134.63, Lmax=-133.95
15:16:46 [ultranest] [DEBUG] iteration=5240, ncalls=12344, regioncalls=480680, ndraw=40, logz=-147.89, remainder_fraction=16.1782%, Lmin=-134.62, Lmax=-133.95
15:16:46 [ultranest] [DEBUG] iteration=5255, ncalls=12372, regioncalls=481800, ndraw=40, logz=-147.88, remainder_fraction=15.6038%, Lmin=-134.61, Lmax=-133.95
15:16:46 [ultranest] [DEBUG] iteration=5271, ncalls=12409, regioncalls=483280, ndraw=40, logz=-147.87, remainder_fraction=15.0354%, Lmin=-134.59, Lmax=-133.95
15:16:46 [ultranest] [DEBUG] iteration=5280, ncalls=12425, regioncalls=483920, ndraw=40, logz=-147.87, remainder_fraction=14.7561%, Lmin=-134.58, Lmax=-133.95
15:16:46 [ultranest] [DEBUG] iteration=5297, ncalls=12455, regioncalls=485120, ndraw=40, logz=-147.86, remainder_fraction=14.1847%, Lmin=-134.57, Lmax=-133.92
15:16:47 [ultranest] [DEBUG] iteration=5313, ncalls=12487, regioncalls=486400, ndraw=40, logz=-147.86, remainder_fraction=13.6701%, Lmin=-134.56, Lmax=-133.92
15:16:47 [ultranest] [DEBUG] iteration=5320, ncalls=12508, regioncalls=487240, ndraw=40, logz=-147.85, remainder_fraction=13.4250%, Lmin=-134.56, Lmax=-133.92
15:16:47 [ultranest] [DEBUG] iteration=5336, ncalls=12537, regioncalls=488400, ndraw=40, logz=-147.85, remainder_fraction=12.9177%, Lmin=-134.54, Lmax=-133.92
15:16:47 [ultranest] [DEBUG] iteration=5349, ncalls=12568, regioncalls=489640, ndraw=40, logz=-147.84, remainder_fraction=12.5067%, Lmin=-134.53, Lmax=-133.92
15:16:47 [ultranest] [DEBUG] iteration=5360, ncalls=12593, regioncalls=490640, ndraw=40, logz=-147.84, remainder_fraction=12.1875%, Lmin=-134.53, Lmax=-133.92
15:16:47 [ultranest] [DEBUG] iteration=5375, ncalls=12625, regioncalls=491920, ndraw=40, logz=-147.84, remainder_fraction=11.7550%, Lmin=-134.51, Lmax=-133.92
15:16:47 [ultranest] [DEBUG] iteration=5390, ncalls=12658, regioncalls=493240, ndraw=40, logz=-147.83, remainder_fraction=11.3432%, Lmin=-134.50, Lmax=-133.92
15:16:47 [ultranest] [DEBUG] iteration=5400, ncalls=12685, regioncalls=494320, ndraw=40, logz=-147.83, remainder_fraction=11.0752%, Lmin=-134.49, Lmax=-133.92
15:16:47 [ultranest] [DEBUG] iteration=5410, ncalls=12717, regioncalls=495600, ndraw=40, logz=-147.83, remainder_fraction=10.8016%, Lmin=-134.48, Lmax=-133.92
15:16:47 [ultranest] [DEBUG] iteration=5424, ncalls=12750, regioncalls=496920, ndraw=40, logz=-147.82, remainder_fraction=10.4522%, Lmin=-134.47, Lmax=-133.92
15:16:48 [ultranest] [DEBUG] iteration=5440, ncalls=12776, regioncalls=497960, ndraw=40, logz=-147.82, remainder_fraction=10.0607%, Lmin=-134.46, Lmax=-133.92
15:16:48 [ultranest] [DEBUG] iteration=5456, ncalls=12813, regioncalls=499440, ndraw=40, logz=-147.81, remainder_fraction=9.7078%, Lmin=-134.44, Lmax=-133.90
15:16:48 [ultranest] [DEBUG] iteration=5469, ncalls=12838, regioncalls=500480, ndraw=40, logz=-147.81, remainder_fraction=9.4059%, Lmin=-134.43, Lmax=-133.90
15:16:48 [ultranest] [DEBUG] iteration=5480, ncalls=12866, regioncalls=501600, ndraw=40, logz=-147.81, remainder_fraction=9.1526%, Lmin=-134.43, Lmax=-133.90
15:16:48 [ultranest] [DEBUG] iteration=5500, ncalls=12898, regioncalls=502880, ndraw=40, logz=-147.80, remainder_fraction=8.7156%, Lmin=-134.41, Lmax=-133.90
15:16:48 [ultranest] [DEBUG] iteration=5515, ncalls=12933, regioncalls=504280, ndraw=40, logz=-147.80, remainder_fraction=8.3967%, Lmin=-134.40, Lmax=-133.90
15:16:48 [ultranest] [DEBUG] iteration=5520, ncalls=12952, regioncalls=505040, ndraw=40, logz=-147.80, remainder_fraction=8.2996%, Lmin=-134.40, Lmax=-133.90
15:16:48 [ultranest] [DEBUG] iteration=5534, ncalls=12985, regioncalls=506360, ndraw=40, logz=-147.79, remainder_fraction=8.0169%, Lmin=-134.39, Lmax=-133.90
15:16:48 [ultranest] [DEBUG] iteration=5543, ncalls=13019, regioncalls=507720, ndraw=40, logz=-147.79, remainder_fraction=7.8372%, Lmin=-134.38, Lmax=-133.90
15:16:48 [ultranest] [DEBUG] iteration=5546, ncalls=13029, regioncalls=508160, ndraw=40, logz=-147.79, remainder_fraction=7.7801%, Lmin=-134.38, Lmax=-133.90
15:16:48 [ultranest] [DEBUG] iteration=5560, ncalls=13052, regioncalls=509080, ndraw=40, logz=-147.79, remainder_fraction=7.5101%, Lmin=-134.37, Lmax=-133.90
15:16:49 [ultranest] [DEBUG] iteration=5573, ncalls=13082, regioncalls=510280, ndraw=40, logz=-147.79, remainder_fraction=7.2721%, Lmin=-134.37, Lmax=-133.90
15:16:49 [ultranest] [DEBUG] iteration=5588, ncalls=13115, regioncalls=511600, ndraw=40, logz=-147.78, remainder_fraction=6.9938%, Lmin=-134.36, Lmax=-133.90
15:16:49 [ultranest] [DEBUG] iteration=5600, ncalls=13136, regioncalls=512440, ndraw=40, logz=-147.78, remainder_fraction=6.7763%, Lmin=-134.35, Lmax=-133.90
15:16:49 [ultranest] [DEBUG] iteration=5619, ncalls=13168, regioncalls=513720, ndraw=40, logz=-147.78, remainder_fraction=6.4640%, Lmin=-134.34, Lmax=-133.90
15:16:49 [ultranest] [DEBUG] iteration=5634, ncalls=13191, regioncalls=514640, ndraw=40, logz=-147.78, remainder_fraction=6.2293%, Lmin=-134.33, Lmax=-133.90
15:16:49 [ultranest] [DEBUG] iteration=5640, ncalls=13202, regioncalls=515080, ndraw=40, logz=-147.77, remainder_fraction=6.1413%, Lmin=-134.32, Lmax=-133.90
15:16:49 [ultranest] [DEBUG] iteration=5652, ncalls=13235, regioncalls=516400, ndraw=40, logz=-147.77, remainder_fraction=5.9581%, Lmin=-134.32, Lmax=-133.90
15:16:49 [ultranest] [DEBUG] iteration=5670, ncalls=13268, regioncalls=517720, ndraw=40, logz=-147.77, remainder_fraction=5.6875%, Lmin=-134.31, Lmax=-133.90
15:16:49 [ultranest] [DEBUG] iteration=5680, ncalls=13286, regioncalls=518440, ndraw=40, logz=-147.77, remainder_fraction=5.5548%, Lmin=-134.30, Lmax=-133.90
15:16:49 [ultranest] [DEBUG] iteration=5694, ncalls=13321, regioncalls=519840, ndraw=40, logz=-147.77, remainder_fraction=5.3659%, Lmin=-134.30, Lmax=-133.90
15:16:49 [ultranest] [DEBUG] iteration=5700, ncalls=13329, regioncalls=520320, ndraw=40, logz=-147.76, remainder_fraction=5.2881%, Lmin=-134.29, Lmax=-133.90
15:16:49 [ultranest] [DEBUG] iteration=5711, ncalls=13358, regioncalls=521520, ndraw=40, logz=-147.76, remainder_fraction=5.1436%, Lmin=-134.29, Lmax=-133.90
15:16:50 [ultranest] [DEBUG] iteration=5720, ncalls=13377, regioncalls=522320, ndraw=40, logz=-147.76, remainder_fraction=5.0326%, Lmin=-134.28, Lmax=-133.90
15:16:50 [ultranest] [DEBUG] iteration=5740, ncalls=13406, regioncalls=523480, ndraw=40, logz=-147.76, remainder_fraction=4.7825%, Lmin=-134.27, Lmax=-133.90
15:16:50 [ultranest] [DEBUG] iteration=5754, ncalls=13438, regioncalls=524760, ndraw=40, logz=-147.76, remainder_fraction=4.6146%, Lmin=-134.27, Lmax=-133.90
15:16:50 [ultranest] [DEBUG] iteration=5760, ncalls=13451, regioncalls=525280, ndraw=40, logz=-147.76, remainder_fraction=4.5461%, Lmin=-134.26, Lmax=-133.90
15:16:50 [ultranest] [DEBUG] iteration=5776, ncalls=13483, regioncalls=526560, ndraw=40, logz=-147.76, remainder_fraction=4.3608%, Lmin=-134.26, Lmax=-133.90
15:16:50 [ultranest] [DEBUG] iteration=5777, ncalls=13484, regioncalls=526640, ndraw=40, logz=-147.75, remainder_fraction=4.3483%, Lmin=-134.25, Lmax=-133.90
15:16:50 [ultranest] [DEBUG] iteration=5789, ncalls=13516, regioncalls=527920, ndraw=40, logz=-147.75, remainder_fraction=4.2119%, Lmin=-134.25, Lmax=-133.90
15:16:50 [ultranest] [DEBUG] iteration=5800, ncalls=13541, regioncalls=528920, ndraw=40, logz=-147.75, remainder_fraction=4.0921%, Lmin=-134.24, Lmax=-133.90
15:16:50 [ultranest] [DEBUG] iteration=5815, ncalls=13572, regioncalls=530160, ndraw=40, logz=-147.75, remainder_fraction=3.9360%, Lmin=-134.23, Lmax=-133.90
15:16:50 [ultranest] [DEBUG] iteration=5831, ncalls=13606, regioncalls=531520, ndraw=40, logz=-147.75, remainder_fraction=3.7770%, Lmin=-134.23, Lmax=-133.90
15:16:50 [ultranest] [DEBUG] iteration=5840, ncalls=13620, regioncalls=532080, ndraw=40, logz=-147.75, remainder_fraction=3.6953%, Lmin=-134.22, Lmax=-133.90
15:16:50 [ultranest] [DEBUG] iteration=5854, ncalls=13649, regioncalls=533320, ndraw=40, logz=-147.75, remainder_fraction=3.5606%, Lmin=-134.22, Lmax=-133.90
15:16:51 [ultranest] [DEBUG] iteration=5870, ncalls=13677, regioncalls=534440, ndraw=40, logz=-147.75, remainder_fraction=3.4150%, Lmin=-134.21, Lmax=-133.90
15:16:51 [ultranest] [DEBUG] iteration=5880, ncalls=13698, regioncalls=535280, ndraw=40, logz=-147.74, remainder_fraction=3.3263%, Lmin=-134.21, Lmax=-133.90
15:16:51 [ultranest] [DEBUG] iteration=5898, ncalls=13728, regioncalls=536480, ndraw=40, logz=-147.74, remainder_fraction=3.1821%, Lmin=-134.20, Lmax=-133.90
15:16:51 [ultranest] [DEBUG] iteration=5915, ncalls=13758, regioncalls=537680, ndraw=40, logz=-147.74, remainder_fraction=3.0456%, Lmin=-134.19, Lmax=-133.89
15:16:51 [ultranest] [DEBUG] iteration=5920, ncalls=13766, regioncalls=538000, ndraw=40, logz=-147.74, remainder_fraction=3.0076%, Lmin=-134.19, Lmax=-133.89
15:16:51 [ultranest] [DEBUG] iteration=5932, ncalls=13799, regioncalls=539320, ndraw=40, logz=-147.74, remainder_fraction=2.9147%, Lmin=-134.19, Lmax=-133.89
15:16:51 [ultranest] [DEBUG] iteration=5949, ncalls=13828, regioncalls=540480, ndraw=40, logz=-147.74, remainder_fraction=2.7932%, Lmin=-134.18, Lmax=-133.89
15:16:51 [ultranest] [DEBUG] iteration=5960, ncalls=13849, regioncalls=541320, ndraw=40, logz=-147.74, remainder_fraction=2.7105%, Lmin=-134.17, Lmax=-133.89
15:16:51 [ultranest] [DEBUG] iteration=5973, ncalls=13880, regioncalls=542560, ndraw=40, logz=-147.74, remainder_fraction=2.6190%, Lmin=-134.17, Lmax=-133.89
15:16:51 [ultranest] [DEBUG] iteration=5987, ncalls=13913, regioncalls=543880, ndraw=40, logz=-147.74, remainder_fraction=2.5225%, Lmin=-134.16, Lmax=-133.89
15:16:51 [ultranest] [DEBUG] iteration=6000, ncalls=13938, regioncalls=544880, ndraw=40, logz=-147.74, remainder_fraction=2.4337%, Lmin=-134.15, Lmax=-133.89
15:16:52 [ultranest] [DEBUG] iteration=6008, ncalls=13955, regioncalls=545640, ndraw=40, logz=-147.73, remainder_fraction=2.3827%, Lmin=-134.15, Lmax=-133.89
15:16:52 [ultranest] [DEBUG] iteration=6023, ncalls=13981, regioncalls=546680, ndraw=40, logz=-147.73, remainder_fraction=2.2873%, Lmin=-134.15, Lmax=-133.89
15:16:52 [ultranest] [DEBUG] iteration=6036, ncalls=14013, regioncalls=547960, ndraw=40, logz=-147.73, remainder_fraction=2.2116%, Lmin=-134.14, Lmax=-133.89
15:16:52 [ultranest] [DEBUG] iteration=6040, ncalls=14020, regioncalls=548240, ndraw=40, logz=-147.73, remainder_fraction=2.1892%, Lmin=-134.14, Lmax=-133.89
15:16:52 [ultranest] [DEBUG] iteration=6056, ncalls=14049, regioncalls=549400, ndraw=40, logz=-147.73, remainder_fraction=2.0950%, Lmin=-134.14, Lmax=-133.89
15:16:52 [ultranest] [DEBUG] iteration=6070, ncalls=14079, regioncalls=550600, ndraw=40, logz=-147.73, remainder_fraction=2.0170%, Lmin=-134.13, Lmax=-133.89
15:16:52 [ultranest] [DEBUG] iteration=6080, ncalls=14109, regioncalls=551800, ndraw=40, logz=-147.73, remainder_fraction=1.9649%, Lmin=-134.13, Lmax=-133.89
15:16:52 [ultranest] [DEBUG] iteration=6085, ncalls=14122, regioncalls=552360, ndraw=40, logz=-147.73, remainder_fraction=1.9377%, Lmin=-134.12, Lmax=-133.89
15:16:52 [ultranest] [DEBUG] iteration=6101, ncalls=14150, regioncalls=553480, ndraw=40, logz=-147.73, remainder_fraction=1.8546%, Lmin=-134.12, Lmax=-133.89
15:16:52 [ultranest] [DEBUG] iteration=6118, ncalls=14181, regioncalls=554720, ndraw=40, logz=-147.73, remainder_fraction=1.7712%, Lmin=-134.11, Lmax=-133.89
15:16:52 [ultranest] [DEBUG] iteration=6120, ncalls=14184, regioncalls=554840, ndraw=40, logz=-147.73, remainder_fraction=1.7617%, Lmin=-134.11, Lmax=-133.89
15:16:52 [ultranest] [DEBUG] iteration=6135, ncalls=14214, regioncalls=556040, ndraw=40, logz=-147.73, remainder_fraction=1.6910%, Lmin=-134.11, Lmax=-133.89
15:16:53 [ultranest] [DEBUG] iteration=6151, ncalls=14245, regioncalls=557280, ndraw=40, logz=-147.73, remainder_fraction=1.6203%, Lmin=-134.10, Lmax=-133.89
15:16:53 [ultranest] [DEBUG] iteration=6160, ncalls=14264, regioncalls=558040, ndraw=40, logz=-147.73, remainder_fraction=1.5812%, Lmin=-134.10, Lmax=-133.89
15:16:53 [ultranest] [DEBUG] iteration=6162, ncalls=14270, regioncalls=558320, ndraw=40, logz=-147.73, remainder_fraction=1.5731%, Lmin=-134.10, Lmax=-133.89
15:16:53 [ultranest] [DEBUG] iteration=6173, ncalls=14300, regioncalls=559520, ndraw=40, logz=-147.73, remainder_fraction=1.5273%, Lmin=-134.10, Lmax=-133.89
15:16:53 [ultranest] [DEBUG] iteration=6189, ncalls=14331, regioncalls=560760, ndraw=40, logz=-147.73, remainder_fraction=1.4632%, Lmin=-134.09, Lmax=-133.89
15:16:53 [ultranest] [DEBUG] iteration=6200, ncalls=14354, regioncalls=561680, ndraw=40, logz=-147.72, remainder_fraction=1.4196%, Lmin=-134.09, Lmax=-133.89
15:16:53 [ultranest] [DEBUG] iteration=6213, ncalls=14387, regioncalls=563000, ndraw=40, logz=-147.72, remainder_fraction=1.3703%, Lmin=-134.09, Lmax=-133.89
15:16:53 [ultranest] [DEBUG] iteration=6230, ncalls=14419, regioncalls=564280, ndraw=40, logz=-147.72, remainder_fraction=1.3076%, Lmin=-134.08, Lmax=-133.89
15:16:53 [ultranest] [DEBUG] iteration=6240, ncalls=14440, regioncalls=565120, ndraw=40, logz=-147.72, remainder_fraction=1.2723%, Lmin=-134.08, Lmax=-133.89
15:16:53 [ultranest] [DEBUG] iteration=6258, ncalls=14470, regioncalls=566320, ndraw=40, logz=-147.72, remainder_fraction=1.2116%, Lmin=-134.08, Lmax=-133.89
15:16:53 [ultranest] [DEBUG] iteration=6276, ncalls=14499, regioncalls=567480, ndraw=40, logz=-147.72, remainder_fraction=1.1543%, Lmin=-134.07, Lmax=-133.89
15:16:53 [ultranest] [DEBUG] iteration=6280, ncalls=14507, regioncalls=567800, ndraw=40, logz=-147.72, remainder_fraction=1.1420%, Lmin=-134.07, Lmax=-133.89
15:16:54 [ultranest] [DEBUG] iteration=6299, ncalls=14541, regioncalls=569160, ndraw=40, logz=-147.72, remainder_fraction=1.0843%, Lmin=-134.07, Lmax=-133.89
15:16:54 [ultranest] [DEBUG] iteration=6310, ncalls=14577, regioncalls=570600, ndraw=40, logz=-147.72, remainder_fraction=1.0529%, Lmin=-134.06, Lmax=-133.89
15:16:54 [ultranest] [DEBUG] iteration=6316, ncalls=14588, regioncalls=571080, ndraw=40, logz=-147.72, remainder_fraction=1.0352%, Lmin=-134.06, Lmax=-133.89
15:16:54 [ultranest] [DEBUG] iteration=6320, ncalls=14595, regioncalls=571360, ndraw=40, logz=-147.72, remainder_fraction=1.0237%, Lmin=-134.06, Lmax=-133.89
15:16:54 [ultranest] [INFO] Explored until L=-1e+02  
15:16:54 [ultranest] [INFO] Likelihood function evaluations: 14613
15:16:55 [ultranest] [INFO] Writing samples and results to disk ...
15:16:55 [ultranest] [INFO] Writing samples and results to disk ... done
15:16:55 [ultranest] [DEBUG] did a run_iter pass!
15:16:55 [ultranest] [INFO]   logZ = -147.7 +- 0.1586
15:16:55 [ultranest] [INFO] Effective samples strategy satisfied (ESS = 1752.3, need >400)
15:16:55 [ultranest] [INFO] Posterior uncertainty strategy is satisfied (KL: 0.45+-0.09 nat, need <0.50 nat)
15:16:55 [ultranest] [INFO] Evidency uncertainty strategy is satisfied (dlogz=0.16, need <0.5)
15:16:55 [ultranest] [INFO]   logZ error budget: single: 0.19 bs:0.16 tail:0.01 total:0.16 required:<0.50
15:16:55 [ultranest] [INFO] done iterating.
15:16:56 [ultranest] [DEBUG] Making corner plot ...
15:16:57 [ultranest] [DEBUG] Making corner plot ... done
15:16:57 [ultranest] [DEBUG] Making run plot ... 
15:16:58 [ultranest] [DEBUG] Making run plot ... done
15:16:58 [ultranest] [DEBUG] Making trace plot ... 
15:16:59 [ultranest] [DEBUG] Making trace plot ... done
