09:36:29 [ultranest] [DEBUG] ReactiveNestedSampler: dims=3+0, resume=True, log_dir=/home/orion51/Desktop/Research/spectral_fitting/FGL_spectral_fitting/Individual_sources/2CXOJ205824.0+435354/mekal_out_, backend=hdf5, vectorized=False, nbootstraps=30, ndraw=128..65536
09:36:29 [ultranest] [INFO] Sampling 400 live points from prior ...
09:36:30 [ultranest] [DEBUG] run_iter dlogz=0.5, dKL=0.5, frac_remain=0.01, Lepsilon=0.1000, min_ess=400
09:36:30 [ultranest] [DEBUG] max_iters=-1, max_ncalls=-1, max_num_improvement_loops=-1, min_num_live_points=400, cluster_num_live_points=40
09:36:30 [ultranest] [DEBUG] minimal_widths_sequence: [(-inf, 400.0), (inf, 400.0)]
09:36:30 [ultranest] [DEBUG] iteration=0, ncalls=401, regioncalls=40, ndraw=40, logz=-inf, remainder_fraction=100.0000%, Lmin=-932467559.13, Lmax=-44.58
09:36:30 [ultranest] [DEBUG] iteration=22, ncalls=423, regioncalls=920, ndraw=40, logz=-12317869.83, remainder_fraction=100.0000%, Lmin=-9787907.53, Lmax=-44.58
09:36:31 [ultranest] [DEBUG] iteration=40, ncalls=442, regioncalls=1680, ndraw=40, logz=-1267724.13, remainder_fraction=100.0000%, Lmin=-1243071.80, Lmax=-44.58
09:36:31 [ultranest] [DEBUG] iteration=60, ncalls=468, regioncalls=2720, ndraw=40, logz=-274703.98, remainder_fraction=100.0000%, Lmin=-242762.86, Lmax=-44.58
09:36:31 [ultranest] [DEBUG] iteration=80, ncalls=490, regioncalls=3600, ndraw=40, logz=-69955.01, remainder_fraction=100.0000%, Lmin=-67916.38, Lmax=-44.58
09:36:31 [ultranest] [DEBUG] iteration=101, ncalls=511, regioncalls=4440, ndraw=40, logz=-9283.93, remainder_fraction=100.0000%, Lmin=-8844.63, Lmax=-44.58
09:36:31 [ultranest] [DEBUG] iteration=120, ncalls=532, regioncalls=5280, ndraw=40, logz=-2590.13, remainder_fraction=100.0000%, Lmin=-2580.88, Lmax=-44.58
09:36:31 [ultranest] [DEBUG] iteration=141, ncalls=559, regioncalls=6360, ndraw=40, logz=-1223.15, remainder_fraction=100.0000%, Lmin=-1151.65, Lmax=-44.58
09:36:31 [ultranest] [DEBUG] Plateau detected at L=-1.057166e+03, not replacing live point.
09:36:31 [ultranest] [DEBUG] Plateau detected at L=-1.057166e+03, not replacing live point.
09:36:31 [ultranest] [DEBUG] Plateau detected at L=-1.057166e+03, not replacing live point.
09:36:31 [ultranest] [DEBUG] Plateau detected at L=-1.057166e+03, not replacing live point.
09:36:31 [ultranest] [DEBUG] Plateau detected at L=-1.057166e+03, not replacing live point.
09:36:31 [ultranest] [DEBUG] Plateau detected at L=-1.057166e+03, not replacing live point.
09:36:31 [ultranest] [DEBUG] Plateau detected at L=-1.057166e+03, not replacing live point.
09:36:31 [ultranest] [DEBUG] Plateau detected at L=-1.057166e+03, not replacing live point.
09:36:31 [ultranest] [DEBUG] Plateau detected at L=-1.057166e+03, not replacing live point.
09:36:31 [ultranest] [DEBUG] Plateau detected at L=-1.057166e+03, not replacing live point.
09:36:31 [ultranest] [DEBUG] Plateau detected at L=-1.057166e+03, not replacing live point.
09:36:31 [ultranest] [DEBUG] Plateau detected at L=-1.057166e+03, not replacing live point.
09:36:31 [ultranest] [DEBUG] Plateau detected at L=-1.057166e+03, not replacing live point.
09:36:31 [ultranest] [DEBUG] Plateau detected at L=-1.057166e+03, not replacing live point.
09:36:31 [ultranest] [DEBUG] Plateau detected at L=-1.057166e+03, not replacing live point.
09:36:31 [ultranest] [DEBUG] Plateau detected at L=-1.057166e+03, not replacing live point.
09:36:31 [ultranest] [DEBUG] Plateau detected at L=-1.057166e+03, not replacing live point.
09:36:31 [ultranest] [DEBUG] Plateau detected at L=-1.057166e+03, not replacing live point.
09:36:31 [ultranest] [DEBUG] Plateau detected at L=-1.057166e+03, not replacing live point.
09:36:31 [ultranest] [DEBUG] Plateau detected at L=-1.057166e+03, not replacing live point.
09:36:31 [ultranest] [DEBUG] Plateau detected at L=-1.057166e+03, not replacing live point.
09:36:31 [ultranest] [DEBUG] Plateau detected at L=-1.057166e+03, not replacing live point.
09:36:31 [ultranest] [DEBUG] Plateau detected at L=-1.057166e+03, not replacing live point.
09:36:31 [ultranest] [DEBUG] Plateau detected at L=-1.057166e+03, not replacing live point.
09:36:31 [ultranest] [DEBUG] Plateau detected at L=-1.057166e+03, not replacing live point.
09:36:31 [ultranest] [DEBUG] Plateau detected at L=-1.057166e+03, not replacing live point.
09:36:31 [ultranest] [DEBUG] Plateau detected at L=-1.057166e+03, not replacing live point.
09:36:31 [ultranest] [DEBUG] Plateau detected at L=-1.057166e+03, not replacing live point.
09:36:31 [ultranest] [DEBUG] Plateau detected at L=-1.057166e+03, not replacing live point.
09:36:31 [ultranest] [DEBUG] Plateau detected at L=-1.057166e+03, not replacing live point.
09:36:31 [ultranest] [DEBUG] Plateau detected at L=-1.057166e+03, not replacing live point.
09:36:31 [ultranest] [DEBUG] Plateau detected at L=-1.057166e+03, not replacing live point.
09:36:31 [ultranest] [DEBUG] Plateau detected at L=-1.057166e+03, not replacing live point.
09:36:31 [ultranest] [DEBUG] Plateau detected at L=-1.057166e+03, not replacing live point.
09:36:31 [ultranest] [DEBUG] Plateau detected at L=-1.057166e+03, not replacing live point.
09:36:31 [ultranest] [DEBUG] Plateau detected at L=-1.057166e+03, not replacing live point.
09:36:31 [ultranest] [DEBUG] Plateau detected at L=-1.057166e+03, not replacing live point.
09:36:31 [ultranest] [DEBUG] Plateau detected at L=-1.057166e+03, not replacing live point.
09:36:31 [ultranest] [DEBUG] Plateau detected at L=-1.057166e+03, not replacing live point.
09:36:31 [ultranest] [DEBUG] Plateau detected at L=-1.057166e+03, not replacing live point.
09:36:31 [ultranest] [DEBUG] Plateau detected at L=-1.057166e+03, not replacing live point.
09:36:31 [ultranest] [DEBUG] Plateau detected at L=-1.057166e+03, not replacing live point.
09:36:31 [ultranest] [DEBUG] Plateau detected at L=-1.057166e+03, not replacing live point.
09:36:31 [ultranest] [DEBUG] Plateau detected at L=-1.057166e+03, not replacing live point.
09:36:31 [ultranest] [DEBUG] Plateau detected at L=-1.057166e+03, not replacing live point.
09:36:31 [ultranest] [DEBUG] Plateau detected at L=-1.057166e+03, not replacing live point.
09:36:31 [ultranest] [DEBUG] Plateau detected at L=-1.057166e+03, not replacing live point.
09:36:31 [ultranest] [DEBUG] Plateau detected at L=-1.057166e+03, not replacing live point.
09:36:31 [ultranest] [DEBUG] Plateau detected at L=-1.057166e+03, not replacing live point.
09:36:31 [ultranest] [DEBUG] Plateau detected at L=-1.057166e+03, not replacing live point.
09:36:31 [ultranest] [DEBUG] Plateau detected at L=-1.057166e+03, not replacing live point.
09:36:31 [ultranest] [DEBUG] Plateau detected at L=-1.057166e+03, not replacing live point.
09:36:31 [ultranest] [DEBUG] Plateau detected at L=-1.057166e+03, not replacing live point.
09:36:31 [ultranest] [DEBUG] Plateau detected at L=-1.057166e+03, not replacing live point.
09:36:31 [ultranest] [DEBUG] Plateau detected at L=-1.057166e+03, not replacing live point.
09:36:31 [ultranest] [DEBUG] iteration=197, ncalls=560, regioncalls=6400, ndraw=40, logz=-1059.50, remainder_fraction=100.0000%, Lmin=-1057.17, Lmax=-44.58
09:36:31 [ultranest] [DEBUG] Plateau detected at L=-1.057166e+03, not replacing live point.
09:36:31 [ultranest] [DEBUG] iteration=199, ncalls=561, regioncalls=6440, ndraw=40, logz=-1059.47, remainder_fraction=100.0000%, Lmin=-1057.17, Lmax=-44.58
09:36:31 [ultranest] [DEBUG] iteration=200, ncalls=562, regioncalls=6480, ndraw=40, logz=-1059.45, remainder_fraction=100.0000%, Lmin=-1057.17, Lmax=-44.58
09:36:31 [ultranest] [DEBUG] Plateau detected at L=-1.057166e+03, not replacing live point.
09:36:31 [ultranest] [DEBUG] iteration=202, ncalls=563, regioncalls=6520, ndraw=40, logz=-1059.42, remainder_fraction=100.0000%, Lmin=-1057.17, Lmax=-44.58
09:36:31 [ultranest] [DEBUG] Plateau detected at L=-1.057166e+03, not replacing live point.
09:36:31 [ultranest] [DEBUG] iteration=208, ncalls=571, regioncalls=6840, ndraw=40, logz=-1059.32, remainder_fraction=100.0000%, Lmin=-1057.17, Lmax=-44.58
09:36:31 [ultranest] [DEBUG] iteration=228, ncalls=597, regioncalls=7880, ndraw=40, logz=-1059.07, remainder_fraction=100.0000%, Lmin=-1057.17, Lmax=-44.58
09:36:31 [ultranest] [DEBUG] iteration=240, ncalls=617, regioncalls=8680, ndraw=40, logz=-1058.95, remainder_fraction=100.0000%, Lmin=-1057.17, Lmax=-44.58
09:36:31 [ultranest] [DEBUG] iteration=257, ncalls=648, regioncalls=9920, ndraw=40, logz=-1058.81, remainder_fraction=100.0000%, Lmin=-1057.17, Lmax=-44.58
09:36:32 [ultranest] [DEBUG] iteration=276, ncalls=677, regioncalls=11080, ndraw=40, logz=-1058.67, remainder_fraction=100.0000%, Lmin=-1057.16, Lmax=-44.58
09:36:32 [ultranest] [DEBUG] iteration=280, ncalls=685, regioncalls=11400, ndraw=40, logz=-1058.65, remainder_fraction=100.0000%, Lmin=-1057.16, Lmax=-44.58
09:36:32 [ultranest] [DEBUG] iteration=297, ncalls=709, regioncalls=12360, ndraw=40, logz=-1058.55, remainder_fraction=100.0000%, Lmin=-1057.16, Lmax=-44.58
09:36:32 [ultranest] [DEBUG] iteration=313, ncalls=741, regioncalls=13640, ndraw=40, logz=-1058.47, remainder_fraction=100.0000%, Lmin=-1057.12, Lmax=-44.58
09:36:32 [ultranest] [DEBUG] iteration=320, ncalls=752, regioncalls=14080, ndraw=40, logz=-1058.44, remainder_fraction=100.0000%, Lmin=-1057.10, Lmax=-44.58
09:36:32 [ultranest] [DEBUG] iteration=335, ncalls=785, regioncalls=15400, ndraw=40, logz=-1058.37, remainder_fraction=100.0000%, Lmin=-1056.98, Lmax=-44.58
09:36:32 [ultranest] [DEBUG] iteration=353, ncalls=814, regioncalls=16560, ndraw=40, logz=-1058.28, remainder_fraction=100.0000%, Lmin=-1056.71, Lmax=-44.58
09:36:32 [ultranest] [DEBUG] iteration=360, ncalls=827, regioncalls=17080, ndraw=40, logz=-1058.24, remainder_fraction=100.0000%, Lmin=-1056.61, Lmax=-44.58
09:36:32 [ultranest] [DEBUG] iteration=374, ncalls=852, regioncalls=18080, ndraw=40, logz=-1058.15, remainder_fraction=100.0000%, Lmin=-1056.07, Lmax=-44.58
09:36:32 [ultranest] [DEBUG] iteration=391, ncalls=881, regioncalls=19240, ndraw=40, logz=-1057.95, remainder_fraction=100.0000%, Lmin=-1055.02, Lmax=-44.58
09:36:32 [ultranest] [DEBUG] iteration=400, ncalls=897, regioncalls=19880, ndraw=40, logz=-1057.75, remainder_fraction=100.0000%, Lmin=-1054.26, Lmax=-44.58
09:36:32 [ultranest] [DEBUG] iteration=416, ncalls=928, regioncalls=21120, ndraw=40, logz=-1057.01, remainder_fraction=100.0000%, Lmin=-1052.67, Lmax=-44.58
09:36:33 [ultranest] [DEBUG] iteration=431, ncalls=959, regioncalls=22360, ndraw=40, logz=-1055.52, remainder_fraction=100.0000%, Lmin=-1050.91, Lmax=-44.58
09:36:33 [ultranest] [DEBUG] iteration=440, ncalls=975, regioncalls=23000, ndraw=40, logz=-1054.53, remainder_fraction=100.0000%, Lmin=-1049.39, Lmax=-44.58
09:36:33 [ultranest] [DEBUG] iteration=451, ncalls=1008, regioncalls=24320, ndraw=40, logz=-1052.74, remainder_fraction=100.0000%, Lmin=-1047.58, Lmax=-44.58
09:36:33 [ultranest] [DEBUG] iteration=461, ncalls=1040, regioncalls=25600, ndraw=40, logz=-1051.21, remainder_fraction=100.0000%, Lmin=-1045.71, Lmax=-44.58
09:36:33 [ultranest] [DEBUG] iteration=473, ncalls=1075, regioncalls=27000, ndraw=40, logz=-1048.99, remainder_fraction=100.0000%, Lmin=-1043.78, Lmax=-44.58
09:36:33 [ultranest] [DEBUG] iteration=480, ncalls=1091, regioncalls=27640, ndraw=40, logz=-1048.07, remainder_fraction=100.0000%, Lmin=-1042.83, Lmax=-44.58
09:36:33 [ultranest] [DEBUG] iteration=495, ncalls=1122, regioncalls=28880, ndraw=40, logz=-1045.24, remainder_fraction=100.0000%, Lmin=-1039.78, Lmax=-40.27
09:36:33 [ultranest] [DEBUG] iteration=510, ncalls=1155, regioncalls=30200, ndraw=40, logz=-1041.64, remainder_fraction=100.0000%, Lmin=-1035.24, Lmax=-40.27
09:36:33 [ultranest] [DEBUG] iteration=516, ncalls=1164, regioncalls=30560, ndraw=40, logz=-1039.34, remainder_fraction=100.0000%, Lmin=-1032.97, Lmax=-40.27
09:36:33 [ultranest] [DEBUG] iteration=520, ncalls=1174, regioncalls=30960, ndraw=40, logz=-1038.21, remainder_fraction=100.0000%, Lmin=-1032.42, Lmax=-40.27
09:36:33 [ultranest] [DEBUG] iteration=532, ncalls=1202, regioncalls=32080, ndraw=40, logz=-1033.90, remainder_fraction=100.0000%, Lmin=-1027.17, Lmax=-40.27
09:36:33 [ultranest] [DEBUG] iteration=544, ncalls=1234, regioncalls=33360, ndraw=40, logz=-1030.40, remainder_fraction=100.0000%, Lmin=-1023.82, Lmax=-40.27
09:36:34 [ultranest] [DEBUG] iteration=558, ncalls=1265, regioncalls=34600, ndraw=40, logz=-1025.99, remainder_fraction=100.0000%, Lmin=-1018.78, Lmax=-40.27
09:36:34 [ultranest] [DEBUG] iteration=560, ncalls=1272, regioncalls=34880, ndraw=40, logz=-1024.79, remainder_fraction=100.0000%, Lmin=-1017.70, Lmax=-40.27
09:36:34 [ultranest] [DEBUG] iteration=575, ncalls=1306, regioncalls=36240, ndraw=40, logz=-1020.11, remainder_fraction=100.0000%, Lmin=-1013.06, Lmax=-38.74
09:36:34 [ultranest] [DEBUG] iteration=590, ncalls=1340, regioncalls=37600, ndraw=40, logz=-1010.60, remainder_fraction=100.0000%, Lmin=-1003.30, Lmax=-38.74
09:36:34 [ultranest] [DEBUG] iteration=600, ncalls=1368, regioncalls=38720, ndraw=40, logz=-997.92, remainder_fraction=100.0000%, Lmin=-988.74, Lmax=-38.74
09:36:34 [ultranest] [DEBUG] iteration=609, ncalls=1400, regioncalls=40000, ndraw=40, logz=-992.21, remainder_fraction=100.0000%, Lmin=-985.74, Lmax=-38.74
09:36:34 [ultranest] [DEBUG] iteration=622, ncalls=1431, regioncalls=41240, ndraw=40, logz=-982.56, remainder_fraction=100.0000%, Lmin=-975.22, Lmax=-38.74
09:36:34 [ultranest] [DEBUG] iteration=632, ncalls=1464, regioncalls=42560, ndraw=40, logz=-977.76, remainder_fraction=100.0000%, Lmin=-970.53, Lmax=-38.74
09:36:34 [ultranest] [DEBUG] iteration=640, ncalls=1478, regioncalls=43120, ndraw=40, logz=-967.95, remainder_fraction=100.0000%, Lmin=-960.79, Lmax=-36.17
09:36:34 [ultranest] [DEBUG] iteration=652, ncalls=1511, regioncalls=44440, ndraw=40, logz=-961.33, remainder_fraction=100.0000%, Lmin=-954.11, Lmax=-36.17
09:36:35 [ultranest] [DEBUG] iteration=661, ncalls=1545, regioncalls=45800, ndraw=40, logz=-951.52, remainder_fraction=100.0000%, Lmin=-943.17, Lmax=-36.17
09:36:35 [ultranest] [DEBUG] iteration=673, ncalls=1577, regioncalls=47080, ndraw=40, logz=-938.78, remainder_fraction=100.0000%, Lmin=-930.86, Lmax=-31.87
09:36:35 [ultranest] [DEBUG] iteration=680, ncalls=1592, regioncalls=47680, ndraw=40, logz=-932.00, remainder_fraction=100.0000%, Lmin=-924.51, Lmax=-31.87
09:36:35 [ultranest] [DEBUG] iteration=693, ncalls=1622, regioncalls=48880, ndraw=40, logz=-918.23, remainder_fraction=100.0000%, Lmin=-908.68, Lmax=-31.87
09:36:35 [ultranest] [DEBUG] iteration=703, ncalls=1656, regioncalls=50240, ndraw=40, logz=-906.06, remainder_fraction=100.0000%, Lmin=-898.59, Lmax=-31.87
09:36:35 [ultranest] [DEBUG] iteration=716, ncalls=1688, regioncalls=51520, ndraw=40, logz=-891.27, remainder_fraction=100.0000%, Lmin=-883.82, Lmax=-31.87
09:36:35 [ultranest] [DEBUG] iteration=720, ncalls=1695, regioncalls=51800, ndraw=40, logz=-889.19, remainder_fraction=100.0000%, Lmin=-881.82, Lmax=-31.87
09:36:35 [ultranest] [DEBUG] iteration=738, ncalls=1726, regioncalls=53040, ndraw=40, logz=-869.19, remainder_fraction=100.0000%, Lmin=-861.46, Lmax=-31.87
09:36:35 [ultranest] [DEBUG] iteration=747, ncalls=1756, regioncalls=54240, ndraw=40, logz=-857.51, remainder_fraction=100.0000%, Lmin=-848.70, Lmax=-31.87
09:36:35 [ultranest] [DEBUG] iteration=756, ncalls=1788, regioncalls=55520, ndraw=40, logz=-844.29, remainder_fraction=100.0000%, Lmin=-835.99, Lmax=-31.87
09:36:35 [ultranest] [DEBUG] iteration=760, ncalls=1797, regioncalls=55880, ndraw=40, logz=-839.12, remainder_fraction=100.0000%, Lmin=-829.74, Lmax=-31.87
09:36:35 [ultranest] [DEBUG] iteration=770, ncalls=1830, regioncalls=57200, ndraw=40, logz=-823.50, remainder_fraction=100.0000%, Lmin=-814.13, Lmax=-31.87
09:36:36 [ultranest] [DEBUG] iteration=779, ncalls=1863, regioncalls=58520, ndraw=40, logz=-813.81, remainder_fraction=100.0000%, Lmin=-805.51, Lmax=-31.87
09:36:36 [ultranest] [DEBUG] iteration=792, ncalls=1894, regioncalls=59760, ndraw=40, logz=-792.77, remainder_fraction=100.0000%, Lmin=-784.18, Lmax=-31.87
09:36:36 [ultranest] [DEBUG] iteration=800, ncalls=1913, regioncalls=60520, ndraw=40, logz=-782.50, remainder_fraction=100.0000%, Lmin=-774.86, Lmax=-31.87
09:36:36 [ultranest] [DEBUG] iteration=813, ncalls=1947, regioncalls=61880, ndraw=40, logz=-767.16, remainder_fraction=100.0000%, Lmin=-754.90, Lmax=-31.87
09:36:36 [ultranest] [DEBUG] iteration=824, ncalls=1987, regioncalls=63480, ndraw=40, logz=-742.00, remainder_fraction=100.0000%, Lmin=-732.52, Lmax=-31.87
09:36:36 [ultranest] [DEBUG] iteration=832, ncalls=2024, regioncalls=64960, ndraw=40, logz=-727.27, remainder_fraction=100.0000%, Lmin=-718.68, Lmax=-31.87
09:36:36 [ultranest] [DEBUG] iteration=840, ncalls=2038, regioncalls=65520, ndraw=40, logz=-720.16, remainder_fraction=100.0000%, Lmin=-710.22, Lmax=-31.87
09:36:36 [ultranest] [DEBUG] iteration=854, ncalls=2070, regioncalls=66800, ndraw=40, logz=-701.71, remainder_fraction=100.0000%, Lmin=-694.17, Lmax=-31.87
09:36:36 [ultranest] [DEBUG] iteration=860, ncalls=2106, regioncalls=68240, ndraw=40, logz=-694.61, remainder_fraction=100.0000%, Lmin=-680.29, Lmax=-31.87
09:36:36 [ultranest] [DEBUG] iteration=870, ncalls=2139, regioncalls=69560, ndraw=40, logz=-673.36, remainder_fraction=100.0000%, Lmin=-665.40, Lmax=-31.87
09:36:37 [ultranest] [DEBUG] iteration=880, ncalls=2164, regioncalls=70560, ndraw=40, logz=-661.64, remainder_fraction=100.0000%, Lmin=-651.31, Lmax=-31.87
09:36:37 [ultranest] [DEBUG] iteration=887, ncalls=2201, regioncalls=72040, ndraw=40, logz=-647.53, remainder_fraction=100.0000%, Lmin=-636.66, Lmax=-31.87
09:36:37 [ultranest] [DEBUG] iteration=897, ncalls=2238, regioncalls=73520, ndraw=40, logz=-630.53, remainder_fraction=100.0000%, Lmin=-619.05, Lmax=-31.87
09:36:37 [ultranest] [DEBUG] iteration=904, ncalls=2268, regioncalls=74720, ndraw=40, logz=-619.99, remainder_fraction=100.0000%, Lmin=-611.52, Lmax=-31.87
09:36:37 [ultranest] [DEBUG] iteration=911, ncalls=2300, regioncalls=76000, ndraw=40, logz=-615.13, remainder_fraction=100.0000%, Lmin=-604.24, Lmax=-31.23
09:36:37 [ultranest] [DEBUG] iteration=920, ncalls=2324, regioncalls=76960, ndraw=40, logz=-598.61, remainder_fraction=100.0000%, Lmin=-588.46, Lmax=-31.23
09:36:37 [ultranest] [DEBUG] iteration=926, ncalls=2360, regioncalls=78400, ndraw=40, logz=-593.43, remainder_fraction=100.0000%, Lmin=-585.36, Lmax=-31.23
09:36:37 [ultranest] [DEBUG] iteration=939, ncalls=2392, regioncalls=79680, ndraw=40, logz=-580.13, remainder_fraction=100.0000%, Lmin=-571.05, Lmax=-31.23
09:36:37 [ultranest] [DEBUG] iteration=950, ncalls=2427, regioncalls=81080, ndraw=40, logz=-559.08, remainder_fraction=100.0000%, Lmin=-549.64, Lmax=-31.23
09:36:37 [ultranest] [DEBUG] iteration=959, ncalls=2460, regioncalls=82400, ndraw=40, logz=-543.22, remainder_fraction=100.0000%, Lmin=-533.32, Lmax=-31.23
09:36:37 [ultranest] [DEBUG] iteration=960, ncalls=2462, regioncalls=82480, ndraw=40, logz=-541.65, remainder_fraction=100.0000%, Lmin=-532.77, Lmax=-31.23
09:36:38 [ultranest] [DEBUG] iteration=969, ncalls=2502, regioncalls=84080, ndraw=40, logz=-532.17, remainder_fraction=100.0000%, Lmin=-523.45, Lmax=-31.23
09:36:38 [ultranest] [DEBUG] iteration=978, ncalls=2536, regioncalls=85440, ndraw=40, logz=-524.05, remainder_fraction=100.0000%, Lmin=-515.74, Lmax=-31.23
09:36:38 [ultranest] [DEBUG] iteration=986, ncalls=2567, regioncalls=86680, ndraw=40, logz=-512.98, remainder_fraction=100.0000%, Lmin=-501.49, Lmax=-31.23
09:36:38 [ultranest] [DEBUG] iteration=995, ncalls=2604, regioncalls=88160, ndraw=40, logz=-495.01, remainder_fraction=100.0000%, Lmin=-485.92, Lmax=-31.23
09:36:38 [ultranest] [DEBUG] iteration=1000, ncalls=2620, regioncalls=88800, ndraw=40, logz=-489.67, remainder_fraction=100.0000%, Lmin=-479.78, Lmax=-31.23
09:36:38 [ultranest] [DEBUG] iteration=1011, ncalls=2661, regioncalls=90440, ndraw=40, logz=-480.05, remainder_fraction=100.0000%, Lmin=-471.45, Lmax=-31.23
09:36:38 [ultranest] [DEBUG] iteration=1020, ncalls=2706, regioncalls=92240, ndraw=40, logz=-472.66, remainder_fraction=100.0000%, Lmin=-464.27, Lmax=-23.57
09:36:38 [ultranest] [DEBUG] iteration=1033, ncalls=2738, regioncalls=93520, ndraw=40, logz=-456.92, remainder_fraction=100.0000%, Lmin=-447.65, Lmax=-23.57
09:36:38 [ultranest] [DEBUG] iteration=1040, ncalls=2763, regioncalls=94520, ndraw=40, logz=-448.69, remainder_fraction=100.0000%, Lmin=-439.67, Lmax=-23.57
09:36:38 [ultranest] [DEBUG] iteration=1048, ncalls=2798, regioncalls=95920, ndraw=40, logz=-437.95, remainder_fraction=100.0000%, Lmin=-429.65, Lmax=-23.57
09:36:39 [ultranest] [DEBUG] iteration=1057, ncalls=2827, regioncalls=97080, ndraw=40, logz=-431.39, remainder_fraction=100.0000%, Lmin=-422.82, Lmax=-23.57
09:36:39 [ultranest] [DEBUG] iteration=1063, ncalls=2862, regioncalls=98480, ndraw=40, logz=-427.24, remainder_fraction=100.0000%, Lmin=-415.84, Lmax=-23.57
09:36:39 [ultranest] [DEBUG] iteration=1072, ncalls=2904, regioncalls=100160, ndraw=40, logz=-416.02, remainder_fraction=100.0000%, Lmin=-406.55, Lmax=-23.57
09:36:39 [ultranest] [DEBUG] iteration=1079, ncalls=2945, regioncalls=101800, ndraw=40, logz=-409.09, remainder_fraction=100.0000%, Lmin=-399.67, Lmax=-23.57
09:36:39 [ultranest] [DEBUG] iteration=1080, ncalls=2946, regioncalls=101840, ndraw=40, logz=-408.11, remainder_fraction=100.0000%, Lmin=-398.79, Lmax=-23.57
09:36:39 [ultranest] [DEBUG] iteration=1086, ncalls=2983, regioncalls=103320, ndraw=40, logz=-405.12, remainder_fraction=100.0000%, Lmin=-396.10, Lmax=-23.57
09:36:39 [ultranest] [DEBUG] iteration=1093, ncalls=3023, regioncalls=104920, ndraw=40, logz=-397.44, remainder_fraction=100.0000%, Lmin=-388.43, Lmax=-23.57
09:36:39 [ultranest] [DEBUG] iteration=1102, ncalls=3061, regioncalls=106520, ndraw=40, logz=-390.01, remainder_fraction=100.0000%, Lmin=-381.67, Lmax=-23.57
09:36:39 [ultranest] [DEBUG] iteration=1113, ncalls=3096, regioncalls=107920, ndraw=40, logz=-377.47, remainder_fraction=100.0000%, Lmin=-366.53, Lmax=-23.57
09:36:39 [ultranest] [DEBUG] iteration=1118, ncalls=3131, regioncalls=109320, ndraw=40, logz=-372.19, remainder_fraction=100.0000%, Lmin=-363.11, Lmax=-23.57
09:36:39 [ultranest] [DEBUG] iteration=1120, ncalls=3135, regioncalls=109480, ndraw=40, logz=-371.05, remainder_fraction=100.0000%, Lmin=-362.14, Lmax=-23.57
09:36:40 [ultranest] [DEBUG] iteration=1128, ncalls=3169, regioncalls=110840, ndraw=40, logz=-363.24, remainder_fraction=100.0000%, Lmin=-353.02, Lmax=-23.57
09:36:40 [ultranest] [DEBUG] iteration=1135, ncalls=3203, regioncalls=112200, ndraw=40, logz=-352.42, remainder_fraction=100.0000%, Lmin=-341.78, Lmax=-23.57
09:36:40 [ultranest] [DEBUG] iteration=1142, ncalls=3233, regioncalls=113400, ndraw=40, logz=-343.23, remainder_fraction=100.0000%, Lmin=-334.74, Lmax=-23.57
09:36:40 [ultranest] [DEBUG] iteration=1149, ncalls=3267, regioncalls=114760, ndraw=40, logz=-335.38, remainder_fraction=100.0000%, Lmin=-325.41, Lmax=-23.57
09:36:40 [ultranest] [DEBUG] iteration=1160, ncalls=3300, regioncalls=116080, ndraw=40, logz=-322.81, remainder_fraction=100.0000%, Lmin=-314.35, Lmax=-23.57
09:36:40 [ultranest] [DEBUG] iteration=1168, ncalls=3335, regioncalls=117480, ndraw=40, logz=-311.06, remainder_fraction=100.0000%, Lmin=-301.93, Lmax=-23.57
09:36:40 [ultranest] [DEBUG] iteration=1177, ncalls=3376, regioncalls=119120, ndraw=40, logz=-306.69, remainder_fraction=100.0000%, Lmin=-297.29, Lmax=-23.57
09:36:40 [ultranest] [DEBUG] iteration=1186, ncalls=3413, regioncalls=120600, ndraw=40, logz=-300.00, remainder_fraction=100.0000%, Lmin=-290.31, Lmax=-23.57
09:36:40 [ultranest] [DEBUG] iteration=1196, ncalls=3447, regioncalls=121960, ndraw=40, logz=-289.97, remainder_fraction=100.0000%, Lmin=-281.08, Lmax=-23.57
09:36:41 [ultranest] [DEBUG] iteration=1200, ncalls=3484, regioncalls=123440, ndraw=40, logz=-279.41, remainder_fraction=100.0000%, Lmin=-269.17, Lmax=-23.57
09:36:41 [ultranest] [DEBUG] iteration=1207, ncalls=3518, regioncalls=124800, ndraw=40, logz=-274.52, remainder_fraction=100.0000%, Lmin=-265.44, Lmax=-23.57
09:36:41 [ultranest] [DEBUG] iteration=1214, ncalls=3548, regioncalls=126000, ndraw=40, logz=-271.22, remainder_fraction=100.0000%, Lmin=-262.34, Lmax=-23.57
09:36:41 [ultranest] [DEBUG] iteration=1224, ncalls=3582, regioncalls=127360, ndraw=40, logz=-258.37, remainder_fraction=100.0000%, Lmin=-249.31, Lmax=-23.57
09:36:41 [ultranest] [DEBUG] iteration=1234, ncalls=3626, regioncalls=129120, ndraw=40, logz=-253.16, remainder_fraction=100.0000%, Lmin=-243.12, Lmax=-23.57
09:36:41 [ultranest] [DEBUG] iteration=1240, ncalls=3674, regioncalls=131040, ndraw=40, logz=-243.91, remainder_fraction=100.0000%, Lmin=-235.08, Lmax=-23.57
09:36:41 [ultranest] [DEBUG] iteration=1245, ncalls=3717, regioncalls=132760, ndraw=40, logz=-239.78, remainder_fraction=100.0000%, Lmin=-230.26, Lmax=-23.57
09:36:41 [ultranest] [DEBUG] iteration=1254, ncalls=3755, regioncalls=134280, ndraw=40, logz=-233.63, remainder_fraction=100.0000%, Lmin=-223.39, Lmax=-23.57
09:36:42 [ultranest] [DEBUG] iteration=1262, ncalls=3797, regioncalls=135960, ndraw=40, logz=-228.31, remainder_fraction=100.0000%, Lmin=-219.57, Lmax=-23.57
09:36:42 [ultranest] [DEBUG] iteration=1273, ncalls=3829, regioncalls=137240, ndraw=40, logz=-223.83, remainder_fraction=100.0000%, Lmin=-215.70, Lmax=-23.57
09:36:42 [ultranest] [DEBUG] iteration=1278, ncalls=3870, regioncalls=138880, ndraw=40, logz=-222.43, remainder_fraction=100.0000%, Lmin=-212.97, Lmax=-23.57
09:36:42 [ultranest] [DEBUG] iteration=1280, ncalls=3877, regioncalls=139160, ndraw=40, logz=-221.21, remainder_fraction=100.0000%, Lmin=-211.70, Lmax=-23.57
09:36:42 [ultranest] [DEBUG] iteration=1286, ncalls=3892, regioncalls=139760, ndraw=40, logz=-217.98, remainder_fraction=100.0000%, Lmin=-208.79, Lmax=-23.57
09:36:42 [ultranest] [DEBUG] iteration=1295, ncalls=3920, regioncalls=140880, ndraw=40, logz=-211.45, remainder_fraction=100.0000%, Lmin=-201.85, Lmax=-23.57
09:36:42 [ultranest] [DEBUG] iteration=1304, ncalls=3955, regioncalls=142360, ndraw=40, logz=-206.38, remainder_fraction=100.0000%, Lmin=-197.95, Lmax=-23.57
09:36:42 [ultranest] [DEBUG] iteration=1317, ncalls=3989, regioncalls=143720, ndraw=40, logz=-202.11, remainder_fraction=100.0000%, Lmin=-192.99, Lmax=-23.57
09:36:42 [ultranest] [DEBUG] iteration=1320, ncalls=3994, regioncalls=143920, ndraw=40, logz=-200.72, remainder_fraction=100.0000%, Lmin=-191.09, Lmax=-23.57
09:36:42 [ultranest] [DEBUG] iteration=1328, ncalls=4029, regioncalls=145320, ndraw=40, logz=-194.79, remainder_fraction=100.0000%, Lmin=-184.56, Lmax=-23.57
09:36:42 [ultranest] [DEBUG] iteration=1336, ncalls=4067, regioncalls=146840, ndraw=40, logz=-190.36, remainder_fraction=100.0000%, Lmin=-181.19, Lmax=-23.57
09:36:43 [ultranest] [DEBUG] iteration=1345, ncalls=4101, regioncalls=148200, ndraw=40, logz=-183.28, remainder_fraction=100.0000%, Lmin=-173.52, Lmax=-23.57
09:36:43 [ultranest] [DEBUG] iteration=1356, ncalls=4133, regioncalls=149480, ndraw=40, logz=-177.38, remainder_fraction=100.0000%, Lmin=-166.93, Lmax=-23.57
09:36:43 [ultranest] [DEBUG] iteration=1360, ncalls=4158, regioncalls=150480, ndraw=40, logz=-172.74, remainder_fraction=100.0000%, Lmin=-162.13, Lmax=-23.57
09:36:43 [ultranest] [DEBUG] iteration=1366, ncalls=4197, regioncalls=152040, ndraw=40, logz=-169.01, remainder_fraction=100.0000%, Lmin=-160.10, Lmax=-23.57
09:36:43 [ultranest] [DEBUG] iteration=1375, ncalls=4239, regioncalls=153720, ndraw=40, logz=-164.81, remainder_fraction=100.0000%, Lmin=-155.57, Lmax=-23.57
09:36:43 [ultranest] [DEBUG] iteration=1383, ncalls=4274, regioncalls=155120, ndraw=40, logz=-160.73, remainder_fraction=100.0000%, Lmin=-150.81, Lmax=-23.57
09:36:43 [ultranest] [DEBUG] iteration=1392, ncalls=4307, regioncalls=156440, ndraw=40, logz=-157.16, remainder_fraction=100.0000%, Lmin=-148.62, Lmax=-23.57
09:36:43 [ultranest] [DEBUG] iteration=1400, ncalls=4341, regioncalls=157800, ndraw=40, logz=-154.37, remainder_fraction=100.0000%, Lmin=-144.73, Lmax=-23.57
09:36:43 [ultranest] [DEBUG] iteration=1411, ncalls=4376, regioncalls=159200, ndraw=40, logz=-149.99, remainder_fraction=100.0000%, Lmin=-141.23, Lmax=-23.57
09:36:43 [ultranest] [DEBUG] iteration=1415, ncalls=4413, regioncalls=160680, ndraw=40, logz=-148.85, remainder_fraction=100.0000%, Lmin=-139.86, Lmax=-23.57
09:36:44 [ultranest] [DEBUG] iteration=1425, ncalls=4446, regioncalls=162000, ndraw=40, logz=-145.15, remainder_fraction=100.0000%, Lmin=-136.02, Lmax=-23.57
09:36:44 [ultranest] [DEBUG] iteration=1433, ncalls=4481, regioncalls=163400, ndraw=40, logz=-143.29, remainder_fraction=100.0000%, Lmin=-134.83, Lmax=-23.57
09:36:44 [ultranest] [DEBUG] iteration=1439, ncalls=4517, regioncalls=164840, ndraw=40, logz=-141.65, remainder_fraction=100.0000%, Lmin=-132.90, Lmax=-23.57
09:36:44 [ultranest] [DEBUG] iteration=1440, ncalls=4531, regioncalls=165400, ndraw=40, logz=-141.39, remainder_fraction=100.0000%, Lmin=-132.90, Lmax=-23.57
09:36:44 [ultranest] [DEBUG] iteration=1445, ncalls=4568, regioncalls=166880, ndraw=40, logz=-140.06, remainder_fraction=100.0000%, Lmin=-131.28, Lmax=-23.57
09:36:44 [ultranest] [DEBUG] iteration=1457, ncalls=4601, regioncalls=168200, ndraw=40, logz=-136.43, remainder_fraction=100.0000%, Lmin=-127.52, Lmax=-23.57
09:36:44 [ultranest] [DEBUG] iteration=1467, ncalls=4639, regioncalls=169720, ndraw=40, logz=-133.80, remainder_fraction=100.0000%, Lmin=-124.87, Lmax=-23.57
09:36:44 [ultranest] [DEBUG] iteration=1472, ncalls=4687, regioncalls=171640, ndraw=40, logz=-132.19, remainder_fraction=100.0000%, Lmin=-123.16, Lmax=-23.57
09:36:44 [ultranest] [DEBUG] iteration=1479, ncalls=4722, regioncalls=173040, ndraw=40, logz=-130.24, remainder_fraction=100.0000%, Lmin=-121.32, Lmax=-23.57
09:36:44 [ultranest] [DEBUG] iteration=1480, ncalls=4724, regioncalls=173120, ndraw=40, logz=-129.97, remainder_fraction=100.0000%, Lmin=-121.09, Lmax=-23.57
09:36:45 [ultranest] [DEBUG] iteration=1488, ncalls=4771, regioncalls=175000, ndraw=40, logz=-127.51, remainder_fraction=100.0000%, Lmin=-118.88, Lmax=-23.57
09:36:45 [ultranest] [DEBUG] iteration=1491, ncalls=4807, regioncalls=176440, ndraw=40, logz=-126.75, remainder_fraction=100.0000%, Lmin=-117.82, Lmax=-23.57
09:36:45 [ultranest] [DEBUG] iteration=1501, ncalls=4843, regioncalls=177880, ndraw=40, logz=-122.38, remainder_fraction=100.0000%, Lmin=-113.07, Lmax=-23.57
09:36:45 [ultranest] [DEBUG] iteration=1507, ncalls=4887, regioncalls=179640, ndraw=40, logz=-119.92, remainder_fraction=100.0000%, Lmin=-109.87, Lmax=-23.57
09:36:45 [ultranest] [DEBUG] iteration=1517, ncalls=4927, regioncalls=181360, ndraw=40, logz=-115.82, remainder_fraction=100.0000%, Lmin=-105.68, Lmax=-23.57
09:36:45 [ultranest] [DEBUG] iteration=1520, ncalls=4946, regioncalls=182120, ndraw=40, logz=-114.27, remainder_fraction=100.0000%, Lmin=-104.95, Lmax=-23.57
09:36:45 [ultranest] [DEBUG] iteration=1528, ncalls=4978, regioncalls=183400, ndraw=40, logz=-111.61, remainder_fraction=100.0000%, Lmin=-103.12, Lmax=-23.57
09:36:45 [ultranest] [DEBUG] iteration=1541, ncalls=5011, regioncalls=184720, ndraw=40, logz=-109.26, remainder_fraction=100.0000%, Lmin=-100.79, Lmax=-23.57
09:36:45 [ultranest] [DEBUG] iteration=1549, ncalls=5047, regioncalls=186160, ndraw=40, logz=-107.81, remainder_fraction=100.0000%, Lmin=-98.83, Lmax=-23.57
09:36:45 [ultranest] [DEBUG] iteration=1560, ncalls=5072, regioncalls=187160, ndraw=40, logz=-105.45, remainder_fraction=100.0000%, Lmin=-96.72, Lmax=-23.57
09:36:46 [ultranest] [DEBUG] iteration=1563, ncalls=5108, regioncalls=188600, ndraw=40, logz=-104.84, remainder_fraction=100.0000%, Lmin=-95.90, Lmax=-23.57
09:36:46 [ultranest] [DEBUG] iteration=1574, ncalls=5140, regioncalls=189880, ndraw=40, logz=-102.38, remainder_fraction=100.0000%, Lmin=-92.79, Lmax=-23.57
09:36:46 [ultranest] [DEBUG] iteration=1589, ncalls=5172, regioncalls=191160, ndraw=40, logz=-98.29, remainder_fraction=100.0000%, Lmin=-89.41, Lmax=-22.78
09:36:46 [ultranest] [DEBUG] iteration=1594, ncalls=5182, regioncalls=191600, ndraw=40, logz=-95.89, remainder_fraction=100.0000%, Lmin=-86.48, Lmax=-22.78
09:36:46 [ultranest] [DEBUG] iteration=1600, ncalls=5195, regioncalls=192160, ndraw=40, logz=-94.34, remainder_fraction=100.0000%, Lmin=-85.52, Lmax=-22.78
09:36:46 [ultranest] [DEBUG] iteration=1612, ncalls=5227, regioncalls=193440, ndraw=40, logz=-91.64, remainder_fraction=100.0000%, Lmin=-82.17, Lmax=-22.78
09:36:46 [ultranest] [DEBUG] iteration=1623, ncalls=5259, regioncalls=194720, ndraw=40, logz=-89.51, remainder_fraction=100.0000%, Lmin=-80.92, Lmax=-22.78
09:36:46 [ultranest] [DEBUG] iteration=1637, ncalls=5290, regioncalls=195960, ndraw=40, logz=-87.20, remainder_fraction=100.0000%, Lmin=-78.23, Lmax=-22.78
09:36:46 [ultranest] [DEBUG] iteration=1640, ncalls=5294, regioncalls=196120, ndraw=40, logz=-86.64, remainder_fraction=100.0000%, Lmin=-77.85, Lmax=-22.78
09:36:46 [ultranest] [DEBUG] iteration=1654, ncalls=5327, regioncalls=197440, ndraw=40, logz=-84.39, remainder_fraction=100.0000%, Lmin=-76.15, Lmax=-22.78
09:36:46 [ultranest] [DEBUG] iteration=1669, ncalls=5362, regioncalls=198840, ndraw=40, logz=-82.97, remainder_fraction=100.0000%, Lmin=-74.48, Lmax=-22.78
09:36:46 [ultranest] [DEBUG] iteration=1671, ncalls=5369, regioncalls=199120, ndraw=40, logz=-82.76, remainder_fraction=100.0000%, Lmin=-74.31, Lmax=-22.78
09:36:47 [ultranest] [DEBUG] iteration=1680, ncalls=5388, regioncalls=199920, ndraw=40, logz=-81.71, remainder_fraction=100.0000%, Lmin=-72.80, Lmax=-22.78
09:36:47 [ultranest] [DEBUG] iteration=1692, ncalls=5421, regioncalls=201240, ndraw=40, logz=-79.90, remainder_fraction=100.0000%, Lmin=-70.81, Lmax=-22.78
09:36:47 [ultranest] [DEBUG] iteration=1706, ncalls=5452, regioncalls=202480, ndraw=40, logz=-77.70, remainder_fraction=100.0000%, Lmin=-69.05, Lmax=-22.78
09:36:47 [ultranest] [DEBUG] iteration=1718, ncalls=5486, regioncalls=203840, ndraw=40, logz=-76.39, remainder_fraction=100.0000%, Lmin=-68.04, Lmax=-22.78
09:36:47 [ultranest] [DEBUG] iteration=1720, ncalls=5491, regioncalls=204040, ndraw=40, logz=-76.23, remainder_fraction=100.0000%, Lmin=-67.78, Lmax=-22.78
09:36:47 [ultranest] [DEBUG] iteration=1730, ncalls=5528, regioncalls=205520, ndraw=40, logz=-75.33, remainder_fraction=100.0000%, Lmin=-66.78, Lmax=-22.78
09:36:47 [ultranest] [DEBUG] iteration=1745, ncalls=5562, regioncalls=206880, ndraw=40, logz=-73.33, remainder_fraction=100.0000%, Lmin=-64.64, Lmax=-22.78
09:36:47 [ultranest] [DEBUG] iteration=1748, ncalls=5579, regioncalls=207600, ndraw=40, logz=-73.02, remainder_fraction=100.0000%, Lmin=-64.36, Lmax=-22.78
09:36:47 [ultranest] [DEBUG] iteration=1760, ncalls=5607, regioncalls=208720, ndraw=40, logz=-71.97, remainder_fraction=100.0000%, Lmin=-63.49, Lmax=-22.78
09:36:47 [ultranest] [DEBUG] iteration=1777, ncalls=5637, regioncalls=209920, ndraw=40, logz=-70.10, remainder_fraction=100.0000%, Lmin=-61.36, Lmax=-22.78
09:36:47 [ultranest] [DEBUG] iteration=1792, ncalls=5668, regioncalls=211160, ndraw=40, logz=-68.61, remainder_fraction=100.0000%, Lmin=-60.20, Lmax=-22.78
09:36:48 [ultranest] [DEBUG] iteration=1800, ncalls=5686, regioncalls=211880, ndraw=40, logz=-67.97, remainder_fraction=100.0000%, Lmin=-59.38, Lmax=-22.78
09:36:48 [ultranest] [DEBUG] iteration=1812, ncalls=5720, regioncalls=213240, ndraw=40, logz=-66.91, remainder_fraction=100.0000%, Lmin=-58.47, Lmax=-22.78
09:36:48 [ultranest] [DEBUG] iteration=1825, ncalls=5751, regioncalls=214560, ndraw=40, logz=-66.01, remainder_fraction=100.0000%, Lmin=-57.62, Lmax=-22.78
09:36:48 [ultranest] [DEBUG] iteration=1840, ncalls=5777, regioncalls=215600, ndraw=40, logz=-65.08, remainder_fraction=100.0000%, Lmin=-56.89, Lmax=-22.78
09:36:48 [ultranest] [DEBUG] iteration=1853, ncalls=5808, regioncalls=216840, ndraw=40, logz=-64.37, remainder_fraction=100.0000%, Lmin=-56.09, Lmax=-22.78
09:36:48 [ultranest] [DEBUG] iteration=1866, ncalls=5839, regioncalls=218080, ndraw=40, logz=-63.59, remainder_fraction=100.0000%, Lmin=-55.18, Lmax=-22.78
09:36:48 [ultranest] [DEBUG] iteration=1879, ncalls=5875, regioncalls=219520, ndraw=40, logz=-62.77, remainder_fraction=100.0000%, Lmin=-54.31, Lmax=-22.78
09:36:48 [ultranest] [DEBUG] iteration=1880, ncalls=5877, regioncalls=219600, ndraw=40, logz=-62.71, remainder_fraction=100.0000%, Lmin=-54.22, Lmax=-22.78
09:36:48 [ultranest] [DEBUG] iteration=1895, ncalls=5910, regioncalls=220920, ndraw=40, logz=-61.81, remainder_fraction=100.0000%, Lmin=-53.37, Lmax=-22.78
09:36:48 [ultranest] [DEBUG] iteration=1906, ncalls=5940, regioncalls=222120, ndraw=40, logz=-61.22, remainder_fraction=100.0000%, Lmin=-52.66, Lmax=-22.78
09:36:48 [ultranest] [DEBUG] iteration=1918, ncalls=5971, regioncalls=223360, ndraw=40, logz=-60.53, remainder_fraction=100.0000%, Lmin=-52.20, Lmax=-22.78
09:36:48 [ultranest] [DEBUG] iteration=1920, ncalls=5973, regioncalls=223440, ndraw=40, logz=-60.44, remainder_fraction=100.0000%, Lmin=-52.15, Lmax=-22.78
09:36:49 [ultranest] [DEBUG] iteration=1933, ncalls=6007, regioncalls=224800, ndraw=40, logz=-59.83, remainder_fraction=100.0000%, Lmin=-51.42, Lmax=-22.78
09:36:49 [ultranest] [DEBUG] iteration=1948, ncalls=6038, regioncalls=226040, ndraw=40, logz=-58.91, remainder_fraction=100.0000%, Lmin=-50.02, Lmax=-22.78
09:36:49 [ultranest] [DEBUG] iteration=1959, ncalls=6072, regioncalls=227400, ndraw=40, logz=-58.16, remainder_fraction=100.0000%, Lmin=-49.48, Lmax=-22.78
09:36:49 [ultranest] [DEBUG] iteration=1960, ncalls=6074, regioncalls=227480, ndraw=40, logz=-58.10, remainder_fraction=100.0000%, Lmin=-49.46, Lmax=-22.78
09:36:49 [ultranest] [DEBUG] iteration=1972, ncalls=6113, regioncalls=229040, ndraw=40, logz=-57.52, remainder_fraction=100.0000%, Lmin=-49.16, Lmax=-22.78
09:36:49 [ultranest] [DEBUG] iteration=1979, ncalls=6133, regioncalls=229920, ndraw=40, logz=-57.24, remainder_fraction=100.0000%, Lmin=-48.96, Lmax=-22.78
09:36:49 [ultranest] [DEBUG] iteration=1990, ncalls=6170, regioncalls=231400, ndraw=40, logz=-56.86, remainder_fraction=100.0000%, Lmin=-48.73, Lmax=-22.78
09:36:49 [ultranest] [DEBUG] iteration=2000, ncalls=6205, regioncalls=232800, ndraw=40, logz=-56.56, remainder_fraction=100.0000%, Lmin=-48.39, Lmax=-22.78
09:36:49 [ultranest] [DEBUG] iteration=2014, ncalls=6235, regioncalls=234000, ndraw=40, logz=-56.12, remainder_fraction=100.0000%, Lmin=-47.94, Lmax=-22.78
09:36:49 [ultranest] [DEBUG] iteration=2028, ncalls=6267, regioncalls=235280, ndraw=40, logz=-55.69, remainder_fraction=100.0000%, Lmin=-47.53, Lmax=-22.78
09:36:50 [ultranest] [DEBUG] iteration=2037, ncalls=6313, regioncalls=237120, ndraw=40, logz=-55.44, remainder_fraction=100.0000%, Lmin=-47.37, Lmax=-22.78
09:36:50 [ultranest] [DEBUG] iteration=2040, ncalls=6323, regioncalls=237520, ndraw=40, logz=-55.36, remainder_fraction=100.0000%, Lmin=-47.36, Lmax=-22.78
09:36:50 [ultranest] [DEBUG] iteration=2051, ncalls=6354, regioncalls=238760, ndraw=40, logz=-55.12, remainder_fraction=100.0000%, Lmin=-47.26, Lmax=-22.74
09:36:50 [ultranest] [DEBUG] iteration=2065, ncalls=6382, regioncalls=239880, ndraw=40, logz=-54.85, remainder_fraction=100.0000%, Lmin=-46.96, Lmax=-22.74
09:36:50 [ultranest] [DEBUG] iteration=2077, ncalls=6412, regioncalls=241080, ndraw=40, logz=-54.60, remainder_fraction=100.0000%, Lmin=-46.67, Lmax=-22.74
09:36:50 [ultranest] [DEBUG] iteration=2080, ncalls=6420, regioncalls=241400, ndraw=40, logz=-54.54, remainder_fraction=100.0000%, Lmin=-46.54, Lmax=-22.74
09:36:50 [ultranest] [DEBUG] iteration=2090, ncalls=6455, regioncalls=242800, ndraw=40, logz=-54.33, remainder_fraction=100.0000%, Lmin=-46.29, Lmax=-22.74
09:36:50 [ultranest] [DEBUG] iteration=2102, ncalls=6486, regioncalls=244040, ndraw=40, logz=-54.07, remainder_fraction=100.0000%, Lmin=-45.95, Lmax=-22.74
09:36:50 [ultranest] [DEBUG] iteration=2116, ncalls=6523, regioncalls=245520, ndraw=40, logz=-53.71, remainder_fraction=100.0000%, Lmin=-45.24, Lmax=-22.74
09:36:50 [ultranest] [DEBUG] iteration=2120, ncalls=6533, regioncalls=245920, ndraw=40, logz=-53.58, remainder_fraction=100.0000%, Lmin=-45.08, Lmax=-22.74
09:36:50 [ultranest] [DEBUG] iteration=2133, ncalls=6567, regioncalls=247320, ndraw=40, logz=-53.21, remainder_fraction=100.0000%, Lmin=-44.72, Lmax=-22.74
09:36:51 [ultranest] [DEBUG] iteration=2147, ncalls=6595, regioncalls=248440, ndraw=40, logz=-52.82, remainder_fraction=100.0000%, Lmin=-44.40, Lmax=-22.74
09:36:51 [ultranest] [DEBUG] iteration=2160, ncalls=6627, regioncalls=249720, ndraw=40, logz=-52.48, remainder_fraction=100.0000%, Lmin=-44.09, Lmax=-22.74
09:36:51 [ultranest] [DEBUG] iteration=2170, ncalls=6660, regioncalls=251040, ndraw=40, logz=-52.21, remainder_fraction=100.0000%, Lmin=-43.69, Lmax=-22.74
09:36:51 [ultranest] [DEBUG] iteration=2183, ncalls=6692, regioncalls=252320, ndraw=40, logz=-51.86, remainder_fraction=100.0000%, Lmin=-43.27, Lmax=-22.74
09:36:51 [ultranest] [DEBUG] iteration=2194, ncalls=6726, regioncalls=253680, ndraw=40, logz=-51.56, remainder_fraction=100.0000%, Lmin=-42.92, Lmax=-22.74
09:36:51 [ultranest] [DEBUG] iteration=2200, ncalls=6736, regioncalls=254080, ndraw=40, logz=-51.39, remainder_fraction=100.0000%, Lmin=-42.80, Lmax=-22.74
09:36:51 [ultranest] [DEBUG] iteration=2210, ncalls=6761, regioncalls=255120, ndraw=40, logz=-51.12, remainder_fraction=100.0000%, Lmin=-42.57, Lmax=-22.74
09:36:51 [ultranest] [DEBUG] iteration=2223, ncalls=6790, regioncalls=256280, ndraw=40, logz=-50.80, remainder_fraction=100.0000%, Lmin=-42.24, Lmax=-22.74
09:36:51 [ultranest] [DEBUG] iteration=2236, ncalls=6819, regioncalls=257480, ndraw=40, logz=-50.47, remainder_fraction=100.0000%, Lmin=-41.82, Lmax=-22.74
09:36:51 [ultranest] [DEBUG] iteration=2240, ncalls=6833, regioncalls=258040, ndraw=40, logz=-50.37, remainder_fraction=100.0000%, Lmin=-41.69, Lmax=-22.74
09:36:51 [ultranest] [DEBUG] iteration=2251, ncalls=6868, regioncalls=259440, ndraw=40, logz=-50.10, remainder_fraction=100.0000%, Lmin=-41.48, Lmax=-22.74
09:36:52 [ultranest] [DEBUG] iteration=2264, ncalls=6899, regioncalls=260680, ndraw=40, logz=-49.78, remainder_fraction=100.0000%, Lmin=-41.07, Lmax=-22.74
09:36:52 [ultranest] [DEBUG] iteration=2277, ncalls=6932, regioncalls=262000, ndraw=40, logz=-49.41, remainder_fraction=100.0000%, Lmin=-40.51, Lmax=-22.66
09:36:52 [ultranest] [DEBUG] iteration=2280, ncalls=6939, regioncalls=262280, ndraw=40, logz=-49.33, remainder_fraction=100.0000%, Lmin=-40.47, Lmax=-22.66
09:36:52 [ultranest] [DEBUG] iteration=2287, ncalls=6967, regioncalls=263520, ndraw=40, logz=-49.13, remainder_fraction=100.0000%, Lmin=-40.32, Lmax=-22.66
09:36:52 [ultranest] [DEBUG] iteration=2301, ncalls=6994, regioncalls=264600, ndraw=40, logz=-48.78, remainder_fraction=100.0000%, Lmin=-39.97, Lmax=-22.66
09:36:52 [ultranest] [DEBUG] iteration=2318, ncalls=7025, regioncalls=265880, ndraw=40, logz=-48.39, remainder_fraction=100.0000%, Lmin=-39.65, Lmax=-22.66
09:36:52 [ultranest] [DEBUG] iteration=2320, ncalls=7027, regioncalls=265960, ndraw=40, logz=-48.34, remainder_fraction=100.0000%, Lmin=-39.62, Lmax=-22.66
09:36:52 [ultranest] [DEBUG] iteration=2332, ncalls=7058, regioncalls=267320, ndraw=40, logz=-48.08, remainder_fraction=100.0000%, Lmin=-39.32, Lmax=-22.66
09:36:52 [ultranest] [DEBUG] iteration=2344, ncalls=7093, regioncalls=268760, ndraw=40, logz=-47.83, remainder_fraction=100.0000%, Lmin=-39.03, Lmax=-22.66
09:36:52 [ultranest] [DEBUG] iteration=2360, ncalls=7119, regioncalls=269800, ndraw=40, logz=-47.49, remainder_fraction=100.0000%, Lmin=-38.72, Lmax=-22.66
09:36:52 [ultranest] [DEBUG] iteration=2373, ncalls=7145, regioncalls=270840, ndraw=40, logz=-47.22, remainder_fraction=99.9999%, Lmin=-38.28, Lmax=-22.66
09:36:52 [ultranest] [DEBUG] iteration=2389, ncalls=7174, regioncalls=272000, ndraw=40, logz=-46.87, remainder_fraction=99.9999%, Lmin=-38.01, Lmax=-22.07
09:36:53 [ultranest] [DEBUG] iteration=2400, ncalls=7199, regioncalls=273000, ndraw=40, logz=-46.66, remainder_fraction=99.9999%, Lmin=-37.82, Lmax=-22.07
09:36:53 [ultranest] [DEBUG] iteration=2415, ncalls=7230, regioncalls=274240, ndraw=40, logz=-46.36, remainder_fraction=99.9999%, Lmin=-37.46, Lmax=-22.07
09:36:53 [ultranest] [DEBUG] iteration=2427, ncalls=7265, regioncalls=275640, ndraw=40, logz=-46.14, remainder_fraction=99.9998%, Lmin=-37.24, Lmax=-22.07
09:36:53 [ultranest] [DEBUG] iteration=2440, ncalls=7287, regioncalls=276520, ndraw=40, logz=-45.87, remainder_fraction=99.9998%, Lmin=-36.88, Lmax=-22.07
09:36:53 [ultranest] [DEBUG] iteration=2441, ncalls=7288, regioncalls=276600, ndraw=40, logz=-45.85, remainder_fraction=99.9998%, Lmin=-36.86, Lmax=-22.07
09:36:53 [ultranest] [DEBUG] iteration=2450, ncalls=7313, regioncalls=277600, ndraw=40, logz=-45.65, remainder_fraction=99.9998%, Lmin=-36.53, Lmax=-22.07
09:36:53 [ultranest] [DEBUG] iteration=2465, ncalls=7344, regioncalls=278840, ndraw=40, logz=-45.32, remainder_fraction=99.9997%, Lmin=-36.19, Lmax=-22.07
09:36:53 [ultranest] [DEBUG] iteration=2480, ncalls=7374, regioncalls=280040, ndraw=40, logz=-45.00, remainder_fraction=99.9996%, Lmin=-35.84, Lmax=-22.07
09:36:53 [ultranest] [DEBUG] iteration=2492, ncalls=7405, regioncalls=281280, ndraw=40, logz=-44.77, remainder_fraction=99.9995%, Lmin=-35.63, Lmax=-22.07
09:36:53 [ultranest] [DEBUG] iteration=2509, ncalls=7438, regioncalls=282600, ndraw=40, logz=-44.44, remainder_fraction=99.9992%, Lmin=-35.22, Lmax=-22.07
09:36:53 [ultranest] [DEBUG] iteration=2518, ncalls=7452, regioncalls=283280, ndraw=40, logz=-44.25, remainder_fraction=99.9991%, Lmin=-35.03, Lmax=-22.07
09:36:53 [ultranest] [DEBUG] iteration=2520, ncalls=7456, regioncalls=283440, ndraw=40, logz=-44.21, remainder_fraction=99.9990%, Lmin=-35.02, Lmax=-22.07
09:36:54 [ultranest] [DEBUG] iteration=2530, ncalls=7485, regioncalls=284600, ndraw=40, logz=-44.02, remainder_fraction=99.9988%, Lmin=-34.78, Lmax=-22.07
09:36:54 [ultranest] [DEBUG] iteration=2545, ncalls=7515, regioncalls=285880, ndraw=40, logz=-43.71, remainder_fraction=99.9985%, Lmin=-34.42, Lmax=-22.04
09:36:54 [ultranest] [DEBUG] iteration=2558, ncalls=7546, regioncalls=287120, ndraw=40, logz=-43.46, remainder_fraction=99.9980%, Lmin=-34.16, Lmax=-22.04
09:36:54 [ultranest] [DEBUG] iteration=2560, ncalls=7550, regioncalls=287280, ndraw=40, logz=-43.43, remainder_fraction=99.9979%, Lmin=-34.15, Lmax=-22.04
09:36:54 [ultranest] [DEBUG] iteration=2570, ncalls=7583, regioncalls=288600, ndraw=40, logz=-43.25, remainder_fraction=99.9976%, Lmin=-33.99, Lmax=-22.04
09:36:54 [ultranest] [DEBUG] iteration=2585, ncalls=7619, regioncalls=290040, ndraw=40, logz=-42.98, remainder_fraction=99.9967%, Lmin=-33.65, Lmax=-22.04
09:36:54 [ultranest] [DEBUG] iteration=2595, ncalls=7644, regioncalls=291080, ndraw=40, logz=-42.79, remainder_fraction=99.9961%, Lmin=-33.33, Lmax=-22.04
09:36:54 [ultranest] [DEBUG] iteration=2600, ncalls=7657, regioncalls=291600, ndraw=40, logz=-42.69, remainder_fraction=99.9957%, Lmin=-33.18, Lmax=-22.04
09:36:54 [ultranest] [DEBUG] iteration=2605, ncalls=7663, regioncalls=291840, ndraw=40, logz=-42.58, remainder_fraction=99.9951%, Lmin=-33.03, Lmax=-21.86
09:36:54 [ultranest] [DEBUG] iteration=2608, ncalls=7669, regioncalls=292080, ndraw=40, logz=-42.52, remainder_fraction=99.9952%, Lmin=-32.99, Lmax=-21.86
09:36:55 [ultranest] [DEBUG] iteration=2609, ncalls=7673, regioncalls=292240, ndraw=40, logz=-42.50, remainder_fraction=99.9951%, Lmin=-32.98, Lmax=-21.86
09:36:55 [ultranest] [DEBUG] iteration=2613, ncalls=7681, regioncalls=292560, ndraw=40, logz=-42.41, remainder_fraction=99.9947%, Lmin=-32.90, Lmax=-21.86
09:36:55 [ultranest] [DEBUG] iteration=2616, ncalls=7688, regioncalls=292840, ndraw=40, logz=-42.35, remainder_fraction=99.9944%, Lmin=-32.82, Lmax=-21.86
09:36:55 [ultranest] [DEBUG] iteration=2619, ncalls=7692, regioncalls=293000, ndraw=40, logz=-42.29, remainder_fraction=99.9940%, Lmin=-32.74, Lmax=-21.86
09:36:55 [ultranest] [DEBUG] iteration=2622, ncalls=7696, regioncalls=293160, ndraw=40, logz=-42.23, remainder_fraction=99.9935%, Lmin=-32.72, Lmax=-21.86
09:36:55 [ultranest] [DEBUG] iteration=2624, ncalls=7703, regioncalls=293440, ndraw=40, logz=-42.19, remainder_fraction=99.9933%, Lmin=-32.70, Lmax=-21.86
09:36:56 [ultranest] [DEBUG] iteration=2628, ncalls=7709, regioncalls=293680, ndraw=40, logz=-42.11, remainder_fraction=99.9930%, Lmin=-32.59, Lmax=-21.86
09:36:56 [ultranest] [DEBUG] iteration=2631, ncalls=7713, regioncalls=293840, ndraw=40, logz=-42.05, remainder_fraction=99.9925%, Lmin=-32.55, Lmax=-21.86
09:36:56 [ultranest] [DEBUG] iteration=2634, ncalls=7717, regioncalls=294000, ndraw=40, logz=-42.00, remainder_fraction=99.9920%, Lmin=-32.51, Lmax=-21.86
09:36:56 [ultranest] [DEBUG] iteration=2637, ncalls=7726, regioncalls=294360, ndraw=40, logz=-41.94, remainder_fraction=99.9914%, Lmin=-32.45, Lmax=-21.86
09:36:56 [ultranest] [DEBUG] iteration=2638, ncalls=7731, regioncalls=294560, ndraw=40, logz=-41.92, remainder_fraction=99.9913%, Lmin=-32.45, Lmax=-21.86
09:36:56 [ultranest] [DEBUG] iteration=2639, ncalls=7735, regioncalls=294720, ndraw=40, logz=-41.90, remainder_fraction=99.9911%, Lmin=-32.43, Lmax=-21.86
09:36:56 [ultranest] [DEBUG] iteration=2640, ncalls=7738, regioncalls=294840, ndraw=40, logz=-41.89, remainder_fraction=99.9913%, Lmin=-32.43, Lmax=-21.86
09:36:56 [ultranest] [DEBUG] iteration=2642, ncalls=7742, regioncalls=295000, ndraw=40, logz=-41.85, remainder_fraction=99.9910%, Lmin=-32.40, Lmax=-21.86
09:36:57 [ultranest] [DEBUG] iteration=2644, ncalls=7746, regioncalls=295160, ndraw=40, logz=-41.82, remainder_fraction=99.9906%, Lmin=-32.38, Lmax=-21.86
09:36:57 [ultranest] [DEBUG] iteration=2647, ncalls=7754, regioncalls=295480, ndraw=40, logz=-41.77, remainder_fraction=99.9901%, Lmin=-32.28, Lmax=-21.86
09:36:57 [ultranest] [DEBUG] iteration=2648, ncalls=7759, regioncalls=295680, ndraw=40, logz=-41.75, remainder_fraction=99.9902%, Lmin=-32.27, Lmax=-21.86
09:36:57 [ultranest] [DEBUG] iteration=2652, ncalls=7771, regioncalls=296160, ndraw=40, logz=-41.68, remainder_fraction=99.9894%, Lmin=-32.21, Lmax=-21.86
09:36:57 [ultranest] [DEBUG] iteration=2655, ncalls=7779, regioncalls=296480, ndraw=40, logz=-41.63, remainder_fraction=99.9888%, Lmin=-32.16, Lmax=-21.86
09:36:58 [ultranest] [DEBUG] iteration=2658, ncalls=7785, regioncalls=296720, ndraw=40, logz=-41.57, remainder_fraction=99.9881%, Lmin=-32.08, Lmax=-21.86
09:36:58 [ultranest] [DEBUG] iteration=2660, ncalls=7789, regioncalls=296880, ndraw=40, logz=-41.54, remainder_fraction=99.9876%, Lmin=-32.06, Lmax=-21.86
09:36:58 [ultranest] [DEBUG] iteration=2661, ncalls=7793, regioncalls=297040, ndraw=40, logz=-41.52, remainder_fraction=99.9874%, Lmin=-32.06, Lmax=-21.86
09:36:58 [ultranest] [DEBUG] iteration=2664, ncalls=7799, regioncalls=297280, ndraw=40, logz=-41.47, remainder_fraction=99.9867%, Lmin=-31.93, Lmax=-21.86
09:36:58 [ultranest] [DEBUG] iteration=2665, ncalls=7804, regioncalls=297480, ndraw=40, logz=-41.45, remainder_fraction=99.9864%, Lmin=-31.90, Lmax=-21.86
09:36:58 [ultranest] [DEBUG] iteration=2668, ncalls=7810, regioncalls=297720, ndraw=40, logz=-41.40, remainder_fraction=99.9855%, Lmin=-31.87, Lmax=-21.86
09:36:58 [ultranest] [DEBUG] iteration=2669, ncalls=7816, regioncalls=297960, ndraw=40, logz=-41.38, remainder_fraction=99.9852%, Lmin=-31.87, Lmax=-21.86
09:36:58 [ultranest] [DEBUG] iteration=2671, ncalls=7820, regioncalls=298120, ndraw=40, logz=-41.35, remainder_fraction=99.9846%, Lmin=-31.81, Lmax=-21.86
09:36:59 [ultranest] [DEBUG] iteration=2672, ncalls=7821, regioncalls=298240, ndraw=40, logz=-41.33, remainder_fraction=99.9843%, Lmin=-31.81, Lmax=-21.86
09:36:59 [ultranest] [DEBUG] iteration=2674, ncalls=7825, regioncalls=298400, ndraw=40, logz=-41.30, remainder_fraction=99.9837%, Lmin=-31.81, Lmax=-21.86
09:36:59 [ultranest] [DEBUG] iteration=2676, ncalls=7829, regioncalls=298560, ndraw=40, logz=-41.26, remainder_fraction=99.9830%, Lmin=-31.74, Lmax=-21.86
09:36:59 [ultranest] [DEBUG] iteration=2678, ncalls=7833, regioncalls=298720, ndraw=40, logz=-41.23, remainder_fraction=99.9824%, Lmin=-31.71, Lmax=-21.86
09:36:59 [ultranest] [DEBUG] iteration=2680, ncalls=7837, regioncalls=298880, ndraw=40, logz=-41.19, remainder_fraction=99.9817%, Lmin=-31.64, Lmax=-21.86
09:36:59 [ultranest] [DEBUG] iteration=2683, ncalls=7841, regioncalls=299040, ndraw=40, logz=-41.14, remainder_fraction=99.9806%, Lmin=-31.59, Lmax=-21.86
09:36:59 [ultranest] [DEBUG] iteration=2685, ncalls=7845, regioncalls=299200, ndraw=40, logz=-41.11, remainder_fraction=99.9808%, Lmin=-31.52, Lmax=-21.86
09:36:59 [ultranest] [DEBUG] iteration=2687, ncalls=7849, regioncalls=299360, ndraw=40, logz=-41.07, remainder_fraction=99.9800%, Lmin=-31.48, Lmax=-21.86
09:36:59 [ultranest] [DEBUG] iteration=2690, ncalls=7853, regioncalls=299520, ndraw=40, logz=-41.02, remainder_fraction=99.9787%, Lmin=-31.44, Lmax=-21.86
09:37:00 [ultranest] [DEBUG] iteration=2693, ncalls=7857, regioncalls=299680, ndraw=40, logz=-40.97, remainder_fraction=99.9776%, Lmin=-31.42, Lmax=-21.86
09:37:00 [ultranest] [DEBUG] iteration=2696, ncalls=7861, regioncalls=299840, ndraw=40, logz=-40.92, remainder_fraction=99.9763%, Lmin=-31.38, Lmax=-21.86
09:37:00 [ultranest] [DEBUG] iteration=2700, ncalls=7865, regioncalls=300000, ndraw=40, logz=-40.85, remainder_fraction=99.9747%, Lmin=-31.30, Lmax=-21.86
09:37:00 [ultranest] [DEBUG] iteration=2703, ncalls=7872, regioncalls=300280, ndraw=40, logz=-40.80, remainder_fraction=99.9732%, Lmin=-31.23, Lmax=-21.86
09:37:00 [ultranest] [DEBUG] iteration=2704, ncalls=7877, regioncalls=300480, ndraw=40, logz=-40.79, remainder_fraction=99.9727%, Lmin=-31.21, Lmax=-21.86
09:37:00 [ultranest] [DEBUG] iteration=2709, ncalls=7889, regioncalls=300960, ndraw=40, logz=-40.71, remainder_fraction=99.9704%, Lmin=-31.14, Lmax=-21.86
09:37:00 [ultranest] [DEBUG] iteration=2720, ncalls=7910, regioncalls=301800, ndraw=40, logz=-40.53, remainder_fraction=99.9643%, Lmin=-30.96, Lmax=-21.86
09:37:00 [ultranest] [DEBUG] iteration=2734, ncalls=7943, regioncalls=303120, ndraw=40, logz=-40.31, remainder_fraction=99.9557%, Lmin=-30.77, Lmax=-21.86
09:37:01 [ultranest] [DEBUG] iteration=2747, ncalls=7978, regioncalls=304520, ndraw=40, logz=-40.12, remainder_fraction=99.9448%, Lmin=-30.48, Lmax=-21.86
09:37:01 [ultranest] [DEBUG] iteration=2749, ncalls=7981, regioncalls=304680, ndraw=40, logz=-40.09, remainder_fraction=99.9428%, Lmin=-30.42, Lmax=-21.86
09:37:01 [ultranest] [DEBUG] iteration=2760, ncalls=8007, regioncalls=305720, ndraw=40, logz=-39.92, remainder_fraction=99.9356%, Lmin=-30.30, Lmax=-21.63
09:37:01 [ultranest] [DEBUG] iteration=2773, ncalls=8038, regioncalls=306960, ndraw=40, logz=-39.73, remainder_fraction=99.9232%, Lmin=-30.08, Lmax=-21.63
09:37:01 [ultranest] [DEBUG] iteration=2789, ncalls=8069, regioncalls=308240, ndraw=40, logz=-39.49, remainder_fraction=99.9055%, Lmin=-29.76, Lmax=-21.63
09:37:01 [ultranest] [DEBUG] iteration=2800, ncalls=8085, regioncalls=308880, ndraw=40, logz=-39.33, remainder_fraction=99.8879%, Lmin=-29.53, Lmax=-21.63
09:37:01 [ultranest] [DEBUG] iteration=2815, ncalls=8117, regioncalls=310160, ndraw=40, logz=-39.10, remainder_fraction=99.8615%, Lmin=-29.38, Lmax=-21.63
09:37:01 [ultranest] [DEBUG] iteration=2826, ncalls=8150, regioncalls=311480, ndraw=40, logz=-38.96, remainder_fraction=99.8369%, Lmin=-29.28, Lmax=-21.63
09:37:01 [ultranest] [DEBUG] iteration=2840, ncalls=8180, regioncalls=312680, ndraw=40, logz=-38.78, remainder_fraction=99.8052%, Lmin=-29.10, Lmax=-21.63
09:37:01 [ultranest] [DEBUG] iteration=2850, ncalls=8213, regioncalls=314000, ndraw=40, logz=-38.65, remainder_fraction=99.7761%, Lmin=-28.95, Lmax=-21.63
09:37:01 [ultranest] [DEBUG] iteration=2863, ncalls=8246, regioncalls=315320, ndraw=40, logz=-38.50, remainder_fraction=99.7345%, Lmin=-28.74, Lmax=-21.63
09:37:02 [ultranest] [DEBUG] iteration=2877, ncalls=8277, regioncalls=316560, ndraw=40, logz=-38.32, remainder_fraction=99.6940%, Lmin=-28.52, Lmax=-21.63
09:37:02 [ultranest] [DEBUG] iteration=2880, ncalls=8281, regioncalls=316720, ndraw=40, logz=-38.28, remainder_fraction=99.6821%, Lmin=-28.50, Lmax=-21.63
09:37:02 [ultranest] [DEBUG] iteration=2891, ncalls=8313, regioncalls=318000, ndraw=40, logz=-38.15, remainder_fraction=99.6417%, Lmin=-28.35, Lmax=-21.63
09:37:02 [ultranest] [DEBUG] iteration=2903, ncalls=8345, regioncalls=319320, ndraw=40, logz=-38.01, remainder_fraction=99.6013%, Lmin=-28.17, Lmax=-21.63
09:37:02 [ultranest] [DEBUG] iteration=2916, ncalls=8375, regioncalls=320600, ndraw=40, logz=-37.85, remainder_fraction=99.5464%, Lmin=-28.01, Lmax=-21.63
09:37:02 [ultranest] [DEBUG] iteration=2920, ncalls=8383, regioncalls=320920, ndraw=40, logz=-37.81, remainder_fraction=99.5383%, Lmin=-27.98, Lmax=-21.42
09:37:02 [ultranest] [DEBUG] iteration=2935, ncalls=8413, regioncalls=322120, ndraw=40, logz=-37.64, remainder_fraction=99.4475%, Lmin=-27.83, Lmax=-21.42
09:37:02 [ultranest] [DEBUG] iteration=2949, ncalls=8444, regioncalls=323360, ndraw=40, logz=-37.49, remainder_fraction=99.3489%, Lmin=-27.65, Lmax=-21.42
09:37:02 [ultranest] [DEBUG] iteration=2960, ncalls=8464, regioncalls=324160, ndraw=40, logz=-37.38, remainder_fraction=99.2823%, Lmin=-27.51, Lmax=-21.42
09:37:02 [ultranest] [DEBUG] iteration=2977, ncalls=8494, regioncalls=325360, ndraw=40, logz=-37.20, remainder_fraction=99.1296%, Lmin=-27.27, Lmax=-21.42
09:37:02 [ultranest] [DEBUG] iteration=2980, ncalls=8500, regioncalls=325640, ndraw=40, logz=-37.17, remainder_fraction=99.0995%, Lmin=-27.24, Lmax=-21.42
09:37:02 [ultranest] [DEBUG] iteration=2991, ncalls=8531, regioncalls=326880, ndraw=40, logz=-37.06, remainder_fraction=99.0006%, Lmin=-27.14, Lmax=-21.42
09:37:03 [ultranest] [DEBUG] iteration=3000, ncalls=8549, regioncalls=327600, ndraw=40, logz=-36.97, remainder_fraction=98.8923%, Lmin=-27.07, Lmax=-21.42
09:37:03 [ultranest] [DEBUG] iteration=3012, ncalls=8582, regioncalls=328920, ndraw=40, logz=-36.85, remainder_fraction=98.7281%, Lmin=-26.99, Lmax=-21.42
09:37:03 [ultranest] [DEBUG] iteration=3025, ncalls=8614, regioncalls=330200, ndraw=40, logz=-36.73, remainder_fraction=98.5978%, Lmin=-26.81, Lmax=-21.42
09:37:03 [ultranest] [DEBUG] iteration=3039, ncalls=8646, regioncalls=331480, ndraw=40, logz=-36.61, remainder_fraction=98.4529%, Lmin=-26.71, Lmax=-21.42
09:37:03 [ultranest] [DEBUG] iteration=3040, ncalls=8649, regioncalls=331600, ndraw=40, logz=-36.60, remainder_fraction=98.4359%, Lmin=-26.71, Lmax=-21.42
09:37:03 [ultranest] [DEBUG] iteration=3053, ncalls=8681, regioncalls=332880, ndraw=40, logz=-36.49, remainder_fraction=98.2373%, Lmin=-26.57, Lmax=-21.42
09:37:03 [ultranest] [DEBUG] iteration=3057, ncalls=8692, regioncalls=333360, ndraw=40, logz=-36.45, remainder_fraction=98.2274%, Lmin=-26.53, Lmax=-21.42
09:37:03 [ultranest] [DEBUG] iteration=3072, ncalls=8718, regioncalls=334480, ndraw=40, logz=-36.33, remainder_fraction=97.9677%, Lmin=-26.44, Lmax=-21.42
09:37:03 [ultranest] [DEBUG] iteration=3080, ncalls=8734, regioncalls=335120, ndraw=40, logz=-36.27, remainder_fraction=97.8671%, Lmin=-26.36, Lmax=-21.42
09:37:03 [ultranest] [DEBUG] iteration=3099, ncalls=8763, regioncalls=336280, ndraw=40, logz=-36.12, remainder_fraction=97.5121%, Lmin=-26.18, Lmax=-21.42
09:37:03 [ultranest] [DEBUG] iteration=3114, ncalls=8796, regioncalls=337600, ndraw=40, logz=-36.01, remainder_fraction=97.1551%, Lmin=-26.07, Lmax=-21.42
09:37:03 [ultranest] [DEBUG] iteration=3120, ncalls=8807, regioncalls=338040, ndraw=40, logz=-35.97, remainder_fraction=97.0108%, Lmin=-26.04, Lmax=-21.42
09:37:03 [ultranest] [DEBUG] iteration=3136, ncalls=8835, regioncalls=339160, ndraw=40, logz=-35.86, remainder_fraction=96.6716%, Lmin=-25.91, Lmax=-21.42
09:37:04 [ultranest] [DEBUG] iteration=3153, ncalls=8861, regioncalls=340200, ndraw=40, logz=-35.74, remainder_fraction=96.2575%, Lmin=-25.68, Lmax=-21.42
09:37:04 [ultranest] [DEBUG] iteration=3160, ncalls=8875, regioncalls=340760, ndraw=40, logz=-35.69, remainder_fraction=96.1163%, Lmin=-25.65, Lmax=-21.42
09:37:04 [ultranest] [DEBUG] iteration=3180, ncalls=8906, regioncalls=342000, ndraw=40, logz=-35.55, remainder_fraction=95.4803%, Lmin=-25.52, Lmax=-21.42
09:37:04 [ultranest] [DEBUG] iteration=3194, ncalls=8937, regioncalls=343240, ndraw=40, logz=-35.46, remainder_fraction=95.0170%, Lmin=-25.43, Lmax=-21.42
09:37:04 [ultranest] [DEBUG] iteration=3200, ncalls=8952, regioncalls=343840, ndraw=40, logz=-35.43, remainder_fraction=94.8093%, Lmin=-25.39, Lmax=-21.42
09:37:04 [ultranest] [DEBUG] iteration=3211, ncalls=8986, regioncalls=345240, ndraw=40, logz=-35.36, remainder_fraction=94.3475%, Lmin=-25.29, Lmax=-21.42
09:37:04 [ultranest] [DEBUG] iteration=3230, ncalls=9013, regioncalls=346320, ndraw=40, logz=-35.24, remainder_fraction=93.7314%, Lmin=-25.20, Lmax=-21.35
09:37:04 [ultranest] [DEBUG] iteration=3240, ncalls=9029, regioncalls=346960, ndraw=40, logz=-35.19, remainder_fraction=93.4810%, Lmin=-25.10, Lmax=-21.35
09:37:04 [ultranest] [DEBUG] iteration=3260, ncalls=9058, regioncalls=348120, ndraw=40, logz=-35.07, remainder_fraction=92.6132%, Lmin=-24.97, Lmax=-21.35
09:37:04 [ultranest] [DEBUG] iteration=3276, ncalls=9093, regioncalls=349520, ndraw=40, logz=-34.98, remainder_fraction=91.9569%, Lmin=-24.82, Lmax=-21.35
09:37:04 [ultranest] [DEBUG] iteration=3280, ncalls=9098, regioncalls=349720, ndraw=40, logz=-34.96, remainder_fraction=91.7773%, Lmin=-24.78, Lmax=-21.35
09:37:04 [ultranest] [DEBUG] iteration=3288, ncalls=9115, regioncalls=350480, ndraw=40, logz=-34.91, remainder_fraction=91.5521%, Lmin=-24.69, Lmax=-21.35
09:37:05 [ultranest] [DEBUG] iteration=3305, ncalls=9143, regioncalls=351600, ndraw=40, logz=-34.82, remainder_fraction=90.8365%, Lmin=-24.54, Lmax=-21.30
09:37:05 [ultranest] [DEBUG] iteration=3320, ncalls=9172, regioncalls=352760, ndraw=40, logz=-34.73, remainder_fraction=89.9980%, Lmin=-24.46, Lmax=-21.30
09:37:05 [ultranest] [DEBUG] iteration=3336, ncalls=9202, regioncalls=353960, ndraw=40, logz=-34.65, remainder_fraction=89.0379%, Lmin=-24.39, Lmax=-21.30
09:37:05 [ultranest] [DEBUG] iteration=3353, ncalls=9233, regioncalls=355200, ndraw=40, logz=-34.56, remainder_fraction=88.1168%, Lmin=-24.29, Lmax=-21.30
09:37:05 [ultranest] [DEBUG] iteration=3360, ncalls=9248, regioncalls=355800, ndraw=40, logz=-34.52, remainder_fraction=87.6232%, Lmin=-24.22, Lmax=-21.30
09:37:05 [ultranest] [DEBUG] iteration=3365, ncalls=9262, regioncalls=356400, ndraw=40, logz=-34.50, remainder_fraction=87.3129%, Lmin=-24.18, Lmax=-21.30
09:37:05 [ultranest] [DEBUG] iteration=3382, ncalls=9291, regioncalls=357560, ndraw=40, logz=-34.41, remainder_fraction=86.2341%, Lmin=-24.08, Lmax=-21.30
09:37:05 [ultranest] [DEBUG] iteration=3398, ncalls=9322, regioncalls=358800, ndraw=40, logz=-34.34, remainder_fraction=85.1487%, Lmin=-24.04, Lmax=-21.30
09:37:05 [ultranest] [DEBUG] iteration=3400, ncalls=9326, regioncalls=358960, ndraw=40, logz=-34.33, remainder_fraction=84.9741%, Lmin=-24.02, Lmax=-21.30
09:37:05 [ultranest] [DEBUG] iteration=3415, ncalls=9359, regioncalls=360280, ndraw=40, logz=-34.26, remainder_fraction=83.8442%, Lmin=-23.98, Lmax=-21.30
09:37:05 [ultranest] [DEBUG] iteration=3432, ncalls=9390, regioncalls=361520, ndraw=40, logz=-34.19, remainder_fraction=82.7227%, Lmin=-23.88, Lmax=-21.30
09:37:05 [ultranest] [DEBUG] iteration=3440, ncalls=9408, regioncalls=362240, ndraw=40, logz=-34.16, remainder_fraction=82.1028%, Lmin=-23.84, Lmax=-21.30
09:37:06 [ultranest] [DEBUG] iteration=3442, ncalls=9415, regioncalls=362600, ndraw=40, logz=-34.15, remainder_fraction=81.9650%, Lmin=-23.80, Lmax=-21.30
09:37:06 [ultranest] [DEBUG] iteration=3453, ncalls=9441, regioncalls=363640, ndraw=40, logz=-34.11, remainder_fraction=81.1041%, Lmin=-23.77, Lmax=-21.30
09:37:06 [ultranest] [DEBUG] iteration=3472, ncalls=9469, regioncalls=364760, ndraw=40, logz=-34.03, remainder_fraction=79.5983%, Lmin=-23.68, Lmax=-21.30
09:37:06 [ultranest] [DEBUG] iteration=3480, ncalls=9480, regioncalls=365200, ndraw=40, logz=-34.00, remainder_fraction=79.0460%, Lmin=-23.66, Lmax=-21.30
09:37:06 [ultranest] [DEBUG] iteration=3495, ncalls=9514, regioncalls=366560, ndraw=40, logz=-33.95, remainder_fraction=77.8229%, Lmin=-23.57, Lmax=-21.30
09:37:06 [ultranest] [DEBUG] iteration=3515, ncalls=9542, regioncalls=367680, ndraw=40, logz=-33.88, remainder_fraction=76.5444%, Lmin=-23.51, Lmax=-21.27
09:37:06 [ultranest] [DEBUG] iteration=3520, ncalls=9551, regioncalls=368040, ndraw=40, logz=-33.86, remainder_fraction=76.1673%, Lmin=-23.47, Lmax=-21.27
09:37:06 [ultranest] [DEBUG] iteration=3536, ncalls=9576, regioncalls=369040, ndraw=40, logz=-33.81, remainder_fraction=74.7966%, Lmin=-23.43, Lmax=-21.27
09:37:06 [ultranest] [DEBUG] iteration=3550, ncalls=9606, regioncalls=370240, ndraw=40, logz=-33.76, remainder_fraction=73.7002%, Lmin=-23.38, Lmax=-21.27
09:37:06 [ultranest] [DEBUG] iteration=3560, ncalls=9631, regioncalls=371240, ndraw=40, logz=-33.73, remainder_fraction=72.9097%, Lmin=-23.35, Lmax=-21.27
09:37:06 [ultranest] [DEBUG] iteration=3571, ncalls=9665, regioncalls=372600, ndraw=40, logz=-33.70, remainder_fraction=71.8218%, Lmin=-23.32, Lmax=-21.27
09:37:07 [ultranest] [DEBUG] iteration=3584, ncalls=9696, regioncalls=373840, ndraw=40, logz=-33.66, remainder_fraction=70.6125%, Lmin=-23.29, Lmax=-21.27
09:37:07 [ultranest] [DEBUG] iteration=3596, ncalls=9719, regioncalls=374800, ndraw=40, logz=-33.63, remainder_fraction=69.5897%, Lmin=-23.24, Lmax=-21.27
09:37:07 [ultranest] [DEBUG] iteration=3600, ncalls=9725, regioncalls=375040, ndraw=40, logz=-33.61, remainder_fraction=69.2108%, Lmin=-23.23, Lmax=-21.27
09:37:07 [ultranest] [DEBUG] iteration=3617, ncalls=9751, regioncalls=376080, ndraw=40, logz=-33.57, remainder_fraction=67.7603%, Lmin=-23.17, Lmax=-21.27
09:37:07 [ultranest] [DEBUG] iteration=3635, ncalls=9780, regioncalls=377240, ndraw=40, logz=-33.52, remainder_fraction=66.2044%, Lmin=-23.13, Lmax=-21.27
09:37:07 [ultranest] [DEBUG] iteration=3640, ncalls=9786, regioncalls=377480, ndraw=40, logz=-33.51, remainder_fraction=65.8776%, Lmin=-23.11, Lmax=-21.27
09:37:07 [ultranest] [DEBUG] iteration=3657, ncalls=9815, regioncalls=378640, ndraw=40, logz=-33.47, remainder_fraction=64.3712%, Lmin=-23.08, Lmax=-21.27
09:37:07 [ultranest] [DEBUG] iteration=3674, ncalls=9842, regioncalls=379720, ndraw=40, logz=-33.43, remainder_fraction=62.8838%, Lmin=-23.03, Lmax=-21.27
09:37:07 [ultranest] [DEBUG] iteration=3680, ncalls=9855, regioncalls=380240, ndraw=40, logz=-33.42, remainder_fraction=62.5573%, Lmin=-23.01, Lmax=-21.27
09:37:07 [ultranest] [DEBUG] iteration=3694, ncalls=9887, regioncalls=381520, ndraw=40, logz=-33.39, remainder_fraction=61.4826%, Lmin=-22.95, Lmax=-21.27
09:37:07 [ultranest] [DEBUG] iteration=3714, ncalls=9916, regioncalls=382680, ndraw=40, logz=-33.34, remainder_fraction=59.7668%, Lmin=-22.90, Lmax=-21.27
09:37:07 [ultranest] [DEBUG] iteration=3720, ncalls=9927, regioncalls=383120, ndraw=40, logz=-33.33, remainder_fraction=59.2052%, Lmin=-22.88, Lmax=-21.27
09:37:07 [ultranest] [DEBUG] iteration=3735, ncalls=9959, regioncalls=384400, ndraw=40, logz=-33.30, remainder_fraction=58.1283%, Lmin=-22.84, Lmax=-21.27
09:37:08 [ultranest] [DEBUG] iteration=3750, ncalls=9987, regioncalls=385560, ndraw=40, logz=-33.27, remainder_fraction=57.0350%, Lmin=-22.81, Lmax=-21.27
09:37:08 [ultranest] [DEBUG] iteration=3760, ncalls=10000, regioncalls=386080, ndraw=40, logz=-33.25, remainder_fraction=56.1990%, Lmin=-22.78, Lmax=-21.27
09:37:08 [ultranest] [DEBUG] iteration=3779, ncalls=10028, regioncalls=387200, ndraw=40, logz=-33.22, remainder_fraction=54.6433%, Lmin=-22.72, Lmax=-21.27
09:37:08 [ultranest] [DEBUG] iteration=3799, ncalls=10057, regioncalls=388360, ndraw=40, logz=-33.18, remainder_fraction=52.8912%, Lmin=-22.67, Lmax=-21.27
09:37:08 [ultranest] [DEBUG] iteration=3800, ncalls=10058, regioncalls=388400, ndraw=40, logz=-33.18, remainder_fraction=52.7971%, Lmin=-22.66, Lmax=-21.27
09:37:08 [ultranest] [DEBUG] iteration=3818, ncalls=10087, regioncalls=389560, ndraw=40, logz=-33.15, remainder_fraction=51.4140%, Lmin=-22.63, Lmax=-21.27
09:37:08 [ultranest] [DEBUG] iteration=3827, ncalls=10108, regioncalls=390440, ndraw=40, logz=-33.14, remainder_fraction=50.7052%, Lmin=-22.61, Lmax=-21.27
09:37:08 [ultranest] [DEBUG] iteration=3840, ncalls=10130, regioncalls=391320, ndraw=40, logz=-33.12, remainder_fraction=49.7218%, Lmin=-22.57, Lmax=-21.27
09:37:08 [ultranest] [DEBUG] iteration=3858, ncalls=10157, regioncalls=392520, ndraw=40, logz=-33.09, remainder_fraction=48.2450%, Lmin=-22.52, Lmax=-21.27
09:37:08 [ultranest] [DEBUG] iteration=3874, ncalls=10188, regioncalls=393760, ndraw=40, logz=-33.06, remainder_fraction=46.9300%, Lmin=-22.48, Lmax=-21.27
09:37:08 [ultranest] [DEBUG] iteration=3880, ncalls=10205, regioncalls=394440, ndraw=40, logz=-33.05, remainder_fraction=46.5087%, Lmin=-22.47, Lmax=-21.27
09:37:08 [ultranest] [DEBUG] iteration=3895, ncalls=10235, regioncalls=395640, ndraw=40, logz=-33.03, remainder_fraction=45.1110%, Lmin=-22.44, Lmax=-21.27
09:37:09 [ultranest] [DEBUG] iteration=3904, ncalls=10257, regioncalls=396560, ndraw=40, logz=-33.02, remainder_fraction=44.3822%, Lmin=-22.41, Lmax=-21.27
09:37:09 [ultranest] [DEBUG] iteration=3919, ncalls=10282, regioncalls=397560, ndraw=40, logz=-33.00, remainder_fraction=43.3936%, Lmin=-22.38, Lmax=-21.27
09:37:09 [ultranest] [DEBUG] iteration=3920, ncalls=10283, regioncalls=397600, ndraw=40, logz=-33.00, remainder_fraction=43.2949%, Lmin=-22.38, Lmax=-21.27
09:37:09 [ultranest] [DEBUG] iteration=3938, ncalls=10312, regioncalls=398760, ndraw=40, logz=-32.97, remainder_fraction=41.9797%, Lmin=-22.33, Lmax=-21.27
09:37:09 [ultranest] [DEBUG] iteration=3955, ncalls=10342, regioncalls=399960, ndraw=40, logz=-32.95, remainder_fraction=40.7959%, Lmin=-22.30, Lmax=-21.27
09:37:09 [ultranest] [DEBUG] iteration=3960, ncalls=10353, regioncalls=400400, ndraw=40, logz=-32.95, remainder_fraction=40.3785%, Lmin=-22.29, Lmax=-21.27
09:37:09 [ultranest] [DEBUG] iteration=3977, ncalls=10383, regioncalls=401600, ndraw=40, logz=-32.92, remainder_fraction=39.2352%, Lmin=-22.25, Lmax=-21.26
09:37:09 [ultranest] [DEBUG] iteration=3981, ncalls=10388, regioncalls=401840, ndraw=40, logz=-32.92, remainder_fraction=38.9111%, Lmin=-22.24, Lmax=-21.26
09:37:09 [ultranest] [DEBUG] iteration=4000, ncalls=10411, regioncalls=402760, ndraw=40, logz=-32.90, remainder_fraction=37.6688%, Lmin=-22.19, Lmax=-21.26
09:37:09 [ultranest] [DEBUG] iteration=4017, ncalls=10439, regioncalls=403880, ndraw=40, logz=-32.88, remainder_fraction=36.5102%, Lmin=-22.16, Lmax=-21.26
09:37:09 [ultranest] [DEBUG] iteration=4036, ncalls=10469, regioncalls=405080, ndraw=40, logz=-32.86, remainder_fraction=35.0758%, Lmin=-22.13, Lmax=-21.26
09:37:09 [ultranest] [DEBUG] iteration=4040, ncalls=10475, regioncalls=405320, ndraw=40, logz=-32.85, remainder_fraction=34.7595%, Lmin=-22.12, Lmax=-21.26
09:37:09 [ultranest] [DEBUG] iteration=4056, ncalls=10505, regioncalls=406520, ndraw=40, logz=-32.84, remainder_fraction=33.6289%, Lmin=-22.11, Lmax=-21.26
09:37:09 [ultranest] [DEBUG] iteration=4058, ncalls=10508, regioncalls=406680, ndraw=40, logz=-32.83, remainder_fraction=33.4934%, Lmin=-22.10, Lmax=-21.26
09:37:10 [ultranest] [DEBUG] iteration=4075, ncalls=10536, regioncalls=407800, ndraw=40, logz=-32.82, remainder_fraction=32.3846%, Lmin=-22.08, Lmax=-21.26
09:37:10 [ultranest] [DEBUG] iteration=4080, ncalls=10542, regioncalls=408080, ndraw=40, logz=-32.81, remainder_fraction=32.0811%, Lmin=-22.07, Lmax=-21.26
09:37:10 [ultranest] [DEBUG] iteration=4096, ncalls=10574, regioncalls=409360, ndraw=40, logz=-32.80, remainder_fraction=31.0018%, Lmin=-22.04, Lmax=-21.26
09:37:10 [ultranest] [DEBUG] iteration=4113, ncalls=10603, regioncalls=410520, ndraw=40, logz=-32.78, remainder_fraction=29.8549%, Lmin=-22.01, Lmax=-21.26
09:37:10 [ultranest] [DEBUG] iteration=4120, ncalls=10612, regioncalls=410880, ndraw=40, logz=-32.78, remainder_fraction=29.4047%, Lmin=-22.00, Lmax=-21.26
09:37:10 [ultranest] [DEBUG] iteration=4135, ncalls=10638, regioncalls=411960, ndraw=40, logz=-32.76, remainder_fraction=28.4975%, Lmin=-21.98, Lmax=-21.26
09:37:10 [ultranest] [DEBUG] iteration=4154, ncalls=10663, regioncalls=412960, ndraw=40, logz=-32.75, remainder_fraction=27.3295%, Lmin=-21.96, Lmax=-21.23
09:37:10 [ultranest] [DEBUG] iteration=4160, ncalls=10671, regioncalls=413280, ndraw=40, logz=-32.74, remainder_fraction=26.9983%, Lmin=-21.94, Lmax=-21.23
09:37:10 [ultranest] [DEBUG] iteration=4180, ncalls=10703, regioncalls=414560, ndraw=40, logz=-32.73, remainder_fraction=25.8970%, Lmin=-21.92, Lmax=-21.23
09:37:10 [ultranest] [DEBUG] iteration=4197, ncalls=10733, regioncalls=415760, ndraw=40, logz=-32.71, remainder_fraction=25.0021%, Lmin=-21.90, Lmax=-21.22
09:37:10 [ultranest] [DEBUG] iteration=4200, ncalls=10740, regioncalls=416040, ndraw=40, logz=-32.71, remainder_fraction=24.8167%, Lmin=-21.89, Lmax=-21.22
09:37:10 [ultranest] [DEBUG] iteration=4219, ncalls=10765, regioncalls=417040, ndraw=40, logz=-32.70, remainder_fraction=23.7650%, Lmin=-21.87, Lmax=-21.22
09:37:11 [ultranest] [DEBUG] iteration=4238, ncalls=10790, regioncalls=418040, ndraw=40, logz=-32.69, remainder_fraction=22.8184%, Lmin=-21.85, Lmax=-21.22
09:37:11 [ultranest] [DEBUG] iteration=4240, ncalls=10795, regioncalls=418240, ndraw=40, logz=-32.68, remainder_fraction=22.7178%, Lmin=-21.85, Lmax=-21.22
09:37:11 [ultranest] [DEBUG] iteration=4257, ncalls=10825, regioncalls=419440, ndraw=40, logz=-32.67, remainder_fraction=21.8643%, Lmin=-21.83, Lmax=-21.22
09:37:11 [ultranest] [DEBUG] iteration=4271, ncalls=10856, regioncalls=420680, ndraw=40, logz=-32.66, remainder_fraction=21.2144%, Lmin=-21.82, Lmax=-21.22
09:37:11 [ultranest] [DEBUG] iteration=4280, ncalls=10880, regioncalls=421640, ndraw=40, logz=-32.66, remainder_fraction=20.7464%, Lmin=-21.81, Lmax=-21.22
09:37:11 [ultranest] [DEBUG] iteration=4285, ncalls=10894, regioncalls=422200, ndraw=40, logz=-32.66, remainder_fraction=20.5049%, Lmin=-21.80, Lmax=-21.22
09:37:11 [ultranest] [DEBUG] iteration=4287, ncalls=10898, regioncalls=422360, ndraw=40, logz=-32.65, remainder_fraction=20.4219%, Lmin=-21.80, Lmax=-21.22
09:37:11 [ultranest] [DEBUG] iteration=4289, ncalls=10900, regioncalls=422480, ndraw=40, logz=-32.65, remainder_fraction=20.3272%, Lmin=-21.80, Lmax=-21.22
09:37:11 [ultranest] [DEBUG] iteration=4291, ncalls=10904, regioncalls=422640, ndraw=40, logz=-32.65, remainder_fraction=20.2303%, Lmin=-21.80, Lmax=-21.22
09:37:12 [ultranest] [DEBUG] iteration=4295, ncalls=10908, regioncalls=422800, ndraw=40, logz=-32.65, remainder_fraction=20.0224%, Lmin=-21.79, Lmax=-21.22
09:37:12 [ultranest] [DEBUG] iteration=4298, ncalls=10911, regioncalls=422920, ndraw=40, logz=-32.65, remainder_fraction=19.8970%, Lmin=-21.79, Lmax=-21.22
09:37:12 [ultranest] [DEBUG] iteration=4301, ncalls=10914, regioncalls=423080, ndraw=40, logz=-32.65, remainder_fraction=19.7556%, Lmin=-21.78, Lmax=-21.22
09:37:12 [ultranest] [DEBUG] iteration=4304, ncalls=10917, regioncalls=423200, ndraw=40, logz=-32.65, remainder_fraction=19.6366%, Lmin=-21.78, Lmax=-21.22
09:37:12 [ultranest] [DEBUG] iteration=4307, ncalls=10922, regioncalls=423440, ndraw=40, logz=-32.64, remainder_fraction=19.4902%, Lmin=-21.78, Lmax=-21.22
09:37:12 [ultranest] [DEBUG] iteration=4309, ncalls=10929, regioncalls=423760, ndraw=40, logz=-32.64, remainder_fraction=19.4144%, Lmin=-21.77, Lmax=-21.22
09:37:12 [ultranest] [DEBUG] iteration=4311, ncalls=10933, regioncalls=423920, ndraw=40, logz=-32.64, remainder_fraction=19.3124%, Lmin=-21.77, Lmax=-21.22
09:37:12 [ultranest] [DEBUG] iteration=4315, ncalls=10938, regioncalls=424120, ndraw=40, logz=-32.64, remainder_fraction=19.1204%, Lmin=-21.77, Lmax=-21.22
09:37:13 [ultranest] [DEBUG] iteration=4319, ncalls=10943, regioncalls=424320, ndraw=40, logz=-32.64, remainder_fraction=18.9489%, Lmin=-21.76, Lmax=-21.22
09:37:13 [ultranest] [DEBUG] iteration=4320, ncalls=10945, regioncalls=424400, ndraw=40, logz=-32.64, remainder_fraction=18.8974%, Lmin=-21.76, Lmax=-21.22
09:37:13 [ultranest] [DEBUG] iteration=4323, ncalls=10949, regioncalls=424560, ndraw=40, logz=-32.63, remainder_fraction=18.7754%, Lmin=-21.76, Lmax=-21.22
09:37:13 [ultranest] [DEBUG] iteration=4326, ncalls=10953, regioncalls=424720, ndraw=40, logz=-32.63, remainder_fraction=18.6532%, Lmin=-21.76, Lmax=-21.22
09:37:13 [ultranest] [DEBUG] iteration=4328, ncalls=10957, regioncalls=424880, ndraw=40, logz=-32.63, remainder_fraction=18.5693%, Lmin=-21.76, Lmax=-21.22
09:37:13 [ultranest] [DEBUG] iteration=4332, ncalls=10961, regioncalls=425040, ndraw=40, logz=-32.63, remainder_fraction=18.4002%, Lmin=-21.75, Lmax=-21.22
09:37:13 [ultranest] [DEBUG] iteration=4335, ncalls=10966, regioncalls=425240, ndraw=40, logz=-32.63, remainder_fraction=18.2768%, Lmin=-21.75, Lmax=-21.22
09:37:13 [ultranest] [DEBUG] iteration=4338, ncalls=10970, regioncalls=425400, ndraw=40, logz=-32.63, remainder_fraction=18.1323%, Lmin=-21.75, Lmax=-21.22
09:37:14 [ultranest] [DEBUG] iteration=4342, ncalls=10977, regioncalls=425680, ndraw=40, logz=-32.62, remainder_fraction=17.9672%, Lmin=-21.74, Lmax=-21.22
09:37:14 [ultranest] [DEBUG] iteration=4345, ncalls=10981, regioncalls=425840, ndraw=40, logz=-32.62, remainder_fraction=17.8503%, Lmin=-21.74, Lmax=-21.22
09:37:14 [ultranest] [DEBUG] iteration=4348, ncalls=10985, regioncalls=426000, ndraw=40, logz=-32.62, remainder_fraction=17.7303%, Lmin=-21.73, Lmax=-21.22
09:37:14 [ultranest] [DEBUG] iteration=4350, ncalls=10989, regioncalls=426160, ndraw=40, logz=-32.62, remainder_fraction=17.6476%, Lmin=-21.73, Lmax=-21.22
09:37:14 [ultranest] [DEBUG] iteration=4353, ncalls=10995, regioncalls=426400, ndraw=40, logz=-32.62, remainder_fraction=17.5243%, Lmin=-21.72, Lmax=-21.22
09:37:14 [ultranest] [DEBUG] iteration=4355, ncalls=10999, regioncalls=426560, ndraw=40, logz=-32.62, remainder_fraction=17.4479%, Lmin=-21.72, Lmax=-21.22
09:37:14 [ultranest] [DEBUG] iteration=4359, ncalls=11003, regioncalls=426720, ndraw=40, logz=-32.62, remainder_fraction=17.2734%, Lmin=-21.72, Lmax=-21.22
09:37:14 [ultranest] [DEBUG] iteration=4360, ncalls=11004, regioncalls=426760, ndraw=40, logz=-32.62, remainder_fraction=17.2346%, Lmin=-21.72, Lmax=-21.22
09:37:14 [ultranest] [DEBUG] iteration=4363, ncalls=11009, regioncalls=426960, ndraw=40, logz=-32.61, remainder_fraction=17.1142%, Lmin=-21.72, Lmax=-21.22
09:37:15 [ultranest] [DEBUG] iteration=4366, ncalls=11014, regioncalls=427240, ndraw=40, logz=-32.61, remainder_fraction=17.0036%, Lmin=-21.72, Lmax=-21.22
09:37:15 [ultranest] [DEBUG] iteration=4369, ncalls=11019, regioncalls=427440, ndraw=40, logz=-32.61, remainder_fraction=16.8789%, Lmin=-21.71, Lmax=-21.22
09:37:15 [ultranest] [DEBUG] iteration=4372, ncalls=11023, regioncalls=427600, ndraw=40, logz=-32.61, remainder_fraction=16.7601%, Lmin=-21.71, Lmax=-21.22
09:37:15 [ultranest] [DEBUG] iteration=4375, ncalls=11030, regioncalls=427880, ndraw=40, logz=-32.61, remainder_fraction=16.6428%, Lmin=-21.71, Lmax=-21.22
09:37:15 [ultranest] [DEBUG] iteration=4379, ncalls=11034, regioncalls=428040, ndraw=40, logz=-32.61, remainder_fraction=16.4719%, Lmin=-21.71, Lmax=-21.22
09:37:15 [ultranest] [DEBUG] iteration=4381, ncalls=11039, regioncalls=428240, ndraw=40, logz=-32.61, remainder_fraction=16.3997%, Lmin=-21.70, Lmax=-21.22
09:37:16 [ultranest] [DEBUG] iteration=4384, ncalls=11043, regioncalls=428400, ndraw=40, logz=-32.60, remainder_fraction=16.2811%, Lmin=-21.70, Lmax=-21.22
09:37:16 [ultranest] [DEBUG] iteration=4388, ncalls=11047, regioncalls=428560, ndraw=40, logz=-32.60, remainder_fraction=16.1176%, Lmin=-21.69, Lmax=-21.22
09:37:16 [ultranest] [DEBUG] iteration=4392, ncalls=11051, regioncalls=428720, ndraw=40, logz=-32.60, remainder_fraction=15.9544%, Lmin=-21.69, Lmax=-21.22
09:37:16 [ultranest] [DEBUG] iteration=4395, ncalls=11055, regioncalls=428880, ndraw=40, logz=-32.60, remainder_fraction=15.8382%, Lmin=-21.69, Lmax=-21.22
09:37:16 [ultranest] [DEBUG] iteration=4397, ncalls=11060, regioncalls=429080, ndraw=40, logz=-32.60, remainder_fraction=15.7691%, Lmin=-21.69, Lmax=-21.22
09:37:16 [ultranest] [DEBUG] iteration=4400, ncalls=11064, regioncalls=429240, ndraw=40, logz=-32.60, remainder_fraction=15.6517%, Lmin=-21.68, Lmax=-21.22
09:37:16 [ultranest] [DEBUG] iteration=4403, ncalls=11068, regioncalls=429400, ndraw=40, logz=-32.60, remainder_fraction=15.5374%, Lmin=-21.68, Lmax=-21.22
09:37:16 [ultranest] [DEBUG] iteration=4407, ncalls=11072, regioncalls=429560, ndraw=40, logz=-32.59, remainder_fraction=15.3818%, Lmin=-21.68, Lmax=-21.22
09:37:17 [ultranest] [DEBUG] iteration=4410, ncalls=11080, regioncalls=429880, ndraw=40, logz=-32.59, remainder_fraction=15.2663%, Lmin=-21.67, Lmax=-21.22
09:37:17 [ultranest] [DEBUG] iteration=4413, ncalls=11085, regioncalls=430080, ndraw=40, logz=-32.59, remainder_fraction=15.1564%, Lmin=-21.67, Lmax=-21.22
09:37:17 [ultranest] [DEBUG] iteration=4415, ncalls=11089, regioncalls=430240, ndraw=40, logz=-32.59, remainder_fraction=15.0873%, Lmin=-21.67, Lmax=-21.22
09:37:17 [ultranest] [DEBUG] iteration=4425, ncalls=11112, regioncalls=431160, ndraw=40, logz=-32.59, remainder_fraction=14.7202%, Lmin=-21.66, Lmax=-21.22
09:37:17 [ultranest] [DEBUG] iteration=4440, ncalls=11141, regioncalls=432320, ndraw=40, logz=-32.58, remainder_fraction=14.1948%, Lmin=-21.65, Lmax=-21.22
09:37:17 [ultranest] [DEBUG] iteration=4457, ncalls=11164, regioncalls=433240, ndraw=40, logz=-32.57, remainder_fraction=13.6092%, Lmin=-21.63, Lmax=-21.22
09:37:17 [ultranest] [DEBUG] iteration=4472, ncalls=11194, regioncalls=434440, ndraw=40, logz=-32.57, remainder_fraction=13.1299%, Lmin=-21.62, Lmax=-21.22
09:37:17 [ultranest] [DEBUG] iteration=4480, ncalls=11225, regioncalls=435680, ndraw=40, logz=-32.56, remainder_fraction=12.8587%, Lmin=-21.61, Lmax=-21.22
09:37:17 [ultranest] [DEBUG] iteration=4489, ncalls=11260, regioncalls=437080, ndraw=40, logz=-32.56, remainder_fraction=12.5869%, Lmin=-21.60, Lmax=-21.22
09:37:18 [ultranest] [DEBUG] iteration=4501, ncalls=11296, regioncalls=438520, ndraw=40, logz=-32.56, remainder_fraction=12.2170%, Lmin=-21.59, Lmax=-21.22
09:37:18 [ultranest] [DEBUG] iteration=4517, ncalls=11326, regioncalls=439720, ndraw=40, logz=-32.55, remainder_fraction=11.7231%, Lmin=-21.58, Lmax=-21.22
09:37:18 [ultranest] [DEBUG] iteration=4520, ncalls=11332, regioncalls=440040, ndraw=40, logz=-32.55, remainder_fraction=11.6309%, Lmin=-21.58, Lmax=-21.22
09:37:18 [ultranest] [DEBUG] iteration=4538, ncalls=11358, regioncalls=441080, ndraw=40, logz=-32.54, remainder_fraction=11.1209%, Lmin=-21.57, Lmax=-21.22
09:37:18 [ultranest] [DEBUG] iteration=4557, ncalls=11389, regioncalls=442320, ndraw=40, logz=-32.54, remainder_fraction=10.5872%, Lmin=-21.56, Lmax=-21.22
09:37:18 [ultranest] [DEBUG] iteration=4560, ncalls=11394, regioncalls=442520, ndraw=40, logz=-32.54, remainder_fraction=10.5073%, Lmin=-21.55, Lmax=-21.22
09:37:18 [ultranest] [DEBUG] iteration=4581, ncalls=11422, regioncalls=443640, ndraw=40, logz=-32.53, remainder_fraction=9.9538%, Lmin=-21.54, Lmax=-21.22
09:37:18 [ultranest] [DEBUG] iteration=4596, ncalls=11454, regioncalls=444920, ndraw=40, logz=-32.53, remainder_fraction=9.5668%, Lmin=-21.54, Lmax=-21.22
09:37:18 [ultranest] [DEBUG] iteration=4597, ncalls=11455, regioncalls=445000, ndraw=40, logz=-32.53, remainder_fraction=9.5393%, Lmin=-21.53, Lmax=-21.22
09:37:18 [ultranest] [DEBUG] iteration=4600, ncalls=11463, regioncalls=445320, ndraw=40, logz=-32.53, remainder_fraction=9.4688%, Lmin=-21.53, Lmax=-21.22
09:37:18 [ultranest] [DEBUG] iteration=4615, ncalls=11490, regioncalls=446400, ndraw=40, logz=-32.52, remainder_fraction=9.1099%, Lmin=-21.53, Lmax=-21.22
09:37:18 [ultranest] [DEBUG] iteration=4635, ncalls=11519, regioncalls=447560, ndraw=40, logz=-32.52, remainder_fraction=8.6593%, Lmin=-21.51, Lmax=-21.22
09:37:18 [ultranest] [DEBUG] iteration=4640, ncalls=11527, regioncalls=447880, ndraw=40, logz=-32.52, remainder_fraction=8.5459%, Lmin=-21.51, Lmax=-21.22
09:37:19 [ultranest] [DEBUG] iteration=4660, ncalls=11556, regioncalls=449040, ndraw=40, logz=-32.51, remainder_fraction=8.1108%, Lmin=-21.50, Lmax=-21.22
09:37:19 [ultranest] [DEBUG] iteration=4674, ncalls=11579, regioncalls=450000, ndraw=40, logz=-32.51, remainder_fraction=7.8174%, Lmin=-21.49, Lmax=-21.22
09:37:19 [ultranest] [DEBUG] iteration=4680, ncalls=11585, regioncalls=450240, ndraw=40, logz=-32.51, remainder_fraction=7.6982%, Lmin=-21.49, Lmax=-21.22
09:37:19 [ultranest] [DEBUG] iteration=4695, ncalls=11611, regioncalls=451320, ndraw=40, logz=-32.50, remainder_fraction=7.4080%, Lmin=-21.48, Lmax=-21.22
09:37:19 [ultranest] [DEBUG] iteration=4712, ncalls=11640, regioncalls=452480, ndraw=40, logz=-32.50, remainder_fraction=7.0834%, Lmin=-21.47, Lmax=-21.22
09:37:19 [ultranest] [DEBUG] iteration=4720, ncalls=11655, regioncalls=453080, ndraw=40, logz=-32.50, remainder_fraction=6.9349%, Lmin=-21.47, Lmax=-21.22
09:37:19 [ultranest] [DEBUG] iteration=4739, ncalls=11684, regioncalls=454240, ndraw=40, logz=-32.50, remainder_fraction=6.5976%, Lmin=-21.46, Lmax=-21.22
09:37:19 [ultranest] [DEBUG] iteration=4751, ncalls=11704, regioncalls=455080, ndraw=40, logz=-32.49, remainder_fraction=6.3947%, Lmin=-21.45, Lmax=-21.22
09:37:19 [ultranest] [DEBUG] iteration=4760, ncalls=11720, regioncalls=455720, ndraw=40, logz=-32.49, remainder_fraction=6.2508%, Lmin=-21.45, Lmax=-21.22
09:37:19 [ultranest] [DEBUG] iteration=4780, ncalls=11747, regioncalls=456800, ndraw=40, logz=-32.49, remainder_fraction=5.9217%, Lmin=-21.44, Lmax=-21.22
09:37:19 [ultranest] [DEBUG] iteration=4796, ncalls=11778, regioncalls=458040, ndraw=40, logz=-32.49, remainder_fraction=5.6706%, Lmin=-21.43, Lmax=-21.22
09:37:19 [ultranest] [DEBUG] iteration=4800, ncalls=11782, regioncalls=458200, ndraw=40, logz=-32.48, remainder_fraction=5.6086%, Lmin=-21.43, Lmax=-21.22
09:37:19 [ultranest] [DEBUG] iteration=4817, ncalls=11811, regioncalls=459360, ndraw=40, logz=-32.48, remainder_fraction=5.3561%, Lmin=-21.42, Lmax=-21.22
09:37:20 [ultranest] [DEBUG] iteration=4832, ncalls=11838, regioncalls=460440, ndraw=40, logz=-32.48, remainder_fraction=5.1426%, Lmin=-21.42, Lmax=-21.22
09:37:20 [ultranest] [DEBUG] iteration=4840, ncalls=11849, regioncalls=460880, ndraw=40, logz=-32.48, remainder_fraction=5.0333%, Lmin=-21.41, Lmax=-21.22
09:37:20 [ultranest] [DEBUG] iteration=4856, ncalls=11878, regioncalls=462040, ndraw=40, logz=-32.48, remainder_fraction=4.8300%, Lmin=-21.40, Lmax=-21.22
09:37:20 [ultranest] [DEBUG] iteration=4872, ncalls=11909, regioncalls=463280, ndraw=40, logz=-32.47, remainder_fraction=4.6253%, Lmin=-21.40, Lmax=-21.22
09:37:20 [ultranest] [DEBUG] iteration=4880, ncalls=11922, regioncalls=463800, ndraw=40, logz=-32.47, remainder_fraction=4.5257%, Lmin=-21.40, Lmax=-21.22
09:37:20 [ultranest] [DEBUG] iteration=4895, ncalls=11955, regioncalls=465120, ndraw=40, logz=-32.47, remainder_fraction=4.3445%, Lmin=-21.39, Lmax=-21.22
09:37:20 [ultranest] [DEBUG] iteration=4905, ncalls=11972, regioncalls=465840, ndraw=40, logz=-32.47, remainder_fraction=4.2253%, Lmin=-21.39, Lmax=-21.22
09:37:20 [ultranest] [DEBUG] iteration=4920, ncalls=11996, regioncalls=466800, ndraw=40, logz=-32.47, remainder_fraction=4.0580%, Lmin=-21.38, Lmax=-21.22
09:37:20 [ultranest] [DEBUG] iteration=4939, ncalls=12024, regioncalls=467920, ndraw=40, logz=-32.47, remainder_fraction=3.8553%, Lmin=-21.37, Lmax=-21.22
09:37:20 [ultranest] [DEBUG] iteration=4955, ncalls=12055, regioncalls=469160, ndraw=40, logz=-32.46, remainder_fraction=3.6884%, Lmin=-21.37, Lmax=-21.22
09:37:20 [ultranest] [DEBUG] iteration=4960, ncalls=12063, regioncalls=469480, ndraw=40, logz=-32.46, remainder_fraction=3.6376%, Lmin=-21.37, Lmax=-21.22
09:37:20 [ultranest] [DEBUG] iteration=4973, ncalls=12099, regioncalls=470920, ndraw=40, logz=-32.46, remainder_fraction=3.5089%, Lmin=-21.36, Lmax=-21.22
09:37:21 [ultranest] [DEBUG] iteration=4982, ncalls=12117, regioncalls=471680, ndraw=40, logz=-32.46, remainder_fraction=3.4235%, Lmin=-21.36, Lmax=-21.22
09:37:21 [ultranest] [DEBUG] iteration=4997, ncalls=12146, regioncalls=472840, ndraw=40, logz=-32.46, remainder_fraction=3.2839%, Lmin=-21.36, Lmax=-21.22
09:37:21 [ultranest] [DEBUG] iteration=5000, ncalls=12152, regioncalls=473080, ndraw=40, logz=-32.46, remainder_fraction=3.2573%, Lmin=-21.36, Lmax=-21.22
09:37:21 [ultranest] [DEBUG] iteration=5019, ncalls=12185, regioncalls=474400, ndraw=40, logz=-32.46, remainder_fraction=3.0899%, Lmin=-21.35, Lmax=-21.22
09:37:21 [ultranest] [DEBUG] iteration=5035, ncalls=12216, regioncalls=475640, ndraw=40, logz=-32.46, remainder_fraction=2.9552%, Lmin=-21.35, Lmax=-21.22
09:37:21 [ultranest] [DEBUG] iteration=5040, ncalls=12235, regioncalls=476400, ndraw=40, logz=-32.46, remainder_fraction=2.9133%, Lmin=-21.35, Lmax=-21.22
09:37:21 [ultranest] [DEBUG] iteration=5053, ncalls=12266, regioncalls=477640, ndraw=40, logz=-32.46, remainder_fraction=2.8085%, Lmin=-21.34, Lmax=-21.22
09:37:21 [ultranest] [DEBUG] iteration=5059, ncalls=12278, regioncalls=478160, ndraw=40, logz=-32.45, remainder_fraction=2.7622%, Lmin=-21.34, Lmax=-21.22
09:37:21 [ultranest] [DEBUG] iteration=5079, ncalls=12303, regioncalls=479160, ndraw=40, logz=-32.45, remainder_fraction=2.6128%, Lmin=-21.34, Lmax=-21.22
09:37:21 [ultranest] [DEBUG] iteration=5080, ncalls=12304, regioncalls=479200, ndraw=40, logz=-32.45, remainder_fraction=2.6052%, Lmin=-21.34, Lmax=-21.22
09:37:21 [ultranest] [DEBUG] iteration=5096, ncalls=12334, regioncalls=480400, ndraw=40, logz=-32.45, remainder_fraction=2.4915%, Lmin=-21.33, Lmax=-21.22
09:37:21 [ultranest] [DEBUG] iteration=5116, ncalls=12362, regioncalls=481520, ndraw=40, logz=-32.45, remainder_fraction=2.3556%, Lmin=-21.33, Lmax=-21.22
09:37:21 [ultranest] [DEBUG] iteration=5120, ncalls=12368, regioncalls=481760, ndraw=40, logz=-32.45, remainder_fraction=2.3300%, Lmin=-21.33, Lmax=-21.22
09:37:22 [ultranest] [DEBUG] iteration=5136, ncalls=12394, regioncalls=482840, ndraw=40, logz=-32.45, remainder_fraction=2.2271%, Lmin=-21.33, Lmax=-21.22
09:37:22 [ultranest] [INFO] Explored until L=-2e+01  
09:37:22 [ultranest] [INFO] Likelihood function evaluations: 12405
09:37:23 [ultranest] [INFO] Writing samples and results to disk ...
09:37:23 [ultranest] [INFO] Writing samples and results to disk ... done
09:37:23 [ultranest] [DEBUG] did a run_iter pass!
09:37:23 [ultranest] [INFO]   logZ = -32.44 +- 0.1273
09:37:23 [ultranest] [INFO] Effective samples strategy satisfied (ESS = 1680.9, need >400)
09:37:23 [ultranest] [INFO] Posterior uncertainty strategy is satisfied (KL: 0.46+-0.11 nat, need <0.50 nat)
09:37:23 [ultranest] [INFO] Evidency uncertainty strategy is satisfied (dlogz=0.13, need <0.5)
09:37:23 [ultranest] [INFO]   logZ error budget: single: 0.17 bs:0.13 tail:0.02 total:0.13 required:<0.50
09:37:23 [ultranest] [INFO] done iterating.
09:37:23 [ultranest] [DEBUG] Making corner plot ...
09:37:25 [ultranest] [DEBUG] Making corner plot ... done
09:37:25 [ultranest] [DEBUG] Making run plot ... 
09:37:25 [ultranest] [DEBUG] Making run plot ... done
09:37:25 [ultranest] [DEBUG] Making trace plot ... 
09:37:27 [ultranest] [DEBUG] Making trace plot ... done
