15:15:20 [ultranest] [DEBUG] ReactiveNestedSampler: dims=3+0, resume=True, log_dir=/home/orion51/Desktop/Research/spectral_fitting/FGL_spectral_fitting/Individual_sources/2CXOJ085932.2-434602/bb_out_, backend=hdf5, vectorized=False, nbootstraps=30, ndraw=128..65536
15:15:20 [ultranest] [INFO] Sampling 400 live points from prior ...
15:15:21 [ultranest] [DEBUG] run_iter dlogz=0.5, dKL=0.5, frac_remain=0.01, Lepsilon=0.1000, min_ess=400
15:15:21 [ultranest] [DEBUG] max_iters=-1, max_ncalls=-1, max_num_improvement_loops=-1, min_num_live_points=400, cluster_num_live_points=40
15:15:21 [ultranest] [DEBUG] minimal_widths_sequence: [(-inf, 400.0), (inf, 400.0)]
15:15:21 [ultranest] [DEBUG] iteration=0, ncalls=401, regioncalls=40, ndraw=40, logz=-inf, remainder_fraction=100.0000%, Lmin=-171422361.93, Lmax=-301.93
15:15:21 [ultranest] [DEBUG] iteration=31, ncalls=433, regioncalls=1320, ndraw=40, logz=-15429.59, remainder_fraction=100.0000%, Lmin=-10510.08, Lmax=-301.93
15:15:21 [ultranest] [DEBUG] Plateau detected at L=-4.731425e+03, not replacing live point.
15:15:21 [ultranest] [DEBUG] Plateau detected at L=-4.731425e+03, not replacing live point.
15:15:21 [ultranest] [DEBUG] Plateau detected at L=-4.731425e+03, not replacing live point.
15:15:21 [ultranest] [DEBUG] Plateau detected at L=-4.731425e+03, not replacing live point.
15:15:21 [ultranest] [DEBUG] Plateau detected at L=-4.731425e+03, not replacing live point.
15:15:21 [ultranest] [DEBUG] Plateau detected at L=-4.731425e+03, not replacing live point.
15:15:21 [ultranest] [DEBUG] Plateau detected at L=-4.731425e+03, not replacing live point.
15:15:21 [ultranest] [DEBUG] Plateau detected at L=-4.731425e+03, not replacing live point.
15:15:21 [ultranest] [DEBUG] Plateau detected at L=-4.731425e+03, not replacing live point.
15:15:21 [ultranest] [DEBUG] Plateau detected at L=-4.731425e+03, not replacing live point.
15:15:21 [ultranest] [DEBUG] Plateau detected at L=-4.731425e+03, not replacing live point.
15:15:21 [ultranest] [DEBUG] Plateau detected at L=-4.731425e+03, not replacing live point.
15:15:21 [ultranest] [DEBUG] Plateau detected at L=-4.731425e+03, not replacing live point.
15:15:21 [ultranest] [DEBUG] Plateau detected at L=-4.731425e+03, not replacing live point.
15:15:21 [ultranest] [DEBUG] Plateau detected at L=-4.731425e+03, not replacing live point.
15:15:21 [ultranest] [DEBUG] Plateau detected at L=-4.731425e+03, not replacing live point.
15:15:21 [ultranest] [DEBUG] Plateau detected at L=-4.731425e+03, not replacing live point.
15:15:21 [ultranest] [DEBUG] Plateau detected at L=-4.731425e+03, not replacing live point.
15:15:21 [ultranest] [DEBUG] Plateau detected at L=-4.731425e+03, not replacing live point.
15:15:21 [ultranest] [DEBUG] Plateau detected at L=-4.731425e+03, not replacing live point.
15:15:21 [ultranest] [DEBUG] Plateau detected at L=-4.731425e+03, not replacing live point.
15:15:21 [ultranest] [DEBUG] Plateau detected at L=-4.731425e+03, not replacing live point.
15:15:21 [ultranest] [DEBUG] Plateau detected at L=-4.731425e+03, not replacing live point.
15:15:21 [ultranest] [DEBUG] Plateau detected at L=-4.731425e+03, not replacing live point.
15:15:21 [ultranest] [DEBUG] Plateau detected at L=-4.731425e+03, not replacing live point.
15:15:21 [ultranest] [DEBUG] Plateau detected at L=-4.731425e+03, not replacing live point.
15:15:21 [ultranest] [DEBUG] Plateau detected at L=-4.731425e+03, not replacing live point.
15:15:21 [ultranest] [DEBUG] Plateau detected at L=-4.731425e+03, not replacing live point.
15:15:21 [ultranest] [DEBUG] Plateau detected at L=-4.731425e+03, not replacing live point.
15:15:21 [ultranest] [DEBUG] Plateau detected at L=-4.731425e+03, not replacing live point.
15:15:21 [ultranest] [DEBUG] Plateau detected at L=-4.731425e+03, not replacing live point.
15:15:21 [ultranest] [DEBUG] Plateau detected at L=-4.731425e+03, not replacing live point.
15:15:21 [ultranest] [DEBUG] Plateau detected at L=-4.731425e+03, not replacing live point.
15:15:21 [ultranest] [DEBUG] Plateau detected at L=-4.731425e+03, not replacing live point.
15:15:21 [ultranest] [DEBUG] Plateau detected at L=-4.731425e+03, not replacing live point.
15:15:21 [ultranest] [DEBUG] Plateau detected at L=-4.731425e+03, not replacing live point.
15:15:21 [ultranest] [DEBUG] Plateau detected at L=-4.731425e+03, not replacing live point.
15:15:21 [ultranest] [DEBUG] Plateau detected at L=-4.731425e+03, not replacing live point.
15:15:21 [ultranest] [DEBUG] Plateau detected at L=-4.731425e+03, not replacing live point.
15:15:21 [ultranest] [DEBUG] Plateau detected at L=-4.731425e+03, not replacing live point.
15:15:21 [ultranest] [DEBUG] Plateau detected at L=-4.731425e+03, not replacing live point.
15:15:21 [ultranest] [DEBUG] Plateau detected at L=-4.731425e+03, not replacing live point.
15:15:21 [ultranest] [DEBUG] Plateau detected at L=-4.731425e+03, not replacing live point.
15:15:21 [ultranest] [DEBUG] Plateau detected at L=-4.731425e+03, not replacing live point.
15:15:21 [ultranest] [DEBUG] Plateau detected at L=-4.731425e+03, not replacing live point.
15:15:21 [ultranest] [DEBUG] Plateau detected at L=-4.731425e+03, not replacing live point.
15:15:21 [ultranest] [DEBUG] Plateau detected at L=-4.731425e+03, not replacing live point.
15:15:21 [ultranest] [DEBUG] Plateau detected at L=-4.731425e+03, not replacing live point.
15:15:21 [ultranest] [DEBUG] Plateau detected at L=-4.731425e+03, not replacing live point.
15:15:21 [ultranest] [DEBUG] Plateau detected at L=-4.731425e+03, not replacing live point.
15:15:21 [ultranest] [DEBUG] Plateau detected at L=-4.731425e+03, not replacing live point.
15:15:21 [ultranest] [DEBUG] Plateau detected at L=-4.731425e+03, not replacing live point.
15:15:21 [ultranest] [DEBUG] Plateau detected at L=-4.731425e+03, not replacing live point.
15:15:21 [ultranest] [DEBUG] Plateau detected at L=-4.731425e+03, not replacing live point.
15:15:21 [ultranest] [DEBUG] Plateau detected at L=-4.731425e+03, not replacing live point.
15:15:21 [ultranest] [DEBUG] Plateau detected at L=-4.731425e+03, not replacing live point.
15:15:21 [ultranest] [DEBUG] Plateau detected at L=-4.731425e+03, not replacing live point.
15:15:21 [ultranest] [DEBUG] Plateau detected at L=-4.731425e+03, not replacing live point.
15:15:21 [ultranest] [DEBUG] Plateau detected at L=-4.731425e+03, not replacing live point.
15:15:21 [ultranest] [DEBUG] Plateau detected at L=-4.731425e+03, not replacing live point.
15:15:21 [ultranest] [DEBUG] Plateau detected at L=-4.731425e+03, not replacing live point.
15:15:21 [ultranest] [DEBUG] Plateau detected at L=-4.731425e+03, not replacing live point.
15:15:21 [ultranest] [DEBUG] Plateau detected at L=-4.731425e+03, not replacing live point.
15:15:21 [ultranest] [DEBUG] Plateau detected at L=-4.731425e+03, not replacing live point.
15:15:21 [ultranest] [DEBUG] Plateau detected at L=-4.731425e+03, not replacing live point.
15:15:21 [ultranest] [DEBUG] Plateau detected at L=-4.731425e+03, not replacing live point.
15:15:21 [ultranest] [DEBUG] Plateau detected at L=-4.731425e+03, not replacing live point.
15:15:21 [ultranest] [DEBUG] Plateau detected at L=-4.731425e+03, not replacing live point.
15:15:21 [ultranest] [DEBUG] Plateau detected at L=-4.731425e+03, not replacing live point.
15:15:21 [ultranest] [DEBUG] Plateau detected at L=-4.731425e+03, not replacing live point.
15:15:21 [ultranest] [DEBUG] Plateau detected at L=-4.731425e+03, not replacing live point.
15:15:21 [ultranest] [DEBUG] Plateau detected at L=-4.731425e+03, not replacing live point.
15:15:21 [ultranest] [DEBUG] Plateau detected at L=-4.731425e+03, not replacing live point.
15:15:21 [ultranest] [DEBUG] Plateau detected at L=-4.731425e+03, not replacing live point.
15:15:21 [ultranest] [DEBUG] Plateau detected at L=-4.731425e+03, not replacing live point.
15:15:21 [ultranest] [DEBUG] Plateau detected at L=-4.731425e+03, not replacing live point.
15:15:21 [ultranest] [DEBUG] Plateau detected at L=-4.731425e+03, not replacing live point.
15:15:21 [ultranest] [DEBUG] Plateau detected at L=-4.731425e+03, not replacing live point.
15:15:21 [ultranest] [DEBUG] Plateau detected at L=-4.731425e+03, not replacing live point.
15:15:21 [ultranest] [DEBUG] Plateau detected at L=-4.731425e+03, not replacing live point.
15:15:21 [ultranest] [DEBUG] Plateau detected at L=-4.731425e+03, not replacing live point.
15:15:21 [ultranest] [DEBUG] Plateau detected at L=-4.731425e+03, not replacing live point.
15:15:21 [ultranest] [DEBUG] Plateau detected at L=-4.731425e+03, not replacing live point.
15:15:21 [ultranest] [DEBUG] Plateau detected at L=-4.731425e+03, not replacing live point.
15:15:21 [ultranest] [DEBUG] Plateau detected at L=-4.731425e+03, not replacing live point.
15:15:21 [ultranest] [DEBUG] Plateau detected at L=-4.731425e+03, not replacing live point.
15:15:21 [ultranest] [DEBUG] Plateau detected at L=-4.731425e+03, not replacing live point.
15:15:21 [ultranest] [DEBUG] Plateau detected at L=-4.731425e+03, not replacing live point.
15:15:21 [ultranest] [DEBUG] Plateau detected at L=-4.731425e+03, not replacing live point.
15:15:21 [ultranest] [DEBUG] Plateau detected at L=-4.731425e+03, not replacing live point.
15:15:21 [ultranest] [DEBUG] Plateau detected at L=-4.731425e+03, not replacing live point.
15:15:21 [ultranest] [DEBUG] Plateau detected at L=-4.731425e+03, not replacing live point.
15:15:21 [ultranest] [DEBUG] Plateau detected at L=-4.731425e+03, not replacing live point.
15:15:21 [ultranest] [DEBUG] Plateau detected at L=-4.731425e+03, not replacing live point.
15:15:21 [ultranest] [DEBUG] Plateau detected at L=-4.731425e+03, not replacing live point.
15:15:21 [ultranest] [DEBUG] Plateau detected at L=-4.731425e+03, not replacing live point.
15:15:21 [ultranest] [DEBUG] Plateau detected at L=-4.731425e+03, not replacing live point.
15:15:21 [ultranest] [DEBUG] Plateau detected at L=-4.731425e+03, not replacing live point.
15:15:21 [ultranest] [DEBUG] Plateau detected at L=-4.731425e+03, not replacing live point.
15:15:21 [ultranest] [DEBUG] Plateau detected at L=-4.731425e+03, not replacing live point.
15:15:21 [ultranest] [DEBUG] Plateau detected at L=-4.731425e+03, not replacing live point.
15:15:21 [ultranest] [DEBUG] Plateau detected at L=-4.731425e+03, not replacing live point.
15:15:21 [ultranest] [DEBUG] Plateau detected at L=-4.731425e+03, not replacing live point.
15:15:21 [ultranest] [DEBUG] Plateau detected at L=-4.731425e+03, not replacing live point.
15:15:21 [ultranest] [DEBUG] Plateau detected at L=-4.731425e+03, not replacing live point.
15:15:21 [ultranest] [DEBUG] Plateau detected at L=-4.731425e+03, not replacing live point.
15:15:21 [ultranest] [DEBUG] Plateau detected at L=-4.731425e+03, not replacing live point.
15:15:21 [ultranest] [DEBUG] Plateau detected at L=-4.731425e+03, not replacing live point.
15:15:21 [ultranest] [DEBUG] Plateau detected at L=-4.731425e+03, not replacing live point.
15:15:21 [ultranest] [DEBUG] Plateau detected at L=-4.731425e+03, not replacing live point.
15:15:21 [ultranest] [DEBUG] Plateau detected at L=-4.731425e+03, not replacing live point.
15:15:21 [ultranest] [DEBUG] Plateau detected at L=-4.731425e+03, not replacing live point.
15:15:21 [ultranest] [DEBUG] Plateau detected at L=-4.731425e+03, not replacing live point.
15:15:21 [ultranest] [DEBUG] Plateau detected at L=-4.731425e+03, not replacing live point.
15:15:21 [ultranest] [DEBUG] Plateau detected at L=-4.731425e+03, not replacing live point.
15:15:21 [ultranest] [DEBUG] Plateau detected at L=-4.731425e+03, not replacing live point.
15:15:21 [ultranest] [DEBUG] Plateau detected at L=-4.731425e+03, not replacing live point.
15:15:21 [ultranest] [DEBUG] Plateau detected at L=-4.731425e+03, not replacing live point.
15:15:21 [ultranest] [DEBUG] Plateau detected at L=-4.731425e+03, not replacing live point.
15:15:21 [ultranest] [DEBUG] Plateau detected at L=-4.731425e+03, not replacing live point.
15:15:21 [ultranest] [DEBUG] Plateau detected at L=-4.731425e+03, not replacing live point.
15:15:21 [ultranest] [DEBUG] Plateau detected at L=-4.731425e+03, not replacing live point.
15:15:21 [ultranest] [DEBUG] Plateau detected at L=-4.731425e+03, not replacing live point.
15:15:21 [ultranest] [DEBUG] Plateau detected at L=-4.731425e+03, not replacing live point.
15:15:21 [ultranest] [DEBUG] Plateau detected at L=-4.731425e+03, not replacing live point.
15:15:21 [ultranest] [DEBUG] Plateau detected at L=-4.731425e+03, not replacing live point.
15:15:21 [ultranest] [DEBUG] Plateau detected at L=-4.731425e+03, not replacing live point.
15:15:21 [ultranest] [DEBUG] Plateau detected at L=-4.731425e+03, not replacing live point.
15:15:21 [ultranest] [DEBUG] Plateau detected at L=-4.731425e+03, not replacing live point.
15:15:21 [ultranest] [DEBUG] Plateau detected at L=-4.731425e+03, not replacing live point.
15:15:21 [ultranest] [DEBUG] Plateau detected at L=-4.731425e+03, not replacing live point.
15:15:21 [ultranest] [DEBUG] Plateau detected at L=-4.731425e+03, not replacing live point.
15:15:21 [ultranest] [DEBUG] Plateau detected at L=-4.731425e+03, not replacing live point.
15:15:21 [ultranest] [DEBUG] Plateau detected at L=-4.731425e+03, not replacing live point.
15:15:21 [ultranest] [DEBUG] Plateau detected at L=-4.731425e+03, not replacing live point.
15:15:21 [ultranest] [DEBUG] Plateau detected at L=-4.731425e+03, not replacing live point.
15:15:21 [ultranest] [DEBUG] Plateau detected at L=-4.731425e+03, not replacing live point.
15:15:21 [ultranest] [DEBUG] Plateau detected at L=-4.731425e+03, not replacing live point.
15:15:21 [ultranest] [DEBUG] Plateau detected at L=-4.731425e+03, not replacing live point.
15:15:21 [ultranest] [DEBUG] Plateau detected at L=-4.731425e+03, not replacing live point.
15:15:21 [ultranest] [DEBUG] Plateau detected at L=-4.731425e+03, not replacing live point.
15:15:21 [ultranest] [DEBUG] Plateau detected at L=-4.731425e+03, not replacing live point.
15:15:21 [ultranest] [DEBUG] Plateau detected at L=-4.731425e+03, not replacing live point.
15:15:21 [ultranest] [DEBUG] Plateau detected at L=-4.731425e+03, not replacing live point.
15:15:21 [ultranest] [DEBUG] Plateau detected at L=-4.731425e+03, not replacing live point.
15:15:21 [ultranest] [DEBUG] Plateau detected at L=-4.731425e+03, not replacing live point.
15:15:21 [ultranest] [DEBUG] Plateau detected at L=-4.731425e+03, not replacing live point.
15:15:21 [ultranest] [DEBUG] Plateau detected at L=-4.731425e+03, not replacing live point.
15:15:21 [ultranest] [DEBUG] Plateau detected at L=-4.731425e+03, not replacing live point.
15:15:21 [ultranest] [DEBUG] Plateau detected at L=-4.731425e+03, not replacing live point.
15:15:21 [ultranest] [DEBUG] Plateau detected at L=-4.731425e+03, not replacing live point.
15:15:21 [ultranest] [DEBUG] Plateau detected at L=-4.731425e+03, not replacing live point.
15:15:21 [ultranest] [DEBUG] Plateau detected at L=-4.731425e+03, not replacing live point.
15:15:21 [ultranest] [DEBUG] Plateau detected at L=-4.731425e+03, not replacing live point.
15:15:21 [ultranest] [DEBUG] Plateau detected at L=-4.731425e+03, not replacing live point.
15:15:21 [ultranest] [DEBUG] Plateau detected at L=-4.731425e+03, not replacing live point.
15:15:21 [ultranest] [DEBUG] Plateau detected at L=-4.731425e+03, not replacing live point.
15:15:21 [ultranest] [DEBUG] Plateau detected at L=-4.731425e+03, not replacing live point.
15:15:21 [ultranest] [DEBUG] Plateau detected at L=-4.731425e+03, not replacing live point.
15:15:21 [ultranest] [DEBUG] Plateau detected at L=-4.731425e+03, not replacing live point.
15:15:21 [ultranest] [DEBUG] Plateau detected at L=-4.731425e+03, not replacing live point.
15:15:21 [ultranest] [DEBUG] Plateau detected at L=-4.731425e+03, not replacing live point.
15:15:21 [ultranest] [DEBUG] Plateau detected at L=-4.731425e+03, not replacing live point.
15:15:21 [ultranest] [DEBUG] Plateau detected at L=-4.731425e+03, not replacing live point.
15:15:21 [ultranest] [DEBUG] Plateau detected at L=-4.731425e+03, not replacing live point.
15:15:21 [ultranest] [DEBUG] Plateau detected at L=-4.731425e+03, not replacing live point.
15:15:21 [ultranest] [DEBUG] Plateau detected at L=-4.731425e+03, not replacing live point.
15:15:21 [ultranest] [DEBUG] Plateau detected at L=-4.731425e+03, not replacing live point.
15:15:21 [ultranest] [DEBUG] Plateau detected at L=-4.731425e+03, not replacing live point.
15:15:21 [ultranest] [DEBUG] Plateau detected at L=-4.731425e+03, not replacing live point.
15:15:21 [ultranest] [DEBUG] Plateau detected at L=-4.731425e+03, not replacing live point.
15:15:21 [ultranest] [DEBUG] Plateau detected at L=-4.731425e+03, not replacing live point.
15:15:21 [ultranest] [DEBUG] Plateau detected at L=-4.731425e+03, not replacing live point.
15:15:21 [ultranest] [DEBUG] Plateau detected at L=-4.731425e+03, not replacing live point.
15:15:21 [ultranest] [DEBUG] Plateau detected at L=-4.731425e+03, not replacing live point.
15:15:21 [ultranest] [DEBUG] Plateau detected at L=-4.731425e+03, not replacing live point.
15:15:21 [ultranest] [DEBUG] Plateau detected at L=-4.731425e+03, not replacing live point.
15:15:21 [ultranest] [DEBUG] Plateau detected at L=-4.731425e+03, not replacing live point.
15:15:21 [ultranest] [DEBUG] Plateau detected at L=-4.731425e+03, not replacing live point.
15:15:21 [ultranest] [DEBUG] Plateau detected at L=-4.731425e+03, not replacing live point.
15:15:21 [ultranest] [DEBUG] Plateau detected at L=-4.731425e+03, not replacing live point.
15:15:21 [ultranest] [DEBUG] Plateau detected at L=-4.731425e+03, not replacing live point.
15:15:21 [ultranest] [DEBUG] Plateau detected at L=-4.731425e+03, not replacing live point.
15:15:21 [ultranest] [DEBUG] Plateau detected at L=-4.731425e+03, not replacing live point.
15:15:21 [ultranest] [DEBUG] Plateau detected at L=-4.731425e+03, not replacing live point.
15:15:21 [ultranest] [DEBUG] Plateau detected at L=-4.731425e+03, not replacing live point.
15:15:21 [ultranest] [DEBUG] Plateau detected at L=-4.731425e+03, not replacing live point.
15:15:21 [ultranest] [DEBUG] Plateau detected at L=-4.731425e+03, not replacing live point.
15:15:21 [ultranest] [DEBUG] Plateau detected at L=-4.731425e+03, not replacing live point.
15:15:21 [ultranest] [DEBUG] Plateau detected at L=-4.731425e+03, not replacing live point.
15:15:21 [ultranest] [DEBUG] Plateau detected at L=-4.731425e+03, not replacing live point.
15:15:21 [ultranest] [DEBUG] Plateau detected at L=-4.731425e+03, not replacing live point.
15:15:21 [ultranest] [DEBUG] Plateau detected at L=-4.731425e+03, not replacing live point.
15:15:21 [ultranest] [DEBUG] Plateau detected at L=-4.731425e+03, not replacing live point.
15:15:21 [ultranest] [DEBUG] Plateau detected at L=-4.731425e+03, not replacing live point.
15:15:21 [ultranest] [DEBUG] Plateau detected at L=-4.731425e+03, not replacing live point.
15:15:21 [ultranest] [DEBUG] iteration=233, ncalls=440, regioncalls=1600, ndraw=40, logz=-4732.23, remainder_fraction=100.0000%, Lmin=-4731.42, Lmax=-301.93
15:15:22 [ultranest] [DEBUG] Plateau detected at L=-4.731425e+03, not replacing live point.
15:15:22 [ultranest] [DEBUG] iteration=240, ncalls=456, regioncalls=2240, ndraw=40, logz=-4732.20, remainder_fraction=100.0000%, Lmin=-4731.42, Lmax=-301.93
15:15:22 [ultranest] [DEBUG] iteration=261, ncalls=493, regioncalls=3720, ndraw=40, logz=-4732.10, remainder_fraction=100.0000%, Lmin=-4731.42, Lmax=-301.93
15:15:22 [ultranest] [DEBUG] iteration=280, ncalls=529, regioncalls=5160, ndraw=40, logz=-4732.04, remainder_fraction=100.0000%, Lmin=-4731.42, Lmax=-301.93
15:15:22 [ultranest] [DEBUG] iteration=302, ncalls=563, regioncalls=6520, ndraw=40, logz=-4731.97, remainder_fraction=100.0000%, Lmin=-4731.42, Lmax=-301.93
15:15:22 [ultranest] [DEBUG] iteration=320, ncalls=593, regioncalls=7720, ndraw=40, logz=-4731.92, remainder_fraction=100.0000%, Lmin=-4731.42, Lmax=-301.93
15:15:22 [ultranest] [DEBUG] iteration=344, ncalls=630, regioncalls=9200, ndraw=40, logz=-4731.87, remainder_fraction=100.0000%, Lmin=-4731.40, Lmax=-301.93
15:15:22 [ultranest] [DEBUG] iteration=360, ncalls=666, regioncalls=10640, ndraw=40, logz=-4731.83, remainder_fraction=100.0000%, Lmin=-4731.32, Lmax=-301.93
15:15:22 [ultranest] [DEBUG] iteration=378, ncalls=697, regioncalls=11880, ndraw=40, logz=-4731.80, remainder_fraction=100.0000%, Lmin=-4731.13, Lmax=-243.37
15:15:22 [ultranest] [DEBUG] iteration=396, ncalls=737, regioncalls=13480, ndraw=40, logz=-4731.75, remainder_fraction=100.0000%, Lmin=-4730.72, Lmax=-243.37
15:15:22 [ultranest] [DEBUG] iteration=400, ncalls=744, regioncalls=13760, ndraw=40, logz=-4731.74, remainder_fraction=100.0000%, Lmin=-4730.58, Lmax=-243.37
15:15:22 [ultranest] [DEBUG] iteration=419, ncalls=788, regioncalls=15520, ndraw=40, logz=-4731.62, remainder_fraction=100.0000%, Lmin=-4728.70, Lmax=-243.37
15:15:23 [ultranest] [DEBUG] iteration=437, ncalls=825, regioncalls=17000, ndraw=40, logz=-4729.85, remainder_fraction=100.0000%, Lmin=-4724.44, Lmax=-243.37
15:15:23 [ultranest] [DEBUG] iteration=440, ncalls=828, regioncalls=17120, ndraw=40, logz=-4728.93, remainder_fraction=100.0000%, Lmin=-4722.64, Lmax=-243.37
15:15:23 [ultranest] [DEBUG] iteration=457, ncalls=872, regioncalls=18880, ndraw=40, logz=-4719.88, remainder_fraction=100.0000%, Lmin=-4712.81, Lmax=-243.37
15:15:23 [ultranest] [DEBUG] iteration=470, ncalls=890, regioncalls=19600, ndraw=40, logz=-4699.96, remainder_fraction=100.0000%, Lmin=-4691.94, Lmax=-243.37
15:15:23 [ultranest] [DEBUG] iteration=480, ncalls=915, regioncalls=20600, ndraw=40, logz=-4687.42, remainder_fraction=100.0000%, Lmin=-4678.47, Lmax=-243.37
15:15:23 [ultranest] [DEBUG] iteration=498, ncalls=959, regioncalls=22360, ndraw=40, logz=-4637.21, remainder_fraction=100.0000%, Lmin=-4629.03, Lmax=-243.37
15:15:23 [ultranest] [DEBUG] iteration=513, ncalls=1007, regioncalls=24280, ndraw=40, logz=-4578.07, remainder_fraction=100.0000%, Lmin=-4570.09, Lmax=-243.37
15:15:23 [ultranest] [DEBUG] iteration=520, ncalls=1031, regioncalls=25240, ndraw=40, logz=-4553.87, remainder_fraction=100.0000%, Lmin=-4544.14, Lmax=-243.37
15:15:23 [ultranest] [DEBUG] iteration=532, ncalls=1081, regioncalls=27240, ndraw=40, logz=-4498.78, remainder_fraction=100.0000%, Lmin=-4463.05, Lmax=-243.37
15:15:23 [ultranest] [DEBUG] iteration=552, ncalls=1131, regioncalls=29240, ndraw=40, logz=-4390.19, remainder_fraction=100.0000%, Lmin=-4372.80, Lmax=-243.37
15:15:23 [ultranest] [DEBUG] iteration=560, ncalls=1162, regioncalls=30480, ndraw=40, logz=-4345.90, remainder_fraction=100.0000%, Lmin=-4334.89, Lmax=-243.37
15:15:23 [ultranest] [DEBUG] iteration=575, ncalls=1201, regioncalls=32040, ndraw=40, logz=-4273.10, remainder_fraction=100.0000%, Lmin=-4260.21, Lmax=-243.37
15:15:23 [ultranest] [DEBUG] iteration=592, ncalls=1247, regioncalls=33880, ndraw=40, logz=-4149.49, remainder_fraction=100.0000%, Lmin=-4124.99, Lmax=-243.37
15:15:24 [ultranest] [DEBUG] iteration=600, ncalls=1281, regioncalls=35240, ndraw=40, logz=-4076.90, remainder_fraction=100.0000%, Lmin=-4046.70, Lmax=-243.37
15:15:24 [ultranest] [DEBUG] iteration=616, ncalls=1322, regioncalls=36880, ndraw=40, logz=-3930.61, remainder_fraction=100.0000%, Lmin=-3920.71, Lmax=-243.37
15:15:24 [ultranest] [DEBUG] iteration=627, ncalls=1368, regioncalls=38720, ndraw=40, logz=-3852.73, remainder_fraction=100.0000%, Lmin=-3837.49, Lmax=-243.37
15:15:24 [ultranest] [DEBUG] iteration=640, ncalls=1408, regioncalls=40320, ndraw=40, logz=-3770.98, remainder_fraction=100.0000%, Lmin=-3757.50, Lmax=-243.37
15:15:24 [ultranest] [DEBUG] iteration=654, ncalls=1439, regioncalls=41560, ndraw=40, logz=-3571.29, remainder_fraction=100.0000%, Lmin=-3559.40, Lmax=-243.37
15:15:24 [ultranest] [DEBUG] iteration=672, ncalls=1479, regioncalls=43160, ndraw=40, logz=-3376.39, remainder_fraction=100.0000%, Lmin=-3349.88, Lmax=-243.37
15:15:24 [ultranest] [DEBUG] iteration=680, ncalls=1501, regioncalls=44040, ndraw=40, logz=-3264.87, remainder_fraction=100.0000%, Lmin=-3254.65, Lmax=-243.37
15:15:24 [ultranest] [DEBUG] iteration=698, ncalls=1545, regioncalls=45840, ndraw=40, logz=-2997.36, remainder_fraction=100.0000%, Lmin=-2987.45, Lmax=-222.11
15:15:24 [ultranest] [DEBUG] iteration=700, ncalls=1551, regioncalls=46080, ndraw=40, logz=-2993.08, remainder_fraction=100.0000%, Lmin=-2969.76, Lmax=-222.11
15:15:24 [ultranest] [DEBUG] iteration=720, ncalls=1581, regioncalls=47280, ndraw=40, logz=-2783.59, remainder_fraction=100.0000%, Lmin=-2760.24, Lmax=-222.11
15:15:24 [ultranest] [DEBUG] iteration=737, ncalls=1629, regioncalls=49320, ndraw=40, logz=-2664.86, remainder_fraction=100.0000%, Lmin=-2643.85, Lmax=-222.11
15:15:25 [ultranest] [DEBUG] iteration=749, ncalls=1671, regioncalls=51080, ndraw=40, logz=-2495.25, remainder_fraction=100.0000%, Lmin=-2450.76, Lmax=-222.11
15:15:25 [ultranest] [DEBUG] iteration=760, ncalls=1702, regioncalls=52320, ndraw=40, logz=-2317.50, remainder_fraction=100.0000%, Lmin=-2305.19, Lmax=-222.11
15:15:25 [ultranest] [DEBUG] iteration=777, ncalls=1747, regioncalls=54120, ndraw=40, logz=-2183.87, remainder_fraction=100.0000%, Lmin=-2150.60, Lmax=-222.11
15:15:25 [ultranest] [DEBUG] iteration=793, ncalls=1787, regioncalls=55720, ndraw=40, logz=-1991.17, remainder_fraction=100.0000%, Lmin=-1962.04, Lmax=-192.36
15:15:25 [ultranest] [DEBUG] iteration=800, ncalls=1807, regioncalls=56520, ndraw=40, logz=-1930.81, remainder_fraction=100.0000%, Lmin=-1907.95, Lmax=-192.36
15:15:25 [ultranest] [DEBUG] iteration=814, ncalls=1853, regioncalls=58360, ndraw=40, logz=-1801.57, remainder_fraction=100.0000%, Lmin=-1786.86, Lmax=-192.36
15:15:25 [ultranest] [DEBUG] iteration=834, ncalls=1895, regioncalls=60040, ndraw=40, logz=-1667.72, remainder_fraction=100.0000%, Lmin=-1657.84, Lmax=-192.36
15:15:25 [ultranest] [DEBUG] iteration=840, ncalls=1911, regioncalls=60680, ndraw=40, logz=-1647.33, remainder_fraction=100.0000%, Lmin=-1632.49, Lmax=-177.94
15:15:25 [ultranest] [DEBUG] iteration=853, ncalls=1953, regioncalls=62360, ndraw=40, logz=-1564.07, remainder_fraction=100.0000%, Lmin=-1550.80, Lmax=-177.94
15:15:25 [ultranest] [DEBUG] iteration=864, ncalls=2000, regioncalls=64240, ndraw=40, logz=-1510.73, remainder_fraction=100.0000%, Lmin=-1499.14, Lmax=-166.95
15:15:25 [ultranest] [DEBUG] iteration=875, ncalls=2047, regioncalls=66120, ndraw=40, logz=-1371.86, remainder_fraction=100.0000%, Lmin=-1351.15, Lmax=-166.95
15:15:25 [ultranest] [DEBUG] iteration=880, ncalls=2053, regioncalls=66360, ndraw=40, logz=-1341.47, remainder_fraction=100.0000%, Lmin=-1321.32, Lmax=-166.95
15:15:25 [ultranest] [DEBUG] clustering found some stray points [need_accept=False] (array([1, 2]), array([202,   1]))
15:15:26 [ultranest] [DEBUG] iteration=892, ncalls=2094, regioncalls=68000, ndraw=40, logz=-1289.65, remainder_fraction=100.0000%, Lmin=-1278.65, Lmax=-166.95
15:15:26 [ultranest] [DEBUG] iteration=906, ncalls=2141, regioncalls=69880, ndraw=40, logz=-1243.19, remainder_fraction=100.0000%, Lmin=-1230.78, Lmax=-160.47
15:15:26 [ultranest] [DEBUG] iteration=919, ncalls=2187, regioncalls=71720, ndraw=40, logz=-1170.59, remainder_fraction=100.0000%, Lmin=-1144.22, Lmax=-160.47
15:15:26 [ultranest] [DEBUG] iteration=920, ncalls=2198, regioncalls=72160, ndraw=40, logz=-1153.69, remainder_fraction=100.0000%, Lmin=-1137.83, Lmax=-160.47
15:15:26 [ultranest] [DEBUG] iteration=937, ncalls=2238, regioncalls=73760, ndraw=40, logz=-1064.14, remainder_fraction=100.0000%, Lmin=-1051.20, Lmax=-160.47
15:15:26 [ultranest] [DEBUG] iteration=950, ncalls=2289, regioncalls=75800, ndraw=40, logz=-981.42, remainder_fraction=100.0000%, Lmin=-966.22, Lmax=-160.47
15:15:26 [ultranest] [DEBUG] iteration=960, ncalls=2332, regioncalls=77520, ndraw=40, logz=-921.54, remainder_fraction=100.0000%, Lmin=-910.08, Lmax=-160.47
15:15:26 [ultranest] [DEBUG] iteration=972, ncalls=2382, regioncalls=79520, ndraw=40, logz=-874.61, remainder_fraction=100.0000%, Lmin=-863.63, Lmax=-160.47
15:15:26 [ultranest] [DEBUG] iteration=985, ncalls=2420, regioncalls=81040, ndraw=40, logz=-828.93, remainder_fraction=100.0000%, Lmin=-818.82, Lmax=-160.47
15:15:26 [ultranest] [DEBUG] iteration=1000, ncalls=2466, regioncalls=82880, ndraw=40, logz=-782.81, remainder_fraction=100.0000%, Lmin=-769.50, Lmax=-160.47
15:15:26 [ultranest] [DEBUG] iteration=1008, ncalls=2518, regioncalls=84960, ndraw=40, logz=-751.28, remainder_fraction=100.0000%, Lmin=-740.22, Lmax=-160.47
15:15:27 [ultranest] [DEBUG] iteration=1017, ncalls=2568, regioncalls=86960, ndraw=40, logz=-732.46, remainder_fraction=100.0000%, Lmin=-723.05, Lmax=-160.47
15:15:27 [ultranest] [DEBUG] iteration=1022, ncalls=2592, regioncalls=88000, ndraw=40, logz=-727.02, remainder_fraction=100.0000%, Lmin=-714.00, Lmax=-160.47
15:15:27 [ultranest] [DEBUG] iteration=1036, ncalls=2636, regioncalls=89760, ndraw=40, logz=-704.89, remainder_fraction=100.0000%, Lmin=-690.50, Lmax=-160.47
15:15:27 [ultranest] [DEBUG] iteration=1040, ncalls=2643, regioncalls=90040, ndraw=40, logz=-693.84, remainder_fraction=100.0000%, Lmin=-681.78, Lmax=-160.47
15:15:27 [ultranest] [DEBUG] iteration=1060, ncalls=2692, regioncalls=92000, ndraw=40, logz=-643.54, remainder_fraction=100.0000%, Lmin=-632.97, Lmax=-160.47
15:15:27 [ultranest] [DEBUG] iteration=1071, ncalls=2736, regioncalls=93760, ndraw=40, logz=-626.69, remainder_fraction=100.0000%, Lmin=-613.89, Lmax=-160.47
15:15:27 [ultranest] [DEBUG] iteration=1080, ncalls=2769, regioncalls=95080, ndraw=40, logz=-613.26, remainder_fraction=100.0000%, Lmin=-600.07, Lmax=-160.47
15:15:27 [ultranest] [DEBUG] iteration=1095, ncalls=2817, regioncalls=97000, ndraw=40, logz=-580.95, remainder_fraction=100.0000%, Lmin=-568.93, Lmax=-160.47
15:15:27 [ultranest] [DEBUG] iteration=1108, ncalls=2864, regioncalls=98880, ndraw=40, logz=-555.04, remainder_fraction=100.0000%, Lmin=-544.28, Lmax=-160.47
15:15:27 [ultranest] [DEBUG] clustering found some stray points [need_accept=False] (array([1, 2]), array([202,   1]))
15:15:27 [ultranest] [DEBUG] iteration=1117, ncalls=2910, regioncalls=100720, ndraw=40, logz=-536.63, remainder_fraction=100.0000%, Lmin=-523.84, Lmax=-160.47
15:15:27 [ultranest] [DEBUG] iteration=1120, ncalls=2919, regioncalls=101080, ndraw=40, logz=-532.56, remainder_fraction=100.0000%, Lmin=-522.02, Lmax=-160.47
15:15:28 [ultranest] [DEBUG] iteration=1132, ncalls=2974, regioncalls=103280, ndraw=40, logz=-521.50, remainder_fraction=100.0000%, Lmin=-505.65, Lmax=-160.47
15:15:28 [ultranest] [DEBUG] iteration=1144, ncalls=3022, regioncalls=105200, ndraw=40, logz=-502.46, remainder_fraction=100.0000%, Lmin=-491.79, Lmax=-160.47
15:15:28 [ultranest] [DEBUG] iteration=1151, ncalls=3071, regioncalls=107160, ndraw=40, logz=-498.90, remainder_fraction=100.0000%, Lmin=-488.58, Lmax=-160.47
15:15:28 [ultranest] [DEBUG] iteration=1160, ncalls=3111, regioncalls=108760, ndraw=40, logz=-488.78, remainder_fraction=100.0000%, Lmin=-478.33, Lmax=-160.47
15:15:28 [ultranest] [DEBUG] iteration=1173, ncalls=3154, regioncalls=110480, ndraw=40, logz=-478.70, remainder_fraction=100.0000%, Lmin=-468.44, Lmax=-160.47
15:15:28 [ultranest] [DEBUG] iteration=1187, ncalls=3200, regioncalls=112320, ndraw=40, logz=-468.56, remainder_fraction=100.0000%, Lmin=-457.45, Lmax=-160.47
15:15:28 [ultranest] [DEBUG] iteration=1197, ncalls=3251, regioncalls=114360, ndraw=40, logz=-455.51, remainder_fraction=100.0000%, Lmin=-444.79, Lmax=-160.47
15:15:28 [ultranest] [DEBUG] iteration=1200, ncalls=3269, regioncalls=115080, ndraw=40, logz=-453.30, remainder_fraction=100.0000%, Lmin=-442.58, Lmax=-160.47
15:15:28 [ultranest] [DEBUG] clustering found some stray points [need_accept=False] (array([1, 2]), array([202,   1]))
15:15:28 [ultranest] [DEBUG] iteration=1208, ncalls=3315, regioncalls=116920, ndraw=40, logz=-445.30, remainder_fraction=100.0000%, Lmin=-435.21, Lmax=-160.47
15:15:28 [ultranest] [DEBUG] iteration=1219, ncalls=3358, regioncalls=118640, ndraw=40, logz=-436.75, remainder_fraction=100.0000%, Lmin=-425.10, Lmax=-160.47
15:15:28 [ultranest] [DEBUG] iteration=1230, ncalls=3406, regioncalls=120560, ndraw=40, logz=-427.55, remainder_fraction=100.0000%, Lmin=-416.33, Lmax=-160.47
15:15:29 [ultranest] [DEBUG] iteration=1238, ncalls=3458, regioncalls=122640, ndraw=40, logz=-419.97, remainder_fraction=100.0000%, Lmin=-407.90, Lmax=-160.47
15:15:29 [ultranest] [DEBUG] iteration=1240, ncalls=3473, regioncalls=123240, ndraw=40, logz=-417.51, remainder_fraction=100.0000%, Lmin=-404.75, Lmax=-160.47
15:15:29 [ultranest] [DEBUG] iteration=1246, ncalls=3520, regioncalls=125120, ndraw=40, logz=-411.06, remainder_fraction=100.0000%, Lmin=-400.43, Lmax=-160.47
15:15:29 [ultranest] [DEBUG] iteration=1252, ncalls=3540, regioncalls=125960, ndraw=40, logz=-407.59, remainder_fraction=100.0000%, Lmin=-395.83, Lmax=-160.47
15:15:29 [ultranest] [DEBUG] iteration=1273, ncalls=3580, regioncalls=127560, ndraw=40, logz=-394.65, remainder_fraction=100.0000%, Lmin=-383.62, Lmax=-149.19
15:15:29 [ultranest] [DEBUG] iteration=1280, ncalls=3595, regioncalls=128160, ndraw=40, logz=-386.70, remainder_fraction=100.0000%, Lmin=-375.46, Lmax=-149.19
15:15:29 [ultranest] [DEBUG] iteration=1294, ncalls=3643, regioncalls=130080, ndraw=40, logz=-375.97, remainder_fraction=100.0000%, Lmin=-365.00, Lmax=-149.19
15:15:29 [ultranest] [DEBUG] iteration=1308, ncalls=3682, regioncalls=131640, ndraw=40, logz=-363.78, remainder_fraction=100.0000%, Lmin=-351.44, Lmax=-149.19
15:15:29 [ultranest] [DEBUG] iteration=1320, ncalls=3716, regioncalls=133000, ndraw=40, logz=-357.04, remainder_fraction=100.0000%, Lmin=-345.73, Lmax=-149.19
15:15:29 [ultranest] [DEBUG] iteration=1337, ncalls=3773, regioncalls=135280, ndraw=40, logz=-346.50, remainder_fraction=100.0000%, Lmin=-334.84, Lmax=-149.19
15:15:29 [ultranest] [DEBUG] iteration=1353, ncalls=3813, regioncalls=136880, ndraw=40, logz=-330.02, remainder_fraction=100.0000%, Lmin=-318.75, Lmax=-149.19
15:15:29 [ultranest] [DEBUG] iteration=1360, ncalls=3850, regioncalls=138360, ndraw=40, logz=-325.26, remainder_fraction=100.0000%, Lmin=-313.26, Lmax=-149.19
15:15:30 [ultranest] [DEBUG] iteration=1370, ncalls=3901, regioncalls=140400, ndraw=40, logz=-319.73, remainder_fraction=100.0000%, Lmin=-308.86, Lmax=-149.19
15:15:30 [ultranest] [DEBUG] iteration=1382, ncalls=3948, regioncalls=142280, ndraw=40, logz=-314.37, remainder_fraction=100.0000%, Lmin=-303.54, Lmax=-149.19
15:15:30 [ultranest] [DEBUG] iteration=1390, ncalls=3968, regioncalls=143200, ndraw=40, logz=-310.92, remainder_fraction=100.0000%, Lmin=-298.13, Lmax=-149.19
15:15:30 [ultranest] [DEBUG] iteration=1400, ncalls=3998, regioncalls=144400, ndraw=40, logz=-302.22, remainder_fraction=100.0000%, Lmin=-291.34, Lmax=-149.19
15:15:30 [ultranest] [DEBUG] iteration=1414, ncalls=4042, regioncalls=146160, ndraw=40, logz=-296.58, remainder_fraction=100.0000%, Lmin=-285.75, Lmax=-149.19
15:15:30 [ultranest] [DEBUG] iteration=1428, ncalls=4089, regioncalls=148040, ndraw=40, logz=-290.51, remainder_fraction=100.0000%, Lmin=-279.51, Lmax=-149.19
15:15:30 [ultranest] [DEBUG] iteration=1436, ncalls=4110, regioncalls=149080, ndraw=40, logz=-288.04, remainder_fraction=100.0000%, Lmin=-276.54, Lmax=-149.19
15:15:30 [ultranest] [DEBUG] iteration=1440, ncalls=4124, regioncalls=149640, ndraw=40, logz=-286.41, remainder_fraction=100.0000%, Lmin=-275.40, Lmax=-149.19
15:15:30 [ultranest] [DEBUG] iteration=1450, ncalls=4167, regioncalls=151360, ndraw=40, logz=-282.60, remainder_fraction=100.0000%, Lmin=-270.85, Lmax=-149.19
15:15:30 [ultranest] [DEBUG] iteration=1469, ncalls=4211, regioncalls=153120, ndraw=40, logz=-275.41, remainder_fraction=100.0000%, Lmin=-264.23, Lmax=-149.19
15:15:30 [ultranest] [DEBUG] iteration=1480, ncalls=4244, regioncalls=154440, ndraw=40, logz=-272.57, remainder_fraction=100.0000%, Lmin=-261.14, Lmax=-149.19
15:15:30 [ultranest] [DEBUG] iteration=1482, ncalls=4257, regioncalls=155000, ndraw=40, logz=-271.67, remainder_fraction=100.0000%, Lmin=-260.09, Lmax=-149.19
15:15:31 [ultranest] [DEBUG] iteration=1493, ncalls=4305, regioncalls=156920, ndraw=40, logz=-264.67, remainder_fraction=100.0000%, Lmin=-252.67, Lmax=-149.19
15:15:31 [ultranest] [DEBUG] iteration=1509, ncalls=4351, regioncalls=158760, ndraw=40, logz=-258.65, remainder_fraction=100.0000%, Lmin=-246.85, Lmax=-149.19
15:15:31 [ultranest] [DEBUG] iteration=1520, ncalls=4398, regioncalls=160640, ndraw=40, logz=-254.58, remainder_fraction=100.0000%, Lmin=-242.72, Lmax=-149.19
15:15:31 [ultranest] [DEBUG] iteration=1528, ncalls=4417, regioncalls=161440, ndraw=40, logz=-251.13, remainder_fraction=100.0000%, Lmin=-238.97, Lmax=-149.19
15:15:31 [ultranest] [DEBUG] iteration=1544, ncalls=4457, regioncalls=163040, ndraw=40, logz=-245.49, remainder_fraction=100.0000%, Lmin=-234.39, Lmax=-149.19
15:15:31 [ultranest] [DEBUG] iteration=1554, ncalls=4505, regioncalls=165200, ndraw=40, logz=-242.47, remainder_fraction=100.0000%, Lmin=-231.50, Lmax=-149.19
15:15:31 [ultranest] [DEBUG] iteration=1560, ncalls=4522, regioncalls=165880, ndraw=40, logz=-241.50, remainder_fraction=100.0000%, Lmin=-230.20, Lmax=-149.19
15:15:31 [ultranest] [DEBUG] iteration=1574, ncalls=4560, regioncalls=167440, ndraw=40, logz=-237.87, remainder_fraction=100.0000%, Lmin=-226.10, Lmax=-149.19
15:15:31 [ultranest] [DEBUG] iteration=1589, ncalls=4598, regioncalls=168960, ndraw=40, logz=-234.45, remainder_fraction=100.0000%, Lmin=-223.41, Lmax=-149.19
15:15:31 [ultranest] [DEBUG] iteration=1600, ncalls=4635, regioncalls=170440, ndraw=40, logz=-232.04, remainder_fraction=100.0000%, Lmin=-220.62, Lmax=-149.19
15:15:31 [ultranest] [DEBUG] iteration=1613, ncalls=4680, regioncalls=172240, ndraw=40, logz=-228.27, remainder_fraction=100.0000%, Lmin=-217.22, Lmax=-149.19
15:15:32 [ultranest] [DEBUG] iteration=1627, ncalls=4720, regioncalls=173840, ndraw=40, logz=-225.03, remainder_fraction=100.0000%, Lmin=-213.53, Lmax=-149.19
15:15:32 [ultranest] [DEBUG] iteration=1640, ncalls=4759, regioncalls=175400, ndraw=40, logz=-221.96, remainder_fraction=100.0000%, Lmin=-209.92, Lmax=-149.19
15:15:32 [ultranest] [DEBUG] iteration=1654, ncalls=4803, regioncalls=177200, ndraw=40, logz=-219.20, remainder_fraction=100.0000%, Lmin=-207.49, Lmax=-145.21
15:15:32 [ultranest] [DEBUG] iteration=1668, ncalls=4841, regioncalls=178720, ndraw=40, logz=-216.18, remainder_fraction=100.0000%, Lmin=-204.86, Lmax=-145.21
15:15:32 [ultranest] [DEBUG] iteration=1680, ncalls=4879, regioncalls=180320, ndraw=40, logz=-214.71, remainder_fraction=100.0000%, Lmin=-203.54, Lmax=-145.21
15:15:32 [ultranest] [DEBUG] iteration=1695, ncalls=4922, regioncalls=182040, ndraw=40, logz=-212.67, remainder_fraction=100.0000%, Lmin=-201.44, Lmax=-145.21
15:15:32 [ultranest] [DEBUG] iteration=1712, ncalls=4961, regioncalls=183640, ndraw=40, logz=-209.56, remainder_fraction=100.0000%, Lmin=-197.96, Lmax=-145.21
15:15:32 [ultranest] [DEBUG] iteration=1720, ncalls=4980, regioncalls=184400, ndraw=40, logz=-207.98, remainder_fraction=100.0000%, Lmin=-195.90, Lmax=-145.21
15:15:32 [ultranest] [DEBUG] iteration=1734, ncalls=5023, regioncalls=186120, ndraw=40, logz=-205.53, remainder_fraction=100.0000%, Lmin=-194.16, Lmax=-145.21
15:15:32 [ultranest] [DEBUG] iteration=1749, ncalls=5076, regioncalls=188240, ndraw=40, logz=-203.99, remainder_fraction=100.0000%, Lmin=-192.76, Lmax=-145.21
15:15:33 [ultranest] [DEBUG] iteration=1756, ncalls=5129, regioncalls=190360, ndraw=40, logz=-203.33, remainder_fraction=100.0000%, Lmin=-192.05, Lmax=-145.21
15:15:33 [ultranest] [DEBUG] iteration=1758, ncalls=5149, regioncalls=191200, ndraw=40, logz=-203.14, remainder_fraction=100.0000%, Lmin=-191.83, Lmax=-145.21
15:15:33 [ultranest] [DEBUG] iteration=1760, ncalls=5153, regioncalls=191360, ndraw=40, logz=-202.96, remainder_fraction=100.0000%, Lmin=-191.71, Lmax=-145.21
15:15:33 [ultranest] [DEBUG] iteration=1772, ncalls=5196, regioncalls=193080, ndraw=40, logz=-201.78, remainder_fraction=100.0000%, Lmin=-190.53, Lmax=-145.21
15:15:33 [ultranest] [DEBUG] iteration=1779, ncalls=5248, regioncalls=195160, ndraw=40, logz=-201.23, remainder_fraction=100.0000%, Lmin=-189.98, Lmax=-143.14
15:15:33 [ultranest] [DEBUG] iteration=1789, ncalls=5297, regioncalls=197120, ndraw=40, logz=-200.33, remainder_fraction=100.0000%, Lmin=-188.69, Lmax=-143.14
15:15:33 [ultranest] [DEBUG] iteration=1800, ncalls=5338, regioncalls=198760, ndraw=40, logz=-199.17, remainder_fraction=100.0000%, Lmin=-187.52, Lmax=-143.14
15:15:33 [ultranest] [DEBUG] iteration=1804, ncalls=5357, regioncalls=199560, ndraw=40, logz=-198.77, remainder_fraction=100.0000%, Lmin=-187.32, Lmax=-143.14
15:15:33 [ultranest] [DEBUG] iteration=1815, ncalls=5401, regioncalls=201320, ndraw=40, logz=-197.80, remainder_fraction=100.0000%, Lmin=-186.26, Lmax=-143.14
15:15:33 [ultranest] [DEBUG] iteration=1823, ncalls=5458, regioncalls=203600, ndraw=40, logz=-197.09, remainder_fraction=100.0000%, Lmin=-185.49, Lmax=-143.14
15:15:33 [ultranest] [DEBUG] iteration=1833, ncalls=5507, regioncalls=205560, ndraw=40, logz=-196.15, remainder_fraction=100.0000%, Lmin=-184.23, Lmax=-143.14
15:15:33 [ultranest] [DEBUG] iteration=1840, ncalls=5535, regioncalls=206680, ndraw=40, logz=-195.36, remainder_fraction=100.0000%, Lmin=-183.34, Lmax=-143.14
15:15:34 [ultranest] [DEBUG] iteration=1850, ncalls=5585, regioncalls=208760, ndraw=40, logz=-194.33, remainder_fraction=100.0000%, Lmin=-182.63, Lmax=-143.14
15:15:34 [ultranest] [DEBUG] iteration=1862, ncalls=5627, regioncalls=210440, ndraw=40, logz=-193.33, remainder_fraction=100.0000%, Lmin=-181.60, Lmax=-143.14
15:15:34 [ultranest] [DEBUG] iteration=1871, ncalls=5681, regioncalls=212600, ndraw=40, logz=-192.66, remainder_fraction=100.0000%, Lmin=-181.23, Lmax=-143.14
15:15:34 [ultranest] [DEBUG] iteration=1876, ncalls=5733, regioncalls=214680, ndraw=40, logz=-192.28, remainder_fraction=100.0000%, Lmin=-180.73, Lmax=-143.14
15:15:34 [ultranest] [DEBUG] iteration=1880, ncalls=5745, regioncalls=215160, ndraw=40, logz=-191.98, remainder_fraction=100.0000%, Lmin=-180.24, Lmax=-143.14
15:15:34 [ultranest] [DEBUG] iteration=1890, ncalls=5816, regioncalls=218000, ndraw=40, logz=-191.24, remainder_fraction=100.0000%, Lmin=-179.73, Lmax=-143.14
15:15:34 [ultranest] [DEBUG] iteration=1896, ncalls=5855, regioncalls=219640, ndraw=40, logz=-190.82, remainder_fraction=100.0000%, Lmin=-179.19, Lmax=-143.14
15:15:34 [ultranest] [DEBUG] iteration=1903, ncalls=5907, regioncalls=221720, ndraw=40, logz=-190.36, remainder_fraction=100.0000%, Lmin=-178.85, Lmax=-143.14
15:15:34 [ultranest] [DEBUG] iteration=1913, ncalls=5961, regioncalls=223880, ndraw=40, logz=-189.70, remainder_fraction=100.0000%, Lmin=-178.01, Lmax=-143.14
15:15:34 [ultranest] [DEBUG] iteration=1920, ncalls=5993, regioncalls=225160, ndraw=40, logz=-189.23, remainder_fraction=100.0000%, Lmin=-177.37, Lmax=-143.14
15:15:35 [ultranest] [DEBUG] iteration=1927, ncalls=6046, regioncalls=227280, ndraw=40, logz=-188.68, remainder_fraction=100.0000%, Lmin=-176.89, Lmax=-143.14
15:15:35 [ultranest] [DEBUG] iteration=1937, ncalls=6097, regioncalls=229320, ndraw=40, logz=-188.07, remainder_fraction=100.0000%, Lmin=-176.30, Lmax=-143.14
15:15:35 [ultranest] [DEBUG] iteration=1942, ncalls=6117, regioncalls=230160, ndraw=40, logz=-187.76, remainder_fraction=100.0000%, Lmin=-176.08, Lmax=-143.14
15:15:35 [ultranest] [DEBUG] iteration=1951, ncalls=6165, regioncalls=232080, ndraw=40, logz=-187.12, remainder_fraction=100.0000%, Lmin=-175.17, Lmax=-143.14
15:15:35 [ultranest] [DEBUG] iteration=1960, ncalls=6195, regioncalls=233280, ndraw=40, logz=-186.46, remainder_fraction=100.0000%, Lmin=-174.45, Lmax=-142.89
15:15:35 [ultranest] [DEBUG] iteration=1974, ncalls=6243, regioncalls=235200, ndraw=40, logz=-185.23, remainder_fraction=100.0000%, Lmin=-172.89, Lmax=-142.47
15:15:35 [ultranest] [DEBUG] iteration=1988, ncalls=6267, regioncalls=236200, ndraw=40, logz=-184.01, remainder_fraction=100.0000%, Lmin=-171.75, Lmax=-142.47
15:15:35 [ultranest] [DEBUG] iteration=2000, ncalls=6296, regioncalls=237360, ndraw=40, logz=-183.20, remainder_fraction=100.0000%, Lmin=-171.20, Lmax=-141.57
15:15:35 [ultranest] [DEBUG] iteration=2016, ncalls=6338, regioncalls=239040, ndraw=40, logz=-182.04, remainder_fraction=100.0000%, Lmin=-169.78, Lmax=-141.57
15:15:35 [ultranest] [DEBUG] iteration=2035, ncalls=6376, regioncalls=240560, ndraw=40, logz=-180.81, remainder_fraction=100.0000%, Lmin=-168.76, Lmax=-141.57
15:15:35 [ultranest] [DEBUG] iteration=2040, ncalls=6396, regioncalls=241360, ndraw=40, logz=-180.51, remainder_fraction=100.0000%, Lmin=-168.32, Lmax=-141.57
15:15:35 [ultranest] [DEBUG] iteration=2059, ncalls=6436, regioncalls=242960, ndraw=40, logz=-179.25, remainder_fraction=100.0000%, Lmin=-166.85, Lmax=-141.57
15:15:36 [ultranest] [DEBUG] iteration=2078, ncalls=6482, regioncalls=244800, ndraw=40, logz=-177.82, remainder_fraction=100.0000%, Lmin=-165.20, Lmax=-141.57
15:15:36 [ultranest] [DEBUG] iteration=2080, ncalls=6485, regioncalls=244960, ndraw=40, logz=-177.67, remainder_fraction=100.0000%, Lmin=-165.03, Lmax=-141.57
15:15:36 [ultranest] [DEBUG] iteration=2096, ncalls=6527, regioncalls=246640, ndraw=40, logz=-176.58, remainder_fraction=100.0000%, Lmin=-164.07, Lmax=-141.57
15:15:36 [ultranest] [DEBUG] iteration=2112, ncalls=6569, regioncalls=248320, ndraw=40, logz=-175.26, remainder_fraction=100.0000%, Lmin=-162.53, Lmax=-141.57
15:15:36 [ultranest] [DEBUG] iteration=2120, ncalls=6586, regioncalls=249000, ndraw=40, logz=-174.76, remainder_fraction=100.0000%, Lmin=-162.20, Lmax=-141.57
15:15:36 [ultranest] [DEBUG] iteration=2132, ncalls=6632, regioncalls=250840, ndraw=40, logz=-174.06, remainder_fraction=100.0000%, Lmin=-161.61, Lmax=-141.57
15:15:36 [ultranest] [DEBUG] iteration=2146, ncalls=6674, regioncalls=252520, ndraw=40, logz=-173.16, remainder_fraction=100.0000%, Lmin=-160.40, Lmax=-141.57
15:15:36 [ultranest] [DEBUG] iteration=2156, ncalls=6723, regioncalls=254560, ndraw=40, logz=-172.56, remainder_fraction=100.0000%, Lmin=-159.90, Lmax=-141.57
15:15:36 [ultranest] [DEBUG] iteration=2160, ncalls=6730, regioncalls=254840, ndraw=40, logz=-172.35, remainder_fraction=100.0000%, Lmin=-159.79, Lmax=-141.57
15:15:36 [ultranest] [DEBUG] iteration=2178, ncalls=6769, regioncalls=256400, ndraw=40, logz=-171.47, remainder_fraction=100.0000%, Lmin=-158.92, Lmax=-141.57
15:15:36 [ultranest] [DEBUG] iteration=2196, ncalls=6809, regioncalls=258000, ndraw=40, logz=-170.76, remainder_fraction=100.0000%, Lmin=-158.16, Lmax=-141.57
15:15:36 [ultranest] [DEBUG] iteration=2200, ncalls=6816, regioncalls=258280, ndraw=40, logz=-170.59, remainder_fraction=100.0000%, Lmin=-157.96, Lmax=-141.57
15:15:36 [ultranest] [DEBUG] iteration=2210, ncalls=6865, regioncalls=260240, ndraw=40, logz=-170.17, remainder_fraction=100.0000%, Lmin=-157.44, Lmax=-141.57
15:15:37 [ultranest] [DEBUG] iteration=2218, ncalls=6884, regioncalls=261040, ndraw=40, logz=-169.82, remainder_fraction=99.9999%, Lmin=-157.07, Lmax=-141.57
15:15:37 [ultranest] [DEBUG] iteration=2239, ncalls=6922, regioncalls=262640, ndraw=40, logz=-168.93, remainder_fraction=99.9999%, Lmin=-156.03, Lmax=-140.72
15:15:37 [ultranest] [DEBUG] iteration=2240, ncalls=6925, regioncalls=262760, ndraw=40, logz=-168.89, remainder_fraction=99.9999%, Lmin=-156.03, Lmax=-140.72
15:15:37 [ultranest] [DEBUG] iteration=2258, ncalls=6969, regioncalls=264520, ndraw=40, logz=-168.07, remainder_fraction=99.9998%, Lmin=-155.02, Lmax=-140.72
15:15:37 [ultranest] [DEBUG] iteration=2264, ncalls=6990, regioncalls=265400, ndraw=40, logz=-167.80, remainder_fraction=99.9997%, Lmin=-154.92, Lmax=-140.72
15:15:37 [ultranest] [DEBUG] iteration=2280, ncalls=7022, regioncalls=266680, ndraw=40, logz=-167.16, remainder_fraction=99.9995%, Lmin=-154.20, Lmax=-140.72
15:15:37 [ultranest] [DEBUG] iteration=2299, ncalls=7063, regioncalls=268320, ndraw=40, logz=-166.39, remainder_fraction=99.9989%, Lmin=-153.27, Lmax=-140.72
15:15:37 [ultranest] [DEBUG] iteration=2316, ncalls=7102, regioncalls=269880, ndraw=40, logz=-165.69, remainder_fraction=99.9976%, Lmin=-152.56, Lmax=-140.72
15:15:37 [ultranest] [DEBUG] iteration=2320, ncalls=7112, regioncalls=270280, ndraw=40, logz=-165.52, remainder_fraction=99.9971%, Lmin=-152.26, Lmax=-140.72
15:15:37 [ultranest] [DEBUG] iteration=2334, ncalls=7158, regioncalls=272160, ndraw=40, logz=-164.98, remainder_fraction=99.9947%, Lmin=-151.80, Lmax=-140.72
15:15:37 [ultranest] [DEBUG] iteration=2352, ncalls=7202, regioncalls=273920, ndraw=40, logz=-164.37, remainder_fraction=99.9899%, Lmin=-151.31, Lmax=-140.72
15:15:37 [ultranest] [DEBUG] iteration=2356, ncalls=7211, regioncalls=274360, ndraw=40, logz=-164.24, remainder_fraction=99.9882%, Lmin=-151.03, Lmax=-140.72
15:15:37 [ultranest] [DEBUG] iteration=2360, ncalls=7216, regioncalls=274560, ndraw=40, logz=-164.11, remainder_fraction=99.9863%, Lmin=-150.83, Lmax=-140.72
15:15:37 [ultranest] [DEBUG] iteration=2378, ncalls=7255, regioncalls=276120, ndraw=40, logz=-163.48, remainder_fraction=99.9735%, Lmin=-150.23, Lmax=-140.72
15:15:38 [ultranest] [DEBUG] iteration=2398, ncalls=7296, regioncalls=277760, ndraw=40, logz=-162.88, remainder_fraction=99.9485%, Lmin=-149.76, Lmax=-140.72
15:15:38 [ultranest] [DEBUG] iteration=2400, ncalls=7300, regioncalls=277920, ndraw=40, logz=-162.82, remainder_fraction=99.9453%, Lmin=-149.56, Lmax=-140.72
15:15:38 [ultranest] [DEBUG] iteration=2419, ncalls=7335, regioncalls=279320, ndraw=40, logz=-162.28, remainder_fraction=99.9066%, Lmin=-148.92, Lmax=-140.72
15:15:38 [ultranest] [DEBUG] iteration=2437, ncalls=7379, regioncalls=281080, ndraw=40, logz=-161.78, remainder_fraction=99.8631%, Lmin=-148.52, Lmax=-140.72
15:15:38 [ultranest] [DEBUG] iteration=2440, ncalls=7389, regioncalls=281480, ndraw=40, logz=-161.71, remainder_fraction=99.8505%, Lmin=-148.42, Lmax=-140.72
15:15:38 [ultranest] [DEBUG] iteration=2448, ncalls=7418, regioncalls=282680, ndraw=40, logz=-161.50, remainder_fraction=99.8121%, Lmin=-148.18, Lmax=-140.72
15:15:38 [ultranest] [DEBUG] iteration=2471, ncalls=7454, regioncalls=284120, ndraw=40, logz=-160.96, remainder_fraction=99.7047%, Lmin=-147.70, Lmax=-140.72
15:15:38 [ultranest] [DEBUG] iteration=2480, ncalls=7477, regioncalls=285040, ndraw=40, logz=-160.77, remainder_fraction=99.6387%, Lmin=-147.44, Lmax=-140.72
15:15:38 [ultranest] [DEBUG] iteration=2495, ncalls=7516, regioncalls=286600, ndraw=40, logz=-160.46, remainder_fraction=99.4792%, Lmin=-147.18, Lmax=-140.72
15:15:38 [ultranest] [DEBUG] iteration=2510, ncalls=7556, regioncalls=288200, ndraw=40, logz=-160.18, remainder_fraction=99.3046%, Lmin=-146.87, Lmax=-140.72
15:15:38 [ultranest] [DEBUG] iteration=2520, ncalls=7583, regioncalls=289280, ndraw=40, logz=-160.00, remainder_fraction=99.1445%, Lmin=-146.68, Lmax=-140.72
15:15:38 [ultranest] [DEBUG] iteration=2536, ncalls=7626, regioncalls=291000, ndraw=40, logz=-159.71, remainder_fraction=98.9058%, Lmin=-146.25, Lmax=-140.72
15:15:38 [ultranest] [DEBUG] iteration=2540, ncalls=7637, regioncalls=291480, ndraw=40, logz=-159.64, remainder_fraction=98.8052%, Lmin=-146.21, Lmax=-140.72
15:15:39 [ultranest] [DEBUG] iteration=2558, ncalls=7676, regioncalls=293040, ndraw=40, logz=-159.32, remainder_fraction=98.4204%, Lmin=-145.92, Lmax=-140.72
15:15:39 [ultranest] [DEBUG] iteration=2560, ncalls=7678, regioncalls=293120, ndraw=40, logz=-159.29, remainder_fraction=98.3672%, Lmin=-145.90, Lmax=-140.72
15:15:39 [ultranest] [DEBUG] iteration=2579, ncalls=7719, regioncalls=294760, ndraw=40, logz=-159.01, remainder_fraction=97.9108%, Lmin=-145.60, Lmax=-140.69
15:15:39 [ultranest] [DEBUG] iteration=2586, ncalls=7734, regioncalls=295400, ndraw=40, logz=-158.91, remainder_fraction=97.6923%, Lmin=-145.54, Lmax=-140.69
15:15:39 [ultranest] [DEBUG] iteration=2600, ncalls=7761, regioncalls=296520, ndraw=40, logz=-158.73, remainder_fraction=97.2028%, Lmin=-145.38, Lmax=-140.69
15:15:39 [ultranest] [DEBUG] iteration=2620, ncalls=7803, regioncalls=298200, ndraw=40, logz=-158.48, remainder_fraction=96.3587%, Lmin=-145.01, Lmax=-140.69
15:15:39 [ultranest] [DEBUG] iteration=2632, ncalls=7836, regioncalls=299560, ndraw=40, logz=-158.33, remainder_fraction=95.7839%, Lmin=-144.81, Lmax=-140.69
15:15:39 [ultranest] [DEBUG] iteration=2640, ncalls=7848, regioncalls=300040, ndraw=40, logz=-158.23, remainder_fraction=95.4018%, Lmin=-144.65, Lmax=-140.69
15:15:39 [ultranest] [DEBUG] iteration=2665, ncalls=7882, regioncalls=301400, ndraw=40, logz=-157.95, remainder_fraction=93.8011%, Lmin=-144.46, Lmax=-140.69
15:15:39 [ultranest] [DEBUG] iteration=2678, ncalls=7898, regioncalls=302080, ndraw=40, logz=-157.82, remainder_fraction=92.9272%, Lmin=-144.29, Lmax=-140.69
15:15:39 [ultranest] [DEBUG] iteration=2680, ncalls=7901, regioncalls=302200, ndraw=40, logz=-157.80, remainder_fraction=92.7676%, Lmin=-144.24, Lmax=-140.69
15:15:39 [ultranest] [DEBUG] iteration=2699, ncalls=7935, regioncalls=303560, ndraw=40, logz=-157.61, remainder_fraction=91.0441%, Lmin=-144.04, Lmax=-140.69
15:15:39 [ultranest] [DEBUG] iteration=2719, ncalls=7979, regioncalls=305320, ndraw=40, logz=-157.44, remainder_fraction=89.4604%, Lmin=-143.91, Lmax=-140.69
15:15:39 [ultranest] [DEBUG] iteration=2720, ncalls=7984, regioncalls=305520, ndraw=40, logz=-157.43, remainder_fraction=89.3463%, Lmin=-143.86, Lmax=-140.69
15:15:39 [ultranest] [DEBUG] iteration=2741, ncalls=8017, regioncalls=306840, ndraw=40, logz=-157.26, remainder_fraction=87.4921%, Lmin=-143.66, Lmax=-140.68
15:15:40 [ultranest] [DEBUG] iteration=2757, ncalls=8059, regioncalls=308520, ndraw=40, logz=-157.13, remainder_fraction=85.9770%, Lmin=-143.56, Lmax=-140.68
15:15:40 [ultranest] [DEBUG] iteration=2760, ncalls=8063, regioncalls=308680, ndraw=40, logz=-157.11, remainder_fraction=85.6682%, Lmin=-143.54, Lmax=-140.68
15:15:40 [ultranest] [DEBUG] iteration=2770, ncalls=8076, regioncalls=309240, ndraw=40, logz=-157.04, remainder_fraction=84.8521%, Lmin=-143.45, Lmax=-140.68
15:15:40 [ultranest] [DEBUG] iteration=2790, ncalls=8112, regioncalls=310680, ndraw=40, logz=-156.91, remainder_fraction=82.8956%, Lmin=-143.30, Lmax=-140.67
15:15:40 [ultranest] [DEBUG] iteration=2800, ncalls=8134, regioncalls=311560, ndraw=40, logz=-156.85, remainder_fraction=81.9672%, Lmin=-143.25, Lmax=-140.67
15:15:40 [ultranest] [DEBUG] iteration=2820, ncalls=8172, regioncalls=313080, ndraw=40, logz=-156.73, remainder_fraction=79.9124%, Lmin=-143.10, Lmax=-140.67
15:15:40 [ultranest] [DEBUG] iteration=2837, ncalls=8216, regioncalls=314840, ndraw=40, logz=-156.64, remainder_fraction=77.8651%, Lmin=-142.97, Lmax=-140.67
15:15:40 [ultranest] [DEBUG] iteration=2840, ncalls=8219, regioncalls=314960, ndraw=40, logz=-156.63, remainder_fraction=77.5332%, Lmin=-142.94, Lmax=-140.67
15:15:40 [ultranest] [DEBUG] iteration=2856, ncalls=8263, regioncalls=316720, ndraw=40, logz=-156.54, remainder_fraction=75.5389%, Lmin=-142.87, Lmax=-140.67
15:15:40 [ultranest] [DEBUG] iteration=2875, ncalls=8297, regioncalls=318080, ndraw=40, logz=-156.46, remainder_fraction=72.9045%, Lmin=-142.76, Lmax=-140.67
15:15:40 [ultranest] [DEBUG] iteration=2880, ncalls=8308, regioncalls=318520, ndraw=40, logz=-156.43, remainder_fraction=72.1976%, Lmin=-142.73, Lmax=-140.67
15:15:40 [ultranest] [DEBUG] iteration=2895, ncalls=8353, regioncalls=320320, ndraw=40, logz=-156.37, remainder_fraction=69.9165%, Lmin=-142.62, Lmax=-140.67
15:15:40 [ultranest] [DEBUG] iteration=2908, ncalls=8387, regioncalls=321720, ndraw=40, logz=-156.31, remainder_fraction=68.1303%, Lmin=-142.53, Lmax=-140.67
15:15:41 [ultranest] [DEBUG] iteration=2920, ncalls=8408, regioncalls=322720, ndraw=40, logz=-156.26, remainder_fraction=66.4183%, Lmin=-142.45, Lmax=-140.67
15:15:41 [ultranest] [DEBUG] iteration=2942, ncalls=8445, regioncalls=324280, ndraw=40, logz=-156.18, remainder_fraction=63.6164%, Lmin=-142.33, Lmax=-140.67
15:15:41 [ultranest] [DEBUG] iteration=2954, ncalls=8470, regioncalls=325320, ndraw=40, logz=-156.13, remainder_fraction=61.6815%, Lmin=-142.27, Lmax=-140.67
15:15:41 [ultranest] [DEBUG] iteration=2960, ncalls=8478, regioncalls=325680, ndraw=40, logz=-156.11, remainder_fraction=61.1245%, Lmin=-142.22, Lmax=-140.67
15:15:41 [ultranest] [DEBUG] iteration=2979, ncalls=8518, regioncalls=327280, ndraw=40, logz=-156.04, remainder_fraction=57.7244%, Lmin=-142.14, Lmax=-140.67
15:15:41 [ultranest] [DEBUG] iteration=3000, ncalls=8552, regioncalls=328760, ndraw=40, logz=-155.98, remainder_fraction=54.8002%, Lmin=-142.08, Lmax=-140.67
15:15:41 [ultranest] [DEBUG] iteration=3022, ncalls=8589, regioncalls=330240, ndraw=40, logz=-155.92, remainder_fraction=51.6124%, Lmin=-141.97, Lmax=-140.67
15:15:41 [ultranest] [DEBUG] iteration=3040, ncalls=8623, regioncalls=331640, ndraw=40, logz=-155.87, remainder_fraction=49.1065%, Lmin=-141.88, Lmax=-140.67
15:15:41 [ultranest] [DEBUG] iteration=3046, ncalls=8636, regioncalls=332200, ndraw=40, logz=-155.85, remainder_fraction=48.3898%, Lmin=-141.86, Lmax=-140.67
15:15:41 [ultranest] [DEBUG] iteration=3071, ncalls=8671, regioncalls=333600, ndraw=40, logz=-155.79, remainder_fraction=44.8787%, Lmin=-141.75, Lmax=-140.67
15:15:41 [ultranest] [DEBUG] iteration=3080, ncalls=8684, regioncalls=334120, ndraw=40, logz=-155.77, remainder_fraction=43.6464%, Lmin=-141.72, Lmax=-140.67
15:15:41 [ultranest] [DEBUG] iteration=3092, ncalls=8716, regioncalls=335440, ndraw=40, logz=-155.74, remainder_fraction=42.1105%, Lmin=-141.68, Lmax=-140.66
15:15:41 [ultranest] [DEBUG] iteration=3108, ncalls=8754, regioncalls=337000, ndraw=40, logz=-155.70, remainder_fraction=39.9858%, Lmin=-141.63, Lmax=-140.66
15:15:42 [ultranest] [DEBUG] iteration=3120, ncalls=8772, regioncalls=337720, ndraw=40, logz=-155.68, remainder_fraction=38.4162%, Lmin=-141.59, Lmax=-140.66
15:15:42 [ultranest] [DEBUG] iteration=3138, ncalls=8803, regioncalls=339000, ndraw=40, logz=-155.64, remainder_fraction=36.0284%, Lmin=-141.52, Lmax=-140.66
15:15:42 [ultranest] [DEBUG] iteration=3156, ncalls=8838, regioncalls=340400, ndraw=40, logz=-155.61, remainder_fraction=33.9682%, Lmin=-141.44, Lmax=-140.66
15:15:42 [ultranest] [DEBUG] iteration=3160, ncalls=8845, regioncalls=340680, ndraw=40, logz=-155.60, remainder_fraction=33.5168%, Lmin=-141.44, Lmax=-140.66
15:15:42 [ultranest] [DEBUG] iteration=3181, ncalls=8886, regioncalls=342320, ndraw=40, logz=-155.57, remainder_fraction=31.1352%, Lmin=-141.39, Lmax=-140.66
15:15:42 [ultranest] [DEBUG] iteration=3184, ncalls=8892, regioncalls=342600, ndraw=40, logz=-155.56, remainder_fraction=30.7674%, Lmin=-141.38, Lmax=-140.66
15:15:42 [ultranest] [DEBUG] iteration=3200, ncalls=8917, regioncalls=343600, ndraw=40, logz=-155.54, remainder_fraction=29.0115%, Lmin=-141.35, Lmax=-140.66
15:15:42 [ultranest] [DEBUG] iteration=3224, ncalls=8952, regioncalls=345000, ndraw=40, logz=-155.50, remainder_fraction=26.5922%, Lmin=-141.29, Lmax=-140.66
15:15:42 [ultranest] [DEBUG] iteration=3230, ncalls=8964, regioncalls=345520, ndraw=40, logz=-155.50, remainder_fraction=25.9864%, Lmin=-141.28, Lmax=-140.66
15:15:42 [ultranest] [DEBUG] iteration=3240, ncalls=8986, regioncalls=346480, ndraw=40, logz=-155.48, remainder_fraction=25.0136%, Lmin=-141.25, Lmax=-140.66
15:15:42 [ultranest] [DEBUG] iteration=3261, ncalls=9023, regioncalls=347960, ndraw=40, logz=-155.46, remainder_fraction=22.9856%, Lmin=-141.22, Lmax=-140.66
15:15:42 [ultranest] [DEBUG] iteration=3276, ncalls=9056, regioncalls=349360, ndraw=40, logz=-155.44, remainder_fraction=21.7113%, Lmin=-141.19, Lmax=-140.66
15:15:42 [ultranest] [DEBUG] iteration=3280, ncalls=9063, regioncalls=349640, ndraw=40, logz=-155.44, remainder_fraction=21.3592%, Lmin=-141.18, Lmax=-140.66
15:15:42 [ultranest] [DEBUG] iteration=3303, ncalls=9100, regioncalls=351120, ndraw=40, logz=-155.41, remainder_fraction=19.4297%, Lmin=-141.14, Lmax=-140.66
15:15:43 [ultranest] [DEBUG] iteration=3320, ncalls=9136, regioncalls=352560, ndraw=40, logz=-155.40, remainder_fraction=18.1372%, Lmin=-141.11, Lmax=-140.66
15:15:43 [ultranest] [DEBUG] iteration=3338, ncalls=9170, regioncalls=353920, ndraw=40, logz=-155.38, remainder_fraction=16.8695%, Lmin=-141.09, Lmax=-140.66
15:15:43 [ultranest] [DEBUG] iteration=3353, ncalls=9217, regioncalls=355800, ndraw=40, logz=-155.37, remainder_fraction=15.9424%, Lmin=-141.07, Lmax=-140.66
15:15:43 [ultranest] [DEBUG] iteration=3360, ncalls=9227, regioncalls=356200, ndraw=40, logz=-155.36, remainder_fraction=15.4905%, Lmin=-141.06, Lmax=-140.66
15:15:43 [ultranest] [DEBUG] iteration=3368, ncalls=9242, regioncalls=356840, ndraw=40, logz=-155.36, remainder_fraction=14.9897%, Lmin=-141.05, Lmax=-140.66
15:15:43 [ultranest] [DEBUG] iteration=3396, ncalls=9274, regioncalls=358120, ndraw=40, logz=-155.34, remainder_fraction=13.3090%, Lmin=-141.02, Lmax=-140.66
15:15:43 [ultranest] [DEBUG] iteration=3400, ncalls=9284, regioncalls=358520, ndraw=40, logz=-155.33, remainder_fraction=13.0684%, Lmin=-141.01, Lmax=-140.66
15:15:43 [ultranest] [DEBUG] iteration=3419, ncalls=9320, regioncalls=359960, ndraw=40, logz=-155.32, remainder_fraction=12.0477%, Lmin=-140.99, Lmax=-140.66
15:15:43 [ultranest] [DEBUG] iteration=3437, ncalls=9361, regioncalls=361600, ndraw=40, logz=-155.31, remainder_fraction=11.1803%, Lmin=-140.97, Lmax=-140.66
15:15:43 [ultranest] [DEBUG] iteration=3440, ncalls=9371, regioncalls=362000, ndraw=40, logz=-155.31, remainder_fraction=11.0463%, Lmin=-140.97, Lmax=-140.65
15:15:43 [ultranest] [DEBUG] iteration=3460, ncalls=9404, regioncalls=363400, ndraw=40, logz=-155.30, remainder_fraction=10.1529%, Lmin=-140.95, Lmax=-140.65
15:15:43 [ultranest] [DEBUG] iteration=3480, ncalls=9441, regioncalls=364880, ndraw=40, logz=-155.29, remainder_fraction=9.2979%, Lmin=-140.92, Lmax=-140.65
15:15:44 [ultranest] [DEBUG] iteration=3501, ncalls=9481, regioncalls=366480, ndraw=40, logz=-155.28, remainder_fraction=8.4849%, Lmin=-140.91, Lmax=-140.65
15:15:44 [ultranest] [DEBUG] iteration=3516, ncalls=9519, regioncalls=368000, ndraw=40, logz=-155.28, remainder_fraction=7.9519%, Lmin=-140.89, Lmax=-140.65
15:15:44 [ultranest] [DEBUG] iteration=3520, ncalls=9531, regioncalls=368480, ndraw=40, logz=-155.28, remainder_fraction=7.8204%, Lmin=-140.88, Lmax=-140.65
15:15:44 [ultranest] [DEBUG] iteration=3536, ncalls=9572, regioncalls=370120, ndraw=40, logz=-155.27, remainder_fraction=7.2879%, Lmin=-140.87, Lmax=-140.65
15:15:44 [ultranest] [DEBUG] iteration=3552, ncalls=9610, regioncalls=371680, ndraw=40, logz=-155.26, remainder_fraction=6.7885%, Lmin=-140.86, Lmax=-140.65
15:15:44 [ultranest] [DEBUG] iteration=3560, ncalls=9626, regioncalls=372320, ndraw=40, logz=-155.26, remainder_fraction=6.5501%, Lmin=-140.86, Lmax=-140.65
15:15:44 [ultranest] [DEBUG] iteration=3579, ncalls=9664, regioncalls=373840, ndraw=40, logz=-155.26, remainder_fraction=6.0108%, Lmin=-140.84, Lmax=-140.65
15:15:44 [ultranest] [DEBUG] iteration=3598, ncalls=9698, regioncalls=375240, ndraw=40, logz=-155.25, remainder_fraction=5.5116%, Lmin=-140.83, Lmax=-140.65
15:15:44 [ultranest] [DEBUG] iteration=3600, ncalls=9702, regioncalls=375400, ndraw=40, logz=-155.25, remainder_fraction=5.4617%, Lmin=-140.83, Lmax=-140.65
15:15:44 [ultranest] [DEBUG] iteration=3619, ncalls=9739, regioncalls=376880, ndraw=40, logz=-155.25, remainder_fraction=5.0131%, Lmin=-140.81, Lmax=-140.65
15:15:44 [ultranest] [DEBUG] iteration=3638, ncalls=9782, regioncalls=378600, ndraw=40, logz=-155.24, remainder_fraction=4.5889%, Lmin=-140.80, Lmax=-140.65
15:15:44 [ultranest] [DEBUG] iteration=3640, ncalls=9784, regioncalls=378680, ndraw=40, logz=-155.24, remainder_fraction=4.5474%, Lmin=-140.80, Lmax=-140.65
15:15:44 [ultranest] [DEBUG] iteration=3644, ncalls=9791, regioncalls=379040, ndraw=40, logz=-155.24, remainder_fraction=4.4610%, Lmin=-140.80, Lmax=-140.65
15:15:44 [ultranest] [DEBUG] iteration=3668, ncalls=9828, regioncalls=380520, ndraw=40, logz=-155.23, remainder_fraction=3.9893%, Lmin=-140.78, Lmax=-140.65
15:15:44 [ultranest] [DEBUG] iteration=3680, ncalls=9846, regioncalls=381240, ndraw=40, logz=-155.23, remainder_fraction=3.7756%, Lmin=-140.78, Lmax=-140.65
15:15:45 [ultranest] [DEBUG] iteration=3700, ncalls=9881, regioncalls=382640, ndraw=40, logz=-155.23, remainder_fraction=3.4338%, Lmin=-140.77, Lmax=-140.65
15:15:45 [ultranest] [DEBUG] iteration=3720, ncalls=9917, regioncalls=384080, ndraw=40, logz=-155.23, remainder_fraction=3.1264%, Lmin=-140.76, Lmax=-140.65
15:15:45 [ultranest] [DEBUG] iteration=3742, ncalls=9953, regioncalls=385520, ndraw=40, logz=-155.22, remainder_fraction=2.8183%, Lmin=-140.76, Lmax=-140.65
15:15:45 [ultranest] [INFO] Explored until L=-1e+02  
15:15:45 [ultranest] [INFO] Likelihood function evaluations: 9985
15:15:46 [ultranest] [INFO] Writing samples and results to disk ...
15:15:46 [ultranest] [INFO] Writing samples and results to disk ... done
15:15:46 [ultranest] [DEBUG] did a run_iter pass!
15:15:46 [ultranest] [INFO]   logZ = -155.2 +- 0.1799
15:15:46 [ultranest] [INFO] Effective samples strategy satisfied (ESS = 1005.6, need >400)
15:15:46 [ultranest] [INFO] Posterior uncertainty strategy is satisfied (KL: 0.45+-0.13 nat, need <0.50 nat)
15:15:46 [ultranest] [INFO] Evidency uncertainty strategy is satisfied (dlogz=0.18, need <0.5)
15:15:46 [ultranest] [INFO]   logZ error budget: single: 0.25 bs:0.18 tail:0.03 total:0.18 required:<0.50
15:15:46 [ultranest] [INFO] done iterating.
15:15:46 [ultranest] [DEBUG] Making corner plot ...
15:15:47 [ultranest] [DEBUG] Making corner plot ... done
15:15:47 [ultranest] [DEBUG] Making run plot ... 
15:15:51 [ultranest] [DEBUG] Making run plot ... done
15:15:51 [ultranest] [DEBUG] Making trace plot ... 
15:15:53 [ultranest] [DEBUG] Making trace plot ... done
