09:38:55 [ultranest] [DEBUG] ReactiveNestedSampler: dims=3+0, resume=True, log_dir=/home/orion51/Desktop/Research/spectral_fitting/FGL_spectral_fitting/Individual_sources/2CXOJ205824.0+435354/bb_out_, backend=hdf5, vectorized=False, nbootstraps=30, ndraw=128..65536
09:38:55 [ultranest] [INFO] Sampling 400 live points from prior ...
09:38:56 [ultranest] [DEBUG] run_iter dlogz=0.5, dKL=0.5, frac_remain=0.01, Lepsilon=0.1000, min_ess=400
09:38:56 [ultranest] [DEBUG] max_iters=-1, max_ncalls=-1, max_num_improvement_loops=-1, min_num_live_points=400, cluster_num_live_points=40
09:38:56 [ultranest] [DEBUG] minimal_widths_sequence: [(-inf, 400.0), (inf, 400.0)]
09:38:56 [ultranest] [DEBUG] iteration=0, ncalls=401, regioncalls=40, ndraw=40, logz=-inf, remainder_fraction=100.0000%, Lmin=-55304225.76, Lmax=-130.39
09:38:56 [ultranest] [DEBUG] iteration=31, ncalls=432, regioncalls=1280, ndraw=40, logz=-46257.90, remainder_fraction=100.0000%, Lmin=-35917.17, Lmax=-129.00
09:38:56 [ultranest] [DEBUG] iteration=40, ncalls=441, regioncalls=1640, ndraw=40, logz=-10041.97, remainder_fraction=100.0000%, Lmin=-7552.32, Lmax=-129.00
09:38:56 [ultranest] [DEBUG] Plateau detected at L=-1.057166e+03, not replacing live point.
09:38:56 [ultranest] [DEBUG] Plateau detected at L=-1.057166e+03, not replacing live point.
09:38:56 [ultranest] [DEBUG] Plateau detected at L=-1.057166e+03, not replacing live point.
09:38:56 [ultranest] [DEBUG] Plateau detected at L=-1.057166e+03, not replacing live point.
09:38:56 [ultranest] [DEBUG] Plateau detected at L=-1.057166e+03, not replacing live point.
09:38:56 [ultranest] [DEBUG] Plateau detected at L=-1.057166e+03, not replacing live point.
09:38:56 [ultranest] [DEBUG] Plateau detected at L=-1.057166e+03, not replacing live point.
09:38:56 [ultranest] [DEBUG] Plateau detected at L=-1.057166e+03, not replacing live point.
09:38:56 [ultranest] [DEBUG] Plateau detected at L=-1.057166e+03, not replacing live point.
09:38:56 [ultranest] [DEBUG] Plateau detected at L=-1.057166e+03, not replacing live point.
09:38:56 [ultranest] [DEBUG] Plateau detected at L=-1.057166e+03, not replacing live point.
09:38:56 [ultranest] [DEBUG] Plateau detected at L=-1.057166e+03, not replacing live point.
09:38:56 [ultranest] [DEBUG] Plateau detected at L=-1.057166e+03, not replacing live point.
09:38:56 [ultranest] [DEBUG] Plateau detected at L=-1.057166e+03, not replacing live point.
09:38:56 [ultranest] [DEBUG] Plateau detected at L=-1.057166e+03, not replacing live point.
09:38:56 [ultranest] [DEBUG] Plateau detected at L=-1.057166e+03, not replacing live point.
09:38:56 [ultranest] [DEBUG] Plateau detected at L=-1.057166e+03, not replacing live point.
09:38:56 [ultranest] [DEBUG] Plateau detected at L=-1.057166e+03, not replacing live point.
09:38:56 [ultranest] [DEBUG] Plateau detected at L=-1.057166e+03, not replacing live point.
09:38:56 [ultranest] [DEBUG] Plateau detected at L=-1.057166e+03, not replacing live point.
09:38:56 [ultranest] [DEBUG] Plateau detected at L=-1.057166e+03, not replacing live point.
09:38:56 [ultranest] [DEBUG] Plateau detected at L=-1.057166e+03, not replacing live point.
09:38:56 [ultranest] [DEBUG] Plateau detected at L=-1.057166e+03, not replacing live point.
09:38:56 [ultranest] [DEBUG] Plateau detected at L=-1.057166e+03, not replacing live point.
09:38:56 [ultranest] [DEBUG] Plateau detected at L=-1.057166e+03, not replacing live point.
09:38:56 [ultranest] [DEBUG] Plateau detected at L=-1.057166e+03, not replacing live point.
09:38:56 [ultranest] [DEBUG] Plateau detected at L=-1.057166e+03, not replacing live point.
09:38:56 [ultranest] [DEBUG] Plateau detected at L=-1.057166e+03, not replacing live point.
09:38:56 [ultranest] [DEBUG] Plateau detected at L=-1.057166e+03, not replacing live point.
09:38:56 [ultranest] [DEBUG] Plateau detected at L=-1.057166e+03, not replacing live point.
09:38:56 [ultranest] [DEBUG] Plateau detected at L=-1.057166e+03, not replacing live point.
09:38:56 [ultranest] [DEBUG] Plateau detected at L=-1.057166e+03, not replacing live point.
09:38:56 [ultranest] [DEBUG] Plateau detected at L=-1.057166e+03, not replacing live point.
09:38:56 [ultranest] [DEBUG] Plateau detected at L=-1.057166e+03, not replacing live point.
09:38:56 [ultranest] [DEBUG] Plateau detected at L=-1.057166e+03, not replacing live point.
09:38:56 [ultranest] [DEBUG] Plateau detected at L=-1.057166e+03, not replacing live point.
09:38:56 [ultranest] [DEBUG] Plateau detected at L=-1.057166e+03, not replacing live point.
09:38:56 [ultranest] [DEBUG] Plateau detected at L=-1.057166e+03, not replacing live point.
09:38:56 [ultranest] [DEBUG] Plateau detected at L=-1.057166e+03, not replacing live point.
09:38:56 [ultranest] [DEBUG] Plateau detected at L=-1.057166e+03, not replacing live point.
09:38:56 [ultranest] [DEBUG] Plateau detected at L=-1.057166e+03, not replacing live point.
09:38:56 [ultranest] [DEBUG] Plateau detected at L=-1.057166e+03, not replacing live point.
09:38:56 [ultranest] [DEBUG] Plateau detected at L=-1.057166e+03, not replacing live point.
09:38:56 [ultranest] [DEBUG] Plateau detected at L=-1.057166e+03, not replacing live point.
09:38:56 [ultranest] [DEBUG] Plateau detected at L=-1.057166e+03, not replacing live point.
09:38:56 [ultranest] [DEBUG] Plateau detected at L=-1.057166e+03, not replacing live point.
09:38:56 [ultranest] [DEBUG] Plateau detected at L=-1.057166e+03, not replacing live point.
09:38:56 [ultranest] [DEBUG] Plateau detected at L=-1.057166e+03, not replacing live point.
09:38:56 [ultranest] [DEBUG] Plateau detected at L=-1.057166e+03, not replacing live point.
09:38:56 [ultranest] [DEBUG] Plateau detected at L=-1.057166e+03, not replacing live point.
09:38:56 [ultranest] [DEBUG] Plateau detected at L=-1.057166e+03, not replacing live point.
09:38:56 [ultranest] [DEBUG] Plateau detected at L=-1.057166e+03, not replacing live point.
09:38:56 [ultranest] [DEBUG] Plateau detected at L=-1.057166e+03, not replacing live point.
09:38:56 [ultranest] [DEBUG] Plateau detected at L=-1.057166e+03, not replacing live point.
09:38:56 [ultranest] [DEBUG] Plateau detected at L=-1.057166e+03, not replacing live point.
09:38:56 [ultranest] [DEBUG] Plateau detected at L=-1.057166e+03, not replacing live point.
09:38:56 [ultranest] [DEBUG] Plateau detected at L=-1.057166e+03, not replacing live point.
09:38:56 [ultranest] [DEBUG] Plateau detected at L=-1.057166e+03, not replacing live point.
09:38:56 [ultranest] [DEBUG] Plateau detected at L=-1.057166e+03, not replacing live point.
09:38:56 [ultranest] [DEBUG] Plateau detected at L=-1.057166e+03, not replacing live point.
09:38:56 [ultranest] [DEBUG] Plateau detected at L=-1.057166e+03, not replacing live point.
09:38:56 [ultranest] [DEBUG] Plateau detected at L=-1.057166e+03, not replacing live point.
09:38:56 [ultranest] [DEBUG] Plateau detected at L=-1.057166e+03, not replacing live point.
09:38:56 [ultranest] [DEBUG] Plateau detected at L=-1.057166e+03, not replacing live point.
09:38:56 [ultranest] [DEBUG] Plateau detected at L=-1.057166e+03, not replacing live point.
09:38:56 [ultranest] [DEBUG] Plateau detected at L=-1.057166e+03, not replacing live point.
09:38:56 [ultranest] [DEBUG] Plateau detected at L=-1.057166e+03, not replacing live point.
09:38:56 [ultranest] [DEBUG] Plateau detected at L=-1.057166e+03, not replacing live point.
09:38:56 [ultranest] [DEBUG] Plateau detected at L=-1.057166e+03, not replacing live point.
09:38:56 [ultranest] [DEBUG] Plateau detected at L=-1.057166e+03, not replacing live point.
09:38:56 [ultranest] [DEBUG] Plateau detected at L=-1.057166e+03, not replacing live point.
09:38:56 [ultranest] [DEBUG] Plateau detected at L=-1.057166e+03, not replacing live point.
09:38:56 [ultranest] [DEBUG] Plateau detected at L=-1.057166e+03, not replacing live point.
09:38:56 [ultranest] [DEBUG] Plateau detected at L=-1.057166e+03, not replacing live point.
09:38:56 [ultranest] [DEBUG] Plateau detected at L=-1.057166e+03, not replacing live point.
09:38:56 [ultranest] [DEBUG] Plateau detected at L=-1.057166e+03, not replacing live point.
09:38:56 [ultranest] [DEBUG] Plateau detected at L=-1.057166e+03, not replacing live point.
09:38:56 [ultranest] [DEBUG] Plateau detected at L=-1.057166e+03, not replacing live point.
09:38:56 [ultranest] [DEBUG] Plateau detected at L=-1.057166e+03, not replacing live point.
09:38:56 [ultranest] [DEBUG] Plateau detected at L=-1.057166e+03, not replacing live point.
09:38:56 [ultranest] [DEBUG] Plateau detected at L=-1.057166e+03, not replacing live point.
09:38:56 [ultranest] [DEBUG] Plateau detected at L=-1.057166e+03, not replacing live point.
09:38:56 [ultranest] [DEBUG] Plateau detected at L=-1.057166e+03, not replacing live point.
09:38:56 [ultranest] [DEBUG] Plateau detected at L=-1.057166e+03, not replacing live point.
09:38:56 [ultranest] [DEBUG] Plateau detected at L=-1.057166e+03, not replacing live point.
09:38:56 [ultranest] [DEBUG] Plateau detected at L=-1.057166e+03, not replacing live point.
09:38:56 [ultranest] [DEBUG] Plateau detected at L=-1.057166e+03, not replacing live point.
09:38:56 [ultranest] [DEBUG] Plateau detected at L=-1.057166e+03, not replacing live point.
09:38:56 [ultranest] [DEBUG] Plateau detected at L=-1.057166e+03, not replacing live point.
09:38:56 [ultranest] [DEBUG] Plateau detected at L=-1.057166e+03, not replacing live point.
09:38:56 [ultranest] [DEBUG] Plateau detected at L=-1.057166e+03, not replacing live point.
09:38:56 [ultranest] [DEBUG] Plateau detected at L=-1.057166e+03, not replacing live point.
09:38:56 [ultranest] [DEBUG] Plateau detected at L=-1.057166e+03, not replacing live point.
09:38:56 [ultranest] [DEBUG] Plateau detected at L=-1.057166e+03, not replacing live point.
09:38:56 [ultranest] [DEBUG] Plateau detected at L=-1.057166e+03, not replacing live point.
09:38:56 [ultranest] [DEBUG] Plateau detected at L=-1.057166e+03, not replacing live point.
09:38:56 [ultranest] [DEBUG] Plateau detected at L=-1.057166e+03, not replacing live point.
09:38:56 [ultranest] [DEBUG] Plateau detected at L=-1.057166e+03, not replacing live point.
09:38:56 [ultranest] [DEBUG] Plateau detected at L=-1.057166e+03, not replacing live point.
09:38:56 [ultranest] [DEBUG] Plateau detected at L=-1.057166e+03, not replacing live point.
09:38:56 [ultranest] [DEBUG] Plateau detected at L=-1.057166e+03, not replacing live point.
09:38:56 [ultranest] [DEBUG] Plateau detected at L=-1.057166e+03, not replacing live point.
09:38:56 [ultranest] [DEBUG] Plateau detected at L=-1.057166e+03, not replacing live point.
09:38:56 [ultranest] [DEBUG] Plateau detected at L=-1.057166e+03, not replacing live point.
09:38:56 [ultranest] [DEBUG] Plateau detected at L=-1.057166e+03, not replacing live point.
09:38:56 [ultranest] [DEBUG] Plateau detected at L=-1.057166e+03, not replacing live point.
09:38:56 [ultranest] [DEBUG] Plateau detected at L=-1.057166e+03, not replacing live point.
09:38:56 [ultranest] [DEBUG] Plateau detected at L=-1.057166e+03, not replacing live point.
09:38:56 [ultranest] [DEBUG] Plateau detected at L=-1.057166e+03, not replacing live point.
09:38:56 [ultranest] [DEBUG] Plateau detected at L=-1.057166e+03, not replacing live point.
09:38:56 [ultranest] [DEBUG] Plateau detected at L=-1.057166e+03, not replacing live point.
09:38:56 [ultranest] [DEBUG] Plateau detected at L=-1.057166e+03, not replacing live point.
09:38:56 [ultranest] [DEBUG] Plateau detected at L=-1.057166e+03, not replacing live point.
09:38:56 [ultranest] [DEBUG] Plateau detected at L=-1.057166e+03, not replacing live point.
09:38:56 [ultranest] [DEBUG] Plateau detected at L=-1.057166e+03, not replacing live point.
09:38:56 [ultranest] [DEBUG] Plateau detected at L=-1.057166e+03, not replacing live point.
09:38:56 [ultranest] [DEBUG] Plateau detected at L=-1.057166e+03, not replacing live point.
09:38:56 [ultranest] [DEBUG] Plateau detected at L=-1.057166e+03, not replacing live point.
09:38:56 [ultranest] [DEBUG] Plateau detected at L=-1.057166e+03, not replacing live point.
09:38:56 [ultranest] [DEBUG] Plateau detected at L=-1.057166e+03, not replacing live point.
09:38:56 [ultranest] [DEBUG] Plateau detected at L=-1.057166e+03, not replacing live point.
09:38:56 [ultranest] [DEBUG] Plateau detected at L=-1.057166e+03, not replacing live point.
09:38:56 [ultranest] [DEBUG] Plateau detected at L=-1.057166e+03, not replacing live point.
09:38:56 [ultranest] [DEBUG] Plateau detected at L=-1.057166e+03, not replacing live point.
09:38:56 [ultranest] [DEBUG] Plateau detected at L=-1.057166e+03, not replacing live point.
09:38:56 [ultranest] [DEBUG] Plateau detected at L=-1.057166e+03, not replacing live point.
09:38:56 [ultranest] [DEBUG] Plateau detected at L=-1.057166e+03, not replacing live point.
09:38:56 [ultranest] [DEBUG] Plateau detected at L=-1.057166e+03, not replacing live point.
09:38:56 [ultranest] [DEBUG] Plateau detected at L=-1.057166e+03, not replacing live point.
09:38:56 [ultranest] [DEBUG] Plateau detected at L=-1.057166e+03, not replacing live point.
09:38:56 [ultranest] [DEBUG] Plateau detected at L=-1.057166e+03, not replacing live point.
09:38:56 [ultranest] [DEBUG] Plateau detected at L=-1.057166e+03, not replacing live point.
09:38:56 [ultranest] [DEBUG] Plateau detected at L=-1.057166e+03, not replacing live point.
09:38:56 [ultranest] [DEBUG] Plateau detected at L=-1.057166e+03, not replacing live point.
09:38:56 [ultranest] [DEBUG] Plateau detected at L=-1.057166e+03, not replacing live point.
09:38:56 [ultranest] [DEBUG] Plateau detected at L=-1.057166e+03, not replacing live point.
09:38:56 [ultranest] [DEBUG] Plateau detected at L=-1.057166e+03, not replacing live point.
09:38:56 [ultranest] [DEBUG] Plateau detected at L=-1.057166e+03, not replacing live point.
09:38:56 [ultranest] [DEBUG] Plateau detected at L=-1.057166e+03, not replacing live point.
09:38:56 [ultranest] [DEBUG] Plateau detected at L=-1.057166e+03, not replacing live point.
09:38:56 [ultranest] [DEBUG] Plateau detected at L=-1.057166e+03, not replacing live point.
09:38:56 [ultranest] [DEBUG] Plateau detected at L=-1.057166e+03, not replacing live point.
09:38:56 [ultranest] [DEBUG] Plateau detected at L=-1.057166e+03, not replacing live point.
09:38:56 [ultranest] [DEBUG] Plateau detected at L=-1.057166e+03, not replacing live point.
09:38:56 [ultranest] [DEBUG] Plateau detected at L=-1.057166e+03, not replacing live point.
09:38:56 [ultranest] [DEBUG] Plateau detected at L=-1.057166e+03, not replacing live point.
09:38:56 [ultranest] [DEBUG] Plateau detected at L=-1.057166e+03, not replacing live point.
09:38:56 [ultranest] [DEBUG] Plateau detected at L=-1.057166e+03, not replacing live point.
09:38:56 [ultranest] [DEBUG] Plateau detected at L=-1.057166e+03, not replacing live point.
09:38:56 [ultranest] [DEBUG] Plateau detected at L=-1.057166e+03, not replacing live point.
09:38:56 [ultranest] [DEBUG] Plateau detected at L=-1.057166e+03, not replacing live point.
09:38:56 [ultranest] [DEBUG] Plateau detected at L=-1.057166e+03, not replacing live point.
09:38:56 [ultranest] [DEBUG] Plateau detected at L=-1.057166e+03, not replacing live point.
09:38:56 [ultranest] [DEBUG] Plateau detected at L=-1.057166e+03, not replacing live point.
09:38:56 [ultranest] [DEBUG] Plateau detected at L=-1.057166e+03, not replacing live point.
09:38:56 [ultranest] [DEBUG] Plateau detected at L=-1.057166e+03, not replacing live point.
09:38:56 [ultranest] [DEBUG] Plateau detected at L=-1.057166e+03, not replacing live point.
09:38:56 [ultranest] [DEBUG] Plateau detected at L=-1.057166e+03, not replacing live point.
09:38:56 [ultranest] [DEBUG] Plateau detected at L=-1.057166e+03, not replacing live point.
09:38:56 [ultranest] [DEBUG] Plateau detected at L=-1.057166e+03, not replacing live point.
09:38:56 [ultranest] [DEBUG] Plateau detected at L=-1.057166e+03, not replacing live point.
09:38:56 [ultranest] [DEBUG] Plateau detected at L=-1.057166e+03, not replacing live point.
09:38:56 [ultranest] [DEBUG] Plateau detected at L=-1.057166e+03, not replacing live point.
09:38:56 [ultranest] [DEBUG] Plateau detected at L=-1.057166e+03, not replacing live point.
09:38:56 [ultranest] [DEBUG] Plateau detected at L=-1.057166e+03, not replacing live point.
09:38:56 [ultranest] [DEBUG] Plateau detected at L=-1.057166e+03, not replacing live point.
09:38:56 [ultranest] [DEBUG] Plateau detected at L=-1.057166e+03, not replacing live point.
09:38:56 [ultranest] [DEBUG] Plateau detected at L=-1.057166e+03, not replacing live point.
09:38:56 [ultranest] [DEBUG] Plateau detected at L=-1.057166e+03, not replacing live point.
09:38:56 [ultranest] [DEBUG] Plateau detected at L=-1.057166e+03, not replacing live point.
09:38:56 [ultranest] [DEBUG] Plateau detected at L=-1.057166e+03, not replacing live point.
09:38:56 [ultranest] [DEBUG] Plateau detected at L=-1.057166e+03, not replacing live point.
09:38:56 [ultranest] [DEBUG] Plateau detected at L=-1.057166e+03, not replacing live point.
09:38:56 [ultranest] [DEBUG] Plateau detected at L=-1.057166e+03, not replacing live point.
09:38:56 [ultranest] [DEBUG] Plateau detected at L=-1.057166e+03, not replacing live point.
09:38:56 [ultranest] [DEBUG] Plateau detected at L=-1.057166e+03, not replacing live point.
09:38:56 [ultranest] [DEBUG] Plateau detected at L=-1.057166e+03, not replacing live point.
09:38:56 [ultranest] [DEBUG] Plateau detected at L=-1.057166e+03, not replacing live point.
09:38:56 [ultranest] [DEBUG] Plateau detected at L=-1.057166e+03, not replacing live point.
09:38:56 [ultranest] [DEBUG] Plateau detected at L=-1.057166e+03, not replacing live point.
09:38:56 [ultranest] [DEBUG] Plateau detected at L=-1.057166e+03, not replacing live point.
09:38:56 [ultranest] [DEBUG] iteration=233, ncalls=454, regioncalls=2160, ndraw=40, logz=-1058.09, remainder_fraction=100.0000%, Lmin=-1057.17, Lmax=-129.00
09:38:56 [ultranest] [DEBUG] Plateau detected at L=-1.057166e+03, not replacing live point.
09:38:56 [ultranest] [DEBUG] Plateau detected at L=-1.057166e+03, not replacing live point.
09:38:56 [ultranest] [DEBUG] iteration=237, ncalls=458, regioncalls=2320, ndraw=40, logz=-1058.07, remainder_fraction=100.0000%, Lmin=-1057.17, Lmax=-129.00
09:38:56 [ultranest] [DEBUG] iteration=240, ncalls=462, regioncalls=2480, ndraw=40, logz=-1058.05, remainder_fraction=100.0000%, Lmin=-1057.17, Lmax=-129.00
09:38:56 [ultranest] [DEBUG] iteration=262, ncalls=500, regioncalls=4000, ndraw=40, logz=-1057.95, remainder_fraction=100.0000%, Lmin=-1057.17, Lmax=-129.00
09:38:56 [ultranest] [DEBUG] iteration=280, ncalls=529, regioncalls=5160, ndraw=40, logz=-1057.88, remainder_fraction=100.0000%, Lmin=-1057.17, Lmax=-129.00
09:38:56 [ultranest] [DEBUG] iteration=298, ncalls=564, regioncalls=6560, ndraw=40, logz=-1057.82, remainder_fraction=100.0000%, Lmin=-1057.17, Lmax=-129.00
09:38:56 [ultranest] [DEBUG] iteration=320, ncalls=599, regioncalls=7960, ndraw=40, logz=-1057.75, remainder_fraction=100.0000%, Lmin=-1057.17, Lmax=-129.00
09:38:56 [ultranest] [DEBUG] iteration=336, ncalls=642, regioncalls=9680, ndraw=40, logz=-1057.71, remainder_fraction=100.0000%, Lmin=-1057.16, Lmax=-129.00
09:38:57 [ultranest] [DEBUG] iteration=356, ncalls=682, regioncalls=11280, ndraw=40, logz=-1057.67, remainder_fraction=100.0000%, Lmin=-1057.16, Lmax=-103.50
09:38:57 [ultranest] [DEBUG] iteration=360, ncalls=689, regioncalls=11560, ndraw=40, logz=-1057.66, remainder_fraction=100.0000%, Lmin=-1057.15, Lmax=-103.50
09:38:57 [ultranest] [DEBUG] iteration=380, ncalls=734, regioncalls=13360, ndraw=40, logz=-1057.62, remainder_fraction=100.0000%, Lmin=-1057.09, Lmax=-73.16
09:38:57 [ultranest] [DEBUG] iteration=397, ncalls=773, regioncalls=14920, ndraw=40, logz=-1057.59, remainder_fraction=100.0000%, Lmin=-1056.93, Lmax=-73.16
09:38:57 [ultranest] [DEBUG] iteration=400, ncalls=781, regioncalls=15240, ndraw=40, logz=-1057.58, remainder_fraction=100.0000%, Lmin=-1056.89, Lmax=-73.16
09:38:57 [ultranest] [DEBUG] iteration=419, ncalls=825, regioncalls=17000, ndraw=40, logz=-1057.54, remainder_fraction=100.0000%, Lmin=-1056.34, Lmax=-73.16
09:38:57 [ultranest] [DEBUG] iteration=433, ncalls=857, regioncalls=18280, ndraw=40, logz=-1057.48, remainder_fraction=100.0000%, Lmin=-1055.85, Lmax=-73.16
09:38:57 [ultranest] [DEBUG] iteration=440, ncalls=876, regioncalls=19040, ndraw=40, logz=-1057.45, remainder_fraction=100.0000%, Lmin=-1055.38, Lmax=-73.16
09:38:57 [ultranest] [DEBUG] iteration=457, ncalls=919, regioncalls=20760, ndraw=40, logz=-1057.30, remainder_fraction=100.0000%, Lmin=-1054.64, Lmax=-73.16
09:38:57 [ultranest] [DEBUG] iteration=471, ncalls=976, regioncalls=23040, ndraw=40, logz=-1057.05, remainder_fraction=100.0000%, Lmin=-1053.15, Lmax=-73.16
09:38:57 [ultranest] [DEBUG] iteration=480, ncalls=1000, regioncalls=24000, ndraw=40, logz=-1056.58, remainder_fraction=100.0000%, Lmin=-1051.72, Lmax=-73.16
09:38:57 [ultranest] [DEBUG] iteration=494, ncalls=1041, regioncalls=25640, ndraw=40, logz=-1054.72, remainder_fraction=100.0000%, Lmin=-1048.49, Lmax=-73.16
09:38:58 [ultranest] [DEBUG] iteration=509, ncalls=1089, regioncalls=27560, ndraw=40, logz=-1050.13, remainder_fraction=100.0000%, Lmin=-1044.16, Lmax=-73.16
09:38:58 [ultranest] [DEBUG] iteration=520, ncalls=1113, regioncalls=28520, ndraw=40, logz=-1046.16, remainder_fraction=100.0000%, Lmin=-1039.10, Lmax=-73.16
09:38:58 [ultranest] [DEBUG] iteration=535, ncalls=1158, regioncalls=30320, ndraw=40, logz=-1041.20, remainder_fraction=100.0000%, Lmin=-1034.82, Lmax=-73.16
09:38:58 [ultranest] [DEBUG] iteration=550, ncalls=1200, regioncalls=32000, ndraw=40, logz=-1033.64, remainder_fraction=100.0000%, Lmin=-1026.99, Lmax=-73.16
09:38:58 [ultranest] [DEBUG] iteration=560, ncalls=1225, regioncalls=33000, ndraw=40, logz=-1027.97, remainder_fraction=100.0000%, Lmin=-1020.54, Lmax=-73.16
09:38:58 [ultranest] [DEBUG] iteration=576, ncalls=1272, regioncalls=34880, ndraw=40, logz=-1015.55, remainder_fraction=100.0000%, Lmin=-1008.84, Lmax=-62.81
09:38:58 [ultranest] [DEBUG] iteration=580, ncalls=1279, regioncalls=35160, ndraw=40, logz=-1013.08, remainder_fraction=100.0000%, Lmin=-1004.64, Lmax=-62.81
09:38:58 [ultranest] [DEBUG] iteration=599, ncalls=1320, regioncalls=36800, ndraw=40, logz=-994.66, remainder_fraction=100.0000%, Lmin=-987.45, Lmax=-62.81
09:38:58 [ultranest] [DEBUG] iteration=600, ncalls=1323, regioncalls=36920, ndraw=40, logz=-994.22, remainder_fraction=100.0000%, Lmin=-987.11, Lmax=-62.81
09:38:58 [ultranest] [DEBUG] iteration=621, ncalls=1365, regioncalls=38600, ndraw=40, logz=-964.97, remainder_fraction=100.0000%, Lmin=-956.36, Lmax=-62.81
09:38:58 [ultranest] [DEBUG] iteration=629, ncalls=1384, regioncalls=39360, ndraw=40, logz=-945.38, remainder_fraction=100.0000%, Lmin=-933.82, Lmax=-62.81
09:38:58 [ultranest] [DEBUG] iteration=640, ncalls=1415, regioncalls=40600, ndraw=40, logz=-926.26, remainder_fraction=100.0000%, Lmin=-918.19, Lmax=-62.81
09:38:58 [ultranest] [DEBUG] iteration=655, ncalls=1460, regioncalls=42400, ndraw=40, logz=-908.25, remainder_fraction=100.0000%, Lmin=-898.69, Lmax=-62.81
09:38:59 [ultranest] [DEBUG] iteration=671, ncalls=1514, regioncalls=44560, ndraw=40, logz=-883.42, remainder_fraction=100.0000%, Lmin=-874.36, Lmax=-62.81
09:38:59 [ultranest] [DEBUG] iteration=678, ncalls=1532, regioncalls=45280, ndraw=40, logz=-863.13, remainder_fraction=100.0000%, Lmin=-854.64, Lmax=-62.81
09:38:59 [ultranest] [DEBUG] iteration=680, ncalls=1535, regioncalls=45400, ndraw=40, logz=-861.74, remainder_fraction=100.0000%, Lmin=-854.13, Lmax=-62.81
09:38:59 [ultranest] [DEBUG] iteration=703, ncalls=1573, regioncalls=46920, ndraw=40, logz=-824.45, remainder_fraction=100.0000%, Lmin=-814.62, Lmax=-62.81
09:38:59 [ultranest] [DEBUG] iteration=720, ncalls=1613, regioncalls=48520, ndraw=40, logz=-784.65, remainder_fraction=100.0000%, Lmin=-773.11, Lmax=-62.81
09:38:59 [ultranest] [DEBUG] iteration=732, ncalls=1657, regioncalls=50360, ndraw=40, logz=-746.15, remainder_fraction=100.0000%, Lmin=-737.22, Lmax=-62.81
09:38:59 [ultranest] [DEBUG] iteration=746, ncalls=1699, regioncalls=52040, ndraw=40, logz=-703.17, remainder_fraction=100.0000%, Lmin=-694.26, Lmax=-62.81
09:38:59 [ultranest] [DEBUG] iteration=760, ncalls=1729, regioncalls=53240, ndraw=40, logz=-676.38, remainder_fraction=100.0000%, Lmin=-667.23, Lmax=-62.81
09:38:59 [ultranest] [DEBUG] iteration=777, ncalls=1773, regioncalls=55000, ndraw=40, logz=-646.29, remainder_fraction=100.0000%, Lmin=-636.39, Lmax=-62.81
09:38:59 [ultranest] [DEBUG] iteration=793, ncalls=1815, regioncalls=56680, ndraw=40, logz=-601.77, remainder_fraction=100.0000%, Lmin=-592.87, Lmax=-43.59
09:38:59 [ultranest] [DEBUG] iteration=800, ncalls=1850, regioncalls=58080, ndraw=40, logz=-596.93, remainder_fraction=100.0000%, Lmin=-581.50, Lmax=-43.59
09:38:59 [ultranest] [DEBUG] iteration=815, ncalls=1900, regioncalls=60080, ndraw=40, logz=-559.94, remainder_fraction=100.0000%, Lmin=-551.28, Lmax=-38.99
09:39:00 [ultranest] [DEBUG] iteration=825, ncalls=1944, regioncalls=61840, ndraw=40, logz=-529.44, remainder_fraction=100.0000%, Lmin=-515.24, Lmax=-38.99
09:39:00 [ultranest] [DEBUG] iteration=836, ncalls=1990, regioncalls=63720, ndraw=40, logz=-505.71, remainder_fraction=100.0000%, Lmin=-495.13, Lmax=-38.99
09:39:00 [ultranest] [DEBUG] iteration=840, ncalls=2011, regioncalls=64560, ndraw=40, logz=-500.48, remainder_fraction=100.0000%, Lmin=-492.01, Lmax=-38.99
09:39:00 [ultranest] [DEBUG] iteration=854, ncalls=2064, regioncalls=66680, ndraw=40, logz=-484.31, remainder_fraction=100.0000%, Lmin=-475.06, Lmax=-38.99
09:39:00 [ultranest] [DEBUG] iteration=870, ncalls=2113, regioncalls=68640, ndraw=40, logz=-455.49, remainder_fraction=100.0000%, Lmin=-444.84, Lmax=-38.99
09:39:00 [ultranest] [DEBUG] iteration=880, ncalls=2145, regioncalls=69920, ndraw=40, logz=-442.55, remainder_fraction=100.0000%, Lmin=-433.55, Lmax=-38.99
09:39:00 [ultranest] [DEBUG] iteration=896, ncalls=2188, regioncalls=71640, ndraw=40, logz=-420.29, remainder_fraction=100.0000%, Lmin=-407.08, Lmax=-38.99
09:39:00 [ultranest] [DEBUG] iteration=913, ncalls=2236, regioncalls=73560, ndraw=40, logz=-402.83, remainder_fraction=100.0000%, Lmin=-391.41, Lmax=-38.99
09:39:00 [ultranest] [DEBUG] iteration=920, ncalls=2263, regioncalls=74640, ndraw=40, logz=-395.54, remainder_fraction=100.0000%, Lmin=-386.11, Lmax=-38.99
09:39:00 [ultranest] [DEBUG] iteration=930, ncalls=2313, regioncalls=76640, ndraw=40, logz=-385.90, remainder_fraction=100.0000%, Lmin=-372.55, Lmax=-38.99
09:39:00 [ultranest] [DEBUG] iteration=940, ncalls=2364, regioncalls=78680, ndraw=40, logz=-372.95, remainder_fraction=100.0000%, Lmin=-364.14, Lmax=-38.99
09:39:01 [ultranest] [DEBUG] iteration=953, ncalls=2415, regioncalls=80720, ndraw=40, logz=-365.15, remainder_fraction=100.0000%, Lmin=-355.99, Lmax=-38.99
09:39:01 [ultranest] [DEBUG] iteration=960, ncalls=2429, regioncalls=81280, ndraw=40, logz=-359.11, remainder_fraction=100.0000%, Lmin=-349.72, Lmax=-38.99
09:39:01 [ultranest] [DEBUG] iteration=973, ncalls=2475, regioncalls=83120, ndraw=40, logz=-348.18, remainder_fraction=100.0000%, Lmin=-339.08, Lmax=-38.99
09:39:01 [ultranest] [DEBUG] iteration=984, ncalls=2526, regioncalls=85160, ndraw=40, logz=-338.73, remainder_fraction=100.0000%, Lmin=-329.93, Lmax=-38.99
09:39:01 [ultranest] [DEBUG] iteration=993, ncalls=2587, regioncalls=87600, ndraw=40, logz=-333.56, remainder_fraction=100.0000%, Lmin=-324.78, Lmax=-38.99
09:39:01 [ultranest] [DEBUG] iteration=1000, ncalls=2650, regioncalls=90120, ndraw=40, logz=-329.94, remainder_fraction=100.0000%, Lmin=-318.92, Lmax=-38.99
09:39:01 [ultranest] [DEBUG] iteration=1013, ncalls=2701, regioncalls=92160, ndraw=40, logz=-320.70, remainder_fraction=100.0000%, Lmin=-312.09, Lmax=-38.99
09:39:01 [ultranest] [DEBUG] iteration=1019, ncalls=2758, regioncalls=94440, ndraw=40, logz=-316.11, remainder_fraction=100.0000%, Lmin=-306.81, Lmax=-38.99
09:39:01 [ultranest] [DEBUG] iteration=1027, ncalls=2805, regioncalls=96320, ndraw=40, logz=-310.05, remainder_fraction=100.0000%, Lmin=-300.09, Lmax=-38.99
09:39:01 [ultranest] [DEBUG] iteration=1038, ncalls=2853, regioncalls=98240, ndraw=40, logz=-299.09, remainder_fraction=100.0000%, Lmin=-289.47, Lmax=-38.72
09:39:01 [ultranest] [DEBUG] iteration=1040, ncalls=2875, regioncalls=99120, ndraw=40, logz=-298.02, remainder_fraction=100.0000%, Lmin=-288.96, Lmax=-38.72
09:39:02 [ultranest] [DEBUG] iteration=1054, ncalls=2941, regioncalls=101760, ndraw=40, logz=-287.92, remainder_fraction=100.0000%, Lmin=-277.75, Lmax=-38.72
09:39:02 [ultranest] [DEBUG] iteration=1063, ncalls=2999, regioncalls=104080, ndraw=40, logz=-280.08, remainder_fraction=100.0000%, Lmin=-269.90, Lmax=-38.72
09:39:02 [ultranest] [DEBUG] iteration=1070, ncalls=3036, regioncalls=105640, ndraw=40, logz=-273.48, remainder_fraction=100.0000%, Lmin=-261.80, Lmax=-38.72
09:39:02 [ultranest] [DEBUG] iteration=1080, ncalls=3063, regioncalls=106720, ndraw=40, logz=-263.84, remainder_fraction=100.0000%, Lmin=-253.60, Lmax=-38.72
09:39:02 [ultranest] [DEBUG] iteration=1098, ncalls=3106, regioncalls=108440, ndraw=40, logz=-254.43, remainder_fraction=100.0000%, Lmin=-245.14, Lmax=-38.72
09:39:02 [ultranest] [DEBUG] iteration=1118, ncalls=3152, regioncalls=110280, ndraw=40, logz=-240.12, remainder_fraction=100.0000%, Lmin=-228.56, Lmax=-38.72
09:39:02 [ultranest] [DEBUG] iteration=1119, ncalls=3154, regioncalls=110400, ndraw=40, logz=-238.53, remainder_fraction=100.0000%, Lmin=-228.20, Lmax=-38.72
09:39:02 [ultranest] [DEBUG] iteration=1120, ncalls=3156, regioncalls=110480, ndraw=40, logz=-237.77, remainder_fraction=100.0000%, Lmin=-227.98, Lmax=-38.72
09:39:02 [ultranest] [DEBUG] iteration=1138, ncalls=3196, regioncalls=112080, ndraw=40, logz=-225.99, remainder_fraction=100.0000%, Lmin=-216.45, Lmax=-38.72
09:39:02 [ultranest] [DEBUG] iteration=1157, ncalls=3239, regioncalls=113800, ndraw=40, logz=-217.49, remainder_fraction=100.0000%, Lmin=-208.61, Lmax=-38.72
09:39:02 [ultranest] [DEBUG] iteration=1160, ncalls=3245, regioncalls=114040, ndraw=40, logz=-216.65, remainder_fraction=100.0000%, Lmin=-206.00, Lmax=-38.72
09:39:02 [ultranest] [DEBUG] iteration=1168, ncalls=3265, regioncalls=114880, ndraw=40, logz=-211.47, remainder_fraction=100.0000%, Lmin=-202.47, Lmax=-38.72
09:39:02 [ultranest] [DEBUG] iteration=1186, ncalls=3303, regioncalls=116400, ndraw=40, logz=-202.15, remainder_fraction=100.0000%, Lmin=-192.23, Lmax=-38.72
09:39:03 [ultranest] [DEBUG] iteration=1200, ncalls=3331, regioncalls=117560, ndraw=40, logz=-194.22, remainder_fraction=100.0000%, Lmin=-184.76, Lmax=-37.35
09:39:03 [ultranest] [DEBUG] iteration=1221, ncalls=3376, regioncalls=119360, ndraw=40, logz=-182.85, remainder_fraction=100.0000%, Lmin=-172.96, Lmax=-37.35
09:39:03 [ultranest] [DEBUG] iteration=1237, ncalls=3420, regioncalls=121120, ndraw=40, logz=-171.99, remainder_fraction=100.0000%, Lmin=-159.15, Lmax=-37.35
09:39:03 [ultranest] [DEBUG] iteration=1240, ncalls=3429, regioncalls=121480, ndraw=40, logz=-168.63, remainder_fraction=100.0000%, Lmin=-158.87, Lmax=-37.35
09:39:03 [ultranest] [DEBUG] iteration=1260, ncalls=3477, regioncalls=123400, ndraw=40, logz=-159.44, remainder_fraction=100.0000%, Lmin=-149.32, Lmax=-37.35
09:39:03 [ultranest] [DEBUG] iteration=1274, ncalls=3519, regioncalls=125080, ndraw=40, logz=-154.52, remainder_fraction=100.0000%, Lmin=-144.08, Lmax=-37.35
09:39:03 [ultranest] [DEBUG] iteration=1280, ncalls=3528, regioncalls=125440, ndraw=40, logz=-150.85, remainder_fraction=100.0000%, Lmin=-140.82, Lmax=-37.35
09:39:03 [ultranest] [DEBUG] iteration=1296, ncalls=3574, regioncalls=127280, ndraw=40, logz=-145.60, remainder_fraction=100.0000%, Lmin=-135.49, Lmax=-37.35
09:39:03 [ultranest] [DEBUG] iteration=1311, ncalls=3625, regioncalls=129320, ndraw=40, logz=-140.52, remainder_fraction=100.0000%, Lmin=-130.39, Lmax=-37.35
09:39:03 [ultranest] [DEBUG] iteration=1315, ncalls=3640, regioncalls=129960, ndraw=40, logz=-139.23, remainder_fraction=100.0000%, Lmin=-129.35, Lmax=-37.35
09:39:03 [ultranest] [DEBUG] iteration=1320, ncalls=3650, regioncalls=130360, ndraw=40, logz=-137.69, remainder_fraction=100.0000%, Lmin=-127.19, Lmax=-37.35
09:39:03 [ultranest] [DEBUG] iteration=1337, ncalls=3692, regioncalls=132120, ndraw=40, logz=-133.09, remainder_fraction=100.0000%, Lmin=-123.28, Lmax=-37.35
09:39:03 [ultranest] [DEBUG] iteration=1353, ncalls=3740, regioncalls=134040, ndraw=40, logz=-128.80, remainder_fraction=100.0000%, Lmin=-118.28, Lmax=-37.35
09:39:04 [ultranest] [DEBUG] iteration=1360, ncalls=3759, regioncalls=134800, ndraw=40, logz=-127.17, remainder_fraction=100.0000%, Lmin=-117.34, Lmax=-37.02
09:39:04 [ultranest] [DEBUG] iteration=1364, ncalls=3766, regioncalls=135080, ndraw=40, logz=-126.14, remainder_fraction=100.0000%, Lmin=-115.94, Lmax=-37.02
09:39:04 [ultranest] [DEBUG] iteration=1384, ncalls=3810, regioncalls=136880, ndraw=40, logz=-119.86, remainder_fraction=100.0000%, Lmin=-109.54, Lmax=-37.02
09:39:04 [ultranest] [DEBUG] iteration=1400, ncalls=3851, regioncalls=138520, ndraw=40, logz=-113.52, remainder_fraction=100.0000%, Lmin=-102.54, Lmax=-35.09
09:39:04 [ultranest] [DEBUG] iteration=1413, ncalls=3884, regioncalls=139840, ndraw=40, logz=-110.02, remainder_fraction=100.0000%, Lmin=-99.77, Lmax=-35.09
09:39:04 [ultranest] [DEBUG] iteration=1431, ncalls=3923, regioncalls=141680, ndraw=40, logz=-105.86, remainder_fraction=100.0000%, Lmin=-95.66, Lmax=-35.09
09:39:04 [ultranest] [DEBUG] iteration=1440, ncalls=3940, regioncalls=142360, ndraw=40, logz=-103.65, remainder_fraction=100.0000%, Lmin=-93.34, Lmax=-35.09
09:39:04 [ultranest] [DEBUG] iteration=1459, ncalls=3994, regioncalls=144520, ndraw=40, logz=-98.49, remainder_fraction=100.0000%, Lmin=-88.04, Lmax=-35.09
09:39:04 [ultranest] [DEBUG] iteration=1462, ncalls=4002, regioncalls=144920, ndraw=40, logz=-97.85, remainder_fraction=100.0000%, Lmin=-87.41, Lmax=-35.09
09:39:04 [ultranest] [DEBUG] iteration=1480, ncalls=4038, regioncalls=146360, ndraw=40, logz=-93.74, remainder_fraction=100.0000%, Lmin=-82.81, Lmax=-35.09
09:39:04 [ultranest] [DEBUG] iteration=1501, ncalls=4084, regioncalls=148200, ndraw=40, logz=-88.25, remainder_fraction=100.0000%, Lmin=-77.41, Lmax=-35.09
09:39:04 [ultranest] [DEBUG] iteration=1511, ncalls=4103, regioncalls=149000, ndraw=40, logz=-84.73, remainder_fraction=100.0000%, Lmin=-74.36, Lmax=-35.09
09:39:04 [ultranest] [DEBUG] iteration=1520, ncalls=4119, regioncalls=149640, ndraw=40, logz=-83.44, remainder_fraction=100.0000%, Lmin=-73.54, Lmax=-35.09
09:39:05 [ultranest] [DEBUG] iteration=1535, ncalls=4163, regioncalls=151400, ndraw=40, logz=-81.96, remainder_fraction=100.0000%, Lmin=-71.64, Lmax=-35.09
09:39:05 [ultranest] [DEBUG] iteration=1560, ncalls=4199, regioncalls=152920, ndraw=40, logz=-77.90, remainder_fraction=100.0000%, Lmin=-67.70, Lmax=-34.80
09:39:05 [ultranest] [DEBUG] iteration=1577, ncalls=4240, regioncalls=154560, ndraw=40, logz=-75.78, remainder_fraction=100.0000%, Lmin=-65.55, Lmax=-34.65
09:39:05 [ultranest] [DEBUG] iteration=1598, ncalls=4283, regioncalls=156280, ndraw=40, logz=-73.35, remainder_fraction=100.0000%, Lmin=-62.83, Lmax=-34.65
09:39:05 [ultranest] [DEBUG] iteration=1600, ncalls=4290, regioncalls=156560, ndraw=40, logz=-73.08, remainder_fraction=100.0000%, Lmin=-62.73, Lmax=-34.65
09:39:05 [ultranest] [DEBUG] iteration=1609, ncalls=4302, regioncalls=157080, ndraw=40, logz=-72.12, remainder_fraction=100.0000%, Lmin=-61.93, Lmax=-34.65
09:39:05 [ultranest] [DEBUG] iteration=1627, ncalls=4343, regioncalls=158720, ndraw=40, logz=-70.35, remainder_fraction=100.0000%, Lmin=-60.12, Lmax=-34.65
09:39:05 [ultranest] [DEBUG] iteration=1640, ncalls=4375, regioncalls=160000, ndraw=40, logz=-69.21, remainder_fraction=100.0000%, Lmin=-58.89, Lmax=-34.65
09:39:05 [ultranest] [DEBUG] iteration=1658, ncalls=4423, regioncalls=161920, ndraw=40, logz=-67.67, remainder_fraction=100.0000%, Lmin=-57.55, Lmax=-34.65
09:39:05 [ultranest] [DEBUG] iteration=1673, ncalls=4466, regioncalls=163640, ndraw=40, logz=-66.30, remainder_fraction=100.0000%, Lmin=-56.10, Lmax=-34.65
09:39:05 [ultranest] [DEBUG] iteration=1680, ncalls=4478, regioncalls=164120, ndraw=40, logz=-65.82, remainder_fraction=100.0000%, Lmin=-55.60, Lmax=-34.65
09:39:05 [ultranest] [DEBUG] iteration=1698, ncalls=4526, regioncalls=166040, ndraw=40, logz=-64.44, remainder_fraction=100.0000%, Lmin=-54.09, Lmax=-34.65
09:39:05 [ultranest] [DEBUG] iteration=1707, ncalls=4553, regioncalls=167160, ndraw=40, logz=-63.64, remainder_fraction=100.0000%, Lmin=-53.05, Lmax=-34.65
09:39:06 [ultranest] [DEBUG] iteration=1720, ncalls=4579, regioncalls=168240, ndraw=40, logz=-62.67, remainder_fraction=100.0000%, Lmin=-52.44, Lmax=-34.65
09:39:06 [ultranest] [DEBUG] iteration=1739, ncalls=4621, regioncalls=169920, ndraw=40, logz=-61.51, remainder_fraction=100.0000%, Lmin=-51.19, Lmax=-34.65
09:39:06 [ultranest] [DEBUG] iteration=1756, ncalls=4653, regioncalls=171240, ndraw=40, logz=-60.30, remainder_fraction=100.0000%, Lmin=-49.85, Lmax=-34.65
09:39:06 [ultranest] [DEBUG] iteration=1760, ncalls=4660, regioncalls=171520, ndraw=40, logz=-60.04, remainder_fraction=100.0000%, Lmin=-49.71, Lmax=-34.65
09:39:06 [ultranest] [DEBUG] iteration=1781, ncalls=4698, regioncalls=173040, ndraw=40, logz=-59.04, remainder_fraction=99.9999%, Lmin=-48.88, Lmax=-34.65
09:39:06 [ultranest] [DEBUG] iteration=1800, ncalls=4729, regioncalls=174280, ndraw=40, logz=-58.19, remainder_fraction=99.9997%, Lmin=-47.99, Lmax=-34.65
09:39:06 [ultranest] [DEBUG] iteration=1805, ncalls=4738, regioncalls=174680, ndraw=40, logz=-57.98, remainder_fraction=99.9996%, Lmin=-47.79, Lmax=-34.65
09:39:06 [ultranest] [DEBUG] iteration=1824, ncalls=4777, regioncalls=176240, ndraw=40, logz=-57.09, remainder_fraction=99.9991%, Lmin=-46.42, Lmax=-34.65
09:39:06 [ultranest] [DEBUG] iteration=1840, ncalls=4804, regioncalls=177320, ndraw=40, logz=-56.14, remainder_fraction=99.9977%, Lmin=-45.55, Lmax=-34.65
09:39:06 [ultranest] [DEBUG] iteration=1854, ncalls=4828, regioncalls=178320, ndraw=40, logz=-55.46, remainder_fraction=99.9952%, Lmin=-44.91, Lmax=-34.65
09:39:06 [ultranest] [DEBUG] iteration=1871, ncalls=4868, regioncalls=179920, ndraw=40, logz=-54.59, remainder_fraction=99.9889%, Lmin=-43.91, Lmax=-34.65
09:39:06 [ultranest] [DEBUG] iteration=1880, ncalls=4884, regioncalls=180560, ndraw=40, logz=-54.19, remainder_fraction=99.9833%, Lmin=-43.74, Lmax=-34.65
09:39:06 [ultranest] [DEBUG] iteration=1903, ncalls=4923, regioncalls=182160, ndraw=40, logz=-53.43, remainder_fraction=99.9684%, Lmin=-43.14, Lmax=-34.65
09:39:07 [ultranest] [DEBUG] iteration=1918, ncalls=4963, regioncalls=183840, ndraw=40, logz=-52.98, remainder_fraction=99.9515%, Lmin=-42.64, Lmax=-34.65
09:39:07 [ultranest] [DEBUG] iteration=1920, ncalls=4967, regioncalls=184000, ndraw=40, logz=-52.92, remainder_fraction=99.9482%, Lmin=-42.56, Lmax=-34.65
09:39:07 [ultranest] [DEBUG] iteration=1940, ncalls=5009, regioncalls=185720, ndraw=40, logz=-52.29, remainder_fraction=99.9007%, Lmin=-41.66, Lmax=-34.65
09:39:07 [ultranest] [DEBUG] iteration=1952, ncalls=5031, regioncalls=186680, ndraw=40, logz=-51.89, remainder_fraction=99.8552%, Lmin=-41.34, Lmax=-34.65
09:39:07 [ultranest] [DEBUG] iteration=1960, ncalls=5052, regioncalls=187520, ndraw=40, logz=-51.64, remainder_fraction=99.8166%, Lmin=-41.00, Lmax=-34.65
09:39:07 [ultranest] [DEBUG] iteration=1983, ncalls=5090, regioncalls=189040, ndraw=40, logz=-51.03, remainder_fraction=99.6566%, Lmin=-40.59, Lmax=-34.65
09:39:07 [ultranest] [DEBUG] iteration=2000, ncalls=5136, regioncalls=190880, ndraw=40, logz=-50.63, remainder_fraction=99.4821%, Lmin=-40.18, Lmax=-34.65
09:39:07 [ultranest] [DEBUG] iteration=2016, ncalls=5176, regioncalls=192480, ndraw=40, logz=-50.28, remainder_fraction=99.2531%, Lmin=-39.86, Lmax=-34.65
09:39:07 [ultranest] [DEBUG] iteration=2031, ncalls=5219, regioncalls=194200, ndraw=40, logz=-50.00, remainder_fraction=99.0260%, Lmin=-39.59, Lmax=-34.65
09:39:07 [ultranest] [DEBUG] iteration=2040, ncalls=5248, regioncalls=195360, ndraw=40, logz=-49.84, remainder_fraction=98.8552%, Lmin=-39.39, Lmax=-34.65
09:39:07 [ultranest] [DEBUG] iteration=2050, ncalls=5278, regioncalls=196640, ndraw=40, logz=-49.65, remainder_fraction=98.6085%, Lmin=-39.02, Lmax=-34.65
09:39:07 [ultranest] [DEBUG] iteration=2070, ncalls=5316, regioncalls=198200, ndraw=40, logz=-49.26, remainder_fraction=97.9288%, Lmin=-38.76, Lmax=-34.65
09:39:07 [ultranest] [DEBUG] iteration=2080, ncalls=5334, regioncalls=198920, ndraw=40, logz=-49.10, remainder_fraction=97.5414%, Lmin=-38.65, Lmax=-34.65
09:39:08 [ultranest] [DEBUG] iteration=2100, ncalls=5377, regioncalls=200680, ndraw=40, logz=-48.81, remainder_fraction=96.7734%, Lmin=-38.26, Lmax=-34.53
09:39:08 [ultranest] [DEBUG] iteration=2117, ncalls=5419, regioncalls=202360, ndraw=40, logz=-48.56, remainder_fraction=95.9565%, Lmin=-38.05, Lmax=-34.53
09:39:08 [ultranest] [DEBUG] iteration=2120, ncalls=5426, regioncalls=202640, ndraw=40, logz=-48.51, remainder_fraction=95.7620%, Lmin=-38.01, Lmax=-34.53
09:39:08 [ultranest] [DEBUG] iteration=2140, ncalls=5472, regioncalls=204480, ndraw=40, logz=-48.26, remainder_fraction=94.5476%, Lmin=-37.74, Lmax=-34.53
09:39:08 [ultranest] [DEBUG] iteration=2148, ncalls=5491, regioncalls=205280, ndraw=40, logz=-48.16, remainder_fraction=93.9135%, Lmin=-37.57, Lmax=-34.53
09:39:08 [ultranest] [DEBUG] iteration=2160, ncalls=5517, regioncalls=206320, ndraw=40, logz=-48.01, remainder_fraction=92.9671%, Lmin=-37.46, Lmax=-34.53
09:39:08 [ultranest] [DEBUG] iteration=2178, ncalls=5562, regioncalls=208120, ndraw=40, logz=-47.81, remainder_fraction=91.4840%, Lmin=-37.24, Lmax=-34.53
09:39:08 [ultranest] [DEBUG] iteration=2197, ncalls=5607, regioncalls=210000, ndraw=40, logz=-47.61, remainder_fraction=89.4412%, Lmin=-37.02, Lmax=-34.53
09:39:08 [ultranest] [DEBUG] iteration=2200, ncalls=5616, regioncalls=210360, ndraw=40, logz=-47.58, remainder_fraction=89.0561%, Lmin=-37.00, Lmax=-34.53
09:39:08 [ultranest] [DEBUG] iteration=2219, ncalls=5659, regioncalls=212080, ndraw=40, logz=-47.40, remainder_fraction=87.2148%, Lmin=-36.83, Lmax=-34.53
09:39:08 [ultranest] [DEBUG] iteration=2240, ncalls=5699, regioncalls=213680, ndraw=40, logz=-47.21, remainder_fraction=84.7403%, Lmin=-36.64, Lmax=-34.53
09:39:08 [ultranest] [DEBUG] iteration=2260, ncalls=5737, regioncalls=215200, ndraw=40, logz=-47.05, remainder_fraction=82.1451%, Lmin=-36.44, Lmax=-34.53
09:39:09 [ultranest] [DEBUG] iteration=2278, ncalls=5779, regioncalls=216880, ndraw=40, logz=-46.92, remainder_fraction=79.6799%, Lmin=-36.31, Lmax=-34.53
09:39:09 [ultranest] [DEBUG] iteration=2280, ncalls=5781, regioncalls=216960, ndraw=40, logz=-46.90, remainder_fraction=79.3260%, Lmin=-36.31, Lmax=-34.53
09:39:09 [ultranest] [DEBUG] iteration=2295, ncalls=5805, regioncalls=217960, ndraw=40, logz=-46.80, remainder_fraction=76.9374%, Lmin=-36.20, Lmax=-34.53
09:39:09 [ultranest] [DEBUG] iteration=2319, ncalls=5842, regioncalls=219440, ndraw=40, logz=-46.65, remainder_fraction=73.3676%, Lmin=-36.05, Lmax=-34.53
09:39:09 [ultranest] [DEBUG] iteration=2320, ncalls=5849, regioncalls=219720, ndraw=40, logz=-46.65, remainder_fraction=73.1706%, Lmin=-36.04, Lmax=-34.53
09:39:09 [ultranest] [DEBUG] iteration=2338, ncalls=5894, regioncalls=221520, ndraw=40, logz=-46.55, remainder_fraction=70.4323%, Lmin=-35.96, Lmax=-34.53
09:39:09 [ultranest] [DEBUG] iteration=2360, ncalls=5928, regioncalls=222880, ndraw=40, logz=-46.43, remainder_fraction=66.8739%, Lmin=-35.87, Lmax=-34.53
09:39:09 [ultranest] [DEBUG] iteration=2382, ncalls=5968, regioncalls=224480, ndraw=40, logz=-46.34, remainder_fraction=63.6541%, Lmin=-35.80, Lmax=-34.53
09:39:09 [ultranest] [DEBUG] iteration=2400, ncalls=5999, regioncalls=225720, ndraw=40, logz=-46.26, remainder_fraction=60.7813%, Lmin=-35.69, Lmax=-34.53
09:39:09 [ultranest] [DEBUG] iteration=2419, ncalls=6041, regioncalls=227400, ndraw=40, logz=-46.19, remainder_fraction=57.8375%, Lmin=-35.59, Lmax=-34.53
09:39:09 [ultranest] [DEBUG] iteration=2435, ncalls=6088, regioncalls=229280, ndraw=40, logz=-46.13, remainder_fraction=55.4902%, Lmin=-35.53, Lmax=-34.53
09:39:09 [ultranest] [DEBUG] iteration=2440, ncalls=6103, regioncalls=229880, ndraw=40, logz=-46.12, remainder_fraction=54.8042%, Lmin=-35.51, Lmax=-34.53
09:39:09 [ultranest] [DEBUG] iteration=2442, ncalls=6105, regioncalls=230000, ndraw=40, logz=-46.11, remainder_fraction=54.5127%, Lmin=-35.50, Lmax=-34.53
09:39:09 [ultranest] [DEBUG] iteration=2463, ncalls=6145, regioncalls=231640, ndraw=40, logz=-46.04, remainder_fraction=51.3463%, Lmin=-35.42, Lmax=-34.52
09:39:10 [ultranest] [DEBUG] iteration=2480, ncalls=6170, regioncalls=232640, ndraw=40, logz=-45.99, remainder_fraction=48.9842%, Lmin=-35.36, Lmax=-34.52
09:39:10 [ultranest] [DEBUG] iteration=2491, ncalls=6203, regioncalls=234040, ndraw=40, logz=-45.96, remainder_fraction=47.3989%, Lmin=-35.34, Lmax=-34.52
09:39:10 [ultranest] [DEBUG] iteration=2510, ncalls=6240, regioncalls=235520, ndraw=40, logz=-45.91, remainder_fraction=44.7666%, Lmin=-35.29, Lmax=-34.52
09:39:10 [ultranest] [DEBUG] iteration=2520, ncalls=6258, regioncalls=236240, ndraw=40, logz=-45.88, remainder_fraction=43.4100%, Lmin=-35.24, Lmax=-34.52
09:39:10 [ultranest] [DEBUG] iteration=2540, ncalls=6291, regioncalls=237760, ndraw=40, logz=-45.84, remainder_fraction=40.5658%, Lmin=-35.16, Lmax=-34.51
09:39:10 [ultranest] [DEBUG] iteration=2560, ncalls=6322, regioncalls=239000, ndraw=40, logz=-45.79, remainder_fraction=37.9714%, Lmin=-35.10, Lmax=-34.51
09:39:10 [ultranest] [DEBUG] iteration=2578, ncalls=6364, regioncalls=240680, ndraw=40, logz=-45.75, remainder_fraction=35.7176%, Lmin=-35.07, Lmax=-34.50
09:39:10 [ultranest] [DEBUG] iteration=2600, ncalls=6401, regioncalls=242160, ndraw=40, logz=-45.71, remainder_fraction=33.0921%, Lmin=-35.03, Lmax=-34.50
09:39:10 [ultranest] [DEBUG] iteration=2621, ncalls=6442, regioncalls=243800, ndraw=40, logz=-45.68, remainder_fraction=30.6239%, Lmin=-34.98, Lmax=-34.50
09:39:10 [ultranest] [DEBUG] iteration=2640, ncalls=6479, regioncalls=245280, ndraw=40, logz=-45.65, remainder_fraction=28.5361%, Lmin=-34.94, Lmax=-34.50
09:39:10 [ultranest] [DEBUG] iteration=2659, ncalls=6519, regioncalls=246880, ndraw=40, logz=-45.62, remainder_fraction=26.5602%, Lmin=-34.91, Lmax=-34.50
09:39:11 [ultranest] [DEBUG] iteration=2678, ncalls=6566, regioncalls=248760, ndraw=40, logz=-45.60, remainder_fraction=24.7365%, Lmin=-34.88, Lmax=-34.50
09:39:11 [ultranest] [DEBUG] iteration=2680, ncalls=6568, regioncalls=248840, ndraw=40, logz=-45.59, remainder_fraction=24.5446%, Lmin=-34.88, Lmax=-34.50
09:39:11 [ultranest] [DEBUG] iteration=2687, ncalls=6590, regioncalls=249760, ndraw=40, logz=-45.58, remainder_fraction=23.9180%, Lmin=-34.87, Lmax=-34.50
09:39:11 [ultranest] [DEBUG] iteration=2708, ncalls=6627, regioncalls=251280, ndraw=40, logz=-45.56, remainder_fraction=22.0630%, Lmin=-34.85, Lmax=-34.50
09:39:11 [ultranest] [DEBUG] iteration=2720, ncalls=6645, regioncalls=252000, ndraw=40, logz=-45.55, remainder_fraction=21.0542%, Lmin=-34.83, Lmax=-34.50
09:39:11 [ultranest] [DEBUG] iteration=2736, ncalls=6675, regioncalls=253240, ndraw=40, logz=-45.53, remainder_fraction=19.7821%, Lmin=-34.82, Lmax=-34.50
09:39:11 [ultranest] [DEBUG] iteration=2759, ncalls=6712, regioncalls=254720, ndraw=40, logz=-45.51, remainder_fraction=18.0365%, Lmin=-34.79, Lmax=-34.50
09:39:11 [ultranest] [DEBUG] iteration=2760, ncalls=6713, regioncalls=254760, ndraw=40, logz=-45.51, remainder_fraction=17.9583%, Lmin=-34.79, Lmax=-34.50
09:39:11 [ultranest] [DEBUG] iteration=2780, ncalls=6757, regioncalls=256520, ndraw=40, logz=-45.49, remainder_fraction=16.5621%, Lmin=-34.77, Lmax=-34.50
09:39:11 [ultranest] [DEBUG] iteration=2799, ncalls=6794, regioncalls=258000, ndraw=40, logz=-45.48, remainder_fraction=15.3282%, Lmin=-34.74, Lmax=-34.50
09:39:11 [ultranest] [DEBUG] iteration=2800, ncalls=6797, regioncalls=258120, ndraw=40, logz=-45.48, remainder_fraction=15.2612%, Lmin=-34.74, Lmax=-34.50
09:39:11 [ultranest] [DEBUG] iteration=2822, ncalls=6837, regioncalls=259720, ndraw=40, logz=-45.46, remainder_fraction=13.9224%, Lmin=-34.72, Lmax=-34.50
09:39:11 [ultranest] [DEBUG] iteration=2839, ncalls=6881, regioncalls=261480, ndraw=40, logz=-45.45, remainder_fraction=12.9683%, Lmin=-34.71, Lmax=-34.50
09:39:11 [ultranest] [DEBUG] iteration=2840, ncalls=6883, regioncalls=261560, ndraw=40, logz=-45.45, remainder_fraction=12.9159%, Lmin=-34.71, Lmax=-34.50
09:39:12 [ultranest] [DEBUG] iteration=2859, ncalls=6924, regioncalls=263200, ndraw=40, logz=-45.44, remainder_fraction=11.9162%, Lmin=-34.69, Lmax=-34.50
09:39:12 [ultranest] [DEBUG] iteration=2880, ncalls=6971, regioncalls=265080, ndraw=40, logz=-45.43, remainder_fraction=10.9065%, Lmin=-34.67, Lmax=-34.50
09:39:12 [ultranest] [DEBUG] iteration=2883, ncalls=6978, regioncalls=265400, ndraw=40, logz=-45.42, remainder_fraction=10.7681%, Lmin=-34.67, Lmax=-34.50
09:39:12 [ultranest] [DEBUG] iteration=2905, ncalls=7017, regioncalls=266960, ndraw=40, logz=-45.41, remainder_fraction=9.8007%, Lmin=-34.66, Lmax=-34.50
09:39:12 [ultranest] [DEBUG] iteration=2920, ncalls=7040, regioncalls=267880, ndraw=40, logz=-45.41, remainder_fraction=9.1815%, Lmin=-34.65, Lmax=-34.50
09:39:12 [ultranest] [DEBUG] iteration=2932, ncalls=7061, regioncalls=268760, ndraw=40, logz=-45.40, remainder_fraction=8.7210%, Lmin=-34.65, Lmax=-34.50
09:39:12 [ultranest] [DEBUG] iteration=2953, ncalls=7101, regioncalls=270360, ndraw=40, logz=-45.39, remainder_fraction=7.9639%, Lmin=-34.63, Lmax=-34.50
09:39:12 [ultranest] [DEBUG] iteration=2960, ncalls=7114, regioncalls=270880, ndraw=40, logz=-45.39, remainder_fraction=7.7260%, Lmin=-34.63, Lmax=-34.50
09:39:12 [ultranest] [DEBUG] iteration=2981, ncalls=7152, regioncalls=272440, ndraw=40, logz=-45.38, remainder_fraction=7.0458%, Lmin=-34.62, Lmax=-34.50
09:39:12 [ultranest] [DEBUG] iteration=2999, ncalls=7178, regioncalls=273480, ndraw=40, logz=-45.38, remainder_fraction=6.5092%, Lmin=-34.61, Lmax=-34.50
09:39:12 [ultranest] [DEBUG] iteration=3000, ncalls=7179, regioncalls=273520, ndraw=40, logz=-45.38, remainder_fraction=6.4806%, Lmin=-34.61, Lmax=-34.50
09:39:12 [ultranest] [DEBUG] iteration=3004, ncalls=7184, regioncalls=273720, ndraw=40, logz=-45.38, remainder_fraction=6.3689%, Lmin=-34.61, Lmax=-34.50
09:39:12 [ultranest] [DEBUG] iteration=3007, ncalls=7189, regioncalls=273920, ndraw=40, logz=-45.38, remainder_fraction=6.2854%, Lmin=-34.61, Lmax=-34.50
09:39:13 [ultranest] [DEBUG] iteration=3010, ncalls=7197, regioncalls=274240, ndraw=40, logz=-45.37, remainder_fraction=6.2018%, Lmin=-34.61, Lmax=-34.50
09:39:13 [ultranest] [DEBUG] iteration=3014, ncalls=7202, regioncalls=274440, ndraw=40, logz=-45.37, remainder_fraction=6.0927%, Lmin=-34.61, Lmax=-34.50
09:39:13 [ultranest] [INFO] Explored until L=-3e+01  
09:39:13 [ultranest] [INFO] Likelihood function evaluations: 7204
09:39:18 [ultranest] [INFO] Writing samples and results to disk ...
09:39:18 [ultranest] [INFO] Writing samples and results to disk ... done
09:39:18 [ultranest] [DEBUG] did a run_iter pass!
09:39:18 [ultranest] [INFO]   logZ = -45.29 +- 0.1299
09:39:18 [ultranest] [INFO] Effective samples strategy satisfied (ESS = 914.2, need >400)
09:39:18 [ultranest] [INFO] Posterior uncertainty strategy is satisfied (KL: 0.46+-0.09 nat, need <0.50 nat)
09:39:18 [ultranest] [INFO] Evidency uncertainty strategy is satisfied (dlogz=0.14, need <0.5)
09:39:18 [ultranest] [INFO]   logZ error budget: single: 0.21 bs:0.13 tail:0.06 total:0.14 required:<0.50
09:39:18 [ultranest] [INFO] done iterating.
09:39:19 [ultranest] [DEBUG] Making corner plot ...
09:39:20 [ultranest] [DEBUG] Making corner plot ... done
09:39:20 [ultranest] [DEBUG] Making run plot ... 
09:39:21 [ultranest] [DEBUG] Making run plot ... done
09:39:21 [ultranest] [DEBUG] Making trace plot ... 
09:39:22 [ultranest] [DEBUG] Making trace plot ... done
