15:00:26 [ultranest] [DEBUG] ReactiveNestedSampler: dims=3+0, resume=False, log_dir=/home/orion51/Desktop/Research/spectral_fitting/FGL_spectral_fitting/Individual_sources/2CXOJ073717.0+653557/bb_out_, backend=hdf5, vectorized=False, nbootstraps=30, ndraw=128..65536
15:00:26 [ultranest] [INFO] Sampling 400 live points from prior ...
15:00:27 [ultranest] [DEBUG] run_iter dlogz=0.5, dKL=0.5, frac_remain=0.01, Lepsilon=0.1000, min_ess=400
15:00:27 [ultranest] [DEBUG] max_iters=-1, max_ncalls=-1, max_num_improvement_loops=-1, min_num_live_points=400, cluster_num_live_points=40
15:00:27 [ultranest] [DEBUG] minimal_widths_sequence: [(-inf, 400.0), (inf, 400.0)]
15:00:27 [ultranest] [DEBUG] iteration=0, ncalls=401, regioncalls=40, ndraw=40, logz=-inf, remainder_fraction=100.0000%, Lmin=-411791966.22, Lmax=-431.42
15:00:27 [ultranest] [DEBUG] iteration=22, ncalls=423, regioncalls=920, ndraw=40, logz=-1177085.99, remainder_fraction=100.0000%, Lmin=-1081457.18, Lmax=-431.42
15:00:27 [ultranest] [DEBUG] iteration=40, ncalls=441, regioncalls=1640, ndraw=40, logz=-34670.86, remainder_fraction=100.0000%, Lmin=-33919.47, Lmax=-431.42
15:00:27 [ultranest] [DEBUG] Plateau detected at L=-4.106501e+03, not replacing live point.
15:00:27 [ultranest] [DEBUG] Plateau detected at L=-4.106501e+03, not replacing live point.
15:00:27 [ultranest] [DEBUG] Plateau detected at L=-4.106501e+03, not replacing live point.
15:00:27 [ultranest] [DEBUG] Plateau detected at L=-4.106501e+03, not replacing live point.
15:00:27 [ultranest] [DEBUG] Plateau detected at L=-4.106501e+03, not replacing live point.
15:00:27 [ultranest] [DEBUG] Plateau detected at L=-4.106501e+03, not replacing live point.
15:00:27 [ultranest] [DEBUG] Plateau detected at L=-4.106501e+03, not replacing live point.
15:00:27 [ultranest] [DEBUG] Plateau detected at L=-4.106501e+03, not replacing live point.
15:00:27 [ultranest] [DEBUG] Plateau detected at L=-4.106501e+03, not replacing live point.
15:00:27 [ultranest] [DEBUG] Plateau detected at L=-4.106501e+03, not replacing live point.
15:00:27 [ultranest] [DEBUG] Plateau detected at L=-4.106501e+03, not replacing live point.
15:00:27 [ultranest] [DEBUG] Plateau detected at L=-4.106501e+03, not replacing live point.
15:00:27 [ultranest] [DEBUG] Plateau detected at L=-4.106501e+03, not replacing live point.
15:00:27 [ultranest] [DEBUG] Plateau detected at L=-4.106501e+03, not replacing live point.
15:00:27 [ultranest] [DEBUG] Plateau detected at L=-4.106501e+03, not replacing live point.
15:00:27 [ultranest] [DEBUG] Plateau detected at L=-4.106501e+03, not replacing live point.
15:00:27 [ultranest] [DEBUG] Plateau detected at L=-4.106501e+03, not replacing live point.
15:00:27 [ultranest] [DEBUG] Plateau detected at L=-4.106501e+03, not replacing live point.
15:00:27 [ultranest] [DEBUG] Plateau detected at L=-4.106501e+03, not replacing live point.
15:00:27 [ultranest] [DEBUG] Plateau detected at L=-4.106501e+03, not replacing live point.
15:00:27 [ultranest] [DEBUG] Plateau detected at L=-4.106501e+03, not replacing live point.
15:00:27 [ultranest] [DEBUG] Plateau detected at L=-4.106501e+03, not replacing live point.
15:00:27 [ultranest] [DEBUG] Plateau detected at L=-4.106501e+03, not replacing live point.
15:00:27 [ultranest] [DEBUG] Plateau detected at L=-4.106501e+03, not replacing live point.
15:00:27 [ultranest] [DEBUG] Plateau detected at L=-4.106501e+03, not replacing live point.
15:00:27 [ultranest] [DEBUG] Plateau detected at L=-4.106501e+03, not replacing live point.
15:00:27 [ultranest] [DEBUG] Plateau detected at L=-4.106501e+03, not replacing live point.
15:00:27 [ultranest] [DEBUG] Plateau detected at L=-4.106501e+03, not replacing live point.
15:00:27 [ultranest] [DEBUG] Plateau detected at L=-4.106501e+03, not replacing live point.
15:00:27 [ultranest] [DEBUG] Plateau detected at L=-4.106501e+03, not replacing live point.
15:00:27 [ultranest] [DEBUG] Plateau detected at L=-4.106501e+03, not replacing live point.
15:00:27 [ultranest] [DEBUG] Plateau detected at L=-4.106501e+03, not replacing live point.
15:00:27 [ultranest] [DEBUG] Plateau detected at L=-4.106501e+03, not replacing live point.
15:00:27 [ultranest] [DEBUG] Plateau detected at L=-4.106501e+03, not replacing live point.
15:00:27 [ultranest] [DEBUG] Plateau detected at L=-4.106501e+03, not replacing live point.
15:00:27 [ultranest] [DEBUG] Plateau detected at L=-4.106501e+03, not replacing live point.
15:00:27 [ultranest] [DEBUG] Plateau detected at L=-4.106501e+03, not replacing live point.
15:00:27 [ultranest] [DEBUG] Plateau detected at L=-4.106501e+03, not replacing live point.
15:00:27 [ultranest] [DEBUG] Plateau detected at L=-4.106501e+03, not replacing live point.
15:00:27 [ultranest] [DEBUG] Plateau detected at L=-4.106501e+03, not replacing live point.
15:00:27 [ultranest] [DEBUG] Plateau detected at L=-4.106501e+03, not replacing live point.
15:00:27 [ultranest] [DEBUG] Plateau detected at L=-4.106501e+03, not replacing live point.
15:00:27 [ultranest] [DEBUG] Plateau detected at L=-4.106501e+03, not replacing live point.
15:00:27 [ultranest] [DEBUG] Plateau detected at L=-4.106501e+03, not replacing live point.
15:00:27 [ultranest] [DEBUG] Plateau detected at L=-4.106501e+03, not replacing live point.
15:00:27 [ultranest] [DEBUG] Plateau detected at L=-4.106501e+03, not replacing live point.
15:00:27 [ultranest] [DEBUG] Plateau detected at L=-4.106501e+03, not replacing live point.
15:00:27 [ultranest] [DEBUG] Plateau detected at L=-4.106501e+03, not replacing live point.
15:00:27 [ultranest] [DEBUG] Plateau detected at L=-4.106501e+03, not replacing live point.
15:00:27 [ultranest] [DEBUG] Plateau detected at L=-4.106501e+03, not replacing live point.
15:00:27 [ultranest] [DEBUG] Plateau detected at L=-4.106501e+03, not replacing live point.
15:00:27 [ultranest] [DEBUG] Plateau detected at L=-4.106501e+03, not replacing live point.
15:00:27 [ultranest] [DEBUG] Plateau detected at L=-4.106501e+03, not replacing live point.
15:00:27 [ultranest] [DEBUG] Plateau detected at L=-4.106501e+03, not replacing live point.
15:00:27 [ultranest] [DEBUG] Plateau detected at L=-4.106501e+03, not replacing live point.
15:00:27 [ultranest] [DEBUG] Plateau detected at L=-4.106501e+03, not replacing live point.
15:00:27 [ultranest] [DEBUG] Plateau detected at L=-4.106501e+03, not replacing live point.
15:00:27 [ultranest] [DEBUG] Plateau detected at L=-4.106501e+03, not replacing live point.
15:00:27 [ultranest] [DEBUG] Plateau detected at L=-4.106501e+03, not replacing live point.
15:00:27 [ultranest] [DEBUG] Plateau detected at L=-4.106501e+03, not replacing live point.
15:00:27 [ultranest] [DEBUG] Plateau detected at L=-4.106501e+03, not replacing live point.
15:00:27 [ultranest] [DEBUG] Plateau detected at L=-4.106501e+03, not replacing live point.
15:00:27 [ultranest] [DEBUG] Plateau detected at L=-4.106501e+03, not replacing live point.
15:00:27 [ultranest] [DEBUG] Plateau detected at L=-4.106501e+03, not replacing live point.
15:00:27 [ultranest] [DEBUG] Plateau detected at L=-4.106501e+03, not replacing live point.
15:00:27 [ultranest] [DEBUG] Plateau detected at L=-4.106501e+03, not replacing live point.
15:00:27 [ultranest] [DEBUG] Plateau detected at L=-4.106501e+03, not replacing live point.
15:00:27 [ultranest] [DEBUG] Plateau detected at L=-4.106501e+03, not replacing live point.
15:00:27 [ultranest] [DEBUG] Plateau detected at L=-4.106501e+03, not replacing live point.
15:00:27 [ultranest] [DEBUG] Plateau detected at L=-4.106501e+03, not replacing live point.
15:00:27 [ultranest] [DEBUG] Plateau detected at L=-4.106501e+03, not replacing live point.
15:00:27 [ultranest] [DEBUG] Plateau detected at L=-4.106501e+03, not replacing live point.
15:00:27 [ultranest] [DEBUG] Plateau detected at L=-4.106501e+03, not replacing live point.
15:00:27 [ultranest] [DEBUG] Plateau detected at L=-4.106501e+03, not replacing live point.
15:00:27 [ultranest] [DEBUG] Plateau detected at L=-4.106501e+03, not replacing live point.
15:00:27 [ultranest] [DEBUG] Plateau detected at L=-4.106501e+03, not replacing live point.
15:00:27 [ultranest] [DEBUG] Plateau detected at L=-4.106501e+03, not replacing live point.
15:00:27 [ultranest] [DEBUG] Plateau detected at L=-4.106501e+03, not replacing live point.
15:00:27 [ultranest] [DEBUG] Plateau detected at L=-4.106501e+03, not replacing live point.
15:00:27 [ultranest] [DEBUG] Plateau detected at L=-4.106501e+03, not replacing live point.
15:00:27 [ultranest] [DEBUG] Plateau detected at L=-4.106501e+03, not replacing live point.
15:00:27 [ultranest] [DEBUG] Plateau detected at L=-4.106501e+03, not replacing live point.
15:00:27 [ultranest] [DEBUG] Plateau detected at L=-4.106501e+03, not replacing live point.
15:00:27 [ultranest] [DEBUG] Plateau detected at L=-4.106501e+03, not replacing live point.
15:00:27 [ultranest] [DEBUG] Plateau detected at L=-4.106501e+03, not replacing live point.
15:00:27 [ultranest] [DEBUG] Plateau detected at L=-4.106501e+03, not replacing live point.
15:00:27 [ultranest] [DEBUG] Plateau detected at L=-4.106501e+03, not replacing live point.
15:00:27 [ultranest] [DEBUG] Plateau detected at L=-4.106501e+03, not replacing live point.
15:00:27 [ultranest] [DEBUG] Plateau detected at L=-4.106501e+03, not replacing live point.
15:00:27 [ultranest] [DEBUG] Plateau detected at L=-4.106501e+03, not replacing live point.
15:00:27 [ultranest] [DEBUG] Plateau detected at L=-4.106501e+03, not replacing live point.
15:00:27 [ultranest] [DEBUG] Plateau detected at L=-4.106501e+03, not replacing live point.
15:00:27 [ultranest] [DEBUG] Plateau detected at L=-4.106501e+03, not replacing live point.
15:00:27 [ultranest] [DEBUG] Plateau detected at L=-4.106501e+03, not replacing live point.
15:00:27 [ultranest] [DEBUG] Plateau detected at L=-4.106501e+03, not replacing live point.
15:00:27 [ultranest] [DEBUG] Plateau detected at L=-4.106501e+03, not replacing live point.
15:00:27 [ultranest] [DEBUG] Plateau detected at L=-4.106501e+03, not replacing live point.
15:00:27 [ultranest] [DEBUG] Plateau detected at L=-4.106501e+03, not replacing live point.
15:00:27 [ultranest] [DEBUG] Plateau detected at L=-4.106501e+03, not replacing live point.
15:00:27 [ultranest] [DEBUG] Plateau detected at L=-4.106501e+03, not replacing live point.
15:00:27 [ultranest] [DEBUG] Plateau detected at L=-4.106501e+03, not replacing live point.
15:00:27 [ultranest] [DEBUG] Plateau detected at L=-4.106501e+03, not replacing live point.
15:00:27 [ultranest] [DEBUG] Plateau detected at L=-4.106501e+03, not replacing live point.
15:00:27 [ultranest] [DEBUG] Plateau detected at L=-4.106501e+03, not replacing live point.
15:00:27 [ultranest] [DEBUG] Plateau detected at L=-4.106501e+03, not replacing live point.
15:00:27 [ultranest] [DEBUG] Plateau detected at L=-4.106501e+03, not replacing live point.
15:00:27 [ultranest] [DEBUG] Plateau detected at L=-4.106501e+03, not replacing live point.
15:00:27 [ultranest] [DEBUG] Plateau detected at L=-4.106501e+03, not replacing live point.
15:00:27 [ultranest] [DEBUG] Plateau detected at L=-4.106501e+03, not replacing live point.
15:00:27 [ultranest] [DEBUG] Plateau detected at L=-4.106501e+03, not replacing live point.
15:00:27 [ultranest] [DEBUG] Plateau detected at L=-4.106501e+03, not replacing live point.
15:00:27 [ultranest] [DEBUG] Plateau detected at L=-4.106501e+03, not replacing live point.
15:00:27 [ultranest] [DEBUG] Plateau detected at L=-4.106501e+03, not replacing live point.
15:00:27 [ultranest] [DEBUG] Plateau detected at L=-4.106501e+03, not replacing live point.
15:00:27 [ultranest] [DEBUG] Plateau detected at L=-4.106501e+03, not replacing live point.
15:00:27 [ultranest] [DEBUG] Plateau detected at L=-4.106501e+03, not replacing live point.
15:00:27 [ultranest] [DEBUG] Plateau detected at L=-4.106501e+03, not replacing live point.
15:00:27 [ultranest] [DEBUG] Plateau detected at L=-4.106501e+03, not replacing live point.
15:00:27 [ultranest] [DEBUG] Plateau detected at L=-4.106501e+03, not replacing live point.
15:00:27 [ultranest] [DEBUG] Plateau detected at L=-4.106501e+03, not replacing live point.
15:00:27 [ultranest] [DEBUG] Plateau detected at L=-4.106501e+03, not replacing live point.
15:00:27 [ultranest] [DEBUG] Plateau detected at L=-4.106501e+03, not replacing live point.
15:00:27 [ultranest] [DEBUG] Plateau detected at L=-4.106501e+03, not replacing live point.
15:00:27 [ultranest] [DEBUG] Plateau detected at L=-4.106501e+03, not replacing live point.
15:00:27 [ultranest] [DEBUG] Plateau detected at L=-4.106501e+03, not replacing live point.
15:00:27 [ultranest] [DEBUG] Plateau detected at L=-4.106501e+03, not replacing live point.
15:00:27 [ultranest] [DEBUG] Plateau detected at L=-4.106501e+03, not replacing live point.
15:00:27 [ultranest] [DEBUG] Plateau detected at L=-4.106501e+03, not replacing live point.
15:00:27 [ultranest] [DEBUG] Plateau detected at L=-4.106501e+03, not replacing live point.
15:00:27 [ultranest] [DEBUG] Plateau detected at L=-4.106501e+03, not replacing live point.
15:00:27 [ultranest] [DEBUG] Plateau detected at L=-4.106501e+03, not replacing live point.
15:00:27 [ultranest] [DEBUG] Plateau detected at L=-4.106501e+03, not replacing live point.
15:00:27 [ultranest] [DEBUG] Plateau detected at L=-4.106501e+03, not replacing live point.
15:00:27 [ultranest] [DEBUG] Plateau detected at L=-4.106501e+03, not replacing live point.
15:00:27 [ultranest] [DEBUG] Plateau detected at L=-4.106501e+03, not replacing live point.
15:00:27 [ultranest] [DEBUG] Plateau detected at L=-4.106501e+03, not replacing live point.
15:00:27 [ultranest] [DEBUG] Plateau detected at L=-4.106501e+03, not replacing live point.
15:00:27 [ultranest] [DEBUG] Plateau detected at L=-4.106501e+03, not replacing live point.
15:00:27 [ultranest] [DEBUG] Plateau detected at L=-4.106501e+03, not replacing live point.
15:00:27 [ultranest] [DEBUG] Plateau detected at L=-4.106501e+03, not replacing live point.
15:00:27 [ultranest] [DEBUG] Plateau detected at L=-4.106501e+03, not replacing live point.
15:00:27 [ultranest] [DEBUG] Plateau detected at L=-4.106501e+03, not replacing live point.
15:00:27 [ultranest] [DEBUG] Plateau detected at L=-4.106501e+03, not replacing live point.
15:00:27 [ultranest] [DEBUG] Plateau detected at L=-4.106501e+03, not replacing live point.
15:00:27 [ultranest] [DEBUG] Plateau detected at L=-4.106501e+03, not replacing live point.
15:00:27 [ultranest] [DEBUG] Plateau detected at L=-4.106501e+03, not replacing live point.
15:00:27 [ultranest] [DEBUG] Plateau detected at L=-4.106501e+03, not replacing live point.
15:00:27 [ultranest] [DEBUG] Plateau detected at L=-4.106501e+03, not replacing live point.
15:00:27 [ultranest] [DEBUG] Plateau detected at L=-4.106501e+03, not replacing live point.
15:00:27 [ultranest] [DEBUG] Plateau detected at L=-4.106501e+03, not replacing live point.
15:00:27 [ultranest] [DEBUG] Plateau detected at L=-4.106501e+03, not replacing live point.
15:00:27 [ultranest] [DEBUG] Plateau detected at L=-4.106501e+03, not replacing live point.
15:00:27 [ultranest] [DEBUG] Plateau detected at L=-4.106501e+03, not replacing live point.
15:00:27 [ultranest] [DEBUG] Plateau detected at L=-4.106501e+03, not replacing live point.
15:00:27 [ultranest] [DEBUG] Plateau detected at L=-4.106501e+03, not replacing live point.
15:00:27 [ultranest] [DEBUG] Plateau detected at L=-4.106501e+03, not replacing live point.
15:00:27 [ultranest] [DEBUG] Plateau detected at L=-4.106501e+03, not replacing live point.
15:00:27 [ultranest] [DEBUG] Plateau detected at L=-4.106501e+03, not replacing live point.
15:00:27 [ultranest] [DEBUG] Plateau detected at L=-4.106501e+03, not replacing live point.
15:00:27 [ultranest] [DEBUG] Plateau detected at L=-4.106501e+03, not replacing live point.
15:00:27 [ultranest] [DEBUG] Plateau detected at L=-4.106501e+03, not replacing live point.
15:00:27 [ultranest] [DEBUG] Plateau detected at L=-4.106501e+03, not replacing live point.
15:00:27 [ultranest] [DEBUG] Plateau detected at L=-4.106501e+03, not replacing live point.
15:00:27 [ultranest] [DEBUG] Plateau detected at L=-4.106501e+03, not replacing live point.
15:00:27 [ultranest] [DEBUG] Plateau detected at L=-4.106501e+03, not replacing live point.
15:00:27 [ultranest] [DEBUG] Plateau detected at L=-4.106501e+03, not replacing live point.
15:00:27 [ultranest] [DEBUG] Plateau detected at L=-4.106501e+03, not replacing live point.
15:00:27 [ultranest] [DEBUG] Plateau detected at L=-4.106501e+03, not replacing live point.
15:00:27 [ultranest] [DEBUG] Plateau detected at L=-4.106501e+03, not replacing live point.
15:00:27 [ultranest] [DEBUG] Plateau detected at L=-4.106501e+03, not replacing live point.
15:00:27 [ultranest] [DEBUG] Plateau detected at L=-4.106501e+03, not replacing live point.
15:00:27 [ultranest] [DEBUG] Plateau detected at L=-4.106501e+03, not replacing live point.
15:00:27 [ultranest] [DEBUG] Plateau detected at L=-4.106501e+03, not replacing live point.
15:00:27 [ultranest] [DEBUG] Plateau detected at L=-4.106501e+03, not replacing live point.
15:00:27 [ultranest] [DEBUG] Plateau detected at L=-4.106501e+03, not replacing live point.
15:00:27 [ultranest] [DEBUG] Plateau detected at L=-4.106501e+03, not replacing live point.
15:00:27 [ultranest] [DEBUG] Plateau detected at L=-4.106501e+03, not replacing live point.
15:00:27 [ultranest] [DEBUG] Plateau detected at L=-4.106501e+03, not replacing live point.
15:00:27 [ultranest] [DEBUG] Plateau detected at L=-4.106501e+03, not replacing live point.
15:00:27 [ultranest] [DEBUG] Plateau detected at L=-4.106501e+03, not replacing live point.
15:00:27 [ultranest] [DEBUG] Plateau detected at L=-4.106501e+03, not replacing live point.
15:00:27 [ultranest] [DEBUG] Plateau detected at L=-4.106501e+03, not replacing live point.
15:00:27 [ultranest] [DEBUG] Plateau detected at L=-4.106501e+03, not replacing live point.
15:00:27 [ultranest] [DEBUG] Plateau detected at L=-4.106501e+03, not replacing live point.
15:00:27 [ultranest] [DEBUG] Plateau detected at L=-4.106501e+03, not replacing live point.
15:00:27 [ultranest] [DEBUG] Plateau detected at L=-4.106501e+03, not replacing live point.
15:00:27 [ultranest] [DEBUG] Plateau detected at L=-4.106501e+03, not replacing live point.
15:00:27 [ultranest] [DEBUG] Plateau detected at L=-4.106501e+03, not replacing live point.
15:00:27 [ultranest] [DEBUG] Plateau detected at L=-4.106501e+03, not replacing live point.
15:00:27 [ultranest] [DEBUG] Plateau detected at L=-4.106501e+03, not replacing live point.
15:00:27 [ultranest] [DEBUG] Plateau detected at L=-4.106501e+03, not replacing live point.
15:00:27 [ultranest] [DEBUG] Plateau detected at L=-4.106501e+03, not replacing live point.
15:00:27 [ultranest] [DEBUG] Plateau detected at L=-4.106501e+03, not replacing live point.
15:00:27 [ultranest] [DEBUG] Plateau detected at L=-4.106501e+03, not replacing live point.
15:00:27 [ultranest] [DEBUG] Plateau detected at L=-4.106501e+03, not replacing live point.
15:00:27 [ultranest] [DEBUG] Plateau detected at L=-4.106501e+03, not replacing live point.
15:00:27 [ultranest] [DEBUG] Plateau detected at L=-4.106501e+03, not replacing live point.
15:00:27 [ultranest] [DEBUG] Plateau detected at L=-4.106501e+03, not replacing live point.
15:00:27 [ultranest] [DEBUG] iteration=262, ncalls=466, regioncalls=2640, ndraw=40, logz=-4107.36, remainder_fraction=100.0000%, Lmin=-4106.50, Lmax=-431.42
15:00:27 [ultranest] [DEBUG] Plateau detected at L=-4.106501e+03, not replacing live point.
15:00:27 [ultranest] [DEBUG] Plateau detected at L=-4.106501e+03, not replacing live point.
15:00:27 [ultranest] [DEBUG] Plateau detected at L=-4.106501e+03, not replacing live point.
15:00:27 [ultranest] [DEBUG] Plateau detected at L=-4.106501e+03, not replacing live point.
15:00:27 [ultranest] [DEBUG] Plateau detected at L=-4.106501e+03, not replacing live point.
15:00:27 [ultranest] [DEBUG] Plateau detected at L=-4.106501e+03, not replacing live point.
15:00:27 [ultranest] [DEBUG] iteration=269, ncalls=468, regioncalls=2720, ndraw=40, logz=-4107.33, remainder_fraction=100.0000%, Lmin=-4106.50, Lmax=-431.42
15:00:27 [ultranest] [DEBUG] Plateau detected at L=-4.106501e+03, not replacing live point.
15:00:27 [ultranest] [DEBUG] Plateau detected at L=-4.106501e+03, not replacing live point.
15:00:27 [ultranest] [DEBUG] iteration=272, ncalls=472, regioncalls=2880, ndraw=40, logz=-4107.31, remainder_fraction=100.0000%, Lmin=-4106.50, Lmax=-431.42
15:00:27 [ultranest] [DEBUG] Plateau detected at L=-4.106501e+03, not replacing live point.
15:00:27 [ultranest] [DEBUG] iteration=275, ncalls=477, regioncalls=3080, ndraw=40, logz=-4107.30, remainder_fraction=100.0000%, Lmin=-4106.50, Lmax=-431.42
15:00:27 [ultranest] [DEBUG] iteration=280, ncalls=488, regioncalls=3520, ndraw=40, logz=-4107.28, remainder_fraction=100.0000%, Lmin=-4106.50, Lmax=-431.42
15:00:27 [ultranest] [DEBUG] iteration=299, ncalls=514, regioncalls=4560, ndraw=40, logz=-4107.20, remainder_fraction=100.0000%, Lmin=-4106.50, Lmax=-431.42
15:00:27 [ultranest] [DEBUG] iteration=312, ncalls=546, regioncalls=5840, ndraw=40, logz=-4107.16, remainder_fraction=100.0000%, Lmin=-4106.50, Lmax=-431.42
15:00:27 [ultranest] [DEBUG] iteration=319, ncalls=556, regioncalls=6240, ndraw=40, logz=-4107.13, remainder_fraction=100.0000%, Lmin=-4106.50, Lmax=-431.42
15:00:27 [ultranest] [DEBUG] iteration=320, ncalls=557, regioncalls=6280, ndraw=40, logz=-4107.13, remainder_fraction=100.0000%, Lmin=-4106.50, Lmax=-431.42
15:00:28 [ultranest] [DEBUG] iteration=336, ncalls=585, regioncalls=7400, ndraw=40, logz=-4107.08, remainder_fraction=100.0000%, Lmin=-4106.50, Lmax=-431.42
15:00:28 [ultranest] [DEBUG] iteration=351, ncalls=615, regioncalls=8600, ndraw=40, logz=-4107.04, remainder_fraction=100.0000%, Lmin=-4106.50, Lmax=-431.42
15:00:28 [ultranest] [DEBUG] iteration=360, ncalls=627, regioncalls=9080, ndraw=40, logz=-4107.02, remainder_fraction=100.0000%, Lmin=-4106.49, Lmax=-431.42
15:00:28 [ultranest] [DEBUG] iteration=363, ncalls=634, regioncalls=9360, ndraw=40, logz=-4107.02, remainder_fraction=100.0000%, Lmin=-4106.49, Lmax=-431.42
15:00:28 [ultranest] [DEBUG] iteration=375, ncalls=659, regioncalls=10360, ndraw=40, logz=-4106.99, remainder_fraction=100.0000%, Lmin=-4106.47, Lmax=-431.42
15:00:28 [ultranest] [DEBUG] iteration=392, ncalls=687, regioncalls=11480, ndraw=40, logz=-4106.96, remainder_fraction=100.0000%, Lmin=-4106.37, Lmax=-431.42
15:00:28 [ultranest] [DEBUG] iteration=400, ncalls=703, regioncalls=12120, ndraw=40, logz=-4106.94, remainder_fraction=100.0000%, Lmin=-4106.13, Lmax=-431.42
15:00:28 [ultranest] [DEBUG] iteration=407, ncalls=718, regioncalls=12720, ndraw=40, logz=-4106.92, remainder_fraction=100.0000%, Lmin=-4105.86, Lmax=-431.42
15:00:28 [ultranest] [DEBUG] iteration=422, ncalls=744, regioncalls=13760, ndraw=40, logz=-4106.84, remainder_fraction=100.0000%, Lmin=-4104.71, Lmax=-431.42
15:00:28 [ultranest] [DEBUG] iteration=438, ncalls=772, regioncalls=14880, ndraw=40, logz=-4106.53, remainder_fraction=100.0000%, Lmin=-4102.44, Lmax=-431.42
15:00:28 [ultranest] [DEBUG] iteration=440, ncalls=779, regioncalls=15160, ndraw=40, logz=-4106.41, remainder_fraction=100.0000%, Lmin=-4101.93, Lmax=-431.42
15:00:28 [ultranest] [DEBUG] iteration=452, ncalls=807, regioncalls=16280, ndraw=40, logz=-4105.29, remainder_fraction=100.0000%, Lmin=-4100.11, Lmax=-431.42
15:00:29 [ultranest] [DEBUG] iteration=464, ncalls=837, regioncalls=17480, ndraw=40, logz=-4103.23, remainder_fraction=100.0000%, Lmin=-4097.63, Lmax=-431.42
15:00:29 [ultranest] [DEBUG] iteration=480, ncalls=862, regioncalls=18480, ndraw=40, logz=-4098.66, remainder_fraction=100.0000%, Lmin=-4091.72, Lmax=-431.42
15:00:29 [ultranest] [DEBUG] iteration=492, ncalls=894, regioncalls=19760, ndraw=40, logz=-4087.54, remainder_fraction=100.0000%, Lmin=-4079.61, Lmax=-431.42
15:00:29 [ultranest] [DEBUG] iteration=495, ncalls=902, regioncalls=20080, ndraw=40, logz=-4085.30, remainder_fraction=100.0000%, Lmin=-4077.74, Lmax=-431.42
15:00:29 [ultranest] [DEBUG] iteration=503, ncalls=928, regioncalls=21120, ndraw=40, logz=-4081.09, remainder_fraction=100.0000%, Lmin=-4074.09, Lmax=-431.42
15:00:29 [ultranest] [DEBUG] iteration=519, ncalls=958, regioncalls=22320, ndraw=40, logz=-4062.66, remainder_fraction=100.0000%, Lmin=-4055.02, Lmax=-431.42
15:00:29 [ultranest] [DEBUG] iteration=520, ncalls=961, regioncalls=22440, ndraw=40, logz=-4061.86, remainder_fraction=100.0000%, Lmin=-4054.69, Lmax=-431.42
15:00:29 [ultranest] [DEBUG] iteration=533, ncalls=992, regioncalls=23680, ndraw=40, logz=-4042.08, remainder_fraction=100.0000%, Lmin=-4031.62, Lmax=-431.42
15:00:29 [ultranest] [DEBUG] iteration=543, ncalls=1020, regioncalls=24800, ndraw=40, logz=-4023.44, remainder_fraction=100.0000%, Lmin=-4010.09, Lmax=-431.42
15:00:29 [ultranest] [DEBUG] iteration=554, ncalls=1049, regioncalls=25960, ndraw=40, logz=-4004.43, remainder_fraction=100.0000%, Lmin=-3995.38, Lmax=-431.42
15:00:29 [ultranest] [DEBUG] iteration=560, ncalls=1073, regioncalls=26920, ndraw=40, logz=-3996.86, remainder_fraction=100.0000%, Lmin=-3988.22, Lmax=-431.42
15:00:29 [ultranest] [DEBUG] iteration=573, ncalls=1103, regioncalls=28120, ndraw=40, logz=-3949.77, remainder_fraction=100.0000%, Lmin=-3937.33, Lmax=-431.42
15:00:30 [ultranest] [DEBUG] iteration=585, ncalls=1134, regioncalls=29360, ndraw=40, logz=-3890.84, remainder_fraction=100.0000%, Lmin=-3879.46, Lmax=-431.42
15:00:30 [ultranest] [DEBUG] iteration=599, ncalls=1165, regioncalls=30600, ndraw=40, logz=-3831.11, remainder_fraction=100.0000%, Lmin=-3821.70, Lmax=-431.42
15:00:30 [ultranest] [DEBUG] iteration=600, ncalls=1166, regioncalls=30640, ndraw=40, logz=-3829.36, remainder_fraction=100.0000%, Lmin=-3817.61, Lmax=-431.42
15:00:30 [ultranest] [DEBUG] iteration=614, ncalls=1197, regioncalls=31880, ndraw=40, logz=-3774.22, remainder_fraction=100.0000%, Lmin=-3763.79, Lmax=-431.42
15:00:30 [ultranest] [DEBUG] iteration=625, ncalls=1238, regioncalls=33520, ndraw=40, logz=-3741.63, remainder_fraction=100.0000%, Lmin=-3732.69, Lmax=-431.42
15:00:30 [ultranest] [DEBUG] iteration=635, ncalls=1269, regioncalls=34760, ndraw=40, logz=-3666.78, remainder_fraction=100.0000%, Lmin=-3651.32, Lmax=-431.42
15:00:30 [ultranest] [DEBUG] iteration=640, ncalls=1278, regioncalls=35120, ndraw=40, logz=-3636.50, remainder_fraction=100.0000%, Lmin=-3628.03, Lmax=-431.42
15:00:30 [ultranest] [DEBUG] iteration=650, ncalls=1310, regioncalls=36400, ndraw=40, logz=-3566.41, remainder_fraction=100.0000%, Lmin=-3555.04, Lmax=-431.42
15:00:30 [ultranest] [DEBUG] iteration=659, ncalls=1351, regioncalls=38040, ndraw=40, logz=-3514.83, remainder_fraction=100.0000%, Lmin=-3486.41, Lmax=-431.42
15:00:30 [ultranest] [DEBUG] iteration=668, ncalls=1383, regioncalls=39320, ndraw=40, logz=-3439.27, remainder_fraction=100.0000%, Lmin=-3417.49, Lmax=-431.42
15:00:30 [ultranest] [DEBUG] iteration=671, ncalls=1387, regioncalls=39480, ndraw=40, logz=-3421.00, remainder_fraction=100.0000%, Lmin=-3403.05, Lmax=-431.42
15:00:31 [ultranest] [DEBUG] iteration=680, ncalls=1407, regioncalls=40280, ndraw=40, logz=-3344.71, remainder_fraction=100.0000%, Lmin=-3333.27, Lmax=-431.42
15:00:31 [ultranest] [DEBUG] iteration=694, ncalls=1437, regioncalls=41480, ndraw=40, logz=-3243.41, remainder_fraction=100.0000%, Lmin=-3233.77, Lmax=-431.42
15:00:31 [ultranest] [DEBUG] iteration=706, ncalls=1472, regioncalls=42880, ndraw=40, logz=-3161.61, remainder_fraction=100.0000%, Lmin=-3151.58, Lmax=-431.42
15:00:31 [ultranest] [DEBUG] iteration=719, ncalls=1501, regioncalls=44040, ndraw=40, logz=-3038.67, remainder_fraction=100.0000%, Lmin=-3027.60, Lmax=-414.54
15:00:31 [ultranest] [DEBUG] iteration=720, ncalls=1502, regioncalls=44080, ndraw=40, logz=-3036.00, remainder_fraction=100.0000%, Lmin=-3023.73, Lmax=-414.54
15:00:31 [ultranest] [DEBUG] iteration=728, ncalls=1531, regioncalls=45240, ndraw=40, logz=-3004.23, remainder_fraction=100.0000%, Lmin=-2981.91, Lmax=-414.54
15:00:31 [ultranest] [DEBUG] iteration=741, ncalls=1562, regioncalls=46480, ndraw=40, logz=-2889.87, remainder_fraction=100.0000%, Lmin=-2878.06, Lmax=-414.54
15:00:31 [ultranest] [DEBUG] iteration=753, ncalls=1599, regioncalls=47960, ndraw=40, logz=-2839.77, remainder_fraction=100.0000%, Lmin=-2822.06, Lmax=-414.54
15:00:31 [ultranest] [DEBUG] iteration=759, ncalls=1609, regioncalls=48360, ndraw=40, logz=-2804.69, remainder_fraction=100.0000%, Lmin=-2756.64, Lmax=-414.54
15:00:31 [ultranest] [DEBUG] iteration=760, ncalls=1613, regioncalls=48520, ndraw=40, logz=-2765.32, remainder_fraction=100.0000%, Lmin=-2746.36, Lmax=-414.54
15:00:31 [ultranest] [DEBUG] iteration=772, ncalls=1641, regioncalls=49680, ndraw=40, logz=-2692.46, remainder_fraction=100.0000%, Lmin=-2669.00, Lmax=-414.54
15:00:31 [ultranest] [DEBUG] iteration=782, ncalls=1672, regioncalls=50920, ndraw=40, logz=-2604.22, remainder_fraction=100.0000%, Lmin=-2584.25, Lmax=-414.54
15:00:32 [ultranest] [DEBUG] iteration=791, ncalls=1710, regioncalls=52440, ndraw=40, logz=-2555.00, remainder_fraction=100.0000%, Lmin=-2544.31, Lmax=-402.11
15:00:32 [ultranest] [DEBUG] iteration=800, ncalls=1732, regioncalls=53320, ndraw=40, logz=-2508.60, remainder_fraction=100.0000%, Lmin=-2476.46, Lmax=-402.11
15:00:32 [ultranest] [DEBUG] iteration=814, ncalls=1759, regioncalls=54400, ndraw=40, logz=-2402.10, remainder_fraction=100.0000%, Lmin=-2391.93, Lmax=-402.11
15:00:32 [ultranest] [DEBUG] iteration=824, ncalls=1789, regioncalls=55600, ndraw=40, logz=-2320.27, remainder_fraction=100.0000%, Lmin=-2296.70, Lmax=-402.11
15:00:32 [ultranest] [DEBUG] iteration=836, ncalls=1825, regioncalls=57040, ndraw=40, logz=-2271.51, remainder_fraction=100.0000%, Lmin=-2254.39, Lmax=-402.11
15:00:32 [ultranest] [DEBUG] iteration=840, ncalls=1842, regioncalls=57720, ndraw=40, logz=-2221.52, remainder_fraction=100.0000%, Lmin=-2208.08, Lmax=-402.11
15:00:32 [ultranest] [DEBUG] iteration=847, ncalls=1866, regioncalls=58720, ndraw=40, logz=-2176.38, remainder_fraction=100.0000%, Lmin=-2160.10, Lmax=-402.11
15:00:32 [ultranest] [DEBUG] iteration=854, ncalls=1904, regioncalls=60240, ndraw=40, logz=-2144.06, remainder_fraction=100.0000%, Lmin=-2134.64, Lmax=-402.11
15:00:32 [ultranest] [DEBUG] iteration=864, ncalls=1939, regioncalls=61640, ndraw=40, logz=-2102.22, remainder_fraction=100.0000%, Lmin=-2084.11, Lmax=-402.11
15:00:32 [ultranest] [DEBUG] iteration=874, ncalls=1969, regioncalls=62840, ndraw=40, logz=-2040.42, remainder_fraction=100.0000%, Lmin=-2025.19, Lmax=-402.11
15:00:33 [ultranest] [DEBUG] iteration=880, ncalls=1993, regioncalls=63800, ndraw=40, logz=-2019.14, remainder_fraction=100.0000%, Lmin=-2003.33, Lmax=-402.11
15:00:33 [ultranest] [DEBUG] iteration=891, ncalls=2021, regioncalls=64920, ndraw=40, logz=-1957.60, remainder_fraction=100.0000%, Lmin=-1948.15, Lmax=-402.11
15:00:33 [ultranest] [DEBUG] iteration=901, ncalls=2054, regioncalls=66240, ndraw=40, logz=-1916.13, remainder_fraction=100.0000%, Lmin=-1903.87, Lmax=-402.11
15:00:33 [ultranest] [DEBUG] iteration=911, ncalls=2087, regioncalls=67560, ndraw=40, logz=-1861.67, remainder_fraction=100.0000%, Lmin=-1850.46, Lmax=-402.11
15:00:33 [ultranest] [DEBUG] iteration=918, ncalls=2118, regioncalls=68800, ndraw=40, logz=-1841.42, remainder_fraction=100.0000%, Lmin=-1823.90, Lmax=-402.11
15:00:33 [ultranest] [DEBUG] iteration=920, ncalls=2127, regioncalls=69160, ndraw=40, logz=-1831.97, remainder_fraction=100.0000%, Lmin=-1816.77, Lmax=-402.11
15:00:33 [ultranest] [DEBUG] iteration=929, ncalls=2160, regioncalls=70480, ndraw=40, logz=-1739.98, remainder_fraction=100.0000%, Lmin=-1725.13, Lmax=-402.11
15:00:33 [ultranest] [DEBUG] iteration=935, ncalls=2184, regioncalls=71520, ndraw=40, logz=-1709.90, remainder_fraction=100.0000%, Lmin=-1692.13, Lmax=-402.11
15:00:33 [ultranest] [DEBUG] iteration=947, ncalls=2210, regioncalls=72560, ndraw=40, logz=-1660.62, remainder_fraction=100.0000%, Lmin=-1646.31, Lmax=-402.11
15:00:33 [ultranest] [DEBUG] iteration=960, ncalls=2239, regioncalls=73840, ndraw=40, logz=-1597.66, remainder_fraction=100.0000%, Lmin=-1587.30, Lmax=-402.11
15:00:33 [ultranest] [DEBUG] iteration=970, ncalls=2270, regioncalls=75080, ndraw=40, logz=-1551.61, remainder_fraction=100.0000%, Lmin=-1541.63, Lmax=-402.11
15:00:34 [ultranest] [DEBUG] iteration=979, ncalls=2307, regioncalls=76560, ndraw=40, logz=-1511.35, remainder_fraction=100.0000%, Lmin=-1499.80, Lmax=-402.11
15:00:34 [ultranest] [DEBUG] iteration=989, ncalls=2337, regioncalls=77760, ndraw=40, logz=-1437.58, remainder_fraction=100.0000%, Lmin=-1425.79, Lmax=-402.11
15:00:34 [ultranest] [DEBUG] iteration=1000, ncalls=2357, regioncalls=78560, ndraw=40, logz=-1371.50, remainder_fraction=100.0000%, Lmin=-1360.65, Lmax=-402.11
15:00:34 [ultranest] [DEBUG] iteration=1014, ncalls=2385, regioncalls=79720, ndraw=40, logz=-1319.66, remainder_fraction=100.0000%, Lmin=-1301.15, Lmax=-402.11
15:00:34 [ultranest] [DEBUG] iteration=1025, ncalls=2413, regioncalls=80840, ndraw=40, logz=-1279.83, remainder_fraction=100.0000%, Lmin=-1267.05, Lmax=-402.11
15:00:34 [ultranest] [DEBUG] iteration=1036, ncalls=2442, regioncalls=82000, ndraw=40, logz=-1225.14, remainder_fraction=100.0000%, Lmin=-1213.39, Lmax=-402.11
15:00:34 [ultranest] [DEBUG] iteration=1040, ncalls=2446, regioncalls=82160, ndraw=40, logz=-1216.25, remainder_fraction=100.0000%, Lmin=-1206.33, Lmax=-402.11
15:00:34 [ultranest] [DEBUG] iteration=1044, ncalls=2487, regioncalls=83800, ndraw=40, logz=-1204.55, remainder_fraction=100.0000%, Lmin=-1188.33, Lmax=-402.11
15:00:34 [ultranest] [DEBUG] iteration=1049, ncalls=2523, regioncalls=85240, ndraw=40, logz=-1194.19, remainder_fraction=100.0000%, Lmin=-1182.44, Lmax=-402.11
15:00:35 [ultranest] [DEBUG] iteration=1058, ncalls=2565, regioncalls=86920, ndraw=40, logz=-1179.67, remainder_fraction=100.0000%, Lmin=-1168.22, Lmax=-402.11
15:00:35 [ultranest] [DEBUG] iteration=1070, ncalls=2594, regioncalls=88080, ndraw=40, logz=-1141.51, remainder_fraction=100.0000%, Lmin=-1129.37, Lmax=-402.11
15:00:35 [ultranest] [DEBUG] iteration=1077, ncalls=2634, regioncalls=89680, ndraw=40, logz=-1118.54, remainder_fraction=100.0000%, Lmin=-1098.95, Lmax=-402.11
15:00:35 [ultranest] [DEBUG] iteration=1080, ncalls=2645, regioncalls=90120, ndraw=40, logz=-1107.30, remainder_fraction=100.0000%, Lmin=-1094.88, Lmax=-402.11
15:00:35 [ultranest] [DEBUG] iteration=1087, ncalls=2676, regioncalls=91360, ndraw=40, logz=-1097.42, remainder_fraction=100.0000%, Lmin=-1077.61, Lmax=-402.11
15:00:35 [ultranest] [DEBUG] iteration=1092, ncalls=2708, regioncalls=92640, ndraw=40, logz=-1081.51, remainder_fraction=100.0000%, Lmin=-1058.92, Lmax=-402.11
15:00:35 [ultranest] [DEBUG] iteration=1100, ncalls=2740, regioncalls=93920, ndraw=40, logz=-1053.23, remainder_fraction=100.0000%, Lmin=-1043.24, Lmax=-402.11
15:00:35 [ultranest] [DEBUG] iteration=1108, ncalls=2771, regioncalls=95160, ndraw=40, logz=-1039.12, remainder_fraction=100.0000%, Lmin=-1026.25, Lmax=-402.11
15:00:35 [ultranest] [DEBUG] iteration=1111, ncalls=2780, regioncalls=95520, ndraw=40, logz=-1028.04, remainder_fraction=100.0000%, Lmin=-1017.33, Lmax=-402.11
15:00:35 [ultranest] [DEBUG] iteration=1120, ncalls=2801, regioncalls=96520, ndraw=40, logz=-1010.48, remainder_fraction=100.0000%, Lmin=-989.20, Lmax=-402.11
15:00:35 [ultranest] [DEBUG] iteration=1133, ncalls=2829, regioncalls=97640, ndraw=40, logz=-977.40, remainder_fraction=100.0000%, Lmin=-966.86, Lmax=-400.67
15:00:36 [ultranest] [DEBUG] iteration=1142, ncalls=2860, regioncalls=98880, ndraw=40, logz=-945.40, remainder_fraction=100.0000%, Lmin=-933.74, Lmax=-400.67
15:00:36 [ultranest] [DEBUG] iteration=1152, ncalls=2888, regioncalls=100000, ndraw=40, logz=-927.43, remainder_fraction=100.0000%, Lmin=-915.46, Lmax=-400.67
15:00:36 [ultranest] [DEBUG] iteration=1160, ncalls=2915, regioncalls=101080, ndraw=40, logz=-917.22, remainder_fraction=100.0000%, Lmin=-906.60, Lmax=-400.67
15:00:36 [ultranest] [DEBUG] iteration=1170, ncalls=2945, regioncalls=102280, ndraw=40, logz=-903.85, remainder_fraction=100.0000%, Lmin=-892.82, Lmax=-400.67
15:00:36 [ultranest] [DEBUG] iteration=1175, ncalls=2982, regioncalls=103760, ndraw=40, logz=-899.51, remainder_fraction=100.0000%, Lmin=-888.06, Lmax=-400.67
15:00:36 [ultranest] [DEBUG] iteration=1188, ncalls=3013, regioncalls=105000, ndraw=40, logz=-864.96, remainder_fraction=100.0000%, Lmin=-850.93, Lmax=-400.67
15:00:36 [ultranest] [DEBUG] iteration=1200, ncalls=3039, regioncalls=106040, ndraw=40, logz=-846.66, remainder_fraction=100.0000%, Lmin=-835.30, Lmax=-400.67
15:00:36 [ultranest] [DEBUG] iteration=1211, ncalls=3066, regioncalls=107120, ndraw=40, logz=-827.48, remainder_fraction=100.0000%, Lmin=-815.88, Lmax=-400.67
15:00:36 [ultranest] [DEBUG] iteration=1224, ncalls=3096, regioncalls=108320, ndraw=40, logz=-801.92, remainder_fraction=100.0000%, Lmin=-791.46, Lmax=-400.67
15:00:36 [ultranest] [DEBUG] iteration=1235, ncalls=3127, regioncalls=109560, ndraw=40, logz=-785.81, remainder_fraction=100.0000%, Lmin=-774.59, Lmax=-400.67
15:00:37 [ultranest] [DEBUG] iteration=1240, ncalls=3147, regioncalls=110360, ndraw=40, logz=-778.53, remainder_fraction=100.0000%, Lmin=-765.18, Lmax=-400.67
15:00:37 [ultranest] [DEBUG] iteration=1243, ncalls=3152, regioncalls=110600, ndraw=40, logz=-770.75, remainder_fraction=100.0000%, Lmin=-756.13, Lmax=-400.67
15:00:37 [ultranest] [DEBUG] iteration=1257, ncalls=3180, regioncalls=111720, ndraw=40, logz=-751.64, remainder_fraction=100.0000%, Lmin=-740.83, Lmax=-400.67
15:00:37 [ultranest] [DEBUG] iteration=1271, ncalls=3210, regioncalls=112920, ndraw=40, logz=-735.79, remainder_fraction=100.0000%, Lmin=-722.19, Lmax=-400.67
15:00:37 [ultranest] [DEBUG] iteration=1280, ncalls=3231, regioncalls=113760, ndraw=40, logz=-720.63, remainder_fraction=100.0000%, Lmin=-707.82, Lmax=-400.67
15:00:37 [ultranest] [DEBUG] iteration=1287, ncalls=3258, regioncalls=114840, ndraw=40, logz=-712.97, remainder_fraction=100.0000%, Lmin=-701.91, Lmax=-400.67
15:00:37 [ultranest] [DEBUG] iteration=1300, ncalls=3285, regioncalls=115960, ndraw=40, logz=-696.51, remainder_fraction=100.0000%, Lmin=-682.50, Lmax=-400.67
15:00:37 [ultranest] [DEBUG] iteration=1310, ncalls=3314, regioncalls=117120, ndraw=40, logz=-680.52, remainder_fraction=100.0000%, Lmin=-667.05, Lmax=-400.67
15:00:37 [ultranest] [DEBUG] iteration=1320, ncalls=3342, regioncalls=118240, ndraw=40, logz=-665.42, remainder_fraction=100.0000%, Lmin=-654.29, Lmax=-400.67
15:00:37 [ultranest] [DEBUG] iteration=1330, ncalls=3376, regioncalls=119600, ndraw=40, logz=-657.01, remainder_fraction=100.0000%, Lmin=-645.67, Lmax=-400.67
15:00:37 [ultranest] [DEBUG] iteration=1340, ncalls=3403, regioncalls=120680, ndraw=40, logz=-648.73, remainder_fraction=100.0000%, Lmin=-637.73, Lmax=-400.67
15:00:38 [ultranest] [DEBUG] iteration=1354, ncalls=3434, regioncalls=121920, ndraw=40, logz=-639.68, remainder_fraction=100.0000%, Lmin=-628.52, Lmax=-400.67
15:00:38 [ultranest] [DEBUG] iteration=1360, ncalls=3443, regioncalls=122280, ndraw=40, logz=-634.79, remainder_fraction=100.0000%, Lmin=-624.10, Lmax=-400.67
15:00:38 [ultranest] [DEBUG] iteration=1370, ncalls=3477, regioncalls=123640, ndraw=40, logz=-627.61, remainder_fraction=100.0000%, Lmin=-614.43, Lmax=-400.67
15:00:38 [ultranest] [DEBUG] iteration=1375, ncalls=3490, regioncalls=124240, ndraw=40, logz=-621.94, remainder_fraction=100.0000%, Lmin=-610.43, Lmax=-400.67
15:00:38 [ultranest] [DEBUG] iteration=1388, ncalls=3514, regioncalls=125200, ndraw=40, logz=-611.30, remainder_fraction=100.0000%, Lmin=-598.89, Lmax=-398.99
15:00:38 [ultranest] [DEBUG] iteration=1398, ncalls=3547, regioncalls=126560, ndraw=40, logz=-598.78, remainder_fraction=100.0000%, Lmin=-586.62, Lmax=-398.99
15:00:38 [ultranest] [DEBUG] iteration=1400, ncalls=3550, regioncalls=126680, ndraw=40, logz=-596.89, remainder_fraction=100.0000%, Lmin=-584.46, Lmax=-398.99
15:00:38 [ultranest] [DEBUG] iteration=1414, ncalls=3581, regioncalls=127920, ndraw=40, logz=-589.86, remainder_fraction=100.0000%, Lmin=-578.06, Lmax=-398.99
15:00:38 [ultranest] [DEBUG] iteration=1419, ncalls=3595, regioncalls=128520, ndraw=40, logz=-581.93, remainder_fraction=100.0000%, Lmin=-569.84, Lmax=-398.99
15:00:38 [ultranest] [DEBUG] iteration=1430, ncalls=3625, regioncalls=129720, ndraw=40, logz=-571.96, remainder_fraction=100.0000%, Lmin=-559.34, Lmax=-398.99
15:00:38 [ultranest] [DEBUG] iteration=1440, ncalls=3645, regioncalls=130520, ndraw=40, logz=-558.68, remainder_fraction=100.0000%, Lmin=-545.27, Lmax=-398.99
15:00:38 [ultranest] [DEBUG] iteration=1456, ncalls=3678, regioncalls=131840, ndraw=40, logz=-546.62, remainder_fraction=100.0000%, Lmin=-535.12, Lmax=-398.99
15:00:39 [ultranest] [DEBUG] iteration=1463, ncalls=3705, regioncalls=132920, ndraw=40, logz=-543.45, remainder_fraction=100.0000%, Lmin=-531.24, Lmax=-398.99
15:00:39 [ultranest] [DEBUG] iteration=1475, ncalls=3731, regioncalls=133960, ndraw=40, logz=-536.78, remainder_fraction=100.0000%, Lmin=-523.89, Lmax=-398.99
15:00:39 [ultranest] [DEBUG] iteration=1480, ncalls=3738, regioncalls=134240, ndraw=40, logz=-533.11, remainder_fraction=100.0000%, Lmin=-520.81, Lmax=-398.99
15:00:39 [ultranest] [DEBUG] iteration=1492, ncalls=3767, regioncalls=135400, ndraw=40, logz=-527.25, remainder_fraction=100.0000%, Lmin=-515.70, Lmax=-398.99
15:00:39 [ultranest] [DEBUG] iteration=1507, ncalls=3793, regioncalls=136480, ndraw=40, logz=-518.55, remainder_fraction=100.0000%, Lmin=-505.78, Lmax=-398.99
15:00:39 [ultranest] [DEBUG] iteration=1520, ncalls=3810, regioncalls=137160, ndraw=40, logz=-511.94, remainder_fraction=100.0000%, Lmin=-499.41, Lmax=-398.99
15:00:39 [ultranest] [DEBUG] iteration=1534, ncalls=3837, regioncalls=138240, ndraw=40, logz=-505.14, remainder_fraction=100.0000%, Lmin=-492.71, Lmax=-398.99
15:00:39 [ultranest] [DEBUG] iteration=1550, ncalls=3868, regioncalls=139480, ndraw=40, logz=-498.78, remainder_fraction=100.0000%, Lmin=-486.60, Lmax=-398.99
15:00:39 [ultranest] [DEBUG] iteration=1551, ncalls=3869, regioncalls=139560, ndraw=40, logz=-498.35, remainder_fraction=100.0000%, Lmin=-486.18, Lmax=-398.99
15:00:39 [ultranest] [DEBUG] iteration=1560, ncalls=3882, regioncalls=140080, ndraw=40, logz=-494.61, remainder_fraction=100.0000%, Lmin=-482.78, Lmax=-397.71
15:00:39 [ultranest] [DEBUG] iteration=1574, ncalls=3909, regioncalls=141200, ndraw=40, logz=-490.17, remainder_fraction=100.0000%, Lmin=-477.78, Lmax=-397.71
15:00:39 [ultranest] [DEBUG] iteration=1585, ncalls=3939, regioncalls=142400, ndraw=40, logz=-486.26, remainder_fraction=100.0000%, Lmin=-474.12, Lmax=-397.71
15:00:40 [ultranest] [DEBUG] iteration=1595, ncalls=3955, regioncalls=143080, ndraw=40, logz=-483.23, remainder_fraction=100.0000%, Lmin=-470.98, Lmax=-397.71
15:00:40 [ultranest] [DEBUG] iteration=1600, ncalls=3962, regioncalls=143440, ndraw=40, logz=-480.86, remainder_fraction=100.0000%, Lmin=-468.25, Lmax=-397.71
15:00:40 [ultranest] [DEBUG] iteration=1617, ncalls=3986, regioncalls=144400, ndraw=40, logz=-475.97, remainder_fraction=100.0000%, Lmin=-464.73, Lmax=-397.71
15:00:40 [ultranest] [DEBUG] iteration=1629, ncalls=4017, regioncalls=145640, ndraw=40, logz=-473.10, remainder_fraction=100.0000%, Lmin=-460.49, Lmax=-397.71
15:00:40 [ultranest] [DEBUG] iteration=1639, ncalls=4034, regioncalls=146360, ndraw=40, logz=-470.31, remainder_fraction=100.0000%, Lmin=-458.50, Lmax=-397.71
15:00:40 [ultranest] [DEBUG] iteration=1640, ncalls=4036, regioncalls=146440, ndraw=40, logz=-470.10, remainder_fraction=100.0000%, Lmin=-458.22, Lmax=-397.71
15:00:40 [ultranest] [DEBUG] iteration=1651, ncalls=4063, regioncalls=147560, ndraw=40, logz=-466.59, remainder_fraction=100.0000%, Lmin=-453.95, Lmax=-397.71
15:00:40 [ultranest] [DEBUG] iteration=1664, ncalls=4094, regioncalls=148800, ndraw=40, logz=-463.17, remainder_fraction=100.0000%, Lmin=-450.94, Lmax=-397.71
15:00:40 [ultranest] [DEBUG] iteration=1674, ncalls=4126, regioncalls=150080, ndraw=40, logz=-460.75, remainder_fraction=100.0000%, Lmin=-448.85, Lmax=-397.71
15:00:40 [ultranest] [DEBUG] iteration=1680, ncalls=4137, regioncalls=150520, ndraw=40, logz=-459.66, remainder_fraction=100.0000%, Lmin=-448.05, Lmax=-397.71
15:00:40 [ultranest] [DEBUG] iteration=1683, ncalls=4144, regioncalls=150840, ndraw=40, logz=-459.18, remainder_fraction=100.0000%, Lmin=-447.41, Lmax=-397.71
15:00:40 [ultranest] [DEBUG] iteration=1696, ncalls=4172, regioncalls=151960, ndraw=40, logz=-456.62, remainder_fraction=100.0000%, Lmin=-444.18, Lmax=-397.71
15:00:40 [ultranest] [DEBUG] iteration=1704, ncalls=4202, regioncalls=153160, ndraw=40, logz=-454.73, remainder_fraction=100.0000%, Lmin=-442.81, Lmax=-397.71
15:00:41 [ultranest] [DEBUG] iteration=1713, ncalls=4233, regioncalls=154400, ndraw=40, logz=-452.72, remainder_fraction=100.0000%, Lmin=-440.63, Lmax=-397.71
15:00:41 [ultranest] [DEBUG] iteration=1720, ncalls=4246, regioncalls=154920, ndraw=40, logz=-451.59, remainder_fraction=100.0000%, Lmin=-439.83, Lmax=-397.71
15:00:41 [ultranest] [DEBUG] iteration=1730, ncalls=4273, regioncalls=156000, ndraw=40, logz=-450.27, remainder_fraction=100.0000%, Lmin=-438.38, Lmax=-397.71
15:00:41 [ultranest] [DEBUG] iteration=1745, ncalls=4301, regioncalls=157120, ndraw=40, logz=-448.54, remainder_fraction=100.0000%, Lmin=-436.16, Lmax=-397.71
15:00:41 [ultranest] [DEBUG] iteration=1758, ncalls=4331, regioncalls=158320, ndraw=40, logz=-446.17, remainder_fraction=100.0000%, Lmin=-433.76, Lmax=-397.71
15:00:41 [ultranest] [DEBUG] iteration=1760, ncalls=4336, regioncalls=158520, ndraw=40, logz=-445.73, remainder_fraction=100.0000%, Lmin=-433.15, Lmax=-397.71
15:00:41 [ultranest] [DEBUG] iteration=1772, ncalls=4367, regioncalls=159760, ndraw=40, logz=-442.98, remainder_fraction=100.0000%, Lmin=-430.88, Lmax=-397.71
15:00:41 [ultranest] [DEBUG] iteration=1783, ncalls=4391, regioncalls=160720, ndraw=40, logz=-441.28, remainder_fraction=100.0000%, Lmin=-429.35, Lmax=-397.71
15:00:41 [ultranest] [DEBUG] iteration=1796, ncalls=4420, regioncalls=161880, ndraw=40, logz=-439.65, remainder_fraction=100.0000%, Lmin=-427.46, Lmax=-397.71
15:00:41 [ultranest] [DEBUG] iteration=1800, ncalls=4425, regioncalls=162080, ndraw=40, logz=-439.14, remainder_fraction=100.0000%, Lmin=-427.26, Lmax=-397.71
15:00:41 [ultranest] [DEBUG] iteration=1807, ncalls=4456, regioncalls=163320, ndraw=40, logz=-438.27, remainder_fraction=100.0000%, Lmin=-426.18, Lmax=-397.71
15:00:41 [ultranest] [DEBUG] iteration=1815, ncalls=4480, regioncalls=164320, ndraw=40, logz=-437.41, remainder_fraction=100.0000%, Lmin=-425.56, Lmax=-397.71
15:00:42 [ultranest] [DEBUG] iteration=1833, ncalls=4507, regioncalls=165400, ndraw=40, logz=-435.66, remainder_fraction=100.0000%, Lmin=-423.56, Lmax=-397.71
15:00:42 [ultranest] [DEBUG] iteration=1840, ncalls=4518, regioncalls=165840, ndraw=40, logz=-434.93, remainder_fraction=100.0000%, Lmin=-422.59, Lmax=-397.71
15:00:42 [ultranest] [DEBUG] iteration=1849, ncalls=4551, regioncalls=167160, ndraw=40, logz=-433.74, remainder_fraction=100.0000%, Lmin=-421.44, Lmax=-397.71
15:00:42 [ultranest] [DEBUG] iteration=1861, ncalls=4578, regioncalls=168240, ndraw=40, logz=-432.60, remainder_fraction=100.0000%, Lmin=-420.74, Lmax=-397.71
15:00:42 [ultranest] [DEBUG] iteration=1873, ncalls=4604, regioncalls=169280, ndraw=40, logz=-431.69, remainder_fraction=100.0000%, Lmin=-419.68, Lmax=-397.71
15:00:42 [ultranest] [DEBUG] iteration=1880, ncalls=4618, regioncalls=169840, ndraw=40, logz=-431.13, remainder_fraction=100.0000%, Lmin=-419.15, Lmax=-397.71
15:00:42 [ultranest] [DEBUG] iteration=1892, ncalls=4647, regioncalls=171000, ndraw=40, logz=-430.30, remainder_fraction=100.0000%, Lmin=-418.34, Lmax=-397.71
15:00:42 [ultranest] [DEBUG] iteration=1906, ncalls=4674, regioncalls=172080, ndraw=40, logz=-429.28, remainder_fraction=100.0000%, Lmin=-417.27, Lmax=-397.71
15:00:42 [ultranest] [DEBUG] iteration=1918, ncalls=4701, regioncalls=173160, ndraw=40, logz=-428.43, remainder_fraction=100.0000%, Lmin=-416.51, Lmax=-397.71
15:00:42 [ultranest] [DEBUG] iteration=1920, ncalls=4706, regioncalls=173360, ndraw=40, logz=-428.31, remainder_fraction=100.0000%, Lmin=-416.35, Lmax=-397.71
15:00:42 [ultranest] [DEBUG] iteration=1927, ncalls=4739, regioncalls=174680, ndraw=40, logz=-427.85, remainder_fraction=100.0000%, Lmin=-415.90, Lmax=-397.71
15:00:43 [ultranest] [DEBUG] iteration=1935, ncalls=4770, regioncalls=175920, ndraw=40, logz=-427.35, remainder_fraction=100.0000%, Lmin=-415.33, Lmax=-397.71
15:00:43 [ultranest] [DEBUG] iteration=1944, ncalls=4802, regioncalls=177200, ndraw=40, logz=-426.69, remainder_fraction=100.0000%, Lmin=-414.56, Lmax=-397.71
15:00:43 [ultranest] [DEBUG] iteration=1947, ncalls=4810, regioncalls=177560, ndraw=40, logz=-426.50, remainder_fraction=100.0000%, Lmin=-414.49, Lmax=-397.71
15:00:43 [ultranest] [DEBUG] iteration=1960, ncalls=4829, regioncalls=178360, ndraw=40, logz=-425.65, remainder_fraction=100.0000%, Lmin=-413.55, Lmax=-397.71
15:00:43 [ultranest] [DEBUG] iteration=1974, ncalls=4856, regioncalls=179440, ndraw=40, logz=-424.78, remainder_fraction=99.9999%, Lmin=-412.67, Lmax=-397.71
15:00:43 [ultranest] [DEBUG] iteration=1989, ncalls=4888, regioncalls=180720, ndraw=40, logz=-423.95, remainder_fraction=99.9998%, Lmin=-411.75, Lmax=-397.71
15:00:43 [ultranest] [DEBUG] iteration=2000, ncalls=4913, regioncalls=181720, ndraw=40, logz=-423.35, remainder_fraction=99.9997%, Lmin=-411.24, Lmax=-397.71
15:00:43 [ultranest] [DEBUG] iteration=2014, ncalls=4944, regioncalls=182960, ndraw=40, logz=-422.67, remainder_fraction=99.9994%, Lmin=-410.43, Lmax=-397.71
15:00:43 [ultranest] [DEBUG] iteration=2030, ncalls=4971, regioncalls=184040, ndraw=40, logz=-421.88, remainder_fraction=99.9986%, Lmin=-409.62, Lmax=-397.71
15:00:43 [ultranest] [DEBUG] iteration=2035, ncalls=4984, regioncalls=184600, ndraw=40, logz=-421.65, remainder_fraction=99.9982%, Lmin=-409.47, Lmax=-397.71
15:00:43 [ultranest] [DEBUG] iteration=2040, ncalls=4997, regioncalls=185120, ndraw=40, logz=-421.44, remainder_fraction=99.9978%, Lmin=-409.33, Lmax=-397.71
15:00:43 [ultranest] [DEBUG] iteration=2055, ncalls=5025, regioncalls=186240, ndraw=40, logz=-420.78, remainder_fraction=99.9962%, Lmin=-408.51, Lmax=-397.45
15:00:44 [ultranest] [DEBUG] iteration=2070, ncalls=5055, regioncalls=187440, ndraw=40, logz=-420.12, remainder_fraction=99.9923%, Lmin=-407.71, Lmax=-397.45
15:00:44 [ultranest] [DEBUG] iteration=2079, ncalls=5074, regioncalls=188240, ndraw=40, logz=-419.72, remainder_fraction=99.9890%, Lmin=-407.36, Lmax=-397.45
15:00:44 [ultranest] [DEBUG] iteration=2080, ncalls=5075, regioncalls=188280, ndraw=40, logz=-419.68, remainder_fraction=99.9891%, Lmin=-407.35, Lmax=-397.45
15:00:44 [ultranest] [DEBUG] iteration=2094, ncalls=5102, regioncalls=189360, ndraw=40, logz=-419.15, remainder_fraction=99.9828%, Lmin=-406.91, Lmax=-397.45
15:00:44 [ultranest] [DEBUG] iteration=2108, ncalls=5139, regioncalls=190840, ndraw=40, logz=-418.67, remainder_fraction=99.9710%, Lmin=-406.37, Lmax=-397.45
15:00:44 [ultranest] [DEBUG] iteration=2120, ncalls=5165, regioncalls=192000, ndraw=40, logz=-418.27, remainder_fraction=99.9554%, Lmin=-405.93, Lmax=-397.45
15:00:44 [ultranest] [DEBUG] iteration=2135, ncalls=5190, regioncalls=193000, ndraw=40, logz=-417.76, remainder_fraction=99.9258%, Lmin=-405.31, Lmax=-397.45
15:00:44 [ultranest] [DEBUG] iteration=2148, ncalls=5219, regioncalls=194160, ndraw=40, logz=-417.36, remainder_fraction=99.8870%, Lmin=-405.00, Lmax=-397.45
15:00:44 [ultranest] [DEBUG] iteration=2160, ncalls=5250, regioncalls=195400, ndraw=40, logz=-417.01, remainder_fraction=99.8390%, Lmin=-404.54, Lmax=-397.35
15:00:44 [ultranest] [DEBUG] iteration=2167, ncalls=5262, regioncalls=195920, ndraw=40, logz=-416.80, remainder_fraction=99.8199%, Lmin=-404.40, Lmax=-397.35
15:00:44 [ultranest] [DEBUG] iteration=2183, ncalls=5288, regioncalls=196960, ndraw=40, logz=-416.39, remainder_fraction=99.7115%, Lmin=-404.01, Lmax=-397.35
15:00:45 [ultranest] [DEBUG] iteration=2197, ncalls=5317, regioncalls=198120, ndraw=40, logz=-416.04, remainder_fraction=99.5934%, Lmin=-403.57, Lmax=-397.35
15:00:45 [ultranest] [DEBUG] iteration=2200, ncalls=5329, regioncalls=198600, ndraw=40, logz=-415.96, remainder_fraction=99.5602%, Lmin=-403.45, Lmax=-397.35
15:00:45 [ultranest] [DEBUG] iteration=2211, ncalls=5357, regioncalls=199800, ndraw=40, logz=-415.69, remainder_fraction=99.4048%, Lmin=-403.24, Lmax=-397.35
15:00:45 [ultranest] [DEBUG] iteration=2226, ncalls=5384, regioncalls=200880, ndraw=40, logz=-415.35, remainder_fraction=99.2353%, Lmin=-402.85, Lmax=-397.35
15:00:45 [ultranest] [DEBUG] iteration=2239, ncalls=5417, regioncalls=202280, ndraw=40, logz=-415.07, remainder_fraction=98.9403%, Lmin=-402.57, Lmax=-397.35
15:00:45 [ultranest] [DEBUG] iteration=2240, ncalls=5419, regioncalls=202360, ndraw=40, logz=-415.05, remainder_fraction=98.9127%, Lmin=-402.54, Lmax=-397.35
15:00:45 [ultranest] [DEBUG] iteration=2255, ncalls=5446, regioncalls=203600, ndraw=40, logz=-414.75, remainder_fraction=98.4815%, Lmin=-402.33, Lmax=-397.35
15:00:45 [ultranest] [DEBUG] iteration=2264, ncalls=5474, regioncalls=204720, ndraw=40, logz=-414.59, remainder_fraction=98.2333%, Lmin=-402.08, Lmax=-397.35
15:00:45 [ultranest] [DEBUG] iteration=2277, ncalls=5506, regioncalls=206000, ndraw=40, logz=-414.36, remainder_fraction=97.7421%, Lmin=-401.85, Lmax=-397.35
15:00:45 [ultranest] [DEBUG] iteration=2280, ncalls=5512, regioncalls=206240, ndraw=40, logz=-414.30, remainder_fraction=97.6376%, Lmin=-401.83, Lmax=-397.35
15:00:45 [ultranest] [DEBUG] iteration=2291, ncalls=5544, regioncalls=207520, ndraw=40, logz=-414.13, remainder_fraction=97.2030%, Lmin=-401.66, Lmax=-397.35
15:00:45 [ultranest] [DEBUG] iteration=2299, ncalls=5563, regioncalls=208320, ndraw=40, logz=-414.01, remainder_fraction=96.8806%, Lmin=-401.58, Lmax=-397.35
15:00:46 [ultranest] [DEBUG] iteration=2308, ncalls=5596, regioncalls=209720, ndraw=40, logz=-413.88, remainder_fraction=96.4462%, Lmin=-401.46, Lmax=-397.35
15:00:46 [ultranest] [DEBUG] iteration=2320, ncalls=5624, regioncalls=210840, ndraw=40, logz=-413.73, remainder_fraction=95.9079%, Lmin=-401.36, Lmax=-397.35
15:00:46 [ultranest] [DEBUG] iteration=2333, ncalls=5658, regioncalls=212200, ndraw=40, logz=-413.58, remainder_fraction=95.2644%, Lmin=-401.20, Lmax=-397.35
15:00:46 [ultranest] [DEBUG] iteration=2344, ncalls=5685, regioncalls=213280, ndraw=40, logz=-413.45, remainder_fraction=94.6020%, Lmin=-401.05, Lmax=-397.35
15:00:46 [ultranest] [DEBUG] iteration=2352, ncalls=5714, regioncalls=214440, ndraw=40, logz=-413.36, remainder_fraction=94.0125%, Lmin=-400.90, Lmax=-397.35
15:00:46 [ultranest] [DEBUG] iteration=2360, ncalls=5736, regioncalls=215360, ndraw=40, logz=-413.27, remainder_fraction=93.4563%, Lmin=-400.80, Lmax=-397.35
15:00:46 [ultranest] [DEBUG] iteration=2372, ncalls=5769, regioncalls=216680, ndraw=40, logz=-413.14, remainder_fraction=92.5770%, Lmin=-400.65, Lmax=-397.35
15:00:46 [ultranest] [DEBUG] iteration=2385, ncalls=5800, regioncalls=217920, ndraw=40, logz=-413.00, remainder_fraction=91.3182%, Lmin=-400.45, Lmax=-397.35
15:00:46 [ultranest] [DEBUG] iteration=2387, ncalls=5805, regioncalls=218160, ndraw=40, logz=-412.98, remainder_fraction=91.1313%, Lmin=-400.42, Lmax=-397.35
15:00:46 [ultranest] [DEBUG] iteration=2400, ncalls=5830, regioncalls=219160, ndraw=40, logz=-412.85, remainder_fraction=89.8081%, Lmin=-400.27, Lmax=-397.35
15:00:46 [ultranest] [DEBUG] iteration=2415, ncalls=5859, regioncalls=220320, ndraw=40, logz=-412.70, remainder_fraction=87.8514%, Lmin=-400.07, Lmax=-397.35
15:00:47 [ultranest] [DEBUG] iteration=2431, ncalls=5887, regioncalls=221440, ndraw=40, logz=-412.55, remainder_fraction=85.8270%, Lmin=-399.92, Lmax=-397.35
15:00:47 [ultranest] [DEBUG] iteration=2440, ncalls=5910, regioncalls=222360, ndraw=40, logz=-412.47, remainder_fraction=84.5042%, Lmin=-399.84, Lmax=-397.35
15:00:47 [ultranest] [DEBUG] iteration=2452, ncalls=5935, regioncalls=223360, ndraw=40, logz=-412.37, remainder_fraction=83.0350%, Lmin=-399.70, Lmax=-397.35
15:00:47 [ultranest] [DEBUG] iteration=2465, ncalls=5966, regioncalls=224600, ndraw=40, logz=-412.27, remainder_fraction=81.0995%, Lmin=-399.58, Lmax=-397.35
15:00:47 [ultranest] [DEBUG] iteration=2477, ncalls=5999, regioncalls=225920, ndraw=40, logz=-412.17, remainder_fraction=79.3865%, Lmin=-399.48, Lmax=-397.35
15:00:47 [ultranest] [DEBUG] iteration=2480, ncalls=6005, regioncalls=226160, ndraw=40, logz=-412.15, remainder_fraction=78.9671%, Lmin=-399.48, Lmax=-397.35
15:00:47 [ultranest] [DEBUG] iteration=2492, ncalls=6033, regioncalls=227280, ndraw=40, logz=-412.07, remainder_fraction=77.2836%, Lmin=-399.41, Lmax=-397.35
15:00:47 [ultranest] [DEBUG] iteration=2502, ncalls=6063, regioncalls=228480, ndraw=40, logz=-412.00, remainder_fraction=75.6983%, Lmin=-399.37, Lmax=-397.35
15:00:47 [ultranest] [DEBUG] iteration=2510, ncalls=6095, regioncalls=229760, ndraw=40, logz=-411.95, remainder_fraction=74.7002%, Lmin=-399.31, Lmax=-397.35
15:00:47 [ultranest] [DEBUG] iteration=2519, ncalls=6114, regioncalls=230560, ndraw=40, logz=-411.90, remainder_fraction=73.5142%, Lmin=-399.25, Lmax=-397.35
15:00:47 [ultranest] [DEBUG] iteration=2520, ncalls=6115, regioncalls=230600, ndraw=40, logz=-411.90, remainder_fraction=73.4262%, Lmin=-399.25, Lmax=-397.35
15:00:47 [ultranest] [DEBUG] iteration=2533, ncalls=6141, regioncalls=231640, ndraw=40, logz=-411.82, remainder_fraction=71.2002%, Lmin=-399.18, Lmax=-397.35
15:00:48 [ultranest] [DEBUG] iteration=2548, ncalls=6170, regioncalls=232800, ndraw=40, logz=-411.74, remainder_fraction=68.6748%, Lmin=-399.07, Lmax=-397.35
15:00:48 [ultranest] [DEBUG] iteration=2560, ncalls=6192, regioncalls=233680, ndraw=40, logz=-411.69, remainder_fraction=66.6375%, Lmin=-399.00, Lmax=-397.35
15:00:48 [ultranest] [DEBUG] iteration=2576, ncalls=6216, regioncalls=234640, ndraw=40, logz=-411.61, remainder_fraction=63.7926%, Lmin=-398.95, Lmax=-397.35
15:00:48 [ultranest] [DEBUG] iteration=2587, ncalls=6247, regioncalls=235880, ndraw=40, logz=-411.56, remainder_fraction=62.2370%, Lmin=-398.91, Lmax=-397.35
15:00:48 [ultranest] [DEBUG] iteration=2600, ncalls=6271, regioncalls=236840, ndraw=40, logz=-411.51, remainder_fraction=60.3453%, Lmin=-398.87, Lmax=-397.35
15:00:48 [ultranest] [DEBUG] iteration=2611, ncalls=6298, regioncalls=237960, ndraw=40, logz=-411.47, remainder_fraction=58.5494%, Lmin=-398.81, Lmax=-397.35
15:00:48 [ultranest] [DEBUG] iteration=2622, ncalls=6324, regioncalls=239000, ndraw=40, logz=-411.43, remainder_fraction=56.6768%, Lmin=-398.76, Lmax=-397.35
15:00:48 [ultranest] [DEBUG] iteration=2635, ncalls=6356, regioncalls=240400, ndraw=40, logz=-411.39, remainder_fraction=54.5537%, Lmin=-398.68, Lmax=-397.35
15:00:48 [ultranest] [DEBUG] iteration=2640, ncalls=6364, regioncalls=240720, ndraw=40, logz=-411.37, remainder_fraction=53.8100%, Lmin=-398.66, Lmax=-397.35
15:00:48 [ultranest] [DEBUG] iteration=2651, ncalls=6393, regioncalls=242000, ndraw=40, logz=-411.34, remainder_fraction=52.0914%, Lmin=-398.60, Lmax=-397.35
15:00:49 [ultranest] [DEBUG] iteration=2666, ncalls=6422, regioncalls=243160, ndraw=40, logz=-411.29, remainder_fraction=49.7830%, Lmin=-398.50, Lmax=-397.35
15:00:49 [ultranest] [DEBUG] iteration=2680, ncalls=6447, regioncalls=244160, ndraw=40, logz=-411.25, remainder_fraction=47.5915%, Lmin=-398.47, Lmax=-397.35
15:00:49 [ultranest] [DEBUG] iteration=2692, ncalls=6478, regioncalls=245400, ndraw=40, logz=-411.21, remainder_fraction=45.7168%, Lmin=-398.42, Lmax=-397.35
15:00:49 [ultranest] [DEBUG] iteration=2695, ncalls=6483, regioncalls=245640, ndraw=40, logz=-411.21, remainder_fraction=45.1988%, Lmin=-398.40, Lmax=-397.35
15:00:49 [ultranest] [DEBUG] iteration=2708, ncalls=6511, regioncalls=246760, ndraw=40, logz=-411.17, remainder_fraction=43.3048%, Lmin=-398.35, Lmax=-397.35
15:00:49 [ultranest] [DEBUG] iteration=2720, ncalls=6537, regioncalls=247800, ndraw=40, logz=-411.14, remainder_fraction=41.4737%, Lmin=-398.32, Lmax=-397.35
15:00:49 [ultranest] [DEBUG] iteration=2730, ncalls=6570, regioncalls=249120, ndraw=40, logz=-411.12, remainder_fraction=40.0813%, Lmin=-398.28, Lmax=-397.35
15:00:49 [ultranest] [DEBUG] iteration=2739, ncalls=6593, regioncalls=250080, ndraw=40, logz=-411.10, remainder_fraction=38.7602%, Lmin=-398.25, Lmax=-397.35
15:00:49 [ultranest] [DEBUG] iteration=2753, ncalls=6623, regioncalls=251280, ndraw=40, logz=-411.07, remainder_fraction=36.8426%, Lmin=-398.21, Lmax=-397.35
15:00:49 [ultranest] [DEBUG] iteration=2760, ncalls=6633, regioncalls=251680, ndraw=40, logz=-411.05, remainder_fraction=35.9365%, Lmin=-398.18, Lmax=-397.35
15:00:49 [ultranest] [DEBUG] iteration=2771, ncalls=6662, regioncalls=252840, ndraw=40, logz=-411.03, remainder_fraction=34.5740%, Lmin=-398.17, Lmax=-397.35
15:00:50 [ultranest] [DEBUG] iteration=2782, ncalls=6692, regioncalls=254040, ndraw=40, logz=-411.01, remainder_fraction=33.2613%, Lmin=-398.13, Lmax=-397.33
15:00:50 [ultranest] [DEBUG] iteration=2795, ncalls=6724, regioncalls=255320, ndraw=40, logz=-410.98, remainder_fraction=31.6146%, Lmin=-398.09, Lmax=-397.33
15:00:50 [ultranest] [DEBUG] iteration=2800, ncalls=6734, regioncalls=255720, ndraw=40, logz=-410.98, remainder_fraction=31.1092%, Lmin=-398.08, Lmax=-397.33
15:00:50 [ultranest] [DEBUG] iteration=2813, ncalls=6765, regioncalls=256960, ndraw=40, logz=-410.95, remainder_fraction=29.7405%, Lmin=-398.05, Lmax=-397.33
15:00:50 [ultranest] [DEBUG] iteration=2820, ncalls=6796, regioncalls=258200, ndraw=40, logz=-410.94, remainder_fraction=29.0646%, Lmin=-398.04, Lmax=-397.33
15:00:50 [ultranest] [DEBUG] iteration=2827, ncalls=6812, regioncalls=258880, ndraw=40, logz=-410.93, remainder_fraction=28.2722%, Lmin=-398.02, Lmax=-397.33
15:00:50 [ultranest] [DEBUG] iteration=2838, ncalls=6839, regioncalls=260000, ndraw=40, logz=-410.92, remainder_fraction=27.0143%, Lmin=-398.00, Lmax=-397.33
15:00:50 [ultranest] [DEBUG] iteration=2840, ncalls=6842, regioncalls=260120, ndraw=40, logz=-410.91, remainder_fraction=26.8305%, Lmin=-397.99, Lmax=-397.33
15:00:50 [ultranest] [DEBUG] iteration=2850, ncalls=6870, regioncalls=261240, ndraw=40, logz=-410.90, remainder_fraction=25.7156%, Lmin=-397.96, Lmax=-397.33
15:00:50 [ultranest] [DEBUG] iteration=2860, ncalls=6902, regioncalls=262520, ndraw=40, logz=-410.89, remainder_fraction=24.7500%, Lmin=-397.94, Lmax=-397.33
15:00:50 [ultranest] [DEBUG] iteration=2874, ncalls=6930, regioncalls=263640, ndraw=40, logz=-410.87, remainder_fraction=23.4266%, Lmin=-397.92, Lmax=-397.33
15:00:50 [ultranest] [DEBUG] iteration=2880, ncalls=6946, regioncalls=264280, ndraw=40, logz=-410.86, remainder_fraction=22.8765%, Lmin=-397.90, Lmax=-397.33
15:00:51 [ultranest] [DEBUG] iteration=2886, ncalls=6977, regioncalls=265520, ndraw=40, logz=-410.85, remainder_fraction=22.2831%, Lmin=-397.89, Lmax=-397.33
15:00:51 [ultranest] [DEBUG] iteration=2899, ncalls=7006, regioncalls=266680, ndraw=40, logz=-410.84, remainder_fraction=21.1362%, Lmin=-397.86, Lmax=-397.33
15:00:51 [ultranest] [DEBUG] iteration=2909, ncalls=7036, regioncalls=267880, ndraw=40, logz=-410.83, remainder_fraction=20.2635%, Lmin=-397.84, Lmax=-397.33
15:00:51 [ultranest] [DEBUG] iteration=2915, ncalls=7051, regioncalls=268520, ndraw=40, logz=-410.82, remainder_fraction=19.7398%, Lmin=-397.83, Lmax=-397.33
15:00:51 [ultranest] [DEBUG] iteration=2920, ncalls=7060, regioncalls=268880, ndraw=40, logz=-410.81, remainder_fraction=19.3772%, Lmin=-397.82, Lmax=-397.33
15:00:51 [ultranest] [DEBUG] iteration=2931, ncalls=7086, regioncalls=269920, ndraw=40, logz=-410.80, remainder_fraction=18.5301%, Lmin=-397.80, Lmax=-397.33
15:00:51 [ultranest] [DEBUG] iteration=2944, ncalls=7114, regioncalls=271040, ndraw=40, logz=-410.79, remainder_fraction=17.5199%, Lmin=-397.79, Lmax=-397.33
15:00:51 [ultranest] [DEBUG] iteration=2958, ncalls=7140, regioncalls=272080, ndraw=40, logz=-410.78, remainder_fraction=16.4993%, Lmin=-397.77, Lmax=-397.33
15:00:51 [ultranest] [DEBUG] iteration=2960, ncalls=7143, regioncalls=272200, ndraw=40, logz=-410.78, remainder_fraction=16.3511%, Lmin=-397.77, Lmax=-397.33
15:00:51 [ultranest] [DEBUG] iteration=2971, ncalls=7167, regioncalls=273160, ndraw=40, logz=-410.77, remainder_fraction=15.6047%, Lmin=-397.75, Lmax=-397.33
15:00:51 [ultranest] [DEBUG] iteration=2985, ncalls=7192, regioncalls=274160, ndraw=40, logz=-410.76, remainder_fraction=14.7128%, Lmin=-397.73, Lmax=-397.32
15:00:52 [ultranest] [DEBUG] iteration=2994, ncalls=7222, regioncalls=275400, ndraw=40, logz=-410.75, remainder_fraction=14.1532%, Lmin=-397.71, Lmax=-397.31
15:00:52 [ultranest] [DEBUG] iteration=3000, ncalls=7242, regioncalls=276200, ndraw=40, logz=-410.75, remainder_fraction=13.7822%, Lmin=-397.71, Lmax=-397.31
15:00:52 [ultranest] [DEBUG] iteration=3003, ncalls=7246, regioncalls=276440, ndraw=40, logz=-410.74, remainder_fraction=13.6197%, Lmin=-397.70, Lmax=-397.31
15:00:52 [ultranest] [DEBUG] iteration=3019, ncalls=7270, regioncalls=277400, ndraw=40, logz=-410.73, remainder_fraction=12.6963%, Lmin=-397.68, Lmax=-397.31
15:00:52 [ultranest] [DEBUG] iteration=3030, ncalls=7299, regioncalls=278560, ndraw=40, logz=-410.73, remainder_fraction=12.0856%, Lmin=-397.67, Lmax=-397.31
15:00:52 [ultranest] [DEBUG] iteration=3040, ncalls=7323, regioncalls=279520, ndraw=40, logz=-410.72, remainder_fraction=11.5195%, Lmin=-397.66, Lmax=-397.31
15:00:52 [ultranest] [DEBUG] iteration=3047, ncalls=7338, regioncalls=280200, ndraw=40, logz=-410.72, remainder_fraction=11.1713%, Lmin=-397.65, Lmax=-397.31
15:00:52 [ultranest] [DEBUG] iteration=3057, ncalls=7369, regioncalls=281440, ndraw=40, logz=-410.71, remainder_fraction=10.6715%, Lmin=-397.64, Lmax=-397.31
15:00:52 [ultranest] [DEBUG] iteration=3072, ncalls=7396, regioncalls=282520, ndraw=40, logz=-410.70, remainder_fraction=9.9493%, Lmin=-397.62, Lmax=-397.31
15:00:52 [ultranest] [DEBUG] iteration=3080, ncalls=7411, regioncalls=283120, ndraw=40, logz=-410.70, remainder_fraction=9.5635%, Lmin=-397.62, Lmax=-397.31
15:00:52 [ultranest] [DEBUG] iteration=3091, ncalls=7436, regioncalls=284120, ndraw=40, logz=-410.69, remainder_fraction=9.0684%, Lmin=-397.60, Lmax=-397.31
15:00:52 [ultranest] [DEBUG] iteration=3102, ncalls=7460, regioncalls=285080, ndraw=40, logz=-410.69, remainder_fraction=8.5992%, Lmin=-397.59, Lmax=-397.31
15:00:53 [ultranest] [DEBUG] iteration=3117, ncalls=7487, regioncalls=286160, ndraw=40, logz=-410.68, remainder_fraction=8.0364%, Lmin=-397.59, Lmax=-397.31
15:00:53 [ultranest] [DEBUG] iteration=3120, ncalls=7495, regioncalls=286480, ndraw=40, logz=-410.68, remainder_fraction=7.9269%, Lmin=-397.59, Lmax=-397.31
15:00:53 [ultranest] [DEBUG] iteration=3135, ncalls=7521, regioncalls=287520, ndraw=40, logz=-410.68, remainder_fraction=7.3782%, Lmin=-397.57, Lmax=-397.31
15:00:53 [ultranest] [DEBUG] iteration=3146, ncalls=7548, regioncalls=288600, ndraw=40, logz=-410.67, remainder_fraction=7.0152%, Lmin=-397.56, Lmax=-397.31
15:00:53 [ultranest] [DEBUG] iteration=3160, ncalls=7576, regioncalls=289720, ndraw=40, logz=-410.67, remainder_fraction=6.5791%, Lmin=-397.55, Lmax=-397.30
15:00:53 [ultranest] [DEBUG] iteration=3170, ncalls=7607, regioncalls=290960, ndraw=40, logz=-410.66, remainder_fraction=6.2709%, Lmin=-397.55, Lmax=-397.30
15:00:53 [ultranest] [DEBUG] iteration=3179, ncalls=7622, regioncalls=291720, ndraw=40, logz=-410.66, remainder_fraction=6.0168%, Lmin=-397.54, Lmax=-397.30
15:00:53 [ultranest] [DEBUG] iteration=3187, ncalls=7648, regioncalls=292760, ndraw=40, logz=-410.66, remainder_fraction=5.7968%, Lmin=-397.53, Lmax=-397.29
15:00:53 [ultranest] [DEBUG] iteration=3200, ncalls=7668, regioncalls=293560, ndraw=40, logz=-410.65, remainder_fraction=5.4599%, Lmin=-397.53, Lmax=-397.29
15:00:53 [ultranest] [DEBUG] iteration=3211, ncalls=7697, regioncalls=294720, ndraw=40, logz=-410.65, remainder_fraction=5.1795%, Lmin=-397.52, Lmax=-397.29
15:00:53 [ultranest] [DEBUG] iteration=3223, ncalls=7715, regioncalls=295480, ndraw=40, logz=-410.65, remainder_fraction=4.8956%, Lmin=-397.52, Lmax=-397.29
15:00:54 [ultranest] [DEBUG] iteration=3236, ncalls=7740, regioncalls=296480, ndraw=40, logz=-410.65, remainder_fraction=4.5959%, Lmin=-397.51, Lmax=-397.29
15:00:54 [ultranest] [DEBUG] iteration=3240, ncalls=7751, regioncalls=296960, ndraw=40, logz=-410.64, remainder_fraction=4.5107%, Lmin=-397.50, Lmax=-397.29
15:00:54 [ultranest] [DEBUG] iteration=3254, ncalls=7779, regioncalls=298080, ndraw=40, logz=-410.64, remainder_fraction=4.2183%, Lmin=-397.49, Lmax=-397.29
15:00:54 [ultranest] [DEBUG] iteration=3267, ncalls=7807, regioncalls=299240, ndraw=40, logz=-410.64, remainder_fraction=3.9599%, Lmin=-397.49, Lmax=-397.29
15:00:54 [ultranest] [DEBUG] iteration=3280, ncalls=7830, regioncalls=300160, ndraw=40, logz=-410.64, remainder_fraction=3.7202%, Lmin=-397.48, Lmax=-397.29
15:00:54 [ultranest] [DEBUG] iteration=3287, ncalls=7855, regioncalls=301160, ndraw=40, logz=-410.64, remainder_fraction=3.5946%, Lmin=-397.47, Lmax=-397.29
15:00:54 [ultranest] [DEBUG] iteration=3298, ncalls=7887, regioncalls=302440, ndraw=40, logz=-410.63, remainder_fraction=3.4038%, Lmin=-397.47, Lmax=-397.29
15:00:54 [ultranest] [DEBUG] iteration=3311, ncalls=7913, regioncalls=303520, ndraw=40, logz=-410.63, remainder_fraction=3.1989%, Lmin=-397.46, Lmax=-397.29
15:00:54 [ultranest] [DEBUG] iteration=3320, ncalls=7929, regioncalls=304160, ndraw=40, logz=-410.63, remainder_fraction=3.0623%, Lmin=-397.46, Lmax=-397.29
15:00:54 [ultranest] [DEBUG] iteration=3334, ncalls=7958, regioncalls=305320, ndraw=40, logz=-410.63, remainder_fraction=2.8637%, Lmin=-397.45, Lmax=-397.29
15:00:55 [ultranest] [DEBUG] iteration=3350, ncalls=7987, regioncalls=306480, ndraw=40, logz=-410.63, remainder_fraction=2.6502%, Lmin=-397.45, Lmax=-397.29
15:00:55 [ultranest] [DEBUG] iteration=3359, ncalls=8013, regioncalls=307520, ndraw=40, logz=-410.62, remainder_fraction=2.5351%, Lmin=-397.44, Lmax=-397.29
15:00:55 [ultranest] [DEBUG] iteration=3360, ncalls=8014, regioncalls=307560, ndraw=40, logz=-410.62, remainder_fraction=2.5227%, Lmin=-397.44, Lmax=-397.29
15:00:55 [ultranest] [DEBUG] iteration=3369, ncalls=8040, regioncalls=308600, ndraw=40, logz=-410.62, remainder_fraction=2.4141%, Lmin=-397.44, Lmax=-397.29
15:00:55 [ultranest] [DEBUG] iteration=3381, ncalls=8067, regioncalls=309680, ndraw=40, logz=-410.62, remainder_fraction=2.2744%, Lmin=-397.43, Lmax=-397.29
15:00:55 [ultranest] [DEBUG] iteration=3394, ncalls=8094, regioncalls=310760, ndraw=40, logz=-410.62, remainder_fraction=2.1357%, Lmin=-397.43, Lmax=-397.29
15:00:55 [ultranest] [DEBUG] iteration=3399, ncalls=8105, regioncalls=311240, ndraw=40, logz=-410.62, remainder_fraction=2.0836%, Lmin=-397.43, Lmax=-397.29
15:00:55 [ultranest] [DEBUG] iteration=3400, ncalls=8106, regioncalls=311280, ndraw=40, logz=-410.62, remainder_fraction=2.0735%, Lmin=-397.42, Lmax=-397.29
15:00:55 [ultranest] [DEBUG] iteration=3412, ncalls=8132, regioncalls=312320, ndraw=40, logz=-410.62, remainder_fraction=1.9550%, Lmin=-397.42, Lmax=-397.28
15:00:55 [ultranest] [DEBUG] iteration=3423, ncalls=8162, regioncalls=313520, ndraw=40, logz=-410.62, remainder_fraction=1.8538%, Lmin=-397.41, Lmax=-397.28
15:00:55 [ultranest] [DEBUG] iteration=3432, ncalls=8189, regioncalls=314600, ndraw=40, logz=-410.62, remainder_fraction=1.7726%, Lmin=-397.41, Lmax=-397.28
15:00:55 [ultranest] [DEBUG] iteration=3440, ncalls=8203, regioncalls=315160, ndraw=40, logz=-410.62, remainder_fraction=1.7036%, Lmin=-397.41, Lmax=-397.28
15:00:55 [ultranest] [DEBUG] iteration=3443, ncalls=8210, regioncalls=315480, ndraw=40, logz=-410.62, remainder_fraction=1.6788%, Lmin=-397.41, Lmax=-397.28
15:00:56 [ultranest] [DEBUG] iteration=3456, ncalls=8240, regioncalls=316680, ndraw=40, logz=-410.61, remainder_fraction=1.5751%, Lmin=-397.40, Lmax=-397.28
15:00:56 [ultranest] [DEBUG] iteration=3468, ncalls=8269, regioncalls=317840, ndraw=40, logz=-410.61, remainder_fraction=1.4841%, Lmin=-397.40, Lmax=-397.28
15:00:56 [ultranest] [DEBUG] iteration=3479, ncalls=8298, regioncalls=319000, ndraw=40, logz=-410.61, remainder_fraction=1.4050%, Lmin=-397.39, Lmax=-397.28
15:00:56 [ultranest] [DEBUG] iteration=3480, ncalls=8299, regioncalls=319040, ndraw=40, logz=-410.61, remainder_fraction=1.3981%, Lmin=-397.39, Lmax=-397.28
15:00:56 [ultranest] [DEBUG] iteration=3487, ncalls=8314, regioncalls=319680, ndraw=40, logz=-410.61, remainder_fraction=1.3498%, Lmin=-397.39, Lmax=-397.28
15:00:56 [ultranest] [DEBUG] iteration=3496, ncalls=8334, regioncalls=320480, ndraw=40, logz=-410.61, remainder_fraction=1.2909%, Lmin=-397.39, Lmax=-397.28
15:00:56 [ultranest] [DEBUG] iteration=3505, ncalls=8360, regioncalls=321520, ndraw=40, logz=-410.61, remainder_fraction=1.2338%, Lmin=-397.39, Lmax=-397.28
15:00:56 [ultranest] [DEBUG] iteration=3518, ncalls=8390, regioncalls=322720, ndraw=40, logz=-410.61, remainder_fraction=1.1555%, Lmin=-397.38, Lmax=-397.28
15:00:56 [ultranest] [DEBUG] iteration=3520, ncalls=8398, regioncalls=323040, ndraw=40, logz=-410.61, remainder_fraction=1.1441%, Lmin=-397.38, Lmax=-397.28
15:00:56 [ultranest] [DEBUG] clustering found some stray points [need_accept=False] (array([1, 2]), array([192,   1]))
15:00:56 [ultranest] [DEBUG] iteration=3532, ncalls=8419, regioncalls=323880, ndraw=40, logz=-410.61, remainder_fraction=1.0775%, Lmin=-397.38, Lmax=-397.28
15:00:56 [ultranest] [DEBUG] iteration=3542, ncalls=8445, regioncalls=324920, ndraw=40, logz=-410.61, remainder_fraction=1.0242%, Lmin=-397.38, Lmax=-397.28
15:00:56 [ultranest] [INFO] Explored until L=-4e+02  
15:00:56 [ultranest] [INFO] Likelihood function evaluations: 8445
15:00:57 [ultranest] [INFO] Writing samples and results to disk ...
15:00:57 [ultranest] [INFO] Writing samples and results to disk ... done
15:00:57 [ultranest] [DEBUG] did a run_iter pass!
15:00:57 [ultranest] [INFO]   logZ = -410.7 +- 0.1852
15:00:57 [ultranest] [INFO] Effective samples strategy satisfied (ESS = 893.9, need >400)
15:00:57 [ultranest] [INFO] Posterior uncertainty strategy is satisfied (KL: 0.47+-0.13 nat, need <0.50 nat)
15:00:57 [ultranest] [INFO] Evidency uncertainty strategy is satisfied (dlogz=0.19, need <0.5)
15:00:57 [ultranest] [INFO]   logZ error budget: single: 0.25 bs:0.19 tail:0.01 total:0.19 required:<0.50
15:00:57 [ultranest] [INFO] done iterating.
15:00:58 [ultranest] [DEBUG] Making corner plot ...
15:00:59 [ultranest] [DEBUG] Making corner plot ... done
15:00:59 [ultranest] [DEBUG] Making run plot ... 
15:01:00 [ultranest] [DEBUG] Making run plot ... done
15:01:00 [ultranest] [DEBUG] Making trace plot ... 
15:01:01 [ultranest] [DEBUG] Making trace plot ... done
