09:41:46 [ultranest] [DEBUG] ReactiveNestedSampler: dims=3+0, resume=True, log_dir=/home/orion51/Desktop/Research/spectral_fitting/FGL_spectral_fitting/Individual_sources/2CXOJ180434.9-300112/mekal_out_, backend=hdf5, vectorized=False, nbootstraps=30, ndraw=128..65536
09:41:46 [ultranest] [INFO] Sampling 400 live points from prior ...
09:41:47 [ultranest] [DEBUG] run_iter dlogz=0.5, dKL=0.5, frac_remain=0.01, Lepsilon=0.1000, min_ess=400
09:41:47 [ultranest] [DEBUG] max_iters=-1, max_ncalls=-1, max_num_improvement_loops=-1, min_num_live_points=400, cluster_num_live_points=40
09:41:47 [ultranest] [DEBUG] minimal_widths_sequence: [(-inf, 400.0), (inf, 400.0)]
09:41:47 [ultranest] [DEBUG] iteration=0, ncalls=401, regioncalls=40, ndraw=40, logz=-inf, remainder_fraction=100.0000%, Lmin=-1033354589.54, Lmax=-11.39
09:41:47 [ultranest] [DEBUG] iteration=24, ncalls=425, regioncalls=1000, ndraw=40, logz=-91815835.71, remainder_fraction=100.0000%, Lmin=-89269999.40, Lmax=-11.39
09:41:48 [ultranest] [DEBUG] iteration=40, ncalls=441, regioncalls=1640, ndraw=40, logz=-28375063.54, remainder_fraction=100.0000%, Lmin=-25359910.29, Lmax=-11.39
09:41:48 [ultranest] [DEBUG] iteration=60, ncalls=462, regioncalls=2480, ndraw=40, logz=-3568405.58, remainder_fraction=100.0000%, Lmin=-2876346.64, Lmax=-11.39
09:41:48 [ultranest] [DEBUG] iteration=80, ncalls=483, regioncalls=3320, ndraw=40, logz=-888398.42, remainder_fraction=100.0000%, Lmin=-790041.82, Lmax=-11.39
09:41:48 [ultranest] [DEBUG] iteration=90, ncalls=493, regioncalls=3720, ndraw=40, logz=-578901.77, remainder_fraction=100.0000%, Lmin=-547367.03, Lmax=-11.39
09:41:48 [ultranest] [DEBUG] iteration=112, ncalls=520, regioncalls=4800, ndraw=40, logz=-119790.89, remainder_fraction=100.0000%, Lmin=-104816.83, Lmax=-11.39
09:41:48 [ultranest] [DEBUG] iteration=120, ncalls=528, regioncalls=5120, ndraw=40, logz=-77418.53, remainder_fraction=100.0000%, Lmin=-75520.88, Lmax=-11.39
09:41:48 [ultranest] [DEBUG] iteration=144, ncalls=557, regioncalls=6280, ndraw=40, logz=-22331.42, remainder_fraction=100.0000%, Lmin=-20615.51, Lmax=-11.39
09:41:48 [ultranest] [DEBUG] iteration=160, ncalls=576, regioncalls=7040, ndraw=40, logz=-7525.30, remainder_fraction=100.0000%, Lmin=-6439.54, Lmax=-11.39
09:41:48 [ultranest] [DEBUG] iteration=181, ncalls=602, regioncalls=8080, ndraw=40, logz=-2699.12, remainder_fraction=100.0000%, Lmin=-2686.66, Lmax=-11.39
09:41:48 [ultranest] [DEBUG] iteration=200, ncalls=622, regioncalls=8880, ndraw=40, logz=-1240.70, remainder_fraction=100.0000%, Lmin=-1231.07, Lmax=-11.39
09:41:48 [ultranest] [DEBUG] iteration=221, ncalls=648, regioncalls=9920, ndraw=40, logz=-530.57, remainder_fraction=100.0000%, Lmin=-519.14, Lmax=-11.39
09:41:48 [ultranest] [DEBUG] iteration=240, ncalls=677, regioncalls=11080, ndraw=40, logz=-221.15, remainder_fraction=100.0000%, Lmin=-208.57, Lmax=-11.39
09:41:48 [ultranest] [DEBUG] Plateau detected at L=-1.963444e+02, not replacing live point.
09:41:48 [ultranest] [DEBUG] Plateau detected at L=-1.963444e+02, not replacing live point.
09:41:48 [ultranest] [DEBUG] Plateau detected at L=-1.963444e+02, not replacing live point.
09:41:48 [ultranest] [DEBUG] Plateau detected at L=-1.963444e+02, not replacing live point.
09:41:48 [ultranest] [DEBUG] Plateau detected at L=-1.963444e+02, not replacing live point.
09:41:48 [ultranest] [DEBUG] Plateau detected at L=-1.963444e+02, not replacing live point.
09:41:48 [ultranest] [DEBUG] Plateau detected at L=-1.963444e+02, not replacing live point.
09:41:48 [ultranest] [DEBUG] Plateau detected at L=-1.963444e+02, not replacing live point.
09:41:48 [ultranest] [DEBUG] Plateau detected at L=-1.963444e+02, not replacing live point.
09:41:48 [ultranest] [DEBUG] Plateau detected at L=-1.963444e+02, not replacing live point.
09:41:48 [ultranest] [DEBUG] Plateau detected at L=-1.963444e+02, not replacing live point.
09:41:48 [ultranest] [DEBUG] Plateau detected at L=-1.963444e+02, not replacing live point.
09:41:48 [ultranest] [DEBUG] Plateau detected at L=-1.963444e+02, not replacing live point.
09:41:48 [ultranest] [DEBUG] Plateau detected at L=-1.963444e+02, not replacing live point.
09:41:48 [ultranest] [DEBUG] Plateau detected at L=-1.963444e+02, not replacing live point.
09:41:48 [ultranest] [DEBUG] Plateau detected at L=-1.963444e+02, not replacing live point.
09:41:48 [ultranest] [DEBUG] Plateau detected at L=-1.963444e+02, not replacing live point.
09:41:48 [ultranest] [DEBUG] Plateau detected at L=-1.963444e+02, not replacing live point.
09:41:48 [ultranest] [DEBUG] Plateau detected at L=-1.963444e+02, not replacing live point.
09:41:48 [ultranest] [DEBUG] Plateau detected at L=-1.963444e+02, not replacing live point.
09:41:48 [ultranest] [DEBUG] Plateau detected at L=-1.963444e+02, not replacing live point.
09:41:48 [ultranest] [DEBUG] Plateau detected at L=-1.963444e+02, not replacing live point.
09:41:48 [ultranest] [DEBUG] Plateau detected at L=-1.963444e+02, not replacing live point.
09:41:48 [ultranest] [DEBUG] Plateau detected at L=-1.963444e+02, not replacing live point.
09:41:48 [ultranest] [DEBUG] Plateau detected at L=-1.963444e+02, not replacing live point.
09:41:48 [ultranest] [DEBUG] Plateau detected at L=-1.963444e+02, not replacing live point.
09:41:48 [ultranest] [DEBUG] Plateau detected at L=-1.963444e+02, not replacing live point.
09:41:48 [ultranest] [DEBUG] Plateau detected at L=-1.963444e+02, not replacing live point.
09:41:48 [ultranest] [DEBUG] Plateau detected at L=-1.963444e+02, not replacing live point.
09:41:49 [ultranest] [DEBUG] Plateau detected at L=-1.963444e+02, not replacing live point.
09:41:49 [ultranest] [DEBUG] Plateau detected at L=-1.963444e+02, not replacing live point.
09:41:49 [ultranest] [DEBUG] Plateau detected at L=-1.963444e+02, not replacing live point.
09:41:49 [ultranest] [DEBUG] Plateau detected at L=-1.963444e+02, not replacing live point.
09:41:49 [ultranest] [DEBUG] Plateau detected at L=-1.963444e+02, not replacing live point.
09:41:49 [ultranest] [DEBUG] Plateau detected at L=-1.963444e+02, not replacing live point.
09:41:49 [ultranest] [DEBUG] Plateau detected at L=-1.963444e+02, not replacing live point.
09:41:49 [ultranest] [DEBUG] Plateau detected at L=-1.963444e+02, not replacing live point.
09:41:49 [ultranest] [DEBUG] Plateau detected at L=-1.963444e+02, not replacing live point.
09:41:49 [ultranest] [DEBUG] Plateau detected at L=-1.963444e+02, not replacing live point.
09:41:49 [ultranest] [DEBUG] Plateau detected at L=-1.963444e+02, not replacing live point.
09:41:49 [ultranest] [DEBUG] Plateau detected at L=-1.963444e+02, not replacing live point.
09:41:49 [ultranest] [DEBUG] Plateau detected at L=-1.963444e+02, not replacing live point.
09:41:49 [ultranest] [DEBUG] Plateau detected at L=-1.963444e+02, not replacing live point.
09:41:49 [ultranest] [DEBUG] Plateau detected at L=-1.963444e+02, not replacing live point.
09:41:49 [ultranest] [DEBUG] Plateau detected at L=-1.963444e+02, not replacing live point.
09:41:49 [ultranest] [DEBUG] Plateau detected at L=-1.963444e+02, not replacing live point.
09:41:49 [ultranest] [DEBUG] Plateau detected at L=-1.963444e+02, not replacing live point.
09:41:49 [ultranest] [DEBUG] Plateau detected at L=-1.963444e+02, not replacing live point.
09:41:49 [ultranest] [DEBUG] Plateau detected at L=-1.963444e+02, not replacing live point.
09:41:49 [ultranest] [DEBUG] Plateau detected at L=-1.963444e+02, not replacing live point.
09:41:49 [ultranest] [DEBUG] Plateau detected at L=-1.963444e+02, not replacing live point.
09:41:49 [ultranest] [DEBUG] Plateau detected at L=-1.963444e+02, not replacing live point.
09:41:49 [ultranest] [DEBUG] iteration=296, ncalls=682, regioncalls=11280, ndraw=40, logz=-198.99, remainder_fraction=100.0000%, Lmin=-196.34, Lmax=-11.39
09:41:49 [ultranest] [DEBUG] Plateau detected at L=-1.963444e+02, not replacing live point.
09:41:49 [ultranest] [DEBUG] iteration=298, ncalls=683, regioncalls=11320, ndraw=40, logz=-198.96, remainder_fraction=100.0000%, Lmin=-196.34, Lmax=-11.39
09:41:49 [ultranest] [DEBUG] Plateau detected at L=-1.963444e+02, not replacing live point.
09:41:49 [ultranest] [DEBUG] iteration=300, ncalls=684, regioncalls=11360, ndraw=40, logz=-198.92, remainder_fraction=100.0000%, Lmin=-196.34, Lmax=-11.39
09:41:49 [ultranest] [DEBUG] Plateau detected at L=-1.963444e+02, not replacing live point.
09:41:49 [ultranest] [DEBUG] iteration=302, ncalls=685, regioncalls=11400, ndraw=40, logz=-198.89, remainder_fraction=100.0000%, Lmin=-196.34, Lmax=-11.39
09:41:49 [ultranest] [DEBUG] iteration=319, ncalls=713, regioncalls=12520, ndraw=40, logz=-198.64, remainder_fraction=100.0000%, Lmin=-196.34, Lmax=-11.39
09:41:49 [ultranest] [DEBUG] iteration=320, ncalls=714, regioncalls=12560, ndraw=40, logz=-198.62, remainder_fraction=100.0000%, Lmin=-196.34, Lmax=-11.39
09:41:49 [ultranest] [DEBUG] iteration=338, ncalls=744, regioncalls=13760, ndraw=40, logz=-198.43, remainder_fraction=100.0000%, Lmin=-196.34, Lmax=-11.39
09:41:49 [ultranest] [DEBUG] iteration=355, ncalls=776, regioncalls=15040, ndraw=40, logz=-198.28, remainder_fraction=100.0000%, Lmin=-196.34, Lmax=-11.39
09:41:49 [ultranest] [DEBUG] iteration=360, ncalls=789, regioncalls=15560, ndraw=40, logz=-198.24, remainder_fraction=100.0000%, Lmin=-196.34, Lmax=-11.39
09:41:49 [ultranest] [DEBUG] iteration=377, ncalls=821, regioncalls=16840, ndraw=40, logz=-198.12, remainder_fraction=100.0000%, Lmin=-196.34, Lmax=-11.39
09:41:49 [ultranest] [DEBUG] iteration=392, ncalls=849, regioncalls=17960, ndraw=40, logz=-198.03, remainder_fraction=100.0000%, Lmin=-196.34, Lmax=-11.39
09:41:49 [ultranest] [DEBUG] iteration=400, ncalls=865, regioncalls=18600, ndraw=40, logz=-197.99, remainder_fraction=100.0000%, Lmin=-196.34, Lmax=-11.39
09:41:49 [ultranest] [DEBUG] iteration=414, ncalls=899, regioncalls=19960, ndraw=40, logz=-197.92, remainder_fraction=100.0000%, Lmin=-196.34, Lmax=-11.39
09:41:49 [ultranest] [DEBUG] iteration=432, ncalls=932, regioncalls=21280, ndraw=40, logz=-197.84, remainder_fraction=100.0000%, Lmin=-196.33, Lmax=-11.39
09:41:49 [ultranest] [DEBUG] iteration=440, ncalls=952, regioncalls=22080, ndraw=40, logz=-197.80, remainder_fraction=100.0000%, Lmin=-196.32, Lmax=-11.39
09:41:50 [ultranest] [DEBUG] iteration=447, ncalls=988, regioncalls=23520, ndraw=40, logz=-197.78, remainder_fraction=100.0000%, Lmin=-196.31, Lmax=-11.39
09:41:50 [ultranest] [DEBUG] iteration=461, ncalls=1015, regioncalls=24600, ndraw=40, logz=-197.72, remainder_fraction=100.0000%, Lmin=-196.26, Lmax=-10.12
09:41:50 [ultranest] [DEBUG] iteration=475, ncalls=1048, regioncalls=25920, ndraw=40, logz=-197.67, remainder_fraction=100.0000%, Lmin=-196.18, Lmax=-10.12
09:41:50 [ultranest] [DEBUG] iteration=480, ncalls=1062, regioncalls=26480, ndraw=40, logz=-197.66, remainder_fraction=100.0000%, Lmin=-196.17, Lmax=-10.12
09:41:50 [ultranest] [DEBUG] iteration=496, ncalls=1096, regioncalls=27840, ndraw=40, logz=-197.60, remainder_fraction=100.0000%, Lmin=-195.95, Lmax=-10.12
09:41:50 [ultranest] [DEBUG] iteration=511, ncalls=1129, regioncalls=29160, ndraw=40, logz=-197.53, remainder_fraction=100.0000%, Lmin=-195.73, Lmax=-10.12
09:41:50 [ultranest] [DEBUG] iteration=520, ncalls=1146, regioncalls=29840, ndraw=40, logz=-197.49, remainder_fraction=100.0000%, Lmin=-195.52, Lmax=-10.12
09:41:50 [ultranest] [DEBUG] iteration=532, ncalls=1180, regioncalls=31200, ndraw=40, logz=-197.43, remainder_fraction=100.0000%, Lmin=-195.29, Lmax=-10.12
09:41:50 [ultranest] [DEBUG] iteration=544, ncalls=1204, regioncalls=32160, ndraw=40, logz=-197.35, remainder_fraction=100.0000%, Lmin=-195.04, Lmax=-10.12
09:41:50 [ultranest] [DEBUG] iteration=553, ncalls=1238, regioncalls=33520, ndraw=40, logz=-197.28, remainder_fraction=100.0000%, Lmin=-194.78, Lmax=-10.12
09:41:50 [ultranest] [DEBUG] iteration=560, ncalls=1261, regioncalls=34440, ndraw=40, logz=-197.23, remainder_fraction=100.0000%, Lmin=-194.66, Lmax=-7.67
09:41:51 [ultranest] [DEBUG] iteration=572, ncalls=1292, regioncalls=35680, ndraw=40, logz=-197.11, remainder_fraction=100.0000%, Lmin=-194.07, Lmax=-7.67
09:41:51 [ultranest] [DEBUG] iteration=581, ncalls=1326, regioncalls=37040, ndraw=40, logz=-196.99, remainder_fraction=100.0000%, Lmin=-193.78, Lmax=-7.67
09:41:51 [ultranest] [DEBUG] iteration=594, ncalls=1361, regioncalls=38440, ndraw=40, logz=-196.78, remainder_fraction=100.0000%, Lmin=-193.33, Lmax=-7.67
09:41:51 [ultranest] [DEBUG] iteration=600, ncalls=1383, regioncalls=39320, ndraw=40, logz=-196.66, remainder_fraction=100.0000%, Lmin=-193.04, Lmax=-7.67
09:41:51 [ultranest] [DEBUG] iteration=607, ncalls=1420, regioncalls=40800, ndraw=40, logz=-196.50, remainder_fraction=100.0000%, Lmin=-192.70, Lmax=-7.67
09:41:51 [ultranest] [DEBUG] iteration=613, ncalls=1454, regioncalls=42160, ndraw=40, logz=-196.36, remainder_fraction=100.0000%, Lmin=-192.58, Lmax=-7.67
09:41:51 [ultranest] [DEBUG] iteration=623, ncalls=1490, regioncalls=43600, ndraw=40, logz=-196.11, remainder_fraction=100.0000%, Lmin=-192.17, Lmax=-7.67
09:41:51 [ultranest] [DEBUG] iteration=632, ncalls=1530, regioncalls=45200, ndraw=40, logz=-195.82, remainder_fraction=100.0000%, Lmin=-191.63, Lmax=-7.67
09:41:51 [ultranest] [DEBUG] iteration=640, ncalls=1548, regioncalls=45920, ndraw=40, logz=-195.54, remainder_fraction=100.0000%, Lmin=-191.26, Lmax=-7.67
09:41:51 [ultranest] [DEBUG] iteration=652, ncalls=1582, regioncalls=47280, ndraw=40, logz=-194.97, remainder_fraction=100.0000%, Lmin=-190.18, Lmax=-7.67
09:41:52 [ultranest] [DEBUG] iteration=666, ncalls=1617, regioncalls=48680, ndraw=40, logz=-194.14, remainder_fraction=100.0000%, Lmin=-189.21, Lmax=-7.67
09:41:52 [ultranest] [DEBUG] iteration=675, ncalls=1657, regioncalls=50280, ndraw=40, logz=-193.47, remainder_fraction=100.0000%, Lmin=-188.37, Lmax=-7.67
09:41:52 [ultranest] [DEBUG] iteration=680, ncalls=1669, regioncalls=50760, ndraw=40, logz=-193.14, remainder_fraction=100.0000%, Lmin=-187.92, Lmax=-7.67
09:41:52 [ultranest] [DEBUG] iteration=687, ncalls=1697, regioncalls=51880, ndraw=40, logz=-192.62, remainder_fraction=100.0000%, Lmin=-187.50, Lmax=-7.67
09:41:52 [ultranest] [DEBUG] iteration=697, ncalls=1734, regioncalls=53360, ndraw=40, logz=-191.87, remainder_fraction=100.0000%, Lmin=-186.67, Lmax=-7.67
09:41:52 [ultranest] [DEBUG] iteration=710, ncalls=1768, regioncalls=54720, ndraw=40, logz=-190.90, remainder_fraction=100.0000%, Lmin=-185.78, Lmax=-7.67
09:41:52 [ultranest] [DEBUG] iteration=720, ncalls=1793, regioncalls=55720, ndraw=40, logz=-189.96, remainder_fraction=100.0000%, Lmin=-184.10, Lmax=-7.67
09:41:52 [ultranest] [DEBUG] iteration=733, ncalls=1828, regioncalls=57120, ndraw=40, logz=-188.14, remainder_fraction=100.0000%, Lmin=-182.22, Lmax=-7.67
09:41:52 [ultranest] [DEBUG] iteration=745, ncalls=1862, regioncalls=58480, ndraw=40, logz=-186.45, remainder_fraction=100.0000%, Lmin=-180.15, Lmax=-7.67
09:41:52 [ultranest] [DEBUG] iteration=760, ncalls=1899, regioncalls=59960, ndraw=40, logz=-182.94, remainder_fraction=100.0000%, Lmin=-176.27, Lmax=-7.67
09:41:53 [ultranest] [DEBUG] iteration=768, ncalls=1933, regioncalls=61320, ndraw=40, logz=-181.05, remainder_fraction=100.0000%, Lmin=-174.73, Lmax=-7.67
09:41:53 [ultranest] [DEBUG] iteration=781, ncalls=1966, regioncalls=62640, ndraw=40, logz=-179.00, remainder_fraction=100.0000%, Lmin=-172.79, Lmax=-7.67
09:41:53 [ultranest] [DEBUG] iteration=790, ncalls=2003, regioncalls=64120, ndraw=40, logz=-177.40, remainder_fraction=100.0000%, Lmin=-171.12, Lmax=-7.67
09:41:53 [ultranest] [DEBUG] iteration=798, ncalls=2045, regioncalls=65800, ndraw=40, logz=-176.01, remainder_fraction=100.0000%, Lmin=-169.20, Lmax=-7.67
09:41:53 [ultranest] [DEBUG] iteration=800, ncalls=2050, regioncalls=66000, ndraw=40, logz=-175.54, remainder_fraction=100.0000%, Lmin=-169.08, Lmax=-7.67
09:41:53 [ultranest] [DEBUG] iteration=812, ncalls=2102, regioncalls=68080, ndraw=40, logz=-173.02, remainder_fraction=100.0000%, Lmin=-166.59, Lmax=-7.67
09:41:53 [ultranest] [DEBUG] iteration=826, ncalls=2145, regioncalls=69800, ndraw=40, logz=-170.34, remainder_fraction=100.0000%, Lmin=-163.74, Lmax=-7.67
09:41:53 [ultranest] [DEBUG] iteration=836, ncalls=2189, regioncalls=71560, ndraw=40, logz=-168.26, remainder_fraction=100.0000%, Lmin=-162.00, Lmax=-7.07
09:41:53 [ultranest] [DEBUG] iteration=840, ncalls=2197, regioncalls=71880, ndraw=40, logz=-167.73, remainder_fraction=100.0000%, Lmin=-161.60, Lmax=-7.07
09:41:53 [ultranest] [DEBUG] iteration=846, ncalls=2226, regioncalls=73040, ndraw=40, logz=-166.88, remainder_fraction=100.0000%, Lmin=-160.23, Lmax=-7.07
09:41:53 [ultranest] [DEBUG] iteration=854, ncalls=2260, regioncalls=74400, ndraw=40, logz=-165.30, remainder_fraction=100.0000%, Lmin=-158.54, Lmax=-7.07
09:41:54 [ultranest] [DEBUG] iteration=864, ncalls=2302, regioncalls=76080, ndraw=40, logz=-163.08, remainder_fraction=100.0000%, Lmin=-156.44, Lmax=-7.07
09:41:54 [ultranest] [DEBUG] iteration=873, ncalls=2343, regioncalls=77720, ndraw=40, logz=-161.44, remainder_fraction=100.0000%, Lmin=-154.83, Lmax=-7.07
09:41:54 [ultranest] [DEBUG] iteration=878, ncalls=2384, regioncalls=79360, ndraw=40, logz=-160.38, remainder_fraction=100.0000%, Lmin=-153.13, Lmax=-7.07
09:41:54 [ultranest] [DEBUG] iteration=880, ncalls=2387, regioncalls=79480, ndraw=40, logz=-159.68, remainder_fraction=100.0000%, Lmin=-152.39, Lmax=-7.07
09:41:54 [ultranest] [DEBUG] iteration=886, ncalls=2424, regioncalls=80960, ndraw=40, logz=-157.40, remainder_fraction=100.0000%, Lmin=-150.45, Lmax=-7.07
09:41:54 [ultranest] [DEBUG] iteration=896, ncalls=2461, regioncalls=82440, ndraw=40, logz=-155.13, remainder_fraction=100.0000%, Lmin=-148.29, Lmax=-7.07
09:41:54 [ultranest] [DEBUG] iteration=905, ncalls=2498, regioncalls=83920, ndraw=40, logz=-152.31, remainder_fraction=100.0000%, Lmin=-144.37, Lmax=-7.07
09:41:54 [ultranest] [DEBUG] iteration=912, ncalls=2539, regioncalls=85560, ndraw=40, logz=-150.06, remainder_fraction=100.0000%, Lmin=-143.22, Lmax=-7.07
09:41:54 [ultranest] [DEBUG] iteration=920, ncalls=2571, regioncalls=86840, ndraw=40, logz=-148.29, remainder_fraction=100.0000%, Lmin=-141.47, Lmax=-7.07
09:41:54 [ultranest] [DEBUG] iteration=925, ncalls=2607, regioncalls=88280, ndraw=40, logz=-146.86, remainder_fraction=100.0000%, Lmin=-139.51, Lmax=-7.07
09:41:55 [ultranest] [DEBUG] iteration=931, ncalls=2646, regioncalls=89840, ndraw=40, logz=-145.09, remainder_fraction=100.0000%, Lmin=-137.87, Lmax=-7.07
09:41:55 [ultranest] [DEBUG] iteration=938, ncalls=2690, regioncalls=91600, ndraw=40, logz=-143.08, remainder_fraction=100.0000%, Lmin=-136.16, Lmax=-7.07
09:41:55 [ultranest] [DEBUG] iteration=944, ncalls=2731, regioncalls=93240, ndraw=40, logz=-141.67, remainder_fraction=100.0000%, Lmin=-134.85, Lmax=-7.07
09:41:55 [ultranest] [DEBUG] iteration=951, ncalls=2773, regioncalls=94920, ndraw=40, logz=-140.53, remainder_fraction=100.0000%, Lmin=-133.19, Lmax=-7.07
09:41:55 [ultranest] [DEBUG] iteration=955, ncalls=2814, regioncalls=96560, ndraw=40, logz=-139.39, remainder_fraction=100.0000%, Lmin=-132.00, Lmax=-7.07
09:41:55 [ultranest] [DEBUG] iteration=960, ncalls=2837, regioncalls=97480, ndraw=40, logz=-138.06, remainder_fraction=100.0000%, Lmin=-130.98, Lmax=-7.07
09:41:55 [ultranest] [DEBUG] iteration=971, ncalls=2876, regioncalls=99040, ndraw=40, logz=-135.91, remainder_fraction=100.0000%, Lmin=-128.71, Lmax=-7.07
09:41:55 [ultranest] [DEBUG] iteration=976, ncalls=2912, regioncalls=100480, ndraw=40, logz=-134.75, remainder_fraction=100.0000%, Lmin=-127.61, Lmax=-7.07
09:41:55 [ultranest] [DEBUG] iteration=984, ncalls=2947, regioncalls=101880, ndraw=40, logz=-132.43, remainder_fraction=100.0000%, Lmin=-124.99, Lmax=-7.07
09:41:56 [ultranest] [DEBUG] iteration=993, ncalls=2991, regioncalls=103640, ndraw=40, logz=-129.45, remainder_fraction=100.0000%, Lmin=-121.51, Lmax=-7.07
09:41:56 [ultranest] [DEBUG] iteration=1000, ncalls=3018, regioncalls=104720, ndraw=40, logz=-127.19, remainder_fraction=100.0000%, Lmin=-119.64, Lmax=-7.07
09:41:56 [ultranest] [DEBUG] iteration=1006, ncalls=3054, regioncalls=106160, ndraw=40, logz=-125.71, remainder_fraction=100.0000%, Lmin=-118.63, Lmax=-7.07
09:41:56 [ultranest] [DEBUG] iteration=1015, ncalls=3096, regioncalls=107840, ndraw=40, logz=-123.78, remainder_fraction=100.0000%, Lmin=-116.64, Lmax=-7.07
09:41:56 [ultranest] [DEBUG] iteration=1024, ncalls=3132, regioncalls=109280, ndraw=40, logz=-121.95, remainder_fraction=100.0000%, Lmin=-114.80, Lmax=-7.07
09:41:56 [ultranest] [DEBUG] iteration=1030, ncalls=3170, regioncalls=110800, ndraw=40, logz=-120.75, remainder_fraction=100.0000%, Lmin=-113.74, Lmax=-7.07
09:41:56 [ultranest] [DEBUG] iteration=1040, ncalls=3206, regioncalls=112240, ndraw=40, logz=-118.91, remainder_fraction=100.0000%, Lmin=-111.02, Lmax=-7.07
09:41:56 [ultranest] [DEBUG] iteration=1047, ncalls=3244, regioncalls=113760, ndraw=40, logz=-116.82, remainder_fraction=100.0000%, Lmin=-109.25, Lmax=-7.07
09:41:56 [ultranest] [DEBUG] iteration=1057, ncalls=3279, regioncalls=115160, ndraw=40, logz=-114.10, remainder_fraction=100.0000%, Lmin=-106.32, Lmax=-7.07
09:41:56 [ultranest] [DEBUG] iteration=1065, ncalls=3314, regioncalls=116560, ndraw=40, logz=-112.39, remainder_fraction=100.0000%, Lmin=-105.31, Lmax=-7.07
09:41:57 [ultranest] [DEBUG] iteration=1072, ncalls=3347, regioncalls=117880, ndraw=40, logz=-111.07, remainder_fraction=100.0000%, Lmin=-103.80, Lmax=-7.07
09:41:57 [ultranest] [DEBUG] iteration=1080, ncalls=3376, regioncalls=119040, ndraw=40, logz=-109.45, remainder_fraction=100.0000%, Lmin=-102.02, Lmax=-7.07
09:41:57 [ultranest] [DEBUG] iteration=1087, ncalls=3409, regioncalls=120360, ndraw=40, logz=-108.11, remainder_fraction=100.0000%, Lmin=-101.18, Lmax=-7.07
09:41:57 [ultranest] [DEBUG] iteration=1098, ncalls=3446, regioncalls=121840, ndraw=40, logz=-106.75, remainder_fraction=100.0000%, Lmin=-99.56, Lmax=-7.07
09:41:57 [ultranest] [DEBUG] iteration=1107, ncalls=3482, regioncalls=123280, ndraw=40, logz=-105.21, remainder_fraction=100.0000%, Lmin=-97.88, Lmax=-7.07
09:41:57 [ultranest] [DEBUG] iteration=1119, ncalls=3523, regioncalls=124920, ndraw=40, logz=-102.01, remainder_fraction=100.0000%, Lmin=-94.27, Lmax=-7.07
09:41:57 [ultranest] [DEBUG] iteration=1120, ncalls=3532, regioncalls=125280, ndraw=40, logz=-101.75, remainder_fraction=100.0000%, Lmin=-94.05, Lmax=-7.07
09:41:57 [ultranest] [DEBUG] iteration=1133, ncalls=3567, regioncalls=126680, ndraw=40, logz=-98.65, remainder_fraction=100.0000%, Lmin=-91.07, Lmax=-7.07
09:41:57 [ultranest] [DEBUG] iteration=1143, ncalls=3604, regioncalls=128160, ndraw=40, logz=-96.71, remainder_fraction=100.0000%, Lmin=-89.38, Lmax=-7.07
09:41:57 [ultranest] [DEBUG] iteration=1149, ncalls=3640, regioncalls=129680, ndraw=40, logz=-95.05, remainder_fraction=100.0000%, Lmin=-87.25, Lmax=-7.07
09:41:58 [ultranest] [DEBUG] iteration=1158, ncalls=3673, regioncalls=131000, ndraw=40, logz=-93.42, remainder_fraction=100.0000%, Lmin=-86.28, Lmax=-7.07
09:41:58 [ultranest] [DEBUG] iteration=1160, ncalls=3676, regioncalls=131120, ndraw=40, logz=-93.16, remainder_fraction=100.0000%, Lmin=-85.63, Lmax=-7.07
09:41:58 [ultranest] [DEBUG] iteration=1172, ncalls=3709, regioncalls=132440, ndraw=40, logz=-90.81, remainder_fraction=100.0000%, Lmin=-83.18, Lmax=-7.07
09:41:58 [ultranest] [DEBUG] iteration=1181, ncalls=3748, regioncalls=134000, ndraw=40, logz=-89.28, remainder_fraction=100.0000%, Lmin=-81.83, Lmax=-7.07
09:41:58 [ultranest] [DEBUG] iteration=1191, ncalls=3782, regioncalls=135360, ndraw=40, logz=-86.90, remainder_fraction=100.0000%, Lmin=-78.95, Lmax=-7.07
09:41:58 [ultranest] [DEBUG] iteration=1200, ncalls=3818, regioncalls=136800, ndraw=40, logz=-84.59, remainder_fraction=100.0000%, Lmin=-76.27, Lmax=-7.07
09:41:58 [ultranest] [DEBUG] iteration=1212, ncalls=3857, regioncalls=138360, ndraw=40, logz=-81.00, remainder_fraction=100.0000%, Lmin=-73.45, Lmax=-7.07
09:41:58 [ultranest] [DEBUG] iteration=1222, ncalls=3896, regioncalls=139920, ndraw=40, logz=-79.63, remainder_fraction=100.0000%, Lmin=-72.38, Lmax=-7.07
09:41:58 [ultranest] [DEBUG] iteration=1226, ncalls=3912, regioncalls=140560, ndraw=40, logz=-79.18, remainder_fraction=100.0000%, Lmin=-72.11, Lmax=-7.07
09:41:58 [ultranest] [DEBUG] iteration=1238, ncalls=3945, regioncalls=141920, ndraw=40, logz=-77.98, remainder_fraction=100.0000%, Lmin=-70.72, Lmax=-7.07
09:41:58 [ultranest] [DEBUG] iteration=1240, ncalls=3954, regioncalls=142280, ndraw=40, logz=-77.76, remainder_fraction=100.0000%, Lmin=-70.44, Lmax=-7.07
09:41:59 [ultranest] [DEBUG] iteration=1254, ncalls=3989, regioncalls=143680, ndraw=40, logz=-76.09, remainder_fraction=100.0000%, Lmin=-68.45, Lmax=-7.07
09:41:59 [ultranest] [DEBUG] iteration=1268, ncalls=4016, regioncalls=144760, ndraw=40, logz=-73.39, remainder_fraction=100.0000%, Lmin=-65.59, Lmax=-7.07
09:41:59 [ultranest] [DEBUG] iteration=1276, ncalls=4052, regioncalls=146200, ndraw=40, logz=-71.94, remainder_fraction=100.0000%, Lmin=-64.39, Lmax=-7.07
09:41:59 [ultranest] [DEBUG] iteration=1280, ncalls=4061, regioncalls=146560, ndraw=40, logz=-71.34, remainder_fraction=100.0000%, Lmin=-63.71, Lmax=-7.07
09:41:59 [ultranest] [DEBUG] iteration=1295, ncalls=4094, regioncalls=147880, ndraw=40, logz=-69.36, remainder_fraction=100.0000%, Lmin=-61.68, Lmax=-7.07
09:41:59 [ultranest] [DEBUG] iteration=1303, ncalls=4127, regioncalls=149200, ndraw=40, logz=-68.35, remainder_fraction=100.0000%, Lmin=-60.90, Lmax=-7.07
09:41:59 [ultranest] [DEBUG] iteration=1311, ncalls=4158, regioncalls=150440, ndraw=40, logz=-67.32, remainder_fraction=100.0000%, Lmin=-59.83, Lmax=-7.07
09:41:59 [ultranest] [DEBUG] iteration=1320, ncalls=4189, regioncalls=151680, ndraw=40, logz=-66.30, remainder_fraction=100.0000%, Lmin=-58.95, Lmax=-7.07
09:41:59 [ultranest] [DEBUG] iteration=1332, ncalls=4223, regioncalls=153040, ndraw=40, logz=-65.33, remainder_fraction=100.0000%, Lmin=-58.34, Lmax=-7.07
09:41:59 [ultranest] [DEBUG] iteration=1343, ncalls=4256, regioncalls=154360, ndraw=40, logz=-64.49, remainder_fraction=100.0000%, Lmin=-57.50, Lmax=-7.07
09:41:59 [ultranest] [DEBUG] iteration=1355, ncalls=4288, regioncalls=155640, ndraw=40, logz=-63.37, remainder_fraction=100.0000%, Lmin=-55.78, Lmax=-7.07
09:42:00 [ultranest] [DEBUG] iteration=1360, ncalls=4305, regioncalls=156320, ndraw=40, logz=-62.81, remainder_fraction=100.0000%, Lmin=-55.28, Lmax=-7.07
09:42:00 [ultranest] [DEBUG] iteration=1373, ncalls=4336, regioncalls=157560, ndraw=40, logz=-61.25, remainder_fraction=100.0000%, Lmin=-53.66, Lmax=-6.98
09:42:00 [ultranest] [DEBUG] iteration=1382, ncalls=4370, regioncalls=158920, ndraw=40, logz=-60.35, remainder_fraction=100.0000%, Lmin=-52.94, Lmax=-6.98
09:42:00 [ultranest] [DEBUG] iteration=1392, ncalls=4399, regioncalls=160080, ndraw=40, logz=-58.99, remainder_fraction=100.0000%, Lmin=-50.57, Lmax=-6.98
09:42:00 [ultranest] [DEBUG] iteration=1400, ncalls=4423, regioncalls=161040, ndraw=40, logz=-57.45, remainder_fraction=100.0000%, Lmin=-49.34, Lmax=-6.98
09:42:00 [ultranest] [DEBUG] iteration=1415, ncalls=4454, regioncalls=162280, ndraw=40, logz=-54.85, remainder_fraction=100.0000%, Lmin=-46.63, Lmax=-6.98
09:42:00 [ultranest] [DEBUG] iteration=1426, ncalls=4500, regioncalls=164120, ndraw=40, logz=-53.51, remainder_fraction=100.0000%, Lmin=-45.91, Lmax=-6.98
09:42:00 [ultranest] [DEBUG] iteration=1436, ncalls=4533, regioncalls=165440, ndraw=40, logz=-52.55, remainder_fraction=100.0000%, Lmin=-44.94, Lmax=-6.98
09:42:00 [ultranest] [DEBUG] iteration=1440, ncalls=4541, regioncalls=165760, ndraw=40, logz=-52.19, remainder_fraction=100.0000%, Lmin=-44.68, Lmax=-6.98
09:42:00 [ultranest] [DEBUG] iteration=1447, ncalls=4575, regioncalls=167120, ndraw=40, logz=-51.52, remainder_fraction=100.0000%, Lmin=-43.96, Lmax=-6.98
09:42:01 [ultranest] [DEBUG] iteration=1459, ncalls=4601, regioncalls=168160, ndraw=40, logz=-50.36, remainder_fraction=100.0000%, Lmin=-42.31, Lmax=-6.98
09:42:01 [ultranest] [DEBUG] iteration=1469, ncalls=4629, regioncalls=169280, ndraw=40, logz=-49.12, remainder_fraction=100.0000%, Lmin=-41.12, Lmax=-6.98
09:42:01 [ultranest] [DEBUG] iteration=1480, ncalls=4666, regioncalls=170760, ndraw=40, logz=-47.95, remainder_fraction=100.0000%, Lmin=-40.39, Lmax=-6.98
09:42:01 [ultranest] [DEBUG] iteration=1494, ncalls=4701, regioncalls=172160, ndraw=40, logz=-46.77, remainder_fraction=100.0000%, Lmin=-39.03, Lmax=-6.98
09:42:01 [ultranest] [DEBUG] iteration=1505, ncalls=4737, regioncalls=173600, ndraw=40, logz=-45.84, remainder_fraction=100.0000%, Lmin=-38.10, Lmax=-6.98
09:42:01 [ultranest] [DEBUG] iteration=1515, ncalls=4772, regioncalls=175000, ndraw=40, logz=-44.98, remainder_fraction=100.0000%, Lmin=-37.45, Lmax=-6.98
09:42:01 [ultranest] [DEBUG] iteration=1520, ncalls=4789, regioncalls=175680, ndraw=40, logz=-44.54, remainder_fraction=100.0000%, Lmin=-36.75, Lmax=-6.98
09:42:01 [ultranest] [DEBUG] iteration=1534, ncalls=4816, regioncalls=176760, ndraw=40, logz=-43.51, remainder_fraction=100.0000%, Lmin=-36.01, Lmax=-6.98
09:42:01 [ultranest] [DEBUG] iteration=1545, ncalls=4841, regioncalls=177840, ndraw=40, logz=-42.78, remainder_fraction=100.0000%, Lmin=-35.12, Lmax=-6.98
09:42:01 [ultranest] [DEBUG] iteration=1552, ncalls=4871, regioncalls=179080, ndraw=40, logz=-42.28, remainder_fraction=100.0000%, Lmin=-34.61, Lmax=-6.98
09:42:01 [ultranest] [DEBUG] iteration=1560, ncalls=4891, regioncalls=179880, ndraw=40, logz=-41.77, remainder_fraction=100.0000%, Lmin=-34.16, Lmax=-6.98
09:42:02 [ultranest] [DEBUG] iteration=1572, ncalls=4925, regioncalls=181240, ndraw=40, logz=-40.84, remainder_fraction=100.0000%, Lmin=-33.20, Lmax=-6.98
09:42:02 [ultranest] [DEBUG] iteration=1585, ncalls=4966, regioncalls=182880, ndraw=40, logz=-40.01, remainder_fraction=100.0000%, Lmin=-32.40, Lmax=-6.98
09:42:02 [ultranest] [DEBUG] iteration=1594, ncalls=5000, regioncalls=184240, ndraw=40, logz=-39.42, remainder_fraction=100.0000%, Lmin=-31.84, Lmax=-6.98
09:42:02 [ultranest] [DEBUG] iteration=1600, ncalls=5019, regioncalls=185000, ndraw=40, logz=-39.03, remainder_fraction=100.0000%, Lmin=-31.39, Lmax=-6.98
09:42:02 [ultranest] [DEBUG] iteration=1611, ncalls=5040, regioncalls=185840, ndraw=40, logz=-38.35, remainder_fraction=100.0000%, Lmin=-30.75, Lmax=-6.98
09:42:02 [ultranest] [DEBUG] iteration=1622, ncalls=5068, regioncalls=187040, ndraw=40, logz=-37.69, remainder_fraction=100.0000%, Lmin=-29.89, Lmax=-6.98
09:42:02 [ultranest] [DEBUG] iteration=1637, ncalls=5104, regioncalls=188520, ndraw=40, logz=-36.50, remainder_fraction=100.0000%, Lmin=-28.50, Lmax=-6.98
09:42:02 [ultranest] [DEBUG] iteration=1640, ncalls=5113, regioncalls=188880, ndraw=40, logz=-36.27, remainder_fraction=100.0000%, Lmin=-28.31, Lmax=-6.98
09:42:02 [ultranest] [DEBUG] iteration=1650, ncalls=5147, regioncalls=190240, ndraw=40, logz=-35.57, remainder_fraction=100.0000%, Lmin=-27.72, Lmax=-6.98
09:42:02 [ultranest] [DEBUG] iteration=1659, ncalls=5185, regioncalls=191760, ndraw=40, logz=-35.04, remainder_fraction=100.0000%, Lmin=-27.38, Lmax=-6.98
09:42:03 [ultranest] [DEBUG] iteration=1675, ncalls=5217, regioncalls=193040, ndraw=40, logz=-34.20, remainder_fraction=100.0000%, Lmin=-26.62, Lmax=-6.98
09:42:03 [ultranest] [DEBUG] iteration=1680, ncalls=5230, regioncalls=193560, ndraw=40, logz=-33.94, remainder_fraction=100.0000%, Lmin=-26.14, Lmax=-6.98
09:42:03 [ultranest] [DEBUG] iteration=1688, ncalls=5249, regioncalls=194320, ndraw=40, logz=-33.49, remainder_fraction=100.0000%, Lmin=-25.74, Lmax=-6.98
09:42:03 [ultranest] [DEBUG] iteration=1699, ncalls=5279, regioncalls=195560, ndraw=40, logz=-32.89, remainder_fraction=100.0000%, Lmin=-25.22, Lmax=-6.98
09:42:03 [ultranest] [DEBUG] iteration=1709, ncalls=5312, regioncalls=196880, ndraw=40, logz=-32.40, remainder_fraction=100.0000%, Lmin=-24.67, Lmax=-6.98
09:42:03 [ultranest] [DEBUG] iteration=1720, ncalls=5343, regioncalls=198120, ndraw=40, logz=-31.90, remainder_fraction=100.0000%, Lmin=-24.26, Lmax=-6.98
09:42:03 [ultranest] [DEBUG] iteration=1740, ncalls=5380, regioncalls=199600, ndraw=40, logz=-30.99, remainder_fraction=100.0000%, Lmin=-23.29, Lmax=-6.98
09:42:03 [ultranest] [DEBUG] iteration=1754, ncalls=5417, regioncalls=201080, ndraw=40, logz=-30.44, remainder_fraction=100.0000%, Lmin=-22.96, Lmax=-6.98
09:42:03 [ultranest] [DEBUG] iteration=1760, ncalls=5433, regioncalls=201720, ndraw=40, logz=-30.23, remainder_fraction=100.0000%, Lmin=-22.73, Lmax=-6.98
09:42:03 [ultranest] [DEBUG] iteration=1768, ncalls=5465, regioncalls=203000, ndraw=40, logz=-29.97, remainder_fraction=100.0000%, Lmin=-22.52, Lmax=-6.98
09:42:03 [ultranest] [DEBUG] iteration=1779, ncalls=5497, regioncalls=204280, ndraw=40, logz=-29.62, remainder_fraction=99.9999%, Lmin=-22.19, Lmax=-6.98
09:42:04 [ultranest] [DEBUG] iteration=1790, ncalls=5531, regioncalls=205640, ndraw=40, logz=-29.30, remainder_fraction=99.9999%, Lmin=-21.87, Lmax=-6.98
09:42:04 [ultranest] [DEBUG] iteration=1800, ncalls=5546, regioncalls=206240, ndraw=40, logz=-28.97, remainder_fraction=99.9999%, Lmin=-21.36, Lmax=-6.98
09:42:04 [ultranest] [DEBUG] iteration=1812, ncalls=5588, regioncalls=207920, ndraw=40, logz=-28.58, remainder_fraction=99.9998%, Lmin=-21.11, Lmax=-6.98
09:42:04 [ultranest] [DEBUG] iteration=1828, ncalls=5621, regioncalls=209240, ndraw=40, logz=-28.11, remainder_fraction=99.9997%, Lmin=-20.61, Lmax=-6.98
09:42:04 [ultranest] [DEBUG] iteration=1837, ncalls=5659, regioncalls=210760, ndraw=40, logz=-27.87, remainder_fraction=99.9996%, Lmin=-20.43, Lmax=-6.46
09:42:04 [ultranest] [DEBUG] iteration=1840, ncalls=5677, regioncalls=211480, ndraw=40, logz=-27.79, remainder_fraction=99.9996%, Lmin=-20.36, Lmax=-6.46
09:42:04 [ultranest] [DEBUG] iteration=1842, ncalls=5686, regioncalls=211880, ndraw=40, logz=-27.74, remainder_fraction=99.9996%, Lmin=-20.30, Lmax=-6.46
09:42:04 [ultranest] [DEBUG] iteration=1854, ncalls=5718, regioncalls=213160, ndraw=40, logz=-27.43, remainder_fraction=99.9995%, Lmin=-19.94, Lmax=-6.46
09:42:04 [ultranest] [DEBUG] iteration=1868, ncalls=5752, regioncalls=214520, ndraw=40, logz=-27.05, remainder_fraction=99.9992%, Lmin=-19.56, Lmax=-6.46
09:42:04 [ultranest] [DEBUG] iteration=1880, ncalls=5781, regioncalls=215680, ndraw=40, logz=-26.76, remainder_fraction=99.9991%, Lmin=-19.26, Lmax=-6.46
09:42:04 [ultranest] [DEBUG] iteration=1894, ncalls=5814, regioncalls=217000, ndraw=40, logz=-26.42, remainder_fraction=99.9986%, Lmin=-18.91, Lmax=-6.46
09:42:05 [ultranest] [DEBUG] iteration=1906, ncalls=5847, regioncalls=218320, ndraw=40, logz=-26.14, remainder_fraction=99.9981%, Lmin=-18.66, Lmax=-6.46
09:42:05 [ultranest] [DEBUG] iteration=1918, ncalls=5880, regioncalls=219640, ndraw=40, logz=-25.88, remainder_fraction=99.9977%, Lmin=-18.48, Lmax=-6.46
09:42:05 [ultranest] [DEBUG] iteration=1920, ncalls=5886, regioncalls=219880, ndraw=40, logz=-25.84, remainder_fraction=99.9976%, Lmin=-18.45, Lmax=-6.46
09:42:05 [ultranest] [DEBUG] iteration=1933, ncalls=5920, regioncalls=221240, ndraw=40, logz=-25.59, remainder_fraction=99.9969%, Lmin=-18.21, Lmax=-6.46
09:42:05 [ultranest] [DEBUG] iteration=1945, ncalls=5958, regioncalls=222760, ndraw=40, logz=-25.37, remainder_fraction=99.9963%, Lmin=-18.03, Lmax=-6.46
09:42:05 [ultranest] [DEBUG] iteration=1954, ncalls=5996, regioncalls=224280, ndraw=40, logz=-25.22, remainder_fraction=99.9958%, Lmin=-17.87, Lmax=-6.46
09:42:05 [ultranest] [DEBUG] iteration=1960, ncalls=6011, regioncalls=224880, ndraw=40, logz=-25.12, remainder_fraction=99.9953%, Lmin=-17.77, Lmax=-6.46
09:42:05 [ultranest] [DEBUG] iteration=1971, ncalls=6046, regioncalls=226280, ndraw=40, logz=-24.93, remainder_fraction=99.9942%, Lmin=-17.64, Lmax=-6.46
09:42:05 [ultranest] [DEBUG] iteration=1980, ncalls=6082, regioncalls=227720, ndraw=40, logz=-24.79, remainder_fraction=99.9933%, Lmin=-17.49, Lmax=-6.46
09:42:05 [ultranest] [DEBUG] iteration=1991, ncalls=6116, regioncalls=229080, ndraw=40, logz=-24.62, remainder_fraction=99.9919%, Lmin=-17.24, Lmax=-6.46
09:42:05 [ultranest] [DEBUG] iteration=1996, ncalls=6135, regioncalls=229880, ndraw=40, logz=-24.54, remainder_fraction=99.9914%, Lmin=-17.22, Lmax=-6.46
09:42:05 [ultranest] [DEBUG] iteration=2000, ncalls=6143, regioncalls=230240, ndraw=40, logz=-24.48, remainder_fraction=99.9908%, Lmin=-17.09, Lmax=-6.46
09:42:06 [ultranest] [DEBUG] iteration=2009, ncalls=6176, regioncalls=231560, ndraw=40, logz=-24.33, remainder_fraction=99.9895%, Lmin=-16.86, Lmax=-6.46
09:42:06 [ultranest] [DEBUG] iteration=2022, ncalls=6207, regioncalls=232800, ndraw=40, logz=-24.12, remainder_fraction=99.9870%, Lmin=-16.66, Lmax=-6.46
09:42:06 [ultranest] [DEBUG] iteration=2036, ncalls=6240, regioncalls=234200, ndraw=40, logz=-23.90, remainder_fraction=99.9848%, Lmin=-16.44, Lmax=-6.46
09:42:06 [ultranest] [DEBUG] iteration=2040, ncalls=6244, regioncalls=234360, ndraw=40, logz=-23.84, remainder_fraction=99.9837%, Lmin=-16.30, Lmax=-6.46
09:42:06 [ultranest] [DEBUG] iteration=2055, ncalls=6279, regioncalls=235760, ndraw=40, logz=-23.61, remainder_fraction=99.9803%, Lmin=-16.11, Lmax=-6.46
09:42:06 [ultranest] [DEBUG] iteration=2065, ncalls=6316, regioncalls=237240, ndraw=40, logz=-23.46, remainder_fraction=99.9774%, Lmin=-16.01, Lmax=-6.46
09:42:06 [ultranest] [DEBUG] iteration=2076, ncalls=6344, regioncalls=238360, ndraw=40, logz=-23.31, remainder_fraction=99.9730%, Lmin=-15.82, Lmax=-6.46
09:42:06 [ultranest] [DEBUG] iteration=2080, ncalls=6357, regioncalls=238880, ndraw=40, logz=-23.26, remainder_fraction=99.9712%, Lmin=-15.81, Lmax=-6.46
09:42:06 [ultranest] [DEBUG] iteration=2093, ncalls=6388, regioncalls=240120, ndraw=40, logz=-23.08, remainder_fraction=99.9661%, Lmin=-15.58, Lmax=-6.46
09:42:06 [ultranest] [DEBUG] iteration=2107, ncalls=6421, regioncalls=241440, ndraw=40, logz=-22.89, remainder_fraction=99.9574%, Lmin=-15.33, Lmax=-6.46
09:42:06 [ultranest] [DEBUG] iteration=2120, ncalls=6458, regioncalls=242920, ndraw=40, logz=-22.72, remainder_fraction=99.9507%, Lmin=-15.21, Lmax=-6.46
09:42:07 [ultranest] [DEBUG] iteration=2131, ncalls=6492, regioncalls=244280, ndraw=40, logz=-22.58, remainder_fraction=99.9443%, Lmin=-15.10, Lmax=-6.46
09:42:07 [ultranest] [DEBUG] iteration=2142, ncalls=6527, regioncalls=245680, ndraw=40, logz=-22.46, remainder_fraction=99.9356%, Lmin=-14.99, Lmax=-6.46
09:42:07 [ultranest] [DEBUG] iteration=2151, ncalls=6557, regioncalls=246880, ndraw=40, logz=-22.35, remainder_fraction=99.9293%, Lmin=-14.83, Lmax=-6.46
09:42:07 [ultranest] [DEBUG] iteration=2160, ncalls=6587, regioncalls=248080, ndraw=40, logz=-22.25, remainder_fraction=99.9247%, Lmin=-14.74, Lmax=-6.46
09:42:07 [ultranest] [DEBUG] iteration=2173, ncalls=6626, regioncalls=249640, ndraw=40, logz=-22.11, remainder_fraction=99.9132%, Lmin=-14.62, Lmax=-6.46
09:42:07 [ultranest] [DEBUG] iteration=2186, ncalls=6658, regioncalls=250920, ndraw=40, logz=-21.97, remainder_fraction=99.9025%, Lmin=-14.44, Lmax=-6.46
09:42:07 [ultranest] [DEBUG] iteration=2200, ncalls=6691, regioncalls=252240, ndraw=40, logz=-21.82, remainder_fraction=99.8837%, Lmin=-14.21, Lmax=-6.46
09:42:07 [ultranest] [DEBUG] iteration=2211, ncalls=6728, regioncalls=253720, ndraw=40, logz=-21.70, remainder_fraction=99.8670%, Lmin=-14.04, Lmax=-6.46
09:42:07 [ultranest] [DEBUG] iteration=2224, ncalls=6760, regioncalls=255000, ndraw=40, logz=-21.55, remainder_fraction=99.8490%, Lmin=-13.82, Lmax=-6.46
09:42:08 [ultranest] [DEBUG] iteration=2227, ncalls=6772, regioncalls=255520, ndraw=40, logz=-21.52, remainder_fraction=99.8458%, Lmin=-13.75, Lmax=-6.46
09:42:08 [ultranest] [DEBUG] iteration=2240, ncalls=6793, regioncalls=256360, ndraw=40, logz=-21.36, remainder_fraction=99.8174%, Lmin=-13.53, Lmax=-6.46
09:42:08 [ultranest] [DEBUG] iteration=2253, ncalls=6817, regioncalls=257320, ndraw=40, logz=-21.20, remainder_fraction=99.7898%, Lmin=-13.34, Lmax=-6.46
09:42:08 [ultranest] [DEBUG] iteration=2264, ncalls=6844, regioncalls=258400, ndraw=40, logz=-21.06, remainder_fraction=99.7545%, Lmin=-13.09, Lmax=-6.46
09:42:08 [ultranest] [DEBUG] iteration=2278, ncalls=6867, regioncalls=259320, ndraw=40, logz=-20.88, remainder_fraction=99.6965%, Lmin=-12.93, Lmax=-6.46
09:42:08 [ultranest] [DEBUG] iteration=2280, ncalls=6871, regioncalls=259480, ndraw=40, logz=-20.86, remainder_fraction=99.6889%, Lmin=-12.92, Lmax=-6.46
09:42:08 [ultranest] [DEBUG] iteration=2288, ncalls=6894, regioncalls=260400, ndraw=40, logz=-20.76, remainder_fraction=99.6583%, Lmin=-12.84, Lmax=-6.46
09:42:08 [ultranest] [DEBUG] iteration=2298, ncalls=6916, regioncalls=261280, ndraw=40, logz=-20.65, remainder_fraction=99.6259%, Lmin=-12.68, Lmax=-6.46
09:42:08 [ultranest] [DEBUG] iteration=2307, ncalls=6941, regioncalls=262280, ndraw=40, logz=-20.54, remainder_fraction=99.5770%, Lmin=-12.58, Lmax=-6.46
09:42:08 [ultranest] [DEBUG] iteration=2315, ncalls=6959, regioncalls=263000, ndraw=40, logz=-20.45, remainder_fraction=99.5332%, Lmin=-12.50, Lmax=-6.46
09:42:08 [ultranest] [DEBUG] iteration=2320, ncalls=6971, regioncalls=263480, ndraw=40, logz=-20.40, remainder_fraction=99.5083%, Lmin=-12.41, Lmax=-6.46
09:42:09 [ultranest] [DEBUG] iteration=2331, ncalls=6995, regioncalls=264440, ndraw=40, logz=-20.28, remainder_fraction=99.4511%, Lmin=-12.25, Lmax=-6.45
09:42:09 [ultranest] [DEBUG] iteration=2344, ncalls=7024, regioncalls=265600, ndraw=40, logz=-20.13, remainder_fraction=99.3714%, Lmin=-12.10, Lmax=-6.45
09:42:09 [ultranest] [DEBUG] iteration=2356, ncalls=7059, regioncalls=267000, ndraw=40, logz=-20.00, remainder_fraction=99.2822%, Lmin=-11.93, Lmax=-6.45
09:42:09 [ultranest] [DEBUG] iteration=2360, ncalls=7070, regioncalls=267440, ndraw=40, logz=-19.96, remainder_fraction=99.2571%, Lmin=-11.88, Lmax=-6.40
09:42:09 [ultranest] [DEBUG] iteration=2371, ncalls=7103, regioncalls=268760, ndraw=40, logz=-19.83, remainder_fraction=99.1686%, Lmin=-11.70, Lmax=-6.40
09:42:09 [ultranest] [DEBUG] iteration=2381, ncalls=7136, regioncalls=270200, ndraw=40, logz=-19.72, remainder_fraction=99.0811%, Lmin=-11.60, Lmax=-6.40
09:42:09 [ultranest] [DEBUG] iteration=2393, ncalls=7166, regioncalls=271400, ndraw=40, logz=-19.59, remainder_fraction=98.9739%, Lmin=-11.42, Lmax=-6.40
09:42:09 [ultranest] [DEBUG] iteration=2400, ncalls=7182, regioncalls=272040, ndraw=40, logz=-19.52, remainder_fraction=98.8813%, Lmin=-11.34, Lmax=-6.40
09:42:09 [ultranest] [DEBUG] iteration=2416, ncalls=7210, regioncalls=273160, ndraw=40, logz=-19.35, remainder_fraction=98.6644%, Lmin=-11.18, Lmax=-6.40
09:42:09 [ultranest] [DEBUG] iteration=2430, ncalls=7237, regioncalls=274240, ndraw=40, logz=-19.19, remainder_fraction=98.4342%, Lmin=-10.92, Lmax=-6.40
09:42:09 [ultranest] [DEBUG] iteration=2440, ncalls=7257, regioncalls=275040, ndraw=40, logz=-19.09, remainder_fraction=98.2354%, Lmin=-10.86, Lmax=-6.40
09:42:10 [ultranest] [DEBUG] iteration=2458, ncalls=7285, regioncalls=276200, ndraw=40, logz=-18.90, remainder_fraction=97.9182%, Lmin=-10.61, Lmax=-6.40
09:42:10 [ultranest] [DEBUG] iteration=2467, ncalls=7310, regioncalls=277280, ndraw=40, logz=-18.81, remainder_fraction=97.7118%, Lmin=-10.49, Lmax=-6.40
09:42:10 [ultranest] [DEBUG] iteration=2479, ncalls=7337, regioncalls=278440, ndraw=40, logz=-18.68, remainder_fraction=97.4239%, Lmin=-10.35, Lmax=-6.40
09:42:10 [ultranest] [DEBUG] iteration=2480, ncalls=7338, regioncalls=278480, ndraw=40, logz=-18.67, remainder_fraction=97.3913%, Lmin=-10.34, Lmax=-6.40
09:42:10 [ultranest] [DEBUG] iteration=2497, ncalls=7366, regioncalls=279600, ndraw=40, logz=-18.51, remainder_fraction=96.9360%, Lmin=-10.17, Lmax=-6.40
09:42:10 [ultranest] [DEBUG] iteration=2515, ncalls=7398, regioncalls=280880, ndraw=40, logz=-18.34, remainder_fraction=96.3405%, Lmin=-10.03, Lmax=-6.40
09:42:10 [ultranest] [DEBUG] iteration=2520, ncalls=7408, regioncalls=281280, ndraw=40, logz=-18.29, remainder_fraction=96.1364%, Lmin=-10.01, Lmax=-6.40
09:42:10 [ultranest] [DEBUG] iteration=2535, ncalls=7437, regioncalls=282440, ndraw=40, logz=-18.17, remainder_fraction=95.6033%, Lmin=-9.89, Lmax=-6.40
09:42:10 [ultranest] [DEBUG] iteration=2549, ncalls=7461, regioncalls=283400, ndraw=40, logz=-18.06, remainder_fraction=95.1596%, Lmin=-9.82, Lmax=-6.40
09:42:10 [ultranest] [DEBUG] iteration=2560, ncalls=7480, regioncalls=284160, ndraw=40, logz=-17.98, remainder_fraction=94.7832%, Lmin=-9.76, Lmax=-6.40
09:42:10 [ultranest] [DEBUG] iteration=2574, ncalls=7510, regioncalls=285360, ndraw=40, logz=-17.88, remainder_fraction=94.1869%, Lmin=-9.65, Lmax=-6.40
09:42:11 [ultranest] [DEBUG] iteration=2586, ncalls=7541, regioncalls=286600, ndraw=40, logz=-17.79, remainder_fraction=93.7153%, Lmin=-9.51, Lmax=-6.34
09:42:11 [ultranest] [DEBUG] iteration=2598, ncalls=7573, regioncalls=287880, ndraw=40, logz=-17.71, remainder_fraction=93.1189%, Lmin=-9.43, Lmax=-6.34
09:42:11 [ultranest] [DEBUG] iteration=2600, ncalls=7582, regioncalls=288240, ndraw=40, logz=-17.70, remainder_fraction=93.0254%, Lmin=-9.41, Lmax=-6.34
09:42:11 [ultranest] [DEBUG] iteration=2612, ncalls=7606, regioncalls=289280, ndraw=40, logz=-17.61, remainder_fraction=92.4873%, Lmin=-9.31, Lmax=-6.34
09:42:11 [ultranest] [DEBUG] iteration=2628, ncalls=7634, regioncalls=290440, ndraw=40, logz=-17.51, remainder_fraction=91.5955%, Lmin=-9.24, Lmax=-6.34
09:42:11 [ultranest] [DEBUG] iteration=2640, ncalls=7659, regioncalls=291440, ndraw=40, logz=-17.44, remainder_fraction=90.8478%, Lmin=-9.12, Lmax=-6.34
09:42:11 [ultranest] [DEBUG] iteration=2652, ncalls=7692, regioncalls=292760, ndraw=40, logz=-17.36, remainder_fraction=90.1501%, Lmin=-9.05, Lmax=-6.34
09:42:11 [ultranest] [DEBUG] iteration=2664, ncalls=7725, regioncalls=294080, ndraw=40, logz=-17.29, remainder_fraction=89.3730%, Lmin=-9.00, Lmax=-6.34
09:42:11 [ultranest] [DEBUG] iteration=2677, ncalls=7754, regioncalls=295240, ndraw=40, logz=-17.22, remainder_fraction=88.6128%, Lmin=-8.95, Lmax=-6.34
09:42:11 [ultranest] [DEBUG] iteration=2680, ncalls=7761, regioncalls=295520, ndraw=40, logz=-17.20, remainder_fraction=88.4049%, Lmin=-8.94, Lmax=-6.34
09:42:11 [ultranest] [DEBUG] iteration=2689, ncalls=7777, regioncalls=296240, ndraw=40, logz=-17.16, remainder_fraction=88.0059%, Lmin=-8.88, Lmax=-6.34
09:42:11 [ultranest] [DEBUG] iteration=2701, ncalls=7804, regioncalls=297320, ndraw=40, logz=-17.10, remainder_fraction=87.1341%, Lmin=-8.83, Lmax=-6.34
09:42:12 [ultranest] [DEBUG] iteration=2713, ncalls=7835, regioncalls=298560, ndraw=40, logz=-17.04, remainder_fraction=86.4455%, Lmin=-8.73, Lmax=-6.34
09:42:12 [ultranest] [DEBUG] iteration=2720, ncalls=7849, regioncalls=299120, ndraw=40, logz=-17.00, remainder_fraction=85.9366%, Lmin=-8.69, Lmax=-6.34
09:42:12 [ultranest] [DEBUG] iteration=2731, ncalls=7883, regioncalls=300480, ndraw=40, logz=-16.95, remainder_fraction=85.0580%, Lmin=-8.64, Lmax=-6.34
09:42:12 [ultranest] [DEBUG] iteration=2740, ncalls=7919, regioncalls=301920, ndraw=40, logz=-16.91, remainder_fraction=84.4867%, Lmin=-8.59, Lmax=-6.34
09:42:12 [ultranest] [DEBUG] iteration=2754, ncalls=7951, regioncalls=303200, ndraw=40, logz=-16.84, remainder_fraction=83.3809%, Lmin=-8.53, Lmax=-6.34
09:42:12 [ultranest] [DEBUG] iteration=2760, ncalls=7965, regioncalls=303760, ndraw=40, logz=-16.82, remainder_fraction=82.9110%, Lmin=-8.51, Lmax=-6.34
09:42:12 [ultranest] [DEBUG] iteration=2766, ncalls=7973, regioncalls=304160, ndraw=40, logz=-16.79, remainder_fraction=82.5311%, Lmin=-8.47, Lmax=-6.34
09:42:12 [ultranest] [DEBUG] iteration=2781, ncalls=7999, regioncalls=305200, ndraw=40, logz=-16.72, remainder_fraction=81.3321%, Lmin=-8.41, Lmax=-6.34
09:42:12 [ultranest] [DEBUG] iteration=2794, ncalls=8028, regioncalls=306400, ndraw=40, logz=-16.67, remainder_fraction=80.1803%, Lmin=-8.34, Lmax=-6.34
09:42:12 [ultranest] [DEBUG] iteration=2800, ncalls=8047, regioncalls=307160, ndraw=40, logz=-16.65, remainder_fraction=79.7327%, Lmin=-8.30, Lmax=-6.34
09:42:12 [ultranest] [DEBUG] iteration=2813, ncalls=8080, regioncalls=308560, ndraw=40, logz=-16.60, remainder_fraction=78.6038%, Lmin=-8.26, Lmax=-6.34
09:42:12 [ultranest] [DEBUG] iteration=2828, ncalls=8112, regioncalls=309840, ndraw=40, logz=-16.54, remainder_fraction=77.4161%, Lmin=-8.17, Lmax=-6.34
09:42:13 [ultranest] [DEBUG] iteration=2840, ncalls=8142, regioncalls=311040, ndraw=40, logz=-16.49, remainder_fraction=76.3418%, Lmin=-8.13, Lmax=-6.34
09:42:13 [ultranest] [DEBUG] iteration=2843, ncalls=8151, regioncalls=311440, ndraw=40, logz=-16.48, remainder_fraction=76.0520%, Lmin=-8.12, Lmax=-6.34
09:42:13 [ultranest] [DEBUG] iteration=2855, ncalls=8180, regioncalls=312600, ndraw=40, logz=-16.44, remainder_fraction=74.9862%, Lmin=-8.07, Lmax=-6.34
09:42:13 [ultranest] [DEBUG] iteration=2872, ncalls=8212, regioncalls=313880, ndraw=40, logz=-16.38, remainder_fraction=73.3567%, Lmin=-7.99, Lmax=-6.34
09:42:13 [ultranest] [DEBUG] iteration=2880, ncalls=8229, regioncalls=314560, ndraw=40, logz=-16.35, remainder_fraction=72.6407%, Lmin=-7.96, Lmax=-6.34
09:42:13 [ultranest] [DEBUG] iteration=2897, ncalls=8259, regioncalls=315760, ndraw=40, logz=-16.30, remainder_fraction=70.8673%, Lmin=-7.89, Lmax=-6.34
09:42:13 [ultranest] [DEBUG] iteration=2910, ncalls=8294, regioncalls=317160, ndraw=40, logz=-16.25, remainder_fraction=69.5685%, Lmin=-7.82, Lmax=-6.34
09:42:13 [ultranest] [DEBUG] iteration=2920, ncalls=8320, regioncalls=318200, ndraw=40, logz=-16.22, remainder_fraction=68.4891%, Lmin=-7.78, Lmax=-6.34
09:42:13 [ultranest] [DEBUG] iteration=2932, ncalls=8350, regioncalls=319400, ndraw=40, logz=-16.18, remainder_fraction=67.3120%, Lmin=-7.74, Lmax=-6.34
09:42:13 [ultranest] [DEBUG] iteration=2948, ncalls=8384, regioncalls=320760, ndraw=40, logz=-16.14, remainder_fraction=65.7789%, Lmin=-7.71, Lmax=-6.34
09:42:14 [ultranest] [DEBUG] iteration=2957, ncalls=8431, regioncalls=322640, ndraw=40, logz=-16.11, remainder_fraction=64.9382%, Lmin=-7.70, Lmax=-6.34
09:42:14 [ultranest] [DEBUG] iteration=2960, ncalls=8438, regioncalls=322920, ndraw=40, logz=-16.10, remainder_fraction=64.6630%, Lmin=-7.68, Lmax=-6.34
09:42:14 [ultranest] [DEBUG] iteration=2974, ncalls=8474, regioncalls=324360, ndraw=40, logz=-16.07, remainder_fraction=63.1901%, Lmin=-7.64, Lmax=-6.34
09:42:14 [ultranest] [DEBUG] iteration=2991, ncalls=8506, regioncalls=325640, ndraw=40, logz=-16.02, remainder_fraction=61.5039%, Lmin=-7.59, Lmax=-6.34
09:42:14 [ultranest] [DEBUG] iteration=2997, ncalls=8519, regioncalls=326240, ndraw=40, logz=-16.01, remainder_fraction=60.9299%, Lmin=-7.56, Lmax=-6.34
09:42:14 [ultranest] [DEBUG] iteration=3000, ncalls=8527, regioncalls=326560, ndraw=40, logz=-16.00, remainder_fraction=60.6442%, Lmin=-7.55, Lmax=-6.34
09:42:14 [ultranest] [DEBUG] iteration=3016, ncalls=8555, regioncalls=327680, ndraw=40, logz=-15.96, remainder_fraction=59.0916%, Lmin=-7.49, Lmax=-6.34
09:42:14 [ultranest] [DEBUG] iteration=3031, ncalls=8587, regioncalls=328960, ndraw=40, logz=-15.92, remainder_fraction=57.6002%, Lmin=-7.46, Lmax=-6.34
09:42:14 [ultranest] [DEBUG] iteration=3040, ncalls=8618, regioncalls=330200, ndraw=40, logz=-15.90, remainder_fraction=56.6326%, Lmin=-7.43, Lmax=-6.34
09:42:14 [ultranest] [DEBUG] iteration=3051, ncalls=8649, regioncalls=331440, ndraw=40, logz=-15.88, remainder_fraction=55.4716%, Lmin=-7.41, Lmax=-6.34
09:42:14 [ultranest] [DEBUG] iteration=3070, ncalls=8683, regioncalls=332800, ndraw=40, logz=-15.84, remainder_fraction=53.6108%, Lmin=-7.37, Lmax=-6.34
09:42:14 [ultranest] [DEBUG] iteration=3080, ncalls=8704, regioncalls=333640, ndraw=40, logz=-15.82, remainder_fraction=52.5910%, Lmin=-7.34, Lmax=-6.34
09:42:15 [ultranest] [DEBUG] iteration=3093, ncalls=8737, regioncalls=334960, ndraw=40, logz=-15.79, remainder_fraction=51.4025%, Lmin=-7.32, Lmax=-6.34
09:42:15 [ultranest] [DEBUG] iteration=3108, ncalls=8769, regioncalls=336240, ndraw=40, logz=-15.76, remainder_fraction=50.1573%, Lmin=-7.30, Lmax=-6.34
09:42:15 [ultranest] [DEBUG] iteration=3120, ncalls=8797, regioncalls=337360, ndraw=40, logz=-15.74, remainder_fraction=49.0346%, Lmin=-7.26, Lmax=-6.34
09:42:15 [ultranest] [DEBUG] iteration=3134, ncalls=8829, regioncalls=338640, ndraw=40, logz=-15.71, remainder_fraction=47.8614%, Lmin=-7.23, Lmax=-6.34
09:42:15 [ultranest] [DEBUG] iteration=3150, ncalls=8862, regioncalls=339960, ndraw=40, logz=-15.69, remainder_fraction=46.2759%, Lmin=-7.20, Lmax=-6.34
09:42:15 [ultranest] [DEBUG] iteration=3151, ncalls=8863, regioncalls=340040, ndraw=40, logz=-15.68, remainder_fraction=46.1805%, Lmin=-7.20, Lmax=-6.34
09:42:15 [ultranest] [DEBUG] iteration=3160, ncalls=8882, regioncalls=340800, ndraw=40, logz=-15.67, remainder_fraction=45.3303%, Lmin=-7.17, Lmax=-6.34
09:42:15 [ultranest] [DEBUG] iteration=3173, ncalls=8917, regioncalls=342200, ndraw=40, logz=-15.65, remainder_fraction=44.0387%, Lmin=-7.15, Lmax=-6.34
09:42:15 [ultranest] [DEBUG] iteration=3188, ncalls=8950, regioncalls=343520, ndraw=40, logz=-15.62, remainder_fraction=42.6781%, Lmin=-7.13, Lmax=-6.34
09:42:15 [ultranest] [DEBUG] iteration=3200, ncalls=8979, regioncalls=344680, ndraw=40, logz=-15.61, remainder_fraction=41.5891%, Lmin=-7.10, Lmax=-6.34
09:42:15 [ultranest] [DEBUG] iteration=3214, ncalls=9012, regioncalls=346000, ndraw=40, logz=-15.59, remainder_fraction=40.4462%, Lmin=-7.09, Lmax=-6.34
09:42:16 [ultranest] [DEBUG] iteration=3227, ncalls=9047, regioncalls=347400, ndraw=40, logz=-15.57, remainder_fraction=39.3773%, Lmin=-7.07, Lmax=-6.34
09:42:16 [ultranest] [DEBUG] iteration=3228, ncalls=9049, regioncalls=347520, ndraw=40, logz=-15.57, remainder_fraction=39.2984%, Lmin=-7.07, Lmax=-6.34
09:42:16 [ultranest] [DEBUG] iteration=3238, ncalls=9083, regioncalls=348880, ndraw=40, logz=-15.55, remainder_fraction=38.4238%, Lmin=-7.05, Lmax=-6.34
09:42:16 [ultranest] [DEBUG] iteration=3240, ncalls=9090, regioncalls=349160, ndraw=40, logz=-15.55, remainder_fraction=38.2562%, Lmin=-7.04, Lmax=-6.34
09:42:16 [ultranest] [DEBUG] iteration=3250, ncalls=9125, regioncalls=350560, ndraw=40, logz=-15.54, remainder_fraction=37.4649%, Lmin=-7.03, Lmax=-6.34
09:42:16 [ultranest] [DEBUG] iteration=3264, ncalls=9164, regioncalls=352120, ndraw=40, logz=-15.52, remainder_fraction=36.2778%, Lmin=-7.01, Lmax=-6.34
09:42:16 [ultranest] [DEBUG] iteration=3280, ncalls=9193, regioncalls=353280, ndraw=40, logz=-15.50, remainder_fraction=35.0449%, Lmin=-6.99, Lmax=-6.34
09:42:16 [ultranest] [DEBUG] iteration=3291, ncalls=9221, regioncalls=354400, ndraw=40, logz=-15.49, remainder_fraction=34.1737%, Lmin=-6.97, Lmax=-6.34
09:42:16 [ultranest] [DEBUG] iteration=3304, ncalls=9253, regioncalls=355680, ndraw=40, logz=-15.47, remainder_fraction=33.1640%, Lmin=-6.95, Lmax=-6.34
09:42:16 [ultranest] [DEBUG] iteration=3305, ncalls=9264, regioncalls=356200, ndraw=40, logz=-15.47, remainder_fraction=33.0883%, Lmin=-6.95, Lmax=-6.34
09:42:16 [ultranest] [DEBUG] iteration=3319, ncalls=9295, regioncalls=357440, ndraw=40, logz=-15.46, remainder_fraction=32.0319%, Lmin=-6.93, Lmax=-6.34
09:42:16 [ultranest] [DEBUG] iteration=3320, ncalls=9298, regioncalls=357560, ndraw=40, logz=-15.45, remainder_fraction=31.9477%, Lmin=-6.93, Lmax=-6.34
09:42:17 [ultranest] [DEBUG] iteration=3336, ncalls=9329, regioncalls=358800, ndraw=40, logz=-15.44, remainder_fraction=30.8351%, Lmin=-6.91, Lmax=-6.34
09:42:17 [ultranest] [DEBUG] iteration=3345, ncalls=9365, regioncalls=360240, ndraw=40, logz=-15.43, remainder_fraction=30.1601%, Lmin=-6.91, Lmax=-6.34
09:42:17 [ultranest] [DEBUG] iteration=3360, ncalls=9391, regioncalls=361280, ndraw=40, logz=-15.41, remainder_fraction=29.0872%, Lmin=-6.89, Lmax=-6.34
09:42:17 [ultranest] [DEBUG] iteration=3378, ncalls=9424, regioncalls=362600, ndraw=40, logz=-15.40, remainder_fraction=27.8615%, Lmin=-6.87, Lmax=-6.34
09:42:17 [ultranest] [DEBUG] iteration=3382, ncalls=9430, regioncalls=362880, ndraw=40, logz=-15.39, remainder_fraction=27.6140%, Lmin=-6.87, Lmax=-6.34
09:42:17 [ultranest] [DEBUG] iteration=3396, ncalls=9454, regioncalls=363840, ndraw=40, logz=-15.38, remainder_fraction=26.7387%, Lmin=-6.85, Lmax=-6.34
09:42:17 [ultranest] [DEBUG] iteration=3400, ncalls=9464, regioncalls=364240, ndraw=40, logz=-15.38, remainder_fraction=26.4747%, Lmin=-6.85, Lmax=-6.34
09:42:17 [ultranest] [DEBUG] iteration=3417, ncalls=9494, regioncalls=365440, ndraw=40, logz=-15.36, remainder_fraction=25.4275%, Lmin=-6.83, Lmax=-6.34
09:42:17 [ultranest] [DEBUG] iteration=3427, ncalls=9527, regioncalls=366760, ndraw=40, logz=-15.36, remainder_fraction=24.8841%, Lmin=-6.82, Lmax=-6.33
09:42:17 [ultranest] [DEBUG] iteration=3440, ncalls=9555, regioncalls=367880, ndraw=40, logz=-15.35, remainder_fraction=24.1615%, Lmin=-6.81, Lmax=-6.33
09:42:17 [ultranest] [DEBUG] iteration=3456, ncalls=9586, regioncalls=369200, ndraw=40, logz=-15.33, remainder_fraction=23.2379%, Lmin=-6.79, Lmax=-6.33
09:42:18 [ultranest] [DEBUG] iteration=3467, ncalls=9614, regioncalls=370320, ndraw=40, logz=-15.33, remainder_fraction=22.6057%, Lmin=-6.78, Lmax=-6.33
09:42:18 [ultranest] [DEBUG] iteration=3480, ncalls=9640, regioncalls=371360, ndraw=40, logz=-15.32, remainder_fraction=21.8562%, Lmin=-6.77, Lmax=-6.33
09:42:18 [ultranest] [DEBUG] iteration=3495, ncalls=9673, regioncalls=372680, ndraw=40, logz=-15.31, remainder_fraction=21.0473%, Lmin=-6.76, Lmax=-6.33
09:42:18 [ultranest] [DEBUG] iteration=3511, ncalls=9704, regioncalls=373920, ndraw=40, logz=-15.30, remainder_fraction=20.2173%, Lmin=-6.74, Lmax=-6.33
09:42:18 [ultranest] [DEBUG] iteration=3520, ncalls=9728, regioncalls=374880, ndraw=40, logz=-15.29, remainder_fraction=19.7771%, Lmin=-6.74, Lmax=-6.33
09:42:18 [ultranest] [DEBUG] iteration=3532, ncalls=9764, regioncalls=376320, ndraw=40, logz=-15.28, remainder_fraction=19.1868%, Lmin=-6.73, Lmax=-6.33
09:42:18 [ultranest] [DEBUG] iteration=3536, ncalls=9770, regioncalls=376600, ndraw=40, logz=-15.28, remainder_fraction=19.0065%, Lmin=-6.73, Lmax=-6.33
09:42:18 [ultranest] [DEBUG] iteration=3549, ncalls=9800, regioncalls=377800, ndraw=40, logz=-15.27, remainder_fraction=18.3765%, Lmin=-6.72, Lmax=-6.33
09:42:18 [ultranest] [DEBUG] iteration=3560, ncalls=9818, regioncalls=378520, ndraw=40, logz=-15.27, remainder_fraction=17.8870%, Lmin=-6.71, Lmax=-6.33
09:42:18 [ultranest] [DEBUG] iteration=3571, ncalls=9852, regioncalls=379880, ndraw=40, logz=-15.26, remainder_fraction=17.4173%, Lmin=-6.71, Lmax=-6.33
09:42:18 [ultranest] [DEBUG] iteration=3582, ncalls=9892, regioncalls=381480, ndraw=40, logz=-15.25, remainder_fraction=16.9314%, Lmin=-6.70, Lmax=-6.33
09:42:19 [ultranest] [DEBUG] iteration=3594, ncalls=9919, regioncalls=382560, ndraw=40, logz=-15.25, remainder_fraction=16.4359%, Lmin=-6.70, Lmax=-6.33
09:42:19 [ultranest] [DEBUG] iteration=3600, ncalls=9931, regioncalls=383040, ndraw=40, logz=-15.25, remainder_fraction=16.2063%, Lmin=-6.69, Lmax=-6.33
09:42:19 [ultranest] [DEBUG] iteration=3612, ncalls=9967, regioncalls=384480, ndraw=40, logz=-15.24, remainder_fraction=15.7162%, Lmin=-6.69, Lmax=-6.33
09:42:19 [ultranest] [DEBUG] iteration=3622, ncalls=10009, regioncalls=386160, ndraw=40, logz=-15.24, remainder_fraction=15.3198%, Lmin=-6.68, Lmax=-6.33
09:42:19 [ultranest] [DEBUG] iteration=3634, ncalls=10050, regioncalls=387800, ndraw=40, logz=-15.23, remainder_fraction=14.8717%, Lmin=-6.68, Lmax=-6.33
09:42:19 [ultranest] [DEBUG] iteration=3640, ncalls=10060, regioncalls=388200, ndraw=40, logz=-15.23, remainder_fraction=14.6601%, Lmin=-6.67, Lmax=-6.33
09:42:19 [ultranest] [DEBUG] iteration=3653, ncalls=10094, regioncalls=389560, ndraw=40, logz=-15.22, remainder_fraction=14.1734%, Lmin=-6.67, Lmax=-6.33
09:42:19 [ultranest] [DEBUG] iteration=3667, ncalls=10123, regioncalls=390720, ndraw=40, logz=-15.22, remainder_fraction=13.6722%, Lmin=-6.66, Lmax=-6.33
09:42:19 [ultranest] [DEBUG] iteration=3679, ncalls=10154, regioncalls=391960, ndraw=40, logz=-15.21, remainder_fraction=13.2543%, Lmin=-6.66, Lmax=-6.33
09:42:19 [ultranest] [DEBUG] iteration=3680, ncalls=10158, regioncalls=392120, ndraw=40, logz=-15.21, remainder_fraction=13.2180%, Lmin=-6.66, Lmax=-6.33
09:42:19 [ultranest] [DEBUG] iteration=3689, ncalls=10190, regioncalls=393400, ndraw=40, logz=-15.21, remainder_fraction=12.9133%, Lmin=-6.65, Lmax=-6.33
09:42:19 [ultranest] [DEBUG] iteration=3690, ncalls=10191, regioncalls=393480, ndraw=40, logz=-15.21, remainder_fraction=12.8816%, Lmin=-6.65, Lmax=-6.33
09:42:20 [ultranest] [DEBUG] iteration=3701, ncalls=10218, regioncalls=394560, ndraw=40, logz=-15.20, remainder_fraction=12.5276%, Lmin=-6.65, Lmax=-6.33
09:42:20 [ultranest] [DEBUG] iteration=3711, ncalls=10246, regioncalls=395680, ndraw=40, logz=-15.20, remainder_fraction=12.2005%, Lmin=-6.64, Lmax=-6.33
09:42:20 [ultranest] [DEBUG] iteration=3720, ncalls=10272, regioncalls=396720, ndraw=40, logz=-15.20, remainder_fraction=11.9118%, Lmin=-6.63, Lmax=-6.33
09:42:20 [ultranest] [DEBUG] iteration=3733, ncalls=10304, regioncalls=398160, ndraw=40, logz=-15.19, remainder_fraction=11.5129%, Lmin=-6.62, Lmax=-6.33
09:42:20 [ultranest] [DEBUG] iteration=3746, ncalls=10335, regioncalls=399400, ndraw=40, logz=-15.19, remainder_fraction=11.1250%, Lmin=-6.62, Lmax=-6.33
09:42:20 [ultranest] [DEBUG] iteration=3756, ncalls=10369, regioncalls=400760, ndraw=40, logz=-15.18, remainder_fraction=10.8441%, Lmin=-6.61, Lmax=-6.33
09:42:20 [ultranest] [DEBUG] iteration=3760, ncalls=10376, regioncalls=401040, ndraw=40, logz=-15.18, remainder_fraction=10.7328%, Lmin=-6.61, Lmax=-6.33
09:42:20 [ultranest] [DEBUG] iteration=3767, ncalls=10387, regioncalls=401520, ndraw=40, logz=-15.18, remainder_fraction=10.5390%, Lmin=-6.61, Lmax=-6.33
09:42:20 [ultranest] [DEBUG] iteration=3778, ncalls=10418, regioncalls=402760, ndraw=40, logz=-15.18, remainder_fraction=10.2428%, Lmin=-6.60, Lmax=-6.33
09:42:20 [ultranest] [DEBUG] iteration=3788, ncalls=10454, regioncalls=404200, ndraw=40, logz=-15.17, remainder_fraction=9.9763%, Lmin=-6.60, Lmax=-6.33
09:42:20 [ultranest] [DEBUG] iteration=3800, ncalls=10483, regioncalls=405360, ndraw=40, logz=-15.17, remainder_fraction=9.6607%, Lmin=-6.59, Lmax=-6.33
09:42:21 [ultranest] [DEBUG] iteration=3814, ncalls=10516, regioncalls=406680, ndraw=40, logz=-15.17, remainder_fraction=9.3080%, Lmin=-6.59, Lmax=-6.33
09:42:21 [ultranest] [DEBUG] iteration=3828, ncalls=10554, regioncalls=408200, ndraw=40, logz=-15.16, remainder_fraction=8.9646%, Lmin=-6.58, Lmax=-6.33
09:42:21 [ultranest] [DEBUG] iteration=3839, ncalls=10590, regioncalls=409640, ndraw=40, logz=-15.16, remainder_fraction=8.7092%, Lmin=-6.58, Lmax=-6.33
09:42:21 [ultranest] [DEBUG] iteration=3840, ncalls=10591, regioncalls=409680, ndraw=40, logz=-15.16, remainder_fraction=8.6842%, Lmin=-6.58, Lmax=-6.33
09:42:21 [ultranest] [DEBUG] iteration=3844, ncalls=10604, regioncalls=410240, ndraw=40, logz=-15.16, remainder_fraction=8.5907%, Lmin=-6.58, Lmax=-6.33
09:42:21 [ultranest] [DEBUG] iteration=3860, ncalls=10633, regioncalls=411400, ndraw=40, logz=-15.15, remainder_fraction=8.2429%, Lmin=-6.57, Lmax=-6.33
09:42:21 [ultranest] [DEBUG] iteration=3876, ncalls=10665, regioncalls=412760, ndraw=40, logz=-15.15, remainder_fraction=7.8969%, Lmin=-6.57, Lmax=-6.33
09:42:21 [ultranest] [DEBUG] iteration=3880, ncalls=10676, regioncalls=413200, ndraw=40, logz=-15.15, remainder_fraction=7.8113%, Lmin=-6.57, Lmax=-6.33
09:42:21 [ultranest] [DEBUG] iteration=3898, ncalls=10708, regioncalls=414480, ndraw=40, logz=-15.15, remainder_fraction=7.4467%, Lmin=-6.56, Lmax=-6.33
09:42:21 [ultranest] [DEBUG] iteration=3916, ncalls=10741, regioncalls=415800, ndraw=40, logz=-15.14, remainder_fraction=7.0993%, Lmin=-6.55, Lmax=-6.33
09:42:21 [ultranest] [DEBUG] iteration=3920, ncalls=10750, regioncalls=416160, ndraw=40, logz=-15.14, remainder_fraction=7.0222%, Lmin=-6.55, Lmax=-6.33
09:42:21 [ultranest] [DEBUG] iteration=3921, ncalls=10751, regioncalls=416280, ndraw=40, logz=-15.14, remainder_fraction=7.0026%, Lmin=-6.55, Lmax=-6.33
09:42:21 [ultranest] [DEBUG] iteration=3939, ncalls=10783, regioncalls=417560, ndraw=40, logz=-15.14, remainder_fraction=6.6797%, Lmin=-6.54, Lmax=-6.33
09:42:21 [ultranest] [DEBUG] iteration=3954, ncalls=10816, regioncalls=418880, ndraw=40, logz=-15.13, remainder_fraction=6.4135%, Lmin=-6.54, Lmax=-6.33
09:42:22 [ultranest] [DEBUG] iteration=3960, ncalls=10828, regioncalls=419360, ndraw=40, logz=-15.13, remainder_fraction=6.3097%, Lmin=-6.54, Lmax=-6.33
09:42:22 [ultranest] [DEBUG] iteration=3976, ncalls=10863, regioncalls=420760, ndraw=40, logz=-15.13, remainder_fraction=6.0464%, Lmin=-6.53, Lmax=-6.33
09:42:22 [ultranest] [DEBUG] iteration=3987, ncalls=10897, regioncalls=422120, ndraw=40, logz=-15.13, remainder_fraction=5.8679%, Lmin=-6.53, Lmax=-6.33
09:42:22 [ultranest] [DEBUG] iteration=3998, ncalls=10917, regioncalls=422960, ndraw=40, logz=-15.13, remainder_fraction=5.6978%, Lmin=-6.53, Lmax=-6.33
09:42:22 [ultranest] [DEBUG] iteration=4000, ncalls=10920, regioncalls=423080, ndraw=40, logz=-15.13, remainder_fraction=5.6692%, Lmin=-6.53, Lmax=-6.33
09:42:22 [ultranest] [DEBUG] iteration=4014, ncalls=10952, regioncalls=424360, ndraw=40, logz=-15.12, remainder_fraction=5.4626%, Lmin=-6.52, Lmax=-6.33
09:42:22 [ultranest] [DEBUG] iteration=4031, ncalls=10988, regioncalls=425800, ndraw=40, logz=-15.12, remainder_fraction=5.2159%, Lmin=-6.52, Lmax=-6.33
09:42:22 [ultranest] [DEBUG] iteration=4040, ncalls=11003, regioncalls=426400, ndraw=40, logz=-15.12, remainder_fraction=5.0922%, Lmin=-6.52, Lmax=-6.33
09:42:22 [ultranest] [DEBUG] iteration=4056, ncalls=11032, regioncalls=427560, ndraw=40, logz=-15.12, remainder_fraction=4.8776%, Lmin=-6.51, Lmax=-6.33
09:42:22 [ultranest] [DEBUG] iteration=4072, ncalls=11065, regioncalls=428880, ndraw=40, logz=-15.12, remainder_fraction=4.6699%, Lmin=-6.51, Lmax=-6.33
09:42:22 [ultranest] [DEBUG] iteration=4080, ncalls=11093, regioncalls=430000, ndraw=40, logz=-15.12, remainder_fraction=4.5685%, Lmin=-6.50, Lmax=-6.33
09:42:23 [ultranest] [DEBUG] iteration=4092, ncalls=11124, regioncalls=431240, ndraw=40, logz=-15.11, remainder_fraction=4.4203%, Lmin=-6.50, Lmax=-6.33
09:42:23 [ultranest] [DEBUG] iteration=4108, ncalls=11153, regioncalls=432400, ndraw=40, logz=-15.11, remainder_fraction=4.2305%, Lmin=-6.50, Lmax=-6.33
09:42:23 [ultranest] [DEBUG] iteration=4120, ncalls=11176, regioncalls=433320, ndraw=40, logz=-15.11, remainder_fraction=4.0931%, Lmin=-6.49, Lmax=-6.33
09:42:23 [ultranest] [DEBUG] iteration=4129, ncalls=11213, regioncalls=434800, ndraw=40, logz=-15.11, remainder_fraction=3.9928%, Lmin=-6.49, Lmax=-6.33
09:42:23 [ultranest] [DEBUG] iteration=4138, ncalls=11246, regioncalls=436120, ndraw=40, logz=-15.11, remainder_fraction=3.8967%, Lmin=-6.49, Lmax=-6.33
09:42:23 [ultranest] [DEBUG] iteration=4151, ncalls=11279, regioncalls=437440, ndraw=40, logz=-15.11, remainder_fraction=3.7623%, Lmin=-6.49, Lmax=-6.33
09:42:23 [ultranest] [DEBUG] iteration=4152, ncalls=11283, regioncalls=437640, ndraw=40, logz=-15.11, remainder_fraction=3.7523%, Lmin=-6.49, Lmax=-6.33
09:42:23 [ultranest] [DEBUG] iteration=4160, ncalls=11299, regioncalls=438280, ndraw=40, logz=-15.11, remainder_fraction=3.6728%, Lmin=-6.48, Lmax=-6.33
09:42:23 [ultranest] [DEBUG] iteration=4177, ncalls=11332, regioncalls=439600, ndraw=40, logz=-15.10, remainder_fraction=3.5075%, Lmin=-6.48, Lmax=-6.33
09:42:23 [ultranest] [DEBUG] iteration=4195, ncalls=11364, regioncalls=440880, ndraw=40, logz=-15.10, remainder_fraction=3.3377%, Lmin=-6.48, Lmax=-6.33
09:42:23 [ultranest] [DEBUG] iteration=4200, ncalls=11379, regioncalls=441480, ndraw=40, logz=-15.10, remainder_fraction=3.2935%, Lmin=-6.47, Lmax=-6.33
09:42:23 [ultranest] [DEBUG] iteration=4216, ncalls=11411, regioncalls=442760, ndraw=40, logz=-15.10, remainder_fraction=3.1541%, Lmin=-6.47, Lmax=-6.33
09:42:24 [ultranest] [DEBUG] iteration=4229, ncalls=11436, regioncalls=443800, ndraw=40, logz=-15.10, remainder_fraction=3.0449%, Lmin=-6.47, Lmax=-6.33
09:42:24 [ultranest] [DEBUG] iteration=4240, ncalls=11467, regioncalls=445040, ndraw=40, logz=-15.10, remainder_fraction=2.9550%, Lmin=-6.46, Lmax=-6.33
09:42:24 [ultranest] [DEBUG] iteration=4257, ncalls=11499, regioncalls=446320, ndraw=40, logz=-15.10, remainder_fraction=2.8211%, Lmin=-6.46, Lmax=-6.33
09:42:24 [ultranest] [DEBUG] iteration=4275, ncalls=11531, regioncalls=447600, ndraw=40, logz=-15.10, remainder_fraction=2.6859%, Lmin=-6.45, Lmax=-6.33
09:42:24 [ultranest] [DEBUG] iteration=4280, ncalls=11544, regioncalls=448120, ndraw=40, logz=-15.10, remainder_fraction=2.6492%, Lmin=-6.45, Lmax=-6.33
09:42:24 [ultranest] [DEBUG] iteration=4299, ncalls=11577, regioncalls=449440, ndraw=40, logz=-15.09, remainder_fraction=2.5145%, Lmin=-6.45, Lmax=-6.33
09:42:24 [ultranest] [DEBUG] iteration=4306, ncalls=11589, regioncalls=449960, ndraw=40, logz=-15.09, remainder_fraction=2.4663%, Lmin=-6.45, Lmax=-6.33
09:42:24 [ultranest] [DEBUG] iteration=4320, ncalls=11608, regioncalls=450720, ndraw=40, logz=-15.09, remainder_fraction=2.3719%, Lmin=-6.44, Lmax=-6.33
09:42:24 [ultranest] [DEBUG] iteration=4335, ncalls=11640, regioncalls=452000, ndraw=40, logz=-15.09, remainder_fraction=2.2767%, Lmin=-6.44, Lmax=-6.33
09:42:24 [ultranest] [DEBUG] iteration=4349, ncalls=11675, regioncalls=453400, ndraw=40, logz=-15.09, remainder_fraction=2.1900%, Lmin=-6.44, Lmax=-6.33
09:42:24 [ultranest] [DEBUG] iteration=4360, ncalls=11695, regioncalls=454200, ndraw=40, logz=-15.09, remainder_fraction=2.1249%, Lmin=-6.44, Lmax=-6.33
09:42:25 [ultranest] [DEBUG] iteration=4376, ncalls=11728, regioncalls=455520, ndraw=40, logz=-15.09, remainder_fraction=2.0329%, Lmin=-6.43, Lmax=-6.33
09:42:25 [ultranest] [DEBUG] iteration=4383, ncalls=11744, regioncalls=456200, ndraw=40, logz=-15.09, remainder_fraction=1.9942%, Lmin=-6.43, Lmax=-6.33
09:42:25 [ultranest] [INFO] Explored until L=-6  
09:42:25 [ultranest] [INFO] Likelihood function evaluations: 11755
09:42:26 [ultranest] [INFO] Writing samples and results to disk ...
09:42:26 [ultranest] [INFO] Writing samples and results to disk ... done
09:42:26 [ultranest] [DEBUG] did a run_iter pass!
09:42:26 [ultranest] [INFO]   logZ = -15.05 +- 0.1294
09:42:26 [ultranest] [INFO] Effective samples strategy satisfied (ESS = 1484.6, need >400)
09:42:26 [ultranest] [INFO] Posterior uncertainty strategy is satisfied (KL: 0.46+-0.08 nat, need <0.50 nat)
09:42:26 [ultranest] [INFO] Evidency uncertainty strategy is satisfied (dlogz=0.13, need <0.5)
09:42:26 [ultranest] [INFO]   logZ error budget: single: 0.15 bs:0.13 tail:0.02 total:0.13 required:<0.50
09:42:26 [ultranest] [INFO] done iterating.
09:42:26 [ultranest] [DEBUG] Making corner plot ...
09:42:27 [ultranest] [DEBUG] Making corner plot ... done
09:42:27 [ultranest] [DEBUG] Making run plot ... 
09:42:32 [ultranest] [DEBUG] Making run plot ... done
09:42:32 [ultranest] [DEBUG] Making trace plot ... 
09:42:35 [ultranest] [DEBUG] Making trace plot ... done
22:07:32 [ultranest] [DEBUG] ReactiveNestedSampler: dims=3+0, resume=True, log_dir=/home/orion51/Desktop/Research/spectral_fitting/FGL_spectral_fitting/Individual_sources/2CXOJ180434.9-300112/mekal_out_, backend=hdf5, vectorized=False, nbootstraps=30, ndraw=128..65536
22:07:33 [ultranest] [DEBUG] Testing resume consistency: [-6.42632873 -6.39526115  0.          0.31371925  0.7418068   0.40906824
 -4.86280754  0.83754538 21.86347769]: u=[0.31371925 0.7418068  0.40906824] -> p=[-4.86280754  0.83754538 21.86347769] -> L=-6.395261149481509 
22:07:33 [ultranest] [INFO] Resuming from 4738 stored points
22:07:33 [ultranest] [DEBUG] run_iter dlogz=0.5, dKL=0.5, frac_remain=0.01, Lepsilon=0.1000, min_ess=400
22:07:33 [ultranest] [DEBUG] max_iters=-1, max_ncalls=-1, max_num_improvement_loops=-1, min_num_live_points=400, cluster_num_live_points=40
22:07:33 [ultranest] [DEBUG] minimal_widths_sequence: [(-inf, 400.0), (inf, 400.0)]
22:07:33 [ultranest] [DEBUG] iteration=0, ncalls=11755, regioncalls=0, ndraw=40, logz=-inf, remainder_fraction=100.0000%, Lmin=-1033354589.54, Lmax=-11.39
22:07:33 [ultranest] [DEBUG] iteration=40, ncalls=11755, regioncalls=0, ndraw=40, logz=-28375063.54, remainder_fraction=100.0000%, Lmin=-25359910.29, Lmax=-11.39
22:07:33 [ultranest] [DEBUG] iteration=80, ncalls=11755, regioncalls=0, ndraw=40, logz=-888398.42, remainder_fraction=100.0000%, Lmin=-790041.82, Lmax=-11.39
22:07:33 [ultranest] [DEBUG] iteration=90, ncalls=11755, regioncalls=0, ndraw=40, logz=-578901.77, remainder_fraction=100.0000%, Lmin=-547367.03, Lmax=-11.39
22:07:33 [ultranest] [DEBUG] iteration=120, ncalls=11755, regioncalls=0, ndraw=40, logz=-77418.53, remainder_fraction=100.0000%, Lmin=-75520.88, Lmax=-11.39
22:07:33 [ultranest] [DEBUG] iteration=160, ncalls=11755, regioncalls=0, ndraw=40, logz=-7525.30, remainder_fraction=100.0000%, Lmin=-6439.54, Lmax=-11.39
22:07:33 [ultranest] [DEBUG] iteration=200, ncalls=11755, regioncalls=0, ndraw=40, logz=-1240.70, remainder_fraction=100.0000%, Lmin=-1231.07, Lmax=-11.39
22:07:33 [ultranest] [DEBUG] iteration=240, ncalls=11755, regioncalls=0, ndraw=40, logz=-221.15, remainder_fraction=100.0000%, Lmin=-208.57, Lmax=-11.39
22:07:33 [ultranest] [DEBUG] Plateau detected at L=-1.963444e+02, not replacing live point.
22:07:33 [ultranest] [DEBUG] Plateau detected at L=-1.963444e+02, not replacing live point.
22:07:33 [ultranest] [DEBUG] Plateau detected at L=-1.963444e+02, not replacing live point.
22:07:33 [ultranest] [DEBUG] Plateau detected at L=-1.963444e+02, not replacing live point.
22:07:33 [ultranest] [DEBUG] Plateau detected at L=-1.963444e+02, not replacing live point.
22:07:33 [ultranest] [DEBUG] Plateau detected at L=-1.963444e+02, not replacing live point.
22:07:33 [ultranest] [DEBUG] Plateau detected at L=-1.963444e+02, not replacing live point.
22:07:33 [ultranest] [DEBUG] Plateau detected at L=-1.963444e+02, not replacing live point.
22:07:33 [ultranest] [DEBUG] Plateau detected at L=-1.963444e+02, not replacing live point.
22:07:33 [ultranest] [DEBUG] Plateau detected at L=-1.963444e+02, not replacing live point.
22:07:33 [ultranest] [DEBUG] Plateau detected at L=-1.963444e+02, not replacing live point.
22:07:33 [ultranest] [DEBUG] Plateau detected at L=-1.963444e+02, not replacing live point.
22:07:33 [ultranest] [DEBUG] Plateau detected at L=-1.963444e+02, not replacing live point.
22:07:33 [ultranest] [DEBUG] Plateau detected at L=-1.963444e+02, not replacing live point.
22:07:33 [ultranest] [DEBUG] Plateau detected at L=-1.963444e+02, not replacing live point.
22:07:33 [ultranest] [DEBUG] Plateau detected at L=-1.963444e+02, not replacing live point.
22:07:33 [ultranest] [DEBUG] Plateau detected at L=-1.963444e+02, not replacing live point.
22:07:33 [ultranest] [DEBUG] Plateau detected at L=-1.963444e+02, not replacing live point.
22:07:33 [ultranest] [DEBUG] Plateau detected at L=-1.963444e+02, not replacing live point.
22:07:33 [ultranest] [DEBUG] Plateau detected at L=-1.963444e+02, not replacing live point.
22:07:33 [ultranest] [DEBUG] Plateau detected at L=-1.963444e+02, not replacing live point.
22:07:33 [ultranest] [DEBUG] Plateau detected at L=-1.963444e+02, not replacing live point.
22:07:33 [ultranest] [DEBUG] Plateau detected at L=-1.963444e+02, not replacing live point.
22:07:33 [ultranest] [DEBUG] Plateau detected at L=-1.963444e+02, not replacing live point.
22:07:33 [ultranest] [DEBUG] Plateau detected at L=-1.963444e+02, not replacing live point.
22:07:33 [ultranest] [DEBUG] Plateau detected at L=-1.963444e+02, not replacing live point.
22:07:33 [ultranest] [DEBUG] Plateau detected at L=-1.963444e+02, not replacing live point.
22:07:33 [ultranest] [DEBUG] Plateau detected at L=-1.963444e+02, not replacing live point.
22:07:33 [ultranest] [DEBUG] Plateau detected at L=-1.963444e+02, not replacing live point.
22:07:33 [ultranest] [DEBUG] Plateau detected at L=-1.963444e+02, not replacing live point.
22:07:33 [ultranest] [DEBUG] Plateau detected at L=-1.963444e+02, not replacing live point.
22:07:33 [ultranest] [DEBUG] Plateau detected at L=-1.963444e+02, not replacing live point.
22:07:33 [ultranest] [DEBUG] Plateau detected at L=-1.963444e+02, not replacing live point.
22:07:33 [ultranest] [DEBUG] Plateau detected at L=-1.963444e+02, not replacing live point.
22:07:33 [ultranest] [DEBUG] Plateau detected at L=-1.963444e+02, not replacing live point.
22:07:33 [ultranest] [DEBUG] Plateau detected at L=-1.963444e+02, not replacing live point.
22:07:33 [ultranest] [DEBUG] Plateau detected at L=-1.963444e+02, not replacing live point.
22:07:33 [ultranest] [DEBUG] Plateau detected at L=-1.963444e+02, not replacing live point.
22:07:33 [ultranest] [DEBUG] Plateau detected at L=-1.963444e+02, not replacing live point.
22:07:33 [ultranest] [DEBUG] Plateau detected at L=-1.963444e+02, not replacing live point.
22:07:33 [ultranest] [DEBUG] Plateau detected at L=-1.963444e+02, not replacing live point.
22:07:33 [ultranest] [DEBUG] Plateau detected at L=-1.963444e+02, not replacing live point.
22:07:33 [ultranest] [DEBUG] Plateau detected at L=-1.963444e+02, not replacing live point.
22:07:33 [ultranest] [DEBUG] Plateau detected at L=-1.963444e+02, not replacing live point.
22:07:33 [ultranest] [DEBUG] Plateau detected at L=-1.963444e+02, not replacing live point.
22:07:33 [ultranest] [DEBUG] Plateau detected at L=-1.963444e+02, not replacing live point.
22:07:33 [ultranest] [DEBUG] Plateau detected at L=-1.963444e+02, not replacing live point.
22:07:33 [ultranest] [DEBUG] Plateau detected at L=-1.963444e+02, not replacing live point.
22:07:33 [ultranest] [DEBUG] Plateau detected at L=-1.963444e+02, not replacing live point.
22:07:33 [ultranest] [DEBUG] Plateau detected at L=-1.963444e+02, not replacing live point.
22:07:33 [ultranest] [DEBUG] Plateau detected at L=-1.963444e+02, not replacing live point.
22:07:33 [ultranest] [DEBUG] Plateau detected at L=-1.963444e+02, not replacing live point.
22:07:33 [ultranest] [DEBUG] iteration=296, ncalls=11755, regioncalls=0, ndraw=40, logz=-198.99, remainder_fraction=100.0000%, Lmin=-196.34, Lmax=-11.39
22:07:33 [ultranest] [DEBUG] Plateau detected at L=-1.963444e+02, not replacing live point.
22:07:33 [ultranest] [DEBUG] iteration=298, ncalls=11755, regioncalls=0, ndraw=40, logz=-198.96, remainder_fraction=100.0000%, Lmin=-196.34, Lmax=-11.39
22:07:33 [ultranest] [DEBUG] Plateau detected at L=-1.963444e+02, not replacing live point.
22:07:33 [ultranest] [DEBUG] iteration=300, ncalls=11755, regioncalls=0, ndraw=40, logz=-198.92, remainder_fraction=100.0000%, Lmin=-196.34, Lmax=-11.39
22:07:33 [ultranest] [DEBUG] Plateau detected at L=-1.963444e+02, not replacing live point.
22:07:33 [ultranest] [DEBUG] iteration=302, ncalls=11755, regioncalls=0, ndraw=40, logz=-198.89, remainder_fraction=100.0000%, Lmin=-196.34, Lmax=-11.39
22:07:33 [ultranest] [DEBUG] iteration=320, ncalls=11755, regioncalls=0, ndraw=40, logz=-198.62, remainder_fraction=100.0000%, Lmin=-196.34, Lmax=-11.39
22:07:33 [ultranest] [DEBUG] iteration=360, ncalls=11755, regioncalls=0, ndraw=40, logz=-198.24, remainder_fraction=100.0000%, Lmin=-196.34, Lmax=-11.39
22:07:33 [ultranest] [DEBUG] iteration=400, ncalls=11755, regioncalls=0, ndraw=40, logz=-197.99, remainder_fraction=100.0000%, Lmin=-196.34, Lmax=-11.39
22:07:33 [ultranest] [DEBUG] iteration=440, ncalls=11755, regioncalls=0, ndraw=40, logz=-197.80, remainder_fraction=100.0000%, Lmin=-196.32, Lmax=-11.39
22:07:33 [ultranest] [DEBUG] iteration=456, ncalls=11755, regioncalls=0, ndraw=40, logz=-197.74, remainder_fraction=100.0000%, Lmin=-196.29, Lmax=-10.12
22:07:33 [ultranest] [DEBUG] iteration=480, ncalls=11755, regioncalls=0, ndraw=40, logz=-197.66, remainder_fraction=100.0000%, Lmin=-196.17, Lmax=-10.12
22:07:33 [ultranest] [DEBUG] iteration=520, ncalls=11755, regioncalls=0, ndraw=40, logz=-197.49, remainder_fraction=100.0000%, Lmin=-195.52, Lmax=-10.12
22:07:33 [ultranest] [DEBUG] iteration=533, ncalls=11755, regioncalls=0, ndraw=40, logz=-197.42, remainder_fraction=100.0000%, Lmin=-195.28, Lmax=-10.12
22:07:33 [ultranest] [DEBUG] iteration=560, ncalls=11755, regioncalls=0, ndraw=40, logz=-197.23, remainder_fraction=100.0000%, Lmin=-194.66, Lmax=-7.67
22:07:33 [ultranest] [DEBUG] iteration=600, ncalls=11755, regioncalls=0, ndraw=40, logz=-196.66, remainder_fraction=100.0000%, Lmin=-193.04, Lmax=-7.67
22:07:33 [ultranest] [DEBUG] iteration=640, ncalls=11755, regioncalls=0, ndraw=40, logz=-195.54, remainder_fraction=100.0000%, Lmin=-191.26, Lmax=-7.67
22:07:33 [ultranest] [DEBUG] iteration=680, ncalls=11755, regioncalls=0, ndraw=40, logz=-193.14, remainder_fraction=100.0000%, Lmin=-187.92, Lmax=-7.67
22:07:33 [ultranest] [DEBUG] iteration=687, ncalls=11755, regioncalls=0, ndraw=40, logz=-192.62, remainder_fraction=100.0000%, Lmin=-187.50, Lmax=-7.67
22:07:33 [ultranest] [DEBUG] iteration=720, ncalls=11755, regioncalls=0, ndraw=40, logz=-189.96, remainder_fraction=100.0000%, Lmin=-184.10, Lmax=-7.67
22:07:33 [ultranest] [DEBUG] iteration=760, ncalls=11755, regioncalls=0, ndraw=40, logz=-182.94, remainder_fraction=100.0000%, Lmin=-176.27, Lmax=-7.67
22:07:33 [ultranest] [DEBUG] iteration=800, ncalls=11755, regioncalls=0, ndraw=40, logz=-175.54, remainder_fraction=100.0000%, Lmin=-169.08, Lmax=-7.67
22:07:33 [ultranest] [DEBUG] iteration=840, ncalls=11755, regioncalls=0, ndraw=40, logz=-167.73, remainder_fraction=100.0000%, Lmin=-161.60, Lmax=-7.07
22:07:33 [ultranest] [DEBUG] iteration=880, ncalls=11755, regioncalls=0, ndraw=40, logz=-159.68, remainder_fraction=100.0000%, Lmin=-152.39, Lmax=-7.07
22:07:33 [ultranest] [DEBUG] iteration=920, ncalls=11755, regioncalls=0, ndraw=40, logz=-148.29, remainder_fraction=100.0000%, Lmin=-141.47, Lmax=-7.07
22:07:33 [ultranest] [DEBUG] iteration=960, ncalls=11755, regioncalls=0, ndraw=40, logz=-138.06, remainder_fraction=100.0000%, Lmin=-130.98, Lmax=-7.07
22:07:33 [ultranest] [DEBUG] iteration=1000, ncalls=11755, regioncalls=0, ndraw=40, logz=-127.19, remainder_fraction=100.0000%, Lmin=-119.64, Lmax=-7.07
22:07:33 [ultranest] [DEBUG] iteration=1040, ncalls=11755, regioncalls=0, ndraw=40, logz=-118.91, remainder_fraction=100.0000%, Lmin=-111.02, Lmax=-7.07
22:07:33 [ultranest] [DEBUG] iteration=1072, ncalls=11755, regioncalls=0, ndraw=40, logz=-111.07, remainder_fraction=100.0000%, Lmin=-103.80, Lmax=-7.07
22:07:33 [ultranest] [DEBUG] iteration=1080, ncalls=11755, regioncalls=0, ndraw=40, logz=-109.45, remainder_fraction=100.0000%, Lmin=-102.02, Lmax=-7.07
22:07:33 [ultranest] [DEBUG] iteration=1120, ncalls=11755, regioncalls=0, ndraw=40, logz=-101.75, remainder_fraction=100.0000%, Lmin=-94.05, Lmax=-7.07
22:07:33 [ultranest] [DEBUG] iteration=1149, ncalls=11755, regioncalls=0, ndraw=40, logz=-95.05, remainder_fraction=100.0000%, Lmin=-87.25, Lmax=-7.07
22:07:33 [ultranest] [DEBUG] iteration=1160, ncalls=11755, regioncalls=0, ndraw=40, logz=-93.16, remainder_fraction=100.0000%, Lmin=-85.63, Lmax=-7.07
22:07:33 [ultranest] [DEBUG] iteration=1200, ncalls=11755, regioncalls=0, ndraw=40, logz=-84.59, remainder_fraction=100.0000%, Lmin=-76.27, Lmax=-7.07
22:07:33 [ultranest] [DEBUG] iteration=1240, ncalls=11755, regioncalls=0, ndraw=40, logz=-77.76, remainder_fraction=100.0000%, Lmin=-70.44, Lmax=-7.07
22:07:33 [ultranest] [DEBUG] iteration=1280, ncalls=11755, regioncalls=0, ndraw=40, logz=-71.34, remainder_fraction=100.0000%, Lmin=-63.71, Lmax=-7.07
22:07:33 [ultranest] [DEBUG] iteration=1320, ncalls=11755, regioncalls=0, ndraw=40, logz=-66.30, remainder_fraction=100.0000%, Lmin=-58.95, Lmax=-7.07
22:07:33 [ultranest] [DEBUG] iteration=1360, ncalls=11755, regioncalls=0, ndraw=40, logz=-62.81, remainder_fraction=100.0000%, Lmin=-55.28, Lmax=-7.07
22:07:33 [ultranest] [DEBUG] iteration=1380, ncalls=11755, regioncalls=0, ndraw=40, logz=-60.54, remainder_fraction=100.0000%, Lmin=-53.14, Lmax=-6.98
22:07:33 [ultranest] [DEBUG] iteration=1400, ncalls=11755, regioncalls=0, ndraw=40, logz=-57.45, remainder_fraction=100.0000%, Lmin=-49.34, Lmax=-6.98
22:07:33 [ultranest] [DEBUG] iteration=1440, ncalls=11755, regioncalls=0, ndraw=40, logz=-52.19, remainder_fraction=100.0000%, Lmin=-44.68, Lmax=-6.98
22:07:34 [ultranest] [DEBUG] iteration=1457, ncalls=11755, regioncalls=0, ndraw=40, logz=-50.62, remainder_fraction=100.0000%, Lmin=-42.77, Lmax=-6.98
22:07:34 [ultranest] [DEBUG] iteration=1480, ncalls=11755, regioncalls=0, ndraw=40, logz=-47.95, remainder_fraction=100.0000%, Lmin=-40.39, Lmax=-6.98
22:07:34 [ultranest] [DEBUG] iteration=1520, ncalls=11755, regioncalls=0, ndraw=40, logz=-44.54, remainder_fraction=100.0000%, Lmin=-36.75, Lmax=-6.98
22:07:34 [ultranest] [DEBUG] iteration=1534, ncalls=11755, regioncalls=0, ndraw=40, logz=-43.51, remainder_fraction=100.0000%, Lmin=-36.01, Lmax=-6.98
22:07:34 [ultranest] [DEBUG] iteration=1560, ncalls=11755, regioncalls=0, ndraw=40, logz=-41.77, remainder_fraction=100.0000%, Lmin=-34.16, Lmax=-6.98
22:07:34 [ultranest] [DEBUG] iteration=1600, ncalls=11755, regioncalls=0, ndraw=40, logz=-39.03, remainder_fraction=100.0000%, Lmin=-31.39, Lmax=-6.98
22:07:34 [ultranest] [DEBUG] iteration=1640, ncalls=11755, regioncalls=0, ndraw=40, logz=-36.27, remainder_fraction=100.0000%, Lmin=-28.31, Lmax=-6.98
22:07:34 [ultranest] [DEBUG] iteration=1680, ncalls=11755, regioncalls=0, ndraw=40, logz=-33.94, remainder_fraction=100.0000%, Lmin=-26.14, Lmax=-6.98
22:07:34 [ultranest] [DEBUG] iteration=1720, ncalls=11755, regioncalls=0, ndraw=40, logz=-31.90, remainder_fraction=100.0000%, Lmin=-24.26, Lmax=-6.98
22:07:34 [ultranest] [DEBUG] iteration=1760, ncalls=11755, regioncalls=0, ndraw=40, logz=-30.23, remainder_fraction=100.0000%, Lmin=-22.73, Lmax=-6.98
22:07:34 [ultranest] [DEBUG] iteration=1800, ncalls=11755, regioncalls=0, ndraw=40, logz=-28.97, remainder_fraction=99.9999%, Lmin=-21.36, Lmax=-6.98
22:07:34 [ultranest] [DEBUG] iteration=1840, ncalls=11755, regioncalls=0, ndraw=40, logz=-27.79, remainder_fraction=99.9996%, Lmin=-20.36, Lmax=-6.46
22:07:34 [ultranest] [DEBUG] iteration=1842, ncalls=11755, regioncalls=0, ndraw=40, logz=-27.74, remainder_fraction=99.9996%, Lmin=-20.30, Lmax=-6.46
22:07:34 [ultranest] [DEBUG] iteration=1880, ncalls=11755, regioncalls=0, ndraw=40, logz=-26.76, remainder_fraction=99.9991%, Lmin=-19.26, Lmax=-6.46
22:07:34 [ultranest] [DEBUG] iteration=1920, ncalls=11755, regioncalls=0, ndraw=40, logz=-25.84, remainder_fraction=99.9976%, Lmin=-18.45, Lmax=-6.46
22:07:34 [ultranest] [DEBUG] iteration=1960, ncalls=11755, regioncalls=0, ndraw=40, logz=-25.12, remainder_fraction=99.9953%, Lmin=-17.77, Lmax=-6.46
22:07:34 [ultranest] [DEBUG] iteration=1996, ncalls=11755, regioncalls=0, ndraw=40, logz=-24.54, remainder_fraction=99.9914%, Lmin=-17.22, Lmax=-6.46
22:07:34 [ultranest] [DEBUG] iteration=2000, ncalls=11755, regioncalls=0, ndraw=40, logz=-24.48, remainder_fraction=99.9908%, Lmin=-17.09, Lmax=-6.46
22:07:34 [ultranest] [DEBUG] iteration=2040, ncalls=11755, regioncalls=0, ndraw=40, logz=-23.84, remainder_fraction=99.9837%, Lmin=-16.30, Lmax=-6.46
22:07:34 [ultranest] [DEBUG] iteration=2080, ncalls=11755, regioncalls=0, ndraw=40, logz=-23.26, remainder_fraction=99.9712%, Lmin=-15.81, Lmax=-6.46
22:07:34 [ultranest] [DEBUG] iteration=2120, ncalls=11755, regioncalls=0, ndraw=40, logz=-22.72, remainder_fraction=99.9507%, Lmin=-15.21, Lmax=-6.46
22:07:34 [ultranest] [DEBUG] iteration=2160, ncalls=11755, regioncalls=0, ndraw=40, logz=-22.25, remainder_fraction=99.9247%, Lmin=-14.74, Lmax=-6.46
22:07:34 [ultranest] [DEBUG] iteration=2200, ncalls=11755, regioncalls=0, ndraw=40, logz=-21.82, remainder_fraction=99.8837%, Lmin=-14.21, Lmax=-6.46
22:07:34 [ultranest] [DEBUG] iteration=2227, ncalls=11755, regioncalls=0, ndraw=40, logz=-21.52, remainder_fraction=99.8458%, Lmin=-13.75, Lmax=-6.46
22:07:34 [ultranest] [DEBUG] iteration=2240, ncalls=11755, regioncalls=0, ndraw=40, logz=-21.36, remainder_fraction=99.8174%, Lmin=-13.53, Lmax=-6.46
22:07:34 [ultranest] [DEBUG] iteration=2280, ncalls=11755, regioncalls=0, ndraw=40, logz=-20.86, remainder_fraction=99.6889%, Lmin=-12.92, Lmax=-6.46
22:07:34 [ultranest] [DEBUG] iteration=2320, ncalls=11755, regioncalls=0, ndraw=40, logz=-20.40, remainder_fraction=99.5083%, Lmin=-12.41, Lmax=-6.46
22:07:34 [ultranest] [DEBUG] iteration=2360, ncalls=11755, regioncalls=0, ndraw=40, logz=-19.96, remainder_fraction=99.2571%, Lmin=-11.88, Lmax=-6.40
22:07:34 [ultranest] [DEBUG] iteration=2381, ncalls=11755, regioncalls=0, ndraw=40, logz=-19.72, remainder_fraction=99.0811%, Lmin=-11.60, Lmax=-6.40
22:07:34 [ultranest] [DEBUG] iteration=2400, ncalls=11755, regioncalls=0, ndraw=40, logz=-19.52, remainder_fraction=98.8813%, Lmin=-11.34, Lmax=-6.40
22:07:34 [ultranest] [DEBUG] iteration=2440, ncalls=11755, regioncalls=0, ndraw=40, logz=-19.09, remainder_fraction=98.2354%, Lmin=-10.86, Lmax=-6.40
22:07:34 [ultranest] [DEBUG] iteration=2458, ncalls=11755, regioncalls=0, ndraw=40, logz=-18.90, remainder_fraction=97.9182%, Lmin=-10.61, Lmax=-6.40
22:07:34 [ultranest] [DEBUG] iteration=2480, ncalls=11755, regioncalls=0, ndraw=40, logz=-18.67, remainder_fraction=97.3913%, Lmin=-10.34, Lmax=-6.40
22:07:34 [ultranest] [DEBUG] iteration=2520, ncalls=11755, regioncalls=0, ndraw=40, logz=-18.29, remainder_fraction=96.1364%, Lmin=-10.01, Lmax=-6.40
22:07:34 [ultranest] [DEBUG] iteration=2560, ncalls=11755, regioncalls=0, ndraw=40, logz=-17.98, remainder_fraction=94.7832%, Lmin=-9.76, Lmax=-6.40
22:07:34 [ultranest] [DEBUG] iteration=2600, ncalls=11755, regioncalls=0, ndraw=40, logz=-17.70, remainder_fraction=93.0254%, Lmin=-9.41, Lmax=-6.34
22:07:34 [ultranest] [DEBUG] iteration=2612, ncalls=11755, regioncalls=0, ndraw=40, logz=-17.61, remainder_fraction=92.4873%, Lmin=-9.31, Lmax=-6.34
22:07:34 [ultranest] [DEBUG] iteration=2640, ncalls=11755, regioncalls=0, ndraw=40, logz=-17.44, remainder_fraction=90.8478%, Lmin=-9.12, Lmax=-6.34
22:07:34 [ultranest] [DEBUG] iteration=2680, ncalls=11755, regioncalls=0, ndraw=40, logz=-17.20, remainder_fraction=88.4049%, Lmin=-8.94, Lmax=-6.34
22:07:34 [ultranest] [DEBUG] iteration=2720, ncalls=11755, regioncalls=0, ndraw=40, logz=-17.00, remainder_fraction=85.9366%, Lmin=-8.69, Lmax=-6.34
22:07:34 [ultranest] [DEBUG] iteration=2760, ncalls=11755, regioncalls=0, ndraw=40, logz=-16.82, remainder_fraction=82.9110%, Lmin=-8.51, Lmax=-6.34
22:07:34 [ultranest] [DEBUG] iteration=2766, ncalls=11755, regioncalls=0, ndraw=40, logz=-16.79, remainder_fraction=82.5311%, Lmin=-8.47, Lmax=-6.34
22:07:34 [ultranest] [DEBUG] iteration=2800, ncalls=11755, regioncalls=0, ndraw=40, logz=-16.65, remainder_fraction=79.7327%, Lmin=-8.30, Lmax=-6.34
22:07:34 [ultranest] [DEBUG] iteration=2840, ncalls=11755, regioncalls=0, ndraw=40, logz=-16.49, remainder_fraction=76.3418%, Lmin=-8.13, Lmax=-6.34
22:07:34 [ultranest] [DEBUG] iteration=2843, ncalls=11755, regioncalls=0, ndraw=40, logz=-16.48, remainder_fraction=76.0520%, Lmin=-8.12, Lmax=-6.34
22:07:34 [ultranest] [DEBUG] iteration=2880, ncalls=11755, regioncalls=0, ndraw=40, logz=-16.35, remainder_fraction=72.6407%, Lmin=-7.96, Lmax=-6.34
22:07:34 [ultranest] [DEBUG] iteration=2920, ncalls=11755, regioncalls=0, ndraw=40, logz=-16.22, remainder_fraction=68.4891%, Lmin=-7.78, Lmax=-6.34
22:07:34 [ultranest] [DEBUG] iteration=2960, ncalls=11755, regioncalls=0, ndraw=40, logz=-16.10, remainder_fraction=64.6630%, Lmin=-7.68, Lmax=-6.34
22:07:34 [ultranest] [DEBUG] iteration=2997, ncalls=11755, regioncalls=0, ndraw=40, logz=-16.01, remainder_fraction=60.9299%, Lmin=-7.56, Lmax=-6.34
22:07:34 [ultranest] [DEBUG] iteration=3000, ncalls=11755, regioncalls=0, ndraw=40, logz=-16.00, remainder_fraction=60.6442%, Lmin=-7.55, Lmax=-6.34
22:07:34 [ultranest] [DEBUG] iteration=3040, ncalls=11755, regioncalls=0, ndraw=40, logz=-15.90, remainder_fraction=56.6326%, Lmin=-7.43, Lmax=-6.34
22:07:34 [ultranest] [DEBUG] iteration=3074, ncalls=11755, regioncalls=0, ndraw=40, logz=-15.83, remainder_fraction=53.2109%, Lmin=-7.36, Lmax=-6.34
22:07:34 [ultranest] [DEBUG] iteration=3080, ncalls=11755, regioncalls=0, ndraw=40, logz=-15.82, remainder_fraction=52.5910%, Lmin=-7.34, Lmax=-6.34
22:07:34 [ultranest] [DEBUG] iteration=3120, ncalls=11755, regioncalls=0, ndraw=40, logz=-15.74, remainder_fraction=49.0346%, Lmin=-7.26, Lmax=-6.34
22:07:34 [ultranest] [DEBUG] iteration=3151, ncalls=11755, regioncalls=0, ndraw=40, logz=-15.68, remainder_fraction=46.1805%, Lmin=-7.20, Lmax=-6.34
22:07:34 [ultranest] [DEBUG] iteration=3160, ncalls=11755, regioncalls=0, ndraw=40, logz=-15.67, remainder_fraction=45.3303%, Lmin=-7.17, Lmax=-6.34
22:07:35 [ultranest] [DEBUG] iteration=3200, ncalls=11755, regioncalls=0, ndraw=40, logz=-15.61, remainder_fraction=41.5891%, Lmin=-7.10, Lmax=-6.34
22:07:35 [ultranest] [DEBUG] iteration=3240, ncalls=11755, regioncalls=0, ndraw=40, logz=-15.55, remainder_fraction=38.2562%, Lmin=-7.04, Lmax=-6.34
22:07:35 [ultranest] [DEBUG] iteration=3280, ncalls=11755, regioncalls=0, ndraw=40, logz=-15.50, remainder_fraction=35.0449%, Lmin=-6.99, Lmax=-6.34
22:07:35 [ultranest] [DEBUG] iteration=3305, ncalls=11755, regioncalls=0, ndraw=40, logz=-15.47, remainder_fraction=33.0883%, Lmin=-6.95, Lmax=-6.34
22:07:35 [ultranest] [DEBUG] iteration=3320, ncalls=11755, regioncalls=0, ndraw=40, logz=-15.45, remainder_fraction=31.9477%, Lmin=-6.93, Lmax=-6.34
22:07:35 [ultranest] [DEBUG] iteration=3360, ncalls=11755, regioncalls=0, ndraw=40, logz=-15.41, remainder_fraction=29.0872%, Lmin=-6.89, Lmax=-6.34
22:07:35 [ultranest] [DEBUG] iteration=3382, ncalls=11755, regioncalls=0, ndraw=40, logz=-15.39, remainder_fraction=27.6140%, Lmin=-6.87, Lmax=-6.34
22:07:35 [ultranest] [DEBUG] iteration=3400, ncalls=11755, regioncalls=0, ndraw=40, logz=-15.38, remainder_fraction=26.4747%, Lmin=-6.85, Lmax=-6.34
22:07:35 [ultranest] [DEBUG] iteration=3440, ncalls=11755, regioncalls=0, ndraw=40, logz=-15.35, remainder_fraction=24.1615%, Lmin=-6.81, Lmax=-6.33
22:07:35 [ultranest] [DEBUG] clustering found some stray points [need_accept=False] (array([1, 2]), array([344,   1]))
22:07:35 [ultranest] [DEBUG] iteration=3480, ncalls=11755, regioncalls=0, ndraw=40, logz=-15.32, remainder_fraction=21.8562%, Lmin=-6.77, Lmax=-6.33
22:07:35 [ultranest] [DEBUG] iteration=3520, ncalls=11755, regioncalls=0, ndraw=40, logz=-15.29, remainder_fraction=19.7771%, Lmin=-6.74, Lmax=-6.33
22:07:35 [ultranest] [DEBUG] iteration=3536, ncalls=11755, regioncalls=0, ndraw=40, logz=-15.28, remainder_fraction=19.0065%, Lmin=-6.73, Lmax=-6.33
22:07:35 [ultranest] [DEBUG] iteration=3560, ncalls=11755, regioncalls=0, ndraw=40, logz=-15.27, remainder_fraction=17.8870%, Lmin=-6.71, Lmax=-6.33
22:07:35 [ultranest] [DEBUG] iteration=3600, ncalls=11755, regioncalls=0, ndraw=40, logz=-15.25, remainder_fraction=16.2063%, Lmin=-6.69, Lmax=-6.33
22:07:35 [ultranest] [DEBUG] iteration=3640, ncalls=11755, regioncalls=0, ndraw=40, logz=-15.23, remainder_fraction=14.6601%, Lmin=-6.67, Lmax=-6.33
22:07:35 [ultranest] [DEBUG] iteration=3680, ncalls=11755, regioncalls=0, ndraw=40, logz=-15.21, remainder_fraction=13.2180%, Lmin=-6.66, Lmax=-6.33
22:07:35 [ultranest] [DEBUG] iteration=3690, ncalls=11755, regioncalls=0, ndraw=40, logz=-15.21, remainder_fraction=12.8816%, Lmin=-6.65, Lmax=-6.33
22:07:35 [ultranest] [DEBUG] iteration=3720, ncalls=11755, regioncalls=0, ndraw=40, logz=-15.20, remainder_fraction=11.9118%, Lmin=-6.63, Lmax=-6.33
22:07:35 [ultranest] [DEBUG] iteration=3760, ncalls=11755, regioncalls=0, ndraw=40, logz=-15.18, remainder_fraction=10.7328%, Lmin=-6.61, Lmax=-6.33
22:07:35 [ultranest] [DEBUG] iteration=3800, ncalls=11755, regioncalls=0, ndraw=40, logz=-15.17, remainder_fraction=9.6607%, Lmin=-6.59, Lmax=-6.33
22:07:35 [ultranest] [DEBUG] iteration=3840, ncalls=11755, regioncalls=0, ndraw=40, logz=-15.16, remainder_fraction=8.6842%, Lmin=-6.58, Lmax=-6.33
22:07:35 [ultranest] [DEBUG] iteration=3844, ncalls=11755, regioncalls=0, ndraw=40, logz=-15.16, remainder_fraction=8.5907%, Lmin=-6.58, Lmax=-6.33
22:07:35 [ultranest] [DEBUG] iteration=3880, ncalls=11755, regioncalls=0, ndraw=40, logz=-15.15, remainder_fraction=7.8113%, Lmin=-6.57, Lmax=-6.33
22:07:35 [ultranest] [DEBUG] iteration=3920, ncalls=11755, regioncalls=0, ndraw=40, logz=-15.14, remainder_fraction=7.0222%, Lmin=-6.55, Lmax=-6.33
22:07:35 [ultranest] [DEBUG] iteration=3921, ncalls=11755, regioncalls=0, ndraw=40, logz=-15.14, remainder_fraction=7.0026%, Lmin=-6.55, Lmax=-6.33
22:07:35 [ultranest] [DEBUG] iteration=3960, ncalls=11755, regioncalls=0, ndraw=40, logz=-15.13, remainder_fraction=6.3097%, Lmin=-6.54, Lmax=-6.33
22:07:35 [ultranest] [DEBUG] iteration=4000, ncalls=11755, regioncalls=0, ndraw=40, logz=-15.13, remainder_fraction=5.6692%, Lmin=-6.53, Lmax=-6.33
22:07:35 [ultranest] [DEBUG] iteration=4040, ncalls=11755, regioncalls=0, ndraw=40, logz=-15.12, remainder_fraction=5.0922%, Lmin=-6.52, Lmax=-6.33
22:07:35 [ultranest] [DEBUG] iteration=4080, ncalls=11755, regioncalls=0, ndraw=40, logz=-15.12, remainder_fraction=4.5685%, Lmin=-6.50, Lmax=-6.33
22:07:35 [ultranest] [DEBUG] iteration=4120, ncalls=11755, regioncalls=0, ndraw=40, logz=-15.11, remainder_fraction=4.0931%, Lmin=-6.49, Lmax=-6.33
22:07:35 [ultranest] [DEBUG] iteration=4152, ncalls=11755, regioncalls=0, ndraw=40, logz=-15.11, remainder_fraction=3.7523%, Lmin=-6.49, Lmax=-6.33
22:07:35 [ultranest] [DEBUG] iteration=4160, ncalls=11755, regioncalls=0, ndraw=40, logz=-15.11, remainder_fraction=3.6728%, Lmin=-6.48, Lmax=-6.33
22:07:35 [ultranest] [DEBUG] iteration=4200, ncalls=11755, regioncalls=0, ndraw=40, logz=-15.10, remainder_fraction=3.2935%, Lmin=-6.47, Lmax=-6.33
22:07:35 [ultranest] [DEBUG] iteration=4229, ncalls=11755, regioncalls=0, ndraw=40, logz=-15.10, remainder_fraction=3.0449%, Lmin=-6.47, Lmax=-6.33
22:07:35 [ultranest] [DEBUG] iteration=4240, ncalls=11755, regioncalls=0, ndraw=40, logz=-15.10, remainder_fraction=2.9550%, Lmin=-6.46, Lmax=-6.33
22:07:35 [ultranest] [DEBUG] iteration=4280, ncalls=11755, regioncalls=0, ndraw=40, logz=-15.10, remainder_fraction=2.6492%, Lmin=-6.45, Lmax=-6.33
22:07:35 [ultranest] [DEBUG] iteration=4306, ncalls=11755, regioncalls=0, ndraw=40, logz=-15.09, remainder_fraction=2.4663%, Lmin=-6.45, Lmax=-6.33
22:07:35 [ultranest] [DEBUG] iteration=4320, ncalls=11755, regioncalls=0, ndraw=40, logz=-15.09, remainder_fraction=2.3719%, Lmin=-6.44, Lmax=-6.33
22:07:35 [ultranest] [DEBUG] iteration=4360, ncalls=11755, regioncalls=0, ndraw=40, logz=-15.09, remainder_fraction=2.1249%, Lmin=-6.44, Lmax=-6.33
22:07:35 [ultranest] [DEBUG] iteration=4383, ncalls=11755, regioncalls=0, ndraw=40, logz=-15.09, remainder_fraction=1.9942%, Lmin=-6.43, Lmax=-6.33
22:07:35 [ultranest] [INFO] Explored until L=-6  
22:07:35 [ultranest] [INFO] Likelihood function evaluations: 11755
22:07:36 [ultranest] [INFO] Writing samples and results to disk ...
22:07:36 [ultranest] [INFO] Writing samples and results to disk ... done
22:07:36 [ultranest] [DEBUG] did a run_iter pass!
22:07:36 [ultranest] [INFO]   logZ = -15.06 +- 0.1396
22:07:36 [ultranest] [INFO] Effective samples strategy satisfied (ESS = 1484.6, need >400)
22:07:36 [ultranest] [INFO] Posterior uncertainty strategy is satisfied (KL: 0.46+-0.08 nat, need <0.50 nat)
22:07:36 [ultranest] [INFO] Evidency uncertainty strategy is satisfied (dlogz=0.14, need <0.5)
22:07:36 [ultranest] [INFO]   logZ error budget: single: 0.15 bs:0.14 tail:0.02 total:0.14 required:<0.50
22:07:36 [ultranest] [INFO] done iterating.
22:07:37 [ultranest] [DEBUG] Making corner plot ...
22:07:41 [ultranest] [DEBUG] Making corner plot ... done
22:07:41 [ultranest] [DEBUG] Making run plot ... 
22:07:43 [ultranest] [DEBUG] Making run plot ... done
22:07:43 [ultranest] [DEBUG] Making trace plot ... 
22:07:44 [ultranest] [DEBUG] Making trace plot ... done
