09:21:28 [ultranest] [DEBUG] ReactiveNestedSampler: dims=3+0, resume=True, log_dir=/home/orion51/Desktop/Research/spectral_fitting/FGL_spectral_fitting/Individual_sources/2CXOJ103145.7+573401/powerlaw_out_, backend=hdf5, vectorized=False, nbootstraps=30, ndraw=128..65536
09:21:28 [ultranest] [INFO] Sampling 400 live points from prior ...
09:21:29 [ultranest] [DEBUG] run_iter dlogz=0.5, dKL=0.5, frac_remain=0.01, Lepsilon=0.1000, min_ess=400
09:21:29 [ultranest] [DEBUG] max_iters=-1, max_ncalls=-1, max_num_improvement_loops=-1, min_num_live_points=400, cluster_num_live_points=40
09:21:29 [ultranest] [DEBUG] minimal_widths_sequence: [(-inf, 400.0), (inf, 400.0)]
09:21:29 [ultranest] [DEBUG] iteration=0, ncalls=401, regioncalls=40, ndraw=40, logz=-inf, remainder_fraction=100.0000%, Lmin=-118890630005.49, Lmax=-9.01
09:21:29 [ultranest] [DEBUG] iteration=28, ncalls=433, regioncalls=1320, ndraw=40, logz=-517794787.91, remainder_fraction=100.0000%, Lmin=-456557918.99, Lmax=-9.01
09:21:29 [ultranest] [DEBUG] iteration=40, ncalls=449, regioncalls=1960, ndraw=40, logz=-157615325.20, remainder_fraction=100.0000%, Lmin=-153163532.19, Lmax=-9.01
09:21:29 [ultranest] [DEBUG] iteration=70, ncalls=484, regioncalls=3360, ndraw=40, logz=-9835816.33, remainder_fraction=100.0000%, Lmin=-9088936.93, Lmax=-9.01
09:21:29 [ultranest] [DEBUG] iteration=80, ncalls=497, regioncalls=3880, ndraw=40, logz=-5585510.83, remainder_fraction=100.0000%, Lmin=-5415203.92, Lmax=-9.01
09:21:29 [ultranest] [DEBUG] iteration=90, ncalls=510, regioncalls=4400, ndraw=40, logz=-1660258.48, remainder_fraction=100.0000%, Lmin=-1410181.27, Lmax=-9.01
09:21:30 [ultranest] [DEBUG] iteration=118, ncalls=540, regioncalls=5600, ndraw=40, logz=-313192.21, remainder_fraction=100.0000%, Lmin=-302000.89, Lmax=-9.01
09:21:30 [ultranest] [DEBUG] iteration=120, ncalls=542, regioncalls=5680, ndraw=40, logz=-296275.41, remainder_fraction=100.0000%, Lmin=-280359.79, Lmax=-9.01
09:21:30 [ultranest] [DEBUG] iteration=151, ncalls=575, regioncalls=7000, ndraw=40, logz=-53854.38, remainder_fraction=100.0000%, Lmin=-51091.35, Lmax=-9.01
09:21:30 [ultranest] [DEBUG] iteration=160, ncalls=588, regioncalls=7520, ndraw=40, logz=-43496.75, remainder_fraction=100.0000%, Lmin=-36341.02, Lmax=-9.01
09:21:30 [ultranest] [DEBUG] iteration=183, ncalls=621, regioncalls=8840, ndraw=40, logz=-11348.12, remainder_fraction=100.0000%, Lmin=-10904.07, Lmax=-9.01
09:21:30 [ultranest] [DEBUG] iteration=200, ncalls=643, regioncalls=9720, ndraw=40, logz=-6422.93, remainder_fraction=100.0000%, Lmin=-6266.35, Lmax=-9.01
09:21:30 [ultranest] [DEBUG] iteration=228, ncalls=677, regioncalls=11080, ndraw=40, logz=-2651.38, remainder_fraction=100.0000%, Lmin=-2440.95, Lmax=-9.01
09:21:30 [ultranest] [DEBUG] iteration=240, ncalls=692, regioncalls=11680, ndraw=40, logz=-1527.12, remainder_fraction=100.0000%, Lmin=-1513.33, Lmax=-9.01
09:21:30 [ultranest] [DEBUG] iteration=269, ncalls=731, regioncalls=13240, ndraw=40, logz=-499.94, remainder_fraction=100.0000%, Lmin=-440.99, Lmax=-9.01
09:21:30 [ultranest] [DEBUG] iteration=280, ncalls=745, regioncalls=13800, ndraw=40, logz=-334.22, remainder_fraction=100.0000%, Lmin=-315.22, Lmax=-9.01
09:21:30 [ultranest] [DEBUG] iteration=308, ncalls=778, regioncalls=15120, ndraw=40, logz=-195.64, remainder_fraction=100.0000%, Lmin=-189.15, Lmax=-9.01
09:21:30 [ultranest] [DEBUG] iteration=320, ncalls=796, regioncalls=15840, ndraw=40, logz=-181.90, remainder_fraction=100.0000%, Lmin=-174.87, Lmax=-9.01
09:21:30 [ultranest] [DEBUG] Plateau detected at L=-1.745444e+02, not replacing live point.
09:21:30 [ultranest] [DEBUG] Plateau detected at L=-1.745444e+02, not replacing live point.
09:21:30 [ultranest] [DEBUG] Plateau detected at L=-1.745444e+02, not replacing live point.
09:21:30 [ultranest] [DEBUG] Plateau detected at L=-1.745444e+02, not replacing live point.
09:21:30 [ultranest] [DEBUG] Plateau detected at L=-1.745444e+02, not replacing live point.
09:21:30 [ultranest] [DEBUG] iteration=331, ncalls=804, regioncalls=16160, ndraw=40, logz=-179.00, remainder_fraction=100.0000%, Lmin=-174.54, Lmax=-9.01
09:21:30 [ultranest] [DEBUG] Plateau detected at L=-1.745444e+02, not replacing live point.
09:21:30 [ultranest] [DEBUG] Plateau detected at L=-1.745444e+02, not replacing live point.
09:21:30 [ultranest] [DEBUG] Plateau detected at L=-1.745444e+02, not replacing live point.
09:21:30 [ultranest] [DEBUG] Plateau detected at L=-1.745444e+02, not replacing live point.
09:21:30 [ultranest] [DEBUG] Plateau detected at L=-1.745444e+02, not replacing live point.
09:21:30 [ultranest] [DEBUG] Plateau detected at L=-1.745444e+02, not replacing live point.
09:21:30 [ultranest] [DEBUG] Plateau detected at L=-1.745444e+02, not replacing live point.
09:21:30 [ultranest] [DEBUG] Plateau detected at L=-1.745444e+02, not replacing live point.
09:21:30 [ultranest] [DEBUG] Plateau detected at L=-1.745444e+02, not replacing live point.
09:21:30 [ultranest] [DEBUG] Plateau detected at L=-1.745444e+02, not replacing live point.
09:21:30 [ultranest] [DEBUG] Plateau detected at L=-1.745444e+02, not replacing live point.
09:21:30 [ultranest] [DEBUG] Plateau detected at L=-1.745444e+02, not replacing live point.
09:21:30 [ultranest] [DEBUG] Plateau detected at L=-1.745444e+02, not replacing live point.
09:21:30 [ultranest] [DEBUG] Plateau detected at L=-1.745444e+02, not replacing live point.
09:21:30 [ultranest] [DEBUG] Plateau detected at L=-1.745444e+02, not replacing live point.
09:21:30 [ultranest] [DEBUG] Plateau detected at L=-1.745444e+02, not replacing live point.
09:21:30 [ultranest] [DEBUG] Plateau detected at L=-1.745444e+02, not replacing live point.
09:21:30 [ultranest] [DEBUG] Plateau detected at L=-1.745444e+02, not replacing live point.
09:21:30 [ultranest] [DEBUG] Plateau detected at L=-1.745444e+02, not replacing live point.
09:21:30 [ultranest] [DEBUG] Plateau detected at L=-1.745444e+02, not replacing live point.
09:21:30 [ultranest] [DEBUG] Plateau detected at L=-1.745444e+02, not replacing live point.
09:21:30 [ultranest] [DEBUG] Plateau detected at L=-1.745444e+02, not replacing live point.
09:21:30 [ultranest] [DEBUG] Plateau detected at L=-1.745444e+02, not replacing live point.
09:21:30 [ultranest] [DEBUG] Plateau detected at L=-1.745444e+02, not replacing live point.
09:21:30 [ultranest] [DEBUG] Plateau detected at L=-1.745444e+02, not replacing live point.
09:21:30 [ultranest] [DEBUG] Plateau detected at L=-1.745444e+02, not replacing live point.
09:21:30 [ultranest] [DEBUG] Plateau detected at L=-1.745444e+02, not replacing live point.
09:21:30 [ultranest] [DEBUG] Plateau detected at L=-1.745444e+02, not replacing live point.
09:21:30 [ultranest] [DEBUG] Plateau detected at L=-1.745444e+02, not replacing live point.
09:21:30 [ultranest] [DEBUG] Plateau detected at L=-1.745444e+02, not replacing live point.
09:21:30 [ultranest] [DEBUG] Plateau detected at L=-1.745444e+02, not replacing live point.
09:21:30 [ultranest] [DEBUG] Plateau detected at L=-1.745444e+02, not replacing live point.
09:21:30 [ultranest] [DEBUG] Plateau detected at L=-1.745444e+02, not replacing live point.
09:21:30 [ultranest] [DEBUG] Plateau detected at L=-1.745444e+02, not replacing live point.
09:21:30 [ultranest] [DEBUG] Plateau detected at L=-1.745444e+02, not replacing live point.
09:21:30 [ultranest] [DEBUG] Plateau detected at L=-1.745444e+02, not replacing live point.
09:21:30 [ultranest] [DEBUG] Plateau detected at L=-1.745444e+02, not replacing live point.
09:21:30 [ultranest] [DEBUG] Plateau detected at L=-1.745444e+02, not replacing live point.
09:21:30 [ultranest] [DEBUG] Plateau detected at L=-1.745444e+02, not replacing live point.
09:21:30 [ultranest] [DEBUG] Plateau detected at L=-1.745444e+02, not replacing live point.
09:21:30 [ultranest] [DEBUG] Plateau detected at L=-1.745444e+02, not replacing live point.
09:21:30 [ultranest] [DEBUG] Plateau detected at L=-1.745444e+02, not replacing live point.
09:21:30 [ultranest] [DEBUG] Plateau detected at L=-1.745444e+02, not replacing live point.
09:21:30 [ultranest] [DEBUG] Plateau detected at L=-1.745444e+02, not replacing live point.
09:21:30 [ultranest] [DEBUG] Plateau detected at L=-1.745444e+02, not replacing live point.
09:21:30 [ultranest] [DEBUG] Plateau detected at L=-1.745444e+02, not replacing live point.
09:21:30 [ultranest] [DEBUG] Plateau detected at L=-1.745444e+02, not replacing live point.
09:21:30 [ultranest] [DEBUG] Plateau detected at L=-1.745444e+02, not replacing live point.
09:21:30 [ultranest] [DEBUG] Plateau detected at L=-1.745444e+02, not replacing live point.
09:21:30 [ultranest] [DEBUG] Plateau detected at L=-1.745444e+02, not replacing live point.
09:21:30 [ultranest] [DEBUG] Plateau detected at L=-1.745444e+02, not replacing live point.
09:21:30 [ultranest] [DEBUG] Plateau detected at L=-1.745444e+02, not replacing live point.
09:21:30 [ultranest] [DEBUG] Plateau detected at L=-1.745444e+02, not replacing live point.
09:21:30 [ultranest] [DEBUG] Plateau detected at L=-1.745444e+02, not replacing live point.
09:21:30 [ultranest] [DEBUG] Plateau detected at L=-1.745444e+02, not replacing live point.
09:21:30 [ultranest] [DEBUG] Plateau detected at L=-1.745444e+02, not replacing live point.
09:21:30 [ultranest] [DEBUG] Plateau detected at L=-1.745444e+02, not replacing live point.
09:21:30 [ultranest] [DEBUG] Plateau detected at L=-1.745444e+02, not replacing live point.
09:21:30 [ultranest] [DEBUG] Plateau detected at L=-1.745444e+02, not replacing live point.
09:21:30 [ultranest] [DEBUG] Plateau detected at L=-1.745444e+02, not replacing live point.
09:21:30 [ultranest] [DEBUG] Plateau detected at L=-1.745444e+02, not replacing live point.
09:21:30 [ultranest] [DEBUG] Plateau detected at L=-1.745444e+02, not replacing live point.
09:21:30 [ultranest] [DEBUG] Plateau detected at L=-1.745444e+02, not replacing live point.
09:21:30 [ultranest] [DEBUG] Plateau detected at L=-1.745444e+02, not replacing live point.
09:21:30 [ultranest] [DEBUG] iteration=397, ncalls=810, regioncalls=16400, ndraw=40, logz=-177.02, remainder_fraction=100.0000%, Lmin=-174.54, Lmax=-9.01
09:21:30 [ultranest] [DEBUG] Plateau detected at L=-1.745444e+02, not replacing live point.
09:21:30 [ultranest] [DEBUG] iteration=399, ncalls=813, regioncalls=16520, ndraw=40, logz=-176.99, remainder_fraction=100.0000%, Lmin=-174.54, Lmax=-9.01
09:21:30 [ultranest] [DEBUG] iteration=400, ncalls=817, regioncalls=16680, ndraw=40, logz=-176.98, remainder_fraction=100.0000%, Lmin=-174.54, Lmax=-9.01
09:21:30 [ultranest] [DEBUG] Plateau detected at L=-1.745444e+02, not replacing live point.
09:21:30 [ultranest] [DEBUG] iteration=402, ncalls=818, regioncalls=16720, ndraw=40, logz=-176.95, remainder_fraction=100.0000%, Lmin=-174.54, Lmax=-9.01
09:21:31 [ultranest] [DEBUG] iteration=417, ncalls=857, regioncalls=18280, ndraw=40, logz=-176.79, remainder_fraction=100.0000%, Lmin=-174.54, Lmax=-9.01
09:21:31 [ultranest] [DEBUG] iteration=434, ncalls=901, regioncalls=20040, ndraw=40, logz=-176.64, remainder_fraction=100.0000%, Lmin=-174.54, Lmax=-9.01
09:21:31 [ultranest] [DEBUG] iteration=440, ncalls=915, regioncalls=20600, ndraw=40, logz=-176.59, remainder_fraction=100.0000%, Lmin=-174.54, Lmax=-9.01
09:21:31 [ultranest] [DEBUG] iteration=458, ncalls=961, regioncalls=22440, ndraw=40, logz=-176.47, remainder_fraction=100.0000%, Lmin=-174.54, Lmax=-9.01
09:21:31 [ultranest] [DEBUG] iteration=476, ncalls=1005, regioncalls=24200, ndraw=40, logz=-176.36, remainder_fraction=100.0000%, Lmin=-174.54, Lmax=-9.01
09:21:31 [ultranest] [DEBUG] iteration=480, ncalls=1019, regioncalls=24760, ndraw=40, logz=-176.34, remainder_fraction=100.0000%, Lmin=-174.54, Lmax=-9.01
09:21:31 [ultranest] [DEBUG] iteration=495, ncalls=1059, regioncalls=26360, ndraw=40, logz=-176.27, remainder_fraction=100.0000%, Lmin=-174.54, Lmax=-9.01
09:21:31 [ultranest] [DEBUG] iteration=512, ncalls=1094, regioncalls=27760, ndraw=40, logz=-176.20, remainder_fraction=100.0000%, Lmin=-174.54, Lmax=-9.01
09:21:31 [ultranest] [DEBUG] iteration=520, ncalls=1117, regioncalls=28680, ndraw=40, logz=-176.16, remainder_fraction=100.0000%, Lmin=-174.54, Lmax=-9.01
09:21:31 [ultranest] [DEBUG] iteration=536, ncalls=1163, regioncalls=30520, ndraw=40, logz=-176.11, remainder_fraction=100.0000%, Lmin=-174.53, Lmax=-9.01
09:21:31 [ultranest] [DEBUG] iteration=550, ncalls=1197, regioncalls=31880, ndraw=40, logz=-176.06, remainder_fraction=100.0000%, Lmin=-174.52, Lmax=-9.01
09:21:32 [ultranest] [DEBUG] iteration=560, ncalls=1229, regioncalls=33160, ndraw=40, logz=-176.03, remainder_fraction=100.0000%, Lmin=-174.52, Lmax=-9.01
09:21:32 [ultranest] [DEBUG] iteration=575, ncalls=1273, regioncalls=34920, ndraw=40, logz=-175.98, remainder_fraction=100.0000%, Lmin=-174.47, Lmax=-9.01
09:21:32 [ultranest] [DEBUG] iteration=593, ncalls=1319, regioncalls=36760, ndraw=40, logz=-175.93, remainder_fraction=100.0000%, Lmin=-174.27, Lmax=-9.01
09:21:32 [ultranest] [DEBUG] iteration=600, ncalls=1337, regioncalls=37480, ndraw=40, logz=-175.90, remainder_fraction=100.0000%, Lmin=-174.07, Lmax=-9.01
09:21:32 [ultranest] [DEBUG] iteration=612, ncalls=1389, regioncalls=39560, ndraw=40, logz=-175.85, remainder_fraction=100.0000%, Lmin=-173.41, Lmax=-9.01
09:21:32 [ultranest] [DEBUG] iteration=624, ncalls=1424, regioncalls=40960, ndraw=40, logz=-175.76, remainder_fraction=100.0000%, Lmin=-172.98, Lmax=-9.01
09:21:32 [ultranest] [DEBUG] iteration=640, ncalls=1460, regioncalls=42400, ndraw=40, logz=-175.56, remainder_fraction=100.0000%, Lmin=-171.93, Lmax=-9.01
09:21:32 [ultranest] [DEBUG] iteration=661, ncalls=1502, regioncalls=44080, ndraw=40, logz=-174.99, remainder_fraction=100.0000%, Lmin=-170.69, Lmax=-9.01
09:21:32 [ultranest] [DEBUG] iteration=680, ncalls=1546, regioncalls=45840, ndraw=40, logz=-173.91, remainder_fraction=100.0000%, Lmin=-168.79, Lmax=-9.01
09:21:32 [ultranest] [DEBUG] iteration=698, ncalls=1586, regioncalls=47440, ndraw=40, logz=-172.37, remainder_fraction=100.0000%, Lmin=-166.70, Lmax=-8.41
09:21:32 [ultranest] [DEBUG] iteration=716, ncalls=1627, regioncalls=49080, ndraw=40, logz=-170.47, remainder_fraction=100.0000%, Lmin=-164.89, Lmax=-8.41
09:21:33 [ultranest] [DEBUG] iteration=720, ncalls=1635, regioncalls=49400, ndraw=40, logz=-170.05, remainder_fraction=100.0000%, Lmin=-164.23, Lmax=-8.41
09:21:33 [ultranest] [DEBUG] iteration=741, ncalls=1681, regioncalls=51240, ndraw=40, logz=-167.57, remainder_fraction=100.0000%, Lmin=-162.14, Lmax=-6.84
09:21:33 [ultranest] [DEBUG] iteration=758, ncalls=1726, regioncalls=53040, ndraw=40, logz=-166.20, remainder_fraction=100.0000%, Lmin=-160.90, Lmax=-6.84
09:21:33 [ultranest] [DEBUG] iteration=760, ncalls=1728, regioncalls=53120, ndraw=40, logz=-166.03, remainder_fraction=100.0000%, Lmin=-160.40, Lmax=-6.84
09:21:33 [ultranest] [DEBUG] iteration=772, ncalls=1754, regioncalls=54160, ndraw=40, logz=-164.88, remainder_fraction=100.0000%, Lmin=-159.24, Lmax=-6.84
09:21:33 [ultranest] [DEBUG] iteration=781, ncalls=1776, regioncalls=55040, ndraw=40, logz=-164.06, remainder_fraction=100.0000%, Lmin=-158.02, Lmax=-6.84
09:21:33 [ultranest] [DEBUG] iteration=784, ncalls=1781, regioncalls=55240, ndraw=40, logz=-163.62, remainder_fraction=100.0000%, Lmin=-157.57, Lmax=-6.84
09:21:33 [ultranest] [DEBUG] iteration=785, ncalls=1789, regioncalls=55560, ndraw=40, logz=-163.49, remainder_fraction=100.0000%, Lmin=-157.34, Lmax=-6.84
09:21:33 [ultranest] [DEBUG] iteration=787, ncalls=1795, regioncalls=55800, ndraw=40, logz=-163.21, remainder_fraction=100.0000%, Lmin=-157.20, Lmax=-6.84
09:21:33 [ultranest] [DEBUG] iteration=791, ncalls=1801, regioncalls=56040, ndraw=40, logz=-162.54, remainder_fraction=100.0000%, Lmin=-156.10, Lmax=-6.84
09:21:34 [ultranest] [DEBUG] iteration=794, ncalls=1808, regioncalls=56320, ndraw=40, logz=-162.02, remainder_fraction=100.0000%, Lmin=-155.81, Lmax=-6.84
09:21:34 [ultranest] [DEBUG] iteration=798, ncalls=1813, regioncalls=56520, ndraw=40, logz=-161.20, remainder_fraction=100.0000%, Lmin=-154.60, Lmax=-6.84
09:21:34 [ultranest] [DEBUG] iteration=800, ncalls=1819, regioncalls=56760, ndraw=40, logz=-160.72, remainder_fraction=100.0000%, Lmin=-153.93, Lmax=-6.84
09:21:34 [ultranest] [DEBUG] iteration=802, ncalls=1827, regioncalls=57080, ndraw=40, logz=-160.26, remainder_fraction=100.0000%, Lmin=-153.49, Lmax=-6.84
09:21:34 [ultranest] [DEBUG] iteration=805, ncalls=1837, regioncalls=57480, ndraw=40, logz=-159.60, remainder_fraction=100.0000%, Lmin=-153.18, Lmax=-6.84
09:21:34 [ultranest] [DEBUG] iteration=807, ncalls=1847, regioncalls=57880, ndraw=40, logz=-159.23, remainder_fraction=100.0000%, Lmin=-152.80, Lmax=-6.84
09:21:34 [ultranest] [DEBUG] iteration=809, ncalls=1853, regioncalls=58120, ndraw=40, logz=-158.86, remainder_fraction=100.0000%, Lmin=-152.52, Lmax=-6.84
09:21:34 [ultranest] [DEBUG] iteration=810, ncalls=1860, regioncalls=58400, ndraw=40, logz=-158.69, remainder_fraction=100.0000%, Lmin=-152.51, Lmax=-6.84
09:21:35 [ultranest] [DEBUG] iteration=812, ncalls=1868, regioncalls=58720, ndraw=40, logz=-158.43, remainder_fraction=100.0000%, Lmin=-152.27, Lmax=-6.84
09:21:35 [ultranest] [DEBUG] iteration=815, ncalls=1875, regioncalls=59000, ndraw=40, logz=-158.02, remainder_fraction=100.0000%, Lmin=-151.89, Lmax=-6.84
09:21:35 [ultranest] [DEBUG] iteration=817, ncalls=1884, regioncalls=59360, ndraw=40, logz=-157.77, remainder_fraction=100.0000%, Lmin=-151.72, Lmax=-6.84
09:21:35 [ultranest] [DEBUG] iteration=818, ncalls=1894, regioncalls=59760, ndraw=40, logz=-157.65, remainder_fraction=100.0000%, Lmin=-151.44, Lmax=-6.84
09:21:35 [ultranest] [DEBUG] iteration=820, ncalls=1900, regioncalls=60000, ndraw=40, logz=-157.36, remainder_fraction=100.0000%, Lmin=-151.12, Lmax=-6.84
09:21:35 [ultranest] [DEBUG] iteration=823, ncalls=1907, regioncalls=60280, ndraw=40, logz=-156.89, remainder_fraction=100.0000%, Lmin=-150.58, Lmax=-6.84
09:21:35 [ultranest] [DEBUG] iteration=827, ncalls=1915, regioncalls=60600, ndraw=40, logz=-156.15, remainder_fraction=100.0000%, Lmin=-149.22, Lmax=-6.84
09:21:36 [ultranest] [DEBUG] iteration=830, ncalls=1921, regioncalls=60840, ndraw=40, logz=-155.48, remainder_fraction=100.0000%, Lmin=-148.86, Lmax=-6.84
09:21:36 [ultranest] [DEBUG] iteration=832, ncalls=1927, regioncalls=61080, ndraw=40, logz=-154.94, remainder_fraction=100.0000%, Lmin=-147.75, Lmax=-6.84
09:21:36 [ultranest] [DEBUG] iteration=834, ncalls=1934, regioncalls=61360, ndraw=40, logz=-154.34, remainder_fraction=100.0000%, Lmin=-147.26, Lmax=-6.84
09:21:36 [ultranest] [DEBUG] iteration=835, ncalls=1944, regioncalls=61760, ndraw=40, logz=-154.04, remainder_fraction=100.0000%, Lmin=-147.26, Lmax=-6.84
09:21:36 [ultranest] [DEBUG] iteration=837, ncalls=1951, regioncalls=62040, ndraw=40, logz=-153.59, remainder_fraction=100.0000%, Lmin=-147.00, Lmax=-6.84
09:21:36 [ultranest] [DEBUG] iteration=840, ncalls=1958, regioncalls=62320, ndraw=40, logz=-153.03, remainder_fraction=100.0000%, Lmin=-146.58, Lmax=-6.84
09:21:36 [ultranest] [DEBUG] iteration=841, ncalls=1964, regioncalls=62560, ndraw=40, logz=-152.87, remainder_fraction=100.0000%, Lmin=-146.49, Lmax=-6.84
09:21:36 [ultranest] [DEBUG] iteration=844, ncalls=1969, regioncalls=62760, ndraw=40, logz=-152.42, remainder_fraction=100.0000%, Lmin=-146.14, Lmax=-6.49
09:21:37 [ultranest] [DEBUG] iteration=845, ncalls=1975, regioncalls=63000, ndraw=40, logz=-152.28, remainder_fraction=100.0000%, Lmin=-146.10, Lmax=-6.49
09:21:37 [ultranest] [DEBUG] clustering found some stray points [need_accept=False] (array([1, 2]), array([328,   1]))
09:21:37 [ultranest] [DEBUG] iteration=846, ncalls=1977, regioncalls=63080, ndraw=40, logz=-152.15, remainder_fraction=100.0000%, Lmin=-145.93, Lmax=-6.49
09:21:37 [ultranest] [DEBUG] iteration=848, ncalls=1982, regioncalls=63280, ndraw=40, logz=-151.89, remainder_fraction=100.0000%, Lmin=-145.70, Lmax=-6.49
09:21:37 [ultranest] [DEBUG] iteration=851, ncalls=1987, regioncalls=63480, ndraw=40, logz=-151.52, remainder_fraction=100.0000%, Lmin=-145.50, Lmax=-6.49
09:21:37 [ultranest] [DEBUG] iteration=852, ncalls=1995, regioncalls=63800, ndraw=40, logz=-151.41, remainder_fraction=100.0000%, Lmin=-145.36, Lmax=-6.49
09:21:37 [ultranest] [DEBUG] iteration=854, ncalls=2003, regioncalls=64120, ndraw=40, logz=-151.20, remainder_fraction=100.0000%, Lmin=-145.34, Lmax=-6.49
09:21:37 [ultranest] [DEBUG] iteration=856, ncalls=2009, regioncalls=64360, ndraw=40, logz=-151.02, remainder_fraction=100.0000%, Lmin=-144.72, Lmax=-6.49
09:21:37 [ultranest] [DEBUG] iteration=861, ncalls=2026, regioncalls=65040, ndraw=40, logz=-150.38, remainder_fraction=100.0000%, Lmin=-144.04, Lmax=-6.49
09:21:38 [ultranest] [DEBUG] iteration=880, ncalls=2065, regioncalls=66600, ndraw=40, logz=-147.72, remainder_fraction=100.0000%, Lmin=-141.58, Lmax=-6.49
09:21:38 [ultranest] [DEBUG] iteration=895, ncalls=2110, regioncalls=68400, ndraw=40, logz=-145.73, remainder_fraction=100.0000%, Lmin=-139.55, Lmax=-6.49
09:21:38 [ultranest] [DEBUG] iteration=909, ncalls=2157, regioncalls=70280, ndraw=40, logz=-143.74, remainder_fraction=100.0000%, Lmin=-137.17, Lmax=-6.49
09:21:38 [ultranest] [DEBUG] iteration=920, ncalls=2208, regioncalls=72320, ndraw=40, logz=-141.68, remainder_fraction=100.0000%, Lmin=-134.66, Lmax=-6.49
09:21:38 [ultranest] [DEBUG] iteration=939, ncalls=2250, regioncalls=74000, ndraw=40, logz=-137.22, remainder_fraction=100.0000%, Lmin=-130.28, Lmax=-6.49
09:21:38 [ultranest] [DEBUG] iteration=958, ncalls=2299, regioncalls=75960, ndraw=40, logz=-133.44, remainder_fraction=100.0000%, Lmin=-126.62, Lmax=-6.49
09:21:38 [ultranest] [DEBUG] iteration=960, ncalls=2302, regioncalls=76080, ndraw=40, logz=-133.10, remainder_fraction=100.0000%, Lmin=-126.33, Lmax=-6.49
09:21:38 [ultranest] [DEBUG] iteration=978, ncalls=2354, regioncalls=78160, ndraw=40, logz=-129.57, remainder_fraction=100.0000%, Lmin=-122.53, Lmax=-6.49
09:21:38 [ultranest] [DEBUG] iteration=994, ncalls=2410, regioncalls=80400, ndraw=40, logz=-126.59, remainder_fraction=100.0000%, Lmin=-118.89, Lmax=-6.49
09:21:38 [ultranest] [DEBUG] iteration=1000, ncalls=2447, regioncalls=81880, ndraw=40, logz=-125.03, remainder_fraction=100.0000%, Lmin=-117.46, Lmax=-6.49
09:21:39 [ultranest] [DEBUG] iteration=1008, ncalls=2491, regioncalls=83640, ndraw=40, logz=-123.33, remainder_fraction=100.0000%, Lmin=-116.56, Lmax=-6.49
09:21:39 [ultranest] [DEBUG] iteration=1025, ncalls=2539, regioncalls=85560, ndraw=40, logz=-120.55, remainder_fraction=100.0000%, Lmin=-113.36, Lmax=-6.49
09:21:39 [ultranest] [DEBUG] iteration=1040, ncalls=2574, regioncalls=86960, ndraw=40, logz=-118.13, remainder_fraction=100.0000%, Lmin=-111.37, Lmax=-6.49
09:21:39 [ultranest] [DEBUG] iteration=1056, ncalls=2624, regioncalls=88960, ndraw=40, logz=-114.68, remainder_fraction=100.0000%, Lmin=-107.41, Lmax=-6.49
09:21:39 [ultranest] [DEBUG] iteration=1066, ncalls=2670, regioncalls=90800, ndraw=40, logz=-113.18, remainder_fraction=100.0000%, Lmin=-106.27, Lmax=-6.49
09:21:39 [ultranest] [DEBUG] iteration=1075, ncalls=2709, regioncalls=92360, ndraw=40, logz=-111.86, remainder_fraction=100.0000%, Lmin=-105.03, Lmax=-6.49
09:21:39 [ultranest] [DEBUG] iteration=1080, ncalls=2722, regioncalls=92880, ndraw=40, logz=-111.27, remainder_fraction=100.0000%, Lmin=-104.27, Lmax=-6.49
09:21:39 [ultranest] [DEBUG] iteration=1092, ncalls=2769, regioncalls=94760, ndraw=40, logz=-109.39, remainder_fraction=100.0000%, Lmin=-102.14, Lmax=-6.49
09:21:39 [ultranest] [DEBUG] iteration=1105, ncalls=2819, regioncalls=96760, ndraw=40, logz=-107.64, remainder_fraction=100.0000%, Lmin=-100.89, Lmax=-6.49
09:21:39 [ultranest] [DEBUG] iteration=1119, ncalls=2870, regioncalls=98800, ndraw=40, logz=-106.24, remainder_fraction=100.0000%, Lmin=-99.62, Lmax=-6.49
09:21:39 [ultranest] [DEBUG] iteration=1120, ncalls=2873, regioncalls=98920, ndraw=40, logz=-106.15, remainder_fraction=100.0000%, Lmin=-99.60, Lmax=-6.49
09:21:39 [ultranest] [DEBUG] iteration=1131, ncalls=2919, regioncalls=100840, ndraw=40, logz=-104.87, remainder_fraction=100.0000%, Lmin=-97.86, Lmax=-6.49
09:21:40 [ultranest] [DEBUG] iteration=1142, ncalls=2970, regioncalls=102880, ndraw=40, logz=-103.48, remainder_fraction=100.0000%, Lmin=-96.24, Lmax=-6.49
09:21:40 [ultranest] [DEBUG] iteration=1155, ncalls=3013, regioncalls=104600, ndraw=40, logz=-101.85, remainder_fraction=100.0000%, Lmin=-94.88, Lmax=-6.49
09:21:40 [ultranest] [DEBUG] iteration=1160, ncalls=3021, regioncalls=104920, ndraw=40, logz=-101.27, remainder_fraction=100.0000%, Lmin=-94.14, Lmax=-6.49
09:21:40 [ultranest] [DEBUG] iteration=1172, ncalls=3063, regioncalls=106600, ndraw=40, logz=-99.64, remainder_fraction=100.0000%, Lmin=-92.18, Lmax=-6.49
09:21:40 [ultranest] [DEBUG] iteration=1183, ncalls=3110, regioncalls=108480, ndraw=40, logz=-98.05, remainder_fraction=100.0000%, Lmin=-90.66, Lmax=-6.49
09:21:40 [ultranest] [DEBUG] iteration=1198, ncalls=3156, regioncalls=110360, ndraw=40, logz=-95.77, remainder_fraction=100.0000%, Lmin=-88.72, Lmax=-6.49
09:21:40 [ultranest] [DEBUG] iteration=1200, ncalls=3159, regioncalls=110520, ndraw=40, logz=-95.55, remainder_fraction=100.0000%, Lmin=-88.31, Lmax=-6.49
09:21:40 [ultranest] [DEBUG] iteration=1214, ncalls=3206, regioncalls=112400, ndraw=40, logz=-93.19, remainder_fraction=100.0000%, Lmin=-85.68, Lmax=-6.49
09:21:40 [ultranest] [DEBUG] iteration=1220, ncalls=3248, regioncalls=114080, ndraw=40, logz=-92.13, remainder_fraction=100.0000%, Lmin=-84.68, Lmax=-6.49
09:21:40 [ultranest] [DEBUG] iteration=1231, ncalls=3292, regioncalls=115840, ndraw=40, logz=-90.63, remainder_fraction=100.0000%, Lmin=-83.29, Lmax=-6.49
09:21:40 [ultranest] [DEBUG] iteration=1240, ncalls=3308, regioncalls=116480, ndraw=40, logz=-89.20, remainder_fraction=100.0000%, Lmin=-81.64, Lmax=-6.49
09:21:41 [ultranest] [DEBUG] iteration=1251, ncalls=3361, regioncalls=118600, ndraw=40, logz=-87.77, remainder_fraction=100.0000%, Lmin=-80.53, Lmax=-6.49
09:21:41 [ultranest] [DEBUG] iteration=1260, ncalls=3412, regioncalls=120640, ndraw=40, logz=-86.91, remainder_fraction=100.0000%, Lmin=-79.37, Lmax=-6.49
09:21:41 [ultranest] [DEBUG] iteration=1270, ncalls=3467, regioncalls=122840, ndraw=40, logz=-85.79, remainder_fraction=100.0000%, Lmin=-78.42, Lmax=-6.49
09:21:41 [ultranest] [DEBUG] iteration=1280, ncalls=3519, regioncalls=124920, ndraw=40, logz=-84.80, remainder_fraction=100.0000%, Lmin=-77.87, Lmax=-6.49
09:21:41 [ultranest] [DEBUG] iteration=1290, ncalls=3565, regioncalls=126760, ndraw=40, logz=-84.07, remainder_fraction=100.0000%, Lmin=-77.24, Lmax=-6.49
09:21:41 [ultranest] [DEBUG] iteration=1293, ncalls=3615, regioncalls=128760, ndraw=40, logz=-83.84, remainder_fraction=100.0000%, Lmin=-76.68, Lmax=-6.49
09:21:41 [ultranest] [DEBUG] iteration=1303, ncalls=3662, regioncalls=130640, ndraw=40, logz=-82.93, remainder_fraction=100.0000%, Lmin=-75.62, Lmax=-6.49
09:21:41 [ultranest] [DEBUG] iteration=1315, ncalls=3709, regioncalls=132520, ndraw=40, logz=-81.58, remainder_fraction=100.0000%, Lmin=-73.78, Lmax=-6.49
09:21:41 [ultranest] [DEBUG] iteration=1320, ncalls=3718, regioncalls=132880, ndraw=40, logz=-80.96, remainder_fraction=100.0000%, Lmin=-73.47, Lmax=-6.49
09:21:41 [ultranest] [DEBUG] iteration=1332, ncalls=3767, regioncalls=134920, ndraw=40, logz=-79.93, remainder_fraction=100.0000%, Lmin=-72.99, Lmax=-6.49
09:21:42 [ultranest] [DEBUG] iteration=1344, ncalls=3810, regioncalls=136640, ndraw=40, logz=-79.03, remainder_fraction=100.0000%, Lmin=-71.83, Lmax=-6.21
09:21:42 [ultranest] [DEBUG] iteration=1349, ncalls=3853, regioncalls=138360, ndraw=40, logz=-78.61, remainder_fraction=100.0000%, Lmin=-70.99, Lmax=-6.21
09:21:42 [ultranest] [DEBUG] iteration=1356, ncalls=3898, regioncalls=140160, ndraw=40, logz=-77.88, remainder_fraction=100.0000%, Lmin=-70.44, Lmax=-6.21
09:21:42 [ultranest] [DEBUG] iteration=1360, ncalls=3914, regioncalls=140800, ndraw=40, logz=-77.53, remainder_fraction=100.0000%, Lmin=-70.28, Lmax=-6.21
09:21:42 [ultranest] [DEBUG] clustering found some stray points [need_accept=False] (array([1, 2]), array([328,   1]))
09:21:42 [ultranest] [DEBUG] iteration=1368, ncalls=3943, regioncalls=141960, ndraw=40, logz=-76.83, remainder_fraction=100.0000%, Lmin=-69.57, Lmax=-6.21
09:21:42 [ultranest] [DEBUG] iteration=1374, ncalls=3973, regioncalls=143160, ndraw=40, logz=-76.32, remainder_fraction=100.0000%, Lmin=-68.86, Lmax=-6.21
09:21:42 [ultranest] [DEBUG] iteration=1381, ncalls=4018, regioncalls=144960, ndraw=40, logz=-75.68, remainder_fraction=100.0000%, Lmin=-68.08, Lmax=-6.21
09:21:42 [ultranest] [DEBUG] iteration=1388, ncalls=4055, regioncalls=146440, ndraw=40, logz=-74.95, remainder_fraction=100.0000%, Lmin=-67.39, Lmax=-6.21
09:21:42 [ultranest] [DEBUG] iteration=1396, ncalls=4087, regioncalls=147720, ndraw=40, logz=-74.17, remainder_fraction=100.0000%, Lmin=-66.51, Lmax=-6.21
09:21:42 [ultranest] [DEBUG] iteration=1400, ncalls=4108, regioncalls=148560, ndraw=40, logz=-73.73, remainder_fraction=100.0000%, Lmin=-66.04, Lmax=-6.21
09:21:43 [ultranest] [DEBUG] iteration=1411, ncalls=4145, regioncalls=150040, ndraw=40, logz=-72.17, remainder_fraction=100.0000%, Lmin=-64.57, Lmax=-6.21
09:21:43 [ultranest] [DEBUG] iteration=1422, ncalls=4192, regioncalls=151920, ndraw=40, logz=-70.85, remainder_fraction=100.0000%, Lmin=-63.10, Lmax=-6.21
09:21:43 [ultranest] [DEBUG] iteration=1432, ncalls=4234, regioncalls=153600, ndraw=40, logz=-69.66, remainder_fraction=100.0000%, Lmin=-61.76, Lmax=-6.21
09:21:43 [ultranest] [DEBUG] iteration=1438, ncalls=4251, regioncalls=154280, ndraw=40, logz=-69.02, remainder_fraction=100.0000%, Lmin=-61.29, Lmax=-6.21
09:21:43 [ultranest] [DEBUG] iteration=1440, ncalls=4258, regioncalls=154560, ndraw=40, logz=-68.83, remainder_fraction=100.0000%, Lmin=-61.19, Lmax=-6.21
09:21:43 [ultranest] [DEBUG] iteration=1446, ncalls=4310, regioncalls=156680, ndraw=40, logz=-68.32, remainder_fraction=100.0000%, Lmin=-60.78, Lmax=-6.21
09:21:43 [ultranest] [DEBUG] iteration=1463, ncalls=4365, regioncalls=159000, ndraw=40, logz=-67.05, remainder_fraction=100.0000%, Lmin=-59.33, Lmax=-6.21
09:21:43 [ultranest] [DEBUG] iteration=1473, ncalls=4412, regioncalls=160880, ndraw=40, logz=-65.90, remainder_fraction=100.0000%, Lmin=-57.76, Lmax=-6.21
09:21:43 [ultranest] [DEBUG] iteration=1480, ncalls=4448, regioncalls=162320, ndraw=40, logz=-64.96, remainder_fraction=100.0000%, Lmin=-56.86, Lmax=-6.21
09:21:43 [ultranest] [DEBUG] iteration=1492, ncalls=4494, regioncalls=164160, ndraw=40, logz=-63.00, remainder_fraction=100.0000%, Lmin=-54.54, Lmax=-6.21
09:21:43 [ultranest] [DEBUG] iteration=1498, ncalls=4544, regioncalls=166160, ndraw=40, logz=-62.16, remainder_fraction=100.0000%, Lmin=-54.06, Lmax=-6.21
09:21:44 [ultranest] [DEBUG] iteration=1506, ncalls=4594, regioncalls=168160, ndraw=40, logz=-61.32, remainder_fraction=100.0000%, Lmin=-53.62, Lmax=-6.21
09:21:44 [ultranest] [DEBUG] iteration=1512, ncalls=4628, regioncalls=169520, ndraw=40, logz=-60.83, remainder_fraction=100.0000%, Lmin=-53.06, Lmax=-6.21
09:21:44 [ultranest] [DEBUG] iteration=1520, ncalls=4667, regioncalls=171200, ndraw=40, logz=-60.04, remainder_fraction=100.0000%, Lmin=-51.90, Lmax=-6.21
09:21:44 [ultranest] [DEBUG] iteration=1531, ncalls=4716, regioncalls=173240, ndraw=40, logz=-58.67, remainder_fraction=100.0000%, Lmin=-50.69, Lmax=-6.21
09:21:44 [ultranest] [DEBUG] iteration=1548, ncalls=4763, regioncalls=175120, ndraw=40, logz=-57.03, remainder_fraction=100.0000%, Lmin=-48.97, Lmax=-6.21
09:21:44 [ultranest] [DEBUG] iteration=1560, ncalls=4805, regioncalls=176800, ndraw=40, logz=-56.04, remainder_fraction=100.0000%, Lmin=-48.36, Lmax=-6.21
09:21:44 [ultranest] [DEBUG] iteration=1572, ncalls=4851, regioncalls=178640, ndraw=40, logz=-54.79, remainder_fraction=100.0000%, Lmin=-46.58, Lmax=-6.21
09:21:44 [ultranest] [DEBUG] iteration=1584, ncalls=4892, regioncalls=180280, ndraw=40, logz=-53.29, remainder_fraction=100.0000%, Lmin=-45.02, Lmax=-6.21
09:21:44 [ultranest] [DEBUG] iteration=1586, ncalls=4896, regioncalls=180440, ndraw=40, logz=-53.07, remainder_fraction=100.0000%, Lmin=-44.92, Lmax=-6.21
09:21:44 [ultranest] [DEBUG] iteration=1596, ncalls=4941, regioncalls=182280, ndraw=40, logz=-52.19, remainder_fraction=100.0000%, Lmin=-44.16, Lmax=-6.13
09:21:44 [ultranest] [DEBUG] iteration=1600, ncalls=4950, regioncalls=182640, ndraw=40, logz=-51.86, remainder_fraction=100.0000%, Lmin=-43.93, Lmax=-6.13
09:21:44 [ultranest] [DEBUG] iteration=1614, ncalls=4999, regioncalls=184600, ndraw=40, logz=-50.82, remainder_fraction=100.0000%, Lmin=-42.93, Lmax=-6.13
09:21:45 [ultranest] [DEBUG] iteration=1624, ncalls=5054, regioncalls=186800, ndraw=40, logz=-50.20, remainder_fraction=100.0000%, Lmin=-42.40, Lmax=-6.13
09:21:45 [ultranest] [DEBUG] iteration=1639, ncalls=5105, regioncalls=188840, ndraw=40, logz=-49.28, remainder_fraction=100.0000%, Lmin=-41.30, Lmax=-6.13
09:21:45 [ultranest] [DEBUG] iteration=1640, ncalls=5106, regioncalls=188880, ndraw=40, logz=-49.21, remainder_fraction=100.0000%, Lmin=-40.96, Lmax=-6.13
09:21:45 [ultranest] [DEBUG] iteration=1650, ncalls=5160, regioncalls=191040, ndraw=40, logz=-48.45, remainder_fraction=100.0000%, Lmin=-40.51, Lmax=-6.13
09:21:45 [ultranest] [DEBUG] iteration=1660, ncalls=5197, regioncalls=192560, ndraw=40, logz=-47.81, remainder_fraction=100.0000%, Lmin=-39.96, Lmax=-6.13
09:21:45 [ultranest] [DEBUG] iteration=1675, ncalls=5239, regioncalls=194280, ndraw=40, logz=-46.81, remainder_fraction=100.0000%, Lmin=-38.49, Lmax=-6.13
09:21:45 [ultranest] [DEBUG] iteration=1680, ncalls=5250, regioncalls=194720, ndraw=40, logz=-46.37, remainder_fraction=100.0000%, Lmin=-38.09, Lmax=-6.13
09:21:45 [ultranest] [DEBUG] iteration=1699, ncalls=5296, regioncalls=196560, ndraw=40, logz=-44.93, remainder_fraction=100.0000%, Lmin=-36.84, Lmax=-6.13
09:21:45 [ultranest] [DEBUG] iteration=1713, ncalls=5344, regioncalls=198480, ndraw=40, logz=-44.04, remainder_fraction=100.0000%, Lmin=-35.87, Lmax=-6.13
09:21:45 [ultranest] [DEBUG] iteration=1720, ncalls=5365, regioncalls=199320, ndraw=40, logz=-43.59, remainder_fraction=100.0000%, Lmin=-35.44, Lmax=-6.13
09:21:45 [ultranest] [DEBUG] iteration=1735, ncalls=5407, regioncalls=201000, ndraw=40, logz=-42.61, remainder_fraction=100.0000%, Lmin=-34.41, Lmax=-6.13
09:21:45 [ultranest] [DEBUG] iteration=1751, ncalls=5447, regioncalls=202600, ndraw=40, logz=-41.44, remainder_fraction=100.0000%, Lmin=-32.86, Lmax=-6.13
09:21:46 [ultranest] [DEBUG] iteration=1760, ncalls=5476, regioncalls=203760, ndraw=40, logz=-40.65, remainder_fraction=100.0000%, Lmin=-32.15, Lmax=-6.13
09:21:46 [ultranest] [DEBUG] iteration=1772, ncalls=5528, regioncalls=205840, ndraw=40, logz=-39.65, remainder_fraction=100.0000%, Lmin=-31.26, Lmax=-6.13
09:21:46 [ultranest] [DEBUG] iteration=1781, ncalls=5577, regioncalls=207800, ndraw=40, logz=-39.04, remainder_fraction=100.0000%, Lmin=-30.80, Lmax=-6.13
09:21:46 [ultranest] [DEBUG] iteration=1793, ncalls=5624, regioncalls=209680, ndraw=40, logz=-38.40, remainder_fraction=100.0000%, Lmin=-30.24, Lmax=-6.13
09:21:46 [ultranest] [DEBUG] iteration=1800, ncalls=5653, regioncalls=210840, ndraw=40, logz=-38.04, remainder_fraction=100.0000%, Lmin=-29.90, Lmax=-6.13
09:21:46 [ultranest] [DEBUG] iteration=1808, ncalls=5674, regioncalls=211720, ndraw=40, logz=-37.65, remainder_fraction=100.0000%, Lmin=-29.51, Lmax=-6.13
09:21:46 [ultranest] [DEBUG] iteration=1824, ncalls=5712, regioncalls=213360, ndraw=40, logz=-36.60, remainder_fraction=100.0000%, Lmin=-27.66, Lmax=-6.13
09:21:46 [ultranest] [DEBUG] iteration=1840, ncalls=5748, regioncalls=214800, ndraw=40, logz=-35.39, remainder_fraction=100.0000%, Lmin=-26.83, Lmax=-6.13
09:21:46 [ultranest] [DEBUG] iteration=1859, ncalls=5794, regioncalls=216640, ndraw=40, logz=-33.88, remainder_fraction=100.0000%, Lmin=-25.48, Lmax=-6.13
09:21:46 [ultranest] [DEBUG] iteration=1877, ncalls=5835, regioncalls=218280, ndraw=40, logz=-32.95, remainder_fraction=100.0000%, Lmin=-24.42, Lmax=-6.13
09:21:46 [ultranest] [DEBUG] iteration=1880, ncalls=5842, regioncalls=218560, ndraw=40, logz=-32.77, remainder_fraction=100.0000%, Lmin=-24.28, Lmax=-6.13
09:21:46 [ultranest] [DEBUG] clustering found some stray points [need_accept=False] (array([1, 2]), array([328,   1]))
09:21:47 [ultranest] [DEBUG] iteration=1895, ncalls=5882, regioncalls=220160, ndraw=40, logz=-32.03, remainder_fraction=100.0000%, Lmin=-23.73, Lmax=-6.13
09:21:47 [ultranest] [DEBUG] iteration=1911, ncalls=5928, regioncalls=222000, ndraw=40, logz=-31.33, remainder_fraction=100.0000%, Lmin=-23.15, Lmax=-6.13
09:21:47 [ultranest] [DEBUG] iteration=1920, ncalls=5965, regioncalls=223480, ndraw=40, logz=-30.93, remainder_fraction=100.0000%, Lmin=-22.55, Lmax=-6.13
09:21:47 [ultranest] [DEBUG] iteration=1937, ncalls=6017, regioncalls=225560, ndraw=40, logz=-30.13, remainder_fraction=100.0000%, Lmin=-21.73, Lmax=-6.13
09:21:47 [ultranest] [DEBUG] iteration=1949, ncalls=6070, regioncalls=227680, ndraw=40, logz=-29.61, remainder_fraction=100.0000%, Lmin=-21.13, Lmax=-6.10
09:21:47 [ultranest] [DEBUG] iteration=1956, ncalls=6095, regioncalls=228680, ndraw=40, logz=-29.28, remainder_fraction=100.0000%, Lmin=-20.79, Lmax=-6.10
09:21:47 [ultranest] [DEBUG] iteration=1960, ncalls=6107, regioncalls=229200, ndraw=40, logz=-29.09, remainder_fraction=100.0000%, Lmin=-20.48, Lmax=-6.10
09:21:47 [ultranest] [DEBUG] iteration=1967, ncalls=6147, regioncalls=230800, ndraw=40, logz=-28.75, remainder_fraction=99.9999%, Lmin=-20.24, Lmax=-6.10
09:21:47 [ultranest] [DEBUG] iteration=1981, ncalls=6192, regioncalls=232600, ndraw=40, logz=-28.10, remainder_fraction=99.9999%, Lmin=-19.67, Lmax=-6.10
09:21:47 [ultranest] [DEBUG] iteration=1999, ncalls=6244, regioncalls=234680, ndraw=40, logz=-27.42, remainder_fraction=99.9997%, Lmin=-19.10, Lmax=-6.10
09:21:47 [ultranest] [DEBUG] iteration=2000, ncalls=6248, regioncalls=234840, ndraw=40, logz=-27.38, remainder_fraction=99.9997%, Lmin=-19.08, Lmax=-6.10
09:21:47 [ultranest] [DEBUG] iteration=2018, ncalls=6295, regioncalls=236720, ndraw=40, logz=-26.75, remainder_fraction=99.9995%, Lmin=-18.29, Lmax=-6.10
09:21:48 [ultranest] [DEBUG] iteration=2028, ncalls=6361, regioncalls=239360, ndraw=40, logz=-26.35, remainder_fraction=99.9992%, Lmin=-17.77, Lmax=-6.10
09:21:48 [ultranest] [DEBUG] iteration=2030, ncalls=6364, regioncalls=239520, ndraw=40, logz=-26.27, remainder_fraction=99.9991%, Lmin=-17.65, Lmax=-6.10
09:21:48 [ultranest] [DEBUG] iteration=2040, ncalls=6390, regioncalls=240560, ndraw=40, logz=-25.88, remainder_fraction=99.9987%, Lmin=-17.38, Lmax=-6.10
09:21:48 [ultranest] [DEBUG] iteration=2061, ncalls=6430, regioncalls=242160, ndraw=40, logz=-25.17, remainder_fraction=99.9974%, Lmin=-16.78, Lmax=-6.10
09:21:48 [ultranest] [DEBUG] iteration=2075, ncalls=6479, regioncalls=244120, ndraw=40, logz=-24.72, remainder_fraction=99.9960%, Lmin=-16.15, Lmax=-6.10
09:21:48 [ultranest] [DEBUG] iteration=2080, ncalls=6493, regioncalls=244680, ndraw=40, logz=-24.55, remainder_fraction=99.9952%, Lmin=-16.07, Lmax=-6.10
09:21:48 [ultranest] [DEBUG] iteration=2101, ncalls=6541, regioncalls=246600, ndraw=40, logz=-23.93, remainder_fraction=99.9913%, Lmin=-15.50, Lmax=-6.10
09:21:48 [ultranest] [DEBUG] iteration=2104, ncalls=6549, regioncalls=246920, ndraw=40, logz=-23.85, remainder_fraction=99.9904%, Lmin=-15.34, Lmax=-6.10
09:21:48 [ultranest] [DEBUG] iteration=2120, ncalls=6580, regioncalls=248280, ndraw=40, logz=-23.34, remainder_fraction=99.9841%, Lmin=-14.79, Lmax=-6.10
09:21:48 [ultranest] [DEBUG] iteration=2139, ncalls=6621, regioncalls=249960, ndraw=40, logz=-22.85, remainder_fraction=99.9728%, Lmin=-14.48, Lmax=-6.10
09:21:48 [ultranest] [DEBUG] iteration=2158, ncalls=6666, regioncalls=251760, ndraw=40, logz=-22.39, remainder_fraction=99.9590%, Lmin=-13.98, Lmax=-6.10
09:21:48 [ultranest] [DEBUG] iteration=2160, ncalls=6668, regioncalls=251840, ndraw=40, logz=-22.35, remainder_fraction=99.9568%, Lmin=-13.95, Lmax=-6.10
09:21:48 [ultranest] [DEBUG] iteration=2178, ncalls=6702, regioncalls=253280, ndraw=40, logz=-21.97, remainder_fraction=99.9364%, Lmin=-13.70, Lmax=-6.10
09:21:49 [ultranest] [DEBUG] iteration=2193, ncalls=6742, regioncalls=254880, ndraw=40, logz=-21.68, remainder_fraction=99.9168%, Lmin=-13.36, Lmax=-6.10
09:21:49 [ultranest] [DEBUG] iteration=2200, ncalls=6753, regioncalls=255320, ndraw=40, logz=-21.55, remainder_fraction=99.9050%, Lmin=-13.25, Lmax=-6.10
09:21:49 [ultranest] [DEBUG] iteration=2218, ncalls=6799, regioncalls=257160, ndraw=40, logz=-21.22, remainder_fraction=99.8697%, Lmin=-12.85, Lmax=-6.10
09:21:49 [ultranest] [DEBUG] iteration=2238, ncalls=6840, regioncalls=258800, ndraw=40, logz=-20.86, remainder_fraction=99.8121%, Lmin=-12.52, Lmax=-6.10
09:21:49 [ultranest] [DEBUG] iteration=2240, ncalls=6848, regioncalls=259120, ndraw=40, logz=-20.83, remainder_fraction=99.8058%, Lmin=-12.49, Lmax=-6.10
09:21:49 [ultranest] [DEBUG] iteration=2252, ncalls=6876, regioncalls=260280, ndraw=40, logz=-20.63, remainder_fraction=99.7640%, Lmin=-12.23, Lmax=-6.10
09:21:49 [ultranest] [DEBUG] iteration=2270, ncalls=6917, regioncalls=261920, ndraw=40, logz=-20.33, remainder_fraction=99.6865%, Lmin=-11.90, Lmax=-6.10
09:21:49 [ultranest] [DEBUG] iteration=2280, ncalls=6938, regioncalls=262760, ndraw=40, logz=-20.17, remainder_fraction=99.6273%, Lmin=-11.76, Lmax=-6.10
09:21:49 [ultranest] [DEBUG] iteration=2299, ncalls=6984, regioncalls=264600, ndraw=40, logz=-19.87, remainder_fraction=99.4949%, Lmin=-11.45, Lmax=-6.10
09:21:49 [ultranest] [DEBUG] iteration=2318, ncalls=7027, regioncalls=266320, ndraw=40, logz=-19.58, remainder_fraction=99.3131%, Lmin=-11.15, Lmax=-6.10
09:21:49 [ultranest] [DEBUG] iteration=2320, ncalls=7030, regioncalls=266440, ndraw=40, logz=-19.55, remainder_fraction=99.2893%, Lmin=-11.11, Lmax=-6.10
09:21:49 [ultranest] [DEBUG] iteration=2326, ncalls=7046, regioncalls=267120, ndraw=40, logz=-19.46, remainder_fraction=99.2218%, Lmin=-11.00, Lmax=-6.10
09:21:49 [ultranest] [DEBUG] iteration=2350, ncalls=7083, regioncalls=268640, ndraw=40, logz=-19.12, remainder_fraction=98.8822%, Lmin=-10.63, Lmax=-6.10
09:21:49 [ultranest] [DEBUG] iteration=2360, ncalls=7101, regioncalls=269360, ndraw=40, logz=-18.98, remainder_fraction=98.7182%, Lmin=-10.52, Lmax=-6.10
09:21:50 [ultranest] [DEBUG] iteration=2377, ncalls=7136, regioncalls=270760, ndraw=40, logz=-18.76, remainder_fraction=98.3811%, Lmin=-10.29, Lmax=-6.10
09:21:50 [ultranest] [DEBUG] iteration=2396, ncalls=7182, regioncalls=272600, ndraw=40, logz=-18.52, remainder_fraction=97.9226%, Lmin=-10.05, Lmax=-6.10
09:21:50 [ultranest] [DEBUG] iteration=2400, ncalls=7198, regioncalls=273240, ndraw=40, logz=-18.47, remainder_fraction=97.8183%, Lmin=-9.98, Lmax=-6.10
09:21:50 [ultranest] [DEBUG] iteration=2417, ncalls=7242, regioncalls=275000, ndraw=40, logz=-18.27, remainder_fraction=97.2785%, Lmin=-9.80, Lmax=-6.10
09:21:50 [ultranest] [DEBUG] iteration=2437, ncalls=7285, regioncalls=276720, ndraw=40, logz=-18.05, remainder_fraction=96.6244%, Lmin=-9.60, Lmax=-5.99
09:21:50 [ultranest] [DEBUG] iteration=2440, ncalls=7291, regioncalls=276960, ndraw=40, logz=-18.02, remainder_fraction=96.5206%, Lmin=-9.58, Lmax=-5.99
09:21:50 [ultranest] [DEBUG] iteration=2462, ncalls=7334, regioncalls=278680, ndraw=40, logz=-17.81, remainder_fraction=95.7845%, Lmin=-9.41, Lmax=-5.99
09:21:50 [ultranest] [DEBUG] iteration=2474, ncalls=7369, regioncalls=280080, ndraw=40, logz=-17.70, remainder_fraction=95.3282%, Lmin=-9.32, Lmax=-5.99
09:21:50 [ultranest] [DEBUG] iteration=2480, ncalls=7381, regioncalls=280640, ndraw=40, logz=-17.65, remainder_fraction=95.1261%, Lmin=-9.22, Lmax=-5.99
09:21:50 [ultranest] [DEBUG] iteration=2497, ncalls=7413, regioncalls=281920, ndraw=40, logz=-17.50, remainder_fraction=94.3080%, Lmin=-9.05, Lmax=-5.99
09:21:50 [ultranest] [DEBUG] iteration=2511, ncalls=7454, regioncalls=283560, ndraw=40, logz=-17.38, remainder_fraction=93.4957%, Lmin=-8.96, Lmax=-5.99
09:21:50 [ultranest] [DEBUG] iteration=2520, ncalls=7475, regioncalls=284400, ndraw=40, logz=-17.31, remainder_fraction=92.9571%, Lmin=-8.87, Lmax=-5.99
09:21:50 [ultranest] [DEBUG] iteration=2540, ncalls=7522, regioncalls=286280, ndraw=40, logz=-17.15, remainder_fraction=91.8232%, Lmin=-8.73, Lmax=-5.99
09:21:51 [ultranest] [DEBUG] iteration=2548, ncalls=7546, regioncalls=287280, ndraw=40, logz=-17.09, remainder_fraction=91.2744%, Lmin=-8.68, Lmax=-5.99
09:21:51 [ultranest] [DEBUG] iteration=2560, ncalls=7568, regioncalls=288160, ndraw=40, logz=-17.01, remainder_fraction=90.5136%, Lmin=-8.59, Lmax=-5.99
09:21:51 [ultranest] [DEBUG] iteration=2578, ncalls=7614, regioncalls=290000, ndraw=40, logz=-16.89, remainder_fraction=89.3933%, Lmin=-8.49, Lmax=-5.99
09:21:51 [ultranest] [DEBUG] iteration=2600, ncalls=7650, regioncalls=291440, ndraw=40, logz=-16.75, remainder_fraction=87.7802%, Lmin=-8.37, Lmax=-5.99
09:21:51 [ultranest] [DEBUG] iteration=2619, ncalls=7697, regioncalls=293320, ndraw=40, logz=-16.64, remainder_fraction=86.3925%, Lmin=-8.27, Lmax=-5.99
09:21:51 [ultranest] [DEBUG] iteration=2622, ncalls=7700, regioncalls=293480, ndraw=40, logz=-16.63, remainder_fraction=86.1195%, Lmin=-8.25, Lmax=-5.99
09:21:51 [ultranest] [DEBUG] iteration=2640, ncalls=7741, regioncalls=295120, ndraw=40, logz=-16.53, remainder_fraction=84.6523%, Lmin=-8.15, Lmax=-5.99
09:21:51 [ultranest] [DEBUG] iteration=2661, ncalls=7786, regioncalls=296920, ndraw=40, logz=-16.42, remainder_fraction=82.8236%, Lmin=-8.01, Lmax=-5.99
09:21:51 [ultranest] [DEBUG] iteration=2676, ncalls=7835, regioncalls=298880, ndraw=40, logz=-16.34, remainder_fraction=81.5532%, Lmin=-7.93, Lmax=-5.99
09:21:51 [ultranest] [DEBUG] iteration=2680, ncalls=7841, regioncalls=299120, ndraw=40, logz=-16.32, remainder_fraction=81.2927%, Lmin=-7.90, Lmax=-5.99
09:21:51 [ultranest] [DEBUG] iteration=2693, ncalls=7896, regioncalls=301320, ndraw=40, logz=-16.26, remainder_fraction=80.1630%, Lmin=-7.81, Lmax=-5.99
09:21:51 [ultranest] [DEBUG] iteration=2706, ncalls=7941, regioncalls=303120, ndraw=40, logz=-16.20, remainder_fraction=78.8040%, Lmin=-7.73, Lmax=-5.99
09:21:52 [ultranest] [DEBUG] iteration=2720, ncalls=7986, regioncalls=304920, ndraw=40, logz=-16.13, remainder_fraction=77.5022%, Lmin=-7.68, Lmax=-5.99
09:21:52 [ultranest] [DEBUG] iteration=2735, ncalls=8043, regioncalls=307200, ndraw=40, logz=-16.07, remainder_fraction=75.9591%, Lmin=-7.63, Lmax=-5.99
09:21:52 [ultranest] [DEBUG] iteration=2754, ncalls=8091, regioncalls=309120, ndraw=40, logz=-15.99, remainder_fraction=74.0344%, Lmin=-7.54, Lmax=-5.99
09:21:52 [ultranest] [DEBUG] iteration=2760, ncalls=8107, regioncalls=309760, ndraw=40, logz=-15.97, remainder_fraction=73.3718%, Lmin=-7.52, Lmax=-5.99
09:21:52 [ultranest] [DEBUG] iteration=2770, ncalls=8135, regioncalls=310920, ndraw=40, logz=-15.93, remainder_fraction=72.2293%, Lmin=-7.49, Lmax=-5.99
09:21:52 [ultranest] [DEBUG] iteration=2788, ncalls=8169, regioncalls=312280, ndraw=40, logz=-15.86, remainder_fraction=70.3686%, Lmin=-7.45, Lmax=-5.99
09:21:52 [ultranest] [DEBUG] iteration=2800, ncalls=8189, regioncalls=313080, ndraw=40, logz=-15.82, remainder_fraction=69.0510%, Lmin=-7.41, Lmax=-5.99
09:21:52 [ultranest] [DEBUG] iteration=2820, ncalls=8232, regioncalls=314800, ndraw=40, logz=-15.76, remainder_fraction=67.0922%, Lmin=-7.36, Lmax=-5.97
09:21:52 [ultranest] [DEBUG] iteration=2840, ncalls=8269, regioncalls=316280, ndraw=40, logz=-15.70, remainder_fraction=64.9669%, Lmin=-7.29, Lmax=-5.97
09:21:52 [ultranest] [DEBUG] iteration=2857, ncalls=8308, regioncalls=317840, ndraw=40, logz=-15.65, remainder_fraction=63.1432%, Lmin=-7.24, Lmax=-5.97
09:21:52 [ultranest] [DEBUG] iteration=2879, ncalls=8349, regioncalls=319480, ndraw=40, logz=-15.59, remainder_fraction=60.9166%, Lmin=-7.17, Lmax=-5.97
09:21:52 [ultranest] [DEBUG] iteration=2880, ncalls=8352, regioncalls=319600, ndraw=40, logz=-15.59, remainder_fraction=60.7914%, Lmin=-7.17, Lmax=-5.97
09:21:53 [ultranest] [DEBUG] iteration=2904, ncalls=8394, regioncalls=321280, ndraw=40, logz=-15.53, remainder_fraction=58.4322%, Lmin=-7.10, Lmax=-5.96
09:21:53 [ultranest] [DEBUG] iteration=2918, ncalls=8422, regioncalls=322480, ndraw=40, logz=-15.49, remainder_fraction=57.0545%, Lmin=-7.06, Lmax=-5.96
09:21:53 [ultranest] [DEBUG] iteration=2920, ncalls=8425, regioncalls=322600, ndraw=40, logz=-15.49, remainder_fraction=56.8709%, Lmin=-7.06, Lmax=-5.96
09:21:53 [ultranest] [DEBUG] iteration=2930, ncalls=8450, regioncalls=323600, ndraw=40, logz=-15.46, remainder_fraction=55.7931%, Lmin=-7.03, Lmax=-5.96
09:21:53 [ultranest] [DEBUG] iteration=2932, ncalls=8456, regioncalls=323840, ndraw=40, logz=-15.46, remainder_fraction=55.6125%, Lmin=-7.01, Lmax=-5.96
09:21:53 [ultranest] [DEBUG] iteration=2935, ncalls=8462, regioncalls=324080, ndraw=40, logz=-15.45, remainder_fraction=55.2848%, Lmin=-7.00, Lmax=-5.96
09:21:53 [ultranest] [DEBUG] iteration=2938, ncalls=8470, regioncalls=324400, ndraw=40, logz=-15.44, remainder_fraction=55.0066%, Lmin=-7.00, Lmax=-5.96
09:21:53 [ultranest] [DEBUG] iteration=2941, ncalls=8475, regioncalls=324600, ndraw=40, logz=-15.44, remainder_fraction=54.7283%, Lmin=-6.99, Lmax=-5.96
09:21:53 [ultranest] [DEBUG] iteration=2945, ncalls=8480, regioncalls=324800, ndraw=40, logz=-15.43, remainder_fraction=54.3299%, Lmin=-6.97, Lmax=-5.96
09:21:54 [ultranest] [DEBUG] iteration=2949, ncalls=8490, regioncalls=325200, ndraw=40, logz=-15.42, remainder_fraction=53.9024%, Lmin=-6.97, Lmax=-5.96
09:21:54 [ultranest] [DEBUG] iteration=2952, ncalls=8496, regioncalls=325440, ndraw=40, logz=-15.41, remainder_fraction=53.6052%, Lmin=-6.96, Lmax=-5.96
09:21:54 [ultranest] [DEBUG] iteration=2954, ncalls=8506, regioncalls=325840, ndraw=40, logz=-15.41, remainder_fraction=53.3762%, Lmin=-6.95, Lmax=-5.96
09:21:54 [ultranest] [DEBUG] iteration=2957, ncalls=8515, regioncalls=326200, ndraw=40, logz=-15.40, remainder_fraction=53.1213%, Lmin=-6.95, Lmax=-5.96
09:21:54 [ultranest] [DEBUG] iteration=2960, ncalls=8520, regioncalls=326400, ndraw=40, logz=-15.40, remainder_fraction=52.7649%, Lmin=-6.93, Lmax=-5.96
09:21:54 [ultranest] [DEBUG] iteration=2963, ncalls=8526, regioncalls=326640, ndraw=40, logz=-15.39, remainder_fraction=52.4499%, Lmin=-6.93, Lmax=-5.96
09:21:54 [ultranest] [DEBUG] iteration=2967, ncalls=8533, regioncalls=326920, ndraw=40, logz=-15.38, remainder_fraction=52.0965%, Lmin=-6.92, Lmax=-5.96
09:21:54 [ultranest] [DEBUG] iteration=2971, ncalls=8538, regioncalls=327120, ndraw=40, logz=-15.37, remainder_fraction=51.6522%, Lmin=-6.92, Lmax=-5.96
09:21:55 [ultranest] [DEBUG] iteration=2973, ncalls=8547, regioncalls=327480, ndraw=40, logz=-15.37, remainder_fraction=51.4641%, Lmin=-6.91, Lmax=-5.96
09:21:55 [ultranest] [DEBUG] iteration=2977, ncalls=8554, regioncalls=327760, ndraw=40, logz=-15.36, remainder_fraction=51.0904%, Lmin=-6.91, Lmax=-5.96
09:21:55 [ultranest] [DEBUG] iteration=2979, ncalls=8561, regioncalls=328040, ndraw=40, logz=-15.36, remainder_fraction=50.8604%, Lmin=-6.90, Lmax=-5.96
09:21:55 [ultranest] [DEBUG] iteration=2982, ncalls=8571, regioncalls=328440, ndraw=40, logz=-15.35, remainder_fraction=50.5461%, Lmin=-6.90, Lmax=-5.96
09:21:55 [ultranest] [DEBUG] iteration=2985, ncalls=8578, regioncalls=328720, ndraw=40, logz=-15.34, remainder_fraction=50.2681%, Lmin=-6.89, Lmax=-5.96
09:21:55 [ultranest] [DEBUG] iteration=2988, ncalls=8584, regioncalls=328960, ndraw=40, logz=-15.34, remainder_fraction=49.9620%, Lmin=-6.88, Lmax=-5.96
09:21:55 [ultranest] [DEBUG] iteration=2990, ncalls=8592, regioncalls=329280, ndraw=40, logz=-15.33, remainder_fraction=49.7871%, Lmin=-6.88, Lmax=-5.96
09:21:56 [ultranest] [DEBUG] iteration=2992, ncalls=8595, regioncalls=329400, ndraw=40, logz=-15.33, remainder_fraction=49.5727%, Lmin=-6.88, Lmax=-5.96
09:21:56 [ultranest] [DEBUG] iteration=2994, ncalls=8601, regioncalls=329640, ndraw=40, logz=-15.33, remainder_fraction=49.3555%, Lmin=-6.87, Lmax=-5.96
09:21:56 [ultranest] [DEBUG] iteration=2996, ncalls=8607, regioncalls=329880, ndraw=40, logz=-15.32, remainder_fraction=49.1667%, Lmin=-6.86, Lmax=-5.96
09:21:56 [ultranest] [DEBUG] iteration=2999, ncalls=8613, regioncalls=330120, ndraw=40, logz=-15.32, remainder_fraction=48.8936%, Lmin=-6.86, Lmax=-5.96
09:21:56 [ultranest] [DEBUG] iteration=3000, ncalls=8618, regioncalls=330320, ndraw=40, logz=-15.31, remainder_fraction=48.8153%, Lmin=-6.86, Lmax=-5.96
09:21:56 [ultranest] [DEBUG] iteration=3003, ncalls=8624, regioncalls=330560, ndraw=40, logz=-15.31, remainder_fraction=48.4712%, Lmin=-6.85, Lmax=-5.96
09:21:56 [ultranest] [DEBUG] iteration=3005, ncalls=8631, regioncalls=330840, ndraw=40, logz=-15.31, remainder_fraction=48.2496%, Lmin=-6.84, Lmax=-5.96
09:21:56 [ultranest] [DEBUG] iteration=3009, ncalls=8637, regioncalls=331080, ndraw=40, logz=-15.30, remainder_fraction=47.8612%, Lmin=-6.83, Lmax=-5.96
09:21:56 [ultranest] [DEBUG] iteration=3012, ncalls=8642, regioncalls=331280, ndraw=40, logz=-15.29, remainder_fraction=47.5758%, Lmin=-6.82, Lmax=-5.96
09:21:57 [ultranest] [DEBUG] iteration=3015, ncalls=8648, regioncalls=331520, ndraw=40, logz=-15.29, remainder_fraction=47.3028%, Lmin=-6.81, Lmax=-5.96
09:21:57 [ultranest] [DEBUG] iteration=3019, ncalls=8654, regioncalls=331760, ndraw=40, logz=-15.28, remainder_fraction=46.8654%, Lmin=-6.80, Lmax=-5.96
09:21:57 [ultranest] [DEBUG] iteration=3022, ncalls=8659, regioncalls=331960, ndraw=40, logz=-15.27, remainder_fraction=46.5512%, Lmin=-6.80, Lmax=-5.96
09:21:57 [ultranest] [DEBUG] iteration=3025, ncalls=8667, regioncalls=332280, ndraw=40, logz=-15.27, remainder_fraction=46.2584%, Lmin=-6.80, Lmax=-5.96
09:21:57 [ultranest] [DEBUG] iteration=3028, ncalls=8673, regioncalls=332520, ndraw=40, logz=-15.26, remainder_fraction=46.0001%, Lmin=-6.79, Lmax=-5.96
09:21:57 [ultranest] [DEBUG] iteration=3032, ncalls=8679, regioncalls=332760, ndraw=40, logz=-15.26, remainder_fraction=45.6172%, Lmin=-6.78, Lmax=-5.96
09:21:57 [ultranest] [DEBUG] iteration=3037, ncalls=8690, regioncalls=333200, ndraw=40, logz=-15.25, remainder_fraction=45.1002%, Lmin=-6.77, Lmax=-5.96
09:21:58 [ultranest] [DEBUG] iteration=3040, ncalls=8701, regioncalls=333640, ndraw=40, logz=-15.24, remainder_fraction=44.8167%, Lmin=-6.77, Lmax=-5.96
09:21:58 [ultranest] [DEBUG] iteration=3043, ncalls=8709, regioncalls=333960, ndraw=40, logz=-15.24, remainder_fraction=44.4924%, Lmin=-6.76, Lmax=-5.96
09:21:58 [ultranest] [DEBUG] iteration=3046, ncalls=8716, regioncalls=334240, ndraw=40, logz=-15.23, remainder_fraction=44.2220%, Lmin=-6.76, Lmax=-5.96
09:21:58 [ultranest] [DEBUG] iteration=3051, ncalls=8721, regioncalls=334440, ndraw=40, logz=-15.22, remainder_fraction=43.7561%, Lmin=-6.75, Lmax=-5.96
09:21:58 [ultranest] [DEBUG] iteration=3053, ncalls=8727, regioncalls=334680, ndraw=40, logz=-15.22, remainder_fraction=43.5524%, Lmin=-6.75, Lmax=-5.96
09:21:58 [ultranest] [DEBUG] iteration=3056, ncalls=8733, regioncalls=334920, ndraw=40, logz=-15.22, remainder_fraction=43.2671%, Lmin=-6.74, Lmax=-5.96
09:21:58 [ultranest] [DEBUG] iteration=3060, ncalls=8741, regioncalls=335240, ndraw=40, logz=-15.21, remainder_fraction=42.8759%, Lmin=-6.73, Lmax=-5.96
09:21:58 [ultranest] [DEBUG] iteration=3062, ncalls=8748, regioncalls=335520, ndraw=40, logz=-15.21, remainder_fraction=42.7018%, Lmin=-6.73, Lmax=-5.96
09:21:59 [ultranest] [DEBUG] iteration=3064, ncalls=8761, regioncalls=336040, ndraw=40, logz=-15.20, remainder_fraction=42.5056%, Lmin=-6.73, Lmax=-5.96
09:21:59 [ultranest] [DEBUG] iteration=3066, ncalls=8765, regioncalls=336240, ndraw=40, logz=-15.20, remainder_fraction=42.3681%, Lmin=-6.72, Lmax=-5.96
09:21:59 [ultranest] [DEBUG] iteration=3080, ncalls=8793, regioncalls=337360, ndraw=40, logz=-15.18, remainder_fraction=41.1220%, Lmin=-6.70, Lmax=-5.96
09:21:59 [ultranest] [DEBUG] iteration=3096, ncalls=8839, regioncalls=339200, ndraw=40, logz=-15.15, remainder_fraction=39.7768%, Lmin=-6.68, Lmax=-5.96
09:21:59 [ultranest] [DEBUG] iteration=3111, ncalls=8895, regioncalls=341440, ndraw=40, logz=-15.13, remainder_fraction=38.5100%, Lmin=-6.65, Lmax=-5.96
09:21:59 [ultranest] [DEBUG] iteration=3120, ncalls=8915, regioncalls=342240, ndraw=40, logz=-15.12, remainder_fraction=37.7412%, Lmin=-6.64, Lmax=-5.96
09:21:59 [ultranest] [DEBUG] iteration=3140, ncalls=8956, regioncalls=343880, ndraw=40, logz=-15.09, remainder_fraction=36.0416%, Lmin=-6.59, Lmax=-5.96
09:21:59 [ultranest] [DEBUG] iteration=3154, ncalls=9000, regioncalls=345640, ndraw=40, logz=-15.07, remainder_fraction=34.8451%, Lmin=-6.57, Lmax=-5.96
09:21:59 [ultranest] [DEBUG] iteration=3160, ncalls=9028, regioncalls=346760, ndraw=40, logz=-15.07, remainder_fraction=34.3347%, Lmin=-6.57, Lmax=-5.96
09:21:59 [ultranest] [DEBUG] iteration=3179, ncalls=9073, regioncalls=348560, ndraw=40, logz=-15.04, remainder_fraction=32.7892%, Lmin=-6.54, Lmax=-5.96
09:22:00 [ultranest] [DEBUG] iteration=3194, ncalls=9124, regioncalls=350600, ndraw=40, logz=-15.03, remainder_fraction=31.6921%, Lmin=-6.53, Lmax=-5.96
09:22:00 [ultranest] [DEBUG] iteration=3200, ncalls=9142, regioncalls=351320, ndraw=40, logz=-15.02, remainder_fraction=31.2525%, Lmin=-6.53, Lmax=-5.96
09:22:00 [ultranest] [DEBUG] iteration=3214, ncalls=9190, regioncalls=353240, ndraw=40, logz=-15.01, remainder_fraction=30.2418%, Lmin=-6.50, Lmax=-5.94
09:22:00 [ultranest] [DEBUG] iteration=3226, ncalls=9236, regioncalls=355080, ndraw=40, logz=-14.99, remainder_fraction=29.3838%, Lmin=-6.49, Lmax=-5.94
09:22:00 [ultranest] [DEBUG] iteration=3240, ncalls=9268, regioncalls=356360, ndraw=40, logz=-14.98, remainder_fraction=28.4018%, Lmin=-6.48, Lmax=-5.94
09:22:00 [ultranest] [DEBUG] iteration=3253, ncalls=9313, regioncalls=358160, ndraw=40, logz=-14.97, remainder_fraction=27.4983%, Lmin=-6.47, Lmax=-5.94
09:22:00 [ultranest] [DEBUG] iteration=3264, ncalls=9358, regioncalls=359960, ndraw=40, logz=-14.96, remainder_fraction=26.7463%, Lmin=-6.45, Lmax=-5.94
09:22:00 [ultranest] [DEBUG] iteration=3275, ncalls=9409, regioncalls=362000, ndraw=40, logz=-14.95, remainder_fraction=25.9895%, Lmin=-6.44, Lmax=-5.94
09:22:00 [ultranest] [DEBUG] iteration=3280, ncalls=9430, regioncalls=362840, ndraw=40, logz=-14.94, remainder_fraction=25.6656%, Lmin=-6.44, Lmax=-5.94
09:22:00 [ultranest] [DEBUG] iteration=3293, ncalls=9467, regioncalls=364320, ndraw=40, logz=-14.93, remainder_fraction=24.8627%, Lmin=-6.42, Lmax=-5.94
09:22:01 [ultranest] [DEBUG] iteration=3303, ncalls=9520, regioncalls=366440, ndraw=40, logz=-14.92, remainder_fraction=24.2828%, Lmin=-6.41, Lmax=-5.94
09:22:01 [ultranest] [DEBUG] iteration=3316, ncalls=9567, regioncalls=368320, ndraw=40, logz=-14.91, remainder_fraction=23.5116%, Lmin=-6.40, Lmax=-5.94
09:22:01 [ultranest] [DEBUG] iteration=3320, ncalls=9577, regioncalls=368720, ndraw=40, logz=-14.91, remainder_fraction=23.2665%, Lmin=-6.39, Lmax=-5.94
09:22:01 [ultranest] [DEBUG] iteration=3333, ncalls=9635, regioncalls=371040, ndraw=40, logz=-14.90, remainder_fraction=22.4798%, Lmin=-6.38, Lmax=-5.94
09:22:01 [ultranest] [DEBUG] iteration=3348, ncalls=9685, regioncalls=373040, ndraw=40, logz=-14.89, remainder_fraction=21.6157%, Lmin=-6.36, Lmax=-5.94
09:22:01 [ultranest] [DEBUG] iteration=3360, ncalls=9715, regioncalls=374240, ndraw=40, logz=-14.88, remainder_fraction=20.9110%, Lmin=-6.35, Lmax=-5.94
09:22:01 [ultranest] [DEBUG] iteration=3362, ncalls=9727, regioncalls=374800, ndraw=40, logz=-14.88, remainder_fraction=20.8172%, Lmin=-6.35, Lmax=-5.94
09:22:01 [ultranest] [DEBUG] iteration=3380, ncalls=9774, regioncalls=376680, ndraw=40, logz=-14.87, remainder_fraction=19.8667%, Lmin=-6.34, Lmax=-5.94
09:22:01 [ultranest] [DEBUG] iteration=3393, ncalls=9824, regioncalls=378680, ndraw=40, logz=-14.86, remainder_fraction=19.2264%, Lmin=-6.33, Lmax=-5.94
09:22:01 [ultranest] [DEBUG] iteration=3400, ncalls=9850, regioncalls=379720, ndraw=40, logz=-14.86, remainder_fraction=18.8768%, Lmin=-6.32, Lmax=-5.94
09:22:01 [ultranest] [DEBUG] iteration=3418, ncalls=9904, regioncalls=381880, ndraw=40, logz=-14.85, remainder_fraction=17.9946%, Lmin=-6.30, Lmax=-5.94
09:22:01 [ultranest] [DEBUG] iteration=3436, ncalls=9944, regioncalls=383520, ndraw=40, logz=-14.84, remainder_fraction=17.1383%, Lmin=-6.29, Lmax=-5.94
09:22:01 [ultranest] [DEBUG] iteration=3440, ncalls=9955, regioncalls=384000, ndraw=40, logz=-14.83, remainder_fraction=16.9457%, Lmin=-6.29, Lmax=-5.94
09:22:02 [ultranest] [DEBUG] iteration=3453, ncalls=10002, regioncalls=386080, ndraw=40, logz=-14.83, remainder_fraction=16.3956%, Lmin=-6.28, Lmax=-5.94
09:22:02 [ultranest] [DEBUG] iteration=3468, ncalls=10051, regioncalls=388040, ndraw=40, logz=-14.82, remainder_fraction=15.7479%, Lmin=-6.28, Lmax=-5.94
09:22:02 [ultranest] [DEBUG] iteration=3480, ncalls=10078, regioncalls=389120, ndraw=40, logz=-14.81, remainder_fraction=15.2577%, Lmin=-6.27, Lmax=-5.94
09:22:02 [ultranest] [DEBUG] iteration=3498, ncalls=10128, regioncalls=391120, ndraw=40, logz=-14.80, remainder_fraction=14.5202%, Lmin=-6.26, Lmax=-5.94
09:22:02 [ultranest] [DEBUG] iteration=3512, ncalls=10173, regioncalls=392920, ndraw=40, logz=-14.80, remainder_fraction=13.9988%, Lmin=-6.25, Lmax=-5.94
09:22:02 [ultranest] [DEBUG] iteration=3520, ncalls=10190, regioncalls=393600, ndraw=40, logz=-14.79, remainder_fraction=13.6967%, Lmin=-6.25, Lmax=-5.94
09:22:02 [ultranest] [DEBUG] iteration=3536, ncalls=10235, regioncalls=395400, ndraw=40, logz=-14.79, remainder_fraction=13.1411%, Lmin=-6.24, Lmax=-5.94
09:22:02 [ultranest] [DEBUG] iteration=3555, ncalls=10283, regioncalls=397320, ndraw=40, logz=-14.78, remainder_fraction=12.4809%, Lmin=-6.23, Lmax=-5.94
09:22:02 [ultranest] [DEBUG] iteration=3560, ncalls=10297, regioncalls=397880, ndraw=40, logz=-14.78, remainder_fraction=12.3099%, Lmin=-6.22, Lmax=-5.94
09:22:02 [ultranest] [DEBUG] iteration=3576, ncalls=10345, regioncalls=399800, ndraw=40, logz=-14.77, remainder_fraction=11.7745%, Lmin=-6.22, Lmax=-5.94
09:22:02 [ultranest] [DEBUG] iteration=3584, ncalls=10368, regioncalls=400760, ndraw=40, logz=-14.77, remainder_fraction=11.5159%, Lmin=-6.21, Lmax=-5.94
09:22:03 [ultranest] [DEBUG] iteration=3600, ncalls=10409, regioncalls=402440, ndraw=40, logz=-14.76, remainder_fraction=11.0225%, Lmin=-6.21, Lmax=-5.94
09:22:03 [ultranest] [DEBUG] iteration=3615, ncalls=10453, regioncalls=404200, ndraw=40, logz=-14.76, remainder_fraction=10.5685%, Lmin=-6.20, Lmax=-5.94
09:22:03 [ultranest] [DEBUG] iteration=3628, ncalls=10493, regioncalls=405800, ndraw=40, logz=-14.75, remainder_fraction=10.1847%, Lmin=-6.20, Lmax=-5.94
09:22:03 [ultranest] [DEBUG] iteration=3640, ncalls=10526, regioncalls=407120, ndraw=40, logz=-14.75, remainder_fraction=9.8445%, Lmin=-6.19, Lmax=-5.94
09:22:03 [ultranest] [DEBUG] iteration=3656, ncalls=10588, regioncalls=409600, ndraw=40, logz=-14.75, remainder_fraction=9.4132%, Lmin=-6.18, Lmax=-5.94
09:22:03 [ultranest] [DEBUG] iteration=3665, ncalls=10633, regioncalls=411400, ndraw=40, logz=-14.74, remainder_fraction=9.1786%, Lmin=-6.18, Lmax=-5.94
09:22:03 [ultranest] [DEBUG] iteration=3678, ncalls=10680, regioncalls=413280, ndraw=40, logz=-14.74, remainder_fraction=8.8503%, Lmin=-6.18, Lmax=-5.94
09:22:03 [ultranest] [DEBUG] iteration=3680, ncalls=10687, regioncalls=413560, ndraw=40, logz=-14.74, remainder_fraction=8.8006%, Lmin=-6.18, Lmax=-5.94
09:22:03 [ultranest] [DEBUG] iteration=3691, ncalls=10733, regioncalls=415400, ndraw=40, logz=-14.74, remainder_fraction=8.5380%, Lmin=-6.17, Lmax=-5.94
09:22:03 [ultranest] [DEBUG] iteration=3704, ncalls=10780, regioncalls=417280, ndraw=40, logz=-14.73, remainder_fraction=8.2309%, Lmin=-6.17, Lmax=-5.94
09:22:03 [ultranest] [DEBUG] iteration=3720, ncalls=10817, regioncalls=418760, ndraw=40, logz=-14.73, remainder_fraction=7.8758%, Lmin=-6.16, Lmax=-5.94
09:22:04 [ultranest] [DEBUG] iteration=3732, ncalls=10856, regioncalls=420320, ndraw=40, logz=-14.73, remainder_fraction=7.6125%, Lmin=-6.16, Lmax=-5.94
09:22:04 [ultranest] [DEBUG] iteration=3749, ncalls=10895, regioncalls=421880, ndraw=40, logz=-14.72, remainder_fraction=7.2587%, Lmin=-6.16, Lmax=-5.94
09:22:04 [ultranest] [DEBUG] iteration=3760, ncalls=10931, regioncalls=423320, ndraw=40, logz=-14.72, remainder_fraction=7.0383%, Lmin=-6.15, Lmax=-5.94
09:22:04 [ultranest] [DEBUG] iteration=3774, ncalls=10974, regioncalls=425040, ndraw=40, logz=-14.72, remainder_fraction=6.7682%, Lmin=-6.15, Lmax=-5.94
09:22:04 [ultranest] [DEBUG] iteration=3786, ncalls=11016, regioncalls=426720, ndraw=40, logz=-14.72, remainder_fraction=6.5421%, Lmin=-6.14, Lmax=-5.94
09:22:04 [ultranest] [DEBUG] iteration=3799, ncalls=11065, regioncalls=428680, ndraw=40, logz=-14.71, remainder_fraction=6.3070%, Lmin=-6.13, Lmax=-5.94
09:22:04 [ultranest] [DEBUG] iteration=3800, ncalls=11068, regioncalls=428800, ndraw=40, logz=-14.71, remainder_fraction=6.2898%, Lmin=-6.13, Lmax=-5.94
09:22:04 [ultranest] [DEBUG] iteration=3806, ncalls=11079, regioncalls=429320, ndraw=40, logz=-14.71, remainder_fraction=6.1846%, Lmin=-6.13, Lmax=-5.94
09:22:04 [ultranest] [DEBUG] iteration=3823, ncalls=11115, regioncalls=430760, ndraw=40, logz=-14.71, remainder_fraction=5.8917%, Lmin=-6.13, Lmax=-5.94
09:22:04 [ultranest] [DEBUG] iteration=3836, ncalls=11160, regioncalls=432560, ndraw=40, logz=-14.71, remainder_fraction=5.6748%, Lmin=-6.13, Lmax=-5.94
09:22:04 [ultranest] [DEBUG] iteration=3840, ncalls=11170, regioncalls=432960, ndraw=40, logz=-14.71, remainder_fraction=5.6090%, Lmin=-6.12, Lmax=-5.94
09:22:04 [ultranest] [DEBUG] iteration=3859, ncalls=11203, regioncalls=434280, ndraw=40, logz=-14.70, remainder_fraction=5.3106%, Lmin=-6.12, Lmax=-5.94
09:22:05 [ultranest] [DEBUG] iteration=3871, ncalls=11251, regioncalls=436200, ndraw=40, logz=-14.70, remainder_fraction=5.1301%, Lmin=-6.11, Lmax=-5.94
09:22:05 [ultranest] [DEBUG] iteration=3880, ncalls=11270, regioncalls=437000, ndraw=40, logz=-14.70, remainder_fraction=5.0002%, Lmin=-6.11, Lmax=-5.94
09:22:05 [ultranest] [DEBUG] iteration=3901, ncalls=11312, regioncalls=438680, ndraw=40, logz=-14.70, remainder_fraction=4.7143%, Lmin=-6.10, Lmax=-5.94
09:22:05 [ultranest] [DEBUG] iteration=3920, ncalls=11347, regioncalls=440080, ndraw=40, logz=-14.69, remainder_fraction=4.4671%, Lmin=-6.10, Lmax=-5.94
09:22:05 [ultranest] [DEBUG] iteration=3939, ncalls=11394, regioncalls=441960, ndraw=40, logz=-14.69, remainder_fraction=4.2310%, Lmin=-6.09, Lmax=-5.94
09:22:05 [ultranest] [DEBUG] iteration=3954, ncalls=11437, regioncalls=443680, ndraw=40, logz=-14.69, remainder_fraction=4.0528%, Lmin=-6.09, Lmax=-5.94
09:22:05 [ultranest] [DEBUG] iteration=3960, ncalls=11449, regioncalls=444160, ndraw=40, logz=-14.69, remainder_fraction=3.9823%, Lmin=-6.09, Lmax=-5.94
09:22:05 [ultranest] [DEBUG] iteration=3977, ncalls=11486, regioncalls=445640, ndraw=40, logz=-14.69, remainder_fraction=3.7923%, Lmin=-6.08, Lmax=-5.94
09:22:05 [ultranest] [DEBUG] iteration=3993, ncalls=11527, regioncalls=447280, ndraw=40, logz=-14.68, remainder_fraction=3.6218%, Lmin=-6.08, Lmax=-5.94
09:22:05 [ultranest] [DEBUG] iteration=4000, ncalls=11539, regioncalls=447760, ndraw=40, logz=-14.68, remainder_fraction=3.5510%, Lmin=-6.08, Lmax=-5.94
09:22:05 [ultranest] [DEBUG] iteration=4020, ncalls=11581, regioncalls=449440, ndraw=40, logz=-14.68, remainder_fraction=3.3523%, Lmin=-6.07, Lmax=-5.94
09:22:05 [ultranest] [DEBUG] iteration=4028, ncalls=11594, regioncalls=450080, ndraw=40, logz=-14.68, remainder_fraction=3.2743%, Lmin=-6.07, Lmax=-5.94
09:22:05 [ultranest] [DEBUG] iteration=4040, ncalls=11615, regioncalls=450920, ndraw=40, logz=-14.68, remainder_fraction=3.1630%, Lmin=-6.07, Lmax=-5.94
09:22:06 [ultranest] [DEBUG] iteration=4058, ncalls=11659, regioncalls=452680, ndraw=40, logz=-14.68, remainder_fraction=3.0032%, Lmin=-6.06, Lmax=-5.94
09:22:06 [ultranest] [DEBUG] iteration=4074, ncalls=11708, regioncalls=454640, ndraw=40, logz=-14.68, remainder_fraction=2.8678%, Lmin=-6.06, Lmax=-5.94
09:22:06 [ultranest] [DEBUG] iteration=4080, ncalls=11726, regioncalls=455360, ndraw=40, logz=-14.68, remainder_fraction=2.8189%, Lmin=-6.06, Lmax=-5.94
09:22:06 [ultranest] [DEBUG] iteration=4102, ncalls=11770, regioncalls=457160, ndraw=40, logz=-14.67, remainder_fraction=2.6449%, Lmin=-6.05, Lmax=-5.94
09:22:06 [ultranest] [DEBUG] iteration=4120, ncalls=11801, regioncalls=458400, ndraw=40, logz=-14.67, remainder_fraction=2.5107%, Lmin=-6.05, Lmax=-5.94
09:22:06 [ultranest] [DEBUG] iteration=4142, ncalls=11845, regioncalls=460160, ndraw=40, logz=-14.67, remainder_fraction=2.3563%, Lmin=-6.04, Lmax=-5.94
09:22:06 [ultranest] [DEBUG] iteration=4160, ncalls=11880, regioncalls=461560, ndraw=40, logz=-14.67, remainder_fraction=2.2347%, Lmin=-6.04, Lmax=-5.94
09:22:06 [ultranest] [INFO] Explored until L=-6  
09:22:06 [ultranest] [INFO] Likelihood function evaluations: 11891
09:22:07 [ultranest] [INFO] Writing samples and results to disk ...
09:22:07 [ultranest] [INFO] Writing samples and results to disk ... done
09:22:07 [ultranest] [DEBUG] did a run_iter pass!
09:22:07 [ultranest] [INFO]   logZ = -14.61 +- 0.1069
09:22:07 [ultranest] [INFO] Effective samples strategy satisfied (ESS = 1382.2, need >400)
09:22:07 [ultranest] [INFO] Posterior uncertainty strategy is satisfied (KL: 0.46+-0.08 nat, need <0.50 nat)
09:22:07 [ultranest] [INFO] Evidency uncertainty strategy is satisfied (dlogz=0.11, need <0.5)
09:22:07 [ultranest] [INFO]   logZ error budget: single: 0.15 bs:0.11 tail:0.02 total:0.11 required:<0.50
09:22:07 [ultranest] [INFO] done iterating.
09:22:07 [ultranest] [DEBUG] Making corner plot ...
09:22:09 [ultranest] [DEBUG] Making corner plot ... done
09:22:09 [ultranest] [DEBUG] Making run plot ... 
09:22:10 [ultranest] [DEBUG] Making run plot ... done
09:22:10 [ultranest] [DEBUG] Making trace plot ... 
09:22:11 [ultranest] [DEBUG] Making trace plot ... done
21:59:05 [ultranest] [DEBUG] ReactiveNestedSampler: dims=3+0, resume=True, log_dir=/home/orion51/Desktop/Research/spectral_fitting/FGL_spectral_fitting/Individual_sources/2CXOJ103145.7+573401/powerlaw_out_, backend=hdf5, vectorized=False, nbootstraps=30, ndraw=128..65536
21:59:05 [ultranest] [DEBUG] Testing resume consistency: [-6.03952478 -6.02221759  0.          0.23835224  0.31671858  0.30258477
 -5.61647765  1.11734157 21.11809337]: u=[0.23835224 0.31671858 0.30258477] -> p=[-5.61647765  1.11734157 21.11809337] -> L=-6.022217589209235 
21:59:05 [ultranest] [INFO] Resuming from 4495 stored points
21:59:05 [ultranest] [DEBUG] run_iter dlogz=0.5, dKL=0.5, frac_remain=0.01, Lepsilon=0.1000, min_ess=400
21:59:05 [ultranest] [DEBUG] max_iters=-1, max_ncalls=-1, max_num_improvement_loops=-1, min_num_live_points=400, cluster_num_live_points=40
21:59:05 [ultranest] [DEBUG] minimal_widths_sequence: [(-inf, 400.0), (inf, 400.0)]
21:59:05 [ultranest] [DEBUG] iteration=0, ncalls=11891, regioncalls=0, ndraw=40, logz=-inf, remainder_fraction=100.0000%, Lmin=-118890630005.49, Lmax=-9.01
21:59:05 [ultranest] [DEBUG] iteration=40, ncalls=11891, regioncalls=0, ndraw=40, logz=-157615325.20, remainder_fraction=100.0000%, Lmin=-153163532.19, Lmax=-9.01
21:59:05 [ultranest] [DEBUG] iteration=80, ncalls=11891, regioncalls=0, ndraw=40, logz=-5585510.83, remainder_fraction=100.0000%, Lmin=-5415203.92, Lmax=-9.01
21:59:05 [ultranest] [DEBUG] iteration=120, ncalls=11891, regioncalls=0, ndraw=40, logz=-296275.41, remainder_fraction=100.0000%, Lmin=-280359.79, Lmax=-9.01
21:59:05 [ultranest] [DEBUG] iteration=160, ncalls=11891, regioncalls=0, ndraw=40, logz=-43496.75, remainder_fraction=100.0000%, Lmin=-36341.02, Lmax=-9.01
21:59:05 [ultranest] [DEBUG] iteration=200, ncalls=11891, regioncalls=0, ndraw=40, logz=-6422.93, remainder_fraction=100.0000%, Lmin=-6266.35, Lmax=-9.01
21:59:05 [ultranest] [DEBUG] iteration=240, ncalls=11891, regioncalls=0, ndraw=40, logz=-1527.12, remainder_fraction=100.0000%, Lmin=-1513.33, Lmax=-9.01
21:59:05 [ultranest] [DEBUG] iteration=280, ncalls=11891, regioncalls=0, ndraw=40, logz=-334.22, remainder_fraction=100.0000%, Lmin=-315.22, Lmax=-9.01
21:59:05 [ultranest] [DEBUG] iteration=320, ncalls=11891, regioncalls=0, ndraw=40, logz=-181.90, remainder_fraction=100.0000%, Lmin=-174.87, Lmax=-9.01
21:59:05 [ultranest] [DEBUG] Plateau detected at L=-1.745444e+02, not replacing live point.
21:59:05 [ultranest] [DEBUG] Plateau detected at L=-1.745444e+02, not replacing live point.
21:59:05 [ultranest] [DEBUG] Plateau detected at L=-1.745444e+02, not replacing live point.
21:59:05 [ultranest] [DEBUG] Plateau detected at L=-1.745444e+02, not replacing live point.
21:59:05 [ultranest] [DEBUG] Plateau detected at L=-1.745444e+02, not replacing live point.
21:59:05 [ultranest] [DEBUG] iteration=331, ncalls=11891, regioncalls=0, ndraw=40, logz=-179.00, remainder_fraction=100.0000%, Lmin=-174.54, Lmax=-9.01
21:59:05 [ultranest] [DEBUG] Plateau detected at L=-1.745444e+02, not replacing live point.
21:59:05 [ultranest] [DEBUG] Plateau detected at L=-1.745444e+02, not replacing live point.
21:59:05 [ultranest] [DEBUG] Plateau detected at L=-1.745444e+02, not replacing live point.
21:59:05 [ultranest] [DEBUG] Plateau detected at L=-1.745444e+02, not replacing live point.
21:59:05 [ultranest] [DEBUG] Plateau detected at L=-1.745444e+02, not replacing live point.
21:59:05 [ultranest] [DEBUG] Plateau detected at L=-1.745444e+02, not replacing live point.
21:59:05 [ultranest] [DEBUG] Plateau detected at L=-1.745444e+02, not replacing live point.
21:59:05 [ultranest] [DEBUG] Plateau detected at L=-1.745444e+02, not replacing live point.
21:59:05 [ultranest] [DEBUG] Plateau detected at L=-1.745444e+02, not replacing live point.
21:59:05 [ultranest] [DEBUG] Plateau detected at L=-1.745444e+02, not replacing live point.
21:59:05 [ultranest] [DEBUG] Plateau detected at L=-1.745444e+02, not replacing live point.
21:59:05 [ultranest] [DEBUG] Plateau detected at L=-1.745444e+02, not replacing live point.
21:59:05 [ultranest] [DEBUG] Plateau detected at L=-1.745444e+02, not replacing live point.
21:59:05 [ultranest] [DEBUG] Plateau detected at L=-1.745444e+02, not replacing live point.
21:59:05 [ultranest] [DEBUG] Plateau detected at L=-1.745444e+02, not replacing live point.
21:59:05 [ultranest] [DEBUG] Plateau detected at L=-1.745444e+02, not replacing live point.
21:59:05 [ultranest] [DEBUG] Plateau detected at L=-1.745444e+02, not replacing live point.
21:59:05 [ultranest] [DEBUG] Plateau detected at L=-1.745444e+02, not replacing live point.
21:59:05 [ultranest] [DEBUG] Plateau detected at L=-1.745444e+02, not replacing live point.
21:59:05 [ultranest] [DEBUG] Plateau detected at L=-1.745444e+02, not replacing live point.
21:59:05 [ultranest] [DEBUG] Plateau detected at L=-1.745444e+02, not replacing live point.
21:59:05 [ultranest] [DEBUG] Plateau detected at L=-1.745444e+02, not replacing live point.
21:59:05 [ultranest] [DEBUG] Plateau detected at L=-1.745444e+02, not replacing live point.
21:59:05 [ultranest] [DEBUG] Plateau detected at L=-1.745444e+02, not replacing live point.
21:59:05 [ultranest] [DEBUG] Plateau detected at L=-1.745444e+02, not replacing live point.
21:59:05 [ultranest] [DEBUG] Plateau detected at L=-1.745444e+02, not replacing live point.
21:59:05 [ultranest] [DEBUG] Plateau detected at L=-1.745444e+02, not replacing live point.
21:59:05 [ultranest] [DEBUG] Plateau detected at L=-1.745444e+02, not replacing live point.
21:59:05 [ultranest] [DEBUG] Plateau detected at L=-1.745444e+02, not replacing live point.
21:59:05 [ultranest] [DEBUG] Plateau detected at L=-1.745444e+02, not replacing live point.
21:59:05 [ultranest] [DEBUG] Plateau detected at L=-1.745444e+02, not replacing live point.
21:59:05 [ultranest] [DEBUG] Plateau detected at L=-1.745444e+02, not replacing live point.
21:59:05 [ultranest] [DEBUG] Plateau detected at L=-1.745444e+02, not replacing live point.
21:59:05 [ultranest] [DEBUG] Plateau detected at L=-1.745444e+02, not replacing live point.
21:59:05 [ultranest] [DEBUG] Plateau detected at L=-1.745444e+02, not replacing live point.
21:59:05 [ultranest] [DEBUG] Plateau detected at L=-1.745444e+02, not replacing live point.
21:59:05 [ultranest] [DEBUG] Plateau detected at L=-1.745444e+02, not replacing live point.
21:59:05 [ultranest] [DEBUG] Plateau detected at L=-1.745444e+02, not replacing live point.
21:59:05 [ultranest] [DEBUG] Plateau detected at L=-1.745444e+02, not replacing live point.
21:59:05 [ultranest] [DEBUG] Plateau detected at L=-1.745444e+02, not replacing live point.
21:59:05 [ultranest] [DEBUG] Plateau detected at L=-1.745444e+02, not replacing live point.
21:59:05 [ultranest] [DEBUG] Plateau detected at L=-1.745444e+02, not replacing live point.
21:59:05 [ultranest] [DEBUG] Plateau detected at L=-1.745444e+02, not replacing live point.
21:59:05 [ultranest] [DEBUG] Plateau detected at L=-1.745444e+02, not replacing live point.
21:59:05 [ultranest] [DEBUG] Plateau detected at L=-1.745444e+02, not replacing live point.
21:59:05 [ultranest] [DEBUG] Plateau detected at L=-1.745444e+02, not replacing live point.
21:59:05 [ultranest] [DEBUG] Plateau detected at L=-1.745444e+02, not replacing live point.
21:59:05 [ultranest] [DEBUG] Plateau detected at L=-1.745444e+02, not replacing live point.
21:59:05 [ultranest] [DEBUG] Plateau detected at L=-1.745444e+02, not replacing live point.
21:59:05 [ultranest] [DEBUG] Plateau detected at L=-1.745444e+02, not replacing live point.
21:59:05 [ultranest] [DEBUG] Plateau detected at L=-1.745444e+02, not replacing live point.
21:59:05 [ultranest] [DEBUG] Plateau detected at L=-1.745444e+02, not replacing live point.
21:59:05 [ultranest] [DEBUG] Plateau detected at L=-1.745444e+02, not replacing live point.
21:59:05 [ultranest] [DEBUG] Plateau detected at L=-1.745444e+02, not replacing live point.
21:59:05 [ultranest] [DEBUG] Plateau detected at L=-1.745444e+02, not replacing live point.
21:59:05 [ultranest] [DEBUG] Plateau detected at L=-1.745444e+02, not replacing live point.
21:59:05 [ultranest] [DEBUG] Plateau detected at L=-1.745444e+02, not replacing live point.
21:59:05 [ultranest] [DEBUG] Plateau detected at L=-1.745444e+02, not replacing live point.
21:59:05 [ultranest] [DEBUG] Plateau detected at L=-1.745444e+02, not replacing live point.
21:59:05 [ultranest] [DEBUG] Plateau detected at L=-1.745444e+02, not replacing live point.
21:59:05 [ultranest] [DEBUG] Plateau detected at L=-1.745444e+02, not replacing live point.
21:59:05 [ultranest] [DEBUG] Plateau detected at L=-1.745444e+02, not replacing live point.
21:59:05 [ultranest] [DEBUG] Plateau detected at L=-1.745444e+02, not replacing live point.
21:59:05 [ultranest] [DEBUG] Plateau detected at L=-1.745444e+02, not replacing live point.
21:59:05 [ultranest] [DEBUG] iteration=397, ncalls=11891, regioncalls=0, ndraw=40, logz=-177.02, remainder_fraction=100.0000%, Lmin=-174.54, Lmax=-9.01
21:59:05 [ultranest] [DEBUG] Plateau detected at L=-1.745444e+02, not replacing live point.
21:59:06 [ultranest] [DEBUG] iteration=399, ncalls=11891, regioncalls=0, ndraw=40, logz=-176.99, remainder_fraction=100.0000%, Lmin=-174.54, Lmax=-9.01
21:59:06 [ultranest] [DEBUG] iteration=400, ncalls=11891, regioncalls=0, ndraw=40, logz=-176.98, remainder_fraction=100.0000%, Lmin=-174.54, Lmax=-9.01
21:59:06 [ultranest] [DEBUG] Plateau detected at L=-1.745444e+02, not replacing live point.
21:59:06 [ultranest] [DEBUG] iteration=402, ncalls=11891, regioncalls=0, ndraw=40, logz=-176.95, remainder_fraction=100.0000%, Lmin=-174.54, Lmax=-9.01
21:59:06 [ultranest] [DEBUG] iteration=440, ncalls=11891, regioncalls=0, ndraw=40, logz=-176.59, remainder_fraction=100.0000%, Lmin=-174.54, Lmax=-9.01
21:59:06 [ultranest] [DEBUG] iteration=480, ncalls=11891, regioncalls=0, ndraw=40, logz=-176.34, remainder_fraction=100.0000%, Lmin=-174.54, Lmax=-9.01
21:59:06 [ultranest] [DEBUG] iteration=520, ncalls=11891, regioncalls=0, ndraw=40, logz=-176.16, remainder_fraction=100.0000%, Lmin=-174.54, Lmax=-9.01
21:59:06 [ultranest] [DEBUG] iteration=550, ncalls=11891, regioncalls=0, ndraw=40, logz=-176.06, remainder_fraction=100.0000%, Lmin=-174.52, Lmax=-9.01
21:59:06 [ultranest] [DEBUG] iteration=560, ncalls=11891, regioncalls=0, ndraw=40, logz=-176.03, remainder_fraction=100.0000%, Lmin=-174.52, Lmax=-9.01
21:59:06 [ultranest] [DEBUG] iteration=600, ncalls=11891, regioncalls=0, ndraw=40, logz=-175.90, remainder_fraction=100.0000%, Lmin=-174.07, Lmax=-9.01
21:59:06 [ultranest] [DEBUG] iteration=624, ncalls=11891, regioncalls=0, ndraw=40, logz=-175.76, remainder_fraction=100.0000%, Lmin=-172.98, Lmax=-9.01
21:59:06 [ultranest] [DEBUG] iteration=640, ncalls=11891, regioncalls=0, ndraw=40, logz=-175.56, remainder_fraction=100.0000%, Lmin=-171.93, Lmax=-9.01
21:59:06 [ultranest] [DEBUG] iteration=680, ncalls=11891, regioncalls=0, ndraw=40, logz=-173.91, remainder_fraction=100.0000%, Lmin=-168.79, Lmax=-9.01
21:59:06 [ultranest] [DEBUG] iteration=720, ncalls=11891, regioncalls=0, ndraw=40, logz=-170.05, remainder_fraction=100.0000%, Lmin=-164.23, Lmax=-8.41
21:59:06 [ultranest] [DEBUG] iteration=760, ncalls=11891, regioncalls=0, ndraw=40, logz=-166.03, remainder_fraction=100.0000%, Lmin=-160.40, Lmax=-6.84
21:59:06 [ultranest] [DEBUG] iteration=772, ncalls=11891, regioncalls=0, ndraw=40, logz=-164.88, remainder_fraction=100.0000%, Lmin=-159.24, Lmax=-6.84
21:59:06 [ultranest] [DEBUG] iteration=800, ncalls=11891, regioncalls=0, ndraw=40, logz=-160.72, remainder_fraction=100.0000%, Lmin=-153.93, Lmax=-6.84
21:59:06 [ultranest] [DEBUG] iteration=840, ncalls=11891, regioncalls=0, ndraw=40, logz=-153.03, remainder_fraction=100.0000%, Lmin=-146.58, Lmax=-6.84
21:59:06 [ultranest] [DEBUG] clustering found some stray points [need_accept=False] (array([1, 2]), array([328,   1]))
21:59:06 [ultranest] [DEBUG] iteration=880, ncalls=11891, regioncalls=0, ndraw=40, logz=-147.72, remainder_fraction=100.0000%, Lmin=-141.58, Lmax=-6.49
21:59:06 [ultranest] [DEBUG] iteration=920, ncalls=11891, regioncalls=0, ndraw=40, logz=-141.68, remainder_fraction=100.0000%, Lmin=-134.66, Lmax=-6.49
21:59:06 [ultranest] [DEBUG] iteration=960, ncalls=11891, regioncalls=0, ndraw=40, logz=-133.10, remainder_fraction=100.0000%, Lmin=-126.33, Lmax=-6.49
21:59:06 [ultranest] [DEBUG] iteration=994, ncalls=11891, regioncalls=0, ndraw=40, logz=-126.59, remainder_fraction=100.0000%, Lmin=-118.89, Lmax=-6.49
21:59:06 [ultranest] [DEBUG] iteration=1000, ncalls=11891, regioncalls=0, ndraw=40, logz=-125.03, remainder_fraction=100.0000%, Lmin=-117.46, Lmax=-6.49
21:59:06 [ultranest] [DEBUG] iteration=1040, ncalls=11891, regioncalls=0, ndraw=40, logz=-118.13, remainder_fraction=100.0000%, Lmin=-111.37, Lmax=-6.49
21:59:06 [ultranest] [DEBUG] iteration=1080, ncalls=11891, regioncalls=0, ndraw=40, logz=-111.27, remainder_fraction=100.0000%, Lmin=-104.27, Lmax=-6.49
21:59:06 [ultranest] [DEBUG] iteration=1120, ncalls=11891, regioncalls=0, ndraw=40, logz=-106.15, remainder_fraction=100.0000%, Lmin=-99.60, Lmax=-6.49
21:59:06 [ultranest] [DEBUG] iteration=1142, ncalls=11891, regioncalls=0, ndraw=40, logz=-103.48, remainder_fraction=100.0000%, Lmin=-96.24, Lmax=-6.49
21:59:06 [ultranest] [DEBUG] iteration=1160, ncalls=11891, regioncalls=0, ndraw=40, logz=-101.27, remainder_fraction=100.0000%, Lmin=-94.14, Lmax=-6.49
21:59:06 [ultranest] [DEBUG] iteration=1200, ncalls=11891, regioncalls=0, ndraw=40, logz=-95.55, remainder_fraction=100.0000%, Lmin=-88.31, Lmax=-6.49
21:59:06 [ultranest] [DEBUG] iteration=1240, ncalls=11891, regioncalls=0, ndraw=40, logz=-89.20, remainder_fraction=100.0000%, Lmin=-81.64, Lmax=-6.49
21:59:06 [ultranest] [DEBUG] iteration=1280, ncalls=11891, regioncalls=0, ndraw=40, logz=-84.80, remainder_fraction=100.0000%, Lmin=-77.87, Lmax=-6.49
21:59:06 [ultranest] [DEBUG] iteration=1320, ncalls=11891, regioncalls=0, ndraw=40, logz=-80.96, remainder_fraction=100.0000%, Lmin=-73.47, Lmax=-6.49
21:59:06 [ultranest] [DEBUG] iteration=1360, ncalls=11891, regioncalls=0, ndraw=40, logz=-77.53, remainder_fraction=100.0000%, Lmin=-70.28, Lmax=-6.21
21:59:06 [ultranest] [DEBUG] clustering found some stray points [need_accept=False] (array([1, 2]), array([328,   1]))
21:59:06 [ultranest] [DEBUG] iteration=1400, ncalls=11891, regioncalls=0, ndraw=40, logz=-73.73, remainder_fraction=100.0000%, Lmin=-66.04, Lmax=-6.21
21:59:06 [ultranest] [DEBUG] iteration=1438, ncalls=11891, regioncalls=0, ndraw=40, logz=-69.02, remainder_fraction=100.0000%, Lmin=-61.29, Lmax=-6.21
21:59:06 [ultranest] [DEBUG] iteration=1440, ncalls=11891, regioncalls=0, ndraw=40, logz=-68.83, remainder_fraction=100.0000%, Lmin=-61.19, Lmax=-6.21
21:59:06 [ultranest] [DEBUG] iteration=1480, ncalls=11891, regioncalls=0, ndraw=40, logz=-64.96, remainder_fraction=100.0000%, Lmin=-56.86, Lmax=-6.21
21:59:06 [ultranest] [DEBUG] iteration=1512, ncalls=11891, regioncalls=0, ndraw=40, logz=-60.83, remainder_fraction=100.0000%, Lmin=-53.06, Lmax=-6.21
21:59:06 [ultranest] [DEBUG] iteration=1520, ncalls=11891, regioncalls=0, ndraw=40, logz=-60.04, remainder_fraction=100.0000%, Lmin=-51.90, Lmax=-6.21
21:59:06 [ultranest] [DEBUG] iteration=1560, ncalls=11891, regioncalls=0, ndraw=40, logz=-56.04, remainder_fraction=100.0000%, Lmin=-48.36, Lmax=-6.21
21:59:06 [ultranest] [DEBUG] iteration=1600, ncalls=11891, regioncalls=0, ndraw=40, logz=-51.86, remainder_fraction=100.0000%, Lmin=-43.93, Lmax=-6.13
21:59:06 [ultranest] [DEBUG] iteration=1640, ncalls=11891, regioncalls=0, ndraw=40, logz=-49.21, remainder_fraction=100.0000%, Lmin=-40.96, Lmax=-6.13
21:59:06 [ultranest] [DEBUG] iteration=1680, ncalls=11891, regioncalls=0, ndraw=40, logz=-46.37, remainder_fraction=100.0000%, Lmin=-38.09, Lmax=-6.13
21:59:06 [ultranest] [DEBUG] iteration=1720, ncalls=11891, regioncalls=0, ndraw=40, logz=-43.59, remainder_fraction=100.0000%, Lmin=-35.44, Lmax=-6.13
21:59:06 [ultranest] [DEBUG] iteration=1734, ncalls=11891, regioncalls=0, ndraw=40, logz=-42.67, remainder_fraction=100.0000%, Lmin=-34.51, Lmax=-6.13
21:59:06 [ultranest] [DEBUG] iteration=1760, ncalls=11891, regioncalls=0, ndraw=40, logz=-40.65, remainder_fraction=100.0000%, Lmin=-32.15, Lmax=-6.13
21:59:06 [ultranest] [DEBUG] iteration=1800, ncalls=11891, regioncalls=0, ndraw=40, logz=-38.04, remainder_fraction=100.0000%, Lmin=-29.90, Lmax=-6.13
21:59:06 [ultranest] [DEBUG] iteration=1808, ncalls=11891, regioncalls=0, ndraw=40, logz=-37.65, remainder_fraction=100.0000%, Lmin=-29.51, Lmax=-6.13
21:59:06 [ultranest] [DEBUG] iteration=1840, ncalls=11891, regioncalls=0, ndraw=40, logz=-35.39, remainder_fraction=100.0000%, Lmin=-26.83, Lmax=-6.13
21:59:06 [ultranest] [DEBUG] iteration=1880, ncalls=11891, regioncalls=0, ndraw=40, logz=-32.77, remainder_fraction=100.0000%, Lmin=-24.28, Lmax=-6.13
21:59:06 [ultranest] [DEBUG] clustering found some stray points [need_accept=False] (array([1, 2]), array([328,   1]))
21:59:06 [ultranest] [DEBUG] iteration=1920, ncalls=11891, regioncalls=0, ndraw=40, logz=-30.93, remainder_fraction=100.0000%, Lmin=-22.55, Lmax=-6.13
21:59:06 [ultranest] [DEBUG] iteration=1956, ncalls=11891, regioncalls=0, ndraw=40, logz=-29.28, remainder_fraction=100.0000%, Lmin=-20.79, Lmax=-6.10
21:59:06 [ultranest] [DEBUG] iteration=1960, ncalls=11891, regioncalls=0, ndraw=40, logz=-29.09, remainder_fraction=100.0000%, Lmin=-20.48, Lmax=-6.10
21:59:06 [ultranest] [DEBUG] iteration=2000, ncalls=11891, regioncalls=0, ndraw=40, logz=-27.38, remainder_fraction=99.9997%, Lmin=-19.08, Lmax=-6.10
21:59:07 [ultranest] [DEBUG] iteration=2030, ncalls=11891, regioncalls=0, ndraw=40, logz=-26.27, remainder_fraction=99.9991%, Lmin=-17.65, Lmax=-6.10
21:59:07 [ultranest] [DEBUG] iteration=2040, ncalls=11891, regioncalls=0, ndraw=40, logz=-25.88, remainder_fraction=99.9987%, Lmin=-17.38, Lmax=-6.10
21:59:07 [ultranest] [DEBUG] iteration=2080, ncalls=11891, regioncalls=0, ndraw=40, logz=-24.55, remainder_fraction=99.9952%, Lmin=-16.07, Lmax=-6.10
21:59:07 [ultranest] [DEBUG] iteration=2104, ncalls=11891, regioncalls=0, ndraw=40, logz=-23.85, remainder_fraction=99.9904%, Lmin=-15.34, Lmax=-6.10
21:59:07 [ultranest] [DEBUG] iteration=2120, ncalls=11891, regioncalls=0, ndraw=40, logz=-23.34, remainder_fraction=99.9841%, Lmin=-14.79, Lmax=-6.10
21:59:07 [ultranest] [DEBUG] iteration=2160, ncalls=11891, regioncalls=0, ndraw=40, logz=-22.35, remainder_fraction=99.9568%, Lmin=-13.95, Lmax=-6.10
21:59:07 [ultranest] [DEBUG] iteration=2178, ncalls=11891, regioncalls=0, ndraw=40, logz=-21.97, remainder_fraction=99.9364%, Lmin=-13.70, Lmax=-6.10
21:59:07 [ultranest] [DEBUG] iteration=2200, ncalls=11891, regioncalls=0, ndraw=40, logz=-21.55, remainder_fraction=99.9050%, Lmin=-13.25, Lmax=-6.10
21:59:07 [ultranest] [DEBUG] iteration=2240, ncalls=11891, regioncalls=0, ndraw=40, logz=-20.83, remainder_fraction=99.8058%, Lmin=-12.49, Lmax=-6.10
21:59:07 [ultranest] [DEBUG] iteration=2280, ncalls=11891, regioncalls=0, ndraw=40, logz=-20.17, remainder_fraction=99.6273%, Lmin=-11.76, Lmax=-6.10
21:59:07 [ultranest] [DEBUG] iteration=2320, ncalls=11891, regioncalls=0, ndraw=40, logz=-19.55, remainder_fraction=99.2893%, Lmin=-11.11, Lmax=-6.10
21:59:07 [ultranest] [DEBUG] iteration=2360, ncalls=11891, regioncalls=0, ndraw=40, logz=-18.98, remainder_fraction=98.7182%, Lmin=-10.52, Lmax=-6.10
21:59:07 [ultranest] [DEBUG] iteration=2400, ncalls=11891, regioncalls=0, ndraw=40, logz=-18.47, remainder_fraction=97.8183%, Lmin=-9.98, Lmax=-6.10
21:59:07 [ultranest] [DEBUG] iteration=2440, ncalls=11891, regioncalls=0, ndraw=40, logz=-18.02, remainder_fraction=96.5206%, Lmin=-9.58, Lmax=-5.99
21:59:07 [ultranest] [DEBUG] iteration=2474, ncalls=11891, regioncalls=0, ndraw=40, logz=-17.70, remainder_fraction=95.3282%, Lmin=-9.32, Lmax=-5.99
21:59:07 [ultranest] [DEBUG] iteration=2480, ncalls=11891, regioncalls=0, ndraw=40, logz=-17.65, remainder_fraction=95.1261%, Lmin=-9.22, Lmax=-5.99
21:59:07 [ultranest] [DEBUG] iteration=2520, ncalls=11891, regioncalls=0, ndraw=40, logz=-17.31, remainder_fraction=92.9571%, Lmin=-8.87, Lmax=-5.99
21:59:07 [ultranest] [DEBUG] iteration=2548, ncalls=11891, regioncalls=0, ndraw=40, logz=-17.09, remainder_fraction=91.2744%, Lmin=-8.68, Lmax=-5.99
21:59:07 [ultranest] [DEBUG] iteration=2560, ncalls=11891, regioncalls=0, ndraw=40, logz=-17.01, remainder_fraction=90.5136%, Lmin=-8.59, Lmax=-5.99
21:59:07 [ultranest] [DEBUG] iteration=2600, ncalls=11891, regioncalls=0, ndraw=40, logz=-16.75, remainder_fraction=87.7802%, Lmin=-8.37, Lmax=-5.99
21:59:07 [ultranest] [DEBUG] iteration=2622, ncalls=11891, regioncalls=0, ndraw=40, logz=-16.63, remainder_fraction=86.1195%, Lmin=-8.25, Lmax=-5.99
21:59:07 [ultranest] [DEBUG] iteration=2640, ncalls=11891, regioncalls=0, ndraw=40, logz=-16.53, remainder_fraction=84.6523%, Lmin=-8.15, Lmax=-5.99
21:59:07 [ultranest] [DEBUG] iteration=2680, ncalls=11891, regioncalls=0, ndraw=40, logz=-16.32, remainder_fraction=81.2927%, Lmin=-7.90, Lmax=-5.99
21:59:07 [ultranest] [DEBUG] iteration=2696, ncalls=11891, regioncalls=0, ndraw=40, logz=-16.25, remainder_fraction=79.8624%, Lmin=-7.78, Lmax=-5.99
21:59:07 [ultranest] [DEBUG] iteration=2720, ncalls=11891, regioncalls=0, ndraw=40, logz=-16.13, remainder_fraction=77.5022%, Lmin=-7.68, Lmax=-5.99
21:59:07 [ultranest] [DEBUG] iteration=2760, ncalls=11891, regioncalls=0, ndraw=40, logz=-15.97, remainder_fraction=73.3718%, Lmin=-7.52, Lmax=-5.99
21:59:07 [ultranest] [DEBUG] iteration=2770, ncalls=11891, regioncalls=0, ndraw=40, logz=-15.93, remainder_fraction=72.2293%, Lmin=-7.49, Lmax=-5.99
21:59:07 [ultranest] [DEBUG] iteration=2800, ncalls=11891, regioncalls=0, ndraw=40, logz=-15.82, remainder_fraction=69.0510%, Lmin=-7.41, Lmax=-5.99
21:59:07 [ultranest] [DEBUG] iteration=2840, ncalls=11891, regioncalls=0, ndraw=40, logz=-15.70, remainder_fraction=64.9669%, Lmin=-7.29, Lmax=-5.97
21:59:07 [ultranest] [DEBUG] iteration=2880, ncalls=11891, regioncalls=0, ndraw=40, logz=-15.59, remainder_fraction=60.7914%, Lmin=-7.17, Lmax=-5.97
21:59:07 [ultranest] [DEBUG] iteration=2920, ncalls=11891, regioncalls=0, ndraw=40, logz=-15.49, remainder_fraction=56.8709%, Lmin=-7.06, Lmax=-5.96
21:59:07 [ultranest] [DEBUG] iteration=2960, ncalls=11891, regioncalls=0, ndraw=40, logz=-15.40, remainder_fraction=52.7649%, Lmin=-6.93, Lmax=-5.96
21:59:07 [ultranest] [DEBUG] iteration=3000, ncalls=11891, regioncalls=0, ndraw=40, logz=-15.31, remainder_fraction=48.8153%, Lmin=-6.86, Lmax=-5.96
21:59:07 [ultranest] [DEBUG] iteration=3040, ncalls=11891, regioncalls=0, ndraw=40, logz=-15.24, remainder_fraction=44.8167%, Lmin=-6.77, Lmax=-5.96
21:59:07 [ultranest] [DEBUG] iteration=3080, ncalls=11891, regioncalls=0, ndraw=40, logz=-15.18, remainder_fraction=41.1220%, Lmin=-6.70, Lmax=-5.96
21:59:07 [ultranest] [DEBUG] iteration=3120, ncalls=11891, regioncalls=0, ndraw=40, logz=-15.12, remainder_fraction=37.7412%, Lmin=-6.64, Lmax=-5.96
21:59:07 [ultranest] [DEBUG] iteration=3160, ncalls=11891, regioncalls=0, ndraw=40, logz=-15.07, remainder_fraction=34.3347%, Lmin=-6.57, Lmax=-5.96
21:59:07 [ultranest] [DEBUG] iteration=3200, ncalls=11891, regioncalls=0, ndraw=40, logz=-15.02, remainder_fraction=31.2525%, Lmin=-6.53, Lmax=-5.96
21:59:07 [ultranest] [DEBUG] iteration=3214, ncalls=11891, regioncalls=0, ndraw=40, logz=-15.01, remainder_fraction=30.2418%, Lmin=-6.50, Lmax=-5.94
21:59:07 [ultranest] [DEBUG] iteration=3240, ncalls=11891, regioncalls=0, ndraw=40, logz=-14.98, remainder_fraction=28.4018%, Lmin=-6.48, Lmax=-5.94
21:59:07 [ultranest] [DEBUG] iteration=3280, ncalls=11891, regioncalls=0, ndraw=40, logz=-14.94, remainder_fraction=25.6656%, Lmin=-6.44, Lmax=-5.94
21:59:07 [ultranest] [DEBUG] iteration=3320, ncalls=11891, regioncalls=0, ndraw=40, logz=-14.91, remainder_fraction=23.2665%, Lmin=-6.39, Lmax=-5.94
21:59:07 [ultranest] [DEBUG] iteration=3360, ncalls=11891, regioncalls=0, ndraw=40, logz=-14.88, remainder_fraction=20.9110%, Lmin=-6.35, Lmax=-5.94
21:59:07 [ultranest] [DEBUG] iteration=3362, ncalls=11891, regioncalls=0, ndraw=40, logz=-14.88, remainder_fraction=20.8172%, Lmin=-6.35, Lmax=-5.94
21:59:07 [ultranest] [DEBUG] iteration=3400, ncalls=11891, regioncalls=0, ndraw=40, logz=-14.86, remainder_fraction=18.8768%, Lmin=-6.32, Lmax=-5.94
21:59:07 [ultranest] [DEBUG] iteration=3436, ncalls=11891, regioncalls=0, ndraw=40, logz=-14.84, remainder_fraction=17.1383%, Lmin=-6.29, Lmax=-5.94
21:59:07 [ultranest] [DEBUG] iteration=3440, ncalls=11891, regioncalls=0, ndraw=40, logz=-14.83, remainder_fraction=16.9457%, Lmin=-6.29, Lmax=-5.94
21:59:07 [ultranest] [DEBUG] iteration=3480, ncalls=11891, regioncalls=0, ndraw=40, logz=-14.81, remainder_fraction=15.2577%, Lmin=-6.27, Lmax=-5.94
21:59:07 [ultranest] [DEBUG] iteration=3520, ncalls=11891, regioncalls=0, ndraw=40, logz=-14.79, remainder_fraction=13.6967%, Lmin=-6.25, Lmax=-5.94
21:59:07 [ultranest] [DEBUG] iteration=3560, ncalls=11891, regioncalls=0, ndraw=40, logz=-14.78, remainder_fraction=12.3099%, Lmin=-6.22, Lmax=-5.94
21:59:08 [ultranest] [DEBUG] iteration=3584, ncalls=11891, regioncalls=0, ndraw=40, logz=-14.77, remainder_fraction=11.5159%, Lmin=-6.21, Lmax=-5.94
21:59:08 [ultranest] [DEBUG] iteration=3600, ncalls=11891, regioncalls=0, ndraw=40, logz=-14.76, remainder_fraction=11.0225%, Lmin=-6.21, Lmax=-5.94
21:59:08 [ultranest] [DEBUG] iteration=3640, ncalls=11891, regioncalls=0, ndraw=40, logz=-14.75, remainder_fraction=9.8445%, Lmin=-6.19, Lmax=-5.94
21:59:08 [ultranest] [DEBUG] iteration=3680, ncalls=11891, regioncalls=0, ndraw=40, logz=-14.74, remainder_fraction=8.8006%, Lmin=-6.18, Lmax=-5.94
21:59:08 [ultranest] [DEBUG] iteration=3720, ncalls=11891, regioncalls=0, ndraw=40, logz=-14.73, remainder_fraction=7.8758%, Lmin=-6.16, Lmax=-5.94
21:59:08 [ultranest] [DEBUG] iteration=3760, ncalls=11891, regioncalls=0, ndraw=40, logz=-14.72, remainder_fraction=7.0383%, Lmin=-6.15, Lmax=-5.94
21:59:08 [ultranest] [DEBUG] iteration=3800, ncalls=11891, regioncalls=0, ndraw=40, logz=-14.71, remainder_fraction=6.2898%, Lmin=-6.13, Lmax=-5.94
21:59:08 [ultranest] [DEBUG] iteration=3806, ncalls=11891, regioncalls=0, ndraw=40, logz=-14.71, remainder_fraction=6.1846%, Lmin=-6.13, Lmax=-5.94
21:59:08 [ultranest] [DEBUG] iteration=3840, ncalls=11891, regioncalls=0, ndraw=40, logz=-14.71, remainder_fraction=5.6090%, Lmin=-6.12, Lmax=-5.94
21:59:08 [ultranest] [DEBUG] iteration=3880, ncalls=11891, regioncalls=0, ndraw=40, logz=-14.70, remainder_fraction=5.0002%, Lmin=-6.11, Lmax=-5.94
21:59:08 [ultranest] [DEBUG] iteration=3920, ncalls=11891, regioncalls=0, ndraw=40, logz=-14.69, remainder_fraction=4.4671%, Lmin=-6.10, Lmax=-5.94
21:59:08 [ultranest] [DEBUG] iteration=3954, ncalls=11891, regioncalls=0, ndraw=40, logz=-14.69, remainder_fraction=4.0528%, Lmin=-6.09, Lmax=-5.94
21:59:08 [ultranest] [DEBUG] iteration=3960, ncalls=11891, regioncalls=0, ndraw=40, logz=-14.69, remainder_fraction=3.9823%, Lmin=-6.09, Lmax=-5.94
21:59:08 [ultranest] [DEBUG] iteration=4000, ncalls=11891, regioncalls=0, ndraw=40, logz=-14.68, remainder_fraction=3.5510%, Lmin=-6.08, Lmax=-5.94
21:59:08 [ultranest] [DEBUG] iteration=4028, ncalls=11891, regioncalls=0, ndraw=40, logz=-14.68, remainder_fraction=3.2743%, Lmin=-6.07, Lmax=-5.94
21:59:08 [ultranest] [DEBUG] iteration=4040, ncalls=11891, regioncalls=0, ndraw=40, logz=-14.68, remainder_fraction=3.1630%, Lmin=-6.07, Lmax=-5.94
21:59:08 [ultranest] [DEBUG] iteration=4080, ncalls=11891, regioncalls=0, ndraw=40, logz=-14.68, remainder_fraction=2.8189%, Lmin=-6.06, Lmax=-5.94
21:59:08 [ultranest] [DEBUG] iteration=4102, ncalls=11891, regioncalls=0, ndraw=40, logz=-14.67, remainder_fraction=2.6449%, Lmin=-6.05, Lmax=-5.94
21:59:08 [ultranest] [DEBUG] iteration=4120, ncalls=11891, regioncalls=0, ndraw=40, logz=-14.67, remainder_fraction=2.5107%, Lmin=-6.05, Lmax=-5.94
21:59:08 [ultranest] [DEBUG] iteration=4160, ncalls=11891, regioncalls=0, ndraw=40, logz=-14.67, remainder_fraction=2.2347%, Lmin=-6.04, Lmax=-5.94
21:59:08 [ultranest] [INFO] Explored until L=-6  
21:59:08 [ultranest] [INFO] Likelihood function evaluations: 11891
21:59:09 [ultranest] [INFO] Writing samples and results to disk ...
21:59:09 [ultranest] [INFO] Writing samples and results to disk ... done
21:59:09 [ultranest] [DEBUG] did a run_iter pass!
21:59:09 [ultranest] [INFO]   logZ = -14.64 +- 0.1247
21:59:09 [ultranest] [INFO] Effective samples strategy satisfied (ESS = 1382.2, need >400)
21:59:09 [ultranest] [INFO] Posterior uncertainty strategy is satisfied (KL: 0.46+-0.09 nat, need <0.50 nat)
21:59:09 [ultranest] [INFO] Evidency uncertainty strategy is satisfied (dlogz=0.13, need <0.5)
21:59:09 [ultranest] [INFO]   logZ error budget: single: 0.15 bs:0.12 tail:0.02 total:0.13 required:<0.50
21:59:09 [ultranest] [INFO] done iterating.
21:59:09 [ultranest] [DEBUG] Making corner plot ...
21:59:11 [ultranest] [DEBUG] Making corner plot ... done
21:59:11 [ultranest] [DEBUG] Making run plot ... 
21:59:11 [ultranest] [DEBUG] Making run plot ... done
21:59:11 [ultranest] [DEBUG] Making trace plot ... 
21:59:16 [ultranest] [DEBUG] Making trace plot ... done
