11:34:49 [ultranest] [DEBUG] ReactiveNestedSampler: dims=3+0, resume=True, log_dir=/home/orion51/Desktop/Research/spectral_fitting/FGL_spectral_fitting/Individual_sources/2CXOJ205743.9+435858/powerlaw_out_, backend=hdf5, vectorized=False, nbootstraps=30, ndraw=128..65536
11:34:49 [ultranest] [INFO] Sampling 400 live points from prior ...
11:34:49 [ultranest] [DEBUG] run_iter dlogz=0.5, dKL=0.5, frac_remain=0.01, Lepsilon=0.1000, min_ess=400
11:34:49 [ultranest] [DEBUG] max_iters=-1, max_ncalls=-1, max_num_improvement_loops=-1, min_num_live_points=400, cluster_num_live_points=40
11:34:49 [ultranest] [DEBUG] minimal_widths_sequence: [(-inf, 400.0), (inf, 400.0)]
11:34:49 [ultranest] [DEBUG] iteration=0, ncalls=401, regioncalls=40, ndraw=40, logz=-inf, remainder_fraction=100.0000%, Lmin=-233140278963.53, Lmax=-7.02
11:34:50 [ultranest] [DEBUG] iteration=27, ncalls=428, regioncalls=1120, ndraw=40, logz=-139041144.30, remainder_fraction=100.0000%, Lmin=-124865193.90, Lmax=-7.02
11:34:50 [ultranest] [DEBUG] iteration=40, ncalls=441, regioncalls=1640, ndraw=40, logz=-49747271.84, remainder_fraction=100.0000%, Lmin=-42282990.02, Lmax=-7.02
11:34:50 [ultranest] [DEBUG] iteration=68, ncalls=477, regioncalls=3080, ndraw=40, logz=-3317485.78, remainder_fraction=100.0000%, Lmin=-3222636.57, Lmax=-7.02
11:34:50 [ultranest] [DEBUG] iteration=80, ncalls=490, regioncalls=3600, ndraw=40, logz=-1754413.22, remainder_fraction=100.0000%, Lmin=-1704776.67, Lmax=-7.02
11:34:50 [ultranest] [DEBUG] iteration=103, ncalls=516, regioncalls=4640, ndraw=40, logz=-414244.08, remainder_fraction=100.0000%, Lmin=-394674.49, Lmax=-7.02
11:34:50 [ultranest] [DEBUG] iteration=120, ncalls=535, regioncalls=5400, ndraw=40, logz=-173406.05, remainder_fraction=100.0000%, Lmin=-162192.30, Lmax=-7.02
11:34:50 [ultranest] [DEBUG] iteration=149, ncalls=567, regioncalls=6680, ndraw=40, logz=-19407.53, remainder_fraction=100.0000%, Lmin=-18750.99, Lmax=-7.00
11:34:50 [ultranest] [DEBUG] iteration=160, ncalls=585, regioncalls=7400, ndraw=40, logz=-15580.06, remainder_fraction=100.0000%, Lmin=-15526.23, Lmax=-7.00
11:34:50 [ultranest] [DEBUG] iteration=180, ncalls=609, regioncalls=8360, ndraw=40, logz=-6366.97, remainder_fraction=100.0000%, Lmin=-6298.39, Lmax=-7.00
11:34:50 [ultranest] [DEBUG] iteration=200, ncalls=630, regioncalls=9200, ndraw=40, logz=-3004.50, remainder_fraction=100.0000%, Lmin=-2989.46, Lmax=-6.38
11:34:50 [ultranest] [DEBUG] iteration=229, ncalls=663, regioncalls=10520, ndraw=40, logz=-1063.25, remainder_fraction=100.0000%, Lmin=-1054.63, Lmax=-6.38
11:34:50 [ultranest] [DEBUG] iteration=240, ncalls=675, regioncalls=11000, ndraw=40, logz=-690.04, remainder_fraction=100.0000%, Lmin=-670.97, Lmax=-6.38
11:34:50 [ultranest] [DEBUG] iteration=267, ncalls=714, regioncalls=12560, ndraw=40, logz=-219.23, remainder_fraction=100.0000%, Lmin=-207.80, Lmax=-6.38
11:34:51 [ultranest] [DEBUG] iteration=280, ncalls=731, regioncalls=13240, ndraw=40, logz=-174.95, remainder_fraction=100.0000%, Lmin=-168.21, Lmax=-6.38
11:34:51 [ultranest] [DEBUG] iteration=302, ncalls=766, regioncalls=14640, ndraw=40, logz=-123.37, remainder_fraction=100.0000%, Lmin=-116.63, Lmax=-6.38
11:34:51 [ultranest] [DEBUG] iteration=320, ncalls=787, regioncalls=15480, ndraw=40, logz=-101.44, remainder_fraction=100.0000%, Lmin=-96.17, Lmax=-6.38
11:34:51 [ultranest] [DEBUG] Plateau detected at L=-9.587441e+01, not replacing live point.
11:34:51 [ultranest] [DEBUG] Plateau detected at L=-9.587441e+01, not replacing live point.
11:34:51 [ultranest] [DEBUG] Plateau detected at L=-9.587441e+01, not replacing live point.
11:34:51 [ultranest] [DEBUG] Plateau detected at L=-9.587441e+01, not replacing live point.
11:34:51 [ultranest] [DEBUG] Plateau detected at L=-9.587441e+01, not replacing live point.
11:34:51 [ultranest] [DEBUG] Plateau detected at L=-9.587441e+01, not replacing live point.
11:34:51 [ultranest] [DEBUG] Plateau detected at L=-9.587441e+01, not replacing live point.
11:34:51 [ultranest] [DEBUG] Plateau detected at L=-9.587441e+01, not replacing live point.
11:34:51 [ultranest] [DEBUG] Plateau detected at L=-9.587441e+01, not replacing live point.
11:34:51 [ultranest] [DEBUG] Plateau detected at L=-9.587441e+01, not replacing live point.
11:34:51 [ultranest] [DEBUG] Plateau detected at L=-9.587441e+01, not replacing live point.
11:34:51 [ultranest] [DEBUG] Plateau detected at L=-9.587441e+01, not replacing live point.
11:34:51 [ultranest] [DEBUG] Plateau detected at L=-9.587441e+01, not replacing live point.
11:34:51 [ultranest] [DEBUG] Plateau detected at L=-9.587441e+01, not replacing live point.
11:34:51 [ultranest] [DEBUG] Plateau detected at L=-9.587441e+01, not replacing live point.
11:34:51 [ultranest] [DEBUG] Plateau detected at L=-9.587441e+01, not replacing live point.
11:34:51 [ultranest] [DEBUG] Plateau detected at L=-9.587441e+01, not replacing live point.
11:34:51 [ultranest] [DEBUG] Plateau detected at L=-9.587441e+01, not replacing live point.
11:34:51 [ultranest] [DEBUG] Plateau detected at L=-9.587441e+01, not replacing live point.
11:34:51 [ultranest] [DEBUG] Plateau detected at L=-9.587441e+01, not replacing live point.
11:34:51 [ultranest] [DEBUG] Plateau detected at L=-9.587441e+01, not replacing live point.
11:34:51 [ultranest] [DEBUG] Plateau detected at L=-9.587441e+01, not replacing live point.
11:34:51 [ultranest] [DEBUG] Plateau detected at L=-9.587441e+01, not replacing live point.
11:34:51 [ultranest] [DEBUG] Plateau detected at L=-9.587441e+01, not replacing live point.
11:34:51 [ultranest] [DEBUG] Plateau detected at L=-9.587441e+01, not replacing live point.
11:34:51 [ultranest] [DEBUG] Plateau detected at L=-9.587441e+01, not replacing live point.
11:34:51 [ultranest] [DEBUG] Plateau detected at L=-9.587441e+01, not replacing live point.
11:34:51 [ultranest] [DEBUG] Plateau detected at L=-9.587441e+01, not replacing live point.
11:34:51 [ultranest] [DEBUG] Plateau detected at L=-9.587441e+01, not replacing live point.
11:34:51 [ultranest] [DEBUG] Plateau detected at L=-9.587441e+01, not replacing live point.
11:34:51 [ultranest] [DEBUG] Plateau detected at L=-9.587441e+01, not replacing live point.
11:34:51 [ultranest] [DEBUG] Plateau detected at L=-9.587441e+01, not replacing live point.
11:34:51 [ultranest] [DEBUG] Plateau detected at L=-9.587441e+01, not replacing live point.
11:34:51 [ultranest] [DEBUG] Plateau detected at L=-9.587441e+01, not replacing live point.
11:34:51 [ultranest] [DEBUG] Plateau detected at L=-9.587441e+01, not replacing live point.
11:34:51 [ultranest] [DEBUG] Plateau detected at L=-9.587441e+01, not replacing live point.
11:34:51 [ultranest] [DEBUG] Plateau detected at L=-9.587441e+01, not replacing live point.
11:34:51 [ultranest] [DEBUG] Plateau detected at L=-9.587441e+01, not replacing live point.
11:34:51 [ultranest] [DEBUG] Plateau detected at L=-9.587441e+01, not replacing live point.
11:34:51 [ultranest] [DEBUG] Plateau detected at L=-9.587441e+01, not replacing live point.
11:34:51 [ultranest] [DEBUG] Plateau detected at L=-9.587441e+01, not replacing live point.
11:34:51 [ultranest] [DEBUG] Plateau detected at L=-9.587441e+01, not replacing live point.
11:34:51 [ultranest] [DEBUG] Plateau detected at L=-9.587441e+01, not replacing live point.
11:34:51 [ultranest] [DEBUG] Plateau detected at L=-9.587441e+01, not replacing live point.
11:34:51 [ultranest] [DEBUG] Plateau detected at L=-9.587441e+01, not replacing live point.
11:34:51 [ultranest] [DEBUG] Plateau detected at L=-9.587441e+01, not replacing live point.
11:34:51 [ultranest] [DEBUG] Plateau detected at L=-9.587441e+01, not replacing live point.
11:34:51 [ultranest] [DEBUG] Plateau detected at L=-9.587441e+01, not replacing live point.
11:34:51 [ultranest] [DEBUG] Plateau detected at L=-9.587441e+01, not replacing live point.
11:34:51 [ultranest] [DEBUG] Plateau detected at L=-9.587441e+01, not replacing live point.
11:34:51 [ultranest] [DEBUG] Plateau detected at L=-9.587441e+01, not replacing live point.
11:34:51 [ultranest] [DEBUG] Plateau detected at L=-9.587441e+01, not replacing live point.
11:34:51 [ultranest] [DEBUG] Plateau detected at L=-9.587441e+01, not replacing live point.
11:34:51 [ultranest] [DEBUG] Plateau detected at L=-9.587441e+01, not replacing live point.
11:34:51 [ultranest] [DEBUG] Plateau detected at L=-9.587441e+01, not replacing live point.
11:34:51 [ultranest] [DEBUG] Plateau detected at L=-9.587441e+01, not replacing live point.
11:34:51 [ultranest] [DEBUG] Plateau detected at L=-9.587441e+01, not replacing live point.
11:34:51 [ultranest] [DEBUG] Plateau detected at L=-9.587441e+01, not replacing live point.
11:34:51 [ultranest] [DEBUG] Plateau detected at L=-9.587441e+01, not replacing live point.
11:34:51 [ultranest] [DEBUG] Plateau detected at L=-9.587441e+01, not replacing live point.
11:34:51 [ultranest] [DEBUG] Plateau detected at L=-9.587441e+01, not replacing live point.
11:34:51 [ultranest] [DEBUG] Plateau detected at L=-9.587441e+01, not replacing live point.
11:34:51 [ultranest] [DEBUG] Plateau detected at L=-9.587441e+01, not replacing live point.
11:34:51 [ultranest] [DEBUG] Plateau detected at L=-9.587441e+01, not replacing live point.
11:34:51 [ultranest] [DEBUG] Plateau detected at L=-9.587441e+01, not replacing live point.
11:34:51 [ultranest] [DEBUG] Plateau detected at L=-9.587441e+01, not replacing live point.
11:34:51 [ultranest] [DEBUG] Plateau detected at L=-9.587441e+01, not replacing live point.
11:34:51 [ultranest] [DEBUG] Plateau detected at L=-9.587441e+01, not replacing live point.
11:34:51 [ultranest] [DEBUG] Plateau detected at L=-9.587441e+01, not replacing live point.
11:34:51 [ultranest] [DEBUG] iteration=399, ncalls=802, regioncalls=16080, ndraw=40, logz=-98.29, remainder_fraction=100.0000%, Lmin=-95.87, Lmax=-6.38
11:34:51 [ultranest] [DEBUG] iteration=400, ncalls=803, regioncalls=16120, ndraw=40, logz=-98.28, remainder_fraction=100.0000%, Lmin=-95.87, Lmax=-6.38
11:34:51 [ultranest] [DEBUG] Plateau detected at L=-9.587441e+01, not replacing live point.
11:34:51 [ultranest] [DEBUG] iteration=402, ncalls=806, regioncalls=16240, ndraw=40, logz=-98.26, remainder_fraction=100.0000%, Lmin=-95.87, Lmax=-6.38
11:34:51 [ultranest] [DEBUG] iteration=420, ncalls=843, regioncalls=17720, ndraw=40, logz=-98.07, remainder_fraction=100.0000%, Lmin=-95.87, Lmax=-6.38
11:34:51 [ultranest] [DEBUG] iteration=439, ncalls=885, regioncalls=19400, ndraw=40, logz=-97.91, remainder_fraction=100.0000%, Lmin=-95.87, Lmax=-6.38
11:34:51 [ultranest] [DEBUG] iteration=440, ncalls=887, regioncalls=19480, ndraw=40, logz=-97.90, remainder_fraction=100.0000%, Lmin=-95.87, Lmax=-6.38
11:34:51 [ultranest] [DEBUG] iteration=462, ncalls=926, regioncalls=21040, ndraw=40, logz=-97.76, remainder_fraction=100.0000%, Lmin=-95.87, Lmax=-6.38
11:34:51 [ultranest] [DEBUG] iteration=480, ncalls=962, regioncalls=22480, ndraw=40, logz=-97.66, remainder_fraction=100.0000%, Lmin=-95.87, Lmax=-6.38
11:34:51 [ultranest] [DEBUG] iteration=493, ncalls=1005, regioncalls=24200, ndraw=40, logz=-97.60, remainder_fraction=100.0000%, Lmin=-95.87, Lmax=-6.38
11:34:51 [ultranest] [DEBUG] iteration=514, ncalls=1049, regioncalls=25960, ndraw=40, logz=-97.51, remainder_fraction=100.0000%, Lmin=-95.87, Lmax=-6.38
11:34:51 [ultranest] [DEBUG] iteration=520, ncalls=1061, regioncalls=26440, ndraw=40, logz=-97.48, remainder_fraction=100.0000%, Lmin=-95.87, Lmax=-6.38
11:34:52 [ultranest] [DEBUG] iteration=535, ncalls=1106, regioncalls=28240, ndraw=40, logz=-97.43, remainder_fraction=100.0000%, Lmin=-95.86, Lmax=-6.38
11:34:52 [ultranest] [DEBUG] iteration=548, ncalls=1155, regioncalls=30200, ndraw=40, logz=-97.38, remainder_fraction=100.0000%, Lmin=-95.85, Lmax=-6.38
11:34:52 [ultranest] [DEBUG] iteration=560, ncalls=1183, regioncalls=31320, ndraw=40, logz=-97.35, remainder_fraction=100.0000%, Lmin=-95.84, Lmax=-6.38
11:34:52 [ultranest] [DEBUG] iteration=574, ncalls=1224, regioncalls=32960, ndraw=40, logz=-97.31, remainder_fraction=100.0000%, Lmin=-95.82, Lmax=-6.38
11:34:52 [ultranest] [DEBUG] iteration=590, ncalls=1266, regioncalls=34640, ndraw=40, logz=-97.26, remainder_fraction=100.0000%, Lmin=-95.76, Lmax=-6.38
11:34:52 [ultranest] [DEBUG] iteration=599, ncalls=1314, regioncalls=36560, ndraw=40, logz=-97.24, remainder_fraction=100.0000%, Lmin=-95.72, Lmax=-6.38
11:34:52 [ultranest] [DEBUG] iteration=600, ncalls=1320, regioncalls=36800, ndraw=40, logz=-97.23, remainder_fraction=100.0000%, Lmin=-95.72, Lmax=-6.38
11:34:52 [ultranest] [DEBUG] iteration=619, ncalls=1361, regioncalls=38440, ndraw=40, logz=-97.18, remainder_fraction=100.0000%, Lmin=-95.63, Lmax=-6.38
11:34:52 [ultranest] [DEBUG] iteration=634, ncalls=1397, regioncalls=39880, ndraw=40, logz=-97.14, remainder_fraction=100.0000%, Lmin=-95.44, Lmax=-6.38
11:34:52 [ultranest] [DEBUG] iteration=640, ncalls=1412, regioncalls=40480, ndraw=40, logz=-97.12, remainder_fraction=100.0000%, Lmin=-95.39, Lmax=-6.38
11:34:52 [ultranest] [DEBUG] iteration=653, ncalls=1458, regioncalls=42320, ndraw=40, logz=-97.08, remainder_fraction=100.0000%, Lmin=-95.23, Lmax=-6.38
11:34:53 [ultranest] [DEBUG] iteration=666, ncalls=1510, regioncalls=44400, ndraw=40, logz=-97.04, remainder_fraction=100.0000%, Lmin=-95.10, Lmax=-6.38
11:34:53 [ultranest] [DEBUG] iteration=677, ncalls=1561, regioncalls=46440, ndraw=40, logz=-97.00, remainder_fraction=100.0000%, Lmin=-95.01, Lmax=-6.38
11:34:53 [ultranest] [DEBUG] iteration=680, ncalls=1566, regioncalls=46640, ndraw=40, logz=-96.99, remainder_fraction=100.0000%, Lmin=-94.99, Lmax=-6.38
11:34:53 [ultranest] [DEBUG] iteration=690, ncalls=1616, regioncalls=48640, ndraw=40, logz=-96.96, remainder_fraction=100.0000%, Lmin=-94.78, Lmax=-6.38
11:34:53 [ultranest] [DEBUG] clustering found some stray points [need_accept=False] (array([1, 2, 3]), array([328,   1,   1]))
11:34:53 [ultranest] [DEBUG] iteration=701, ncalls=1657, regioncalls=50280, ndraw=40, logz=-96.91, remainder_fraction=100.0000%, Lmin=-94.55, Lmax=-6.38
11:34:53 [ultranest] [DEBUG] iteration=718, ncalls=1696, regioncalls=51840, ndraw=40, logz=-96.81, remainder_fraction=100.0000%, Lmin=-94.00, Lmax=-5.98
11:34:53 [ultranest] [DEBUG] iteration=720, ncalls=1701, regioncalls=52040, ndraw=40, logz=-96.79, remainder_fraction=100.0000%, Lmin=-93.97, Lmax=-5.98
11:34:53 [ultranest] [DEBUG] iteration=729, ncalls=1751, regioncalls=54040, ndraw=40, logz=-96.72, remainder_fraction=100.0000%, Lmin=-93.67, Lmax=-5.98
11:34:53 [ultranest] [DEBUG] iteration=742, ncalls=1798, regioncalls=55920, ndraw=40, logz=-96.60, remainder_fraction=100.0000%, Lmin=-93.32, Lmax=-5.98
11:34:53 [ultranest] [DEBUG] iteration=758, ncalls=1842, regioncalls=57680, ndraw=40, logz=-96.38, remainder_fraction=100.0000%, Lmin=-92.48, Lmax=-5.98
11:34:53 [ultranest] [DEBUG] iteration=760, ncalls=1844, regioncalls=57760, ndraw=40, logz=-96.34, remainder_fraction=100.0000%, Lmin=-92.43, Lmax=-5.98
11:34:53 [ultranest] [DEBUG] iteration=770, ncalls=1895, regioncalls=59800, ndraw=40, logz=-96.14, remainder_fraction=100.0000%, Lmin=-92.04, Lmax=-5.98
11:34:54 [ultranest] [DEBUG] iteration=784, ncalls=1933, regioncalls=61320, ndraw=40, logz=-95.81, remainder_fraction=100.0000%, Lmin=-91.43, Lmax=-5.98
11:34:54 [ultranest] [DEBUG] iteration=795, ncalls=1980, regioncalls=63200, ndraw=40, logz=-95.32, remainder_fraction=100.0000%, Lmin=-90.20, Lmax=-5.98
11:34:54 [ultranest] [DEBUG] iteration=800, ncalls=1996, regioncalls=63840, ndraw=40, logz=-95.07, remainder_fraction=100.0000%, Lmin=-90.11, Lmax=-5.98
11:34:54 [ultranest] [DEBUG] iteration=814, ncalls=2053, regioncalls=66120, ndraw=40, logz=-94.40, remainder_fraction=100.0000%, Lmin=-89.25, Lmax=-5.98
11:34:54 [ultranest] [DEBUG] iteration=826, ncalls=2100, regioncalls=68000, ndraw=40, logz=-93.63, remainder_fraction=100.0000%, Lmin=-88.14, Lmax=-5.98
11:34:54 [ultranest] [DEBUG] iteration=835, ncalls=2148, regioncalls=69920, ndraw=40, logz=-92.95, remainder_fraction=100.0000%, Lmin=-87.44, Lmax=-5.98
11:34:54 [ultranest] [DEBUG] iteration=840, ncalls=2174, regioncalls=70960, ndraw=40, logz=-92.54, remainder_fraction=100.0000%, Lmin=-86.90, Lmax=-5.98
11:34:54 [ultranest] [DEBUG] iteration=846, ncalls=2216, regioncalls=72640, ndraw=40, logz=-92.05, remainder_fraction=100.0000%, Lmin=-86.27, Lmax=-5.98
11:34:54 [ultranest] [DEBUG] iteration=854, ncalls=2263, regioncalls=74520, ndraw=40, logz=-91.32, remainder_fraction=100.0000%, Lmin=-85.40, Lmax=-5.98
11:34:54 [ultranest] [DEBUG] iteration=866, ncalls=2312, regioncalls=76480, ndraw=40, logz=-90.01, remainder_fraction=100.0000%, Lmin=-83.28, Lmax=-5.98
11:34:54 [ultranest] [DEBUG] iteration=880, ncalls=2360, regioncalls=78400, ndraw=40, logz=-87.43, remainder_fraction=100.0000%, Lmin=-81.10, Lmax=-5.98
11:34:55 [ultranest] [DEBUG] iteration=893, ncalls=2410, regioncalls=80400, ndraw=40, logz=-85.85, remainder_fraction=100.0000%, Lmin=-79.85, Lmax=-5.98
11:34:55 [ultranest] [DEBUG] iteration=908, ncalls=2462, regioncalls=82480, ndraw=40, logz=-84.40, remainder_fraction=100.0000%, Lmin=-78.32, Lmax=-5.98
11:34:55 [ultranest] [DEBUG] iteration=920, ncalls=2503, regioncalls=84120, ndraw=40, logz=-83.20, remainder_fraction=100.0000%, Lmin=-76.93, Lmax=-5.98
11:34:55 [ultranest] [DEBUG] iteration=933, ncalls=2544, regioncalls=85760, ndraw=40, logz=-81.66, remainder_fraction=100.0000%, Lmin=-75.32, Lmax=-5.98
11:34:55 [ultranest] [DEBUG] iteration=946, ncalls=2588, regioncalls=87520, ndraw=40, logz=-79.96, remainder_fraction=100.0000%, Lmin=-73.44, Lmax=-5.98
11:34:55 [ultranest] [DEBUG] iteration=960, ncalls=2633, regioncalls=89320, ndraw=40, logz=-78.38, remainder_fraction=100.0000%, Lmin=-71.46, Lmax=-5.98
11:34:55 [ultranest] [DEBUG] iteration=971, ncalls=2672, regioncalls=90880, ndraw=40, logz=-76.73, remainder_fraction=100.0000%, Lmin=-70.01, Lmax=-5.98
11:34:55 [ultranest] [DEBUG] iteration=972, ncalls=2680, regioncalls=91200, ndraw=40, logz=-76.58, remainder_fraction=100.0000%, Lmin=-69.79, Lmax=-5.98
11:34:55 [ultranest] [DEBUG] iteration=974, ncalls=2689, regioncalls=91560, ndraw=40, logz=-76.29, remainder_fraction=100.0000%, Lmin=-69.43, Lmax=-5.98
11:34:56 [ultranest] [DEBUG] iteration=977, ncalls=2697, regioncalls=91880, ndraw=40, logz=-75.76, remainder_fraction=100.0000%, Lmin=-68.71, Lmax=-5.98
11:34:56 [ultranest] [DEBUG] iteration=979, ncalls=2706, regioncalls=92240, ndraw=40, logz=-75.40, remainder_fraction=100.0000%, Lmin=-68.63, Lmax=-5.98
11:34:56 [ultranest] [DEBUG] iteration=981, ncalls=2712, regioncalls=92480, ndraw=40, logz=-75.11, remainder_fraction=100.0000%, Lmin=-68.51, Lmax=-5.98
11:34:56 [ultranest] [DEBUG] iteration=982, ncalls=2728, regioncalls=93120, ndraw=40, logz=-74.98, remainder_fraction=100.0000%, Lmin=-68.50, Lmax=-5.98
11:34:56 [ultranest] [DEBUG] iteration=985, ncalls=2733, regioncalls=93320, ndraw=40, logz=-74.66, remainder_fraction=100.0000%, Lmin=-68.45, Lmax=-5.98
11:34:56 [ultranest] [DEBUG] iteration=987, ncalls=2741, regioncalls=93640, ndraw=40, logz=-74.49, remainder_fraction=100.0000%, Lmin=-68.23, Lmax=-5.98
11:34:57 [ultranest] [DEBUG] iteration=990, ncalls=2751, regioncalls=94040, ndraw=40, logz=-74.19, remainder_fraction=100.0000%, Lmin=-67.78, Lmax=-5.98
11:34:57 [ultranest] [DEBUG] iteration=992, ncalls=2757, regioncalls=94280, ndraw=40, logz=-73.99, remainder_fraction=100.0000%, Lmin=-67.73, Lmax=-5.98
11:34:57 [ultranest] [DEBUG] iteration=994, ncalls=2762, regioncalls=94480, ndraw=40, logz=-73.81, remainder_fraction=100.0000%, Lmin=-67.61, Lmax=-5.98
11:34:57 [ultranest] [DEBUG] iteration=996, ncalls=2769, regioncalls=94760, ndraw=40, logz=-73.63, remainder_fraction=100.0000%, Lmin=-67.06, Lmax=-5.98
11:34:57 [ultranest] [DEBUG] iteration=999, ncalls=2775, regioncalls=95000, ndraw=40, logz=-73.26, remainder_fraction=100.0000%, Lmin=-66.36, Lmax=-5.98
11:34:57 [ultranest] [DEBUG] iteration=1000, ncalls=2777, regioncalls=95080, ndraw=40, logz=-73.09, remainder_fraction=100.0000%, Lmin=-66.31, Lmax=-5.98
11:34:57 [ultranest] [DEBUG] iteration=1001, ncalls=2785, regioncalls=95400, ndraw=40, logz=-72.95, remainder_fraction=100.0000%, Lmin=-66.31, Lmax=-5.98
11:34:57 [ultranest] [DEBUG] iteration=1003, ncalls=2793, regioncalls=95720, ndraw=40, logz=-72.70, remainder_fraction=100.0000%, Lmin=-66.20, Lmax=-5.98
11:34:58 [ultranest] [DEBUG] iteration=1006, ncalls=2801, regioncalls=96040, ndraw=40, logz=-72.37, remainder_fraction=100.0000%, Lmin=-65.94, Lmax=-5.98
11:34:58 [ultranest] [DEBUG] iteration=1009, ncalls=2811, regioncalls=96440, ndraw=40, logz=-72.06, remainder_fraction=100.0000%, Lmin=-65.43, Lmax=-5.98
11:34:58 [ultranest] [DEBUG] iteration=1013, ncalls=2819, regioncalls=96760, ndraw=40, logz=-71.53, remainder_fraction=100.0000%, Lmin=-64.96, Lmax=-5.98
11:34:58 [ultranest] [DEBUG] iteration=1015, ncalls=2825, regioncalls=97000, ndraw=40, logz=-71.26, remainder_fraction=100.0000%, Lmin=-64.56, Lmax=-5.98
11:34:58 [ultranest] [DEBUG] iteration=1017, ncalls=2832, regioncalls=97280, ndraw=40, logz=-71.01, remainder_fraction=100.0000%, Lmin=-64.36, Lmax=-5.98
11:34:58 [ultranest] [DEBUG] iteration=1022, ncalls=2842, regioncalls=97680, ndraw=40, logz=-70.44, remainder_fraction=100.0000%, Lmin=-63.63, Lmax=-5.98
11:34:58 [ultranest] [DEBUG] iteration=1024, ncalls=2849, regioncalls=97960, ndraw=40, logz=-70.17, remainder_fraction=100.0000%, Lmin=-63.58, Lmax=-5.98
11:34:59 [ultranest] [DEBUG] iteration=1026, ncalls=2857, regioncalls=98320, ndraw=40, logz=-69.95, remainder_fraction=100.0000%, Lmin=-63.17, Lmax=-5.98
11:34:59 [ultranest] [DEBUG] iteration=1028, ncalls=2864, regioncalls=98600, ndraw=40, logz=-69.64, remainder_fraction=100.0000%, Lmin=-62.76, Lmax=-5.98
11:34:59 [ultranest] [DEBUG] iteration=1031, ncalls=2873, regioncalls=98960, ndraw=40, logz=-69.08, remainder_fraction=100.0000%, Lmin=-61.95, Lmax=-5.98
11:34:59 [ultranest] [DEBUG] iteration=1032, ncalls=2879, regioncalls=99200, ndraw=40, logz=-68.90, remainder_fraction=100.0000%, Lmin=-61.91, Lmax=-5.98
11:34:59 [ultranest] [DEBUG] iteration=1033, ncalls=2888, regioncalls=99560, ndraw=40, logz=-68.74, remainder_fraction=100.0000%, Lmin=-61.81, Lmax=-5.98
11:34:59 [ultranest] [DEBUG] iteration=1035, ncalls=2900, regioncalls=100040, ndraw=40, logz=-68.45, remainder_fraction=100.0000%, Lmin=-61.71, Lmax=-5.98
11:34:59 [ultranest] [DEBUG] iteration=1038, ncalls=2906, regioncalls=100280, ndraw=40, logz=-67.99, remainder_fraction=100.0000%, Lmin=-60.95, Lmax=-5.98
11:34:59 [ultranest] [DEBUG] iteration=1040, ncalls=2911, regioncalls=100480, ndraw=40, logz=-67.68, remainder_fraction=100.0000%, Lmin=-60.85, Lmax=-5.98
11:35:00 [ultranest] [DEBUG] iteration=1042, ncalls=2928, regioncalls=101160, ndraw=40, logz=-67.42, remainder_fraction=100.0000%, Lmin=-60.70, Lmax=-5.98
11:35:00 [ultranest] [DEBUG] iteration=1044, ncalls=2940, regioncalls=101640, ndraw=40, logz=-67.19, remainder_fraction=100.0000%, Lmin=-60.47, Lmax=-5.98
11:35:00 [ultranest] [DEBUG] iteration=1047, ncalls=2946, regioncalls=101880, ndraw=40, logz=-66.84, remainder_fraction=100.0000%, Lmin=-60.31, Lmax=-5.98
11:35:00 [ultranest] [DEBUG] iteration=1050, ncalls=2952, regioncalls=102120, ndraw=40, logz=-66.50, remainder_fraction=100.0000%, Lmin=-59.27, Lmax=-5.98
11:35:00 [ultranest] [DEBUG] iteration=1052, ncalls=2961, regioncalls=102480, ndraw=40, logz=-66.13, remainder_fraction=100.0000%, Lmin=-58.79, Lmax=-5.98
11:35:00 [ultranest] [DEBUG] iteration=1054, ncalls=2968, regioncalls=102760, ndraw=40, logz=-65.72, remainder_fraction=100.0000%, Lmin=-58.48, Lmax=-4.46
11:35:01 [ultranest] [DEBUG] iteration=1056, ncalls=2976, regioncalls=103080, ndraw=40, logz=-65.33, remainder_fraction=100.0000%, Lmin=-57.97, Lmax=-4.46
11:35:01 [ultranest] [DEBUG] iteration=1057, ncalls=2983, regioncalls=103360, ndraw=40, logz=-65.12, remainder_fraction=100.0000%, Lmin=-57.88, Lmax=-4.46
11:35:01 [ultranest] [DEBUG] iteration=1059, ncalls=2993, regioncalls=103760, ndraw=40, logz=-64.76, remainder_fraction=100.0000%, Lmin=-57.75, Lmax=-4.46
11:35:01 [ultranest] [DEBUG] iteration=1063, ncalls=2999, regioncalls=104000, ndraw=40, logz=-64.09, remainder_fraction=100.0000%, Lmin=-57.02, Lmax=-4.46
11:35:01 [ultranest] [DEBUG] iteration=1066, ncalls=3004, regioncalls=104200, ndraw=40, logz=-63.64, remainder_fraction=100.0000%, Lmin=-56.70, Lmax=-4.46
11:35:01 [ultranest] [DEBUG] iteration=1068, ncalls=3009, regioncalls=104400, ndraw=40, logz=-63.37, remainder_fraction=100.0000%, Lmin=-56.62, Lmax=-4.46
11:35:01 [ultranest] [DEBUG] iteration=1080, ncalls=3041, regioncalls=105680, ndraw=40, logz=-62.02, remainder_fraction=100.0000%, Lmin=-54.98, Lmax=-4.46
11:35:01 [ultranest] [DEBUG] iteration=1094, ncalls=3087, regioncalls=107520, ndraw=40, logz=-60.33, remainder_fraction=100.0000%, Lmin=-53.61, Lmax=-4.46
11:35:02 [ultranest] [DEBUG] iteration=1113, ncalls=3130, regioncalls=109240, ndraw=40, logz=-58.51, remainder_fraction=100.0000%, Lmin=-51.92, Lmax=-4.46
11:35:02 [ultranest] [DEBUG] iteration=1120, ncalls=3148, regioncalls=109960, ndraw=40, logz=-57.87, remainder_fraction=100.0000%, Lmin=-51.20, Lmax=-4.46
11:35:02 [ultranest] [DEBUG] iteration=1133, ncalls=3194, regioncalls=111800, ndraw=40, logz=-56.74, remainder_fraction=100.0000%, Lmin=-50.12, Lmax=-4.46
11:35:02 [ultranest] [DEBUG] iteration=1149, ncalls=3231, regioncalls=113280, ndraw=40, logz=-55.28, remainder_fraction=100.0000%, Lmin=-48.52, Lmax=-4.46
11:35:02 [ultranest] [DEBUG] iteration=1160, ncalls=3279, regioncalls=115200, ndraw=40, logz=-54.06, remainder_fraction=100.0000%, Lmin=-47.33, Lmax=-4.46
11:35:02 [ultranest] [DEBUG] iteration=1174, ncalls=3329, regioncalls=117200, ndraw=40, logz=-52.28, remainder_fraction=100.0000%, Lmin=-45.08, Lmax=-4.46
11:35:02 [ultranest] [DEBUG] iteration=1190, ncalls=3377, regioncalls=119120, ndraw=40, logz=-50.37, remainder_fraction=100.0000%, Lmin=-43.15, Lmax=-4.46
11:35:02 [ultranest] [DEBUG] iteration=1200, ncalls=3417, regioncalls=120720, ndraw=40, logz=-49.21, remainder_fraction=100.0000%, Lmin=-41.95, Lmax=-4.46
11:35:02 [ultranest] [DEBUG] iteration=1212, ncalls=3465, regioncalls=122680, ndraw=40, logz=-47.77, remainder_fraction=100.0000%, Lmin=-40.90, Lmax=-4.46
11:35:02 [ultranest] [DEBUG] iteration=1225, ncalls=3504, regioncalls=124320, ndraw=40, logz=-46.68, remainder_fraction=100.0000%, Lmin=-39.71, Lmax=-4.46
11:35:03 [ultranest] [DEBUG] iteration=1233, ncalls=3557, regioncalls=126440, ndraw=40, logz=-45.98, remainder_fraction=100.0000%, Lmin=-39.06, Lmax=-4.46
11:35:03 [ultranest] [DEBUG] iteration=1240, ncalls=3587, regioncalls=127640, ndraw=40, logz=-45.39, remainder_fraction=100.0000%, Lmin=-38.45, Lmax=-4.46
11:35:03 [ultranest] [DEBUG] iteration=1257, ncalls=3642, regioncalls=129840, ndraw=40, logz=-43.82, remainder_fraction=100.0000%, Lmin=-36.67, Lmax=-4.46
11:35:03 [ultranest] [DEBUG] iteration=1269, ncalls=3684, regioncalls=131520, ndraw=40, logz=-42.72, remainder_fraction=100.0000%, Lmin=-35.54, Lmax=-3.91
11:35:03 [ultranest] [DEBUG] iteration=1278, ncalls=3733, regioncalls=133480, ndraw=40, logz=-41.70, remainder_fraction=100.0000%, Lmin=-34.29, Lmax=-3.91
11:35:03 [ultranest] [DEBUG] iteration=1280, ncalls=3747, regioncalls=134040, ndraw=40, logz=-41.48, remainder_fraction=100.0000%, Lmin=-34.28, Lmax=-3.91
11:35:03 [ultranest] [DEBUG] iteration=1291, ncalls=3783, regioncalls=135480, ndraw=40, logz=-40.53, remainder_fraction=100.0000%, Lmin=-33.63, Lmax=-3.91
11:35:03 [ultranest] [DEBUG] iteration=1302, ncalls=3825, regioncalls=137160, ndraw=40, logz=-39.69, remainder_fraction=100.0000%, Lmin=-32.71, Lmax=-3.91
11:35:03 [ultranest] [DEBUG] iteration=1314, ncalls=3873, regioncalls=139080, ndraw=40, logz=-38.70, remainder_fraction=100.0000%, Lmin=-31.60, Lmax=-3.91
11:35:03 [ultranest] [DEBUG] iteration=1320, ncalls=3894, regioncalls=139920, ndraw=40, logz=-38.28, remainder_fraction=100.0000%, Lmin=-31.46, Lmax=-3.91
11:35:03 [ultranest] [DEBUG] iteration=1332, ncalls=3942, regioncalls=141840, ndraw=40, logz=-37.61, remainder_fraction=100.0000%, Lmin=-30.72, Lmax=-3.91
11:35:04 [ultranest] [DEBUG] iteration=1343, ncalls=3993, regioncalls=143880, ndraw=40, logz=-36.97, remainder_fraction=100.0000%, Lmin=-30.08, Lmax=-3.91
11:35:04 [ultranest] [DEBUG] iteration=1353, ncalls=4046, regioncalls=146000, ndraw=40, logz=-36.39, remainder_fraction=100.0000%, Lmin=-29.50, Lmax=-3.91
11:35:04 [ultranest] [DEBUG] iteration=1360, ncalls=4085, regioncalls=147560, ndraw=40, logz=-35.96, remainder_fraction=100.0000%, Lmin=-28.98, Lmax=-3.91
11:35:04 [ultranest] [DEBUG] iteration=1368, ncalls=4129, regioncalls=149320, ndraw=40, logz=-35.42, remainder_fraction=100.0000%, Lmin=-28.41, Lmax=-3.91
11:35:04 [ultranest] [DEBUG] iteration=1381, ncalls=4181, regioncalls=151400, ndraw=40, logz=-34.65, remainder_fraction=100.0000%, Lmin=-27.79, Lmax=-3.91
11:35:04 [ultranest] [DEBUG] iteration=1387, ncalls=4238, regioncalls=153680, ndraw=40, logz=-34.32, remainder_fraction=100.0000%, Lmin=-27.37, Lmax=-3.91
11:35:04 [ultranest] [DEBUG] iteration=1399, ncalls=4286, regioncalls=155600, ndraw=40, logz=-33.68, remainder_fraction=100.0000%, Lmin=-26.88, Lmax=-3.91
11:35:04 [ultranest] [DEBUG] iteration=1400, ncalls=4308, regioncalls=156480, ndraw=40, logz=-33.63, remainder_fraction=100.0000%, Lmin=-26.82, Lmax=-3.91
11:35:04 [ultranest] [DEBUG] iteration=1409, ncalls=4357, regioncalls=158440, ndraw=40, logz=-33.23, remainder_fraction=100.0000%, Lmin=-26.49, Lmax=-3.91
11:35:04 [ultranest] [DEBUG] iteration=1419, ncalls=4406, regioncalls=160400, ndraw=40, logz=-32.79, remainder_fraction=100.0000%, Lmin=-25.95, Lmax=-3.91
11:35:05 [ultranest] [DEBUG] iteration=1428, ncalls=4455, regioncalls=162400, ndraw=40, logz=-32.40, remainder_fraction=100.0000%, Lmin=-25.61, Lmax=-3.91
11:35:05 [ultranest] [DEBUG] iteration=1439, ncalls=4517, regioncalls=164920, ndraw=40, logz=-31.97, remainder_fraction=100.0000%, Lmin=-25.07, Lmax=-3.91
11:35:05 [ultranest] [DEBUG] iteration=1440, ncalls=4519, regioncalls=165000, ndraw=40, logz=-31.92, remainder_fraction=100.0000%, Lmin=-25.06, Lmax=-3.91
11:35:05 [ultranest] [DEBUG] iteration=1450, ncalls=4567, regioncalls=166920, ndraw=40, logz=-31.36, remainder_fraction=100.0000%, Lmin=-23.93, Lmax=-3.91
11:35:05 [ultranest] [DEBUG] iteration=1458, ncalls=4619, regioncalls=169000, ndraw=40, logz=-30.82, remainder_fraction=100.0000%, Lmin=-23.63, Lmax=-3.91
11:35:05 [ultranest] [DEBUG] iteration=1463, ncalls=4674, regioncalls=171200, ndraw=40, logz=-30.56, remainder_fraction=100.0000%, Lmin=-23.53, Lmax=-3.91
11:35:05 [ultranest] [DEBUG] iteration=1468, ncalls=4731, regioncalls=173480, ndraw=40, logz=-30.32, remainder_fraction=100.0000%, Lmin=-23.23, Lmax=-3.91
11:35:05 [ultranest] [DEBUG] iteration=1472, ncalls=4791, regioncalls=175880, ndraw=40, logz=-30.12, remainder_fraction=100.0000%, Lmin=-22.98, Lmax=-3.91
11:35:05 [ultranest] [DEBUG] iteration=1480, ncalls=4837, regioncalls=177720, ndraw=40, logz=-29.72, remainder_fraction=100.0000%, Lmin=-22.68, Lmax=-3.31
11:35:05 [ultranest] [DEBUG] iteration=1487, ncalls=4888, regioncalls=179760, ndraw=40, logz=-29.40, remainder_fraction=100.0000%, Lmin=-22.35, Lmax=-3.31
11:35:05 [ultranest] [DEBUG] iteration=1495, ncalls=4939, regioncalls=181800, ndraw=40, logz=-29.07, remainder_fraction=100.0000%, Lmin=-22.27, Lmax=-3.31
11:35:06 [ultranest] [DEBUG] iteration=1504, ncalls=4990, regioncalls=183840, ndraw=40, logz=-28.77, remainder_fraction=100.0000%, Lmin=-21.96, Lmax=-3.31
11:35:06 [ultranest] [DEBUG] iteration=1511, ncalls=5042, regioncalls=185920, ndraw=40, logz=-28.54, remainder_fraction=100.0000%, Lmin=-21.82, Lmax=-3.31
11:35:06 [ultranest] [DEBUG] iteration=1520, ncalls=5075, regioncalls=187240, ndraw=40, logz=-28.25, remainder_fraction=100.0000%, Lmin=-21.40, Lmax=-3.31
11:35:06 [ultranest] [DEBUG] iteration=1524, ncalls=5092, regioncalls=187920, ndraw=40, logz=-28.11, remainder_fraction=100.0000%, Lmin=-21.28, Lmax=-3.31
11:35:06 [ultranest] [DEBUG] iteration=1527, ncalls=5098, regioncalls=188160, ndraw=40, logz=-28.01, remainder_fraction=100.0000%, Lmin=-21.16, Lmax=-3.31
11:35:06 [ultranest] [DEBUG] iteration=1528, ncalls=5110, regioncalls=188640, ndraw=40, logz=-27.98, remainder_fraction=100.0000%, Lmin=-21.15, Lmax=-3.31
11:35:06 [ultranest] [DEBUG] iteration=1530, ncalls=5117, regioncalls=188920, ndraw=40, logz=-27.91, remainder_fraction=100.0000%, Lmin=-21.11, Lmax=-3.31
11:35:07 [ultranest] [DEBUG] iteration=1532, ncalls=5129, regioncalls=189400, ndraw=40, logz=-27.85, remainder_fraction=100.0000%, Lmin=-21.08, Lmax=-3.31
11:35:07 [ultranest] [DEBUG] iteration=1533, ncalls=5137, regioncalls=189720, ndraw=40, logz=-27.82, remainder_fraction=100.0000%, Lmin=-21.04, Lmax=-3.31
11:35:07 [ultranest] [DEBUG] iteration=1534, ncalls=5147, regioncalls=190120, ndraw=40, logz=-27.79, remainder_fraction=100.0000%, Lmin=-21.01, Lmax=-3.31
11:35:07 [ultranest] [DEBUG] iteration=1535, ncalls=5153, regioncalls=190360, ndraw=40, logz=-27.76, remainder_fraction=100.0000%, Lmin=-21.00, Lmax=-3.31
11:35:07 [ultranest] [DEBUG] iteration=1536, ncalls=5160, regioncalls=190640, ndraw=40, logz=-27.73, remainder_fraction=100.0000%, Lmin=-20.93, Lmax=-3.31
11:35:07 [ultranest] [DEBUG] iteration=1539, ncalls=5168, regioncalls=190960, ndraw=40, logz=-27.64, remainder_fraction=100.0000%, Lmin=-20.85, Lmax=-3.31
11:35:07 [ultranest] [DEBUG] iteration=1541, ncalls=5181, regioncalls=191480, ndraw=40, logz=-27.58, remainder_fraction=100.0000%, Lmin=-20.84, Lmax=-3.31
11:35:08 [ultranest] [DEBUG] iteration=1544, ncalls=5196, regioncalls=192080, ndraw=40, logz=-27.49, remainder_fraction=100.0000%, Lmin=-20.60, Lmax=-3.31
11:35:08 [ultranest] [DEBUG] iteration=1547, ncalls=5201, regioncalls=192280, ndraw=40, logz=-27.39, remainder_fraction=100.0000%, Lmin=-20.27, Lmax=-3.31
11:35:08 [ultranest] [DEBUG] iteration=1550, ncalls=5207, regioncalls=192520, ndraw=40, logz=-27.27, remainder_fraction=100.0000%, Lmin=-19.99, Lmax=-3.31
11:35:08 [ultranest] [DEBUG] iteration=1553, ncalls=5216, regioncalls=192880, ndraw=40, logz=-27.13, remainder_fraction=100.0000%, Lmin=-19.85, Lmax=-3.31
11:35:08 [ultranest] [DEBUG] iteration=1555, ncalls=5227, regioncalls=193320, ndraw=40, logz=-27.03, remainder_fraction=100.0000%, Lmin=-19.83, Lmax=-3.31
11:35:08 [ultranest] [DEBUG] iteration=1557, ncalls=5239, regioncalls=193800, ndraw=40, logz=-26.95, remainder_fraction=100.0000%, Lmin=-19.78, Lmax=-3.31
11:35:09 [ultranest] [DEBUG] iteration=1558, ncalls=5253, regioncalls=194360, ndraw=40, logz=-26.91, remainder_fraction=100.0000%, Lmin=-19.77, Lmax=-3.31
11:35:09 [ultranest] [DEBUG] iteration=1559, ncalls=5259, regioncalls=194600, ndraw=40, logz=-26.87, remainder_fraction=100.0000%, Lmin=-19.68, Lmax=-3.31
11:35:09 [ultranest] [DEBUG] iteration=1560, ncalls=5268, regioncalls=194960, ndraw=40, logz=-26.82, remainder_fraction=100.0000%, Lmin=-19.60, Lmax=-3.31
11:35:09 [ultranest] [DEBUG] iteration=1561, ncalls=5274, regioncalls=195200, ndraw=40, logz=-26.78, remainder_fraction=99.9999%, Lmin=-19.53, Lmax=-3.31
11:35:09 [ultranest] [DEBUG] iteration=1563, ncalls=5280, regioncalls=195440, ndraw=40, logz=-26.69, remainder_fraction=99.9999%, Lmin=-19.42, Lmax=-3.31
11:35:09 [ultranest] [DEBUG] iteration=1564, ncalls=5291, regioncalls=195880, ndraw=40, logz=-26.65, remainder_fraction=99.9999%, Lmin=-19.41, Lmax=-3.31
11:35:10 [ultranest] [DEBUG] iteration=1567, ncalls=5304, regioncalls=196400, ndraw=40, logz=-26.52, remainder_fraction=99.9999%, Lmin=-19.34, Lmax=-3.31
11:35:10 [ultranest] [DEBUG] iteration=1568, ncalls=5313, regioncalls=196760, ndraw=40, logz=-26.48, remainder_fraction=99.9999%, Lmin=-19.32, Lmax=-3.31
11:35:10 [ultranest] [DEBUG] iteration=1569, ncalls=5322, regioncalls=197120, ndraw=40, logz=-26.44, remainder_fraction=99.9999%, Lmin=-19.27, Lmax=-3.31
11:35:10 [ultranest] [DEBUG] iteration=1571, ncalls=5336, regioncalls=197680, ndraw=40, logz=-26.36, remainder_fraction=99.9999%, Lmin=-19.19, Lmax=-3.31
11:35:10 [ultranest] [DEBUG] iteration=1572, ncalls=5344, regioncalls=198000, ndraw=40, logz=-26.32, remainder_fraction=99.9999%, Lmin=-19.07, Lmax=-3.31
11:35:11 [ultranest] [DEBUG] iteration=1573, ncalls=5359, regioncalls=198600, ndraw=40, logz=-26.27, remainder_fraction=99.9999%, Lmin=-19.01, Lmax=-3.31
11:35:11 [ultranest] [DEBUG] iteration=1577, ncalls=5364, regioncalls=198800, ndraw=40, logz=-26.11, remainder_fraction=99.9999%, Lmin=-18.95, Lmax=-3.31
11:35:11 [ultranest] [DEBUG] iteration=1579, ncalls=5370, regioncalls=199040, ndraw=40, logz=-26.03, remainder_fraction=99.9999%, Lmin=-18.92, Lmax=-3.31
11:35:11 [ultranest] [DEBUG] iteration=1581, ncalls=5381, regioncalls=199480, ndraw=40, logz=-25.96, remainder_fraction=99.9999%, Lmin=-18.90, Lmax=-3.31
11:35:11 [ultranest] [DEBUG] iteration=1582, ncalls=5389, regioncalls=199800, ndraw=40, logz=-25.92, remainder_fraction=99.9999%, Lmin=-18.89, Lmax=-3.31
11:35:11 [ultranest] [DEBUG] iteration=1583, ncalls=5400, regioncalls=200240, ndraw=40, logz=-25.89, remainder_fraction=99.9999%, Lmin=-18.87, Lmax=-3.31
11:35:11 [ultranest] [DEBUG] iteration=1584, ncalls=5409, regioncalls=200600, ndraw=40, logz=-25.86, remainder_fraction=99.9999%, Lmin=-18.84, Lmax=-3.31
11:35:12 [ultranest] [DEBUG] iteration=1585, ncalls=5417, regioncalls=200920, ndraw=40, logz=-25.82, remainder_fraction=99.9999%, Lmin=-18.81, Lmax=-3.31
11:35:12 [ultranest] [DEBUG] iteration=1586, ncalls=5418, regioncalls=200960, ndraw=40, logz=-25.79, remainder_fraction=99.9999%, Lmin=-18.78, Lmax=-3.31
11:35:12 [ultranest] [DEBUG] iteration=1589, ncalls=5433, regioncalls=201560, ndraw=40, logz=-25.69, remainder_fraction=99.9998%, Lmin=-18.73, Lmax=-3.31
11:35:12 [ultranest] [DEBUG] iteration=1596, ncalls=5474, regioncalls=203200, ndraw=40, logz=-25.48, remainder_fraction=99.9998%, Lmin=-18.54, Lmax=-3.31
11:35:12 [ultranest] [DEBUG] iteration=1600, ncalls=5531, regioncalls=205480, ndraw=40, logz=-25.37, remainder_fraction=99.9998%, Lmin=-18.49, Lmax=-3.31
11:35:12 [ultranest] [DEBUG] iteration=1613, ncalls=5584, regioncalls=207600, ndraw=40, logz=-25.02, remainder_fraction=99.9997%, Lmin=-18.19, Lmax=-3.31
11:35:12 [ultranest] [DEBUG] iteration=1619, ncalls=5640, regioncalls=209840, ndraw=40, logz=-24.85, remainder_fraction=99.9996%, Lmin=-17.88, Lmax=-3.31
11:35:12 [ultranest] [DEBUG] iteration=1625, ncalls=5695, regioncalls=212040, ndraw=40, logz=-24.68, remainder_fraction=99.9996%, Lmin=-17.70, Lmax=-3.31
11:35:13 [ultranest] [DEBUG] iteration=1634, ncalls=5754, regioncalls=214400, ndraw=40, logz=-24.44, remainder_fraction=99.9994%, Lmin=-17.55, Lmax=-3.31
11:35:13 [ultranest] [DEBUG] iteration=1640, ncalls=5805, regioncalls=216440, ndraw=40, logz=-24.29, remainder_fraction=99.9993%, Lmin=-17.48, Lmax=-3.31
11:35:13 [ultranest] [DEBUG] iteration=1651, ncalls=5852, regioncalls=218320, ndraw=40, logz=-24.04, remainder_fraction=99.9991%, Lmin=-17.25, Lmax=-3.31
11:35:13 [ultranest] [DEBUG] iteration=1658, ncalls=5905, regioncalls=220440, ndraw=40, logz=-23.89, remainder_fraction=99.9990%, Lmin=-17.03, Lmax=-3.31
11:35:13 [ultranest] [DEBUG] iteration=1663, ncalls=5950, regioncalls=222240, ndraw=40, logz=-23.78, remainder_fraction=99.9989%, Lmin=-16.89, Lmax=-3.31
11:35:13 [ultranest] [DEBUG] iteration=1669, ncalls=6000, regioncalls=224240, ndraw=40, logz=-23.64, remainder_fraction=99.9987%, Lmin=-16.76, Lmax=-3.31
11:35:13 [ultranest] [DEBUG] iteration=1676, ncalls=6050, regioncalls=226240, ndraw=40, logz=-23.48, remainder_fraction=99.9985%, Lmin=-16.60, Lmax=-3.31
11:35:13 [ultranest] [DEBUG] iteration=1680, ncalls=6068, regioncalls=226960, ndraw=40, logz=-23.39, remainder_fraction=99.9984%, Lmin=-16.46, Lmax=-3.31
11:35:13 [ultranest] [DEBUG] iteration=1685, ncalls=6120, regioncalls=229040, ndraw=40, logz=-23.27, remainder_fraction=99.9984%, Lmin=-16.26, Lmax=-3.31
11:35:13 [ultranest] [DEBUG] iteration=1694, ncalls=6173, regioncalls=231160, ndraw=40, logz=-23.06, remainder_fraction=99.9980%, Lmin=-16.11, Lmax=-3.31
11:35:14 [ultranest] [DEBUG] iteration=1703, ncalls=6231, regioncalls=233480, ndraw=40, logz=-22.86, remainder_fraction=99.9975%, Lmin=-15.77, Lmax=-3.31
11:35:14 [ultranest] [DEBUG] iteration=1709, ncalls=6292, regioncalls=235920, ndraw=40, logz=-22.70, remainder_fraction=99.9970%, Lmin=-15.53, Lmax=-3.31
11:35:14 [ultranest] [DEBUG] iteration=1716, ncalls=6343, regioncalls=237960, ndraw=40, logz=-22.52, remainder_fraction=99.9963%, Lmin=-15.33, Lmax=-3.31
11:35:14 [ultranest] [DEBUG] iteration=1720, ncalls=6368, regioncalls=238960, ndraw=40, logz=-22.41, remainder_fraction=99.9959%, Lmin=-15.26, Lmax=-3.31
11:35:14 [ultranest] [DEBUG] iteration=1721, ncalls=6431, regioncalls=241480, ndraw=40, logz=-22.39, remainder_fraction=99.9958%, Lmin=-15.22, Lmax=-3.31
11:35:14 [ultranest] [DEBUG] iteration=1724, ncalls=6487, regioncalls=243720, ndraw=40, logz=-22.31, remainder_fraction=99.9954%, Lmin=-15.14, Lmax=-3.31
11:35:14 [ultranest] [DEBUG] iteration=1729, ncalls=6545, regioncalls=246040, ndraw=40, logz=-22.19, remainder_fraction=99.9948%, Lmin=-15.06, Lmax=-3.31
11:35:14 [ultranest] [DEBUG] iteration=1734, ncalls=6583, regioncalls=247600, ndraw=40, logz=-22.07, remainder_fraction=99.9944%, Lmin=-14.93, Lmax=-3.31
11:35:14 [ultranest] [DEBUG] iteration=1741, ncalls=6632, regioncalls=249560, ndraw=40, logz=-21.91, remainder_fraction=99.9940%, Lmin=-14.83, Lmax=-3.31
11:35:14 [ultranest] [DEBUG] iteration=1748, ncalls=6688, regioncalls=251800, ndraw=40, logz=-21.76, remainder_fraction=99.9930%, Lmin=-14.78, Lmax=-3.31
11:35:15 [ultranest] [DEBUG] iteration=1757, ncalls=6741, regioncalls=253920, ndraw=40, logz=-21.58, remainder_fraction=99.9915%, Lmin=-14.56, Lmax=-3.31
11:35:15 [ultranest] [DEBUG] iteration=1760, ncalls=6771, regioncalls=255120, ndraw=40, logz=-21.52, remainder_fraction=99.9911%, Lmin=-14.55, Lmax=-3.31
11:35:15 [ultranest] [DEBUG] iteration=1770, ncalls=6835, regioncalls=257680, ndraw=40, logz=-21.34, remainder_fraction=99.9890%, Lmin=-14.33, Lmax=-3.31
11:35:15 [ultranest] [DEBUG] iteration=1777, ncalls=6898, regioncalls=260200, ndraw=40, logz=-21.20, remainder_fraction=99.9875%, Lmin=-14.18, Lmax=-3.31
11:35:15 [ultranest] [DEBUG] iteration=1782, ncalls=6958, regioncalls=262600, ndraw=40, logz=-21.11, remainder_fraction=99.9868%, Lmin=-14.11, Lmax=-3.31
11:35:15 [ultranest] [DEBUG] iteration=1789, ncalls=7014, regioncalls=264840, ndraw=40, logz=-20.99, remainder_fraction=99.9847%, Lmin=-13.98, Lmax=-3.31
11:35:15 [ultranest] [DEBUG] iteration=1795, ncalls=7065, regioncalls=266880, ndraw=40, logz=-20.88, remainder_fraction=99.9827%, Lmin=-13.90, Lmax=-3.31
11:35:15 [ultranest] [DEBUG] iteration=1800, ncalls=7101, regioncalls=268320, ndraw=40, logz=-20.80, remainder_fraction=99.9816%, Lmin=-13.85, Lmax=-3.31
11:35:15 [ultranest] [DEBUG] iteration=1806, ncalls=7158, regioncalls=270600, ndraw=40, logz=-20.70, remainder_fraction=99.9798%, Lmin=-13.75, Lmax=-3.31
11:35:16 [ultranest] [DEBUG] iteration=1812, ncalls=7202, regioncalls=272360, ndraw=40, logz=-20.60, remainder_fraction=99.9774%, Lmin=-13.63, Lmax=-3.31
11:35:16 [ultranest] [DEBUG] iteration=1817, ncalls=7252, regioncalls=274360, ndraw=40, logz=-20.52, remainder_fraction=99.9762%, Lmin=-13.60, Lmax=-3.31
11:35:16 [ultranest] [DEBUG] iteration=1823, ncalls=7314, regioncalls=276840, ndraw=40, logz=-20.43, remainder_fraction=99.9735%, Lmin=-13.53, Lmax=-3.31
11:35:16 [ultranest] [DEBUG] iteration=1830, ncalls=7369, regioncalls=279040, ndraw=40, logz=-20.33, remainder_fraction=99.9708%, Lmin=-13.36, Lmax=-3.31
11:35:16 [ultranest] [DEBUG] iteration=1835, ncalls=7421, regioncalls=281120, ndraw=40, logz=-20.25, remainder_fraction=99.9684%, Lmin=-13.25, Lmax=-3.31
11:35:16 [ultranest] [DEBUG] iteration=1840, ncalls=7454, regioncalls=282440, ndraw=40, logz=-20.18, remainder_fraction=99.9655%, Lmin=-13.23, Lmax=-3.31
11:35:16 [ultranest] [DEBUG] iteration=1845, ncalls=7515, regioncalls=284880, ndraw=40, logz=-20.11, remainder_fraction=99.9625%, Lmin=-13.19, Lmax=-3.31
11:35:16 [ultranest] [DEBUG] iteration=1850, ncalls=7569, regioncalls=287040, ndraw=40, logz=-20.04, remainder_fraction=99.9592%, Lmin=-13.12, Lmax=-3.31
11:35:16 [ultranest] [DEBUG] iteration=1853, ncalls=7636, regioncalls=289720, ndraw=40, logz=-20.00, remainder_fraction=99.9577%, Lmin=-13.09, Lmax=-3.31
11:35:17 [ultranest] [DEBUG] iteration=1859, ncalls=7727, regioncalls=293360, ndraw=40, logz=-19.92, remainder_fraction=99.9534%, Lmin=-12.99, Lmax=-3.31
11:35:17 [ultranest] [DEBUG] iteration=1862, ncalls=7799, regioncalls=296240, ndraw=40, logz=-19.88, remainder_fraction=99.9511%, Lmin=-12.93, Lmax=-3.31
11:35:17 [ultranest] [DEBUG] iteration=1866, ncalls=7854, regioncalls=298440, ndraw=40, logz=-19.82, remainder_fraction=99.9481%, Lmin=-12.87, Lmax=-3.31
11:35:17 [ultranest] [DEBUG] iteration=1872, ncalls=7907, regioncalls=300560, ndraw=40, logz=-19.75, remainder_fraction=99.9432%, Lmin=-12.81, Lmax=-3.31
11:35:17 [ultranest] [DEBUG] iteration=1875, ncalls=7966, regioncalls=302920, ndraw=40, logz=-19.71, remainder_fraction=99.9405%, Lmin=-12.76, Lmax=-3.31
11:35:17 [ultranest] [DEBUG] iteration=1878, ncalls=8034, regioncalls=305640, ndraw=40, logz=-19.67, remainder_fraction=99.9381%, Lmin=-12.65, Lmax=-3.31
11:35:17 [ultranest] [DEBUG] iteration=1880, ncalls=8073, regioncalls=307200, ndraw=40, logz=-19.64, remainder_fraction=99.9360%, Lmin=-12.63, Lmax=-3.31
11:35:17 [ultranest] [DEBUG] iteration=1883, ncalls=8125, regioncalls=309280, ndraw=40, logz=-19.60, remainder_fraction=99.9328%, Lmin=-12.58, Lmax=-3.31
11:35:17 [ultranest] [DEBUG] iteration=1889, ncalls=8178, regioncalls=311400, ndraw=40, logz=-19.52, remainder_fraction=99.9270%, Lmin=-12.48, Lmax=-3.31
11:35:18 [ultranest] [DEBUG] iteration=1894, ncalls=8244, regioncalls=314040, ndraw=40, logz=-19.45, remainder_fraction=99.9215%, Lmin=-12.39, Lmax=-3.31
11:35:18 [ultranest] [DEBUG] iteration=1901, ncalls=8298, regioncalls=316200, ndraw=40, logz=-19.36, remainder_fraction=99.9126%, Lmin=-12.33, Lmax=-3.31
11:35:18 [ultranest] [DEBUG] iteration=1904, ncalls=8359, regioncalls=318640, ndraw=40, logz=-19.32, remainder_fraction=99.9084%, Lmin=-12.17, Lmax=-3.31
11:35:18 [ultranest] [DEBUG] iteration=1908, ncalls=8438, regioncalls=321800, ndraw=40, logz=-19.26, remainder_fraction=99.9019%, Lmin=-12.14, Lmax=-3.31
11:35:18 [ultranest] [DEBUG] iteration=1914, ncalls=8494, regioncalls=324040, ndraw=40, logz=-19.18, remainder_fraction=99.8916%, Lmin=-12.08, Lmax=-3.31
11:35:18 [ultranest] [DEBUG] iteration=1919, ncalls=8551, regioncalls=326320, ndraw=40, logz=-19.11, remainder_fraction=99.8824%, Lmin=-11.99, Lmax=-3.31
11:35:18 [ultranest] [DEBUG] iteration=1920, ncalls=8571, regioncalls=327120, ndraw=40, logz=-19.10, remainder_fraction=99.8805%, Lmin=-11.98, Lmax=-3.31
11:35:18 [ultranest] [DEBUG] iteration=1927, ncalls=8656, regioncalls=330520, ndraw=40, logz=-19.00, remainder_fraction=99.8666%, Lmin=-11.89, Lmax=-3.31
11:35:19 [ultranest] [DEBUG] iteration=1931, ncalls=8755, regioncalls=334480, ndraw=40, logz=-18.95, remainder_fraction=99.8586%, Lmin=-11.86, Lmax=-3.31
11:35:19 [ultranest] [DEBUG] iteration=1935, ncalls=8819, regioncalls=337040, ndraw=40, logz=-18.90, remainder_fraction=99.8496%, Lmin=-11.81, Lmax=-3.31
11:35:19 [ultranest] [DEBUG] iteration=1940, ncalls=8881, regioncalls=339520, ndraw=40, logz=-18.84, remainder_fraction=99.8409%, Lmin=-11.77, Lmax=-3.31
11:35:19 [ultranest] [DEBUG] iteration=1944, ncalls=8950, regioncalls=342280, ndraw=40, logz=-18.79, remainder_fraction=99.8327%, Lmin=-11.74, Lmax=-3.31
11:35:19 [ultranest] [DEBUG] iteration=1949, ncalls=9001, regioncalls=344320, ndraw=40, logz=-18.73, remainder_fraction=99.8261%, Lmin=-11.66, Lmax=-3.31
11:35:19 [ultranest] [DEBUG] iteration=1952, ncalls=9075, regioncalls=347280, ndraw=40, logz=-18.70, remainder_fraction=99.8251%, Lmin=-11.64, Lmax=-3.31
11:35:19 [ultranest] [DEBUG] iteration=1956, ncalls=9089, regioncalls=347880, ndraw=40, logz=-18.65, remainder_fraction=99.8180%, Lmin=-11.59, Lmax=-3.31
11:35:19 [ultranest] [DEBUG] iteration=1959, ncalls=9139, regioncalls=349880, ndraw=40, logz=-18.62, remainder_fraction=99.8142%, Lmin=-11.58, Lmax=-3.31
11:35:19 [ultranest] [DEBUG] iteration=1960, ncalls=9145, regioncalls=350120, ndraw=40, logz=-18.61, remainder_fraction=99.8116%, Lmin=-11.55, Lmax=-3.31
11:35:19 [ultranest] [DEBUG] iteration=1965, ncalls=9203, regioncalls=352440, ndraw=40, logz=-18.55, remainder_fraction=99.7990%, Lmin=-11.49, Lmax=-3.31
11:35:20 [ultranest] [DEBUG] iteration=1970, ncalls=9264, regioncalls=354880, ndraw=40, logz=-18.50, remainder_fraction=99.7848%, Lmin=-11.41, Lmax=-3.31
11:35:20 [ultranest] [DEBUG] iteration=1975, ncalls=9326, regioncalls=357360, ndraw=40, logz=-18.44, remainder_fraction=99.7691%, Lmin=-11.36, Lmax=-3.31
11:35:20 [ultranest] [DEBUG] iteration=1980, ncalls=9383, regioncalls=359640, ndraw=40, logz=-18.39, remainder_fraction=99.7532%, Lmin=-11.29, Lmax=-3.31
11:35:20 [ultranest] [DEBUG] iteration=1984, ncalls=9445, regioncalls=362120, ndraw=40, logz=-18.34, remainder_fraction=99.7412%, Lmin=-11.24, Lmax=-3.31
11:35:20 [ultranest] [DEBUG] iteration=1992, ncalls=9507, regioncalls=364600, ndraw=40, logz=-18.26, remainder_fraction=99.7165%, Lmin=-11.12, Lmax=-3.31
11:35:20 [ultranest] [DEBUG] iteration=1994, ncalls=9560, regioncalls=366720, ndraw=40, logz=-18.23, remainder_fraction=99.7086%, Lmin=-11.11, Lmax=-3.31
11:35:20 [ultranest] [DEBUG] iteration=1999, ncalls=9659, regioncalls=370680, ndraw=40, logz=-18.18, remainder_fraction=99.6889%, Lmin=-11.05, Lmax=-3.31
11:35:20 [ultranest] [DEBUG] iteration=2000, ncalls=9666, regioncalls=370960, ndraw=40, logz=-18.17, remainder_fraction=99.6846%, Lmin=-11.05, Lmax=-3.31
11:35:20 [ultranest] [DEBUG] iteration=2008, ncalls=9747, regioncalls=374200, ndraw=40, logz=-18.09, remainder_fraction=99.6599%, Lmin=-10.89, Lmax=-3.31
11:35:21 [ultranest] [DEBUG] iteration=2012, ncalls=9802, regioncalls=376400, ndraw=40, logz=-18.04, remainder_fraction=99.6544%, Lmin=-10.82, Lmax=-3.31
11:35:21 [ultranest] [DEBUG] iteration=2017, ncalls=9866, regioncalls=378960, ndraw=40, logz=-17.99, remainder_fraction=99.6328%, Lmin=-10.78, Lmax=-3.31
11:35:21 [ultranest] [DEBUG] iteration=2020, ncalls=9915, regioncalls=380920, ndraw=40, logz=-17.95, remainder_fraction=99.6175%, Lmin=-10.77, Lmax=-3.31
11:35:21 [ultranest] [DEBUG] iteration=2024, ncalls=9969, regioncalls=383080, ndraw=40, logz=-17.91, remainder_fraction=99.6024%, Lmin=-10.76, Lmax=-3.31
11:35:21 [ultranest] [DEBUG] iteration=2028, ncalls=10022, regioncalls=385200, ndraw=40, logz=-17.87, remainder_fraction=99.5836%, Lmin=-10.72, Lmax=-3.31
11:35:21 [ultranest] [DEBUG] iteration=2030, ncalls=10040, regioncalls=385960, ndraw=40, logz=-17.85, remainder_fraction=99.5829%, Lmin=-10.71, Lmax=-3.31
11:35:21 [ultranest] [DEBUG] iteration=2035, ncalls=10087, regioncalls=387840, ndraw=40, logz=-17.80, remainder_fraction=99.5614%, Lmin=-10.63, Lmax=-3.31
11:35:21 [ultranest] [DEBUG] iteration=2039, ncalls=10144, regioncalls=390120, ndraw=40, logz=-17.76, remainder_fraction=99.5412%, Lmin=-10.61, Lmax=-3.31
11:35:21 [ultranest] [DEBUG] iteration=2040, ncalls=10181, regioncalls=391600, ndraw=40, logz=-17.75, remainder_fraction=99.5354%, Lmin=-10.59, Lmax=-3.31
11:35:21 [ultranest] [DEBUG] iteration=2047, ncalls=10242, regioncalls=394040, ndraw=40, logz=-17.69, remainder_fraction=99.5330%, Lmin=-10.50, Lmax=-3.31
11:35:22 [ultranest] [DEBUG] iteration=2050, ncalls=10304, regioncalls=396520, ndraw=40, logz=-17.66, remainder_fraction=99.5340%, Lmin=-10.46, Lmax=-3.31
11:35:22 [ultranest] [DEBUG] iteration=2056, ncalls=10369, regioncalls=399120, ndraw=40, logz=-17.60, remainder_fraction=99.5033%, Lmin=-10.42, Lmax=-3.31
11:35:22 [ultranest] [DEBUG] iteration=2061, ncalls=10421, regioncalls=401200, ndraw=40, logz=-17.55, remainder_fraction=99.4720%, Lmin=-10.32, Lmax=-3.31
11:35:22 [ultranest] [DEBUG] iteration=2066, ncalls=10476, regioncalls=403400, ndraw=40, logz=-17.50, remainder_fraction=99.4450%, Lmin=-10.26, Lmax=-3.31
11:35:22 [ultranest] [DEBUG] iteration=2071, ncalls=10541, regioncalls=406000, ndraw=40, logz=-17.45, remainder_fraction=99.4113%, Lmin=-10.21, Lmax=-3.31
11:35:22 [ultranest] [DEBUG] iteration=2078, ncalls=10603, regioncalls=408480, ndraw=40, logz=-17.39, remainder_fraction=99.3605%, Lmin=-10.16, Lmax=-3.31
11:35:22 [ultranest] [DEBUG] iteration=2080, ncalls=10612, regioncalls=408840, ndraw=40, logz=-17.37, remainder_fraction=99.3557%, Lmin=-10.15, Lmax=-3.31
11:35:22 [ultranest] [DEBUG] iteration=2085, ncalls=10667, regioncalls=411040, ndraw=40, logz=-17.32, remainder_fraction=99.3155%, Lmin=-10.10, Lmax=-3.31
11:35:22 [ultranest] [DEBUG] iteration=2089, ncalls=10727, regioncalls=413440, ndraw=40, logz=-17.29, remainder_fraction=99.3102%, Lmin=-10.07, Lmax=-3.31
11:35:23 [ultranest] [DEBUG] iteration=2094, ncalls=10785, regioncalls=415760, ndraw=40, logz=-17.24, remainder_fraction=99.2706%, Lmin=-10.03, Lmax=-3.31
11:35:23 [ultranest] [DEBUG] iteration=2097, ncalls=10861, regioncalls=418800, ndraw=40, logz=-17.22, remainder_fraction=99.2452%, Lmin=-10.00, Lmax=-3.31
11:35:23 [ultranest] [DEBUG] iteration=2104, ncalls=10905, regioncalls=420560, ndraw=40, logz=-17.16, remainder_fraction=99.1858%, Lmin=-9.93, Lmax=-3.31
11:35:23 [ultranest] [DEBUG] iteration=2109, ncalls=10961, regioncalls=422800, ndraw=40, logz=-17.11, remainder_fraction=99.1414%, Lmin=-9.90, Lmax=-3.31
11:35:23 [ultranest] [DEBUG] iteration=2113, ncalls=11046, regioncalls=426200, ndraw=40, logz=-17.08, remainder_fraction=99.1045%, Lmin=-9.88, Lmax=-3.31
11:35:23 [ultranest] [DEBUG] iteration=2120, ncalls=11091, regioncalls=428000, ndraw=40, logz=-17.03, remainder_fraction=99.0957%, Lmin=-9.81, Lmax=-3.31
11:35:23 [ultranest] [DEBUG] iteration=2125, ncalls=11145, regioncalls=430160, ndraw=40, logz=-16.99, remainder_fraction=99.0673%, Lmin=-9.75, Lmax=-3.31
11:35:23 [ultranest] [DEBUG] iteration=2129, ncalls=11199, regioncalls=432320, ndraw=40, logz=-16.95, remainder_fraction=99.0314%, Lmin=-9.74, Lmax=-3.31
11:35:24 [ultranest] [DEBUG] iteration=2135, ncalls=11272, regioncalls=435240, ndraw=40, logz=-16.91, remainder_fraction=98.9865%, Lmin=-9.65, Lmax=-3.31
11:35:24 [ultranest] [DEBUG] iteration=2140, ncalls=11333, regioncalls=437680, ndraw=40, logz=-16.86, remainder_fraction=98.9311%, Lmin=-9.61, Lmax=-3.31
11:35:24 [ultranest] [DEBUG] iteration=2143, ncalls=11396, regioncalls=440200, ndraw=40, logz=-16.84, remainder_fraction=98.8964%, Lmin=-9.59, Lmax=-3.31
11:35:24 [ultranest] [DEBUG] iteration=2150, ncalls=11455, regioncalls=442560, ndraw=40, logz=-16.79, remainder_fraction=98.8282%, Lmin=-9.53, Lmax=-3.31
11:35:24 [ultranest] [DEBUG] iteration=2152, ncalls=11542, regioncalls=446040, ndraw=40, logz=-16.77, remainder_fraction=98.8099%, Lmin=-9.51, Lmax=-3.31
11:35:24 [ultranest] [DEBUG] iteration=2157, ncalls=11596, regioncalls=448200, ndraw=40, logz=-16.73, remainder_fraction=98.8232%, Lmin=-9.41, Lmax=-3.31
11:35:24 [ultranest] [DEBUG] iteration=2160, ncalls=11619, regioncalls=449120, ndraw=40, logz=-16.71, remainder_fraction=98.7852%, Lmin=-9.40, Lmax=-3.31
11:35:24 [ultranest] [DEBUG] iteration=2163, ncalls=11677, regioncalls=451440, ndraw=40, logz=-16.68, remainder_fraction=98.7539%, Lmin=-9.39, Lmax=-3.31
11:35:24 [ultranest] [DEBUG] iteration=2166, ncalls=11747, regioncalls=454240, ndraw=40, logz=-16.66, remainder_fraction=98.7160%, Lmin=-9.38, Lmax=-3.31
11:35:25 [ultranest] [DEBUG] iteration=2175, ncalls=11803, regioncalls=456480, ndraw=40, logz=-16.59, remainder_fraction=98.6216%, Lmin=-9.25, Lmax=-3.31
11:35:25 [ultranest] [DEBUG] iteration=2178, ncalls=11835, regioncalls=457800, ndraw=40, logz=-16.57, remainder_fraction=98.5810%, Lmin=-9.21, Lmax=-3.31
11:35:25 [ultranest] [DEBUG] iteration=2183, ncalls=11890, regioncalls=460000, ndraw=40, logz=-16.53, remainder_fraction=98.5121%, Lmin=-9.18, Lmax=-3.31
11:35:25 [ultranest] [DEBUG] iteration=2189, ncalls=11945, regioncalls=462240, ndraw=40, logz=-16.49, remainder_fraction=98.4940%, Lmin=-9.12, Lmax=-3.31
11:35:25 [ultranest] [DEBUG] iteration=2199, ncalls=12001, regioncalls=464480, ndraw=40, logz=-16.41, remainder_fraction=98.3967%, Lmin=-8.97, Lmax=-3.31
11:35:25 [ultranest] [DEBUG] iteration=2200, ncalls=12004, regioncalls=464600, ndraw=40, logz=-16.40, remainder_fraction=98.3796%, Lmin=-8.97, Lmax=-3.31
11:35:25 [ultranest] [DEBUG] iteration=2204, ncalls=12059, regioncalls=466800, ndraw=40, logz=-16.37, remainder_fraction=98.3695%, Lmin=-8.93, Lmax=-3.31
11:35:25 [ultranest] [DEBUG] iteration=2212, ncalls=12117, regioncalls=469120, ndraw=40, logz=-16.31, remainder_fraction=98.2510%, Lmin=-8.88, Lmax=-3.31
11:35:25 [ultranest] [DEBUG] iteration=2220, ncalls=12174, regioncalls=471400, ndraw=40, logz=-16.25, remainder_fraction=98.1381%, Lmin=-8.81, Lmax=-3.31
11:35:25 [ultranest] [DEBUG] iteration=2229, ncalls=12222, regioncalls=473320, ndraw=40, logz=-16.18, remainder_fraction=98.0207%, Lmin=-8.75, Lmax=-3.31
11:35:26 [ultranest] [DEBUG] iteration=2237, ncalls=12271, regioncalls=475280, ndraw=40, logz=-16.12, remainder_fraction=97.8874%, Lmin=-8.67, Lmax=-3.31
11:35:26 [ultranest] [DEBUG] iteration=2240, ncalls=12309, regioncalls=476800, ndraw=40, logz=-16.10, remainder_fraction=97.8350%, Lmin=-8.65, Lmax=-3.31
11:35:26 [ultranest] [DEBUG] iteration=2248, ncalls=12360, regioncalls=478840, ndraw=40, logz=-16.05, remainder_fraction=97.7741%, Lmin=-8.61, Lmax=-3.29
11:35:26 [ultranest] [DEBUG] iteration=2252, ncalls=12379, regioncalls=479600, ndraw=40, logz=-16.02, remainder_fraction=97.6887%, Lmin=-8.58, Lmax=-3.29
11:35:26 [ultranest] [DEBUG] iteration=2260, ncalls=12456, regioncalls=482720, ndraw=40, logz=-15.96, remainder_fraction=97.5580%, Lmin=-8.49, Lmax=-3.29
11:35:26 [ultranest] [DEBUG] iteration=2264, ncalls=12505, regioncalls=484680, ndraw=40, logz=-15.94, remainder_fraction=97.5170%, Lmin=-8.46, Lmax=-3.29
11:35:26 [ultranest] [DEBUG] iteration=2271, ncalls=12560, regioncalls=486880, ndraw=40, logz=-15.89, remainder_fraction=97.3707%, Lmin=-8.38, Lmax=-3.18
11:35:26 [ultranest] [DEBUG] iteration=2275, ncalls=12617, regioncalls=489160, ndraw=40, logz=-15.86, remainder_fraction=97.3778%, Lmin=-8.33, Lmax=-3.18
11:35:26 [ultranest] [DEBUG] iteration=2280, ncalls=12659, regioncalls=490840, ndraw=40, logz=-15.83, remainder_fraction=97.3510%, Lmin=-8.30, Lmax=-3.18
11:35:26 [ultranest] [DEBUG] iteration=2285, ncalls=12711, regioncalls=492920, ndraw=40, logz=-15.79, remainder_fraction=97.3161%, Lmin=-8.28, Lmax=-3.18
11:35:27 [ultranest] [DEBUG] iteration=2289, ncalls=12769, regioncalls=495240, ndraw=40, logz=-15.77, remainder_fraction=97.2353%, Lmin=-8.25, Lmax=-3.18
11:35:27 [ultranest] [DEBUG] iteration=2294, ncalls=12834, regioncalls=497840, ndraw=40, logz=-15.73, remainder_fraction=97.1073%, Lmin=-8.19, Lmax=-3.18
11:35:27 [ultranest] [DEBUG] iteration=2300, ncalls=12888, regioncalls=500000, ndraw=40, logz=-15.70, remainder_fraction=96.9943%, Lmin=-8.16, Lmax=-3.18
11:35:27 [ultranest] [DEBUG] iteration=2308, ncalls=12957, regioncalls=502760, ndraw=40, logz=-15.64, remainder_fraction=96.7894%, Lmin=-8.07, Lmax=-3.18
11:35:27 [ultranest] [DEBUG] iteration=2316, ncalls=13007, regioncalls=504760, ndraw=40, logz=-15.59, remainder_fraction=96.7279%, Lmin=-7.95, Lmax=-3.09
11:35:27 [ultranest] [DEBUG] iteration=2320, ncalls=13036, regioncalls=505920, ndraw=40, logz=-15.56, remainder_fraction=96.6208%, Lmin=-7.93, Lmax=-3.09
11:35:27 [ultranest] [DEBUG] iteration=2326, ncalls=13071, regioncalls=507400, ndraw=40, logz=-15.52, remainder_fraction=96.5298%, Lmin=-7.89, Lmax=-3.09
11:35:27 [ultranest] [DEBUG] iteration=2336, ncalls=13112, regioncalls=509040, ndraw=40, logz=-15.46, remainder_fraction=96.3330%, Lmin=-7.77, Lmax=-3.09
11:35:27 [ultranest] [DEBUG] iteration=2349, ncalls=13155, regioncalls=510760, ndraw=40, logz=-15.37, remainder_fraction=95.9289%, Lmin=-7.69, Lmax=-3.09
11:35:27 [ultranest] [DEBUG] iteration=2360, ncalls=13183, regioncalls=511880, ndraw=40, logz=-15.30, remainder_fraction=95.6459%, Lmin=-7.62, Lmax=-3.09
11:35:28 [ultranest] [DEBUG] iteration=2376, ncalls=13224, regioncalls=513520, ndraw=40, logz=-15.20, remainder_fraction=95.2477%, Lmin=-7.51, Lmax=-3.09
11:35:28 [ultranest] [DEBUG] iteration=2389, ncalls=13268, regioncalls=515320, ndraw=40, logz=-15.13, remainder_fraction=94.8999%, Lmin=-7.44, Lmax=-3.09
11:35:28 [ultranest] [DEBUG] iteration=2400, ncalls=13316, regioncalls=517280, ndraw=40, logz=-15.07, remainder_fraction=94.5873%, Lmin=-7.36, Lmax=-3.09
11:35:28 [ultranest] [DEBUG] iteration=2410, ncalls=13358, regioncalls=518960, ndraw=40, logz=-15.01, remainder_fraction=94.3686%, Lmin=-7.30, Lmax=-3.09
11:35:28 [ultranest] [DEBUG] iteration=2424, ncalls=13408, regioncalls=520960, ndraw=40, logz=-14.93, remainder_fraction=94.0109%, Lmin=-7.16, Lmax=-3.09
11:35:28 [ultranest] [DEBUG] iteration=2440, ncalls=13445, regioncalls=522440, ndraw=40, logz=-14.84, remainder_fraction=93.4621%, Lmin=-7.02, Lmax=-3.09
11:35:28 [ultranest] [DEBUG] iteration=2454, ncalls=13495, regioncalls=524440, ndraw=40, logz=-14.77, remainder_fraction=93.0454%, Lmin=-6.90, Lmax=-3.09
11:35:28 [ultranest] [DEBUG] iteration=2465, ncalls=13542, regioncalls=526320, ndraw=40, logz=-14.70, remainder_fraction=92.5540%, Lmin=-6.83, Lmax=-3.09
11:35:28 [ultranest] [DEBUG] iteration=2480, ncalls=13578, regioncalls=527760, ndraw=40, logz=-14.62, remainder_fraction=91.9555%, Lmin=-6.72, Lmax=-3.09
11:35:28 [ultranest] [DEBUG] iteration=2494, ncalls=13618, regioncalls=529360, ndraw=40, logz=-14.55, remainder_fraction=91.3656%, Lmin=-6.65, Lmax=-3.09
11:35:29 [ultranest] [DEBUG] iteration=2509, ncalls=13665, regioncalls=531240, ndraw=40, logz=-14.48, remainder_fraction=90.6811%, Lmin=-6.59, Lmax=-3.09
11:35:29 [ultranest] [DEBUG] iteration=2520, ncalls=13707, regioncalls=532920, ndraw=40, logz=-14.42, remainder_fraction=90.1560%, Lmin=-6.53, Lmax=-3.09
11:35:29 [ultranest] [DEBUG] iteration=2536, ncalls=13760, regioncalls=535040, ndraw=40, logz=-14.35, remainder_fraction=89.3867%, Lmin=-6.40, Lmax=-3.09
11:35:29 [ultranest] [DEBUG] iteration=2547, ncalls=13812, regioncalls=537120, ndraw=40, logz=-14.29, remainder_fraction=88.8092%, Lmin=-6.33, Lmax=-3.09
11:35:29 [ultranest] [DEBUG] iteration=2556, ncalls=13855, regioncalls=538840, ndraw=40, logz=-14.25, remainder_fraction=88.2111%, Lmin=-6.29, Lmax=-3.09
11:35:29 [ultranest] [DEBUG] iteration=2560, ncalls=13871, regioncalls=539480, ndraw=40, logz=-14.23, remainder_fraction=88.1431%, Lmin=-6.27, Lmax=-3.09
11:35:29 [ultranest] [DEBUG] iteration=2572, ncalls=13918, regioncalls=541360, ndraw=40, logz=-14.18, remainder_fraction=87.3752%, Lmin=-6.22, Lmax=-3.09
11:35:29 [ultranest] [DEBUG] iteration=2588, ncalls=13966, regioncalls=543280, ndraw=40, logz=-14.11, remainder_fraction=86.5737%, Lmin=-6.11, Lmax=-3.09
11:35:29 [ultranest] [DEBUG] iteration=2600, ncalls=14015, regioncalls=545240, ndraw=40, logz=-14.06, remainder_fraction=86.3094%, Lmin=-6.04, Lmax=-3.09
11:35:29 [ultranest] [DEBUG] iteration=2612, ncalls=14060, regioncalls=547040, ndraw=40, logz=-14.01, remainder_fraction=85.6276%, Lmin=-6.00, Lmax=-3.09
11:35:30 [ultranest] [DEBUG] iteration=2622, ncalls=14098, regioncalls=548680, ndraw=40, logz=-13.97, remainder_fraction=84.8439%, Lmin=-5.96, Lmax=-3.09
11:35:30 [ultranest] [DEBUG] iteration=2634, ncalls=14141, regioncalls=550400, ndraw=40, logz=-13.93, remainder_fraction=84.3782%, Lmin=-5.91, Lmax=-3.09
11:35:30 [ultranest] [DEBUG] iteration=2640, ncalls=14161, regioncalls=551200, ndraw=40, logz=-13.90, remainder_fraction=84.0562%, Lmin=-5.89, Lmax=-3.09
11:35:30 [ultranest] [DEBUG] iteration=2660, ncalls=14202, regioncalls=552840, ndraw=40, logz=-13.83, remainder_fraction=82.6955%, Lmin=-5.79, Lmax=-3.09
11:35:30 [ultranest] [DEBUG] iteration=2674, ncalls=14248, regioncalls=554680, ndraw=40, logz=-13.78, remainder_fraction=81.5386%, Lmin=-5.71, Lmax=-3.09
11:35:30 [ultranest] [DEBUG] iteration=2680, ncalls=14266, regioncalls=555400, ndraw=40, logz=-13.76, remainder_fraction=81.1161%, Lmin=-5.68, Lmax=-3.09
11:35:30 [ultranest] [DEBUG] iteration=2696, ncalls=14305, regioncalls=557000, ndraw=40, logz=-13.70, remainder_fraction=80.0147%, Lmin=-5.59, Lmax=-3.09
11:35:30 [ultranest] [DEBUG] iteration=2713, ncalls=14341, regioncalls=558440, ndraw=40, logz=-13.65, remainder_fraction=78.7221%, Lmin=-5.52, Lmax=-3.09
11:35:30 [ultranest] [DEBUG] iteration=2720, ncalls=14360, regioncalls=559200, ndraw=40, logz=-13.62, remainder_fraction=78.2866%, Lmin=-5.48, Lmax=-3.09
11:35:30 [ultranest] [DEBUG] iteration=2734, ncalls=14405, regioncalls=561080, ndraw=40, logz=-13.58, remainder_fraction=77.2564%, Lmin=-5.40, Lmax=-3.09
11:35:30 [ultranest] [DEBUG] iteration=2748, ncalls=14447, regioncalls=562760, ndraw=40, logz=-13.53, remainder_fraction=76.2742%, Lmin=-5.33, Lmax=-3.07
11:35:31 [ultranest] [DEBUG] iteration=2760, ncalls=14468, regioncalls=563680, ndraw=40, logz=-13.49, remainder_fraction=75.2519%, Lmin=-5.24, Lmax=-3.07
11:35:31 [ultranest] [DEBUG] iteration=2770, ncalls=14497, regioncalls=564880, ndraw=40, logz=-13.46, remainder_fraction=74.3292%, Lmin=-5.22, Lmax=-3.07
11:35:31 [ultranest] [DEBUG] iteration=2785, ncalls=14536, regioncalls=566440, ndraw=40, logz=-13.41, remainder_fraction=73.1721%, Lmin=-5.11, Lmax=-3.07
11:35:31 [ultranest] [DEBUG] iteration=2800, ncalls=14573, regioncalls=567920, ndraw=40, logz=-13.36, remainder_fraction=71.8064%, Lmin=-5.04, Lmax=-3.07
11:35:31 [ultranest] [DEBUG] iteration=2815, ncalls=14619, regioncalls=569760, ndraw=40, logz=-13.32, remainder_fraction=70.3272%, Lmin=-4.99, Lmax=-3.07
11:35:31 [ultranest] [DEBUG] iteration=2833, ncalls=14662, regioncalls=571480, ndraw=40, logz=-13.27, remainder_fraction=68.7275%, Lmin=-4.95, Lmax=-3.06
11:35:31 [ultranest] [DEBUG] iteration=2840, ncalls=14677, regioncalls=572080, ndraw=40, logz=-13.25, remainder_fraction=68.0572%, Lmin=-4.92, Lmax=-3.06
11:35:31 [ultranest] [DEBUG] iteration=2844, ncalls=14685, regioncalls=572440, ndraw=40, logz=-13.23, remainder_fraction=67.6611%, Lmin=-4.90, Lmax=-3.06
11:35:31 [ultranest] [DEBUG] iteration=2859, ncalls=14728, regioncalls=574200, ndraw=40, logz=-13.19, remainder_fraction=66.2566%, Lmin=-4.84, Lmax=-3.06
11:35:31 [ultranest] [DEBUG] iteration=2878, ncalls=14768, regioncalls=575800, ndraw=40, logz=-13.14, remainder_fraction=64.8723%, Lmin=-4.79, Lmax=-3.06
11:35:31 [ultranest] [DEBUG] iteration=2880, ncalls=14774, regioncalls=576040, ndraw=40, logz=-13.14, remainder_fraction=64.6523%, Lmin=-4.78, Lmax=-3.06
11:35:31 [ultranest] [DEBUG] iteration=2897, ncalls=14817, regioncalls=577800, ndraw=40, logz=-13.10, remainder_fraction=63.1221%, Lmin=-4.74, Lmax=-3.06
11:35:32 [ultranest] [DEBUG] iteration=2912, ncalls=14860, regioncalls=579520, ndraw=40, logz=-13.06, remainder_fraction=61.5453%, Lmin=-4.70, Lmax=-3.06
11:35:32 [ultranest] [DEBUG] iteration=2920, ncalls=14882, regioncalls=580400, ndraw=40, logz=-13.04, remainder_fraction=60.8568%, Lmin=-4.67, Lmax=-3.06
11:35:32 [ultranest] [DEBUG] iteration=2936, ncalls=14922, regioncalls=582000, ndraw=40, logz=-13.01, remainder_fraction=59.2856%, Lmin=-4.64, Lmax=-3.06
11:35:32 [ultranest] [DEBUG] iteration=2955, ncalls=14963, regioncalls=583640, ndraw=40, logz=-12.97, remainder_fraction=57.9975%, Lmin=-4.58, Lmax=-3.06
11:35:32 [ultranest] [DEBUG] iteration=2960, ncalls=14976, regioncalls=584160, ndraw=40, logz=-12.96, remainder_fraction=57.5963%, Lmin=-4.57, Lmax=-3.06
11:35:32 [ultranest] [DEBUG] iteration=2974, ncalls=15021, regioncalls=585960, ndraw=40, logz=-12.93, remainder_fraction=56.5452%, Lmin=-4.52, Lmax=-3.06
11:35:32 [ultranest] [DEBUG] iteration=2992, ncalls=15060, regioncalls=587560, ndraw=40, logz=-12.89, remainder_fraction=54.8096%, Lmin=-4.45, Lmax=-3.06
11:35:32 [ultranest] [DEBUG] iteration=3000, ncalls=15078, regioncalls=588320, ndraw=40, logz=-12.88, remainder_fraction=54.2141%, Lmin=-4.42, Lmax=-3.06
11:35:32 [ultranest] [DEBUG] iteration=3018, ncalls=15113, regioncalls=589760, ndraw=40, logz=-12.84, remainder_fraction=52.6169%, Lmin=-4.38, Lmax=-3.06
11:35:32 [ultranest] [DEBUG] iteration=3032, ncalls=15160, regioncalls=591640, ndraw=40, logz=-12.82, remainder_fraction=51.5538%, Lmin=-4.35, Lmax=-3.06
11:35:32 [ultranest] [DEBUG] iteration=3040, ncalls=15176, regioncalls=592280, ndraw=40, logz=-12.80, remainder_fraction=50.8029%, Lmin=-4.33, Lmax=-3.06
11:35:32 [ultranest] [DEBUG] iteration=3061, ncalls=15217, regioncalls=593920, ndraw=40, logz=-12.77, remainder_fraction=48.9432%, Lmin=-4.29, Lmax=-3.06
11:35:32 [ultranest] [DEBUG] iteration=3066, ncalls=15229, regioncalls=594480, ndraw=40, logz=-12.76, remainder_fraction=48.6365%, Lmin=-4.28, Lmax=-3.06
11:35:33 [ultranest] [DEBUG] iteration=3079, ncalls=15273, regioncalls=596240, ndraw=40, logz=-12.74, remainder_fraction=47.6873%, Lmin=-4.25, Lmax=-3.03
11:35:33 [ultranest] [DEBUG] iteration=3080, ncalls=15275, regioncalls=596320, ndraw=40, logz=-12.74, remainder_fraction=47.6404%, Lmin=-4.25, Lmax=-3.03
11:35:33 [ultranest] [DEBUG] iteration=3095, ncalls=15311, regioncalls=597760, ndraw=40, logz=-12.71, remainder_fraction=46.4777%, Lmin=-4.21, Lmax=-3.03
11:35:33 [ultranest] [DEBUG] iteration=3111, ncalls=15355, regioncalls=599520, ndraw=40, logz=-12.69, remainder_fraction=45.1871%, Lmin=-4.17, Lmax=-3.03
11:35:33 [ultranest] [DEBUG] iteration=3120, ncalls=15372, regioncalls=600200, ndraw=40, logz=-12.68, remainder_fraction=44.3620%, Lmin=-4.14, Lmax=-3.03
11:35:33 [ultranest] [DEBUG] iteration=3133, ncalls=15422, regioncalls=602200, ndraw=40, logz=-12.66, remainder_fraction=43.2157%, Lmin=-4.11, Lmax=-3.03
11:35:33 [ultranest] [DEBUG] iteration=3140, ncalls=15435, regioncalls=602760, ndraw=40, logz=-12.65, remainder_fraction=42.7433%, Lmin=-4.08, Lmax=-3.03
11:35:33 [ultranest] [DEBUG] iteration=3157, ncalls=15473, regioncalls=604320, ndraw=40, logz=-12.62, remainder_fraction=41.3443%, Lmin=-4.06, Lmax=-3.03
11:35:33 [ultranest] [DEBUG] iteration=3160, ncalls=15478, regioncalls=604520, ndraw=40, logz=-12.62, remainder_fraction=41.1215%, Lmin=-4.06, Lmax=-3.03
11:35:33 [ultranest] [DEBUG] iteration=3178, ncalls=15518, regioncalls=606120, ndraw=40, logz=-12.60, remainder_fraction=39.7625%, Lmin=-4.02, Lmax=-3.03
11:35:33 [ultranest] [DEBUG] iteration=3193, ncalls=15564, regioncalls=607960, ndraw=40, logz=-12.58, remainder_fraction=38.6823%, Lmin=-3.97, Lmax=-3.03
11:35:33 [ultranest] [DEBUG] iteration=3200, ncalls=15583, regioncalls=608720, ndraw=40, logz=-12.57, remainder_fraction=38.1289%, Lmin=-3.95, Lmax=-3.03
11:35:33 [ultranest] [DEBUG] iteration=3214, ncalls=15607, regioncalls=609720, ndraw=40, logz=-12.55, remainder_fraction=37.0479%, Lmin=-3.92, Lmax=-3.03
11:35:34 [ultranest] [DEBUG] iteration=3233, ncalls=15643, regioncalls=611200, ndraw=40, logz=-12.53, remainder_fraction=35.5827%, Lmin=-3.90, Lmax=-3.03
11:35:34 [ultranest] [DEBUG] iteration=3240, ncalls=15661, regioncalls=611920, ndraw=40, logz=-12.52, remainder_fraction=35.0443%, Lmin=-3.88, Lmax=-3.03
11:35:34 [ultranest] [DEBUG] iteration=3262, ncalls=15700, regioncalls=613480, ndraw=40, logz=-12.50, remainder_fraction=33.4319%, Lmin=-3.85, Lmax=-3.03
11:35:34 [ultranest] [DEBUG] iteration=3280, ncalls=15736, regioncalls=614920, ndraw=40, logz=-12.48, remainder_fraction=32.1781%, Lmin=-3.82, Lmax=-3.03
11:35:34 [ultranest] [DEBUG] iteration=3298, ncalls=15769, regioncalls=616240, ndraw=40, logz=-12.46, remainder_fraction=30.9675%, Lmin=-3.80, Lmax=-3.03
11:35:34 [ultranest] [DEBUG] iteration=3315, ncalls=15807, regioncalls=617760, ndraw=40, logz=-12.44, remainder_fraction=29.7360%, Lmin=-3.78, Lmax=-3.03
11:35:34 [ultranest] [DEBUG] iteration=3320, ncalls=15819, regioncalls=618240, ndraw=40, logz=-12.44, remainder_fraction=29.4143%, Lmin=-3.77, Lmax=-3.03
11:35:34 [ultranest] [DEBUG] iteration=3341, ncalls=15864, regioncalls=620040, ndraw=40, logz=-12.42, remainder_fraction=28.0211%, Lmin=-3.74, Lmax=-3.03
11:35:34 [ultranest] [DEBUG] iteration=3357, ncalls=15907, regioncalls=621760, ndraw=40, logz=-12.41, remainder_fraction=27.0925%, Lmin=-3.72, Lmax=-3.03
11:35:34 [ultranest] [DEBUG] iteration=3360, ncalls=15917, regioncalls=622160, ndraw=40, logz=-12.40, remainder_fraction=26.9079%, Lmin=-3.72, Lmax=-3.03
11:35:34 [ultranest] [DEBUG] iteration=3362, ncalls=15921, regioncalls=622360, ndraw=40, logz=-12.40, remainder_fraction=26.7889%, Lmin=-3.72, Lmax=-3.03
11:35:34 [ultranest] [DEBUG] iteration=3377, ncalls=15961, regioncalls=624000, ndraw=40, logz=-12.39, remainder_fraction=25.9147%, Lmin=-3.68, Lmax=-3.03
11:35:34 [ultranest] [DEBUG] iteration=3392, ncalls=15999, regioncalls=625520, ndraw=40, logz=-12.38, remainder_fraction=25.0403%, Lmin=-3.66, Lmax=-3.03
11:35:35 [ultranest] [DEBUG] iteration=3400, ncalls=16025, regioncalls=626560, ndraw=40, logz=-12.37, remainder_fraction=24.6046%, Lmin=-3.65, Lmax=-3.03
11:35:35 [ultranest] [DEBUG] iteration=3418, ncalls=16066, regioncalls=628200, ndraw=40, logz=-12.36, remainder_fraction=23.5214%, Lmin=-3.63, Lmax=-3.03
11:35:35 [ultranest] [DEBUG] iteration=3430, ncalls=16111, regioncalls=630000, ndraw=40, logz=-12.35, remainder_fraction=22.8759%, Lmin=-3.61, Lmax=-3.03
11:35:35 [ultranest] [DEBUG] iteration=3436, ncalls=16124, regioncalls=630560, ndraw=40, logz=-12.35, remainder_fraction=22.5440%, Lmin=-3.61, Lmax=-3.03
11:35:35 [ultranest] [DEBUG] iteration=3440, ncalls=16131, regioncalls=630840, ndraw=40, logz=-12.34, remainder_fraction=22.3120%, Lmin=-3.60, Lmax=-3.03
11:35:35 [ultranest] [DEBUG] iteration=3455, ncalls=16168, regioncalls=632320, ndraw=40, logz=-12.33, remainder_fraction=21.5476%, Lmin=-3.58, Lmax=-3.03
11:35:35 [ultranest] [DEBUG] iteration=3474, ncalls=16206, regioncalls=633840, ndraw=40, logz=-12.32, remainder_fraction=20.5771%, Lmin=-3.56, Lmax=-3.03
11:35:35 [ultranest] [DEBUG] iteration=3480, ncalls=16221, regioncalls=634440, ndraw=40, logz=-12.32, remainder_fraction=20.2758%, Lmin=-3.55, Lmax=-3.03
11:35:35 [ultranest] [DEBUG] iteration=3494, ncalls=16265, regioncalls=636200, ndraw=40, logz=-12.31, remainder_fraction=19.5856%, Lmin=-3.54, Lmax=-3.03
11:35:35 [ultranest] [DEBUG] iteration=3510, ncalls=16296, regioncalls=637560, ndraw=40, logz=-12.30, remainder_fraction=18.8333%, Lmin=-3.52, Lmax=-3.03
11:35:35 [ultranest] [DEBUG] iteration=3520, ncalls=16323, regioncalls=638640, ndraw=40, logz=-12.29, remainder_fraction=18.3466%, Lmin=-3.51, Lmax=-3.03
11:35:35 [ultranest] [DEBUG] iteration=3538, ncalls=16362, regioncalls=640200, ndraw=40, logz=-12.28, remainder_fraction=17.5671%, Lmin=-3.50, Lmax=-3.03
11:35:36 [ultranest] [DEBUG] iteration=3559, ncalls=16401, regioncalls=641760, ndraw=40, logz=-12.27, remainder_fraction=16.6496%, Lmin=-3.48, Lmax=-3.03
11:35:36 [ultranest] [DEBUG] iteration=3560, ncalls=16404, regioncalls=641880, ndraw=40, logz=-12.27, remainder_fraction=16.6187%, Lmin=-3.48, Lmax=-3.03
11:35:36 [ultranest] [DEBUG] iteration=3575, ncalls=16448, regioncalls=643640, ndraw=40, logz=-12.27, remainder_fraction=15.9967%, Lmin=-3.47, Lmax=-3.03
11:35:36 [ultranest] [DEBUG] iteration=3584, ncalls=16471, regioncalls=644600, ndraw=40, logz=-12.26, remainder_fraction=15.6470%, Lmin=-3.46, Lmax=-3.03
11:35:36 [ultranest] [DEBUG] iteration=3600, ncalls=16492, regioncalls=645440, ndraw=40, logz=-12.25, remainder_fraction=15.0099%, Lmin=-3.45, Lmax=-3.03
11:35:36 [ultranest] [DEBUG] iteration=3618, ncalls=16529, regioncalls=646920, ndraw=40, logz=-12.25, remainder_fraction=14.3730%, Lmin=-3.43, Lmax=-3.03
11:35:36 [ultranest] [DEBUG] iteration=3637, ncalls=16569, regioncalls=648520, ndraw=40, logz=-12.24, remainder_fraction=13.6931%, Lmin=-3.42, Lmax=-3.03
11:35:36 [ultranest] [DEBUG] iteration=3640, ncalls=16572, regioncalls=648640, ndraw=40, logz=-12.24, remainder_fraction=13.5848%, Lmin=-3.41, Lmax=-3.03
11:35:36 [ultranest] [DEBUG] iteration=3657, ncalls=16613, regioncalls=650280, ndraw=40, logz=-12.23, remainder_fraction=12.9949%, Lmin=-3.40, Lmax=-3.03
11:35:36 [ultranest] [DEBUG] iteration=3672, ncalls=16647, regioncalls=651640, ndraw=40, logz=-12.22, remainder_fraction=12.5053%, Lmin=-3.39, Lmax=-3.03
11:35:36 [ultranest] [DEBUG] iteration=3680, ncalls=16679, regioncalls=652920, ndraw=40, logz=-12.22, remainder_fraction=12.2337%, Lmin=-3.38, Lmax=-3.03
11:35:36 [ultranest] [DEBUG] iteration=3698, ncalls=16717, regioncalls=654440, ndraw=40, logz=-12.21, remainder_fraction=11.6679%, Lmin=-3.37, Lmax=-3.03
11:35:36 [ultranest] [DEBUG] iteration=3717, ncalls=16761, regioncalls=656200, ndraw=40, logz=-12.21, remainder_fraction=11.0971%, Lmin=-3.36, Lmax=-3.03
11:35:36 [ultranest] [DEBUG] iteration=3720, ncalls=16766, regioncalls=656400, ndraw=40, logz=-12.21, remainder_fraction=11.0124%, Lmin=-3.36, Lmax=-3.03
11:35:37 [ultranest] [DEBUG] iteration=3738, ncalls=16800, regioncalls=657760, ndraw=40, logz=-12.20, remainder_fraction=10.4905%, Lmin=-3.34, Lmax=-3.03
11:35:37 [ultranest] [DEBUG] iteration=3756, ncalls=16836, regioncalls=659200, ndraw=40, logz=-12.20, remainder_fraction=10.0057%, Lmin=-3.33, Lmax=-3.03
11:35:37 [ultranest] [DEBUG] iteration=3760, ncalls=16841, regioncalls=659400, ndraw=40, logz=-12.20, remainder_fraction=9.9008%, Lmin=-3.33, Lmax=-3.03
11:35:37 [ultranest] [DEBUG] iteration=3776, ncalls=16884, regioncalls=661120, ndraw=40, logz=-12.19, remainder_fraction=9.4853%, Lmin=-3.32, Lmax=-3.03
11:35:37 [ultranest] [DEBUG] iteration=3793, ncalls=16926, regioncalls=662800, ndraw=40, logz=-12.19, remainder_fraction=9.0646%, Lmin=-3.31, Lmax=-3.02
11:35:37 [ultranest] [DEBUG] iteration=3800, ncalls=16942, regioncalls=663440, ndraw=40, logz=-12.18, remainder_fraction=8.8879%, Lmin=-3.30, Lmax=-3.02
11:35:37 [ultranest] [DEBUG] iteration=3806, ncalls=16954, regioncalls=664000, ndraw=40, logz=-12.18, remainder_fraction=8.7359%, Lmin=-3.30, Lmax=-3.02
11:35:37 [ultranest] [DEBUG] iteration=3832, ncalls=16987, regioncalls=665320, ndraw=40, logz=-12.18, remainder_fraction=8.1251%, Lmin=-3.28, Lmax=-3.02
11:35:37 [ultranest] [DEBUG] iteration=3840, ncalls=17007, regioncalls=666120, ndraw=40, logz=-12.17, remainder_fraction=7.9534%, Lmin=-3.28, Lmax=-3.02
11:35:37 [ultranest] [DEBUG] iteration=3861, ncalls=17049, regioncalls=667800, ndraw=40, logz=-12.17, remainder_fraction=7.5099%, Lmin=-3.27, Lmax=-3.02
11:35:37 [ultranest] [DEBUG] iteration=3880, ncalls=17085, regioncalls=669320, ndraw=40, logz=-12.16, remainder_fraction=7.1328%, Lmin=-3.26, Lmax=-3.02
11:35:37 [ultranest] [DEBUG] iteration=3899, ncalls=17121, regioncalls=670760, ndraw=40, logz=-12.16, remainder_fraction=6.7780%, Lmin=-3.25, Lmax=-3.02
11:35:38 [ultranest] [DEBUG] iteration=3917, ncalls=17161, regioncalls=672360, ndraw=40, logz=-12.16, remainder_fraction=6.4465%, Lmin=-3.24, Lmax=-3.02
11:35:38 [ultranest] [DEBUG] iteration=3920, ncalls=17167, regioncalls=672600, ndraw=40, logz=-12.16, remainder_fraction=6.3949%, Lmin=-3.24, Lmax=-3.02
11:35:38 [ultranest] [DEBUG] iteration=3941, ncalls=17208, regioncalls=674240, ndraw=40, logz=-12.15, remainder_fraction=6.0352%, Lmin=-3.23, Lmax=-3.02
11:35:38 [ultranest] [DEBUG] iteration=3954, ncalls=17237, regioncalls=675480, ndraw=40, logz=-12.15, remainder_fraction=5.8191%, Lmin=-3.23, Lmax=-3.02
11:35:38 [ultranest] [DEBUG] iteration=3960, ncalls=17244, regioncalls=675760, ndraw=40, logz=-12.15, remainder_fraction=5.7194%, Lmin=-3.23, Lmax=-3.02
11:35:38 [ultranest] [DEBUG] iteration=3983, ncalls=17278, regioncalls=677120, ndraw=40, logz=-12.15, remainder_fraction=5.3642%, Lmin=-3.22, Lmax=-3.02
11:35:38 [ultranest] [DEBUG] iteration=4000, ncalls=17302, regioncalls=678080, ndraw=40, logz=-12.14, remainder_fraction=5.1105%, Lmin=-3.21, Lmax=-3.02
11:35:38 [ultranest] [DEBUG] iteration=4021, ncalls=17344, regioncalls=679760, ndraw=40, logz=-12.14, remainder_fraction=4.8181%, Lmin=-3.20, Lmax=-3.02
11:35:38 [ultranest] [DEBUG] iteration=4028, ncalls=17355, regioncalls=680240, ndraw=40, logz=-12.14, remainder_fraction=4.7232%, Lmin=-3.20, Lmax=-3.02
11:35:38 [ultranest] [DEBUG] iteration=4040, ncalls=17375, regioncalls=681040, ndraw=40, logz=-12.14, remainder_fraction=4.5664%, Lmin=-3.20, Lmax=-3.02
11:35:38 [ultranest] [DEBUG] iteration=4061, ncalls=17410, regioncalls=682440, ndraw=40, logz=-12.13, remainder_fraction=4.3042%, Lmin=-3.19, Lmax=-3.02
11:35:38 [ultranest] [DEBUG] iteration=4080, ncalls=17442, regioncalls=683720, ndraw=40, logz=-12.13, remainder_fraction=4.0781%, Lmin=-3.19, Lmax=-3.02
11:35:38 [ultranest] [DEBUG] iteration=4101, ncalls=17482, regioncalls=685320, ndraw=40, logz=-12.13, remainder_fraction=3.8426%, Lmin=-3.18, Lmax=-3.02
11:35:39 [ultranest] [DEBUG] iteration=4118, ncalls=17512, regioncalls=686520, ndraw=40, logz=-12.13, remainder_fraction=3.6614%, Lmin=-3.18, Lmax=-3.02
11:35:39 [ultranest] [DEBUG] iteration=4120, ncalls=17515, regioncalls=686640, ndraw=40, logz=-12.13, remainder_fraction=3.6407%, Lmin=-3.18, Lmax=-3.02
11:35:39 [ultranest] [DEBUG] iteration=4139, ncalls=17559, regioncalls=688400, ndraw=40, logz=-12.13, remainder_fraction=3.4467%, Lmin=-3.17, Lmax=-3.02
11:35:39 [ultranest] [DEBUG] iteration=4157, ncalls=17600, regioncalls=690040, ndraw=40, logz=-12.12, remainder_fraction=3.2735%, Lmin=-3.17, Lmax=-3.02
11:35:39 [ultranest] [DEBUG] iteration=4160, ncalls=17607, regioncalls=690320, ndraw=40, logz=-12.12, remainder_fraction=3.2445%, Lmin=-3.17, Lmax=-3.02
11:35:39 [ultranest] [DEBUG] iteration=4177, ncalls=17645, regioncalls=691840, ndraw=40, logz=-12.12, remainder_fraction=3.0917%, Lmin=-3.16, Lmax=-3.02
11:35:39 [ultranest] [DEBUG] iteration=4193, ncalls=17687, regioncalls=693520, ndraw=40, logz=-12.12, remainder_fraction=2.9559%, Lmin=-3.16, Lmax=-3.02
11:35:39 [ultranest] [DEBUG] iteration=4200, ncalls=17697, regioncalls=693920, ndraw=40, logz=-12.12, remainder_fraction=2.8989%, Lmin=-3.16, Lmax=-3.02
11:35:39 [ultranest] [DEBUG] iteration=4222, ncalls=17737, regioncalls=695520, ndraw=40, logz=-12.12, remainder_fraction=2.7216%, Lmin=-3.15, Lmax=-3.02
11:35:39 [ultranest] [DEBUG] iteration=4240, ncalls=17773, regioncalls=696960, ndraw=40, logz=-12.12, remainder_fraction=2.5851%, Lmin=-3.15, Lmax=-3.02
11:35:39 [ultranest] [DEBUG] iteration=4250, ncalls=17794, regioncalls=697920, ndraw=40, logz=-12.12, remainder_fraction=2.5112%, Lmin=-3.14, Lmax=-3.02
11:35:39 [ultranest] [DEBUG] iteration=4271, ncalls=17831, regioncalls=699440, ndraw=40, logz=-12.11, remainder_fraction=2.3632%, Lmin=-3.14, Lmax=-3.02
11:35:39 [ultranest] [DEBUG] iteration=4280, ncalls=17847, regioncalls=700080, ndraw=40, logz=-12.11, remainder_fraction=2.3033%, Lmin=-3.14, Lmax=-3.02
11:35:40 [ultranest] [DEBUG] iteration=4304, ncalls=17888, regioncalls=701720, ndraw=40, logz=-12.11, remainder_fraction=2.1480%, Lmin=-3.13, Lmax=-3.02
11:35:40 [ultranest] [DEBUG] iteration=4320, ncalls=17919, regioncalls=702960, ndraw=40, logz=-12.11, remainder_fraction=2.0505%, Lmin=-3.13, Lmax=-3.02
11:35:40 [ultranest] [DEBUG] iteration=4324, ncalls=17926, regioncalls=703280, ndraw=40, logz=-12.11, remainder_fraction=2.0274%, Lmin=-3.13, Lmax=-3.02
11:35:40 [ultranest] [DEBUG] iteration=4344, ncalls=17961, regioncalls=704840, ndraw=40, logz=-12.11, remainder_fraction=1.9128%, Lmin=-3.12, Lmax=-3.02
11:35:40 [ultranest] [DEBUG] iteration=4360, ncalls=17987, regioncalls=705880, ndraw=40, logz=-12.11, remainder_fraction=1.8264%, Lmin=-3.12, Lmax=-3.02
11:35:40 [ultranest] [INFO] Explored until L=-3  
11:35:40 [ultranest] [INFO] Likelihood function evaluations: 17993
11:35:41 [ultranest] [INFO] Writing samples and results to disk ...
11:35:41 [ultranest] [INFO] Writing samples and results to disk ... done
11:35:41 [ultranest] [DEBUG] did a run_iter pass!
11:35:41 [ultranest] [INFO]   logZ = -12.1 +- 0.1252
11:35:41 [ultranest] [INFO] Effective samples strategy satisfied (ESS = 1648.1, need >400)
11:35:41 [ultranest] [INFO] Posterior uncertainty strategy is satisfied (KL: 0.47+-0.07 nat, need <0.50 nat)
11:35:41 [ultranest] [INFO] Evidency uncertainty strategy is satisfied (dlogz=0.13, need <0.5)
11:35:41 [ultranest] [INFO]   logZ error budget: single: 0.15 bs:0.13 tail:0.02 total:0.13 required:<0.50
11:35:41 [ultranest] [INFO] done iterating.
11:35:41 [ultranest] [DEBUG] Making corner plot ...
11:35:43 [ultranest] [DEBUG] Making corner plot ... done
11:35:43 [ultranest] [DEBUG] Making run plot ... 
11:35:43 [ultranest] [DEBUG] Making run plot ... done
11:35:43 [ultranest] [DEBUG] Making trace plot ... 
11:35:45 [ultranest] [DEBUG] Making trace plot ... done
